{
  "uid" : "6bf3c00566444cd8",
  "name" : "Select a random card from \"Similar phrases\" group and compare UI vs BACKEND data",
  "fullName" : "tests.test_speech_exercises_en.TestCardsEN#test_random_cards_in_similar_phrases_en",
  "historyId" : "106afe14e1824ad4b55b346a52794d4b",
  "time" : {
    "start" : 1746927122761,
    "stop" : 1746927143413,
    "duration" : 20652
  },
  "status" : "skipped",
  "statusMessage" : "XFAIL\n\nselenium.common.exceptions.TimeoutException: Message: Can't find element by locator ('xpath', '//button[@data-test-active-link=\"Similar phrases\"]')\nStacktrace:\n#0 0x560bfa8237fa <unknown>\n#1 0x560bfa2c7e90 <unknown>\n#2 0x560bfa319870 <unknown>\n#3 0x560bfa319a61 <unknown>\n#4 0x560bfa367cb4 <unknown>\n#5 0x560bfa33f26d <unknown>\n#6 0x560bfa365135 <unknown>\n#7 0x560bfa33f013 <unknown>\n#8 0x560bfa30bb3b <unknown>\n#9 0x560bfa30c7a1 <unknown>\n#10 0x560bfa7e8b9b <unknown>\n#11 0x560bfa7eca8a <unknown>\n#12 0x560bfa7d0912 <unknown>\n#13 0x560bfa7ed604 <unknown>\n#14 0x560bfa7b574f <unknown>\n#15 0x560bfa811678 <unknown>\n#16 0x560bfa811856 <unknown>\n#17 0x560bfa822666 <unknown>\n#18 0x7efc4e49caa4 <unknown>\n#19 0x7efc4e529c3c <unknown>",
  "statusTrace" : "self = <tests.test_speech_exercises_en.TestCardsEN object at 0x7f98d3324830>\ndriver = <selenium.webdriver.chrome.webdriver.WebDriver (session=\"cd0732e5df2dcc0617daa1820face848\")>\nspecialist_user_authorized = None\n\n    @pytest.mark.xfail\n    @allure.suite(\"Speech exercises EN.\")\n    @allure.title('Select a random card from \"Similar phrases\" group and compare UI vs BACKEND data')\n    def test_random_cards_in_similar_phrases_en(self, driver, specialist_user_authorized):\n        page = SpeechExercisesPage(driver)\n>       page.select_group(SpeechExercisesPageLocators.SIMILAR_PHRASES_EN)\n\ntests/test_speech_exercises_en.py:57: \n_ _ _ _ _ _ _ _ _ _ _ _ _ _ _ _ _ _ _ _ _ _ _ _ _ _ _ _ _ _ _ _ _ _ _ _ _ _ _ _ \npages/speech_exercises_page_en.py:18: in select_group\n    text_of_the_button = self.element_is_present_and_clickable(selector_for_sub_group)\npages/base_page.py:40: in element_is_present_and_clickable\n    return (Wait(self.driver, self.timeout).until(\n_ _ _ _ _ _ _ _ _ _ _ _ _ _ _ _ _ _ _ _ _ _ _ _ _ _ _ _ _ _ _ _ _ _ _ _ _ _ _ _ \n\nself = <selenium.webdriver.support.wait.WebDriverWait (session=\"cd0732e5df2dcc0617daa1820face848\")>\nmethod = <function visibility_of_element_located.<locals>._predicate at 0x7f98d325f380>\nmessage = 'Can\\'t find element by locator (\\'xpath\\', \\'//button[@data-test-active-link=\"Similar phrases\"]\\')'\n\n    def until(self, method, message: str = \"\"):\n        \"\"\"Calls the method provided with the driver as an argument until the \\\n        return value does not evaluate to ``False``.\n    \n        :param method: callable(WebDriver)\n        :param message: optional message for :exc:`TimeoutException`\n        :returns: the result of the last call to `method`\n        :raises: :exc:`selenium.common.exceptions.TimeoutException` if timeout occurs\n        \"\"\"\n        screen = None\n        stacktrace = None\n    \n        end_time = time.monotonic() + self._timeout\n        while True:\n            try:\n                value = method(self._driver)\n                if value:\n                    return value\n            except self._ignored_exceptions as exc:\n                screen = getattr(exc, \"screen\", None)\n                stacktrace = getattr(exc, \"stacktrace\", None)\n            time.sleep(self._poll)\n            if time.monotonic() > end_time:\n                break\n>       raise TimeoutException(message, screen, stacktrace)\nE       selenium.common.exceptions.TimeoutException: Message: Can't find element by locator ('xpath', '//button[@data-test-active-link=\"Similar phrases\"]')\nE       Stacktrace:\nE       #0 0x560bfa8237fa <unknown>\nE       #1 0x560bfa2c7e90 <unknown>\nE       #2 0x560bfa319870 <unknown>\nE       #3 0x560bfa319a61 <unknown>\nE       #4 0x560bfa367cb4 <unknown>\nE       #5 0x560bfa33f26d <unknown>\nE       #6 0x560bfa365135 <unknown>\nE       #7 0x560bfa33f013 <unknown>\nE       #8 0x560bfa30bb3b <unknown>\nE       #9 0x560bfa30c7a1 <unknown>\nE       #10 0x560bfa7e8b9b <unknown>\nE       #11 0x560bfa7eca8a <unknown>\nE       #12 0x560bfa7d0912 <unknown>\nE       #13 0x560bfa7ed604 <unknown>\nE       #14 0x560bfa7b574f <unknown>\nE       #15 0x560bfa811678 <unknown>\nE       #16 0x560bfa811856 <unknown>\nE       #17 0x560bfa822666 <unknown>\nE       #18 0x7efc4e49caa4 <unknown>\nE       #19 0x7efc4e529c3c <unknown>\n\n/opt/hostedtoolcache/Python/3.12.10/x64/lib/python3.12/site-packages/selenium/webdriver/support/wait.py:95: TimeoutException",
  "flaky" : false,
  "newFailed" : false,
  "beforeStages" : [ {
    "name" : "clear_allure_results_folder",
    "time" : {
      "start" : 1746925715110,
      "stop" : 1746925715110,
      "duration" : 0
    },
    "status" : "passed",
    "steps" : [ ],
    "attachments" : [ ],
    "parameters" : [ ],
    "stepsCount" : 0,
    "attachmentsCount" : 0,
    "shouldDisplayMessage" : false,
    "hasContent" : false
  }, {
    "name" : "main_page_open",
    "time" : {
      "start" : 1746927117073,
      "stop" : 1746927119786,
      "duration" : 2713
    },
    "status" : "passed",
    "steps" : [ {
      "name" : "Open page: https://www.brainup.site/",
      "time" : {
        "start" : 1746927117074,
        "stop" : 1746927119786,
        "duration" : 2712
      },
      "status" : "passed",
      "steps" : [ ],
      "attachments" : [ ],
      "parameters" : [ {
        "name" : "driver",
        "value" : "<selenium.webdriver.chrome.webdriver.WebDriver (session=\"cd0732e5df2dcc0617daa1820face848\")>"
      } ],
      "stepsCount" : 0,
      "attachmentsCount" : 0,
      "shouldDisplayMessage" : false,
      "hasContent" : true
    } ],
    "attachments" : [ ],
    "parameters" : [ ],
    "stepsCount" : 1,
    "attachmentsCount" : 0,
    "shouldDisplayMessage" : false,
    "hasContent" : true
  }, {
    "name" : "driver",
    "time" : {
      "start" : 1746927116253,
      "stop" : 1746927117073,
      "duration" : 820
    },
    "status" : "passed",
    "steps" : [ ],
    "attachments" : [ ],
    "parameters" : [ ],
    "stepsCount" : 0,
    "attachmentsCount" : 0,
    "shouldDisplayMessage" : false,
    "hasContent" : false
  }, {
    "name" : "specialist_user_authorized",
    "time" : {
      "start" : 1746927119786,
      "stop" : 1746927122761,
      "duration" : 2975
    },
    "status" : "passed",
    "steps" : [ {
      "name" : "USER specialist authorized",
      "time" : {
        "start" : 1746927119786,
        "stop" : 1746927122761,
        "duration" : 2975
      },
      "status" : "passed",
      "steps" : [ {
        "name" : "Check url is present: https://www.brainup.site/groups",
        "time" : {
          "start" : 1746927120205,
          "stop" : 1746927122739,
          "duration" : 2534
        },
        "status" : "passed",
        "steps" : [ ],
        "attachments" : [ ],
        "parameters" : [ ],
        "stepsCount" : 0,
        "attachmentsCount" : 0,
        "shouldDisplayMessage" : false,
        "hasContent" : false
      }, {
        "name" : "Loader checking",
        "time" : {
          "start" : 1746927122739,
          "stop" : 1746927122761,
          "duration" : 22
        },
        "status" : "passed",
        "steps" : [ ],
        "attachments" : [ ],
        "parameters" : [ ],
        "stepsCount" : 0,
        "attachmentsCount" : 0,
        "shouldDisplayMessage" : false,
        "hasContent" : false
      } ],
      "attachments" : [ ],
      "parameters" : [ {
        "name" : "driver",
        "value" : "<selenium.webdriver.chrome.webdriver.WebDriver (session=\"cd0732e5df2dcc0617daa1820face848\")>"
      }, {
        "name" : "main_page_open",
        "value" : "None"
      } ],
      "stepsCount" : 2,
      "attachmentsCount" : 0,
      "shouldDisplayMessage" : false,
      "hasContent" : true
    } ],
    "attachments" : [ ],
    "parameters" : [ ],
    "stepsCount" : 3,
    "attachmentsCount" : 0,
    "shouldDisplayMessage" : false,
    "hasContent" : true
  } ],
  "testStage" : {
    "status" : "skipped",
    "statusMessage" : "XFAIL\n\nselenium.common.exceptions.TimeoutException: Message: Can't find element by locator ('xpath', '//button[@data-test-active-link=\"Similar phrases\"]')\nStacktrace:\n#0 0x560bfa8237fa <unknown>\n#1 0x560bfa2c7e90 <unknown>\n#2 0x560bfa319870 <unknown>\n#3 0x560bfa319a61 <unknown>\n#4 0x560bfa367cb4 <unknown>\n#5 0x560bfa33f26d <unknown>\n#6 0x560bfa365135 <unknown>\n#7 0x560bfa33f013 <unknown>\n#8 0x560bfa30bb3b <unknown>\n#9 0x560bfa30c7a1 <unknown>\n#10 0x560bfa7e8b9b <unknown>\n#11 0x560bfa7eca8a <unknown>\n#12 0x560bfa7d0912 <unknown>\n#13 0x560bfa7ed604 <unknown>\n#14 0x560bfa7b574f <unknown>\n#15 0x560bfa811678 <unknown>\n#16 0x560bfa811856 <unknown>\n#17 0x560bfa822666 <unknown>\n#18 0x7efc4e49caa4 <unknown>\n#19 0x7efc4e529c3c <unknown>",
    "statusTrace" : "self = <tests.test_speech_exercises_en.TestCardsEN object at 0x7f98d3324830>\ndriver = <selenium.webdriver.chrome.webdriver.WebDriver (session=\"cd0732e5df2dcc0617daa1820face848\")>\nspecialist_user_authorized = None\n\n    @pytest.mark.xfail\n    @allure.suite(\"Speech exercises EN.\")\n    @allure.title('Select a random card from \"Similar phrases\" group and compare UI vs BACKEND data')\n    def test_random_cards_in_similar_phrases_en(self, driver, specialist_user_authorized):\n        page = SpeechExercisesPage(driver)\n>       page.select_group(SpeechExercisesPageLocators.SIMILAR_PHRASES_EN)\n\ntests/test_speech_exercises_en.py:57: \n_ _ _ _ _ _ _ _ _ _ _ _ _ _ _ _ _ _ _ _ _ _ _ _ _ _ _ _ _ _ _ _ _ _ _ _ _ _ _ _ \npages/speech_exercises_page_en.py:18: in select_group\n    text_of_the_button = self.element_is_present_and_clickable(selector_for_sub_group)\npages/base_page.py:40: in element_is_present_and_clickable\n    return (Wait(self.driver, self.timeout).until(\n_ _ _ _ _ _ _ _ _ _ _ _ _ _ _ _ _ _ _ _ _ _ _ _ _ _ _ _ _ _ _ _ _ _ _ _ _ _ _ _ \n\nself = <selenium.webdriver.support.wait.WebDriverWait (session=\"cd0732e5df2dcc0617daa1820face848\")>\nmethod = <function visibility_of_element_located.<locals>._predicate at 0x7f98d325f380>\nmessage = 'Can\\'t find element by locator (\\'xpath\\', \\'//button[@data-test-active-link=\"Similar phrases\"]\\')'\n\n    def until(self, method, message: str = \"\"):\n        \"\"\"Calls the method provided with the driver as an argument until the \\\n        return value does not evaluate to ``False``.\n    \n        :param method: callable(WebDriver)\n        :param message: optional message for :exc:`TimeoutException`\n        :returns: the result of the last call to `method`\n        :raises: :exc:`selenium.common.exceptions.TimeoutException` if timeout occurs\n        \"\"\"\n        screen = None\n        stacktrace = None\n    \n        end_time = time.monotonic() + self._timeout\n        while True:\n            try:\n                value = method(self._driver)\n                if value:\n                    return value\n            except self._ignored_exceptions as exc:\n                screen = getattr(exc, \"screen\", None)\n                stacktrace = getattr(exc, \"stacktrace\", None)\n            time.sleep(self._poll)\n            if time.monotonic() > end_time:\n                break\n>       raise TimeoutException(message, screen, stacktrace)\nE       selenium.common.exceptions.TimeoutException: Message: Can't find element by locator ('xpath', '//button[@data-test-active-link=\"Similar phrases\"]')\nE       Stacktrace:\nE       #0 0x560bfa8237fa <unknown>\nE       #1 0x560bfa2c7e90 <unknown>\nE       #2 0x560bfa319870 <unknown>\nE       #3 0x560bfa319a61 <unknown>\nE       #4 0x560bfa367cb4 <unknown>\nE       #5 0x560bfa33f26d <unknown>\nE       #6 0x560bfa365135 <unknown>\nE       #7 0x560bfa33f013 <unknown>\nE       #8 0x560bfa30bb3b <unknown>\nE       #9 0x560bfa30c7a1 <unknown>\nE       #10 0x560bfa7e8b9b <unknown>\nE       #11 0x560bfa7eca8a <unknown>\nE       #12 0x560bfa7d0912 <unknown>\nE       #13 0x560bfa7ed604 <unknown>\nE       #14 0x560bfa7b574f <unknown>\nE       #15 0x560bfa811678 <unknown>\nE       #16 0x560bfa811856 <unknown>\nE       #17 0x560bfa822666 <unknown>\nE       #18 0x7efc4e49caa4 <unknown>\nE       #19 0x7efc4e529c3c <unknown>\n\n/opt/hostedtoolcache/Python/3.12.10/x64/lib/python3.12/site-packages/selenium/webdriver/support/wait.py:95: TimeoutException",
    "steps" : [ {
      "name" : "select_group",
      "time" : {
        "start" : 1746927122762,
        "stop" : 1746927143413,
        "duration" : 20651
      },
      "status" : "broken",
      "statusMessage" : "selenium.common.exceptions.TimeoutException: Message: Can't find element by locator ('xpath', '//button[@data-test-active-link=\"Similar phrases\"]')\nStacktrace:\n#0 0x560bfa8237fa <unknown>\n#1 0x560bfa2c7e90 <unknown>\n#2 0x560bfa319870 <unknown>\n#3 0x560bfa319a61 <unknown>\n#4 0x560bfa367cb4 <unknown>\n#5 0x560bfa33f26d <unknown>\n#6 0x560bfa365135 <unknown>\n#7 0x560bfa33f013 <unknown>\n#8 0x560bfa30bb3b <unknown>\n#9 0x560bfa30c7a1 <unknown>\n#10 0x560bfa7e8b9b <unknown>\n#11 0x560bfa7eca8a <unknown>\n#12 0x560bfa7d0912 <unknown>\n#13 0x560bfa7ed604 <unknown>\n#14 0x560bfa7b574f <unknown>\n#15 0x560bfa811678 <unknown>\n#16 0x560bfa811856 <unknown>\n#17 0x560bfa822666 <unknown>\n#18 0x7efc4e49caa4 <unknown>\n#19 0x7efc4e529c3c <unknown>\n\n",
      "statusTrace" : "  File \"/opt/hostedtoolcache/Python/3.12.10/x64/lib/python3.12/site-packages/allure_commons/_allure.py\", line 192, in impl\n    return func(*a, **kw)\n           ^^^^^^^^^^^^^^\n  File \"/home/runner/work/auto-tests-python/auto-tests-python/pages/speech_exercises_page_en.py\", line 18, in select_group\n    text_of_the_button = self.element_is_present_and_clickable(selector_for_sub_group)\n                         ^^^^^^^^^^^^^^^^^^^^^^^^^^^^^^^^^^^^^^^^^^^^^^^^^^^^^^^^^^^^^\n  File \"/home/runner/work/auto-tests-python/auto-tests-python/pages/base_page.py\", line 40, in element_is_present_and_clickable\n    return (Wait(self.driver, self.timeout).until(\n            ^^^^^^^^^^^^^^^^^^^^^^^^^^^^^^^^^^^^^^\n  File \"/opt/hostedtoolcache/Python/3.12.10/x64/lib/python3.12/site-packages/selenium/webdriver/support/wait.py\", line 95, in until\n    raise TimeoutException(message, screen, stacktrace)\n",
      "steps" : [ {
        "name" : "Select Russian language. Click \"EN\" button.",
        "time" : {
          "start" : 1746927122762,
          "stop" : 1746927122837,
          "duration" : 75
        },
        "status" : "passed",
        "steps" : [ ],
        "attachments" : [ ],
        "parameters" : [ ],
        "stepsCount" : 0,
        "attachmentsCount" : 0,
        "shouldDisplayMessage" : false,
        "hasContent" : false
      }, {
        "name" : "Click button \"SPEECH EXERCISES\".",
        "time" : {
          "start" : 1746927122837,
          "stop" : 1746927122911,
          "duration" : 74
        },
        "status" : "passed",
        "steps" : [ ],
        "attachments" : [ ],
        "parameters" : [ ],
        "stepsCount" : 0,
        "attachmentsCount" : 0,
        "shouldDisplayMessage" : false,
        "hasContent" : false
      } ],
      "attachments" : [ ],
      "parameters" : [ {
        "name" : "selector_for_sub_group",
        "value" : "('xpath', '//button[@data-test-active-link=\"Similar phrases\"]')"
      } ],
      "stepsCount" : 2,
      "attachmentsCount" : 0,
      "shouldDisplayMessage" : true,
      "hasContent" : true
    } ],
    "attachments" : [ ],
    "parameters" : [ ],
    "stepsCount" : 3,
    "attachmentsCount" : 0,
    "shouldDisplayMessage" : true,
    "hasContent" : true
  },
  "afterStages" : [ {
    "name" : "driver::0",
    "time" : {
      "start" : 1746927143424,
      "stop" : 1746927143493,
      "duration" : 69
    },
    "status" : "passed",
    "steps" : [ ],
    "attachments" : [ ],
    "parameters" : [ ],
    "stepsCount" : 0,
    "attachmentsCount" : 0,
    "shouldDisplayMessage" : false,
    "hasContent" : false
  } ],
  "labels" : [ {
    "name" : "epic",
    "value" : "Speech exercises."
  }, {
    "name" : "suite",
    "value" : "Speech exercises EN."
  }, {
    "name" : "tag",
    "value" : "@pytest.mark.xfail"
  }, {
    "name" : "parentSuite",
    "value" : "tests"
  }, {
    "name" : "subSuite",
    "value" : "TestCardsEN"
  }, {
    "name" : "host",
    "value" : "fv-az1657-622"
  }, {
    "name" : "thread",
    "value" : "2433-MainThread"
  }, {
    "name" : "framework",
    "value" : "pytest"
  }, {
    "name" : "language",
    "value" : "cpython3"
  }, {
    "name" : "package",
    "value" : "tests.test_speech_exercises_en"
  }, {
    "name" : "resultFormat",
    "value" : "allure2"
  } ],
  "parameters" : [ ],
  "links" : [ ],
  "hidden" : false,
  "retry" : false,
  "extra" : {
    "severity" : "normal",
    "retries" : [ ],
    "categories" : [ ],
    "history" : {
      "statistic" : {
        "failed" : 0,
        "broken" : 0,
        "skipped" : 145,
        "passed" : 1,
        "unknown" : 0,
        "total" : 146
      },
      "items" : [ {
        "uid" : "c7726dd58e825e1b",
        "reportUrl" : "https://Brain-up.github.io/auto-tests-python/565//#testresult/c7726dd58e825e1b",
        "status" : "skipped",
        "statusDetails" : "XFAIL\n\nselenium.common.exceptions.TimeoutException: Message: Can't find element by locator ('xpath', '//button[@data-test-active-link=\"Similar phrases\"]')\nStacktrace:\n#0 0x55bd950e67fa <unknown>\n#1 0x55bd94b8ae90 <unknown>\n#2 0x55bd94bdc870 <unknown>\n#3 0x55bd94bdca61 <unknown>\n#4 0x55bd94c2acb4 <unknown>\n#5 0x55bd94c0226d <unknown>\n#6 0x55bd94c28135 <unknown>\n#7 0x55bd94c02013 <unknown>\n#8 0x55bd94bceb3b <unknown>\n#9 0x55bd94bcf7a1 <unknown>\n#10 0x55bd950abb9b <unknown>\n#11 0x55bd950afa8a <unknown>\n#12 0x55bd95093912 <unknown>\n#13 0x55bd950b0604 <unknown>\n#14 0x55bd9507874f <unknown>\n#15 0x55bd950d4678 <unknown>\n#16 0x55bd950d4856 <unknown>\n#17 0x55bd950e5666 <unknown>\n#18 0x7f9d9e69caa4 <unknown>\n#19 0x7f9d9e729c3c <unknown>",
        "time" : {
          "start" : 1746905000087,
          "stop" : 1746905020246,
          "duration" : 20159
        }
      }, {
        "uid" : "fd44504f8a90ad96",
        "reportUrl" : "https://Brain-up.github.io/auto-tests-python/360//#testresult/fd44504f8a90ad96",
        "status" : "skipped",
        "statusDetails" : "XFAIL\n\nselenium.common.exceptions.TimeoutException: Message: Can't find element by locator ('xpath', '//button[@data-test-active-link=\"Similar phrases\"]')\nStacktrace:\n#0 0x560b5a6077fa <unknown>\n#1 0x560b5a0abe90 <unknown>\n#2 0x560b5a0fd870 <unknown>\n#3 0x560b5a0fda61 <unknown>\n#4 0x560b5a14bcb4 <unknown>\n#5 0x560b5a12326d <unknown>\n#6 0x560b5a149135 <unknown>\n#7 0x560b5a123013 <unknown>\n#8 0x560b5a0efb3b <unknown>\n#9 0x560b5a0f07a1 <unknown>\n#10 0x560b5a5ccb9b <unknown>\n#11 0x560b5a5d0a8a <unknown>\n#12 0x560b5a5b4912 <unknown>\n#13 0x560b5a5d1604 <unknown>\n#14 0x560b5a59974f <unknown>\n#15 0x560b5a5f5678 <unknown>\n#16 0x560b5a5f5856 <unknown>\n#17 0x560b5a606666 <unknown>\n#18 0x7fb61769caa4 <unknown>\n#19 0x7fb617729c3c <unknown>",
        "time" : {
          "start" : 1746840375042,
          "stop" : 1746840395265,
          "duration" : 20223
        }
      }, {
        "uid" : "92cd7c7d92e00d77",
        "reportUrl" : "https://Brain-up.github.io/auto-tests-python/564//#testresult/92cd7c7d92e00d77",
        "status" : "skipped",
        "statusDetails" : "XFAIL\n\nselenium.common.exceptions.TimeoutException: Message: Can't find element by locator ('xpath', '//button[@data-test-active-link=\"Similar phrases\"]')\nStacktrace:\n#0 0x55ecb84967fa <unknown>\n#1 0x55ecb7f3ae90 <unknown>\n#2 0x55ecb7f8c870 <unknown>\n#3 0x55ecb7f8ca61 <unknown>\n#4 0x55ecb7fdacb4 <unknown>\n#5 0x55ecb7fb226d <unknown>\n#6 0x55ecb7fd8135 <unknown>\n#7 0x55ecb7fb2013 <unknown>\n#8 0x55ecb7f7eb3b <unknown>\n#9 0x55ecb7f7f7a1 <unknown>\n#10 0x55ecb845bb9b <unknown>\n#11 0x55ecb845fa8a <unknown>\n#12 0x55ecb8443912 <unknown>\n#13 0x55ecb8460604 <unknown>\n#14 0x55ecb842874f <unknown>\n#15 0x55ecb8484678 <unknown>\n#16 0x55ecb8484856 <unknown>\n#17 0x55ecb8495666 <unknown>\n#18 0x7ff22289caa4 <unknown>\n#19 0x7ff222929c3c <unknown>",
        "time" : {
          "start" : 1746770967551,
          "stop" : 1746770988188,
          "duration" : 20637
        }
      }, {
        "uid" : "d86a9e14d430f81f",
        "reportUrl" : "https://Brain-up.github.io/auto-tests-python/359//#testresult/d86a9e14d430f81f",
        "status" : "skipped",
        "statusDetails" : "XFAIL\n\nselenium.common.exceptions.TimeoutException: Message: Can't find element by locator ('xpath', '//button[@data-test-active-link=\"Similar phrases\"]')\nStacktrace:\n#0 0x56441198b7fa <unknown>\n#1 0x56441142fe90 <unknown>\n#2 0x564411481870 <unknown>\n#3 0x564411481a61 <unknown>\n#4 0x5644114cfcb4 <unknown>\n#5 0x5644114a726d <unknown>\n#6 0x5644114cd135 <unknown>\n#7 0x5644114a7013 <unknown>\n#8 0x564411473b3b <unknown>\n#9 0x5644114747a1 <unknown>\n#10 0x564411950b9b <unknown>\n#11 0x564411954a8a <unknown>\n#12 0x564411938912 <unknown>\n#13 0x564411955604 <unknown>\n#14 0x56441191d74f <unknown>\n#15 0x564411979678 <unknown>\n#16 0x564411979856 <unknown>\n#17 0x56441198a666 <unknown>\n#18 0x7f224ce9caa4 <unknown>\n#19 0x7f224cf29c3c <unknown>",
        "time" : {
          "start" : 1746754104134,
          "stop" : 1746754124296,
          "duration" : 20162
        }
      }, {
        "uid" : "4fbfb2ccf154933e",
        "reportUrl" : "https://Brain-up.github.io/auto-tests-python/563//#testresult/4fbfb2ccf154933e",
        "status" : "skipped",
        "statusDetails" : "XFAIL\n\nselenium.common.exceptions.TimeoutException: Message: Can't find element by locator ('xpath', '//button[@data-test-active-link=\"Similar phrases\"]')\nStacktrace:\n#0 0x55703d7a67fa <unknown>\n#1 0x55703d24ae90 <unknown>\n#2 0x55703d29c870 <unknown>\n#3 0x55703d29ca61 <unknown>\n#4 0x55703d2eacb4 <unknown>\n#5 0x55703d2c226d <unknown>\n#6 0x55703d2e8135 <unknown>\n#7 0x55703d2c2013 <unknown>\n#8 0x55703d28eb3b <unknown>\n#9 0x55703d28f7a1 <unknown>\n#10 0x55703d76bb9b <unknown>\n#11 0x55703d76fa8a <unknown>\n#12 0x55703d753912 <unknown>\n#13 0x55703d770604 <unknown>\n#14 0x55703d73874f <unknown>\n#15 0x55703d794678 <unknown>\n#16 0x55703d794856 <unknown>\n#17 0x55703d7a5666 <unknown>\n#18 0x7fd3e709caa4 <unknown>\n#19 0x7fd3e7129c3c <unknown>",
        "time" : {
          "start" : 1746728112941,
          "stop" : 1746728133565,
          "duration" : 20624
        }
      }, {
        "uid" : "b67938c7c52cab68",
        "reportUrl" : "https://Brain-up.github.io/auto-tests-python/358//#testresult/b67938c7c52cab68",
        "status" : "skipped",
        "statusDetails" : "XFAIL\n\nselenium.common.exceptions.TimeoutException: Message: Can't find element by locator ('xpath', '//button[@data-test-active-link=\"Similar phrases\"]')\nStacktrace:\n#0 0x55e41fc017fa <unknown>\n#1 0x55e41f6a5e90 <unknown>\n#2 0x55e41f6f7870 <unknown>\n#3 0x55e41f6f7a61 <unknown>\n#4 0x55e41f745cb4 <unknown>\n#5 0x55e41f71d26d <unknown>\n#6 0x55e41f743135 <unknown>\n#7 0x55e41f71d013 <unknown>\n#8 0x55e41f6e9b3b <unknown>\n#9 0x55e41f6ea7a1 <unknown>\n#10 0x55e41fbc6b9b <unknown>\n#11 0x55e41fbcaa8a <unknown>\n#12 0x55e41fbae912 <unknown>\n#13 0x55e41fbcb604 <unknown>\n#14 0x55e41fb9374f <unknown>\n#15 0x55e41fbef678 <unknown>\n#16 0x55e41fbef856 <unknown>\n#17 0x55e41fc00666 <unknown>\n#18 0x7f06aa69caa4 <unknown>\n#19 0x7f06aa729c3c <unknown>",
        "time" : {
          "start" : 1746667775113,
          "stop" : 1746667795784,
          "duration" : 20671
        }
      }, {
        "uid" : "d6e4c64ea30785a2",
        "reportUrl" : "https://Brain-up.github.io/auto-tests-python/357//#testresult/d6e4c64ea30785a2",
        "status" : "skipped",
        "statusDetails" : "XFAIL\n\nselenium.common.exceptions.TimeoutException: Message: Can't find element by locator ('xpath', '//button[@data-test-active-link=\"Similar phrases\"]')\nStacktrace:\n#0 0x558458a4175a <unknown>\n#1 0x5584584f44b0 <unknown>\n#2 0x5584585459b3 <unknown>\n#3 0x558458545ba1 <unknown>\n#4 0x5584585941f4 <unknown>\n#5 0x55845856b5bd <unknown>\n#6 0x5584585915e0 <unknown>\n#7 0x55845856b363 <unknown>\n#8 0x558458537d63 <unknown>\n#9 0x5584585389c1 <unknown>\n#10 0x558458a06a6b <unknown>\n#11 0x558458a0a951 <unknown>\n#12 0x5584589eeb62 <unknown>\n#13 0x558458a0b4c4 <unknown>\n#14 0x5584589d313f <unknown>\n#15 0x558458a2f6f8 <unknown>\n#16 0x558458a2f8d6 <unknown>\n#17 0x558458a405a6 <unknown>\n#18 0x7fdbcae9caa4 <unknown>\n#19 0x7fdbcaf29c3c <unknown>",
        "time" : {
          "start" : 1746581338009,
          "stop" : 1746581358662,
          "duration" : 20653
        }
      }, {
        "uid" : "54c3952b08b06520",
        "reportUrl" : "https://Brain-up.github.io/auto-tests-python/562//#testresult/54c3952b08b06520",
        "status" : "skipped",
        "statusDetails" : "XFAIL\n\nselenium.common.exceptions.TimeoutException: Message: Can't find element by locator ('xpath', '//button[@data-test-active-link=\"Similar phrases\"]')\nStacktrace:\n#0 0x55dcfe1127fa <unknown>\n#1 0x55dcfdbb6e90 <unknown>\n#2 0x55dcfdc08870 <unknown>\n#3 0x55dcfdc08a61 <unknown>\n#4 0x55dcfdc56cb4 <unknown>\n#5 0x55dcfdc2e26d <unknown>\n#6 0x55dcfdc54135 <unknown>\n#7 0x55dcfdc2e013 <unknown>\n#8 0x55dcfdbfab3b <unknown>\n#9 0x55dcfdbfb7a1 <unknown>\n#10 0x55dcfe0d7b9b <unknown>\n#11 0x55dcfe0dba8a <unknown>\n#12 0x55dcfe0bf912 <unknown>\n#13 0x55dcfe0dc604 <unknown>\n#14 0x55dcfe0a474f <unknown>\n#15 0x55dcfe100678 <unknown>\n#16 0x55dcfe100856 <unknown>\n#17 0x55dcfe111666 <unknown>\n#18 0x7f867829caa4 <unknown>\n#19 0x7f8678329c3c <unknown>",
        "time" : {
          "start" : 1746568664093,
          "stop" : 1746568684736,
          "duration" : 20643
        }
      }, {
        "uid" : "d54a98e47973cfdb",
        "reportUrl" : "https://Brain-up.github.io/auto-tests-python/561//#testresult/d54a98e47973cfdb",
        "status" : "skipped",
        "statusDetails" : "XFAIL\n\nselenium.common.exceptions.TimeoutException: Message: Can't find element by locator ('xpath', '//button[@data-test-active-link=\"Similar phrases\"]')\nStacktrace:\n#0 0x5599e465175a <unknown>\n#1 0x5599e41044b0 <unknown>\n#2 0x5599e41559b3 <unknown>\n#3 0x5599e4155ba1 <unknown>\n#4 0x5599e41a41f4 <unknown>\n#5 0x5599e417b5bd <unknown>\n#6 0x5599e41a15e0 <unknown>\n#7 0x5599e417b363 <unknown>\n#8 0x5599e4147d63 <unknown>\n#9 0x5599e41489c1 <unknown>\n#10 0x5599e4616a6b <unknown>\n#11 0x5599e461a951 <unknown>\n#12 0x5599e45feb62 <unknown>\n#13 0x5599e461b4c4 <unknown>\n#14 0x5599e45e313f <unknown>\n#15 0x5599e463f6f8 <unknown>\n#16 0x5599e463f8d6 <unknown>\n#17 0x5599e46505a6 <unknown>\n#18 0x7f0e7f89caa4 <unknown>\n#19 0x7f0e7f929c3c <unknown>",
        "time" : {
          "start" : 1746543713949,
          "stop" : 1746543734179,
          "duration" : 20230
        }
      }, {
        "uid" : "ce1d67fc00db0633",
        "reportUrl" : "https://Brain-up.github.io/auto-tests-python/356//#testresult/ce1d67fc00db0633",
        "status" : "skipped",
        "statusDetails" : "XFAIL\n\nselenium.common.exceptions.TimeoutException: Message: Can't find element by locator ('xpath', '//button[@data-test-active-link=\"Similar phrases\"]')\nStacktrace:\n#0 0x5596e7c8175a <unknown>\n#1 0x5596e77344b0 <unknown>\n#2 0x5596e77859b3 <unknown>\n#3 0x5596e7785ba1 <unknown>\n#4 0x5596e77d41f4 <unknown>\n#5 0x5596e77ab5bd <unknown>\n#6 0x5596e77d15e0 <unknown>\n#7 0x5596e77ab363 <unknown>\n#8 0x5596e7777d63 <unknown>\n#9 0x5596e77789c1 <unknown>\n#10 0x5596e7c46a6b <unknown>\n#11 0x5596e7c4a951 <unknown>\n#12 0x5596e7c2eb62 <unknown>\n#13 0x5596e7c4b4c4 <unknown>\n#14 0x5596e7c1313f <unknown>\n#15 0x5596e7c6f6f8 <unknown>\n#16 0x5596e7c6f8d6 <unknown>\n#17 0x5596e7c805a6 <unknown>\n#18 0x7fe00889caa4 <unknown>\n#19 0x7fe008929c3c <unknown>",
        "time" : {
          "start" : 1746495094980,
          "stop" : 1746495115154,
          "duration" : 20174
        }
      }, {
        "uid" : "75f76e235f9814fc",
        "reportUrl" : "https://Brain-up.github.io/auto-tests-python/560//#testresult/75f76e235f9814fc",
        "status" : "skipped",
        "statusDetails" : "XFAIL\n\nselenium.common.exceptions.TimeoutException: Message: Can't find element by locator ('xpath', '//button[@data-test-active-link=\"Similar phrases\"]')\nStacktrace:\n#0 0x55651641c75a <unknown>\n#1 0x556515ecf4b0 <unknown>\n#2 0x556515f209b3 <unknown>\n#3 0x556515f20ba1 <unknown>\n#4 0x556515f6f1f4 <unknown>\n#5 0x556515f465bd <unknown>\n#6 0x556515f6c5e0 <unknown>\n#7 0x556515f46363 <unknown>\n#8 0x556515f12d63 <unknown>\n#9 0x556515f139c1 <unknown>\n#10 0x5565163e1a6b <unknown>\n#11 0x5565163e5951 <unknown>\n#12 0x5565163c9b62 <unknown>\n#13 0x5565163e64c4 <unknown>\n#14 0x5565163ae13f <unknown>\n#15 0x55651640a6f8 <unknown>\n#16 0x55651640a8d6 <unknown>\n#17 0x55651641b5a6 <unknown>\n#18 0x7f6e2bc9caa4 <unknown>\n#19 0x7f6e2bd29c3c <unknown>",
        "time" : {
          "start" : 1746426005365,
          "stop" : 1746426025583,
          "duration" : 20218
        }
      }, {
        "uid" : "a96c5c664dbe7c98",
        "reportUrl" : "https://Brain-up.github.io/auto-tests-python/355//#testresult/a96c5c664dbe7c98",
        "status" : "skipped",
        "statusDetails" : "XFAIL\n\nselenium.common.exceptions.TimeoutException: Message: Can't find element by locator ('xpath', '//button[@data-test-active-link=\"Similar phrases\"]')\nStacktrace:\n#0 0x55b6379ad75a <unknown>\n#1 0x55b6374604b0 <unknown>\n#2 0x55b6374b19b3 <unknown>\n#3 0x55b6374b1ba1 <unknown>\n#4 0x55b6375001f4 <unknown>\n#5 0x55b6374d75bd <unknown>\n#6 0x55b6374fd5e0 <unknown>\n#7 0x55b6374d7363 <unknown>\n#8 0x55b6374a3d63 <unknown>\n#9 0x55b6374a49c1 <unknown>\n#10 0x55b637972a6b <unknown>\n#11 0x55b637976951 <unknown>\n#12 0x55b63795ab62 <unknown>\n#13 0x55b6379774c4 <unknown>\n#14 0x55b63793f13f <unknown>\n#15 0x55b63799b6f8 <unknown>\n#16 0x55b63799b8d6 <unknown>\n#17 0x55b6379ac5a6 <unknown>\n#18 0x7fa20ca9caa4 <unknown>\n#19 0x7fa20cb29c3c <unknown>",
        "time" : {
          "start" : 1746408508118,
          "stop" : 1746408528784,
          "duration" : 20666
        }
      }, {
        "uid" : "8205612266bb449a",
        "reportUrl" : "https://Brain-up.github.io/auto-tests-python/559//#testresult/8205612266bb449a",
        "status" : "skipped",
        "statusDetails" : "XFAIL\n\nselenium.common.exceptions.TimeoutException: Message: Can't find element by locator ('xpath', '//button[@data-test-active-link=\"Similar phrases\"]')\nStacktrace:\n#0 0x559bc9da675a <unknown>\n#1 0x559bc98594b0 <unknown>\n#2 0x559bc98aa9b3 <unknown>\n#3 0x559bc98aaba1 <unknown>\n#4 0x559bc98f91f4 <unknown>\n#5 0x559bc98d05bd <unknown>\n#6 0x559bc98f65e0 <unknown>\n#7 0x559bc98d0363 <unknown>\n#8 0x559bc989cd63 <unknown>\n#9 0x559bc989d9c1 <unknown>\n#10 0x559bc9d6ba6b <unknown>\n#11 0x559bc9d6f951 <unknown>\n#12 0x559bc9d53b62 <unknown>\n#13 0x559bc9d704c4 <unknown>\n#14 0x559bc9d3813f <unknown>\n#15 0x559bc9d946f8 <unknown>\n#16 0x559bc9d948d6 <unknown>\n#17 0x559bc9da55a6 <unknown>\n#18 0x7fa689e9caa4 <unknown>\n#19 0x7fa689f29c3c <unknown>",
        "time" : {
          "start" : 1746363957874,
          "stop" : 1746363978038,
          "duration" : 20164
        }
      }, {
        "uid" : "fc0bc3d3c15ee618",
        "reportUrl" : "https://Brain-up.github.io/auto-tests-python/354//#testresult/fc0bc3d3c15ee618",
        "status" : "skipped",
        "statusDetails" : "XFAIL\n\nselenium.common.exceptions.TimeoutException: Message: Can't find element by locator ('xpath', '//button[@data-test-active-link=\"Similar phrases\"]')\nStacktrace:\n#0 0x55666fe1c75a <unknown>\n#1 0x55666f8cf4b0 <unknown>\n#2 0x55666f9209b3 <unknown>\n#3 0x55666f920ba1 <unknown>\n#4 0x55666f96f1f4 <unknown>\n#5 0x55666f9465bd <unknown>\n#6 0x55666f96c5e0 <unknown>\n#7 0x55666f946363 <unknown>\n#8 0x55666f912d63 <unknown>\n#9 0x55666f9139c1 <unknown>\n#10 0x55666fde1a6b <unknown>\n#11 0x55666fde5951 <unknown>\n#12 0x55666fdc9b62 <unknown>\n#13 0x55666fde64c4 <unknown>\n#14 0x55666fdae13f <unknown>\n#15 0x55666fe0a6f8 <unknown>\n#16 0x55666fe0a8d6 <unknown>\n#17 0x55666fe1b5a6 <unknown>\n#18 0x7fed2a49caa4 <unknown>\n#19 0x7fed2a529c3c <unknown>",
        "time" : {
          "start" : 1746322279518,
          "stop" : 1746322299689,
          "duration" : 20171
        }
      }, {
        "uid" : "99d8607b8c461b5b",
        "reportUrl" : "https://Brain-up.github.io/auto-tests-python/558//#testresult/99d8607b8c461b5b",
        "status" : "skipped",
        "statusDetails" : "XFAIL\n\nselenium.common.exceptions.TimeoutException: Message: Can't find element by locator ('xpath', '//button[@data-test-active-link=\"Similar phrases\"]')\nStacktrace:\n#0 0x55dbd29b875a <unknown>\n#1 0x55dbd246b4b0 <unknown>\n#2 0x55dbd24bc9b3 <unknown>\n#3 0x55dbd24bcba1 <unknown>\n#4 0x55dbd250b1f4 <unknown>\n#5 0x55dbd24e25bd <unknown>\n#6 0x55dbd25085e0 <unknown>\n#7 0x55dbd24e2363 <unknown>\n#8 0x55dbd24aed63 <unknown>\n#9 0x55dbd24af9c1 <unknown>\n#10 0x55dbd297da6b <unknown>\n#11 0x55dbd2981951 <unknown>\n#12 0x55dbd2965b62 <unknown>\n#13 0x55dbd29824c4 <unknown>\n#14 0x55dbd294a13f <unknown>\n#15 0x55dbd29a66f8 <unknown>\n#16 0x55dbd29a68d6 <unknown>\n#17 0x55dbd29b75a6 <unknown>\n#18 0x7fd4f449caa4 <unknown>\n#19 0x7fd4f4529c3c <unknown>",
        "time" : {
          "start" : 1746276358839,
          "stop" : 1746276379513,
          "duration" : 20674
        }
      }, {
        "uid" : "d80780809d0ec321",
        "reportUrl" : "https://Brain-up.github.io/auto-tests-python/353//#testresult/d80780809d0ec321",
        "status" : "skipped",
        "statusDetails" : "XFAIL\n\nselenium.common.exceptions.TimeoutException: Message: Can't find element by locator ('xpath', '//button[@data-test-active-link=\"Similar phrases\"]')\nStacktrace:\n#0 0x5592e37dc75a <unknown>\n#1 0x5592e328f4b0 <unknown>\n#2 0x5592e32e09b3 <unknown>\n#3 0x5592e32e0ba1 <unknown>\n#4 0x5592e332f1f4 <unknown>\n#5 0x5592e33065bd <unknown>\n#6 0x5592e332c5e0 <unknown>\n#7 0x5592e3306363 <unknown>\n#8 0x5592e32d2d63 <unknown>\n#9 0x5592e32d39c1 <unknown>\n#10 0x5592e37a1a6b <unknown>\n#11 0x5592e37a5951 <unknown>\n#12 0x5592e3789b62 <unknown>\n#13 0x5592e37a64c4 <unknown>\n#14 0x5592e376e13f <unknown>\n#15 0x5592e37ca6f8 <unknown>\n#16 0x5592e37ca8d6 <unknown>\n#17 0x5592e37db5a6 <unknown>\n#18 0x7f0c8789caa4 <unknown>\n#19 0x7f0c87929c3c <unknown>",
        "time" : {
          "start" : 1746235628211,
          "stop" : 1746235648868,
          "duration" : 20657
        }
      }, {
        "uid" : "62780a3777b5a65c",
        "reportUrl" : "https://Brain-up.github.io/auto-tests-python/557//#testresult/62780a3777b5a65c",
        "status" : "skipped",
        "statusDetails" : "XFAIL\n\nselenium.common.exceptions.TimeoutException: Message: Can't find element by locator ('xpath', '//button[@data-test-active-link=\"Similar phrases\"]')\nStacktrace:\n#0 0x55b3bb8b175a <unknown>\n#1 0x55b3bb3644b0 <unknown>\n#2 0x55b3bb3b59b3 <unknown>\n#3 0x55b3bb3b5ba1 <unknown>\n#4 0x55b3bb4041f4 <unknown>\n#5 0x55b3bb3db5bd <unknown>\n#6 0x55b3bb4015e0 <unknown>\n#7 0x55b3bb3db363 <unknown>\n#8 0x55b3bb3a7d63 <unknown>\n#9 0x55b3bb3a89c1 <unknown>\n#10 0x55b3bb876a6b <unknown>\n#11 0x55b3bb87a951 <unknown>\n#12 0x55b3bb85eb62 <unknown>\n#13 0x55b3bb87b4c4 <unknown>\n#14 0x55b3bb84313f <unknown>\n#15 0x55b3bb89f6f8 <unknown>\n#16 0x55b3bb89f8d6 <unknown>\n#17 0x55b3bb8b05a6 <unknown>\n#18 0x7f9fa8c9caa4 <unknown>\n#19 0x7f9fa8d29c3c <unknown>",
        "time" : {
          "start" : 1746216163838,
          "stop" : 1746216184007,
          "duration" : 20169
        }
      }, {
        "uid" : "4b34df16b5de79a4",
        "reportUrl" : "https://Brain-up.github.io/auto-tests-python/352//#testresult/4b34df16b5de79a4",
        "status" : "skipped",
        "statusDetails" : "XFAIL\n\nselenium.common.exceptions.TimeoutException: Message: Can't find element by locator ('xpath', '//button[@data-test-active-link=\"Similar phrases\"]')\nStacktrace:\n#0 0x55bd563d475a <unknown>\n#1 0x55bd55e874b0 <unknown>\n#2 0x55bd55ed89b3 <unknown>\n#3 0x55bd55ed8ba1 <unknown>\n#4 0x55bd55f271f4 <unknown>\n#5 0x55bd55efe5bd <unknown>\n#6 0x55bd55f245e0 <unknown>\n#7 0x55bd55efe363 <unknown>\n#8 0x55bd55ecad63 <unknown>\n#9 0x55bd55ecb9c1 <unknown>\n#10 0x55bd56399a6b <unknown>\n#11 0x55bd5639d951 <unknown>\n#12 0x55bd56381b62 <unknown>\n#13 0x55bd5639e4c4 <unknown>\n#14 0x55bd5636613f <unknown>\n#15 0x55bd563c26f8 <unknown>\n#16 0x55bd563c28d6 <unknown>\n#17 0x55bd563d35a6 <unknown>\n#18 0x7f39adc9caa4 <unknown>\n#19 0x7f39add29c3c <unknown>",
        "time" : {
          "start" : 1746149214525,
          "stop" : 1746149234683,
          "duration" : 20158
        }
      }, {
        "uid" : "b1d71a6ba717ae7a",
        "reportUrl" : "https://Brain-up.github.io/auto-tests-python/556//#testresult/b1d71a6ba717ae7a",
        "status" : "skipped",
        "statusDetails" : "XFAIL\n\nselenium.common.exceptions.TimeoutException: Message: Can't find element by locator ('xpath', '//button[@data-test-active-link=\"Similar phrases\"]')\nStacktrace:\n#0 0x565057e2d75a <unknown>\n#1 0x5650578e04b0 <unknown>\n#2 0x5650579319b3 <unknown>\n#3 0x565057931ba1 <unknown>\n#4 0x5650579801f4 <unknown>\n#5 0x5650579575bd <unknown>\n#6 0x56505797d5e0 <unknown>\n#7 0x565057957363 <unknown>\n#8 0x565057923d63 <unknown>\n#9 0x5650579249c1 <unknown>\n#10 0x565057df2a6b <unknown>\n#11 0x565057df6951 <unknown>\n#12 0x565057ddab62 <unknown>\n#13 0x565057df74c4 <unknown>\n#14 0x565057dbf13f <unknown>\n#15 0x565057e1b6f8 <unknown>\n#16 0x565057e1b8d6 <unknown>\n#17 0x565057e2c5a6 <unknown>\n#18 0x7f27de09caa4 <unknown>\n#19 0x7f27de129c3c <unknown>",
        "time" : {
          "start" : 1746084260541,
          "stop" : 1746084280693,
          "duration" : 20152
        }
      }, {
        "uid" : "16f8152412f3e480",
        "reportUrl" : "https://Brain-up.github.io/auto-tests-python/351//#testresult/16f8152412f3e480",
        "status" : "skipped",
        "statusDetails" : "XFAIL\n\nselenium.common.exceptions.TimeoutException: Message: Can't find element by locator ('xpath', '//button[@data-test-active-link=\"Similar phrases\"]')\nStacktrace:\n#0 0x55876e85a75a <unknown>\n#1 0x55876e30d4b0 <unknown>\n#2 0x55876e35e9b3 <unknown>\n#3 0x55876e35eba1 <unknown>\n#4 0x55876e3ad1f4 <unknown>\n#5 0x55876e3845bd <unknown>\n#6 0x55876e3aa5e0 <unknown>\n#7 0x55876e384363 <unknown>\n#8 0x55876e350d63 <unknown>\n#9 0x55876e3519c1 <unknown>\n#10 0x55876e81fa6b <unknown>\n#11 0x55876e823951 <unknown>\n#12 0x55876e807b62 <unknown>\n#13 0x55876e8244c4 <unknown>\n#14 0x55876e7ec13f <unknown>\n#15 0x55876e8486f8 <unknown>\n#16 0x55876e8488d6 <unknown>\n#17 0x55876e8595a6 <unknown>\n#18 0x7f25e069caa4 <unknown>\n#19 0x7f25e0729c3c <unknown>",
        "time" : {
          "start" : 1746063148974,
          "stop" : 1746063169136,
          "duration" : 20162
        }
      } ]
    },
    "tags" : [ "@pytest.mark.xfail" ]
  },
  "source" : "6bf3c00566444cd8.json",
  "parameterValues" : [ ]
}