{
  "uid" : "164993f5b7bf5ced",
  "name" : "Select a random card from \"Similar phrases\" group and compare UI vs BACKEND data",
  "fullName" : "tests.test_speech_exercises_en.TestCardsEN#test_random_cards_in_similar_phrases_en",
  "historyId" : "106afe14e1824ad4b55b346a52794d4b",
  "time" : {
    "start" : 1739150382713,
    "stop" : 1739150403350,
    "duration" : 20637
  },
  "status" : "skipped",
  "statusMessage" : "XFAIL\n\nselenium.common.exceptions.TimeoutException: Message: Can't find element by locator ('xpath', '//button[@data-test-active-link=\"Similar phrases\"]')\nStacktrace:\n#0 0x560439d6b53a <unknown>\n#1 0x560439866f00 <unknown>\n#2 0x5604398b6c0c <unknown>\n#3 0x5604398b6e31 <unknown>\n#4 0x5604398fcbd4 <unknown>\n#5 0x5604398db5cd <unknown>\n#6 0x5604398f9f84 <unknown>\n#7 0x5604398db343 <unknown>\n#8 0x5604398a878a <unknown>\n#9 0x5604398a99de <unknown>\n#10 0x560439d352cb <unknown>\n#11 0x560439d39242 <unknown>\n#12 0x560439d227ac <unknown>\n#13 0x560439d39df7 <unknown>\n#14 0x560439d06b2f <unknown>\n#15 0x560439d5a1a8 <unknown>\n#16 0x560439d5a370 <unknown>\n#17 0x560439d6a3b6 <unknown>\n#18 0x7fc7b489ca94 <unknown>\n#19 0x7fc7b4929c3c <unknown>",
  "statusTrace" : "self = <tests.test_speech_exercises_en.TestCardsEN object at 0x7f4be0732b70>\ndriver = <selenium.webdriver.chrome.webdriver.WebDriver (session=\"eb6fe7c2af0c3dcc0ad62822d5b94141\")>\nspecialist_user_authorized = None\n\n    @pytest.mark.xfail\n    @allure.suite(\"Speech exercises EN.\")\n    @allure.title('Select a random card from \"Similar phrases\" group and compare UI vs BACKEND data')\n    def test_random_cards_in_similar_phrases_en(self, driver, specialist_user_authorized):\n        page = SpeechExercisesPage(driver)\n>       page.select_group(SpeechExercisesPageLocators.SIMILAR_PHRASES_EN)\n\ntests/test_speech_exercises_en.py:57: \n_ _ _ _ _ _ _ _ _ _ _ _ _ _ _ _ _ _ _ _ _ _ _ _ _ _ _ _ _ _ _ _ _ _ _ _ _ _ _ _ \npages/speech_exercises_page_en.py:18: in select_group\n    text_of_the_button = self.element_is_present_and_clickable(selector_for_sub_group)\npages/base_page.py:40: in element_is_present_and_clickable\n    return (Wait(self.driver, self.timeout).until(\n_ _ _ _ _ _ _ _ _ _ _ _ _ _ _ _ _ _ _ _ _ _ _ _ _ _ _ _ _ _ _ _ _ _ _ _ _ _ _ _ \n\nself = <selenium.webdriver.support.wait.WebDriverWait (session=\"eb6fe7c2af0c3dcc0ad62822d5b94141\")>\nmethod = <function visibility_of_element_located.<locals>._predicate at 0x7f4be0893d80>\nmessage = 'Can\\'t find element by locator (\\'xpath\\', \\'//button[@data-test-active-link=\"Similar phrases\"]\\')'\n\n    def until(self, method, message: str = \"\"):\n        \"\"\"Calls the method provided with the driver as an argument until the \\\n        return value does not evaluate to ``False``.\n    \n        :param method: callable(WebDriver)\n        :param message: optional message for :exc:`TimeoutException`\n        :returns: the result of the last call to `method`\n        :raises: :exc:`selenium.common.exceptions.TimeoutException` if timeout occurs\n        \"\"\"\n        screen = None\n        stacktrace = None\n    \n        end_time = time.monotonic() + self._timeout\n        while True:\n            try:\n                value = method(self._driver)\n                if value:\n                    return value\n            except self._ignored_exceptions as exc:\n                screen = getattr(exc, \"screen\", None)\n                stacktrace = getattr(exc, \"stacktrace\", None)\n            time.sleep(self._poll)\n            if time.monotonic() > end_time:\n                break\n>       raise TimeoutException(message, screen, stacktrace)\nE       selenium.common.exceptions.TimeoutException: Message: Can't find element by locator ('xpath', '//button[@data-test-active-link=\"Similar phrases\"]')\nE       Stacktrace:\nE       #0 0x560439d6b53a <unknown>\nE       #1 0x560439866f00 <unknown>\nE       #2 0x5604398b6c0c <unknown>\nE       #3 0x5604398b6e31 <unknown>\nE       #4 0x5604398fcbd4 <unknown>\nE       #5 0x5604398db5cd <unknown>\nE       #6 0x5604398f9f84 <unknown>\nE       #7 0x5604398db343 <unknown>\nE       #8 0x5604398a878a <unknown>\nE       #9 0x5604398a99de <unknown>\nE       #10 0x560439d352cb <unknown>\nE       #11 0x560439d39242 <unknown>\nE       #12 0x560439d227ac <unknown>\nE       #13 0x560439d39df7 <unknown>\nE       #14 0x560439d06b2f <unknown>\nE       #15 0x560439d5a1a8 <unknown>\nE       #16 0x560439d5a370 <unknown>\nE       #17 0x560439d6a3b6 <unknown>\nE       #18 0x7fc7b489ca94 <unknown>\nE       #19 0x7fc7b4929c3c <unknown>\n\n/opt/hostedtoolcache/Python/3.12.8/x64/lib/python3.12/site-packages/selenium/webdriver/support/wait.py:95: TimeoutException",
  "flaky" : false,
  "newFailed" : false,
  "beforeStages" : [ {
    "name" : "main_page_open",
    "time" : {
      "start" : 1739150376460,
      "stop" : 1739150380277,
      "duration" : 3817
    },
    "status" : "passed",
    "steps" : [ {
      "name" : "Open page: https://www.brainup.site/",
      "time" : {
        "start" : 1739150376460,
        "stop" : 1739150380277,
        "duration" : 3817
      },
      "status" : "passed",
      "steps" : [ ],
      "attachments" : [ ],
      "parameters" : [ {
        "name" : "driver",
        "value" : "<selenium.webdriver.chrome.webdriver.WebDriver (session=\"eb6fe7c2af0c3dcc0ad62822d5b94141\")>"
      } ],
      "stepsCount" : 0,
      "attachmentsCount" : 0,
      "shouldDisplayMessage" : false,
      "hasContent" : true
    } ],
    "attachments" : [ ],
    "parameters" : [ ],
    "stepsCount" : 1,
    "attachmentsCount" : 0,
    "shouldDisplayMessage" : false,
    "hasContent" : true
  }, {
    "name" : "specialist_user_authorized",
    "time" : {
      "start" : 1739150380277,
      "stop" : 1739150382713,
      "duration" : 2436
    },
    "status" : "passed",
    "steps" : [ {
      "name" : "USER specialist authorized",
      "time" : {
        "start" : 1739150380277,
        "stop" : 1739150382713,
        "duration" : 2436
      },
      "status" : "passed",
      "steps" : [ {
        "name" : "Check url is present: https://www.brainup.site/groups",
        "time" : {
          "start" : 1739150380671,
          "stop" : 1739150382688,
          "duration" : 2017
        },
        "status" : "passed",
        "steps" : [ ],
        "attachments" : [ ],
        "parameters" : [ ],
        "stepsCount" : 0,
        "attachmentsCount" : 0,
        "shouldDisplayMessage" : false,
        "hasContent" : false
      }, {
        "name" : "Loader checking",
        "time" : {
          "start" : 1739150382688,
          "stop" : 1739150382713,
          "duration" : 25
        },
        "status" : "passed",
        "steps" : [ ],
        "attachments" : [ ],
        "parameters" : [ ],
        "stepsCount" : 0,
        "attachmentsCount" : 0,
        "shouldDisplayMessage" : false,
        "hasContent" : false
      } ],
      "attachments" : [ ],
      "parameters" : [ {
        "name" : "driver",
        "value" : "<selenium.webdriver.chrome.webdriver.WebDriver (session=\"eb6fe7c2af0c3dcc0ad62822d5b94141\")>"
      }, {
        "name" : "main_page_open",
        "value" : "None"
      } ],
      "stepsCount" : 2,
      "attachmentsCount" : 0,
      "shouldDisplayMessage" : false,
      "hasContent" : true
    } ],
    "attachments" : [ ],
    "parameters" : [ ],
    "stepsCount" : 3,
    "attachmentsCount" : 0,
    "shouldDisplayMessage" : false,
    "hasContent" : true
  }, {
    "name" : "clear_allure_results_folder",
    "time" : {
      "start" : 1739149034864,
      "stop" : 1739149034864,
      "duration" : 0
    },
    "status" : "passed",
    "steps" : [ ],
    "attachments" : [ ],
    "parameters" : [ ],
    "stepsCount" : 0,
    "attachmentsCount" : 0,
    "shouldDisplayMessage" : false,
    "hasContent" : false
  }, {
    "name" : "driver",
    "time" : {
      "start" : 1739150375640,
      "stop" : 1739150376460,
      "duration" : 820
    },
    "status" : "passed",
    "steps" : [ ],
    "attachments" : [ ],
    "parameters" : [ ],
    "stepsCount" : 0,
    "attachmentsCount" : 0,
    "shouldDisplayMessage" : false,
    "hasContent" : false
  } ],
  "testStage" : {
    "status" : "skipped",
    "statusMessage" : "XFAIL\n\nselenium.common.exceptions.TimeoutException: Message: Can't find element by locator ('xpath', '//button[@data-test-active-link=\"Similar phrases\"]')\nStacktrace:\n#0 0x560439d6b53a <unknown>\n#1 0x560439866f00 <unknown>\n#2 0x5604398b6c0c <unknown>\n#3 0x5604398b6e31 <unknown>\n#4 0x5604398fcbd4 <unknown>\n#5 0x5604398db5cd <unknown>\n#6 0x5604398f9f84 <unknown>\n#7 0x5604398db343 <unknown>\n#8 0x5604398a878a <unknown>\n#9 0x5604398a99de <unknown>\n#10 0x560439d352cb <unknown>\n#11 0x560439d39242 <unknown>\n#12 0x560439d227ac <unknown>\n#13 0x560439d39df7 <unknown>\n#14 0x560439d06b2f <unknown>\n#15 0x560439d5a1a8 <unknown>\n#16 0x560439d5a370 <unknown>\n#17 0x560439d6a3b6 <unknown>\n#18 0x7fc7b489ca94 <unknown>\n#19 0x7fc7b4929c3c <unknown>",
    "statusTrace" : "self = <tests.test_speech_exercises_en.TestCardsEN object at 0x7f4be0732b70>\ndriver = <selenium.webdriver.chrome.webdriver.WebDriver (session=\"eb6fe7c2af0c3dcc0ad62822d5b94141\")>\nspecialist_user_authorized = None\n\n    @pytest.mark.xfail\n    @allure.suite(\"Speech exercises EN.\")\n    @allure.title('Select a random card from \"Similar phrases\" group and compare UI vs BACKEND data')\n    def test_random_cards_in_similar_phrases_en(self, driver, specialist_user_authorized):\n        page = SpeechExercisesPage(driver)\n>       page.select_group(SpeechExercisesPageLocators.SIMILAR_PHRASES_EN)\n\ntests/test_speech_exercises_en.py:57: \n_ _ _ _ _ _ _ _ _ _ _ _ _ _ _ _ _ _ _ _ _ _ _ _ _ _ _ _ _ _ _ _ _ _ _ _ _ _ _ _ \npages/speech_exercises_page_en.py:18: in select_group\n    text_of_the_button = self.element_is_present_and_clickable(selector_for_sub_group)\npages/base_page.py:40: in element_is_present_and_clickable\n    return (Wait(self.driver, self.timeout).until(\n_ _ _ _ _ _ _ _ _ _ _ _ _ _ _ _ _ _ _ _ _ _ _ _ _ _ _ _ _ _ _ _ _ _ _ _ _ _ _ _ \n\nself = <selenium.webdriver.support.wait.WebDriverWait (session=\"eb6fe7c2af0c3dcc0ad62822d5b94141\")>\nmethod = <function visibility_of_element_located.<locals>._predicate at 0x7f4be0893d80>\nmessage = 'Can\\'t find element by locator (\\'xpath\\', \\'//button[@data-test-active-link=\"Similar phrases\"]\\')'\n\n    def until(self, method, message: str = \"\"):\n        \"\"\"Calls the method provided with the driver as an argument until the \\\n        return value does not evaluate to ``False``.\n    \n        :param method: callable(WebDriver)\n        :param message: optional message for :exc:`TimeoutException`\n        :returns: the result of the last call to `method`\n        :raises: :exc:`selenium.common.exceptions.TimeoutException` if timeout occurs\n        \"\"\"\n        screen = None\n        stacktrace = None\n    \n        end_time = time.monotonic() + self._timeout\n        while True:\n            try:\n                value = method(self._driver)\n                if value:\n                    return value\n            except self._ignored_exceptions as exc:\n                screen = getattr(exc, \"screen\", None)\n                stacktrace = getattr(exc, \"stacktrace\", None)\n            time.sleep(self._poll)\n            if time.monotonic() > end_time:\n                break\n>       raise TimeoutException(message, screen, stacktrace)\nE       selenium.common.exceptions.TimeoutException: Message: Can't find element by locator ('xpath', '//button[@data-test-active-link=\"Similar phrases\"]')\nE       Stacktrace:\nE       #0 0x560439d6b53a <unknown>\nE       #1 0x560439866f00 <unknown>\nE       #2 0x5604398b6c0c <unknown>\nE       #3 0x5604398b6e31 <unknown>\nE       #4 0x5604398fcbd4 <unknown>\nE       #5 0x5604398db5cd <unknown>\nE       #6 0x5604398f9f84 <unknown>\nE       #7 0x5604398db343 <unknown>\nE       #8 0x5604398a878a <unknown>\nE       #9 0x5604398a99de <unknown>\nE       #10 0x560439d352cb <unknown>\nE       #11 0x560439d39242 <unknown>\nE       #12 0x560439d227ac <unknown>\nE       #13 0x560439d39df7 <unknown>\nE       #14 0x560439d06b2f <unknown>\nE       #15 0x560439d5a1a8 <unknown>\nE       #16 0x560439d5a370 <unknown>\nE       #17 0x560439d6a3b6 <unknown>\nE       #18 0x7fc7b489ca94 <unknown>\nE       #19 0x7fc7b4929c3c <unknown>\n\n/opt/hostedtoolcache/Python/3.12.8/x64/lib/python3.12/site-packages/selenium/webdriver/support/wait.py:95: TimeoutException",
    "steps" : [ {
      "name" : "select_group",
      "time" : {
        "start" : 1739150382714,
        "stop" : 1739150403350,
        "duration" : 20636
      },
      "status" : "broken",
      "statusMessage" : "selenium.common.exceptions.TimeoutException: Message: Can't find element by locator ('xpath', '//button[@data-test-active-link=\"Similar phrases\"]')\nStacktrace:\n#0 0x560439d6b53a <unknown>\n#1 0x560439866f00 <unknown>\n#2 0x5604398b6c0c <unknown>\n#3 0x5604398b6e31 <unknown>\n#4 0x5604398fcbd4 <unknown>\n#5 0x5604398db5cd <unknown>\n#6 0x5604398f9f84 <unknown>\n#7 0x5604398db343 <unknown>\n#8 0x5604398a878a <unknown>\n#9 0x5604398a99de <unknown>\n#10 0x560439d352cb <unknown>\n#11 0x560439d39242 <unknown>\n#12 0x560439d227ac <unknown>\n#13 0x560439d39df7 <unknown>\n#14 0x560439d06b2f <unknown>\n#15 0x560439d5a1a8 <unknown>\n#16 0x560439d5a370 <unknown>\n#17 0x560439d6a3b6 <unknown>\n#18 0x7fc7b489ca94 <unknown>\n#19 0x7fc7b4929c3c <unknown>\n\n",
      "statusTrace" : "  File \"/opt/hostedtoolcache/Python/3.12.8/x64/lib/python3.12/site-packages/allure_commons/_allure.py\", line 192, in impl\n    return func(*a, **kw)\n           ^^^^^^^^^^^^^^\n  File \"/home/runner/work/auto-tests-python/auto-tests-python/pages/speech_exercises_page_en.py\", line 18, in select_group\n    text_of_the_button = self.element_is_present_and_clickable(selector_for_sub_group)\n                         ^^^^^^^^^^^^^^^^^^^^^^^^^^^^^^^^^^^^^^^^^^^^^^^^^^^^^^^^^^^^^\n  File \"/home/runner/work/auto-tests-python/auto-tests-python/pages/base_page.py\", line 40, in element_is_present_and_clickable\n    return (Wait(self.driver, self.timeout).until(\n            ^^^^^^^^^^^^^^^^^^^^^^^^^^^^^^^^^^^^^^\n  File \"/opt/hostedtoolcache/Python/3.12.8/x64/lib/python3.12/site-packages/selenium/webdriver/support/wait.py\", line 95, in until\n    raise TimeoutException(message, screen, stacktrace)\n",
      "steps" : [ {
        "name" : "Select Russian language. Click \"EN\" button.",
        "time" : {
          "start" : 1739150382714,
          "stop" : 1739150382783,
          "duration" : 69
        },
        "status" : "passed",
        "steps" : [ ],
        "attachments" : [ ],
        "parameters" : [ ],
        "stepsCount" : 0,
        "attachmentsCount" : 0,
        "shouldDisplayMessage" : false,
        "hasContent" : false
      }, {
        "name" : "Click button \"SPEECH EXERCISES\".",
        "time" : {
          "start" : 1739150382783,
          "stop" : 1739150382856,
          "duration" : 73
        },
        "status" : "passed",
        "steps" : [ ],
        "attachments" : [ ],
        "parameters" : [ ],
        "stepsCount" : 0,
        "attachmentsCount" : 0,
        "shouldDisplayMessage" : false,
        "hasContent" : false
      } ],
      "attachments" : [ ],
      "parameters" : [ {
        "name" : "selector_for_sub_group",
        "value" : "('xpath', '//button[@data-test-active-link=\"Similar phrases\"]')"
      } ],
      "stepsCount" : 2,
      "attachmentsCount" : 0,
      "shouldDisplayMessage" : true,
      "hasContent" : true
    } ],
    "attachments" : [ ],
    "parameters" : [ ],
    "stepsCount" : 3,
    "attachmentsCount" : 0,
    "shouldDisplayMessage" : true,
    "hasContent" : true
  },
  "afterStages" : [ {
    "name" : "driver::0",
    "time" : {
      "start" : 1739150403360,
      "stop" : 1739150403431,
      "duration" : 71
    },
    "status" : "passed",
    "steps" : [ ],
    "attachments" : [ ],
    "parameters" : [ ],
    "stepsCount" : 0,
    "attachmentsCount" : 0,
    "shouldDisplayMessage" : false,
    "hasContent" : false
  } ],
  "labels" : [ {
    "name" : "epic",
    "value" : "Speech exercises."
  }, {
    "name" : "suite",
    "value" : "Speech exercises EN."
  }, {
    "name" : "tag",
    "value" : "@pytest.mark.xfail"
  }, {
    "name" : "parentSuite",
    "value" : "tests"
  }, {
    "name" : "subSuite",
    "value" : "TestCardsEN"
  }, {
    "name" : "host",
    "value" : "fv-az1044-191"
  }, {
    "name" : "thread",
    "value" : "2409-MainThread"
  }, {
    "name" : "framework",
    "value" : "pytest"
  }, {
    "name" : "language",
    "value" : "cpython3"
  }, {
    "name" : "package",
    "value" : "tests.test_speech_exercises_en"
  }, {
    "name" : "resultFormat",
    "value" : "allure2"
  } ],
  "parameters" : [ ],
  "links" : [ ],
  "hidden" : false,
  "retry" : false,
  "extra" : {
    "severity" : "normal",
    "retries" : [ ],
    "categories" : [ ],
    "history" : {
      "statistic" : {
        "failed" : 0,
        "broken" : 0,
        "skipped" : 171,
        "passed" : 1,
        "unknown" : 0,
        "total" : 172
      },
      "items" : [ {
        "uid" : "9b1cc16d56f74275",
        "reportUrl" : "https://Brain-up.github.io/auto-tests-python/474//#testresult/9b1cc16d56f74275",
        "status" : "skipped",
        "statusDetails" : "XFAIL\n\nselenium.common.exceptions.TimeoutException: Message: Can't find element by locator ('xpath', '//button[@data-test-active-link=\"Similar phrases\"]')\nStacktrace:\n#0 0x56446e7ba53a <unknown>\n#1 0x56446e2b5f00 <unknown>\n#2 0x56446e305c0c <unknown>\n#3 0x56446e305e31 <unknown>\n#4 0x56446e34bbd4 <unknown>\n#5 0x56446e32a5cd <unknown>\n#6 0x56446e348f84 <unknown>\n#7 0x56446e32a343 <unknown>\n#8 0x56446e2f778a <unknown>\n#9 0x56446e2f89de <unknown>\n#10 0x56446e7842cb <unknown>\n#11 0x56446e788242 <unknown>\n#12 0x56446e7717ac <unknown>\n#13 0x56446e788df7 <unknown>\n#14 0x56446e755b2f <unknown>\n#15 0x56446e7a91a8 <unknown>\n#16 0x56446e7a9370 <unknown>\n#17 0x56446e7b93b6 <unknown>\n#18 0x7fe2c9c9ca94 <unknown>\n#19 0x7fe2c9d29c3c <unknown>",
        "time" : {
          "start" : 1739134709544,
          "stop" : 1739134730184,
          "duration" : 20640
        }
      }, {
        "uid" : "c15c678d25c38f59",
        "reportUrl" : "https://Brain-up.github.io/auto-tests-python/270//#testresult/c15c678d25c38f59",
        "status" : "skipped",
        "statusDetails" : "XFAIL\n\nselenium.common.exceptions.TimeoutException: Message: Can't find element by locator ('xpath', '//button[@data-test-active-link=\"Similar phrases\"]')\nStacktrace:\n#0 0x5640fadb053a <unknown>\n#1 0x5640fa8abf00 <unknown>\n#2 0x5640fa8fbc0c <unknown>\n#3 0x5640fa8fbe31 <unknown>\n#4 0x5640fa941bd4 <unknown>\n#5 0x5640fa9205cd <unknown>\n#6 0x5640fa93ef84 <unknown>\n#7 0x5640fa920343 <unknown>\n#8 0x5640fa8ed78a <unknown>\n#9 0x5640fa8ee9de <unknown>\n#10 0x5640fad7a2cb <unknown>\n#11 0x5640fad7e242 <unknown>\n#12 0x5640fad677ac <unknown>\n#13 0x5640fad7edf7 <unknown>\n#14 0x5640fad4bb2f <unknown>\n#15 0x5640fad9f1a8 <unknown>\n#16 0x5640fad9f370 <unknown>\n#17 0x5640fadaf3b6 <unknown>\n#18 0x7f644fc9ca94 <unknown>\n#19 0x7f644fd29c3c <unknown>",
        "time" : {
          "start" : 1739063897799,
          "stop" : 1739063917982,
          "duration" : 20183
        }
      }, {
        "uid" : "8cf482d9d80cafae",
        "reportUrl" : "https://Brain-up.github.io/auto-tests-python/473//#testresult/8cf482d9d80cafae",
        "status" : "skipped",
        "statusDetails" : "XFAIL\n\nselenium.common.exceptions.TimeoutException: Message: Can't find element by locator ('xpath', '//button[@data-test-active-link=\"Similar phrases\"]')\nStacktrace:\n#0 0x55642095653a <unknown>\n#1 0x556420451f00 <unknown>\n#2 0x5564204a1c0c <unknown>\n#3 0x5564204a1e31 <unknown>\n#4 0x5564204e7bd4 <unknown>\n#5 0x5564204c65cd <unknown>\n#6 0x5564204e4f84 <unknown>\n#7 0x5564204c6343 <unknown>\n#8 0x55642049378a <unknown>\n#9 0x5564204949de <unknown>\n#10 0x5564209202cb <unknown>\n#11 0x556420924242 <unknown>\n#12 0x55642090d7ac <unknown>\n#13 0x556420924df7 <unknown>\n#14 0x5564208f1b2f <unknown>\n#15 0x5564209451a8 <unknown>\n#16 0x556420945370 <unknown>\n#17 0x5564209553b6 <unknown>\n#18 0x7fdd9a29ca94 <unknown>\n#19 0x7fdd9a329c3c <unknown>",
        "time" : {
          "start" : 1739020586456,
          "stop" : 1739020607085,
          "duration" : 20629
        }
      }, {
        "uid" : "7004ec19862b3593",
        "reportUrl" : "https://Brain-up.github.io/auto-tests-python/269//#testresult/7004ec19862b3593",
        "status" : "skipped",
        "statusDetails" : "XFAIL\n\nselenium.common.exceptions.TimeoutException: Message: Can't find element by locator ('xpath', '//button[@data-test-active-link=\"Similar phrases\"]')\nStacktrace:\n#0 0x55b45c02a53a <unknown>\n#1 0x55b45bb25f00 <unknown>\n#2 0x55b45bb75c0c <unknown>\n#3 0x55b45bb75e31 <unknown>\n#4 0x55b45bbbbbd4 <unknown>\n#5 0x55b45bb9a5cd <unknown>\n#6 0x55b45bbb8f84 <unknown>\n#7 0x55b45bb9a343 <unknown>\n#8 0x55b45bb6778a <unknown>\n#9 0x55b45bb689de <unknown>\n#10 0x55b45bff42cb <unknown>\n#11 0x55b45bff8242 <unknown>\n#12 0x55b45bfe17ac <unknown>\n#13 0x55b45bff8df7 <unknown>\n#14 0x55b45bfc5b2f <unknown>\n#15 0x55b45c0191a8 <unknown>\n#16 0x55b45c019370 <unknown>\n#17 0x55b45c0293b6 <unknown>\n#18 0x7f7afde9ca94 <unknown>\n#19 0x7f7afdf29c3c <unknown>",
        "time" : {
          "start" : 1738977217244,
          "stop" : 1738977237498,
          "duration" : 20254
        }
      }, {
        "uid" : "7b19310e076c5219",
        "reportUrl" : "https://Brain-up.github.io/auto-tests-python/472//#testresult/7b19310e076c5219",
        "status" : "skipped",
        "statusDetails" : "XFAIL\n\nselenium.common.exceptions.TimeoutException: Message: Can't find element by locator ('xpath', '//button[@data-test-active-link=\"Similar phrases\"]')\nStacktrace:\n#0 0x55772be8c53a <unknown>\n#1 0x55772b987f00 <unknown>\n#2 0x55772b9d7c0c <unknown>\n#3 0x55772b9d7e31 <unknown>\n#4 0x55772ba1dbd4 <unknown>\n#5 0x55772b9fc5cd <unknown>\n#6 0x55772ba1af84 <unknown>\n#7 0x55772b9fc343 <unknown>\n#8 0x55772b9c978a <unknown>\n#9 0x55772b9ca9de <unknown>\n#10 0x55772be562cb <unknown>\n#11 0x55772be5a242 <unknown>\n#12 0x55772be437ac <unknown>\n#13 0x55772be5adf7 <unknown>\n#14 0x55772be27b2f <unknown>\n#15 0x55772be7b1a8 <unknown>\n#16 0x55772be7b370 <unknown>\n#17 0x55772be8b3b6 <unknown>\n#18 0x7fc5ce69ca94 <unknown>\n#19 0x7fc5ce729c3c <unknown>",
        "time" : {
          "start" : 1738960566507,
          "stop" : 1738960586671,
          "duration" : 20164
        }
      }, {
        "uid" : "14b7aba71cf3cfe7",
        "reportUrl" : "https://Brain-up.github.io/auto-tests-python/268//#testresult/14b7aba71cf3cfe7",
        "status" : "skipped",
        "statusDetails" : "XFAIL\n\nselenium.common.exceptions.TimeoutException: Message: Can't find element by locator ('xpath', '//button[@data-test-active-link=\"Similar phrases\"]')\nStacktrace:\n#0 0x55f5fa7b353a <unknown>\n#1 0x55f5fa2aef00 <unknown>\n#2 0x55f5fa2fec0c <unknown>\n#3 0x55f5fa2fee31 <unknown>\n#4 0x55f5fa344bd4 <unknown>\n#5 0x55f5fa3235cd <unknown>\n#6 0x55f5fa341f84 <unknown>\n#7 0x55f5fa323343 <unknown>\n#8 0x55f5fa2f078a <unknown>\n#9 0x55f5fa2f19de <unknown>\n#10 0x55f5fa77d2cb <unknown>\n#11 0x55f5fa781242 <unknown>\n#12 0x55f5fa76a7ac <unknown>\n#13 0x55f5fa781df7 <unknown>\n#14 0x55f5fa74eb2f <unknown>\n#15 0x55f5fa7a21a8 <unknown>\n#16 0x55f5fa7a2370 <unknown>\n#17 0x55f5fa7b23b6 <unknown>\n#18 0x7f6d5109ca94 <unknown>\n#19 0x7f6d51129c3c <unknown>",
        "time" : {
          "start" : 1738891082263,
          "stop" : 1738891102917,
          "duration" : 20654
        }
      }, {
        "uid" : "45d9fa25e80f7fca",
        "reportUrl" : "https://Brain-up.github.io/auto-tests-python/471//#testresult/45d9fa25e80f7fca",
        "status" : "skipped",
        "statusDetails" : "XFAIL\n\nselenium.common.exceptions.TimeoutException: Message: Can't find element by locator ('xpath', '//button[@data-test-active-link=\"Similar phrases\"]')\nStacktrace:\n#0 0x55a69d07d53a <unknown>\n#1 0x55a69cb78f00 <unknown>\n#2 0x55a69cbc8c0c <unknown>\n#3 0x55a69cbc8e31 <unknown>\n#4 0x55a69cc0ebd4 <unknown>\n#5 0x55a69cbed5cd <unknown>\n#6 0x55a69cc0bf84 <unknown>\n#7 0x55a69cbed343 <unknown>\n#8 0x55a69cbba78a <unknown>\n#9 0x55a69cbbb9de <unknown>\n#10 0x55a69d0472cb <unknown>\n#11 0x55a69d04b242 <unknown>\n#12 0x55a69d0347ac <unknown>\n#13 0x55a69d04bdf7 <unknown>\n#14 0x55a69d018b2f <unknown>\n#15 0x55a69d06c1a8 <unknown>\n#16 0x55a69d06c370 <unknown>\n#17 0x55a69d07c3b6 <unknown>\n#18 0x7f60ef29ca94 <unknown>\n#19 0x7f60ef329c3c <unknown>",
        "time" : {
          "start" : 1738844056697,
          "stop" : 1738844076874,
          "duration" : 20177
        }
      }, {
        "uid" : "935d4745b861df1",
        "reportUrl" : "https://Brain-up.github.io/auto-tests-python/267//#testresult/935d4745b861df1",
        "status" : "skipped",
        "statusDetails" : "XFAIL\n\nselenium.common.exceptions.TimeoutException: Message: Can't find element by locator ('xpath', '//button[@data-test-active-link=\"Similar phrases\"]')\nStacktrace:\n#0 0x562e14d0b53a <unknown>\n#1 0x562e14806f00 <unknown>\n#2 0x562e14856c0c <unknown>\n#3 0x562e14856e31 <unknown>\n#4 0x562e1489cbd4 <unknown>\n#5 0x562e1487b5cd <unknown>\n#6 0x562e14899f84 <unknown>\n#7 0x562e1487b343 <unknown>\n#8 0x562e1484878a <unknown>\n#9 0x562e148499de <unknown>\n#10 0x562e14cd52cb <unknown>\n#11 0x562e14cd9242 <unknown>\n#12 0x562e14cc27ac <unknown>\n#13 0x562e14cd9df7 <unknown>\n#14 0x562e14ca6b2f <unknown>\n#15 0x562e14cfa1a8 <unknown>\n#16 0x562e14cfa370 <unknown>\n#17 0x562e14d0a3b6 <unknown>\n#18 0x7f241ee9ca94 <unknown>\n#19 0x7f241ef29c3c <unknown>",
        "time" : {
          "start" : 1738804689726,
          "stop" : 1738804709885,
          "duration" : 20159
        }
      }, {
        "uid" : "1cc1884fe90d468c",
        "reportUrl" : "https://Brain-up.github.io/auto-tests-python/470//#testresult/1cc1884fe90d468c",
        "status" : "skipped",
        "statusDetails" : "XFAIL\n\nselenium.common.exceptions.TimeoutException: Message: Can't find element by locator ('xpath', '//button[@data-test-active-link=\"Similar phrases\"]')\nStacktrace:\n#0 0x56249b03953a <unknown>\n#1 0x56249ab34f00 <unknown>\n#2 0x56249ab84c0c <unknown>\n#3 0x56249ab84e31 <unknown>\n#4 0x56249abcabd4 <unknown>\n#5 0x56249aba95cd <unknown>\n#6 0x56249abc7f84 <unknown>\n#7 0x56249aba9343 <unknown>\n#8 0x56249ab7678a <unknown>\n#9 0x56249ab779de <unknown>\n#10 0x56249b0032cb <unknown>\n#11 0x56249b007242 <unknown>\n#12 0x56249aff07ac <unknown>\n#13 0x56249b007df7 <unknown>\n#14 0x56249afd4b2f <unknown>\n#15 0x56249b0281a8 <unknown>\n#16 0x56249b028370 <unknown>\n#17 0x56249b0383b6 <unknown>\n#18 0x7f135ca9ca94 <unknown>\n#19 0x7f135cb29c3c <unknown>",
        "time" : {
          "start" : 1738787304533,
          "stop" : 1738787324811,
          "duration" : 20278
        }
      }, {
        "uid" : "aa8939ba3cce9de9",
        "reportUrl" : "https://Brain-up.github.io/auto-tests-python/266//#testresult/aa8939ba3cce9de9",
        "status" : "skipped",
        "statusDetails" : "XFAIL\n\nselenium.common.exceptions.TimeoutException: Message: Can't find element by locator ('xpath', '//button[@data-test-active-link=\"Similar phrases\"]')\nStacktrace:\n#0 0x5646bf5f953a <unknown>\n#1 0x5646bf0f4f00 <unknown>\n#2 0x5646bf144c0c <unknown>\n#3 0x5646bf144e31 <unknown>\n#4 0x5646bf18abd4 <unknown>\n#5 0x5646bf1695cd <unknown>\n#6 0x5646bf187f84 <unknown>\n#7 0x5646bf169343 <unknown>\n#8 0x5646bf13678a <unknown>\n#9 0x5646bf1379de <unknown>\n#10 0x5646bf5c32cb <unknown>\n#11 0x5646bf5c7242 <unknown>\n#12 0x5646bf5b07ac <unknown>\n#13 0x5646bf5c7df7 <unknown>\n#14 0x5646bf594b2f <unknown>\n#15 0x5646bf5e81a8 <unknown>\n#16 0x5646bf5e8370 <unknown>\n#17 0x5646bf5f83b6 <unknown>\n#18 0x7fa43ce9ca94 <unknown>\n#19 0x7fa43cf29c3c <unknown>",
        "time" : {
          "start" : 1738718250975,
          "stop" : 1738718271644,
          "duration" : 20669
        }
      }, {
        "uid" : "66aa07a89949f18",
        "reportUrl" : "https://Brain-up.github.io/auto-tests-python/469//#testresult/66aa07a89949f18",
        "status" : "skipped",
        "statusDetails" : "XFAIL\n\nselenium.common.exceptions.TimeoutException: Message: Can't find element by locator ('xpath', '//button[@data-test-active-link=\"Similar phrases\"]')\nStacktrace:\n#0 0x55cfed151dca <unknown>\n#1 0x55cfecc483f0 <unknown>\n#2 0x55cfecc9810c <unknown>\n#3 0x55cfecc98331 <unknown>\n#4 0x55cfeccde154 <unknown>\n#5 0x55cfeccbcabd <unknown>\n#6 0x55cfeccdb4b3 <unknown>\n#7 0x55cfeccbc833 <unknown>\n#8 0x55cfecc895a0 <unknown>\n#9 0x55cfecc8aece <unknown>\n#10 0x55cfed11bbdb <unknown>\n#11 0x55cfed11fb67 <unknown>\n#12 0x55cfed1073bc <unknown>\n#13 0x55cfed120727 <unknown>\n#14 0x55cfed0eb74f <unknown>\n#15 0x55cfed140938 <unknown>\n#16 0x55cfed140b00 <unknown>\n#17 0x55cfed150c46 <unknown>\n#18 0x7fca9dc9ca94 <unknown>\n#19 0x7fca9dd29c3c <unknown>",
        "time" : {
          "start" : 1738703640920,
          "stop" : 1738703661094,
          "duration" : 20174
        }
      }, {
        "uid" : "26d04bc4959229a",
        "reportUrl" : "https://Brain-up.github.io/auto-tests-python/468//#testresult/26d04bc4959229a",
        "status" : "skipped",
        "statusDetails" : "XFAIL\n\nselenium.common.exceptions.TimeoutException: Message: Can't find element by locator ('xpath', '//button[@data-test-active-link=\"Similar phrases\"]')\nStacktrace:\n#0 0x5563489f3dca <unknown>\n#1 0x5563484ea3f0 <unknown>\n#2 0x55634853a10c <unknown>\n#3 0x55634853a331 <unknown>\n#4 0x556348580154 <unknown>\n#5 0x55634855eabd <unknown>\n#6 0x55634857d4b3 <unknown>\n#7 0x55634855e833 <unknown>\n#8 0x55634852b5a0 <unknown>\n#9 0x55634852cece <unknown>\n#10 0x5563489bdbdb <unknown>\n#11 0x5563489c1b67 <unknown>\n#12 0x5563489a93bc <unknown>\n#13 0x5563489c2727 <unknown>\n#14 0x55634898d74f <unknown>\n#15 0x5563489e2938 <unknown>\n#16 0x5563489e2b00 <unknown>\n#17 0x5563489f2c46 <unknown>\n#18 0x7f49df69ca94 <unknown>\n#19 0x7f49df729c3c <unknown>",
        "time" : {
          "start" : 1738701490901,
          "stop" : 1738701511080,
          "duration" : 20179
        }
      }, {
        "uid" : "2e4c3b1db18b5ab6",
        "reportUrl" : "https://Brain-up.github.io/auto-tests-python/265//#testresult/2e4c3b1db18b5ab6",
        "status" : "skipped",
        "statusDetails" : "XFAIL\n\nselenium.common.exceptions.StaleElementReferenceException: Message: stale element reference: stale element not found in the current frame\n  (Session info: chrome=132.0.6834.110); For documentation on this error, please visit: https://www.selenium.dev/documentation/webdriver/troubleshooting/errors#stale-element-reference-exception\nStacktrace:\n#0 0x562b5d090dca <unknown>\n#1 0x562b5cb873f0 <unknown>\n#2 0x562b5cb8d3ea <unknown>\n#3 0x562b5cb8fa78 <unknown>\n#4 0x562b5cb8fb03 <unknown>\n#5 0x562b5cbda38b <unknown>\n#6 0x562b5cbd81cd <unknown>\n#7 0x562b5cbcb2bd <unknown>\n#8 0x562b5cbfba92 <unknown>\n#9 0x562b5cbcac48 <unknown>\n#10 0x562b5cbfbc5e <unknown>\n#11 0x562b5cc1a4b3 <unknown>\n#12 0x562b5cbfb833 <unknown>\n#13 0x562b5cbc85a0 <unknown>\n#14 0x562b5cbc9ece <unknown>\n#15 0x562b5d05abdb <unknown>\n#16 0x562b5d05eb67 <unknown>\n#17 0x562b5d0463bc <unknown>\n#18 0x562b5d05f727 <unknown>\n#19 0x562b5d02a74f <unknown>\n#20 0x562b5d07f938 <unknown>\n#21 0x562b5d07fb00 <unknown>\n#22 0x562b5d08fc46 <unknown>\n#23 0x7ff01f09ca94 <unknown>\n#24 0x7ff01f129c3c <unknown>",
        "time" : {
          "start" : 1738631664654,
          "stop" : 1738631665931,
          "duration" : 1277
        }
      }, {
        "uid" : "6b277691d8fb40ee",
        "reportUrl" : "https://Brain-up.github.io/auto-tests-python/467//#testresult/6b277691d8fb40ee",
        "status" : "skipped",
        "statusDetails" : "XFAIL\n\nselenium.common.exceptions.TimeoutException: Message: Can't find element by locator ('xpath', '//button[@data-test-active-link=\"Similar phrases\"]')\nStacktrace:\n#0 0x55e21c620dca <unknown>\n#1 0x55e21c1173f0 <unknown>\n#2 0x55e21c16710c <unknown>\n#3 0x55e21c167331 <unknown>\n#4 0x55e21c1ad154 <unknown>\n#5 0x55e21c18babd <unknown>\n#6 0x55e21c1aa4b3 <unknown>\n#7 0x55e21c18b833 <unknown>\n#8 0x55e21c1585a0 <unknown>\n#9 0x55e21c159ece <unknown>\n#10 0x55e21c5eabdb <unknown>\n#11 0x55e21c5eeb67 <unknown>\n#12 0x55e21c5d63bc <unknown>\n#13 0x55e21c5ef727 <unknown>\n#14 0x55e21c5ba74f <unknown>\n#15 0x55e21c60f938 <unknown>\n#16 0x55e21c60fb00 <unknown>\n#17 0x55e21c61fc46 <unknown>\n#18 0x7fdaeec9ca94 <unknown>\n#19 0x7fdaeed29c3c <unknown>",
        "time" : {
          "start" : 1738579166397,
          "stop" : 1738579186545,
          "duration" : 20148
        }
      }, {
        "uid" : "7c800493d0bc7ebe",
        "reportUrl" : "https://Brain-up.github.io/auto-tests-python/264//#testresult/7c800493d0bc7ebe",
        "status" : "skipped",
        "statusDetails" : "XFAIL\n\nselenium.common.exceptions.TimeoutException: Message: Can't find element by locator ('xpath', '//button[@data-test-active-link=\"Similar phrases\"]')\nStacktrace:\n#0 0x55cd78084dca <unknown>\n#1 0x55cd77b7b3f0 <unknown>\n#2 0x55cd77bcb10c <unknown>\n#3 0x55cd77bcb331 <unknown>\n#4 0x55cd77c11154 <unknown>\n#5 0x55cd77befabd <unknown>\n#6 0x55cd77c0e4b3 <unknown>\n#7 0x55cd77bef833 <unknown>\n#8 0x55cd77bbc5a0 <unknown>\n#9 0x55cd77bbdece <unknown>\n#10 0x55cd7804ebdb <unknown>\n#11 0x55cd78052b67 <unknown>\n#12 0x55cd7803a3bc <unknown>\n#13 0x55cd78053727 <unknown>\n#14 0x55cd7801e74f <unknown>\n#15 0x55cd78073938 <unknown>\n#16 0x55cd78073b00 <unknown>\n#17 0x55cd78083c46 <unknown>\n#18 0x7fa98f69ca94 <unknown>\n#19 0x7fa98f729c3c <unknown>",
        "time" : {
          "start" : 1738545313589,
          "stop" : 1738545333795,
          "duration" : 20206
        }
      }, {
        "uid" : "b170fd1530a57be",
        "reportUrl" : "https://Brain-up.github.io/auto-tests-python/466//#testresult/b170fd1530a57be",
        "status" : "skipped",
        "statusDetails" : "XFAIL\n\nselenium.common.exceptions.TimeoutException: Message: Can't find element by locator ('xpath', '//button[@data-test-active-link=\"Similar phrases\"]')\nStacktrace:\n#0 0x560f72369dca <unknown>\n#1 0x560f71e603f0 <unknown>\n#2 0x560f71eb010c <unknown>\n#3 0x560f71eb0331 <unknown>\n#4 0x560f71ef6154 <unknown>\n#5 0x560f71ed4abd <unknown>\n#6 0x560f71ef34b3 <unknown>\n#7 0x560f71ed4833 <unknown>\n#8 0x560f71ea15a0 <unknown>\n#9 0x560f71ea2ece <unknown>\n#10 0x560f72333bdb <unknown>\n#11 0x560f72337b67 <unknown>\n#12 0x560f7231f3bc <unknown>\n#13 0x560f72338727 <unknown>\n#14 0x560f7230374f <unknown>\n#15 0x560f72358938 <unknown>\n#16 0x560f72358b00 <unknown>\n#17 0x560f72368c46 <unknown>\n#18 0x7f86abc9ca94 <unknown>\n#19 0x7f86abd29c3c <unknown>",
        "time" : {
          "start" : 1738528936350,
          "stop" : 1738528956514,
          "duration" : 20164
        }
      }, {
        "uid" : "db67eeb338cf6484",
        "reportUrl" : "https://Brain-up.github.io/auto-tests-python/263//#testresult/db67eeb338cf6484",
        "status" : "skipped",
        "statusDetails" : "XFAIL\n\nselenium.common.exceptions.StaleElementReferenceException: Message: stale element reference: stale element not found in the current frame\n  (Session info: chrome=132.0.6834.110); For documentation on this error, please visit: https://www.selenium.dev/documentation/webdriver/troubleshooting/errors#stale-element-reference-exception\nStacktrace:\n#0 0x55d1b80d8dca <unknown>\n#1 0x55d1b7bcf3f0 <unknown>\n#2 0x55d1b7bd53ea <unknown>\n#3 0x55d1b7bd7a78 <unknown>\n#4 0x55d1b7bd7b03 <unknown>\n#5 0x55d1b7c210b4 <unknown>\n#6 0x55d1b7c20476 <unknown>\n#7 0x55d1b7c132bd <unknown>\n#8 0x55d1b7c43a92 <unknown>\n#9 0x55d1b7c12c48 <unknown>\n#10 0x55d1b7c43c5e <unknown>\n#11 0x55d1b7c624b3 <unknown>\n#12 0x55d1b7c43833 <unknown>\n#13 0x55d1b7c105a0 <unknown>\n#14 0x55d1b7c11ece <unknown>\n#15 0x55d1b80a2bdb <unknown>\n#16 0x55d1b80a6b67 <unknown>\n#17 0x55d1b808e3bc <unknown>\n#18 0x55d1b80a7727 <unknown>\n#19 0x55d1b807274f <unknown>\n#20 0x55d1b80c7938 <unknown>\n#21 0x55d1b80c7b00 <unknown>\n#22 0x55d1b80d7c46 <unknown>\n#23 0x7f95d8a9ca94 <unknown>\n#24 0x7f95d8b29c3c <unknown>",
        "time" : {
          "start" : 1738459030651,
          "stop" : 1738459031953,
          "duration" : 1302
        }
      }, {
        "uid" : "e17d785cdfb0f012",
        "reportUrl" : "https://Brain-up.github.io/auto-tests-python/465//#testresult/e17d785cdfb0f012",
        "status" : "skipped",
        "statusDetails" : "XFAIL\n\nselenium.common.exceptions.TimeoutException: Message: Can't find element by locator ('xpath', '//button[@data-test-active-link=\"Similar phrases\"]')\nStacktrace:\n#0 0x558e8c5cddca <unknown>\n#1 0x558e8c0c43f0 <unknown>\n#2 0x558e8c11410c <unknown>\n#3 0x558e8c114331 <unknown>\n#4 0x558e8c15a154 <unknown>\n#5 0x558e8c138abd <unknown>\n#6 0x558e8c1574b3 <unknown>\n#7 0x558e8c138833 <unknown>\n#8 0x558e8c1055a0 <unknown>\n#9 0x558e8c106ece <unknown>\n#10 0x558e8c597bdb <unknown>\n#11 0x558e8c59bb67 <unknown>\n#12 0x558e8c5833bc <unknown>\n#13 0x558e8c59c727 <unknown>\n#14 0x558e8c56774f <unknown>\n#15 0x558e8c5bc938 <unknown>\n#16 0x558e8c5bcb00 <unknown>\n#17 0x558e8c5ccc46 <unknown>\n#18 0x7f690d29ca94 <unknown>\n#19 0x7f690d329c3c <unknown>",
        "time" : {
          "start" : 1738398311623,
          "stop" : 1738398332266,
          "duration" : 20643
        }
      }, {
        "uid" : "4890430b918d04ca",
        "reportUrl" : "https://Brain-up.github.io/auto-tests-python/262//#testresult/4890430b918d04ca",
        "status" : "skipped",
        "statusDetails" : "XFAIL\n\nselenium.common.exceptions.TimeoutException: Message: Can't find element by locator ('xpath', '//button[@data-test-active-link=\"Similar phrases\"]')\nStacktrace:\n#0 0x555d64d8ddca <unknown>\n#1 0x555d648843f0 <unknown>\n#2 0x555d648d410c <unknown>\n#3 0x555d648d4331 <unknown>\n#4 0x555d6491a154 <unknown>\n#5 0x555d648f8abd <unknown>\n#6 0x555d649174b3 <unknown>\n#7 0x555d648f8833 <unknown>\n#8 0x555d648c55a0 <unknown>\n#9 0x555d648c6ece <unknown>\n#10 0x555d64d57bdb <unknown>\n#11 0x555d64d5bb67 <unknown>\n#12 0x555d64d433bc <unknown>\n#13 0x555d64d5c727 <unknown>\n#14 0x555d64d2774f <unknown>\n#15 0x555d64d7c938 <unknown>\n#16 0x555d64d7cb00 <unknown>\n#17 0x555d64d8cc46 <unknown>\n#18 0x7f346d89ca94 <unknown>\n#19 0x7f346d929c3c <unknown>",
        "time" : {
          "start" : 1738372651914,
          "stop" : 1738372672093,
          "duration" : 20179
        }
      }, {
        "uid" : "c67e0ac649dbcbd7",
        "reportUrl" : "https://Brain-up.github.io/auto-tests-python/464//#testresult/c67e0ac649dbcbd7",
        "status" : "skipped",
        "statusDetails" : "XFAIL\n\nselenium.common.exceptions.TimeoutException: Message: Can't find element by locator ('xpath', '//button[@data-test-active-link=\"Similar phrases\"]')\nStacktrace:\n#0 0x5643009b3dca <unknown>\n#1 0x5643004aa3f0 <unknown>\n#2 0x5643004fa10c <unknown>\n#3 0x5643004fa331 <unknown>\n#4 0x564300540154 <unknown>\n#5 0x56430051eabd <unknown>\n#6 0x56430053d4b3 <unknown>\n#7 0x56430051e833 <unknown>\n#8 0x5643004eb5a0 <unknown>\n#9 0x5643004ecece <unknown>\n#10 0x56430097dbdb <unknown>\n#11 0x564300981b67 <unknown>\n#12 0x5643009693bc <unknown>\n#13 0x564300982727 <unknown>\n#14 0x56430094d74f <unknown>\n#15 0x5643009a2938 <unknown>\n#16 0x5643009a2b00 <unknown>\n#17 0x5643009b2c46 <unknown>\n#18 0x7fce3129ca94 <unknown>\n#19 0x7fce31329c3c <unknown>",
        "time" : {
          "start" : 1738356381351,
          "stop" : 1738356401566,
          "duration" : 20215
        }
      } ]
    },
    "tags" : [ "@pytest.mark.xfail" ]
  },
  "source" : "164993f5b7bf5ced.json",
  "parameterValues" : [ ]
}