{
  "uid" : "b89d4630953eb238",
  "name" : "Solutions to a random task in the \"Слова\" group and comparison of statics.",
  "fullName" : "tests.test_speech_exercises_ru.TestCardsRU#test_solve_word_cards_with_statistic_ru",
  "historyId" : "0fb6881b2015244903bd7785af7503a6",
  "time" : {
    "start" : 1746905208837,
    "stop" : 1746905229000,
    "duration" : 20163
  },
  "status" : "skipped",
  "statusMessage" : "XFAIL\n\nselenium.common.exceptions.TimeoutException: Message: Can't find element by locator ('xpath', '//div[@class=\"__51e19\"]')\nStacktrace:\n#0 0x564e00d747fa <unknown>\n#1 0x564e00818e90 <unknown>\n#2 0x564e0086a870 <unknown>\n#3 0x564e0086aa61 <unknown>\n#4 0x564e008b8cb4 <unknown>\n#5 0x564e0089026d <unknown>\n#6 0x564e008b6135 <unknown>\n#7 0x564e00890013 <unknown>\n#8 0x564e0085cb3b <unknown>\n#9 0x564e0085d7a1 <unknown>\n#10 0x564e00d39b9b <unknown>\n#11 0x564e00d3da8a <unknown>\n#12 0x564e00d21912 <unknown>\n#13 0x564e00d3e604 <unknown>\n#14 0x564e00d0674f <unknown>\n#15 0x564e00d62678 <unknown>\n#16 0x564e00d62856 <unknown>\n#17 0x564e00d73666 <unknown>\n#18 0x7fd8d549caa4 <unknown>\n#19 0x7fd8d5529c3c <unknown>",
  "statusTrace" : "self = <tests.test_speech_exercises_ru.TestCardsRU object at 0x7efffff371d0>\ndriver = <selenium.webdriver.chrome.webdriver.WebDriver (session=\"debf02e051056223f9bcc7b27e5b334d\")>\ndefault_user_authorized = None\n\n    @pytest.mark.xfail\n    @allure.suite(\"Речевые упражнения.\")\n    @allure.title('Solutions to a random task in the \"Слова\" group and comparison of statics.')\n    def test_solve_word_cards_with_statistic_ru(self, driver, default_user_authorized):\n        page = SpeechExercisesPageRU(driver)\n        page.click_button_ru()\n>       table = page.get_statistic_data()\n\ntests/test_speech_exercises_ru.py:165: \n_ _ _ _ _ _ _ _ _ _ _ _ _ _ _ _ _ _ _ _ _ _ _ _ _ _ _ _ _ _ _ _ _ _ _ _ _ _ _ _ \npages/speech_exercises_page_ru.py:174: in get_statistic_data\n    table = self.element_is_present(self.locators.AuthorizedUserHomePageLocators.STATISTIC_TABLE)\npages/base_page.py:32: in element_is_present\n    return Wait(self.driver, self.timeout).until(\n_ _ _ _ _ _ _ _ _ _ _ _ _ _ _ _ _ _ _ _ _ _ _ _ _ _ _ _ _ _ _ _ _ _ _ _ _ _ _ _ \n\nself = <selenium.webdriver.support.wait.WebDriverWait (session=\"debf02e051056223f9bcc7b27e5b334d\")>\nmethod = <function presence_of_element_located.<locals>._predicate at 0x7effffe29580>\nmessage = 'Can\\'t find element by locator (\\'xpath\\', \\'//div[@class=\"__51e19\"]\\')'\n\n    def until(self, method, message: str = \"\"):\n        \"\"\"Calls the method provided with the driver as an argument until the \\\n        return value does not evaluate to ``False``.\n    \n        :param method: callable(WebDriver)\n        :param message: optional message for :exc:`TimeoutException`\n        :returns: the result of the last call to `method`\n        :raises: :exc:`selenium.common.exceptions.TimeoutException` if timeout occurs\n        \"\"\"\n        screen = None\n        stacktrace = None\n    \n        end_time = time.monotonic() + self._timeout\n        while True:\n            try:\n                value = method(self._driver)\n                if value:\n                    return value\n            except self._ignored_exceptions as exc:\n                screen = getattr(exc, \"screen\", None)\n                stacktrace = getattr(exc, \"stacktrace\", None)\n            time.sleep(self._poll)\n            if time.monotonic() > end_time:\n                break\n>       raise TimeoutException(message, screen, stacktrace)\nE       selenium.common.exceptions.TimeoutException: Message: Can't find element by locator ('xpath', '//div[@class=\"__51e19\"]')\nE       Stacktrace:\nE       #0 0x564e00d747fa <unknown>\nE       #1 0x564e00818e90 <unknown>\nE       #2 0x564e0086a870 <unknown>\nE       #3 0x564e0086aa61 <unknown>\nE       #4 0x564e008b8cb4 <unknown>\nE       #5 0x564e0089026d <unknown>\nE       #6 0x564e008b6135 <unknown>\nE       #7 0x564e00890013 <unknown>\nE       #8 0x564e0085cb3b <unknown>\nE       #9 0x564e0085d7a1 <unknown>\nE       #10 0x564e00d39b9b <unknown>\nE       #11 0x564e00d3da8a <unknown>\nE       #12 0x564e00d21912 <unknown>\nE       #13 0x564e00d3e604 <unknown>\nE       #14 0x564e00d0674f <unknown>\nE       #15 0x564e00d62678 <unknown>\nE       #16 0x564e00d62856 <unknown>\nE       #17 0x564e00d73666 <unknown>\nE       #18 0x7fd8d549caa4 <unknown>\nE       #19 0x7fd8d5529c3c <unknown>\n\n/opt/hostedtoolcache/Python/3.12.10/x64/lib/python3.12/site-packages/selenium/webdriver/support/wait.py:95: TimeoutException",
  "flaky" : false,
  "newFailed" : false,
  "beforeStages" : [ {
    "name" : "default_user_authorized",
    "time" : {
      "start" : 1746905205900,
      "stop" : 1746905208836,
      "duration" : 2936
    },
    "status" : "passed",
    "steps" : [ {
      "name" : "DEFAULT user authorized",
      "time" : {
        "start" : 1746905205900,
        "stop" : 1746905208836,
        "duration" : 2936
      },
      "status" : "passed",
      "steps" : [ {
        "name" : "Check url is present: https://www.brainup.site/groups",
        "time" : {
          "start" : 1746905206291,
          "stop" : 1746905208813,
          "duration" : 2522
        },
        "status" : "passed",
        "steps" : [ ],
        "attachments" : [ ],
        "parameters" : [ ],
        "stepsCount" : 0,
        "attachmentsCount" : 0,
        "shouldDisplayMessage" : false,
        "hasContent" : false
      }, {
        "name" : "Loader checking",
        "time" : {
          "start" : 1746905208813,
          "stop" : 1746905208836,
          "duration" : 23
        },
        "status" : "passed",
        "steps" : [ ],
        "attachments" : [ ],
        "parameters" : [ ],
        "stepsCount" : 0,
        "attachmentsCount" : 0,
        "shouldDisplayMessage" : false,
        "hasContent" : false
      } ],
      "attachments" : [ ],
      "parameters" : [ {
        "name" : "driver",
        "value" : "<selenium.webdriver.chrome.webdriver.WebDriver (session=\"debf02e051056223f9bcc7b27e5b334d\")>"
      }, {
        "name" : "main_page_open",
        "value" : "None"
      } ],
      "stepsCount" : 2,
      "attachmentsCount" : 0,
      "shouldDisplayMessage" : false,
      "hasContent" : true
    } ],
    "attachments" : [ ],
    "parameters" : [ ],
    "stepsCount" : 3,
    "attachmentsCount" : 0,
    "shouldDisplayMessage" : false,
    "hasContent" : true
  }, {
    "name" : "clear_allure_results_folder",
    "time" : {
      "start" : 1746903597641,
      "stop" : 1746903597641,
      "duration" : 0
    },
    "status" : "passed",
    "steps" : [ ],
    "attachments" : [ ],
    "parameters" : [ ],
    "stepsCount" : 0,
    "attachmentsCount" : 0,
    "shouldDisplayMessage" : false,
    "hasContent" : false
  }, {
    "name" : "driver",
    "time" : {
      "start" : 1746905202415,
      "stop" : 1746905203237,
      "duration" : 822
    },
    "status" : "passed",
    "steps" : [ ],
    "attachments" : [ ],
    "parameters" : [ ],
    "stepsCount" : 0,
    "attachmentsCount" : 0,
    "shouldDisplayMessage" : false,
    "hasContent" : false
  }, {
    "name" : "main_page_open",
    "time" : {
      "start" : 1746905203238,
      "stop" : 1746905205900,
      "duration" : 2662
    },
    "status" : "passed",
    "steps" : [ {
      "name" : "Open page: https://www.brainup.site/",
      "time" : {
        "start" : 1746905203238,
        "stop" : 1746905205900,
        "duration" : 2662
      },
      "status" : "passed",
      "steps" : [ ],
      "attachments" : [ ],
      "parameters" : [ {
        "name" : "driver",
        "value" : "<selenium.webdriver.chrome.webdriver.WebDriver (session=\"debf02e051056223f9bcc7b27e5b334d\")>"
      } ],
      "stepsCount" : 0,
      "attachmentsCount" : 0,
      "shouldDisplayMessage" : false,
      "hasContent" : true
    } ],
    "attachments" : [ ],
    "parameters" : [ ],
    "stepsCount" : 1,
    "attachmentsCount" : 0,
    "shouldDisplayMessage" : false,
    "hasContent" : true
  } ],
  "testStage" : {
    "status" : "skipped",
    "statusMessage" : "XFAIL\n\nselenium.common.exceptions.TimeoutException: Message: Can't find element by locator ('xpath', '//div[@class=\"__51e19\"]')\nStacktrace:\n#0 0x564e00d747fa <unknown>\n#1 0x564e00818e90 <unknown>\n#2 0x564e0086a870 <unknown>\n#3 0x564e0086aa61 <unknown>\n#4 0x564e008b8cb4 <unknown>\n#5 0x564e0089026d <unknown>\n#6 0x564e008b6135 <unknown>\n#7 0x564e00890013 <unknown>\n#8 0x564e0085cb3b <unknown>\n#9 0x564e0085d7a1 <unknown>\n#10 0x564e00d39b9b <unknown>\n#11 0x564e00d3da8a <unknown>\n#12 0x564e00d21912 <unknown>\n#13 0x564e00d3e604 <unknown>\n#14 0x564e00d0674f <unknown>\n#15 0x564e00d62678 <unknown>\n#16 0x564e00d62856 <unknown>\n#17 0x564e00d73666 <unknown>\n#18 0x7fd8d549caa4 <unknown>\n#19 0x7fd8d5529c3c <unknown>",
    "statusTrace" : "self = <tests.test_speech_exercises_ru.TestCardsRU object at 0x7efffff371d0>\ndriver = <selenium.webdriver.chrome.webdriver.WebDriver (session=\"debf02e051056223f9bcc7b27e5b334d\")>\ndefault_user_authorized = None\n\n    @pytest.mark.xfail\n    @allure.suite(\"Речевые упражнения.\")\n    @allure.title('Solutions to a random task in the \"Слова\" group and comparison of statics.')\n    def test_solve_word_cards_with_statistic_ru(self, driver, default_user_authorized):\n        page = SpeechExercisesPageRU(driver)\n        page.click_button_ru()\n>       table = page.get_statistic_data()\n\ntests/test_speech_exercises_ru.py:165: \n_ _ _ _ _ _ _ _ _ _ _ _ _ _ _ _ _ _ _ _ _ _ _ _ _ _ _ _ _ _ _ _ _ _ _ _ _ _ _ _ \npages/speech_exercises_page_ru.py:174: in get_statistic_data\n    table = self.element_is_present(self.locators.AuthorizedUserHomePageLocators.STATISTIC_TABLE)\npages/base_page.py:32: in element_is_present\n    return Wait(self.driver, self.timeout).until(\n_ _ _ _ _ _ _ _ _ _ _ _ _ _ _ _ _ _ _ _ _ _ _ _ _ _ _ _ _ _ _ _ _ _ _ _ _ _ _ _ \n\nself = <selenium.webdriver.support.wait.WebDriverWait (session=\"debf02e051056223f9bcc7b27e5b334d\")>\nmethod = <function presence_of_element_located.<locals>._predicate at 0x7effffe29580>\nmessage = 'Can\\'t find element by locator (\\'xpath\\', \\'//div[@class=\"__51e19\"]\\')'\n\n    def until(self, method, message: str = \"\"):\n        \"\"\"Calls the method provided with the driver as an argument until the \\\n        return value does not evaluate to ``False``.\n    \n        :param method: callable(WebDriver)\n        :param message: optional message for :exc:`TimeoutException`\n        :returns: the result of the last call to `method`\n        :raises: :exc:`selenium.common.exceptions.TimeoutException` if timeout occurs\n        \"\"\"\n        screen = None\n        stacktrace = None\n    \n        end_time = time.monotonic() + self._timeout\n        while True:\n            try:\n                value = method(self._driver)\n                if value:\n                    return value\n            except self._ignored_exceptions as exc:\n                screen = getattr(exc, \"screen\", None)\n                stacktrace = getattr(exc, \"stacktrace\", None)\n            time.sleep(self._poll)\n            if time.monotonic() > end_time:\n                break\n>       raise TimeoutException(message, screen, stacktrace)\nE       selenium.common.exceptions.TimeoutException: Message: Can't find element by locator ('xpath', '//div[@class=\"__51e19\"]')\nE       Stacktrace:\nE       #0 0x564e00d747fa <unknown>\nE       #1 0x564e00818e90 <unknown>\nE       #2 0x564e0086a870 <unknown>\nE       #3 0x564e0086aa61 <unknown>\nE       #4 0x564e008b8cb4 <unknown>\nE       #5 0x564e0089026d <unknown>\nE       #6 0x564e008b6135 <unknown>\nE       #7 0x564e00890013 <unknown>\nE       #8 0x564e0085cb3b <unknown>\nE       #9 0x564e0085d7a1 <unknown>\nE       #10 0x564e00d39b9b <unknown>\nE       #11 0x564e00d3da8a <unknown>\nE       #12 0x564e00d21912 <unknown>\nE       #13 0x564e00d3e604 <unknown>\nE       #14 0x564e00d0674f <unknown>\nE       #15 0x564e00d62678 <unknown>\nE       #16 0x564e00d62856 <unknown>\nE       #17 0x564e00d73666 <unknown>\nE       #18 0x7fd8d549caa4 <unknown>\nE       #19 0x7fd8d5529c3c <unknown>\n\n/opt/hostedtoolcache/Python/3.12.10/x64/lib/python3.12/site-packages/selenium/webdriver/support/wait.py:95: TimeoutException",
    "steps" : [ {
      "name" : "click_button RU",
      "time" : {
        "start" : 1746905208837,
        "stop" : 1746905208907,
        "duration" : 70
      },
      "status" : "passed",
      "steps" : [ {
        "name" : "Click button \"RU\".",
        "time" : {
          "start" : 1746905208837,
          "stop" : 1746905208907,
          "duration" : 70
        },
        "status" : "passed",
        "steps" : [ ],
        "attachments" : [ ],
        "parameters" : [ ],
        "stepsCount" : 0,
        "attachmentsCount" : 0,
        "shouldDisplayMessage" : false,
        "hasContent" : false
      } ],
      "attachments" : [ ],
      "parameters" : [ ],
      "stepsCount" : 1,
      "attachmentsCount" : 0,
      "shouldDisplayMessage" : false,
      "hasContent" : true
    }, {
      "name" : "get_statistic_data",
      "time" : {
        "start" : 1746905208907,
        "stop" : 1746905229000,
        "duration" : 20093
      },
      "status" : "broken",
      "statusMessage" : "selenium.common.exceptions.TimeoutException: Message: Can't find element by locator ('xpath', '//div[@class=\"__51e19\"]')\nStacktrace:\n#0 0x564e00d747fa <unknown>\n#1 0x564e00818e90 <unknown>\n#2 0x564e0086a870 <unknown>\n#3 0x564e0086aa61 <unknown>\n#4 0x564e008b8cb4 <unknown>\n#5 0x564e0089026d <unknown>\n#6 0x564e008b6135 <unknown>\n#7 0x564e00890013 <unknown>\n#8 0x564e0085cb3b <unknown>\n#9 0x564e0085d7a1 <unknown>\n#10 0x564e00d39b9b <unknown>\n#11 0x564e00d3da8a <unknown>\n#12 0x564e00d21912 <unknown>\n#13 0x564e00d3e604 <unknown>\n#14 0x564e00d0674f <unknown>\n#15 0x564e00d62678 <unknown>\n#16 0x564e00d62856 <unknown>\n#17 0x564e00d73666 <unknown>\n#18 0x7fd8d549caa4 <unknown>\n#19 0x7fd8d5529c3c <unknown>\n\n",
      "statusTrace" : "  File \"/opt/hostedtoolcache/Python/3.12.10/x64/lib/python3.12/site-packages/allure_commons/_allure.py\", line 192, in impl\n    return func(*a, **kw)\n           ^^^^^^^^^^^^^^\n  File \"/home/runner/work/auto-tests-python/auto-tests-python/pages/speech_exercises_page_ru.py\", line 174, in get_statistic_data\n    table = self.element_is_present(self.locators.AuthorizedUserHomePageLocators.STATISTIC_TABLE)\n            ^^^^^^^^^^^^^^^^^^^^^^^^^^^^^^^^^^^^^^^^^^^^^^^^^^^^^^^^^^^^^^^^^^^^^^^^^^^^^^^^^^^^^\n  File \"/home/runner/work/auto-tests-python/auto-tests-python/pages/base_page.py\", line 32, in element_is_present\n    return Wait(self.driver, self.timeout).until(\n           ^^^^^^^^^^^^^^^^^^^^^^^^^^^^^^^^^^^^^^\n  File \"/opt/hostedtoolcache/Python/3.12.10/x64/lib/python3.12/site-packages/selenium/webdriver/support/wait.py\", line 95, in until\n    raise TimeoutException(message, screen, stacktrace)\n",
      "steps" : [ {
        "name" : "Click button \"Статистика\"\".",
        "time" : {
          "start" : 1746905208907,
          "stop" : 1746905208974,
          "duration" : 67
        },
        "status" : "passed",
        "steps" : [ ],
        "attachments" : [ ],
        "parameters" : [ ],
        "stepsCount" : 0,
        "attachmentsCount" : 0,
        "shouldDisplayMessage" : false,
        "hasContent" : false
      }, {
        "name" : "Check statistic table is present and scroll to table",
        "time" : {
          "start" : 1746905208975,
          "stop" : 1746905228999,
          "duration" : 20024
        },
        "status" : "broken",
        "statusMessage" : "selenium.common.exceptions.TimeoutException: Message: Can't find element by locator ('xpath', '//div[@class=\"__51e19\"]')\nStacktrace:\n#0 0x564e00d747fa <unknown>\n#1 0x564e00818e90 <unknown>\n#2 0x564e0086a870 <unknown>\n#3 0x564e0086aa61 <unknown>\n#4 0x564e008b8cb4 <unknown>\n#5 0x564e0089026d <unknown>\n#6 0x564e008b6135 <unknown>\n#7 0x564e00890013 <unknown>\n#8 0x564e0085cb3b <unknown>\n#9 0x564e0085d7a1 <unknown>\n#10 0x564e00d39b9b <unknown>\n#11 0x564e00d3da8a <unknown>\n#12 0x564e00d21912 <unknown>\n#13 0x564e00d3e604 <unknown>\n#14 0x564e00d0674f <unknown>\n#15 0x564e00d62678 <unknown>\n#16 0x564e00d62856 <unknown>\n#17 0x564e00d73666 <unknown>\n#18 0x7fd8d549caa4 <unknown>\n#19 0x7fd8d5529c3c <unknown>\n\n",
        "statusTrace" : "  File \"/home/runner/work/auto-tests-python/auto-tests-python/pages/speech_exercises_page_ru.py\", line 174, in get_statistic_data\n    table = self.element_is_present(self.locators.AuthorizedUserHomePageLocators.STATISTIC_TABLE)\n            ^^^^^^^^^^^^^^^^^^^^^^^^^^^^^^^^^^^^^^^^^^^^^^^^^^^^^^^^^^^^^^^^^^^^^^^^^^^^^^^^^^^^^\n  File \"/home/runner/work/auto-tests-python/auto-tests-python/pages/base_page.py\", line 32, in element_is_present\n    return Wait(self.driver, self.timeout).until(\n           ^^^^^^^^^^^^^^^^^^^^^^^^^^^^^^^^^^^^^^\n  File \"/opt/hostedtoolcache/Python/3.12.10/x64/lib/python3.12/site-packages/selenium/webdriver/support/wait.py\", line 95, in until\n    raise TimeoutException(message, screen, stacktrace)\n",
        "steps" : [ ],
        "attachments" : [ ],
        "parameters" : [ ],
        "stepsCount" : 0,
        "attachmentsCount" : 0,
        "shouldDisplayMessage" : true,
        "hasContent" : true
      } ],
      "attachments" : [ ],
      "parameters" : [ ],
      "stepsCount" : 2,
      "attachmentsCount" : 0,
      "shouldDisplayMessage" : false,
      "hasContent" : true
    } ],
    "attachments" : [ ],
    "parameters" : [ ],
    "stepsCount" : 5,
    "attachmentsCount" : 0,
    "shouldDisplayMessage" : true,
    "hasContent" : true
  },
  "afterStages" : [ {
    "name" : "driver::0",
    "time" : {
      "start" : 1746905229015,
      "stop" : 1746905229083,
      "duration" : 68
    },
    "status" : "passed",
    "steps" : [ ],
    "attachments" : [ ],
    "parameters" : [ ],
    "stepsCount" : 0,
    "attachmentsCount" : 0,
    "shouldDisplayMessage" : false,
    "hasContent" : false
  } ],
  "labels" : [ {
    "name" : "suite",
    "value" : "Речевые упражнения."
  }, {
    "name" : "epic",
    "value" : "Speech exercises."
  }, {
    "name" : "tag",
    "value" : "@pytest.mark.xfail"
  }, {
    "name" : "parentSuite",
    "value" : "tests"
  }, {
    "name" : "subSuite",
    "value" : "TestCardsRU"
  }, {
    "name" : "host",
    "value" : "fv-az802-840"
  }, {
    "name" : "thread",
    "value" : "2424-MainThread"
  }, {
    "name" : "framework",
    "value" : "pytest"
  }, {
    "name" : "language",
    "value" : "cpython3"
  }, {
    "name" : "package",
    "value" : "tests.test_speech_exercises_ru"
  }, {
    "name" : "resultFormat",
    "value" : "allure2"
  } ],
  "parameters" : [ ],
  "links" : [ ],
  "hidden" : false,
  "retry" : false,
  "extra" : {
    "severity" : "normal",
    "retries" : [ ],
    "categories" : [ ],
    "history" : {
      "statistic" : {
        "failed" : 0,
        "broken" : 0,
        "skipped" : 145,
        "passed" : 0,
        "unknown" : 0,
        "total" : 145
      },
      "items" : [ {
        "uid" : "23dc157a1cab402d",
        "reportUrl" : "https://Brain-up.github.io/auto-tests-python/360//#testresult/23dc157a1cab402d",
        "status" : "skipped",
        "statusDetails" : "XFAIL\n\nselenium.common.exceptions.TimeoutException: Message: Can't find element by locator ('xpath', '//div[@class=\"__51e19\"]')\nStacktrace:\n#0 0x55ce6a40a7fa <unknown>\n#1 0x55ce69eaee90 <unknown>\n#2 0x55ce69f00870 <unknown>\n#3 0x55ce69f00a61 <unknown>\n#4 0x55ce69f4ecb4 <unknown>\n#5 0x55ce69f2626d <unknown>\n#6 0x55ce69f4c135 <unknown>\n#7 0x55ce69f26013 <unknown>\n#8 0x55ce69ef2b3b <unknown>\n#9 0x55ce69ef37a1 <unknown>\n#10 0x55ce6a3cfb9b <unknown>\n#11 0x55ce6a3d3a8a <unknown>\n#12 0x55ce6a3b7912 <unknown>\n#13 0x55ce6a3d4604 <unknown>\n#14 0x55ce6a39c74f <unknown>\n#15 0x55ce6a3f8678 <unknown>\n#16 0x55ce6a3f8856 <unknown>\n#17 0x55ce6a409666 <unknown>\n#18 0x7f749a69caa4 <unknown>\n#19 0x7f749a729c3c <unknown>",
        "time" : {
          "start" : 1746840586339,
          "stop" : 1746840606541,
          "duration" : 20202
        }
      }, {
        "uid" : "424e23ea062a2182",
        "reportUrl" : "https://Brain-up.github.io/auto-tests-python/564//#testresult/424e23ea062a2182",
        "status" : "skipped",
        "statusDetails" : "XFAIL\n\nselenium.common.exceptions.TimeoutException: Message: Can't find element by locator ('xpath', '//div[@class=\"__51e19\"]')\nStacktrace:\n#0 0x55a187cde7fa <unknown>\n#1 0x55a187782e90 <unknown>\n#2 0x55a1877d4870 <unknown>\n#3 0x55a1877d4a61 <unknown>\n#4 0x55a187822cb4 <unknown>\n#5 0x55a1877fa26d <unknown>\n#6 0x55a187820135 <unknown>\n#7 0x55a1877fa013 <unknown>\n#8 0x55a1877c6b3b <unknown>\n#9 0x55a1877c77a1 <unknown>\n#10 0x55a187ca3b9b <unknown>\n#11 0x55a187ca7a8a <unknown>\n#12 0x55a187c8b912 <unknown>\n#13 0x55a187ca8604 <unknown>\n#14 0x55a187c7074f <unknown>\n#15 0x55a187ccc678 <unknown>\n#16 0x55a187ccc856 <unknown>\n#17 0x55a187cdd666 <unknown>\n#18 0x7fc0a629caa4 <unknown>\n#19 0x7fc0a6329c3c <unknown>",
        "time" : {
          "start" : 1746771180074,
          "stop" : 1746771200719,
          "duration" : 20645
        }
      }, {
        "uid" : "9f87537df4f13a10",
        "reportUrl" : "https://Brain-up.github.io/auto-tests-python/359//#testresult/9f87537df4f13a10",
        "status" : "skipped",
        "statusDetails" : "XFAIL\n\nKeyError: 30",
        "time" : {
          "start" : 1746754366907,
          "stop" : 1746754374543,
          "duration" : 7636
        }
      }, {
        "uid" : "4827ac1b0173d9bd",
        "reportUrl" : "https://Brain-up.github.io/auto-tests-python/563//#testresult/4827ac1b0173d9bd",
        "status" : "skipped",
        "statusDetails" : "XFAIL\n\nKeyError: 10",
        "time" : {
          "start" : 1746728393687,
          "stop" : 1746728400701,
          "duration" : 7014
        }
      }, {
        "uid" : "4edbe5e4f21411e3",
        "reportUrl" : "https://Brain-up.github.io/auto-tests-python/358//#testresult/4edbe5e4f21411e3",
        "status" : "skipped",
        "statusDetails" : "XFAIL\n\nselenium.common.exceptions.TimeoutException: Message: Can't find element by locator ('xpath', '//div[@class=\"__51e19\"]')\nStacktrace:\n#0 0x55e7d19c17fa <unknown>\n#1 0x55e7d1465e90 <unknown>\n#2 0x55e7d14b7870 <unknown>\n#3 0x55e7d14b7a61 <unknown>\n#4 0x55e7d1505cb4 <unknown>\n#5 0x55e7d14dd26d <unknown>\n#6 0x55e7d1503135 <unknown>\n#7 0x55e7d14dd013 <unknown>\n#8 0x55e7d14a9b3b <unknown>\n#9 0x55e7d14aa7a1 <unknown>\n#10 0x55e7d1986b9b <unknown>\n#11 0x55e7d198aa8a <unknown>\n#12 0x55e7d196e912 <unknown>\n#13 0x55e7d198b604 <unknown>\n#14 0x55e7d195374f <unknown>\n#15 0x55e7d19af678 <unknown>\n#16 0x55e7d19af856 <unknown>\n#17 0x55e7d19c0666 <unknown>\n#18 0x7ff506a9caa4 <unknown>\n#19 0x7ff506b29c3c <unknown>",
        "time" : {
          "start" : 1746668000643,
          "stop" : 1746668020821,
          "duration" : 20178
        }
      }, {
        "uid" : "f9f6c7b7d2ec16b8",
        "reportUrl" : "https://Brain-up.github.io/auto-tests-python/357//#testresult/f9f6c7b7d2ec16b8",
        "status" : "skipped",
        "statusDetails" : "XFAIL\n\nKeyError: 0",
        "time" : {
          "start" : 1746581590801,
          "stop" : 1746581598674,
          "duration" : 7873
        }
      }, {
        "uid" : "bca13b210f2598b3",
        "reportUrl" : "https://Brain-up.github.io/auto-tests-python/562//#testresult/bca13b210f2598b3",
        "status" : "skipped",
        "statusDetails" : "XFAIL\n\nselenium.common.exceptions.TimeoutException: Message: Can't find element by locator ('xpath', '//div[@class=\"__51e19\"]')\nStacktrace:\n#0 0x55b8091e47fa <unknown>\n#1 0x55b808c88e90 <unknown>\n#2 0x55b808cda870 <unknown>\n#3 0x55b808cdaa61 <unknown>\n#4 0x55b808d28cb4 <unknown>\n#5 0x55b808d0026d <unknown>\n#6 0x55b808d26135 <unknown>\n#7 0x55b808d00013 <unknown>\n#8 0x55b808cccb3b <unknown>\n#9 0x55b808ccd7a1 <unknown>\n#10 0x55b8091a9b9b <unknown>\n#11 0x55b8091ada8a <unknown>\n#12 0x55b809191912 <unknown>\n#13 0x55b8091ae604 <unknown>\n#14 0x55b80917674f <unknown>\n#15 0x55b8091d2678 <unknown>\n#16 0x55b8091d2856 <unknown>\n#17 0x55b8091e3666 <unknown>\n#18 0x7fe92ce9caa4 <unknown>\n#19 0x7fe92cf29c3c <unknown>",
        "time" : {
          "start" : 1746568891540,
          "stop" : 1746568912154,
          "duration" : 20614
        }
      }, {
        "uid" : "5a9bbea7b054fc69",
        "reportUrl" : "https://Brain-up.github.io/auto-tests-python/561//#testresult/5a9bbea7b054fc69",
        "status" : "skipped",
        "statusDetails" : "XFAIL\n\nKeyError: 6",
        "time" : {
          "start" : 1746543988079,
          "stop" : 1746543995903,
          "duration" : 7824
        }
      }, {
        "uid" : "6b4f9f8165cc4817",
        "reportUrl" : "https://Brain-up.github.io/auto-tests-python/356//#testresult/6b4f9f8165cc4817",
        "status" : "skipped",
        "statusDetails" : "XFAIL\n\nselenium.common.exceptions.TimeoutException: Message: Can't find element by locator ('xpath', '//div[@class=\"__51e19\"]')\nStacktrace:\n#0 0x55b5529ba75a <unknown>\n#1 0x55b55246d4b0 <unknown>\n#2 0x55b5524be9b3 <unknown>\n#3 0x55b5524beba1 <unknown>\n#4 0x55b55250d1f4 <unknown>\n#5 0x55b5524e45bd <unknown>\n#6 0x55b55250a5e0 <unknown>\n#7 0x55b5524e4363 <unknown>\n#8 0x55b5524b0d63 <unknown>\n#9 0x55b5524b19c1 <unknown>\n#10 0x55b55297fa6b <unknown>\n#11 0x55b552983951 <unknown>\n#12 0x55b552967b62 <unknown>\n#13 0x55b5529844c4 <unknown>\n#14 0x55b55294c13f <unknown>\n#15 0x55b5529a86f8 <unknown>\n#16 0x55b5529a88d6 <unknown>\n#17 0x55b5529b95a6 <unknown>\n#18 0x7fea8f69caa4 <unknown>\n#19 0x7fea8f729c3c <unknown>",
        "time" : {
          "start" : 1746495357848,
          "stop" : 1746495378002,
          "duration" : 20154
        }
      }, {
        "uid" : "6ceda2137cb3417",
        "reportUrl" : "https://Brain-up.github.io/auto-tests-python/560//#testresult/6ceda2137cb3417",
        "status" : "skipped",
        "statusDetails" : "XFAIL\n\nselenium.common.exceptions.TimeoutException: Message: Can't find element by locator ('xpath', '//div[@class=\"__51e19\"]')\nStacktrace:\n#0 0x56308d33675a <unknown>\n#1 0x56308cde94b0 <unknown>\n#2 0x56308ce3a9b3 <unknown>\n#3 0x56308ce3aba1 <unknown>\n#4 0x56308ce891f4 <unknown>\n#5 0x56308ce605bd <unknown>\n#6 0x56308ce865e0 <unknown>\n#7 0x56308ce60363 <unknown>\n#8 0x56308ce2cd63 <unknown>\n#9 0x56308ce2d9c1 <unknown>\n#10 0x56308d2fba6b <unknown>\n#11 0x56308d2ff951 <unknown>\n#12 0x56308d2e3b62 <unknown>\n#13 0x56308d3004c4 <unknown>\n#14 0x56308d2c813f <unknown>\n#15 0x56308d3246f8 <unknown>\n#16 0x56308d3248d6 <unknown>\n#17 0x56308d3355a6 <unknown>\n#18 0x7f0b9609caa4 <unknown>\n#19 0x7f0b96129c3c <unknown>",
        "time" : {
          "start" : 1746426215489,
          "stop" : 1746426236124,
          "duration" : 20635
        }
      }, {
        "uid" : "8abc2b17338a83ce",
        "reportUrl" : "https://Brain-up.github.io/auto-tests-python/355//#testresult/8abc2b17338a83ce",
        "status" : "skipped",
        "statusDetails" : "XFAIL\n\nselenium.common.exceptions.TimeoutException: Message: Can't find element by locator ('xpath', '//div[@class=\"__51e19\"]')\nStacktrace:\n#0 0x55bc0672475a <unknown>\n#1 0x55bc061d74b0 <unknown>\n#2 0x55bc062289b3 <unknown>\n#3 0x55bc06228ba1 <unknown>\n#4 0x55bc062771f4 <unknown>\n#5 0x55bc0624e5bd <unknown>\n#6 0x55bc062745e0 <unknown>\n#7 0x55bc0624e363 <unknown>\n#8 0x55bc0621ad63 <unknown>\n#9 0x55bc0621b9c1 <unknown>\n#10 0x55bc066e9a6b <unknown>\n#11 0x55bc066ed951 <unknown>\n#12 0x55bc066d1b62 <unknown>\n#13 0x55bc066ee4c4 <unknown>\n#14 0x55bc066b613f <unknown>\n#15 0x55bc067126f8 <unknown>\n#16 0x55bc067128d6 <unknown>\n#17 0x55bc067235a6 <unknown>\n#18 0x7f7dc7a9caa4 <unknown>\n#19 0x7f7dc7b29c3c <unknown>",
        "time" : {
          "start" : 1746408723765,
          "stop" : 1746408744416,
          "duration" : 20651
        }
      }, {
        "uid" : "dec6bda17cde7450",
        "reportUrl" : "https://Brain-up.github.io/auto-tests-python/559//#testresult/dec6bda17cde7450",
        "status" : "skipped",
        "statusDetails" : "XFAIL\n\nselenium.common.exceptions.TimeoutException: Message: Can't find element by locator ('xpath', '//div[@class=\"__51e19\"]')\nStacktrace:\n#0 0x5632e3bd575a <unknown>\n#1 0x5632e36884b0 <unknown>\n#2 0x5632e36d99b3 <unknown>\n#3 0x5632e36d9ba1 <unknown>\n#4 0x5632e37281f4 <unknown>\n#5 0x5632e36ff5bd <unknown>\n#6 0x5632e37255e0 <unknown>\n#7 0x5632e36ff363 <unknown>\n#8 0x5632e36cbd63 <unknown>\n#9 0x5632e36cc9c1 <unknown>\n#10 0x5632e3b9aa6b <unknown>\n#11 0x5632e3b9e951 <unknown>\n#12 0x5632e3b82b62 <unknown>\n#13 0x5632e3b9f4c4 <unknown>\n#14 0x5632e3b6713f <unknown>\n#15 0x5632e3bc36f8 <unknown>\n#16 0x5632e3bc38d6 <unknown>\n#17 0x5632e3bd45a6 <unknown>\n#18 0x7f61c0c9caa4 <unknown>\n#19 0x7f61c0d29c3c <unknown>",
        "time" : {
          "start" : 1746364184941,
          "stop" : 1746364205118,
          "duration" : 20177
        }
      }, {
        "uid" : "3635772f5c9b0a69",
        "reportUrl" : "https://Brain-up.github.io/auto-tests-python/354//#testresult/3635772f5c9b0a69",
        "status" : "skipped",
        "statusDetails" : "XFAIL\n\nselenium.common.exceptions.TimeoutException: Message: Can't find element by locator ('xpath', '//div[@class=\"__51e19\"]')\nStacktrace:\n#0 0x55ee27ff075a <unknown>\n#1 0x55ee27aa34b0 <unknown>\n#2 0x55ee27af49b3 <unknown>\n#3 0x55ee27af4ba1 <unknown>\n#4 0x55ee27b431f4 <unknown>\n#5 0x55ee27b1a5bd <unknown>\n#6 0x55ee27b405e0 <unknown>\n#7 0x55ee27b1a363 <unknown>\n#8 0x55ee27ae6d63 <unknown>\n#9 0x55ee27ae79c1 <unknown>\n#10 0x55ee27fb5a6b <unknown>\n#11 0x55ee27fb9951 <unknown>\n#12 0x55ee27f9db62 <unknown>\n#13 0x55ee27fba4c4 <unknown>\n#14 0x55ee27f8213f <unknown>\n#15 0x55ee27fde6f8 <unknown>\n#16 0x55ee27fde8d6 <unknown>\n#17 0x55ee27fef5a6 <unknown>\n#18 0x7f1afca9caa4 <unknown>\n#19 0x7f1afcb29c3c <unknown>",
        "time" : {
          "start" : 1746322490028,
          "stop" : 1746322510667,
          "duration" : 20639
        }
      }, {
        "uid" : "5ace4983c5a695a4",
        "reportUrl" : "https://Brain-up.github.io/auto-tests-python/558//#testresult/5ace4983c5a695a4",
        "status" : "skipped",
        "statusDetails" : "XFAIL\n\nselenium.common.exceptions.TimeoutException: Message: Can't find element by locator ('xpath', '//div[@class=\"__51e19\"]')\nStacktrace:\n#0 0x55702fb6e75a <unknown>\n#1 0x55702f6214b0 <unknown>\n#2 0x55702f6729b3 <unknown>\n#3 0x55702f672ba1 <unknown>\n#4 0x55702f6c11f4 <unknown>\n#5 0x55702f6985bd <unknown>\n#6 0x55702f6be5e0 <unknown>\n#7 0x55702f698363 <unknown>\n#8 0x55702f664d63 <unknown>\n#9 0x55702f6659c1 <unknown>\n#10 0x55702fb33a6b <unknown>\n#11 0x55702fb37951 <unknown>\n#12 0x55702fb1bb62 <unknown>\n#13 0x55702fb384c4 <unknown>\n#14 0x55702fb0013f <unknown>\n#15 0x55702fb5c6f8 <unknown>\n#16 0x55702fb5c8d6 <unknown>\n#17 0x55702fb6d5a6 <unknown>\n#18 0x7f399c09caa4 <unknown>\n#19 0x7f399c129c3c <unknown>",
        "time" : {
          "start" : 1746276569669,
          "stop" : 1746276589882,
          "duration" : 20213
        }
      }, {
        "uid" : "7274c6014e410fe8",
        "reportUrl" : "https://Brain-up.github.io/auto-tests-python/353//#testresult/7274c6014e410fe8",
        "status" : "skipped",
        "statusDetails" : "XFAIL\n\nselenium.common.exceptions.TimeoutException: Message: Can't find element by locator ('xpath', '//div[@class=\"__51e19\"]')\nStacktrace:\n#0 0x55636b5e275a <unknown>\n#1 0x55636b0954b0 <unknown>\n#2 0x55636b0e69b3 <unknown>\n#3 0x55636b0e6ba1 <unknown>\n#4 0x55636b1351f4 <unknown>\n#5 0x55636b10c5bd <unknown>\n#6 0x55636b1325e0 <unknown>\n#7 0x55636b10c363 <unknown>\n#8 0x55636b0d8d63 <unknown>\n#9 0x55636b0d99c1 <unknown>\n#10 0x55636b5a7a6b <unknown>\n#11 0x55636b5ab951 <unknown>\n#12 0x55636b58fb62 <unknown>\n#13 0x55636b5ac4c4 <unknown>\n#14 0x55636b57413f <unknown>\n#15 0x55636b5d06f8 <unknown>\n#16 0x55636b5d08d6 <unknown>\n#17 0x55636b5e15a6 <unknown>\n#18 0x7f8fd689caa4 <unknown>\n#19 0x7f8fd6929c3c <unknown>",
        "time" : {
          "start" : 1746235845113,
          "stop" : 1746235865299,
          "duration" : 20186
        }
      }, {
        "uid" : "a726c0f2cfcff5c9",
        "reportUrl" : "https://Brain-up.github.io/auto-tests-python/557//#testresult/a726c0f2cfcff5c9",
        "status" : "skipped",
        "statusDetails" : "XFAIL\n\nselenium.common.exceptions.TimeoutException: Message: Can't find element by locator ('xpath', '//div[@class=\"__51e19\"]')\nStacktrace:\n#0 0x55e1c0a2a75a <unknown>\n#1 0x55e1c04dd4b0 <unknown>\n#2 0x55e1c052e9b3 <unknown>\n#3 0x55e1c052eba1 <unknown>\n#4 0x55e1c057d1f4 <unknown>\n#5 0x55e1c05545bd <unknown>\n#6 0x55e1c057a5e0 <unknown>\n#7 0x55e1c0554363 <unknown>\n#8 0x55e1c0520d63 <unknown>\n#9 0x55e1c05219c1 <unknown>\n#10 0x55e1c09efa6b <unknown>\n#11 0x55e1c09f3951 <unknown>\n#12 0x55e1c09d7b62 <unknown>\n#13 0x55e1c09f44c4 <unknown>\n#14 0x55e1c09bc13f <unknown>\n#15 0x55e1c0a186f8 <unknown>\n#16 0x55e1c0a188d6 <unknown>\n#17 0x55e1c0a295a6 <unknown>\n#18 0x7f0407a9caa4 <unknown>\n#19 0x7f0407b29c3c <unknown>",
        "time" : {
          "start" : 1746216381151,
          "stop" : 1746216401293,
          "duration" : 20142
        }
      }, {
        "uid" : "a571bff7367ceb9c",
        "reportUrl" : "https://Brain-up.github.io/auto-tests-python/352//#testresult/a571bff7367ceb9c",
        "status" : "skipped",
        "statusDetails" : "XFAIL\n\nselenium.common.exceptions.TimeoutException: Message: Can't find element by locator ('xpath', '//div[@class=\"__51e19\"]')\nStacktrace:\n#0 0x55eca254775a <unknown>\n#1 0x55eca1ffa4b0 <unknown>\n#2 0x55eca204b9b3 <unknown>\n#3 0x55eca204bba1 <unknown>\n#4 0x55eca209a1f4 <unknown>\n#5 0x55eca20715bd <unknown>\n#6 0x55eca20975e0 <unknown>\n#7 0x55eca2071363 <unknown>\n#8 0x55eca203dd63 <unknown>\n#9 0x55eca203e9c1 <unknown>\n#10 0x55eca250ca6b <unknown>\n#11 0x55eca2510951 <unknown>\n#12 0x55eca24f4b62 <unknown>\n#13 0x55eca25114c4 <unknown>\n#14 0x55eca24d913f <unknown>\n#15 0x55eca25356f8 <unknown>\n#16 0x55eca25358d6 <unknown>\n#17 0x55eca25465a6 <unknown>\n#18 0x7ff7f4a9caa4 <unknown>\n#19 0x7ff7f4b29c3c <unknown>",
        "time" : {
          "start" : 1746149424210,
          "stop" : 1746149444366,
          "duration" : 20156
        }
      }, {
        "uid" : "a3fcd35d1083179",
        "reportUrl" : "https://Brain-up.github.io/auto-tests-python/556//#testresult/a3fcd35d1083179",
        "status" : "skipped",
        "statusDetails" : "XFAIL\n\nselenium.common.exceptions.TimeoutException: Message: Can't find element by locator ('xpath', '//div[@class=\"__51e19\"]')\nStacktrace:\n#0 0x559d2261a75a <unknown>\n#1 0x559d220cd4b0 <unknown>\n#2 0x559d2211e9b3 <unknown>\n#3 0x559d2211eba1 <unknown>\n#4 0x559d2216d1f4 <unknown>\n#5 0x559d221445bd <unknown>\n#6 0x559d2216a5e0 <unknown>\n#7 0x559d22144363 <unknown>\n#8 0x559d22110d63 <unknown>\n#9 0x559d221119c1 <unknown>\n#10 0x559d225dfa6b <unknown>\n#11 0x559d225e3951 <unknown>\n#12 0x559d225c7b62 <unknown>\n#13 0x559d225e44c4 <unknown>\n#14 0x559d225ac13f <unknown>\n#15 0x559d226086f8 <unknown>\n#16 0x559d226088d6 <unknown>\n#17 0x559d226195a6 <unknown>\n#18 0x7f5994e9caa4 <unknown>\n#19 0x7f5994f29c3c <unknown>",
        "time" : {
          "start" : 1746084471336,
          "stop" : 1746084491970,
          "duration" : 20634
        }
      }, {
        "uid" : "eef89400fb6b2c02",
        "reportUrl" : "https://Brain-up.github.io/auto-tests-python/351//#testresult/eef89400fb6b2c02",
        "status" : "skipped",
        "statusDetails" : "XFAIL\n\nselenium.common.exceptions.TimeoutException: Message: Can't find element by locator ('xpath', '//div[@class=\"__51e19\"]')\nStacktrace:\n#0 0x5578d1cb975a <unknown>\n#1 0x5578d176c4b0 <unknown>\n#2 0x5578d17bd9b3 <unknown>\n#3 0x5578d17bdba1 <unknown>\n#4 0x5578d180c1f4 <unknown>\n#5 0x5578d17e35bd <unknown>\n#6 0x5578d18095e0 <unknown>\n#7 0x5578d17e3363 <unknown>\n#8 0x5578d17afd63 <unknown>\n#9 0x5578d17b09c1 <unknown>\n#10 0x5578d1c7ea6b <unknown>\n#11 0x5578d1c82951 <unknown>\n#12 0x5578d1c66b62 <unknown>\n#13 0x5578d1c834c4 <unknown>\n#14 0x5578d1c4b13f <unknown>\n#15 0x5578d1ca76f8 <unknown>\n#16 0x5578d1ca78d6 <unknown>\n#17 0x5578d1cb85a6 <unknown>\n#18 0x7fdf8369caa4 <unknown>\n#19 0x7fdf83729c3c <unknown>",
        "time" : {
          "start" : 1746063361006,
          "stop" : 1746063381215,
          "duration" : 20209
        }
      }, {
        "uid" : "8dc73ea2d264049e",
        "reportUrl" : "https://Brain-up.github.io/auto-tests-python/555//#testresult/8dc73ea2d264049e",
        "status" : "skipped",
        "statusDetails" : "XFAIL\n\nselenium.common.exceptions.TimeoutException: Message: Can't find element by locator ('xpath', '//div[@class=\"__51e19\"]')\nStacktrace:\n#0 0x556eed61a75a <unknown>\n#1 0x556eed0cd4b0 <unknown>\n#2 0x556eed11e9b3 <unknown>\n#3 0x556eed11eba1 <unknown>\n#4 0x556eed16d1f4 <unknown>\n#5 0x556eed1445bd <unknown>\n#6 0x556eed16a5e0 <unknown>\n#7 0x556eed144363 <unknown>\n#8 0x556eed110d63 <unknown>\n#9 0x556eed1119c1 <unknown>\n#10 0x556eed5dfa6b <unknown>\n#11 0x556eed5e3951 <unknown>\n#12 0x556eed5c7b62 <unknown>\n#13 0x556eed5e44c4 <unknown>\n#14 0x556eed5ac13f <unknown>\n#15 0x556eed6086f8 <unknown>\n#16 0x556eed6088d6 <unknown>\n#17 0x556eed6195a6 <unknown>\n#18 0x7f883449caa4 <unknown>\n#19 0x7f8834529c3c <unknown>",
        "time" : {
          "start" : 1746035794477,
          "stop" : 1746035815103,
          "duration" : 20626
        }
      } ]
    },
    "tags" : [ "@pytest.mark.xfail" ]
  },
  "source" : "b89d4630953eb238.json",
  "parameterValues" : [ ]
}