{
  "uid" : "6eeaafc97a47425a",
  "name" : "Select random card from group \"Слова Королёвой\" and compare UI vs BACKEND data.",
  "fullName" : "tests.test_speech_exercises_ru.TestCardsRU#test_random_word_by_koroleva_cards_ru",
  "historyId" : "719ec095fba3c0668a1a244a8c64916e",
  "time" : {
    "start" : 1728227144357,
    "stop" : 1728227144357,
    "duration" : 0
  },
  "status" : "skipped",
  "statusMessage" : "XFAIL\n\nselenium.common.exceptions.TimeoutException: Message: Can't find element by locator https://brainup.site/groups",
  "statusTrace" : "self = <pages.base_page.BasePage object at 0x7f2fe9294bf0>\nurl = 'https://brainup.site/groups'\n\n    def check_expected_link(self, url):\n        with allure.step(f'Check url is present: {url}'):\n            try:\n>               return Wait(self.driver, self.timeout).until(\n                    ec.url_to_be(url), message=f\"Can't find element by locator {url}\")\n\npages/base_page.py:68: \n_ _ _ _ _ _ _ _ _ _ _ _ _ _ _ _ _ _ _ _ _ _ _ _ _ _ _ _ _ _ _ _ _ _ _ _ _ _ _ _ \n\nself = <selenium.webdriver.support.wait.WebDriverWait (session=\"f5d7c0a0c8fd94a935b85749c8f2087f\")>\nmethod = <function url_to_be.<locals>._predicate at 0x7f2fe9254ea0>\nmessage = \"Can't find element by locator https://brainup.site/groups\"\n\n    def until(self, method, message: str = \"\"):\n        \"\"\"Calls the method provided with the driver as an argument until the \\\n        return value does not evaluate to ``False``.\n    \n        :param method: callable(WebDriver)\n        :param message: optional message for :exc:`TimeoutException`\n        :returns: the result of the last call to `method`\n        :raises: :exc:`selenium.common.exceptions.TimeoutException` if timeout occurs\n        \"\"\"\n        screen = None\n        stacktrace = None\n    \n        end_time = time.monotonic() + self._timeout\n        while True:\n            try:\n                value = method(self._driver)\n                if value:\n                    return value\n            except self._ignored_exceptions as exc:\n                screen = getattr(exc, \"screen\", None)\n                stacktrace = getattr(exc, \"stacktrace\", None)\n            time.sleep(self._poll)\n            if time.monotonic() > end_time:\n                break\n>       raise TimeoutException(message, screen, stacktrace)\nE       selenium.common.exceptions.TimeoutException: Message: Can't find element by locator https://brainup.site/groups\n\n/opt/hostedtoolcache/Python/3.12.6/x64/lib/python3.12/site-packages/selenium/webdriver/support/wait.py:95: TimeoutException\n\nDuring handling of the above exception, another exception occurred:\n\ndriver = <selenium.webdriver.chrome.webdriver.WebDriver (session=\"f5d7c0a0c8fd94a935b85749c8f2087f\")>\nmain_page_open = None\n\n    @pytest.fixture()\n    @allure.step('USER specialist authorized')\n    def specialist_user_authorized(driver, main_page_open):\n        page = BasePage(driver)\n        page.element_is_present_and_clickable(MainPageLocators.LOGIN_BUTTON).click()\n        page.element_is_visible(LoginPageLocators.INPUT_LOGIN).send_keys(os.environ[\"SPECIALIST_LOGIN\"])\n        page.element_is_visible(LoginPageLocators.INPUT_PASSWORD).send_keys(os.environ[\"PASSWORD\"])\n        page.element_is_present_and_clickable(LoginPageLocators.SIGN_IN_BUTTON).click()\n>       page.check_expected_link(MainPageLinks.URL_GROUPS_PAGE)\n\ntests/conftest.py:93: \n_ _ _ _ _ _ _ _ _ _ _ _ _ _ _ _ _ _ _ _ _ _ _ _ _ _ _ _ _ _ _ _ _ _ _ _ _ _ _ _ \npages/base_page.py:72: in check_expected_link\n    return Wait(self.driver, self.timeout).until(\n_ _ _ _ _ _ _ _ _ _ _ _ _ _ _ _ _ _ _ _ _ _ _ _ _ _ _ _ _ _ _ _ _ _ _ _ _ _ _ _ \n\nself = <selenium.webdriver.support.wait.WebDriverWait (session=\"f5d7c0a0c8fd94a935b85749c8f2087f\")>\nmethod = <function url_to_be.<locals>._predicate at 0x7f2fe92545e0>\nmessage = \"Can't find element by locator https://brainup.site/groups\"\n\n    def until(self, method, message: str = \"\"):\n        \"\"\"Calls the method provided with the driver as an argument until the \\\n        return value does not evaluate to ``False``.\n    \n        :param method: callable(WebDriver)\n        :param message: optional message for :exc:`TimeoutException`\n        :returns: the result of the last call to `method`\n        :raises: :exc:`selenium.common.exceptions.TimeoutException` if timeout occurs\n        \"\"\"\n        screen = None\n        stacktrace = None\n    \n        end_time = time.monotonic() + self._timeout\n        while True:\n            try:\n                value = method(self._driver)\n                if value:\n                    return value\n            except self._ignored_exceptions as exc:\n                screen = getattr(exc, \"screen\", None)\n                stacktrace = getattr(exc, \"stacktrace\", None)\n            time.sleep(self._poll)\n            if time.monotonic() > end_time:\n                break\n>       raise TimeoutException(message, screen, stacktrace)\nE       selenium.common.exceptions.TimeoutException: Message: Can't find element by locator https://brainup.site/groups\n\n/opt/hostedtoolcache/Python/3.12.6/x64/lib/python3.12/site-packages/selenium/webdriver/support/wait.py:95: TimeoutException",
  "flaky" : false,
  "newFailed" : false,
  "beforeStages" : [ {
    "name" : "main_page_open",
    "time" : {
      "start" : 1728227145116,
      "stop" : 1728227149217,
      "duration" : 4101
    },
    "status" : "passed",
    "steps" : [ {
      "name" : "Open page: https://brainup.site/",
      "time" : {
        "start" : 1728227145116,
        "stop" : 1728227149217,
        "duration" : 4101
      },
      "status" : "passed",
      "steps" : [ ],
      "attachments" : [ ],
      "parameters" : [ {
        "name" : "driver",
        "value" : "<selenium.webdriver.chrome.webdriver.WebDriver (session=\"f5d7c0a0c8fd94a935b85749c8f2087f\")>"
      } ],
      "stepsCount" : 0,
      "attachmentsCount" : 0,
      "shouldDisplayMessage" : false,
      "hasContent" : true
    } ],
    "attachments" : [ ],
    "parameters" : [ ],
    "stepsCount" : 1,
    "attachmentsCount" : 0,
    "shouldDisplayMessage" : false,
    "hasContent" : true
  }, {
    "name" : "specialist_user_authorized",
    "time" : {
      "start" : 1728227149217,
      "stop" : 1728227189876,
      "duration" : 40659
    },
    "status" : "broken",
    "statusMessage" : "selenium.common.exceptions.TimeoutException: Message: Can't find element by locator https://brainup.site/groups\n\n",
    "statusTrace" : "  File \"/opt/hostedtoolcache/Python/3.12.6/x64/lib/python3.12/site-packages/pluggy/_callers.py\", line 103, in _multicall\n    res = hook_impl.function(*args)\n          ^^^^^^^^^^^^^^^^^^^^^^^^^\n  File \"/opt/hostedtoolcache/Python/3.12.6/x64/lib/python3.12/site-packages/_pytest/fixtures.py\", line 1123, in pytest_fixture_setup\n    result = call_fixture_func(fixturefunc, request, kwargs)\n             ^^^^^^^^^^^^^^^^^^^^^^^^^^^^^^^^^^^^^^^^^^^^^^^\n  File \"/opt/hostedtoolcache/Python/3.12.6/x64/lib/python3.12/site-packages/_pytest/fixtures.py\", line 902, in call_fixture_func\n    fixture_result = fixturefunc(**kwargs)\n                     ^^^^^^^^^^^^^^^^^^^^^\n  File \"/opt/hostedtoolcache/Python/3.12.6/x64/lib/python3.12/site-packages/allure_commons/_allure.py\", line 192, in impl\n    return func(*a, **kw)\n           ^^^^^^^^^^^^^^\n  File \"/home/runner/work/auto-tests-python/auto-tests-python/tests/conftest.py\", line 93, in specialist_user_authorized\n    page.check_expected_link(MainPageLinks.URL_GROUPS_PAGE)\n  File \"/home/runner/work/auto-tests-python/auto-tests-python/pages/base_page.py\", line 72, in check_expected_link\n    return Wait(self.driver, self.timeout).until(\n           ^^^^^^^^^^^^^^^^^^^^^^^^^^^^^^^^^^^^^^\n  File \"/opt/hostedtoolcache/Python/3.12.6/x64/lib/python3.12/site-packages/selenium/webdriver/support/wait.py\", line 95, in until\n    raise TimeoutException(message, screen, stacktrace)\n",
    "steps" : [ {
      "name" : "USER specialist authorized",
      "time" : {
        "start" : 1728227149217,
        "stop" : 1728227189876,
        "duration" : 40659
      },
      "status" : "broken",
      "statusMessage" : "selenium.common.exceptions.TimeoutException: Message: Can't find element by locator https://brainup.site/groups\n\n",
      "statusTrace" : "  File \"/opt/hostedtoolcache/Python/3.12.6/x64/lib/python3.12/site-packages/allure_commons/_allure.py\", line 192, in impl\n    return func(*a, **kw)\n           ^^^^^^^^^^^^^^\n  File \"/home/runner/work/auto-tests-python/auto-tests-python/tests/conftest.py\", line 93, in specialist_user_authorized\n    page.check_expected_link(MainPageLinks.URL_GROUPS_PAGE)\n  File \"/home/runner/work/auto-tests-python/auto-tests-python/pages/base_page.py\", line 72, in check_expected_link\n    return Wait(self.driver, self.timeout).until(\n           ^^^^^^^^^^^^^^^^^^^^^^^^^^^^^^^^^^^^^^\n  File \"/opt/hostedtoolcache/Python/3.12.6/x64/lib/python3.12/site-packages/selenium/webdriver/support/wait.py\", line 95, in until\n    raise TimeoutException(message, screen, stacktrace)\n",
      "steps" : [ {
        "name" : "Check url is present: https://brainup.site/groups",
        "time" : {
          "start" : 1728227149595,
          "stop" : 1728227189875,
          "duration" : 40280
        },
        "status" : "broken",
        "statusMessage" : "selenium.common.exceptions.TimeoutException: Message: Can't find element by locator https://brainup.site/groups\n\n",
        "statusTrace" : "  File \"/home/runner/work/auto-tests-python/auto-tests-python/pages/base_page.py\", line 72, in check_expected_link\n    return Wait(self.driver, self.timeout).until(\n           ^^^^^^^^^^^^^^^^^^^^^^^^^^^^^^^^^^^^^^\n  File \"/opt/hostedtoolcache/Python/3.12.6/x64/lib/python3.12/site-packages/selenium/webdriver/support/wait.py\", line 95, in until\n    raise TimeoutException(message, screen, stacktrace)\n",
        "steps" : [ ],
        "attachments" : [ ],
        "parameters" : [ ],
        "stepsCount" : 0,
        "attachmentsCount" : 0,
        "shouldDisplayMessage" : true,
        "hasContent" : true
      } ],
      "attachments" : [ ],
      "parameters" : [ {
        "name" : "driver",
        "value" : "<selenium.webdriver.chrome.webdriver.WebDriver (session=\"f5d7c0a0c8fd94a935b85749c8f2087f\")>"
      }, {
        "name" : "main_page_open",
        "value" : "None"
      } ],
      "stepsCount" : 1,
      "attachmentsCount" : 0,
      "shouldDisplayMessage" : false,
      "hasContent" : true
    } ],
    "attachments" : [ ],
    "parameters" : [ ],
    "stepsCount" : 2,
    "attachmentsCount" : 0,
    "shouldDisplayMessage" : false,
    "hasContent" : true
  }, {
    "name" : "driver",
    "time" : {
      "start" : 1728227144358,
      "stop" : 1728227145116,
      "duration" : 758
    },
    "status" : "passed",
    "steps" : [ ],
    "attachments" : [ ],
    "parameters" : [ ],
    "stepsCount" : 0,
    "attachmentsCount" : 0,
    "shouldDisplayMessage" : false,
    "hasContent" : false
  }, {
    "name" : "clear_allure_results_folder",
    "time" : {
      "start" : 1728225721158,
      "stop" : 1728225721158,
      "duration" : 0
    },
    "status" : "passed",
    "steps" : [ ],
    "attachments" : [ ],
    "parameters" : [ ],
    "stepsCount" : 0,
    "attachmentsCount" : 0,
    "shouldDisplayMessage" : false,
    "hasContent" : false
  } ],
  "afterStages" : [ {
    "name" : "driver::0",
    "time" : {
      "start" : 1728227189891,
      "stop" : 1728227189980,
      "duration" : 89
    },
    "status" : "passed",
    "steps" : [ ],
    "attachments" : [ ],
    "parameters" : [ ],
    "stepsCount" : 0,
    "attachmentsCount" : 0,
    "shouldDisplayMessage" : false,
    "hasContent" : false
  } ],
  "labels" : [ {
    "name" : "suite",
    "value" : "Речевые упражнения."
  }, {
    "name" : "epic",
    "value" : "Speech exercises."
  }, {
    "name" : "tag",
    "value" : "@pytest.mark.xfail"
  }, {
    "name" : "parentSuite",
    "value" : "tests"
  }, {
    "name" : "subSuite",
    "value" : "TestCardsRU"
  }, {
    "name" : "host",
    "value" : "fv-az1206-68"
  }, {
    "name" : "thread",
    "value" : "2342-MainThread"
  }, {
    "name" : "framework",
    "value" : "pytest"
  }, {
    "name" : "language",
    "value" : "cpython3"
  }, {
    "name" : "package",
    "value" : "tests.test_speech_exercises_ru"
  }, {
    "name" : "resultFormat",
    "value" : "allure2"
  } ],
  "parameters" : [ ],
  "links" : [ ],
  "hidden" : false,
  "retry" : false,
  "extra" : {
    "severity" : "normal",
    "retries" : [ ],
    "categories" : [ ],
    "history" : {
      "statistic" : {
        "failed" : 0,
        "broken" : 0,
        "skipped" : 27,
        "passed" : 456,
        "unknown" : 0,
        "total" : 483
      },
      "items" : [ {
        "uid" : "4f7d77acf986c65b",
        "reportUrl" : "https://Brain-up.github.io/auto-tests-python/312//#testresult/4f7d77acf986c65b",
        "status" : "skipped",
        "statusDetails" : "XFAIL\n\nselenium.common.exceptions.TimeoutException: Message: Can't find element by locator https://brainup.site/groups",
        "time" : {
          "start" : 1728222223341,
          "stop" : 1728222223341,
          "duration" : 0
        }
      }, {
        "uid" : "4c990b02bec9dd09",
        "reportUrl" : "https://Brain-up.github.io/auto-tests-python/144//#testresult/4c990b02bec9dd09",
        "status" : "passed",
        "statusDetails" : "XPASS",
        "time" : {
          "start" : 1728177234018,
          "stop" : 1728177244011,
          "duration" : 9993
        }
      }, {
        "uid" : "a90723aa9bc606d1",
        "reportUrl" : "https://Brain-up.github.io/auto-tests-python/311//#testresult/a90723aa9bc606d1",
        "status" : "passed",
        "statusDetails" : "XPASS",
        "time" : {
          "start" : 1728117844155,
          "stop" : 1728117854358,
          "duration" : 10203
        }
      }, {
        "uid" : "85d3795b01ca57d8",
        "reportUrl" : "https://Brain-up.github.io/auto-tests-python/310//#testresult/85d3795b01ca57d8",
        "status" : "passed",
        "statusDetails" : "XPASS",
        "time" : {
          "start" : 1728109245982,
          "stop" : 1728109255543,
          "duration" : 9561
        }
      }, {
        "uid" : "f6f868eb951d835",
        "reportUrl" : "https://Brain-up.github.io/auto-tests-python/143//#testresult/f6f868eb951d835",
        "status" : "passed",
        "statusDetails" : "XPASS",
        "time" : {
          "start" : 1728090475848,
          "stop" : 1728090484676,
          "duration" : 8828
        }
      }, {
        "uid" : "124a0bb2cd72f231",
        "reportUrl" : "https://Brain-up.github.io/auto-tests-python/142//#testresult/124a0bb2cd72f231",
        "status" : "passed",
        "statusDetails" : "XPASS",
        "time" : {
          "start" : 1728004104000,
          "stop" : 1728004113949,
          "duration" : 9949
        }
      }, {
        "uid" : "3dbcfaad0247e383",
        "reportUrl" : "https://Brain-up.github.io/auto-tests-python/309//#testresult/3dbcfaad0247e383",
        "status" : "passed",
        "statusDetails" : "XPASS",
        "time" : {
          "start" : 1727945647368,
          "stop" : 1727945659656,
          "duration" : 12288
        }
      }, {
        "uid" : "ddc0e94cbe8c8023",
        "reportUrl" : "https://Brain-up.github.io/auto-tests-python/308//#testresult/ddc0e94cbe8c8023",
        "status" : "passed",
        "statusDetails" : "XPASS",
        "time" : {
          "start" : 1727943271778,
          "stop" : 1727943282204,
          "duration" : 10426
        }
      }, {
        "uid" : "194842b5998d3e0b",
        "reportUrl" : "https://Brain-up.github.io/auto-tests-python/141//#testresult/194842b5998d3e0b",
        "status" : "passed",
        "statusDetails" : "XPASS",
        "time" : {
          "start" : 1727917991166,
          "stop" : 1727918002470,
          "duration" : 11304
        }
      }, {
        "uid" : "84aade3e448fd279",
        "reportUrl" : "https://Brain-up.github.io/auto-tests-python/307//#testresult/84aade3e448fd279",
        "status" : "passed",
        "statusDetails" : "XPASS",
        "time" : {
          "start" : 1727865374621,
          "stop" : 1727865390261,
          "duration" : 15640
        }
      }, {
        "uid" : "ec2da6ec825239f4",
        "reportUrl" : "https://Brain-up.github.io/auto-tests-python/306//#testresult/ec2da6ec825239f4",
        "status" : "skipped",
        "statusDetails" : "XFAIL\n\nselenium.common.exceptions.TimeoutException: Message: Url: https://brainup.site/groups/2/series/17/subgroup/116/exercise/1911 has not been changed!!!",
        "time" : {
          "start" : 1727863397625,
          "stop" : 1727863424612,
          "duration" : 26987
        }
      }, {
        "uid" : "a7e7ce3f048aba8c",
        "reportUrl" : "https://Brain-up.github.io/auto-tests-python/306//#testresult/a7e7ce3f048aba8c",
        "status" : "passed",
        "statusDetails" : "XPASS",
        "time" : {
          "start" : 1727861721196,
          "stop" : 1727861733791,
          "duration" : 12595
        }
      }, {
        "uid" : "eda4f144a6fc4616",
        "reportUrl" : "https://Brain-up.github.io/auto-tests-python/140//#testresult/eda4f144a6fc4616",
        "status" : "passed",
        "statusDetails" : "XPASS",
        "time" : {
          "start" : 1727831467259,
          "stop" : 1727831478131,
          "duration" : 10872
        }
      }, {
        "uid" : "a68de86a88244df4",
        "reportUrl" : "https://Brain-up.github.io/auto-tests-python/305//#testresult/a68de86a88244df4",
        "status" : "passed",
        "statusDetails" : "XPASS",
        "time" : {
          "start" : 1727776398286,
          "stop" : 1727776411088,
          "duration" : 12802
        }
      }, {
        "uid" : "23c55aa5e821c69b",
        "reportUrl" : "https://Brain-up.github.io/auto-tests-python/304//#testresult/23c55aa5e821c69b",
        "status" : "passed",
        "statusDetails" : "XPASS",
        "time" : {
          "start" : 1727773090343,
          "stop" : 1727773118410,
          "duration" : 28067
        }
      }, {
        "uid" : "a79697e561f9fe26",
        "reportUrl" : "https://Brain-up.github.io/auto-tests-python/139//#testresult/a79697e561f9fe26",
        "status" : "passed",
        "statusDetails" : "XPASS",
        "time" : {
          "start" : 1727745469507,
          "stop" : 1727745481136,
          "duration" : 11629
        }
      }, {
        "uid" : "12c1e52c5c2fd27c",
        "reportUrl" : "https://Brain-up.github.io/auto-tests-python/303//#testresult/12c1e52c5c2fd27c",
        "status" : "passed",
        "statusDetails" : "XPASS",
        "time" : {
          "start" : 1727687042228,
          "stop" : 1727687055501,
          "duration" : 13273
        }
      }, {
        "uid" : "79bf44ee39acc7c1",
        "reportUrl" : "https://Brain-up.github.io/auto-tests-python/302//#testresult/79bf44ee39acc7c1",
        "status" : "passed",
        "statusDetails" : "XPASS",
        "time" : {
          "start" : 1727684537181,
          "stop" : 1727684552220,
          "duration" : 15039
        }
      }, {
        "uid" : "bba71353832af711",
        "reportUrl" : "https://Brain-up.github.io/auto-tests-python/302//#testresult/bba71353832af711",
        "status" : "passed",
        "statusDetails" : "XPASS",
        "time" : {
          "start" : 1727682944226,
          "stop" : 1727682956879,
          "duration" : 12653
        }
      }, {
        "uid" : "fc0a74be293f1edd",
        "reportUrl" : "https://Brain-up.github.io/auto-tests-python/138//#testresult/fc0a74be293f1edd",
        "status" : "skipped",
        "statusDetails" : "XFAIL\n\nselenium.common.exceptions.TimeoutException: Message: Url: https://brainup.site/groups/2/series/17/subgroup/123/exercise/1966 has not been changed!!!",
        "time" : {
          "start" : 1727658740363,
          "stop" : 1727658766757,
          "duration" : 26394
        }
      } ]
    },
    "tags" : [ "@pytest.mark.xfail" ]
  },
  "source" : "6eeaafc97a47425a.json",
  "parameterValues" : [ ]
}