{
  "uid" : "dceaacfa4bc7bad4",
  "name" : "Check progres-bar and buttons.",
  "fullName" : "tests.test_speech_exercises_en.TestCardsEN#test_progress_bar_is_present_en",
  "historyId" : "efb827312bdd34b296637645e49b0897",
  "time" : {
    "start" : 1756547705213,
    "stop" : 1756547715620,
    "duration" : 10407
  },
  "status" : "skipped",
  "statusMessage" : "XFAIL\n\nselenium.common.exceptions.TimeoutException: Message: Can't find element by locator ('xpath', '//button[@data-test-active-link=\"Words\"]')\nStacktrace:\n#0 0x55fcffbb502a <unknown>\n#1 0x55fcff654a70 <unknown>\n#2 0x55fcff6a6907 <unknown>\n#3 0x55fcff6a6b01 <unknown>\n#4 0x55fcff6f4d54 <unknown>\n#5 0x55fcff6cc40d <unknown>\n#6 0x55fcff6f214f <unknown>\n#7 0x55fcff6cc1b3 <unknown>\n#8 0x55fcff69859b <unknown>\n#9 0x55fcff699971 <unknown>\n#10 0x55fcffb7a1fb <unknown>\n#11 0x55fcffb7df49 <unknown>\n#12 0x55fcffb612d9 <unknown>\n#13 0x55fcffb7eaf8 <unknown>\n#14 0x55fcffb45bbf <unknown>\n#15 0x55fcffba20b8 <unknown>\n#16 0x55fcffba2296 <unknown>\n#17 0x55fcffbb4006 <unknown>\n#18 0x7f641b29caa4 <unknown>\n#19 0x7f641b329c3c <unknown>",
  "statusTrace" : "self = <tests.test_speech_exercises_en.TestCardsEN object at 0x7f066c7c4650>\ndriver = <selenium.webdriver.chrome.webdriver.WebDriver (session=\"075b1745e3f2a868b9d57c54077f1a63\")>\nspecialist_user_authorized = None\n\n    @pytest.mark.xfail\n    @allure.suite(\"Speech exercises EN.\")\n    @allure.title('Check progres-bar and buttons.')\n    def test_progress_bar_is_present_en(self, driver, specialist_user_authorized):\n        page = SpeechExercisesPage(driver)\n>       page.select_group(SpeechExercisesPageLocators.WORDS_BUTTON_EN)\n\ntests/test_speech_exercises_en.py:34: \n_ _ _ _ _ _ _ _ _ _ _ _ _ _ _ _ _ _ _ _ _ _ _ _ _ _ _ _ _ _ _ _ _ _ _ _ _ _ _ _ \npages/speech_exercises_page_en.py:18: in select_group\n    text_of_the_button = self.element_is_present_and_clickable(selector_for_sub_group)\npages/base_page.py:40: in element_is_present_and_clickable\n    return (Wait(self.driver, self.timeout).until(\n_ _ _ _ _ _ _ _ _ _ _ _ _ _ _ _ _ _ _ _ _ _ _ _ _ _ _ _ _ _ _ _ _ _ _ _ _ _ _ _ \n\nself = <selenium.webdriver.support.wait.WebDriverWait (session=\"075b1745e3f2a868b9d57c54077f1a63\")>\nmethod = <function visibility_of_element_located.<locals>._predicate at 0x7f066c67ee80>\nmessage = 'Can\\'t find element by locator (\\'xpath\\', \\'//button[@data-test-active-link=\"Words\"]\\')'\n\n    def until(self, method, message: str = \"\"):\n        \"\"\"Calls the method provided with the driver as an argument until the \\\n        return value does not evaluate to ``False``.\n    \n        :param method: callable(WebDriver)\n        :param message: optional message for :exc:`TimeoutException`\n        :returns: the result of the last call to `method`\n        :raises: :exc:`selenium.common.exceptions.TimeoutException` if timeout occurs\n        \"\"\"\n        screen = None\n        stacktrace = None\n    \n        end_time = time.monotonic() + self._timeout\n        while True:\n            try:\n                value = method(self._driver)\n                if value:\n                    return value\n            except self._ignored_exceptions as exc:\n                screen = getattr(exc, \"screen\", None)\n                stacktrace = getattr(exc, \"stacktrace\", None)\n            time.sleep(self._poll)\n            if time.monotonic() > end_time:\n                break\n>       raise TimeoutException(message, screen, stacktrace)\nE       selenium.common.exceptions.TimeoutException: Message: Can't find element by locator ('xpath', '//button[@data-test-active-link=\"Words\"]')\nE       Stacktrace:\nE       #0 0x55fcffbb502a <unknown>\nE       #1 0x55fcff654a70 <unknown>\nE       #2 0x55fcff6a6907 <unknown>\nE       #3 0x55fcff6a6b01 <unknown>\nE       #4 0x55fcff6f4d54 <unknown>\nE       #5 0x55fcff6cc40d <unknown>\nE       #6 0x55fcff6f214f <unknown>\nE       #7 0x55fcff6cc1b3 <unknown>\nE       #8 0x55fcff69859b <unknown>\nE       #9 0x55fcff699971 <unknown>\nE       #10 0x55fcffb7a1fb <unknown>\nE       #11 0x55fcffb7df49 <unknown>\nE       #12 0x55fcffb612d9 <unknown>\nE       #13 0x55fcffb7eaf8 <unknown>\nE       #14 0x55fcffb45bbf <unknown>\nE       #15 0x55fcffba20b8 <unknown>\nE       #16 0x55fcffba2296 <unknown>\nE       #17 0x55fcffbb4006 <unknown>\nE       #18 0x7f641b29caa4 <unknown>\nE       #19 0x7f641b329c3c <unknown>\n\n/opt/hostedtoolcache/Python/3.12.11/x64/lib/python3.12/site-packages/selenium/webdriver/support/wait.py:95: TimeoutException",
  "flaky" : false,
  "newFailed" : false,
  "beforeStages" : [ {
    "name" : "driver",
    "time" : {
      "start" : 1756547698848,
      "stop" : 1756547699604,
      "duration" : 756
    },
    "status" : "passed",
    "steps" : [ ],
    "attachments" : [ ],
    "parameters" : [ ],
    "stepsCount" : 0,
    "attachmentsCount" : 0,
    "shouldDisplayMessage" : false,
    "hasContent" : false
  }, {
    "name" : "specialist_user_authorized",
    "time" : {
      "start" : 1756547702762,
      "stop" : 1756547705212,
      "duration" : 2450
    },
    "status" : "passed",
    "steps" : [ {
      "name" : "USER specialist authorized",
      "time" : {
        "start" : 1756547702762,
        "stop" : 1756547705212,
        "duration" : 2450
      },
      "status" : "passed",
      "steps" : [ {
        "name" : "Check url is present: https://www.brainup.site/groups",
        "time" : {
          "start" : 1756547703167,
          "stop" : 1756547705190,
          "duration" : 2023
        },
        "status" : "passed",
        "steps" : [ ],
        "attachments" : [ ],
        "parameters" : [ ],
        "stepsCount" : 0,
        "attachmentsCount" : 0,
        "shouldDisplayMessage" : false,
        "hasContent" : false
      }, {
        "name" : "Loader checking",
        "time" : {
          "start" : 1756547705190,
          "stop" : 1756547705212,
          "duration" : 22
        },
        "status" : "passed",
        "steps" : [ ],
        "attachments" : [ ],
        "parameters" : [ ],
        "stepsCount" : 0,
        "attachmentsCount" : 0,
        "shouldDisplayMessage" : false,
        "hasContent" : false
      } ],
      "attachments" : [ ],
      "parameters" : [ {
        "name" : "driver",
        "value" : "<selenium.webdriver.chrome.webdriver.WebDriver (session=\"075b1745e3f2a868b9d57c54077f1a63\")>"
      }, {
        "name" : "main_page_open",
        "value" : "None"
      } ],
      "stepsCount" : 2,
      "attachmentsCount" : 0,
      "shouldDisplayMessage" : false,
      "hasContent" : true
    } ],
    "attachments" : [ ],
    "parameters" : [ ],
    "stepsCount" : 3,
    "attachmentsCount" : 0,
    "shouldDisplayMessage" : false,
    "hasContent" : true
  }, {
    "name" : "clear_allure_results_folder",
    "time" : {
      "start" : 1756546638583,
      "stop" : 1756546638583,
      "duration" : 0
    },
    "status" : "passed",
    "steps" : [ ],
    "attachments" : [ ],
    "parameters" : [ ],
    "stepsCount" : 0,
    "attachmentsCount" : 0,
    "shouldDisplayMessage" : false,
    "hasContent" : false
  }, {
    "name" : "main_page_open",
    "time" : {
      "start" : 1756547699604,
      "stop" : 1756547702762,
      "duration" : 3158
    },
    "status" : "passed",
    "steps" : [ {
      "name" : "Open page: https://www.brainup.site/",
      "time" : {
        "start" : 1756547699604,
        "stop" : 1756547702762,
        "duration" : 3158
      },
      "status" : "passed",
      "steps" : [ ],
      "attachments" : [ ],
      "parameters" : [ {
        "name" : "driver",
        "value" : "<selenium.webdriver.chrome.webdriver.WebDriver (session=\"075b1745e3f2a868b9d57c54077f1a63\")>"
      } ],
      "stepsCount" : 0,
      "attachmentsCount" : 0,
      "shouldDisplayMessage" : false,
      "hasContent" : true
    } ],
    "attachments" : [ ],
    "parameters" : [ ],
    "stepsCount" : 1,
    "attachmentsCount" : 0,
    "shouldDisplayMessage" : false,
    "hasContent" : true
  } ],
  "testStage" : {
    "status" : "skipped",
    "statusMessage" : "XFAIL\n\nselenium.common.exceptions.TimeoutException: Message: Can't find element by locator ('xpath', '//button[@data-test-active-link=\"Words\"]')\nStacktrace:\n#0 0x55fcffbb502a <unknown>\n#1 0x55fcff654a70 <unknown>\n#2 0x55fcff6a6907 <unknown>\n#3 0x55fcff6a6b01 <unknown>\n#4 0x55fcff6f4d54 <unknown>\n#5 0x55fcff6cc40d <unknown>\n#6 0x55fcff6f214f <unknown>\n#7 0x55fcff6cc1b3 <unknown>\n#8 0x55fcff69859b <unknown>\n#9 0x55fcff699971 <unknown>\n#10 0x55fcffb7a1fb <unknown>\n#11 0x55fcffb7df49 <unknown>\n#12 0x55fcffb612d9 <unknown>\n#13 0x55fcffb7eaf8 <unknown>\n#14 0x55fcffb45bbf <unknown>\n#15 0x55fcffba20b8 <unknown>\n#16 0x55fcffba2296 <unknown>\n#17 0x55fcffbb4006 <unknown>\n#18 0x7f641b29caa4 <unknown>\n#19 0x7f641b329c3c <unknown>",
    "statusTrace" : "self = <tests.test_speech_exercises_en.TestCardsEN object at 0x7f066c7c4650>\ndriver = <selenium.webdriver.chrome.webdriver.WebDriver (session=\"075b1745e3f2a868b9d57c54077f1a63\")>\nspecialist_user_authorized = None\n\n    @pytest.mark.xfail\n    @allure.suite(\"Speech exercises EN.\")\n    @allure.title('Check progres-bar and buttons.')\n    def test_progress_bar_is_present_en(self, driver, specialist_user_authorized):\n        page = SpeechExercisesPage(driver)\n>       page.select_group(SpeechExercisesPageLocators.WORDS_BUTTON_EN)\n\ntests/test_speech_exercises_en.py:34: \n_ _ _ _ _ _ _ _ _ _ _ _ _ _ _ _ _ _ _ _ _ _ _ _ _ _ _ _ _ _ _ _ _ _ _ _ _ _ _ _ \npages/speech_exercises_page_en.py:18: in select_group\n    text_of_the_button = self.element_is_present_and_clickable(selector_for_sub_group)\npages/base_page.py:40: in element_is_present_and_clickable\n    return (Wait(self.driver, self.timeout).until(\n_ _ _ _ _ _ _ _ _ _ _ _ _ _ _ _ _ _ _ _ _ _ _ _ _ _ _ _ _ _ _ _ _ _ _ _ _ _ _ _ \n\nself = <selenium.webdriver.support.wait.WebDriverWait (session=\"075b1745e3f2a868b9d57c54077f1a63\")>\nmethod = <function visibility_of_element_located.<locals>._predicate at 0x7f066c67ee80>\nmessage = 'Can\\'t find element by locator (\\'xpath\\', \\'//button[@data-test-active-link=\"Words\"]\\')'\n\n    def until(self, method, message: str = \"\"):\n        \"\"\"Calls the method provided with the driver as an argument until the \\\n        return value does not evaluate to ``False``.\n    \n        :param method: callable(WebDriver)\n        :param message: optional message for :exc:`TimeoutException`\n        :returns: the result of the last call to `method`\n        :raises: :exc:`selenium.common.exceptions.TimeoutException` if timeout occurs\n        \"\"\"\n        screen = None\n        stacktrace = None\n    \n        end_time = time.monotonic() + self._timeout\n        while True:\n            try:\n                value = method(self._driver)\n                if value:\n                    return value\n            except self._ignored_exceptions as exc:\n                screen = getattr(exc, \"screen\", None)\n                stacktrace = getattr(exc, \"stacktrace\", None)\n            time.sleep(self._poll)\n            if time.monotonic() > end_time:\n                break\n>       raise TimeoutException(message, screen, stacktrace)\nE       selenium.common.exceptions.TimeoutException: Message: Can't find element by locator ('xpath', '//button[@data-test-active-link=\"Words\"]')\nE       Stacktrace:\nE       #0 0x55fcffbb502a <unknown>\nE       #1 0x55fcff654a70 <unknown>\nE       #2 0x55fcff6a6907 <unknown>\nE       #3 0x55fcff6a6b01 <unknown>\nE       #4 0x55fcff6f4d54 <unknown>\nE       #5 0x55fcff6cc40d <unknown>\nE       #6 0x55fcff6f214f <unknown>\nE       #7 0x55fcff6cc1b3 <unknown>\nE       #8 0x55fcff69859b <unknown>\nE       #9 0x55fcff699971 <unknown>\nE       #10 0x55fcffb7a1fb <unknown>\nE       #11 0x55fcffb7df49 <unknown>\nE       #12 0x55fcffb612d9 <unknown>\nE       #13 0x55fcffb7eaf8 <unknown>\nE       #14 0x55fcffb45bbf <unknown>\nE       #15 0x55fcffba20b8 <unknown>\nE       #16 0x55fcffba2296 <unknown>\nE       #17 0x55fcffbb4006 <unknown>\nE       #18 0x7f641b29caa4 <unknown>\nE       #19 0x7f641b329c3c <unknown>\n\n/opt/hostedtoolcache/Python/3.12.11/x64/lib/python3.12/site-packages/selenium/webdriver/support/wait.py:95: TimeoutException",
    "steps" : [ {
      "name" : "select_group",
      "time" : {
        "start" : 1756547705213,
        "stop" : 1756547715620,
        "duration" : 10407
      },
      "status" : "broken",
      "statusMessage" : "selenium.common.exceptions.TimeoutException: Message: Can't find element by locator ('xpath', '//button[@data-test-active-link=\"Words\"]')\nStacktrace:\n#0 0x55fcffbb502a <unknown>\n#1 0x55fcff654a70 <unknown>\n#2 0x55fcff6a6907 <unknown>\n#3 0x55fcff6a6b01 <unknown>\n#4 0x55fcff6f4d54 <unknown>\n#5 0x55fcff6cc40d <unknown>\n#6 0x55fcff6f214f <unknown>\n#7 0x55fcff6cc1b3 <unknown>\n#8 0x55fcff69859b <unknown>\n#9 0x55fcff699971 <unknown>\n#10 0x55fcffb7a1fb <unknown>\n#11 0x55fcffb7df49 <unknown>\n#12 0x55fcffb612d9 <unknown>\n#13 0x55fcffb7eaf8 <unknown>\n#14 0x55fcffb45bbf <unknown>\n#15 0x55fcffba20b8 <unknown>\n#16 0x55fcffba2296 <unknown>\n#17 0x55fcffbb4006 <unknown>\n#18 0x7f641b29caa4 <unknown>\n#19 0x7f641b329c3c <unknown>\n\n",
      "statusTrace" : "  File \"/opt/hostedtoolcache/Python/3.12.11/x64/lib/python3.12/site-packages/allure_commons/_allure.py\", line 192, in impl\n    return func(*a, **kw)\n           ^^^^^^^^^^^^^^\n  File \"/home/runner/work/auto-tests-python/auto-tests-python/pages/speech_exercises_page_en.py\", line 18, in select_group\n    text_of_the_button = self.element_is_present_and_clickable(selector_for_sub_group)\n                         ^^^^^^^^^^^^^^^^^^^^^^^^^^^^^^^^^^^^^^^^^^^^^^^^^^^^^^^^^^^^^\n  File \"/home/runner/work/auto-tests-python/auto-tests-python/pages/base_page.py\", line 40, in element_is_present_and_clickable\n    return (Wait(self.driver, self.timeout).until(\n            ^^^^^^^^^^^^^^^^^^^^^^^^^^^^^^^^^^^^^^\n  File \"/opt/hostedtoolcache/Python/3.12.11/x64/lib/python3.12/site-packages/selenium/webdriver/support/wait.py\", line 95, in until\n    raise TimeoutException(message, screen, stacktrace)\n",
      "steps" : [ {
        "name" : "Select Russian language. Click \"EN\" button.",
        "time" : {
          "start" : 1756547705213,
          "stop" : 1756547705287,
          "duration" : 74
        },
        "status" : "passed",
        "steps" : [ ],
        "attachments" : [ ],
        "parameters" : [ ],
        "stepsCount" : 0,
        "attachmentsCount" : 0,
        "shouldDisplayMessage" : false,
        "hasContent" : false
      }, {
        "name" : "Click button \"SPEECH EXERCISES\".",
        "time" : {
          "start" : 1756547705287,
          "stop" : 1756547705362,
          "duration" : 75
        },
        "status" : "passed",
        "steps" : [ ],
        "attachments" : [ ],
        "parameters" : [ ],
        "stepsCount" : 0,
        "attachmentsCount" : 0,
        "shouldDisplayMessage" : false,
        "hasContent" : false
      } ],
      "attachments" : [ ],
      "parameters" : [ {
        "name" : "selector_for_sub_group",
        "value" : "('xpath', '//button[@data-test-active-link=\"Words\"]')"
      } ],
      "stepsCount" : 2,
      "attachmentsCount" : 0,
      "shouldDisplayMessage" : true,
      "hasContent" : true
    } ],
    "attachments" : [ ],
    "parameters" : [ ],
    "stepsCount" : 3,
    "attachmentsCount" : 0,
    "shouldDisplayMessage" : true,
    "hasContent" : true
  },
  "afterStages" : [ {
    "name" : "driver::0",
    "time" : {
      "start" : 1756547715631,
      "stop" : 1756547715702,
      "duration" : 71
    },
    "status" : "passed",
    "steps" : [ ],
    "attachments" : [ ],
    "parameters" : [ ],
    "stepsCount" : 0,
    "attachmentsCount" : 0,
    "shouldDisplayMessage" : false,
    "hasContent" : false
  } ],
  "labels" : [ {
    "name" : "suite",
    "value" : "Speech exercises EN."
  }, {
    "name" : "epic",
    "value" : "Speech exercises."
  }, {
    "name" : "tag",
    "value" : "@pytest.mark.xfail"
  }, {
    "name" : "parentSuite",
    "value" : "tests"
  }, {
    "name" : "subSuite",
    "value" : "TestCardsEN"
  }, {
    "name" : "host",
    "value" : "pkrvmccyg1gnepe"
  }, {
    "name" : "thread",
    "value" : "2549-MainThread"
  }, {
    "name" : "framework",
    "value" : "pytest"
  }, {
    "name" : "language",
    "value" : "cpython3"
  }, {
    "name" : "package",
    "value" : "tests.test_speech_exercises_en"
  }, {
    "name" : "resultFormat",
    "value" : "allure2"
  } ],
  "parameters" : [ ],
  "links" : [ ],
  "hidden" : false,
  "retry" : false,
  "extra" : {
    "severity" : "normal",
    "retries" : [ ],
    "categories" : [ ],
    "history" : {
      "statistic" : {
        "failed" : 0,
        "broken" : 0,
        "skipped" : 298,
        "passed" : 6,
        "unknown" : 0,
        "total" : 304
      },
      "items" : [ {
        "uid" : "5a6ac029017755ee",
        "reportUrl" : "https://Brain-up.github.io/auto-tests-python/670//#testresult/5a6ac029017755ee",
        "status" : "skipped",
        "statusDetails" : "XFAIL\n\nselenium.common.exceptions.TimeoutException: Message: Can't find element by locator ('xpath', '//button[@data-test-active-link=\"Words\"]')\nStacktrace:\n#0 0x55c64dfe502a <unknown>\n#1 0x55c64da84a70 <unknown>\n#2 0x55c64dad6907 <unknown>\n#3 0x55c64dad6b01 <unknown>\n#4 0x55c64db24d54 <unknown>\n#5 0x55c64dafc40d <unknown>\n#6 0x55c64db2214f <unknown>\n#7 0x55c64dafc1b3 <unknown>\n#8 0x55c64dac859b <unknown>\n#9 0x55c64dac9971 <unknown>\n#10 0x55c64dfaa1fb <unknown>\n#11 0x55c64dfadf49 <unknown>\n#12 0x55c64df912d9 <unknown>\n#13 0x55c64dfaeaf8 <unknown>\n#14 0x55c64df75bbf <unknown>\n#15 0x55c64dfd20b8 <unknown>\n#16 0x55c64dfd2296 <unknown>\n#17 0x55c64dfe4006 <unknown>\n#18 0x7f5d3289caa4 <unknown>\n#19 0x7f5d32929c3c <unknown>",
        "time" : {
          "start" : 1756490061659,
          "stop" : 1756490072103,
          "duration" : 10444
        }
      }, {
        "uid" : "9c6940e1437f9bf3",
        "reportUrl" : "https://Brain-up.github.io/auto-tests-python/670//#testresult/9c6940e1437f9bf3",
        "status" : "skipped",
        "statusDetails" : "XFAIL\n\nselenium.common.exceptions.TimeoutException: Message: Can't find element by locator ('xpath', '//button[@data-test-active-link=\"Words\"]')\nStacktrace:\n#0 0x55c37c4d702a <unknown>\n#1 0x55c37bf76a70 <unknown>\n#2 0x55c37bfc8907 <unknown>\n#3 0x55c37bfc8b01 <unknown>\n#4 0x55c37c016d54 <unknown>\n#5 0x55c37bfee40d <unknown>\n#6 0x55c37c01414f <unknown>\n#7 0x55c37bfee1b3 <unknown>\n#8 0x55c37bfba59b <unknown>\n#9 0x55c37bfbb971 <unknown>\n#10 0x55c37c49c1fb <unknown>\n#11 0x55c37c49ff49 <unknown>\n#12 0x55c37c4832d9 <unknown>\n#13 0x55c37c4a0af8 <unknown>\n#14 0x55c37c467bbf <unknown>\n#15 0x55c37c4c40b8 <unknown>\n#16 0x55c37c4c4296 <unknown>\n#17 0x55c37c4d6006 <unknown>\n#18 0x7fa8fb29caa4 <unknown>\n#19 0x7fa8fb329c3c <unknown>",
        "time" : {
          "start" : 1756484505881,
          "stop" : 1756484516303,
          "duration" : 10422
        }
      }, {
        "uid" : "a6dd3bf879cfdf18",
        "reportUrl" : "https://Brain-up.github.io/auto-tests-python/669//#testresult/a6dd3bf879cfdf18",
        "status" : "skipped",
        "statusDetails" : "XFAIL\n\nselenium.common.exceptions.TimeoutException: Message: Can't find element by locator ('xpath', '//button[@data-test-active-link=\"Words\"]')\nStacktrace:\n#0 0x55c4a3a5b02a <unknown>\n#1 0x55c4a34faa70 <unknown>\n#2 0x55c4a354c907 <unknown>\n#3 0x55c4a354cb01 <unknown>\n#4 0x55c4a359ad54 <unknown>\n#5 0x55c4a357240d <unknown>\n#6 0x55c4a359814f <unknown>\n#7 0x55c4a35721b3 <unknown>\n#8 0x55c4a353e59b <unknown>\n#9 0x55c4a353f971 <unknown>\n#10 0x55c4a3a201fb <unknown>\n#11 0x55c4a3a23f49 <unknown>\n#12 0x55c4a3a072d9 <unknown>\n#13 0x55c4a3a24af8 <unknown>\n#14 0x55c4a39ebbbf <unknown>\n#15 0x55c4a3a480b8 <unknown>\n#16 0x55c4a3a48296 <unknown>\n#17 0x55c4a3a5a006 <unknown>\n#18 0x7f496b49caa4 <unknown>\n#19 0x7f496b529c3c <unknown>",
        "time" : {
          "start" : 1756373133232,
          "stop" : 1756373143635,
          "duration" : 10403
        }
      }, {
        "uid" : "ab963db835dd4d46",
        "reportUrl" : "https://Brain-up.github.io/auto-tests-python/668//#testresult/ab963db835dd4d46",
        "status" : "skipped",
        "statusDetails" : "XFAIL\n\nselenium.common.exceptions.TimeoutException: Message: Can't find element by locator ('xpath', '//button[@data-test-active-link=\"Words\"]')\nStacktrace:\n#0 0x560f0b0b901a <unknown>\n#1 0x560f0ab58a70 <unknown>\n#2 0x560f0abaa907 <unknown>\n#3 0x560f0abaab01 <unknown>\n#4 0x560f0abf8d54 <unknown>\n#5 0x560f0abd040d <unknown>\n#6 0x560f0abf614f <unknown>\n#7 0x560f0abd01b3 <unknown>\n#8 0x560f0ab9c59b <unknown>\n#9 0x560f0ab9d971 <unknown>\n#10 0x560f0b07e1eb <unknown>\n#11 0x560f0b081f39 <unknown>\n#12 0x560f0b0652c9 <unknown>\n#13 0x560f0b082ae8 <unknown>\n#14 0x560f0b049baf <unknown>\n#15 0x560f0b0a60a8 <unknown>\n#16 0x560f0b0a6286 <unknown>\n#17 0x560f0b0b7ff6 <unknown>\n#18 0x7fb9aa29caa4 <unknown>\n#19 0x7fb9aa329c3c <unknown>",
        "time" : {
          "start" : 1756296658546,
          "stop" : 1756296668953,
          "duration" : 10407
        }
      }, {
        "uid" : "4be3b452dfb374ce",
        "reportUrl" : "https://Brain-up.github.io/auto-tests-python/667//#testresult/4be3b452dfb374ce",
        "status" : "skipped",
        "statusDetails" : "XFAIL\n\nselenium.common.exceptions.TimeoutException: Message: Can't find element by locator ('xpath', '//button[@data-test-active-link=\"Words\"]')\nStacktrace:\n#0 0x559e3c48701a <unknown>\n#1 0x559e3bf26a70 <unknown>\n#2 0x559e3bf78907 <unknown>\n#3 0x559e3bf78b01 <unknown>\n#4 0x559e3bfc6d54 <unknown>\n#5 0x559e3bf9e40d <unknown>\n#6 0x559e3bfc414f <unknown>\n#7 0x559e3bf9e1b3 <unknown>\n#8 0x559e3bf6a59b <unknown>\n#9 0x559e3bf6b971 <unknown>\n#10 0x559e3c44c1eb <unknown>\n#11 0x559e3c44ff39 <unknown>\n#12 0x559e3c4332c9 <unknown>\n#13 0x559e3c450ae8 <unknown>\n#14 0x559e3c417baf <unknown>\n#15 0x559e3c4740a8 <unknown>\n#16 0x559e3c474286 <unknown>\n#17 0x559e3c485ff6 <unknown>\n#18 0x7f9b4be9caa4 <unknown>\n#19 0x7f9b4bf29c3c <unknown>",
        "time" : {
          "start" : 1756203504107,
          "stop" : 1756203514562,
          "duration" : 10455
        }
      }, {
        "uid" : "b451243c0a643849",
        "reportUrl" : "https://Brain-up.github.io/auto-tests-python/666//#testresult/b451243c0a643849",
        "status" : "skipped",
        "statusDetails" : "XFAIL\n\nselenium.common.exceptions.TimeoutException: Message: Can't find element by locator ('xpath', '//button[@data-test-active-link=\"Words\"]')\nStacktrace:\n#0 0x556eaa3cb01a <unknown>\n#1 0x556ea9e6aa70 <unknown>\n#2 0x556ea9ebc907 <unknown>\n#3 0x556ea9ebcb01 <unknown>\n#4 0x556ea9f0ad54 <unknown>\n#5 0x556ea9ee240d <unknown>\n#6 0x556ea9f0814f <unknown>\n#7 0x556ea9ee21b3 <unknown>\n#8 0x556ea9eae59b <unknown>\n#9 0x556ea9eaf971 <unknown>\n#10 0x556eaa3901eb <unknown>\n#11 0x556eaa393f39 <unknown>\n#12 0x556eaa3772c9 <unknown>\n#13 0x556eaa394ae8 <unknown>\n#14 0x556eaa35bbaf <unknown>\n#15 0x556eaa3b80a8 <unknown>\n#16 0x556eaa3b8286 <unknown>\n#17 0x556eaa3c9ff6 <unknown>\n#18 0x7fb836a9caa4 <unknown>\n#19 0x7fb836b29c3c <unknown>",
        "time" : {
          "start" : 1756119346109,
          "stop" : 1756119356511,
          "duration" : 10402
        }
      }, {
        "uid" : "f03beceabd6ea9f0",
        "reportUrl" : "https://Brain-up.github.io/auto-tests-python/665//#testresult/f03beceabd6ea9f0",
        "status" : "skipped",
        "statusDetails" : "XFAIL\n\nselenium.common.exceptions.TimeoutException: Message: Can't find element by locator ('xpath', '//button[@data-test-active-link=\"Words\"]')\nStacktrace:\n#0 0x55952fbdb01a <unknown>\n#1 0x55952f67aa70 <unknown>\n#2 0x55952f6cc907 <unknown>\n#3 0x55952f6ccb01 <unknown>\n#4 0x55952f71ad54 <unknown>\n#5 0x55952f6f240d <unknown>\n#6 0x55952f71814f <unknown>\n#7 0x55952f6f21b3 <unknown>\n#8 0x55952f6be59b <unknown>\n#9 0x55952f6bf971 <unknown>\n#10 0x55952fba01eb <unknown>\n#11 0x55952fba3f39 <unknown>\n#12 0x55952fb872c9 <unknown>\n#13 0x55952fba4ae8 <unknown>\n#14 0x55952fb6bbaf <unknown>\n#15 0x55952fbc80a8 <unknown>\n#16 0x55952fbc8286 <unknown>\n#17 0x55952fbd9ff6 <unknown>\n#18 0x7f80a789caa4 <unknown>\n#19 0x7f80a7929c3c <unknown>",
        "time" : {
          "start" : 1756034921715,
          "stop" : 1756034932119,
          "duration" : 10404
        }
      }, {
        "uid" : "d5f4ff8c803b0536",
        "reportUrl" : "https://Brain-up.github.io/auto-tests-python/664//#testresult/d5f4ff8c803b0536",
        "status" : "skipped",
        "statusDetails" : "XFAIL\n\nselenium.common.exceptions.TimeoutException: Message: Can't find element by locator ('xpath', '//button[@data-test-active-link=\"Words\"]')\nStacktrace:\n#0 0x55c33c00a01a <unknown>\n#1 0x55c33baa9a70 <unknown>\n#2 0x55c33bafb907 <unknown>\n#3 0x55c33bafbb01 <unknown>\n#4 0x55c33bb49d54 <unknown>\n#5 0x55c33bb2140d <unknown>\n#6 0x55c33bb4714f <unknown>\n#7 0x55c33bb211b3 <unknown>\n#8 0x55c33baed59b <unknown>\n#9 0x55c33baee971 <unknown>\n#10 0x55c33bfcf1eb <unknown>\n#11 0x55c33bfd2f39 <unknown>\n#12 0x55c33bfb62c9 <unknown>\n#13 0x55c33bfd3ae8 <unknown>\n#14 0x55c33bf9abaf <unknown>\n#15 0x55c33bff70a8 <unknown>\n#16 0x55c33bff7286 <unknown>\n#17 0x55c33c008ff6 <unknown>\n#18 0x7f0ed109caa4 <unknown>\n#19 0x7f0ed1129c3c <unknown>",
        "time" : {
          "start" : 1755947258710,
          "stop" : 1755947269123,
          "duration" : 10413
        }
      }, {
        "uid" : "8a2f2bf512353865",
        "reportUrl" : "https://Brain-up.github.io/auto-tests-python/663//#testresult/8a2f2bf512353865",
        "status" : "skipped",
        "statusDetails" : "XFAIL\n\nselenium.common.exceptions.TimeoutException: Message: Can't find element by locator ('xpath', '//button[@data-test-active-link=\"Words\"]')\nStacktrace:\n#0 0x564b853ef01a <unknown>\n#1 0x564b84e8ea70 <unknown>\n#2 0x564b84ee0907 <unknown>\n#3 0x564b84ee0b01 <unknown>\n#4 0x564b84f2ed54 <unknown>\n#5 0x564b84f0640d <unknown>\n#6 0x564b84f2c14f <unknown>\n#7 0x564b84f061b3 <unknown>\n#8 0x564b84ed259b <unknown>\n#9 0x564b84ed3971 <unknown>\n#10 0x564b853b41eb <unknown>\n#11 0x564b853b7f39 <unknown>\n#12 0x564b8539b2c9 <unknown>\n#13 0x564b853b8ae8 <unknown>\n#14 0x564b8537fbaf <unknown>\n#15 0x564b853dc0a8 <unknown>\n#16 0x564b853dc286 <unknown>\n#17 0x564b853edff6 <unknown>\n#18 0x7f41fca9caa4 <unknown>\n#19 0x7f41fcb29c3c <unknown>",
        "time" : {
          "start" : 1755853595559,
          "stop" : 1755853605967,
          "duration" : 10408
        }
      }, {
        "uid" : "9d3ac2b238302014",
        "reportUrl" : "https://Brain-up.github.io/auto-tests-python/662//#testresult/9d3ac2b238302014",
        "status" : "skipped",
        "statusDetails" : "XFAIL\n\nselenium.common.exceptions.TimeoutException: Message: Can't find element by locator ('xpath', '//button[@data-test-active-link=\"Words\"]')\nStacktrace:\n#0 0x56190440701a <unknown>\n#1 0x561903ea6a70 <unknown>\n#2 0x561903ef8907 <unknown>\n#3 0x561903ef8b01 <unknown>\n#4 0x561903f46d54 <unknown>\n#5 0x561903f1e40d <unknown>\n#6 0x561903f4414f <unknown>\n#7 0x561903f1e1b3 <unknown>\n#8 0x561903eea59b <unknown>\n#9 0x561903eeb971 <unknown>\n#10 0x5619043cc1eb <unknown>\n#11 0x5619043cff39 <unknown>\n#12 0x5619043b32c9 <unknown>\n#13 0x5619043d0ae8 <unknown>\n#14 0x561904397baf <unknown>\n#15 0x5619043f40a8 <unknown>\n#16 0x5619043f4286 <unknown>\n#17 0x561904405ff6 <unknown>\n#18 0x7fcb9869caa4 <unknown>\n#19 0x7fcb98729c3c <unknown>",
        "time" : {
          "start" : 1755772906437,
          "stop" : 1755772916859,
          "duration" : 10422
        }
      }, {
        "uid" : "ba3598b96da13268",
        "reportUrl" : "https://Brain-up.github.io/auto-tests-python/661//#testresult/ba3598b96da13268",
        "status" : "skipped",
        "statusDetails" : "XFAIL\n\nselenium.common.exceptions.TimeoutException: Message: Can't find element by locator ('xpath', '//button[@data-test-active-link=\"Words\"]')\nStacktrace:\n#0 0x55b36551e01a <unknown>\n#1 0x55b364fbda70 <unknown>\n#2 0x55b36500f907 <unknown>\n#3 0x55b36500fb01 <unknown>\n#4 0x55b36505dd54 <unknown>\n#5 0x55b36503540d <unknown>\n#6 0x55b36505b14f <unknown>\n#7 0x55b3650351b3 <unknown>\n#8 0x55b36500159b <unknown>\n#9 0x55b365002971 <unknown>\n#10 0x55b3654e31eb <unknown>\n#11 0x55b3654e6f39 <unknown>\n#12 0x55b3654ca2c9 <unknown>\n#13 0x55b3654e7ae8 <unknown>\n#14 0x55b3654aebaf <unknown>\n#15 0x55b36550b0a8 <unknown>\n#16 0x55b36550b286 <unknown>\n#17 0x55b36551cff6 <unknown>\n#18 0x7f0751a9caa4 <unknown>\n#19 0x7f0751b29c3c <unknown>",
        "time" : {
          "start" : 1755722878686,
          "stop" : 1755722889140,
          "duration" : 10454
        }
      }, {
        "uid" : "72d33ba00a89d8c4",
        "reportUrl" : "https://Brain-up.github.io/auto-tests-python/660//#testresult/72d33ba00a89d8c4",
        "status" : "skipped",
        "statusDetails" : "XFAIL\n\nselenium.common.exceptions.TimeoutException: Message: Can't find element by locator ('xpath', '//button[@data-test-active-link=\"Words\"]')\nStacktrace:\n#0 0x563f6636505a <unknown>\n#1 0x563f65e04a70 <unknown>\n#2 0x563f65e56907 <unknown>\n#3 0x563f65e56b01 <unknown>\n#4 0x563f65ea4d54 <unknown>\n#5 0x563f65e7c40d <unknown>\n#6 0x563f65ea214f <unknown>\n#7 0x563f65e7c1b3 <unknown>\n#8 0x563f65e4859b <unknown>\n#9 0x563f65e49971 <unknown>\n#10 0x563f6632a22b <unknown>\n#11 0x563f6632df79 <unknown>\n#12 0x563f66311309 <unknown>\n#13 0x563f6632eb28 <unknown>\n#14 0x563f662f5bef <unknown>\n#15 0x563f663520e8 <unknown>\n#16 0x563f663522c6 <unknown>\n#17 0x563f66364036 <unknown>\n#18 0x7f899ac9caa4 <unknown>\n#19 0x7f899ad29c3c <unknown>",
        "time" : {
          "start" : 1755613005827,
          "stop" : 1755613016234,
          "duration" : 10407
        }
      }, {
        "uid" : "8aac98c3d75f7585",
        "reportUrl" : "https://Brain-up.github.io/auto-tests-python/659//#testresult/8aac98c3d75f7585",
        "status" : "skipped",
        "statusDetails" : "XFAIL\n\nselenium.common.exceptions.TimeoutException: Message: Can't find element by locator ('xpath', '//button[@data-test-active-link=\"Words\"]')\nStacktrace:\n#0 0x55e0846fc05a <unknown>\n#1 0x55e08419ba70 <unknown>\n#2 0x55e0841ed907 <unknown>\n#3 0x55e0841edb01 <unknown>\n#4 0x55e08423bd54 <unknown>\n#5 0x55e08421340d <unknown>\n#6 0x55e08423914f <unknown>\n#7 0x55e0842131b3 <unknown>\n#8 0x55e0841df59b <unknown>\n#9 0x55e0841e0971 <unknown>\n#10 0x55e0846c122b <unknown>\n#11 0x55e0846c4f79 <unknown>\n#12 0x55e0846a8309 <unknown>\n#13 0x55e0846c5b28 <unknown>\n#14 0x55e08468cbef <unknown>\n#15 0x55e0846e90e8 <unknown>\n#16 0x55e0846e92c6 <unknown>\n#17 0x55e0846fb036 <unknown>\n#18 0x7f65d349caa4 <unknown>\n#19 0x7f65d3529c3c <unknown>",
        "time" : {
          "start" : 1755502820340,
          "stop" : 1755502830828,
          "duration" : 10488
        }
      }, {
        "uid" : "9b7aadbf2105b504",
        "reportUrl" : "https://Brain-up.github.io/auto-tests-python/658//#testresult/9b7aadbf2105b504",
        "status" : "skipped",
        "statusDetails" : "XFAIL\n\nselenium.common.exceptions.TimeoutException: Message: Can't find element by locator ('xpath', '//button[@data-test-active-link=\"Words\"]')\nStacktrace:\n#0 0x564c8637405a <unknown>\n#1 0x564c85e13a70 <unknown>\n#2 0x564c85e65907 <unknown>\n#3 0x564c85e65b01 <unknown>\n#4 0x564c85eb3d54 <unknown>\n#5 0x564c85e8b40d <unknown>\n#6 0x564c85eb114f <unknown>\n#7 0x564c85e8b1b3 <unknown>\n#8 0x564c85e5759b <unknown>\n#9 0x564c85e58971 <unknown>\n#10 0x564c8633922b <unknown>\n#11 0x564c8633cf79 <unknown>\n#12 0x564c86320309 <unknown>\n#13 0x564c8633db28 <unknown>\n#14 0x564c86304bef <unknown>\n#15 0x564c863610e8 <unknown>\n#16 0x564c863612c6 <unknown>\n#17 0x564c86373036 <unknown>\n#18 0x7f96ecc9caa4 <unknown>\n#19 0x7f96ecd29c3c <unknown>",
        "time" : {
          "start" : 1755253686927,
          "stop" : 1755253697369,
          "duration" : 10442
        }
      }, {
        "uid" : "273f3f9dda834d78",
        "reportUrl" : "https://Brain-up.github.io/auto-tests-python/657//#testresult/273f3f9dda834d78",
        "status" : "skipped",
        "statusDetails" : "XFAIL\n\nselenium.common.exceptions.TimeoutException: Message: Can't find element by locator ('xpath', '//button[@data-test-active-link=\"Words\"]')\nStacktrace:\n#0 0x55eb3f5ed2ca <unknown>\n#1 0x55eb3f094550 <unknown>\n#2 0x55eb3f0e60f0 <unknown>\n#3 0x55eb3f0e62e1 <unknown>\n#4 0x55eb3f1345e4 <unknown>\n#5 0x55eb3f10bbed <unknown>\n#6 0x55eb3f1319e6 <unknown>\n#7 0x55eb3f10b993 <unknown>\n#8 0x55eb3f0d7d6b <unknown>\n#9 0x55eb3f0d9141 <unknown>\n#10 0x55eb3f5b22ab <unknown>\n#11 0x55eb3f5b60b9 <unknown>\n#12 0x55eb3f599139 <unknown>\n#13 0x55eb3f5b6c68 <unknown>\n#14 0x55eb3f57d60f <unknown>\n#15 0x55eb3f5db1f8 <unknown>\n#16 0x55eb3f5db3d6 <unknown>\n#17 0x55eb3f5ec5e6 <unknown>\n#18 0x7f58dda9caa4 <unknown>\n#19 0x7f58ddb29c3c <unknown>",
        "time" : {
          "start" : 1755153510707,
          "stop" : 1755153521114,
          "duration" : 10407
        }
      }, {
        "uid" : "4bbe488c2c7851ad",
        "reportUrl" : "https://Brain-up.github.io/auto-tests-python/656//#testresult/4bbe488c2c7851ad",
        "status" : "skipped",
        "statusDetails" : "XFAIL\n\nselenium.common.exceptions.TimeoutException: Message: Can't find element by locator ('xpath', '//button[@data-test-active-link=\"Words\"]')\nStacktrace:\n#0 0x56417b2f12ca <unknown>\n#1 0x56417ad98550 <unknown>\n#2 0x56417adea0f0 <unknown>\n#3 0x56417adea2e1 <unknown>\n#4 0x56417ae385e4 <unknown>\n#5 0x56417ae0fbed <unknown>\n#6 0x56417ae359e6 <unknown>\n#7 0x56417ae0f993 <unknown>\n#8 0x56417addbd6b <unknown>\n#9 0x56417addd141 <unknown>\n#10 0x56417b2b62ab <unknown>\n#11 0x56417b2ba0b9 <unknown>\n#12 0x56417b29d139 <unknown>\n#13 0x56417b2bac68 <unknown>\n#14 0x56417b28160f <unknown>\n#15 0x56417b2df1f8 <unknown>\n#16 0x56417b2df3d6 <unknown>\n#17 0x56417b2f05e6 <unknown>\n#18 0x7f24f309caa4 <unknown>\n#19 0x7f24f3129c3c <unknown>",
        "time" : {
          "start" : 1755075094362,
          "stop" : 1755075104796,
          "duration" : 10434
        }
      }, {
        "uid" : "2c1b7e9a54fe005",
        "reportUrl" : "https://Brain-up.github.io/auto-tests-python/655//#testresult/2c1b7e9a54fe005",
        "status" : "skipped",
        "statusDetails" : "XFAIL\n\nselenium.common.exceptions.TimeoutException: Message: Can't find element by locator ('xpath', '//button[@data-test-active-link=\"Words\"]')\nStacktrace:\n#0 0x56184a94d2ca <unknown>\n#1 0x56184a3f4550 <unknown>\n#2 0x56184a4460f0 <unknown>\n#3 0x56184a4462e1 <unknown>\n#4 0x56184a4945e4 <unknown>\n#5 0x56184a46bbed <unknown>\n#6 0x56184a4919e6 <unknown>\n#7 0x56184a46b993 <unknown>\n#8 0x56184a437d6b <unknown>\n#9 0x56184a439141 <unknown>\n#10 0x56184a9122ab <unknown>\n#11 0x56184a9160b9 <unknown>\n#12 0x56184a8f9139 <unknown>\n#13 0x56184a916c68 <unknown>\n#14 0x56184a8dd60f <unknown>\n#15 0x56184a93b1f8 <unknown>\n#16 0x56184a93b3d6 <unknown>\n#17 0x56184a94c5e6 <unknown>\n#18 0x7f19dce9caa4 <unknown>\n#19 0x7f19dcf29c3c <unknown>",
        "time" : {
          "start" : 1754986763408,
          "stop" : 1754986773816,
          "duration" : 10408
        }
      }, {
        "uid" : "9bb1a54a297b9593",
        "reportUrl" : "https://Brain-up.github.io/auto-tests-python/654//#testresult/9bb1a54a297b9593",
        "status" : "skipped",
        "statusDetails" : "XFAIL\n\nselenium.common.exceptions.TimeoutException: Message: Can't find element by locator ('xpath', '//button[@data-test-active-link=\"Words\"]')\nStacktrace:\n#0 0x55f7b820d2ca <unknown>\n#1 0x55f7b7cb4550 <unknown>\n#2 0x55f7b7d060f0 <unknown>\n#3 0x55f7b7d062e1 <unknown>\n#4 0x55f7b7d545e4 <unknown>\n#5 0x55f7b7d2bbed <unknown>\n#6 0x55f7b7d519e6 <unknown>\n#7 0x55f7b7d2b993 <unknown>\n#8 0x55f7b7cf7d6b <unknown>\n#9 0x55f7b7cf9141 <unknown>\n#10 0x55f7b81d22ab <unknown>\n#11 0x55f7b81d60b9 <unknown>\n#12 0x55f7b81b9139 <unknown>\n#13 0x55f7b81d6c68 <unknown>\n#14 0x55f7b819d60f <unknown>\n#15 0x55f7b81fb1f8 <unknown>\n#16 0x55f7b81fb3d6 <unknown>\n#17 0x55f7b820c5e6 <unknown>\n#18 0x7fe72ce9caa4 <unknown>\n#19 0x7fe72cf29c3c <unknown>",
        "time" : {
          "start" : 1754907956200,
          "stop" : 1754907966612,
          "duration" : 10412
        }
      }, {
        "uid" : "18bfb43095377d7e",
        "reportUrl" : "https://Brain-up.github.io/auto-tests-python/653//#testresult/18bfb43095377d7e",
        "status" : "skipped",
        "statusDetails" : "XFAIL\n\nselenium.common.exceptions.TimeoutException: Message: Can't find element by locator ('xpath', '//button[@data-test-active-link=\"Words\"]')\nStacktrace:\n#0 0x5650493822ca <unknown>\n#1 0x565048e29550 <unknown>\n#2 0x565048e7b0f0 <unknown>\n#3 0x565048e7b2e1 <unknown>\n#4 0x565048ec95e4 <unknown>\n#5 0x565048ea0bed <unknown>\n#6 0x565048ec69e6 <unknown>\n#7 0x565048ea0993 <unknown>\n#8 0x565048e6cd6b <unknown>\n#9 0x565048e6e141 <unknown>\n#10 0x5650493472ab <unknown>\n#11 0x56504934b0b9 <unknown>\n#12 0x56504932e139 <unknown>\n#13 0x56504934bc68 <unknown>\n#14 0x56504931260f <unknown>\n#15 0x5650493701f8 <unknown>\n#16 0x5650493703d6 <unknown>\n#17 0x5650493815e6 <unknown>\n#18 0x7f5eb809caa4 <unknown>\n#19 0x7f5eb8129c3c <unknown>",
        "time" : {
          "start" : 1754804826556,
          "stop" : 1754804836955,
          "duration" : 10399
        }
      }, {
        "uid" : "c636560b8b240ca7",
        "reportUrl" : "https://Brain-up.github.io/auto-tests-python/652//#testresult/c636560b8b240ca7",
        "status" : "skipped",
        "statusDetails" : "XFAIL\n\nselenium.common.exceptions.TimeoutException: Message: Can't find element by locator ('xpath', '//button[@data-test-active-link=\"Words\"]')\nStacktrace:\n#0 0x55e022eef2ca <unknown>\n#1 0x55e022996550 <unknown>\n#2 0x55e0229e80f0 <unknown>\n#3 0x55e0229e82e1 <unknown>\n#4 0x55e022a365e4 <unknown>\n#5 0x55e022a0dbed <unknown>\n#6 0x55e022a339e6 <unknown>\n#7 0x55e022a0d993 <unknown>\n#8 0x55e0229d9d6b <unknown>\n#9 0x55e0229db141 <unknown>\n#10 0x55e022eb42ab <unknown>\n#11 0x55e022eb80b9 <unknown>\n#12 0x55e022e9b139 <unknown>\n#13 0x55e022eb8c68 <unknown>\n#14 0x55e022e7f60f <unknown>\n#15 0x55e022edd1f8 <unknown>\n#16 0x55e022edd3d6 <unknown>\n#17 0x55e022eee5e6 <unknown>\n#18 0x7f66aa49caa4 <unknown>\n#19 0x7f66aa529c3c <unknown>",
        "time" : {
          "start" : 1754735256203,
          "stop" : 1754735266607,
          "duration" : 10404
        }
      } ]
    },
    "tags" : [ "@pytest.mark.xfail" ]
  },
  "source" : "dceaacfa4bc7bad4.json",
  "parameterValues" : [ ]
}