{
  "uid" : "5c06ace2aef5c33d",
  "name" : "Solutions to a random task in the \"Слова\" group and comparison of statics.",
  "fullName" : "tests.test_speech_exercises_ru.TestCardsRU#test_solve_word_cards_with_statistic_ru",
  "historyId" : "0fb6881b2015244903bd7785af7503a6",
  "time" : {
    "start" : 1731548847879,
    "stop" : 1731548847879,
    "duration" : 0
  },
  "status" : "skipped",
  "statusMessage" : "XFAIL\n\nselenium.common.exceptions.TimeoutException: Message: Can't find element by locator https://brainup.site/groups",
  "statusTrace" : "self = <pages.base_page.BasePage object at 0x7f90dec10e30>\nurl = 'https://brainup.site/groups'\n\n    def check_expected_link(self, url):\n        with allure.step(f'Check url is present: {url}'):\n            try:\n>               return Wait(self.driver, self.timeout).until(\n                    ec.url_to_be(url), message=f\"Can't find element by locator {url}\")\n\npages/base_page.py:68: \n_ _ _ _ _ _ _ _ _ _ _ _ _ _ _ _ _ _ _ _ _ _ _ _ _ _ _ _ _ _ _ _ _ _ _ _ _ _ _ _ \n\nself = <selenium.webdriver.support.wait.WebDriverWait (session=\"3ce07468fe9b5b44e43dea98cdd8a255\")>\nmethod = <function url_to_be.<locals>._predicate at 0x7f90dea85760>\nmessage = \"Can't find element by locator https://brainup.site/groups\"\n\n    def until(self, method, message: str = \"\"):\n        \"\"\"Calls the method provided with the driver as an argument until the \\\n        return value does not evaluate to ``False``.\n    \n        :param method: callable(WebDriver)\n        :param message: optional message for :exc:`TimeoutException`\n        :returns: the result of the last call to `method`\n        :raises: :exc:`selenium.common.exceptions.TimeoutException` if timeout occurs\n        \"\"\"\n        screen = None\n        stacktrace = None\n    \n        end_time = time.monotonic() + self._timeout\n        while True:\n            try:\n                value = method(self._driver)\n                if value:\n                    return value\n            except self._ignored_exceptions as exc:\n                screen = getattr(exc, \"screen\", None)\n                stacktrace = getattr(exc, \"stacktrace\", None)\n            time.sleep(self._poll)\n            if time.monotonic() > end_time:\n                break\n>       raise TimeoutException(message, screen, stacktrace)\nE       selenium.common.exceptions.TimeoutException: Message: Can't find element by locator https://brainup.site/groups\n\n/opt/hostedtoolcache/Python/3.12.7/x64/lib/python3.12/site-packages/selenium/webdriver/support/wait.py:95: TimeoutException\n\nDuring handling of the above exception, another exception occurred:\n\ndriver = <selenium.webdriver.chrome.webdriver.WebDriver (session=\"3ce07468fe9b5b44e43dea98cdd8a255\")>\nmain_page_open = None\n\n    @pytest.fixture()\n    @allure.step('DEFAULT user authorized')\n    def default_user_authorized(driver, main_page_open):\n        page = BasePage(driver)\n        page.element_is_present_and_clickable(MainPageLocators.LOGIN_BUTTON).click()\n        page.element_is_visible(LoginPageLocators.INPUT_LOGIN).send_keys(os.environ[\"DEFAULT_LOGIN\"])\n        page.element_is_visible(LoginPageLocators.INPUT_PASSWORD).send_keys(os.environ[\"PASSWORD\"])\n        page.element_is_present_and_clickable(LoginPageLocators.SIGN_IN_BUTTON).click()\n>       page.check_expected_link(MainPageLinks.URL_GROUPS_PAGE)\n\ntests/conftest.py:117: \n_ _ _ _ _ _ _ _ _ _ _ _ _ _ _ _ _ _ _ _ _ _ _ _ _ _ _ _ _ _ _ _ _ _ _ _ _ _ _ _ \npages/base_page.py:72: in check_expected_link\n    return Wait(self.driver, self.timeout).until(\n_ _ _ _ _ _ _ _ _ _ _ _ _ _ _ _ _ _ _ _ _ _ _ _ _ _ _ _ _ _ _ _ _ _ _ _ _ _ _ _ \n\nself = <selenium.webdriver.support.wait.WebDriverWait (session=\"3ce07468fe9b5b44e43dea98cdd8a255\")>\nmethod = <function url_to_be.<locals>._predicate at 0x7f90dea84040>\nmessage = \"Can't find element by locator https://brainup.site/groups\"\n\n    def until(self, method, message: str = \"\"):\n        \"\"\"Calls the method provided with the driver as an argument until the \\\n        return value does not evaluate to ``False``.\n    \n        :param method: callable(WebDriver)\n        :param message: optional message for :exc:`TimeoutException`\n        :returns: the result of the last call to `method`\n        :raises: :exc:`selenium.common.exceptions.TimeoutException` if timeout occurs\n        \"\"\"\n        screen = None\n        stacktrace = None\n    \n        end_time = time.monotonic() + self._timeout\n        while True:\n            try:\n                value = method(self._driver)\n                if value:\n                    return value\n            except self._ignored_exceptions as exc:\n                screen = getattr(exc, \"screen\", None)\n                stacktrace = getattr(exc, \"stacktrace\", None)\n            time.sleep(self._poll)\n            if time.monotonic() > end_time:\n                break\n>       raise TimeoutException(message, screen, stacktrace)\nE       selenium.common.exceptions.TimeoutException: Message: Can't find element by locator https://brainup.site/groups\n\n/opt/hostedtoolcache/Python/3.12.7/x64/lib/python3.12/site-packages/selenium/webdriver/support/wait.py:95: TimeoutException",
  "flaky" : false,
  "newFailed" : false,
  "beforeStages" : [ {
    "name" : "driver",
    "time" : {
      "start" : 1731548847880,
      "stop" : 1731548848646,
      "duration" : 766
    },
    "status" : "passed",
    "steps" : [ ],
    "attachments" : [ ],
    "parameters" : [ ],
    "stepsCount" : 0,
    "attachmentsCount" : 0,
    "shouldDisplayMessage" : false,
    "hasContent" : false
  }, {
    "name" : "default_user_authorized",
    "time" : {
      "start" : 1731548853229,
      "stop" : 1731548893848,
      "duration" : 40619
    },
    "status" : "broken",
    "statusMessage" : "selenium.common.exceptions.TimeoutException: Message: Can't find element by locator https://brainup.site/groups\n\n",
    "statusTrace" : "  File \"/opt/hostedtoolcache/Python/3.12.7/x64/lib/python3.12/site-packages/pluggy/_callers.py\", line 103, in _multicall\n    res = hook_impl.function(*args)\n          ^^^^^^^^^^^^^^^^^^^^^^^^^\n  File \"/opt/hostedtoolcache/Python/3.12.7/x64/lib/python3.12/site-packages/_pytest/fixtures.py\", line 1123, in pytest_fixture_setup\n    result = call_fixture_func(fixturefunc, request, kwargs)\n             ^^^^^^^^^^^^^^^^^^^^^^^^^^^^^^^^^^^^^^^^^^^^^^^\n  File \"/opt/hostedtoolcache/Python/3.12.7/x64/lib/python3.12/site-packages/_pytest/fixtures.py\", line 902, in call_fixture_func\n    fixture_result = fixturefunc(**kwargs)\n                     ^^^^^^^^^^^^^^^^^^^^^\n  File \"/opt/hostedtoolcache/Python/3.12.7/x64/lib/python3.12/site-packages/allure_commons/_allure.py\", line 192, in impl\n    return func(*a, **kw)\n           ^^^^^^^^^^^^^^\n  File \"/home/runner/work/auto-tests-python/auto-tests-python/tests/conftest.py\", line 117, in default_user_authorized\n    page.check_expected_link(MainPageLinks.URL_GROUPS_PAGE)\n  File \"/home/runner/work/auto-tests-python/auto-tests-python/pages/base_page.py\", line 72, in check_expected_link\n    return Wait(self.driver, self.timeout).until(\n           ^^^^^^^^^^^^^^^^^^^^^^^^^^^^^^^^^^^^^^\n  File \"/opt/hostedtoolcache/Python/3.12.7/x64/lib/python3.12/site-packages/selenium/webdriver/support/wait.py\", line 95, in until\n    raise TimeoutException(message, screen, stacktrace)\n",
    "steps" : [ {
      "name" : "DEFAULT user authorized",
      "time" : {
        "start" : 1731548853229,
        "stop" : 1731548893847,
        "duration" : 40618
      },
      "status" : "broken",
      "statusMessage" : "selenium.common.exceptions.TimeoutException: Message: Can't find element by locator https://brainup.site/groups\n\n",
      "statusTrace" : "  File \"/opt/hostedtoolcache/Python/3.12.7/x64/lib/python3.12/site-packages/allure_commons/_allure.py\", line 192, in impl\n    return func(*a, **kw)\n           ^^^^^^^^^^^^^^\n  File \"/home/runner/work/auto-tests-python/auto-tests-python/tests/conftest.py\", line 117, in default_user_authorized\n    page.check_expected_link(MainPageLinks.URL_GROUPS_PAGE)\n  File \"/home/runner/work/auto-tests-python/auto-tests-python/pages/base_page.py\", line 72, in check_expected_link\n    return Wait(self.driver, self.timeout).until(\n           ^^^^^^^^^^^^^^^^^^^^^^^^^^^^^^^^^^^^^^\n  File \"/opt/hostedtoolcache/Python/3.12.7/x64/lib/python3.12/site-packages/selenium/webdriver/support/wait.py\", line 95, in until\n    raise TimeoutException(message, screen, stacktrace)\n",
      "steps" : [ {
        "name" : "Check url is present: https://brainup.site/groups",
        "time" : {
          "start" : 1731548853569,
          "stop" : 1731548893847,
          "duration" : 40278
        },
        "status" : "broken",
        "statusMessage" : "selenium.common.exceptions.TimeoutException: Message: Can't find element by locator https://brainup.site/groups\n\n",
        "statusTrace" : "  File \"/home/runner/work/auto-tests-python/auto-tests-python/pages/base_page.py\", line 72, in check_expected_link\n    return Wait(self.driver, self.timeout).until(\n           ^^^^^^^^^^^^^^^^^^^^^^^^^^^^^^^^^^^^^^\n  File \"/opt/hostedtoolcache/Python/3.12.7/x64/lib/python3.12/site-packages/selenium/webdriver/support/wait.py\", line 95, in until\n    raise TimeoutException(message, screen, stacktrace)\n",
        "steps" : [ ],
        "attachments" : [ ],
        "parameters" : [ ],
        "stepsCount" : 0,
        "attachmentsCount" : 0,
        "shouldDisplayMessage" : true,
        "hasContent" : true
      } ],
      "attachments" : [ ],
      "parameters" : [ {
        "name" : "driver",
        "value" : "<selenium.webdriver.chrome.webdriver.WebDriver (session=\"3ce07468fe9b5b44e43dea98cdd8a255\")>"
      }, {
        "name" : "main_page_open",
        "value" : "None"
      } ],
      "stepsCount" : 1,
      "attachmentsCount" : 0,
      "shouldDisplayMessage" : false,
      "hasContent" : true
    } ],
    "attachments" : [ ],
    "parameters" : [ ],
    "stepsCount" : 2,
    "attachmentsCount" : 0,
    "shouldDisplayMessage" : false,
    "hasContent" : true
  }, {
    "name" : "clear_allure_results_folder",
    "time" : {
      "start" : 1731545746860,
      "stop" : 1731545746860,
      "duration" : 0
    },
    "status" : "passed",
    "steps" : [ ],
    "attachments" : [ ],
    "parameters" : [ ],
    "stepsCount" : 0,
    "attachmentsCount" : 0,
    "shouldDisplayMessage" : false,
    "hasContent" : false
  }, {
    "name" : "main_page_open",
    "time" : {
      "start" : 1731548848646,
      "stop" : 1731548853229,
      "duration" : 4583
    },
    "status" : "passed",
    "steps" : [ {
      "name" : "Open page: https://brainup.site/",
      "time" : {
        "start" : 1731548848646,
        "stop" : 1731548853229,
        "duration" : 4583
      },
      "status" : "passed",
      "steps" : [ ],
      "attachments" : [ ],
      "parameters" : [ {
        "name" : "driver",
        "value" : "<selenium.webdriver.chrome.webdriver.WebDriver (session=\"3ce07468fe9b5b44e43dea98cdd8a255\")>"
      } ],
      "stepsCount" : 0,
      "attachmentsCount" : 0,
      "shouldDisplayMessage" : false,
      "hasContent" : true
    } ],
    "attachments" : [ ],
    "parameters" : [ ],
    "stepsCount" : 1,
    "attachmentsCount" : 0,
    "shouldDisplayMessage" : false,
    "hasContent" : true
  } ],
  "afterStages" : [ {
    "name" : "driver::0",
    "time" : {
      "start" : 1731548893864,
      "stop" : 1731548893949,
      "duration" : 85
    },
    "status" : "passed",
    "steps" : [ ],
    "attachments" : [ ],
    "parameters" : [ ],
    "stepsCount" : 0,
    "attachmentsCount" : 0,
    "shouldDisplayMessage" : false,
    "hasContent" : false
  } ],
  "labels" : [ {
    "name" : "suite",
    "value" : "Речевые упражнения."
  }, {
    "name" : "epic",
    "value" : "Speech exercises."
  }, {
    "name" : "tag",
    "value" : "@pytest.mark.xfail"
  }, {
    "name" : "parentSuite",
    "value" : "tests"
  }, {
    "name" : "subSuite",
    "value" : "TestCardsRU"
  }, {
    "name" : "host",
    "value" : "fv-az1456-565"
  }, {
    "name" : "thread",
    "value" : "2308-MainThread"
  }, {
    "name" : "framework",
    "value" : "pytest"
  }, {
    "name" : "language",
    "value" : "cpython3"
  }, {
    "name" : "package",
    "value" : "tests.test_speech_exercises_ru"
  }, {
    "name" : "resultFormat",
    "value" : "allure2"
  } ],
  "parameters" : [ ],
  "links" : [ ],
  "hidden" : false,
  "retry" : false,
  "extra" : {
    "severity" : "normal",
    "retries" : [ ],
    "categories" : [ ],
    "history" : {
      "statistic" : {
        "failed" : 0,
        "broken" : 0,
        "skipped" : 593,
        "passed" : 0,
        "unknown" : 0,
        "total" : 593
      },
      "items" : [ {
        "uid" : "f4bab4f2e953f090",
        "reportUrl" : "https://Brain-up.github.io/auto-tests-python/384//#testresult/f4bab4f2e953f090",
        "status" : "skipped",
        "statusDetails" : "XFAIL\n\nselenium.common.exceptions.TimeoutException: Message: Can't find element by locator https://brainup.site/groups",
        "time" : {
          "start" : 1731526657774,
          "stop" : 1731526657774,
          "duration" : 0
        }
      }, {
        "uid" : "10d64d0d5a8027f0",
        "reportUrl" : "https://Brain-up.github.io/auto-tests-python/182//#testresult/10d64d0d5a8027f0",
        "status" : "skipped",
        "statusDetails" : "XFAIL\n\nselenium.common.exceptions.TimeoutException: Message: Can't find element by locator ('xpath', '//a[@id=\"ember11\"]')\nStacktrace:\n#0 0x55f2eff9113a <unknown>\n#1 0x55f2efaac460 <unknown>\n#2 0x55f2efaf8f96 <unknown>\n#3 0x55f2efaf9221 <unknown>\n#4 0x55f2efb3e5d4 <unknown>\n#5 0x55f2efb1d03d <unknown>\n#6 0x55f2efb3baf6 <unknown>\n#7 0x55f2efb1cdb3 <unknown>\n#8 0x55f2efaebc10 <unknown>\n#9 0x55f2efaecbee <unknown>\n#10 0x55f2eff5d3cb <unknown>\n#11 0x55f2eff61368 <unknown>\n#12 0x55f2eff4aeec <unknown>\n#13 0x55f2eff61ee7 <unknown>\n#14 0x55f2eff3013f <unknown>\n#15 0x55f2eff7f858 <unknown>\n#16 0x55f2eff7fa20 <unknown>\n#17 0x55f2eff8ffb6 <unknown>\n#18 0x7fb2a5494ac3 <unknown>",
        "time" : {
          "start" : 1731462303490,
          "stop" : 1731462303490,
          "duration" : 0
        }
      }, {
        "uid" : "d568ae5379cefe7e",
        "reportUrl" : "https://Brain-up.github.io/auto-tests-python/383//#testresult/d568ae5379cefe7e",
        "status" : "skipped",
        "statusDetails" : "XFAIL\n\nKeyError: 34",
        "time" : {
          "start" : 1731413930775,
          "stop" : 1731413944584,
          "duration" : 13809
        }
      }, {
        "uid" : "6b976720bfc147af",
        "reportUrl" : "https://Brain-up.github.io/auto-tests-python/382//#testresult/6b976720bfc147af",
        "status" : "skipped",
        "statusDetails" : "XFAIL\n\nKeyError: 35",
        "time" : {
          "start" : 1731411666100,
          "stop" : 1731411680027,
          "duration" : 13927
        }
      }, {
        "uid" : "25d3a500a8319d87",
        "reportUrl" : "https://Brain-up.github.io/auto-tests-python/381//#testresult/25d3a500a8319d87",
        "status" : "skipped",
        "statusDetails" : "XFAIL\n\nKeyError: 0",
        "time" : {
          "start" : 1731409647851,
          "stop" : 1731409661992,
          "duration" : 14141
        }
      }, {
        "uid" : "5942d5786e3dd862",
        "reportUrl" : "https://Brain-up.github.io/auto-tests-python/181//#testresult/5942d5786e3dd862",
        "status" : "skipped",
        "statusDetails" : "XFAIL\n\nKeyError: 41",
        "time" : {
          "start" : 1731374443574,
          "stop" : 1731374456556,
          "duration" : 12982
        }
      }, {
        "uid" : "e314bf65279b2930",
        "reportUrl" : "https://Brain-up.github.io/auto-tests-python/380//#testresult/e314bf65279b2930",
        "status" : "skipped",
        "statusDetails" : "XFAIL\n\nKeyError: 17",
        "time" : {
          "start" : 1731356945604,
          "stop" : 1731356958666,
          "duration" : 13062
        }
      }, {
        "uid" : "90c17f392fd5fd97",
        "reportUrl" : "https://Brain-up.github.io/auto-tests-python/379//#testresult/90c17f392fd5fd97",
        "status" : "skipped",
        "statusDetails" : "XFAIL\n\nKeyError: 35",
        "time" : {
          "start" : 1731354895577,
          "stop" : 1731354908950,
          "duration" : 13373
        }
      }, {
        "uid" : "4b8424dd4ea49f5a",
        "reportUrl" : "https://Brain-up.github.io/auto-tests-python/180//#testresult/4b8424dd4ea49f5a",
        "status" : "skipped",
        "statusDetails" : "XFAIL\n\nKeyError: 36",
        "time" : {
          "start" : 1731287699695,
          "stop" : 1731287705861,
          "duration" : 6166
        }
      }, {
        "uid" : "9879f1b72febdc05",
        "reportUrl" : "https://Brain-up.github.io/auto-tests-python/179//#testresult/9879f1b72febdc05",
        "status" : "skipped",
        "statusDetails" : "XFAIL\n\nselenium.common.exceptions.TimeoutException: Message: Can't find elements by locator ('xpath', '//tbody/tr')",
        "time" : {
          "start" : 1731201637706,
          "stop" : 1731201659177,
          "duration" : 21471
        }
      }, {
        "uid" : "56dd147efebf5665",
        "reportUrl" : "https://Brain-up.github.io/auto-tests-python/178//#testresult/56dd147efebf5665",
        "status" : "skipped",
        "statusDetails" : "XFAIL\n\nKeyError: 32",
        "time" : {
          "start" : 1731114953517,
          "stop" : 1731114960635,
          "duration" : 7118
        }
      }, {
        "uid" : "6a9c1be0dbb4de03",
        "reportUrl" : "https://Brain-up.github.io/auto-tests-python/378//#testresult/6a9c1be0dbb4de03",
        "status" : "skipped",
        "statusDetails" : "XFAIL\n\nKeyError: 33",
        "time" : {
          "start" : 1731064680626,
          "stop" : 1731064687969,
          "duration" : 7343
        }
      }, {
        "uid" : "2b6acc83d1801fb9",
        "reportUrl" : "https://Brain-up.github.io/auto-tests-python/377//#testresult/2b6acc83d1801fb9",
        "status" : "skipped",
        "statusDetails" : "XFAIL\n\nKeyError: 14",
        "time" : {
          "start" : 1731061055107,
          "stop" : 1731061062630,
          "duration" : 7523
        }
      }, {
        "uid" : "210fe1de67f205a8",
        "reportUrl" : "https://Brain-up.github.io/auto-tests-python/177//#testresult/210fe1de67f205a8",
        "status" : "skipped",
        "statusDetails" : "XFAIL\n\nKeyError: 12",
        "time" : {
          "start" : 1731028595963,
          "stop" : 1731028603240,
          "duration" : 7277
        }
      }, {
        "uid" : "dd552470e0affc84",
        "reportUrl" : "https://Brain-up.github.io/auto-tests-python/376//#testresult/dd552470e0affc84",
        "status" : "skipped",
        "statusDetails" : "XFAIL\n\nKeyError: 0",
        "time" : {
          "start" : 1730969427389,
          "stop" : 1730969432700,
          "duration" : 5311
        }
      }, {
        "uid" : "230b654c18027ebe",
        "reportUrl" : "https://Brain-up.github.io/auto-tests-python/375//#testresult/230b654c18027ebe",
        "status" : "skipped",
        "statusDetails" : "XFAIL\n\nKeyError: 8",
        "time" : {
          "start" : 1730967991567,
          "stop" : 1730967997167,
          "duration" : 5600
        }
      }, {
        "uid" : "c32c5a6e189be888",
        "reportUrl" : "https://Brain-up.github.io/auto-tests-python/176//#testresult/c32c5a6e189be888",
        "status" : "skipped",
        "statusDetails" : "XFAIL\n\nKeyError: 13",
        "time" : {
          "start" : 1730942155691,
          "stop" : 1730942161308,
          "duration" : 5617
        }
      }, {
        "uid" : "4eff64bc1010ef83",
        "reportUrl" : "https://Brain-up.github.io/auto-tests-python/374//#testresult/4eff64bc1010ef83",
        "status" : "skipped",
        "statusDetails" : "XFAIL\n\nKeyError: 30",
        "time" : {
          "start" : 1730890525512,
          "stop" : 1730890531012,
          "duration" : 5500
        }
      }, {
        "uid" : "32bca7a27ce3a23e",
        "reportUrl" : "https://Brain-up.github.io/auto-tests-python/373//#testresult/32bca7a27ce3a23e",
        "status" : "skipped",
        "statusDetails" : "XFAIL\n\nKeyError: 35",
        "time" : {
          "start" : 1730889101254,
          "stop" : 1730889106905,
          "duration" : 5651
        }
      }, {
        "uid" : "236ab2285e8c290d",
        "reportUrl" : "https://Brain-up.github.io/auto-tests-python/175//#testresult/236ab2285e8c290d",
        "status" : "skipped",
        "statusDetails" : "XFAIL\n\nKeyError: 16",
        "time" : {
          "start" : 1730855590144,
          "stop" : 1730855596471,
          "duration" : 6327
        }
      } ]
    },
    "tags" : [ "@pytest.mark.xfail" ]
  },
  "source" : "5c06ace2aef5c33d.json",
  "parameterValues" : [ ]
}