{
  "uid" : "1eb9fd1c7235afb6",
  "name" : "Verify redirection to donate page not authorized user.",
  "fullName" : "tests.description_page_test.TestDescriptionPage#test_dp_03_verify_redirection_to_donate_page",
  "historyId" : "627595fb6190b8f266b8d1eb8385032d",
  "time" : {
    "start" : 1723597228912,
    "stop" : 1723597249366,
    "duration" : 20454
  },
  "status" : "broken",
  "statusMessage" : "selenium.common.exceptions.TimeoutException: Message: Can't find element by locator ('css selector', '#other-menu')\nStacktrace:\n#0 0x55fe5ef8871a <unknown>\n#1 0x55fe5ec59640 <unknown>\n#2 0x55fe5eca8c0b <unknown>\n#3 0x55fe5eca8ef1 <unknown>\n#4 0x55fe5ececb64 <unknown>\n#5 0x55fe5eccb90d <unknown>\n#6 0x55fe5ecea08a <unknown>\n#7 0x55fe5eccb683 <unknown>\n#8 0x55fe5ec9bd71 <unknown>\n#9 0x55fe5ec9c7de <unknown>\n#10 0x55fe5ef502ab <unknown>\n#11 0x55fe5ef54242 <unknown>\n#12 0x55fe5ef3d665 <unknown>\n#13 0x55fe5ef54dd2 <unknown>\n#14 0x55fe5ef222af <unknown>\n#15 0x55fe5ef77eb8 <unknown>\n#16 0x55fe5ef78090 <unknown>\n#17 0x55fe5ef874ec <unknown>\n#18 0x7f3654e94ac3 <unknown>",
  "statusTrace" : "self = <tests.description_page_test.TestDescriptionPage object at 0x7f1b833ce060>\ndriver = <selenium.webdriver.chrome.webdriver.WebDriver (session=\"17fe6aaa05953d15b67e110d5cc1036e\")>\ndescription_page_open = None\n\n    @allure.title(\"Verify redirection to donate page not authorized user.\")\n    def test_dp_03_verify_redirection_to_donate_page(self, driver, description_page_open):\n        page = DescriptionPage(driver)\n>       donate_url = page.transition_donate_page()\n\ntests/description_page_test.py:24: \n_ _ _ _ _ _ _ _ _ _ _ _ _ _ _ _ _ _ _ _ _ _ _ _ _ _ _ _ _ _ _ _ _ _ _ _ _ _ _ _ \npages/description_page.py:26: in transition_donate_page\n    self.element_is_present_and_clickable(self.locators.MORE_MENU).click()\npages/base_page.py:33: in element_is_present_and_clickable\n    return (Wait(self.driver, self.timeout).until(\n_ _ _ _ _ _ _ _ _ _ _ _ _ _ _ _ _ _ _ _ _ _ _ _ _ _ _ _ _ _ _ _ _ _ _ _ _ _ _ _ \n\nself = <selenium.webdriver.support.wait.WebDriverWait (session=\"17fe6aaa05953d15b67e110d5cc1036e\")>\nmethod = <function visibility_of_element_located.<locals>._predicate at 0x7f1b82e64d60>\nmessage = \"Can't find element by locator ('css selector', '#other-menu')\"\n\n    def until(self, method, message: str = \"\"):\n        \"\"\"Calls the method provided with the driver as an argument until the \\\n        return value does not evaluate to ``False``.\n    \n        :param method: callable(WebDriver)\n        :param message: optional message for :exc:`TimeoutException`\n        :returns: the result of the last call to `method`\n        :raises: :exc:`selenium.common.exceptions.TimeoutException` if timeout occurs\n        \"\"\"\n        screen = None\n        stacktrace = None\n    \n        end_time = time.monotonic() + self._timeout\n        while True:\n            try:\n                value = method(self._driver)\n                if value:\n                    return value\n            except self._ignored_exceptions as exc:\n                screen = getattr(exc, \"screen\", None)\n                stacktrace = getattr(exc, \"stacktrace\", None)\n            time.sleep(self._poll)\n            if time.monotonic() > end_time:\n                break\n>       raise TimeoutException(message, screen, stacktrace)\nE       selenium.common.exceptions.TimeoutException: Message: Can't find element by locator ('css selector', '#other-menu')\nE       Stacktrace:\nE       #0 0x55fe5ef8871a <unknown>\nE       #1 0x55fe5ec59640 <unknown>\nE       #2 0x55fe5eca8c0b <unknown>\nE       #3 0x55fe5eca8ef1 <unknown>\nE       #4 0x55fe5ececb64 <unknown>\nE       #5 0x55fe5eccb90d <unknown>\nE       #6 0x55fe5ecea08a <unknown>\nE       #7 0x55fe5eccb683 <unknown>\nE       #8 0x55fe5ec9bd71 <unknown>\nE       #9 0x55fe5ec9c7de <unknown>\nE       #10 0x55fe5ef502ab <unknown>\nE       #11 0x55fe5ef54242 <unknown>\nE       #12 0x55fe5ef3d665 <unknown>\nE       #13 0x55fe5ef54dd2 <unknown>\nE       #14 0x55fe5ef222af <unknown>\nE       #15 0x55fe5ef77eb8 <unknown>\nE       #16 0x55fe5ef78090 <unknown>\nE       #17 0x55fe5ef874ec <unknown>\nE       #18 0x7f3654e94ac3 <unknown>\n\n/opt/hostedtoolcache/Python/3.12.4/x64/lib/python3.12/site-packages/selenium/webdriver/support/wait.py:95: TimeoutException",
  "flaky" : false,
  "newFailed" : false,
  "beforeStages" : [ {
    "name" : "description_page_open",
    "time" : {
      "start" : 1723597228581,
      "stop" : 1723597228911,
      "duration" : 330
    },
    "status" : "passed",
    "steps" : [ {
      "name" : "Open page: https://brainup.site/description",
      "time" : {
        "start" : 1723597228581,
        "stop" : 1723597228911,
        "duration" : 330
      },
      "status" : "passed",
      "steps" : [ ],
      "attachments" : [ ],
      "parameters" : [ {
        "name" : "driver",
        "value" : "<selenium.webdriver.chrome.webdriver.WebDriver (session=\"17fe6aaa05953d15b67e110d5cc1036e\")>"
      } ],
      "stepsCount" : 0,
      "attachmentsCount" : 0,
      "shouldDisplayMessage" : false,
      "hasContent" : true
    } ],
    "attachments" : [ ],
    "parameters" : [ ],
    "stepsCount" : 1,
    "attachmentsCount" : 0,
    "shouldDisplayMessage" : false,
    "hasContent" : true
  }, {
    "name" : "clear_allure_results_folder",
    "time" : {
      "start" : 1723596645667,
      "stop" : 1723596645667,
      "duration" : 0
    },
    "status" : "passed",
    "steps" : [ ],
    "attachments" : [ ],
    "parameters" : [ ],
    "stepsCount" : 0,
    "attachmentsCount" : 0,
    "shouldDisplayMessage" : false,
    "hasContent" : false
  }, {
    "name" : "driver",
    "time" : {
      "start" : 1723597227888,
      "stop" : 1723597228580,
      "duration" : 692
    },
    "status" : "passed",
    "steps" : [ ],
    "attachments" : [ ],
    "parameters" : [ ],
    "stepsCount" : 0,
    "attachmentsCount" : 0,
    "shouldDisplayMessage" : false,
    "hasContent" : false
  } ],
  "testStage" : {
    "status" : "broken",
    "statusMessage" : "selenium.common.exceptions.TimeoutException: Message: Can't find element by locator ('css selector', '#other-menu')\nStacktrace:\n#0 0x55fe5ef8871a <unknown>\n#1 0x55fe5ec59640 <unknown>\n#2 0x55fe5eca8c0b <unknown>\n#3 0x55fe5eca8ef1 <unknown>\n#4 0x55fe5ececb64 <unknown>\n#5 0x55fe5eccb90d <unknown>\n#6 0x55fe5ecea08a <unknown>\n#7 0x55fe5eccb683 <unknown>\n#8 0x55fe5ec9bd71 <unknown>\n#9 0x55fe5ec9c7de <unknown>\n#10 0x55fe5ef502ab <unknown>\n#11 0x55fe5ef54242 <unknown>\n#12 0x55fe5ef3d665 <unknown>\n#13 0x55fe5ef54dd2 <unknown>\n#14 0x55fe5ef222af <unknown>\n#15 0x55fe5ef77eb8 <unknown>\n#16 0x55fe5ef78090 <unknown>\n#17 0x55fe5ef874ec <unknown>\n#18 0x7f3654e94ac3 <unknown>",
    "statusTrace" : "self = <tests.description_page_test.TestDescriptionPage object at 0x7f1b833ce060>\ndriver = <selenium.webdriver.chrome.webdriver.WebDriver (session=\"17fe6aaa05953d15b67e110d5cc1036e\")>\ndescription_page_open = None\n\n    @allure.title(\"Verify redirection to donate page not authorized user.\")\n    def test_dp_03_verify_redirection_to_donate_page(self, driver, description_page_open):\n        page = DescriptionPage(driver)\n>       donate_url = page.transition_donate_page()\n\ntests/description_page_test.py:24: \n_ _ _ _ _ _ _ _ _ _ _ _ _ _ _ _ _ _ _ _ _ _ _ _ _ _ _ _ _ _ _ _ _ _ _ _ _ _ _ _ \npages/description_page.py:26: in transition_donate_page\n    self.element_is_present_and_clickable(self.locators.MORE_MENU).click()\npages/base_page.py:33: in element_is_present_and_clickable\n    return (Wait(self.driver, self.timeout).until(\n_ _ _ _ _ _ _ _ _ _ _ _ _ _ _ _ _ _ _ _ _ _ _ _ _ _ _ _ _ _ _ _ _ _ _ _ _ _ _ _ \n\nself = <selenium.webdriver.support.wait.WebDriverWait (session=\"17fe6aaa05953d15b67e110d5cc1036e\")>\nmethod = <function visibility_of_element_located.<locals>._predicate at 0x7f1b82e64d60>\nmessage = \"Can't find element by locator ('css selector', '#other-menu')\"\n\n    def until(self, method, message: str = \"\"):\n        \"\"\"Calls the method provided with the driver as an argument until the \\\n        return value does not evaluate to ``False``.\n    \n        :param method: callable(WebDriver)\n        :param message: optional message for :exc:`TimeoutException`\n        :returns: the result of the last call to `method`\n        :raises: :exc:`selenium.common.exceptions.TimeoutException` if timeout occurs\n        \"\"\"\n        screen = None\n        stacktrace = None\n    \n        end_time = time.monotonic() + self._timeout\n        while True:\n            try:\n                value = method(self._driver)\n                if value:\n                    return value\n            except self._ignored_exceptions as exc:\n                screen = getattr(exc, \"screen\", None)\n                stacktrace = getattr(exc, \"stacktrace\", None)\n            time.sleep(self._poll)\n            if time.monotonic() > end_time:\n                break\n>       raise TimeoutException(message, screen, stacktrace)\nE       selenium.common.exceptions.TimeoutException: Message: Can't find element by locator ('css selector', '#other-menu')\nE       Stacktrace:\nE       #0 0x55fe5ef8871a <unknown>\nE       #1 0x55fe5ec59640 <unknown>\nE       #2 0x55fe5eca8c0b <unknown>\nE       #3 0x55fe5eca8ef1 <unknown>\nE       #4 0x55fe5ececb64 <unknown>\nE       #5 0x55fe5eccb90d <unknown>\nE       #6 0x55fe5ecea08a <unknown>\nE       #7 0x55fe5eccb683 <unknown>\nE       #8 0x55fe5ec9bd71 <unknown>\nE       #9 0x55fe5ec9c7de <unknown>\nE       #10 0x55fe5ef502ab <unknown>\nE       #11 0x55fe5ef54242 <unknown>\nE       #12 0x55fe5ef3d665 <unknown>\nE       #13 0x55fe5ef54dd2 <unknown>\nE       #14 0x55fe5ef222af <unknown>\nE       #15 0x55fe5ef77eb8 <unknown>\nE       #16 0x55fe5ef78090 <unknown>\nE       #17 0x55fe5ef874ec <unknown>\nE       #18 0x7f3654e94ac3 <unknown>\n\n/opt/hostedtoolcache/Python/3.12.4/x64/lib/python3.12/site-packages/selenium/webdriver/support/wait.py:95: TimeoutException",
    "steps" : [ {
      "name" : "Open donate page",
      "time" : {
        "start" : 1723597228912,
        "stop" : 1723597249365,
        "duration" : 20453
      },
      "status" : "broken",
      "statusMessage" : "selenium.common.exceptions.TimeoutException: Message: Can't find element by locator ('css selector', '#other-menu')\nStacktrace:\n#0 0x55fe5ef8871a <unknown>\n#1 0x55fe5ec59640 <unknown>\n#2 0x55fe5eca8c0b <unknown>\n#3 0x55fe5eca8ef1 <unknown>\n#4 0x55fe5ececb64 <unknown>\n#5 0x55fe5eccb90d <unknown>\n#6 0x55fe5ecea08a <unknown>\n#7 0x55fe5eccb683 <unknown>\n#8 0x55fe5ec9bd71 <unknown>\n#9 0x55fe5ec9c7de <unknown>\n#10 0x55fe5ef502ab <unknown>\n#11 0x55fe5ef54242 <unknown>\n#12 0x55fe5ef3d665 <unknown>\n#13 0x55fe5ef54dd2 <unknown>\n#14 0x55fe5ef222af <unknown>\n#15 0x55fe5ef77eb8 <unknown>\n#16 0x55fe5ef78090 <unknown>\n#17 0x55fe5ef874ec <unknown>\n#18 0x7f3654e94ac3 <unknown>\n\n",
      "statusTrace" : "  File \"/opt/hostedtoolcache/Python/3.12.4/x64/lib/python3.12/site-packages/allure_commons/_allure.py\", line 192, in impl\n    return func(*a, **kw)\n           ^^^^^^^^^^^^^^\n  File \"/home/runner/work/auto-tests-python/auto-tests-python/pages/description_page.py\", line 26, in transition_donate_page\n    self.element_is_present_and_clickable(self.locators.MORE_MENU).click()\n    ^^^^^^^^^^^^^^^^^^^^^^^^^^^^^^^^^^^^^^^^^^^^^^^^^^^^^^^^^^^^^^\n  File \"/home/runner/work/auto-tests-python/auto-tests-python/pages/base_page.py\", line 33, in element_is_present_and_clickable\n    return (Wait(self.driver, self.timeout).until(\n            ^^^^^^^^^^^^^^^^^^^^^^^^^^^^^^^^^^^^^^\n  File \"/opt/hostedtoolcache/Python/3.12.4/x64/lib/python3.12/site-packages/selenium/webdriver/support/wait.py\", line 95, in until\n    raise TimeoutException(message, screen, stacktrace)\n",
      "steps" : [ {
        "name" : "Check element is visible and clickable: ('css selector', '#other-menu')",
        "time" : {
          "start" : 1723597228912,
          "stop" : 1723597249365,
          "duration" : 20453
        },
        "status" : "broken",
        "statusMessage" : "selenium.common.exceptions.TimeoutException: Message: Can't find element by locator ('css selector', '#other-menu')\nStacktrace:\n#0 0x55fe5ef8871a <unknown>\n#1 0x55fe5ec59640 <unknown>\n#2 0x55fe5eca8c0b <unknown>\n#3 0x55fe5eca8ef1 <unknown>\n#4 0x55fe5ececb64 <unknown>\n#5 0x55fe5eccb90d <unknown>\n#6 0x55fe5ecea08a <unknown>\n#7 0x55fe5eccb683 <unknown>\n#8 0x55fe5ec9bd71 <unknown>\n#9 0x55fe5ec9c7de <unknown>\n#10 0x55fe5ef502ab <unknown>\n#11 0x55fe5ef54242 <unknown>\n#12 0x55fe5ef3d665 <unknown>\n#13 0x55fe5ef54dd2 <unknown>\n#14 0x55fe5ef222af <unknown>\n#15 0x55fe5ef77eb8 <unknown>\n#16 0x55fe5ef78090 <unknown>\n#17 0x55fe5ef874ec <unknown>\n#18 0x7f3654e94ac3 <unknown>\n\n",
        "statusTrace" : "  File \"/home/runner/work/auto-tests-python/auto-tests-python/pages/base_page.py\", line 33, in element_is_present_and_clickable\n    return (Wait(self.driver, self.timeout).until(\n            ^^^^^^^^^^^^^^^^^^^^^^^^^^^^^^^^^^^^^^\n  File \"/opt/hostedtoolcache/Python/3.12.4/x64/lib/python3.12/site-packages/selenium/webdriver/support/wait.py\", line 95, in until\n    raise TimeoutException(message, screen, stacktrace)\n",
        "steps" : [ ],
        "attachments" : [ ],
        "parameters" : [ ],
        "stepsCount" : 0,
        "attachmentsCount" : 0,
        "shouldDisplayMessage" : true,
        "hasContent" : true
      } ],
      "attachments" : [ ],
      "parameters" : [ ],
      "stepsCount" : 1,
      "attachmentsCount" : 0,
      "shouldDisplayMessage" : false,
      "hasContent" : true
    } ],
    "attachments" : [ {
      "uid" : "4e9528f5d68f5ca7",
      "name" : "Screenshot",
      "source" : "4e9528f5d68f5ca7.png",
      "type" : "image/png",
      "size" : 8588
    }, {
      "uid" : "d3c4b8aec3470ea8",
      "name" : "HTML source",
      "source" : "d3c4b8aec3470ea8.html",
      "type" : "text/html",
      "size" : 39
    } ],
    "parameters" : [ ],
    "stepsCount" : 2,
    "attachmentsCount" : 2,
    "shouldDisplayMessage" : true,
    "hasContent" : true
  },
  "afterStages" : [ {
    "name" : "driver::0",
    "time" : {
      "start" : 1723597249472,
      "stop" : 1723597249618,
      "duration" : 146
    },
    "status" : "passed",
    "steps" : [ ],
    "attachments" : [ {
      "uid" : "38e182940234d09e",
      "name" : "Screenshot 2024-08-14 01:00:49.559263",
      "source" : "38e182940234d09e.png",
      "type" : "image/png",
      "size" : 8588
    } ],
    "parameters" : [ ],
    "stepsCount" : 0,
    "attachmentsCount" : 1,
    "shouldDisplayMessage" : false,
    "hasContent" : true
  } ],
  "labels" : [ {
    "name" : "epic",
    "value" : "Description Page."
  }, {
    "name" : "parentSuite",
    "value" : "tests"
  }, {
    "name" : "suite",
    "value" : "description_page_test"
  }, {
    "name" : "subSuite",
    "value" : "TestDescriptionPage"
  }, {
    "name" : "host",
    "value" : "fv-az1200-6"
  }, {
    "name" : "thread",
    "value" : "2287-MainThread"
  }, {
    "name" : "framework",
    "value" : "pytest"
  }, {
    "name" : "language",
    "value" : "cpython3"
  }, {
    "name" : "package",
    "value" : "tests.description_page_test"
  }, {
    "name" : "resultFormat",
    "value" : "allure2"
  } ],
  "parameters" : [ ],
  "links" : [ ],
  "hidden" : false,
  "retry" : false,
  "extra" : {
    "severity" : "normal",
    "retries" : [ ],
    "categories" : [ {
      "name" : "Test defects",
      "matchedStatuses" : [ ],
      "flaky" : false
    } ],
    "history" : {
      "statistic" : {
        "failed" : 0,
        "broken" : 2,
        "skipped" : 0,
        "passed" : 292,
        "unknown" : 0,
        "total" : 294
      },
      "items" : [ {
        "uid" : "c193e75b111bbd19",
        "reportUrl" : "https://Brain-up.github.io/auto-tests-python/90//#testresult/c193e75b111bbd19",
        "status" : "broken",
        "statusDetails" : "selenium.common.exceptions.TimeoutException: Message: Can't find element by locator ('css selector', '#other-menu')\nStacktrace:\n#0 0x5579cdc9371a <unknown>\n#1 0x5579cd964640 <unknown>\n#2 0x5579cd9b3c0b <unknown>\n#3 0x5579cd9b3ef1 <unknown>\n#4 0x5579cd9f7b64 <unknown>\n#5 0x5579cd9d690d <unknown>\n#6 0x5579cd9f508a <unknown>\n#7 0x5579cd9d6683 <unknown>\n#8 0x5579cd9a6d71 <unknown>\n#9 0x5579cd9a77de <unknown>\n#10 0x5579cdc5b2ab <unknown>\n#11 0x5579cdc5f242 <unknown>\n#12 0x5579cdc48665 <unknown>\n#13 0x5579cdc5fdd2 <unknown>\n#14 0x5579cdc2d2af <unknown>\n#15 0x5579cdc82eb8 <unknown>\n#16 0x5579cdc83090 <unknown>\n#17 0x5579cdc924ec <unknown>\n#18 0x7f7167a94ac3 <unknown>",
        "time" : {
          "start" : 1723510897226,
          "stop" : 1723510917689,
          "duration" : 20463
        }
      }, {
        "uid" : "cdf317c4755eb13a",
        "reportUrl" : "https://Brain-up.github.io/auto-tests-python/194//#testresult/cdf317c4755eb13a",
        "status" : "passed",
        "time" : {
          "start" : 1723447366266,
          "stop" : 1723447367730,
          "duration" : 1464
        }
      }, {
        "uid" : "dbdf71986c3df408",
        "reportUrl" : "https://Brain-up.github.io/auto-tests-python/193//#testresult/dbdf71986c3df408",
        "status" : "passed",
        "time" : {
          "start" : 1723445811913,
          "stop" : 1723445813239,
          "duration" : 1326
        }
      }, {
        "uid" : "40e5aa1b2b9f13bc",
        "reportUrl" : "https://Brain-up.github.io/auto-tests-python/89//#testresult/40e5aa1b2b9f13bc",
        "status" : "passed",
        "time" : {
          "start" : 1723424084726,
          "stop" : 1723424086274,
          "duration" : 1548
        }
      }, {
        "uid" : "f9d24a3e0c659928",
        "reportUrl" : "https://Brain-up.github.io/auto-tests-python/192//#testresult/f9d24a3e0c659928",
        "status" : "passed",
        "time" : {
          "start" : 1723361188134,
          "stop" : 1723361189082,
          "duration" : 948
        }
      }, {
        "uid" : "c7a36af7042aee2f",
        "reportUrl" : "https://Brain-up.github.io/auto-tests-python/191//#testresult/c7a36af7042aee2f",
        "status" : "passed",
        "time" : {
          "start" : 1723359193291,
          "stop" : 1723359194605,
          "duration" : 1314
        }
      }, {
        "uid" : "df3bb43af6056d14",
        "reportUrl" : "https://Brain-up.github.io/auto-tests-python/191//#testresult/df3bb43af6056d14",
        "status" : "passed",
        "time" : {
          "start" : 1723357549962,
          "stop" : 1723357551363,
          "duration" : 1401
        }
      }, {
        "uid" : "c74d7d1638c10f0c",
        "reportUrl" : "https://Brain-up.github.io/auto-tests-python/88//#testresult/c74d7d1638c10f0c",
        "status" : "passed",
        "time" : {
          "start" : 1723337819745,
          "stop" : 1723337821204,
          "duration" : 1459
        }
      }, {
        "uid" : "45c541c7c9b312a5",
        "reportUrl" : "https://Brain-up.github.io/auto-tests-python/190//#testresult/45c541c7c9b312a5",
        "status" : "passed",
        "time" : {
          "start" : 1723304456539,
          "stop" : 1723304457488,
          "duration" : 949
        }
      }, {
        "uid" : "9b668bd8c6b350fd",
        "reportUrl" : "https://Brain-up.github.io/auto-tests-python/189//#testresult/9b668bd8c6b350fd",
        "status" : "passed",
        "time" : {
          "start" : 1723302998633,
          "stop" : 1723302999791,
          "duration" : 1158
        }
      }, {
        "uid" : "b85c7d1f23040dcf",
        "reportUrl" : "https://Brain-up.github.io/auto-tests-python/87//#testresult/b85c7d1f23040dcf",
        "status" : "passed",
        "time" : {
          "start" : 1723251164818,
          "stop" : 1723251166002,
          "duration" : 1184
        }
      }, {
        "uid" : "ff819ba42e7524d9",
        "reportUrl" : "https://Brain-up.github.io/auto-tests-python/188//#testresult/ff819ba42e7524d9",
        "status" : "passed",
        "time" : {
          "start" : 1723188383847,
          "stop" : 1723188384916,
          "duration" : 1069
        }
      }, {
        "uid" : "182a3051715cc049",
        "reportUrl" : "https://Brain-up.github.io/auto-tests-python/187//#testresult/182a3051715cc049",
        "status" : "passed",
        "time" : {
          "start" : 1723187145602,
          "stop" : 1723187146757,
          "duration" : 1155
        }
      }, {
        "uid" : "1f4c285b4f5a3f74",
        "reportUrl" : "https://Brain-up.github.io/auto-tests-python/86//#testresult/1f4c285b4f5a3f74",
        "status" : "passed",
        "time" : {
          "start" : 1723164794649,
          "stop" : 1723164795913,
          "duration" : 1264
        }
      }, {
        "uid" : "1f6477b89c7cc9d3",
        "reportUrl" : "https://Brain-up.github.io/auto-tests-python/186//#testresult/1f6477b89c7cc9d3",
        "status" : "passed",
        "time" : {
          "start" : 1723103033497,
          "stop" : 1723103034508,
          "duration" : 1011
        }
      }, {
        "uid" : "44a94602c7c4b5df",
        "reportUrl" : "https://Brain-up.github.io/auto-tests-python/185//#testresult/44a94602c7c4b5df",
        "status" : "passed",
        "time" : {
          "start" : 1723101283602,
          "stop" : 1723101284875,
          "duration" : 1273
        }
      }, {
        "uid" : "ba8f62efbfbff49b",
        "reportUrl" : "https://Brain-up.github.io/auto-tests-python/85//#testresult/ba8f62efbfbff49b",
        "status" : "passed",
        "time" : {
          "start" : 1723078390251,
          "stop" : 1723078391879,
          "duration" : 1628
        }
      }, {
        "uid" : "18a285186041e08a",
        "reportUrl" : "https://Brain-up.github.io/auto-tests-python/184//#testresult/18a285186041e08a",
        "status" : "passed",
        "time" : {
          "start" : 1723019237964,
          "stop" : 1723019239343,
          "duration" : 1379
        }
      }, {
        "uid" : "bcdfb271a652fa29",
        "reportUrl" : "https://Brain-up.github.io/auto-tests-python/183//#testresult/bcdfb271a652fa29",
        "status" : "passed",
        "time" : {
          "start" : 1723017484058,
          "stop" : 1723017485423,
          "duration" : 1365
        }
      }, {
        "uid" : "3ad8de100a132e38",
        "reportUrl" : "https://Brain-up.github.io/auto-tests-python/182//#testresult/3ad8de100a132e38",
        "status" : "passed",
        "time" : {
          "start" : 1723015920723,
          "stop" : 1723015921668,
          "duration" : 945
        }
      } ]
    },
    "tags" : [ ]
  },
  "source" : "1eb9fd1c7235afb6.json",
  "parameterValues" : [ ]
}