{
  "uid" : "3591f95973b9fa80",
  "name" : "Verify values of the text in card descriptions",
  "fullName" : "tests.contributors_page_test.TestContributorsPageText#test_cnp_02_04_verify_text_of_card_descriptions",
  "historyId" : "5d4e7ac22a6f34d3c7b45f7b2c907a8b",
  "time" : {
    "start" : 1723597076336,
    "stop" : 1723597096573,
    "duration" : 20237
  },
  "status" : "broken",
  "statusMessage" : "selenium.common.exceptions.TimeoutException: Message: Can't find elements by locator ('css selector', '.leading-5')",
  "statusTrace" : "self = <tests.contributors_page_test.TestContributorsPage.TestContributorsPageText object at 0x7f1b833ccc50>\ndriver = <selenium.webdriver.chrome.webdriver.WebDriver (session=\"5e0b2f50b6f5383441f8d808285b753b\")>\ncontributors_page_open = None\n\n    @allure.title(\"Verify values of the text in card descriptions\")\n    def test_cnp_02_04_verify_text_of_card_descriptions(self, driver, contributors_page_open):\n        page = ContributorsPage(driver)\n>       description_values = page.check_values_of_card_descriptions()\n\ntests/contributors_page_test.py:99: \n_ _ _ _ _ _ _ _ _ _ _ _ _ _ _ _ _ _ _ _ _ _ _ _ _ _ _ _ _ _ _ _ _ _ _ _ _ _ _ _ \npages/contributors_page.py:132: in check_values_of_card_descriptions\n    values = [element.text for element in self.get_list_of_card_descriptions()]\npages/contributors_page.py:91: in get_list_of_card_descriptions\n    return self.elements_are_present(self.locators.CARD_DESCRIPTIONS)\npages/base_page.py:61: in elements_are_present\n    return Wait(self.driver, self.timeout).until(\n_ _ _ _ _ _ _ _ _ _ _ _ _ _ _ _ _ _ _ _ _ _ _ _ _ _ _ _ _ _ _ _ _ _ _ _ _ _ _ _ \n\nself = <selenium.webdriver.support.wait.WebDriverWait (session=\"5e0b2f50b6f5383441f8d808285b753b\")>\nmethod = <function presence_of_all_elements_located.<locals>._predicate at 0x7f1b82e64220>\nmessage = \"Can't find elements by locator ('css selector', '.leading-5')\"\n\n    def until(self, method, message: str = \"\"):\n        \"\"\"Calls the method provided with the driver as an argument until the \\\n        return value does not evaluate to ``False``.\n    \n        :param method: callable(WebDriver)\n        :param message: optional message for :exc:`TimeoutException`\n        :returns: the result of the last call to `method`\n        :raises: :exc:`selenium.common.exceptions.TimeoutException` if timeout occurs\n        \"\"\"\n        screen = None\n        stacktrace = None\n    \n        end_time = time.monotonic() + self._timeout\n        while True:\n            try:\n                value = method(self._driver)\n                if value:\n                    return value\n            except self._ignored_exceptions as exc:\n                screen = getattr(exc, \"screen\", None)\n                stacktrace = getattr(exc, \"stacktrace\", None)\n            time.sleep(self._poll)\n            if time.monotonic() > end_time:\n                break\n>       raise TimeoutException(message, screen, stacktrace)\nE       selenium.common.exceptions.TimeoutException: Message: Can't find elements by locator ('css selector', '.leading-5')\n\n/opt/hostedtoolcache/Python/3.12.4/x64/lib/python3.12/site-packages/selenium/webdriver/support/wait.py:95: TimeoutException",
  "flaky" : false,
  "newFailed" : false,
  "beforeStages" : [ {
    "name" : "contributors_page_open",
    "time" : {
      "start" : 1723597076000,
      "stop" : 1723597076335,
      "duration" : 335
    },
    "status" : "passed",
    "steps" : [ {
      "name" : "Open page: https://brainup.site/contributors",
      "time" : {
        "start" : 1723597076000,
        "stop" : 1723597076335,
        "duration" : 335
      },
      "status" : "passed",
      "steps" : [ ],
      "attachments" : [ ],
      "parameters" : [ {
        "name" : "driver",
        "value" : "<selenium.webdriver.chrome.webdriver.WebDriver (session=\"5e0b2f50b6f5383441f8d808285b753b\")>"
      } ],
      "stepsCount" : 0,
      "attachmentsCount" : 0,
      "shouldDisplayMessage" : false,
      "hasContent" : true
    } ],
    "attachments" : [ ],
    "parameters" : [ ],
    "stepsCount" : 1,
    "attachmentsCount" : 0,
    "shouldDisplayMessage" : false,
    "hasContent" : true
  }, {
    "name" : "clear_allure_results_folder",
    "time" : {
      "start" : 1723596645667,
      "stop" : 1723596645667,
      "duration" : 0
    },
    "status" : "passed",
    "steps" : [ ],
    "attachments" : [ ],
    "parameters" : [ ],
    "stepsCount" : 0,
    "attachmentsCount" : 0,
    "shouldDisplayMessage" : false,
    "hasContent" : false
  }, {
    "name" : "driver",
    "time" : {
      "start" : 1723597075310,
      "stop" : 1723597076000,
      "duration" : 690
    },
    "status" : "passed",
    "steps" : [ ],
    "attachments" : [ ],
    "parameters" : [ ],
    "stepsCount" : 0,
    "attachmentsCount" : 0,
    "shouldDisplayMessage" : false,
    "hasContent" : false
  } ],
  "testStage" : {
    "status" : "broken",
    "statusMessage" : "selenium.common.exceptions.TimeoutException: Message: Can't find elements by locator ('css selector', '.leading-5')",
    "statusTrace" : "self = <tests.contributors_page_test.TestContributorsPage.TestContributorsPageText object at 0x7f1b833ccc50>\ndriver = <selenium.webdriver.chrome.webdriver.WebDriver (session=\"5e0b2f50b6f5383441f8d808285b753b\")>\ncontributors_page_open = None\n\n    @allure.title(\"Verify values of the text in card descriptions\")\n    def test_cnp_02_04_verify_text_of_card_descriptions(self, driver, contributors_page_open):\n        page = ContributorsPage(driver)\n>       description_values = page.check_values_of_card_descriptions()\n\ntests/contributors_page_test.py:99: \n_ _ _ _ _ _ _ _ _ _ _ _ _ _ _ _ _ _ _ _ _ _ _ _ _ _ _ _ _ _ _ _ _ _ _ _ _ _ _ _ \npages/contributors_page.py:132: in check_values_of_card_descriptions\n    values = [element.text for element in self.get_list_of_card_descriptions()]\npages/contributors_page.py:91: in get_list_of_card_descriptions\n    return self.elements_are_present(self.locators.CARD_DESCRIPTIONS)\npages/base_page.py:61: in elements_are_present\n    return Wait(self.driver, self.timeout).until(\n_ _ _ _ _ _ _ _ _ _ _ _ _ _ _ _ _ _ _ _ _ _ _ _ _ _ _ _ _ _ _ _ _ _ _ _ _ _ _ _ \n\nself = <selenium.webdriver.support.wait.WebDriverWait (session=\"5e0b2f50b6f5383441f8d808285b753b\")>\nmethod = <function presence_of_all_elements_located.<locals>._predicate at 0x7f1b82e64220>\nmessage = \"Can't find elements by locator ('css selector', '.leading-5')\"\n\n    def until(self, method, message: str = \"\"):\n        \"\"\"Calls the method provided with the driver as an argument until the \\\n        return value does not evaluate to ``False``.\n    \n        :param method: callable(WebDriver)\n        :param message: optional message for :exc:`TimeoutException`\n        :returns: the result of the last call to `method`\n        :raises: :exc:`selenium.common.exceptions.TimeoutException` if timeout occurs\n        \"\"\"\n        screen = None\n        stacktrace = None\n    \n        end_time = time.monotonic() + self._timeout\n        while True:\n            try:\n                value = method(self._driver)\n                if value:\n                    return value\n            except self._ignored_exceptions as exc:\n                screen = getattr(exc, \"screen\", None)\n                stacktrace = getattr(exc, \"stacktrace\", None)\n            time.sleep(self._poll)\n            if time.monotonic() > end_time:\n                break\n>       raise TimeoutException(message, screen, stacktrace)\nE       selenium.common.exceptions.TimeoutException: Message: Can't find elements by locator ('css selector', '.leading-5')\n\n/opt/hostedtoolcache/Python/3.12.4/x64/lib/python3.12/site-packages/selenium/webdriver/support/wait.py:95: TimeoutException",
    "steps" : [ {
      "name" : "Check the content of descriptions in cards",
      "time" : {
        "start" : 1723597076336,
        "stop" : 1723597096573,
        "duration" : 20237
      },
      "status" : "broken",
      "statusMessage" : "selenium.common.exceptions.TimeoutException: Message: Can't find elements by locator ('css selector', '.leading-5')\n\n",
      "statusTrace" : "  File \"/opt/hostedtoolcache/Python/3.12.4/x64/lib/python3.12/site-packages/allure_commons/_allure.py\", line 192, in impl\n    return func(*a, **kw)\n           ^^^^^^^^^^^^^^\n  File \"/home/runner/work/auto-tests-python/auto-tests-python/pages/contributors_page.py\", line 132, in check_values_of_card_descriptions\n    values = [element.text for element in self.get_list_of_card_descriptions()]\n                                          ^^^^^^^^^^^^^^^^^^^^^^^^^^^^^^^^^^^^\n  File \"/opt/hostedtoolcache/Python/3.12.4/x64/lib/python3.12/site-packages/allure_commons/_allure.py\", line 192, in impl\n    return func(*a, **kw)\n           ^^^^^^^^^^^^^^\n  File \"/home/runner/work/auto-tests-python/auto-tests-python/pages/contributors_page.py\", line 91, in get_list_of_card_descriptions\n    return self.elements_are_present(self.locators.CARD_DESCRIPTIONS)\n           ^^^^^^^^^^^^^^^^^^^^^^^^^^^^^^^^^^^^^^^^^^^^^^^^^^^^^^^^^^\n  File \"/home/runner/work/auto-tests-python/auto-tests-python/pages/base_page.py\", line 61, in elements_are_present\n    return Wait(self.driver, self.timeout).until(\n           ^^^^^^^^^^^^^^^^^^^^^^^^^^^^^^^^^^^^^^\n  File \"/opt/hostedtoolcache/Python/3.12.4/x64/lib/python3.12/site-packages/selenium/webdriver/support/wait.py\", line 95, in until\n    raise TimeoutException(message, screen, stacktrace)\n",
      "steps" : [ {
        "name" : "Get the list of descriptions in cards on the 4th level of nesting on the page",
        "time" : {
          "start" : 1723597076336,
          "stop" : 1723597096572,
          "duration" : 20236
        },
        "status" : "broken",
        "statusMessage" : "selenium.common.exceptions.TimeoutException: Message: Can't find elements by locator ('css selector', '.leading-5')\n\n",
        "statusTrace" : "  File \"/opt/hostedtoolcache/Python/3.12.4/x64/lib/python3.12/site-packages/allure_commons/_allure.py\", line 192, in impl\n    return func(*a, **kw)\n           ^^^^^^^^^^^^^^\n  File \"/home/runner/work/auto-tests-python/auto-tests-python/pages/contributors_page.py\", line 91, in get_list_of_card_descriptions\n    return self.elements_are_present(self.locators.CARD_DESCRIPTIONS)\n           ^^^^^^^^^^^^^^^^^^^^^^^^^^^^^^^^^^^^^^^^^^^^^^^^^^^^^^^^^^\n  File \"/home/runner/work/auto-tests-python/auto-tests-python/pages/base_page.py\", line 61, in elements_are_present\n    return Wait(self.driver, self.timeout).until(\n           ^^^^^^^^^^^^^^^^^^^^^^^^^^^^^^^^^^^^^^\n  File \"/opt/hostedtoolcache/Python/3.12.4/x64/lib/python3.12/site-packages/selenium/webdriver/support/wait.py\", line 95, in until\n    raise TimeoutException(message, screen, stacktrace)\n",
        "steps" : [ {
          "name" : "Check elements are present: ('css selector', '.leading-5')",
          "time" : {
            "start" : 1723597076336,
            "stop" : 1723597096572,
            "duration" : 20236
          },
          "status" : "broken",
          "statusMessage" : "selenium.common.exceptions.TimeoutException: Message: Can't find elements by locator ('css selector', '.leading-5')\n\n",
          "statusTrace" : "  File \"/home/runner/work/auto-tests-python/auto-tests-python/pages/base_page.py\", line 61, in elements_are_present\n    return Wait(self.driver, self.timeout).until(\n           ^^^^^^^^^^^^^^^^^^^^^^^^^^^^^^^^^^^^^^\n  File \"/opt/hostedtoolcache/Python/3.12.4/x64/lib/python3.12/site-packages/selenium/webdriver/support/wait.py\", line 95, in until\n    raise TimeoutException(message, screen, stacktrace)\n",
          "steps" : [ ],
          "attachments" : [ ],
          "parameters" : [ ],
          "stepsCount" : 0,
          "attachmentsCount" : 0,
          "shouldDisplayMessage" : true,
          "hasContent" : true
        } ],
        "attachments" : [ ],
        "parameters" : [ ],
        "stepsCount" : 1,
        "attachmentsCount" : 0,
        "shouldDisplayMessage" : false,
        "hasContent" : true
      } ],
      "attachments" : [ ],
      "parameters" : [ ],
      "stepsCount" : 2,
      "attachmentsCount" : 0,
      "shouldDisplayMessage" : false,
      "hasContent" : true
    } ],
    "attachments" : [ {
      "uid" : "74cce673d68469b3",
      "name" : "Screenshot",
      "source" : "74cce673d68469b3.png",
      "type" : "image/png",
      "size" : 8588
    }, {
      "uid" : "931b8ad353eb21f0",
      "name" : "HTML source",
      "source" : "931b8ad353eb21f0.html",
      "type" : "text/html",
      "size" : 39
    } ],
    "parameters" : [ ],
    "stepsCount" : 3,
    "attachmentsCount" : 2,
    "shouldDisplayMessage" : true,
    "hasContent" : true
  },
  "afterStages" : [ {
    "name" : "driver::0",
    "time" : {
      "start" : 1723597096682,
      "stop" : 1723597096824,
      "duration" : 142
    },
    "status" : "passed",
    "steps" : [ ],
    "attachments" : [ {
      "uid" : "23e5ee31a42092a8",
      "name" : "Screenshot 2024-08-14 00:58:16.765076",
      "source" : "23e5ee31a42092a8.png",
      "type" : "image/png",
      "size" : 8588
    } ],
    "parameters" : [ ],
    "stepsCount" : 0,
    "attachmentsCount" : 1,
    "shouldDisplayMessage" : false,
    "hasContent" : true
  } ],
  "labels" : [ {
    "name" : "epic",
    "value" : "The Contributors Page"
  }, {
    "name" : "parentSuite",
    "value" : "tests"
  }, {
    "name" : "suite",
    "value" : "contributors_page_test"
  }, {
    "name" : "subSuite",
    "value" : "TestContributorsPage"
  }, {
    "name" : "host",
    "value" : "fv-az1200-6"
  }, {
    "name" : "thread",
    "value" : "2287-MainThread"
  }, {
    "name" : "framework",
    "value" : "pytest"
  }, {
    "name" : "language",
    "value" : "cpython3"
  }, {
    "name" : "package",
    "value" : "tests.contributors_page_test"
  }, {
    "name" : "resultFormat",
    "value" : "allure2"
  } ],
  "parameters" : [ ],
  "links" : [ ],
  "hidden" : false,
  "retry" : false,
  "extra" : {
    "severity" : "normal",
    "retries" : [ ],
    "categories" : [ {
      "name" : "Test defects",
      "matchedStatuses" : [ ],
      "flaky" : false
    } ],
    "history" : {
      "statistic" : {
        "failed" : 0,
        "broken" : 7,
        "skipped" : 0,
        "passed" : 287,
        "unknown" : 0,
        "total" : 294
      },
      "items" : [ {
        "uid" : "b3e49b3cb1da2e2d",
        "reportUrl" : "https://Brain-up.github.io/auto-tests-python/90//#testresult/b3e49b3cb1da2e2d",
        "status" : "broken",
        "statusDetails" : "selenium.common.exceptions.TimeoutException: Message: Can't find elements by locator ('css selector', '.leading-5')",
        "time" : {
          "start" : 1723510743353,
          "stop" : 1723510763597,
          "duration" : 20244
        }
      }, {
        "uid" : "eb2cccc81b6f6f86",
        "reportUrl" : "https://Brain-up.github.io/auto-tests-python/194//#testresult/eb2cccc81b6f6f86",
        "status" : "passed",
        "time" : {
          "start" : 1723447319081,
          "stop" : 1723447319424,
          "duration" : 343
        }
      }, {
        "uid" : "8f73c5a0042b1dee",
        "reportUrl" : "https://Brain-up.github.io/auto-tests-python/193//#testresult/8f73c5a0042b1dee",
        "status" : "passed",
        "time" : {
          "start" : 1723445764760,
          "stop" : 1723445765102,
          "duration" : 342
        }
      }, {
        "uid" : "f7d4921787f28759",
        "reportUrl" : "https://Brain-up.github.io/auto-tests-python/89//#testresult/f7d4921787f28759",
        "status" : "passed",
        "time" : {
          "start" : 1723424037894,
          "stop" : 1723424038233,
          "duration" : 339
        }
      }, {
        "uid" : "695d14fcaacefd00",
        "reportUrl" : "https://Brain-up.github.io/auto-tests-python/192//#testresult/695d14fcaacefd00",
        "status" : "passed",
        "time" : {
          "start" : 1723361151823,
          "stop" : 1723361152176,
          "duration" : 353
        }
      }, {
        "uid" : "9a656ac70debe9c",
        "reportUrl" : "https://Brain-up.github.io/auto-tests-python/191//#testresult/9a656ac70debe9c",
        "status" : "passed",
        "time" : {
          "start" : 1723359157297,
          "stop" : 1723359157697,
          "duration" : 400
        }
      }, {
        "uid" : "838d346727429e2c",
        "reportUrl" : "https://Brain-up.github.io/auto-tests-python/191//#testresult/838d346727429e2c",
        "status" : "passed",
        "time" : {
          "start" : 1723357515126,
          "stop" : 1723357515522,
          "duration" : 396
        }
      }, {
        "uid" : "12d43d5b4f4268fd",
        "reportUrl" : "https://Brain-up.github.io/auto-tests-python/88//#testresult/12d43d5b4f4268fd",
        "status" : "passed",
        "time" : {
          "start" : 1723337785639,
          "stop" : 1723337786027,
          "duration" : 388
        }
      }, {
        "uid" : "99ecc8bb493bd970",
        "reportUrl" : "https://Brain-up.github.io/auto-tests-python/190//#testresult/99ecc8bb493bd970",
        "status" : "passed",
        "time" : {
          "start" : 1723304421858,
          "stop" : 1723304422242,
          "duration" : 384
        }
      }, {
        "uid" : "53f2f1713b5caa16",
        "reportUrl" : "https://Brain-up.github.io/auto-tests-python/189//#testresult/53f2f1713b5caa16",
        "status" : "passed",
        "time" : {
          "start" : 1723302964045,
          "stop" : 1723302964423,
          "duration" : 378
        }
      }, {
        "uid" : "c0b095ea8c75fbc3",
        "reportUrl" : "https://Brain-up.github.io/auto-tests-python/87//#testresult/c0b095ea8c75fbc3",
        "status" : "passed",
        "time" : {
          "start" : 1723251129791,
          "stop" : 1723251130183,
          "duration" : 392
        }
      }, {
        "uid" : "c2fbe2c3de753239",
        "reportUrl" : "https://Brain-up.github.io/auto-tests-python/188//#testresult/c2fbe2c3de753239",
        "status" : "passed",
        "time" : {
          "start" : 1723188348520,
          "stop" : 1723188348901,
          "duration" : 381
        }
      }, {
        "uid" : "ef8c27a989dd7b38",
        "reportUrl" : "https://Brain-up.github.io/auto-tests-python/187//#testresult/ef8c27a989dd7b38",
        "status" : "passed",
        "time" : {
          "start" : 1723187111085,
          "stop" : 1723187111475,
          "duration" : 390
        }
      }, {
        "uid" : "5b2c2219d343d3d0",
        "reportUrl" : "https://Brain-up.github.io/auto-tests-python/86//#testresult/5b2c2219d343d3d0",
        "status" : "passed",
        "time" : {
          "start" : 1723164758058,
          "stop" : 1723164758709,
          "duration" : 651
        }
      }, {
        "uid" : "ccea4ec02d4bfac0",
        "reportUrl" : "https://Brain-up.github.io/auto-tests-python/186//#testresult/ccea4ec02d4bfac0",
        "status" : "passed",
        "time" : {
          "start" : 1723102995478,
          "stop" : 1723102995830,
          "duration" : 352
        }
      }, {
        "uid" : "aae9db6a92f8dd0d",
        "reportUrl" : "https://Brain-up.github.io/auto-tests-python/185//#testresult/aae9db6a92f8dd0d",
        "status" : "passed",
        "time" : {
          "start" : 1723101248174,
          "stop" : 1723101248565,
          "duration" : 391
        }
      }, {
        "uid" : "5d344abf7f27a6c9",
        "reportUrl" : "https://Brain-up.github.io/auto-tests-python/85//#testresult/5d344abf7f27a6c9",
        "status" : "passed",
        "time" : {
          "start" : 1723078346784,
          "stop" : 1723078347126,
          "duration" : 342
        }
      }, {
        "uid" : "db2c2a3732180cf8",
        "reportUrl" : "https://Brain-up.github.io/auto-tests-python/184//#testresult/db2c2a3732180cf8",
        "status" : "passed",
        "time" : {
          "start" : 1723019197786,
          "stop" : 1723019198177,
          "duration" : 391
        }
      }, {
        "uid" : "cefd222b35e79be7",
        "reportUrl" : "https://Brain-up.github.io/auto-tests-python/183//#testresult/cefd222b35e79be7",
        "status" : "passed",
        "time" : {
          "start" : 1723017437707,
          "stop" : 1723017438048,
          "duration" : 341
        }
      }, {
        "uid" : "2ddf42ba2b93630f",
        "reportUrl" : "https://Brain-up.github.io/auto-tests-python/182//#testresult/2ddf42ba2b93630f",
        "status" : "passed",
        "time" : {
          "start" : 1723015885378,
          "stop" : 1723015885766,
          "duration" : 388
        }
      } ]
    },
    "tags" : [ ]
  },
  "source" : "3591f95973b9fa80.json",
  "parameterValues" : [ ]
}