{
  "uid" : "448bfe40b52686c0",
  "name" : "Verify value of title with tag 'h1' on the page",
  "fullName" : "tests.used_resources_page_test.TestUsedResourcesPageForAuthorizedText#test_ur_02_02_verify_page_title",
  "historyId" : "7e506984efd41c1cd26b7e8f233bae31",
  "time" : {
    "start" : 1723599147894,
    "stop" : 1723599147894,
    "duration" : 0
  },
  "status" : "broken",
  "statusMessage" : "selenium.common.exceptions.TimeoutException: Message: Can't find element by locator ('xpath', '//a[@id=\"ember11\"]')\nStacktrace:\n#0 0x55cb29b3471a <unknown>\n#1 0x55cb29805640 <unknown>\n#2 0x55cb29854c0b <unknown>\n#3 0x55cb29854ef1 <unknown>\n#4 0x55cb29898b64 <unknown>\n#5 0x55cb2987790d <unknown>\n#6 0x55cb2989608a <unknown>\n#7 0x55cb29877683 <unknown>\n#8 0x55cb29847d71 <unknown>\n#9 0x55cb298487de <unknown>\n#10 0x55cb29afc2ab <unknown>\n#11 0x55cb29b00242 <unknown>\n#12 0x55cb29ae9665 <unknown>\n#13 0x55cb29b00dd2 <unknown>\n#14 0x55cb29ace2af <unknown>\n#15 0x55cb29b23eb8 <unknown>\n#16 0x55cb29b24090 <unknown>\n#17 0x55cb29b334ec <unknown>\n#18 0x7f3815294ac3 <unknown>",
  "statusTrace" : "driver = <selenium.webdriver.chrome.webdriver.WebDriver (session=\"632a9e38af37f4641fc19ea180e80a68\")>\nmain_page_open = None\n\n    @pytest.fixture()\n    @allure.step('Auto test user authorized')\n    def auto_test_user_authorized(driver, main_page_open):\n        page = BasePage(driver)\n>       page.element_is_present_and_clickable(MainPageLocators.LOGIN_BUTTON).click()\n\ntests/conftest.py:66: \n_ _ _ _ _ _ _ _ _ _ _ _ _ _ _ _ _ _ _ _ _ _ _ _ _ _ _ _ _ _ _ _ _ _ _ _ _ _ _ _ \npages/base_page.py:33: in element_is_present_and_clickable\n    return (Wait(self.driver, self.timeout).until(\n_ _ _ _ _ _ _ _ _ _ _ _ _ _ _ _ _ _ _ _ _ _ _ _ _ _ _ _ _ _ _ _ _ _ _ _ _ _ _ _ \n\nself = <selenium.webdriver.support.wait.WebDriverWait (session=\"632a9e38af37f4641fc19ea180e80a68\")>\nmethod = <function visibility_of_element_located.<locals>._predicate at 0x7f1b82cff4c0>\nmessage = 'Can\\'t find element by locator (\\'xpath\\', \\'//a[@id=\"ember11\"]\\')'\n\n    def until(self, method, message: str = \"\"):\n        \"\"\"Calls the method provided with the driver as an argument until the \\\n        return value does not evaluate to ``False``.\n    \n        :param method: callable(WebDriver)\n        :param message: optional message for :exc:`TimeoutException`\n        :returns: the result of the last call to `method`\n        :raises: :exc:`selenium.common.exceptions.TimeoutException` if timeout occurs\n        \"\"\"\n        screen = None\n        stacktrace = None\n    \n        end_time = time.monotonic() + self._timeout\n        while True:\n            try:\n                value = method(self._driver)\n                if value:\n                    return value\n            except self._ignored_exceptions as exc:\n                screen = getattr(exc, \"screen\", None)\n                stacktrace = getattr(exc, \"stacktrace\", None)\n            time.sleep(self._poll)\n            if time.monotonic() > end_time:\n                break\n>       raise TimeoutException(message, screen, stacktrace)\nE       selenium.common.exceptions.TimeoutException: Message: Can't find element by locator ('xpath', '//a[@id=\"ember11\"]')\nE       Stacktrace:\nE       #0 0x55cb29b3471a <unknown>\nE       #1 0x55cb29805640 <unknown>\nE       #2 0x55cb29854c0b <unknown>\nE       #3 0x55cb29854ef1 <unknown>\nE       #4 0x55cb29898b64 <unknown>\nE       #5 0x55cb2987790d <unknown>\nE       #6 0x55cb2989608a <unknown>\nE       #7 0x55cb29877683 <unknown>\nE       #8 0x55cb29847d71 <unknown>\nE       #9 0x55cb298487de <unknown>\nE       #10 0x55cb29afc2ab <unknown>\nE       #11 0x55cb29b00242 <unknown>\nE       #12 0x55cb29ae9665 <unknown>\nE       #13 0x55cb29b00dd2 <unknown>\nE       #14 0x55cb29ace2af <unknown>\nE       #15 0x55cb29b23eb8 <unknown>\nE       #16 0x55cb29b24090 <unknown>\nE       #17 0x55cb29b334ec <unknown>\nE       #18 0x7f3815294ac3 <unknown>\n\n/opt/hostedtoolcache/Python/3.12.4/x64/lib/python3.12/site-packages/selenium/webdriver/support/wait.py:95: TimeoutException",
  "flaky" : false,
  "newFailed" : false,
  "beforeStages" : [ {
    "name" : "main_page_open",
    "time" : {
      "start" : 1723599148584,
      "stop" : 1723599148925,
      "duration" : 341
    },
    "status" : "passed",
    "steps" : [ {
      "name" : "Open page: https://brainup.site/",
      "time" : {
        "start" : 1723599148584,
        "stop" : 1723599148925,
        "duration" : 341
      },
      "status" : "passed",
      "steps" : [ ],
      "attachments" : [ ],
      "parameters" : [ {
        "name" : "driver",
        "value" : "<selenium.webdriver.chrome.webdriver.WebDriver (session=\"632a9e38af37f4641fc19ea180e80a68\")>"
      } ],
      "stepsCount" : 0,
      "attachmentsCount" : 0,
      "shouldDisplayMessage" : false,
      "hasContent" : true
    } ],
    "attachments" : [ ],
    "parameters" : [ ],
    "stepsCount" : 1,
    "attachmentsCount" : 0,
    "shouldDisplayMessage" : false,
    "hasContent" : true
  }, {
    "name" : "auto_test_user_authorized",
    "time" : {
      "start" : 1723599148925,
      "stop" : 1723599169382,
      "duration" : 20457
    },
    "status" : "broken",
    "statusMessage" : "selenium.common.exceptions.TimeoutException: Message: Can't find element by locator ('xpath', '//a[@id=\"ember11\"]')\nStacktrace:\n#0 0x55cb29b3471a <unknown>\n#1 0x55cb29805640 <unknown>\n#2 0x55cb29854c0b <unknown>\n#3 0x55cb29854ef1 <unknown>\n#4 0x55cb29898b64 <unknown>\n#5 0x55cb2987790d <unknown>\n#6 0x55cb2989608a <unknown>\n#7 0x55cb29877683 <unknown>\n#8 0x55cb29847d71 <unknown>\n#9 0x55cb298487de <unknown>\n#10 0x55cb29afc2ab <unknown>\n#11 0x55cb29b00242 <unknown>\n#12 0x55cb29ae9665 <unknown>\n#13 0x55cb29b00dd2 <unknown>\n#14 0x55cb29ace2af <unknown>\n#15 0x55cb29b23eb8 <unknown>\n#16 0x55cb29b24090 <unknown>\n#17 0x55cb29b334ec <unknown>\n#18 0x7f3815294ac3 <unknown>\n\n",
    "statusTrace" : "  File \"/opt/hostedtoolcache/Python/3.12.4/x64/lib/python3.12/site-packages/pluggy/_callers.py\", line 103, in _multicall\n    res = hook_impl.function(*args)\n          ^^^^^^^^^^^^^^^^^^^^^^^^^\n  File \"/opt/hostedtoolcache/Python/3.12.4/x64/lib/python3.12/site-packages/_pytest/fixtures.py\", line 1123, in pytest_fixture_setup\n    result = call_fixture_func(fixturefunc, request, kwargs)\n             ^^^^^^^^^^^^^^^^^^^^^^^^^^^^^^^^^^^^^^^^^^^^^^^\n  File \"/opt/hostedtoolcache/Python/3.12.4/x64/lib/python3.12/site-packages/_pytest/fixtures.py\", line 902, in call_fixture_func\n    fixture_result = fixturefunc(**kwargs)\n                     ^^^^^^^^^^^^^^^^^^^^^\n  File \"/opt/hostedtoolcache/Python/3.12.4/x64/lib/python3.12/site-packages/allure_commons/_allure.py\", line 192, in impl\n    return func(*a, **kw)\n           ^^^^^^^^^^^^^^\n  File \"/home/runner/work/auto-tests-python/auto-tests-python/tests/conftest.py\", line 66, in auto_test_user_authorized\n    page.element_is_present_and_clickable(MainPageLocators.LOGIN_BUTTON).click()\n    ^^^^^^^^^^^^^^^^^^^^^^^^^^^^^^^^^^^^^^^^^^^^^^^^^^^^^^^^^^^^^^^^^^^^\n  File \"/home/runner/work/auto-tests-python/auto-tests-python/pages/base_page.py\", line 33, in element_is_present_and_clickable\n    return (Wait(self.driver, self.timeout).until(\n            ^^^^^^^^^^^^^^^^^^^^^^^^^^^^^^^^^^^^^^\n  File \"/opt/hostedtoolcache/Python/3.12.4/x64/lib/python3.12/site-packages/selenium/webdriver/support/wait.py\", line 95, in until\n    raise TimeoutException(message, screen, stacktrace)\n",
    "steps" : [ {
      "name" : "Auto test user authorized",
      "time" : {
        "start" : 1723599148925,
        "stop" : 1723599169382,
        "duration" : 20457
      },
      "status" : "broken",
      "statusMessage" : "selenium.common.exceptions.TimeoutException: Message: Can't find element by locator ('xpath', '//a[@id=\"ember11\"]')\nStacktrace:\n#0 0x55cb29b3471a <unknown>\n#1 0x55cb29805640 <unknown>\n#2 0x55cb29854c0b <unknown>\n#3 0x55cb29854ef1 <unknown>\n#4 0x55cb29898b64 <unknown>\n#5 0x55cb2987790d <unknown>\n#6 0x55cb2989608a <unknown>\n#7 0x55cb29877683 <unknown>\n#8 0x55cb29847d71 <unknown>\n#9 0x55cb298487de <unknown>\n#10 0x55cb29afc2ab <unknown>\n#11 0x55cb29b00242 <unknown>\n#12 0x55cb29ae9665 <unknown>\n#13 0x55cb29b00dd2 <unknown>\n#14 0x55cb29ace2af <unknown>\n#15 0x55cb29b23eb8 <unknown>\n#16 0x55cb29b24090 <unknown>\n#17 0x55cb29b334ec <unknown>\n#18 0x7f3815294ac3 <unknown>\n\n",
      "statusTrace" : "  File \"/opt/hostedtoolcache/Python/3.12.4/x64/lib/python3.12/site-packages/allure_commons/_allure.py\", line 192, in impl\n    return func(*a, **kw)\n           ^^^^^^^^^^^^^^\n  File \"/home/runner/work/auto-tests-python/auto-tests-python/tests/conftest.py\", line 66, in auto_test_user_authorized\n    page.element_is_present_and_clickable(MainPageLocators.LOGIN_BUTTON).click()\n    ^^^^^^^^^^^^^^^^^^^^^^^^^^^^^^^^^^^^^^^^^^^^^^^^^^^^^^^^^^^^^^^^^^^^\n  File \"/home/runner/work/auto-tests-python/auto-tests-python/pages/base_page.py\", line 33, in element_is_present_and_clickable\n    return (Wait(self.driver, self.timeout).until(\n            ^^^^^^^^^^^^^^^^^^^^^^^^^^^^^^^^^^^^^^\n  File \"/opt/hostedtoolcache/Python/3.12.4/x64/lib/python3.12/site-packages/selenium/webdriver/support/wait.py\", line 95, in until\n    raise TimeoutException(message, screen, stacktrace)\n",
      "steps" : [ {
        "name" : "Check element is visible and clickable: ('xpath', '//a[@id=\"ember11\"]')",
        "time" : {
          "start" : 1723599148925,
          "stop" : 1723599169381,
          "duration" : 20456
        },
        "status" : "broken",
        "statusMessage" : "selenium.common.exceptions.TimeoutException: Message: Can't find element by locator ('xpath', '//a[@id=\"ember11\"]')\nStacktrace:\n#0 0x55cb29b3471a <unknown>\n#1 0x55cb29805640 <unknown>\n#2 0x55cb29854c0b <unknown>\n#3 0x55cb29854ef1 <unknown>\n#4 0x55cb29898b64 <unknown>\n#5 0x55cb2987790d <unknown>\n#6 0x55cb2989608a <unknown>\n#7 0x55cb29877683 <unknown>\n#8 0x55cb29847d71 <unknown>\n#9 0x55cb298487de <unknown>\n#10 0x55cb29afc2ab <unknown>\n#11 0x55cb29b00242 <unknown>\n#12 0x55cb29ae9665 <unknown>\n#13 0x55cb29b00dd2 <unknown>\n#14 0x55cb29ace2af <unknown>\n#15 0x55cb29b23eb8 <unknown>\n#16 0x55cb29b24090 <unknown>\n#17 0x55cb29b334ec <unknown>\n#18 0x7f3815294ac3 <unknown>\n\n",
        "statusTrace" : "  File \"/home/runner/work/auto-tests-python/auto-tests-python/pages/base_page.py\", line 33, in element_is_present_and_clickable\n    return (Wait(self.driver, self.timeout).until(\n            ^^^^^^^^^^^^^^^^^^^^^^^^^^^^^^^^^^^^^^\n  File \"/opt/hostedtoolcache/Python/3.12.4/x64/lib/python3.12/site-packages/selenium/webdriver/support/wait.py\", line 95, in until\n    raise TimeoutException(message, screen, stacktrace)\n",
        "steps" : [ ],
        "attachments" : [ ],
        "parameters" : [ ],
        "stepsCount" : 0,
        "attachmentsCount" : 0,
        "shouldDisplayMessage" : true,
        "hasContent" : true
      } ],
      "attachments" : [ ],
      "parameters" : [ {
        "name" : "driver",
        "value" : "<selenium.webdriver.chrome.webdriver.WebDriver (session=\"632a9e38af37f4641fc19ea180e80a68\")>"
      }, {
        "name" : "main_page_open",
        "value" : "None"
      } ],
      "stepsCount" : 1,
      "attachmentsCount" : 0,
      "shouldDisplayMessage" : false,
      "hasContent" : true
    } ],
    "attachments" : [ ],
    "parameters" : [ ],
    "stepsCount" : 2,
    "attachmentsCount" : 0,
    "shouldDisplayMessage" : false,
    "hasContent" : true
  }, {
    "name" : "driver",
    "time" : {
      "start" : 1723599147894,
      "stop" : 1723599148584,
      "duration" : 690
    },
    "status" : "passed",
    "steps" : [ ],
    "attachments" : [ ],
    "parameters" : [ ],
    "stepsCount" : 0,
    "attachmentsCount" : 0,
    "shouldDisplayMessage" : false,
    "hasContent" : false
  }, {
    "name" : "clear_allure_results_folder",
    "time" : {
      "start" : 1723596645667,
      "stop" : 1723596645667,
      "duration" : 0
    },
    "status" : "passed",
    "steps" : [ ],
    "attachments" : [ ],
    "parameters" : [ ],
    "stepsCount" : 0,
    "attachmentsCount" : 0,
    "shouldDisplayMessage" : false,
    "hasContent" : false
  } ],
  "afterStages" : [ {
    "name" : "driver::0",
    "time" : {
      "start" : 1723599169394,
      "stop" : 1723599169542,
      "duration" : 148
    },
    "status" : "passed",
    "steps" : [ ],
    "attachments" : [ {
      "uid" : "f18abc3c39505",
      "name" : "Screenshot 2024-08-14 01:32:49.482985",
      "source" : "f18abc3c39505.png",
      "type" : "image/png",
      "size" : 8588
    } ],
    "parameters" : [ ],
    "stepsCount" : 0,
    "attachmentsCount" : 1,
    "shouldDisplayMessage" : false,
    "hasContent" : true
  } ],
  "labels" : [ {
    "name" : "epic",
    "value" : "Test Used Resources Page"
  }, {
    "name" : "parentSuite",
    "value" : "tests"
  }, {
    "name" : "suite",
    "value" : "used_resources_page_test"
  }, {
    "name" : "subSuite",
    "value" : "TestUsedResourcesPage"
  }, {
    "name" : "host",
    "value" : "fv-az1200-6"
  }, {
    "name" : "thread",
    "value" : "2287-MainThread"
  }, {
    "name" : "framework",
    "value" : "pytest"
  }, {
    "name" : "language",
    "value" : "cpython3"
  }, {
    "name" : "package",
    "value" : "tests.used_resources_page_test"
  }, {
    "name" : "resultFormat",
    "value" : "allure2"
  } ],
  "parameters" : [ ],
  "links" : [ ],
  "hidden" : false,
  "retry" : false,
  "extra" : {
    "severity" : "normal",
    "retries" : [ ],
    "categories" : [ {
      "name" : "Test defects",
      "matchedStatuses" : [ ],
      "flaky" : false
    } ],
    "history" : {
      "statistic" : {
        "failed" : 0,
        "broken" : 2,
        "skipped" : 0,
        "passed" : 219,
        "unknown" : 0,
        "total" : 221
      },
      "items" : [ {
        "uid" : "db8250c15540e395",
        "reportUrl" : "https://Brain-up.github.io/auto-tests-python/90//#testresult/db8250c15540e395",
        "status" : "broken",
        "statusDetails" : "selenium.common.exceptions.TimeoutException: Message: Can't find element by locator ('xpath', '//a[@id=\"ember11\"]')\nStacktrace:\n#0 0x55a52887571a <unknown>\n#1 0x55a528546640 <unknown>\n#2 0x55a528595c0b <unknown>\n#3 0x55a528595ef1 <unknown>\n#4 0x55a5285d9b64 <unknown>\n#5 0x55a5285b890d <unknown>\n#6 0x55a5285d708a <unknown>\n#7 0x55a5285b8683 <unknown>\n#8 0x55a528588d71 <unknown>\n#9 0x55a5285897de <unknown>\n#10 0x55a52883d2ab <unknown>\n#11 0x55a528841242 <unknown>\n#12 0x55a52882a665 <unknown>\n#13 0x55a528841dd2 <unknown>\n#14 0x55a52880f2af <unknown>\n#15 0x55a528864eb8 <unknown>\n#16 0x55a528865090 <unknown>\n#17 0x55a5288744ec <unknown>\n#18 0x7efd81294ac3 <unknown>",
        "time" : {
          "start" : 1723512832667,
          "stop" : 1723512832667,
          "duration" : 0
        }
      }, {
        "uid" : "c488a77d612f311d",
        "reportUrl" : "https://Brain-up.github.io/auto-tests-python/194//#testresult/c488a77d612f311d",
        "status" : "passed",
        "time" : {
          "start" : 1723448198797,
          "stop" : 1723448199636,
          "duration" : 839
        }
      }, {
        "uid" : "3d6679c7cef7d232",
        "reportUrl" : "https://Brain-up.github.io/auto-tests-python/193//#testresult/3d6679c7cef7d232",
        "status" : "passed",
        "time" : {
          "start" : 1723446682046,
          "stop" : 1723446682882,
          "duration" : 836
        }
      }, {
        "uid" : "4eae2a141ee0a607",
        "reportUrl" : "https://Brain-up.github.io/auto-tests-python/89//#testresult/4eae2a141ee0a607",
        "status" : "passed",
        "time" : {
          "start" : 1723424931211,
          "stop" : 1723424932050,
          "duration" : 839
        }
      }, {
        "uid" : "91b7e2cba0e5432c",
        "reportUrl" : "https://Brain-up.github.io/auto-tests-python/192//#testresult/91b7e2cba0e5432c",
        "status" : "passed",
        "time" : {
          "start" : 1723361894393,
          "stop" : 1723361895165,
          "duration" : 772
        }
      }, {
        "uid" : "e76fec846260d604",
        "reportUrl" : "https://Brain-up.github.io/auto-tests-python/191//#testresult/e76fec846260d604",
        "status" : "passed",
        "time" : {
          "start" : 1723360022819,
          "stop" : 1723360023585,
          "duration" : 766
        }
      }, {
        "uid" : "eb21fb94d91bb5b0",
        "reportUrl" : "https://Brain-up.github.io/auto-tests-python/191//#testresult/eb21fb94d91bb5b0",
        "status" : "passed",
        "time" : {
          "start" : 1723358461517,
          "stop" : 1723358462286,
          "duration" : 769
        }
      }, {
        "uid" : "58e241cd7f442e1c",
        "reportUrl" : "https://Brain-up.github.io/auto-tests-python/88//#testresult/58e241cd7f442e1c",
        "status" : "passed",
        "time" : {
          "start" : 1723338449760,
          "stop" : 1723338450526,
          "duration" : 766
        }
      }, {
        "uid" : "217371093c837fcd",
        "reportUrl" : "https://Brain-up.github.io/auto-tests-python/190//#testresult/217371093c837fcd",
        "status" : "passed",
        "time" : {
          "start" : 1723305166870,
          "stop" : 1723305167655,
          "duration" : 785
        }
      }, {
        "uid" : "760aa4c851d4dac2",
        "reportUrl" : "https://Brain-up.github.io/auto-tests-python/189//#testresult/760aa4c851d4dac2",
        "status" : "passed",
        "time" : {
          "start" : 1723303626661,
          "stop" : 1723303627429,
          "duration" : 768
        }
      }, {
        "uid" : "b6f8f99f3b086718",
        "reportUrl" : "https://Brain-up.github.io/auto-tests-python/87//#testresult/b6f8f99f3b086718",
        "status" : "passed",
        "time" : {
          "start" : 1723252137827,
          "stop" : 1723252138596,
          "duration" : 769
        }
      }, {
        "uid" : "49cdfc776b0c67bd",
        "reportUrl" : "https://Brain-up.github.io/auto-tests-python/188//#testresult/49cdfc776b0c67bd",
        "status" : "passed",
        "time" : {
          "start" : 1723189129504,
          "stop" : 1723189130282,
          "duration" : 778
        }
      }, {
        "uid" : "388e985941cb459a",
        "reportUrl" : "https://Brain-up.github.io/auto-tests-python/187//#testresult/388e985941cb459a",
        "status" : "passed",
        "time" : {
          "start" : 1723187774813,
          "stop" : 1723187775588,
          "duration" : 775
        }
      }, {
        "uid" : "95b47be2f0e8031b",
        "reportUrl" : "https://Brain-up.github.io/auto-tests-python/86//#testresult/95b47be2f0e8031b",
        "status" : "passed",
        "time" : {
          "start" : 1723165612936,
          "stop" : 1723165613703,
          "duration" : 767
        }
      }, {
        "uid" : "4e8f1b0753689864",
        "reportUrl" : "https://Brain-up.github.io/auto-tests-python/186//#testresult/4e8f1b0753689864",
        "status" : "passed",
        "time" : {
          "start" : 1723103998527,
          "stop" : 1723103999319,
          "duration" : 792
        }
      }, {
        "uid" : "fc197d412087476c",
        "reportUrl" : "https://Brain-up.github.io/auto-tests-python/185//#testresult/fc197d412087476c",
        "status" : "passed",
        "time" : {
          "start" : 1723102216862,
          "stop" : 1723102217630,
          "duration" : 768
        }
      }, {
        "uid" : "549c29701c6ca80",
        "reportUrl" : "https://Brain-up.github.io/auto-tests-python/85//#testresult/549c29701c6ca80",
        "status" : "passed",
        "time" : {
          "start" : 1723079331269,
          "stop" : 1723079332097,
          "duration" : 828
        }
      }, {
        "uid" : "5609dec0cdb3a3bf",
        "reportUrl" : "https://Brain-up.github.io/auto-tests-python/184//#testresult/5609dec0cdb3a3bf",
        "status" : "passed",
        "time" : {
          "start" : 1723020037044,
          "stop" : 1723020037845,
          "duration" : 801
        }
      }, {
        "uid" : "1b49f2fa50d5872c",
        "reportUrl" : "https://Brain-up.github.io/auto-tests-python/183//#testresult/1b49f2fa50d5872c",
        "status" : "passed",
        "time" : {
          "start" : 1723018464350,
          "stop" : 1723018465184,
          "duration" : 834
        }
      }, {
        "uid" : "eb7dcb5002a4dcd9",
        "reportUrl" : "https://Brain-up.github.io/auto-tests-python/182//#testresult/eb7dcb5002a4dcd9",
        "status" : "passed",
        "time" : {
          "start" : 1723016651828,
          "stop" : 1723016652597,
          "duration" : 769
        }
      } ]
    },
    "tags" : [ ]
  },
  "source" : "448bfe40b52686c0.json",
  "parameterValues" : [ ]
}