{
  "uid" : "4b91c6693fc83552",
  "name" : "Check registration without choosing agreement",
  "fullName" : "tests.registration_page_test.TestRegistrationPage#test_registration_without_choosing_agreement",
  "historyId" : "372d09e576a89594cbbb625e370f331d",
  "time" : {
    "start" : 1723598249207,
    "stop" : 1723598269660,
    "duration" : 20453
  },
  "status" : "broken",
  "statusMessage" : "selenium.common.exceptions.TimeoutException: Message: Can't find element by locator ('xpath', '//a[@href=\"/registration\"]')\nStacktrace:\n#0 0x562b89c2671a <unknown>\n#1 0x562b898f7640 <unknown>\n#2 0x562b89946c0b <unknown>\n#3 0x562b89946ef1 <unknown>\n#4 0x562b8998ab64 <unknown>\n#5 0x562b8996990d <unknown>\n#6 0x562b8998808a <unknown>\n#7 0x562b89969683 <unknown>\n#8 0x562b89939d71 <unknown>\n#9 0x562b8993a7de <unknown>\n#10 0x562b89bee2ab <unknown>\n#11 0x562b89bf2242 <unknown>\n#12 0x562b89bdb665 <unknown>\n#13 0x562b89bf2dd2 <unknown>\n#14 0x562b89bc02af <unknown>\n#15 0x562b89c15eb8 <unknown>\n#16 0x562b89c16090 <unknown>\n#17 0x562b89c254ec <unknown>\n#18 0x7f1228094ac3 <unknown>",
  "statusTrace" : "self = <tests.registration_page_test.TestRegistrationPage object at 0x7f1b83357fe0>\nmain_page_open = None\ndriver = <selenium.webdriver.chrome.webdriver.WebDriver (session=\"3ae8f03bec7c72402b39fb8232b0a97c\")>\n\n    @allure.title('Check registration without choosing agreement')\n    def test_registration_without_choosing_agreement(self, main_page_open, driver):\n        page = RegistrationPage(driver)\n>       page.open_registration_page()\n\ntests/registration_page_test.py:78: \n_ _ _ _ _ _ _ _ _ _ _ _ _ _ _ _ _ _ _ _ _ _ _ _ _ _ _ _ _ _ _ _ _ _ _ _ _ _ _ _ \npages/registration_page.py:15: in open_registration_page\n    self.element_is_present_and_clickable(MainPageLocators.REGISTRATION_BUTTON).click()\npages/base_page.py:33: in element_is_present_and_clickable\n    return (Wait(self.driver, self.timeout).until(\n_ _ _ _ _ _ _ _ _ _ _ _ _ _ _ _ _ _ _ _ _ _ _ _ _ _ _ _ _ _ _ _ _ _ _ _ _ _ _ _ \n\nself = <selenium.webdriver.support.wait.WebDriverWait (session=\"3ae8f03bec7c72402b39fb8232b0a97c\")>\nmethod = <function visibility_of_element_located.<locals>._predicate at 0x7f1b82cb9260>\nmessage = 'Can\\'t find element by locator (\\'xpath\\', \\'//a[@href=\"/registration\"]\\')'\n\n    def until(self, method, message: str = \"\"):\n        \"\"\"Calls the method provided with the driver as an argument until the \\\n        return value does not evaluate to ``False``.\n    \n        :param method: callable(WebDriver)\n        :param message: optional message for :exc:`TimeoutException`\n        :returns: the result of the last call to `method`\n        :raises: :exc:`selenium.common.exceptions.TimeoutException` if timeout occurs\n        \"\"\"\n        screen = None\n        stacktrace = None\n    \n        end_time = time.monotonic() + self._timeout\n        while True:\n            try:\n                value = method(self._driver)\n                if value:\n                    return value\n            except self._ignored_exceptions as exc:\n                screen = getattr(exc, \"screen\", None)\n                stacktrace = getattr(exc, \"stacktrace\", None)\n            time.sleep(self._poll)\n            if time.monotonic() > end_time:\n                break\n>       raise TimeoutException(message, screen, stacktrace)\nE       selenium.common.exceptions.TimeoutException: Message: Can't find element by locator ('xpath', '//a[@href=\"/registration\"]')\nE       Stacktrace:\nE       #0 0x562b89c2671a <unknown>\nE       #1 0x562b898f7640 <unknown>\nE       #2 0x562b89946c0b <unknown>\nE       #3 0x562b89946ef1 <unknown>\nE       #4 0x562b8998ab64 <unknown>\nE       #5 0x562b8996990d <unknown>\nE       #6 0x562b8998808a <unknown>\nE       #7 0x562b89969683 <unknown>\nE       #8 0x562b89939d71 <unknown>\nE       #9 0x562b8993a7de <unknown>\nE       #10 0x562b89bee2ab <unknown>\nE       #11 0x562b89bf2242 <unknown>\nE       #12 0x562b89bdb665 <unknown>\nE       #13 0x562b89bf2dd2 <unknown>\nE       #14 0x562b89bc02af <unknown>\nE       #15 0x562b89c15eb8 <unknown>\nE       #16 0x562b89c16090 <unknown>\nE       #17 0x562b89c254ec <unknown>\nE       #18 0x7f1228094ac3 <unknown>\n\n/opt/hostedtoolcache/Python/3.12.4/x64/lib/python3.12/site-packages/selenium/webdriver/support/wait.py:95: TimeoutException",
  "flaky" : false,
  "newFailed" : false,
  "beforeStages" : [ {
    "name" : "main_page_open",
    "time" : {
      "start" : 1723598248870,
      "stop" : 1723598249207,
      "duration" : 337
    },
    "status" : "passed",
    "steps" : [ {
      "name" : "Open page: https://brainup.site/",
      "time" : {
        "start" : 1723598248870,
        "stop" : 1723598249207,
        "duration" : 337
      },
      "status" : "passed",
      "steps" : [ ],
      "attachments" : [ ],
      "parameters" : [ {
        "name" : "driver",
        "value" : "<selenium.webdriver.chrome.webdriver.WebDriver (session=\"3ae8f03bec7c72402b39fb8232b0a97c\")>"
      } ],
      "stepsCount" : 0,
      "attachmentsCount" : 0,
      "shouldDisplayMessage" : false,
      "hasContent" : true
    } ],
    "attachments" : [ ],
    "parameters" : [ ],
    "stepsCount" : 1,
    "attachmentsCount" : 0,
    "shouldDisplayMessage" : false,
    "hasContent" : true
  }, {
    "name" : "clear_allure_results_folder",
    "time" : {
      "start" : 1723596645667,
      "stop" : 1723596645667,
      "duration" : 0
    },
    "status" : "passed",
    "steps" : [ ],
    "attachments" : [ ],
    "parameters" : [ ],
    "stepsCount" : 0,
    "attachmentsCount" : 0,
    "shouldDisplayMessage" : false,
    "hasContent" : false
  }, {
    "name" : "driver",
    "time" : {
      "start" : 1723598248180,
      "stop" : 1723598248869,
      "duration" : 689
    },
    "status" : "passed",
    "steps" : [ ],
    "attachments" : [ ],
    "parameters" : [ ],
    "stepsCount" : 0,
    "attachmentsCount" : 0,
    "shouldDisplayMessage" : false,
    "hasContent" : false
  } ],
  "testStage" : {
    "status" : "broken",
    "statusMessage" : "selenium.common.exceptions.TimeoutException: Message: Can't find element by locator ('xpath', '//a[@href=\"/registration\"]')\nStacktrace:\n#0 0x562b89c2671a <unknown>\n#1 0x562b898f7640 <unknown>\n#2 0x562b89946c0b <unknown>\n#3 0x562b89946ef1 <unknown>\n#4 0x562b8998ab64 <unknown>\n#5 0x562b8996990d <unknown>\n#6 0x562b8998808a <unknown>\n#7 0x562b89969683 <unknown>\n#8 0x562b89939d71 <unknown>\n#9 0x562b8993a7de <unknown>\n#10 0x562b89bee2ab <unknown>\n#11 0x562b89bf2242 <unknown>\n#12 0x562b89bdb665 <unknown>\n#13 0x562b89bf2dd2 <unknown>\n#14 0x562b89bc02af <unknown>\n#15 0x562b89c15eb8 <unknown>\n#16 0x562b89c16090 <unknown>\n#17 0x562b89c254ec <unknown>\n#18 0x7f1228094ac3 <unknown>",
    "statusTrace" : "self = <tests.registration_page_test.TestRegistrationPage object at 0x7f1b83357fe0>\nmain_page_open = None\ndriver = <selenium.webdriver.chrome.webdriver.WebDriver (session=\"3ae8f03bec7c72402b39fb8232b0a97c\")>\n\n    @allure.title('Check registration without choosing agreement')\n    def test_registration_without_choosing_agreement(self, main_page_open, driver):\n        page = RegistrationPage(driver)\n>       page.open_registration_page()\n\ntests/registration_page_test.py:78: \n_ _ _ _ _ _ _ _ _ _ _ _ _ _ _ _ _ _ _ _ _ _ _ _ _ _ _ _ _ _ _ _ _ _ _ _ _ _ _ _ \npages/registration_page.py:15: in open_registration_page\n    self.element_is_present_and_clickable(MainPageLocators.REGISTRATION_BUTTON).click()\npages/base_page.py:33: in element_is_present_and_clickable\n    return (Wait(self.driver, self.timeout).until(\n_ _ _ _ _ _ _ _ _ _ _ _ _ _ _ _ _ _ _ _ _ _ _ _ _ _ _ _ _ _ _ _ _ _ _ _ _ _ _ _ \n\nself = <selenium.webdriver.support.wait.WebDriverWait (session=\"3ae8f03bec7c72402b39fb8232b0a97c\")>\nmethod = <function visibility_of_element_located.<locals>._predicate at 0x7f1b82cb9260>\nmessage = 'Can\\'t find element by locator (\\'xpath\\', \\'//a[@href=\"/registration\"]\\')'\n\n    def until(self, method, message: str = \"\"):\n        \"\"\"Calls the method provided with the driver as an argument until the \\\n        return value does not evaluate to ``False``.\n    \n        :param method: callable(WebDriver)\n        :param message: optional message for :exc:`TimeoutException`\n        :returns: the result of the last call to `method`\n        :raises: :exc:`selenium.common.exceptions.TimeoutException` if timeout occurs\n        \"\"\"\n        screen = None\n        stacktrace = None\n    \n        end_time = time.monotonic() + self._timeout\n        while True:\n            try:\n                value = method(self._driver)\n                if value:\n                    return value\n            except self._ignored_exceptions as exc:\n                screen = getattr(exc, \"screen\", None)\n                stacktrace = getattr(exc, \"stacktrace\", None)\n            time.sleep(self._poll)\n            if time.monotonic() > end_time:\n                break\n>       raise TimeoutException(message, screen, stacktrace)\nE       selenium.common.exceptions.TimeoutException: Message: Can't find element by locator ('xpath', '//a[@href=\"/registration\"]')\nE       Stacktrace:\nE       #0 0x562b89c2671a <unknown>\nE       #1 0x562b898f7640 <unknown>\nE       #2 0x562b89946c0b <unknown>\nE       #3 0x562b89946ef1 <unknown>\nE       #4 0x562b8998ab64 <unknown>\nE       #5 0x562b8996990d <unknown>\nE       #6 0x562b8998808a <unknown>\nE       #7 0x562b89969683 <unknown>\nE       #8 0x562b89939d71 <unknown>\nE       #9 0x562b8993a7de <unknown>\nE       #10 0x562b89bee2ab <unknown>\nE       #11 0x562b89bf2242 <unknown>\nE       #12 0x562b89bdb665 <unknown>\nE       #13 0x562b89bf2dd2 <unknown>\nE       #14 0x562b89bc02af <unknown>\nE       #15 0x562b89c15eb8 <unknown>\nE       #16 0x562b89c16090 <unknown>\nE       #17 0x562b89c254ec <unknown>\nE       #18 0x7f1228094ac3 <unknown>\n\n/opt/hostedtoolcache/Python/3.12.4/x64/lib/python3.12/site-packages/selenium/webdriver/support/wait.py:95: TimeoutException",
    "steps" : [ {
      "name" : "Open registration page",
      "time" : {
        "start" : 1723598249207,
        "stop" : 1723598269660,
        "duration" : 20453
      },
      "status" : "broken",
      "statusMessage" : "selenium.common.exceptions.TimeoutException: Message: Can't find element by locator ('xpath', '//a[@href=\"/registration\"]')\nStacktrace:\n#0 0x562b89c2671a <unknown>\n#1 0x562b898f7640 <unknown>\n#2 0x562b89946c0b <unknown>\n#3 0x562b89946ef1 <unknown>\n#4 0x562b8998ab64 <unknown>\n#5 0x562b8996990d <unknown>\n#6 0x562b8998808a <unknown>\n#7 0x562b89969683 <unknown>\n#8 0x562b89939d71 <unknown>\n#9 0x562b8993a7de <unknown>\n#10 0x562b89bee2ab <unknown>\n#11 0x562b89bf2242 <unknown>\n#12 0x562b89bdb665 <unknown>\n#13 0x562b89bf2dd2 <unknown>\n#14 0x562b89bc02af <unknown>\n#15 0x562b89c15eb8 <unknown>\n#16 0x562b89c16090 <unknown>\n#17 0x562b89c254ec <unknown>\n#18 0x7f1228094ac3 <unknown>\n\n",
      "statusTrace" : "  File \"/opt/hostedtoolcache/Python/3.12.4/x64/lib/python3.12/site-packages/allure_commons/_allure.py\", line 192, in impl\n    return func(*a, **kw)\n           ^^^^^^^^^^^^^^\n  File \"/home/runner/work/auto-tests-python/auto-tests-python/pages/registration_page.py\", line 15, in open_registration_page\n    self.element_is_present_and_clickable(MainPageLocators.REGISTRATION_BUTTON).click()\n    ^^^^^^^^^^^^^^^^^^^^^^^^^^^^^^^^^^^^^^^^^^^^^^^^^^^^^^^^^^^^^^^^^^^^^^^^^^^\n  File \"/home/runner/work/auto-tests-python/auto-tests-python/pages/base_page.py\", line 33, in element_is_present_and_clickable\n    return (Wait(self.driver, self.timeout).until(\n            ^^^^^^^^^^^^^^^^^^^^^^^^^^^^^^^^^^^^^^\n  File \"/opt/hostedtoolcache/Python/3.12.4/x64/lib/python3.12/site-packages/selenium/webdriver/support/wait.py\", line 95, in until\n    raise TimeoutException(message, screen, stacktrace)\n",
      "steps" : [ {
        "name" : "Check element is visible and clickable: ('xpath', '//a[@href=\"/registration\"]')",
        "time" : {
          "start" : 1723598249207,
          "stop" : 1723598269659,
          "duration" : 20452
        },
        "status" : "broken",
        "statusMessage" : "selenium.common.exceptions.TimeoutException: Message: Can't find element by locator ('xpath', '//a[@href=\"/registration\"]')\nStacktrace:\n#0 0x562b89c2671a <unknown>\n#1 0x562b898f7640 <unknown>\n#2 0x562b89946c0b <unknown>\n#3 0x562b89946ef1 <unknown>\n#4 0x562b8998ab64 <unknown>\n#5 0x562b8996990d <unknown>\n#6 0x562b8998808a <unknown>\n#7 0x562b89969683 <unknown>\n#8 0x562b89939d71 <unknown>\n#9 0x562b8993a7de <unknown>\n#10 0x562b89bee2ab <unknown>\n#11 0x562b89bf2242 <unknown>\n#12 0x562b89bdb665 <unknown>\n#13 0x562b89bf2dd2 <unknown>\n#14 0x562b89bc02af <unknown>\n#15 0x562b89c15eb8 <unknown>\n#16 0x562b89c16090 <unknown>\n#17 0x562b89c254ec <unknown>\n#18 0x7f1228094ac3 <unknown>\n\n",
        "statusTrace" : "  File \"/home/runner/work/auto-tests-python/auto-tests-python/pages/base_page.py\", line 33, in element_is_present_and_clickable\n    return (Wait(self.driver, self.timeout).until(\n            ^^^^^^^^^^^^^^^^^^^^^^^^^^^^^^^^^^^^^^\n  File \"/opt/hostedtoolcache/Python/3.12.4/x64/lib/python3.12/site-packages/selenium/webdriver/support/wait.py\", line 95, in until\n    raise TimeoutException(message, screen, stacktrace)\n",
        "steps" : [ ],
        "attachments" : [ ],
        "parameters" : [ ],
        "stepsCount" : 0,
        "attachmentsCount" : 0,
        "shouldDisplayMessage" : true,
        "hasContent" : true
      } ],
      "attachments" : [ ],
      "parameters" : [ ],
      "stepsCount" : 1,
      "attachmentsCount" : 0,
      "shouldDisplayMessage" : false,
      "hasContent" : true
    } ],
    "attachments" : [ {
      "uid" : "2724ed8e032d1295",
      "name" : "Screenshot",
      "source" : "2724ed8e032d1295.png",
      "type" : "image/png",
      "size" : 8588
    }, {
      "uid" : "2dca5fba271b8151",
      "name" : "HTML source",
      "source" : "2dca5fba271b8151.html",
      "type" : "text/html",
      "size" : 39
    } ],
    "parameters" : [ ],
    "stepsCount" : 2,
    "attachmentsCount" : 2,
    "shouldDisplayMessage" : true,
    "hasContent" : true
  },
  "afterStages" : [ {
    "name" : "driver::0",
    "time" : {
      "start" : 1723598269764,
      "stop" : 1723598269911,
      "duration" : 147
    },
    "status" : "passed",
    "steps" : [ ],
    "attachments" : [ {
      "uid" : "eb049ed6da86f505",
      "name" : "Screenshot 2024-08-14 01:17:49.851523",
      "source" : "eb049ed6da86f505.png",
      "type" : "image/png",
      "size" : 8588
    } ],
    "parameters" : [ ],
    "stepsCount" : 0,
    "attachmentsCount" : 1,
    "shouldDisplayMessage" : false,
    "hasContent" : true
  } ],
  "labels" : [ {
    "name" : "epic",
    "value" : "Test Registration Page"
  }, {
    "name" : "parentSuite",
    "value" : "tests"
  }, {
    "name" : "suite",
    "value" : "registration_page_test"
  }, {
    "name" : "subSuite",
    "value" : "TestRegistrationPage"
  }, {
    "name" : "host",
    "value" : "fv-az1200-6"
  }, {
    "name" : "thread",
    "value" : "2287-MainThread"
  }, {
    "name" : "framework",
    "value" : "pytest"
  }, {
    "name" : "language",
    "value" : "cpython3"
  }, {
    "name" : "package",
    "value" : "tests.registration_page_test"
  }, {
    "name" : "resultFormat",
    "value" : "allure2"
  } ],
  "parameters" : [ ],
  "links" : [ ],
  "hidden" : false,
  "retry" : false,
  "extra" : {
    "severity" : "normal",
    "retries" : [ ],
    "categories" : [ {
      "name" : "Test defects",
      "matchedStatuses" : [ ],
      "flaky" : false
    } ],
    "history" : {
      "statistic" : {
        "failed" : 0,
        "broken" : 2,
        "skipped" : 0,
        "passed" : 292,
        "unknown" : 0,
        "total" : 294
      },
      "items" : [ {
        "uid" : "61e0b2b212ec0894",
        "reportUrl" : "https://Brain-up.github.io/auto-tests-python/90//#testresult/61e0b2b212ec0894",
        "status" : "broken",
        "statusDetails" : "selenium.common.exceptions.TimeoutException: Message: Can't find element by locator ('xpath', '//a[@href=\"/registration\"]')\nStacktrace:\n#0 0x55a4c410e71a <unknown>\n#1 0x55a4c3ddf640 <unknown>\n#2 0x55a4c3e2ec0b <unknown>\n#3 0x55a4c3e2eef1 <unknown>\n#4 0x55a4c3e72b64 <unknown>\n#5 0x55a4c3e5190d <unknown>\n#6 0x55a4c3e7008a <unknown>\n#7 0x55a4c3e51683 <unknown>\n#8 0x55a4c3e21d71 <unknown>\n#9 0x55a4c3e227de <unknown>\n#10 0x55a4c40d62ab <unknown>\n#11 0x55a4c40da242 <unknown>\n#12 0x55a4c40c3665 <unknown>\n#13 0x55a4c40dadd2 <unknown>\n#14 0x55a4c40a82af <unknown>\n#15 0x55a4c40fdeb8 <unknown>\n#16 0x55a4c40fe090 <unknown>\n#17 0x55a4c410d4ec <unknown>\n#18 0x7f8a78494ac3 <unknown>",
        "time" : {
          "start" : 1723511926224,
          "stop" : 1723511946687,
          "duration" : 20463
        }
      }, {
        "uid" : "cfe61742cb8a24a1",
        "reportUrl" : "https://Brain-up.github.io/auto-tests-python/194//#testresult/cfe61742cb8a24a1",
        "status" : "passed",
        "time" : {
          "start" : 1723447727897,
          "stop" : 1723447748570,
          "duration" : 20673
        }
      }, {
        "uid" : "afa5b053e97d04bb",
        "reportUrl" : "https://Brain-up.github.io/auto-tests-python/193//#testresult/afa5b053e97d04bb",
        "status" : "passed",
        "time" : {
          "start" : 1723446177497,
          "stop" : 1723446198166,
          "duration" : 20669
        }
      }, {
        "uid" : "42593d3105bfa8c2",
        "reportUrl" : "https://Brain-up.github.io/auto-tests-python/89//#testresult/42593d3105bfa8c2",
        "status" : "passed",
        "time" : {
          "start" : 1723424451183,
          "stop" : 1723424471838,
          "duration" : 20655
        }
      }, {
        "uid" : "8cfc233cf38fa643",
        "reportUrl" : "https://Brain-up.github.io/auto-tests-python/192//#testresult/8cfc233cf38fa643",
        "status" : "passed",
        "time" : {
          "start" : 1723361487530,
          "stop" : 1723361508202,
          "duration" : 20672
        }
      }, {
        "uid" : "1ec716d75677014",
        "reportUrl" : "https://Brain-up.github.io/auto-tests-python/191//#testresult/1ec716d75677014",
        "status" : "passed",
        "time" : {
          "start" : 1723359501138,
          "stop" : 1723359521837,
          "duration" : 20699
        }
      }, {
        "uid" : "89b2f9a16ccc1dce",
        "reportUrl" : "https://Brain-up.github.io/auto-tests-python/191//#testresult/89b2f9a16ccc1dce",
        "status" : "passed",
        "time" : {
          "start" : 1723357822389,
          "stop" : 1723357843098,
          "duration" : 20709
        }
      }, {
        "uid" : "cc7ea9d71c62e774",
        "reportUrl" : "https://Brain-up.github.io/auto-tests-python/88//#testresult/cc7ea9d71c62e774",
        "status" : "passed",
        "time" : {
          "start" : 1723338040753,
          "stop" : 1723338061411,
          "duration" : 20658
        }
      }, {
        "uid" : "6e29286d94fcc957",
        "reportUrl" : "https://Brain-up.github.io/auto-tests-python/190//#testresult/6e29286d94fcc957",
        "status" : "passed",
        "time" : {
          "start" : 1723304758146,
          "stop" : 1723304778809,
          "duration" : 20663
        }
      }, {
        "uid" : "848d447587c84dd0",
        "reportUrl" : "https://Brain-up.github.io/auto-tests-python/189//#testresult/848d447587c84dd0",
        "status" : "passed",
        "time" : {
          "start" : 1723303224480,
          "stop" : 1723303245146,
          "duration" : 20666
        }
      }, {
        "uid" : "4d612eca738d2528",
        "reportUrl" : "https://Brain-up.github.io/auto-tests-python/87//#testresult/4d612eca738d2528",
        "status" : "passed",
        "time" : {
          "start" : 1723251465543,
          "stop" : 1723251486212,
          "duration" : 20669
        }
      }, {
        "uid" : "b25057c101027cb",
        "reportUrl" : "https://Brain-up.github.io/auto-tests-python/188//#testresult/b25057c101027cb",
        "status" : "passed",
        "time" : {
          "start" : 1723188687275,
          "stop" : 1723188707946,
          "duration" : 20671
        }
      }, {
        "uid" : "4b75b1eeed9f53f",
        "reportUrl" : "https://Brain-up.github.io/auto-tests-python/187//#testresult/4b75b1eeed9f53f",
        "status" : "passed",
        "time" : {
          "start" : 1723187366671,
          "stop" : 1723187387354,
          "duration" : 20683
        }
      }, {
        "uid" : "133150b749a717e4",
        "reportUrl" : "https://Brain-up.github.io/auto-tests-python/86//#testresult/133150b749a717e4",
        "status" : "passed",
        "time" : {
          "start" : 1723165090330,
          "stop" : 1723165110974,
          "duration" : 20644
        }
      }, {
        "uid" : "aa8e72ac3c778f29",
        "reportUrl" : "https://Brain-up.github.io/auto-tests-python/186//#testresult/aa8e72ac3c778f29",
        "status" : "passed",
        "time" : {
          "start" : 1723103356280,
          "stop" : 1723103376939,
          "duration" : 20659
        }
      }, {
        "uid" : "cb339eb97c0965ad",
        "reportUrl" : "https://Brain-up.github.io/auto-tests-python/185//#testresult/cb339eb97c0965ad",
        "status" : "passed",
        "time" : {
          "start" : 1723101586495,
          "stop" : 1723101607156,
          "duration" : 20661
        }
      }, {
        "uid" : "8c84011411c79c2e",
        "reportUrl" : "https://Brain-up.github.io/auto-tests-python/85//#testresult/8c84011411c79c2e",
        "status" : "passed",
        "time" : {
          "start" : 1723078785846,
          "stop" : 1723078806559,
          "duration" : 20713
        }
      }, {
        "uid" : "a94b8812c10e6552",
        "reportUrl" : "https://Brain-up.github.io/auto-tests-python/184//#testresult/a94b8812c10e6552",
        "status" : "passed",
        "time" : {
          "start" : 1723019603010,
          "stop" : 1723019623750,
          "duration" : 20740
        }
      }, {
        "uid" : "ad4abd63308ec6f4",
        "reportUrl" : "https://Brain-up.github.io/auto-tests-python/183//#testresult/ad4abd63308ec6f4",
        "status" : "passed",
        "time" : {
          "start" : 1723017891599,
          "stop" : 1723017912270,
          "duration" : 20671
        }
      }, {
        "uid" : "4e8f3d2e0a1448ee",
        "reportUrl" : "https://Brain-up.github.io/auto-tests-python/182//#testresult/4e8f3d2e0a1448ee",
        "status" : "passed",
        "time" : {
          "start" : 1723016255073,
          "stop" : 1723016275737,
          "duration" : 20664
        }
      } ]
    },
    "tags" : [ ]
  },
  "source" : "4b91c6693fc83552.json",
  "parameterValues" : [ ]
}