{
  "uid" : "6bc128a75b9cdfe9",
  "name" : "Change the password by receiving an email link",
  "fullName" : "tests.profile_page_test.TestProfilePage#test_change_password",
  "historyId" : "9957e716460bffae2f2d96bf28fa1581",
  "time" : {
    "start" : 1723598053553,
    "stop" : 1723598074016,
    "duration" : 20463
  },
  "status" : "broken",
  "statusMessage" : "selenium.common.exceptions.TimeoutException: Message: Can't find element by locator ('xpath', '//section//a')\nStacktrace:\n#0 0x56034528071a <unknown>\n#1 0x560344f51640 <unknown>\n#2 0x560344fa0c0b <unknown>\n#3 0x560344fa0ef1 <unknown>\n#4 0x560344fe4b64 <unknown>\n#5 0x560344fc390d <unknown>\n#6 0x560344fe208a <unknown>\n#7 0x560344fc3683 <unknown>\n#8 0x560344f93d71 <unknown>\n#9 0x560344f947de <unknown>\n#10 0x5603452482ab <unknown>\n#11 0x56034524c242 <unknown>\n#12 0x560345235665 <unknown>\n#13 0x56034524cdd2 <unknown>\n#14 0x56034521a2af <unknown>\n#15 0x56034526feb8 <unknown>\n#16 0x560345270090 <unknown>\n#17 0x56034527f4ec <unknown>\n#18 0x7fcab1494ac3 <unknown>",
  "statusTrace" : "self = <tests.profile_page_test.TestProfilePage object at 0x7f1b83356420>\ndriver = <selenium.webdriver.chrome.webdriver.WebDriver (session=\"2533f677aed5a7f4b383a99fed2e6f2b\")>\nmain_page_open = None\n\n    @allure.title(\"Change the password by receiving an email link\")\n    def test_change_password(self, driver, main_page_open):\n        page = ProfilePage(driver)\n>       page.open_login_page()\n\ntests/profile_page_test.py:14: \n_ _ _ _ _ _ _ _ _ _ _ _ _ _ _ _ _ _ _ _ _ _ _ _ _ _ _ _ _ _ _ _ _ _ _ _ _ _ _ _ \npages/profile_page.py:53: in open_login_page\n    self.element_is_present_and_clickable(StartUnauthorizedPageLocators.SECTION_1_LINK_LOGIN).click()\npages/base_page.py:33: in element_is_present_and_clickable\n    return (Wait(self.driver, self.timeout).until(\n_ _ _ _ _ _ _ _ _ _ _ _ _ _ _ _ _ _ _ _ _ _ _ _ _ _ _ _ _ _ _ _ _ _ _ _ _ _ _ _ \n\nself = <selenium.webdriver.support.wait.WebDriverWait (session=\"2533f677aed5a7f4b383a99fed2e6f2b\")>\nmethod = <function visibility_of_element_located.<locals>._predicate at 0x7f1b82cb8400>\nmessage = \"Can't find element by locator ('xpath', '//section//a')\"\n\n    def until(self, method, message: str = \"\"):\n        \"\"\"Calls the method provided with the driver as an argument until the \\\n        return value does not evaluate to ``False``.\n    \n        :param method: callable(WebDriver)\n        :param message: optional message for :exc:`TimeoutException`\n        :returns: the result of the last call to `method`\n        :raises: :exc:`selenium.common.exceptions.TimeoutException` if timeout occurs\n        \"\"\"\n        screen = None\n        stacktrace = None\n    \n        end_time = time.monotonic() + self._timeout\n        while True:\n            try:\n                value = method(self._driver)\n                if value:\n                    return value\n            except self._ignored_exceptions as exc:\n                screen = getattr(exc, \"screen\", None)\n                stacktrace = getattr(exc, \"stacktrace\", None)\n            time.sleep(self._poll)\n            if time.monotonic() > end_time:\n                break\n>       raise TimeoutException(message, screen, stacktrace)\nE       selenium.common.exceptions.TimeoutException: Message: Can't find element by locator ('xpath', '//section//a')\nE       Stacktrace:\nE       #0 0x56034528071a <unknown>\nE       #1 0x560344f51640 <unknown>\nE       #2 0x560344fa0c0b <unknown>\nE       #3 0x560344fa0ef1 <unknown>\nE       #4 0x560344fe4b64 <unknown>\nE       #5 0x560344fc390d <unknown>\nE       #6 0x560344fe208a <unknown>\nE       #7 0x560344fc3683 <unknown>\nE       #8 0x560344f93d71 <unknown>\nE       #9 0x560344f947de <unknown>\nE       #10 0x5603452482ab <unknown>\nE       #11 0x56034524c242 <unknown>\nE       #12 0x560345235665 <unknown>\nE       #13 0x56034524cdd2 <unknown>\nE       #14 0x56034521a2af <unknown>\nE       #15 0x56034526feb8 <unknown>\nE       #16 0x560345270090 <unknown>\nE       #17 0x56034527f4ec <unknown>\nE       #18 0x7fcab1494ac3 <unknown>\n\n/opt/hostedtoolcache/Python/3.12.4/x64/lib/python3.12/site-packages/selenium/webdriver/support/wait.py:95: TimeoutException",
  "flaky" : false,
  "newFailed" : false,
  "beforeStages" : [ {
    "name" : "main_page_open",
    "time" : {
      "start" : 1723598053212,
      "stop" : 1723598053553,
      "duration" : 341
    },
    "status" : "passed",
    "steps" : [ {
      "name" : "Open page: https://brainup.site/",
      "time" : {
        "start" : 1723598053212,
        "stop" : 1723598053553,
        "duration" : 341
      },
      "status" : "passed",
      "steps" : [ ],
      "attachments" : [ ],
      "parameters" : [ {
        "name" : "driver",
        "value" : "<selenium.webdriver.chrome.webdriver.WebDriver (session=\"2533f677aed5a7f4b383a99fed2e6f2b\")>"
      } ],
      "stepsCount" : 0,
      "attachmentsCount" : 0,
      "shouldDisplayMessage" : false,
      "hasContent" : true
    } ],
    "attachments" : [ ],
    "parameters" : [ ],
    "stepsCount" : 1,
    "attachmentsCount" : 0,
    "shouldDisplayMessage" : false,
    "hasContent" : true
  }, {
    "name" : "clear_allure_results_folder",
    "time" : {
      "start" : 1723596645667,
      "stop" : 1723596645667,
      "duration" : 0
    },
    "status" : "passed",
    "steps" : [ ],
    "attachments" : [ ],
    "parameters" : [ ],
    "stepsCount" : 0,
    "attachmentsCount" : 0,
    "shouldDisplayMessage" : false,
    "hasContent" : false
  }, {
    "name" : "driver",
    "time" : {
      "start" : 1723598052520,
      "stop" : 1723598053211,
      "duration" : 691
    },
    "status" : "passed",
    "steps" : [ ],
    "attachments" : [ ],
    "parameters" : [ ],
    "stepsCount" : 0,
    "attachmentsCount" : 0,
    "shouldDisplayMessage" : false,
    "hasContent" : false
  } ],
  "testStage" : {
    "status" : "broken",
    "statusMessage" : "selenium.common.exceptions.TimeoutException: Message: Can't find element by locator ('xpath', '//section//a')\nStacktrace:\n#0 0x56034528071a <unknown>\n#1 0x560344f51640 <unknown>\n#2 0x560344fa0c0b <unknown>\n#3 0x560344fa0ef1 <unknown>\n#4 0x560344fe4b64 <unknown>\n#5 0x560344fc390d <unknown>\n#6 0x560344fe208a <unknown>\n#7 0x560344fc3683 <unknown>\n#8 0x560344f93d71 <unknown>\n#9 0x560344f947de <unknown>\n#10 0x5603452482ab <unknown>\n#11 0x56034524c242 <unknown>\n#12 0x560345235665 <unknown>\n#13 0x56034524cdd2 <unknown>\n#14 0x56034521a2af <unknown>\n#15 0x56034526feb8 <unknown>\n#16 0x560345270090 <unknown>\n#17 0x56034527f4ec <unknown>\n#18 0x7fcab1494ac3 <unknown>",
    "statusTrace" : "self = <tests.profile_page_test.TestProfilePage object at 0x7f1b83356420>\ndriver = <selenium.webdriver.chrome.webdriver.WebDriver (session=\"2533f677aed5a7f4b383a99fed2e6f2b\")>\nmain_page_open = None\n\n    @allure.title(\"Change the password by receiving an email link\")\n    def test_change_password(self, driver, main_page_open):\n        page = ProfilePage(driver)\n>       page.open_login_page()\n\ntests/profile_page_test.py:14: \n_ _ _ _ _ _ _ _ _ _ _ _ _ _ _ _ _ _ _ _ _ _ _ _ _ _ _ _ _ _ _ _ _ _ _ _ _ _ _ _ \npages/profile_page.py:53: in open_login_page\n    self.element_is_present_and_clickable(StartUnauthorizedPageLocators.SECTION_1_LINK_LOGIN).click()\npages/base_page.py:33: in element_is_present_and_clickable\n    return (Wait(self.driver, self.timeout).until(\n_ _ _ _ _ _ _ _ _ _ _ _ _ _ _ _ _ _ _ _ _ _ _ _ _ _ _ _ _ _ _ _ _ _ _ _ _ _ _ _ \n\nself = <selenium.webdriver.support.wait.WebDriverWait (session=\"2533f677aed5a7f4b383a99fed2e6f2b\")>\nmethod = <function visibility_of_element_located.<locals>._predicate at 0x7f1b82cb8400>\nmessage = \"Can't find element by locator ('xpath', '//section//a')\"\n\n    def until(self, method, message: str = \"\"):\n        \"\"\"Calls the method provided with the driver as an argument until the \\\n        return value does not evaluate to ``False``.\n    \n        :param method: callable(WebDriver)\n        :param message: optional message for :exc:`TimeoutException`\n        :returns: the result of the last call to `method`\n        :raises: :exc:`selenium.common.exceptions.TimeoutException` if timeout occurs\n        \"\"\"\n        screen = None\n        stacktrace = None\n    \n        end_time = time.monotonic() + self._timeout\n        while True:\n            try:\n                value = method(self._driver)\n                if value:\n                    return value\n            except self._ignored_exceptions as exc:\n                screen = getattr(exc, \"screen\", None)\n                stacktrace = getattr(exc, \"stacktrace\", None)\n            time.sleep(self._poll)\n            if time.monotonic() > end_time:\n                break\n>       raise TimeoutException(message, screen, stacktrace)\nE       selenium.common.exceptions.TimeoutException: Message: Can't find element by locator ('xpath', '//section//a')\nE       Stacktrace:\nE       #0 0x56034528071a <unknown>\nE       #1 0x560344f51640 <unknown>\nE       #2 0x560344fa0c0b <unknown>\nE       #3 0x560344fa0ef1 <unknown>\nE       #4 0x560344fe4b64 <unknown>\nE       #5 0x560344fc390d <unknown>\nE       #6 0x560344fe208a <unknown>\nE       #7 0x560344fc3683 <unknown>\nE       #8 0x560344f93d71 <unknown>\nE       #9 0x560344f947de <unknown>\nE       #10 0x5603452482ab <unknown>\nE       #11 0x56034524c242 <unknown>\nE       #12 0x560345235665 <unknown>\nE       #13 0x56034524cdd2 <unknown>\nE       #14 0x56034521a2af <unknown>\nE       #15 0x56034526feb8 <unknown>\nE       #16 0x560345270090 <unknown>\nE       #17 0x56034527f4ec <unknown>\nE       #18 0x7fcab1494ac3 <unknown>\n\n/opt/hostedtoolcache/Python/3.12.4/x64/lib/python3.12/site-packages/selenium/webdriver/support/wait.py:95: TimeoutException",
    "steps" : [ {
      "name" : "Open login page",
      "time" : {
        "start" : 1723598053553,
        "stop" : 1723598074016,
        "duration" : 20463
      },
      "status" : "broken",
      "statusMessage" : "selenium.common.exceptions.TimeoutException: Message: Can't find element by locator ('xpath', '//section//a')\nStacktrace:\n#0 0x56034528071a <unknown>\n#1 0x560344f51640 <unknown>\n#2 0x560344fa0c0b <unknown>\n#3 0x560344fa0ef1 <unknown>\n#4 0x560344fe4b64 <unknown>\n#5 0x560344fc390d <unknown>\n#6 0x560344fe208a <unknown>\n#7 0x560344fc3683 <unknown>\n#8 0x560344f93d71 <unknown>\n#9 0x560344f947de <unknown>\n#10 0x5603452482ab <unknown>\n#11 0x56034524c242 <unknown>\n#12 0x560345235665 <unknown>\n#13 0x56034524cdd2 <unknown>\n#14 0x56034521a2af <unknown>\n#15 0x56034526feb8 <unknown>\n#16 0x560345270090 <unknown>\n#17 0x56034527f4ec <unknown>\n#18 0x7fcab1494ac3 <unknown>\n\n",
      "statusTrace" : "  File \"/opt/hostedtoolcache/Python/3.12.4/x64/lib/python3.12/site-packages/allure_commons/_allure.py\", line 192, in impl\n    return func(*a, **kw)\n           ^^^^^^^^^^^^^^\n  File \"/home/runner/work/auto-tests-python/auto-tests-python/pages/profile_page.py\", line 53, in open_login_page\n    self.element_is_present_and_clickable(StartUnauthorizedPageLocators.SECTION_1_LINK_LOGIN).click()\n    ^^^^^^^^^^^^^^^^^^^^^^^^^^^^^^^^^^^^^^^^^^^^^^^^^^^^^^^^^^^^^^^^^^^^^^^^^^^^^^^^^^^^^^^^^\n  File \"/home/runner/work/auto-tests-python/auto-tests-python/pages/base_page.py\", line 33, in element_is_present_and_clickable\n    return (Wait(self.driver, self.timeout).until(\n            ^^^^^^^^^^^^^^^^^^^^^^^^^^^^^^^^^^^^^^\n  File \"/opt/hostedtoolcache/Python/3.12.4/x64/lib/python3.12/site-packages/selenium/webdriver/support/wait.py\", line 95, in until\n    raise TimeoutException(message, screen, stacktrace)\n",
      "steps" : [ {
        "name" : "Check element is visible and clickable: ('xpath', '//section//a')",
        "time" : {
          "start" : 1723598053553,
          "stop" : 1723598074016,
          "duration" : 20463
        },
        "status" : "broken",
        "statusMessage" : "selenium.common.exceptions.TimeoutException: Message: Can't find element by locator ('xpath', '//section//a')\nStacktrace:\n#0 0x56034528071a <unknown>\n#1 0x560344f51640 <unknown>\n#2 0x560344fa0c0b <unknown>\n#3 0x560344fa0ef1 <unknown>\n#4 0x560344fe4b64 <unknown>\n#5 0x560344fc390d <unknown>\n#6 0x560344fe208a <unknown>\n#7 0x560344fc3683 <unknown>\n#8 0x560344f93d71 <unknown>\n#9 0x560344f947de <unknown>\n#10 0x5603452482ab <unknown>\n#11 0x56034524c242 <unknown>\n#12 0x560345235665 <unknown>\n#13 0x56034524cdd2 <unknown>\n#14 0x56034521a2af <unknown>\n#15 0x56034526feb8 <unknown>\n#16 0x560345270090 <unknown>\n#17 0x56034527f4ec <unknown>\n#18 0x7fcab1494ac3 <unknown>\n\n",
        "statusTrace" : "  File \"/home/runner/work/auto-tests-python/auto-tests-python/pages/base_page.py\", line 33, in element_is_present_and_clickable\n    return (Wait(self.driver, self.timeout).until(\n            ^^^^^^^^^^^^^^^^^^^^^^^^^^^^^^^^^^^^^^\n  File \"/opt/hostedtoolcache/Python/3.12.4/x64/lib/python3.12/site-packages/selenium/webdriver/support/wait.py\", line 95, in until\n    raise TimeoutException(message, screen, stacktrace)\n",
        "steps" : [ ],
        "attachments" : [ ],
        "parameters" : [ ],
        "stepsCount" : 0,
        "attachmentsCount" : 0,
        "shouldDisplayMessage" : true,
        "hasContent" : true
      } ],
      "attachments" : [ ],
      "parameters" : [ ],
      "stepsCount" : 1,
      "attachmentsCount" : 0,
      "shouldDisplayMessage" : false,
      "hasContent" : true
    } ],
    "attachments" : [ {
      "uid" : "66c1324ec30ce53f",
      "name" : "Screenshot",
      "source" : "66c1324ec30ce53f.png",
      "type" : "image/png",
      "size" : 8588
    }, {
      "uid" : "969b5011cb4372e0",
      "name" : "HTML source",
      "source" : "969b5011cb4372e0.html",
      "type" : "text/html",
      "size" : 39
    } ],
    "parameters" : [ ],
    "stepsCount" : 2,
    "attachmentsCount" : 2,
    "shouldDisplayMessage" : true,
    "hasContent" : true
  },
  "afterStages" : [ {
    "name" : "driver::0",
    "time" : {
      "start" : 1723598074122,
      "stop" : 1723598074268,
      "duration" : 146
    },
    "status" : "passed",
    "steps" : [ ],
    "attachments" : [ {
      "uid" : "f56576b7afaff67c",
      "name" : "Screenshot 2024-08-14 01:14:34.209138",
      "source" : "f56576b7afaff67c.png",
      "type" : "image/png",
      "size" : 8588
    } ],
    "parameters" : [ ],
    "stepsCount" : 0,
    "attachmentsCount" : 1,
    "shouldDisplayMessage" : false,
    "hasContent" : true
  } ],
  "labels" : [ {
    "name" : "epic",
    "value" : "Test Profile Page"
  }, {
    "name" : "parentSuite",
    "value" : "tests"
  }, {
    "name" : "suite",
    "value" : "profile_page_test"
  }, {
    "name" : "subSuite",
    "value" : "TestProfilePage"
  }, {
    "name" : "host",
    "value" : "fv-az1200-6"
  }, {
    "name" : "thread",
    "value" : "2287-MainThread"
  }, {
    "name" : "framework",
    "value" : "pytest"
  }, {
    "name" : "language",
    "value" : "cpython3"
  }, {
    "name" : "package",
    "value" : "tests.profile_page_test"
  }, {
    "name" : "resultFormat",
    "value" : "allure2"
  } ],
  "parameters" : [ ],
  "links" : [ ],
  "hidden" : false,
  "retry" : false,
  "extra" : {
    "severity" : "normal",
    "retries" : [ ],
    "categories" : [ {
      "name" : "Test defects",
      "matchedStatuses" : [ ],
      "flaky" : false
    } ],
    "history" : {
      "statistic" : {
        "failed" : 0,
        "broken" : 11,
        "skipped" : 0,
        "passed" : 283,
        "unknown" : 0,
        "total" : 294
      },
      "items" : [ {
        "uid" : "aa1b4497b55d489",
        "reportUrl" : "https://Brain-up.github.io/auto-tests-python/90//#testresult/aa1b4497b55d489",
        "status" : "broken",
        "statusDetails" : "selenium.common.exceptions.TimeoutException: Message: Can't find element by locator ('xpath', '//section//a')\nStacktrace:\n#0 0x56150fa7771a <unknown>\n#1 0x56150f748640 <unknown>\n#2 0x56150f797c0b <unknown>\n#3 0x56150f797ef1 <unknown>\n#4 0x56150f7dbb64 <unknown>\n#5 0x56150f7ba90d <unknown>\n#6 0x56150f7d908a <unknown>\n#7 0x56150f7ba683 <unknown>\n#8 0x56150f78ad71 <unknown>\n#9 0x56150f78b7de <unknown>\n#10 0x56150fa3f2ab <unknown>\n#11 0x56150fa43242 <unknown>\n#12 0x56150fa2c665 <unknown>\n#13 0x56150fa43dd2 <unknown>\n#14 0x56150fa112af <unknown>\n#15 0x56150fa66eb8 <unknown>\n#16 0x56150fa67090 <unknown>\n#17 0x56150fa764ec <unknown>\n#18 0x7f018b894ac3 <unknown>",
        "time" : {
          "start" : 1723511729050,
          "stop" : 1723511749508,
          "duration" : 20458
        }
      }, {
        "uid" : "2eeb0e8844472c87",
        "reportUrl" : "https://Brain-up.github.io/auto-tests-python/194//#testresult/2eeb0e8844472c87",
        "status" : "passed",
        "time" : {
          "start" : 1723447663925,
          "stop" : 1723447675289,
          "duration" : 11364
        }
      }, {
        "uid" : "d41d3b8edfa5f2e3",
        "reportUrl" : "https://Brain-up.github.io/auto-tests-python/193//#testresult/d41d3b8edfa5f2e3",
        "status" : "passed",
        "time" : {
          "start" : 1723446113023,
          "stop" : 1723446124208,
          "duration" : 11185
        }
      }, {
        "uid" : "ab2a15982c864284",
        "reportUrl" : "https://Brain-up.github.io/auto-tests-python/89//#testresult/ab2a15982c864284",
        "status" : "passed",
        "time" : {
          "start" : 1723424384654,
          "stop" : 1723424396910,
          "duration" : 12256
        }
      }, {
        "uid" : "4db35dc6c73c7685",
        "reportUrl" : "https://Brain-up.github.io/auto-tests-python/192//#testresult/4db35dc6c73c7685",
        "status" : "passed",
        "time" : {
          "start" : 1723361434479,
          "stop" : 1723361445778,
          "duration" : 11299
        }
      }, {
        "uid" : "32c323610e4193c7",
        "reportUrl" : "https://Brain-up.github.io/auto-tests-python/191//#testresult/32c323610e4193c7",
        "status" : "passed",
        "time" : {
          "start" : 1723359449450,
          "stop" : 1723359460647,
          "duration" : 11197
        }
      }, {
        "uid" : "3c118e0c644000cf",
        "reportUrl" : "https://Brain-up.github.io/auto-tests-python/191//#testresult/3c118e0c644000cf",
        "status" : "broken",
        "statusDetails" : "selenium.common.exceptions.TimeoutException: Message: Can't find element by locator ('xpath', '//a[@href=\"/password-recovery\"]')\nStacktrace:\n#0 0x557dae2d871a <unknown>\n#1 0x557dadfa9640 <unknown>\n#2 0x557dadff8c0b <unknown>\n#3 0x557dadff8ef1 <unknown>\n#4 0x557dae03cb64 <unknown>\n#5 0x557dae01b90d <unknown>\n#6 0x557dae03a08a <unknown>\n#7 0x557dae01b683 <unknown>\n#8 0x557dadfebd71 <unknown>\n#9 0x557dadfec7de <unknown>\n#10 0x557dae2a02ab <unknown>\n#11 0x557dae2a4242 <unknown>\n#12 0x557dae28d665 <unknown>\n#13 0x557dae2a4dd2 <unknown>\n#14 0x557dae2722af <unknown>\n#15 0x557dae2c7eb8 <unknown>\n#16 0x557dae2c8090 <unknown>\n#17 0x557dae2d74ec <unknown>\n#18 0x7f30c5694ac3 <unknown>",
        "time" : {
          "start" : 1723357775403,
          "stop" : 1723357779929,
          "duration" : 4526
        }
      }, {
        "uid" : "3e7b47577b2bd679",
        "reportUrl" : "https://Brain-up.github.io/auto-tests-python/88//#testresult/3e7b47577b2bd679",
        "status" : "passed",
        "time" : {
          "start" : 1723337986744,
          "stop" : 1723337996791,
          "duration" : 10047
        }
      }, {
        "uid" : "3135f45bea40d762",
        "reportUrl" : "https://Brain-up.github.io/auto-tests-python/190//#testresult/3135f45bea40d762",
        "status" : "passed",
        "time" : {
          "start" : 1723304705623,
          "stop" : 1723304717510,
          "duration" : 11887
        }
      }, {
        "uid" : "f68b540f70a2e5e2",
        "reportUrl" : "https://Brain-up.github.io/auto-tests-python/189//#testresult/f68b540f70a2e5e2",
        "status" : "passed",
        "time" : {
          "start" : 1723303172344,
          "stop" : 1723303184025,
          "duration" : 11681
        }
      }, {
        "uid" : "aec561a52faf6cec",
        "reportUrl" : "https://Brain-up.github.io/auto-tests-python/87//#testresult/aec561a52faf6cec",
        "status" : "passed",
        "time" : {
          "start" : 1723251411715,
          "stop" : 1723251423068,
          "duration" : 11353
        }
      }, {
        "uid" : "1d80e42412a44fe4",
        "reportUrl" : "https://Brain-up.github.io/auto-tests-python/188//#testresult/1d80e42412a44fe4",
        "status" : "passed",
        "time" : {
          "start" : 1723188632739,
          "stop" : 1723188644157,
          "duration" : 11418
        }
      }, {
        "uid" : "19760af7021a166b",
        "reportUrl" : "https://Brain-up.github.io/auto-tests-python/187//#testresult/19760af7021a166b",
        "status" : "passed",
        "time" : {
          "start" : 1723187316620,
          "stop" : 1723187326929,
          "duration" : 10309
        }
      }, {
        "uid" : "420b5484e2e147d5",
        "reportUrl" : "https://Brain-up.github.io/auto-tests-python/86//#testresult/420b5484e2e147d5",
        "status" : "passed",
        "time" : {
          "start" : 1723165039023,
          "stop" : 1723165049686,
          "duration" : 10663
        }
      }, {
        "uid" : "1deec53593b8d169",
        "reportUrl" : "https://Brain-up.github.io/auto-tests-python/186//#testresult/1deec53593b8d169",
        "status" : "passed",
        "time" : {
          "start" : 1723103301056,
          "stop" : 1723103312690,
          "duration" : 11634
        }
      }, {
        "uid" : "1affb0b0bbcfdcbe",
        "reportUrl" : "https://Brain-up.github.io/auto-tests-python/185//#testresult/1affb0b0bbcfdcbe",
        "status" : "passed",
        "time" : {
          "start" : 1723101533769,
          "stop" : 1723101545076,
          "duration" : 11307
        }
      }, {
        "uid" : "ca3ddee5fb2f77bc",
        "reportUrl" : "https://Brain-up.github.io/auto-tests-python/85//#testresult/ca3ddee5fb2f77bc",
        "status" : "passed",
        "time" : {
          "start" : 1723078723165,
          "stop" : 1723078735001,
          "duration" : 11836
        }
      }, {
        "uid" : "985869a8450da6b2",
        "reportUrl" : "https://Brain-up.github.io/auto-tests-python/184//#testresult/985869a8450da6b2",
        "status" : "passed",
        "time" : {
          "start" : 1723019545525,
          "stop" : 1723019557325,
          "duration" : 11800
        }
      }, {
        "uid" : "5a57801e258739f",
        "reportUrl" : "https://Brain-up.github.io/auto-tests-python/183//#testresult/5a57801e258739f",
        "status" : "passed",
        "time" : {
          "start" : 1723017827530,
          "stop" : 1723017839045,
          "duration" : 11515
        }
      }, {
        "uid" : "fbfaa495933ba660",
        "reportUrl" : "https://Brain-up.github.io/auto-tests-python/182//#testresult/fbfaa495933ba660",
        "status" : "passed",
        "time" : {
          "start" : 1723016203059,
          "stop" : 1723016214632,
          "duration" : 11573
        }
      } ]
    },
    "tags" : [ ]
  },
  "source" : "6bc128a75b9cdfe9.json",
  "parameterValues" : [ ]
}