{
  "uid" : "86a6d612e5eac249",
  "name" : "Verify text in card links and the 'All Team' link",
  "fullName" : "tests.contributors_page_test.TestContributorsPageText#test_cnp_02_05_verify_text_in_card_links",
  "historyId" : "9150555d641b04e0f158b79bfaae40fd",
  "time" : {
    "start" : 1723597097862,
    "stop" : 1723597118097,
    "duration" : 20235
  },
  "status" : "broken",
  "statusMessage" : "selenium.common.exceptions.TimeoutException: Message: Can't find elements by locator ('css selector', 'a.mb-1')",
  "statusTrace" : "self = <tests.contributors_page_test.TestContributorsPage.TestContributorsPageText object at 0x7f1b833cce00>\ndriver = <selenium.webdriver.chrome.webdriver.WebDriver (session=\"137f02c188903185b3289a327cd477de\")>\ncontributors_page_open = None\n\n    @allure.title(\"Verify text in card links and the 'All Team' link\")\n    def test_cnp_02_05_verify_text_in_card_links(self, driver, contributors_page_open):\n        page = ContributorsPage(driver)\n>       card_links_text = page.check_text_in_card_links()\n\ntests/contributors_page_test.py:106: \n_ _ _ _ _ _ _ _ _ _ _ _ _ _ _ _ _ _ _ _ _ _ _ _ _ _ _ _ _ _ _ _ _ _ _ _ _ _ _ _ \npages/contributors_page.py:140: in check_text_in_card_links\n    values = [link.text for link in self.elements_are_present(self.locators.CARD_LINKS)]\npages/base_page.py:61: in elements_are_present\n    return Wait(self.driver, self.timeout).until(\n_ _ _ _ _ _ _ _ _ _ _ _ _ _ _ _ _ _ _ _ _ _ _ _ _ _ _ _ _ _ _ _ _ _ _ _ _ _ _ _ \n\nself = <selenium.webdriver.support.wait.WebDriverWait (session=\"137f02c188903185b3289a327cd477de\")>\nmethod = <function presence_of_all_elements_located.<locals>._predicate at 0x7f1b82e65a80>\nmessage = \"Can't find elements by locator ('css selector', 'a.mb-1')\"\n\n    def until(self, method, message: str = \"\"):\n        \"\"\"Calls the method provided with the driver as an argument until the \\\n        return value does not evaluate to ``False``.\n    \n        :param method: callable(WebDriver)\n        :param message: optional message for :exc:`TimeoutException`\n        :returns: the result of the last call to `method`\n        :raises: :exc:`selenium.common.exceptions.TimeoutException` if timeout occurs\n        \"\"\"\n        screen = None\n        stacktrace = None\n    \n        end_time = time.monotonic() + self._timeout\n        while True:\n            try:\n                value = method(self._driver)\n                if value:\n                    return value\n            except self._ignored_exceptions as exc:\n                screen = getattr(exc, \"screen\", None)\n                stacktrace = getattr(exc, \"stacktrace\", None)\n            time.sleep(self._poll)\n            if time.monotonic() > end_time:\n                break\n>       raise TimeoutException(message, screen, stacktrace)\nE       selenium.common.exceptions.TimeoutException: Message: Can't find elements by locator ('css selector', 'a.mb-1')\n\n/opt/hostedtoolcache/Python/3.12.4/x64/lib/python3.12/site-packages/selenium/webdriver/support/wait.py:95: TimeoutException",
  "flaky" : false,
  "newFailed" : false,
  "beforeStages" : [ {
    "name" : "clear_allure_results_folder",
    "time" : {
      "start" : 1723596645667,
      "stop" : 1723596645667,
      "duration" : 0
    },
    "status" : "passed",
    "steps" : [ ],
    "attachments" : [ ],
    "parameters" : [ ],
    "stepsCount" : 0,
    "attachmentsCount" : 0,
    "shouldDisplayMessage" : false,
    "hasContent" : false
  }, {
    "name" : "contributors_page_open",
    "time" : {
      "start" : 1723597097517,
      "stop" : 1723597097862,
      "duration" : 345
    },
    "status" : "passed",
    "steps" : [ {
      "name" : "Open page: https://brainup.site/contributors",
      "time" : {
        "start" : 1723597097517,
        "stop" : 1723597097862,
        "duration" : 345
      },
      "status" : "passed",
      "steps" : [ ],
      "attachments" : [ ],
      "parameters" : [ {
        "name" : "driver",
        "value" : "<selenium.webdriver.chrome.webdriver.WebDriver (session=\"137f02c188903185b3289a327cd477de\")>"
      } ],
      "stepsCount" : 0,
      "attachmentsCount" : 0,
      "shouldDisplayMessage" : false,
      "hasContent" : true
    } ],
    "attachments" : [ ],
    "parameters" : [ ],
    "stepsCount" : 1,
    "attachmentsCount" : 0,
    "shouldDisplayMessage" : false,
    "hasContent" : true
  }, {
    "name" : "driver",
    "time" : {
      "start" : 1723597096826,
      "stop" : 1723597097517,
      "duration" : 691
    },
    "status" : "passed",
    "steps" : [ ],
    "attachments" : [ ],
    "parameters" : [ ],
    "stepsCount" : 0,
    "attachmentsCount" : 0,
    "shouldDisplayMessage" : false,
    "hasContent" : false
  } ],
  "testStage" : {
    "status" : "broken",
    "statusMessage" : "selenium.common.exceptions.TimeoutException: Message: Can't find elements by locator ('css selector', 'a.mb-1')",
    "statusTrace" : "self = <tests.contributors_page_test.TestContributorsPage.TestContributorsPageText object at 0x7f1b833cce00>\ndriver = <selenium.webdriver.chrome.webdriver.WebDriver (session=\"137f02c188903185b3289a327cd477de\")>\ncontributors_page_open = None\n\n    @allure.title(\"Verify text in card links and the 'All Team' link\")\n    def test_cnp_02_05_verify_text_in_card_links(self, driver, contributors_page_open):\n        page = ContributorsPage(driver)\n>       card_links_text = page.check_text_in_card_links()\n\ntests/contributors_page_test.py:106: \n_ _ _ _ _ _ _ _ _ _ _ _ _ _ _ _ _ _ _ _ _ _ _ _ _ _ _ _ _ _ _ _ _ _ _ _ _ _ _ _ \npages/contributors_page.py:140: in check_text_in_card_links\n    values = [link.text for link in self.elements_are_present(self.locators.CARD_LINKS)]\npages/base_page.py:61: in elements_are_present\n    return Wait(self.driver, self.timeout).until(\n_ _ _ _ _ _ _ _ _ _ _ _ _ _ _ _ _ _ _ _ _ _ _ _ _ _ _ _ _ _ _ _ _ _ _ _ _ _ _ _ \n\nself = <selenium.webdriver.support.wait.WebDriverWait (session=\"137f02c188903185b3289a327cd477de\")>\nmethod = <function presence_of_all_elements_located.<locals>._predicate at 0x7f1b82e65a80>\nmessage = \"Can't find elements by locator ('css selector', 'a.mb-1')\"\n\n    def until(self, method, message: str = \"\"):\n        \"\"\"Calls the method provided with the driver as an argument until the \\\n        return value does not evaluate to ``False``.\n    \n        :param method: callable(WebDriver)\n        :param message: optional message for :exc:`TimeoutException`\n        :returns: the result of the last call to `method`\n        :raises: :exc:`selenium.common.exceptions.TimeoutException` if timeout occurs\n        \"\"\"\n        screen = None\n        stacktrace = None\n    \n        end_time = time.monotonic() + self._timeout\n        while True:\n            try:\n                value = method(self._driver)\n                if value:\n                    return value\n            except self._ignored_exceptions as exc:\n                screen = getattr(exc, \"screen\", None)\n                stacktrace = getattr(exc, \"stacktrace\", None)\n            time.sleep(self._poll)\n            if time.monotonic() > end_time:\n                break\n>       raise TimeoutException(message, screen, stacktrace)\nE       selenium.common.exceptions.TimeoutException: Message: Can't find elements by locator ('css selector', 'a.mb-1')\n\n/opt/hostedtoolcache/Python/3.12.4/x64/lib/python3.12/site-packages/selenium/webdriver/support/wait.py:95: TimeoutException",
    "steps" : [ {
      "name" : "Check text in links in cards",
      "time" : {
        "start" : 1723597097862,
        "stop" : 1723597118097,
        "duration" : 20235
      },
      "status" : "broken",
      "statusMessage" : "selenium.common.exceptions.TimeoutException: Message: Can't find elements by locator ('css selector', 'a.mb-1')\n\n",
      "statusTrace" : "  File \"/opt/hostedtoolcache/Python/3.12.4/x64/lib/python3.12/site-packages/allure_commons/_allure.py\", line 192, in impl\n    return func(*a, **kw)\n           ^^^^^^^^^^^^^^\n  File \"/home/runner/work/auto-tests-python/auto-tests-python/pages/contributors_page.py\", line 140, in check_text_in_card_links\n    values = [link.text for link in self.elements_are_present(self.locators.CARD_LINKS)]\n                                    ^^^^^^^^^^^^^^^^^^^^^^^^^^^^^^^^^^^^^^^^^^^^^^^^^^^\n  File \"/home/runner/work/auto-tests-python/auto-tests-python/pages/base_page.py\", line 61, in elements_are_present\n    return Wait(self.driver, self.timeout).until(\n           ^^^^^^^^^^^^^^^^^^^^^^^^^^^^^^^^^^^^^^\n  File \"/opt/hostedtoolcache/Python/3.12.4/x64/lib/python3.12/site-packages/selenium/webdriver/support/wait.py\", line 95, in until\n    raise TimeoutException(message, screen, stacktrace)\n",
      "steps" : [ {
        "name" : "Check elements are present: ('css selector', 'a.mb-1')",
        "time" : {
          "start" : 1723597097862,
          "stop" : 1723597118096,
          "duration" : 20234
        },
        "status" : "broken",
        "statusMessage" : "selenium.common.exceptions.TimeoutException: Message: Can't find elements by locator ('css selector', 'a.mb-1')\n\n",
        "statusTrace" : "  File \"/home/runner/work/auto-tests-python/auto-tests-python/pages/base_page.py\", line 61, in elements_are_present\n    return Wait(self.driver, self.timeout).until(\n           ^^^^^^^^^^^^^^^^^^^^^^^^^^^^^^^^^^^^^^\n  File \"/opt/hostedtoolcache/Python/3.12.4/x64/lib/python3.12/site-packages/selenium/webdriver/support/wait.py\", line 95, in until\n    raise TimeoutException(message, screen, stacktrace)\n",
        "steps" : [ ],
        "attachments" : [ ],
        "parameters" : [ ],
        "stepsCount" : 0,
        "attachmentsCount" : 0,
        "shouldDisplayMessage" : true,
        "hasContent" : true
      } ],
      "attachments" : [ ],
      "parameters" : [ ],
      "stepsCount" : 1,
      "attachmentsCount" : 0,
      "shouldDisplayMessage" : false,
      "hasContent" : true
    } ],
    "attachments" : [ {
      "uid" : "aace7d3365f379ba",
      "name" : "Screenshot",
      "source" : "aace7d3365f379ba.png",
      "type" : "image/png",
      "size" : 8588
    }, {
      "uid" : "12b127d638c30f1a",
      "name" : "HTML source",
      "source" : "12b127d638c30f1a.html",
      "type" : "text/html",
      "size" : 39
    } ],
    "parameters" : [ ],
    "stepsCount" : 2,
    "attachmentsCount" : 2,
    "shouldDisplayMessage" : true,
    "hasContent" : true
  },
  "afterStages" : [ {
    "name" : "driver::0",
    "time" : {
      "start" : 1723597118196,
      "stop" : 1723597118340,
      "duration" : 144
    },
    "status" : "passed",
    "steps" : [ ],
    "attachments" : [ {
      "uid" : "f6f0c3aa31b54b8b",
      "name" : "Screenshot 2024-08-14 00:58:38.280779",
      "source" : "f6f0c3aa31b54b8b.png",
      "type" : "image/png",
      "size" : 8588
    } ],
    "parameters" : [ ],
    "stepsCount" : 0,
    "attachmentsCount" : 1,
    "shouldDisplayMessage" : false,
    "hasContent" : true
  } ],
  "labels" : [ {
    "name" : "epic",
    "value" : "The Contributors Page"
  }, {
    "name" : "parentSuite",
    "value" : "tests"
  }, {
    "name" : "suite",
    "value" : "contributors_page_test"
  }, {
    "name" : "subSuite",
    "value" : "TestContributorsPage"
  }, {
    "name" : "host",
    "value" : "fv-az1200-6"
  }, {
    "name" : "thread",
    "value" : "2287-MainThread"
  }, {
    "name" : "framework",
    "value" : "pytest"
  }, {
    "name" : "language",
    "value" : "cpython3"
  }, {
    "name" : "package",
    "value" : "tests.contributors_page_test"
  }, {
    "name" : "resultFormat",
    "value" : "allure2"
  } ],
  "parameters" : [ ],
  "links" : [ ],
  "hidden" : false,
  "retry" : false,
  "extra" : {
    "severity" : "normal",
    "retries" : [ ],
    "categories" : [ {
      "name" : "Test defects",
      "matchedStatuses" : [ ],
      "flaky" : false
    } ],
    "history" : {
      "statistic" : {
        "failed" : 0,
        "broken" : 6,
        "skipped" : 0,
        "passed" : 288,
        "unknown" : 0,
        "total" : 294
      },
      "items" : [ {
        "uid" : "131fe81fda589df1",
        "reportUrl" : "https://Brain-up.github.io/auto-tests-python/90//#testresult/131fe81fda589df1",
        "status" : "broken",
        "statusDetails" : "selenium.common.exceptions.TimeoutException: Message: Can't find elements by locator ('css selector', 'a.mb-1')",
        "time" : {
          "start" : 1723510765040,
          "stop" : 1723510785284,
          "duration" : 20244
        }
      }, {
        "uid" : "b94e2c42607c48f5",
        "reportUrl" : "https://Brain-up.github.io/auto-tests-python/194//#testresult/b94e2c42607c48f5",
        "status" : "passed",
        "time" : {
          "start" : 1723447324472,
          "stop" : 1723447324848,
          "duration" : 376
        }
      }, {
        "uid" : "d442f6241430c92e",
        "reportUrl" : "https://Brain-up.github.io/auto-tests-python/193//#testresult/d442f6241430c92e",
        "status" : "passed",
        "time" : {
          "start" : 1723445770005,
          "stop" : 1723445770388,
          "duration" : 383
        }
      }, {
        "uid" : "2e183d81b8ccc9a3",
        "reportUrl" : "https://Brain-up.github.io/auto-tests-python/89//#testresult/2e183d81b8ccc9a3",
        "status" : "passed",
        "time" : {
          "start" : 1723424043104,
          "stop" : 1723424043474,
          "duration" : 370
        }
      }, {
        "uid" : "d5e26fb05a99bbc1",
        "reportUrl" : "https://Brain-up.github.io/auto-tests-python/192//#testresult/d5e26fb05a99bbc1",
        "status" : "passed",
        "time" : {
          "start" : 1723361155798,
          "stop" : 1723361156217,
          "duration" : 419
        }
      }, {
        "uid" : "b8555db870baf18c",
        "reportUrl" : "https://Brain-up.github.io/auto-tests-python/191//#testresult/b8555db870baf18c",
        "status" : "passed",
        "time" : {
          "start" : 1723359161664,
          "stop" : 1723359162095,
          "duration" : 431
        }
      }, {
        "uid" : "aa115e67095c804d",
        "reportUrl" : "https://Brain-up.github.io/auto-tests-python/191//#testresult/aa115e67095c804d",
        "status" : "passed",
        "time" : {
          "start" : 1723357519416,
          "stop" : 1723357519854,
          "duration" : 438
        }
      }, {
        "uid" : "a14afa78defec305",
        "reportUrl" : "https://Brain-up.github.io/auto-tests-python/88//#testresult/a14afa78defec305",
        "status" : "passed",
        "time" : {
          "start" : 1723337789513,
          "stop" : 1723337789932,
          "duration" : 419
        }
      }, {
        "uid" : "67f2942f252815a4",
        "reportUrl" : "https://Brain-up.github.io/auto-tests-python/190//#testresult/67f2942f252815a4",
        "status" : "passed",
        "time" : {
          "start" : 1723304425877,
          "stop" : 1723304426292,
          "duration" : 415
        }
      }, {
        "uid" : "84531bde95aa9f93",
        "reportUrl" : "https://Brain-up.github.io/auto-tests-python/189//#testresult/84531bde95aa9f93",
        "status" : "passed",
        "time" : {
          "start" : 1723302968067,
          "stop" : 1723302968479,
          "duration" : 412
        }
      }, {
        "uid" : "73f4dd81d168feab",
        "reportUrl" : "https://Brain-up.github.io/auto-tests-python/87//#testresult/73f4dd81d168feab",
        "status" : "passed",
        "time" : {
          "start" : 1723251133750,
          "stop" : 1723251134174,
          "duration" : 424
        }
      }, {
        "uid" : "af99f458007f1441",
        "reportUrl" : "https://Brain-up.github.io/auto-tests-python/188//#testresult/af99f458007f1441",
        "status" : "passed",
        "time" : {
          "start" : 1723188352460,
          "stop" : 1723188352882,
          "duration" : 422
        }
      }, {
        "uid" : "397d2258b459cd6c",
        "reportUrl" : "https://Brain-up.github.io/auto-tests-python/187//#testresult/397d2258b459cd6c",
        "status" : "passed",
        "time" : {
          "start" : 1723187115089,
          "stop" : 1723187115513,
          "duration" : 424
        }
      }, {
        "uid" : "5b0174e8fd2cd235",
        "reportUrl" : "https://Brain-up.github.io/auto-tests-python/86//#testresult/5b0174e8fd2cd235",
        "status" : "passed",
        "time" : {
          "start" : 1723164762442,
          "stop" : 1723164762860,
          "duration" : 418
        }
      }, {
        "uid" : "94391fdad18b6700",
        "reportUrl" : "https://Brain-up.github.io/auto-tests-python/186//#testresult/94391fdad18b6700",
        "status" : "passed",
        "time" : {
          "start" : 1723102999738,
          "stop" : 1723103000149,
          "duration" : 411
        }
      }, {
        "uid" : "4f56175f16aa25f1",
        "reportUrl" : "https://Brain-up.github.io/auto-tests-python/185//#testresult/4f56175f16aa25f1",
        "status" : "passed",
        "time" : {
          "start" : 1723101252937,
          "stop" : 1723101253317,
          "duration" : 380
        }
      }, {
        "uid" : "19aef77d49a69a53",
        "reportUrl" : "https://Brain-up.github.io/auto-tests-python/85//#testresult/19aef77d49a69a53",
        "status" : "passed",
        "time" : {
          "start" : 1723078351719,
          "stop" : 1723078352090,
          "duration" : 371
        }
      }, {
        "uid" : "adbeec28dd44e5fa",
        "reportUrl" : "https://Brain-up.github.io/auto-tests-python/184//#testresult/adbeec28dd44e5fa",
        "status" : "passed",
        "time" : {
          "start" : 1723019202429,
          "stop" : 1723019202906,
          "duration" : 477
        }
      }, {
        "uid" : "d7255982e15f9023",
        "reportUrl" : "https://Brain-up.github.io/auto-tests-python/183//#testresult/d7255982e15f9023",
        "status" : "passed",
        "time" : {
          "start" : 1723017442944,
          "stop" : 1723017443319,
          "duration" : 375
        }
      }, {
        "uid" : "22c3ced7219014a5",
        "reportUrl" : "https://Brain-up.github.io/auto-tests-python/182//#testresult/22c3ced7219014a5",
        "status" : "passed",
        "time" : {
          "start" : 1723015889473,
          "stop" : 1723015889892,
          "duration" : 419
        }
      } ]
    },
    "tags" : [ ]
  },
  "source" : "86a6d612e5eac249.json",
  "parameterValues" : [ ]
}