{
  "uid" : "913b929e7fdb4b37",
  "name" : "Verify redirection to specialists page not authorized user.",
  "fullName" : "tests.main_page_test.TestMainPage#test_mp_05_verify_redirection_to_specialists_page",
  "historyId" : "3c31b28278473c09e9802cf34a761fb2",
  "time" : {
    "start" : 1723597923068,
    "stop" : 1723597943518,
    "duration" : 20450
  },
  "status" : "broken",
  "statusMessage" : "selenium.common.exceptions.TimeoutException: Message: Can't find element by locator ('css selector', '#other-menu')\nStacktrace:\n#0 0x55755448a71a <unknown>\n#1 0x55755415b640 <unknown>\n#2 0x5575541aac0b <unknown>\n#3 0x5575541aaef1 <unknown>\n#4 0x5575541eeb64 <unknown>\n#5 0x5575541cd90d <unknown>\n#6 0x5575541ec08a <unknown>\n#7 0x5575541cd683 <unknown>\n#8 0x55755419dd71 <unknown>\n#9 0x55755419e7de <unknown>\n#10 0x5575544522ab <unknown>\n#11 0x557554456242 <unknown>\n#12 0x55755443f665 <unknown>\n#13 0x557554456dd2 <unknown>\n#14 0x5575544242af <unknown>\n#15 0x557554479eb8 <unknown>\n#16 0x55755447a090 <unknown>\n#17 0x5575544894ec <unknown>\n#18 0x7fdfd7894ac3 <unknown>",
  "statusTrace" : "self = <tests.main_page_test.TestMainPage object at 0x7f1b83355fd0>\ndriver = <selenium.webdriver.chrome.webdriver.WebDriver (session=\"f23f09fa2e73a40527b71b5192f6b33b\")>\nmain_page_open = None\n\n    @allure.title(\"Verify redirection to specialists page not authorized user.\")\n    def test_mp_05_verify_redirection_to_specialists_page(self, driver, main_page_open):\n        page = MainPage(driver)\n>       specialists_page_url = page.open_specialists_page()\n\ntests/main_page_test.py:37: \n_ _ _ _ _ _ _ _ _ _ _ _ _ _ _ _ _ _ _ _ _ _ _ _ _ _ _ _ _ _ _ _ _ _ _ _ _ _ _ _ \npages/main_page.py:42: in open_specialists_page\n    self.element_is_present_and_clickable(self.locators.MORE_MENU).click()\npages/base_page.py:33: in element_is_present_and_clickable\n    return (Wait(self.driver, self.timeout).until(\n_ _ _ _ _ _ _ _ _ _ _ _ _ _ _ _ _ _ _ _ _ _ _ _ _ _ _ _ _ _ _ _ _ _ _ _ _ _ _ _ \n\nself = <selenium.webdriver.support.wait.WebDriverWait (session=\"f23f09fa2e73a40527b71b5192f6b33b\")>\nmethod = <function visibility_of_element_located.<locals>._predicate at 0x7f1b82f5ff60>\nmessage = \"Can't find element by locator ('css selector', '#other-menu')\"\n\n    def until(self, method, message: str = \"\"):\n        \"\"\"Calls the method provided with the driver as an argument until the \\\n        return value does not evaluate to ``False``.\n    \n        :param method: callable(WebDriver)\n        :param message: optional message for :exc:`TimeoutException`\n        :returns: the result of the last call to `method`\n        :raises: :exc:`selenium.common.exceptions.TimeoutException` if timeout occurs\n        \"\"\"\n        screen = None\n        stacktrace = None\n    \n        end_time = time.monotonic() + self._timeout\n        while True:\n            try:\n                value = method(self._driver)\n                if value:\n                    return value\n            except self._ignored_exceptions as exc:\n                screen = getattr(exc, \"screen\", None)\n                stacktrace = getattr(exc, \"stacktrace\", None)\n            time.sleep(self._poll)\n            if time.monotonic() > end_time:\n                break\n>       raise TimeoutException(message, screen, stacktrace)\nE       selenium.common.exceptions.TimeoutException: Message: Can't find element by locator ('css selector', '#other-menu')\nE       Stacktrace:\nE       #0 0x55755448a71a <unknown>\nE       #1 0x55755415b640 <unknown>\nE       #2 0x5575541aac0b <unknown>\nE       #3 0x5575541aaef1 <unknown>\nE       #4 0x5575541eeb64 <unknown>\nE       #5 0x5575541cd90d <unknown>\nE       #6 0x5575541ec08a <unknown>\nE       #7 0x5575541cd683 <unknown>\nE       #8 0x55755419dd71 <unknown>\nE       #9 0x55755419e7de <unknown>\nE       #10 0x5575544522ab <unknown>\nE       #11 0x557554456242 <unknown>\nE       #12 0x55755443f665 <unknown>\nE       #13 0x557554456dd2 <unknown>\nE       #14 0x5575544242af <unknown>\nE       #15 0x557554479eb8 <unknown>\nE       #16 0x55755447a090 <unknown>\nE       #17 0x5575544894ec <unknown>\nE       #18 0x7fdfd7894ac3 <unknown>\n\n/opt/hostedtoolcache/Python/3.12.4/x64/lib/python3.12/site-packages/selenium/webdriver/support/wait.py:95: TimeoutException",
  "flaky" : false,
  "newFailed" : false,
  "beforeStages" : [ {
    "name" : "main_page_open",
    "time" : {
      "start" : 1723597922733,
      "stop" : 1723597923068,
      "duration" : 335
    },
    "status" : "passed",
    "steps" : [ {
      "name" : "Open page: https://brainup.site/",
      "time" : {
        "start" : 1723597922733,
        "stop" : 1723597923068,
        "duration" : 335
      },
      "status" : "passed",
      "steps" : [ ],
      "attachments" : [ ],
      "parameters" : [ {
        "name" : "driver",
        "value" : "<selenium.webdriver.chrome.webdriver.WebDriver (session=\"f23f09fa2e73a40527b71b5192f6b33b\")>"
      } ],
      "stepsCount" : 0,
      "attachmentsCount" : 0,
      "shouldDisplayMessage" : false,
      "hasContent" : true
    } ],
    "attachments" : [ ],
    "parameters" : [ ],
    "stepsCount" : 1,
    "attachmentsCount" : 0,
    "shouldDisplayMessage" : false,
    "hasContent" : true
  }, {
    "name" : "clear_allure_results_folder",
    "time" : {
      "start" : 1723596645667,
      "stop" : 1723596645667,
      "duration" : 0
    },
    "status" : "passed",
    "steps" : [ ],
    "attachments" : [ ],
    "parameters" : [ ],
    "stepsCount" : 0,
    "attachmentsCount" : 0,
    "shouldDisplayMessage" : false,
    "hasContent" : false
  }, {
    "name" : "driver",
    "time" : {
      "start" : 1723597922042,
      "stop" : 1723597922733,
      "duration" : 691
    },
    "status" : "passed",
    "steps" : [ ],
    "attachments" : [ ],
    "parameters" : [ ],
    "stepsCount" : 0,
    "attachmentsCount" : 0,
    "shouldDisplayMessage" : false,
    "hasContent" : false
  } ],
  "testStage" : {
    "status" : "broken",
    "statusMessage" : "selenium.common.exceptions.TimeoutException: Message: Can't find element by locator ('css selector', '#other-menu')\nStacktrace:\n#0 0x55755448a71a <unknown>\n#1 0x55755415b640 <unknown>\n#2 0x5575541aac0b <unknown>\n#3 0x5575541aaef1 <unknown>\n#4 0x5575541eeb64 <unknown>\n#5 0x5575541cd90d <unknown>\n#6 0x5575541ec08a <unknown>\n#7 0x5575541cd683 <unknown>\n#8 0x55755419dd71 <unknown>\n#9 0x55755419e7de <unknown>\n#10 0x5575544522ab <unknown>\n#11 0x557554456242 <unknown>\n#12 0x55755443f665 <unknown>\n#13 0x557554456dd2 <unknown>\n#14 0x5575544242af <unknown>\n#15 0x557554479eb8 <unknown>\n#16 0x55755447a090 <unknown>\n#17 0x5575544894ec <unknown>\n#18 0x7fdfd7894ac3 <unknown>",
    "statusTrace" : "self = <tests.main_page_test.TestMainPage object at 0x7f1b83355fd0>\ndriver = <selenium.webdriver.chrome.webdriver.WebDriver (session=\"f23f09fa2e73a40527b71b5192f6b33b\")>\nmain_page_open = None\n\n    @allure.title(\"Verify redirection to specialists page not authorized user.\")\n    def test_mp_05_verify_redirection_to_specialists_page(self, driver, main_page_open):\n        page = MainPage(driver)\n>       specialists_page_url = page.open_specialists_page()\n\ntests/main_page_test.py:37: \n_ _ _ _ _ _ _ _ _ _ _ _ _ _ _ _ _ _ _ _ _ _ _ _ _ _ _ _ _ _ _ _ _ _ _ _ _ _ _ _ \npages/main_page.py:42: in open_specialists_page\n    self.element_is_present_and_clickable(self.locators.MORE_MENU).click()\npages/base_page.py:33: in element_is_present_and_clickable\n    return (Wait(self.driver, self.timeout).until(\n_ _ _ _ _ _ _ _ _ _ _ _ _ _ _ _ _ _ _ _ _ _ _ _ _ _ _ _ _ _ _ _ _ _ _ _ _ _ _ _ \n\nself = <selenium.webdriver.support.wait.WebDriverWait (session=\"f23f09fa2e73a40527b71b5192f6b33b\")>\nmethod = <function visibility_of_element_located.<locals>._predicate at 0x7f1b82f5ff60>\nmessage = \"Can't find element by locator ('css selector', '#other-menu')\"\n\n    def until(self, method, message: str = \"\"):\n        \"\"\"Calls the method provided with the driver as an argument until the \\\n        return value does not evaluate to ``False``.\n    \n        :param method: callable(WebDriver)\n        :param message: optional message for :exc:`TimeoutException`\n        :returns: the result of the last call to `method`\n        :raises: :exc:`selenium.common.exceptions.TimeoutException` if timeout occurs\n        \"\"\"\n        screen = None\n        stacktrace = None\n    \n        end_time = time.monotonic() + self._timeout\n        while True:\n            try:\n                value = method(self._driver)\n                if value:\n                    return value\n            except self._ignored_exceptions as exc:\n                screen = getattr(exc, \"screen\", None)\n                stacktrace = getattr(exc, \"stacktrace\", None)\n            time.sleep(self._poll)\n            if time.monotonic() > end_time:\n                break\n>       raise TimeoutException(message, screen, stacktrace)\nE       selenium.common.exceptions.TimeoutException: Message: Can't find element by locator ('css selector', '#other-menu')\nE       Stacktrace:\nE       #0 0x55755448a71a <unknown>\nE       #1 0x55755415b640 <unknown>\nE       #2 0x5575541aac0b <unknown>\nE       #3 0x5575541aaef1 <unknown>\nE       #4 0x5575541eeb64 <unknown>\nE       #5 0x5575541cd90d <unknown>\nE       #6 0x5575541ec08a <unknown>\nE       #7 0x5575541cd683 <unknown>\nE       #8 0x55755419dd71 <unknown>\nE       #9 0x55755419e7de <unknown>\nE       #10 0x5575544522ab <unknown>\nE       #11 0x557554456242 <unknown>\nE       #12 0x55755443f665 <unknown>\nE       #13 0x557554456dd2 <unknown>\nE       #14 0x5575544242af <unknown>\nE       #15 0x557554479eb8 <unknown>\nE       #16 0x55755447a090 <unknown>\nE       #17 0x5575544894ec <unknown>\nE       #18 0x7fdfd7894ac3 <unknown>\n\n/opt/hostedtoolcache/Python/3.12.4/x64/lib/python3.12/site-packages/selenium/webdriver/support/wait.py:95: TimeoutException",
    "steps" : [ {
      "name" : "Open specialists page",
      "time" : {
        "start" : 1723597923069,
        "stop" : 1723597943517,
        "duration" : 20448
      },
      "status" : "broken",
      "statusMessage" : "selenium.common.exceptions.TimeoutException: Message: Can't find element by locator ('css selector', '#other-menu')\nStacktrace:\n#0 0x55755448a71a <unknown>\n#1 0x55755415b640 <unknown>\n#2 0x5575541aac0b <unknown>\n#3 0x5575541aaef1 <unknown>\n#4 0x5575541eeb64 <unknown>\n#5 0x5575541cd90d <unknown>\n#6 0x5575541ec08a <unknown>\n#7 0x5575541cd683 <unknown>\n#8 0x55755419dd71 <unknown>\n#9 0x55755419e7de <unknown>\n#10 0x5575544522ab <unknown>\n#11 0x557554456242 <unknown>\n#12 0x55755443f665 <unknown>\n#13 0x557554456dd2 <unknown>\n#14 0x5575544242af <unknown>\n#15 0x557554479eb8 <unknown>\n#16 0x55755447a090 <unknown>\n#17 0x5575544894ec <unknown>\n#18 0x7fdfd7894ac3 <unknown>\n\n",
      "statusTrace" : "  File \"/opt/hostedtoolcache/Python/3.12.4/x64/lib/python3.12/site-packages/allure_commons/_allure.py\", line 192, in impl\n    return func(*a, **kw)\n           ^^^^^^^^^^^^^^\n  File \"/home/runner/work/auto-tests-python/auto-tests-python/pages/main_page.py\", line 42, in open_specialists_page\n    self.element_is_present_and_clickable(self.locators.MORE_MENU).click()\n    ^^^^^^^^^^^^^^^^^^^^^^^^^^^^^^^^^^^^^^^^^^^^^^^^^^^^^^^^^^^^^^\n  File \"/home/runner/work/auto-tests-python/auto-tests-python/pages/base_page.py\", line 33, in element_is_present_and_clickable\n    return (Wait(self.driver, self.timeout).until(\n            ^^^^^^^^^^^^^^^^^^^^^^^^^^^^^^^^^^^^^^\n  File \"/opt/hostedtoolcache/Python/3.12.4/x64/lib/python3.12/site-packages/selenium/webdriver/support/wait.py\", line 95, in until\n    raise TimeoutException(message, screen, stacktrace)\n",
      "steps" : [ {
        "name" : "Click button \"MORE\".",
        "time" : {
          "start" : 1723597923069,
          "stop" : 1723597943517,
          "duration" : 20448
        },
        "status" : "broken",
        "statusMessage" : "selenium.common.exceptions.TimeoutException: Message: Can't find element by locator ('css selector', '#other-menu')\nStacktrace:\n#0 0x55755448a71a <unknown>\n#1 0x55755415b640 <unknown>\n#2 0x5575541aac0b <unknown>\n#3 0x5575541aaef1 <unknown>\n#4 0x5575541eeb64 <unknown>\n#5 0x5575541cd90d <unknown>\n#6 0x5575541ec08a <unknown>\n#7 0x5575541cd683 <unknown>\n#8 0x55755419dd71 <unknown>\n#9 0x55755419e7de <unknown>\n#10 0x5575544522ab <unknown>\n#11 0x557554456242 <unknown>\n#12 0x55755443f665 <unknown>\n#13 0x557554456dd2 <unknown>\n#14 0x5575544242af <unknown>\n#15 0x557554479eb8 <unknown>\n#16 0x55755447a090 <unknown>\n#17 0x5575544894ec <unknown>\n#18 0x7fdfd7894ac3 <unknown>\n\n",
        "statusTrace" : "  File \"/home/runner/work/auto-tests-python/auto-tests-python/pages/main_page.py\", line 42, in open_specialists_page\n    self.element_is_present_and_clickable(self.locators.MORE_MENU).click()\n    ^^^^^^^^^^^^^^^^^^^^^^^^^^^^^^^^^^^^^^^^^^^^^^^^^^^^^^^^^^^^^^\n  File \"/home/runner/work/auto-tests-python/auto-tests-python/pages/base_page.py\", line 33, in element_is_present_and_clickable\n    return (Wait(self.driver, self.timeout).until(\n            ^^^^^^^^^^^^^^^^^^^^^^^^^^^^^^^^^^^^^^\n  File \"/opt/hostedtoolcache/Python/3.12.4/x64/lib/python3.12/site-packages/selenium/webdriver/support/wait.py\", line 95, in until\n    raise TimeoutException(message, screen, stacktrace)\n",
        "steps" : [ {
          "name" : "Check element is visible and clickable: ('css selector', '#other-menu')",
          "time" : {
            "start" : 1723597923069,
            "stop" : 1723597943517,
            "duration" : 20448
          },
          "status" : "broken",
          "statusMessage" : "selenium.common.exceptions.TimeoutException: Message: Can't find element by locator ('css selector', '#other-menu')\nStacktrace:\n#0 0x55755448a71a <unknown>\n#1 0x55755415b640 <unknown>\n#2 0x5575541aac0b <unknown>\n#3 0x5575541aaef1 <unknown>\n#4 0x5575541eeb64 <unknown>\n#5 0x5575541cd90d <unknown>\n#6 0x5575541ec08a <unknown>\n#7 0x5575541cd683 <unknown>\n#8 0x55755419dd71 <unknown>\n#9 0x55755419e7de <unknown>\n#10 0x5575544522ab <unknown>\n#11 0x557554456242 <unknown>\n#12 0x55755443f665 <unknown>\n#13 0x557554456dd2 <unknown>\n#14 0x5575544242af <unknown>\n#15 0x557554479eb8 <unknown>\n#16 0x55755447a090 <unknown>\n#17 0x5575544894ec <unknown>\n#18 0x7fdfd7894ac3 <unknown>\n\n",
          "statusTrace" : "  File \"/home/runner/work/auto-tests-python/auto-tests-python/pages/base_page.py\", line 33, in element_is_present_and_clickable\n    return (Wait(self.driver, self.timeout).until(\n            ^^^^^^^^^^^^^^^^^^^^^^^^^^^^^^^^^^^^^^\n  File \"/opt/hostedtoolcache/Python/3.12.4/x64/lib/python3.12/site-packages/selenium/webdriver/support/wait.py\", line 95, in until\n    raise TimeoutException(message, screen, stacktrace)\n",
          "steps" : [ ],
          "attachments" : [ ],
          "parameters" : [ ],
          "stepsCount" : 0,
          "attachmentsCount" : 0,
          "shouldDisplayMessage" : true,
          "hasContent" : true
        } ],
        "attachments" : [ ],
        "parameters" : [ ],
        "stepsCount" : 1,
        "attachmentsCount" : 0,
        "shouldDisplayMessage" : false,
        "hasContent" : true
      } ],
      "attachments" : [ ],
      "parameters" : [ ],
      "stepsCount" : 2,
      "attachmentsCount" : 0,
      "shouldDisplayMessage" : false,
      "hasContent" : true
    } ],
    "attachments" : [ {
      "uid" : "9c21f9dbf7f67298",
      "name" : "Screenshot",
      "source" : "9c21f9dbf7f67298.png",
      "type" : "image/png",
      "size" : 8588
    }, {
      "uid" : "31c30442f104e9a1",
      "name" : "HTML source",
      "source" : "31c30442f104e9a1.html",
      "type" : "text/html",
      "size" : 39
    } ],
    "parameters" : [ ],
    "stepsCount" : 3,
    "attachmentsCount" : 2,
    "shouldDisplayMessage" : true,
    "hasContent" : true
  },
  "afterStages" : [ {
    "name" : "driver::0",
    "time" : {
      "start" : 1723597943628,
      "stop" : 1723597943774,
      "duration" : 146
    },
    "status" : "passed",
    "steps" : [ ],
    "attachments" : [ {
      "uid" : "92166b7decdf46fb",
      "name" : "Screenshot 2024-08-14 01:12:23.714694",
      "source" : "92166b7decdf46fb.png",
      "type" : "image/png",
      "size" : 8588
    } ],
    "parameters" : [ ],
    "stepsCount" : 0,
    "attachmentsCount" : 1,
    "shouldDisplayMessage" : false,
    "hasContent" : true
  } ],
  "labels" : [ {
    "name" : "epic",
    "value" : "Main Page."
  }, {
    "name" : "parentSuite",
    "value" : "tests"
  }, {
    "name" : "suite",
    "value" : "main_page_test"
  }, {
    "name" : "subSuite",
    "value" : "TestMainPage"
  }, {
    "name" : "host",
    "value" : "fv-az1200-6"
  }, {
    "name" : "thread",
    "value" : "2287-MainThread"
  }, {
    "name" : "framework",
    "value" : "pytest"
  }, {
    "name" : "language",
    "value" : "cpython3"
  }, {
    "name" : "package",
    "value" : "tests.main_page_test"
  }, {
    "name" : "resultFormat",
    "value" : "allure2"
  } ],
  "parameters" : [ ],
  "links" : [ ],
  "hidden" : false,
  "retry" : false,
  "extra" : {
    "severity" : "normal",
    "retries" : [ ],
    "categories" : [ {
      "name" : "Test defects",
      "matchedStatuses" : [ ],
      "flaky" : false
    } ],
    "history" : {
      "statistic" : {
        "failed" : 0,
        "broken" : 2,
        "skipped" : 0,
        "passed" : 292,
        "unknown" : 0,
        "total" : 294
      },
      "items" : [ {
        "uid" : "4ccf915d61e97dd4",
        "reportUrl" : "https://Brain-up.github.io/auto-tests-python/90//#testresult/4ccf915d61e97dd4",
        "status" : "broken",
        "statusDetails" : "selenium.common.exceptions.TimeoutException: Message: Can't find element by locator ('css selector', '#other-menu')\nStacktrace:\n#0 0x55d06b3f071a <unknown>\n#1 0x55d06b0c1640 <unknown>\n#2 0x55d06b110c0b <unknown>\n#3 0x55d06b110ef1 <unknown>\n#4 0x55d06b154b64 <unknown>\n#5 0x55d06b13390d <unknown>\n#6 0x55d06b15208a <unknown>\n#7 0x55d06b133683 <unknown>\n#8 0x55d06b103d71 <unknown>\n#9 0x55d06b1047de <unknown>\n#10 0x55d06b3b82ab <unknown>\n#11 0x55d06b3bc242 <unknown>\n#12 0x55d06b3a5665 <unknown>\n#13 0x55d06b3bcdd2 <unknown>\n#14 0x55d06b38a2af <unknown>\n#15 0x55d06b3dfeb8 <unknown>\n#16 0x55d06b3e0090 <unknown>\n#17 0x55d06b3ef4ec <unknown>\n#18 0x7f4127694ac3 <unknown>",
        "time" : {
          "start" : 1723511597340,
          "stop" : 1723511617796,
          "duration" : 20456
        }
      }, {
        "uid" : "61b9214fbdf90291",
        "reportUrl" : "https://Brain-up.github.io/auto-tests-python/194//#testresult/61b9214fbdf90291",
        "status" : "passed",
        "time" : {
          "start" : 1723447629629,
          "stop" : 1723447630265,
          "duration" : 636
        }
      }, {
        "uid" : "836307f8fda3d77e",
        "reportUrl" : "https://Brain-up.github.io/auto-tests-python/193//#testresult/836307f8fda3d77e",
        "status" : "passed",
        "time" : {
          "start" : 1723446080018,
          "stop" : 1723446080654,
          "duration" : 636
        }
      }, {
        "uid" : "fad7dc984008002a",
        "reportUrl" : "https://Brain-up.github.io/auto-tests-python/89//#testresult/fad7dc984008002a",
        "status" : "passed",
        "time" : {
          "start" : 1723424352512,
          "stop" : 1723424353146,
          "duration" : 634
        }
      }, {
        "uid" : "9bcccc17dca9de13",
        "reportUrl" : "https://Brain-up.github.io/auto-tests-python/192//#testresult/9bcccc17dca9de13",
        "status" : "passed",
        "time" : {
          "start" : 1723361410307,
          "stop" : 1723361410940,
          "duration" : 633
        }
      }, {
        "uid" : "871bb35e5c4b257d",
        "reportUrl" : "https://Brain-up.github.io/auto-tests-python/191//#testresult/871bb35e5c4b257d",
        "status" : "passed",
        "time" : {
          "start" : 1723359422516,
          "stop" : 1723359423659,
          "duration" : 1143
        }
      }, {
        "uid" : "d8086220fd2e0930",
        "reportUrl" : "https://Brain-up.github.io/auto-tests-python/191//#testresult/d8086220fd2e0930",
        "status" : "passed",
        "time" : {
          "start" : 1723357735264,
          "stop" : 1723357751052,
          "duration" : 15788
        }
      }, {
        "uid" : "1b766c9937359810",
        "reportUrl" : "https://Brain-up.github.io/auto-tests-python/88//#testresult/1b766c9937359810",
        "status" : "passed",
        "time" : {
          "start" : 1723337962421,
          "stop" : 1723337963057,
          "duration" : 636
        }
      }, {
        "uid" : "6209955f430bb2a8",
        "reportUrl" : "https://Brain-up.github.io/auto-tests-python/190//#testresult/6209955f430bb2a8",
        "status" : "passed",
        "time" : {
          "start" : 1723304681178,
          "stop" : 1723304681813,
          "duration" : 635
        }
      }, {
        "uid" : "324496c7b20c9cfc",
        "reportUrl" : "https://Brain-up.github.io/auto-tests-python/189//#testresult/324496c7b20c9cfc",
        "status" : "passed",
        "time" : {
          "start" : 1723303148047,
          "stop" : 1723303148682,
          "duration" : 635
        }
      }, {
        "uid" : "ff5ccc646e2480e7",
        "reportUrl" : "https://Brain-up.github.io/auto-tests-python/87//#testresult/ff5ccc646e2480e7",
        "status" : "passed",
        "time" : {
          "start" : 1723251386879,
          "stop" : 1723251387520,
          "duration" : 641
        }
      }, {
        "uid" : "a6369b045691f45d",
        "reportUrl" : "https://Brain-up.github.io/auto-tests-python/188//#testresult/a6369b045691f45d",
        "status" : "passed",
        "time" : {
          "start" : 1723188608194,
          "stop" : 1723188608830,
          "duration" : 636
        }
      }, {
        "uid" : "6493a81ea10b0190",
        "reportUrl" : "https://Brain-up.github.io/auto-tests-python/187//#testresult/6493a81ea10b0190",
        "status" : "passed",
        "time" : {
          "start" : 1723187292574,
          "stop" : 1723187293212,
          "duration" : 638
        }
      }, {
        "uid" : "aa6d1b014ff20eda",
        "reportUrl" : "https://Brain-up.github.io/auto-tests-python/86//#testresult/aa6d1b014ff20eda",
        "status" : "passed",
        "time" : {
          "start" : 1723165014508,
          "stop" : 1723165015142,
          "duration" : 634
        }
      }, {
        "uid" : "b39facff47b98e4f",
        "reportUrl" : "https://Brain-up.github.io/auto-tests-python/186//#testresult/b39facff47b98e4f",
        "status" : "passed",
        "time" : {
          "start" : 1723103275171,
          "stop" : 1723103275806,
          "duration" : 635
        }
      }, {
        "uid" : "628b4dd9cf4b6335",
        "reportUrl" : "https://Brain-up.github.io/auto-tests-python/185//#testresult/628b4dd9cf4b6335",
        "status" : "passed",
        "time" : {
          "start" : 1723101507541,
          "stop" : 1723101508177,
          "duration" : 636
        }
      }, {
        "uid" : "fff9af7be9e24347",
        "reportUrl" : "https://Brain-up.github.io/auto-tests-python/85//#testresult/fff9af7be9e24347",
        "status" : "passed",
        "time" : {
          "start" : 1723078692610,
          "stop" : 1723078693254,
          "duration" : 644
        }
      }, {
        "uid" : "96ecaa1cba56cb9a",
        "reportUrl" : "https://Brain-up.github.io/auto-tests-python/184//#testresult/96ecaa1cba56cb9a",
        "status" : "passed",
        "time" : {
          "start" : 1723019516836,
          "stop" : 1723019517483,
          "duration" : 647
        }
      }, {
        "uid" : "83ab1528c4a441c2",
        "reportUrl" : "https://Brain-up.github.io/auto-tests-python/183//#testresult/83ab1528c4a441c2",
        "status" : "passed",
        "time" : {
          "start" : 1723017795504,
          "stop" : 1723017796146,
          "duration" : 642
        }
      }, {
        "uid" : "be14532ad1f8f423",
        "reportUrl" : "https://Brain-up.github.io/auto-tests-python/182//#testresult/be14532ad1f8f423",
        "status" : "passed",
        "time" : {
          "start" : 1723016178326,
          "stop" : 1723016178962,
          "duration" : 636
        }
      } ]
    },
    "tags" : [ ]
  },
  "source" : "913b929e7fdb4b37.json",
  "parameterValues" : [ ]
}