{
  "uid" : "924d939f480c8395",
  "name" : "Verify presence and visibility of content on the page",
  "fullName" : "tests.used_resources_page_test.TestUsedResourcesPageForAuthorizedUserStructure#test_ur_01_01_verify_page_presence_and_visibility",
  "historyId" : "e7aa7276bca1f837fbcd28a0219d6113",
  "time" : {
    "start" : 1723599082946,
    "stop" : 1723599082946,
    "duration" : 0
  },
  "status" : "broken",
  "statusMessage" : "selenium.common.exceptions.TimeoutException: Message: Can't find element by locator ('xpath', '//a[@id=\"ember11\"]')\nStacktrace:\n#0 0x55bab612c71a <unknown>\n#1 0x55bab5dfd640 <unknown>\n#2 0x55bab5e4cc0b <unknown>\n#3 0x55bab5e4cef1 <unknown>\n#4 0x55bab5e90b64 <unknown>\n#5 0x55bab5e6f90d <unknown>\n#6 0x55bab5e8e08a <unknown>\n#7 0x55bab5e6f683 <unknown>\n#8 0x55bab5e3fd71 <unknown>\n#9 0x55bab5e407de <unknown>\n#10 0x55bab60f42ab <unknown>\n#11 0x55bab60f8242 <unknown>\n#12 0x55bab60e1665 <unknown>\n#13 0x55bab60f8dd2 <unknown>\n#14 0x55bab60c62af <unknown>\n#15 0x55bab611beb8 <unknown>\n#16 0x55bab611c090 <unknown>\n#17 0x55bab612b4ec <unknown>\n#18 0x7f95de894ac3 <unknown>",
  "statusTrace" : "driver = <selenium.webdriver.chrome.webdriver.WebDriver (session=\"bd09e32fe5f38e084fcba26dfa74e9e6\")>\nmain_page_open = None\n\n    @pytest.fixture()\n    @allure.step('Auto test user authorized')\n    def auto_test_user_authorized(driver, main_page_open):\n        page = BasePage(driver)\n>       page.element_is_present_and_clickable(MainPageLocators.LOGIN_BUTTON).click()\n\ntests/conftest.py:66: \n_ _ _ _ _ _ _ _ _ _ _ _ _ _ _ _ _ _ _ _ _ _ _ _ _ _ _ _ _ _ _ _ _ _ _ _ _ _ _ _ \npages/base_page.py:33: in element_is_present_and_clickable\n    return (Wait(self.driver, self.timeout).until(\n_ _ _ _ _ _ _ _ _ _ _ _ _ _ _ _ _ _ _ _ _ _ _ _ _ _ _ _ _ _ _ _ _ _ _ _ _ _ _ _ \n\nself = <selenium.webdriver.support.wait.WebDriverWait (session=\"bd09e32fe5f38e084fcba26dfa74e9e6\")>\nmethod = <function visibility_of_element_located.<locals>._predicate at 0x7f1b82cfdee0>\nmessage = 'Can\\'t find element by locator (\\'xpath\\', \\'//a[@id=\"ember11\"]\\')'\n\n    def until(self, method, message: str = \"\"):\n        \"\"\"Calls the method provided with the driver as an argument until the \\\n        return value does not evaluate to ``False``.\n    \n        :param method: callable(WebDriver)\n        :param message: optional message for :exc:`TimeoutException`\n        :returns: the result of the last call to `method`\n        :raises: :exc:`selenium.common.exceptions.TimeoutException` if timeout occurs\n        \"\"\"\n        screen = None\n        stacktrace = None\n    \n        end_time = time.monotonic() + self._timeout\n        while True:\n            try:\n                value = method(self._driver)\n                if value:\n                    return value\n            except self._ignored_exceptions as exc:\n                screen = getattr(exc, \"screen\", None)\n                stacktrace = getattr(exc, \"stacktrace\", None)\n            time.sleep(self._poll)\n            if time.monotonic() > end_time:\n                break\n>       raise TimeoutException(message, screen, stacktrace)\nE       selenium.common.exceptions.TimeoutException: Message: Can't find element by locator ('xpath', '//a[@id=\"ember11\"]')\nE       Stacktrace:\nE       #0 0x55bab612c71a <unknown>\nE       #1 0x55bab5dfd640 <unknown>\nE       #2 0x55bab5e4cc0b <unknown>\nE       #3 0x55bab5e4cef1 <unknown>\nE       #4 0x55bab5e90b64 <unknown>\nE       #5 0x55bab5e6f90d <unknown>\nE       #6 0x55bab5e8e08a <unknown>\nE       #7 0x55bab5e6f683 <unknown>\nE       #8 0x55bab5e3fd71 <unknown>\nE       #9 0x55bab5e407de <unknown>\nE       #10 0x55bab60f42ab <unknown>\nE       #11 0x55bab60f8242 <unknown>\nE       #12 0x55bab60e1665 <unknown>\nE       #13 0x55bab60f8dd2 <unknown>\nE       #14 0x55bab60c62af <unknown>\nE       #15 0x55bab611beb8 <unknown>\nE       #16 0x55bab611c090 <unknown>\nE       #17 0x55bab612b4ec <unknown>\nE       #18 0x7f95de894ac3 <unknown>\n\n/opt/hostedtoolcache/Python/3.12.4/x64/lib/python3.12/site-packages/selenium/webdriver/support/wait.py:95: TimeoutException",
  "flaky" : false,
  "newFailed" : false,
  "beforeStages" : [ {
    "name" : "clear_allure_results_folder",
    "time" : {
      "start" : 1723596645667,
      "stop" : 1723596645667,
      "duration" : 0
    },
    "status" : "passed",
    "steps" : [ ],
    "attachments" : [ ],
    "parameters" : [ ],
    "stepsCount" : 0,
    "attachmentsCount" : 0,
    "shouldDisplayMessage" : false,
    "hasContent" : false
  }, {
    "name" : "main_page_open",
    "time" : {
      "start" : 1723599083636,
      "stop" : 1723599083972,
      "duration" : 336
    },
    "status" : "passed",
    "steps" : [ {
      "name" : "Open page: https://brainup.site/",
      "time" : {
        "start" : 1723599083636,
        "stop" : 1723599083972,
        "duration" : 336
      },
      "status" : "passed",
      "steps" : [ ],
      "attachments" : [ ],
      "parameters" : [ {
        "name" : "driver",
        "value" : "<selenium.webdriver.chrome.webdriver.WebDriver (session=\"bd09e32fe5f38e084fcba26dfa74e9e6\")>"
      } ],
      "stepsCount" : 0,
      "attachmentsCount" : 0,
      "shouldDisplayMessage" : false,
      "hasContent" : true
    } ],
    "attachments" : [ ],
    "parameters" : [ ],
    "stepsCount" : 1,
    "attachmentsCount" : 0,
    "shouldDisplayMessage" : false,
    "hasContent" : true
  }, {
    "name" : "auto_test_user_authorized",
    "time" : {
      "start" : 1723599083973,
      "stop" : 1723599104426,
      "duration" : 20453
    },
    "status" : "broken",
    "statusMessage" : "selenium.common.exceptions.TimeoutException: Message: Can't find element by locator ('xpath', '//a[@id=\"ember11\"]')\nStacktrace:\n#0 0x55bab612c71a <unknown>\n#1 0x55bab5dfd640 <unknown>\n#2 0x55bab5e4cc0b <unknown>\n#3 0x55bab5e4cef1 <unknown>\n#4 0x55bab5e90b64 <unknown>\n#5 0x55bab5e6f90d <unknown>\n#6 0x55bab5e8e08a <unknown>\n#7 0x55bab5e6f683 <unknown>\n#8 0x55bab5e3fd71 <unknown>\n#9 0x55bab5e407de <unknown>\n#10 0x55bab60f42ab <unknown>\n#11 0x55bab60f8242 <unknown>\n#12 0x55bab60e1665 <unknown>\n#13 0x55bab60f8dd2 <unknown>\n#14 0x55bab60c62af <unknown>\n#15 0x55bab611beb8 <unknown>\n#16 0x55bab611c090 <unknown>\n#17 0x55bab612b4ec <unknown>\n#18 0x7f95de894ac3 <unknown>\n\n",
    "statusTrace" : "  File \"/opt/hostedtoolcache/Python/3.12.4/x64/lib/python3.12/site-packages/pluggy/_callers.py\", line 103, in _multicall\n    res = hook_impl.function(*args)\n          ^^^^^^^^^^^^^^^^^^^^^^^^^\n  File \"/opt/hostedtoolcache/Python/3.12.4/x64/lib/python3.12/site-packages/_pytest/fixtures.py\", line 1123, in pytest_fixture_setup\n    result = call_fixture_func(fixturefunc, request, kwargs)\n             ^^^^^^^^^^^^^^^^^^^^^^^^^^^^^^^^^^^^^^^^^^^^^^^\n  File \"/opt/hostedtoolcache/Python/3.12.4/x64/lib/python3.12/site-packages/_pytest/fixtures.py\", line 902, in call_fixture_func\n    fixture_result = fixturefunc(**kwargs)\n                     ^^^^^^^^^^^^^^^^^^^^^\n  File \"/opt/hostedtoolcache/Python/3.12.4/x64/lib/python3.12/site-packages/allure_commons/_allure.py\", line 192, in impl\n    return func(*a, **kw)\n           ^^^^^^^^^^^^^^\n  File \"/home/runner/work/auto-tests-python/auto-tests-python/tests/conftest.py\", line 66, in auto_test_user_authorized\n    page.element_is_present_and_clickable(MainPageLocators.LOGIN_BUTTON).click()\n    ^^^^^^^^^^^^^^^^^^^^^^^^^^^^^^^^^^^^^^^^^^^^^^^^^^^^^^^^^^^^^^^^^^^^\n  File \"/home/runner/work/auto-tests-python/auto-tests-python/pages/base_page.py\", line 33, in element_is_present_and_clickable\n    return (Wait(self.driver, self.timeout).until(\n            ^^^^^^^^^^^^^^^^^^^^^^^^^^^^^^^^^^^^^^\n  File \"/opt/hostedtoolcache/Python/3.12.4/x64/lib/python3.12/site-packages/selenium/webdriver/support/wait.py\", line 95, in until\n    raise TimeoutException(message, screen, stacktrace)\n",
    "steps" : [ {
      "name" : "Auto test user authorized",
      "time" : {
        "start" : 1723599083973,
        "stop" : 1723599104426,
        "duration" : 20453
      },
      "status" : "broken",
      "statusMessage" : "selenium.common.exceptions.TimeoutException: Message: Can't find element by locator ('xpath', '//a[@id=\"ember11\"]')\nStacktrace:\n#0 0x55bab612c71a <unknown>\n#1 0x55bab5dfd640 <unknown>\n#2 0x55bab5e4cc0b <unknown>\n#3 0x55bab5e4cef1 <unknown>\n#4 0x55bab5e90b64 <unknown>\n#5 0x55bab5e6f90d <unknown>\n#6 0x55bab5e8e08a <unknown>\n#7 0x55bab5e6f683 <unknown>\n#8 0x55bab5e3fd71 <unknown>\n#9 0x55bab5e407de <unknown>\n#10 0x55bab60f42ab <unknown>\n#11 0x55bab60f8242 <unknown>\n#12 0x55bab60e1665 <unknown>\n#13 0x55bab60f8dd2 <unknown>\n#14 0x55bab60c62af <unknown>\n#15 0x55bab611beb8 <unknown>\n#16 0x55bab611c090 <unknown>\n#17 0x55bab612b4ec <unknown>\n#18 0x7f95de894ac3 <unknown>\n\n",
      "statusTrace" : "  File \"/opt/hostedtoolcache/Python/3.12.4/x64/lib/python3.12/site-packages/allure_commons/_allure.py\", line 192, in impl\n    return func(*a, **kw)\n           ^^^^^^^^^^^^^^\n  File \"/home/runner/work/auto-tests-python/auto-tests-python/tests/conftest.py\", line 66, in auto_test_user_authorized\n    page.element_is_present_and_clickable(MainPageLocators.LOGIN_BUTTON).click()\n    ^^^^^^^^^^^^^^^^^^^^^^^^^^^^^^^^^^^^^^^^^^^^^^^^^^^^^^^^^^^^^^^^^^^^\n  File \"/home/runner/work/auto-tests-python/auto-tests-python/pages/base_page.py\", line 33, in element_is_present_and_clickable\n    return (Wait(self.driver, self.timeout).until(\n            ^^^^^^^^^^^^^^^^^^^^^^^^^^^^^^^^^^^^^^\n  File \"/opt/hostedtoolcache/Python/3.12.4/x64/lib/python3.12/site-packages/selenium/webdriver/support/wait.py\", line 95, in until\n    raise TimeoutException(message, screen, stacktrace)\n",
      "steps" : [ {
        "name" : "Check element is visible and clickable: ('xpath', '//a[@id=\"ember11\"]')",
        "time" : {
          "start" : 1723599083973,
          "stop" : 1723599104426,
          "duration" : 20453
        },
        "status" : "broken",
        "statusMessage" : "selenium.common.exceptions.TimeoutException: Message: Can't find element by locator ('xpath', '//a[@id=\"ember11\"]')\nStacktrace:\n#0 0x55bab612c71a <unknown>\n#1 0x55bab5dfd640 <unknown>\n#2 0x55bab5e4cc0b <unknown>\n#3 0x55bab5e4cef1 <unknown>\n#4 0x55bab5e90b64 <unknown>\n#5 0x55bab5e6f90d <unknown>\n#6 0x55bab5e8e08a <unknown>\n#7 0x55bab5e6f683 <unknown>\n#8 0x55bab5e3fd71 <unknown>\n#9 0x55bab5e407de <unknown>\n#10 0x55bab60f42ab <unknown>\n#11 0x55bab60f8242 <unknown>\n#12 0x55bab60e1665 <unknown>\n#13 0x55bab60f8dd2 <unknown>\n#14 0x55bab60c62af <unknown>\n#15 0x55bab611beb8 <unknown>\n#16 0x55bab611c090 <unknown>\n#17 0x55bab612b4ec <unknown>\n#18 0x7f95de894ac3 <unknown>\n\n",
        "statusTrace" : "  File \"/home/runner/work/auto-tests-python/auto-tests-python/pages/base_page.py\", line 33, in element_is_present_and_clickable\n    return (Wait(self.driver, self.timeout).until(\n            ^^^^^^^^^^^^^^^^^^^^^^^^^^^^^^^^^^^^^^\n  File \"/opt/hostedtoolcache/Python/3.12.4/x64/lib/python3.12/site-packages/selenium/webdriver/support/wait.py\", line 95, in until\n    raise TimeoutException(message, screen, stacktrace)\n",
        "steps" : [ ],
        "attachments" : [ ],
        "parameters" : [ ],
        "stepsCount" : 0,
        "attachmentsCount" : 0,
        "shouldDisplayMessage" : true,
        "hasContent" : true
      } ],
      "attachments" : [ ],
      "parameters" : [ {
        "name" : "driver",
        "value" : "<selenium.webdriver.chrome.webdriver.WebDriver (session=\"bd09e32fe5f38e084fcba26dfa74e9e6\")>"
      }, {
        "name" : "main_page_open",
        "value" : "None"
      } ],
      "stepsCount" : 1,
      "attachmentsCount" : 0,
      "shouldDisplayMessage" : false,
      "hasContent" : true
    } ],
    "attachments" : [ ],
    "parameters" : [ ],
    "stepsCount" : 2,
    "attachmentsCount" : 0,
    "shouldDisplayMessage" : false,
    "hasContent" : true
  }, {
    "name" : "driver",
    "time" : {
      "start" : 1723599082947,
      "stop" : 1723599083636,
      "duration" : 689
    },
    "status" : "passed",
    "steps" : [ ],
    "attachments" : [ ],
    "parameters" : [ ],
    "stepsCount" : 0,
    "attachmentsCount" : 0,
    "shouldDisplayMessage" : false,
    "hasContent" : false
  } ],
  "afterStages" : [ {
    "name" : "driver::0",
    "time" : {
      "start" : 1723599104438,
      "stop" : 1723599104596,
      "duration" : 158
    },
    "status" : "passed",
    "steps" : [ ],
    "attachments" : [ {
      "uid" : "bedc77c1968e47cf",
      "name" : "Screenshot 2024-08-14 01:31:44.536749",
      "source" : "bedc77c1968e47cf.png",
      "type" : "image/png",
      "size" : 8588
    } ],
    "parameters" : [ ],
    "stepsCount" : 0,
    "attachmentsCount" : 1,
    "shouldDisplayMessage" : false,
    "hasContent" : true
  } ],
  "labels" : [ {
    "name" : "epic",
    "value" : "Test Used Resources Page"
  }, {
    "name" : "parentSuite",
    "value" : "tests"
  }, {
    "name" : "suite",
    "value" : "used_resources_page_test"
  }, {
    "name" : "subSuite",
    "value" : "TestUsedResourcesPage"
  }, {
    "name" : "host",
    "value" : "fv-az1200-6"
  }, {
    "name" : "thread",
    "value" : "2287-MainThread"
  }, {
    "name" : "framework",
    "value" : "pytest"
  }, {
    "name" : "language",
    "value" : "cpython3"
  }, {
    "name" : "package",
    "value" : "tests.used_resources_page_test"
  }, {
    "name" : "resultFormat",
    "value" : "allure2"
  } ],
  "parameters" : [ ],
  "links" : [ ],
  "hidden" : false,
  "retry" : false,
  "extra" : {
    "severity" : "normal",
    "retries" : [ ],
    "categories" : [ {
      "name" : "Test defects",
      "matchedStatuses" : [ ],
      "flaky" : false
    } ],
    "history" : {
      "statistic" : {
        "failed" : 0,
        "broken" : 3,
        "skipped" : 0,
        "passed" : 207,
        "unknown" : 0,
        "total" : 210
      },
      "items" : [ {
        "uid" : "a4bbe44c35b53a1",
        "reportUrl" : "https://Brain-up.github.io/auto-tests-python/90//#testresult/a4bbe44c35b53a1",
        "status" : "broken",
        "statusDetails" : "selenium.common.exceptions.TimeoutException: Message: Can't find element by locator ('xpath', '//a[@id=\"ember11\"]')\nStacktrace:\n#0 0x55925169071a <unknown>\n#1 0x559251361640 <unknown>\n#2 0x5592513b0c0b <unknown>\n#3 0x5592513b0ef1 <unknown>\n#4 0x5592513f4b64 <unknown>\n#5 0x5592513d390d <unknown>\n#6 0x5592513f208a <unknown>\n#7 0x5592513d3683 <unknown>\n#8 0x5592513a3d71 <unknown>\n#9 0x5592513a47de <unknown>\n#10 0x5592516582ab <unknown>\n#11 0x55925165c242 <unknown>\n#12 0x559251645665 <unknown>\n#13 0x55925165cdd2 <unknown>\n#14 0x55925162a2af <unknown>\n#15 0x55925167feb8 <unknown>\n#16 0x559251680090 <unknown>\n#17 0x55925168f4ec <unknown>\n#18 0x7fd0c8494ac3 <unknown>",
        "time" : {
          "start" : 1723512767186,
          "stop" : 1723512767186,
          "duration" : 0
        }
      }, {
        "uid" : "47c9ff30a06f15e5",
        "reportUrl" : "https://Brain-up.github.io/auto-tests-python/194//#testresult/47c9ff30a06f15e5",
        "status" : "passed",
        "time" : {
          "start" : 1723448174488,
          "stop" : 1723448175320,
          "duration" : 832
        }
      }, {
        "uid" : "6e5c2a6b4fd6a044",
        "reportUrl" : "https://Brain-up.github.io/auto-tests-python/193//#testresult/6e5c2a6b4fd6a044",
        "status" : "passed",
        "time" : {
          "start" : 1723446657186,
          "stop" : 1723446658015,
          "duration" : 829
        }
      }, {
        "uid" : "d541944fd8bbdf7c",
        "reportUrl" : "https://Brain-up.github.io/auto-tests-python/89//#testresult/d541944fd8bbdf7c",
        "status" : "passed",
        "time" : {
          "start" : 1723424907838,
          "stop" : 1723424908668,
          "duration" : 830
        }
      }, {
        "uid" : "7ea17339038b525b",
        "reportUrl" : "https://Brain-up.github.io/auto-tests-python/192//#testresult/7ea17339038b525b",
        "status" : "passed",
        "time" : {
          "start" : 1723361874327,
          "stop" : 1723361875093,
          "duration" : 766
        }
      }, {
        "uid" : "c2fc14d9b279acba",
        "reportUrl" : "https://Brain-up.github.io/auto-tests-python/191//#testresult/c2fc14d9b279acba",
        "status" : "passed",
        "time" : {
          "start" : 1723360003187,
          "stop" : 1723360003952,
          "duration" : 765
        }
      }, {
        "uid" : "2af1e7c075bc786a",
        "reportUrl" : "https://Brain-up.github.io/auto-tests-python/191//#testresult/2af1e7c075bc786a",
        "status" : "passed",
        "time" : {
          "start" : 1723358441823,
          "stop" : 1723358442593,
          "duration" : 770
        }
      }, {
        "uid" : "dad72cf68f58990c",
        "reportUrl" : "https://Brain-up.github.io/auto-tests-python/88//#testresult/dad72cf68f58990c",
        "status" : "passed",
        "time" : {
          "start" : 1723338430435,
          "stop" : 1723338431198,
          "duration" : 763
        }
      }, {
        "uid" : "d68ebc0fcd02303e",
        "reportUrl" : "https://Brain-up.github.io/auto-tests-python/190//#testresult/d68ebc0fcd02303e",
        "status" : "passed",
        "time" : {
          "start" : 1723305142523,
          "stop" : 1723305143286,
          "duration" : 763
        }
      }, {
        "uid" : "57a4683c810972fa",
        "reportUrl" : "https://Brain-up.github.io/auto-tests-python/189//#testresult/57a4683c810972fa",
        "status" : "passed",
        "time" : {
          "start" : 1723303606292,
          "stop" : 1723303607061,
          "duration" : 769
        }
      }, {
        "uid" : "d23bdf037ebffbea",
        "reportUrl" : "https://Brain-up.github.io/auto-tests-python/87//#testresult/d23bdf037ebffbea",
        "status" : "passed",
        "time" : {
          "start" : 1723252118226,
          "stop" : 1723252119005,
          "duration" : 779
        }
      }, {
        "uid" : "c774669c837a4524",
        "reportUrl" : "https://Brain-up.github.io/auto-tests-python/188//#testresult/c774669c837a4524",
        "status" : "passed",
        "time" : {
          "start" : 1723189109568,
          "stop" : 1723189110337,
          "duration" : 769
        }
      }, {
        "uid" : "725bcb9e6e105c3c",
        "reportUrl" : "https://Brain-up.github.io/auto-tests-python/187//#testresult/725bcb9e6e105c3c",
        "status" : "passed",
        "time" : {
          "start" : 1723187755342,
          "stop" : 1723187756103,
          "duration" : 761
        }
      }, {
        "uid" : "a24e93824035d473",
        "reportUrl" : "https://Brain-up.github.io/auto-tests-python/86//#testresult/a24e93824035d473",
        "status" : "passed",
        "time" : {
          "start" : 1723165593271,
          "stop" : 1723165594037,
          "duration" : 766
        }
      }, {
        "uid" : "e6bd1834a01b4b60",
        "reportUrl" : "https://Brain-up.github.io/auto-tests-python/186//#testresult/e6bd1834a01b4b60",
        "status" : "passed",
        "time" : {
          "start" : 1723103977778,
          "stop" : 1723103978566,
          "duration" : 788
        }
      }, {
        "uid" : "7a67e322d4fa4efa",
        "reportUrl" : "https://Brain-up.github.io/auto-tests-python/185//#testresult/7a67e322d4fa4efa",
        "status" : "passed",
        "time" : {
          "start" : 1723102197009,
          "stop" : 1723102197778,
          "duration" : 769
        }
      }, {
        "uid" : "87ea37d87fd2d341",
        "reportUrl" : "https://Brain-up.github.io/auto-tests-python/85//#testresult/87ea37d87fd2d341",
        "status" : "passed",
        "time" : {
          "start" : 1723079307271,
          "stop" : 1723079308106,
          "duration" : 835
        }
      }, {
        "uid" : "bfd8508eef866eb9",
        "reportUrl" : "https://Brain-up.github.io/auto-tests-python/184//#testresult/bfd8508eef866eb9",
        "status" : "passed",
        "time" : {
          "start" : 1723020015936,
          "stop" : 1723020016736,
          "duration" : 800
        }
      }, {
        "uid" : "5540a27cac55decc",
        "reportUrl" : "https://Brain-up.github.io/auto-tests-python/183//#testresult/5540a27cac55decc",
        "status" : "passed",
        "time" : {
          "start" : 1723018440691,
          "stop" : 1723018441520,
          "duration" : 829
        }
      }, {
        "uid" : "ab83ac3238d81a08",
        "reportUrl" : "https://Brain-up.github.io/auto-tests-python/182//#testresult/ab83ac3238d81a08",
        "status" : "passed",
        "time" : {
          "start" : 1723016632129,
          "stop" : 1723016632893,
          "duration" : 764
        }
      } ]
    },
    "tags" : [ ]
  },
  "source" : "924d939f480c8395.json",
  "parameterValues" : [ ]
}