{
  "uid" : "ad98f858154a29ac",
  "name" : "Verify content of the text in sections 1, 2",
  "fullName" : "tests.start_unauthorized_page_test.TestStartUnauthorizedPageText#test_su_02_03_verify_page_text",
  "historyId" : "b87373ac223bbd10e938004c8d671bff",
  "time" : {
    "start" : 1723598692056,
    "stop" : 1723598712517,
    "duration" : 20461
  },
  "status" : "broken",
  "statusMessage" : "selenium.common.exceptions.TimeoutException: Message: Can't find element by locator ('xpath', \"//p[contains(@class, 'text')]\")\nStacktrace:\n#0 0x55b8bd50671a <unknown>\n#1 0x55b8bd1d7640 <unknown>\n#2 0x55b8bd226c0b <unknown>\n#3 0x55b8bd226ef1 <unknown>\n#4 0x55b8bd26ab64 <unknown>\n#5 0x55b8bd24990d <unknown>\n#6 0x55b8bd26808a <unknown>\n#7 0x55b8bd249683 <unknown>\n#8 0x55b8bd219d71 <unknown>\n#9 0x55b8bd21a7de <unknown>\n#10 0x55b8bd4ce2ab <unknown>\n#11 0x55b8bd4d2242 <unknown>\n#12 0x55b8bd4bb665 <unknown>\n#13 0x55b8bd4d2dd2 <unknown>\n#14 0x55b8bd4a02af <unknown>\n#15 0x55b8bd4f5eb8 <unknown>\n#16 0x55b8bd4f6090 <unknown>\n#17 0x55b8bd5054ec <unknown>\n#18 0x7fe8a6a94ac3 <unknown>",
  "statusTrace" : "self = <tests.start_unauthorized_page_test.TestStartUnauthorizedPage.TestStartUnauthorizedPageText object at 0x7f1b831509e0>\ndriver = <selenium.webdriver.chrome.webdriver.WebDriver (session=\"6e4042104e6371c2faaae2ba6987f8ac\")>\nmain_page_open = None\n\n    @allure.title(\"Verify content of the text in sections 1, 2\")\n    def test_su_02_03_verify_page_text(self, driver, main_page_open):\n        page = StartUnauthorizedPage(driver)\n>       text_content_section1 = page.get_text_content_in_section1()\n\ntests/start_unauthorized_page_test.py:87: \n_ _ _ _ _ _ _ _ _ _ _ _ _ _ _ _ _ _ _ _ _ _ _ _ _ _ _ _ _ _ _ _ _ _ _ _ _ _ _ _ \npages/start_unauthorized_page.py:115: in get_text_content_in_section1\n    return self.get_text(self.locators.SECTION_1_TEXT)\npages/base_page.py:96: in get_text\n    return self.element_is_visible(locator).text\npages/base_page.py:39: in element_is_visible\n    self.go_to_element(self.element_is_present(locator))\npages/base_page.py:56: in element_is_present\n    return Wait(self.driver, self.timeout).until(\n_ _ _ _ _ _ _ _ _ _ _ _ _ _ _ _ _ _ _ _ _ _ _ _ _ _ _ _ _ _ _ _ _ _ _ _ _ _ _ _ \n\nself = <selenium.webdriver.support.wait.WebDriverWait (session=\"6e4042104e6371c2faaae2ba6987f8ac\")>\nmethod = <function presence_of_element_located.<locals>._predicate at 0x7f1b82cfe160>\nmessage = 'Can\\'t find element by locator (\\'xpath\\', \"//p[contains(@class, \\'text\\')]\")'\n\n    def until(self, method, message: str = \"\"):\n        \"\"\"Calls the method provided with the driver as an argument until the \\\n        return value does not evaluate to ``False``.\n    \n        :param method: callable(WebDriver)\n        :param message: optional message for :exc:`TimeoutException`\n        :returns: the result of the last call to `method`\n        :raises: :exc:`selenium.common.exceptions.TimeoutException` if timeout occurs\n        \"\"\"\n        screen = None\n        stacktrace = None\n    \n        end_time = time.monotonic() + self._timeout\n        while True:\n            try:\n                value = method(self._driver)\n                if value:\n                    return value\n            except self._ignored_exceptions as exc:\n                screen = getattr(exc, \"screen\", None)\n                stacktrace = getattr(exc, \"stacktrace\", None)\n            time.sleep(self._poll)\n            if time.monotonic() > end_time:\n                break\n>       raise TimeoutException(message, screen, stacktrace)\nE       selenium.common.exceptions.TimeoutException: Message: Can't find element by locator ('xpath', \"//p[contains(@class, 'text')]\")\nE       Stacktrace:\nE       #0 0x55b8bd50671a <unknown>\nE       #1 0x55b8bd1d7640 <unknown>\nE       #2 0x55b8bd226c0b <unknown>\nE       #3 0x55b8bd226ef1 <unknown>\nE       #4 0x55b8bd26ab64 <unknown>\nE       #5 0x55b8bd24990d <unknown>\nE       #6 0x55b8bd26808a <unknown>\nE       #7 0x55b8bd249683 <unknown>\nE       #8 0x55b8bd219d71 <unknown>\nE       #9 0x55b8bd21a7de <unknown>\nE       #10 0x55b8bd4ce2ab <unknown>\nE       #11 0x55b8bd4d2242 <unknown>\nE       #12 0x55b8bd4bb665 <unknown>\nE       #13 0x55b8bd4d2dd2 <unknown>\nE       #14 0x55b8bd4a02af <unknown>\nE       #15 0x55b8bd4f5eb8 <unknown>\nE       #16 0x55b8bd4f6090 <unknown>\nE       #17 0x55b8bd5054ec <unknown>\nE       #18 0x7fe8a6a94ac3 <unknown>\n\n/opt/hostedtoolcache/Python/3.12.4/x64/lib/python3.12/site-packages/selenium/webdriver/support/wait.py:95: TimeoutException",
  "flaky" : false,
  "newFailed" : false,
  "beforeStages" : [ {
    "name" : "main_page_open",
    "time" : {
      "start" : 1723598691720,
      "stop" : 1723598692056,
      "duration" : 336
    },
    "status" : "passed",
    "steps" : [ {
      "name" : "Open page: https://brainup.site/",
      "time" : {
        "start" : 1723598691720,
        "stop" : 1723598692056,
        "duration" : 336
      },
      "status" : "passed",
      "steps" : [ ],
      "attachments" : [ ],
      "parameters" : [ {
        "name" : "driver",
        "value" : "<selenium.webdriver.chrome.webdriver.WebDriver (session=\"6e4042104e6371c2faaae2ba6987f8ac\")>"
      } ],
      "stepsCount" : 0,
      "attachmentsCount" : 0,
      "shouldDisplayMessage" : false,
      "hasContent" : true
    } ],
    "attachments" : [ ],
    "parameters" : [ ],
    "stepsCount" : 1,
    "attachmentsCount" : 0,
    "shouldDisplayMessage" : false,
    "hasContent" : true
  }, {
    "name" : "clear_allure_results_folder",
    "time" : {
      "start" : 1723596645667,
      "stop" : 1723596645667,
      "duration" : 0
    },
    "status" : "passed",
    "steps" : [ ],
    "attachments" : [ ],
    "parameters" : [ ],
    "stepsCount" : 0,
    "attachmentsCount" : 0,
    "shouldDisplayMessage" : false,
    "hasContent" : false
  }, {
    "name" : "driver",
    "time" : {
      "start" : 1723598691029,
      "stop" : 1723598691720,
      "duration" : 691
    },
    "status" : "passed",
    "steps" : [ ],
    "attachments" : [ ],
    "parameters" : [ ],
    "stepsCount" : 0,
    "attachmentsCount" : 0,
    "shouldDisplayMessage" : false,
    "hasContent" : false
  } ],
  "testStage" : {
    "status" : "broken",
    "statusMessage" : "selenium.common.exceptions.TimeoutException: Message: Can't find element by locator ('xpath', \"//p[contains(@class, 'text')]\")\nStacktrace:\n#0 0x55b8bd50671a <unknown>\n#1 0x55b8bd1d7640 <unknown>\n#2 0x55b8bd226c0b <unknown>\n#3 0x55b8bd226ef1 <unknown>\n#4 0x55b8bd26ab64 <unknown>\n#5 0x55b8bd24990d <unknown>\n#6 0x55b8bd26808a <unknown>\n#7 0x55b8bd249683 <unknown>\n#8 0x55b8bd219d71 <unknown>\n#9 0x55b8bd21a7de <unknown>\n#10 0x55b8bd4ce2ab <unknown>\n#11 0x55b8bd4d2242 <unknown>\n#12 0x55b8bd4bb665 <unknown>\n#13 0x55b8bd4d2dd2 <unknown>\n#14 0x55b8bd4a02af <unknown>\n#15 0x55b8bd4f5eb8 <unknown>\n#16 0x55b8bd4f6090 <unknown>\n#17 0x55b8bd5054ec <unknown>\n#18 0x7fe8a6a94ac3 <unknown>",
    "statusTrace" : "self = <tests.start_unauthorized_page_test.TestStartUnauthorizedPage.TestStartUnauthorizedPageText object at 0x7f1b831509e0>\ndriver = <selenium.webdriver.chrome.webdriver.WebDriver (session=\"6e4042104e6371c2faaae2ba6987f8ac\")>\nmain_page_open = None\n\n    @allure.title(\"Verify content of the text in sections 1, 2\")\n    def test_su_02_03_verify_page_text(self, driver, main_page_open):\n        page = StartUnauthorizedPage(driver)\n>       text_content_section1 = page.get_text_content_in_section1()\n\ntests/start_unauthorized_page_test.py:87: \n_ _ _ _ _ _ _ _ _ _ _ _ _ _ _ _ _ _ _ _ _ _ _ _ _ _ _ _ _ _ _ _ _ _ _ _ _ _ _ _ \npages/start_unauthorized_page.py:115: in get_text_content_in_section1\n    return self.get_text(self.locators.SECTION_1_TEXT)\npages/base_page.py:96: in get_text\n    return self.element_is_visible(locator).text\npages/base_page.py:39: in element_is_visible\n    self.go_to_element(self.element_is_present(locator))\npages/base_page.py:56: in element_is_present\n    return Wait(self.driver, self.timeout).until(\n_ _ _ _ _ _ _ _ _ _ _ _ _ _ _ _ _ _ _ _ _ _ _ _ _ _ _ _ _ _ _ _ _ _ _ _ _ _ _ _ \n\nself = <selenium.webdriver.support.wait.WebDriverWait (session=\"6e4042104e6371c2faaae2ba6987f8ac\")>\nmethod = <function presence_of_element_located.<locals>._predicate at 0x7f1b82cfe160>\nmessage = 'Can\\'t find element by locator (\\'xpath\\', \"//p[contains(@class, \\'text\\')]\")'\n\n    def until(self, method, message: str = \"\"):\n        \"\"\"Calls the method provided with the driver as an argument until the \\\n        return value does not evaluate to ``False``.\n    \n        :param method: callable(WebDriver)\n        :param message: optional message for :exc:`TimeoutException`\n        :returns: the result of the last call to `method`\n        :raises: :exc:`selenium.common.exceptions.TimeoutException` if timeout occurs\n        \"\"\"\n        screen = None\n        stacktrace = None\n    \n        end_time = time.monotonic() + self._timeout\n        while True:\n            try:\n                value = method(self._driver)\n                if value:\n                    return value\n            except self._ignored_exceptions as exc:\n                screen = getattr(exc, \"screen\", None)\n                stacktrace = getattr(exc, \"stacktrace\", None)\n            time.sleep(self._poll)\n            if time.monotonic() > end_time:\n                break\n>       raise TimeoutException(message, screen, stacktrace)\nE       selenium.common.exceptions.TimeoutException: Message: Can't find element by locator ('xpath', \"//p[contains(@class, 'text')]\")\nE       Stacktrace:\nE       #0 0x55b8bd50671a <unknown>\nE       #1 0x55b8bd1d7640 <unknown>\nE       #2 0x55b8bd226c0b <unknown>\nE       #3 0x55b8bd226ef1 <unknown>\nE       #4 0x55b8bd26ab64 <unknown>\nE       #5 0x55b8bd24990d <unknown>\nE       #6 0x55b8bd26808a <unknown>\nE       #7 0x55b8bd249683 <unknown>\nE       #8 0x55b8bd219d71 <unknown>\nE       #9 0x55b8bd21a7de <unknown>\nE       #10 0x55b8bd4ce2ab <unknown>\nE       #11 0x55b8bd4d2242 <unknown>\nE       #12 0x55b8bd4bb665 <unknown>\nE       #13 0x55b8bd4d2dd2 <unknown>\nE       #14 0x55b8bd4a02af <unknown>\nE       #15 0x55b8bd4f5eb8 <unknown>\nE       #16 0x55b8bd4f6090 <unknown>\nE       #17 0x55b8bd5054ec <unknown>\nE       #18 0x7fe8a6a94ac3 <unknown>\n\n/opt/hostedtoolcache/Python/3.12.4/x64/lib/python3.12/site-packages/selenium/webdriver/support/wait.py:95: TimeoutException",
    "steps" : [ {
      "name" : "Get content of the text in the section 1",
      "time" : {
        "start" : 1723598692056,
        "stop" : 1723598712517,
        "duration" : 20461
      },
      "status" : "broken",
      "statusMessage" : "selenium.common.exceptions.TimeoutException: Message: Can't find element by locator ('xpath', \"//p[contains(@class, 'text')]\")\nStacktrace:\n#0 0x55b8bd50671a <unknown>\n#1 0x55b8bd1d7640 <unknown>\n#2 0x55b8bd226c0b <unknown>\n#3 0x55b8bd226ef1 <unknown>\n#4 0x55b8bd26ab64 <unknown>\n#5 0x55b8bd24990d <unknown>\n#6 0x55b8bd26808a <unknown>\n#7 0x55b8bd249683 <unknown>\n#8 0x55b8bd219d71 <unknown>\n#9 0x55b8bd21a7de <unknown>\n#10 0x55b8bd4ce2ab <unknown>\n#11 0x55b8bd4d2242 <unknown>\n#12 0x55b8bd4bb665 <unknown>\n#13 0x55b8bd4d2dd2 <unknown>\n#14 0x55b8bd4a02af <unknown>\n#15 0x55b8bd4f5eb8 <unknown>\n#16 0x55b8bd4f6090 <unknown>\n#17 0x55b8bd5054ec <unknown>\n#18 0x7fe8a6a94ac3 <unknown>\n\n",
      "statusTrace" : "  File \"/opt/hostedtoolcache/Python/3.12.4/x64/lib/python3.12/site-packages/allure_commons/_allure.py\", line 192, in impl\n    return func(*a, **kw)\n           ^^^^^^^^^^^^^^\n  File \"/home/runner/work/auto-tests-python/auto-tests-python/pages/start_unauthorized_page.py\", line 115, in get_text_content_in_section1\n    return self.get_text(self.locators.SECTION_1_TEXT)\n           ^^^^^^^^^^^^^^^^^^^^^^^^^^^^^^^^^^^^^^^^^^^\n  File \"/home/runner/work/auto-tests-python/auto-tests-python/pages/base_page.py\", line 96, in get_text\n    return self.element_is_visible(locator).text\n           ^^^^^^^^^^^^^^^^^^^^^^^^^^^^^^^^\n  File \"/home/runner/work/auto-tests-python/auto-tests-python/pages/base_page.py\", line 39, in element_is_visible\n    self.go_to_element(self.element_is_present(locator))\n                       ^^^^^^^^^^^^^^^^^^^^^^^^^^^^^^^^\n  File \"/home/runner/work/auto-tests-python/auto-tests-python/pages/base_page.py\", line 56, in element_is_present\n    return Wait(self.driver, self.timeout).until(\n           ^^^^^^^^^^^^^^^^^^^^^^^^^^^^^^^^^^^^^^\n  File \"/opt/hostedtoolcache/Python/3.12.4/x64/lib/python3.12/site-packages/selenium/webdriver/support/wait.py\", line 95, in until\n    raise TimeoutException(message, screen, stacktrace)\n",
      "steps" : [ {
        "name" : "Get text in the element: ('xpath', \"//p[contains(@class, 'text')]\")",
        "time" : {
          "start" : 1723598692056,
          "stop" : 1723598712517,
          "duration" : 20461
        },
        "status" : "broken",
        "statusMessage" : "selenium.common.exceptions.TimeoutException: Message: Can't find element by locator ('xpath', \"//p[contains(@class, 'text')]\")\nStacktrace:\n#0 0x55b8bd50671a <unknown>\n#1 0x55b8bd1d7640 <unknown>\n#2 0x55b8bd226c0b <unknown>\n#3 0x55b8bd226ef1 <unknown>\n#4 0x55b8bd26ab64 <unknown>\n#5 0x55b8bd24990d <unknown>\n#6 0x55b8bd26808a <unknown>\n#7 0x55b8bd249683 <unknown>\n#8 0x55b8bd219d71 <unknown>\n#9 0x55b8bd21a7de <unknown>\n#10 0x55b8bd4ce2ab <unknown>\n#11 0x55b8bd4d2242 <unknown>\n#12 0x55b8bd4bb665 <unknown>\n#13 0x55b8bd4d2dd2 <unknown>\n#14 0x55b8bd4a02af <unknown>\n#15 0x55b8bd4f5eb8 <unknown>\n#16 0x55b8bd4f6090 <unknown>\n#17 0x55b8bd5054ec <unknown>\n#18 0x7fe8a6a94ac3 <unknown>\n\n",
        "statusTrace" : "  File \"/home/runner/work/auto-tests-python/auto-tests-python/pages/base_page.py\", line 96, in get_text\n    return self.element_is_visible(locator).text\n           ^^^^^^^^^^^^^^^^^^^^^^^^^^^^^^^^\n  File \"/home/runner/work/auto-tests-python/auto-tests-python/pages/base_page.py\", line 39, in element_is_visible\n    self.go_to_element(self.element_is_present(locator))\n                       ^^^^^^^^^^^^^^^^^^^^^^^^^^^^^^^^\n  File \"/home/runner/work/auto-tests-python/auto-tests-python/pages/base_page.py\", line 56, in element_is_present\n    return Wait(self.driver, self.timeout).until(\n           ^^^^^^^^^^^^^^^^^^^^^^^^^^^^^^^^^^^^^^\n  File \"/opt/hostedtoolcache/Python/3.12.4/x64/lib/python3.12/site-packages/selenium/webdriver/support/wait.py\", line 95, in until\n    raise TimeoutException(message, screen, stacktrace)\n",
        "steps" : [ {
          "name" : "Check element is visible: ('xpath', \"//p[contains(@class, 'text')]\")",
          "time" : {
            "start" : 1723598692056,
            "stop" : 1723598712516,
            "duration" : 20460
          },
          "status" : "broken",
          "statusMessage" : "selenium.common.exceptions.TimeoutException: Message: Can't find element by locator ('xpath', \"//p[contains(@class, 'text')]\")\nStacktrace:\n#0 0x55b8bd50671a <unknown>\n#1 0x55b8bd1d7640 <unknown>\n#2 0x55b8bd226c0b <unknown>\n#3 0x55b8bd226ef1 <unknown>\n#4 0x55b8bd26ab64 <unknown>\n#5 0x55b8bd24990d <unknown>\n#6 0x55b8bd26808a <unknown>\n#7 0x55b8bd249683 <unknown>\n#8 0x55b8bd219d71 <unknown>\n#9 0x55b8bd21a7de <unknown>\n#10 0x55b8bd4ce2ab <unknown>\n#11 0x55b8bd4d2242 <unknown>\n#12 0x55b8bd4bb665 <unknown>\n#13 0x55b8bd4d2dd2 <unknown>\n#14 0x55b8bd4a02af <unknown>\n#15 0x55b8bd4f5eb8 <unknown>\n#16 0x55b8bd4f6090 <unknown>\n#17 0x55b8bd5054ec <unknown>\n#18 0x7fe8a6a94ac3 <unknown>\n\n",
          "statusTrace" : "  File \"/home/runner/work/auto-tests-python/auto-tests-python/pages/base_page.py\", line 39, in element_is_visible\n    self.go_to_element(self.element_is_present(locator))\n                       ^^^^^^^^^^^^^^^^^^^^^^^^^^^^^^^^\n  File \"/home/runner/work/auto-tests-python/auto-tests-python/pages/base_page.py\", line 56, in element_is_present\n    return Wait(self.driver, self.timeout).until(\n           ^^^^^^^^^^^^^^^^^^^^^^^^^^^^^^^^^^^^^^\n  File \"/opt/hostedtoolcache/Python/3.12.4/x64/lib/python3.12/site-packages/selenium/webdriver/support/wait.py\", line 95, in until\n    raise TimeoutException(message, screen, stacktrace)\n",
          "steps" : [ {
            "name" : "Check element is present: ('xpath', \"//p[contains(@class, 'text')]\")",
            "time" : {
              "start" : 1723598692056,
              "stop" : 1723598712516,
              "duration" : 20460
            },
            "status" : "broken",
            "statusMessage" : "selenium.common.exceptions.TimeoutException: Message: Can't find element by locator ('xpath', \"//p[contains(@class, 'text')]\")\nStacktrace:\n#0 0x55b8bd50671a <unknown>\n#1 0x55b8bd1d7640 <unknown>\n#2 0x55b8bd226c0b <unknown>\n#3 0x55b8bd226ef1 <unknown>\n#4 0x55b8bd26ab64 <unknown>\n#5 0x55b8bd24990d <unknown>\n#6 0x55b8bd26808a <unknown>\n#7 0x55b8bd249683 <unknown>\n#8 0x55b8bd219d71 <unknown>\n#9 0x55b8bd21a7de <unknown>\n#10 0x55b8bd4ce2ab <unknown>\n#11 0x55b8bd4d2242 <unknown>\n#12 0x55b8bd4bb665 <unknown>\n#13 0x55b8bd4d2dd2 <unknown>\n#14 0x55b8bd4a02af <unknown>\n#15 0x55b8bd4f5eb8 <unknown>\n#16 0x55b8bd4f6090 <unknown>\n#17 0x55b8bd5054ec <unknown>\n#18 0x7fe8a6a94ac3 <unknown>\n\n",
            "statusTrace" : "  File \"/home/runner/work/auto-tests-python/auto-tests-python/pages/base_page.py\", line 56, in element_is_present\n    return Wait(self.driver, self.timeout).until(\n           ^^^^^^^^^^^^^^^^^^^^^^^^^^^^^^^^^^^^^^\n  File \"/opt/hostedtoolcache/Python/3.12.4/x64/lib/python3.12/site-packages/selenium/webdriver/support/wait.py\", line 95, in until\n    raise TimeoutException(message, screen, stacktrace)\n",
            "steps" : [ ],
            "attachments" : [ ],
            "parameters" : [ ],
            "stepsCount" : 0,
            "attachmentsCount" : 0,
            "shouldDisplayMessage" : true,
            "hasContent" : true
          } ],
          "attachments" : [ ],
          "parameters" : [ ],
          "stepsCount" : 1,
          "attachmentsCount" : 0,
          "shouldDisplayMessage" : false,
          "hasContent" : true
        } ],
        "attachments" : [ ],
        "parameters" : [ ],
        "stepsCount" : 2,
        "attachmentsCount" : 0,
        "shouldDisplayMessage" : false,
        "hasContent" : true
      } ],
      "attachments" : [ ],
      "parameters" : [ ],
      "stepsCount" : 3,
      "attachmentsCount" : 0,
      "shouldDisplayMessage" : false,
      "hasContent" : true
    } ],
    "attachments" : [ {
      "uid" : "9c3f0f098f079104",
      "name" : "Screenshot",
      "source" : "9c3f0f098f079104.png",
      "type" : "image/png",
      "size" : 8588
    }, {
      "uid" : "2df6ef211083abe6",
      "name" : "HTML source",
      "source" : "2df6ef211083abe6.html",
      "type" : "text/html",
      "size" : 39
    } ],
    "parameters" : [ ],
    "stepsCount" : 4,
    "attachmentsCount" : 2,
    "shouldDisplayMessage" : true,
    "hasContent" : true
  },
  "afterStages" : [ {
    "name" : "driver::0",
    "time" : {
      "start" : 1723598712620,
      "stop" : 1723598712760,
      "duration" : 140
    },
    "status" : "passed",
    "steps" : [ ],
    "attachments" : [ {
      "uid" : "b4d7384c8aba4652",
      "name" : "Screenshot 2024-08-14 01:25:12.701014",
      "source" : "b4d7384c8aba4652.png",
      "type" : "image/png",
      "size" : 8588
    } ],
    "parameters" : [ ],
    "stepsCount" : 0,
    "attachmentsCount" : 1,
    "shouldDisplayMessage" : false,
    "hasContent" : true
  } ],
  "labels" : [ {
    "name" : "epic",
    "value" : "The Start Unauthorized Page"
  }, {
    "name" : "parentSuite",
    "value" : "tests"
  }, {
    "name" : "suite",
    "value" : "start_unauthorized_page_test"
  }, {
    "name" : "subSuite",
    "value" : "TestStartUnauthorizedPage"
  }, {
    "name" : "host",
    "value" : "fv-az1200-6"
  }, {
    "name" : "thread",
    "value" : "2287-MainThread"
  }, {
    "name" : "framework",
    "value" : "pytest"
  }, {
    "name" : "language",
    "value" : "cpython3"
  }, {
    "name" : "package",
    "value" : "tests.start_unauthorized_page_test"
  }, {
    "name" : "resultFormat",
    "value" : "allure2"
  } ],
  "parameters" : [ ],
  "links" : [ ],
  "hidden" : false,
  "retry" : false,
  "extra" : {
    "severity" : "normal",
    "retries" : [ ],
    "categories" : [ {
      "name" : "Test defects",
      "matchedStatuses" : [ ],
      "flaky" : false
    } ],
    "history" : {
      "statistic" : {
        "failed" : 0,
        "broken" : 2,
        "skipped" : 0,
        "passed" : 199,
        "unknown" : 0,
        "total" : 201
      },
      "items" : [ {
        "uid" : "a04d7950620ce113",
        "reportUrl" : "https://Brain-up.github.io/auto-tests-python/90//#testresult/a04d7950620ce113",
        "status" : "broken",
        "statusDetails" : "selenium.common.exceptions.TimeoutException: Message: Can't find element by locator ('xpath', \"//p[contains(@class, 'text')]\")\nStacktrace:\n#0 0x5626b5e4971a <unknown>\n#1 0x5626b5b1a640 <unknown>\n#2 0x5626b5b69c0b <unknown>\n#3 0x5626b5b69ef1 <unknown>\n#4 0x5626b5badb64 <unknown>\n#5 0x5626b5b8c90d <unknown>\n#6 0x5626b5bab08a <unknown>\n#7 0x5626b5b8c683 <unknown>\n#8 0x5626b5b5cd71 <unknown>\n#9 0x5626b5b5d7de <unknown>\n#10 0x5626b5e112ab <unknown>\n#11 0x5626b5e15242 <unknown>\n#12 0x5626b5dfe665 <unknown>\n#13 0x5626b5e15dd2 <unknown>\n#14 0x5626b5de32af <unknown>\n#15 0x5626b5e38eb8 <unknown>\n#16 0x5626b5e39090 <unknown>\n#17 0x5626b5e484ec <unknown>\n#18 0x7f1430c94ac3 <unknown>",
        "time" : {
          "start" : 1723512373337,
          "stop" : 1723512393813,
          "duration" : 20476
        }
      }, {
        "uid" : "1272786a7b4d1c03",
        "reportUrl" : "https://Brain-up.github.io/auto-tests-python/194//#testresult/1272786a7b4d1c03",
        "status" : "passed",
        "time" : {
          "start" : 1723447879992,
          "stop" : 1723447880057,
          "duration" : 65
        }
      }, {
        "uid" : "74100bf874ebb96f",
        "reportUrl" : "https://Brain-up.github.io/auto-tests-python/193//#testresult/74100bf874ebb96f",
        "status" : "passed",
        "time" : {
          "start" : 1723446326867,
          "stop" : 1723446326931,
          "duration" : 64
        }
      }, {
        "uid" : "cf27bcd8b0defe42",
        "reportUrl" : "https://Brain-up.github.io/auto-tests-python/89//#testresult/cf27bcd8b0defe42",
        "status" : "passed",
        "time" : {
          "start" : 1723424598912,
          "stop" : 1723424598977,
          "duration" : 65
        }
      }, {
        "uid" : "d39233697333ffc8",
        "reportUrl" : "https://Brain-up.github.io/auto-tests-python/192//#testresult/d39233697333ffc8",
        "status" : "passed",
        "time" : {
          "start" : 1723361610704,
          "stop" : 1723361610768,
          "duration" : 64
        }
      }, {
        "uid" : "89de5c9a26505e27",
        "reportUrl" : "https://Brain-up.github.io/auto-tests-python/191//#testresult/89de5c9a26505e27",
        "status" : "passed",
        "time" : {
          "start" : 1723359624336,
          "stop" : 1723359624403,
          "duration" : 67
        }
      }, {
        "uid" : "7cf2569ca6e6644b",
        "reportUrl" : "https://Brain-up.github.io/auto-tests-python/191//#testresult/7cf2569ca6e6644b",
        "status" : "passed",
        "time" : {
          "start" : 1723357945220,
          "stop" : 1723357945286,
          "duration" : 66
        }
      }, {
        "uid" : "8bd723ccab7bd78a",
        "reportUrl" : "https://Brain-up.github.io/auto-tests-python/88//#testresult/8bd723ccab7bd78a",
        "status" : "passed",
        "time" : {
          "start" : 1723338162938,
          "stop" : 1723338163003,
          "duration" : 65
        }
      }, {
        "uid" : "26df4b0b69c5fdee",
        "reportUrl" : "https://Brain-up.github.io/auto-tests-python/190//#testresult/26df4b0b69c5fdee",
        "status" : "passed",
        "time" : {
          "start" : 1723304884408,
          "stop" : 1723304884472,
          "duration" : 64
        }
      }, {
        "uid" : "443f45fe5bb73925",
        "reportUrl" : "https://Brain-up.github.io/auto-tests-python/189//#testresult/443f45fe5bb73925",
        "status" : "passed",
        "time" : {
          "start" : 1723303346036,
          "stop" : 1723303346100,
          "duration" : 64
        }
      }, {
        "uid" : "88ab6089b59b6dde",
        "reportUrl" : "https://Brain-up.github.io/auto-tests-python/87//#testresult/88ab6089b59b6dde",
        "status" : "passed",
        "time" : {
          "start" : 1723251583402,
          "stop" : 1723251583465,
          "duration" : 63
        }
      }, {
        "uid" : "6fc4e595a427d4fb",
        "reportUrl" : "https://Brain-up.github.io/auto-tests-python/188//#testresult/6fc4e595a427d4fb",
        "status" : "passed",
        "time" : {
          "start" : 1723188806335,
          "stop" : 1723188806400,
          "duration" : 65
        }
      }, {
        "uid" : "8b709d048045d9c6",
        "reportUrl" : "https://Brain-up.github.io/auto-tests-python/187//#testresult/8b709d048045d9c6",
        "status" : "passed",
        "time" : {
          "start" : 1723187485104,
          "stop" : 1723187485170,
          "duration" : 66
        }
      }, {
        "uid" : "2e6269799b01efd9",
        "reportUrl" : "https://Brain-up.github.io/auto-tests-python/86//#testresult/2e6269799b01efd9",
        "status" : "passed",
        "time" : {
          "start" : 1723165209334,
          "stop" : 1723165209398,
          "duration" : 64
        }
      }, {
        "uid" : "a382e7bfe4f25662",
        "reportUrl" : "https://Brain-up.github.io/auto-tests-python/186//#testresult/a382e7bfe4f25662",
        "status" : "passed",
        "time" : {
          "start" : 1723103479420,
          "stop" : 1723103479485,
          "duration" : 65
        }
      }, {
        "uid" : "d03240ec825758bf",
        "reportUrl" : "https://Brain-up.github.io/auto-tests-python/185//#testresult/d03240ec825758bf",
        "status" : "passed",
        "time" : {
          "start" : 1723101703617,
          "stop" : 1723101703681,
          "duration" : 64
        }
      }, {
        "uid" : "df508fff1fda64c6",
        "reportUrl" : "https://Brain-up.github.io/auto-tests-python/85//#testresult/df508fff1fda64c6",
        "status" : "passed",
        "time" : {
          "start" : 1723078973764,
          "stop" : 1723078973835,
          "duration" : 71
        }
      }, {
        "uid" : "bb6922d703db8b07",
        "reportUrl" : "https://Brain-up.github.io/auto-tests-python/184//#testresult/bb6922d703db8b07",
        "status" : "passed",
        "time" : {
          "start" : 1723019731232,
          "stop" : 1723019731302,
          "duration" : 70
        }
      }, {
        "uid" : "1bf85e3b55be84e0",
        "reportUrl" : "https://Brain-up.github.io/auto-tests-python/183//#testresult/1bf85e3b55be84e0",
        "status" : "passed",
        "time" : {
          "start" : 1723018084496,
          "stop" : 1723018084560,
          "duration" : 64
        }
      }, {
        "uid" : "1b01099d1756c980",
        "reportUrl" : "https://Brain-up.github.io/auto-tests-python/182//#testresult/1b01099d1756c980",
        "status" : "passed",
        "time" : {
          "start" : 1723016373543,
          "stop" : 1723016373608,
          "duration" : 65
        }
      } ]
    },
    "tags" : [ ]
  },
  "source" : "ad98f858154a29ac.json",
  "parameterValues" : [ ]
}