{
  "uid" : "b61a926d8ef9c655",
  "name" : "Verify return main page from description page.",
  "fullName" : "tests.description_page_test.TestDescriptionPage#test_dp_01_verify_return_main_page_from_description_page",
  "historyId" : "6b55273ef664982f4126cba6302ba005",
  "time" : {
    "start" : 1723597185326,
    "stop" : 1723597205778,
    "duration" : 20452
  },
  "status" : "broken",
  "statusMessage" : "selenium.common.exceptions.TimeoutException: Message: Can't find element by locator ('id', 'ember4')\nStacktrace:\n#0 0x560f57ccf71a <unknown>\n#1 0x560f579a0640 <unknown>\n#2 0x560f579efc0b <unknown>\n#3 0x560f579efef1 <unknown>\n#4 0x560f57a33b64 <unknown>\n#5 0x560f57a1290d <unknown>\n#6 0x560f57a3108a <unknown>\n#7 0x560f57a12683 <unknown>\n#8 0x560f579e2d71 <unknown>\n#9 0x560f579e37de <unknown>\n#10 0x560f57c972ab <unknown>\n#11 0x560f57c9b242 <unknown>\n#12 0x560f57c84665 <unknown>\n#13 0x560f57c9bdd2 <unknown>\n#14 0x560f57c692af <unknown>\n#15 0x560f57cbeeb8 <unknown>\n#16 0x560f57cbf090 <unknown>\n#17 0x560f57cce4ec <unknown>\n#18 0x7f7727a94ac3 <unknown>",
  "statusTrace" : "self = <tests.description_page_test.TestDescriptionPage object at 0x7f1b833cdd90>\ndriver = <selenium.webdriver.chrome.webdriver.WebDriver (session=\"2243d5125f21221c34087aae7aae3eea\")>\ndescription_page_open = None\n\n    @allure.title(\"Verify return main page from description page.\")\n    def test_dp_01_verify_return_main_page_from_description_page(self, driver, description_page_open):\n        page = DescriptionPage(driver)\n>       main_url = page.return_main_page()\n\ntests/description_page_test.py:12: \n_ _ _ _ _ _ _ _ _ _ _ _ _ _ _ _ _ _ _ _ _ _ _ _ _ _ _ _ _ _ _ _ _ _ _ _ _ _ _ _ \npages/description_page.py:13: in return_main_page\n    self.element_is_present_and_clickable(self.locators.LOGO).click()\npages/base_page.py:33: in element_is_present_and_clickable\n    return (Wait(self.driver, self.timeout).until(\n_ _ _ _ _ _ _ _ _ _ _ _ _ _ _ _ _ _ _ _ _ _ _ _ _ _ _ _ _ _ _ _ _ _ _ _ _ _ _ _ \n\nself = <selenium.webdriver.support.wait.WebDriverWait (session=\"2243d5125f21221c34087aae7aae3eea\")>\nmethod = <function visibility_of_element_located.<locals>._predicate at 0x7f1b830f59e0>\nmessage = \"Can't find element by locator ('id', 'ember4')\"\n\n    def until(self, method, message: str = \"\"):\n        \"\"\"Calls the method provided with the driver as an argument until the \\\n        return value does not evaluate to ``False``.\n    \n        :param method: callable(WebDriver)\n        :param message: optional message for :exc:`TimeoutException`\n        :returns: the result of the last call to `method`\n        :raises: :exc:`selenium.common.exceptions.TimeoutException` if timeout occurs\n        \"\"\"\n        screen = None\n        stacktrace = None\n    \n        end_time = time.monotonic() + self._timeout\n        while True:\n            try:\n                value = method(self._driver)\n                if value:\n                    return value\n            except self._ignored_exceptions as exc:\n                screen = getattr(exc, \"screen\", None)\n                stacktrace = getattr(exc, \"stacktrace\", None)\n            time.sleep(self._poll)\n            if time.monotonic() > end_time:\n                break\n>       raise TimeoutException(message, screen, stacktrace)\nE       selenium.common.exceptions.TimeoutException: Message: Can't find element by locator ('id', 'ember4')\nE       Stacktrace:\nE       #0 0x560f57ccf71a <unknown>\nE       #1 0x560f579a0640 <unknown>\nE       #2 0x560f579efc0b <unknown>\nE       #3 0x560f579efef1 <unknown>\nE       #4 0x560f57a33b64 <unknown>\nE       #5 0x560f57a1290d <unknown>\nE       #6 0x560f57a3108a <unknown>\nE       #7 0x560f57a12683 <unknown>\nE       #8 0x560f579e2d71 <unknown>\nE       #9 0x560f579e37de <unknown>\nE       #10 0x560f57c972ab <unknown>\nE       #11 0x560f57c9b242 <unknown>\nE       #12 0x560f57c84665 <unknown>\nE       #13 0x560f57c9bdd2 <unknown>\nE       #14 0x560f57c692af <unknown>\nE       #15 0x560f57cbeeb8 <unknown>\nE       #16 0x560f57cbf090 <unknown>\nE       #17 0x560f57cce4ec <unknown>\nE       #18 0x7f7727a94ac3 <unknown>\n\n/opt/hostedtoolcache/Python/3.12.4/x64/lib/python3.12/site-packages/selenium/webdriver/support/wait.py:95: TimeoutException",
  "flaky" : false,
  "newFailed" : false,
  "beforeStages" : [ {
    "name" : "driver",
    "time" : {
      "start" : 1723597184306,
      "stop" : 1723597184997,
      "duration" : 691
    },
    "status" : "passed",
    "steps" : [ ],
    "attachments" : [ ],
    "parameters" : [ ],
    "stepsCount" : 0,
    "attachmentsCount" : 0,
    "shouldDisplayMessage" : false,
    "hasContent" : false
  }, {
    "name" : "clear_allure_results_folder",
    "time" : {
      "start" : 1723596645667,
      "stop" : 1723596645667,
      "duration" : 0
    },
    "status" : "passed",
    "steps" : [ ],
    "attachments" : [ ],
    "parameters" : [ ],
    "stepsCount" : 0,
    "attachmentsCount" : 0,
    "shouldDisplayMessage" : false,
    "hasContent" : false
  }, {
    "name" : "description_page_open",
    "time" : {
      "start" : 1723597184997,
      "stop" : 1723597185325,
      "duration" : 328
    },
    "status" : "passed",
    "steps" : [ {
      "name" : "Open page: https://brainup.site/description",
      "time" : {
        "start" : 1723597184997,
        "stop" : 1723597185325,
        "duration" : 328
      },
      "status" : "passed",
      "steps" : [ ],
      "attachments" : [ ],
      "parameters" : [ {
        "name" : "driver",
        "value" : "<selenium.webdriver.chrome.webdriver.WebDriver (session=\"2243d5125f21221c34087aae7aae3eea\")>"
      } ],
      "stepsCount" : 0,
      "attachmentsCount" : 0,
      "shouldDisplayMessage" : false,
      "hasContent" : true
    } ],
    "attachments" : [ ],
    "parameters" : [ ],
    "stepsCount" : 1,
    "attachmentsCount" : 0,
    "shouldDisplayMessage" : false,
    "hasContent" : true
  } ],
  "testStage" : {
    "status" : "broken",
    "statusMessage" : "selenium.common.exceptions.TimeoutException: Message: Can't find element by locator ('id', 'ember4')\nStacktrace:\n#0 0x560f57ccf71a <unknown>\n#1 0x560f579a0640 <unknown>\n#2 0x560f579efc0b <unknown>\n#3 0x560f579efef1 <unknown>\n#4 0x560f57a33b64 <unknown>\n#5 0x560f57a1290d <unknown>\n#6 0x560f57a3108a <unknown>\n#7 0x560f57a12683 <unknown>\n#8 0x560f579e2d71 <unknown>\n#9 0x560f579e37de <unknown>\n#10 0x560f57c972ab <unknown>\n#11 0x560f57c9b242 <unknown>\n#12 0x560f57c84665 <unknown>\n#13 0x560f57c9bdd2 <unknown>\n#14 0x560f57c692af <unknown>\n#15 0x560f57cbeeb8 <unknown>\n#16 0x560f57cbf090 <unknown>\n#17 0x560f57cce4ec <unknown>\n#18 0x7f7727a94ac3 <unknown>",
    "statusTrace" : "self = <tests.description_page_test.TestDescriptionPage object at 0x7f1b833cdd90>\ndriver = <selenium.webdriver.chrome.webdriver.WebDriver (session=\"2243d5125f21221c34087aae7aae3eea\")>\ndescription_page_open = None\n\n    @allure.title(\"Verify return main page from description page.\")\n    def test_dp_01_verify_return_main_page_from_description_page(self, driver, description_page_open):\n        page = DescriptionPage(driver)\n>       main_url = page.return_main_page()\n\ntests/description_page_test.py:12: \n_ _ _ _ _ _ _ _ _ _ _ _ _ _ _ _ _ _ _ _ _ _ _ _ _ _ _ _ _ _ _ _ _ _ _ _ _ _ _ _ \npages/description_page.py:13: in return_main_page\n    self.element_is_present_and_clickable(self.locators.LOGO).click()\npages/base_page.py:33: in element_is_present_and_clickable\n    return (Wait(self.driver, self.timeout).until(\n_ _ _ _ _ _ _ _ _ _ _ _ _ _ _ _ _ _ _ _ _ _ _ _ _ _ _ _ _ _ _ _ _ _ _ _ _ _ _ _ \n\nself = <selenium.webdriver.support.wait.WebDriverWait (session=\"2243d5125f21221c34087aae7aae3eea\")>\nmethod = <function visibility_of_element_located.<locals>._predicate at 0x7f1b830f59e0>\nmessage = \"Can't find element by locator ('id', 'ember4')\"\n\n    def until(self, method, message: str = \"\"):\n        \"\"\"Calls the method provided with the driver as an argument until the \\\n        return value does not evaluate to ``False``.\n    \n        :param method: callable(WebDriver)\n        :param message: optional message for :exc:`TimeoutException`\n        :returns: the result of the last call to `method`\n        :raises: :exc:`selenium.common.exceptions.TimeoutException` if timeout occurs\n        \"\"\"\n        screen = None\n        stacktrace = None\n    \n        end_time = time.monotonic() + self._timeout\n        while True:\n            try:\n                value = method(self._driver)\n                if value:\n                    return value\n            except self._ignored_exceptions as exc:\n                screen = getattr(exc, \"screen\", None)\n                stacktrace = getattr(exc, \"stacktrace\", None)\n            time.sleep(self._poll)\n            if time.monotonic() > end_time:\n                break\n>       raise TimeoutException(message, screen, stacktrace)\nE       selenium.common.exceptions.TimeoutException: Message: Can't find element by locator ('id', 'ember4')\nE       Stacktrace:\nE       #0 0x560f57ccf71a <unknown>\nE       #1 0x560f579a0640 <unknown>\nE       #2 0x560f579efc0b <unknown>\nE       #3 0x560f579efef1 <unknown>\nE       #4 0x560f57a33b64 <unknown>\nE       #5 0x560f57a1290d <unknown>\nE       #6 0x560f57a3108a <unknown>\nE       #7 0x560f57a12683 <unknown>\nE       #8 0x560f579e2d71 <unknown>\nE       #9 0x560f579e37de <unknown>\nE       #10 0x560f57c972ab <unknown>\nE       #11 0x560f57c9b242 <unknown>\nE       #12 0x560f57c84665 <unknown>\nE       #13 0x560f57c9bdd2 <unknown>\nE       #14 0x560f57c692af <unknown>\nE       #15 0x560f57cbeeb8 <unknown>\nE       #16 0x560f57cbf090 <unknown>\nE       #17 0x560f57cce4ec <unknown>\nE       #18 0x7f7727a94ac3 <unknown>\n\n/opt/hostedtoolcache/Python/3.12.4/x64/lib/python3.12/site-packages/selenium/webdriver/support/wait.py:95: TimeoutException",
    "steps" : [ {
      "name" : "Return main page from description page",
      "time" : {
        "start" : 1723597185326,
        "stop" : 1723597205777,
        "duration" : 20451
      },
      "status" : "broken",
      "statusMessage" : "selenium.common.exceptions.TimeoutException: Message: Can't find element by locator ('id', 'ember4')\nStacktrace:\n#0 0x560f57ccf71a <unknown>\n#1 0x560f579a0640 <unknown>\n#2 0x560f579efc0b <unknown>\n#3 0x560f579efef1 <unknown>\n#4 0x560f57a33b64 <unknown>\n#5 0x560f57a1290d <unknown>\n#6 0x560f57a3108a <unknown>\n#7 0x560f57a12683 <unknown>\n#8 0x560f579e2d71 <unknown>\n#9 0x560f579e37de <unknown>\n#10 0x560f57c972ab <unknown>\n#11 0x560f57c9b242 <unknown>\n#12 0x560f57c84665 <unknown>\n#13 0x560f57c9bdd2 <unknown>\n#14 0x560f57c692af <unknown>\n#15 0x560f57cbeeb8 <unknown>\n#16 0x560f57cbf090 <unknown>\n#17 0x560f57cce4ec <unknown>\n#18 0x7f7727a94ac3 <unknown>\n\n",
      "statusTrace" : "  File \"/opt/hostedtoolcache/Python/3.12.4/x64/lib/python3.12/site-packages/allure_commons/_allure.py\", line 192, in impl\n    return func(*a, **kw)\n           ^^^^^^^^^^^^^^\n  File \"/home/runner/work/auto-tests-python/auto-tests-python/pages/description_page.py\", line 13, in return_main_page\n    self.element_is_present_and_clickable(self.locators.LOGO).click()\n    ^^^^^^^^^^^^^^^^^^^^^^^^^^^^^^^^^^^^^^^^^^^^^^^^^^^^^^^^^\n  File \"/home/runner/work/auto-tests-python/auto-tests-python/pages/base_page.py\", line 33, in element_is_present_and_clickable\n    return (Wait(self.driver, self.timeout).until(\n            ^^^^^^^^^^^^^^^^^^^^^^^^^^^^^^^^^^^^^^\n  File \"/opt/hostedtoolcache/Python/3.12.4/x64/lib/python3.12/site-packages/selenium/webdriver/support/wait.py\", line 95, in until\n    raise TimeoutException(message, screen, stacktrace)\n",
      "steps" : [ {
        "name" : "Check element is visible and clickable: ('id', 'ember4')",
        "time" : {
          "start" : 1723597185326,
          "stop" : 1723597205777,
          "duration" : 20451
        },
        "status" : "broken",
        "statusMessage" : "selenium.common.exceptions.TimeoutException: Message: Can't find element by locator ('id', 'ember4')\nStacktrace:\n#0 0x560f57ccf71a <unknown>\n#1 0x560f579a0640 <unknown>\n#2 0x560f579efc0b <unknown>\n#3 0x560f579efef1 <unknown>\n#4 0x560f57a33b64 <unknown>\n#5 0x560f57a1290d <unknown>\n#6 0x560f57a3108a <unknown>\n#7 0x560f57a12683 <unknown>\n#8 0x560f579e2d71 <unknown>\n#9 0x560f579e37de <unknown>\n#10 0x560f57c972ab <unknown>\n#11 0x560f57c9b242 <unknown>\n#12 0x560f57c84665 <unknown>\n#13 0x560f57c9bdd2 <unknown>\n#14 0x560f57c692af <unknown>\n#15 0x560f57cbeeb8 <unknown>\n#16 0x560f57cbf090 <unknown>\n#17 0x560f57cce4ec <unknown>\n#18 0x7f7727a94ac3 <unknown>\n\n",
        "statusTrace" : "  File \"/home/runner/work/auto-tests-python/auto-tests-python/pages/base_page.py\", line 33, in element_is_present_and_clickable\n    return (Wait(self.driver, self.timeout).until(\n            ^^^^^^^^^^^^^^^^^^^^^^^^^^^^^^^^^^^^^^\n  File \"/opt/hostedtoolcache/Python/3.12.4/x64/lib/python3.12/site-packages/selenium/webdriver/support/wait.py\", line 95, in until\n    raise TimeoutException(message, screen, stacktrace)\n",
        "steps" : [ ],
        "attachments" : [ ],
        "parameters" : [ ],
        "stepsCount" : 0,
        "attachmentsCount" : 0,
        "shouldDisplayMessage" : true,
        "hasContent" : true
      } ],
      "attachments" : [ ],
      "parameters" : [ ],
      "stepsCount" : 1,
      "attachmentsCount" : 0,
      "shouldDisplayMessage" : false,
      "hasContent" : true
    } ],
    "attachments" : [ {
      "uid" : "198f904d7e9d1877",
      "name" : "Screenshot",
      "source" : "198f904d7e9d1877.png",
      "type" : "image/png",
      "size" : 8588
    }, {
      "uid" : "299718d2f8b7e47b",
      "name" : "HTML source",
      "source" : "299718d2f8b7e47b.html",
      "type" : "text/html",
      "size" : 39
    } ],
    "parameters" : [ ],
    "stepsCount" : 2,
    "attachmentsCount" : 2,
    "shouldDisplayMessage" : true,
    "hasContent" : true
  },
  "afterStages" : [ {
    "name" : "driver::0",
    "time" : {
      "start" : 1723597205873,
      "stop" : 1723597206021,
      "duration" : 148
    },
    "status" : "passed",
    "steps" : [ ],
    "attachments" : [ {
      "uid" : "d10bc7b43c613543",
      "name" : "Screenshot 2024-08-14 01:00:05.962066",
      "source" : "d10bc7b43c613543.png",
      "type" : "image/png",
      "size" : 8588
    } ],
    "parameters" : [ ],
    "stepsCount" : 0,
    "attachmentsCount" : 1,
    "shouldDisplayMessage" : false,
    "hasContent" : true
  } ],
  "labels" : [ {
    "name" : "epic",
    "value" : "Description Page."
  }, {
    "name" : "parentSuite",
    "value" : "tests"
  }, {
    "name" : "suite",
    "value" : "description_page_test"
  }, {
    "name" : "subSuite",
    "value" : "TestDescriptionPage"
  }, {
    "name" : "host",
    "value" : "fv-az1200-6"
  }, {
    "name" : "thread",
    "value" : "2287-MainThread"
  }, {
    "name" : "framework",
    "value" : "pytest"
  }, {
    "name" : "language",
    "value" : "cpython3"
  }, {
    "name" : "package",
    "value" : "tests.description_page_test"
  }, {
    "name" : "resultFormat",
    "value" : "allure2"
  } ],
  "parameters" : [ ],
  "links" : [ ],
  "hidden" : false,
  "retry" : false,
  "extra" : {
    "severity" : "normal",
    "retries" : [ ],
    "categories" : [ {
      "name" : "Test defects",
      "matchedStatuses" : [ ],
      "flaky" : false
    } ],
    "history" : {
      "statistic" : {
        "failed" : 0,
        "broken" : 2,
        "skipped" : 0,
        "passed" : 292,
        "unknown" : 0,
        "total" : 294
      },
      "items" : [ {
        "uid" : "29ef4d4645786506",
        "reportUrl" : "https://Brain-up.github.io/auto-tests-python/90//#testresult/29ef4d4645786506",
        "status" : "broken",
        "statusDetails" : "selenium.common.exceptions.TimeoutException: Message: Can't find element by locator ('id', 'ember4')\nStacktrace:\n#0 0x55680f7b471a <unknown>\n#1 0x55680f485640 <unknown>\n#2 0x55680f4d4c0b <unknown>\n#3 0x55680f4d4ef1 <unknown>\n#4 0x55680f518b64 <unknown>\n#5 0x55680f4f790d <unknown>\n#6 0x55680f51608a <unknown>\n#7 0x55680f4f7683 <unknown>\n#8 0x55680f4c7d71 <unknown>\n#9 0x55680f4c87de <unknown>\n#10 0x55680f77c2ab <unknown>\n#11 0x55680f780242 <unknown>\n#12 0x55680f769665 <unknown>\n#13 0x55680f780dd2 <unknown>\n#14 0x55680f74e2af <unknown>\n#15 0x55680f7a3eb8 <unknown>\n#16 0x55680f7a4090 <unknown>\n#17 0x55680f7b34ec <unknown>\n#18 0x7fa99f894ac3 <unknown>",
        "time" : {
          "start" : 1723510853385,
          "stop" : 1723510873847,
          "duration" : 20462
        }
      }, {
        "uid" : "cf802be2003dc96e",
        "reportUrl" : "https://Brain-up.github.io/auto-tests-python/194//#testresult/cf802be2003dc96e",
        "status" : "passed",
        "time" : {
          "start" : 1723447353394,
          "stop" : 1723447353522,
          "duration" : 128
        }
      }, {
        "uid" : "757d6a50cc74203d",
        "reportUrl" : "https://Brain-up.github.io/auto-tests-python/193//#testresult/757d6a50cc74203d",
        "status" : "passed",
        "time" : {
          "start" : 1723445799071,
          "stop" : 1723445799171,
          "duration" : 100
        }
      }, {
        "uid" : "d291476ef68f75b6",
        "reportUrl" : "https://Brain-up.github.io/auto-tests-python/89//#testresult/d291476ef68f75b6",
        "status" : "passed",
        "time" : {
          "start" : 1723424071958,
          "stop" : 1723424072112,
          "duration" : 154
        }
      }, {
        "uid" : "71e0e80f79a0ffbc",
        "reportUrl" : "https://Brain-up.github.io/auto-tests-python/192//#testresult/71e0e80f79a0ffbc",
        "status" : "passed",
        "time" : {
          "start" : 1723361178475,
          "stop" : 1723361178624,
          "duration" : 149
        }
      }, {
        "uid" : "e1cfeec7d30b28de",
        "reportUrl" : "https://Brain-up.github.io/auto-tests-python/191//#testresult/e1cfeec7d30b28de",
        "status" : "passed",
        "time" : {
          "start" : 1723359183938,
          "stop" : 1723359184060,
          "duration" : 122
        }
      }, {
        "uid" : "fa8cbcb6732bfbe6",
        "reportUrl" : "https://Brain-up.github.io/auto-tests-python/191//#testresult/fa8cbcb6732bfbe6",
        "status" : "passed",
        "time" : {
          "start" : 1723357541128,
          "stop" : 1723357541275,
          "duration" : 147
        }
      }, {
        "uid" : "f7080c232a5302be",
        "reportUrl" : "https://Brain-up.github.io/auto-tests-python/88//#testresult/f7080c232a5302be",
        "status" : "passed",
        "time" : {
          "start" : 1723337811019,
          "stop" : 1723337811162,
          "duration" : 143
        }
      }, {
        "uid" : "7a841e3600a48823",
        "reportUrl" : "https://Brain-up.github.io/auto-tests-python/190//#testresult/7a841e3600a48823",
        "status" : "passed",
        "time" : {
          "start" : 1723304447568,
          "stop" : 1723304447660,
          "duration" : 92
        }
      }, {
        "uid" : "87c23fd85f1d2c23",
        "reportUrl" : "https://Brain-up.github.io/auto-tests-python/189//#testresult/87c23fd85f1d2c23",
        "status" : "passed",
        "time" : {
          "start" : 1723302989831,
          "stop" : 1723302989938,
          "duration" : 107
        }
      }, {
        "uid" : "69205d80952812ec",
        "reportUrl" : "https://Brain-up.github.io/auto-tests-python/87//#testresult/69205d80952812ec",
        "status" : "passed",
        "time" : {
          "start" : 1723251155802,
          "stop" : 1723251155947,
          "duration" : 145
        }
      }, {
        "uid" : "fb175fd842ed957",
        "reportUrl" : "https://Brain-up.github.io/auto-tests-python/188//#testresult/fb175fd842ed957",
        "status" : "passed",
        "time" : {
          "start" : 1723188374853,
          "stop" : 1723188374971,
          "duration" : 118
        }
      }, {
        "uid" : "37dd62f2d6f567b4",
        "reportUrl" : "https://Brain-up.github.io/auto-tests-python/187//#testresult/37dd62f2d6f567b4",
        "status" : "passed",
        "time" : {
          "start" : 1723187136822,
          "stop" : 1723187136970,
          "duration" : 148
        }
      }, {
        "uid" : "51f664a00f3f9445",
        "reportUrl" : "https://Brain-up.github.io/auto-tests-python/86//#testresult/51f664a00f3f9445",
        "status" : "passed",
        "time" : {
          "start" : 1723164785173,
          "stop" : 1723164785288,
          "duration" : 115
        }
      }, {
        "uid" : "d431c7811f2aa47a",
        "reportUrl" : "https://Brain-up.github.io/auto-tests-python/186//#testresult/d431c7811f2aa47a",
        "status" : "passed",
        "time" : {
          "start" : 1723103023695,
          "stop" : 1723103023801,
          "duration" : 106
        }
      }, {
        "uid" : "7241e2141de041d6",
        "reportUrl" : "https://Brain-up.github.io/auto-tests-python/185//#testresult/7241e2141de041d6",
        "status" : "passed",
        "time" : {
          "start" : 1723101274619,
          "stop" : 1723101274713,
          "duration" : 94
        }
      }, {
        "uid" : "610563ff90cb5e5b",
        "reportUrl" : "https://Brain-up.github.io/auto-tests-python/85//#testresult/610563ff90cb5e5b",
        "status" : "passed",
        "time" : {
          "start" : 1723078378837,
          "stop" : 1723078378930,
          "duration" : 93
        }
      }, {
        "uid" : "57a7a1ceca42c725",
        "reportUrl" : "https://Brain-up.github.io/auto-tests-python/184//#testresult/57a7a1ceca42c725",
        "status" : "passed",
        "time" : {
          "start" : 1723019227988,
          "stop" : 1723019228106,
          "duration" : 118
        }
      }, {
        "uid" : "423a7d1aace9d18d",
        "reportUrl" : "https://Brain-up.github.io/auto-tests-python/183//#testresult/423a7d1aace9d18d",
        "status" : "passed",
        "time" : {
          "start" : 1723017471480,
          "stop" : 1723017471629,
          "duration" : 149
        }
      }, {
        "uid" : "6c914478ea560469",
        "reportUrl" : "https://Brain-up.github.io/auto-tests-python/182//#testresult/6c914478ea560469",
        "status" : "passed",
        "time" : {
          "start" : 1723015911523,
          "stop" : 1723015911630,
          "duration" : 107
        }
      } ]
    },
    "tags" : [ ]
  },
  "source" : "b61a926d8ef9c655.json",
  "parameterValues" : [ ]
}