{
  "uid" : "bc772a135fe0b90a",
  "name" : "Check registration with new email",
  "fullName" : "tests.registration_page_test.TestRegistrationPage#test_registration_with_new_email",
  "historyId" : "4edba687d923f9def916eed021709ae3",
  "time" : {
    "start" : 1723598075286,
    "stop" : 1723598095747,
    "duration" : 20461
  },
  "status" : "broken",
  "statusMessage" : "selenium.common.exceptions.TimeoutException: Message: Can't find element by locator ('xpath', '//a[@href=\"/registration\"]')\nStacktrace:\n#0 0x55a2a8b2c71a <unknown>\n#1 0x55a2a87fd640 <unknown>\n#2 0x55a2a884cc0b <unknown>\n#3 0x55a2a884cef1 <unknown>\n#4 0x55a2a8890b64 <unknown>\n#5 0x55a2a886f90d <unknown>\n#6 0x55a2a888e08a <unknown>\n#7 0x55a2a886f683 <unknown>\n#8 0x55a2a883fd71 <unknown>\n#9 0x55a2a88407de <unknown>\n#10 0x55a2a8af42ab <unknown>\n#11 0x55a2a8af8242 <unknown>\n#12 0x55a2a8ae1665 <unknown>\n#13 0x55a2a8af8dd2 <unknown>\n#14 0x55a2a8ac62af <unknown>\n#15 0x55a2a8b1beb8 <unknown>\n#16 0x55a2a8b1c090 <unknown>\n#17 0x55a2a8b2b4ec <unknown>\n#18 0x7f6508294ac3 <unknown>",
  "statusTrace" : "self = <tests.registration_page_test.TestRegistrationPage object at 0x7f1b83357110>\nmain_page_open = None\ndriver = <selenium.webdriver.chrome.webdriver.WebDriver (session=\"294c3e63e30038473629dffbc139334f\")>\n\n    @allure.title('Check registration with new email')\n    def test_registration_with_new_email(self, main_page_open, driver):\n        page = RegistrationPage(driver)\n>       page.open_registration_page()\n\ntests/registration_page_test.py:22: \n_ _ _ _ _ _ _ _ _ _ _ _ _ _ _ _ _ _ _ _ _ _ _ _ _ _ _ _ _ _ _ _ _ _ _ _ _ _ _ _ \npages/registration_page.py:15: in open_registration_page\n    self.element_is_present_and_clickable(MainPageLocators.REGISTRATION_BUTTON).click()\npages/base_page.py:33: in element_is_present_and_clickable\n    return (Wait(self.driver, self.timeout).until(\n_ _ _ _ _ _ _ _ _ _ _ _ _ _ _ _ _ _ _ _ _ _ _ _ _ _ _ _ _ _ _ _ _ _ _ _ _ _ _ _ \n\nself = <selenium.webdriver.support.wait.WebDriverWait (session=\"294c3e63e30038473629dffbc139334f\")>\nmethod = <function visibility_of_element_located.<locals>._predicate at 0x7f1b82cb8540>\nmessage = 'Can\\'t find element by locator (\\'xpath\\', \\'//a[@href=\"/registration\"]\\')'\n\n    def until(self, method, message: str = \"\"):\n        \"\"\"Calls the method provided with the driver as an argument until the \\\n        return value does not evaluate to ``False``.\n    \n        :param method: callable(WebDriver)\n        :param message: optional message for :exc:`TimeoutException`\n        :returns: the result of the last call to `method`\n        :raises: :exc:`selenium.common.exceptions.TimeoutException` if timeout occurs\n        \"\"\"\n        screen = None\n        stacktrace = None\n    \n        end_time = time.monotonic() + self._timeout\n        while True:\n            try:\n                value = method(self._driver)\n                if value:\n                    return value\n            except self._ignored_exceptions as exc:\n                screen = getattr(exc, \"screen\", None)\n                stacktrace = getattr(exc, \"stacktrace\", None)\n            time.sleep(self._poll)\n            if time.monotonic() > end_time:\n                break\n>       raise TimeoutException(message, screen, stacktrace)\nE       selenium.common.exceptions.TimeoutException: Message: Can't find element by locator ('xpath', '//a[@href=\"/registration\"]')\nE       Stacktrace:\nE       #0 0x55a2a8b2c71a <unknown>\nE       #1 0x55a2a87fd640 <unknown>\nE       #2 0x55a2a884cc0b <unknown>\nE       #3 0x55a2a884cef1 <unknown>\nE       #4 0x55a2a8890b64 <unknown>\nE       #5 0x55a2a886f90d <unknown>\nE       #6 0x55a2a888e08a <unknown>\nE       #7 0x55a2a886f683 <unknown>\nE       #8 0x55a2a883fd71 <unknown>\nE       #9 0x55a2a88407de <unknown>\nE       #10 0x55a2a8af42ab <unknown>\nE       #11 0x55a2a8af8242 <unknown>\nE       #12 0x55a2a8ae1665 <unknown>\nE       #13 0x55a2a8af8dd2 <unknown>\nE       #14 0x55a2a8ac62af <unknown>\nE       #15 0x55a2a8b1beb8 <unknown>\nE       #16 0x55a2a8b1c090 <unknown>\nE       #17 0x55a2a8b2b4ec <unknown>\nE       #18 0x7f6508294ac3 <unknown>\n\n/opt/hostedtoolcache/Python/3.12.4/x64/lib/python3.12/site-packages/selenium/webdriver/support/wait.py:95: TimeoutException",
  "flaky" : false,
  "newFailed" : false,
  "beforeStages" : [ {
    "name" : "driver",
    "time" : {
      "start" : 1723598074270,
      "stop" : 1723598074960,
      "duration" : 690
    },
    "status" : "passed",
    "steps" : [ ],
    "attachments" : [ ],
    "parameters" : [ ],
    "stepsCount" : 0,
    "attachmentsCount" : 0,
    "shouldDisplayMessage" : false,
    "hasContent" : false
  }, {
    "name" : "clear_allure_results_folder",
    "time" : {
      "start" : 1723596645667,
      "stop" : 1723596645667,
      "duration" : 0
    },
    "status" : "passed",
    "steps" : [ ],
    "attachments" : [ ],
    "parameters" : [ ],
    "stepsCount" : 0,
    "attachmentsCount" : 0,
    "shouldDisplayMessage" : false,
    "hasContent" : false
  }, {
    "name" : "main_page_open",
    "time" : {
      "start" : 1723598074960,
      "stop" : 1723598075285,
      "duration" : 325
    },
    "status" : "passed",
    "steps" : [ {
      "name" : "Open page: https://brainup.site/",
      "time" : {
        "start" : 1723598074960,
        "stop" : 1723598075285,
        "duration" : 325
      },
      "status" : "passed",
      "steps" : [ ],
      "attachments" : [ ],
      "parameters" : [ {
        "name" : "driver",
        "value" : "<selenium.webdriver.chrome.webdriver.WebDriver (session=\"294c3e63e30038473629dffbc139334f\")>"
      } ],
      "stepsCount" : 0,
      "attachmentsCount" : 0,
      "shouldDisplayMessage" : false,
      "hasContent" : true
    } ],
    "attachments" : [ ],
    "parameters" : [ ],
    "stepsCount" : 1,
    "attachmentsCount" : 0,
    "shouldDisplayMessage" : false,
    "hasContent" : true
  } ],
  "testStage" : {
    "status" : "broken",
    "statusMessage" : "selenium.common.exceptions.TimeoutException: Message: Can't find element by locator ('xpath', '//a[@href=\"/registration\"]')\nStacktrace:\n#0 0x55a2a8b2c71a <unknown>\n#1 0x55a2a87fd640 <unknown>\n#2 0x55a2a884cc0b <unknown>\n#3 0x55a2a884cef1 <unknown>\n#4 0x55a2a8890b64 <unknown>\n#5 0x55a2a886f90d <unknown>\n#6 0x55a2a888e08a <unknown>\n#7 0x55a2a886f683 <unknown>\n#8 0x55a2a883fd71 <unknown>\n#9 0x55a2a88407de <unknown>\n#10 0x55a2a8af42ab <unknown>\n#11 0x55a2a8af8242 <unknown>\n#12 0x55a2a8ae1665 <unknown>\n#13 0x55a2a8af8dd2 <unknown>\n#14 0x55a2a8ac62af <unknown>\n#15 0x55a2a8b1beb8 <unknown>\n#16 0x55a2a8b1c090 <unknown>\n#17 0x55a2a8b2b4ec <unknown>\n#18 0x7f6508294ac3 <unknown>",
    "statusTrace" : "self = <tests.registration_page_test.TestRegistrationPage object at 0x7f1b83357110>\nmain_page_open = None\ndriver = <selenium.webdriver.chrome.webdriver.WebDriver (session=\"294c3e63e30038473629dffbc139334f\")>\n\n    @allure.title('Check registration with new email')\n    def test_registration_with_new_email(self, main_page_open, driver):\n        page = RegistrationPage(driver)\n>       page.open_registration_page()\n\ntests/registration_page_test.py:22: \n_ _ _ _ _ _ _ _ _ _ _ _ _ _ _ _ _ _ _ _ _ _ _ _ _ _ _ _ _ _ _ _ _ _ _ _ _ _ _ _ \npages/registration_page.py:15: in open_registration_page\n    self.element_is_present_and_clickable(MainPageLocators.REGISTRATION_BUTTON).click()\npages/base_page.py:33: in element_is_present_and_clickable\n    return (Wait(self.driver, self.timeout).until(\n_ _ _ _ _ _ _ _ _ _ _ _ _ _ _ _ _ _ _ _ _ _ _ _ _ _ _ _ _ _ _ _ _ _ _ _ _ _ _ _ \n\nself = <selenium.webdriver.support.wait.WebDriverWait (session=\"294c3e63e30038473629dffbc139334f\")>\nmethod = <function visibility_of_element_located.<locals>._predicate at 0x7f1b82cb8540>\nmessage = 'Can\\'t find element by locator (\\'xpath\\', \\'//a[@href=\"/registration\"]\\')'\n\n    def until(self, method, message: str = \"\"):\n        \"\"\"Calls the method provided with the driver as an argument until the \\\n        return value does not evaluate to ``False``.\n    \n        :param method: callable(WebDriver)\n        :param message: optional message for :exc:`TimeoutException`\n        :returns: the result of the last call to `method`\n        :raises: :exc:`selenium.common.exceptions.TimeoutException` if timeout occurs\n        \"\"\"\n        screen = None\n        stacktrace = None\n    \n        end_time = time.monotonic() + self._timeout\n        while True:\n            try:\n                value = method(self._driver)\n                if value:\n                    return value\n            except self._ignored_exceptions as exc:\n                screen = getattr(exc, \"screen\", None)\n                stacktrace = getattr(exc, \"stacktrace\", None)\n            time.sleep(self._poll)\n            if time.monotonic() > end_time:\n                break\n>       raise TimeoutException(message, screen, stacktrace)\nE       selenium.common.exceptions.TimeoutException: Message: Can't find element by locator ('xpath', '//a[@href=\"/registration\"]')\nE       Stacktrace:\nE       #0 0x55a2a8b2c71a <unknown>\nE       #1 0x55a2a87fd640 <unknown>\nE       #2 0x55a2a884cc0b <unknown>\nE       #3 0x55a2a884cef1 <unknown>\nE       #4 0x55a2a8890b64 <unknown>\nE       #5 0x55a2a886f90d <unknown>\nE       #6 0x55a2a888e08a <unknown>\nE       #7 0x55a2a886f683 <unknown>\nE       #8 0x55a2a883fd71 <unknown>\nE       #9 0x55a2a88407de <unknown>\nE       #10 0x55a2a8af42ab <unknown>\nE       #11 0x55a2a8af8242 <unknown>\nE       #12 0x55a2a8ae1665 <unknown>\nE       #13 0x55a2a8af8dd2 <unknown>\nE       #14 0x55a2a8ac62af <unknown>\nE       #15 0x55a2a8b1beb8 <unknown>\nE       #16 0x55a2a8b1c090 <unknown>\nE       #17 0x55a2a8b2b4ec <unknown>\nE       #18 0x7f6508294ac3 <unknown>\n\n/opt/hostedtoolcache/Python/3.12.4/x64/lib/python3.12/site-packages/selenium/webdriver/support/wait.py:95: TimeoutException",
    "steps" : [ {
      "name" : "Open registration page",
      "time" : {
        "start" : 1723598075286,
        "stop" : 1723598095746,
        "duration" : 20460
      },
      "status" : "broken",
      "statusMessage" : "selenium.common.exceptions.TimeoutException: Message: Can't find element by locator ('xpath', '//a[@href=\"/registration\"]')\nStacktrace:\n#0 0x55a2a8b2c71a <unknown>\n#1 0x55a2a87fd640 <unknown>\n#2 0x55a2a884cc0b <unknown>\n#3 0x55a2a884cef1 <unknown>\n#4 0x55a2a8890b64 <unknown>\n#5 0x55a2a886f90d <unknown>\n#6 0x55a2a888e08a <unknown>\n#7 0x55a2a886f683 <unknown>\n#8 0x55a2a883fd71 <unknown>\n#9 0x55a2a88407de <unknown>\n#10 0x55a2a8af42ab <unknown>\n#11 0x55a2a8af8242 <unknown>\n#12 0x55a2a8ae1665 <unknown>\n#13 0x55a2a8af8dd2 <unknown>\n#14 0x55a2a8ac62af <unknown>\n#15 0x55a2a8b1beb8 <unknown>\n#16 0x55a2a8b1c090 <unknown>\n#17 0x55a2a8b2b4ec <unknown>\n#18 0x7f6508294ac3 <unknown>\n\n",
      "statusTrace" : "  File \"/opt/hostedtoolcache/Python/3.12.4/x64/lib/python3.12/site-packages/allure_commons/_allure.py\", line 192, in impl\n    return func(*a, **kw)\n           ^^^^^^^^^^^^^^\n  File \"/home/runner/work/auto-tests-python/auto-tests-python/pages/registration_page.py\", line 15, in open_registration_page\n    self.element_is_present_and_clickable(MainPageLocators.REGISTRATION_BUTTON).click()\n    ^^^^^^^^^^^^^^^^^^^^^^^^^^^^^^^^^^^^^^^^^^^^^^^^^^^^^^^^^^^^^^^^^^^^^^^^^^^\n  File \"/home/runner/work/auto-tests-python/auto-tests-python/pages/base_page.py\", line 33, in element_is_present_and_clickable\n    return (Wait(self.driver, self.timeout).until(\n            ^^^^^^^^^^^^^^^^^^^^^^^^^^^^^^^^^^^^^^\n  File \"/opt/hostedtoolcache/Python/3.12.4/x64/lib/python3.12/site-packages/selenium/webdriver/support/wait.py\", line 95, in until\n    raise TimeoutException(message, screen, stacktrace)\n",
      "steps" : [ {
        "name" : "Check element is visible and clickable: ('xpath', '//a[@href=\"/registration\"]')",
        "time" : {
          "start" : 1723598075286,
          "stop" : 1723598095746,
          "duration" : 20460
        },
        "status" : "broken",
        "statusMessage" : "selenium.common.exceptions.TimeoutException: Message: Can't find element by locator ('xpath', '//a[@href=\"/registration\"]')\nStacktrace:\n#0 0x55a2a8b2c71a <unknown>\n#1 0x55a2a87fd640 <unknown>\n#2 0x55a2a884cc0b <unknown>\n#3 0x55a2a884cef1 <unknown>\n#4 0x55a2a8890b64 <unknown>\n#5 0x55a2a886f90d <unknown>\n#6 0x55a2a888e08a <unknown>\n#7 0x55a2a886f683 <unknown>\n#8 0x55a2a883fd71 <unknown>\n#9 0x55a2a88407de <unknown>\n#10 0x55a2a8af42ab <unknown>\n#11 0x55a2a8af8242 <unknown>\n#12 0x55a2a8ae1665 <unknown>\n#13 0x55a2a8af8dd2 <unknown>\n#14 0x55a2a8ac62af <unknown>\n#15 0x55a2a8b1beb8 <unknown>\n#16 0x55a2a8b1c090 <unknown>\n#17 0x55a2a8b2b4ec <unknown>\n#18 0x7f6508294ac3 <unknown>\n\n",
        "statusTrace" : "  File \"/home/runner/work/auto-tests-python/auto-tests-python/pages/base_page.py\", line 33, in element_is_present_and_clickable\n    return (Wait(self.driver, self.timeout).until(\n            ^^^^^^^^^^^^^^^^^^^^^^^^^^^^^^^^^^^^^^\n  File \"/opt/hostedtoolcache/Python/3.12.4/x64/lib/python3.12/site-packages/selenium/webdriver/support/wait.py\", line 95, in until\n    raise TimeoutException(message, screen, stacktrace)\n",
        "steps" : [ ],
        "attachments" : [ ],
        "parameters" : [ ],
        "stepsCount" : 0,
        "attachmentsCount" : 0,
        "shouldDisplayMessage" : true,
        "hasContent" : true
      } ],
      "attachments" : [ ],
      "parameters" : [ ],
      "stepsCount" : 1,
      "attachmentsCount" : 0,
      "shouldDisplayMessage" : false,
      "hasContent" : true
    } ],
    "attachments" : [ {
      "uid" : "8717b3fc9063518a",
      "name" : "Screenshot",
      "source" : "8717b3fc9063518a.png",
      "type" : "image/png",
      "size" : 8588
    }, {
      "uid" : "a083520f86a06600",
      "name" : "HTML source",
      "source" : "a083520f86a06600.html",
      "type" : "text/html",
      "size" : 39
    } ],
    "parameters" : [ ],
    "stepsCount" : 2,
    "attachmentsCount" : 2,
    "shouldDisplayMessage" : true,
    "hasContent" : true
  },
  "afterStages" : [ {
    "name" : "driver::0",
    "time" : {
      "start" : 1723598095856,
      "stop" : 1723598096021,
      "duration" : 165
    },
    "status" : "passed",
    "steps" : [ ],
    "attachments" : [ {
      "uid" : "c8b38c355c5a93ff",
      "name" : "Screenshot 2024-08-14 01:14:55.961434",
      "source" : "c8b38c355c5a93ff.png",
      "type" : "image/png",
      "size" : 8588
    } ],
    "parameters" : [ ],
    "stepsCount" : 0,
    "attachmentsCount" : 1,
    "shouldDisplayMessage" : false,
    "hasContent" : true
  } ],
  "labels" : [ {
    "name" : "epic",
    "value" : "Test Registration Page"
  }, {
    "name" : "parentSuite",
    "value" : "tests"
  }, {
    "name" : "suite",
    "value" : "registration_page_test"
  }, {
    "name" : "subSuite",
    "value" : "TestRegistrationPage"
  }, {
    "name" : "host",
    "value" : "fv-az1200-6"
  }, {
    "name" : "thread",
    "value" : "2287-MainThread"
  }, {
    "name" : "framework",
    "value" : "pytest"
  }, {
    "name" : "language",
    "value" : "cpython3"
  }, {
    "name" : "package",
    "value" : "tests.registration_page_test"
  }, {
    "name" : "resultFormat",
    "value" : "allure2"
  } ],
  "parameters" : [ ],
  "links" : [ ],
  "hidden" : false,
  "retry" : false,
  "extra" : {
    "severity" : "normal",
    "retries" : [ ],
    "categories" : [ {
      "name" : "Test defects",
      "matchedStatuses" : [ ],
      "flaky" : false
    } ],
    "history" : {
      "statistic" : {
        "failed" : 0,
        "broken" : 8,
        "skipped" : 0,
        "passed" : 286,
        "unknown" : 0,
        "total" : 294
      },
      "items" : [ {
        "uid" : "ab06362c109a77b3",
        "reportUrl" : "https://Brain-up.github.io/auto-tests-python/90//#testresult/ab06362c109a77b3",
        "status" : "broken",
        "statusDetails" : "selenium.common.exceptions.TimeoutException: Message: Can't find element by locator ('xpath', '//a[@href=\"/registration\"]')\nStacktrace:\n#0 0x5617a4a7971a <unknown>\n#1 0x5617a474a640 <unknown>\n#2 0x5617a4799c0b <unknown>\n#3 0x5617a4799ef1 <unknown>\n#4 0x5617a47ddb64 <unknown>\n#5 0x5617a47bc90d <unknown>\n#6 0x5617a47db08a <unknown>\n#7 0x5617a47bc683 <unknown>\n#8 0x5617a478cd71 <unknown>\n#9 0x5617a478d7de <unknown>\n#10 0x5617a4a412ab <unknown>\n#11 0x5617a4a45242 <unknown>\n#12 0x5617a4a2e665 <unknown>\n#13 0x5617a4a45dd2 <unknown>\n#14 0x5617a4a132af <unknown>\n#15 0x5617a4a68eb8 <unknown>\n#16 0x5617a4a69090 <unknown>\n#17 0x5617a4a784ec <unknown>\n#18 0x7f4394694ac3 <unknown>",
        "time" : {
          "start" : 1723511750967,
          "stop" : 1723511771427,
          "duration" : 20460
        }
      }, {
        "uid" : "a29dc99006decb88",
        "reportUrl" : "https://Brain-up.github.io/auto-tests-python/194//#testresult/a29dc99006decb88",
        "status" : "passed",
        "time" : {
          "start" : 1723447680055,
          "stop" : 1723447684198,
          "duration" : 4143
        }
      }, {
        "uid" : "8bcae29f7795748d",
        "reportUrl" : "https://Brain-up.github.io/auto-tests-python/193//#testresult/8bcae29f7795748d",
        "status" : "passed",
        "time" : {
          "start" : 1723446129120,
          "stop" : 1723446133275,
          "duration" : 4155
        }
      }, {
        "uid" : "c0b27ac244a36b43",
        "reportUrl" : "https://Brain-up.github.io/auto-tests-python/89//#testresult/c0b27ac244a36b43",
        "status" : "passed",
        "time" : {
          "start" : 1723424401675,
          "stop" : 1723424407835,
          "duration" : 6160
        }
      }, {
        "uid" : "1d365620741aad82",
        "reportUrl" : "https://Brain-up.github.io/auto-tests-python/192//#testresult/1d365620741aad82",
        "status" : "passed",
        "time" : {
          "start" : 1723361449368,
          "stop" : 1723361452521,
          "duration" : 3153
        }
      }, {
        "uid" : "5360b438a18eb3ce",
        "reportUrl" : "https://Brain-up.github.io/auto-tests-python/191//#testresult/5360b438a18eb3ce",
        "status" : "passed",
        "time" : {
          "start" : 1723359464224,
          "stop" : 1723359468399,
          "duration" : 4175
        }
      }, {
        "uid" : "bc90441a596b5a02",
        "reportUrl" : "https://Brain-up.github.io/auto-tests-python/191//#testresult/bc90441a596b5a02",
        "status" : "passed",
        "time" : {
          "start" : 1723357783483,
          "stop" : 1723357788672,
          "duration" : 5189
        }
      }, {
        "uid" : "6e6b61240cd829da",
        "reportUrl" : "https://Brain-up.github.io/auto-tests-python/88//#testresult/6e6b61240cd829da",
        "status" : "passed",
        "time" : {
          "start" : 1723338003122,
          "stop" : 1723338007280,
          "duration" : 4158
        }
      }, {
        "uid" : "e9d2fe6f1d96f381",
        "reportUrl" : "https://Brain-up.github.io/auto-tests-python/190//#testresult/e9d2fe6f1d96f381",
        "status" : "passed",
        "time" : {
          "start" : 1723304721129,
          "stop" : 1723304724734,
          "duration" : 3605
        }
      }, {
        "uid" : "1a49318e91f0c04b",
        "reportUrl" : "https://Brain-up.github.io/auto-tests-python/189//#testresult/1a49318e91f0c04b",
        "status" : "passed",
        "time" : {
          "start" : 1723303187439,
          "stop" : 1723303192097,
          "duration" : 4658
        }
      }, {
        "uid" : "c2d1d6048c50390",
        "reportUrl" : "https://Brain-up.github.io/auto-tests-python/87//#testresult/c2d1d6048c50390",
        "status" : "passed",
        "time" : {
          "start" : 1723251426556,
          "stop" : 1723251432234,
          "duration" : 5678
        }
      }, {
        "uid" : "9cd5871e466860ca",
        "reportUrl" : "https://Brain-up.github.io/auto-tests-python/188//#testresult/9cd5871e466860ca",
        "status" : "passed",
        "time" : {
          "start" : 1723188648808,
          "stop" : 1723188651968,
          "duration" : 3160
        }
      }, {
        "uid" : "21f201dfc8203137",
        "reportUrl" : "https://Brain-up.github.io/auto-tests-python/187//#testresult/21f201dfc8203137",
        "status" : "passed",
        "time" : {
          "start" : 1723187330433,
          "stop" : 1723187334084,
          "duration" : 3651
        }
      }, {
        "uid" : "f099a3395080582",
        "reportUrl" : "https://Brain-up.github.io/auto-tests-python/86//#testresult/f099a3395080582",
        "status" : "passed",
        "time" : {
          "start" : 1723165053456,
          "stop" : 1723165057099,
          "duration" : 3643
        }
      }, {
        "uid" : "d303151929542ef7",
        "reportUrl" : "https://Brain-up.github.io/auto-tests-python/186//#testresult/d303151929542ef7",
        "status" : "passed",
        "time" : {
          "start" : 1723103316488,
          "stop" : 1723103320136,
          "duration" : 3648
        }
      }, {
        "uid" : "b983f0a43ab91e46",
        "reportUrl" : "https://Brain-up.github.io/auto-tests-python/185//#testresult/b983f0a43ab91e46",
        "status" : "passed",
        "time" : {
          "start" : 1723101548569,
          "stop" : 1723101553224,
          "duration" : 4655
        }
      }, {
        "uid" : "c581a4bede2a5811",
        "reportUrl" : "https://Brain-up.github.io/auto-tests-python/85//#testresult/c581a4bede2a5811",
        "status" : "passed",
        "time" : {
          "start" : 1723078739598,
          "stop" : 1723078743785,
          "duration" : 4187
        }
      }, {
        "uid" : "2df5c899be83b059",
        "reportUrl" : "https://Brain-up.github.io/auto-tests-python/184//#testresult/2df5c899be83b059",
        "status" : "passed",
        "time" : {
          "start" : 1723019561444,
          "stop" : 1723019565125,
          "duration" : 3681
        }
      }, {
        "uid" : "ba5a228711c15463",
        "reportUrl" : "https://Brain-up.github.io/auto-tests-python/183//#testresult/ba5a228711c15463",
        "status" : "passed",
        "time" : {
          "start" : 1723017843841,
          "stop" : 1723017847994,
          "duration" : 4153
        }
      }, {
        "uid" : "67118f0cd041bbb6",
        "reportUrl" : "https://Brain-up.github.io/auto-tests-python/182//#testresult/67118f0cd041bbb6",
        "status" : "passed",
        "time" : {
          "start" : 1723016218392,
          "stop" : 1723016221549,
          "duration" : 3157
        }
      } ]
    },
    "tags" : [ ]
  },
  "source" : "bc772a135fe0b90a.json",
  "parameterValues" : [ ]
}