{
  "uid" : "f0f4003a41a5f7f3",
  "name" : "Verify clickability, href of links on the page",
  "fullName" : "tests.contributors_page_test.TestContributorsPageLinks#test_cnp_03_01_verify_links_on_page",
  "historyId" : "342402ff4b6c443b81ee3701714ca4e5",
  "time" : {
    "start" : 1723597119359,
    "stop" : 1723597139600,
    "duration" : 20241
  },
  "status" : "broken",
  "statusMessage" : "selenium.common.exceptions.TimeoutException: Message: Can't find elements by locator ('xpath', '//section//a')",
  "statusTrace" : "self = <tests.contributors_page_test.TestContributorsPage.TestContributorsPageLinks object at 0x7f1b833cc800>\ndriver = <selenium.webdriver.chrome.webdriver.WebDriver (session=\"88c55afb121356bc2aef5330c386c74c\")>\ncontributors_page_open = None\n\n    @allure.title(\"Verify clickability, href of links on the page\")\n    def test_cnp_03_01_verify_links_on_page(self, driver, contributors_page_open):\n        page = ContributorsPage(driver)\n>       links_clickability = page.check_links_clickability()\n\ntests/contributors_page_test.py:118: \n_ _ _ _ _ _ _ _ _ _ _ _ _ _ _ _ _ _ _ _ _ _ _ _ _ _ _ _ _ _ _ _ _ _ _ _ _ _ _ _ \npages/contributors_page.py:153: in check_links_clickability\n    return all(link.is_enabled() for link in self.get_list_of_links())\npages/contributors_page.py:99: in get_list_of_links\n    return self.elements_are_present(self.locators.PAGE_LINKS)\npages/base_page.py:61: in elements_are_present\n    return Wait(self.driver, self.timeout).until(\n_ _ _ _ _ _ _ _ _ _ _ _ _ _ _ _ _ _ _ _ _ _ _ _ _ _ _ _ _ _ _ _ _ _ _ _ _ _ _ _ \n\nself = <selenium.webdriver.support.wait.WebDriverWait (session=\"88c55afb121356bc2aef5330c386c74c\")>\nmethod = <function presence_of_all_elements_located.<locals>._predicate at 0x7f1b82e65ee0>\nmessage = \"Can't find elements by locator ('xpath', '//section//a')\"\n\n    def until(self, method, message: str = \"\"):\n        \"\"\"Calls the method provided with the driver as an argument until the \\\n        return value does not evaluate to ``False``.\n    \n        :param method: callable(WebDriver)\n        :param message: optional message for :exc:`TimeoutException`\n        :returns: the result of the last call to `method`\n        :raises: :exc:`selenium.common.exceptions.TimeoutException` if timeout occurs\n        \"\"\"\n        screen = None\n        stacktrace = None\n    \n        end_time = time.monotonic() + self._timeout\n        while True:\n            try:\n                value = method(self._driver)\n                if value:\n                    return value\n            except self._ignored_exceptions as exc:\n                screen = getattr(exc, \"screen\", None)\n                stacktrace = getattr(exc, \"stacktrace\", None)\n            time.sleep(self._poll)\n            if time.monotonic() > end_time:\n                break\n>       raise TimeoutException(message, screen, stacktrace)\nE       selenium.common.exceptions.TimeoutException: Message: Can't find elements by locator ('xpath', '//section//a')\n\n/opt/hostedtoolcache/Python/3.12.4/x64/lib/python3.12/site-packages/selenium/webdriver/support/wait.py:95: TimeoutException",
  "flaky" : false,
  "newFailed" : false,
  "beforeStages" : [ {
    "name" : "driver",
    "time" : {
      "start" : 1723597118342,
      "stop" : 1723597119031,
      "duration" : 689
    },
    "status" : "passed",
    "steps" : [ ],
    "attachments" : [ ],
    "parameters" : [ ],
    "stepsCount" : 0,
    "attachmentsCount" : 0,
    "shouldDisplayMessage" : false,
    "hasContent" : false
  }, {
    "name" : "clear_allure_results_folder",
    "time" : {
      "start" : 1723596645667,
      "stop" : 1723596645667,
      "duration" : 0
    },
    "status" : "passed",
    "steps" : [ ],
    "attachments" : [ ],
    "parameters" : [ ],
    "stepsCount" : 0,
    "attachmentsCount" : 0,
    "shouldDisplayMessage" : false,
    "hasContent" : false
  }, {
    "name" : "contributors_page_open",
    "time" : {
      "start" : 1723597119031,
      "stop" : 1723597119358,
      "duration" : 327
    },
    "status" : "passed",
    "steps" : [ {
      "name" : "Open page: https://brainup.site/contributors",
      "time" : {
        "start" : 1723597119031,
        "stop" : 1723597119358,
        "duration" : 327
      },
      "status" : "passed",
      "steps" : [ ],
      "attachments" : [ ],
      "parameters" : [ {
        "name" : "driver",
        "value" : "<selenium.webdriver.chrome.webdriver.WebDriver (session=\"88c55afb121356bc2aef5330c386c74c\")>"
      } ],
      "stepsCount" : 0,
      "attachmentsCount" : 0,
      "shouldDisplayMessage" : false,
      "hasContent" : true
    } ],
    "attachments" : [ ],
    "parameters" : [ ],
    "stepsCount" : 1,
    "attachmentsCount" : 0,
    "shouldDisplayMessage" : false,
    "hasContent" : true
  } ],
  "testStage" : {
    "status" : "broken",
    "statusMessage" : "selenium.common.exceptions.TimeoutException: Message: Can't find elements by locator ('xpath', '//section//a')",
    "statusTrace" : "self = <tests.contributors_page_test.TestContributorsPage.TestContributorsPageLinks object at 0x7f1b833cc800>\ndriver = <selenium.webdriver.chrome.webdriver.WebDriver (session=\"88c55afb121356bc2aef5330c386c74c\")>\ncontributors_page_open = None\n\n    @allure.title(\"Verify clickability, href of links on the page\")\n    def test_cnp_03_01_verify_links_on_page(self, driver, contributors_page_open):\n        page = ContributorsPage(driver)\n>       links_clickability = page.check_links_clickability()\n\ntests/contributors_page_test.py:118: \n_ _ _ _ _ _ _ _ _ _ _ _ _ _ _ _ _ _ _ _ _ _ _ _ _ _ _ _ _ _ _ _ _ _ _ _ _ _ _ _ \npages/contributors_page.py:153: in check_links_clickability\n    return all(link.is_enabled() for link in self.get_list_of_links())\npages/contributors_page.py:99: in get_list_of_links\n    return self.elements_are_present(self.locators.PAGE_LINKS)\npages/base_page.py:61: in elements_are_present\n    return Wait(self.driver, self.timeout).until(\n_ _ _ _ _ _ _ _ _ _ _ _ _ _ _ _ _ _ _ _ _ _ _ _ _ _ _ _ _ _ _ _ _ _ _ _ _ _ _ _ \n\nself = <selenium.webdriver.support.wait.WebDriverWait (session=\"88c55afb121356bc2aef5330c386c74c\")>\nmethod = <function presence_of_all_elements_located.<locals>._predicate at 0x7f1b82e65ee0>\nmessage = \"Can't find elements by locator ('xpath', '//section//a')\"\n\n    def until(self, method, message: str = \"\"):\n        \"\"\"Calls the method provided with the driver as an argument until the \\\n        return value does not evaluate to ``False``.\n    \n        :param method: callable(WebDriver)\n        :param message: optional message for :exc:`TimeoutException`\n        :returns: the result of the last call to `method`\n        :raises: :exc:`selenium.common.exceptions.TimeoutException` if timeout occurs\n        \"\"\"\n        screen = None\n        stacktrace = None\n    \n        end_time = time.monotonic() + self._timeout\n        while True:\n            try:\n                value = method(self._driver)\n                if value:\n                    return value\n            except self._ignored_exceptions as exc:\n                screen = getattr(exc, \"screen\", None)\n                stacktrace = getattr(exc, \"stacktrace\", None)\n            time.sleep(self._poll)\n            if time.monotonic() > end_time:\n                break\n>       raise TimeoutException(message, screen, stacktrace)\nE       selenium.common.exceptions.TimeoutException: Message: Can't find elements by locator ('xpath', '//section//a')\n\n/opt/hostedtoolcache/Python/3.12.4/x64/lib/python3.12/site-packages/selenium/webdriver/support/wait.py:95: TimeoutException",
    "steps" : [ {
      "name" : "Check if links on the page are clickable",
      "time" : {
        "start" : 1723597119359,
        "stop" : 1723597139599,
        "duration" : 20240
      },
      "status" : "broken",
      "statusMessage" : "selenium.common.exceptions.TimeoutException: Message: Can't find elements by locator ('xpath', '//section//a')\n\n",
      "statusTrace" : "  File \"/opt/hostedtoolcache/Python/3.12.4/x64/lib/python3.12/site-packages/allure_commons/_allure.py\", line 192, in impl\n    return func(*a, **kw)\n           ^^^^^^^^^^^^^^\n  File \"/home/runner/work/auto-tests-python/auto-tests-python/pages/contributors_page.py\", line 153, in check_links_clickability\n    return all(link.is_enabled() for link in self.get_list_of_links())\n                                             ^^^^^^^^^^^^^^^^^^^^^^^^\n  File \"/opt/hostedtoolcache/Python/3.12.4/x64/lib/python3.12/site-packages/allure_commons/_allure.py\", line 192, in impl\n    return func(*a, **kw)\n           ^^^^^^^^^^^^^^\n  File \"/home/runner/work/auto-tests-python/auto-tests-python/pages/contributors_page.py\", line 99, in get_list_of_links\n    return self.elements_are_present(self.locators.PAGE_LINKS)\n           ^^^^^^^^^^^^^^^^^^^^^^^^^^^^^^^^^^^^^^^^^^^^^^^^^^^\n  File \"/home/runner/work/auto-tests-python/auto-tests-python/pages/base_page.py\", line 61, in elements_are_present\n    return Wait(self.driver, self.timeout).until(\n           ^^^^^^^^^^^^^^^^^^^^^^^^^^^^^^^^^^^^^^\n  File \"/opt/hostedtoolcache/Python/3.12.4/x64/lib/python3.12/site-packages/selenium/webdriver/support/wait.py\", line 95, in until\n    raise TimeoutException(message, screen, stacktrace)\n",
      "steps" : [ {
        "name" : "Get the list of links on the 4th level of nesting on the page",
        "time" : {
          "start" : 1723597119359,
          "stop" : 1723597139599,
          "duration" : 20240
        },
        "status" : "broken",
        "statusMessage" : "selenium.common.exceptions.TimeoutException: Message: Can't find elements by locator ('xpath', '//section//a')\n\n",
        "statusTrace" : "  File \"/opt/hostedtoolcache/Python/3.12.4/x64/lib/python3.12/site-packages/allure_commons/_allure.py\", line 192, in impl\n    return func(*a, **kw)\n           ^^^^^^^^^^^^^^\n  File \"/home/runner/work/auto-tests-python/auto-tests-python/pages/contributors_page.py\", line 99, in get_list_of_links\n    return self.elements_are_present(self.locators.PAGE_LINKS)\n           ^^^^^^^^^^^^^^^^^^^^^^^^^^^^^^^^^^^^^^^^^^^^^^^^^^^\n  File \"/home/runner/work/auto-tests-python/auto-tests-python/pages/base_page.py\", line 61, in elements_are_present\n    return Wait(self.driver, self.timeout).until(\n           ^^^^^^^^^^^^^^^^^^^^^^^^^^^^^^^^^^^^^^\n  File \"/opt/hostedtoolcache/Python/3.12.4/x64/lib/python3.12/site-packages/selenium/webdriver/support/wait.py\", line 95, in until\n    raise TimeoutException(message, screen, stacktrace)\n",
        "steps" : [ {
          "name" : "Check elements are present: ('xpath', '//section//a')",
          "time" : {
            "start" : 1723597119359,
            "stop" : 1723597139599,
            "duration" : 20240
          },
          "status" : "broken",
          "statusMessage" : "selenium.common.exceptions.TimeoutException: Message: Can't find elements by locator ('xpath', '//section//a')\n\n",
          "statusTrace" : "  File \"/home/runner/work/auto-tests-python/auto-tests-python/pages/base_page.py\", line 61, in elements_are_present\n    return Wait(self.driver, self.timeout).until(\n           ^^^^^^^^^^^^^^^^^^^^^^^^^^^^^^^^^^^^^^\n  File \"/opt/hostedtoolcache/Python/3.12.4/x64/lib/python3.12/site-packages/selenium/webdriver/support/wait.py\", line 95, in until\n    raise TimeoutException(message, screen, stacktrace)\n",
          "steps" : [ ],
          "attachments" : [ ],
          "parameters" : [ ],
          "stepsCount" : 0,
          "attachmentsCount" : 0,
          "shouldDisplayMessage" : true,
          "hasContent" : true
        } ],
        "attachments" : [ ],
        "parameters" : [ ],
        "stepsCount" : 1,
        "attachmentsCount" : 0,
        "shouldDisplayMessage" : false,
        "hasContent" : true
      } ],
      "attachments" : [ ],
      "parameters" : [ ],
      "stepsCount" : 2,
      "attachmentsCount" : 0,
      "shouldDisplayMessage" : false,
      "hasContent" : true
    } ],
    "attachments" : [ {
      "uid" : "bf76c93e886329c9",
      "name" : "Screenshot",
      "source" : "bf76c93e886329c9.png",
      "type" : "image/png",
      "size" : 8588
    }, {
      "uid" : "c26bfe98fcbfc8c8",
      "name" : "HTML source",
      "source" : "c26bfe98fcbfc8c8.html",
      "type" : "text/html",
      "size" : 39
    } ],
    "parameters" : [ ],
    "stepsCount" : 3,
    "attachmentsCount" : 2,
    "shouldDisplayMessage" : true,
    "hasContent" : true
  },
  "afterStages" : [ {
    "name" : "driver::0",
    "time" : {
      "start" : 1723597139714,
      "stop" : 1723597139856,
      "duration" : 142
    },
    "status" : "passed",
    "steps" : [ ],
    "attachments" : [ {
      "uid" : "a5a54dac19454a75",
      "name" : "Screenshot 2024-08-14 00:58:59.796516",
      "source" : "a5a54dac19454a75.png",
      "type" : "image/png",
      "size" : 8588
    } ],
    "parameters" : [ ],
    "stepsCount" : 0,
    "attachmentsCount" : 1,
    "shouldDisplayMessage" : false,
    "hasContent" : true
  } ],
  "labels" : [ {
    "name" : "epic",
    "value" : "The Contributors Page"
  }, {
    "name" : "parentSuite",
    "value" : "tests"
  }, {
    "name" : "suite",
    "value" : "contributors_page_test"
  }, {
    "name" : "subSuite",
    "value" : "TestContributorsPage"
  }, {
    "name" : "host",
    "value" : "fv-az1200-6"
  }, {
    "name" : "thread",
    "value" : "2287-MainThread"
  }, {
    "name" : "framework",
    "value" : "pytest"
  }, {
    "name" : "language",
    "value" : "cpython3"
  }, {
    "name" : "package",
    "value" : "tests.contributors_page_test"
  }, {
    "name" : "resultFormat",
    "value" : "allure2"
  } ],
  "parameters" : [ ],
  "links" : [ ],
  "hidden" : false,
  "retry" : false,
  "extra" : {
    "severity" : "normal",
    "retries" : [ ],
    "categories" : [ {
      "name" : "Test defects",
      "matchedStatuses" : [ ],
      "flaky" : false
    } ],
    "history" : {
      "statistic" : {
        "failed" : 0,
        "broken" : 2,
        "skipped" : 0,
        "passed" : 64,
        "unknown" : 0,
        "total" : 66
      },
      "items" : [ {
        "uid" : "32f1635d365d0949",
        "reportUrl" : "https://Brain-up.github.io/auto-tests-python/90//#testresult/32f1635d365d0949",
        "status" : "broken",
        "statusDetails" : "selenium.common.exceptions.TimeoutException: Message: Can't find elements by locator ('xpath', '//section//a')",
        "time" : {
          "start" : 1723510786749,
          "stop" : 1723510806996,
          "duration" : 20247
        }
      }, {
        "uid" : "59bfa18ba8658f68",
        "reportUrl" : "https://Brain-up.github.io/auto-tests-python/194//#testresult/59bfa18ba8658f68",
        "status" : "passed",
        "time" : {
          "start" : 1723447329710,
          "stop" : 1723447330395,
          "duration" : 685
        }
      }, {
        "uid" : "b2d9ade1a063c418",
        "reportUrl" : "https://Brain-up.github.io/auto-tests-python/193//#testresult/b2d9ade1a063c418",
        "status" : "passed",
        "time" : {
          "start" : 1723445775497,
          "stop" : 1723445776182,
          "duration" : 685
        }
      }, {
        "uid" : "7155073e47c264c5",
        "reportUrl" : "https://Brain-up.github.io/auto-tests-python/89//#testresult/7155073e47c264c5",
        "status" : "passed",
        "time" : {
          "start" : 1723424048568,
          "stop" : 1723424049249,
          "duration" : 681
        }
      }, {
        "uid" : "ce625a9c19574b1e",
        "reportUrl" : "https://Brain-up.github.io/auto-tests-python/192//#testresult/ce625a9c19574b1e",
        "status" : "passed",
        "time" : {
          "start" : 1723361159783,
          "stop" : 1723361160467,
          "duration" : 684
        }
      }, {
        "uid" : "cae6bb7e6e99b5ce",
        "reportUrl" : "https://Brain-up.github.io/auto-tests-python/191//#testresult/cae6bb7e6e99b5ce",
        "status" : "passed",
        "time" : {
          "start" : 1723359165565,
          "stop" : 1723359166279,
          "duration" : 714
        }
      }, {
        "uid" : "188679f6ae5eb497",
        "reportUrl" : "https://Brain-up.github.io/auto-tests-python/191//#testresult/188679f6ae5eb497",
        "status" : "passed",
        "time" : {
          "start" : 1723357523400,
          "stop" : 1723357524105,
          "duration" : 705
        }
      }, {
        "uid" : "dd3d28a609bbdfe2",
        "reportUrl" : "https://Brain-up.github.io/auto-tests-python/88//#testresult/dd3d28a609bbdfe2",
        "status" : "passed",
        "time" : {
          "start" : 1723337793559,
          "stop" : 1723337794261,
          "duration" : 702
        }
      }, {
        "uid" : "f1d075c7b982fb43",
        "reportUrl" : "https://Brain-up.github.io/auto-tests-python/190//#testresult/f1d075c7b982fb43",
        "status" : "passed",
        "time" : {
          "start" : 1723304429854,
          "stop" : 1723304430540,
          "duration" : 686
        }
      }, {
        "uid" : "40b6ddc7f359facf",
        "reportUrl" : "https://Brain-up.github.io/auto-tests-python/189//#testresult/40b6ddc7f359facf",
        "status" : "passed",
        "time" : {
          "start" : 1723302972100,
          "stop" : 1723302972782,
          "duration" : 682
        }
      }, {
        "uid" : "2005f9e766067aca",
        "reportUrl" : "https://Brain-up.github.io/auto-tests-python/87//#testresult/2005f9e766067aca",
        "status" : "passed",
        "time" : {
          "start" : 1723251137716,
          "stop" : 1723251138406,
          "duration" : 690
        }
      }, {
        "uid" : "768b15bb683e2870",
        "reportUrl" : "https://Brain-up.github.io/auto-tests-python/188//#testresult/768b15bb683e2870",
        "status" : "passed",
        "time" : {
          "start" : 1723188356524,
          "stop" : 1723188357207,
          "duration" : 683
        }
      }, {
        "uid" : "4d514a1ddab2bbd4",
        "reportUrl" : "https://Brain-up.github.io/auto-tests-python/187//#testresult/4d514a1ddab2bbd4",
        "status" : "passed",
        "time" : {
          "start" : 1723187119113,
          "stop" : 1723187119811,
          "duration" : 698
        }
      }, {
        "uid" : "fa7a06a0b295d6d8",
        "reportUrl" : "https://Brain-up.github.io/auto-tests-python/86//#testresult/fa7a06a0b295d6d8",
        "status" : "passed",
        "time" : {
          "start" : 1723164766481,
          "stop" : 1723164767160,
          "duration" : 679
        }
      }, {
        "uid" : "91ed54e9d1fe3e4",
        "reportUrl" : "https://Brain-up.github.io/auto-tests-python/186//#testresult/91ed54e9d1fe3e4",
        "status" : "passed",
        "time" : {
          "start" : 1723103004294,
          "stop" : 1723103004977,
          "duration" : 683
        }
      }, {
        "uid" : "2a403a8a5a29aeef",
        "reportUrl" : "https://Brain-up.github.io/auto-tests-python/185//#testresult/2a403a8a5a29aeef",
        "status" : "passed",
        "time" : {
          "start" : 1723101256917,
          "stop" : 1723101257598,
          "duration" : 681
        }
      }, {
        "uid" : "dcce2419c8459187",
        "reportUrl" : "https://Brain-up.github.io/auto-tests-python/85//#testresult/dcce2419c8459187",
        "status" : "passed",
        "time" : {
          "start" : 1723078356694,
          "stop" : 1723078357376,
          "duration" : 682
        }
      }, {
        "uid" : "fe51b270bdac34df",
        "reportUrl" : "https://Brain-up.github.io/auto-tests-python/184//#testresult/fe51b270bdac34df",
        "status" : "passed",
        "time" : {
          "start" : 1723019206981,
          "stop" : 1723019207743,
          "duration" : 762
        }
      }, {
        "uid" : "d0e878f536be4558",
        "reportUrl" : "https://Brain-up.github.io/auto-tests-python/183//#testresult/d0e878f536be4558",
        "status" : "passed",
        "time" : {
          "start" : 1723017448148,
          "stop" : 1723017448833,
          "duration" : 685
        }
      }, {
        "uid" : "3311a4a9ebcff464",
        "reportUrl" : "https://Brain-up.github.io/auto-tests-python/182//#testresult/3311a4a9ebcff464",
        "status" : "passed",
        "time" : {
          "start" : 1723015893510,
          "stop" : 1723015894206,
          "duration" : 696
        }
      } ]
    },
    "tags" : [ ]
  },
  "source" : "f0f4003a41a5f7f3.json",
  "parameterValues" : [ ]
}