{
  "uid" : "ee7823c0c91114c7",
  "name" : "Select random card from \"Word\" group and compare UI vs BACKEND data",
  "fullName" : "tests.test_speech_exercises_en.TestCardsEN#test_random_word_cards_en",
  "historyId" : "84999af5e98c6318908a9abbfe6fc3a3",
  "time" : {
    "start" : 1749985826365,
    "stop" : 1749985846520,
    "duration" : 20155
  },
  "status" : "skipped",
  "statusMessage" : "XFAIL\n\nselenium.common.exceptions.TimeoutException: Message: Can't find element by locator ('xpath', '//button[@data-test-active-link=\"Words\"]')\nStacktrace:\n#0 0x55724b04229a <unknown>\n#1 0x55724aaae040 <unknown>\n#2 0x55724aaff990 <unknown>\n#3 0x55724aaffb81 <unknown>\n#4 0x55724ab4e664 <unknown>\n#5 0x55724ab256bd <unknown>\n#6 0x55724ab4bace <unknown>\n#7 0x55724ab25463 <unknown>\n#8 0x55724aaf1c55 <unknown>\n#9 0x55724aaf28c1 <unknown>\n#10 0x55724b0071bb <unknown>\n#11 0x55724b00b0c9 <unknown>\n#12 0x55724afefa39 <unknown>\n#13 0x55724b00bc78 <unknown>\n#14 0x55724afd46bf <unknown>\n#15 0x55724b02f948 <unknown>\n#16 0x55724b02fb26 <unknown>\n#17 0x55724b041176 <unknown>\n#18 0x7f5a8869caa4 <unknown>\n#19 0x7f5a88729c3c <unknown>",
  "statusTrace" : "self = <tests.test_speech_exercises_en.TestCardsEN object at 0x7f2fa846c6b0>\ndriver = <selenium.webdriver.chrome.webdriver.WebDriver (session=\"0c42e2737d21c9e05d52bc891372a2c3\")>\nspecialist_user_authorized = None\n\n    @pytest.mark.xfail\n    @allure.suite(\"Speech exercises EN.\")\n    @allure.title('Select random card from \"Word\" group and compare UI vs BACKEND data')\n    def test_random_word_cards_en(self, driver, specialist_user_authorized):\n        page = SpeechExercisesPage(driver)\n>       page.select_group(SpeechExercisesPageLocators.WORDS_BUTTON_EN)\n\ntests/test_speech_exercises_en.py:16: \n_ _ _ _ _ _ _ _ _ _ _ _ _ _ _ _ _ _ _ _ _ _ _ _ _ _ _ _ _ _ _ _ _ _ _ _ _ _ _ _ \npages/speech_exercises_page_en.py:18: in select_group\n    text_of_the_button = self.element_is_present_and_clickable(selector_for_sub_group)\npages/base_page.py:40: in element_is_present_and_clickable\n    return (Wait(self.driver, self.timeout).until(\n_ _ _ _ _ _ _ _ _ _ _ _ _ _ _ _ _ _ _ _ _ _ _ _ _ _ _ _ _ _ _ _ _ _ _ _ _ _ _ _ \n\nself = <selenium.webdriver.support.wait.WebDriverWait (session=\"0c42e2737d21c9e05d52bc891372a2c3\")>\nmethod = <function visibility_of_element_located.<locals>._predicate at 0x7f2fa858dd00>\nmessage = 'Can\\'t find element by locator (\\'xpath\\', \\'//button[@data-test-active-link=\"Words\"]\\')'\n\n    def until(self, method, message: str = \"\"):\n        \"\"\"Calls the method provided with the driver as an argument until the \\\n        return value does not evaluate to ``False``.\n    \n        :param method: callable(WebDriver)\n        :param message: optional message for :exc:`TimeoutException`\n        :returns: the result of the last call to `method`\n        :raises: :exc:`selenium.common.exceptions.TimeoutException` if timeout occurs\n        \"\"\"\n        screen = None\n        stacktrace = None\n    \n        end_time = time.monotonic() + self._timeout\n        while True:\n            try:\n                value = method(self._driver)\n                if value:\n                    return value\n            except self._ignored_exceptions as exc:\n                screen = getattr(exc, \"screen\", None)\n                stacktrace = getattr(exc, \"stacktrace\", None)\n            time.sleep(self._poll)\n            if time.monotonic() > end_time:\n                break\n>       raise TimeoutException(message, screen, stacktrace)\nE       selenium.common.exceptions.TimeoutException: Message: Can't find element by locator ('xpath', '//button[@data-test-active-link=\"Words\"]')\nE       Stacktrace:\nE       #0 0x55724b04229a <unknown>\nE       #1 0x55724aaae040 <unknown>\nE       #2 0x55724aaff990 <unknown>\nE       #3 0x55724aaffb81 <unknown>\nE       #4 0x55724ab4e664 <unknown>\nE       #5 0x55724ab256bd <unknown>\nE       #6 0x55724ab4bace <unknown>\nE       #7 0x55724ab25463 <unknown>\nE       #8 0x55724aaf1c55 <unknown>\nE       #9 0x55724aaf28c1 <unknown>\nE       #10 0x55724b0071bb <unknown>\nE       #11 0x55724b00b0c9 <unknown>\nE       #12 0x55724afefa39 <unknown>\nE       #13 0x55724b00bc78 <unknown>\nE       #14 0x55724afd46bf <unknown>\nE       #15 0x55724b02f948 <unknown>\nE       #16 0x55724b02fb26 <unknown>\nE       #17 0x55724b041176 <unknown>\nE       #18 0x7f5a8869caa4 <unknown>\nE       #19 0x7f5a88729c3c <unknown>\n\n/opt/hostedtoolcache/Python/3.12.10/x64/lib/python3.12/site-packages/selenium/webdriver/support/wait.py:95: TimeoutException",
  "flaky" : false,
  "newFailed" : false,
  "beforeStages" : [ {
    "name" : "clear_allure_results_folder",
    "time" : {
      "start" : 1749984436388,
      "stop" : 1749984436388,
      "duration" : 0
    },
    "status" : "passed",
    "steps" : [ ],
    "attachments" : [ ],
    "parameters" : [ ],
    "attachmentsCount" : 0,
    "shouldDisplayMessage" : false,
    "hasContent" : false,
    "stepsCount" : 0
  }, {
    "name" : "driver",
    "time" : {
      "start" : 1749985818672,
      "stop" : 1749985819500,
      "duration" : 828
    },
    "status" : "passed",
    "steps" : [ ],
    "attachments" : [ ],
    "parameters" : [ ],
    "attachmentsCount" : 0,
    "shouldDisplayMessage" : false,
    "hasContent" : false,
    "stepsCount" : 0
  }, {
    "name" : "main_page_open",
    "time" : {
      "start" : 1749985819500,
      "stop" : 1749985822893,
      "duration" : 3393
    },
    "status" : "passed",
    "steps" : [ {
      "name" : "Open page: https://www.brainup.site/",
      "time" : {
        "start" : 1749985819500,
        "stop" : 1749985822893,
        "duration" : 3393
      },
      "status" : "passed",
      "steps" : [ ],
      "attachments" : [ ],
      "parameters" : [ {
        "name" : "driver",
        "value" : "<selenium.webdriver.chrome.webdriver.WebDriver (session=\"0c42e2737d21c9e05d52bc891372a2c3\")>"
      } ],
      "attachmentsCount" : 0,
      "shouldDisplayMessage" : false,
      "hasContent" : true,
      "stepsCount" : 0
    } ],
    "attachments" : [ ],
    "parameters" : [ ],
    "attachmentsCount" : 0,
    "shouldDisplayMessage" : false,
    "hasContent" : true,
    "stepsCount" : 1
  }, {
    "name" : "specialist_user_authorized",
    "time" : {
      "start" : 1749985822894,
      "stop" : 1749985826365,
      "duration" : 3471
    },
    "status" : "passed",
    "steps" : [ {
      "name" : "USER specialist authorized",
      "time" : {
        "start" : 1749985822894,
        "stop" : 1749985826365,
        "duration" : 3471
      },
      "status" : "passed",
      "steps" : [ {
        "name" : "Check url is present: https://www.brainup.site/groups",
        "time" : {
          "start" : 1749985823318,
          "stop" : 1749985826343,
          "duration" : 3025
        },
        "status" : "passed",
        "steps" : [ ],
        "attachments" : [ ],
        "parameters" : [ ],
        "attachmentsCount" : 0,
        "shouldDisplayMessage" : false,
        "hasContent" : false,
        "stepsCount" : 0
      }, {
        "name" : "Loader checking",
        "time" : {
          "start" : 1749985826343,
          "stop" : 1749985826365,
          "duration" : 22
        },
        "status" : "passed",
        "steps" : [ ],
        "attachments" : [ ],
        "parameters" : [ ],
        "attachmentsCount" : 0,
        "shouldDisplayMessage" : false,
        "hasContent" : false,
        "stepsCount" : 0
      } ],
      "attachments" : [ ],
      "parameters" : [ {
        "name" : "driver",
        "value" : "<selenium.webdriver.chrome.webdriver.WebDriver (session=\"0c42e2737d21c9e05d52bc891372a2c3\")>"
      }, {
        "name" : "main_page_open",
        "value" : "None"
      } ],
      "attachmentsCount" : 0,
      "shouldDisplayMessage" : false,
      "hasContent" : true,
      "stepsCount" : 2
    } ],
    "attachments" : [ ],
    "parameters" : [ ],
    "attachmentsCount" : 0,
    "shouldDisplayMessage" : false,
    "hasContent" : true,
    "stepsCount" : 3
  } ],
  "testStage" : {
    "status" : "skipped",
    "statusMessage" : "XFAIL\n\nselenium.common.exceptions.TimeoutException: Message: Can't find element by locator ('xpath', '//button[@data-test-active-link=\"Words\"]')\nStacktrace:\n#0 0x55724b04229a <unknown>\n#1 0x55724aaae040 <unknown>\n#2 0x55724aaff990 <unknown>\n#3 0x55724aaffb81 <unknown>\n#4 0x55724ab4e664 <unknown>\n#5 0x55724ab256bd <unknown>\n#6 0x55724ab4bace <unknown>\n#7 0x55724ab25463 <unknown>\n#8 0x55724aaf1c55 <unknown>\n#9 0x55724aaf28c1 <unknown>\n#10 0x55724b0071bb <unknown>\n#11 0x55724b00b0c9 <unknown>\n#12 0x55724afefa39 <unknown>\n#13 0x55724b00bc78 <unknown>\n#14 0x55724afd46bf <unknown>\n#15 0x55724b02f948 <unknown>\n#16 0x55724b02fb26 <unknown>\n#17 0x55724b041176 <unknown>\n#18 0x7f5a8869caa4 <unknown>\n#19 0x7f5a88729c3c <unknown>",
    "statusTrace" : "self = <tests.test_speech_exercises_en.TestCardsEN object at 0x7f2fa846c6b0>\ndriver = <selenium.webdriver.chrome.webdriver.WebDriver (session=\"0c42e2737d21c9e05d52bc891372a2c3\")>\nspecialist_user_authorized = None\n\n    @pytest.mark.xfail\n    @allure.suite(\"Speech exercises EN.\")\n    @allure.title('Select random card from \"Word\" group and compare UI vs BACKEND data')\n    def test_random_word_cards_en(self, driver, specialist_user_authorized):\n        page = SpeechExercisesPage(driver)\n>       page.select_group(SpeechExercisesPageLocators.WORDS_BUTTON_EN)\n\ntests/test_speech_exercises_en.py:16: \n_ _ _ _ _ _ _ _ _ _ _ _ _ _ _ _ _ _ _ _ _ _ _ _ _ _ _ _ _ _ _ _ _ _ _ _ _ _ _ _ \npages/speech_exercises_page_en.py:18: in select_group\n    text_of_the_button = self.element_is_present_and_clickable(selector_for_sub_group)\npages/base_page.py:40: in element_is_present_and_clickable\n    return (Wait(self.driver, self.timeout).until(\n_ _ _ _ _ _ _ _ _ _ _ _ _ _ _ _ _ _ _ _ _ _ _ _ _ _ _ _ _ _ _ _ _ _ _ _ _ _ _ _ \n\nself = <selenium.webdriver.support.wait.WebDriverWait (session=\"0c42e2737d21c9e05d52bc891372a2c3\")>\nmethod = <function visibility_of_element_located.<locals>._predicate at 0x7f2fa858dd00>\nmessage = 'Can\\'t find element by locator (\\'xpath\\', \\'//button[@data-test-active-link=\"Words\"]\\')'\n\n    def until(self, method, message: str = \"\"):\n        \"\"\"Calls the method provided with the driver as an argument until the \\\n        return value does not evaluate to ``False``.\n    \n        :param method: callable(WebDriver)\n        :param message: optional message for :exc:`TimeoutException`\n        :returns: the result of the last call to `method`\n        :raises: :exc:`selenium.common.exceptions.TimeoutException` if timeout occurs\n        \"\"\"\n        screen = None\n        stacktrace = None\n    \n        end_time = time.monotonic() + self._timeout\n        while True:\n            try:\n                value = method(self._driver)\n                if value:\n                    return value\n            except self._ignored_exceptions as exc:\n                screen = getattr(exc, \"screen\", None)\n                stacktrace = getattr(exc, \"stacktrace\", None)\n            time.sleep(self._poll)\n            if time.monotonic() > end_time:\n                break\n>       raise TimeoutException(message, screen, stacktrace)\nE       selenium.common.exceptions.TimeoutException: Message: Can't find element by locator ('xpath', '//button[@data-test-active-link=\"Words\"]')\nE       Stacktrace:\nE       #0 0x55724b04229a <unknown>\nE       #1 0x55724aaae040 <unknown>\nE       #2 0x55724aaff990 <unknown>\nE       #3 0x55724aaffb81 <unknown>\nE       #4 0x55724ab4e664 <unknown>\nE       #5 0x55724ab256bd <unknown>\nE       #6 0x55724ab4bace <unknown>\nE       #7 0x55724ab25463 <unknown>\nE       #8 0x55724aaf1c55 <unknown>\nE       #9 0x55724aaf28c1 <unknown>\nE       #10 0x55724b0071bb <unknown>\nE       #11 0x55724b00b0c9 <unknown>\nE       #12 0x55724afefa39 <unknown>\nE       #13 0x55724b00bc78 <unknown>\nE       #14 0x55724afd46bf <unknown>\nE       #15 0x55724b02f948 <unknown>\nE       #16 0x55724b02fb26 <unknown>\nE       #17 0x55724b041176 <unknown>\nE       #18 0x7f5a8869caa4 <unknown>\nE       #19 0x7f5a88729c3c <unknown>\n\n/opt/hostedtoolcache/Python/3.12.10/x64/lib/python3.12/site-packages/selenium/webdriver/support/wait.py:95: TimeoutException",
    "steps" : [ {
      "name" : "select_group",
      "time" : {
        "start" : 1749985826365,
        "stop" : 1749985846519,
        "duration" : 20154
      },
      "status" : "broken",
      "statusMessage" : "selenium.common.exceptions.TimeoutException: Message: Can't find element by locator ('xpath', '//button[@data-test-active-link=\"Words\"]')\nStacktrace:\n#0 0x55724b04229a <unknown>\n#1 0x55724aaae040 <unknown>\n#2 0x55724aaff990 <unknown>\n#3 0x55724aaffb81 <unknown>\n#4 0x55724ab4e664 <unknown>\n#5 0x55724ab256bd <unknown>\n#6 0x55724ab4bace <unknown>\n#7 0x55724ab25463 <unknown>\n#8 0x55724aaf1c55 <unknown>\n#9 0x55724aaf28c1 <unknown>\n#10 0x55724b0071bb <unknown>\n#11 0x55724b00b0c9 <unknown>\n#12 0x55724afefa39 <unknown>\n#13 0x55724b00bc78 <unknown>\n#14 0x55724afd46bf <unknown>\n#15 0x55724b02f948 <unknown>\n#16 0x55724b02fb26 <unknown>\n#17 0x55724b041176 <unknown>\n#18 0x7f5a8869caa4 <unknown>\n#19 0x7f5a88729c3c <unknown>\n\n",
      "statusTrace" : "  File \"/opt/hostedtoolcache/Python/3.12.10/x64/lib/python3.12/site-packages/allure_commons/_allure.py\", line 192, in impl\n    return func(*a, **kw)\n           ^^^^^^^^^^^^^^\n  File \"/home/runner/work/auto-tests-python/auto-tests-python/pages/speech_exercises_page_en.py\", line 18, in select_group\n    text_of_the_button = self.element_is_present_and_clickable(selector_for_sub_group)\n                         ^^^^^^^^^^^^^^^^^^^^^^^^^^^^^^^^^^^^^^^^^^^^^^^^^^^^^^^^^^^^^\n  File \"/home/runner/work/auto-tests-python/auto-tests-python/pages/base_page.py\", line 40, in element_is_present_and_clickable\n    return (Wait(self.driver, self.timeout).until(\n            ^^^^^^^^^^^^^^^^^^^^^^^^^^^^^^^^^^^^^^\n  File \"/opt/hostedtoolcache/Python/3.12.10/x64/lib/python3.12/site-packages/selenium/webdriver/support/wait.py\", line 95, in until\n    raise TimeoutException(message, screen, stacktrace)\n",
      "steps" : [ {
        "name" : "Select Russian language. Click \"EN\" button.",
        "time" : {
          "start" : 1749985826365,
          "stop" : 1749985826439,
          "duration" : 74
        },
        "status" : "passed",
        "steps" : [ ],
        "attachments" : [ ],
        "parameters" : [ ],
        "attachmentsCount" : 0,
        "shouldDisplayMessage" : false,
        "hasContent" : false,
        "stepsCount" : 0
      }, {
        "name" : "Click button \"SPEECH EXERCISES\".",
        "time" : {
          "start" : 1749985826439,
          "stop" : 1749985826512,
          "duration" : 73
        },
        "status" : "passed",
        "steps" : [ ],
        "attachments" : [ ],
        "parameters" : [ ],
        "attachmentsCount" : 0,
        "shouldDisplayMessage" : false,
        "hasContent" : false,
        "stepsCount" : 0
      } ],
      "attachments" : [ ],
      "parameters" : [ {
        "name" : "selector_for_sub_group",
        "value" : "('xpath', '//button[@data-test-active-link=\"Words\"]')"
      } ],
      "attachmentsCount" : 0,
      "shouldDisplayMessage" : true,
      "hasContent" : true,
      "stepsCount" : 2
    } ],
    "attachments" : [ ],
    "parameters" : [ ],
    "attachmentsCount" : 0,
    "shouldDisplayMessage" : true,
    "hasContent" : true,
    "stepsCount" : 3
  },
  "afterStages" : [ {
    "name" : "driver::0",
    "time" : {
      "start" : 1749985846530,
      "stop" : 1749985846598,
      "duration" : 68
    },
    "status" : "passed",
    "steps" : [ ],
    "attachments" : [ ],
    "parameters" : [ ],
    "attachmentsCount" : 0,
    "shouldDisplayMessage" : false,
    "hasContent" : false,
    "stepsCount" : 0
  } ],
  "labels" : [ {
    "name" : "suite",
    "value" : "Speech exercises EN."
  }, {
    "name" : "epic",
    "value" : "Speech exercises."
  }, {
    "name" : "tag",
    "value" : "@pytest.mark.xfail"
  }, {
    "name" : "parentSuite",
    "value" : "tests"
  }, {
    "name" : "subSuite",
    "value" : "TestCardsEN"
  }, {
    "name" : "host",
    "value" : "pkrvmxyh4eaekms"
  }, {
    "name" : "thread",
    "value" : "2551-MainThread"
  }, {
    "name" : "framework",
    "value" : "pytest"
  }, {
    "name" : "language",
    "value" : "cpython3"
  }, {
    "name" : "package",
    "value" : "tests.test_speech_exercises_en"
  }, {
    "name" : "resultFormat",
    "value" : "allure2"
  } ],
  "parameters" : [ ],
  "links" : [ ],
  "hidden" : false,
  "retry" : false,
  "extra" : {
    "severity" : "normal",
    "retries" : [ ],
    "categories" : [ ],
    "history" : {
      "statistic" : {
        "failed" : 0,
        "broken" : 0,
        "skipped" : 214,
        "passed" : 1,
        "unknown" : 0,
        "total" : 215
      },
      "items" : [ {
        "uid" : "d457b1a6707613ec",
        "reportUrl" : "https://Brain-up.github.io/auto-tests-python/396//#testresult/d457b1a6707613ec",
        "status" : "skipped",
        "statusDetails" : "XFAIL\n\nselenium.common.exceptions.TimeoutException: Message: Can't find element by locator ('xpath', '//button[@data-test-active-link=\"Words\"]')\nStacktrace:\n#0 0x55811620e29a <unknown>\n#1 0x558115c7a040 <unknown>\n#2 0x558115ccb990 <unknown>\n#3 0x558115ccbb81 <unknown>\n#4 0x558115d1a664 <unknown>\n#5 0x558115cf16bd <unknown>\n#6 0x558115d17ace <unknown>\n#7 0x558115cf1463 <unknown>\n#8 0x558115cbdc55 <unknown>\n#9 0x558115cbe8c1 <unknown>\n#10 0x5581161d31bb <unknown>\n#11 0x5581161d70c9 <unknown>\n#12 0x5581161bba39 <unknown>\n#13 0x5581161d7c78 <unknown>\n#14 0x5581161a06bf <unknown>\n#15 0x5581161fb948 <unknown>\n#16 0x5581161fbb26 <unknown>\n#17 0x55811620d176 <unknown>\n#18 0x7f1435a9caa4 <unknown>\n#19 0x7f1435b29c3c <unknown>",
        "time" : {
          "start" : 1749951297957,
          "stop" : 1749951318613,
          "duration" : 20656
        }
      }, {
        "uid" : "6cbfc13673b18548",
        "reportUrl" : "https://Brain-up.github.io/auto-tests-python/598//#testresult/6cbfc13673b18548",
        "status" : "skipped",
        "statusDetails" : "XFAIL\n\nselenium.common.exceptions.TimeoutException: Message: Can't find element by locator ('xpath', '//button[@data-test-active-link=\"Words\"]')\nStacktrace:\n#0 0x55602981229a <unknown>\n#1 0x55602927e040 <unknown>\n#2 0x5560292cf990 <unknown>\n#3 0x5560292cfb81 <unknown>\n#4 0x55602931e664 <unknown>\n#5 0x5560292f56bd <unknown>\n#6 0x55602931bace <unknown>\n#7 0x5560292f5463 <unknown>\n#8 0x5560292c1c55 <unknown>\n#9 0x5560292c28c1 <unknown>\n#10 0x5560297d71bb <unknown>\n#11 0x5560297db0c9 <unknown>\n#12 0x5560297bfa39 <unknown>\n#13 0x5560297dbc78 <unknown>\n#14 0x5560297a46bf <unknown>\n#15 0x5560297ff948 <unknown>\n#16 0x5560297ffb26 <unknown>\n#17 0x556029811176 <unknown>\n#18 0x7f944ba9caa4 <unknown>\n#19 0x7f944bb29c3c <unknown>",
        "time" : {
          "start" : 1749890123224,
          "stop" : 1749890143882,
          "duration" : 20658
        }
      }, {
        "uid" : "f35a599f7081b202",
        "reportUrl" : "https://Brain-up.github.io/auto-tests-python/395//#testresult/f35a599f7081b202",
        "status" : "skipped",
        "statusDetails" : "XFAIL\n\nselenium.common.exceptions.TimeoutException: Message: Can't find element by locator ('xpath', '//button[@data-test-active-link=\"Words\"]')\nStacktrace:\n#0 0x5635f78ca29a <unknown>\n#1 0x5635f7336040 <unknown>\n#2 0x5635f7387990 <unknown>\n#3 0x5635f7387b81 <unknown>\n#4 0x5635f73d6664 <unknown>\n#5 0x5635f73ad6bd <unknown>\n#6 0x5635f73d3ace <unknown>\n#7 0x5635f73ad463 <unknown>\n#8 0x5635f7379c55 <unknown>\n#9 0x5635f737a8c1 <unknown>\n#10 0x5635f788f1bb <unknown>\n#11 0x5635f78930c9 <unknown>\n#12 0x5635f7877a39 <unknown>\n#13 0x5635f7893c78 <unknown>\n#14 0x5635f785c6bf <unknown>\n#15 0x5635f78b7948 <unknown>\n#16 0x5635f78b7b26 <unknown>\n#17 0x5635f78c9176 <unknown>\n#18 0x7f44e969caa4 <unknown>\n#19 0x7f44e9729c3c <unknown>",
        "time" : {
          "start" : 1749864601096,
          "stop" : 1749864621331,
          "duration" : 20235
        }
      }, {
        "uid" : "a63c61e7d1c04acc",
        "reportUrl" : "https://Brain-up.github.io/auto-tests-python/597//#testresult/a63c61e7d1c04acc",
        "status" : "skipped",
        "statusDetails" : "XFAIL\n\nselenium.common.exceptions.TimeoutException: Message: Can't find element by locator ('xpath', '//button[@data-test-active-link=\"Words\"]')\nStacktrace:\n#0 0x55795eceb29a <unknown>\n#1 0x55795e757040 <unknown>\n#2 0x55795e7a8990 <unknown>\n#3 0x55795e7a8b81 <unknown>\n#4 0x55795e7f7664 <unknown>\n#5 0x55795e7ce6bd <unknown>\n#6 0x55795e7f4ace <unknown>\n#7 0x55795e7ce463 <unknown>\n#8 0x55795e79ac55 <unknown>\n#9 0x55795e79b8c1 <unknown>\n#10 0x55795ecb01bb <unknown>\n#11 0x55795ecb40c9 <unknown>\n#12 0x55795ec98a39 <unknown>\n#13 0x55795ecb4c78 <unknown>\n#14 0x55795ec7d6bf <unknown>\n#15 0x55795ecd8948 <unknown>\n#16 0x55795ecd8b26 <unknown>\n#17 0x55795ecea176 <unknown>\n#18 0x7f77c9c9caa4 <unknown>\n#19 0x7f77c9d29c3c <unknown>",
        "time" : {
          "start" : 1749815854934,
          "stop" : 1749815875117,
          "duration" : 20183
        }
      }, {
        "uid" : "cd335c133e268968",
        "reportUrl" : "https://Brain-up.github.io/auto-tests-python/394//#testresult/cd335c133e268968",
        "status" : "skipped",
        "statusDetails" : "XFAIL\n\nselenium.common.exceptions.TimeoutException: Message: Can't find element by locator ('xpath', '//button[@data-test-active-link=\"Words\"]')\nStacktrace:\n#0 0x55acb8d8529a <unknown>\n#1 0x55acb87f1040 <unknown>\n#2 0x55acb8842990 <unknown>\n#3 0x55acb8842b81 <unknown>\n#4 0x55acb8891664 <unknown>\n#5 0x55acb88686bd <unknown>\n#6 0x55acb888eace <unknown>\n#7 0x55acb8868463 <unknown>\n#8 0x55acb8834c55 <unknown>\n#9 0x55acb88358c1 <unknown>\n#10 0x55acb8d4a1bb <unknown>\n#11 0x55acb8d4e0c9 <unknown>\n#12 0x55acb8d32a39 <unknown>\n#13 0x55acb8d4ec78 <unknown>\n#14 0x55acb8d176bf <unknown>\n#15 0x55acb8d72948 <unknown>\n#16 0x55acb8d72b26 <unknown>\n#17 0x55acb8d84176 <unknown>\n#18 0x7f0180e9caa4 <unknown>\n#19 0x7f0180f29c3c <unknown>",
        "time" : {
          "start" : 1749778409538,
          "stop" : 1749778429695,
          "duration" : 20157
        }
      }, {
        "uid" : "1dfabaf7550188c9",
        "reportUrl" : "https://Brain-up.github.io/auto-tests-python/596//#testresult/1dfabaf7550188c9",
        "status" : "skipped",
        "statusDetails" : "XFAIL\n\nselenium.common.exceptions.TimeoutException: Message: Can't find element by locator ('xpath', '//button[@data-test-active-link=\"Words\"]')\nStacktrace:\n#0 0x562a8dd0e29a <unknown>\n#1 0x562a8d77a040 <unknown>\n#2 0x562a8d7cb990 <unknown>\n#3 0x562a8d7cbb81 <unknown>\n#4 0x562a8d81a664 <unknown>\n#5 0x562a8d7f16bd <unknown>\n#6 0x562a8d817ace <unknown>\n#7 0x562a8d7f1463 <unknown>\n#8 0x562a8d7bdc55 <unknown>\n#9 0x562a8d7be8c1 <unknown>\n#10 0x562a8dcd31bb <unknown>\n#11 0x562a8dcd70c9 <unknown>\n#12 0x562a8dcbba39 <unknown>\n#13 0x562a8dcd7c78 <unknown>\n#14 0x562a8dca06bf <unknown>\n#15 0x562a8dcfb948 <unknown>\n#16 0x562a8dcfbb26 <unknown>\n#17 0x562a8dd0d176 <unknown>\n#18 0x7efca789caa4 <unknown>\n#19 0x7efca7929c3c <unknown>",
        "time" : {
          "start" : 1749709494868,
          "stop" : 1749709515032,
          "duration" : 20164
        }
      }, {
        "uid" : "3522ce6c6fd0b779",
        "reportUrl" : "https://Brain-up.github.io/auto-tests-python/393//#testresult/3522ce6c6fd0b779",
        "status" : "skipped",
        "statusDetails" : "XFAIL\n\nselenium.common.exceptions.TimeoutException: Message: Can't find element by locator ('xpath', '//button[@data-test-active-link=\"Words\"]')\nStacktrace:\n#0 0x559e9439b29a <unknown>\n#1 0x559e93e07040 <unknown>\n#2 0x559e93e58990 <unknown>\n#3 0x559e93e58b81 <unknown>\n#4 0x559e93ea7664 <unknown>\n#5 0x559e93e7e6bd <unknown>\n#6 0x559e93ea4ace <unknown>\n#7 0x559e93e7e463 <unknown>\n#8 0x559e93e4ac55 <unknown>\n#9 0x559e93e4b8c1 <unknown>\n#10 0x559e943601bb <unknown>\n#11 0x559e943640c9 <unknown>\n#12 0x559e94348a39 <unknown>\n#13 0x559e94364c78 <unknown>\n#14 0x559e9432d6bf <unknown>\n#15 0x559e94388948 <unknown>\n#16 0x559e94388b26 <unknown>\n#17 0x559e9439a176 <unknown>\n#18 0x7f97b049caa4 <unknown>\n#19 0x7f97b0529c3c <unknown>",
        "time" : {
          "start" : 1749691726842,
          "stop" : 1749691747493,
          "duration" : 20651
        }
      }, {
        "uid" : "cdeb03a4a4d7c4c8",
        "reportUrl" : "https://Brain-up.github.io/auto-tests-python/595//#testresult/cdeb03a4a4d7c4c8",
        "status" : "skipped",
        "statusDetails" : "XFAIL\n\nselenium.common.exceptions.TimeoutException: Message: Can't find element by locator ('xpath', '//button[@data-test-active-link=\"Words\"]')\nStacktrace:\n#0 0x560c5843c29a <unknown>\n#1 0x560c57ea8040 <unknown>\n#2 0x560c57ef9990 <unknown>\n#3 0x560c57ef9b81 <unknown>\n#4 0x560c57f48664 <unknown>\n#5 0x560c57f1f6bd <unknown>\n#6 0x560c57f45ace <unknown>\n#7 0x560c57f1f463 <unknown>\n#8 0x560c57eebc55 <unknown>\n#9 0x560c57eec8c1 <unknown>\n#10 0x560c584011bb <unknown>\n#11 0x560c584050c9 <unknown>\n#12 0x560c583e9a39 <unknown>\n#13 0x560c58405c78 <unknown>\n#14 0x560c583ce6bf <unknown>\n#15 0x560c58429948 <unknown>\n#16 0x560c58429b26 <unknown>\n#17 0x560c5843b176 <unknown>\n#18 0x7fb40e89caa4 <unknown>\n#19 0x7fb40e929c3c <unknown>",
        "time" : {
          "start" : 1749666594717,
          "stop" : 1749666614893,
          "duration" : 20176
        }
      }, {
        "uid" : "2c8b85ea259c9d11",
        "reportUrl" : "https://Brain-up.github.io/auto-tests-python/392//#testresult/2c8b85ea259c9d11",
        "status" : "skipped",
        "statusDetails" : "XFAIL\n\nselenium.common.exceptions.TimeoutException: Message: Can't find element by locator ('xpath', '//button[@data-test-active-link=\"Words\"]')\nStacktrace:\n#0 0x560331ba829a <unknown>\n#1 0x560331614040 <unknown>\n#2 0x560331665990 <unknown>\n#3 0x560331665b81 <unknown>\n#4 0x5603316b4664 <unknown>\n#5 0x56033168b6bd <unknown>\n#6 0x5603316b1ace <unknown>\n#7 0x56033168b463 <unknown>\n#8 0x560331657c55 <unknown>\n#9 0x5603316588c1 <unknown>\n#10 0x560331b6d1bb <unknown>\n#11 0x560331b710c9 <unknown>\n#12 0x560331b55a39 <unknown>\n#13 0x560331b71c78 <unknown>\n#14 0x560331b3a6bf <unknown>\n#15 0x560331b95948 <unknown>\n#16 0x560331b95b26 <unknown>\n#17 0x560331ba7176 <unknown>\n#18 0x7ffaba29caa4 <unknown>\n#19 0x7ffaba329c3c <unknown>",
        "time" : {
          "start" : 1749605311261,
          "stop" : 1749605331500,
          "duration" : 20239
        }
      }, {
        "uid" : "4a243793509b9483",
        "reportUrl" : "https://Brain-up.github.io/auto-tests-python/594//#testresult/4a243793509b9483",
        "status" : "skipped",
        "statusDetails" : "XFAIL\n\nselenium.common.exceptions.TimeoutException: Message: Can't find element by locator ('xpath', '//button[@data-test-active-link=\"Words\"]')\nStacktrace:\n#0 0x555aabbbe29a <unknown>\n#1 0x555aab62a040 <unknown>\n#2 0x555aab67b990 <unknown>\n#3 0x555aab67bb81 <unknown>\n#4 0x555aab6ca664 <unknown>\n#5 0x555aab6a16bd <unknown>\n#6 0x555aab6c7ace <unknown>\n#7 0x555aab6a1463 <unknown>\n#8 0x555aab66dc55 <unknown>\n#9 0x555aab66e8c1 <unknown>\n#10 0x555aabb831bb <unknown>\n#11 0x555aabb870c9 <unknown>\n#12 0x555aabb6ba39 <unknown>\n#13 0x555aabb87c78 <unknown>\n#14 0x555aabb506bf <unknown>\n#15 0x555aabbab948 <unknown>\n#16 0x555aabbabb26 <unknown>\n#17 0x555aabbbd176 <unknown>\n#18 0x7fd48a29caa4 <unknown>\n#19 0x7fd48a329c3c <unknown>",
        "time" : {
          "start" : 1749581586334,
          "stop" : 1749581606496,
          "duration" : 20162
        }
      }, {
        "uid" : "9393d4ccecab61e7",
        "reportUrl" : "https://Brain-up.github.io/auto-tests-python/391//#testresult/9393d4ccecab61e7",
        "status" : "skipped",
        "statusDetails" : "XFAIL\n\nselenium.common.exceptions.TimeoutException: Message: Can't find element by locator ('xpath', '//button[@data-test-active-link=\"Words\"]')\nStacktrace:\n#0 0x555cb834a78a <unknown>\n#1 0x555cb7ded0a0 <unknown>\n#2 0x555cb7e3e9b0 <unknown>\n#3 0x555cb7e3eba1 <unknown>\n#4 0x555cb7e8cea4 <unknown>\n#5 0x555cb7e643cd <unknown>\n#6 0x555cb7e8a2a0 <unknown>\n#7 0x555cb7e64173 <unknown>\n#8 0x555cb7e30d4b <unknown>\n#9 0x555cb7e319b1 <unknown>\n#10 0x555cb830f93b <unknown>\n#11 0x555cb831383a <unknown>\n#12 0x555cb82f7692 <unknown>\n#13 0x555cb83143c4 <unknown>\n#14 0x555cb82dc4cf <unknown>\n#15 0x555cb8338568 <unknown>\n#16 0x555cb8338746 <unknown>\n#17 0x555cb83495f6 <unknown>\n#18 0x7fba4489caa4 <unknown>\n#19 0x7fba44929c3c <unknown>",
        "time" : {
          "start" : 1749519045565,
          "stop" : 1749519066183,
          "duration" : 20618
        }
      }, {
        "uid" : "25969f1040502577",
        "reportUrl" : "https://Brain-up.github.io/auto-tests-python/593//#testresult/25969f1040502577",
        "status" : "skipped",
        "statusDetails" : "XFAIL\n\nselenium.common.exceptions.TimeoutException: Message: Can't find element by locator ('xpath', '//button[@data-test-active-link=\"Words\"]')\nStacktrace:\n#0 0x55988a78178a <unknown>\n#1 0x55988a2240a0 <unknown>\n#2 0x55988a2759b0 <unknown>\n#3 0x55988a275ba1 <unknown>\n#4 0x55988a2c3ea4 <unknown>\n#5 0x55988a29b3cd <unknown>\n#6 0x55988a2c12a0 <unknown>\n#7 0x55988a29b173 <unknown>\n#8 0x55988a267d4b <unknown>\n#9 0x55988a2689b1 <unknown>\n#10 0x55988a74693b <unknown>\n#11 0x55988a74a83a <unknown>\n#12 0x55988a72e692 <unknown>\n#13 0x55988a74b3c4 <unknown>\n#14 0x55988a7134cf <unknown>\n#15 0x55988a76f568 <unknown>\n#16 0x55988a76f746 <unknown>\n#17 0x55988a7805f6 <unknown>\n#18 0x7f482f29caa4 <unknown>\n#19 0x7f482f329c3c <unknown>",
        "time" : {
          "start" : 1749479578072,
          "stop" : 1749479598235,
          "duration" : 20163
        }
      }, {
        "uid" : "ed6efd66c468c0d7",
        "reportUrl" : "https://Brain-up.github.io/auto-tests-python/390//#testresult/ed6efd66c468c0d7",
        "status" : "skipped",
        "statusDetails" : "XFAIL\n\nselenium.common.exceptions.TimeoutException: Message: Can't find element by locator ('xpath', '//button[@data-test-active-link=\"Words\"]')\nStacktrace:\n#0 0x5633d4ac678a <unknown>\n#1 0x5633d45690a0 <unknown>\n#2 0x5633d45ba9b0 <unknown>\n#3 0x5633d45baba1 <unknown>\n#4 0x5633d4608ea4 <unknown>\n#5 0x5633d45e03cd <unknown>\n#6 0x5633d46062a0 <unknown>\n#7 0x5633d45e0173 <unknown>\n#8 0x5633d45acd4b <unknown>\n#9 0x5633d45ad9b1 <unknown>\n#10 0x5633d4a8b93b <unknown>\n#11 0x5633d4a8f83a <unknown>\n#12 0x5633d4a73692 <unknown>\n#13 0x5633d4a903c4 <unknown>\n#14 0x5633d4a584cf <unknown>\n#15 0x5633d4ab4568 <unknown>\n#16 0x5633d4ab4746 <unknown>\n#17 0x5633d4ac55f6 <unknown>\n#18 0x7f64cca9caa4 <unknown>\n#19 0x7f64ccb29c3c <unknown>",
        "time" : {
          "start" : 1749432668267,
          "stop" : 1749432688916,
          "duration" : 20649
        }
      }, {
        "uid" : "7273e785ab58fda0",
        "reportUrl" : "https://Brain-up.github.io/auto-tests-python/592//#testresult/7273e785ab58fda0",
        "status" : "skipped",
        "statusDetails" : "XFAIL\n\nselenium.common.exceptions.TimeoutException: Message: Can't find element by locator ('xpath', '//button[@data-test-active-link=\"Words\"]')\nStacktrace:\n#0 0x558e0446d78a <unknown>\n#1 0x558e03f100a0 <unknown>\n#2 0x558e03f619b0 <unknown>\n#3 0x558e03f61ba1 <unknown>\n#4 0x558e03fafea4 <unknown>\n#5 0x558e03f873cd <unknown>\n#6 0x558e03fad2a0 <unknown>\n#7 0x558e03f87173 <unknown>\n#8 0x558e03f53d4b <unknown>\n#9 0x558e03f549b1 <unknown>\n#10 0x558e0443293b <unknown>\n#11 0x558e0443683a <unknown>\n#12 0x558e0441a692 <unknown>\n#13 0x558e044373c4 <unknown>\n#14 0x558e043ff4cf <unknown>\n#15 0x558e0445b568 <unknown>\n#16 0x558e0445b746 <unknown>\n#17 0x558e0446c5f6 <unknown>\n#18 0x7feebe49caa4 <unknown>\n#19 0x7feebe529c3c <unknown>",
        "time" : {
          "start" : 1749362937941,
          "stop" : 1749362958585,
          "duration" : 20644
        }
      }, {
        "uid" : "2474e73b107810ed",
        "reportUrl" : "https://Brain-up.github.io/auto-tests-python/389//#testresult/2474e73b107810ed",
        "status" : "skipped",
        "statusDetails" : "XFAIL\n\nselenium.common.exceptions.TimeoutException: Message: Can't find element by locator ('xpath', '//button[@data-test-active-link=\"Words\"]')\nStacktrace:\n#0 0x555ea5ee578a <unknown>\n#1 0x555ea59880a0 <unknown>\n#2 0x555ea59d99b0 <unknown>\n#3 0x555ea59d9ba1 <unknown>\n#4 0x555ea5a27ea4 <unknown>\n#5 0x555ea59ff3cd <unknown>\n#6 0x555ea5a252a0 <unknown>\n#7 0x555ea59ff173 <unknown>\n#8 0x555ea59cbd4b <unknown>\n#9 0x555ea59cc9b1 <unknown>\n#10 0x555ea5eaa93b <unknown>\n#11 0x555ea5eae83a <unknown>\n#12 0x555ea5e92692 <unknown>\n#13 0x555ea5eaf3c4 <unknown>\n#14 0x555ea5e774cf <unknown>\n#15 0x555ea5ed3568 <unknown>\n#16 0x555ea5ed3746 <unknown>\n#17 0x555ea5ee45f6 <unknown>\n#18 0x7fa9dae9caa4 <unknown>\n#19 0x7fa9daf29c3c <unknown>",
        "time" : {
          "start" : 1749346419678,
          "stop" : 1749346440330,
          "duration" : 20652
        }
      }, {
        "uid" : "d1377d47c39f0319",
        "reportUrl" : "https://Brain-up.github.io/auto-tests-python/591//#testresult/d1377d47c39f0319",
        "status" : "skipped",
        "statusDetails" : "XFAIL\n\nselenium.common.exceptions.TimeoutException: Message: Can't find element by locator ('xpath', '//button[@data-test-active-link=\"Words\"]')\nStacktrace:\n#0 0x5585d68fa78a <unknown>\n#1 0x5585d639d0a0 <unknown>\n#2 0x5585d63ee9b0 <unknown>\n#3 0x5585d63eeba1 <unknown>\n#4 0x5585d643cea4 <unknown>\n#5 0x5585d64143cd <unknown>\n#6 0x5585d643a2a0 <unknown>\n#7 0x5585d6414173 <unknown>\n#8 0x5585d63e0d4b <unknown>\n#9 0x5585d63e19b1 <unknown>\n#10 0x5585d68bf93b <unknown>\n#11 0x5585d68c383a <unknown>\n#12 0x5585d68a7692 <unknown>\n#13 0x5585d68c43c4 <unknown>\n#14 0x5585d688c4cf <unknown>\n#15 0x5585d68e8568 <unknown>\n#16 0x5585d68e8746 <unknown>\n#17 0x5585d68f95f6 <unknown>\n#18 0x7f7595a9caa4 <unknown>\n#19 0x7f7595b29c3c <unknown>",
        "time" : {
          "start" : 1749302826459,
          "stop" : 1749302846652,
          "duration" : 20193
        }
      }, {
        "uid" : "ae643ec878ff30b9",
        "reportUrl" : "https://Brain-up.github.io/auto-tests-python/388//#testresult/ae643ec878ff30b9",
        "status" : "skipped",
        "statusDetails" : "XFAIL\n\nselenium.common.exceptions.TimeoutException: Message: Can't find element by locator ('xpath', '//button[@data-test-active-link=\"Words\"]')\nStacktrace:\n#0 0x5632cb58578a <unknown>\n#1 0x5632cb0280a0 <unknown>\n#2 0x5632cb0799b0 <unknown>\n#3 0x5632cb079ba1 <unknown>\n#4 0x5632cb0c7ea4 <unknown>\n#5 0x5632cb09f3cd <unknown>\n#6 0x5632cb0c52a0 <unknown>\n#7 0x5632cb09f173 <unknown>\n#8 0x5632cb06bd4b <unknown>\n#9 0x5632cb06c9b1 <unknown>\n#10 0x5632cb54a93b <unknown>\n#11 0x5632cb54e83a <unknown>\n#12 0x5632cb532692 <unknown>\n#13 0x5632cb54f3c4 <unknown>\n#14 0x5632cb5174cf <unknown>\n#15 0x5632cb573568 <unknown>\n#16 0x5632cb573746 <unknown>\n#17 0x5632cb5845f6 <unknown>\n#18 0x7fcafd69caa4 <unknown>\n#19 0x7fcafd729c3c <unknown>",
        "time" : {
          "start" : 1749259855724,
          "stop" : 1749259875891,
          "duration" : 20167
        }
      }, {
        "uid" : "14e9f3dff84c6389",
        "reportUrl" : "https://Brain-up.github.io/auto-tests-python/590//#testresult/14e9f3dff84c6389",
        "status" : "skipped",
        "statusDetails" : "XFAIL\n\nselenium.common.exceptions.TimeoutException: Message: Can't find element by locator ('xpath', '//button[@data-test-active-link=\"Words\"]')\nStacktrace:\n#0 0x55efd5a1078a <unknown>\n#1 0x55efd54b30a0 <unknown>\n#2 0x55efd55049b0 <unknown>\n#3 0x55efd5504ba1 <unknown>\n#4 0x55efd5552ea4 <unknown>\n#5 0x55efd552a3cd <unknown>\n#6 0x55efd55502a0 <unknown>\n#7 0x55efd552a173 <unknown>\n#8 0x55efd54f6d4b <unknown>\n#9 0x55efd54f79b1 <unknown>\n#10 0x55efd59d593b <unknown>\n#11 0x55efd59d983a <unknown>\n#12 0x55efd59bd692 <unknown>\n#13 0x55efd59da3c4 <unknown>\n#14 0x55efd59a24cf <unknown>\n#15 0x55efd59fe568 <unknown>\n#16 0x55efd59fe746 <unknown>\n#17 0x55efd5a0f5f6 <unknown>\n#18 0x7f98e169caa4 <unknown>\n#19 0x7f98e1729c3c <unknown>",
        "time" : {
          "start" : 1749212864839,
          "stop" : 1749212885489,
          "duration" : 20650
        }
      }, {
        "uid" : "abed3330cc01c75",
        "reportUrl" : "https://Brain-up.github.io/auto-tests-python/387//#testresult/abed3330cc01c75",
        "status" : "skipped",
        "statusDetails" : "XFAIL\n\nselenium.common.exceptions.TimeoutException: Message: Can't find element by locator ('xpath', '//button[@data-test-active-link=\"Words\"]')\nStacktrace:\n#0 0x557fc4dc978a <unknown>\n#1 0x557fc486c0a0 <unknown>\n#2 0x557fc48bd9b0 <unknown>\n#3 0x557fc48bdba1 <unknown>\n#4 0x557fc490bea4 <unknown>\n#5 0x557fc48e33cd <unknown>\n#6 0x557fc49092a0 <unknown>\n#7 0x557fc48e3173 <unknown>\n#8 0x557fc48afd4b <unknown>\n#9 0x557fc48b09b1 <unknown>\n#10 0x557fc4d8e93b <unknown>\n#11 0x557fc4d9283a <unknown>\n#12 0x557fc4d76692 <unknown>\n#13 0x557fc4d933c4 <unknown>\n#14 0x557fc4d5b4cf <unknown>\n#15 0x557fc4db7568 <unknown>\n#16 0x557fc4db7746 <unknown>\n#17 0x557fc4dc85f6 <unknown>\n#18 0x7f1c9209caa4 <unknown>\n#19 0x7f1c92129c3c <unknown>",
        "time" : {
          "start" : 1749173230011,
          "stop" : 1749173250652,
          "duration" : 20641
        }
      }, {
        "uid" : "b4e4e293bda2bff1",
        "reportUrl" : "https://Brain-up.github.io/auto-tests-python/589//#testresult/b4e4e293bda2bff1",
        "status" : "skipped",
        "statusDetails" : "XFAIL\n\nselenium.common.exceptions.TimeoutException: Message: Can't find element by locator ('xpath', '//button[@data-test-active-link=\"Words\"]')\nStacktrace:\n#0 0x55a1ee5aa78a <unknown>\n#1 0x55a1ee04d0a0 <unknown>\n#2 0x55a1ee09e9b0 <unknown>\n#3 0x55a1ee09eba1 <unknown>\n#4 0x55a1ee0ecea4 <unknown>\n#5 0x55a1ee0c43cd <unknown>\n#6 0x55a1ee0ea2a0 <unknown>\n#7 0x55a1ee0c4173 <unknown>\n#8 0x55a1ee090d4b <unknown>\n#9 0x55a1ee0919b1 <unknown>\n#10 0x55a1ee56f93b <unknown>\n#11 0x55a1ee57383a <unknown>\n#12 0x55a1ee557692 <unknown>\n#13 0x55a1ee5743c4 <unknown>\n#14 0x55a1ee53c4cf <unknown>\n#15 0x55a1ee598568 <unknown>\n#16 0x55a1ee598746 <unknown>\n#17 0x55a1ee5a95f6 <unknown>\n#18 0x7f626a29caa4 <unknown>\n#19 0x7f626a329c3c <unknown>",
        "time" : {
          "start" : 1749127261757,
          "stop" : 1749127281948,
          "duration" : 20191
        }
      } ]
    },
    "tags" : [ "@pytest.mark.xfail" ]
  },
  "source" : "ee7823c0c91114c7.json",
  "parameterValues" : [ ]
}