{
  "uid" : "b8617ebf2d017594",
  "name" : "Verify content of the text on the page",
  "fullName" : "tests.contributors_page_test.TestContributorsPageText#test_cnp_02_03_verify_page_text",
  "historyId" : "fb3765b3b9cbccc8d3b872d250e108b4",
  "time" : {
    "start" : 1729386164993,
    "stop" : 1729386185459,
    "duration" : 20466
  },
  "status" : "broken",
  "statusMessage" : "selenium.common.exceptions.TimeoutException: Message: Can't find element by locator ('css selector', '.mb-16')\nStacktrace:\n#0 0x55f1cbd910aa <unknown>\n#1 0x55f1cb8a81a0 <unknown>\n#2 0x55f1cb8f4d06 <unknown>\n#3 0x55f1cb8f4fa1 <unknown>\n#4 0x55f1cb93a344 <unknown>\n#5 0x55f1cb918dad <unknown>\n#6 0x55f1cb937866 <unknown>\n#7 0x55f1cb918b23 <unknown>\n#8 0x55f1cb8e7990 <unknown>\n#9 0x55f1cb8e896e <unknown>\n#10 0x55f1cbd5d16b <unknown>\n#11 0x55f1cbd60f68 <unknown>\n#12 0x55f1cbd4a64c <unknown>\n#13 0x55f1cbd61ae7 <unknown>\n#14 0x55f1cbd2f4af <unknown>\n#15 0x55f1cbd7f4f8 <unknown>\n#16 0x55f1cbd7f6c0 <unknown>\n#17 0x55f1cbd8ff26 <unknown>\n#18 0x7f5f65494ac3 <unknown>",
  "statusTrace" : "self = <tests.contributors_page_test.TestContributorsPage.TestContributorsPageText object at 0x7fda7389f7d0>\ndriver = <selenium.webdriver.chrome.webdriver.WebDriver (session=\"09e5f8280bf00abe10e8444237c84b3b\")>\ncontributors_page_open = None\n\n    @allure.title(\"Verify content of the text on the page\")\n    def test_cnp_02_03_verify_page_text(self, driver, contributors_page_open):\n        page = ContributorsPage(driver)\n>       text_content = page.get_text_content_on_page()\n\ntests/contributors_page_test.py:94: \n_ _ _ _ _ _ _ _ _ _ _ _ _ _ _ _ _ _ _ _ _ _ _ _ _ _ _ _ _ _ _ _ _ _ _ _ _ _ _ _ \npages/contributors_page.py:131: in get_text_content_on_page\n    return self.element_is_present(self.locators.PAGE_TEXT).text\npages/base_page.py:51: in element_is_present\n    return Wait(self.driver, self.timeout).until(\n_ _ _ _ _ _ _ _ _ _ _ _ _ _ _ _ _ _ _ _ _ _ _ _ _ _ _ _ _ _ _ _ _ _ _ _ _ _ _ _ \n\nself = <selenium.webdriver.support.wait.WebDriverWait (session=\"09e5f8280bf00abe10e8444237c84b3b\")>\nmethod = <function presence_of_element_located.<locals>._predicate at 0x7fda733720c0>\nmessage = \"Can't find element by locator ('css selector', '.mb-16')\"\n\n    def until(self, method, message: str = \"\"):\n        \"\"\"Calls the method provided with the driver as an argument until the \\\n        return value does not evaluate to ``False``.\n    \n        :param method: callable(WebDriver)\n        :param message: optional message for :exc:`TimeoutException`\n        :returns: the result of the last call to `method`\n        :raises: :exc:`selenium.common.exceptions.TimeoutException` if timeout occurs\n        \"\"\"\n        screen = None\n        stacktrace = None\n    \n        end_time = time.monotonic() + self._timeout\n        while True:\n            try:\n                value = method(self._driver)\n                if value:\n                    return value\n            except self._ignored_exceptions as exc:\n                screen = getattr(exc, \"screen\", None)\n                stacktrace = getattr(exc, \"stacktrace\", None)\n            time.sleep(self._poll)\n            if time.monotonic() > end_time:\n                break\n>       raise TimeoutException(message, screen, stacktrace)\nE       selenium.common.exceptions.TimeoutException: Message: Can't find element by locator ('css selector', '.mb-16')\nE       Stacktrace:\nE       #0 0x55f1cbd910aa <unknown>\nE       #1 0x55f1cb8a81a0 <unknown>\nE       #2 0x55f1cb8f4d06 <unknown>\nE       #3 0x55f1cb8f4fa1 <unknown>\nE       #4 0x55f1cb93a344 <unknown>\nE       #5 0x55f1cb918dad <unknown>\nE       #6 0x55f1cb937866 <unknown>\nE       #7 0x55f1cb918b23 <unknown>\nE       #8 0x55f1cb8e7990 <unknown>\nE       #9 0x55f1cb8e896e <unknown>\nE       #10 0x55f1cbd5d16b <unknown>\nE       #11 0x55f1cbd60f68 <unknown>\nE       #12 0x55f1cbd4a64c <unknown>\nE       #13 0x55f1cbd61ae7 <unknown>\nE       #14 0x55f1cbd2f4af <unknown>\nE       #15 0x55f1cbd7f4f8 <unknown>\nE       #16 0x55f1cbd7f6c0 <unknown>\nE       #17 0x55f1cbd8ff26 <unknown>\nE       #18 0x7f5f65494ac3 <unknown>\n\n/opt/hostedtoolcache/Python/3.12.7/x64/lib/python3.12/site-packages/selenium/webdriver/support/wait.py:95: TimeoutException",
  "flaky" : false,
  "newFailed" : false,
  "beforeStages" : [ {
    "name" : "driver",
    "time" : {
      "start" : 1729386160396,
      "stop" : 1729386161172,
      "duration" : 776
    },
    "status" : "passed",
    "steps" : [ ],
    "attachments" : [ ],
    "parameters" : [ ],
    "stepsCount" : 0,
    "attachmentsCount" : 0,
    "shouldDisplayMessage" : false,
    "hasContent" : false
  }, {
    "name" : "clear_allure_results_folder",
    "time" : {
      "start" : 1729386047942,
      "stop" : 1729386047942,
      "duration" : 0
    },
    "status" : "passed",
    "steps" : [ ],
    "attachments" : [ ],
    "parameters" : [ ],
    "stepsCount" : 0,
    "attachmentsCount" : 0,
    "shouldDisplayMessage" : false,
    "hasContent" : false
  }, {
    "name" : "contributors_page_open",
    "time" : {
      "start" : 1729386161172,
      "stop" : 1729386164992,
      "duration" : 3820
    },
    "status" : "passed",
    "steps" : [ {
      "name" : "Open page: https://brainup.site/contributors",
      "time" : {
        "start" : 1729386161172,
        "stop" : 1729386164992,
        "duration" : 3820
      },
      "status" : "passed",
      "steps" : [ ],
      "attachments" : [ ],
      "parameters" : [ {
        "name" : "driver",
        "value" : "<selenium.webdriver.chrome.webdriver.WebDriver (session=\"09e5f8280bf00abe10e8444237c84b3b\")>"
      } ],
      "stepsCount" : 0,
      "attachmentsCount" : 0,
      "shouldDisplayMessage" : false,
      "hasContent" : true
    } ],
    "attachments" : [ ],
    "parameters" : [ ],
    "stepsCount" : 1,
    "attachmentsCount" : 0,
    "shouldDisplayMessage" : false,
    "hasContent" : true
  } ],
  "testStage" : {
    "status" : "broken",
    "statusMessage" : "selenium.common.exceptions.TimeoutException: Message: Can't find element by locator ('css selector', '.mb-16')\nStacktrace:\n#0 0x55f1cbd910aa <unknown>\n#1 0x55f1cb8a81a0 <unknown>\n#2 0x55f1cb8f4d06 <unknown>\n#3 0x55f1cb8f4fa1 <unknown>\n#4 0x55f1cb93a344 <unknown>\n#5 0x55f1cb918dad <unknown>\n#6 0x55f1cb937866 <unknown>\n#7 0x55f1cb918b23 <unknown>\n#8 0x55f1cb8e7990 <unknown>\n#9 0x55f1cb8e896e <unknown>\n#10 0x55f1cbd5d16b <unknown>\n#11 0x55f1cbd60f68 <unknown>\n#12 0x55f1cbd4a64c <unknown>\n#13 0x55f1cbd61ae7 <unknown>\n#14 0x55f1cbd2f4af <unknown>\n#15 0x55f1cbd7f4f8 <unknown>\n#16 0x55f1cbd7f6c0 <unknown>\n#17 0x55f1cbd8ff26 <unknown>\n#18 0x7f5f65494ac3 <unknown>",
    "statusTrace" : "self = <tests.contributors_page_test.TestContributorsPage.TestContributorsPageText object at 0x7fda7389f7d0>\ndriver = <selenium.webdriver.chrome.webdriver.WebDriver (session=\"09e5f8280bf00abe10e8444237c84b3b\")>\ncontributors_page_open = None\n\n    @allure.title(\"Verify content of the text on the page\")\n    def test_cnp_02_03_verify_page_text(self, driver, contributors_page_open):\n        page = ContributorsPage(driver)\n>       text_content = page.get_text_content_on_page()\n\ntests/contributors_page_test.py:94: \n_ _ _ _ _ _ _ _ _ _ _ _ _ _ _ _ _ _ _ _ _ _ _ _ _ _ _ _ _ _ _ _ _ _ _ _ _ _ _ _ \npages/contributors_page.py:131: in get_text_content_on_page\n    return self.element_is_present(self.locators.PAGE_TEXT).text\npages/base_page.py:51: in element_is_present\n    return Wait(self.driver, self.timeout).until(\n_ _ _ _ _ _ _ _ _ _ _ _ _ _ _ _ _ _ _ _ _ _ _ _ _ _ _ _ _ _ _ _ _ _ _ _ _ _ _ _ \n\nself = <selenium.webdriver.support.wait.WebDriverWait (session=\"09e5f8280bf00abe10e8444237c84b3b\")>\nmethod = <function presence_of_element_located.<locals>._predicate at 0x7fda733720c0>\nmessage = \"Can't find element by locator ('css selector', '.mb-16')\"\n\n    def until(self, method, message: str = \"\"):\n        \"\"\"Calls the method provided with the driver as an argument until the \\\n        return value does not evaluate to ``False``.\n    \n        :param method: callable(WebDriver)\n        :param message: optional message for :exc:`TimeoutException`\n        :returns: the result of the last call to `method`\n        :raises: :exc:`selenium.common.exceptions.TimeoutException` if timeout occurs\n        \"\"\"\n        screen = None\n        stacktrace = None\n    \n        end_time = time.monotonic() + self._timeout\n        while True:\n            try:\n                value = method(self._driver)\n                if value:\n                    return value\n            except self._ignored_exceptions as exc:\n                screen = getattr(exc, \"screen\", None)\n                stacktrace = getattr(exc, \"stacktrace\", None)\n            time.sleep(self._poll)\n            if time.monotonic() > end_time:\n                break\n>       raise TimeoutException(message, screen, stacktrace)\nE       selenium.common.exceptions.TimeoutException: Message: Can't find element by locator ('css selector', '.mb-16')\nE       Stacktrace:\nE       #0 0x55f1cbd910aa <unknown>\nE       #1 0x55f1cb8a81a0 <unknown>\nE       #2 0x55f1cb8f4d06 <unknown>\nE       #3 0x55f1cb8f4fa1 <unknown>\nE       #4 0x55f1cb93a344 <unknown>\nE       #5 0x55f1cb918dad <unknown>\nE       #6 0x55f1cb937866 <unknown>\nE       #7 0x55f1cb918b23 <unknown>\nE       #8 0x55f1cb8e7990 <unknown>\nE       #9 0x55f1cb8e896e <unknown>\nE       #10 0x55f1cbd5d16b <unknown>\nE       #11 0x55f1cbd60f68 <unknown>\nE       #12 0x55f1cbd4a64c <unknown>\nE       #13 0x55f1cbd61ae7 <unknown>\nE       #14 0x55f1cbd2f4af <unknown>\nE       #15 0x55f1cbd7f4f8 <unknown>\nE       #16 0x55f1cbd7f6c0 <unknown>\nE       #17 0x55f1cbd8ff26 <unknown>\nE       #18 0x7f5f65494ac3 <unknown>\n\n/opt/hostedtoolcache/Python/3.12.7/x64/lib/python3.12/site-packages/selenium/webdriver/support/wait.py:95: TimeoutException",
    "steps" : [ {
      "name" : "Get content of the text on the page",
      "time" : {
        "start" : 1729386164993,
        "stop" : 1729386185458,
        "duration" : 20465
      },
      "status" : "broken",
      "statusMessage" : "selenium.common.exceptions.TimeoutException: Message: Can't find element by locator ('css selector', '.mb-16')\nStacktrace:\n#0 0x55f1cbd910aa <unknown>\n#1 0x55f1cb8a81a0 <unknown>\n#2 0x55f1cb8f4d06 <unknown>\n#3 0x55f1cb8f4fa1 <unknown>\n#4 0x55f1cb93a344 <unknown>\n#5 0x55f1cb918dad <unknown>\n#6 0x55f1cb937866 <unknown>\n#7 0x55f1cb918b23 <unknown>\n#8 0x55f1cb8e7990 <unknown>\n#9 0x55f1cb8e896e <unknown>\n#10 0x55f1cbd5d16b <unknown>\n#11 0x55f1cbd60f68 <unknown>\n#12 0x55f1cbd4a64c <unknown>\n#13 0x55f1cbd61ae7 <unknown>\n#14 0x55f1cbd2f4af <unknown>\n#15 0x55f1cbd7f4f8 <unknown>\n#16 0x55f1cbd7f6c0 <unknown>\n#17 0x55f1cbd8ff26 <unknown>\n#18 0x7f5f65494ac3 <unknown>\n\n",
      "statusTrace" : "  File \"/opt/hostedtoolcache/Python/3.12.7/x64/lib/python3.12/site-packages/allure_commons/_allure.py\", line 192, in impl\n    return func(*a, **kw)\n           ^^^^^^^^^^^^^^\n  File \"/home/runner/work/auto-tests-python/auto-tests-python/pages/contributors_page.py\", line 131, in get_text_content_on_page\n    return self.element_is_present(self.locators.PAGE_TEXT).text\n           ^^^^^^^^^^^^^^^^^^^^^^^^^^^^^^^^^^^^^^^^^^^^^^^^\n  File \"/home/runner/work/auto-tests-python/auto-tests-python/pages/base_page.py\", line 51, in element_is_present\n    return Wait(self.driver, self.timeout).until(\n           ^^^^^^^^^^^^^^^^^^^^^^^^^^^^^^^^^^^^^^\n  File \"/opt/hostedtoolcache/Python/3.12.7/x64/lib/python3.12/site-packages/selenium/webdriver/support/wait.py\", line 95, in until\n    raise TimeoutException(message, screen, stacktrace)\n",
      "steps" : [ ],
      "attachments" : [ ],
      "parameters" : [ ],
      "stepsCount" : 0,
      "attachmentsCount" : 0,
      "shouldDisplayMessage" : true,
      "hasContent" : true
    } ],
    "attachments" : [ {
      "uid" : "800fe442b5831c12",
      "name" : "Screenshot 2024-10-20 01:03:05.736056",
      "source" : "800fe442b5831c12.png",
      "type" : "image/png",
      "size" : 309064
    } ],
    "parameters" : [ ],
    "stepsCount" : 1,
    "attachmentsCount" : 1,
    "shouldDisplayMessage" : true,
    "hasContent" : true
  },
  "afterStages" : [ {
    "name" : "driver::0",
    "time" : {
      "start" : 1729386185737,
      "stop" : 1729386185823,
      "duration" : 86
    },
    "status" : "passed",
    "steps" : [ ],
    "attachments" : [ ],
    "parameters" : [ ],
    "stepsCount" : 0,
    "attachmentsCount" : 0,
    "shouldDisplayMessage" : false,
    "hasContent" : false
  } ],
  "labels" : [ {
    "name" : "epic",
    "value" : "The Contributors Page"
  }, {
    "name" : "parentSuite",
    "value" : "tests"
  }, {
    "name" : "suite",
    "value" : "contributors_page_test"
  }, {
    "name" : "subSuite",
    "value" : "TestContributorsPage"
  }, {
    "name" : "host",
    "value" : "fv-az1148-153"
  }, {
    "name" : "thread",
    "value" : "2234-MainThread"
  }, {
    "name" : "framework",
    "value" : "pytest"
  }, {
    "name" : "language",
    "value" : "cpython3"
  }, {
    "name" : "package",
    "value" : "tests.contributors_page_test"
  }, {
    "name" : "resultFormat",
    "value" : "allure2"
  } ],
  "parameters" : [ ],
  "links" : [ ],
  "hidden" : false,
  "retry" : false,
  "extra" : {
    "severity" : "normal",
    "retries" : [ ],
    "categories" : [ {
      "name" : "Test defects",
      "matchedStatuses" : [ ],
      "flaky" : false
    } ],
    "history" : {
      "statistic" : {
        "failed" : 0,
        "broken" : 8,
        "skipped" : 21,
        "passed" : 278,
        "unknown" : 0,
        "total" : 307
      },
      "items" : [ {
        "uid" : "da2835a245a31eff",
        "reportUrl" : "https://Brain-up.github.io/auto-tests-python/336//#testresult/da2835a245a31eff",
        "status" : "passed",
        "time" : {
          "start" : 1729334351890,
          "stop" : 1729334351909,
          "duration" : 19
        }
      }, {
        "uid" : "c417a335eb2e6ec2",
        "reportUrl" : "https://Brain-up.github.io/auto-tests-python/335//#testresult/c417a335eb2e6ec2",
        "status" : "passed",
        "time" : {
          "start" : 1729332789750,
          "stop" : 1729332789772,
          "duration" : 22
        }
      }, {
        "uid" : "98ad3d703529ab52",
        "reportUrl" : "https://Brain-up.github.io/auto-tests-python/157//#testresult/98ad3d703529ab52",
        "status" : "passed",
        "time" : {
          "start" : 1729299434960,
          "stop" : 1729299435015,
          "duration" : 55
        }
      }, {
        "uid" : "f607ff3c0c2396f1",
        "reportUrl" : "https://Brain-up.github.io/auto-tests-python/334//#testresult/f607ff3c0c2396f1",
        "status" : "passed",
        "time" : {
          "start" : 1729243532735,
          "stop" : 1729243532755,
          "duration" : 20
        }
      }, {
        "uid" : "aa5ec9512654821",
        "reportUrl" : "https://Brain-up.github.io/auto-tests-python/333//#testresult/aa5ec9512654821",
        "status" : "passed",
        "time" : {
          "start" : 1729241794204,
          "stop" : 1729241794224,
          "duration" : 20
        }
      }, {
        "uid" : "38360fec0dd3baee",
        "reportUrl" : "https://Brain-up.github.io/auto-tests-python/156//#testresult/38360fec0dd3baee",
        "status" : "passed",
        "time" : {
          "start" : 1729213049736,
          "stop" : 1729213049755,
          "duration" : 19
        }
      }, {
        "uid" : "43bd622ab4b75efa",
        "reportUrl" : "https://Brain-up.github.io/auto-tests-python/332//#testresult/43bd622ab4b75efa",
        "status" : "passed",
        "time" : {
          "start" : 1729154284898,
          "stop" : 1729154284918,
          "duration" : 20
        }
      }, {
        "uid" : "eaea8f71d8e09fd7",
        "reportUrl" : "https://Brain-up.github.io/auto-tests-python/331//#testresult/eaea8f71d8e09fd7",
        "status" : "passed",
        "time" : {
          "start" : 1729152530503,
          "stop" : 1729152530523,
          "duration" : 20
        }
      }, {
        "uid" : "3e540820da8f483d",
        "reportUrl" : "https://Brain-up.github.io/auto-tests-python/155//#testresult/3e540820da8f483d",
        "status" : "passed",
        "time" : {
          "start" : 1729126651698,
          "stop" : 1729126651717,
          "duration" : 19
        }
      }, {
        "uid" : "5ce257692f360992",
        "reportUrl" : "https://Brain-up.github.io/auto-tests-python/330//#testresult/5ce257692f360992",
        "status" : "passed",
        "time" : {
          "start" : 1729064047962,
          "stop" : 1729064047980,
          "duration" : 18
        }
      }, {
        "uid" : "5f89c6ae861bf5f9",
        "reportUrl" : "https://Brain-up.github.io/auto-tests-python/329//#testresult/5f89c6ae861bf5f9",
        "status" : "passed",
        "time" : {
          "start" : 1729061562753,
          "stop" : 1729061562784,
          "duration" : 31
        }
      }, {
        "uid" : "4026b980b176a5db",
        "reportUrl" : "https://Brain-up.github.io/auto-tests-python/154//#testresult/4026b980b176a5db",
        "status" : "passed",
        "time" : {
          "start" : 1729040278929,
          "stop" : 1729040278958,
          "duration" : 29
        }
      }, {
        "uid" : "51a929a5289d99ef",
        "reportUrl" : "https://Brain-up.github.io/auto-tests-python/328//#testresult/51a929a5289d99ef",
        "status" : "passed",
        "time" : {
          "start" : 1728983936156,
          "stop" : 1728983936177,
          "duration" : 21
        }
      }, {
        "uid" : "cf396e01c9db6576",
        "reportUrl" : "https://Brain-up.github.io/auto-tests-python/327//#testresult/cf396e01c9db6576",
        "status" : "passed",
        "time" : {
          "start" : 1728979263395,
          "stop" : 1728979263414,
          "duration" : 19
        }
      }, {
        "uid" : "825f578599fcb358",
        "reportUrl" : "https://Brain-up.github.io/auto-tests-python/153//#testresult/825f578599fcb358",
        "status" : "skipped",
        "statusDetails" : "Skipped: unsupported preconditions",
        "time" : {
          "start" : 1728953850699,
          "stop" : 1728953850699,
          "duration" : 0
        }
      }, {
        "uid" : "81fbc168c811af16",
        "reportUrl" : "https://Brain-up.github.io/auto-tests-python/326//#testresult/81fbc168c811af16",
        "status" : "skipped",
        "statusDetails" : "Skipped: unsupported preconditions",
        "time" : {
          "start" : 1728897565238,
          "stop" : 1728897565238,
          "duration" : 0
        }
      }, {
        "uid" : "bb8ec2e651417123",
        "reportUrl" : "https://Brain-up.github.io/auto-tests-python/325//#testresult/bb8ec2e651417123",
        "status" : "skipped",
        "statusDetails" : "Skipped: unsupported preconditions",
        "time" : {
          "start" : 1728895190748,
          "stop" : 1728895190748,
          "duration" : 0
        }
      }, {
        "uid" : "bfe458ee2a1cb6bd",
        "reportUrl" : "https://Brain-up.github.io/auto-tests-python/152//#testresult/bfe458ee2a1cb6bd",
        "status" : "skipped",
        "statusDetails" : "Skipped: unsupported preconditions",
        "time" : {
          "start" : 1728867532511,
          "stop" : 1728867532511,
          "duration" : 0
        }
      }, {
        "uid" : "635e9f741bbde018",
        "reportUrl" : "https://Brain-up.github.io/auto-tests-python/324//#testresult/635e9f741bbde018",
        "status" : "skipped",
        "statusDetails" : "Skipped: unsupported preconditions",
        "time" : {
          "start" : 1728851092556,
          "stop" : 1728851092556,
          "duration" : 0
        }
      }, {
        "uid" : "ccfb436b15c58cd4",
        "reportUrl" : "https://Brain-up.github.io/auto-tests-python/323//#testresult/ccfb436b15c58cd4",
        "status" : "skipped",
        "statusDetails" : "Skipped: unsupported preconditions",
        "time" : {
          "start" : 1728848203967,
          "stop" : 1728848203967,
          "duration" : 0
        }
      } ]
    },
    "tags" : [ ]
  },
  "source" : "b8617ebf2d017594.json",
  "parameterValues" : [ ]
}