{
  "uid" : "9ad817329c7d02e9",
  "name" : "Solutions to a random task in the \"Слова Королёвой\" .",
  "fullName" : "tests.test_speech_exercises_ru.TestCardsRU#test_solve_koroleva_cards_ru",
  "historyId" : "c9fe4fbd9394e2fb5a6898be66ba433b",
  "time" : {
    "start" : 1750183735817,
    "stop" : 1750183755961,
    "duration" : 20144
  },
  "status" : "skipped",
  "statusMessage" : "XFAIL\n\nselenium.common.exceptions.TimeoutException: Message: Can't find element by locator ('xpath', '//a[text()=\"Упражнения\"]')\nStacktrace:\n#0 0x56349511229a <unknown>\n#1 0x563494b7e040 <unknown>\n#2 0x563494bcf990 <unknown>\n#3 0x563494bcfb81 <unknown>\n#4 0x563494c1e664 <unknown>\n#5 0x563494bf56bd <unknown>\n#6 0x563494c1bace <unknown>\n#7 0x563494bf5463 <unknown>\n#8 0x563494bc1c55 <unknown>\n#9 0x563494bc28c1 <unknown>\n#10 0x5634950d71bb <unknown>\n#11 0x5634950db0c9 <unknown>\n#12 0x5634950bfa39 <unknown>\n#13 0x5634950dbc78 <unknown>\n#14 0x5634950a46bf <unknown>\n#15 0x5634950ff948 <unknown>\n#16 0x5634950ffb26 <unknown>\n#17 0x563495111176 <unknown>\n#18 0x7f70df09caa4 <unknown>\n#19 0x7f70df129c3c <unknown>",
  "statusTrace" : "self = <tests.test_speech_exercises_ru.TestCardsRU object at 0x7fa611caf800>\ndriver = <selenium.webdriver.chrome.webdriver.WebDriver (session=\"03b8641faeab5d958597e0f9b1167fc8\")>\ndefault_user_authorized = None\n\n    @pytest.mark.xfail\n    @allure.suite(\"Речевые упражнения.\")\n    @allure.title('Solutions to a random task in the \"Слова Королёвой\" .')\n    def test_solve_koroleva_cards_ru(self, driver, default_user_authorized):\n        page = SpeechExercisesPageRU(driver)\n>       page.click_button_exercises()\n\ntests/test_speech_exercises_ru.py:144: \n_ _ _ _ _ _ _ _ _ _ _ _ _ _ _ _ _ _ _ _ _ _ _ _ _ _ _ _ _ _ _ _ _ _ _ _ _ _ _ _ \npages/speech_exercises_page_ru.py:199: in click_button_exercises\n    button = self.element_is_present_and_clickable(self.locators.AuthorizedUserHomePageLocators.BUTTON_EXERCISES_RU)\npages/base_page.py:40: in element_is_present_and_clickable\n    return (Wait(self.driver, self.timeout).until(\n_ _ _ _ _ _ _ _ _ _ _ _ _ _ _ _ _ _ _ _ _ _ _ _ _ _ _ _ _ _ _ _ _ _ _ _ _ _ _ _ \n\nself = <selenium.webdriver.support.wait.WebDriverWait (session=\"03b8641faeab5d958597e0f9b1167fc8\")>\nmethod = <function visibility_of_element_located.<locals>._predicate at 0x7fa611a61f80>\nmessage = 'Can\\'t find element by locator (\\'xpath\\', \\'//a[text()=\"Упражнения\"]\\')'\n\n    def until(self, method, message: str = \"\"):\n        \"\"\"Calls the method provided with the driver as an argument until the \\\n        return value does not evaluate to ``False``.\n    \n        :param method: callable(WebDriver)\n        :param message: optional message for :exc:`TimeoutException`\n        :returns: the result of the last call to `method`\n        :raises: :exc:`selenium.common.exceptions.TimeoutException` if timeout occurs\n        \"\"\"\n        screen = None\n        stacktrace = None\n    \n        end_time = time.monotonic() + self._timeout\n        while True:\n            try:\n                value = method(self._driver)\n                if value:\n                    return value\n            except self._ignored_exceptions as exc:\n                screen = getattr(exc, \"screen\", None)\n                stacktrace = getattr(exc, \"stacktrace\", None)\n            time.sleep(self._poll)\n            if time.monotonic() > end_time:\n                break\n>       raise TimeoutException(message, screen, stacktrace)\nE       selenium.common.exceptions.TimeoutException: Message: Can't find element by locator ('xpath', '//a[text()=\"Упражнения\"]')\nE       Stacktrace:\nE       #0 0x56349511229a <unknown>\nE       #1 0x563494b7e040 <unknown>\nE       #2 0x563494bcf990 <unknown>\nE       #3 0x563494bcfb81 <unknown>\nE       #4 0x563494c1e664 <unknown>\nE       #5 0x563494bf56bd <unknown>\nE       #6 0x563494c1bace <unknown>\nE       #7 0x563494bf5463 <unknown>\nE       #8 0x563494bc1c55 <unknown>\nE       #9 0x563494bc28c1 <unknown>\nE       #10 0x5634950d71bb <unknown>\nE       #11 0x5634950db0c9 <unknown>\nE       #12 0x5634950bfa39 <unknown>\nE       #13 0x5634950dbc78 <unknown>\nE       #14 0x5634950a46bf <unknown>\nE       #15 0x5634950ff948 <unknown>\nE       #16 0x5634950ffb26 <unknown>\nE       #17 0x563495111176 <unknown>\nE       #18 0x7f70df09caa4 <unknown>\nE       #19 0x7f70df129c3c <unknown>\n\n/opt/hostedtoolcache/Python/3.12.10/x64/lib/python3.12/site-packages/selenium/webdriver/support/wait.py:95: TimeoutException",
  "flaky" : false,
  "newFailed" : false,
  "beforeStages" : [ {
    "name" : "clear_allure_results_folder",
    "time" : {
      "start" : 1750182294403,
      "stop" : 1750182294403,
      "duration" : 0
    },
    "status" : "passed",
    "steps" : [ ],
    "attachments" : [ ],
    "parameters" : [ ],
    "stepsCount" : 0,
    "attachmentsCount" : 0,
    "shouldDisplayMessage" : false,
    "hasContent" : false
  }, {
    "name" : "driver",
    "time" : {
      "start" : 1750183728904,
      "stop" : 1750183729729,
      "duration" : 825
    },
    "status" : "passed",
    "steps" : [ ],
    "attachments" : [ ],
    "parameters" : [ ],
    "stepsCount" : 0,
    "attachmentsCount" : 0,
    "shouldDisplayMessage" : false,
    "hasContent" : false
  }, {
    "name" : "default_user_authorized",
    "time" : {
      "start" : 1750183732884,
      "stop" : 1750183735816,
      "duration" : 2932
    },
    "status" : "passed",
    "steps" : [ {
      "name" : "DEFAULT user authorized",
      "time" : {
        "start" : 1750183732884,
        "stop" : 1750183735816,
        "duration" : 2932
      },
      "status" : "passed",
      "steps" : [ {
        "name" : "Check url is present: https://www.brainup.site/groups",
        "time" : {
          "start" : 1750183733273,
          "stop" : 1750183735794,
          "duration" : 2521
        },
        "status" : "passed",
        "steps" : [ ],
        "attachments" : [ ],
        "parameters" : [ ],
        "stepsCount" : 0,
        "attachmentsCount" : 0,
        "shouldDisplayMessage" : false,
        "hasContent" : false
      }, {
        "name" : "Loader checking",
        "time" : {
          "start" : 1750183735794,
          "stop" : 1750183735816,
          "duration" : 22
        },
        "status" : "passed",
        "steps" : [ ],
        "attachments" : [ ],
        "parameters" : [ ],
        "stepsCount" : 0,
        "attachmentsCount" : 0,
        "shouldDisplayMessage" : false,
        "hasContent" : false
      } ],
      "attachments" : [ ],
      "parameters" : [ {
        "name" : "driver",
        "value" : "<selenium.webdriver.chrome.webdriver.WebDriver (session=\"03b8641faeab5d958597e0f9b1167fc8\")>"
      }, {
        "name" : "main_page_open",
        "value" : "None"
      } ],
      "stepsCount" : 2,
      "attachmentsCount" : 0,
      "shouldDisplayMessage" : false,
      "hasContent" : true
    } ],
    "attachments" : [ ],
    "parameters" : [ ],
    "stepsCount" : 3,
    "attachmentsCount" : 0,
    "shouldDisplayMessage" : false,
    "hasContent" : true
  }, {
    "name" : "main_page_open",
    "time" : {
      "start" : 1750183729730,
      "stop" : 1750183732884,
      "duration" : 3154
    },
    "status" : "passed",
    "steps" : [ {
      "name" : "Open page: https://www.brainup.site/",
      "time" : {
        "start" : 1750183729730,
        "stop" : 1750183732884,
        "duration" : 3154
      },
      "status" : "passed",
      "steps" : [ ],
      "attachments" : [ ],
      "parameters" : [ {
        "name" : "driver",
        "value" : "<selenium.webdriver.chrome.webdriver.WebDriver (session=\"03b8641faeab5d958597e0f9b1167fc8\")>"
      } ],
      "stepsCount" : 0,
      "attachmentsCount" : 0,
      "shouldDisplayMessage" : false,
      "hasContent" : true
    } ],
    "attachments" : [ ],
    "parameters" : [ ],
    "stepsCount" : 1,
    "attachmentsCount" : 0,
    "shouldDisplayMessage" : false,
    "hasContent" : true
  } ],
  "testStage" : {
    "status" : "skipped",
    "statusMessage" : "XFAIL\n\nselenium.common.exceptions.TimeoutException: Message: Can't find element by locator ('xpath', '//a[text()=\"Упражнения\"]')\nStacktrace:\n#0 0x56349511229a <unknown>\n#1 0x563494b7e040 <unknown>\n#2 0x563494bcf990 <unknown>\n#3 0x563494bcfb81 <unknown>\n#4 0x563494c1e664 <unknown>\n#5 0x563494bf56bd <unknown>\n#6 0x563494c1bace <unknown>\n#7 0x563494bf5463 <unknown>\n#8 0x563494bc1c55 <unknown>\n#9 0x563494bc28c1 <unknown>\n#10 0x5634950d71bb <unknown>\n#11 0x5634950db0c9 <unknown>\n#12 0x5634950bfa39 <unknown>\n#13 0x5634950dbc78 <unknown>\n#14 0x5634950a46bf <unknown>\n#15 0x5634950ff948 <unknown>\n#16 0x5634950ffb26 <unknown>\n#17 0x563495111176 <unknown>\n#18 0x7f70df09caa4 <unknown>\n#19 0x7f70df129c3c <unknown>",
    "statusTrace" : "self = <tests.test_speech_exercises_ru.TestCardsRU object at 0x7fa611caf800>\ndriver = <selenium.webdriver.chrome.webdriver.WebDriver (session=\"03b8641faeab5d958597e0f9b1167fc8\")>\ndefault_user_authorized = None\n\n    @pytest.mark.xfail\n    @allure.suite(\"Речевые упражнения.\")\n    @allure.title('Solutions to a random task in the \"Слова Королёвой\" .')\n    def test_solve_koroleva_cards_ru(self, driver, default_user_authorized):\n        page = SpeechExercisesPageRU(driver)\n>       page.click_button_exercises()\n\ntests/test_speech_exercises_ru.py:144: \n_ _ _ _ _ _ _ _ _ _ _ _ _ _ _ _ _ _ _ _ _ _ _ _ _ _ _ _ _ _ _ _ _ _ _ _ _ _ _ _ \npages/speech_exercises_page_ru.py:199: in click_button_exercises\n    button = self.element_is_present_and_clickable(self.locators.AuthorizedUserHomePageLocators.BUTTON_EXERCISES_RU)\npages/base_page.py:40: in element_is_present_and_clickable\n    return (Wait(self.driver, self.timeout).until(\n_ _ _ _ _ _ _ _ _ _ _ _ _ _ _ _ _ _ _ _ _ _ _ _ _ _ _ _ _ _ _ _ _ _ _ _ _ _ _ _ \n\nself = <selenium.webdriver.support.wait.WebDriverWait (session=\"03b8641faeab5d958597e0f9b1167fc8\")>\nmethod = <function visibility_of_element_located.<locals>._predicate at 0x7fa611a61f80>\nmessage = 'Can\\'t find element by locator (\\'xpath\\', \\'//a[text()=\"Упражнения\"]\\')'\n\n    def until(self, method, message: str = \"\"):\n        \"\"\"Calls the method provided with the driver as an argument until the \\\n        return value does not evaluate to ``False``.\n    \n        :param method: callable(WebDriver)\n        :param message: optional message for :exc:`TimeoutException`\n        :returns: the result of the last call to `method`\n        :raises: :exc:`selenium.common.exceptions.TimeoutException` if timeout occurs\n        \"\"\"\n        screen = None\n        stacktrace = None\n    \n        end_time = time.monotonic() + self._timeout\n        while True:\n            try:\n                value = method(self._driver)\n                if value:\n                    return value\n            except self._ignored_exceptions as exc:\n                screen = getattr(exc, \"screen\", None)\n                stacktrace = getattr(exc, \"stacktrace\", None)\n            time.sleep(self._poll)\n            if time.monotonic() > end_time:\n                break\n>       raise TimeoutException(message, screen, stacktrace)\nE       selenium.common.exceptions.TimeoutException: Message: Can't find element by locator ('xpath', '//a[text()=\"Упражнения\"]')\nE       Stacktrace:\nE       #0 0x56349511229a <unknown>\nE       #1 0x563494b7e040 <unknown>\nE       #2 0x563494bcf990 <unknown>\nE       #3 0x563494bcfb81 <unknown>\nE       #4 0x563494c1e664 <unknown>\nE       #5 0x563494bf56bd <unknown>\nE       #6 0x563494c1bace <unknown>\nE       #7 0x563494bf5463 <unknown>\nE       #8 0x563494bc1c55 <unknown>\nE       #9 0x563494bc28c1 <unknown>\nE       #10 0x5634950d71bb <unknown>\nE       #11 0x5634950db0c9 <unknown>\nE       #12 0x5634950bfa39 <unknown>\nE       #13 0x5634950dbc78 <unknown>\nE       #14 0x5634950a46bf <unknown>\nE       #15 0x5634950ff948 <unknown>\nE       #16 0x5634950ffb26 <unknown>\nE       #17 0x563495111176 <unknown>\nE       #18 0x7f70df09caa4 <unknown>\nE       #19 0x7f70df129c3c <unknown>\n\n/opt/hostedtoolcache/Python/3.12.10/x64/lib/python3.12/site-packages/selenium/webdriver/support/wait.py:95: TimeoutException",
    "steps" : [ {
      "name" : "Click button \"Упражнения\".",
      "time" : {
        "start" : 1750183735817,
        "stop" : 1750183755960,
        "duration" : 20143
      },
      "status" : "broken",
      "statusMessage" : "selenium.common.exceptions.TimeoutException: Message: Can't find element by locator ('xpath', '//a[text()=\"Упражнения\"]')\nStacktrace:\n#0 0x56349511229a <unknown>\n#1 0x563494b7e040 <unknown>\n#2 0x563494bcf990 <unknown>\n#3 0x563494bcfb81 <unknown>\n#4 0x563494c1e664 <unknown>\n#5 0x563494bf56bd <unknown>\n#6 0x563494c1bace <unknown>\n#7 0x563494bf5463 <unknown>\n#8 0x563494bc1c55 <unknown>\n#9 0x563494bc28c1 <unknown>\n#10 0x5634950d71bb <unknown>\n#11 0x5634950db0c9 <unknown>\n#12 0x5634950bfa39 <unknown>\n#13 0x5634950dbc78 <unknown>\n#14 0x5634950a46bf <unknown>\n#15 0x5634950ff948 <unknown>\n#16 0x5634950ffb26 <unknown>\n#17 0x563495111176 <unknown>\n#18 0x7f70df09caa4 <unknown>\n#19 0x7f70df129c3c <unknown>\n\n",
      "statusTrace" : "  File \"/opt/hostedtoolcache/Python/3.12.10/x64/lib/python3.12/site-packages/allure_commons/_allure.py\", line 192, in impl\n    return func(*a, **kw)\n           ^^^^^^^^^^^^^^\n  File \"/home/runner/work/auto-tests-python/auto-tests-python/pages/speech_exercises_page_ru.py\", line 199, in click_button_exercises\n    button = self.element_is_present_and_clickable(self.locators.AuthorizedUserHomePageLocators.BUTTON_EXERCISES_RU)\n             ^^^^^^^^^^^^^^^^^^^^^^^^^^^^^^^^^^^^^^^^^^^^^^^^^^^^^^^^^^^^^^^^^^^^^^^^^^^^^^^^^^^^^^^^^^^^^^^^^^^^^^^\n  File \"/home/runner/work/auto-tests-python/auto-tests-python/pages/base_page.py\", line 40, in element_is_present_and_clickable\n    return (Wait(self.driver, self.timeout).until(\n            ^^^^^^^^^^^^^^^^^^^^^^^^^^^^^^^^^^^^^^\n  File \"/opt/hostedtoolcache/Python/3.12.10/x64/lib/python3.12/site-packages/selenium/webdriver/support/wait.py\", line 95, in until\n    raise TimeoutException(message, screen, stacktrace)\n",
      "steps" : [ {
        "name" : "Click button \"RU\".",
        "time" : {
          "start" : 1750183735817,
          "stop" : 1750183735884,
          "duration" : 67
        },
        "status" : "passed",
        "steps" : [ ],
        "attachments" : [ ],
        "parameters" : [ ],
        "stepsCount" : 0,
        "attachmentsCount" : 0,
        "shouldDisplayMessage" : false,
        "hasContent" : false
      } ],
      "attachments" : [ ],
      "parameters" : [ ],
      "stepsCount" : 1,
      "attachmentsCount" : 0,
      "shouldDisplayMessage" : true,
      "hasContent" : true
    } ],
    "attachments" : [ ],
    "parameters" : [ ],
    "stepsCount" : 2,
    "attachmentsCount" : 0,
    "shouldDisplayMessage" : true,
    "hasContent" : true
  },
  "afterStages" : [ {
    "name" : "driver::0",
    "time" : {
      "start" : 1750183755976,
      "stop" : 1750183756044,
      "duration" : 68
    },
    "status" : "passed",
    "steps" : [ ],
    "attachments" : [ ],
    "parameters" : [ ],
    "stepsCount" : 0,
    "attachmentsCount" : 0,
    "shouldDisplayMessage" : false,
    "hasContent" : false
  } ],
  "labels" : [ {
    "name" : "epic",
    "value" : "Speech exercises."
  }, {
    "name" : "suite",
    "value" : "Речевые упражнения."
  }, {
    "name" : "tag",
    "value" : "@pytest.mark.xfail"
  }, {
    "name" : "parentSuite",
    "value" : "tests"
  }, {
    "name" : "subSuite",
    "value" : "TestCardsRU"
  }, {
    "name" : "host",
    "value" : "pkrvmxyh4eaekms"
  }, {
    "name" : "thread",
    "value" : "2951-MainThread"
  }, {
    "name" : "framework",
    "value" : "pytest"
  }, {
    "name" : "language",
    "value" : "cpython3"
  }, {
    "name" : "package",
    "value" : "tests.test_speech_exercises_ru"
  }, {
    "name" : "resultFormat",
    "value" : "allure2"
  } ],
  "parameters" : [ ],
  "links" : [ ],
  "hidden" : false,
  "retry" : false,
  "extra" : {
    "severity" : "normal",
    "retries" : [ ],
    "categories" : [ ],
    "history" : {
      "statistic" : {
        "failed" : 0,
        "broken" : 0,
        "skipped" : 123,
        "passed" : 96,
        "unknown" : 0,
        "total" : 219
      },
      "items" : [ {
        "uid" : "3294dce758700553",
        "reportUrl" : "https://Brain-up.github.io/auto-tests-python/398//#testresult/3294dce758700553",
        "status" : "skipped",
        "statusDetails" : "XFAIL\n\nselenium.common.exceptions.TimeoutException: Message: Can't find element by locator ('xpath', '//a[text()=\"Упражнения\"]')\nStacktrace:\n#0 0x5561d673629a <unknown>\n#1 0x5561d61a2040 <unknown>\n#2 0x5561d61f3990 <unknown>\n#3 0x5561d61f3b81 <unknown>\n#4 0x5561d6242664 <unknown>\n#5 0x5561d62196bd <unknown>\n#6 0x5561d623face <unknown>\n#7 0x5561d6219463 <unknown>\n#8 0x5561d61e5c55 <unknown>\n#9 0x5561d61e68c1 <unknown>\n#10 0x5561d66fb1bb <unknown>\n#11 0x5561d66ff0c9 <unknown>\n#12 0x5561d66e3a39 <unknown>\n#13 0x5561d66ffc78 <unknown>\n#14 0x5561d66c86bf <unknown>\n#15 0x5561d6723948 <unknown>\n#16 0x5561d6723b26 <unknown>\n#17 0x5561d6735176 <unknown>\n#18 0x7f436149caa4 <unknown>\n#19 0x7f4361529c3c <unknown>",
        "time" : {
          "start" : 1750124111351,
          "stop" : 1750124131425,
          "duration" : 20074
        }
      }, {
        "uid" : "abd8bc9cb074bfec",
        "reportUrl" : "https://Brain-up.github.io/auto-tests-python/600//#testresult/abd8bc9cb074bfec",
        "status" : "skipped",
        "statusDetails" : "XFAIL\n\nselenium.common.exceptions.TimeoutException: Message: Can't find element by locator ('xpath', '//a[text()=\"Упражнения\"]')\nStacktrace:\n#0 0x55ae3693329a <unknown>\n#1 0x55ae3639f040 <unknown>\n#2 0x55ae363f0990 <unknown>\n#3 0x55ae363f0b81 <unknown>\n#4 0x55ae3643f664 <unknown>\n#5 0x55ae364166bd <unknown>\n#6 0x55ae3643cace <unknown>\n#7 0x55ae36416463 <unknown>\n#8 0x55ae363e2c55 <unknown>\n#9 0x55ae363e38c1 <unknown>\n#10 0x55ae368f81bb <unknown>\n#11 0x55ae368fc0c9 <unknown>\n#12 0x55ae368e0a39 <unknown>\n#13 0x55ae368fcc78 <unknown>\n#14 0x55ae368c56bf <unknown>\n#15 0x55ae36920948 <unknown>\n#16 0x55ae36920b26 <unknown>\n#17 0x55ae36932176 <unknown>\n#18 0x7fe58589caa4 <unknown>\n#19 0x7fe585929c3c <unknown>",
        "time" : {
          "start" : 1750066232397,
          "stop" : 1750066252552,
          "duration" : 20155
        }
      }, {
        "uid" : "fb8eb3ae5c8cd759",
        "reportUrl" : "https://Brain-up.github.io/auto-tests-python/397//#testresult/fb8eb3ae5c8cd759",
        "status" : "skipped",
        "statusDetails" : "XFAIL\n\nselenium.common.exceptions.TimeoutException: Message: Can't find element by locator ('xpath', '//a[text()=\"Упражнения\"]')\nStacktrace:\n#0 0x55f1c687d29a <unknown>\n#1 0x55f1c62e9040 <unknown>\n#2 0x55f1c633a990 <unknown>\n#3 0x55f1c633ab81 <unknown>\n#4 0x55f1c6389664 <unknown>\n#5 0x55f1c63606bd <unknown>\n#6 0x55f1c6386ace <unknown>\n#7 0x55f1c6360463 <unknown>\n#8 0x55f1c632cc55 <unknown>\n#9 0x55f1c632d8c1 <unknown>\n#10 0x55f1c68421bb <unknown>\n#11 0x55f1c68460c9 <unknown>\n#12 0x55f1c682aa39 <unknown>\n#13 0x55f1c6846c78 <unknown>\n#14 0x55f1c680f6bf <unknown>\n#15 0x55f1c686a948 <unknown>\n#16 0x55f1c686ab26 <unknown>\n#17 0x55f1c687c176 <unknown>\n#18 0x7f199149caa4 <unknown>\n#19 0x7f1991529c3c <unknown>",
        "time" : {
          "start" : 1750037582239,
          "stop" : 1750037602311,
          "duration" : 20072
        }
      }, {
        "uid" : "193083c160ed41b7",
        "reportUrl" : "https://Brain-up.github.io/auto-tests-python/599//#testresult/193083c160ed41b7",
        "status" : "skipped",
        "statusDetails" : "XFAIL\n\nselenium.common.exceptions.TimeoutException: Message: Can't find element by locator ('xpath', '//a[text()=\"Упражнения\"]')\nStacktrace:\n#0 0x55c58155529a <unknown>\n#1 0x55c580fc1040 <unknown>\n#2 0x55c581012990 <unknown>\n#3 0x55c581012b81 <unknown>\n#4 0x55c581061664 <unknown>\n#5 0x55c5810386bd <unknown>\n#6 0x55c58105eace <unknown>\n#7 0x55c581038463 <unknown>\n#8 0x55c581004c55 <unknown>\n#9 0x55c5810058c1 <unknown>\n#10 0x55c58151a1bb <unknown>\n#11 0x55c58151e0c9 <unknown>\n#12 0x55c581502a39 <unknown>\n#13 0x55c58151ec78 <unknown>\n#14 0x55c5814e76bf <unknown>\n#15 0x55c581542948 <unknown>\n#16 0x55c581542b26 <unknown>\n#17 0x55c581554176 <unknown>\n#18 0x7fb31729caa4 <unknown>\n#19 0x7fb317329c3c <unknown>",
        "time" : {
          "start" : 1749986073220,
          "stop" : 1749986093295,
          "duration" : 20075
        }
      }, {
        "uid" : "b90aff62ea3114f5",
        "reportUrl" : "https://Brain-up.github.io/auto-tests-python/396//#testresult/b90aff62ea3114f5",
        "status" : "skipped",
        "statusDetails" : "XFAIL\n\nselenium.common.exceptions.TimeoutException: Message: Can't find element by locator ('xpath', '//a[text()=\"Упражнения\"]')\nStacktrace:\n#0 0x55c8fabe429a <unknown>\n#1 0x55c8fa650040 <unknown>\n#2 0x55c8fa6a1990 <unknown>\n#3 0x55c8fa6a1b81 <unknown>\n#4 0x55c8fa6f0664 <unknown>\n#5 0x55c8fa6c76bd <unknown>\n#6 0x55c8fa6edace <unknown>\n#7 0x55c8fa6c7463 <unknown>\n#8 0x55c8fa693c55 <unknown>\n#9 0x55c8fa6948c1 <unknown>\n#10 0x55c8faba91bb <unknown>\n#11 0x55c8fabad0c9 <unknown>\n#12 0x55c8fab91a39 <unknown>\n#13 0x55c8fabadc78 <unknown>\n#14 0x55c8fab766bf <unknown>\n#15 0x55c8fabd1948 <unknown>\n#16 0x55c8fabd1b26 <unknown>\n#17 0x55c8fabe3176 <unknown>\n#18 0x7f736ee9caa4 <unknown>\n#19 0x7f736ef29c3c <unknown>",
        "time" : {
          "start" : 1749951576805,
          "stop" : 1749951596926,
          "duration" : 20121
        }
      }, {
        "uid" : "6a8e9736fed4dea3",
        "reportUrl" : "https://Brain-up.github.io/auto-tests-python/598//#testresult/6a8e9736fed4dea3",
        "status" : "skipped",
        "statusDetails" : "XFAIL\n\nselenium.common.exceptions.TimeoutException: Message: Can't find element by locator ('xpath', '//a[text()=\"Упражнения\"]')\nStacktrace:\n#0 0x559199f4429a <unknown>\n#1 0x5591999b0040 <unknown>\n#2 0x559199a01990 <unknown>\n#3 0x559199a01b81 <unknown>\n#4 0x559199a50664 <unknown>\n#5 0x559199a276bd <unknown>\n#6 0x559199a4dace <unknown>\n#7 0x559199a27463 <unknown>\n#8 0x5591999f3c55 <unknown>\n#9 0x5591999f48c1 <unknown>\n#10 0x559199f091bb <unknown>\n#11 0x559199f0d0c9 <unknown>\n#12 0x559199ef1a39 <unknown>\n#13 0x559199f0dc78 <unknown>\n#14 0x559199ed66bf <unknown>\n#15 0x559199f31948 <unknown>\n#16 0x559199f31b26 <unknown>\n#17 0x559199f43176 <unknown>\n#18 0x7fbfdb49caa4 <unknown>\n#19 0x7fbfdb529c3c <unknown>",
        "time" : {
          "start" : 1749890423081,
          "stop" : 1749890443660,
          "duration" : 20579
        }
      }, {
        "uid" : "20ef87b9bbaa55eb",
        "reportUrl" : "https://Brain-up.github.io/auto-tests-python/395//#testresult/20ef87b9bbaa55eb",
        "status" : "skipped",
        "statusDetails" : "XFAIL\n\nselenium.common.exceptions.TimeoutException: Message: Can't find element by locator ('xpath', '//a[text()=\"Упражнения\"]')\nStacktrace:\n#0 0x5618a0e9229a <unknown>\n#1 0x5618a08fe040 <unknown>\n#2 0x5618a094f990 <unknown>\n#3 0x5618a094fb81 <unknown>\n#4 0x5618a099e664 <unknown>\n#5 0x5618a09756bd <unknown>\n#6 0x5618a099bace <unknown>\n#7 0x5618a0975463 <unknown>\n#8 0x5618a0941c55 <unknown>\n#9 0x5618a09428c1 <unknown>\n#10 0x5618a0e571bb <unknown>\n#11 0x5618a0e5b0c9 <unknown>\n#12 0x5618a0e3fa39 <unknown>\n#13 0x5618a0e5bc78 <unknown>\n#14 0x5618a0e246bf <unknown>\n#15 0x5618a0e7f948 <unknown>\n#16 0x5618a0e7fb26 <unknown>\n#17 0x5618a0e91176 <unknown>\n#18 0x7f804189caa4 <unknown>\n#19 0x7f8041929c3c <unknown>",
        "time" : {
          "start" : 1749864903136,
          "stop" : 1749864923235,
          "duration" : 20099
        }
      }, {
        "uid" : "cdce5b0e3db0619f",
        "reportUrl" : "https://Brain-up.github.io/auto-tests-python/597//#testresult/cdce5b0e3db0619f",
        "status" : "passed",
        "statusDetails" : "XPASS",
        "time" : {
          "start" : 1749816093648,
          "stop" : 1749816143730,
          "duration" : 50082
        }
      }, {
        "uid" : "b8eb0386e0973def",
        "reportUrl" : "https://Brain-up.github.io/auto-tests-python/394//#testresult/b8eb0386e0973def",
        "status" : "skipped",
        "statusDetails" : "XFAIL\n\nselenium.common.exceptions.TimeoutException: Message: Can't find element by locator ('xpath', '//a[text()=\"Упражнения\"]')\nStacktrace:\n#0 0x562bad59829a <unknown>\n#1 0x562bad004040 <unknown>\n#2 0x562bad055990 <unknown>\n#3 0x562bad055b81 <unknown>\n#4 0x562bad0a4664 <unknown>\n#5 0x562bad07b6bd <unknown>\n#6 0x562bad0a1ace <unknown>\n#7 0x562bad07b463 <unknown>\n#8 0x562bad047c55 <unknown>\n#9 0x562bad0488c1 <unknown>\n#10 0x562bad55d1bb <unknown>\n#11 0x562bad5610c9 <unknown>\n#12 0x562bad545a39 <unknown>\n#13 0x562bad561c78 <unknown>\n#14 0x562bad52a6bf <unknown>\n#15 0x562bad585948 <unknown>\n#16 0x562bad585b26 <unknown>\n#17 0x562bad597176 <unknown>\n#18 0x7f5ef069caa4 <unknown>\n#19 0x7f5ef0729c3c <unknown>",
        "time" : {
          "start" : 1749778670203,
          "stop" : 1749778690302,
          "duration" : 20099
        }
      }, {
        "uid" : "eb4050d06ed3ae24",
        "reportUrl" : "https://Brain-up.github.io/auto-tests-python/596//#testresult/eb4050d06ed3ae24",
        "status" : "skipped",
        "statusDetails" : "XFAIL\n\nselenium.common.exceptions.TimeoutException: Message: Can't find element by locator ('xpath', '//a[text()=\"Упражнения\"]')\nStacktrace:\n#0 0x55697a14c29a <unknown>\n#1 0x556979bb8040 <unknown>\n#2 0x556979c09990 <unknown>\n#3 0x556979c09b81 <unknown>\n#4 0x556979c58664 <unknown>\n#5 0x556979c2f6bd <unknown>\n#6 0x556979c55ace <unknown>\n#7 0x556979c2f463 <unknown>\n#8 0x556979bfbc55 <unknown>\n#9 0x556979bfc8c1 <unknown>\n#10 0x55697a1111bb <unknown>\n#11 0x55697a1150c9 <unknown>\n#12 0x55697a0f9a39 <unknown>\n#13 0x55697a115c78 <unknown>\n#14 0x55697a0de6bf <unknown>\n#15 0x55697a139948 <unknown>\n#16 0x55697a139b26 <unknown>\n#17 0x55697a14b176 <unknown>\n#18 0x7f21f529caa4 <unknown>\n#19 0x7f21f5329c3c <unknown>",
        "time" : {
          "start" : 1749709834527,
          "stop" : 1749709854635,
          "duration" : 20108
        }
      }, {
        "uid" : "7ed126b517b9b807",
        "reportUrl" : "https://Brain-up.github.io/auto-tests-python/393//#testresult/7ed126b517b9b807",
        "status" : "skipped",
        "statusDetails" : "XFAIL\n\nselenium.common.exceptions.TimeoutException: Message: Can't find element by locator ('xpath', '//a[text()=\"Упражнения\"]')\nStacktrace:\n#0 0x55972280929a <unknown>\n#1 0x559722275040 <unknown>\n#2 0x5597222c6990 <unknown>\n#3 0x5597222c6b81 <unknown>\n#4 0x559722315664 <unknown>\n#5 0x5597222ec6bd <unknown>\n#6 0x559722312ace <unknown>\n#7 0x5597222ec463 <unknown>\n#8 0x5597222b8c55 <unknown>\n#9 0x5597222b98c1 <unknown>\n#10 0x5597227ce1bb <unknown>\n#11 0x5597227d20c9 <unknown>\n#12 0x5597227b6a39 <unknown>\n#13 0x5597227d2c78 <unknown>\n#14 0x55972279b6bf <unknown>\n#15 0x5597227f6948 <unknown>\n#16 0x5597227f6b26 <unknown>\n#17 0x559722808176 <unknown>\n#18 0x7fee20c9caa4 <unknown>\n#19 0x7fee20d29c3c <unknown>",
        "time" : {
          "start" : 1749691972929,
          "stop" : 1749691993024,
          "duration" : 20095
        }
      }, {
        "uid" : "fdb268e6bba826c6",
        "reportUrl" : "https://Brain-up.github.io/auto-tests-python/595//#testresult/fdb268e6bba826c6",
        "status" : "passed",
        "statusDetails" : "XPASS",
        "time" : {
          "start" : 1749666873057,
          "stop" : 1749666924580,
          "duration" : 51523
        }
      }, {
        "uid" : "8c2dc6afd350b42",
        "reportUrl" : "https://Brain-up.github.io/auto-tests-python/392//#testresult/8c2dc6afd350b42",
        "status" : "skipped",
        "statusDetails" : "XFAIL\n\nselenium.common.exceptions.TimeoutException: Message: Can't find element by locator ('xpath', '//a[text()=\"Упражнения\"]')\nStacktrace:\n#0 0x55bf873ed29a <unknown>\n#1 0x55bf86e59040 <unknown>\n#2 0x55bf86eaa990 <unknown>\n#3 0x55bf86eaab81 <unknown>\n#4 0x55bf86ef9664 <unknown>\n#5 0x55bf86ed06bd <unknown>\n#6 0x55bf86ef6ace <unknown>\n#7 0x55bf86ed0463 <unknown>\n#8 0x55bf86e9cc55 <unknown>\n#9 0x55bf86e9d8c1 <unknown>\n#10 0x55bf873b21bb <unknown>\n#11 0x55bf873b60c9 <unknown>\n#12 0x55bf8739aa39 <unknown>\n#13 0x55bf873b6c78 <unknown>\n#14 0x55bf8737f6bf <unknown>\n#15 0x55bf873da948 <unknown>\n#16 0x55bf873dab26 <unknown>\n#17 0x55bf873ec176 <unknown>\n#18 0x7f02fb69caa4 <unknown>\n#19 0x7f02fb729c3c <unknown>",
        "time" : {
          "start" : 1749605550342,
          "stop" : 1749605570458,
          "duration" : 20116
        }
      }, {
        "uid" : "2b9736130febef44",
        "reportUrl" : "https://Brain-up.github.io/auto-tests-python/594//#testresult/2b9736130febef44",
        "status" : "skipped",
        "statusDetails" : "XFAIL\n\nselenium.common.exceptions.TimeoutException: Message: Can't find element by locator ('xpath', '//a[text()=\"Упражнения\"]')\nStacktrace:\n#0 0x559018c7e29a <unknown>\n#1 0x5590186ea040 <unknown>\n#2 0x55901873b990 <unknown>\n#3 0x55901873bb81 <unknown>\n#4 0x55901878a664 <unknown>\n#5 0x5590187616bd <unknown>\n#6 0x559018787ace <unknown>\n#7 0x559018761463 <unknown>\n#8 0x55901872dc55 <unknown>\n#9 0x55901872e8c1 <unknown>\n#10 0x559018c431bb <unknown>\n#11 0x559018c470c9 <unknown>\n#12 0x559018c2ba39 <unknown>\n#13 0x559018c47c78 <unknown>\n#14 0x559018c106bf <unknown>\n#15 0x559018c6b948 <unknown>\n#16 0x559018c6bb26 <unknown>\n#17 0x559018c7d176 <unknown>\n#18 0x7f02dd69caa4 <unknown>\n#19 0x7f02dd729c3c <unknown>",
        "time" : {
          "start" : 1749581863093,
          "stop" : 1749581883245,
          "duration" : 20152
        }
      }, {
        "uid" : "92da9af202c4eac1",
        "reportUrl" : "https://Brain-up.github.io/auto-tests-python/391//#testresult/92da9af202c4eac1",
        "status" : "skipped",
        "statusDetails" : "XFAIL\n\nselenium.common.exceptions.TimeoutException: Message: Can't find element by locator ('xpath', '//a[text()=\"Упражнения\"]')\nStacktrace:\n#0 0x562d82ceb78a <unknown>\n#1 0x562d8278e0a0 <unknown>\n#2 0x562d827df9b0 <unknown>\n#3 0x562d827dfba1 <unknown>\n#4 0x562d8282dea4 <unknown>\n#5 0x562d828053cd <unknown>\n#6 0x562d8282b2a0 <unknown>\n#7 0x562d82805173 <unknown>\n#8 0x562d827d1d4b <unknown>\n#9 0x562d827d29b1 <unknown>\n#10 0x562d82cb093b <unknown>\n#11 0x562d82cb483a <unknown>\n#12 0x562d82c98692 <unknown>\n#13 0x562d82cb53c4 <unknown>\n#14 0x562d82c7d4cf <unknown>\n#15 0x562d82cd9568 <unknown>\n#16 0x562d82cd9746 <unknown>\n#17 0x562d82cea5f6 <unknown>\n#18 0x7f413429caa4 <unknown>\n#19 0x7f4134329c3c <unknown>",
        "time" : {
          "start" : 1749519291885,
          "stop" : 1749519312446,
          "duration" : 20561
        }
      }, {
        "uid" : "85f0cd9fddda5bb9",
        "reportUrl" : "https://Brain-up.github.io/auto-tests-python/593//#testresult/85f0cd9fddda5bb9",
        "status" : "skipped",
        "statusDetails" : "XFAIL\n\nselenium.common.exceptions.TimeoutException: Message: Can't find element by locator ('xpath', '//a[text()=\"Упражнения\"]')\nStacktrace:\n#0 0x55effef2d78a <unknown>\n#1 0x55effe9d00a0 <unknown>\n#2 0x55effea219b0 <unknown>\n#3 0x55effea21ba1 <unknown>\n#4 0x55effea6fea4 <unknown>\n#5 0x55effea473cd <unknown>\n#6 0x55effea6d2a0 <unknown>\n#7 0x55effea47173 <unknown>\n#8 0x55effea13d4b <unknown>\n#9 0x55effea149b1 <unknown>\n#10 0x55effeef293b <unknown>\n#11 0x55effeef683a <unknown>\n#12 0x55effeeda692 <unknown>\n#13 0x55effeef73c4 <unknown>\n#14 0x55effeebf4cf <unknown>\n#15 0x55effef1b568 <unknown>\n#16 0x55effef1b746 <unknown>\n#17 0x55effef2c5f6 <unknown>\n#18 0x7f090f89caa4 <unknown>\n#19 0x7f090f929c3c <unknown>",
        "time" : {
          "start" : 1749479838996,
          "stop" : 1749479859113,
          "duration" : 20117
        }
      }, {
        "uid" : "b5e5959db42008a4",
        "reportUrl" : "https://Brain-up.github.io/auto-tests-python/390//#testresult/b5e5959db42008a4",
        "status" : "skipped",
        "statusDetails" : "XFAIL\n\nselenium.common.exceptions.TimeoutException: Message: Can't find element by locator ('xpath', '//a[text()=\"Упражнения\"]')\nStacktrace:\n#0 0x55a89c56b78a <unknown>\n#1 0x55a89c00e0a0 <unknown>\n#2 0x55a89c05f9b0 <unknown>\n#3 0x55a89c05fba1 <unknown>\n#4 0x55a89c0adea4 <unknown>\n#5 0x55a89c0853cd <unknown>\n#6 0x55a89c0ab2a0 <unknown>\n#7 0x55a89c085173 <unknown>\n#8 0x55a89c051d4b <unknown>\n#9 0x55a89c0529b1 <unknown>\n#10 0x55a89c53093b <unknown>\n#11 0x55a89c53483a <unknown>\n#12 0x55a89c518692 <unknown>\n#13 0x55a89c5353c4 <unknown>\n#14 0x55a89c4fd4cf <unknown>\n#15 0x55a89c559568 <unknown>\n#16 0x55a89c559746 <unknown>\n#17 0x55a89c56a5f6 <unknown>\n#18 0x7f29a8a9caa4 <unknown>\n#19 0x7f29a8b29c3c <unknown>",
        "time" : {
          "start" : 1749432903677,
          "stop" : 1749432923759,
          "duration" : 20082
        }
      }, {
        "uid" : "6d1d1fb918641233",
        "reportUrl" : "https://Brain-up.github.io/auto-tests-python/592//#testresult/6d1d1fb918641233",
        "status" : "skipped",
        "statusDetails" : "XFAIL\n\nselenium.common.exceptions.TimeoutException: Message: Can't find element by locator ('xpath', '//a[text()=\"Упражнения\"]')\nStacktrace:\n#0 0x561e27a3e78a <unknown>\n#1 0x561e274e10a0 <unknown>\n#2 0x561e275329b0 <unknown>\n#3 0x561e27532ba1 <unknown>\n#4 0x561e27580ea4 <unknown>\n#5 0x561e275583cd <unknown>\n#6 0x561e2757e2a0 <unknown>\n#7 0x561e27558173 <unknown>\n#8 0x561e27524d4b <unknown>\n#9 0x561e275259b1 <unknown>\n#10 0x561e27a0393b <unknown>\n#11 0x561e27a0783a <unknown>\n#12 0x561e279eb692 <unknown>\n#13 0x561e27a083c4 <unknown>\n#14 0x561e279d04cf <unknown>\n#15 0x561e27a2c568 <unknown>\n#16 0x561e27a2c746 <unknown>\n#17 0x561e27a3d5f6 <unknown>\n#18 0x7faa1fa9caa4 <unknown>\n#19 0x7faa1fb29c3c <unknown>",
        "time" : {
          "start" : 1749363177701,
          "stop" : 1749363197834,
          "duration" : 20133
        }
      }, {
        "uid" : "d961256912f65e0c",
        "reportUrl" : "https://Brain-up.github.io/auto-tests-python/389//#testresult/d961256912f65e0c",
        "status" : "skipped",
        "statusDetails" : "XFAIL\n\nselenium.common.exceptions.TimeoutException: Message: Can't find element by locator ('xpath', '//a[text()=\"Упражнения\"]')\nStacktrace:\n#0 0x557a0185b78a <unknown>\n#1 0x557a012fe0a0 <unknown>\n#2 0x557a0134f9b0 <unknown>\n#3 0x557a0134fba1 <unknown>\n#4 0x557a0139dea4 <unknown>\n#5 0x557a013753cd <unknown>\n#6 0x557a0139b2a0 <unknown>\n#7 0x557a01375173 <unknown>\n#8 0x557a01341d4b <unknown>\n#9 0x557a013429b1 <unknown>\n#10 0x557a0182093b <unknown>\n#11 0x557a0182483a <unknown>\n#12 0x557a01808692 <unknown>\n#13 0x557a018253c4 <unknown>\n#14 0x557a017ed4cf <unknown>\n#15 0x557a01849568 <unknown>\n#16 0x557a01849746 <unknown>\n#17 0x557a0185a5f6 <unknown>\n#18 0x7f21d6c9caa4 <unknown>\n#19 0x7f21d6d29c3c <unknown>",
        "time" : {
          "start" : 1749346656893,
          "stop" : 1749346677093,
          "duration" : 20200
        }
      }, {
        "uid" : "59aef8044e5e8f87",
        "reportUrl" : "https://Brain-up.github.io/auto-tests-python/591//#testresult/59aef8044e5e8f87",
        "status" : "skipped",
        "statusDetails" : "XFAIL\n\nselenium.common.exceptions.TimeoutException: Message: Can't find element by locator ('xpath', '//a[text()=\"Упражнения\"]')\nStacktrace:\n#0 0x5604a0d3678a <unknown>\n#1 0x5604a07d90a0 <unknown>\n#2 0x5604a082a9b0 <unknown>\n#3 0x5604a082aba1 <unknown>\n#4 0x5604a0878ea4 <unknown>\n#5 0x5604a08503cd <unknown>\n#6 0x5604a08762a0 <unknown>\n#7 0x5604a0850173 <unknown>\n#8 0x5604a081cd4b <unknown>\n#9 0x5604a081d9b1 <unknown>\n#10 0x5604a0cfb93b <unknown>\n#11 0x5604a0cff83a <unknown>\n#12 0x5604a0ce3692 <unknown>\n#13 0x5604a0d003c4 <unknown>\n#14 0x5604a0cc84cf <unknown>\n#15 0x5604a0d24568 <unknown>\n#16 0x5604a0d24746 <unknown>\n#17 0x5604a0d355f6 <unknown>\n#18 0x7f2f10c9caa4 <unknown>\n#19 0x7f2f10d29c3c <unknown>",
        "time" : {
          "start" : 1749303064242,
          "stop" : 1749303084331,
          "duration" : 20089
        }
      } ]
    },
    "tags" : [ "@pytest.mark.xfail" ]
  },
  "source" : "9ad817329c7d02e9.json",
  "parameterValues" : [ ]
}