{
  "uid" : "e4fceb1c772252c4",
  "name" : "Check progres-bar and buttons.",
  "fullName" : "tests.test_speech_exercises_en.TestCardsEN#test_progress_bar_is_present_en",
  "historyId" : "efb827312bdd34b296637645e49b0897",
  "time" : {
    "start" : 1739353134720,
    "stop" : 1739353155352,
    "duration" : 20632
  },
  "status" : "skipped",
  "statusMessage" : "XFAIL\n\nselenium.common.exceptions.TimeoutException: Message: Can't find element by locator ('xpath', '//button[@data-test-active-link=\"Words\"]')\nStacktrace:\n#0 0x55b35ab3d09a <unknown>\n#1 0x55b35a6048b0 <unknown>\n#2 0x55b35a655b99 <unknown>\n#3 0x55b35a655d21 <unknown>\n#4 0x55b35a6a4854 <unknown>\n#5 0x55b35a67b9ad <unknown>\n#6 0x55b35a6a1b8b <unknown>\n#7 0x55b35a67b753 <unknown>\n#8 0x55b35a64738e <unknown>\n#9 0x55b35a648b51 <unknown>\n#10 0x55b35ab0676b <unknown>\n#11 0x55b35ab0a6f2 <unknown>\n#12 0x55b35aaf28fc <unknown>\n#13 0x55b35ab0b2e4 <unknown>\n#14 0x55b35aad69cf <unknown>\n#15 0x55b35ab2bcd8 <unknown>\n#16 0x55b35ab2beb6 <unknown>\n#17 0x55b35ab3bf16 <unknown>\n#18 0x7f76a8c9caa4 <unknown>\n#19 0x7f76a8d29c3c <unknown>",
  "statusTrace" : "self = <tests.test_speech_exercises_en.TestCardsEN object at 0x7f879358b500>\ndriver = <selenium.webdriver.chrome.webdriver.WebDriver (session=\"1e71a7f0be2c4273900e5b01118c659e\")>\nspecialist_user_authorized = None\n\n    @pytest.mark.xfail\n    @allure.suite(\"Speech exercises EN.\")\n    @allure.title('Check progres-bar and buttons.')\n    def test_progress_bar_is_present_en(self, driver, specialist_user_authorized):\n        page = SpeechExercisesPage(driver)\n>       page.select_group(SpeechExercisesPageLocators.WORDS_BUTTON_EN)\n\ntests/test_speech_exercises_en.py:34: \n_ _ _ _ _ _ _ _ _ _ _ _ _ _ _ _ _ _ _ _ _ _ _ _ _ _ _ _ _ _ _ _ _ _ _ _ _ _ _ _ \npages/speech_exercises_page_en.py:18: in select_group\n    text_of_the_button = self.element_is_present_and_clickable(selector_for_sub_group)\npages/base_page.py:40: in element_is_present_and_clickable\n    return (Wait(self.driver, self.timeout).until(\n_ _ _ _ _ _ _ _ _ _ _ _ _ _ _ _ _ _ _ _ _ _ _ _ _ _ _ _ _ _ _ _ _ _ _ _ _ _ _ _ \n\nself = <selenium.webdriver.support.wait.WebDriverWait (session=\"1e71a7f0be2c4273900e5b01118c659e\")>\nmethod = <function visibility_of_element_located.<locals>._predicate at 0x7f879361ff60>\nmessage = 'Can\\'t find element by locator (\\'xpath\\', \\'//button[@data-test-active-link=\"Words\"]\\')'\n\n    def until(self, method, message: str = \"\"):\n        \"\"\"Calls the method provided with the driver as an argument until the \\\n        return value does not evaluate to ``False``.\n    \n        :param method: callable(WebDriver)\n        :param message: optional message for :exc:`TimeoutException`\n        :returns: the result of the last call to `method`\n        :raises: :exc:`selenium.common.exceptions.TimeoutException` if timeout occurs\n        \"\"\"\n        screen = None\n        stacktrace = None\n    \n        end_time = time.monotonic() + self._timeout\n        while True:\n            try:\n                value = method(self._driver)\n                if value:\n                    return value\n            except self._ignored_exceptions as exc:\n                screen = getattr(exc, \"screen\", None)\n                stacktrace = getattr(exc, \"stacktrace\", None)\n            time.sleep(self._poll)\n            if time.monotonic() > end_time:\n                break\n>       raise TimeoutException(message, screen, stacktrace)\nE       selenium.common.exceptions.TimeoutException: Message: Can't find element by locator ('xpath', '//button[@data-test-active-link=\"Words\"]')\nE       Stacktrace:\nE       #0 0x55b35ab3d09a <unknown>\nE       #1 0x55b35a6048b0 <unknown>\nE       #2 0x55b35a655b99 <unknown>\nE       #3 0x55b35a655d21 <unknown>\nE       #4 0x55b35a6a4854 <unknown>\nE       #5 0x55b35a67b9ad <unknown>\nE       #6 0x55b35a6a1b8b <unknown>\nE       #7 0x55b35a67b753 <unknown>\nE       #8 0x55b35a64738e <unknown>\nE       #9 0x55b35a648b51 <unknown>\nE       #10 0x55b35ab0676b <unknown>\nE       #11 0x55b35ab0a6f2 <unknown>\nE       #12 0x55b35aaf28fc <unknown>\nE       #13 0x55b35ab0b2e4 <unknown>\nE       #14 0x55b35aad69cf <unknown>\nE       #15 0x55b35ab2bcd8 <unknown>\nE       #16 0x55b35ab2beb6 <unknown>\nE       #17 0x55b35ab3bf16 <unknown>\nE       #18 0x7f76a8c9caa4 <unknown>\nE       #19 0x7f76a8d29c3c <unknown>\n\n/opt/hostedtoolcache/Python/3.12.9/x64/lib/python3.12/site-packages/selenium/webdriver/support/wait.py:95: TimeoutException",
  "flaky" : false,
  "newFailed" : false,
  "beforeStages" : [ {
    "name" : "main_page_open",
    "time" : {
      "start" : 1739353129341,
      "stop" : 1739353132328,
      "duration" : 2987
    },
    "status" : "passed",
    "steps" : [ {
      "name" : "Open page: https://www.brainup.site/",
      "time" : {
        "start" : 1739353129341,
        "stop" : 1739353132328,
        "duration" : 2987
      },
      "status" : "passed",
      "steps" : [ ],
      "attachments" : [ ],
      "parameters" : [ {
        "name" : "driver",
        "value" : "<selenium.webdriver.chrome.webdriver.WebDriver (session=\"1e71a7f0be2c4273900e5b01118c659e\")>"
      } ],
      "stepsCount" : 0,
      "attachmentsCount" : 0,
      "shouldDisplayMessage" : false,
      "hasContent" : true
    } ],
    "attachments" : [ ],
    "parameters" : [ ],
    "stepsCount" : 1,
    "attachmentsCount" : 0,
    "shouldDisplayMessage" : false,
    "hasContent" : true
  }, {
    "name" : "clear_allure_results_folder",
    "time" : {
      "start" : 1739352027615,
      "stop" : 1739352027615,
      "duration" : 0
    },
    "status" : "passed",
    "steps" : [ ],
    "attachments" : [ ],
    "parameters" : [ ],
    "stepsCount" : 0,
    "attachmentsCount" : 0,
    "shouldDisplayMessage" : false,
    "hasContent" : false
  }, {
    "name" : "driver",
    "time" : {
      "start" : 1739353128523,
      "stop" : 1739353129341,
      "duration" : 818
    },
    "status" : "passed",
    "steps" : [ ],
    "attachments" : [ ],
    "parameters" : [ ],
    "stepsCount" : 0,
    "attachmentsCount" : 0,
    "shouldDisplayMessage" : false,
    "hasContent" : false
  }, {
    "name" : "specialist_user_authorized",
    "time" : {
      "start" : 1739353132328,
      "stop" : 1739353134720,
      "duration" : 2392
    },
    "status" : "passed",
    "steps" : [ {
      "name" : "USER specialist authorized",
      "time" : {
        "start" : 1739353132328,
        "stop" : 1739353134720,
        "duration" : 2392
      },
      "status" : "passed",
      "steps" : [ {
        "name" : "Check url is present: https://www.brainup.site/groups",
        "time" : {
          "start" : 1739353132681,
          "stop" : 1739353134698,
          "duration" : 2017
        },
        "status" : "passed",
        "steps" : [ ],
        "attachments" : [ ],
        "parameters" : [ ],
        "stepsCount" : 0,
        "attachmentsCount" : 0,
        "shouldDisplayMessage" : false,
        "hasContent" : false
      }, {
        "name" : "Loader checking",
        "time" : {
          "start" : 1739353134698,
          "stop" : 1739353134720,
          "duration" : 22
        },
        "status" : "passed",
        "steps" : [ ],
        "attachments" : [ ],
        "parameters" : [ ],
        "stepsCount" : 0,
        "attachmentsCount" : 0,
        "shouldDisplayMessage" : false,
        "hasContent" : false
      } ],
      "attachments" : [ ],
      "parameters" : [ {
        "name" : "driver",
        "value" : "<selenium.webdriver.chrome.webdriver.WebDriver (session=\"1e71a7f0be2c4273900e5b01118c659e\")>"
      }, {
        "name" : "main_page_open",
        "value" : "None"
      } ],
      "stepsCount" : 2,
      "attachmentsCount" : 0,
      "shouldDisplayMessage" : false,
      "hasContent" : true
    } ],
    "attachments" : [ ],
    "parameters" : [ ],
    "stepsCount" : 3,
    "attachmentsCount" : 0,
    "shouldDisplayMessage" : false,
    "hasContent" : true
  } ],
  "testStage" : {
    "status" : "skipped",
    "statusMessage" : "XFAIL\n\nselenium.common.exceptions.TimeoutException: Message: Can't find element by locator ('xpath', '//button[@data-test-active-link=\"Words\"]')\nStacktrace:\n#0 0x55b35ab3d09a <unknown>\n#1 0x55b35a6048b0 <unknown>\n#2 0x55b35a655b99 <unknown>\n#3 0x55b35a655d21 <unknown>\n#4 0x55b35a6a4854 <unknown>\n#5 0x55b35a67b9ad <unknown>\n#6 0x55b35a6a1b8b <unknown>\n#7 0x55b35a67b753 <unknown>\n#8 0x55b35a64738e <unknown>\n#9 0x55b35a648b51 <unknown>\n#10 0x55b35ab0676b <unknown>\n#11 0x55b35ab0a6f2 <unknown>\n#12 0x55b35aaf28fc <unknown>\n#13 0x55b35ab0b2e4 <unknown>\n#14 0x55b35aad69cf <unknown>\n#15 0x55b35ab2bcd8 <unknown>\n#16 0x55b35ab2beb6 <unknown>\n#17 0x55b35ab3bf16 <unknown>\n#18 0x7f76a8c9caa4 <unknown>\n#19 0x7f76a8d29c3c <unknown>",
    "statusTrace" : "self = <tests.test_speech_exercises_en.TestCardsEN object at 0x7f879358b500>\ndriver = <selenium.webdriver.chrome.webdriver.WebDriver (session=\"1e71a7f0be2c4273900e5b01118c659e\")>\nspecialist_user_authorized = None\n\n    @pytest.mark.xfail\n    @allure.suite(\"Speech exercises EN.\")\n    @allure.title('Check progres-bar and buttons.')\n    def test_progress_bar_is_present_en(self, driver, specialist_user_authorized):\n        page = SpeechExercisesPage(driver)\n>       page.select_group(SpeechExercisesPageLocators.WORDS_BUTTON_EN)\n\ntests/test_speech_exercises_en.py:34: \n_ _ _ _ _ _ _ _ _ _ _ _ _ _ _ _ _ _ _ _ _ _ _ _ _ _ _ _ _ _ _ _ _ _ _ _ _ _ _ _ \npages/speech_exercises_page_en.py:18: in select_group\n    text_of_the_button = self.element_is_present_and_clickable(selector_for_sub_group)\npages/base_page.py:40: in element_is_present_and_clickable\n    return (Wait(self.driver, self.timeout).until(\n_ _ _ _ _ _ _ _ _ _ _ _ _ _ _ _ _ _ _ _ _ _ _ _ _ _ _ _ _ _ _ _ _ _ _ _ _ _ _ _ \n\nself = <selenium.webdriver.support.wait.WebDriverWait (session=\"1e71a7f0be2c4273900e5b01118c659e\")>\nmethod = <function visibility_of_element_located.<locals>._predicate at 0x7f879361ff60>\nmessage = 'Can\\'t find element by locator (\\'xpath\\', \\'//button[@data-test-active-link=\"Words\"]\\')'\n\n    def until(self, method, message: str = \"\"):\n        \"\"\"Calls the method provided with the driver as an argument until the \\\n        return value does not evaluate to ``False``.\n    \n        :param method: callable(WebDriver)\n        :param message: optional message for :exc:`TimeoutException`\n        :returns: the result of the last call to `method`\n        :raises: :exc:`selenium.common.exceptions.TimeoutException` if timeout occurs\n        \"\"\"\n        screen = None\n        stacktrace = None\n    \n        end_time = time.monotonic() + self._timeout\n        while True:\n            try:\n                value = method(self._driver)\n                if value:\n                    return value\n            except self._ignored_exceptions as exc:\n                screen = getattr(exc, \"screen\", None)\n                stacktrace = getattr(exc, \"stacktrace\", None)\n            time.sleep(self._poll)\n            if time.monotonic() > end_time:\n                break\n>       raise TimeoutException(message, screen, stacktrace)\nE       selenium.common.exceptions.TimeoutException: Message: Can't find element by locator ('xpath', '//button[@data-test-active-link=\"Words\"]')\nE       Stacktrace:\nE       #0 0x55b35ab3d09a <unknown>\nE       #1 0x55b35a6048b0 <unknown>\nE       #2 0x55b35a655b99 <unknown>\nE       #3 0x55b35a655d21 <unknown>\nE       #4 0x55b35a6a4854 <unknown>\nE       #5 0x55b35a67b9ad <unknown>\nE       #6 0x55b35a6a1b8b <unknown>\nE       #7 0x55b35a67b753 <unknown>\nE       #8 0x55b35a64738e <unknown>\nE       #9 0x55b35a648b51 <unknown>\nE       #10 0x55b35ab0676b <unknown>\nE       #11 0x55b35ab0a6f2 <unknown>\nE       #12 0x55b35aaf28fc <unknown>\nE       #13 0x55b35ab0b2e4 <unknown>\nE       #14 0x55b35aad69cf <unknown>\nE       #15 0x55b35ab2bcd8 <unknown>\nE       #16 0x55b35ab2beb6 <unknown>\nE       #17 0x55b35ab3bf16 <unknown>\nE       #18 0x7f76a8c9caa4 <unknown>\nE       #19 0x7f76a8d29c3c <unknown>\n\n/opt/hostedtoolcache/Python/3.12.9/x64/lib/python3.12/site-packages/selenium/webdriver/support/wait.py:95: TimeoutException",
    "steps" : [ {
      "name" : "select_group",
      "time" : {
        "start" : 1739353134720,
        "stop" : 1739353155352,
        "duration" : 20632
      },
      "status" : "broken",
      "statusMessage" : "selenium.common.exceptions.TimeoutException: Message: Can't find element by locator ('xpath', '//button[@data-test-active-link=\"Words\"]')\nStacktrace:\n#0 0x55b35ab3d09a <unknown>\n#1 0x55b35a6048b0 <unknown>\n#2 0x55b35a655b99 <unknown>\n#3 0x55b35a655d21 <unknown>\n#4 0x55b35a6a4854 <unknown>\n#5 0x55b35a67b9ad <unknown>\n#6 0x55b35a6a1b8b <unknown>\n#7 0x55b35a67b753 <unknown>\n#8 0x55b35a64738e <unknown>\n#9 0x55b35a648b51 <unknown>\n#10 0x55b35ab0676b <unknown>\n#11 0x55b35ab0a6f2 <unknown>\n#12 0x55b35aaf28fc <unknown>\n#13 0x55b35ab0b2e4 <unknown>\n#14 0x55b35aad69cf <unknown>\n#15 0x55b35ab2bcd8 <unknown>\n#16 0x55b35ab2beb6 <unknown>\n#17 0x55b35ab3bf16 <unknown>\n#18 0x7f76a8c9caa4 <unknown>\n#19 0x7f76a8d29c3c <unknown>\n\n",
      "statusTrace" : "  File \"/opt/hostedtoolcache/Python/3.12.9/x64/lib/python3.12/site-packages/allure_commons/_allure.py\", line 192, in impl\n    return func(*a, **kw)\n           ^^^^^^^^^^^^^^\n  File \"/home/runner/work/auto-tests-python/auto-tests-python/pages/speech_exercises_page_en.py\", line 18, in select_group\n    text_of_the_button = self.element_is_present_and_clickable(selector_for_sub_group)\n                         ^^^^^^^^^^^^^^^^^^^^^^^^^^^^^^^^^^^^^^^^^^^^^^^^^^^^^^^^^^^^^\n  File \"/home/runner/work/auto-tests-python/auto-tests-python/pages/base_page.py\", line 40, in element_is_present_and_clickable\n    return (Wait(self.driver, self.timeout).until(\n            ^^^^^^^^^^^^^^^^^^^^^^^^^^^^^^^^^^^^^^\n  File \"/opt/hostedtoolcache/Python/3.12.9/x64/lib/python3.12/site-packages/selenium/webdriver/support/wait.py\", line 95, in until\n    raise TimeoutException(message, screen, stacktrace)\n",
      "steps" : [ {
        "name" : "Select Russian language. Click \"EN\" button.",
        "time" : {
          "start" : 1739353134720,
          "stop" : 1739353134794,
          "duration" : 74
        },
        "status" : "passed",
        "steps" : [ ],
        "attachments" : [ ],
        "parameters" : [ ],
        "stepsCount" : 0,
        "attachmentsCount" : 0,
        "shouldDisplayMessage" : false,
        "hasContent" : false
      }, {
        "name" : "Click button \"SPEECH EXERCISES\".",
        "time" : {
          "start" : 1739353134794,
          "stop" : 1739353134865,
          "duration" : 71
        },
        "status" : "passed",
        "steps" : [ ],
        "attachments" : [ ],
        "parameters" : [ ],
        "stepsCount" : 0,
        "attachmentsCount" : 0,
        "shouldDisplayMessage" : false,
        "hasContent" : false
      } ],
      "attachments" : [ ],
      "parameters" : [ {
        "name" : "selector_for_sub_group",
        "value" : "('xpath', '//button[@data-test-active-link=\"Words\"]')"
      } ],
      "stepsCount" : 2,
      "attachmentsCount" : 0,
      "shouldDisplayMessage" : true,
      "hasContent" : true
    } ],
    "attachments" : [ ],
    "parameters" : [ ],
    "stepsCount" : 3,
    "attachmentsCount" : 0,
    "shouldDisplayMessage" : true,
    "hasContent" : true
  },
  "afterStages" : [ {
    "name" : "driver::0",
    "time" : {
      "start" : 1739353155363,
      "stop" : 1739353155429,
      "duration" : 66
    },
    "status" : "passed",
    "steps" : [ ],
    "attachments" : [ ],
    "parameters" : [ ],
    "stepsCount" : 0,
    "attachmentsCount" : 0,
    "shouldDisplayMessage" : false,
    "hasContent" : false
  } ],
  "labels" : [ {
    "name" : "suite",
    "value" : "Speech exercises EN."
  }, {
    "name" : "epic",
    "value" : "Speech exercises."
  }, {
    "name" : "tag",
    "value" : "@pytest.mark.xfail"
  }, {
    "name" : "parentSuite",
    "value" : "tests"
  }, {
    "name" : "subSuite",
    "value" : "TestCardsEN"
  }, {
    "name" : "host",
    "value" : "fv-az1371-407"
  }, {
    "name" : "thread",
    "value" : "2416-MainThread"
  }, {
    "name" : "framework",
    "value" : "pytest"
  }, {
    "name" : "language",
    "value" : "cpython3"
  }, {
    "name" : "package",
    "value" : "tests.test_speech_exercises_en"
  }, {
    "name" : "resultFormat",
    "value" : "allure2"
  } ],
  "parameters" : [ ],
  "links" : [ ],
  "hidden" : false,
  "retry" : false,
  "extra" : {
    "severity" : "normal",
    "retries" : [ ],
    "categories" : [ ],
    "history" : {
      "statistic" : {
        "failed" : 0,
        "broken" : 0,
        "skipped" : 177,
        "passed" : 0,
        "unknown" : 0,
        "total" : 177
      },
      "items" : [ {
        "uid" : "41f114efe240eb05",
        "reportUrl" : "https://Brain-up.github.io/auto-tests-python/273//#testresult/41f114efe240eb05",
        "status" : "skipped",
        "statusDetails" : "XFAIL\n\nselenium.common.exceptions.TimeoutException: Message: Can't find element by locator ('xpath', '//button[@data-test-active-link=\"Words\"]')\nStacktrace:\n#0 0x562346d3b53a <unknown>\n#1 0x562346836f00 <unknown>\n#2 0x562346886c0c <unknown>\n#3 0x562346886e31 <unknown>\n#4 0x5623468ccbd4 <unknown>\n#5 0x5623468ab5cd <unknown>\n#6 0x5623468c9f84 <unknown>\n#7 0x5623468ab343 <unknown>\n#8 0x56234687878a <unknown>\n#9 0x5623468799de <unknown>\n#10 0x562346d052cb <unknown>\n#11 0x562346d09242 <unknown>\n#12 0x562346cf27ac <unknown>\n#13 0x562346d09df7 <unknown>\n#14 0x562346cd6b2f <unknown>\n#15 0x562346d2a1a8 <unknown>\n#16 0x562346d2a370 <unknown>\n#17 0x562346d3a3b6 <unknown>\n#18 0x7f8d1b29ca94 <unknown>\n#19 0x7f8d1b329c3c <unknown>",
        "time" : {
          "start" : 1739323083258,
          "stop" : 1739323103521,
          "duration" : 20263
        }
      }, {
        "uid" : "49fe9176fdacdc62",
        "reportUrl" : "https://Brain-up.github.io/auto-tests-python/476//#testresult/49fe9176fdacdc62",
        "status" : "skipped",
        "statusDetails" : "XFAIL\n\nselenium.common.exceptions.TimeoutException: Message: Can't find element by locator ('xpath', '//button[@data-test-active-link=\"Words\"]')\nStacktrace:\n#0 0x55df0d31c09a <unknown>\n#1 0x55df0cde38b0 <unknown>\n#2 0x55df0ce34b99 <unknown>\n#3 0x55df0ce34d21 <unknown>\n#4 0x55df0ce83854 <unknown>\n#5 0x55df0ce5a9ad <unknown>\n#6 0x55df0ce80b8b <unknown>\n#7 0x55df0ce5a753 <unknown>\n#8 0x55df0ce2638e <unknown>\n#9 0x55df0ce27b51 <unknown>\n#10 0x55df0d2e576b <unknown>\n#11 0x55df0d2e96f2 <unknown>\n#12 0x55df0d2d18fc <unknown>\n#13 0x55df0d2ea2e4 <unknown>\n#14 0x55df0d2b59cf <unknown>\n#15 0x55df0d30acd8 <unknown>\n#16 0x55df0d30aeb6 <unknown>\n#17 0x55df0d31af16 <unknown>\n#18 0x7f10e6e9caa4 <unknown>\n#19 0x7f10e6f29c3c <unknown>",
        "time" : {
          "start" : 1739307288696,
          "stop" : 1739307308989,
          "duration" : 20293
        }
      }, {
        "uid" : "58d9e419b3c34b52",
        "reportUrl" : "https://Brain-up.github.io/auto-tests-python/272//#testresult/58d9e419b3c34b52",
        "status" : "skipped",
        "statusDetails" : "XFAIL\n\nselenium.common.exceptions.TimeoutException: Message: Can't find element by locator ('xpath', '//button[@data-test-active-link=\"Words\"]')\nStacktrace:\n#0 0x5590e757e53a <unknown>\n#1 0x5590e7079f00 <unknown>\n#2 0x5590e70c9c0c <unknown>\n#3 0x5590e70c9e31 <unknown>\n#4 0x5590e710fbd4 <unknown>\n#5 0x5590e70ee5cd <unknown>\n#6 0x5590e710cf84 <unknown>\n#7 0x5590e70ee343 <unknown>\n#8 0x5590e70bb78a <unknown>\n#9 0x5590e70bc9de <unknown>\n#10 0x5590e75482cb <unknown>\n#11 0x5590e754c242 <unknown>\n#12 0x5590e75357ac <unknown>\n#13 0x5590e754cdf7 <unknown>\n#14 0x5590e7519b2f <unknown>\n#15 0x5590e756d1a8 <unknown>\n#16 0x5590e756d370 <unknown>\n#17 0x5590e757d3b6 <unknown>\n#18 0x7fa0ae29ca94 <unknown>\n#19 0x7fa0ae329c3c <unknown>",
        "time" : {
          "start" : 1739236470072,
          "stop" : 1739236490349,
          "duration" : 20277
        }
      }, {
        "uid" : "2a2e5e9dff957137",
        "reportUrl" : "https://Brain-up.github.io/auto-tests-python/475//#testresult/2a2e5e9dff957137",
        "status" : "skipped",
        "statusDetails" : "XFAIL\n\nselenium.common.exceptions.TimeoutException: Message: Can't find element by locator ('xpath', '//button[@data-test-active-link=\"Words\"]')\nStacktrace:\n#0 0x55acb7cba53a <unknown>\n#1 0x55acb77b5f00 <unknown>\n#2 0x55acb7805c0c <unknown>\n#3 0x55acb7805e31 <unknown>\n#4 0x55acb784bbd4 <unknown>\n#5 0x55acb782a5cd <unknown>\n#6 0x55acb7848f84 <unknown>\n#7 0x55acb782a343 <unknown>\n#8 0x55acb77f778a <unknown>\n#9 0x55acb77f89de <unknown>\n#10 0x55acb7c842cb <unknown>\n#11 0x55acb7c88242 <unknown>\n#12 0x55acb7c717ac <unknown>\n#13 0x55acb7c88df7 <unknown>\n#14 0x55acb7c55b2f <unknown>\n#15 0x55acb7ca91a8 <unknown>\n#16 0x55acb7ca9370 <unknown>\n#17 0x55acb7cb93b6 <unknown>\n#18 0x7f1662a9ca94 <unknown>\n#19 0x7f1662b29c3c <unknown>",
        "time" : {
          "start" : 1739194895164,
          "stop" : 1739194915827,
          "duration" : 20663
        }
      }, {
        "uid" : "95d120aa712e9afa",
        "reportUrl" : "https://Brain-up.github.io/auto-tests-python/271//#testresult/95d120aa712e9afa",
        "status" : "skipped",
        "statusDetails" : "XFAIL\n\nselenium.common.exceptions.TimeoutException: Message: Can't find element by locator ('xpath', '//button[@data-test-active-link=\"Words\"]')\nStacktrace:\n#0 0x5578e944f53a <unknown>\n#1 0x5578e8f4af00 <unknown>\n#2 0x5578e8f9ac0c <unknown>\n#3 0x5578e8f9ae31 <unknown>\n#4 0x5578e8fe0bd4 <unknown>\n#5 0x5578e8fbf5cd <unknown>\n#6 0x5578e8fddf84 <unknown>\n#7 0x5578e8fbf343 <unknown>\n#8 0x5578e8f8c78a <unknown>\n#9 0x5578e8f8d9de <unknown>\n#10 0x5578e94192cb <unknown>\n#11 0x5578e941d242 <unknown>\n#12 0x5578e94067ac <unknown>\n#13 0x5578e941ddf7 <unknown>\n#14 0x5578e93eab2f <unknown>\n#15 0x5578e943e1a8 <unknown>\n#16 0x5578e943e370 <unknown>\n#17 0x5578e944e3b6 <unknown>\n#18 0x7f927829ca94 <unknown>\n#19 0x7f9278329c3c <unknown>",
        "time" : {
          "start" : 1739150355352,
          "stop" : 1739150375557,
          "duration" : 20205
        }
      }, {
        "uid" : "322a244f3161c3e0",
        "reportUrl" : "https://Brain-up.github.io/auto-tests-python/474//#testresult/322a244f3161c3e0",
        "status" : "skipped",
        "statusDetails" : "XFAIL\n\nselenium.common.exceptions.TimeoutException: Message: Can't find element by locator ('xpath', '//button[@data-test-active-link=\"Words\"]')\nStacktrace:\n#0 0x55d566a9c53a <unknown>\n#1 0x55d566597f00 <unknown>\n#2 0x55d5665e7c0c <unknown>\n#3 0x55d5665e7e31 <unknown>\n#4 0x55d56662dbd4 <unknown>\n#5 0x55d56660c5cd <unknown>\n#6 0x55d56662af84 <unknown>\n#7 0x55d56660c343 <unknown>\n#8 0x55d5665d978a <unknown>\n#9 0x55d5665da9de <unknown>\n#10 0x55d566a662cb <unknown>\n#11 0x55d566a6a242 <unknown>\n#12 0x55d566a537ac <unknown>\n#13 0x55d566a6adf7 <unknown>\n#14 0x55d566a37b2f <unknown>\n#15 0x55d566a8b1a8 <unknown>\n#16 0x55d566a8b370 <unknown>\n#17 0x55d566a9b3b6 <unknown>\n#18 0x7f346d49ca94 <unknown>\n#19 0x7f346d529c3c <unknown>",
        "time" : {
          "start" : 1739134683137,
          "stop" : 1739134703356,
          "duration" : 20219
        }
      }, {
        "uid" : "86392a7f4b2c2b23",
        "reportUrl" : "https://Brain-up.github.io/auto-tests-python/270//#testresult/86392a7f4b2c2b23",
        "status" : "skipped",
        "statusDetails" : "XFAIL\n\nselenium.common.exceptions.TimeoutException: Message: Can't find element by locator ('xpath', '//button[@data-test-active-link=\"Words\"]')\nStacktrace:\n#0 0x563a48b2f53a <unknown>\n#1 0x563a4862af00 <unknown>\n#2 0x563a4867ac0c <unknown>\n#3 0x563a4867ae31 <unknown>\n#4 0x563a486c0bd4 <unknown>\n#5 0x563a4869f5cd <unknown>\n#6 0x563a486bdf84 <unknown>\n#7 0x563a4869f343 <unknown>\n#8 0x563a4866c78a <unknown>\n#9 0x563a4866d9de <unknown>\n#10 0x563a48af92cb <unknown>\n#11 0x563a48afd242 <unknown>\n#12 0x563a48ae67ac <unknown>\n#13 0x563a48afddf7 <unknown>\n#14 0x563a48acab2f <unknown>\n#15 0x563a48b1e1a8 <unknown>\n#16 0x563a48b1e370 <unknown>\n#17 0x563a48b2e3b6 <unknown>\n#18 0x7fd6c3a9ca94 <unknown>\n#19 0x7fd6c3b29c3c <unknown>",
        "time" : {
          "start" : 1739063870922,
          "stop" : 1739063891549,
          "duration" : 20627
        }
      }, {
        "uid" : "87980bbf93c918",
        "reportUrl" : "https://Brain-up.github.io/auto-tests-python/473//#testresult/87980bbf93c918",
        "status" : "skipped",
        "statusDetails" : "XFAIL\n\nselenium.common.exceptions.TimeoutException: Message: Can't find element by locator ('xpath', '//button[@data-test-active-link=\"Words\"]')\nStacktrace:\n#0 0x55a2641b253a <unknown>\n#1 0x55a263cadf00 <unknown>\n#2 0x55a263cfdc0c <unknown>\n#3 0x55a263cfde31 <unknown>\n#4 0x55a263d43bd4 <unknown>\n#5 0x55a263d225cd <unknown>\n#6 0x55a263d40f84 <unknown>\n#7 0x55a263d22343 <unknown>\n#8 0x55a263cef78a <unknown>\n#9 0x55a263cf09de <unknown>\n#10 0x55a26417c2cb <unknown>\n#11 0x55a264180242 <unknown>\n#12 0x55a2641697ac <unknown>\n#13 0x55a264180df7 <unknown>\n#14 0x55a26414db2f <unknown>\n#15 0x55a2641a11a8 <unknown>\n#16 0x55a2641a1370 <unknown>\n#17 0x55a2641b13b6 <unknown>\n#18 0x7f1e7ce9ca94 <unknown>\n#19 0x7f1e7cf29c3c <unknown>",
        "time" : {
          "start" : 1739020558139,
          "stop" : 1739020578789,
          "duration" : 20650
        }
      }, {
        "uid" : "937f6f82e79e6654",
        "reportUrl" : "https://Brain-up.github.io/auto-tests-python/269//#testresult/937f6f82e79e6654",
        "status" : "skipped",
        "statusDetails" : "XFAIL\n\nselenium.common.exceptions.TimeoutException: Message: Can't find element by locator ('xpath', '//button[@data-test-active-link=\"Words\"]')\nStacktrace:\n#0 0x560265e4553a <unknown>\n#1 0x560265940f00 <unknown>\n#2 0x560265990c0c <unknown>\n#3 0x560265990e31 <unknown>\n#4 0x5602659d6bd4 <unknown>\n#5 0x5602659b55cd <unknown>\n#6 0x5602659d3f84 <unknown>\n#7 0x5602659b5343 <unknown>\n#8 0x56026598278a <unknown>\n#9 0x5602659839de <unknown>\n#10 0x560265e0f2cb <unknown>\n#11 0x560265e13242 <unknown>\n#12 0x560265dfc7ac <unknown>\n#13 0x560265e13df7 <unknown>\n#14 0x560265de0b2f <unknown>\n#15 0x560265e341a8 <unknown>\n#16 0x560265e34370 <unknown>\n#17 0x560265e443b6 <unknown>\n#18 0x7f48f129ca94 <unknown>\n#19 0x7f48f1329c3c <unknown>",
        "time" : {
          "start" : 1738977191009,
          "stop" : 1738977211170,
          "duration" : 20161
        }
      }, {
        "uid" : "d08e57d4acb4fb96",
        "reportUrl" : "https://Brain-up.github.io/auto-tests-python/472//#testresult/d08e57d4acb4fb96",
        "status" : "skipped",
        "statusDetails" : "XFAIL\n\nselenium.common.exceptions.TimeoutException: Message: Can't find element by locator ('xpath', '//button[@data-test-active-link=\"Words\"]')\nStacktrace:\n#0 0x55fde62ae53a <unknown>\n#1 0x55fde5da9f00 <unknown>\n#2 0x55fde5df9c0c <unknown>\n#3 0x55fde5df9e31 <unknown>\n#4 0x55fde5e3fbd4 <unknown>\n#5 0x55fde5e1e5cd <unknown>\n#6 0x55fde5e3cf84 <unknown>\n#7 0x55fde5e1e343 <unknown>\n#8 0x55fde5deb78a <unknown>\n#9 0x55fde5dec9de <unknown>\n#10 0x55fde62782cb <unknown>\n#11 0x55fde627c242 <unknown>\n#12 0x55fde62657ac <unknown>\n#13 0x55fde627cdf7 <unknown>\n#14 0x55fde6249b2f <unknown>\n#15 0x55fde629d1a8 <unknown>\n#16 0x55fde629d370 <unknown>\n#17 0x55fde62ad3b6 <unknown>\n#18 0x7f3e8a09ca94 <unknown>\n#19 0x7f3e8a129c3c <unknown>",
        "time" : {
          "start" : 1738960539305,
          "stop" : 1738960559529,
          "duration" : 20224
        }
      }, {
        "uid" : "e9bc18aa735332f7",
        "reportUrl" : "https://Brain-up.github.io/auto-tests-python/268//#testresult/e9bc18aa735332f7",
        "status" : "skipped",
        "statusDetails" : "XFAIL\n\nselenium.common.exceptions.TimeoutException: Message: Can't find element by locator ('xpath', '//button[@data-test-active-link=\"Words\"]')\nStacktrace:\n#0 0x555740db653a <unknown>\n#1 0x5557408b1f00 <unknown>\n#2 0x555740901c0c <unknown>\n#3 0x555740901e31 <unknown>\n#4 0x555740947bd4 <unknown>\n#5 0x5557409265cd <unknown>\n#6 0x555740944f84 <unknown>\n#7 0x555740926343 <unknown>\n#8 0x5557408f378a <unknown>\n#9 0x5557408f49de <unknown>\n#10 0x555740d802cb <unknown>\n#11 0x555740d84242 <unknown>\n#12 0x555740d6d7ac <unknown>\n#13 0x555740d84df7 <unknown>\n#14 0x555740d51b2f <unknown>\n#15 0x555740da51a8 <unknown>\n#16 0x555740da5370 <unknown>\n#17 0x555740db53b6 <unknown>\n#18 0x7f7c33e9ca94 <unknown>\n#19 0x7f7c33f29c3c <unknown>",
        "time" : {
          "start" : 1738891055020,
          "stop" : 1738891075178,
          "duration" : 20158
        }
      }, {
        "uid" : "92fe3ed579dd9e4b",
        "reportUrl" : "https://Brain-up.github.io/auto-tests-python/471//#testresult/92fe3ed579dd9e4b",
        "status" : "skipped",
        "statusDetails" : "XFAIL\n\nselenium.common.exceptions.TimeoutException: Message: Can't find element by locator ('xpath', '//button[@data-test-active-link=\"Words\"]')\nStacktrace:\n#0 0x559ab6b4853a <unknown>\n#1 0x559ab6643f00 <unknown>\n#2 0x559ab6693c0c <unknown>\n#3 0x559ab6693e31 <unknown>\n#4 0x559ab66d9bd4 <unknown>\n#5 0x559ab66b85cd <unknown>\n#6 0x559ab66d6f84 <unknown>\n#7 0x559ab66b8343 <unknown>\n#8 0x559ab668578a <unknown>\n#9 0x559ab66869de <unknown>\n#10 0x559ab6b122cb <unknown>\n#11 0x559ab6b16242 <unknown>\n#12 0x559ab6aff7ac <unknown>\n#13 0x559ab6b16df7 <unknown>\n#14 0x559ab6ae3b2f <unknown>\n#15 0x559ab6b371a8 <unknown>\n#16 0x559ab6b37370 <unknown>\n#17 0x559ab6b473b6 <unknown>\n#18 0x7f0eca69ca94 <unknown>\n#19 0x7f0eca729c3c <unknown>",
        "time" : {
          "start" : 1738844030107,
          "stop" : 1738844050745,
          "duration" : 20638
        }
      }, {
        "uid" : "da9dfdf3c16b935",
        "reportUrl" : "https://Brain-up.github.io/auto-tests-python/267//#testresult/da9dfdf3c16b935",
        "status" : "skipped",
        "statusDetails" : "XFAIL\n\nselenium.common.exceptions.TimeoutException: Message: Can't find element by locator ('xpath', '//button[@data-test-active-link=\"Words\"]')\nStacktrace:\n#0 0x557c17ea353a <unknown>\n#1 0x557c1799ef00 <unknown>\n#2 0x557c179eec0c <unknown>\n#3 0x557c179eee31 <unknown>\n#4 0x557c17a34bd4 <unknown>\n#5 0x557c17a135cd <unknown>\n#6 0x557c17a31f84 <unknown>\n#7 0x557c17a13343 <unknown>\n#8 0x557c179e078a <unknown>\n#9 0x557c179e19de <unknown>\n#10 0x557c17e6d2cb <unknown>\n#11 0x557c17e71242 <unknown>\n#12 0x557c17e5a7ac <unknown>\n#13 0x557c17e71df7 <unknown>\n#14 0x557c17e3eb2f <unknown>\n#15 0x557c17e921a8 <unknown>\n#16 0x557c17e92370 <unknown>\n#17 0x557c17ea23b6 <unknown>\n#18 0x7f0fa1e9ca94 <unknown>\n#19 0x7f0fa1f29c3c <unknown>",
        "time" : {
          "start" : 1738804661359,
          "stop" : 1738804682017,
          "duration" : 20658
        }
      }, {
        "uid" : "21d0b4e7dd7e7f8d",
        "reportUrl" : "https://Brain-up.github.io/auto-tests-python/470//#testresult/21d0b4e7dd7e7f8d",
        "status" : "skipped",
        "statusDetails" : "XFAIL\n\nselenium.common.exceptions.TimeoutException: Message: Can't find element by locator ('xpath', '//button[@data-test-active-link=\"Words\"]')\nStacktrace:\n#0 0x5605bd75253a <unknown>\n#1 0x5605bd24df00 <unknown>\n#2 0x5605bd29dc0c <unknown>\n#3 0x5605bd29de31 <unknown>\n#4 0x5605bd2e3bd4 <unknown>\n#5 0x5605bd2c25cd <unknown>\n#6 0x5605bd2e0f84 <unknown>\n#7 0x5605bd2c2343 <unknown>\n#8 0x5605bd28f78a <unknown>\n#9 0x5605bd2909de <unknown>\n#10 0x5605bd71c2cb <unknown>\n#11 0x5605bd720242 <unknown>\n#12 0x5605bd7097ac <unknown>\n#13 0x5605bd720df7 <unknown>\n#14 0x5605bd6edb2f <unknown>\n#15 0x5605bd7411a8 <unknown>\n#16 0x5605bd741370 <unknown>\n#17 0x5605bd7513b6 <unknown>\n#18 0x7f39e069ca94 <unknown>\n#19 0x7f39e0729c3c <unknown>",
        "time" : {
          "start" : 1738787277755,
          "stop" : 1738787298413,
          "duration" : 20658
        }
      }, {
        "uid" : "dab460d8ec070a38",
        "reportUrl" : "https://Brain-up.github.io/auto-tests-python/266//#testresult/dab460d8ec070a38",
        "status" : "skipped",
        "statusDetails" : "XFAIL\n\nselenium.common.exceptions.TimeoutException: Message: Can't find element by locator ('xpath', '//button[@data-test-active-link=\"Words\"]')\nStacktrace:\n#0 0x55be3b10f53a <unknown>\n#1 0x55be3ac0af00 <unknown>\n#2 0x55be3ac5ac0c <unknown>\n#3 0x55be3ac5ae31 <unknown>\n#4 0x55be3aca0bd4 <unknown>\n#5 0x55be3ac7f5cd <unknown>\n#6 0x55be3ac9df84 <unknown>\n#7 0x55be3ac7f343 <unknown>\n#8 0x55be3ac4c78a <unknown>\n#9 0x55be3ac4d9de <unknown>\n#10 0x55be3b0d92cb <unknown>\n#11 0x55be3b0dd242 <unknown>\n#12 0x55be3b0c67ac <unknown>\n#13 0x55be3b0dddf7 <unknown>\n#14 0x55be3b0aab2f <unknown>\n#15 0x55be3b0fe1a8 <unknown>\n#16 0x55be3b0fe370 <unknown>\n#17 0x55be3b10e3b6 <unknown>\n#18 0x7fa69a29ca94 <unknown>\n#19 0x7fa69a329c3c <unknown>",
        "time" : {
          "start" : 1738718223178,
          "stop" : 1738718243859,
          "duration" : 20681
        }
      }, {
        "uid" : "3be03cf15883e3ed",
        "reportUrl" : "https://Brain-up.github.io/auto-tests-python/469//#testresult/3be03cf15883e3ed",
        "status" : "skipped",
        "statusDetails" : "XFAIL\n\nselenium.common.exceptions.TimeoutException: Message: Can't find element by locator ('xpath', '//button[@data-test-active-link=\"Words\"]')\nStacktrace:\n#0 0x55f760a83dca <unknown>\n#1 0x55f76057a3f0 <unknown>\n#2 0x55f7605ca10c <unknown>\n#3 0x55f7605ca331 <unknown>\n#4 0x55f760610154 <unknown>\n#5 0x55f7605eeabd <unknown>\n#6 0x55f76060d4b3 <unknown>\n#7 0x55f7605ee833 <unknown>\n#8 0x55f7605bb5a0 <unknown>\n#9 0x55f7605bcece <unknown>\n#10 0x55f760a4dbdb <unknown>\n#11 0x55f760a51b67 <unknown>\n#12 0x55f760a393bc <unknown>\n#13 0x55f760a52727 <unknown>\n#14 0x55f760a1d74f <unknown>\n#15 0x55f760a72938 <unknown>\n#16 0x55f760a72b00 <unknown>\n#17 0x55f760a82c46 <unknown>\n#18 0x7fe8a109ca94 <unknown>\n#19 0x7fe8a1129c3c <unknown>",
        "time" : {
          "start" : 1738703614866,
          "stop" : 1738703635019,
          "duration" : 20153
        }
      }, {
        "uid" : "8127b45625125ca9",
        "reportUrl" : "https://Brain-up.github.io/auto-tests-python/468//#testresult/8127b45625125ca9",
        "status" : "skipped",
        "statusDetails" : "XFAIL\n\nselenium.common.exceptions.TimeoutException: Message: Can't find element by locator ('xpath', '//button[@data-test-active-link=\"Words\"]')\nStacktrace:\n#0 0x563f7b2ccdca <unknown>\n#1 0x563f7adc33f0 <unknown>\n#2 0x563f7ae1310c <unknown>\n#3 0x563f7ae13331 <unknown>\n#4 0x563f7ae59154 <unknown>\n#5 0x563f7ae37abd <unknown>\n#6 0x563f7ae564b3 <unknown>\n#7 0x563f7ae37833 <unknown>\n#8 0x563f7ae045a0 <unknown>\n#9 0x563f7ae05ece <unknown>\n#10 0x563f7b296bdb <unknown>\n#11 0x563f7b29ab67 <unknown>\n#12 0x563f7b2823bc <unknown>\n#13 0x563f7b29b727 <unknown>\n#14 0x563f7b26674f <unknown>\n#15 0x563f7b2bb938 <unknown>\n#16 0x563f7b2bbb00 <unknown>\n#17 0x563f7b2cbc46 <unknown>\n#18 0x7ff5bc09ca94 <unknown>\n#19 0x7ff5bc129c3c <unknown>",
        "time" : {
          "start" : 1738701463917,
          "stop" : 1738701484107,
          "duration" : 20190
        }
      }, {
        "uid" : "9646cd0594f5276f",
        "reportUrl" : "https://Brain-up.github.io/auto-tests-python/265//#testresult/9646cd0594f5276f",
        "status" : "skipped",
        "statusDetails" : "XFAIL\n\nselenium.common.exceptions.TimeoutException: Message: Can't find element by locator ('xpath', '//button[@data-test-active-link=\"Words\"]')\nStacktrace:\n#0 0x562b82639dca <unknown>\n#1 0x562b821303f0 <unknown>\n#2 0x562b8218010c <unknown>\n#3 0x562b82180331 <unknown>\n#4 0x562b821c6154 <unknown>\n#5 0x562b821a4abd <unknown>\n#6 0x562b821c34b3 <unknown>\n#7 0x562b821a4833 <unknown>\n#8 0x562b821715a0 <unknown>\n#9 0x562b82172ece <unknown>\n#10 0x562b82603bdb <unknown>\n#11 0x562b82607b67 <unknown>\n#12 0x562b825ef3bc <unknown>\n#13 0x562b82608727 <unknown>\n#14 0x562b825d374f <unknown>\n#15 0x562b82628938 <unknown>\n#16 0x562b82628b00 <unknown>\n#17 0x562b82638c46 <unknown>\n#18 0x7f3be929ca94 <unknown>\n#19 0x7f3be9329c3c <unknown>",
        "time" : {
          "start" : 1738631637781,
          "stop" : 1738631658430,
          "duration" : 20649
        }
      }, {
        "uid" : "b9842dc02f479530",
        "reportUrl" : "https://Brain-up.github.io/auto-tests-python/467//#testresult/b9842dc02f479530",
        "status" : "skipped",
        "statusDetails" : "XFAIL\n\nselenium.common.exceptions.TimeoutException: Message: Can't find element by locator ('xpath', '//button[@data-test-active-link=\"Words\"]')\nStacktrace:\n#0 0x561360f7adca <unknown>\n#1 0x561360a713f0 <unknown>\n#2 0x561360ac110c <unknown>\n#3 0x561360ac1331 <unknown>\n#4 0x561360b07154 <unknown>\n#5 0x561360ae5abd <unknown>\n#6 0x561360b044b3 <unknown>\n#7 0x561360ae5833 <unknown>\n#8 0x561360ab25a0 <unknown>\n#9 0x561360ab3ece <unknown>\n#10 0x561360f44bdb <unknown>\n#11 0x561360f48b67 <unknown>\n#12 0x561360f303bc <unknown>\n#13 0x561360f49727 <unknown>\n#14 0x561360f1474f <unknown>\n#15 0x561360f69938 <unknown>\n#16 0x561360f69b00 <unknown>\n#17 0x561360f79c46 <unknown>\n#18 0x7f3344e9ca94 <unknown>\n#19 0x7f3344f29c3c <unknown>",
        "time" : {
          "start" : 1738579138920,
          "stop" : 1738579159576,
          "duration" : 20656
        }
      }, {
        "uid" : "cb9a9cf9a057fb62",
        "reportUrl" : "https://Brain-up.github.io/auto-tests-python/264//#testresult/cb9a9cf9a057fb62",
        "status" : "skipped",
        "statusDetails" : "XFAIL\n\nselenium.common.exceptions.TimeoutException: Message: Can't find element by locator ('xpath', '//button[@data-test-active-link=\"Words\"]')\nStacktrace:\n#0 0x55e7aa6a0dca <unknown>\n#1 0x55e7aa1973f0 <unknown>\n#2 0x55e7aa1e710c <unknown>\n#3 0x55e7aa1e7331 <unknown>\n#4 0x55e7aa22d154 <unknown>\n#5 0x55e7aa20babd <unknown>\n#6 0x55e7aa22a4b3 <unknown>\n#7 0x55e7aa20b833 <unknown>\n#8 0x55e7aa1d85a0 <unknown>\n#9 0x55e7aa1d9ece <unknown>\n#10 0x55e7aa66abdb <unknown>\n#11 0x55e7aa66eb67 <unknown>\n#12 0x55e7aa6563bc <unknown>\n#13 0x55e7aa66f727 <unknown>\n#14 0x55e7aa63a74f <unknown>\n#15 0x55e7aa68f938 <unknown>\n#16 0x55e7aa68fb00 <unknown>\n#17 0x55e7aa69fc46 <unknown>\n#18 0x7f960fa9ca94 <unknown>\n#19 0x7f960fb29c3c <unknown>",
        "time" : {
          "start" : 1738545287078,
          "stop" : 1738545307275,
          "duration" : 20197
        }
      } ]
    },
    "tags" : [ "@pytest.mark.xfail" ]
  },
  "source" : "e4fceb1c772252c4.json",
  "parameterValues" : [ ]
}