{
  "uid" : "61c4321d70a41f79",
  "name" : "Verify presence and visibility of content on the page",
  "fullName" : "tests.exercises_ru_similar_phrases_page_test.TestExRuSimPhrPageStructure#test_ersp_01_01_verify_page_presence_and_visibility",
  "historyId" : "477d176aaa2d68310d18b6ad819f0946",
  "time" : {
    "start" : 1747703296385,
    "stop" : 1747703296385,
    "duration" : 0
  },
  "status" : "broken",
  "statusMessage" : "selenium.common.exceptions.TimeoutException: Message: Can't find element by locator https://www.brainup.site/groups",
  "statusTrace" : "self = <pages.base_page.BasePage object at 0x7fce4c47cad0>\nurl = 'https://www.brainup.site/groups'\n\n    def check_expected_link(self, url):\n        with allure.step(f'Check url is present: {url}'):\n            try:\n>               return Wait(self.driver, self.timeout).until(\n                    ec.url_to_be(url), message=f\"Can't find element by locator {url}\")\n\npages/base_page.py:68: \n_ _ _ _ _ _ _ _ _ _ _ _ _ _ _ _ _ _ _ _ _ _ _ _ _ _ _ _ _ _ _ _ _ _ _ _ _ _ _ _ \n\nself = <selenium.webdriver.support.wait.WebDriverWait (session=\"fc1b3917c0cf458e7b8ece3fedde58d1\")>\nmethod = <function url_to_be.<locals>._predicate at 0x7fce4c5413a0>\nmessage = \"Can't find element by locator https://www.brainup.site/groups\"\n\n    def until(self, method, message: str = \"\"):\n        \"\"\"Calls the method provided with the driver as an argument until the \\\n        return value does not evaluate to ``False``.\n    \n        :param method: callable(WebDriver)\n        :param message: optional message for :exc:`TimeoutException`\n        :returns: the result of the last call to `method`\n        :raises: :exc:`selenium.common.exceptions.TimeoutException` if timeout occurs\n        \"\"\"\n        screen = None\n        stacktrace = None\n    \n        end_time = time.monotonic() + self._timeout\n        while True:\n            try:\n                value = method(self._driver)\n                if value:\n                    return value\n            except self._ignored_exceptions as exc:\n                screen = getattr(exc, \"screen\", None)\n                stacktrace = getattr(exc, \"stacktrace\", None)\n            time.sleep(self._poll)\n            if time.monotonic() > end_time:\n                break\n>       raise TimeoutException(message, screen, stacktrace)\nE       selenium.common.exceptions.TimeoutException: Message: Can't find element by locator https://www.brainup.site/groups\n\n/opt/hostedtoolcache/Python/3.12.10/x64/lib/python3.12/site-packages/selenium/webdriver/support/wait.py:95: TimeoutException\n\nDuring handling of the above exception, another exception occurred:\n\ndriver = <selenium.webdriver.chrome.webdriver.WebDriver (session=\"fc1b3917c0cf458e7b8ece3fedde58d1\")>\nmain_page_open = None\n\n    @pytest.fixture()\n    @allure.step('Auto test user authorized')\n    def auto_test_user_authorized(driver, main_page_open):\n        page = BasePage(driver)\n        page.element_is_present_and_clickable(MainPageLocators.LOGIN_BUTTON).click()\n        page.element_is_visible(LoginPageLocators.INPUT_LOGIN).send_keys(os.environ[\"LOGIN\"])\n        page.element_is_visible(LoginPageLocators.INPUT_PASSWORD).send_keys(os.environ[\"PASSWORD\"])\n        page.element_is_present_and_clickable(LoginPageLocators.SIGN_IN_BUTTON).click()\n>       page.check_expected_link(MainPageLinks.URL_GROUPS_PAGE)\n\ntests/conftest.py:119: \n_ _ _ _ _ _ _ _ _ _ _ _ _ _ _ _ _ _ _ _ _ _ _ _ _ _ _ _ _ _ _ _ _ _ _ _ _ _ _ _ \npages/base_page.py:72: in check_expected_link\n    return Wait(self.driver, self.timeout).until(\n_ _ _ _ _ _ _ _ _ _ _ _ _ _ _ _ _ _ _ _ _ _ _ _ _ _ _ _ _ _ _ _ _ _ _ _ _ _ _ _ \n\nself = <selenium.webdriver.support.wait.WebDriverWait (session=\"fc1b3917c0cf458e7b8ece3fedde58d1\")>\nmethod = <function url_to_be.<locals>._predicate at 0x7fce4c5414e0>\nmessage = \"Can't find element by locator https://www.brainup.site/groups\"\n\n    def until(self, method, message: str = \"\"):\n        \"\"\"Calls the method provided with the driver as an argument until the \\\n        return value does not evaluate to ``False``.\n    \n        :param method: callable(WebDriver)\n        :param message: optional message for :exc:`TimeoutException`\n        :returns: the result of the last call to `method`\n        :raises: :exc:`selenium.common.exceptions.TimeoutException` if timeout occurs\n        \"\"\"\n        screen = None\n        stacktrace = None\n    \n        end_time = time.monotonic() + self._timeout\n        while True:\n            try:\n                value = method(self._driver)\n                if value:\n                    return value\n            except self._ignored_exceptions as exc:\n                screen = getattr(exc, \"screen\", None)\n                stacktrace = getattr(exc, \"stacktrace\", None)\n            time.sleep(self._poll)\n            if time.monotonic() > end_time:\n                break\n>       raise TimeoutException(message, screen, stacktrace)\nE       selenium.common.exceptions.TimeoutException: Message: Can't find element by locator https://www.brainup.site/groups\n\n/opt/hostedtoolcache/Python/3.12.10/x64/lib/python3.12/site-packages/selenium/webdriver/support/wait.py:95: TimeoutException",
  "flaky" : false,
  "newFailed" : false,
  "beforeStages" : [ {
    "name" : "clear_allure_results_folder",
    "time" : {
      "start" : 1747703147141,
      "stop" : 1747703147141,
      "duration" : 0
    },
    "status" : "passed",
    "steps" : [ ],
    "attachments" : [ ],
    "parameters" : [ ],
    "stepsCount" : 0,
    "attachmentsCount" : 0,
    "shouldDisplayMessage" : false,
    "hasContent" : false
  }, {
    "name" : "main_page_open",
    "time" : {
      "start" : 1747703297197,
      "stop" : 1747703300016,
      "duration" : 2819
    },
    "status" : "passed",
    "steps" : [ {
      "name" : "Open page: https://www.brainup.site/",
      "time" : {
        "start" : 1747703297197,
        "stop" : 1747703300016,
        "duration" : 2819
      },
      "status" : "passed",
      "steps" : [ ],
      "attachments" : [ ],
      "parameters" : [ {
        "name" : "driver",
        "value" : "<selenium.webdriver.chrome.webdriver.WebDriver (session=\"fc1b3917c0cf458e7b8ece3fedde58d1\")>"
      } ],
      "stepsCount" : 0,
      "attachmentsCount" : 0,
      "shouldDisplayMessage" : false,
      "hasContent" : true
    } ],
    "attachments" : [ ],
    "parameters" : [ ],
    "stepsCount" : 1,
    "attachmentsCount" : 0,
    "shouldDisplayMessage" : false,
    "hasContent" : true
  }, {
    "name" : "auto_test_user_authorized",
    "time" : {
      "start" : 1747703300016,
      "stop" : 1747703340684,
      "duration" : 40668
    },
    "status" : "broken",
    "statusMessage" : "selenium.common.exceptions.TimeoutException: Message: Can't find element by locator https://www.brainup.site/groups\n\n",
    "statusTrace" : "  File \"/opt/hostedtoolcache/Python/3.12.10/x64/lib/python3.12/site-packages/pluggy/_callers.py\", line 38, in run_old_style_hookwrapper\n    res = yield\n          ^^^^^\n  File \"/opt/hostedtoolcache/Python/3.12.10/x64/lib/python3.12/site-packages/pluggy/_callers.py\", line 139, in _multicall\n    teardown.throw(exception)\n  File \"/opt/hostedtoolcache/Python/3.12.10/x64/lib/python3.12/site-packages/pluggy/_callers.py\", line 53, in run_old_style_hookwrapper\n    return result.get_result()\n           ^^^^^^^^^^^^^^^^^^^\n  File \"/opt/hostedtoolcache/Python/3.12.10/x64/lib/python3.12/site-packages/pluggy/_result.py\", line 103, in get_result\n    raise exc.with_traceback(tb)\n  File \"/opt/hostedtoolcache/Python/3.12.10/x64/lib/python3.12/site-packages/pluggy/_callers.py\", line 38, in run_old_style_hookwrapper\n    res = yield\n          ^^^^^\n  File \"/opt/hostedtoolcache/Python/3.12.10/x64/lib/python3.12/site-packages/pluggy/_callers.py\", line 121, in _multicall\n    res = hook_impl.function(*args)\n          ^^^^^^^^^^^^^^^^^^^^^^^^^\n  File \"/opt/hostedtoolcache/Python/3.12.10/x64/lib/python3.12/site-packages/_pytest/fixtures.py\", line 1123, in pytest_fixture_setup\n    result = call_fixture_func(fixturefunc, request, kwargs)\n             ^^^^^^^^^^^^^^^^^^^^^^^^^^^^^^^^^^^^^^^^^^^^^^^\n  File \"/opt/hostedtoolcache/Python/3.12.10/x64/lib/python3.12/site-packages/_pytest/fixtures.py\", line 902, in call_fixture_func\n    fixture_result = fixturefunc(**kwargs)\n                     ^^^^^^^^^^^^^^^^^^^^^\n  File \"/opt/hostedtoolcache/Python/3.12.10/x64/lib/python3.12/site-packages/allure_commons/_allure.py\", line 192, in impl\n    return func(*a, **kw)\n           ^^^^^^^^^^^^^^\n  File \"/home/runner/work/auto-tests-python/auto-tests-python/tests/conftest.py\", line 119, in auto_test_user_authorized\n    page.check_expected_link(MainPageLinks.URL_GROUPS_PAGE)\n  File \"/home/runner/work/auto-tests-python/auto-tests-python/pages/base_page.py\", line 72, in check_expected_link\n    return Wait(self.driver, self.timeout).until(\n           ^^^^^^^^^^^^^^^^^^^^^^^^^^^^^^^^^^^^^^\n  File \"/opt/hostedtoolcache/Python/3.12.10/x64/lib/python3.12/site-packages/selenium/webdriver/support/wait.py\", line 95, in until\n    raise TimeoutException(message, screen, stacktrace)\n",
    "steps" : [ {
      "name" : "Auto test user authorized",
      "time" : {
        "start" : 1747703300016,
        "stop" : 1747703340683,
        "duration" : 40667
      },
      "status" : "broken",
      "statusMessage" : "selenium.common.exceptions.TimeoutException: Message: Can't find element by locator https://www.brainup.site/groups\n\n",
      "statusTrace" : "  File \"/opt/hostedtoolcache/Python/3.12.10/x64/lib/python3.12/site-packages/allure_commons/_allure.py\", line 192, in impl\n    return func(*a, **kw)\n           ^^^^^^^^^^^^^^\n  File \"/home/runner/work/auto-tests-python/auto-tests-python/tests/conftest.py\", line 119, in auto_test_user_authorized\n    page.check_expected_link(MainPageLinks.URL_GROUPS_PAGE)\n  File \"/home/runner/work/auto-tests-python/auto-tests-python/pages/base_page.py\", line 72, in check_expected_link\n    return Wait(self.driver, self.timeout).until(\n           ^^^^^^^^^^^^^^^^^^^^^^^^^^^^^^^^^^^^^^\n  File \"/opt/hostedtoolcache/Python/3.12.10/x64/lib/python3.12/site-packages/selenium/webdriver/support/wait.py\", line 95, in until\n    raise TimeoutException(message, screen, stacktrace)\n",
      "steps" : [ {
        "name" : "Check url is present: https://www.brainup.site/groups",
        "time" : {
          "start" : 1747703300412,
          "stop" : 1747703340683,
          "duration" : 40271
        },
        "status" : "broken",
        "statusMessage" : "selenium.common.exceptions.TimeoutException: Message: Can't find element by locator https://www.brainup.site/groups\n\n",
        "statusTrace" : "  File \"/home/runner/work/auto-tests-python/auto-tests-python/pages/base_page.py\", line 72, in check_expected_link\n    return Wait(self.driver, self.timeout).until(\n           ^^^^^^^^^^^^^^^^^^^^^^^^^^^^^^^^^^^^^^\n  File \"/opt/hostedtoolcache/Python/3.12.10/x64/lib/python3.12/site-packages/selenium/webdriver/support/wait.py\", line 95, in until\n    raise TimeoutException(message, screen, stacktrace)\n",
        "steps" : [ ],
        "attachments" : [ ],
        "parameters" : [ ],
        "stepsCount" : 0,
        "attachmentsCount" : 0,
        "shouldDisplayMessage" : true,
        "hasContent" : true
      } ],
      "attachments" : [ ],
      "parameters" : [ {
        "name" : "driver",
        "value" : "<selenium.webdriver.chrome.webdriver.WebDriver (session=\"fc1b3917c0cf458e7b8ece3fedde58d1\")>"
      }, {
        "name" : "main_page_open",
        "value" : "None"
      } ],
      "stepsCount" : 1,
      "attachmentsCount" : 0,
      "shouldDisplayMessage" : false,
      "hasContent" : true
    } ],
    "attachments" : [ ],
    "parameters" : [ ],
    "stepsCount" : 2,
    "attachmentsCount" : 0,
    "shouldDisplayMessage" : false,
    "hasContent" : true
  }, {
    "name" : "driver",
    "time" : {
      "start" : 1747703296385,
      "stop" : 1747703297197,
      "duration" : 812
    },
    "status" : "passed",
    "steps" : [ ],
    "attachments" : [ ],
    "parameters" : [ ],
    "stepsCount" : 0,
    "attachmentsCount" : 0,
    "shouldDisplayMessage" : false,
    "hasContent" : false
  } ],
  "afterStages" : [ {
    "name" : "driver::0",
    "time" : {
      "start" : 1747703340730,
      "stop" : 1747703340798,
      "duration" : 68
    },
    "status" : "passed",
    "steps" : [ ],
    "attachments" : [ ],
    "parameters" : [ ],
    "stepsCount" : 0,
    "attachmentsCount" : 0,
    "shouldDisplayMessage" : false,
    "hasContent" : false
  } ],
  "labels" : [ {
    "name" : "epic",
    "value" : "The Exercises 'Similar phrases' Page on the 'ru' local"
  }, {
    "name" : "parentSuite",
    "value" : "tests"
  }, {
    "name" : "suite",
    "value" : "exercises_ru_similar_phrases_page_test"
  }, {
    "name" : "subSuite",
    "value" : "TestExercisesRuSimilarPhrasesPage"
  }, {
    "name" : "host",
    "value" : "pkrvmf6wy0o8zjz"
  }, {
    "name" : "thread",
    "value" : "2515-MainThread"
  }, {
    "name" : "framework",
    "value" : "pytest"
  }, {
    "name" : "language",
    "value" : "cpython3"
  }, {
    "name" : "package",
    "value" : "tests.exercises_ru_similar_phrases_page_test"
  }, {
    "name" : "resultFormat",
    "value" : "allure2"
  } ],
  "parameters" : [ ],
  "links" : [ ],
  "hidden" : false,
  "retry" : false,
  "extra" : {
    "severity" : "normal",
    "retries" : [ ],
    "categories" : [ {
      "name" : "Test defects",
      "matchedStatuses" : [ ],
      "flaky" : false
    } ],
    "history" : {
      "statistic" : {
        "failed" : 0,
        "broken" : 11,
        "skipped" : 0,
        "passed" : 154,
        "unknown" : 0,
        "total" : 165
      },
      "items" : [ {
        "uid" : "628bd23f3f7b4599",
        "reportUrl" : "https://Brain-up.github.io/auto-tests-python/574//#testresult/628bd23f3f7b4599",
        "status" : "passed",
        "time" : {
          "start" : 1747642923191,
          "stop" : 1747642923260,
          "duration" : 69
        }
      }, {
        "uid" : "20a9d5d47b025042",
        "reportUrl" : "https://Brain-up.github.io/auto-tests-python/369//#testresult/20a9d5d47b025042",
        "status" : "passed",
        "time" : {
          "start" : 1747617120895,
          "stop" : 1747617120964,
          "duration" : 69
        }
      }, {
        "uid" : "db91cd4e42c0f72e",
        "reportUrl" : "https://Brain-up.github.io/auto-tests-python/573//#testresult/db91cd4e42c0f72e",
        "status" : "passed",
        "time" : {
          "start" : 1747592236914,
          "stop" : 1747592236992,
          "duration" : 78
        }
      }, {
        "uid" : "26c8df64b1f78268",
        "reportUrl" : "https://Brain-up.github.io/auto-tests-python/368//#testresult/26c8df64b1f78268",
        "status" : "passed",
        "time" : {
          "start" : 1747530762474,
          "stop" : 1747530762543,
          "duration" : 69
        }
      }, {
        "uid" : "a33720273de4168",
        "reportUrl" : "https://Brain-up.github.io/auto-tests-python/572//#testresult/a33720273de4168",
        "status" : "passed",
        "time" : {
          "start" : 1747467926630,
          "stop" : 1747467926714,
          "duration" : 84
        }
      }, {
        "uid" : "9bcbce63719e79c0",
        "reportUrl" : "https://Brain-up.github.io/auto-tests-python/367//#testresult/9bcbce63719e79c0",
        "status" : "passed",
        "time" : {
          "start" : 1747444058643,
          "stop" : 1747444058713,
          "duration" : 70
        }
      }, {
        "uid" : "83db672b38881cfb",
        "reportUrl" : "https://Brain-up.github.io/auto-tests-python/571//#testresult/83db672b38881cfb",
        "status" : "passed",
        "time" : {
          "start" : 1747411922844,
          "stop" : 1747411922871,
          "duration" : 27
        }
      }, {
        "uid" : "adbb40849daf56a0",
        "reportUrl" : "https://Brain-up.github.io/auto-tests-python/366//#testresult/adbb40849daf56a0",
        "status" : "passed",
        "time" : {
          "start" : 1747357748151,
          "stop" : 1747357748182,
          "duration" : 31
        }
      }, {
        "uid" : "ecd17b874b4d8a2a",
        "reportUrl" : "https://Brain-up.github.io/auto-tests-python/570//#testresult/ecd17b874b4d8a2a",
        "status" : "passed",
        "time" : {
          "start" : 1747295212908,
          "stop" : 1747295212997,
          "duration" : 89
        }
      }, {
        "uid" : "399dc55134c845ac",
        "reportUrl" : "https://Brain-up.github.io/auto-tests-python/365//#testresult/399dc55134c845ac",
        "status" : "passed",
        "time" : {
          "start" : 1747271107764,
          "stop" : 1747271107835,
          "duration" : 71
        }
      }, {
        "uid" : "3c7c56007429bf89",
        "reportUrl" : "https://Brain-up.github.io/auto-tests-python/569//#testresult/3c7c56007429bf89",
        "status" : "passed",
        "time" : {
          "start" : 1747246049767,
          "stop" : 1747246050350,
          "duration" : 583
        }
      }, {
        "uid" : "9a77ff890081b536",
        "reportUrl" : "https://Brain-up.github.io/auto-tests-python/364//#testresult/9a77ff890081b536",
        "status" : "passed",
        "time" : {
          "start" : 1747184881719,
          "stop" : 1747184882301,
          "duration" : 582
        }
      }, {
        "uid" : "2d4bd27d7cb19704",
        "reportUrl" : "https://Brain-up.github.io/auto-tests-python/568//#testresult/2d4bd27d7cb19704",
        "status" : "passed",
        "time" : {
          "start" : 1747142763674,
          "stop" : 1747142763779,
          "duration" : 105
        }
      }, {
        "uid" : "e98909c275f650a0",
        "reportUrl" : "https://Brain-up.github.io/auto-tests-python/363//#testresult/e98909c275f650a0",
        "status" : "passed",
        "time" : {
          "start" : 1747098485587,
          "stop" : 1747098485658,
          "duration" : 71
        }
      }, {
        "uid" : "778123f0aa97da8",
        "reportUrl" : "https://Brain-up.github.io/auto-tests-python/567//#testresult/778123f0aa97da8",
        "status" : "passed",
        "time" : {
          "start" : 1747070141264,
          "stop" : 1747070141335,
          "duration" : 71
        }
      }, {
        "uid" : "54ecfadef1c7bf56",
        "reportUrl" : "https://Brain-up.github.io/auto-tests-python/362//#testresult/54ecfadef1c7bf56",
        "status" : "passed",
        "time" : {
          "start" : 1747012191551,
          "stop" : 1747012191623,
          "duration" : 72
        }
      }, {
        "uid" : "3bfdd13654723e58",
        "reportUrl" : "https://Brain-up.github.io/auto-tests-python/566//#testresult/3bfdd13654723e58",
        "status" : "passed",
        "time" : {
          "start" : 1746951526007,
          "stop" : 1746951526591,
          "duration" : 584
        }
      }, {
        "uid" : "d8754d050eb2f72f",
        "reportUrl" : "https://Brain-up.github.io/auto-tests-python/361//#testresult/d8754d050eb2f72f",
        "status" : "passed",
        "time" : {
          "start" : 1746925904938,
          "stop" : 1746925905072,
          "duration" : 134
        }
      }, {
        "uid" : "71385f1ecc669597",
        "reportUrl" : "https://Brain-up.github.io/auto-tests-python/565//#testresult/71385f1ecc669597",
        "status" : "passed",
        "time" : {
          "start" : 1746903795778,
          "stop" : 1746903795898,
          "duration" : 120
        }
      }, {
        "uid" : "53b60dca9618fbb4",
        "reportUrl" : "https://Brain-up.github.io/auto-tests-python/360//#testresult/53b60dca9618fbb4",
        "status" : "broken",
        "statusDetails" : "selenium.common.exceptions.TimeoutException: Message: Can't find element by locator https://www.brainup.site/groups",
        "time" : {
          "start" : 1746839088888,
          "stop" : 1746839088888,
          "duration" : 0
        }
      } ]
    },
    "tags" : [ ]
  },
  "source" : "61c4321d70a41f79.json",
  "parameterValues" : [ ]
}