{
  "uid" : "2f65cefec45808fa",
  "name" : "Check statistic table.",
  "fullName" : "tests.test_speech_exercises_ru.TestCardsRU#test_get_statistic_data",
  "historyId" : "15df626f86a935fbcd917f7ea4002a26",
  "time" : {
    "start" : 1727776713178,
    "stop" : 1727776734641,
    "duration" : 21463
  },
  "status" : "skipped",
  "statusMessage" : "XFAIL\n\nselenium.common.exceptions.TimeoutException: Message: Can't find elements by locator ('xpath', '//tbody/tr')",
  "statusTrace" : "self = <tests.test_speech_exercises_ru.TestCardsRU object at 0x7f3c644c8710>\ndriver = <selenium.webdriver.chrome.webdriver.WebDriver (session=\"5a3292a104aff1dc43cbe40accbaa4df\")>\ndefault_user_authorized = None\n\n    @pytest.mark.xfail\n    @allure.suite('Statistic.')\n    @allure.title('Check statistic table.')\n    def test_get_statistic_data(self, driver, default_user_authorized):\n        page = SpeechExercisesPageRU(driver)\n>       table = page.get_statistic_data()\n\ntests/test_speech_exercises_ru.py:192: \n_ _ _ _ _ _ _ _ _ _ _ _ _ _ _ _ _ _ _ _ _ _ _ _ _ _ _ _ _ _ _ _ _ _ _ _ _ _ _ _ \npages/speech_exercises_page_ru.py:178: in get_statistic_data\n    lens = len(self.elements_are_present((By.XPATH, \"//tbody/tr\")))\npages/base_page.py:55: in elements_are_present\n    return Wait(self.driver, self.timeout).until(\n_ _ _ _ _ _ _ _ _ _ _ _ _ _ _ _ _ _ _ _ _ _ _ _ _ _ _ _ _ _ _ _ _ _ _ _ _ _ _ _ \n\nself = <selenium.webdriver.support.wait.WebDriverWait (session=\"5a3292a104aff1dc43cbe40accbaa4df\")>\nmethod = <function presence_of_all_elements_located.<locals>._predicate at 0x7f3c642065c0>\nmessage = \"Can't find elements by locator ('xpath', '//tbody/tr')\"\n\n    def until(self, method, message: str = \"\"):\n        \"\"\"Calls the method provided with the driver as an argument until the \\\n        return value does not evaluate to ``False``.\n    \n        :param method: callable(WebDriver)\n        :param message: optional message for :exc:`TimeoutException`\n        :returns: the result of the last call to `method`\n        :raises: :exc:`selenium.common.exceptions.TimeoutException` if timeout occurs\n        \"\"\"\n        screen = None\n        stacktrace = None\n    \n        end_time = time.monotonic() + self._timeout\n        while True:\n            try:\n                value = method(self._driver)\n                if value:\n                    return value\n            except self._ignored_exceptions as exc:\n                screen = getattr(exc, \"screen\", None)\n                stacktrace = getattr(exc, \"stacktrace\", None)\n            time.sleep(self._poll)\n            if time.monotonic() > end_time:\n                break\n>       raise TimeoutException(message, screen, stacktrace)\nE       selenium.common.exceptions.TimeoutException: Message: Can't find elements by locator ('xpath', '//tbody/tr')\n\n/opt/hostedtoolcache/Python/3.12.6/x64/lib/python3.12/site-packages/selenium/webdriver/support/wait.py:95: TimeoutException",
  "flaky" : false,
  "newFailed" : false,
  "beforeStages" : [ {
    "name" : "driver",
    "time" : {
      "start" : 1727776705715,
      "stop" : 1727776706488,
      "duration" : 773
    },
    "status" : "passed",
    "steps" : [ ],
    "attachments" : [ ],
    "parameters" : [ ],
    "stepsCount" : 0,
    "attachmentsCount" : 0,
    "shouldDisplayMessage" : false,
    "hasContent" : false
  }, {
    "name" : "default_user_authorized",
    "time" : {
      "start" : 1727776710231,
      "stop" : 1727776713177,
      "duration" : 2946
    },
    "status" : "passed",
    "steps" : [ {
      "name" : "DEFAULT user authorized",
      "time" : {
        "start" : 1727776710231,
        "stop" : 1727776713177,
        "duration" : 2946
      },
      "status" : "passed",
      "steps" : [ {
        "name" : "Check url is present: https://brainup.site/groups",
        "time" : {
          "start" : 1727776710615,
          "stop" : 1727776713151,
          "duration" : 2536
        },
        "status" : "passed",
        "steps" : [ ],
        "attachments" : [ ],
        "parameters" : [ ],
        "stepsCount" : 0,
        "attachmentsCount" : 0,
        "shouldDisplayMessage" : false,
        "hasContent" : false
      }, {
        "name" : "Loader checking",
        "time" : {
          "start" : 1727776713151,
          "stop" : 1727776713177,
          "duration" : 26
        },
        "status" : "passed",
        "steps" : [ ],
        "attachments" : [ ],
        "parameters" : [ ],
        "stepsCount" : 0,
        "attachmentsCount" : 0,
        "shouldDisplayMessage" : false,
        "hasContent" : false
      } ],
      "attachments" : [ ],
      "parameters" : [ {
        "name" : "driver",
        "value" : "<selenium.webdriver.chrome.webdriver.WebDriver (session=\"5a3292a104aff1dc43cbe40accbaa4df\")>"
      }, {
        "name" : "main_page_open",
        "value" : "None"
      } ],
      "stepsCount" : 2,
      "attachmentsCount" : 0,
      "shouldDisplayMessage" : false,
      "hasContent" : true
    } ],
    "attachments" : [ ],
    "parameters" : [ ],
    "stepsCount" : 3,
    "attachmentsCount" : 0,
    "shouldDisplayMessage" : false,
    "hasContent" : true
  }, {
    "name" : "clear_allure_results_folder",
    "time" : {
      "start" : 1727775316584,
      "stop" : 1727775316585,
      "duration" : 1
    },
    "status" : "passed",
    "steps" : [ ],
    "attachments" : [ ],
    "parameters" : [ ],
    "stepsCount" : 0,
    "attachmentsCount" : 0,
    "shouldDisplayMessage" : false,
    "hasContent" : false
  }, {
    "name" : "main_page_open",
    "time" : {
      "start" : 1727776706489,
      "stop" : 1727776710231,
      "duration" : 3742
    },
    "status" : "passed",
    "steps" : [ {
      "name" : "Open page: https://brainup.site/",
      "time" : {
        "start" : 1727776706489,
        "stop" : 1727776710231,
        "duration" : 3742
      },
      "status" : "passed",
      "steps" : [ ],
      "attachments" : [ ],
      "parameters" : [ {
        "name" : "driver",
        "value" : "<selenium.webdriver.chrome.webdriver.WebDriver (session=\"5a3292a104aff1dc43cbe40accbaa4df\")>"
      } ],
      "stepsCount" : 0,
      "attachmentsCount" : 0,
      "shouldDisplayMessage" : false,
      "hasContent" : true
    } ],
    "attachments" : [ ],
    "parameters" : [ ],
    "stepsCount" : 1,
    "attachmentsCount" : 0,
    "shouldDisplayMessage" : false,
    "hasContent" : true
  } ],
  "testStage" : {
    "status" : "skipped",
    "statusMessage" : "XFAIL\n\nselenium.common.exceptions.TimeoutException: Message: Can't find elements by locator ('xpath', '//tbody/tr')",
    "statusTrace" : "self = <tests.test_speech_exercises_ru.TestCardsRU object at 0x7f3c644c8710>\ndriver = <selenium.webdriver.chrome.webdriver.WebDriver (session=\"5a3292a104aff1dc43cbe40accbaa4df\")>\ndefault_user_authorized = None\n\n    @pytest.mark.xfail\n    @allure.suite('Statistic.')\n    @allure.title('Check statistic table.')\n    def test_get_statistic_data(self, driver, default_user_authorized):\n        page = SpeechExercisesPageRU(driver)\n>       table = page.get_statistic_data()\n\ntests/test_speech_exercises_ru.py:192: \n_ _ _ _ _ _ _ _ _ _ _ _ _ _ _ _ _ _ _ _ _ _ _ _ _ _ _ _ _ _ _ _ _ _ _ _ _ _ _ _ \npages/speech_exercises_page_ru.py:178: in get_statistic_data\n    lens = len(self.elements_are_present((By.XPATH, \"//tbody/tr\")))\npages/base_page.py:55: in elements_are_present\n    return Wait(self.driver, self.timeout).until(\n_ _ _ _ _ _ _ _ _ _ _ _ _ _ _ _ _ _ _ _ _ _ _ _ _ _ _ _ _ _ _ _ _ _ _ _ _ _ _ _ \n\nself = <selenium.webdriver.support.wait.WebDriverWait (session=\"5a3292a104aff1dc43cbe40accbaa4df\")>\nmethod = <function presence_of_all_elements_located.<locals>._predicate at 0x7f3c642065c0>\nmessage = \"Can't find elements by locator ('xpath', '//tbody/tr')\"\n\n    def until(self, method, message: str = \"\"):\n        \"\"\"Calls the method provided with the driver as an argument until the \\\n        return value does not evaluate to ``False``.\n    \n        :param method: callable(WebDriver)\n        :param message: optional message for :exc:`TimeoutException`\n        :returns: the result of the last call to `method`\n        :raises: :exc:`selenium.common.exceptions.TimeoutException` if timeout occurs\n        \"\"\"\n        screen = None\n        stacktrace = None\n    \n        end_time = time.monotonic() + self._timeout\n        while True:\n            try:\n                value = method(self._driver)\n                if value:\n                    return value\n            except self._ignored_exceptions as exc:\n                screen = getattr(exc, \"screen\", None)\n                stacktrace = getattr(exc, \"stacktrace\", None)\n            time.sleep(self._poll)\n            if time.monotonic() > end_time:\n                break\n>       raise TimeoutException(message, screen, stacktrace)\nE       selenium.common.exceptions.TimeoutException: Message: Can't find elements by locator ('xpath', '//tbody/tr')\n\n/opt/hostedtoolcache/Python/3.12.6/x64/lib/python3.12/site-packages/selenium/webdriver/support/wait.py:95: TimeoutException",
    "steps" : [ {
      "name" : "get_statistic_data",
      "time" : {
        "start" : 1727776713178,
        "stop" : 1727776734640,
        "duration" : 21462
      },
      "status" : "broken",
      "statusMessage" : "selenium.common.exceptions.TimeoutException: Message: Can't find elements by locator ('xpath', '//tbody/tr')\n\n",
      "statusTrace" : "  File \"/opt/hostedtoolcache/Python/3.12.6/x64/lib/python3.12/site-packages/allure_commons/_allure.py\", line 192, in impl\n    return func(*a, **kw)\n           ^^^^^^^^^^^^^^\n  File \"/home/runner/work/auto-tests-python/auto-tests-python/pages/speech_exercises_page_ru.py\", line 178, in get_statistic_data\n    lens = len(self.elements_are_present((By.XPATH, \"//tbody/tr\")))\n               ^^^^^^^^^^^^^^^^^^^^^^^^^^^^^^^^^^^^^^^^^^^^^^^^^^^\n  File \"/home/runner/work/auto-tests-python/auto-tests-python/pages/base_page.py\", line 55, in elements_are_present\n    return Wait(self.driver, self.timeout).until(\n           ^^^^^^^^^^^^^^^^^^^^^^^^^^^^^^^^^^^^^^\n  File \"/opt/hostedtoolcache/Python/3.12.6/x64/lib/python3.12/site-packages/selenium/webdriver/support/wait.py\", line 95, in until\n    raise TimeoutException(message, screen, stacktrace)\n",
      "steps" : [ {
        "name" : "Click button \"Статистика\"\".",
        "time" : {
          "start" : 1727776713178,
          "stop" : 1727776713276,
          "duration" : 98
        },
        "status" : "passed",
        "steps" : [ ],
        "attachments" : [ ],
        "parameters" : [ ],
        "stepsCount" : 0,
        "attachmentsCount" : 0,
        "shouldDisplayMessage" : false,
        "hasContent" : false
      }, {
        "name" : "Check statistic table is present and scroll to table",
        "time" : {
          "start" : 1727776713276,
          "stop" : 1727776714348,
          "duration" : 1072
        },
        "status" : "passed",
        "steps" : [ ],
        "attachments" : [ ],
        "parameters" : [ ],
        "stepsCount" : 0,
        "attachmentsCount" : 0,
        "shouldDisplayMessage" : false,
        "hasContent" : false
      }, {
        "name" : "Get data from the table.",
        "time" : {
          "start" : 1727776714348,
          "stop" : 1727776734640,
          "duration" : 20292
        },
        "status" : "broken",
        "statusMessage" : "selenium.common.exceptions.TimeoutException: Message: Can't find elements by locator ('xpath', '//tbody/tr')\n\n",
        "statusTrace" : "  File \"/home/runner/work/auto-tests-python/auto-tests-python/pages/speech_exercises_page_ru.py\", line 178, in get_statistic_data\n    lens = len(self.elements_are_present((By.XPATH, \"//tbody/tr\")))\n               ^^^^^^^^^^^^^^^^^^^^^^^^^^^^^^^^^^^^^^^^^^^^^^^^^^^\n  File \"/home/runner/work/auto-tests-python/auto-tests-python/pages/base_page.py\", line 55, in elements_are_present\n    return Wait(self.driver, self.timeout).until(\n           ^^^^^^^^^^^^^^^^^^^^^^^^^^^^^^^^^^^^^^\n  File \"/opt/hostedtoolcache/Python/3.12.6/x64/lib/python3.12/site-packages/selenium/webdriver/support/wait.py\", line 95, in until\n    raise TimeoutException(message, screen, stacktrace)\n",
        "steps" : [ ],
        "attachments" : [ ],
        "parameters" : [ ],
        "stepsCount" : 0,
        "attachmentsCount" : 0,
        "shouldDisplayMessage" : true,
        "hasContent" : true
      } ],
      "attachments" : [ ],
      "parameters" : [ ],
      "stepsCount" : 3,
      "attachmentsCount" : 0,
      "shouldDisplayMessage" : false,
      "hasContent" : true
    } ],
    "attachments" : [ ],
    "parameters" : [ ],
    "stepsCount" : 4,
    "attachmentsCount" : 0,
    "shouldDisplayMessage" : true,
    "hasContent" : true
  },
  "afterStages" : [ {
    "name" : "driver::0",
    "time" : {
      "start" : 1727776734658,
      "stop" : 1727776734748,
      "duration" : 90
    },
    "status" : "passed",
    "steps" : [ ],
    "attachments" : [ ],
    "parameters" : [ ],
    "stepsCount" : 0,
    "attachmentsCount" : 0,
    "shouldDisplayMessage" : false,
    "hasContent" : false
  } ],
  "labels" : [ {
    "name" : "suite",
    "value" : "Statistic."
  }, {
    "name" : "epic",
    "value" : "Speech exercises."
  }, {
    "name" : "tag",
    "value" : "@pytest.mark.xfail"
  }, {
    "name" : "parentSuite",
    "value" : "tests"
  }, {
    "name" : "subSuite",
    "value" : "TestCardsRU"
  }, {
    "name" : "host",
    "value" : "fv-az1456-88"
  }, {
    "name" : "thread",
    "value" : "2353-MainThread"
  }, {
    "name" : "framework",
    "value" : "pytest"
  }, {
    "name" : "language",
    "value" : "cpython3"
  }, {
    "name" : "package",
    "value" : "tests.test_speech_exercises_ru"
  }, {
    "name" : "resultFormat",
    "value" : "allure2"
  } ],
  "parameters" : [ ],
  "links" : [ ],
  "hidden" : false,
  "retry" : false,
  "extra" : {
    "severity" : "normal",
    "retries" : [ ],
    "categories" : [ ],
    "history" : {
      "statistic" : {
        "failed" : 0,
        "broken" : 0,
        "skipped" : 34,
        "passed" : 435,
        "unknown" : 0,
        "total" : 469
      },
      "items" : [ {
        "uid" : "aa3d7a6cb852896c",
        "reportUrl" : "https://Brain-up.github.io/auto-tests-python/304//#testresult/aa3d7a6cb852896c",
        "status" : "passed",
        "statusDetails" : "XPASS",
        "time" : {
          "start" : 1727773404454,
          "stop" : 1727773406880,
          "duration" : 2426
        }
      }, {
        "uid" : "994c3dd5871b4d1f",
        "reportUrl" : "https://Brain-up.github.io/auto-tests-python/139//#testresult/994c3dd5871b4d1f",
        "status" : "skipped",
        "statusDetails" : "XFAIL\n\nselenium.common.exceptions.TimeoutException: Message: Can't find element by locator https://brainup.site/groups",
        "time" : {
          "start" : 1727745709074,
          "stop" : 1727745709074,
          "duration" : 0
        }
      }, {
        "uid" : "e7ad7a4de4b36034",
        "reportUrl" : "https://Brain-up.github.io/auto-tests-python/303//#testresult/e7ad7a4de4b36034",
        "status" : "skipped",
        "statusDetails" : "XFAIL\n\nselenium.common.exceptions.TimeoutException: Message: Can't find element by locator https://brainup.site/groups",
        "time" : {
          "start" : 1727687275273,
          "stop" : 1727687275273,
          "duration" : 0
        }
      }, {
        "uid" : "390176e39ef5df92",
        "reportUrl" : "https://Brain-up.github.io/auto-tests-python/302//#testresult/390176e39ef5df92",
        "status" : "passed",
        "statusDetails" : "XPASS",
        "time" : {
          "start" : 1727684858111,
          "stop" : 1727684861513,
          "duration" : 3402
        }
      }, {
        "uid" : "25a4f78349d58f17",
        "reportUrl" : "https://Brain-up.github.io/auto-tests-python/302//#testresult/25a4f78349d58f17",
        "status" : "skipped",
        "statusDetails" : "XFAIL\n\nselenium.common.exceptions.TimeoutException: Message: Can't find element by locator https://brainup.site/groups",
        "time" : {
          "start" : 1727683149066,
          "stop" : 1727683149066,
          "duration" : 0
        }
      }, {
        "uid" : "1be21b5ba019b9e",
        "reportUrl" : "https://Brain-up.github.io/auto-tests-python/138//#testresult/1be21b5ba019b9e",
        "status" : "skipped",
        "statusDetails" : "XFAIL\n\nselenium.common.exceptions.TimeoutException: Message: Can't find element by locator ('xpath', '//div[@class=\"__51e19\"]')\nStacktrace:\n#0 0x55a5059fa13a <unknown>\n#1 0x55a5056e05e0 <unknown>\n#2 0x55a50572fbe8 <unknown>\n#3 0x55a50572fe81 <unknown>\n#4 0x55a5057768c4 <unknown>\n#5 0x55a505754b4d <unknown>\n#6 0x55a505773d7d <unknown>\n#7 0x55a5057548c3 <unknown>\n#8 0x55a5057226b3 <unknown>\n#9 0x55a50572368e <unknown>\n#10 0x55a5059c4b3b <unknown>\n#11 0x55a5059c8ac1 <unknown>\n#12 0x55a5059b1335 <unknown>\n#13 0x55a5059c9642 <unknown>\n#14 0x55a50599649f <unknown>\n#15 0x55a5059e9038 <unknown>\n#16 0x55a5059e9203 <unknown>\n#17 0x55a5059f8f8c <unknown>\n#18 0x7fd1f7a94ac3 <unknown>",
        "time" : {
          "start" : 1727658997674,
          "stop" : 1727659017767,
          "duration" : 20093
        }
      }, {
        "uid" : "7e1224dfddfdb7ff",
        "reportUrl" : "https://Brain-up.github.io/auto-tests-python/301//#testresult/7e1224dfddfdb7ff",
        "status" : "skipped",
        "statusDetails" : "XFAIL\n\nselenium.common.exceptions.TimeoutException: Message: Can't find element by locator https://brainup.site/groups",
        "time" : {
          "start" : 1727599097437,
          "stop" : 1727599097437,
          "duration" : 0
        }
      }, {
        "uid" : "7bf10dc2e660f152",
        "reportUrl" : "https://Brain-up.github.io/auto-tests-python/300//#testresult/7bf10dc2e660f152",
        "status" : "passed",
        "statusDetails" : "XPASS",
        "time" : {
          "start" : 1727596944451,
          "stop" : 1727596947348,
          "duration" : 2897
        }
      }, {
        "uid" : "16eaeaf6d65074dd",
        "reportUrl" : "https://Brain-up.github.io/auto-tests-python/137//#testresult/16eaeaf6d65074dd",
        "status" : "passed",
        "statusDetails" : "XPASS",
        "time" : {
          "start" : 1727572728315,
          "stop" : 1727572730699,
          "duration" : 2384
        }
      }, {
        "uid" : "9b6abb41fa722592",
        "reportUrl" : "https://Brain-up.github.io/auto-tests-python/299//#testresult/9b6abb41fa722592",
        "status" : "passed",
        "statusDetails" : "XPASS",
        "time" : {
          "start" : 1727515029930,
          "stop" : 1727515031779,
          "duration" : 1849
        }
      }, {
        "uid" : "1771362c03740941",
        "reportUrl" : "https://Brain-up.github.io/auto-tests-python/298//#testresult/1771362c03740941",
        "status" : "skipped",
        "statusDetails" : "XFAIL\n\nselenium.common.exceptions.TimeoutException: Message: Can't find element by locator https://brainup.site/groups",
        "time" : {
          "start" : 1727511450632,
          "stop" : 1727511450632,
          "duration" : 0
        }
      }, {
        "uid" : "60446b614c90cbf2",
        "reportUrl" : "https://Brain-up.github.io/auto-tests-python/136//#testresult/60446b614c90cbf2",
        "status" : "skipped",
        "statusDetails" : "XFAIL\n\nselenium.common.exceptions.TimeoutException: Message: Can't find element by locator https://brainup.site/groups",
        "time" : {
          "start" : 1727486019557,
          "stop" : 1727486019557,
          "duration" : 0
        }
      }, {
        "uid" : "41de3c40e0e0e4eb",
        "reportUrl" : "https://Brain-up.github.io/auto-tests-python/297//#testresult/41de3c40e0e0e4eb",
        "status" : "passed",
        "statusDetails" : "XPASS",
        "time" : {
          "start" : 1727428980513,
          "stop" : 1727428982414,
          "duration" : 1901
        }
      }, {
        "uid" : "d3a45d8bd0ceb4b5",
        "reportUrl" : "https://Brain-up.github.io/auto-tests-python/296//#testresult/d3a45d8bd0ceb4b5",
        "status" : "skipped",
        "statusDetails" : "XFAIL\n\nselenium.common.exceptions.TimeoutException: Message: Can't find element by locator https://brainup.site/groups",
        "time" : {
          "start" : 1727426089181,
          "stop" : 1727426089181,
          "duration" : 0
        }
      }, {
        "uid" : "f6e765f64507e3f6",
        "reportUrl" : "https://Brain-up.github.io/auto-tests-python/135//#testresult/f6e765f64507e3f6",
        "status" : "passed",
        "statusDetails" : "XPASS",
        "time" : {
          "start" : 1727400142257,
          "stop" : 1727400150190,
          "duration" : 7933
        }
      }, {
        "uid" : "4713506a71e024c5",
        "reportUrl" : "https://Brain-up.github.io/auto-tests-python/295//#testresult/4713506a71e024c5",
        "status" : "skipped",
        "statusDetails" : "XFAIL\n\nselenium.common.exceptions.TimeoutException: Message: Can't find element by locator https://brainup.site/groups",
        "time" : {
          "start" : 1727347784322,
          "stop" : 1727347784322,
          "duration" : 0
        }
      }, {
        "uid" : "8dcd3cb5fb3d171",
        "reportUrl" : "https://Brain-up.github.io/auto-tests-python/294//#testresult/8dcd3cb5fb3d171",
        "status" : "skipped",
        "statusDetails" : "XFAIL\n\nselenium.common.exceptions.TimeoutException: Message: Can't find element by locator https://brainup.site/groups",
        "time" : {
          "start" : 1727346154286,
          "stop" : 1727346154286,
          "duration" : 0
        }
      }, {
        "uid" : "e4c081763a4499c9",
        "reportUrl" : "https://Brain-up.github.io/auto-tests-python/293//#testresult/e4c081763a4499c9",
        "status" : "passed",
        "statusDetails" : "XPASS",
        "time" : {
          "start" : 1727342451532,
          "stop" : 1727342454468,
          "duration" : 2936
        }
      }, {
        "uid" : "2aaaef7c982a783a",
        "reportUrl" : "https://Brain-up.github.io/auto-tests-python/293//#testresult/2aaaef7c982a783a",
        "status" : "skipped",
        "statusDetails" : "XFAIL\n\nselenium.common.exceptions.TimeoutException: Message: Can't find element by locator https://brainup.site/groups",
        "time" : {
          "start" : 1727340677908,
          "stop" : 1727340677908,
          "duration" : 0
        }
      }, {
        "uid" : "aedee37a1c1a7753",
        "reportUrl" : "https://Brain-up.github.io/auto-tests-python/292//#testresult/aedee37a1c1a7753",
        "status" : "passed",
        "statusDetails" : "XPASS",
        "time" : {
          "start" : 1727340187302,
          "stop" : 1727340202399,
          "duration" : 15097
        }
      } ]
    },
    "tags" : [ "@pytest.mark.xfail" ]
  },
  "source" : "2f65cefec45808fa.json",
  "parameterValues" : [ ]
}