{
  "uid" : "9951c1d63f74946d",
  "name" : "Check statistic table.",
  "fullName" : "tests.test_speech_exercises_ru.TestCardsRU#test_get_statistic_data",
  "historyId" : "15df626f86a935fbcd917f7ea4002a26",
  "time" : {
    "start" : 1741553516509,
    "stop" : 1741553518333,
    "duration" : 1824
  },
  "status" : "skipped",
  "statusMessage" : "XFAIL\n\nselenium.common.exceptions.StaleElementReferenceException: Message: stale element reference: stale element not found in the current frame\n  (Session info: chrome=133.0.6943.141); For documentation on this error, please visit: https://www.selenium.dev/documentation/webdriver/troubleshooting/errors#stale-element-reference-exception\nStacktrace:\n#0 0x556e9c42314a <unknown>\n#1 0x556e9bec0b80 <unknown>\n#2 0x556e9bec7913 <unknown>\n#3 0x556e9bec9ea8 <unknown>\n#4 0x556e9bec9f33 <unknown>\n#5 0x556e9bf0c57d <unknown>\n#6 0x556e9bf37ed2 <unknown>\n#7 0x556e9bf05a2a <unknown>\n#8 0x556e9bf3809e <unknown>\n#9 0x556e9bf5e14a <unknown>\n#10 0x556e9bf37ca3 <unknown>\n#11 0x556e9bf03f08 <unknown>\n#12 0x556e9bf05071 <unknown>\n#13 0x556e9c3ecb5b <unknown>\n#14 0x556e9c3f0ae2 <unknown>\n#15 0x556e9c3d8967 <unknown>\n#16 0x556e9c3f16d4 <unknown>\n#17 0x556e9c3bcc7f <unknown>\n#18 0x556e9c411cd8 <unknown>\n#19 0x556e9c411ea9 <unknown>\n#20 0x556e9c421fc6 <unknown>\n#21 0x7f72f809caa4 <unknown>\n#22 0x7f72f8129c3c <unknown>",
  "statusTrace" : "self = <tests.test_speech_exercises_ru.TestCardsRU object at 0x7fc8c1338a40>\ndriver = <selenium.webdriver.chrome.webdriver.WebDriver (session=\"1451f96783d32cdb485cba74b4e98699\")>\ndefault_user_authorized = None\n\n    @pytest.mark.xfail\n    @allure.suite('Statistic.')\n    @allure.title('Check statistic table.')\n    def test_get_statistic_data(self, driver, default_user_authorized):\n        page = SpeechExercisesPageRU(driver)\n>       table = page.get_statistic_data()\n\ntests/test_speech_exercises_ru.py:192: \n_ _ _ _ _ _ _ _ _ _ _ _ _ _ _ _ _ _ _ _ _ _ _ _ _ _ _ _ _ _ _ _ _ _ _ _ _ _ _ _ \npages/speech_exercises_page_ru.py:179: in get_statistic_data\n    title = [i.text for i in titles]\n/opt/hostedtoolcache/Python/3.12.9/x64/lib/python3.12/site-packages/selenium/webdriver/remote/webelement.py:89: in text\n    return self._execute(Command.GET_ELEMENT_TEXT)[\"value\"]\n/opt/hostedtoolcache/Python/3.12.9/x64/lib/python3.12/site-packages/selenium/webdriver/remote/webelement.py:394: in _execute\n    return self._parent.execute(command, params)\n/opt/hostedtoolcache/Python/3.12.9/x64/lib/python3.12/site-packages/selenium/webdriver/remote/webdriver.py:344: in execute\n    self.error_handler.check_response(response)\n_ _ _ _ _ _ _ _ _ _ _ _ _ _ _ _ _ _ _ _ _ _ _ _ _ _ _ _ _ _ _ _ _ _ _ _ _ _ _ _ \n\nself = <selenium.webdriver.remote.errorhandler.ErrorHandler object at 0x7fc8c14faab0>\nresponse = {'status': 404, 'value': '{\"value\":{\"error\":\"stale element reference\",\"message\":\"stale element reference: stale elemen...\\\\n#20 0x556e9c421fc6 \\\\u003Cunknown>\\\\n#21 0x7f72f809caa4 \\\\u003Cunknown>\\\\n#22 0x7f72f8129c3c \\\\u003Cunknown>\\\\n\"}}'}\n\n    def check_response(self, response: Dict[str, Any]) -> None:\n        \"\"\"Checks that a JSON response from the WebDriver does not have an\n        error.\n    \n        :Args:\n         - response - The JSON response from the WebDriver server as a dictionary\n           object.\n    \n        :Raises: If the response contains an error message.\n        \"\"\"\n        status = response.get(\"status\", None)\n        if not status or status == ErrorCode.SUCCESS:\n            return\n        value = None\n        message = response.get(\"message\", \"\")\n        screen: str = response.get(\"screen\", \"\")\n        stacktrace = None\n        if isinstance(status, int):\n            value_json = response.get(\"value\", None)\n            if value_json and isinstance(value_json, str):\n                import json\n    \n                try:\n                    value = json.loads(value_json)\n                    if len(value) == 1:\n                        value = value[\"value\"]\n                    status = value.get(\"error\", None)\n                    if not status:\n                        status = value.get(\"status\", ErrorCode.UNKNOWN_ERROR)\n                        message = value.get(\"value\") or value.get(\"message\")\n                        if not isinstance(message, str):\n                            value = message\n                            message = message.get(\"message\")\n                    else:\n                        message = value.get(\"message\", None)\n                except ValueError:\n                    pass\n    \n        exception_class: Type[WebDriverException]\n        e = ErrorCode()\n        error_codes = [item for item in dir(e) if not item.startswith(\"__\")]\n        for error_code in error_codes:\n            error_info = getattr(ErrorCode, error_code)\n            if isinstance(error_info, list) and status in error_info:\n                exception_class = getattr(ExceptionMapping, error_code, WebDriverException)\n                break\n        else:\n            exception_class = WebDriverException\n    \n        if not value:\n            value = response[\"value\"]\n        if isinstance(value, str):\n            raise exception_class(value)\n        if message == \"\" and \"message\" in value:\n            message = value[\"message\"]\n    \n        screen = None  # type: ignore[assignment]\n        if \"screen\" in value:\n            screen = value[\"screen\"]\n    \n        stacktrace = None\n        st_value = value.get(\"stackTrace\") or value.get(\"stacktrace\")\n        if st_value:\n            if isinstance(st_value, str):\n                stacktrace = st_value.split(\"\\n\")\n            else:\n                stacktrace = []\n                try:\n                    for frame in st_value:\n                        line = frame.get(\"lineNumber\", \"\")\n                        file = frame.get(\"fileName\", \"<anonymous>\")\n                        if line:\n                            file = f\"{file}:{line}\"\n                        meth = frame.get(\"methodName\", \"<anonymous>\")\n                        if \"className\" in frame:\n                            meth = f\"{frame['className']}.{meth}\"\n                        msg = \"    at %s (%s)\"\n                        msg = msg % (meth, file)\n                        stacktrace.append(msg)\n                except TypeError:\n                    pass\n        if exception_class == UnexpectedAlertPresentException:\n            alert_text = None\n            if \"data\" in value:\n                alert_text = value[\"data\"].get(\"text\")\n            elif \"alert\" in value:\n                alert_text = value[\"alert\"].get(\"text\")\n            raise exception_class(message, screen, stacktrace, alert_text)  # type: ignore[call-arg]  # mypy is not smart enough here\n>       raise exception_class(message, screen, stacktrace)\nE       selenium.common.exceptions.StaleElementReferenceException: Message: stale element reference: stale element not found in the current frame\nE         (Session info: chrome=133.0.6943.141); For documentation on this error, please visit: https://www.selenium.dev/documentation/webdriver/troubleshooting/errors#stale-element-reference-exception\nE       Stacktrace:\nE       #0 0x556e9c42314a <unknown>\nE       #1 0x556e9bec0b80 <unknown>\nE       #2 0x556e9bec7913 <unknown>\nE       #3 0x556e9bec9ea8 <unknown>\nE       #4 0x556e9bec9f33 <unknown>\nE       #5 0x556e9bf0c57d <unknown>\nE       #6 0x556e9bf37ed2 <unknown>\nE       #7 0x556e9bf05a2a <unknown>\nE       #8 0x556e9bf3809e <unknown>\nE       #9 0x556e9bf5e14a <unknown>\nE       #10 0x556e9bf37ca3 <unknown>\nE       #11 0x556e9bf03f08 <unknown>\nE       #12 0x556e9bf05071 <unknown>\nE       #13 0x556e9c3ecb5b <unknown>\nE       #14 0x556e9c3f0ae2 <unknown>\nE       #15 0x556e9c3d8967 <unknown>\nE       #16 0x556e9c3f16d4 <unknown>\nE       #17 0x556e9c3bcc7f <unknown>\nE       #18 0x556e9c411cd8 <unknown>\nE       #19 0x556e9c411ea9 <unknown>\nE       #20 0x556e9c421fc6 <unknown>\nE       #21 0x7f72f809caa4 <unknown>\nE       #22 0x7f72f8129c3c <unknown>\n\n/opt/hostedtoolcache/Python/3.12.9/x64/lib/python3.12/site-packages/selenium/webdriver/remote/errorhandler.py:229: StaleElementReferenceException",
  "flaky" : false,
  "newFailed" : false,
  "beforeStages" : [ {
    "name" : "driver",
    "time" : {
      "start" : 1741553509764,
      "stop" : 1741553510584,
      "duration" : 820
    },
    "status" : "passed",
    "steps" : [ ],
    "attachments" : [ ],
    "parameters" : [ ],
    "stepsCount" : 0,
    "attachmentsCount" : 0,
    "shouldDisplayMessage" : false,
    "hasContent" : false
  }, {
    "name" : "default_user_authorized",
    "time" : {
      "start" : 1741553513592,
      "stop" : 1741553516509,
      "duration" : 2917
    },
    "status" : "passed",
    "steps" : [ {
      "name" : "DEFAULT user authorized",
      "time" : {
        "start" : 1741553513592,
        "stop" : 1741553516509,
        "duration" : 2917
      },
      "status" : "passed",
      "steps" : [ {
        "name" : "Check url is present: https://www.brainup.site/groups",
        "time" : {
          "start" : 1741553513967,
          "stop" : 1741553516487,
          "duration" : 2520
        },
        "status" : "passed",
        "steps" : [ ],
        "attachments" : [ ],
        "parameters" : [ ],
        "stepsCount" : 0,
        "attachmentsCount" : 0,
        "shouldDisplayMessage" : false,
        "hasContent" : false
      }, {
        "name" : "Loader checking",
        "time" : {
          "start" : 1741553516487,
          "stop" : 1741553516509,
          "duration" : 22
        },
        "status" : "passed",
        "steps" : [ ],
        "attachments" : [ ],
        "parameters" : [ ],
        "stepsCount" : 0,
        "attachmentsCount" : 0,
        "shouldDisplayMessage" : false,
        "hasContent" : false
      } ],
      "attachments" : [ ],
      "parameters" : [ {
        "name" : "driver",
        "value" : "<selenium.webdriver.chrome.webdriver.WebDriver (session=\"1451f96783d32cdb485cba74b4e98699\")>"
      }, {
        "name" : "main_page_open",
        "value" : "None"
      } ],
      "stepsCount" : 2,
      "attachmentsCount" : 0,
      "shouldDisplayMessage" : false,
      "hasContent" : true
    } ],
    "attachments" : [ ],
    "parameters" : [ ],
    "stepsCount" : 3,
    "attachmentsCount" : 0,
    "shouldDisplayMessage" : false,
    "hasContent" : true
  }, {
    "name" : "clear_allure_results_folder",
    "time" : {
      "start" : 1741551998519,
      "stop" : 1741551998519,
      "duration" : 0
    },
    "status" : "passed",
    "steps" : [ ],
    "attachments" : [ ],
    "parameters" : [ ],
    "stepsCount" : 0,
    "attachmentsCount" : 0,
    "shouldDisplayMessage" : false,
    "hasContent" : false
  }, {
    "name" : "main_page_open",
    "time" : {
      "start" : 1741553510584,
      "stop" : 1741553513592,
      "duration" : 3008
    },
    "status" : "passed",
    "steps" : [ {
      "name" : "Open page: https://www.brainup.site/",
      "time" : {
        "start" : 1741553510584,
        "stop" : 1741553513592,
        "duration" : 3008
      },
      "status" : "passed",
      "steps" : [ ],
      "attachments" : [ ],
      "parameters" : [ {
        "name" : "driver",
        "value" : "<selenium.webdriver.chrome.webdriver.WebDriver (session=\"1451f96783d32cdb485cba74b4e98699\")>"
      } ],
      "stepsCount" : 0,
      "attachmentsCount" : 0,
      "shouldDisplayMessage" : false,
      "hasContent" : true
    } ],
    "attachments" : [ ],
    "parameters" : [ ],
    "stepsCount" : 1,
    "attachmentsCount" : 0,
    "shouldDisplayMessage" : false,
    "hasContent" : true
  } ],
  "testStage" : {
    "status" : "skipped",
    "statusMessage" : "XFAIL\n\nselenium.common.exceptions.StaleElementReferenceException: Message: stale element reference: stale element not found in the current frame\n  (Session info: chrome=133.0.6943.141); For documentation on this error, please visit: https://www.selenium.dev/documentation/webdriver/troubleshooting/errors#stale-element-reference-exception\nStacktrace:\n#0 0x556e9c42314a <unknown>\n#1 0x556e9bec0b80 <unknown>\n#2 0x556e9bec7913 <unknown>\n#3 0x556e9bec9ea8 <unknown>\n#4 0x556e9bec9f33 <unknown>\n#5 0x556e9bf0c57d <unknown>\n#6 0x556e9bf37ed2 <unknown>\n#7 0x556e9bf05a2a <unknown>\n#8 0x556e9bf3809e <unknown>\n#9 0x556e9bf5e14a <unknown>\n#10 0x556e9bf37ca3 <unknown>\n#11 0x556e9bf03f08 <unknown>\n#12 0x556e9bf05071 <unknown>\n#13 0x556e9c3ecb5b <unknown>\n#14 0x556e9c3f0ae2 <unknown>\n#15 0x556e9c3d8967 <unknown>\n#16 0x556e9c3f16d4 <unknown>\n#17 0x556e9c3bcc7f <unknown>\n#18 0x556e9c411cd8 <unknown>\n#19 0x556e9c411ea9 <unknown>\n#20 0x556e9c421fc6 <unknown>\n#21 0x7f72f809caa4 <unknown>\n#22 0x7f72f8129c3c <unknown>",
    "statusTrace" : "self = <tests.test_speech_exercises_ru.TestCardsRU object at 0x7fc8c1338a40>\ndriver = <selenium.webdriver.chrome.webdriver.WebDriver (session=\"1451f96783d32cdb485cba74b4e98699\")>\ndefault_user_authorized = None\n\n    @pytest.mark.xfail\n    @allure.suite('Statistic.')\n    @allure.title('Check statistic table.')\n    def test_get_statistic_data(self, driver, default_user_authorized):\n        page = SpeechExercisesPageRU(driver)\n>       table = page.get_statistic_data()\n\ntests/test_speech_exercises_ru.py:192: \n_ _ _ _ _ _ _ _ _ _ _ _ _ _ _ _ _ _ _ _ _ _ _ _ _ _ _ _ _ _ _ _ _ _ _ _ _ _ _ _ \npages/speech_exercises_page_ru.py:179: in get_statistic_data\n    title = [i.text for i in titles]\n/opt/hostedtoolcache/Python/3.12.9/x64/lib/python3.12/site-packages/selenium/webdriver/remote/webelement.py:89: in text\n    return self._execute(Command.GET_ELEMENT_TEXT)[\"value\"]\n/opt/hostedtoolcache/Python/3.12.9/x64/lib/python3.12/site-packages/selenium/webdriver/remote/webelement.py:394: in _execute\n    return self._parent.execute(command, params)\n/opt/hostedtoolcache/Python/3.12.9/x64/lib/python3.12/site-packages/selenium/webdriver/remote/webdriver.py:344: in execute\n    self.error_handler.check_response(response)\n_ _ _ _ _ _ _ _ _ _ _ _ _ _ _ _ _ _ _ _ _ _ _ _ _ _ _ _ _ _ _ _ _ _ _ _ _ _ _ _ \n\nself = <selenium.webdriver.remote.errorhandler.ErrorHandler object at 0x7fc8c14faab0>\nresponse = {'status': 404, 'value': '{\"value\":{\"error\":\"stale element reference\",\"message\":\"stale element reference: stale elemen...\\\\n#20 0x556e9c421fc6 \\\\u003Cunknown>\\\\n#21 0x7f72f809caa4 \\\\u003Cunknown>\\\\n#22 0x7f72f8129c3c \\\\u003Cunknown>\\\\n\"}}'}\n\n    def check_response(self, response: Dict[str, Any]) -> None:\n        \"\"\"Checks that a JSON response from the WebDriver does not have an\n        error.\n    \n        :Args:\n         - response - The JSON response from the WebDriver server as a dictionary\n           object.\n    \n        :Raises: If the response contains an error message.\n        \"\"\"\n        status = response.get(\"status\", None)\n        if not status or status == ErrorCode.SUCCESS:\n            return\n        value = None\n        message = response.get(\"message\", \"\")\n        screen: str = response.get(\"screen\", \"\")\n        stacktrace = None\n        if isinstance(status, int):\n            value_json = response.get(\"value\", None)\n            if value_json and isinstance(value_json, str):\n                import json\n    \n                try:\n                    value = json.loads(value_json)\n                    if len(value) == 1:\n                        value = value[\"value\"]\n                    status = value.get(\"error\", None)\n                    if not status:\n                        status = value.get(\"status\", ErrorCode.UNKNOWN_ERROR)\n                        message = value.get(\"value\") or value.get(\"message\")\n                        if not isinstance(message, str):\n                            value = message\n                            message = message.get(\"message\")\n                    else:\n                        message = value.get(\"message\", None)\n                except ValueError:\n                    pass\n    \n        exception_class: Type[WebDriverException]\n        e = ErrorCode()\n        error_codes = [item for item in dir(e) if not item.startswith(\"__\")]\n        for error_code in error_codes:\n            error_info = getattr(ErrorCode, error_code)\n            if isinstance(error_info, list) and status in error_info:\n                exception_class = getattr(ExceptionMapping, error_code, WebDriverException)\n                break\n        else:\n            exception_class = WebDriverException\n    \n        if not value:\n            value = response[\"value\"]\n        if isinstance(value, str):\n            raise exception_class(value)\n        if message == \"\" and \"message\" in value:\n            message = value[\"message\"]\n    \n        screen = None  # type: ignore[assignment]\n        if \"screen\" in value:\n            screen = value[\"screen\"]\n    \n        stacktrace = None\n        st_value = value.get(\"stackTrace\") or value.get(\"stacktrace\")\n        if st_value:\n            if isinstance(st_value, str):\n                stacktrace = st_value.split(\"\\n\")\n            else:\n                stacktrace = []\n                try:\n                    for frame in st_value:\n                        line = frame.get(\"lineNumber\", \"\")\n                        file = frame.get(\"fileName\", \"<anonymous>\")\n                        if line:\n                            file = f\"{file}:{line}\"\n                        meth = frame.get(\"methodName\", \"<anonymous>\")\n                        if \"className\" in frame:\n                            meth = f\"{frame['className']}.{meth}\"\n                        msg = \"    at %s (%s)\"\n                        msg = msg % (meth, file)\n                        stacktrace.append(msg)\n                except TypeError:\n                    pass\n        if exception_class == UnexpectedAlertPresentException:\n            alert_text = None\n            if \"data\" in value:\n                alert_text = value[\"data\"].get(\"text\")\n            elif \"alert\" in value:\n                alert_text = value[\"alert\"].get(\"text\")\n            raise exception_class(message, screen, stacktrace, alert_text)  # type: ignore[call-arg]  # mypy is not smart enough here\n>       raise exception_class(message, screen, stacktrace)\nE       selenium.common.exceptions.StaleElementReferenceException: Message: stale element reference: stale element not found in the current frame\nE         (Session info: chrome=133.0.6943.141); For documentation on this error, please visit: https://www.selenium.dev/documentation/webdriver/troubleshooting/errors#stale-element-reference-exception\nE       Stacktrace:\nE       #0 0x556e9c42314a <unknown>\nE       #1 0x556e9bec0b80 <unknown>\nE       #2 0x556e9bec7913 <unknown>\nE       #3 0x556e9bec9ea8 <unknown>\nE       #4 0x556e9bec9f33 <unknown>\nE       #5 0x556e9bf0c57d <unknown>\nE       #6 0x556e9bf37ed2 <unknown>\nE       #7 0x556e9bf05a2a <unknown>\nE       #8 0x556e9bf3809e <unknown>\nE       #9 0x556e9bf5e14a <unknown>\nE       #10 0x556e9bf37ca3 <unknown>\nE       #11 0x556e9bf03f08 <unknown>\nE       #12 0x556e9bf05071 <unknown>\nE       #13 0x556e9c3ecb5b <unknown>\nE       #14 0x556e9c3f0ae2 <unknown>\nE       #15 0x556e9c3d8967 <unknown>\nE       #16 0x556e9c3f16d4 <unknown>\nE       #17 0x556e9c3bcc7f <unknown>\nE       #18 0x556e9c411cd8 <unknown>\nE       #19 0x556e9c411ea9 <unknown>\nE       #20 0x556e9c421fc6 <unknown>\nE       #21 0x7f72f809caa4 <unknown>\nE       #22 0x7f72f8129c3c <unknown>\n\n/opt/hostedtoolcache/Python/3.12.9/x64/lib/python3.12/site-packages/selenium/webdriver/remote/errorhandler.py:229: StaleElementReferenceException",
    "steps" : [ {
      "name" : "get_statistic_data",
      "time" : {
        "start" : 1741553516509,
        "stop" : 1741553518333,
        "duration" : 1824
      },
      "status" : "broken",
      "statusMessage" : "selenium.common.exceptions.StaleElementReferenceException: Message: stale element reference: stale element not found in the current frame\n  (Session info: chrome=133.0.6943.141); For documentation on this error, please visit: https://www.selenium.dev/documentation/webdriver/troubleshooting/errors#stale-element-reference-exception\nStacktrace:\n#0 0x556e9c42314a <unknown>\n#1 0x556e9bec0b80 <unknown>\n#2 0x556e9bec7913 <unknown>\n#3 0x556e9bec9ea8 <unknown>\n#4 0x556e9bec9f33 <unknown>\n#5 0x556e9bf0c57d <unknown>\n#6 0x556e9bf37ed2 <unknown>\n#7 0x556e9bf05a2a <unknown>\n#8 0x556e9bf3809e <unknown>\n#9 0x556e9bf5e14a <unknown>\n#10 0x556e9bf37ca3 <unknown>\n#11 0x556e9bf03f08 <unknown>\n#12 0x556e9bf05071 <unknown>\n#13 0x556e9c3ecb5b <unknown>\n#14 0x556e9c3f0ae2 <unknown>\n#15 0x556e9c3d8967 <unknown>\n#16 0x556e9c3f16d4 <unknown>\n#17 0x556e9c3bcc7f <unknown>\n#18 0x556e9c411cd8 <unknown>\n#19 0x556e9c411ea9 <unknown>\n#20 0x556e9c421fc6 <unknown>\n#21 0x7f72f809caa4 <unknown>\n#22 0x7f72f8129c3c <unknown>\n\n",
      "statusTrace" : "  File \"/opt/hostedtoolcache/Python/3.12.9/x64/lib/python3.12/site-packages/allure_commons/_allure.py\", line 192, in impl\n    return func(*a, **kw)\n           ^^^^^^^^^^^^^^\n  File \"/home/runner/work/auto-tests-python/auto-tests-python/pages/speech_exercises_page_ru.py\", line 179, in get_statistic_data\n    title = [i.text for i in titles]\n             ^^^^^^\n  File \"/opt/hostedtoolcache/Python/3.12.9/x64/lib/python3.12/site-packages/selenium/webdriver/remote/webelement.py\", line 89, in text\n    return self._execute(Command.GET_ELEMENT_TEXT)[\"value\"]\n           ^^^^^^^^^^^^^^^^^^^^^^^^^^^^^^^^^^^^^^^\n  File \"/opt/hostedtoolcache/Python/3.12.9/x64/lib/python3.12/site-packages/selenium/webdriver/remote/webelement.py\", line 394, in _execute\n    return self._parent.execute(command, params)\n           ^^^^^^^^^^^^^^^^^^^^^^^^^^^^^^^^^^^^^\n  File \"/opt/hostedtoolcache/Python/3.12.9/x64/lib/python3.12/site-packages/selenium/webdriver/remote/webdriver.py\", line 344, in execute\n    self.error_handler.check_response(response)\n  File \"/opt/hostedtoolcache/Python/3.12.9/x64/lib/python3.12/site-packages/selenium/webdriver/remote/errorhandler.py\", line 229, in check_response\n    raise exception_class(message, screen, stacktrace)\n",
      "steps" : [ {
        "name" : "Click button \"Статистика\"\".",
        "time" : {
          "start" : 1741553516509,
          "stop" : 1741553516613,
          "duration" : 104
        },
        "status" : "passed",
        "steps" : [ ],
        "attachments" : [ ],
        "parameters" : [ ],
        "stepsCount" : 0,
        "attachmentsCount" : 0,
        "shouldDisplayMessage" : false,
        "hasContent" : false
      }, {
        "name" : "Check statistic table is present and scroll to table",
        "time" : {
          "start" : 1741553516613,
          "stop" : 1741553517651,
          "duration" : 1038
        },
        "status" : "passed",
        "steps" : [ ],
        "attachments" : [ ],
        "parameters" : [ ],
        "stepsCount" : 0,
        "attachmentsCount" : 0,
        "shouldDisplayMessage" : false,
        "hasContent" : false
      }, {
        "name" : "Get data from the table.",
        "time" : {
          "start" : 1741553517651,
          "stop" : 1741553518332,
          "duration" : 681
        },
        "status" : "broken",
        "statusMessage" : "selenium.common.exceptions.StaleElementReferenceException: Message: stale element reference: stale element not found in the current frame\n  (Session info: chrome=133.0.6943.141); For documentation on this error, please visit: https://www.selenium.dev/documentation/webdriver/troubleshooting/errors#stale-element-reference-exception\nStacktrace:\n#0 0x556e9c42314a <unknown>\n#1 0x556e9bec0b80 <unknown>\n#2 0x556e9bec7913 <unknown>\n#3 0x556e9bec9ea8 <unknown>\n#4 0x556e9bec9f33 <unknown>\n#5 0x556e9bf0c57d <unknown>\n#6 0x556e9bf37ed2 <unknown>\n#7 0x556e9bf05a2a <unknown>\n#8 0x556e9bf3809e <unknown>\n#9 0x556e9bf5e14a <unknown>\n#10 0x556e9bf37ca3 <unknown>\n#11 0x556e9bf03f08 <unknown>\n#12 0x556e9bf05071 <unknown>\n#13 0x556e9c3ecb5b <unknown>\n#14 0x556e9c3f0ae2 <unknown>\n#15 0x556e9c3d8967 <unknown>\n#16 0x556e9c3f16d4 <unknown>\n#17 0x556e9c3bcc7f <unknown>\n#18 0x556e9c411cd8 <unknown>\n#19 0x556e9c411ea9 <unknown>\n#20 0x556e9c421fc6 <unknown>\n#21 0x7f72f809caa4 <unknown>\n#22 0x7f72f8129c3c <unknown>\n\n",
        "statusTrace" : "  File \"/home/runner/work/auto-tests-python/auto-tests-python/pages/speech_exercises_page_ru.py\", line 179, in get_statistic_data\n    title = [i.text for i in titles]\n             ^^^^^^\n  File \"/opt/hostedtoolcache/Python/3.12.9/x64/lib/python3.12/site-packages/selenium/webdriver/remote/webelement.py\", line 89, in text\n    return self._execute(Command.GET_ELEMENT_TEXT)[\"value\"]\n           ^^^^^^^^^^^^^^^^^^^^^^^^^^^^^^^^^^^^^^^\n  File \"/opt/hostedtoolcache/Python/3.12.9/x64/lib/python3.12/site-packages/selenium/webdriver/remote/webelement.py\", line 394, in _execute\n    return self._parent.execute(command, params)\n           ^^^^^^^^^^^^^^^^^^^^^^^^^^^^^^^^^^^^^\n  File \"/opt/hostedtoolcache/Python/3.12.9/x64/lib/python3.12/site-packages/selenium/webdriver/remote/webdriver.py\", line 344, in execute\n    self.error_handler.check_response(response)\n  File \"/opt/hostedtoolcache/Python/3.12.9/x64/lib/python3.12/site-packages/selenium/webdriver/remote/errorhandler.py\", line 229, in check_response\n    raise exception_class(message, screen, stacktrace)\n",
        "steps" : [ ],
        "attachments" : [ ],
        "parameters" : [ ],
        "stepsCount" : 0,
        "attachmentsCount" : 0,
        "shouldDisplayMessage" : true,
        "hasContent" : true
      } ],
      "attachments" : [ ],
      "parameters" : [ ],
      "stepsCount" : 3,
      "attachmentsCount" : 0,
      "shouldDisplayMessage" : false,
      "hasContent" : true
    } ],
    "attachments" : [ ],
    "parameters" : [ ],
    "stepsCount" : 4,
    "attachmentsCount" : 0,
    "shouldDisplayMessage" : true,
    "hasContent" : true
  },
  "afterStages" : [ {
    "name" : "driver::0",
    "time" : {
      "start" : 1741553518364,
      "stop" : 1741553518426,
      "duration" : 62
    },
    "status" : "passed",
    "steps" : [ ],
    "attachments" : [ ],
    "parameters" : [ ],
    "stepsCount" : 0,
    "attachmentsCount" : 0,
    "shouldDisplayMessage" : false,
    "hasContent" : false
  } ],
  "labels" : [ {
    "name" : "epic",
    "value" : "Speech exercises."
  }, {
    "name" : "suite",
    "value" : "Statistic."
  }, {
    "name" : "tag",
    "value" : "@pytest.mark.xfail"
  }, {
    "name" : "parentSuite",
    "value" : "tests"
  }, {
    "name" : "subSuite",
    "value" : "TestCardsRU"
  }, {
    "name" : "host",
    "value" : "fv-az1277-112"
  }, {
    "name" : "thread",
    "value" : "2436-MainThread"
  }, {
    "name" : "framework",
    "value" : "pytest"
  }, {
    "name" : "language",
    "value" : "cpython3"
  }, {
    "name" : "package",
    "value" : "tests.test_speech_exercises_ru"
  }, {
    "name" : "resultFormat",
    "value" : "allure2"
  } ],
  "parameters" : [ ],
  "links" : [ ],
  "hidden" : false,
  "retry" : false,
  "extra" : {
    "severity" : "normal",
    "retries" : [ ],
    "categories" : [ ],
    "history" : {
      "statistic" : {
        "failed" : 0,
        "broken" : 0,
        "skipped" : 2,
        "passed" : 23,
        "unknown" : 0,
        "total" : 25
      },
      "items" : [ {
        "uid" : "5770141cfb8e49fe",
        "reportUrl" : "https://Brain-up.github.io/auto-tests-python/298//#testresult/5770141cfb8e49fe",
        "status" : "passed",
        "statusDetails" : "XPASS",
        "time" : {
          "start" : 1741483206312,
          "stop" : 1741483209242,
          "duration" : 2930
        }
      }, {
        "uid" : "849919ac8a2f311b",
        "reportUrl" : "https://Brain-up.github.io/auto-tests-python/502//#testresult/849919ac8a2f311b",
        "status" : "skipped",
        "statusDetails" : "XFAIL\n\nselenium.common.exceptions.StaleElementReferenceException: Message: stale element reference: stale element not found in the current frame\n  (Session info: chrome=133.0.6943.141); For documentation on this error, please visit: https://www.selenium.dev/documentation/webdriver/troubleshooting/errors#stale-element-reference-exception\nStacktrace:\n#0 0x558a0886014a <unknown>\n#1 0x558a082fdb80 <unknown>\n#2 0x558a08304913 <unknown>\n#3 0x558a08306ea8 <unknown>\n#4 0x558a08306f33 <unknown>\n#5 0x558a0834957d <unknown>\n#6 0x558a08374ed2 <unknown>\n#7 0x558a08342a2a <unknown>\n#8 0x558a0837509e <unknown>\n#9 0x558a0839b14a <unknown>\n#10 0x558a08374ca3 <unknown>\n#11 0x558a08340f08 <unknown>\n#12 0x558a08342071 <unknown>\n#13 0x558a08829b5b <unknown>\n#14 0x558a0882dae2 <unknown>\n#15 0x558a08815967 <unknown>\n#16 0x558a0882e6d4 <unknown>\n#17 0x558a087f9c7f <unknown>\n#18 0x558a0884ecd8 <unknown>\n#19 0x558a0884eea9 <unknown>\n#20 0x558a0885efc6 <unknown>\n#21 0x7ff50d49caa4 <unknown>\n#22 0x7ff50d529c3c <unknown>",
        "time" : {
          "start" : 1741434333373,
          "stop" : 1741434335246,
          "duration" : 1873
        }
      }, {
        "uid" : "ebb579723c5aaf2a",
        "reportUrl" : "https://Brain-up.github.io/auto-tests-python/297//#testresult/ebb579723c5aaf2a",
        "status" : "passed",
        "statusDetails" : "XPASS",
        "time" : {
          "start" : 1741396306781,
          "stop" : 1741396309727,
          "duration" : 2946
        }
      }, {
        "uid" : "77687dc9f3689976",
        "reportUrl" : "https://Brain-up.github.io/auto-tests-python/501//#testresult/77687dc9f3689976",
        "status" : "passed",
        "statusDetails" : "XPASS",
        "time" : {
          "start" : 1741381495782,
          "stop" : 1741381498811,
          "duration" : 3029
        }
      }, {
        "uid" : "e9167e9aa84afab6",
        "reportUrl" : "https://Brain-up.github.io/auto-tests-python/296//#testresult/e9167e9aa84afab6",
        "status" : "passed",
        "statusDetails" : "XPASS",
        "time" : {
          "start" : 1741310866985,
          "stop" : 1741310868831,
          "duration" : 1846
        }
      }, {
        "uid" : "3ad66402dc8b63d9",
        "reportUrl" : "https://Brain-up.github.io/auto-tests-python/500//#testresult/3ad66402dc8b63d9",
        "status" : "passed",
        "statusDetails" : "XPASS",
        "time" : {
          "start" : 1741259702795,
          "stop" : 1741259704646,
          "duration" : 1851
        }
      }, {
        "uid" : "3ce432cbc12f0ce2",
        "reportUrl" : "https://Brain-up.github.io/auto-tests-python/295//#testresult/3ce432cbc12f0ce2",
        "status" : "passed",
        "statusDetails" : "XPASS",
        "time" : {
          "start" : 1741224407839,
          "stop" : 1741224410836,
          "duration" : 2997
        }
      }, {
        "uid" : "9cba5d0cab97cb2f",
        "reportUrl" : "https://Brain-up.github.io/auto-tests-python/499//#testresult/9cba5d0cab97cb2f",
        "status" : "passed",
        "statusDetails" : "XPASS",
        "time" : {
          "start" : 1741208159691,
          "stop" : 1741208161550,
          "duration" : 1859
        }
      }, {
        "uid" : "3163063283cfd0d6",
        "reportUrl" : "https://Brain-up.github.io/auto-tests-python/294//#testresult/3163063283cfd0d6",
        "status" : "passed",
        "statusDetails" : "XPASS",
        "time" : {
          "start" : 1741138073915,
          "stop" : 1741138075797,
          "duration" : 1882
        }
      }, {
        "uid" : "ab0b557a92ae63a7",
        "reportUrl" : "https://Brain-up.github.io/auto-tests-python/498//#testresult/ab0b557a92ae63a7",
        "status" : "passed",
        "statusDetails" : "XPASS",
        "time" : {
          "start" : 1741089603252,
          "stop" : 1741089605639,
          "duration" : 2387
        }
      }, {
        "uid" : "5bfd5179768330b3",
        "reportUrl" : "https://Brain-up.github.io/auto-tests-python/293//#testresult/5bfd5179768330b3",
        "status" : "passed",
        "statusDetails" : "XPASS",
        "time" : {
          "start" : 1741051435125,
          "stop" : 1741051437513,
          "duration" : 2388
        }
      }, {
        "uid" : "5599e5c0bc4dbfee",
        "reportUrl" : "https://Brain-up.github.io/auto-tests-python/497//#testresult/5599e5c0bc4dbfee",
        "status" : "passed",
        "statusDetails" : "XPASS",
        "time" : {
          "start" : 1741037422238,
          "stop" : 1741037425160,
          "duration" : 2922
        }
      }, {
        "uid" : "10522ef628f01028",
        "reportUrl" : "https://Brain-up.github.io/auto-tests-python/497//#testresult/10522ef628f01028",
        "status" : "passed",
        "statusDetails" : "XPASS",
        "time" : {
          "start" : 1741033460605,
          "stop" : 1741033463702,
          "duration" : 3097
        }
      }, {
        "uid" : "91002777d0c3e4fd",
        "reportUrl" : "https://Brain-up.github.io/auto-tests-python/292//#testresult/91002777d0c3e4fd",
        "status" : "passed",
        "statusDetails" : "XPASS",
        "time" : {
          "start" : 1740965047566,
          "stop" : 1740965049932,
          "duration" : 2366
        }
      }, {
        "uid" : "5f96019d7ec2894c",
        "reportUrl" : "https://Brain-up.github.io/auto-tests-python/496//#testresult/5f96019d7ec2894c",
        "status" : "passed",
        "statusDetails" : "XPASS",
        "time" : {
          "start" : 1740911834843,
          "stop" : 1740911837820,
          "duration" : 2977
        }
      }, {
        "uid" : "ff291615c9820081",
        "reportUrl" : "https://Brain-up.github.io/auto-tests-python/291//#testresult/ff291615c9820081",
        "status" : "passed",
        "statusDetails" : "XPASS",
        "time" : {
          "start" : 1740878785881,
          "stop" : 1740878788273,
          "duration" : 2392
        }
      }, {
        "uid" : "eb48a233168258a9",
        "reportUrl" : "https://Brain-up.github.io/auto-tests-python/495//#testresult/eb48a233168258a9",
        "status" : "passed",
        "statusDetails" : "XPASS",
        "time" : {
          "start" : 1740862386036,
          "stop" : 1740862389136,
          "duration" : 3100
        }
      }, {
        "uid" : "4302d3f1df2ea6e9",
        "reportUrl" : "https://Brain-up.github.io/auto-tests-python/290//#testresult/4302d3f1df2ea6e9",
        "status" : "passed",
        "statusDetails" : "XPASS",
        "time" : {
          "start" : 1740792481560,
          "stop" : 1740792484458,
          "duration" : 2898
        }
      }, {
        "uid" : "534ccd6c87a86b68",
        "reportUrl" : "https://Brain-up.github.io/auto-tests-python/494//#testresult/534ccd6c87a86b68",
        "status" : "passed",
        "statusDetails" : "XPASS",
        "time" : {
          "start" : 1740736418376,
          "stop" : 1740736421251,
          "duration" : 2875
        }
      }, {
        "uid" : "43caff8c6c955741",
        "reportUrl" : "https://Brain-up.github.io/auto-tests-python/289//#testresult/43caff8c6c955741",
        "status" : "passed",
        "statusDetails" : "XPASS",
        "time" : {
          "start" : 1740706017978,
          "stop" : 1740706020944,
          "duration" : 2966
        }
      } ]
    },
    "tags" : [ "@pytest.mark.xfail" ]
  },
  "source" : "9951c1d63f74946d.json",
  "parameterValues" : [ ]
}