{
  "uid" : "4036d909361bf8f9",
  "name" : "Select random card from \"Word\" group and compare UI vs BACKEND data",
  "fullName" : "tests.test_speech_exercises_en.TestCardsEN#test_random_word_cards_en",
  "historyId" : "84999af5e98c6318908a9abbfe6fc3a3",
  "time" : {
    "start" : 1731978904606,
    "stop" : 1731978924798,
    "duration" : 20192
  },
  "status" : "skipped",
  "statusMessage" : "XFAIL\n\nselenium.common.exceptions.TimeoutException: Message: Can't find element by locator ('xpath', '//button[@data-test-active-link=\"Words\"]')\nStacktrace:\n#0 0x562e7b9204ca <unknown>\n#1 0x562e7b433620 <unknown>\n#2 0x562e7b482306 <unknown>\n#3 0x562e7b4825a1 <unknown>\n#4 0x562e7b4c7a04 <unknown>\n#5 0x562e7b4a639d <unknown>\n#6 0x562e7b4c4de0 <unknown>\n#7 0x562e7b4a6113 <unknown>\n#8 0x562e7b474be0 <unknown>\n#9 0x562e7b475bbe <unknown>\n#10 0x562e7b8ece4b <unknown>\n#11 0x562e7b8f0de2 <unknown>\n#12 0x562e7b8d9d2c <unknown>\n#13 0x562e7b8f1957 <unknown>\n#14 0x562e7b8bf4bf <unknown>\n#15 0x562e7b90f348 <unknown>\n#16 0x562e7b90f510 <unknown>\n#17 0x562e7b91f346 <unknown>\n#18 0x7f3dde494ac3 <unknown>",
  "statusTrace" : "self = <tests.test_speech_exercises_en.TestCardsEN object at 0x7fd9ac2bb4d0>\ndriver = <selenium.webdriver.chrome.webdriver.WebDriver (session=\"f728d7de13dc2b37a414dcd0bf55a09f\")>\nspecialist_user_authorized = None\n\n    @pytest.mark.xfail\n    @allure.suite(\"Speech exercises EN.\")\n    @allure.title('Select random card from \"Word\" group and compare UI vs BACKEND data')\n    def test_random_word_cards_en(self, driver, specialist_user_authorized):\n        page = SpeechExercisesPage(driver)\n>       page.select_group(SpeechExercisesPageLocators.WORDS_BUTTON_EN)\n\ntests/test_speech_exercises_en.py:16: \n_ _ _ _ _ _ _ _ _ _ _ _ _ _ _ _ _ _ _ _ _ _ _ _ _ _ _ _ _ _ _ _ _ _ _ _ _ _ _ _ \npages/speech_exercises_page_en.py:18: in select_group\n    text_of_the_button = self.element_is_present_and_clickable(selector_for_sub_group)\npages/base_page.py:32: in element_is_present_and_clickable\n    return (Wait(self.driver, self.timeout).until(\n_ _ _ _ _ _ _ _ _ _ _ _ _ _ _ _ _ _ _ _ _ _ _ _ _ _ _ _ _ _ _ _ _ _ _ _ _ _ _ _ \n\nself = <selenium.webdriver.support.wait.WebDriverWait (session=\"f728d7de13dc2b37a414dcd0bf55a09f\")>\nmethod = <function visibility_of_element_located.<locals>._predicate at 0x7fd9ac363740>\nmessage = 'Can\\'t find element by locator (\\'xpath\\', \\'//button[@data-test-active-link=\"Words\"]\\')'\n\n    def until(self, method, message: str = \"\"):\n        \"\"\"Calls the method provided with the driver as an argument until the \\\n        return value does not evaluate to ``False``.\n    \n        :param method: callable(WebDriver)\n        :param message: optional message for :exc:`TimeoutException`\n        :returns: the result of the last call to `method`\n        :raises: :exc:`selenium.common.exceptions.TimeoutException` if timeout occurs\n        \"\"\"\n        screen = None\n        stacktrace = None\n    \n        end_time = time.monotonic() + self._timeout\n        while True:\n            try:\n                value = method(self._driver)\n                if value:\n                    return value\n            except self._ignored_exceptions as exc:\n                screen = getattr(exc, \"screen\", None)\n                stacktrace = getattr(exc, \"stacktrace\", None)\n            time.sleep(self._poll)\n            if time.monotonic() > end_time:\n                break\n>       raise TimeoutException(message, screen, stacktrace)\nE       selenium.common.exceptions.TimeoutException: Message: Can't find element by locator ('xpath', '//button[@data-test-active-link=\"Words\"]')\nE       Stacktrace:\nE       #0 0x562e7b9204ca <unknown>\nE       #1 0x562e7b433620 <unknown>\nE       #2 0x562e7b482306 <unknown>\nE       #3 0x562e7b4825a1 <unknown>\nE       #4 0x562e7b4c7a04 <unknown>\nE       #5 0x562e7b4a639d <unknown>\nE       #6 0x562e7b4c4de0 <unknown>\nE       #7 0x562e7b4a6113 <unknown>\nE       #8 0x562e7b474be0 <unknown>\nE       #9 0x562e7b475bbe <unknown>\nE       #10 0x562e7b8ece4b <unknown>\nE       #11 0x562e7b8f0de2 <unknown>\nE       #12 0x562e7b8d9d2c <unknown>\nE       #13 0x562e7b8f1957 <unknown>\nE       #14 0x562e7b8bf4bf <unknown>\nE       #15 0x562e7b90f348 <unknown>\nE       #16 0x562e7b90f510 <unknown>\nE       #17 0x562e7b91f346 <unknown>\nE       #18 0x7f3dde494ac3 <unknown>\n\n/opt/hostedtoolcache/Python/3.12.7/x64/lib/python3.12/site-packages/selenium/webdriver/support/wait.py:95: TimeoutException",
  "flaky" : false,
  "newFailed" : false,
  "beforeStages" : [ {
    "name" : "driver",
    "time" : {
      "start" : 1731978895653,
      "stop" : 1731978896419,
      "duration" : 766
    },
    "status" : "passed",
    "steps" : [ ],
    "attachments" : [ ],
    "parameters" : [ ],
    "stepsCount" : 0,
    "attachmentsCount" : 0,
    "shouldDisplayMessage" : false,
    "hasContent" : false
  }, {
    "name" : "main_page_open",
    "time" : {
      "start" : 1731978896419,
      "stop" : 1731978899160,
      "duration" : 2741
    },
    "status" : "passed",
    "steps" : [ {
      "name" : "Open page: https://www.brainup.site/",
      "time" : {
        "start" : 1731978896420,
        "stop" : 1731978899160,
        "duration" : 2740
      },
      "status" : "passed",
      "steps" : [ ],
      "attachments" : [ ],
      "parameters" : [ {
        "name" : "driver",
        "value" : "<selenium.webdriver.chrome.webdriver.WebDriver (session=\"f728d7de13dc2b37a414dcd0bf55a09f\")>"
      } ],
      "stepsCount" : 0,
      "attachmentsCount" : 0,
      "shouldDisplayMessage" : false,
      "hasContent" : true
    } ],
    "attachments" : [ ],
    "parameters" : [ ],
    "stepsCount" : 1,
    "attachmentsCount" : 0,
    "shouldDisplayMessage" : false,
    "hasContent" : true
  }, {
    "name" : "clear_allure_results_folder",
    "time" : {
      "start" : 1731977937909,
      "stop" : 1731977937909,
      "duration" : 0
    },
    "status" : "passed",
    "steps" : [ ],
    "attachments" : [ ],
    "parameters" : [ ],
    "stepsCount" : 0,
    "attachmentsCount" : 0,
    "shouldDisplayMessage" : false,
    "hasContent" : false
  }, {
    "name" : "specialist_user_authorized",
    "time" : {
      "start" : 1731978899160,
      "stop" : 1731978904605,
      "duration" : 5445
    },
    "status" : "passed",
    "steps" : [ {
      "name" : "USER specialist authorized",
      "time" : {
        "start" : 1731978899160,
        "stop" : 1731978904605,
        "duration" : 5445
      },
      "status" : "passed",
      "steps" : [ {
        "name" : "Check url is present: https://www.brainup.site/groups",
        "time" : {
          "start" : 1731978899546,
          "stop" : 1731978904584,
          "duration" : 5038
        },
        "status" : "passed",
        "steps" : [ ],
        "attachments" : [ ],
        "parameters" : [ ],
        "stepsCount" : 0,
        "attachmentsCount" : 0,
        "shouldDisplayMessage" : false,
        "hasContent" : false
      }, {
        "name" : "Loader checking",
        "time" : {
          "start" : 1731978904584,
          "stop" : 1731978904605,
          "duration" : 21
        },
        "status" : "passed",
        "steps" : [ ],
        "attachments" : [ ],
        "parameters" : [ ],
        "stepsCount" : 0,
        "attachmentsCount" : 0,
        "shouldDisplayMessage" : false,
        "hasContent" : false
      } ],
      "attachments" : [ ],
      "parameters" : [ {
        "name" : "driver",
        "value" : "<selenium.webdriver.chrome.webdriver.WebDriver (session=\"f728d7de13dc2b37a414dcd0bf55a09f\")>"
      }, {
        "name" : "main_page_open",
        "value" : "None"
      } ],
      "stepsCount" : 2,
      "attachmentsCount" : 0,
      "shouldDisplayMessage" : false,
      "hasContent" : true
    } ],
    "attachments" : [ ],
    "parameters" : [ ],
    "stepsCount" : 3,
    "attachmentsCount" : 0,
    "shouldDisplayMessage" : false,
    "hasContent" : true
  } ],
  "testStage" : {
    "status" : "skipped",
    "statusMessage" : "XFAIL\n\nselenium.common.exceptions.TimeoutException: Message: Can't find element by locator ('xpath', '//button[@data-test-active-link=\"Words\"]')\nStacktrace:\n#0 0x562e7b9204ca <unknown>\n#1 0x562e7b433620 <unknown>\n#2 0x562e7b482306 <unknown>\n#3 0x562e7b4825a1 <unknown>\n#4 0x562e7b4c7a04 <unknown>\n#5 0x562e7b4a639d <unknown>\n#6 0x562e7b4c4de0 <unknown>\n#7 0x562e7b4a6113 <unknown>\n#8 0x562e7b474be0 <unknown>\n#9 0x562e7b475bbe <unknown>\n#10 0x562e7b8ece4b <unknown>\n#11 0x562e7b8f0de2 <unknown>\n#12 0x562e7b8d9d2c <unknown>\n#13 0x562e7b8f1957 <unknown>\n#14 0x562e7b8bf4bf <unknown>\n#15 0x562e7b90f348 <unknown>\n#16 0x562e7b90f510 <unknown>\n#17 0x562e7b91f346 <unknown>\n#18 0x7f3dde494ac3 <unknown>",
    "statusTrace" : "self = <tests.test_speech_exercises_en.TestCardsEN object at 0x7fd9ac2bb4d0>\ndriver = <selenium.webdriver.chrome.webdriver.WebDriver (session=\"f728d7de13dc2b37a414dcd0bf55a09f\")>\nspecialist_user_authorized = None\n\n    @pytest.mark.xfail\n    @allure.suite(\"Speech exercises EN.\")\n    @allure.title('Select random card from \"Word\" group and compare UI vs BACKEND data')\n    def test_random_word_cards_en(self, driver, specialist_user_authorized):\n        page = SpeechExercisesPage(driver)\n>       page.select_group(SpeechExercisesPageLocators.WORDS_BUTTON_EN)\n\ntests/test_speech_exercises_en.py:16: \n_ _ _ _ _ _ _ _ _ _ _ _ _ _ _ _ _ _ _ _ _ _ _ _ _ _ _ _ _ _ _ _ _ _ _ _ _ _ _ _ \npages/speech_exercises_page_en.py:18: in select_group\n    text_of_the_button = self.element_is_present_and_clickable(selector_for_sub_group)\npages/base_page.py:32: in element_is_present_and_clickable\n    return (Wait(self.driver, self.timeout).until(\n_ _ _ _ _ _ _ _ _ _ _ _ _ _ _ _ _ _ _ _ _ _ _ _ _ _ _ _ _ _ _ _ _ _ _ _ _ _ _ _ \n\nself = <selenium.webdriver.support.wait.WebDriverWait (session=\"f728d7de13dc2b37a414dcd0bf55a09f\")>\nmethod = <function visibility_of_element_located.<locals>._predicate at 0x7fd9ac363740>\nmessage = 'Can\\'t find element by locator (\\'xpath\\', \\'//button[@data-test-active-link=\"Words\"]\\')'\n\n    def until(self, method, message: str = \"\"):\n        \"\"\"Calls the method provided with the driver as an argument until the \\\n        return value does not evaluate to ``False``.\n    \n        :param method: callable(WebDriver)\n        :param message: optional message for :exc:`TimeoutException`\n        :returns: the result of the last call to `method`\n        :raises: :exc:`selenium.common.exceptions.TimeoutException` if timeout occurs\n        \"\"\"\n        screen = None\n        stacktrace = None\n    \n        end_time = time.monotonic() + self._timeout\n        while True:\n            try:\n                value = method(self._driver)\n                if value:\n                    return value\n            except self._ignored_exceptions as exc:\n                screen = getattr(exc, \"screen\", None)\n                stacktrace = getattr(exc, \"stacktrace\", None)\n            time.sleep(self._poll)\n            if time.monotonic() > end_time:\n                break\n>       raise TimeoutException(message, screen, stacktrace)\nE       selenium.common.exceptions.TimeoutException: Message: Can't find element by locator ('xpath', '//button[@data-test-active-link=\"Words\"]')\nE       Stacktrace:\nE       #0 0x562e7b9204ca <unknown>\nE       #1 0x562e7b433620 <unknown>\nE       #2 0x562e7b482306 <unknown>\nE       #3 0x562e7b4825a1 <unknown>\nE       #4 0x562e7b4c7a04 <unknown>\nE       #5 0x562e7b4a639d <unknown>\nE       #6 0x562e7b4c4de0 <unknown>\nE       #7 0x562e7b4a6113 <unknown>\nE       #8 0x562e7b474be0 <unknown>\nE       #9 0x562e7b475bbe <unknown>\nE       #10 0x562e7b8ece4b <unknown>\nE       #11 0x562e7b8f0de2 <unknown>\nE       #12 0x562e7b8d9d2c <unknown>\nE       #13 0x562e7b8f1957 <unknown>\nE       #14 0x562e7b8bf4bf <unknown>\nE       #15 0x562e7b90f348 <unknown>\nE       #16 0x562e7b90f510 <unknown>\nE       #17 0x562e7b91f346 <unknown>\nE       #18 0x7f3dde494ac3 <unknown>\n\n/opt/hostedtoolcache/Python/3.12.7/x64/lib/python3.12/site-packages/selenium/webdriver/support/wait.py:95: TimeoutException",
    "steps" : [ {
      "name" : "select_group",
      "time" : {
        "start" : 1731978904606,
        "stop" : 1731978924797,
        "duration" : 20191
      },
      "status" : "broken",
      "statusMessage" : "selenium.common.exceptions.TimeoutException: Message: Can't find element by locator ('xpath', '//button[@data-test-active-link=\"Words\"]')\nStacktrace:\n#0 0x562e7b9204ca <unknown>\n#1 0x562e7b433620 <unknown>\n#2 0x562e7b482306 <unknown>\n#3 0x562e7b4825a1 <unknown>\n#4 0x562e7b4c7a04 <unknown>\n#5 0x562e7b4a639d <unknown>\n#6 0x562e7b4c4de0 <unknown>\n#7 0x562e7b4a6113 <unknown>\n#8 0x562e7b474be0 <unknown>\n#9 0x562e7b475bbe <unknown>\n#10 0x562e7b8ece4b <unknown>\n#11 0x562e7b8f0de2 <unknown>\n#12 0x562e7b8d9d2c <unknown>\n#13 0x562e7b8f1957 <unknown>\n#14 0x562e7b8bf4bf <unknown>\n#15 0x562e7b90f348 <unknown>\n#16 0x562e7b90f510 <unknown>\n#17 0x562e7b91f346 <unknown>\n#18 0x7f3dde494ac3 <unknown>\n\n",
      "statusTrace" : "  File \"/opt/hostedtoolcache/Python/3.12.7/x64/lib/python3.12/site-packages/allure_commons/_allure.py\", line 192, in impl\n    return func(*a, **kw)\n           ^^^^^^^^^^^^^^\n  File \"/home/runner/work/auto-tests-python/auto-tests-python/pages/speech_exercises_page_en.py\", line 18, in select_group\n    text_of_the_button = self.element_is_present_and_clickable(selector_for_sub_group)\n                         ^^^^^^^^^^^^^^^^^^^^^^^^^^^^^^^^^^^^^^^^^^^^^^^^^^^^^^^^^^^^^\n  File \"/home/runner/work/auto-tests-python/auto-tests-python/pages/base_page.py\", line 32, in element_is_present_and_clickable\n    return (Wait(self.driver, self.timeout).until(\n            ^^^^^^^^^^^^^^^^^^^^^^^^^^^^^^^^^^^^^^\n  File \"/opt/hostedtoolcache/Python/3.12.7/x64/lib/python3.12/site-packages/selenium/webdriver/support/wait.py\", line 95, in until\n    raise TimeoutException(message, screen, stacktrace)\n",
      "steps" : [ {
        "name" : "Select Russian language. Click \"EN\" button.",
        "time" : {
          "start" : 1731978904606,
          "stop" : 1731978904675,
          "duration" : 69
        },
        "status" : "passed",
        "steps" : [ ],
        "attachments" : [ ],
        "parameters" : [ ],
        "stepsCount" : 0,
        "attachmentsCount" : 0,
        "shouldDisplayMessage" : false,
        "hasContent" : false
      }, {
        "name" : "Click button \"SPEECH EXERCISES\".",
        "time" : {
          "start" : 1731978904675,
          "stop" : 1731978904748,
          "duration" : 73
        },
        "status" : "passed",
        "steps" : [ ],
        "attachments" : [ ],
        "parameters" : [ ],
        "stepsCount" : 0,
        "attachmentsCount" : 0,
        "shouldDisplayMessage" : false,
        "hasContent" : false
      } ],
      "attachments" : [ ],
      "parameters" : [ {
        "name" : "selector_for_sub_group",
        "value" : "('xpath', '//button[@data-test-active-link=\"Words\"]')"
      } ],
      "stepsCount" : 2,
      "attachmentsCount" : 0,
      "shouldDisplayMessage" : true,
      "hasContent" : true
    } ],
    "attachments" : [ ],
    "parameters" : [ ],
    "stepsCount" : 3,
    "attachmentsCount" : 0,
    "shouldDisplayMessage" : true,
    "hasContent" : true
  },
  "afterStages" : [ {
    "name" : "driver::0",
    "time" : {
      "start" : 1731978924839,
      "stop" : 1731978924911,
      "duration" : 72
    },
    "status" : "passed",
    "steps" : [ ],
    "attachments" : [ ],
    "parameters" : [ ],
    "stepsCount" : 0,
    "attachmentsCount" : 0,
    "shouldDisplayMessage" : false,
    "hasContent" : false
  } ],
  "labels" : [ {
    "name" : "suite",
    "value" : "Speech exercises EN."
  }, {
    "name" : "epic",
    "value" : "Speech exercises."
  }, {
    "name" : "tag",
    "value" : "@pytest.mark.xfail"
  }, {
    "name" : "parentSuite",
    "value" : "tests"
  }, {
    "name" : "subSuite",
    "value" : "TestCardsEN"
  }, {
    "name" : "host",
    "value" : "fv-az700-143"
  }, {
    "name" : "thread",
    "value" : "2236-MainThread"
  }, {
    "name" : "framework",
    "value" : "pytest"
  }, {
    "name" : "language",
    "value" : "cpython3"
  }, {
    "name" : "package",
    "value" : "tests.test_speech_exercises_en"
  }, {
    "name" : "resultFormat",
    "value" : "allure2"
  } ],
  "parameters" : [ ],
  "links" : [ ],
  "hidden" : false,
  "retry" : false,
  "extra" : {
    "severity" : "normal",
    "retries" : [ ],
    "categories" : [ ],
    "history" : {
      "statistic" : {
        "failed" : 0,
        "broken" : 0,
        "skipped" : 6,
        "passed" : 1,
        "unknown" : 0,
        "total" : 7
      },
      "items" : [ {
        "uid" : "e8a58db730191cfc",
        "reportUrl" : "https://Brain-up.github.io/auto-tests-python/393//#testresult/e8a58db730191cfc",
        "status" : "skipped",
        "statusDetails" : "XFAIL\n\nselenium.common.exceptions.TimeoutException: Message: Can't find element by locator ('xpath', '//button[@data-test-active-link=\"Words\"]')\nStacktrace:\n#0 0x55d4d3ee24ca <unknown>\n#1 0x55d4d39f5620 <unknown>\n#2 0x55d4d3a44306 <unknown>\n#3 0x55d4d3a445a1 <unknown>\n#4 0x55d4d3a89a04 <unknown>\n#5 0x55d4d3a6839d <unknown>\n#6 0x55d4d3a86de0 <unknown>\n#7 0x55d4d3a68113 <unknown>\n#8 0x55d4d3a36be0 <unknown>\n#9 0x55d4d3a37bbe <unknown>\n#10 0x55d4d3eaee4b <unknown>\n#11 0x55d4d3eb2de2 <unknown>\n#12 0x55d4d3e9bd2c <unknown>\n#13 0x55d4d3eb3957 <unknown>\n#14 0x55d4d3e814bf <unknown>\n#15 0x55d4d3ed1348 <unknown>\n#16 0x55d4d3ed1510 <unknown>\n#17 0x55d4d3ee1346 <unknown>\n#18 0x7fc0abe94ac3 <unknown>",
        "time" : {
          "start" : 1731963831664,
          "stop" : 1731963851959,
          "duration" : 20295
        }
      }, {
        "uid" : "ceeaea34edfbb485",
        "reportUrl" : "https://Brain-up.github.io/auto-tests-python/392//#testresult/ceeaea34edfbb485",
        "status" : "passed",
        "statusDetails" : "XPASS",
        "time" : {
          "start" : 1731956471217,
          "stop" : 1731956498366,
          "duration" : 27149
        }
      }, {
        "uid" : "b9aaca235424e3d6",
        "reportUrl" : "https://Brain-up.github.io/auto-tests-python/187//#testresult/b9aaca235424e3d6",
        "status" : "skipped",
        "statusDetails" : "XFAIL\n\nselenium.common.exceptions.TimeoutException: Message: Can't find element by locator ('xpath', '//button[@data-test-active-link=\"Words\"]')\nStacktrace:\n#0 0x5626836fd4ca <unknown>\n#1 0x562683210620 <unknown>\n#2 0x56268325f306 <unknown>\n#3 0x56268325f5a1 <unknown>\n#4 0x5626832a4a04 <unknown>\n#5 0x56268328339d <unknown>\n#6 0x5626832a1de0 <unknown>\n#7 0x562683283113 <unknown>\n#8 0x562683251be0 <unknown>\n#9 0x562683252bbe <unknown>\n#10 0x5626836c9e4b <unknown>\n#11 0x5626836cdde2 <unknown>\n#12 0x5626836b6d2c <unknown>\n#13 0x5626836ce957 <unknown>\n#14 0x56268369c4bf <unknown>\n#15 0x5626836ec348 <unknown>\n#16 0x5626836ec510 <unknown>\n#17 0x5626836fc346 <unknown>\n#18 0x7f9d07694ac3 <unknown>",
        "time" : {
          "start" : 1731892822921,
          "stop" : 1731892843199,
          "duration" : 20278
        }
      }, {
        "uid" : "f5ccb116fd79f676",
        "reportUrl" : "https://Brain-up.github.io/auto-tests-python/186//#testresult/f5ccb116fd79f676",
        "status" : "skipped",
        "statusDetails" : "XFAIL\n\nrequests.exceptions.JSONDecodeError: Expecting value: line 1 column 1 (char 0)",
        "time" : {
          "start" : 1731806520414,
          "stop" : 1731806527496,
          "duration" : 7082
        }
      }, {
        "uid" : "af37294894a6c29a",
        "reportUrl" : "https://Brain-up.github.io/auto-tests-python/391//#testresult/af37294894a6c29a",
        "status" : "skipped",
        "statusDetails" : "XFAIL\n\nrequests.exceptions.JSONDecodeError: Expecting value: line 1 column 1 (char 0)",
        "time" : {
          "start" : 1731739648210,
          "stop" : 1731739655419,
          "duration" : 7209
        }
      }, {
        "uid" : "27d5d8a602c6754e",
        "reportUrl" : "https://Brain-up.github.io/auto-tests-python/390//#testresult/27d5d8a602c6754e",
        "status" : "skipped",
        "statusDetails" : "XFAIL\n\nrequests.exceptions.JSONDecodeError: Expecting value: line 1 column 1 (char 0)",
        "time" : {
          "start" : 1731735142592,
          "stop" : 1731735149519,
          "duration" : 6927
        }
      } ]
    },
    "tags" : [ "@pytest.mark.xfail" ]
  },
  "source" : "4036d909361bf8f9.json",
  "parameterValues" : [ ]
}