{
  "uid" : "b1d71a6ba717ae7a",
  "name" : "Select a random card from \"Similar phrases\" group and compare UI vs BACKEND data",
  "fullName" : "tests.test_speech_exercises_en.TestCardsEN#test_random_cards_in_similar_phrases_en",
  "historyId" : "106afe14e1824ad4b55b346a52794d4b",
  "time" : {
    "start" : 1746084260541,
    "stop" : 1746084280693,
    "duration" : 20152
  },
  "status" : "skipped",
  "statusMessage" : "XFAIL\n\nselenium.common.exceptions.TimeoutException: Message: Can't find element by locator ('xpath', '//button[@data-test-active-link=\"Similar phrases\"]')\nStacktrace:\n#0 0x565057e2d75a <unknown>\n#1 0x5650578e04b0 <unknown>\n#2 0x5650579319b3 <unknown>\n#3 0x565057931ba1 <unknown>\n#4 0x5650579801f4 <unknown>\n#5 0x5650579575bd <unknown>\n#6 0x56505797d5e0 <unknown>\n#7 0x565057957363 <unknown>\n#8 0x565057923d63 <unknown>\n#9 0x5650579249c1 <unknown>\n#10 0x565057df2a6b <unknown>\n#11 0x565057df6951 <unknown>\n#12 0x565057ddab62 <unknown>\n#13 0x565057df74c4 <unknown>\n#14 0x565057dbf13f <unknown>\n#15 0x565057e1b6f8 <unknown>\n#16 0x565057e1b8d6 <unknown>\n#17 0x565057e2c5a6 <unknown>\n#18 0x7f27de09caa4 <unknown>\n#19 0x7f27de129c3c <unknown>",
  "statusTrace" : "self = <tests.test_speech_exercises_en.TestCardsEN object at 0x7ff79660c860>\ndriver = <selenium.webdriver.chrome.webdriver.WebDriver (session=\"eb7c61907c12f538d1bf484f3a6bed0b\")>\nspecialist_user_authorized = None\n\n    @pytest.mark.xfail\n    @allure.suite(\"Speech exercises EN.\")\n    @allure.title('Select a random card from \"Similar phrases\" group and compare UI vs BACKEND data')\n    def test_random_cards_in_similar_phrases_en(self, driver, specialist_user_authorized):\n        page = SpeechExercisesPage(driver)\n>       page.select_group(SpeechExercisesPageLocators.SIMILAR_PHRASES_EN)\n\ntests/test_speech_exercises_en.py:57: \n_ _ _ _ _ _ _ _ _ _ _ _ _ _ _ _ _ _ _ _ _ _ _ _ _ _ _ _ _ _ _ _ _ _ _ _ _ _ _ _ \npages/speech_exercises_page_en.py:18: in select_group\n    text_of_the_button = self.element_is_present_and_clickable(selector_for_sub_group)\npages/base_page.py:40: in element_is_present_and_clickable\n    return (Wait(self.driver, self.timeout).until(\n_ _ _ _ _ _ _ _ _ _ _ _ _ _ _ _ _ _ _ _ _ _ _ _ _ _ _ _ _ _ _ _ _ _ _ _ _ _ _ _ \n\nself = <selenium.webdriver.support.wait.WebDriverWait (session=\"eb7c61907c12f538d1bf484f3a6bed0b\")>\nmethod = <function visibility_of_element_located.<locals>._predicate at 0x7ff796754400>\nmessage = 'Can\\'t find element by locator (\\'xpath\\', \\'//button[@data-test-active-link=\"Similar phrases\"]\\')'\n\n    def until(self, method, message: str = \"\"):\n        \"\"\"Calls the method provided with the driver as an argument until the \\\n        return value does not evaluate to ``False``.\n    \n        :param method: callable(WebDriver)\n        :param message: optional message for :exc:`TimeoutException`\n        :returns: the result of the last call to `method`\n        :raises: :exc:`selenium.common.exceptions.TimeoutException` if timeout occurs\n        \"\"\"\n        screen = None\n        stacktrace = None\n    \n        end_time = time.monotonic() + self._timeout\n        while True:\n            try:\n                value = method(self._driver)\n                if value:\n                    return value\n            except self._ignored_exceptions as exc:\n                screen = getattr(exc, \"screen\", None)\n                stacktrace = getattr(exc, \"stacktrace\", None)\n            time.sleep(self._poll)\n            if time.monotonic() > end_time:\n                break\n>       raise TimeoutException(message, screen, stacktrace)\nE       selenium.common.exceptions.TimeoutException: Message: Can't find element by locator ('xpath', '//button[@data-test-active-link=\"Similar phrases\"]')\nE       Stacktrace:\nE       #0 0x565057e2d75a <unknown>\nE       #1 0x5650578e04b0 <unknown>\nE       #2 0x5650579319b3 <unknown>\nE       #3 0x565057931ba1 <unknown>\nE       #4 0x5650579801f4 <unknown>\nE       #5 0x5650579575bd <unknown>\nE       #6 0x56505797d5e0 <unknown>\nE       #7 0x565057957363 <unknown>\nE       #8 0x565057923d63 <unknown>\nE       #9 0x5650579249c1 <unknown>\nE       #10 0x565057df2a6b <unknown>\nE       #11 0x565057df6951 <unknown>\nE       #12 0x565057ddab62 <unknown>\nE       #13 0x565057df74c4 <unknown>\nE       #14 0x565057dbf13f <unknown>\nE       #15 0x565057e1b6f8 <unknown>\nE       #16 0x565057e1b8d6 <unknown>\nE       #17 0x565057e2c5a6 <unknown>\nE       #18 0x7f27de09caa4 <unknown>\nE       #19 0x7f27de129c3c <unknown>\n\n/opt/hostedtoolcache/Python/3.12.10/x64/lib/python3.12/site-packages/selenium/webdriver/support/wait.py:95: TimeoutException",
  "flaky" : false,
  "newFailed" : false,
  "beforeStages" : [ {
    "name" : "clear_allure_results_folder",
    "time" : {
      "start" : 1746082878661,
      "stop" : 1746082878662,
      "duration" : 1
    },
    "status" : "passed",
    "steps" : [ ],
    "attachments" : [ ],
    "parameters" : [ ],
    "stepsCount" : 0,
    "attachmentsCount" : 0,
    "shouldDisplayMessage" : false,
    "hasContent" : false
  }, {
    "name" : "main_page_open",
    "time" : {
      "start" : 1746084254747,
      "stop" : 1746084257635,
      "duration" : 2888
    },
    "status" : "passed",
    "steps" : [ {
      "name" : "Open page: https://www.brainup.site/",
      "time" : {
        "start" : 1746084254748,
        "stop" : 1746084257635,
        "duration" : 2887
      },
      "status" : "passed",
      "steps" : [ ],
      "attachments" : [ ],
      "parameters" : [ {
        "name" : "driver",
        "value" : "<selenium.webdriver.chrome.webdriver.WebDriver (session=\"eb7c61907c12f538d1bf484f3a6bed0b\")>"
      } ],
      "stepsCount" : 0,
      "attachmentsCount" : 0,
      "shouldDisplayMessage" : false,
      "hasContent" : true
    } ],
    "attachments" : [ ],
    "parameters" : [ ],
    "stepsCount" : 1,
    "attachmentsCount" : 0,
    "shouldDisplayMessage" : false,
    "hasContent" : true
  }, {
    "name" : "driver",
    "time" : {
      "start" : 1746084253938,
      "stop" : 1746084254747,
      "duration" : 809
    },
    "status" : "passed",
    "steps" : [ ],
    "attachments" : [ ],
    "parameters" : [ ],
    "stepsCount" : 0,
    "attachmentsCount" : 0,
    "shouldDisplayMessage" : false,
    "hasContent" : false
  }, {
    "name" : "specialist_user_authorized",
    "time" : {
      "start" : 1746084257635,
      "stop" : 1746084260541,
      "duration" : 2906
    },
    "status" : "passed",
    "steps" : [ {
      "name" : "USER specialist authorized",
      "time" : {
        "start" : 1746084257635,
        "stop" : 1746084260541,
        "duration" : 2906
      },
      "status" : "passed",
      "steps" : [ {
        "name" : "Check url is present: https://www.brainup.site/groups",
        "time" : {
          "start" : 1746084257998,
          "stop" : 1746084260519,
          "duration" : 2521
        },
        "status" : "passed",
        "steps" : [ ],
        "attachments" : [ ],
        "parameters" : [ ],
        "stepsCount" : 0,
        "attachmentsCount" : 0,
        "shouldDisplayMessage" : false,
        "hasContent" : false
      }, {
        "name" : "Loader checking",
        "time" : {
          "start" : 1746084260519,
          "stop" : 1746084260541,
          "duration" : 22
        },
        "status" : "passed",
        "steps" : [ ],
        "attachments" : [ ],
        "parameters" : [ ],
        "stepsCount" : 0,
        "attachmentsCount" : 0,
        "shouldDisplayMessage" : false,
        "hasContent" : false
      } ],
      "attachments" : [ ],
      "parameters" : [ {
        "name" : "driver",
        "value" : "<selenium.webdriver.chrome.webdriver.WebDriver (session=\"eb7c61907c12f538d1bf484f3a6bed0b\")>"
      }, {
        "name" : "main_page_open",
        "value" : "None"
      } ],
      "stepsCount" : 2,
      "attachmentsCount" : 0,
      "shouldDisplayMessage" : false,
      "hasContent" : true
    } ],
    "attachments" : [ ],
    "parameters" : [ ],
    "stepsCount" : 3,
    "attachmentsCount" : 0,
    "shouldDisplayMessage" : false,
    "hasContent" : true
  } ],
  "testStage" : {
    "status" : "skipped",
    "statusMessage" : "XFAIL\n\nselenium.common.exceptions.TimeoutException: Message: Can't find element by locator ('xpath', '//button[@data-test-active-link=\"Similar phrases\"]')\nStacktrace:\n#0 0x565057e2d75a <unknown>\n#1 0x5650578e04b0 <unknown>\n#2 0x5650579319b3 <unknown>\n#3 0x565057931ba1 <unknown>\n#4 0x5650579801f4 <unknown>\n#5 0x5650579575bd <unknown>\n#6 0x56505797d5e0 <unknown>\n#7 0x565057957363 <unknown>\n#8 0x565057923d63 <unknown>\n#9 0x5650579249c1 <unknown>\n#10 0x565057df2a6b <unknown>\n#11 0x565057df6951 <unknown>\n#12 0x565057ddab62 <unknown>\n#13 0x565057df74c4 <unknown>\n#14 0x565057dbf13f <unknown>\n#15 0x565057e1b6f8 <unknown>\n#16 0x565057e1b8d6 <unknown>\n#17 0x565057e2c5a6 <unknown>\n#18 0x7f27de09caa4 <unknown>\n#19 0x7f27de129c3c <unknown>",
    "statusTrace" : "self = <tests.test_speech_exercises_en.TestCardsEN object at 0x7ff79660c860>\ndriver = <selenium.webdriver.chrome.webdriver.WebDriver (session=\"eb7c61907c12f538d1bf484f3a6bed0b\")>\nspecialist_user_authorized = None\n\n    @pytest.mark.xfail\n    @allure.suite(\"Speech exercises EN.\")\n    @allure.title('Select a random card from \"Similar phrases\" group and compare UI vs BACKEND data')\n    def test_random_cards_in_similar_phrases_en(self, driver, specialist_user_authorized):\n        page = SpeechExercisesPage(driver)\n>       page.select_group(SpeechExercisesPageLocators.SIMILAR_PHRASES_EN)\n\ntests/test_speech_exercises_en.py:57: \n_ _ _ _ _ _ _ _ _ _ _ _ _ _ _ _ _ _ _ _ _ _ _ _ _ _ _ _ _ _ _ _ _ _ _ _ _ _ _ _ \npages/speech_exercises_page_en.py:18: in select_group\n    text_of_the_button = self.element_is_present_and_clickable(selector_for_sub_group)\npages/base_page.py:40: in element_is_present_and_clickable\n    return (Wait(self.driver, self.timeout).until(\n_ _ _ _ _ _ _ _ _ _ _ _ _ _ _ _ _ _ _ _ _ _ _ _ _ _ _ _ _ _ _ _ _ _ _ _ _ _ _ _ \n\nself = <selenium.webdriver.support.wait.WebDriverWait (session=\"eb7c61907c12f538d1bf484f3a6bed0b\")>\nmethod = <function visibility_of_element_located.<locals>._predicate at 0x7ff796754400>\nmessage = 'Can\\'t find element by locator (\\'xpath\\', \\'//button[@data-test-active-link=\"Similar phrases\"]\\')'\n\n    def until(self, method, message: str = \"\"):\n        \"\"\"Calls the method provided with the driver as an argument until the \\\n        return value does not evaluate to ``False``.\n    \n        :param method: callable(WebDriver)\n        :param message: optional message for :exc:`TimeoutException`\n        :returns: the result of the last call to `method`\n        :raises: :exc:`selenium.common.exceptions.TimeoutException` if timeout occurs\n        \"\"\"\n        screen = None\n        stacktrace = None\n    \n        end_time = time.monotonic() + self._timeout\n        while True:\n            try:\n                value = method(self._driver)\n                if value:\n                    return value\n            except self._ignored_exceptions as exc:\n                screen = getattr(exc, \"screen\", None)\n                stacktrace = getattr(exc, \"stacktrace\", None)\n            time.sleep(self._poll)\n            if time.monotonic() > end_time:\n                break\n>       raise TimeoutException(message, screen, stacktrace)\nE       selenium.common.exceptions.TimeoutException: Message: Can't find element by locator ('xpath', '//button[@data-test-active-link=\"Similar phrases\"]')\nE       Stacktrace:\nE       #0 0x565057e2d75a <unknown>\nE       #1 0x5650578e04b0 <unknown>\nE       #2 0x5650579319b3 <unknown>\nE       #3 0x565057931ba1 <unknown>\nE       #4 0x5650579801f4 <unknown>\nE       #5 0x5650579575bd <unknown>\nE       #6 0x56505797d5e0 <unknown>\nE       #7 0x565057957363 <unknown>\nE       #8 0x565057923d63 <unknown>\nE       #9 0x5650579249c1 <unknown>\nE       #10 0x565057df2a6b <unknown>\nE       #11 0x565057df6951 <unknown>\nE       #12 0x565057ddab62 <unknown>\nE       #13 0x565057df74c4 <unknown>\nE       #14 0x565057dbf13f <unknown>\nE       #15 0x565057e1b6f8 <unknown>\nE       #16 0x565057e1b8d6 <unknown>\nE       #17 0x565057e2c5a6 <unknown>\nE       #18 0x7f27de09caa4 <unknown>\nE       #19 0x7f27de129c3c <unknown>\n\n/opt/hostedtoolcache/Python/3.12.10/x64/lib/python3.12/site-packages/selenium/webdriver/support/wait.py:95: TimeoutException",
    "steps" : [ {
      "name" : "select_group",
      "time" : {
        "start" : 1746084260541,
        "stop" : 1746084280692,
        "duration" : 20151
      },
      "status" : "broken",
      "statusMessage" : "selenium.common.exceptions.TimeoutException: Message: Can't find element by locator ('xpath', '//button[@data-test-active-link=\"Similar phrases\"]')\nStacktrace:\n#0 0x565057e2d75a <unknown>\n#1 0x5650578e04b0 <unknown>\n#2 0x5650579319b3 <unknown>\n#3 0x565057931ba1 <unknown>\n#4 0x5650579801f4 <unknown>\n#5 0x5650579575bd <unknown>\n#6 0x56505797d5e0 <unknown>\n#7 0x565057957363 <unknown>\n#8 0x565057923d63 <unknown>\n#9 0x5650579249c1 <unknown>\n#10 0x565057df2a6b <unknown>\n#11 0x565057df6951 <unknown>\n#12 0x565057ddab62 <unknown>\n#13 0x565057df74c4 <unknown>\n#14 0x565057dbf13f <unknown>\n#15 0x565057e1b6f8 <unknown>\n#16 0x565057e1b8d6 <unknown>\n#17 0x565057e2c5a6 <unknown>\n#18 0x7f27de09caa4 <unknown>\n#19 0x7f27de129c3c <unknown>\n\n",
      "statusTrace" : "  File \"/opt/hostedtoolcache/Python/3.12.10/x64/lib/python3.12/site-packages/allure_commons/_allure.py\", line 192, in impl\n    return func(*a, **kw)\n           ^^^^^^^^^^^^^^\n  File \"/home/runner/work/auto-tests-python/auto-tests-python/pages/speech_exercises_page_en.py\", line 18, in select_group\n    text_of_the_button = self.element_is_present_and_clickable(selector_for_sub_group)\n                         ^^^^^^^^^^^^^^^^^^^^^^^^^^^^^^^^^^^^^^^^^^^^^^^^^^^^^^^^^^^^^\n  File \"/home/runner/work/auto-tests-python/auto-tests-python/pages/base_page.py\", line 40, in element_is_present_and_clickable\n    return (Wait(self.driver, self.timeout).until(\n            ^^^^^^^^^^^^^^^^^^^^^^^^^^^^^^^^^^^^^^\n  File \"/opt/hostedtoolcache/Python/3.12.10/x64/lib/python3.12/site-packages/selenium/webdriver/support/wait.py\", line 95, in until\n    raise TimeoutException(message, screen, stacktrace)\n",
      "steps" : [ {
        "name" : "Select Russian language. Click \"EN\" button.",
        "time" : {
          "start" : 1746084260541,
          "stop" : 1746084260615,
          "duration" : 74
        },
        "status" : "passed",
        "steps" : [ ],
        "attachments" : [ ],
        "parameters" : [ ],
        "stepsCount" : 0,
        "attachmentsCount" : 0,
        "shouldDisplayMessage" : false,
        "hasContent" : false
      }, {
        "name" : "Click button \"SPEECH EXERCISES\".",
        "time" : {
          "start" : 1746084260616,
          "stop" : 1746084260689,
          "duration" : 73
        },
        "status" : "passed",
        "steps" : [ ],
        "attachments" : [ ],
        "parameters" : [ ],
        "stepsCount" : 0,
        "attachmentsCount" : 0,
        "shouldDisplayMessage" : false,
        "hasContent" : false
      } ],
      "attachments" : [ ],
      "parameters" : [ {
        "name" : "selector_for_sub_group",
        "value" : "('xpath', '//button[@data-test-active-link=\"Similar phrases\"]')"
      } ],
      "stepsCount" : 2,
      "attachmentsCount" : 0,
      "shouldDisplayMessage" : true,
      "hasContent" : true
    } ],
    "attachments" : [ ],
    "parameters" : [ ],
    "stepsCount" : 3,
    "attachmentsCount" : 0,
    "shouldDisplayMessage" : true,
    "hasContent" : true
  },
  "afterStages" : [ {
    "name" : "driver::0",
    "time" : {
      "start" : 1746084280704,
      "stop" : 1746084280769,
      "duration" : 65
    },
    "status" : "passed",
    "steps" : [ ],
    "attachments" : [ ],
    "parameters" : [ ],
    "stepsCount" : 0,
    "attachmentsCount" : 0,
    "shouldDisplayMessage" : false,
    "hasContent" : false
  } ],
  "labels" : [ {
    "name" : "suite",
    "value" : "Speech exercises EN."
  }, {
    "name" : "epic",
    "value" : "Speech exercises."
  }, {
    "name" : "tag",
    "value" : "@pytest.mark.xfail"
  }, {
    "name" : "parentSuite",
    "value" : "tests"
  }, {
    "name" : "subSuite",
    "value" : "TestCardsEN"
  }, {
    "name" : "host",
    "value" : "fv-az1720-353"
  }, {
    "name" : "thread",
    "value" : "2423-MainThread"
  }, {
    "name" : "framework",
    "value" : "pytest"
  }, {
    "name" : "language",
    "value" : "cpython3"
  }, {
    "name" : "package",
    "value" : "tests.test_speech_exercises_en"
  }, {
    "name" : "resultFormat",
    "value" : "allure2"
  } ],
  "parameters" : [ ],
  "links" : [ ],
  "hidden" : false,
  "retry" : false,
  "extra" : {
    "severity" : "normal",
    "retries" : [ ],
    "categories" : [ ],
    "history" : {
      "statistic" : {
        "failed" : 0,
        "broken" : 0,
        "skipped" : 126,
        "passed" : 1,
        "unknown" : 0,
        "total" : 127
      },
      "items" : [ {
        "uid" : "16f8152412f3e480",
        "reportUrl" : "https://Brain-up.github.io/auto-tests-python/351//#testresult/16f8152412f3e480",
        "status" : "skipped",
        "statusDetails" : "XFAIL\n\nselenium.common.exceptions.TimeoutException: Message: Can't find element by locator ('xpath', '//button[@data-test-active-link=\"Similar phrases\"]')\nStacktrace:\n#0 0x55876e85a75a <unknown>\n#1 0x55876e30d4b0 <unknown>\n#2 0x55876e35e9b3 <unknown>\n#3 0x55876e35eba1 <unknown>\n#4 0x55876e3ad1f4 <unknown>\n#5 0x55876e3845bd <unknown>\n#6 0x55876e3aa5e0 <unknown>\n#7 0x55876e384363 <unknown>\n#8 0x55876e350d63 <unknown>\n#9 0x55876e3519c1 <unknown>\n#10 0x55876e81fa6b <unknown>\n#11 0x55876e823951 <unknown>\n#12 0x55876e807b62 <unknown>\n#13 0x55876e8244c4 <unknown>\n#14 0x55876e7ec13f <unknown>\n#15 0x55876e8486f8 <unknown>\n#16 0x55876e8488d6 <unknown>\n#17 0x55876e8595a6 <unknown>\n#18 0x7f25e069caa4 <unknown>\n#19 0x7f25e0729c3c <unknown>",
        "time" : {
          "start" : 1746063148974,
          "stop" : 1746063169136,
          "duration" : 20162
        }
      }, {
        "uid" : "9b57ad1e2d23f269",
        "reportUrl" : "https://Brain-up.github.io/auto-tests-python/555//#testresult/9b57ad1e2d23f269",
        "status" : "skipped",
        "statusDetails" : "XFAIL\n\nselenium.common.exceptions.TimeoutException: Message: Can't find element by locator ('xpath', '//button[@data-test-active-link=\"Similar phrases\"]')\nStacktrace:\n#0 0x5629f21b075a <unknown>\n#1 0x5629f1c634b0 <unknown>\n#2 0x5629f1cb49b3 <unknown>\n#3 0x5629f1cb4ba1 <unknown>\n#4 0x5629f1d031f4 <unknown>\n#5 0x5629f1cda5bd <unknown>\n#6 0x5629f1d005e0 <unknown>\n#7 0x5629f1cda363 <unknown>\n#8 0x5629f1ca6d63 <unknown>\n#9 0x5629f1ca79c1 <unknown>\n#10 0x5629f2175a6b <unknown>\n#11 0x5629f2179951 <unknown>\n#12 0x5629f215db62 <unknown>\n#13 0x5629f217a4c4 <unknown>\n#14 0x5629f214213f <unknown>\n#15 0x5629f219e6f8 <unknown>\n#16 0x5629f219e8d6 <unknown>\n#17 0x5629f21af5a6 <unknown>\n#18 0x7f591729caa4 <unknown>\n#19 0x7f5917329c3c <unknown>",
        "time" : {
          "start" : 1746035583706,
          "stop" : 1746035604353,
          "duration" : 20647
        }
      }, {
        "uid" : "c4ccb1f9e7f5f556",
        "reportUrl" : "https://Brain-up.github.io/auto-tests-python/350//#testresult/c4ccb1f9e7f5f556",
        "status" : "skipped",
        "statusDetails" : "XFAIL\n\nselenium.common.exceptions.TimeoutException: Message: Can't find element by locator ('xpath', '//button[@data-test-active-link=\"Similar phrases\"]')\nStacktrace:\n#0 0x555ab4626cea <unknown>\n#1 0x555ab40d75f0 <unknown>\n#2 0x555ab4128a33 <unknown>\n#3 0x555ab4128c21 <unknown>\n#4 0x555ab4177274 <unknown>\n#5 0x555ab414e68d <unknown>\n#6 0x555ab4174660 <unknown>\n#7 0x555ab414e433 <unknown>\n#8 0x555ab411aea3 <unknown>\n#9 0x555ab411bb01 <unknown>\n#10 0x555ab45ebb3b <unknown>\n#11 0x555ab45efa21 <unknown>\n#12 0x555ab45d2c32 <unknown>\n#13 0x555ab45f0594 <unknown>\n#14 0x555ab45b6eef <unknown>\n#15 0x555ab4614d98 <unknown>\n#16 0x555ab4614f76 <unknown>\n#17 0x555ab4625b36 <unknown>\n#18 0x7f16e6a9caa4 <unknown>\n#19 0x7f16e6b29c3c <unknown>",
        "time" : {
          "start" : 1745976665867,
          "stop" : 1745976686528,
          "duration" : 20661
        }
      }, {
        "uid" : "209b8d9fc648bca5",
        "reportUrl" : "https://Brain-up.github.io/auto-tests-python/349//#testresult/209b8d9fc648bca5",
        "status" : "skipped",
        "statusDetails" : "XFAIL\n\nselenium.common.exceptions.TimeoutException: Message: Can't find element by locator ('xpath', '//button[@data-test-active-link=\"Similar phrases\"]')\nStacktrace:\n#0 0x55b29a5a3cea <unknown>\n#1 0x55b29a0545f0 <unknown>\n#2 0x55b29a0a5a33 <unknown>\n#3 0x55b29a0a5c21 <unknown>\n#4 0x55b29a0f4274 <unknown>\n#5 0x55b29a0cb68d <unknown>\n#6 0x55b29a0f1660 <unknown>\n#7 0x55b29a0cb433 <unknown>\n#8 0x55b29a097ea3 <unknown>\n#9 0x55b29a098b01 <unknown>\n#10 0x55b29a568b3b <unknown>\n#11 0x55b29a56ca21 <unknown>\n#12 0x55b29a54fc32 <unknown>\n#13 0x55b29a56d594 <unknown>\n#14 0x55b29a533eef <unknown>\n#15 0x55b29a591d98 <unknown>\n#16 0x55b29a591f76 <unknown>\n#17 0x55b29a5a2b36 <unknown>\n#18 0x7f7a59a9caa4 <unknown>\n#19 0x7f7a59b29c3c <unknown>",
        "time" : {
          "start" : 1745890012532,
          "stop" : 1745890032791,
          "duration" : 20259
        }
      }, {
        "uid" : "e513816eaf9dab9b",
        "reportUrl" : "https://Brain-up.github.io/auto-tests-python/554//#testresult/e513816eaf9dab9b",
        "status" : "skipped",
        "statusDetails" : "XFAIL\n\nselenium.common.exceptions.TimeoutException: Message: Can't find element by locator ('xpath', '//button[@data-test-active-link=\"Similar phrases\"]')\nStacktrace:\n#0 0x5567337ff75a <unknown>\n#1 0x5567332b24b0 <unknown>\n#2 0x5567333039b3 <unknown>\n#3 0x556733303ba1 <unknown>\n#4 0x5567333521f4 <unknown>\n#5 0x5567333295bd <unknown>\n#6 0x55673334f5e0 <unknown>\n#7 0x556733329363 <unknown>\n#8 0x5567332f5d63 <unknown>\n#9 0x5567332f69c1 <unknown>\n#10 0x5567337c4a6b <unknown>\n#11 0x5567337c8951 <unknown>\n#12 0x5567337acb62 <unknown>\n#13 0x5567337c94c4 <unknown>\n#14 0x55673379113f <unknown>\n#15 0x5567337ed6f8 <unknown>\n#16 0x5567337ed8d6 <unknown>\n#17 0x5567337fe5a6 <unknown>\n#18 0x7f6db629caa4 <unknown>\n#19 0x7f6db6329c3c <unknown>",
        "time" : {
          "start" : 1745877621414,
          "stop" : 1745877641602,
          "duration" : 20188
        }
      }, {
        "uid" : "fc9d3b23a7441201",
        "reportUrl" : "https://Brain-up.github.io/auto-tests-python/553//#testresult/fc9d3b23a7441201",
        "status" : "skipped",
        "statusDetails" : "XFAIL\n\nselenium.common.exceptions.TimeoutException: Message: Can't find element by locator ('xpath', '//button[@data-test-active-link=\"Similar phrases\"]')\nStacktrace:\n#0 0x55f283cd7cea <unknown>\n#1 0x55f2837885f0 <unknown>\n#2 0x55f2837d9a33 <unknown>\n#3 0x55f2837d9c21 <unknown>\n#4 0x55f283828274 <unknown>\n#5 0x55f2837ff68d <unknown>\n#6 0x55f283825660 <unknown>\n#7 0x55f2837ff433 <unknown>\n#8 0x55f2837cbea3 <unknown>\n#9 0x55f2837ccb01 <unknown>\n#10 0x55f283c9cb3b <unknown>\n#11 0x55f283ca0a21 <unknown>\n#12 0x55f283c83c32 <unknown>\n#13 0x55f283ca1594 <unknown>\n#14 0x55f283c67eef <unknown>\n#15 0x55f283cc5d98 <unknown>\n#16 0x55f283cc5f76 <unknown>\n#17 0x55f283cd6b36 <unknown>\n#18 0x7fcdd6e9caa4 <unknown>\n#19 0x7fcdd6f29c3c <unknown>",
        "time" : {
          "start" : 1745866457611,
          "stop" : 1745866477773,
          "duration" : 20162
        }
      }, {
        "uid" : "1f042c49ec306c48",
        "reportUrl" : "https://Brain-up.github.io/auto-tests-python/348//#testresult/1f042c49ec306c48",
        "status" : "skipped",
        "statusDetails" : "XFAIL\n\nselenium.common.exceptions.TimeoutException: Message: Can't find element by locator ('xpath', '//button[@data-test-active-link=\"Similar phrases\"]')\nStacktrace:\n#0 0x563be3b6bcea <unknown>\n#1 0x563be361c5f0 <unknown>\n#2 0x563be366da33 <unknown>\n#3 0x563be366dc21 <unknown>\n#4 0x563be36bc274 <unknown>\n#5 0x563be369368d <unknown>\n#6 0x563be36b9660 <unknown>\n#7 0x563be3693433 <unknown>\n#8 0x563be365fea3 <unknown>\n#9 0x563be3660b01 <unknown>\n#10 0x563be3b30b3b <unknown>\n#11 0x563be3b34a21 <unknown>\n#12 0x563be3b17c32 <unknown>\n#13 0x563be3b35594 <unknown>\n#14 0x563be3afbeef <unknown>\n#15 0x563be3b59d98 <unknown>\n#16 0x563be3b59f76 <unknown>\n#17 0x563be3b6ab36 <unknown>\n#18 0x7f44d4e9caa4 <unknown>\n#19 0x7f44d4f29c3c <unknown>",
        "time" : {
          "start" : 1745804061822,
          "stop" : 1745804082450,
          "duration" : 20628
        }
      }, {
        "uid" : "229671bc096bcc7e",
        "reportUrl" : "https://Brain-up.github.io/auto-tests-python/552//#testresult/229671bc096bcc7e",
        "status" : "skipped",
        "statusDetails" : "XFAIL\n\nselenium.common.exceptions.TimeoutException: Message: Can't find element by locator ('xpath', '//button[@data-test-active-link=\"Similar phrases\"]')\nStacktrace:\n#0 0x55b985002cea <unknown>\n#1 0x55b984ab35f0 <unknown>\n#2 0x55b984b04a33 <unknown>\n#3 0x55b984b04c21 <unknown>\n#4 0x55b984b53274 <unknown>\n#5 0x55b984b2a68d <unknown>\n#6 0x55b984b50660 <unknown>\n#7 0x55b984b2a433 <unknown>\n#8 0x55b984af6ea3 <unknown>\n#9 0x55b984af7b01 <unknown>\n#10 0x55b984fc7b3b <unknown>\n#11 0x55b984fcba21 <unknown>\n#12 0x55b984faec32 <unknown>\n#13 0x55b984fcc594 <unknown>\n#14 0x55b984f92eef <unknown>\n#15 0x55b984ff0d98 <unknown>\n#16 0x55b984ff0f76 <unknown>\n#17 0x55b985001b36 <unknown>\n#18 0x7fdff1e9caa4 <unknown>\n#19 0x7fdff1f29c3c <unknown>",
        "time" : {
          "start" : 1745773703630,
          "stop" : 1745773724281,
          "duration" : 20651
        }
      }, {
        "uid" : "9b174c42cbb678b9",
        "reportUrl" : "https://Brain-up.github.io/auto-tests-python/347//#testresult/9b174c42cbb678b9",
        "status" : "skipped",
        "statusDetails" : "XFAIL\n\nselenium.common.exceptions.TimeoutException: Message: Can't find element by locator ('xpath', '//button[@data-test-active-link=\"Similar phrases\"]')\nStacktrace:\n#0 0x55daf2a70cea <unknown>\n#1 0x55daf25215f0 <unknown>\n#2 0x55daf2572a33 <unknown>\n#3 0x55daf2572c21 <unknown>\n#4 0x55daf25c1274 <unknown>\n#5 0x55daf259868d <unknown>\n#6 0x55daf25be660 <unknown>\n#7 0x55daf2598433 <unknown>\n#8 0x55daf2564ea3 <unknown>\n#9 0x55daf2565b01 <unknown>\n#10 0x55daf2a35b3b <unknown>\n#11 0x55daf2a39a21 <unknown>\n#12 0x55daf2a1cc32 <unknown>\n#13 0x55daf2a3a594 <unknown>\n#14 0x55daf2a00eef <unknown>\n#15 0x55daf2a5ed98 <unknown>\n#16 0x55daf2a5ef76 <unknown>\n#17 0x55daf2a6fb36 <unknown>\n#18 0x7f6a8f69caa4 <unknown>\n#19 0x7f6a8f729c3c <unknown>",
        "time" : {
          "start" : 1745717540689,
          "stop" : 1745717561341,
          "duration" : 20652
        }
      }, {
        "uid" : "91727021043b794b",
        "reportUrl" : "https://Brain-up.github.io/auto-tests-python/551//#testresult/91727021043b794b",
        "status" : "skipped",
        "statusDetails" : "XFAIL\n\nselenium.common.exceptions.TimeoutException: Message: Can't find element by locator ('xpath', '//button[@data-test-active-link=\"Similar phrases\"]')\nStacktrace:\n#0 0x5649a0184cea <unknown>\n#1 0x56499fc355f0 <unknown>\n#2 0x56499fc86a33 <unknown>\n#3 0x56499fc86c21 <unknown>\n#4 0x56499fcd5274 <unknown>\n#5 0x56499fcac68d <unknown>\n#6 0x56499fcd2660 <unknown>\n#7 0x56499fcac433 <unknown>\n#8 0x56499fc78ea3 <unknown>\n#9 0x56499fc79b01 <unknown>\n#10 0x5649a0149b3b <unknown>\n#11 0x5649a014da21 <unknown>\n#12 0x5649a0130c32 <unknown>\n#13 0x5649a014e594 <unknown>\n#14 0x5649a0114eef <unknown>\n#15 0x5649a0172d98 <unknown>\n#16 0x5649a0172f76 <unknown>\n#17 0x5649a0183b36 <unknown>\n#18 0x7f1668c9caa4 <unknown>\n#19 0x7f1668d29c3c <unknown>",
        "time" : {
          "start" : 1745701661441,
          "stop" : 1745701681598,
          "duration" : 20157
        }
      }, {
        "uid" : "6a1d3fca56e3cc53",
        "reportUrl" : "https://Brain-up.github.io/auto-tests-python/346//#testresult/6a1d3fca56e3cc53",
        "status" : "skipped",
        "statusDetails" : "XFAIL\n\nselenium.common.exceptions.TimeoutException: Message: Can't find element by locator ('xpath', '//button[@data-test-active-link=\"Similar phrases\"]')\nStacktrace:\n#0 0x55f41d5c0cea <unknown>\n#1 0x55f41d0715f0 <unknown>\n#2 0x55f41d0c2a33 <unknown>\n#3 0x55f41d0c2c21 <unknown>\n#4 0x55f41d111274 <unknown>\n#5 0x55f41d0e868d <unknown>\n#6 0x55f41d10e660 <unknown>\n#7 0x55f41d0e8433 <unknown>\n#8 0x55f41d0b4ea3 <unknown>\n#9 0x55f41d0b5b01 <unknown>\n#10 0x55f41d585b3b <unknown>\n#11 0x55f41d589a21 <unknown>\n#12 0x55f41d56cc32 <unknown>\n#13 0x55f41d58a594 <unknown>\n#14 0x55f41d550eef <unknown>\n#15 0x55f41d5aed98 <unknown>\n#16 0x55f41d5aef76 <unknown>\n#17 0x55f41d5bfb36 <unknown>\n#18 0x7f9b6c69caa4 <unknown>\n#19 0x7f9b6c729c3c <unknown>",
        "time" : {
          "start" : 1745630555099,
          "stop" : 1745630575725,
          "duration" : 20626
        }
      }, {
        "uid" : "1dc45a1343edf1e9",
        "reportUrl" : "https://Brain-up.github.io/auto-tests-python/550//#testresult/1dc45a1343edf1e9",
        "status" : "skipped",
        "statusDetails" : "XFAIL\n\nselenium.common.exceptions.TimeoutException: Message: Can't find element by locator ('xpath', '//button[@data-test-active-link=\"Similar phrases\"]')\nStacktrace:\n#0 0x5587e560acea <unknown>\n#1 0x5587e50bb5f0 <unknown>\n#2 0x5587e510ca33 <unknown>\n#3 0x5587e510cc21 <unknown>\n#4 0x5587e515b274 <unknown>\n#5 0x5587e513268d <unknown>\n#6 0x5587e5158660 <unknown>\n#7 0x5587e5132433 <unknown>\n#8 0x5587e50feea3 <unknown>\n#9 0x5587e50ffb01 <unknown>\n#10 0x5587e55cfb3b <unknown>\n#11 0x5587e55d3a21 <unknown>\n#12 0x5587e55b6c32 <unknown>\n#13 0x5587e55d4594 <unknown>\n#14 0x5587e559aeef <unknown>\n#15 0x5587e55f8d98 <unknown>\n#16 0x5587e55f8f76 <unknown>\n#17 0x5587e5609b36 <unknown>\n#18 0x7f1ab9c9caa4 <unknown>\n#19 0x7f1ab9d29c3c <unknown>",
        "time" : {
          "start" : 1745565222210,
          "stop" : 1745565242849,
          "duration" : 20639
        }
      }, {
        "uid" : "96a38502d5a47cab",
        "reportUrl" : "https://Brain-up.github.io/auto-tests-python/345//#testresult/96a38502d5a47cab",
        "status" : "skipped",
        "statusDetails" : "XFAIL\n\nselenium.common.exceptions.TimeoutException: Message: Can't find element by locator ('xpath', '//button[@data-test-active-link=\"Similar phrases\"]')\nStacktrace:\n#0 0x55ad3110ecea <unknown>\n#1 0x55ad30bbf5f0 <unknown>\n#2 0x55ad30c10a33 <unknown>\n#3 0x55ad30c10c21 <unknown>\n#4 0x55ad30c5f274 <unknown>\n#5 0x55ad30c3668d <unknown>\n#6 0x55ad30c5c660 <unknown>\n#7 0x55ad30c36433 <unknown>\n#8 0x55ad30c02ea3 <unknown>\n#9 0x55ad30c03b01 <unknown>\n#10 0x55ad310d3b3b <unknown>\n#11 0x55ad310d7a21 <unknown>\n#12 0x55ad310bac32 <unknown>\n#13 0x55ad310d8594 <unknown>\n#14 0x55ad3109eeef <unknown>\n#15 0x55ad310fcd98 <unknown>\n#16 0x55ad310fcf76 <unknown>\n#17 0x55ad3110db36 <unknown>\n#18 0x7f0ab489caa4 <unknown>\n#19 0x7f0ab4929c3c <unknown>",
        "time" : {
          "start" : 1745544428484,
          "stop" : 1745544448677,
          "duration" : 20193
        }
      }, {
        "uid" : "84f02ffe89cb55fd",
        "reportUrl" : "https://Brain-up.github.io/auto-tests-python/549//#testresult/84f02ffe89cb55fd",
        "status" : "skipped",
        "statusDetails" : "XFAIL\n\nselenium.common.exceptions.TimeoutException: Message: Can't find element by locator ('xpath', '//button[@data-test-active-link=\"Similar phrases\"]')\nStacktrace:\n#0 0x556de2f1bcea <unknown>\n#1 0x556de29cc5f0 <unknown>\n#2 0x556de2a1da33 <unknown>\n#3 0x556de2a1dc21 <unknown>\n#4 0x556de2a6c274 <unknown>\n#5 0x556de2a4368d <unknown>\n#6 0x556de2a69660 <unknown>\n#7 0x556de2a43433 <unknown>\n#8 0x556de2a0fea3 <unknown>\n#9 0x556de2a10b01 <unknown>\n#10 0x556de2ee0b3b <unknown>\n#11 0x556de2ee4a21 <unknown>\n#12 0x556de2ec7c32 <unknown>\n#13 0x556de2ee5594 <unknown>\n#14 0x556de2eabeef <unknown>\n#15 0x556de2f09d98 <unknown>\n#16 0x556de2f09f76 <unknown>\n#17 0x556de2f1ab36 <unknown>\n#18 0x7fd44349caa4 <unknown>\n#19 0x7fd443529c3c <unknown>",
        "time" : {
          "start" : 1745519380992,
          "stop" : 1745519401378,
          "duration" : 20386
        }
      }, {
        "uid" : "b71812e044c3d1a6",
        "reportUrl" : "https://Brain-up.github.io/auto-tests-python/344//#testresult/b71812e044c3d1a6",
        "status" : "skipped",
        "statusDetails" : "XFAIL\n\nselenium.common.exceptions.TimeoutException: Message: Can't find element by locator ('xpath', '//button[@data-test-active-link=\"Similar phrases\"]')\nStacktrace:\n#0 0x560778bf1cea <unknown>\n#1 0x5607786a25f0 <unknown>\n#2 0x5607786f3a33 <unknown>\n#3 0x5607786f3c21 <unknown>\n#4 0x560778742274 <unknown>\n#5 0x56077871968d <unknown>\n#6 0x56077873f660 <unknown>\n#7 0x560778719433 <unknown>\n#8 0x5607786e5ea3 <unknown>\n#9 0x5607786e6b01 <unknown>\n#10 0x560778bb6b3b <unknown>\n#11 0x560778bbaa21 <unknown>\n#12 0x560778b9dc32 <unknown>\n#13 0x560778bbb594 <unknown>\n#14 0x560778b81eef <unknown>\n#15 0x560778bdfd98 <unknown>\n#16 0x560778bdff76 <unknown>\n#17 0x560778bf0b36 <unknown>\n#18 0x7f46d2c9caa4 <unknown>\n#19 0x7f46d2d29c3c <unknown>",
        "time" : {
          "start" : 1745457968566,
          "stop" : 1745457989214,
          "duration" : 20648
        }
      }, {
        "uid" : "475231dc40d759e0",
        "reportUrl" : "https://Brain-up.github.io/auto-tests-python/548//#testresult/475231dc40d759e0",
        "status" : "skipped",
        "statusDetails" : "XFAIL\n\nselenium.common.exceptions.TimeoutException: Message: Can't find element by locator ('xpath', '//button[@data-test-active-link=\"Similar phrases\"]')\nStacktrace:\n#0 0x561568ed9cea <unknown>\n#1 0x56156898a5f0 <unknown>\n#2 0x5615689dba33 <unknown>\n#3 0x5615689dbc21 <unknown>\n#4 0x561568a2a274 <unknown>\n#5 0x561568a0168d <unknown>\n#6 0x561568a27660 <unknown>\n#7 0x561568a01433 <unknown>\n#8 0x5615689cdea3 <unknown>\n#9 0x5615689ceb01 <unknown>\n#10 0x561568e9eb3b <unknown>\n#11 0x561568ea2a21 <unknown>\n#12 0x561568e85c32 <unknown>\n#13 0x561568ea3594 <unknown>\n#14 0x561568e69eef <unknown>\n#15 0x561568ec7d98 <unknown>\n#16 0x561568ec7f76 <unknown>\n#17 0x561568ed8b36 <unknown>\n#18 0x7f116509caa4 <unknown>\n#19 0x7f1165129c3c <unknown>",
        "time" : {
          "start" : 1745427512178,
          "stop" : 1745427532415,
          "duration" : 20237
        }
      }, {
        "uid" : "27ab7582bd334c97",
        "reportUrl" : "https://Brain-up.github.io/auto-tests-python/343//#testresult/27ab7582bd334c97",
        "status" : "skipped",
        "statusDetails" : "XFAIL\n\nselenium.common.exceptions.TimeoutException: Message: Can't find element by locator ('xpath', '//button[@data-test-active-link=\"Similar phrases\"]')\nStacktrace:\n#0 0x55fcc90e4d0a <unknown>\n#1 0x55fcc8b955f0 <unknown>\n#2 0x55fcc8be6a33 <unknown>\n#3 0x55fcc8be6c21 <unknown>\n#4 0x55fcc8c35274 <unknown>\n#5 0x55fcc8c0c68d <unknown>\n#6 0x55fcc8c32660 <unknown>\n#7 0x55fcc8c0c433 <unknown>\n#8 0x55fcc8bd8ea3 <unknown>\n#9 0x55fcc8bd9b01 <unknown>\n#10 0x55fcc90a9b5b <unknown>\n#11 0x55fcc90ada41 <unknown>\n#12 0x55fcc9090c52 <unknown>\n#13 0x55fcc90ae5b4 <unknown>\n#14 0x55fcc9074f0f <unknown>\n#15 0x55fcc90d2db8 <unknown>\n#16 0x55fcc90d2f96 <unknown>\n#17 0x55fcc90e3b56 <unknown>\n#18 0x7f14e609caa4 <unknown>\n#19 0x7f14e6129c3c <unknown>",
        "time" : {
          "start" : 1745371767265,
          "stop" : 1745371787510,
          "duration" : 20245
        }
      }, {
        "uid" : "72b73a17f2c03745",
        "reportUrl" : "https://Brain-up.github.io/auto-tests-python/547//#testresult/72b73a17f2c03745",
        "status" : "skipped",
        "statusDetails" : "XFAIL\n\nselenium.common.exceptions.TimeoutException: Message: Can't find element by locator ('xpath', '//button[@data-test-active-link=\"Similar phrases\"]')\nStacktrace:\n#0 0x555bc74fdd0a <unknown>\n#1 0x555bc6fae5f0 <unknown>\n#2 0x555bc6fffa33 <unknown>\n#3 0x555bc6fffc21 <unknown>\n#4 0x555bc704e274 <unknown>\n#5 0x555bc702568d <unknown>\n#6 0x555bc704b660 <unknown>\n#7 0x555bc7025433 <unknown>\n#8 0x555bc6ff1ea3 <unknown>\n#9 0x555bc6ff2b01 <unknown>\n#10 0x555bc74c2b5b <unknown>\n#11 0x555bc74c6a41 <unknown>\n#12 0x555bc74a9c52 <unknown>\n#13 0x555bc74c75b4 <unknown>\n#14 0x555bc748df0f <unknown>\n#15 0x555bc74ebdb8 <unknown>\n#16 0x555bc74ebf96 <unknown>\n#17 0x555bc74fcb56 <unknown>\n#18 0x7fe6ba49caa4 <unknown>\n#19 0x7fe6ba529c3c <unknown>",
        "time" : {
          "start" : 1745349164220,
          "stop" : 1745349184463,
          "duration" : 20243
        }
      }, {
        "uid" : "2b8367062d21db80",
        "reportUrl" : "https://Brain-up.github.io/auto-tests-python/342//#testresult/2b8367062d21db80",
        "status" : "skipped",
        "statusDetails" : "XFAIL\n\nselenium.common.exceptions.TimeoutException: Message: Can't find element by locator ('xpath', '//button[@data-test-active-link=\"Similar phrases\"]')\nStacktrace:\n#0 0x557135654d0a <unknown>\n#1 0x5571351055f0 <unknown>\n#2 0x557135156a33 <unknown>\n#3 0x557135156c21 <unknown>\n#4 0x5571351a5274 <unknown>\n#5 0x55713517c68d <unknown>\n#6 0x5571351a2660 <unknown>\n#7 0x55713517c433 <unknown>\n#8 0x557135148ea3 <unknown>\n#9 0x557135149b01 <unknown>\n#10 0x557135619b5b <unknown>\n#11 0x55713561da41 <unknown>\n#12 0x557135600c52 <unknown>\n#13 0x55713561e5b4 <unknown>\n#14 0x5571355e4f0f <unknown>\n#15 0x557135642db8 <unknown>\n#16 0x557135642f96 <unknown>\n#17 0x557135653b56 <unknown>\n#18 0x7f0defa9caa4 <unknown>\n#19 0x7f0defb29c3c <unknown>",
        "time" : {
          "start" : 1745285366547,
          "stop" : 1745285386767,
          "duration" : 20220
        }
      }, {
        "uid" : "7e89d12334e0851b",
        "reportUrl" : "https://Brain-up.github.io/auto-tests-python/546//#testresult/7e89d12334e0851b",
        "status" : "skipped",
        "statusDetails" : "XFAIL\n\nselenium.common.exceptions.TimeoutException: Message: Can't find element by locator ('xpath', '//button[@data-test-active-link=\"Similar phrases\"]')\nStacktrace:\n#0 0x560fd45acd0a <unknown>\n#1 0x560fd405d5f0 <unknown>\n#2 0x560fd40aea33 <unknown>\n#3 0x560fd40aec21 <unknown>\n#4 0x560fd40fd274 <unknown>\n#5 0x560fd40d468d <unknown>\n#6 0x560fd40fa660 <unknown>\n#7 0x560fd40d4433 <unknown>\n#8 0x560fd40a0ea3 <unknown>\n#9 0x560fd40a1b01 <unknown>\n#10 0x560fd4571b5b <unknown>\n#11 0x560fd4575a41 <unknown>\n#12 0x560fd4558c52 <unknown>\n#13 0x560fd45765b4 <unknown>\n#14 0x560fd453cf0f <unknown>\n#15 0x560fd459adb8 <unknown>\n#16 0x560fd459af96 <unknown>\n#17 0x560fd45abb56 <unknown>\n#18 0x7f280749caa4 <unknown>\n#19 0x7f2807529c3c <unknown>",
        "time" : {
          "start" : 1745260230471,
          "stop" : 1745260250626,
          "duration" : 20155
        }
      } ]
    },
    "tags" : [ "@pytest.mark.xfail" ]
  },
  "source" : "b1d71a6ba717ae7a.json",
  "parameterValues" : [ ]
}