{
  "uid" : "f121547f87b10dda",
  "name" : "Select a random card from \"Similar phrases\" group and compare UI vs BACKEND data",
  "fullName" : "tests.test_speech_exercises_en.TestCardsEN#test_random_cards_in_similar_phrases_en",
  "historyId" : "106afe14e1824ad4b55b346a52794d4b",
  "time" : {
    "start" : 1743989291935,
    "stop" : 1743989312590,
    "duration" : 20655
  },
  "status" : "skipped",
  "statusMessage" : "XFAIL\n\nselenium.common.exceptions.TimeoutException: Message: Can't find element by locator ('xpath', '//button[@data-test-active-link=\"Similar phrases\"]')\nStacktrace:\n#0 0x55d0e6f1bffa <unknown>\n#1 0x55d0e69da970 <unknown>\n#2 0x55d0e6a2c385 <unknown>\n#3 0x55d0e6a2c5b1 <unknown>\n#4 0x55d0e6a7b3c4 <unknown>\n#5 0x55d0e6a522bd <unknown>\n#6 0x55d0e6a7870c <unknown>\n#7 0x55d0e6a52063 <unknown>\n#8 0x55d0e6a1e328 <unknown>\n#9 0x55d0e6a1f491 <unknown>\n#10 0x55d0e6ee342b <unknown>\n#11 0x55d0e6ee72ec <unknown>\n#12 0x55d0e6ecaa22 <unknown>\n#13 0x55d0e6ee7e64 <unknown>\n#14 0x55d0e6eaebef <unknown>\n#15 0x55d0e6f0a558 <unknown>\n#16 0x55d0e6f0a736 <unknown>\n#17 0x55d0e6f1ae76 <unknown>\n#18 0x7f990c49caa4 <unknown>\n#19 0x7f990c529c3c <unknown>",
  "statusTrace" : "self = <tests.test_speech_exercises_en.TestCardsEN object at 0x7f72ac848ef0>\ndriver = <selenium.webdriver.chrome.webdriver.WebDriver (session=\"f249c764d6ad41127c55705351215730\")>\nspecialist_user_authorized = None\n\n    @pytest.mark.xfail\n    @allure.suite(\"Speech exercises EN.\")\n    @allure.title('Select a random card from \"Similar phrases\" group and compare UI vs BACKEND data')\n    def test_random_cards_in_similar_phrases_en(self, driver, specialist_user_authorized):\n        page = SpeechExercisesPage(driver)\n>       page.select_group(SpeechExercisesPageLocators.SIMILAR_PHRASES_EN)\n\ntests/test_speech_exercises_en.py:57: \n_ _ _ _ _ _ _ _ _ _ _ _ _ _ _ _ _ _ _ _ _ _ _ _ _ _ _ _ _ _ _ _ _ _ _ _ _ _ _ _ \npages/speech_exercises_page_en.py:18: in select_group\n    text_of_the_button = self.element_is_present_and_clickable(selector_for_sub_group)\npages/base_page.py:40: in element_is_present_and_clickable\n    return (Wait(self.driver, self.timeout).until(\n_ _ _ _ _ _ _ _ _ _ _ _ _ _ _ _ _ _ _ _ _ _ _ _ _ _ _ _ _ _ _ _ _ _ _ _ _ _ _ _ \n\nself = <selenium.webdriver.support.wait.WebDriverWait (session=\"f249c764d6ad41127c55705351215730\")>\nmethod = <function visibility_of_element_located.<locals>._predicate at 0x7f72ac9aaf20>\nmessage = 'Can\\'t find element by locator (\\'xpath\\', \\'//button[@data-test-active-link=\"Similar phrases\"]\\')'\n\n    def until(self, method, message: str = \"\"):\n        \"\"\"Calls the method provided with the driver as an argument until the \\\n        return value does not evaluate to ``False``.\n    \n        :param method: callable(WebDriver)\n        :param message: optional message for :exc:`TimeoutException`\n        :returns: the result of the last call to `method`\n        :raises: :exc:`selenium.common.exceptions.TimeoutException` if timeout occurs\n        \"\"\"\n        screen = None\n        stacktrace = None\n    \n        end_time = time.monotonic() + self._timeout\n        while True:\n            try:\n                value = method(self._driver)\n                if value:\n                    return value\n            except self._ignored_exceptions as exc:\n                screen = getattr(exc, \"screen\", None)\n                stacktrace = getattr(exc, \"stacktrace\", None)\n            time.sleep(self._poll)\n            if time.monotonic() > end_time:\n                break\n>       raise TimeoutException(message, screen, stacktrace)\nE       selenium.common.exceptions.TimeoutException: Message: Can't find element by locator ('xpath', '//button[@data-test-active-link=\"Similar phrases\"]')\nE       Stacktrace:\nE       #0 0x55d0e6f1bffa <unknown>\nE       #1 0x55d0e69da970 <unknown>\nE       #2 0x55d0e6a2c385 <unknown>\nE       #3 0x55d0e6a2c5b1 <unknown>\nE       #4 0x55d0e6a7b3c4 <unknown>\nE       #5 0x55d0e6a522bd <unknown>\nE       #6 0x55d0e6a7870c <unknown>\nE       #7 0x55d0e6a52063 <unknown>\nE       #8 0x55d0e6a1e328 <unknown>\nE       #9 0x55d0e6a1f491 <unknown>\nE       #10 0x55d0e6ee342b <unknown>\nE       #11 0x55d0e6ee72ec <unknown>\nE       #12 0x55d0e6ecaa22 <unknown>\nE       #13 0x55d0e6ee7e64 <unknown>\nE       #14 0x55d0e6eaebef <unknown>\nE       #15 0x55d0e6f0a558 <unknown>\nE       #16 0x55d0e6f0a736 <unknown>\nE       #17 0x55d0e6f1ae76 <unknown>\nE       #18 0x7f990c49caa4 <unknown>\nE       #19 0x7f990c529c3c <unknown>\n\n/opt/hostedtoolcache/Python/3.12.9/x64/lib/python3.12/site-packages/selenium/webdriver/support/wait.py:95: TimeoutException",
  "flaky" : false,
  "newFailed" : false,
  "beforeStages" : [ {
    "name" : "specialist_user_authorized",
    "time" : {
      "start" : 1743989288976,
      "stop" : 1743989291935,
      "duration" : 2959
    },
    "status" : "passed",
    "steps" : [ {
      "name" : "USER specialist authorized",
      "time" : {
        "start" : 1743989288976,
        "stop" : 1743989291935,
        "duration" : 2959
      },
      "status" : "passed",
      "steps" : [ {
        "name" : "Check url is present: https://www.brainup.site/groups",
        "time" : {
          "start" : 1743989289389,
          "stop" : 1743989291911,
          "duration" : 2522
        },
        "status" : "passed",
        "steps" : [ ],
        "attachments" : [ ],
        "parameters" : [ ],
        "stepsCount" : 0,
        "attachmentsCount" : 0,
        "shouldDisplayMessage" : false,
        "hasContent" : false
      }, {
        "name" : "Loader checking",
        "time" : {
          "start" : 1743989291911,
          "stop" : 1743989291935,
          "duration" : 24
        },
        "status" : "passed",
        "steps" : [ ],
        "attachments" : [ ],
        "parameters" : [ ],
        "stepsCount" : 0,
        "attachmentsCount" : 0,
        "shouldDisplayMessage" : false,
        "hasContent" : false
      } ],
      "attachments" : [ ],
      "parameters" : [ {
        "name" : "driver",
        "value" : "<selenium.webdriver.chrome.webdriver.WebDriver (session=\"f249c764d6ad41127c55705351215730\")>"
      }, {
        "name" : "main_page_open",
        "value" : "None"
      } ],
      "stepsCount" : 2,
      "attachmentsCount" : 0,
      "shouldDisplayMessage" : false,
      "hasContent" : true
    } ],
    "attachments" : [ ],
    "parameters" : [ ],
    "stepsCount" : 3,
    "attachmentsCount" : 0,
    "shouldDisplayMessage" : false,
    "hasContent" : true
  }, {
    "name" : "clear_allure_results_folder",
    "time" : {
      "start" : 1743987792605,
      "stop" : 1743987792605,
      "duration" : 0
    },
    "status" : "passed",
    "steps" : [ ],
    "attachments" : [ ],
    "parameters" : [ ],
    "stepsCount" : 0,
    "attachmentsCount" : 0,
    "shouldDisplayMessage" : false,
    "hasContent" : false
  }, {
    "name" : "driver",
    "time" : {
      "start" : 1743989284103,
      "stop" : 1743989284935,
      "duration" : 832
    },
    "status" : "passed",
    "steps" : [ ],
    "attachments" : [ ],
    "parameters" : [ ],
    "stepsCount" : 0,
    "attachmentsCount" : 0,
    "shouldDisplayMessage" : false,
    "hasContent" : false
  }, {
    "name" : "main_page_open",
    "time" : {
      "start" : 1743989284935,
      "stop" : 1743989288976,
      "duration" : 4041
    },
    "status" : "passed",
    "steps" : [ {
      "name" : "Open page: https://www.brainup.site/",
      "time" : {
        "start" : 1743989284935,
        "stop" : 1743989288976,
        "duration" : 4041
      },
      "status" : "passed",
      "steps" : [ ],
      "attachments" : [ ],
      "parameters" : [ {
        "name" : "driver",
        "value" : "<selenium.webdriver.chrome.webdriver.WebDriver (session=\"f249c764d6ad41127c55705351215730\")>"
      } ],
      "stepsCount" : 0,
      "attachmentsCount" : 0,
      "shouldDisplayMessage" : false,
      "hasContent" : true
    } ],
    "attachments" : [ ],
    "parameters" : [ ],
    "stepsCount" : 1,
    "attachmentsCount" : 0,
    "shouldDisplayMessage" : false,
    "hasContent" : true
  } ],
  "testStage" : {
    "status" : "skipped",
    "statusMessage" : "XFAIL\n\nselenium.common.exceptions.TimeoutException: Message: Can't find element by locator ('xpath', '//button[@data-test-active-link=\"Similar phrases\"]')\nStacktrace:\n#0 0x55d0e6f1bffa <unknown>\n#1 0x55d0e69da970 <unknown>\n#2 0x55d0e6a2c385 <unknown>\n#3 0x55d0e6a2c5b1 <unknown>\n#4 0x55d0e6a7b3c4 <unknown>\n#5 0x55d0e6a522bd <unknown>\n#6 0x55d0e6a7870c <unknown>\n#7 0x55d0e6a52063 <unknown>\n#8 0x55d0e6a1e328 <unknown>\n#9 0x55d0e6a1f491 <unknown>\n#10 0x55d0e6ee342b <unknown>\n#11 0x55d0e6ee72ec <unknown>\n#12 0x55d0e6ecaa22 <unknown>\n#13 0x55d0e6ee7e64 <unknown>\n#14 0x55d0e6eaebef <unknown>\n#15 0x55d0e6f0a558 <unknown>\n#16 0x55d0e6f0a736 <unknown>\n#17 0x55d0e6f1ae76 <unknown>\n#18 0x7f990c49caa4 <unknown>\n#19 0x7f990c529c3c <unknown>",
    "statusTrace" : "self = <tests.test_speech_exercises_en.TestCardsEN object at 0x7f72ac848ef0>\ndriver = <selenium.webdriver.chrome.webdriver.WebDriver (session=\"f249c764d6ad41127c55705351215730\")>\nspecialist_user_authorized = None\n\n    @pytest.mark.xfail\n    @allure.suite(\"Speech exercises EN.\")\n    @allure.title('Select a random card from \"Similar phrases\" group and compare UI vs BACKEND data')\n    def test_random_cards_in_similar_phrases_en(self, driver, specialist_user_authorized):\n        page = SpeechExercisesPage(driver)\n>       page.select_group(SpeechExercisesPageLocators.SIMILAR_PHRASES_EN)\n\ntests/test_speech_exercises_en.py:57: \n_ _ _ _ _ _ _ _ _ _ _ _ _ _ _ _ _ _ _ _ _ _ _ _ _ _ _ _ _ _ _ _ _ _ _ _ _ _ _ _ \npages/speech_exercises_page_en.py:18: in select_group\n    text_of_the_button = self.element_is_present_and_clickable(selector_for_sub_group)\npages/base_page.py:40: in element_is_present_and_clickable\n    return (Wait(self.driver, self.timeout).until(\n_ _ _ _ _ _ _ _ _ _ _ _ _ _ _ _ _ _ _ _ _ _ _ _ _ _ _ _ _ _ _ _ _ _ _ _ _ _ _ _ \n\nself = <selenium.webdriver.support.wait.WebDriverWait (session=\"f249c764d6ad41127c55705351215730\")>\nmethod = <function visibility_of_element_located.<locals>._predicate at 0x7f72ac9aaf20>\nmessage = 'Can\\'t find element by locator (\\'xpath\\', \\'//button[@data-test-active-link=\"Similar phrases\"]\\')'\n\n    def until(self, method, message: str = \"\"):\n        \"\"\"Calls the method provided with the driver as an argument until the \\\n        return value does not evaluate to ``False``.\n    \n        :param method: callable(WebDriver)\n        :param message: optional message for :exc:`TimeoutException`\n        :returns: the result of the last call to `method`\n        :raises: :exc:`selenium.common.exceptions.TimeoutException` if timeout occurs\n        \"\"\"\n        screen = None\n        stacktrace = None\n    \n        end_time = time.monotonic() + self._timeout\n        while True:\n            try:\n                value = method(self._driver)\n                if value:\n                    return value\n            except self._ignored_exceptions as exc:\n                screen = getattr(exc, \"screen\", None)\n                stacktrace = getattr(exc, \"stacktrace\", None)\n            time.sleep(self._poll)\n            if time.monotonic() > end_time:\n                break\n>       raise TimeoutException(message, screen, stacktrace)\nE       selenium.common.exceptions.TimeoutException: Message: Can't find element by locator ('xpath', '//button[@data-test-active-link=\"Similar phrases\"]')\nE       Stacktrace:\nE       #0 0x55d0e6f1bffa <unknown>\nE       #1 0x55d0e69da970 <unknown>\nE       #2 0x55d0e6a2c385 <unknown>\nE       #3 0x55d0e6a2c5b1 <unknown>\nE       #4 0x55d0e6a7b3c4 <unknown>\nE       #5 0x55d0e6a522bd <unknown>\nE       #6 0x55d0e6a7870c <unknown>\nE       #7 0x55d0e6a52063 <unknown>\nE       #8 0x55d0e6a1e328 <unknown>\nE       #9 0x55d0e6a1f491 <unknown>\nE       #10 0x55d0e6ee342b <unknown>\nE       #11 0x55d0e6ee72ec <unknown>\nE       #12 0x55d0e6ecaa22 <unknown>\nE       #13 0x55d0e6ee7e64 <unknown>\nE       #14 0x55d0e6eaebef <unknown>\nE       #15 0x55d0e6f0a558 <unknown>\nE       #16 0x55d0e6f0a736 <unknown>\nE       #17 0x55d0e6f1ae76 <unknown>\nE       #18 0x7f990c49caa4 <unknown>\nE       #19 0x7f990c529c3c <unknown>\n\n/opt/hostedtoolcache/Python/3.12.9/x64/lib/python3.12/site-packages/selenium/webdriver/support/wait.py:95: TimeoutException",
    "steps" : [ {
      "name" : "select_group",
      "time" : {
        "start" : 1743989291935,
        "stop" : 1743989312590,
        "duration" : 20655
      },
      "status" : "broken",
      "statusMessage" : "selenium.common.exceptions.TimeoutException: Message: Can't find element by locator ('xpath', '//button[@data-test-active-link=\"Similar phrases\"]')\nStacktrace:\n#0 0x55d0e6f1bffa <unknown>\n#1 0x55d0e69da970 <unknown>\n#2 0x55d0e6a2c385 <unknown>\n#3 0x55d0e6a2c5b1 <unknown>\n#4 0x55d0e6a7b3c4 <unknown>\n#5 0x55d0e6a522bd <unknown>\n#6 0x55d0e6a7870c <unknown>\n#7 0x55d0e6a52063 <unknown>\n#8 0x55d0e6a1e328 <unknown>\n#9 0x55d0e6a1f491 <unknown>\n#10 0x55d0e6ee342b <unknown>\n#11 0x55d0e6ee72ec <unknown>\n#12 0x55d0e6ecaa22 <unknown>\n#13 0x55d0e6ee7e64 <unknown>\n#14 0x55d0e6eaebef <unknown>\n#15 0x55d0e6f0a558 <unknown>\n#16 0x55d0e6f0a736 <unknown>\n#17 0x55d0e6f1ae76 <unknown>\n#18 0x7f990c49caa4 <unknown>\n#19 0x7f990c529c3c <unknown>\n\n",
      "statusTrace" : "  File \"/opt/hostedtoolcache/Python/3.12.9/x64/lib/python3.12/site-packages/allure_commons/_allure.py\", line 192, in impl\n    return func(*a, **kw)\n           ^^^^^^^^^^^^^^\n  File \"/home/runner/work/auto-tests-python/auto-tests-python/pages/speech_exercises_page_en.py\", line 18, in select_group\n    text_of_the_button = self.element_is_present_and_clickable(selector_for_sub_group)\n                         ^^^^^^^^^^^^^^^^^^^^^^^^^^^^^^^^^^^^^^^^^^^^^^^^^^^^^^^^^^^^^\n  File \"/home/runner/work/auto-tests-python/auto-tests-python/pages/base_page.py\", line 40, in element_is_present_and_clickable\n    return (Wait(self.driver, self.timeout).until(\n            ^^^^^^^^^^^^^^^^^^^^^^^^^^^^^^^^^^^^^^\n  File \"/opt/hostedtoolcache/Python/3.12.9/x64/lib/python3.12/site-packages/selenium/webdriver/support/wait.py\", line 95, in until\n    raise TimeoutException(message, screen, stacktrace)\n",
      "steps" : [ {
        "name" : "Select Russian language. Click \"EN\" button.",
        "time" : {
          "start" : 1743989291935,
          "stop" : 1743989292008,
          "duration" : 73
        },
        "status" : "passed",
        "steps" : [ ],
        "attachments" : [ ],
        "parameters" : [ ],
        "stepsCount" : 0,
        "attachmentsCount" : 0,
        "shouldDisplayMessage" : false,
        "hasContent" : false
      }, {
        "name" : "Click button \"SPEECH EXERCISES\".",
        "time" : {
          "start" : 1743989292008,
          "stop" : 1743989292082,
          "duration" : 74
        },
        "status" : "passed",
        "steps" : [ ],
        "attachments" : [ ],
        "parameters" : [ ],
        "stepsCount" : 0,
        "attachmentsCount" : 0,
        "shouldDisplayMessage" : false,
        "hasContent" : false
      } ],
      "attachments" : [ ],
      "parameters" : [ {
        "name" : "selector_for_sub_group",
        "value" : "('xpath', '//button[@data-test-active-link=\"Similar phrases\"]')"
      } ],
      "stepsCount" : 2,
      "attachmentsCount" : 0,
      "shouldDisplayMessage" : true,
      "hasContent" : true
    } ],
    "attachments" : [ ],
    "parameters" : [ ],
    "stepsCount" : 3,
    "attachmentsCount" : 0,
    "shouldDisplayMessage" : true,
    "hasContent" : true
  },
  "afterStages" : [ {
    "name" : "driver::0",
    "time" : {
      "start" : 1743989312600,
      "stop" : 1743989312666,
      "duration" : 66
    },
    "status" : "passed",
    "steps" : [ ],
    "attachments" : [ ],
    "parameters" : [ ],
    "stepsCount" : 0,
    "attachmentsCount" : 0,
    "shouldDisplayMessage" : false,
    "hasContent" : false
  } ],
  "labels" : [ {
    "name" : "suite",
    "value" : "Speech exercises EN."
  }, {
    "name" : "epic",
    "value" : "Speech exercises."
  }, {
    "name" : "tag",
    "value" : "@pytest.mark.xfail"
  }, {
    "name" : "parentSuite",
    "value" : "tests"
  }, {
    "name" : "subSuite",
    "value" : "TestCardsEN"
  }, {
    "name" : "host",
    "value" : "fv-az1940-601"
  }, {
    "name" : "thread",
    "value" : "2478-MainThread"
  }, {
    "name" : "framework",
    "value" : "pytest"
  }, {
    "name" : "language",
    "value" : "cpython3"
  }, {
    "name" : "package",
    "value" : "tests.test_speech_exercises_en"
  }, {
    "name" : "resultFormat",
    "value" : "allure2"
  } ],
  "parameters" : [ ],
  "links" : [ ],
  "hidden" : false,
  "retry" : false,
  "extra" : {
    "severity" : "normal",
    "retries" : [ ],
    "categories" : [ ],
    "history" : {
      "statistic" : {
        "failed" : 0,
        "broken" : 0,
        "skipped" : 81,
        "passed" : 1,
        "unknown" : 0,
        "total" : 82
      },
      "items" : [ {
        "uid" : "c3502d1760841c4",
        "reportUrl" : "https://Brain-up.github.io/auto-tests-python/531//#testresult/c3502d1760841c4",
        "status" : "skipped",
        "statusDetails" : "XFAIL\n\nselenium.common.exceptions.TimeoutException: Message: Can't find element by locator ('xpath', '//button[@data-test-active-link=\"Similar phrases\"]')\nStacktrace:\n#0 0x561d5cd0affa <unknown>\n#1 0x561d5c7c9970 <unknown>\n#2 0x561d5c81b385 <unknown>\n#3 0x561d5c81b5b1 <unknown>\n#4 0x561d5c86a3c4 <unknown>\n#5 0x561d5c8412bd <unknown>\n#6 0x561d5c86770c <unknown>\n#7 0x561d5c841063 <unknown>\n#8 0x561d5c80d328 <unknown>\n#9 0x561d5c80e491 <unknown>\n#10 0x561d5ccd242b <unknown>\n#11 0x561d5ccd62ec <unknown>\n#12 0x561d5ccb9a22 <unknown>\n#13 0x561d5ccd6e64 <unknown>\n#14 0x561d5cc9dbef <unknown>\n#15 0x561d5ccf9558 <unknown>\n#16 0x561d5ccf9736 <unknown>\n#17 0x561d5cd09e76 <unknown>\n#18 0x7f11fc89caa4 <unknown>\n#19 0x7f11fc929c3c <unknown>",
        "time" : {
          "start" : 1743970461517,
          "stop" : 1743970481685,
          "duration" : 20168
        }
      }, {
        "uid" : "cdabbdd86a0bd3a4",
        "reportUrl" : "https://Brain-up.github.io/auto-tests-python/326//#testresult/cdabbdd86a0bd3a4",
        "status" : "skipped",
        "statusDetails" : "XFAIL\n\nselenium.common.exceptions.TimeoutException: Message: Can't find element by locator ('xpath', '//button[@data-test-active-link=\"Similar phrases\"]')\nStacktrace:\n#0 0x55cfff64affa <unknown>\n#1 0x55cfff109970 <unknown>\n#2 0x55cfff15b385 <unknown>\n#3 0x55cfff15b5b1 <unknown>\n#4 0x55cfff1aa3c4 <unknown>\n#5 0x55cfff1812bd <unknown>\n#6 0x55cfff1a770c <unknown>\n#7 0x55cfff181063 <unknown>\n#8 0x55cfff14d328 <unknown>\n#9 0x55cfff14e491 <unknown>\n#10 0x55cfff61242b <unknown>\n#11 0x55cfff6162ec <unknown>\n#12 0x55cfff5f9a22 <unknown>\n#13 0x55cfff616e64 <unknown>\n#14 0x55cfff5ddbef <unknown>\n#15 0x55cfff639558 <unknown>\n#16 0x55cfff639736 <unknown>\n#17 0x55cfff649e76 <unknown>\n#18 0x7f1bf249caa4 <unknown>\n#19 0x7f1bf2529c3c <unknown>",
        "time" : {
          "start" : 1743902749789,
          "stop" : 1743902770441,
          "duration" : 20652
        }
      }, {
        "uid" : "eaf3565cc000af4",
        "reportUrl" : "https://Brain-up.github.io/auto-tests-python/530//#testresult/eaf3565cc000af4",
        "status" : "skipped",
        "statusDetails" : "XFAIL\n\nselenium.common.exceptions.TimeoutException: Message: Can't find element by locator ('xpath', '//button[@data-test-active-link=\"Similar phrases\"]')\nStacktrace:\n#0 0x557f5cc4bffa <unknown>\n#1 0x557f5c70a970 <unknown>\n#2 0x557f5c75c385 <unknown>\n#3 0x557f5c75c5b1 <unknown>\n#4 0x557f5c7ab3c4 <unknown>\n#5 0x557f5c7822bd <unknown>\n#6 0x557f5c7a870c <unknown>\n#7 0x557f5c782063 <unknown>\n#8 0x557f5c74e328 <unknown>\n#9 0x557f5c74f491 <unknown>\n#10 0x557f5cc1342b <unknown>\n#11 0x557f5cc172ec <unknown>\n#12 0x557f5cbfaa22 <unknown>\n#13 0x557f5cc17e64 <unknown>\n#14 0x557f5cbdebef <unknown>\n#15 0x557f5cc3a558 <unknown>\n#16 0x557f5cc3a736 <unknown>\n#17 0x557f5cc4ae76 <unknown>\n#18 0x7f3bc8c9caa4 <unknown>\n#19 0x7f3bc8d29c3c <unknown>",
        "time" : {
          "start" : 1743844982127,
          "stop" : 1743845002788,
          "duration" : 20661
        }
      }, {
        "uid" : "982c5d57a5f9cbc5",
        "reportUrl" : "https://Brain-up.github.io/auto-tests-python/325//#testresult/982c5d57a5f9cbc5",
        "status" : "skipped",
        "statusDetails" : "XFAIL\n\nselenium.common.exceptions.TimeoutException: Message: Can't find element by locator ('xpath', '//button[@data-test-active-link=\"Similar phrases\"]')\nStacktrace:\n#0 0x556ae1210ffa <unknown>\n#1 0x556ae0ccf970 <unknown>\n#2 0x556ae0d21385 <unknown>\n#3 0x556ae0d215b1 <unknown>\n#4 0x556ae0d703c4 <unknown>\n#5 0x556ae0d472bd <unknown>\n#6 0x556ae0d6d70c <unknown>\n#7 0x556ae0d47063 <unknown>\n#8 0x556ae0d13328 <unknown>\n#9 0x556ae0d14491 <unknown>\n#10 0x556ae11d842b <unknown>\n#11 0x556ae11dc2ec <unknown>\n#12 0x556ae11bfa22 <unknown>\n#13 0x556ae11dce64 <unknown>\n#14 0x556ae11a3bef <unknown>\n#15 0x556ae11ff558 <unknown>\n#16 0x556ae11ff736 <unknown>\n#17 0x556ae120fe76 <unknown>\n#18 0x7fa468e9caa4 <unknown>\n#19 0x7fa468f29c3c <unknown>",
        "time" : {
          "start" : 1743816022287,
          "stop" : 1743816042936,
          "duration" : 20649
        }
      }, {
        "uid" : "1ae3f28e49e0f710",
        "reportUrl" : "https://Brain-up.github.io/auto-tests-python/529//#testresult/1ae3f28e49e0f710",
        "status" : "skipped",
        "statusDetails" : "XFAIL\n\nselenium.common.exceptions.TimeoutException: Message: Can't find element by locator ('xpath', '//button[@data-test-active-link=\"Similar phrases\"]')\nStacktrace:\n#0 0x55f029adcffa <unknown>\n#1 0x55f02959b970 <unknown>\n#2 0x55f0295ed385 <unknown>\n#3 0x55f0295ed5b1 <unknown>\n#4 0x55f02963c3c4 <unknown>\n#5 0x55f0296132bd <unknown>\n#6 0x55f02963970c <unknown>\n#7 0x55f029613063 <unknown>\n#8 0x55f0295df328 <unknown>\n#9 0x55f0295e0491 <unknown>\n#10 0x55f029aa442b <unknown>\n#11 0x55f029aa82ec <unknown>\n#12 0x55f029a8ba22 <unknown>\n#13 0x55f029aa8e64 <unknown>\n#14 0x55f029a6fbef <unknown>\n#15 0x55f029acb558 <unknown>\n#16 0x55f029acb736 <unknown>\n#17 0x55f029adbe76 <unknown>\n#18 0x7f8c0089caa4 <unknown>\n#19 0x7f8c00929c3c <unknown>",
        "time" : {
          "start" : 1743797656472,
          "stop" : 1743797676628,
          "duration" : 20156
        }
      }, {
        "uid" : "bb732e8b864d2e99",
        "reportUrl" : "https://Brain-up.github.io/auto-tests-python/324//#testresult/bb732e8b864d2e99",
        "status" : "skipped",
        "statusDetails" : "XFAIL\n\nselenium.common.exceptions.TimeoutException: Message: Can't find element by locator ('xpath', '//button[@data-test-active-link=\"Similar phrases\"]')\nStacktrace:\n#0 0x55fa7ebd7ffa <unknown>\n#1 0x55fa7e696970 <unknown>\n#2 0x55fa7e6e8385 <unknown>\n#3 0x55fa7e6e85b1 <unknown>\n#4 0x55fa7e7373c4 <unknown>\n#5 0x55fa7e70e2bd <unknown>\n#6 0x55fa7e73470c <unknown>\n#7 0x55fa7e70e063 <unknown>\n#8 0x55fa7e6da328 <unknown>\n#9 0x55fa7e6db491 <unknown>\n#10 0x55fa7eb9f42b <unknown>\n#11 0x55fa7eba32ec <unknown>\n#12 0x55fa7eb86a22 <unknown>\n#13 0x55fa7eba3e64 <unknown>\n#14 0x55fa7eb6abef <unknown>\n#15 0x55fa7ebc6558 <unknown>\n#16 0x55fa7ebc6736 <unknown>\n#17 0x55fa7ebd6e76 <unknown>\n#18 0x7fc99e09caa4 <unknown>\n#19 0x7fc99e129c3c <unknown>",
        "time" : {
          "start" : 1743729805537,
          "stop" : 1743729825689,
          "duration" : 20152
        }
      }, {
        "uid" : "d33ebaf62b76c374",
        "reportUrl" : "https://Brain-up.github.io/auto-tests-python/528//#testresult/d33ebaf62b76c374",
        "status" : "skipped",
        "statusDetails" : "XFAIL\n\nselenium.common.exceptions.TimeoutException: Message: Can't find element by locator ('xpath', '//button[@data-test-active-link=\"Similar phrases\"]')\nStacktrace:\n#0 0x5559621b0ffa <unknown>\n#1 0x555961c6f970 <unknown>\n#2 0x555961cc1385 <unknown>\n#3 0x555961cc15b1 <unknown>\n#4 0x555961d103c4 <unknown>\n#5 0x555961ce72bd <unknown>\n#6 0x555961d0d70c <unknown>\n#7 0x555961ce7063 <unknown>\n#8 0x555961cb3328 <unknown>\n#9 0x555961cb4491 <unknown>\n#10 0x55596217842b <unknown>\n#11 0x55596217c2ec <unknown>\n#12 0x55596215fa22 <unknown>\n#13 0x55596217ce64 <unknown>\n#14 0x555962143bef <unknown>\n#15 0x55596219f558 <unknown>\n#16 0x55596219f736 <unknown>\n#17 0x5559621afe76 <unknown>\n#18 0x7f5ac889caa4 <unknown>\n#19 0x7f5ac8929c3c <unknown>",
        "time" : {
          "start" : 1743678175630,
          "stop" : 1743678195782,
          "duration" : 20152
        }
      }, {
        "uid" : "998d0df45ef3468c",
        "reportUrl" : "https://Brain-up.github.io/auto-tests-python/323//#testresult/998d0df45ef3468c",
        "status" : "skipped",
        "statusDetails" : "XFAIL\n\nselenium.common.exceptions.TimeoutException: Message: Can't find element by locator ('xpath', '//button[@data-test-active-link=\"Similar phrases\"]')\nStacktrace:\n#0 0x5650a6989ffa <unknown>\n#1 0x5650a6448970 <unknown>\n#2 0x5650a649a385 <unknown>\n#3 0x5650a649a5b1 <unknown>\n#4 0x5650a64e93c4 <unknown>\n#5 0x5650a64c02bd <unknown>\n#6 0x5650a64e670c <unknown>\n#7 0x5650a64c0063 <unknown>\n#8 0x5650a648c328 <unknown>\n#9 0x5650a648d491 <unknown>\n#10 0x5650a695142b <unknown>\n#11 0x5650a69552ec <unknown>\n#12 0x5650a6938a22 <unknown>\n#13 0x5650a6955e64 <unknown>\n#14 0x5650a691cbef <unknown>\n#15 0x5650a6978558 <unknown>\n#16 0x5650a6978736 <unknown>\n#17 0x5650a6988e76 <unknown>\n#18 0x7f359f29caa4 <unknown>\n#19 0x7f359f329c3c <unknown>",
        "time" : {
          "start" : 1743643563943,
          "stop" : 1743643584117,
          "duration" : 20174
        }
      }, {
        "uid" : "1341e7526eeb66da",
        "reportUrl" : "https://Brain-up.github.io/auto-tests-python/527//#testresult/1341e7526eeb66da",
        "status" : "skipped",
        "statusDetails" : "XFAIL\n\nselenium.common.exceptions.TimeoutException: Message: Can't find element by locator ('xpath', '//button[@data-test-active-link=\"Similar phrases\"]')\nStacktrace:\n#0 0x55cb14376ffa <unknown>\n#1 0x55cb13e35970 <unknown>\n#2 0x55cb13e87385 <unknown>\n#3 0x55cb13e875b1 <unknown>\n#4 0x55cb13ed63c4 <unknown>\n#5 0x55cb13ead2bd <unknown>\n#6 0x55cb13ed370c <unknown>\n#7 0x55cb13ead063 <unknown>\n#8 0x55cb13e79328 <unknown>\n#9 0x55cb13e7a491 <unknown>\n#10 0x55cb1433e42b <unknown>\n#11 0x55cb143422ec <unknown>\n#12 0x55cb14325a22 <unknown>\n#13 0x55cb14342e64 <unknown>\n#14 0x55cb14309bef <unknown>\n#15 0x55cb14365558 <unknown>\n#16 0x55cb14365736 <unknown>\n#17 0x55cb14375e76 <unknown>\n#18 0x7fc2a829caa4 <unknown>\n#19 0x7fc2a8329c3c <unknown>",
        "time" : {
          "start" : 1743617404919,
          "stop" : 1743617425079,
          "duration" : 20160
        }
      }, {
        "uid" : "217c7aa69fc8336c",
        "reportUrl" : "https://Brain-up.github.io/auto-tests-python/322//#testresult/217c7aa69fc8336c",
        "status" : "skipped",
        "statusDetails" : "XFAIL\n\nselenium.common.exceptions.TimeoutException: Message: Can't find element by locator ('xpath', '//button[@data-test-active-link=\"Similar phrases\"]')\nStacktrace:\n#0 0x55d3ad605ffa <unknown>\n#1 0x55d3ad0c4970 <unknown>\n#2 0x55d3ad116385 <unknown>\n#3 0x55d3ad1165b1 <unknown>\n#4 0x55d3ad1653c4 <unknown>\n#5 0x55d3ad13c2bd <unknown>\n#6 0x55d3ad16270c <unknown>\n#7 0x55d3ad13c063 <unknown>\n#8 0x55d3ad108328 <unknown>\n#9 0x55d3ad109491 <unknown>\n#10 0x55d3ad5cd42b <unknown>\n#11 0x55d3ad5d12ec <unknown>\n#12 0x55d3ad5b4a22 <unknown>\n#13 0x55d3ad5d1e64 <unknown>\n#14 0x55d3ad598bef <unknown>\n#15 0x55d3ad5f4558 <unknown>\n#16 0x55d3ad5f4736 <unknown>\n#17 0x55d3ad604e76 <unknown>\n#18 0x7f2543c9caa4 <unknown>\n#19 0x7f2543d29c3c <unknown>",
        "time" : {
          "start" : 1743556916203,
          "stop" : 1743556936408,
          "duration" : 20205
        }
      }, {
        "uid" : "71490f3b987d3b51",
        "reportUrl" : "https://Brain-up.github.io/auto-tests-python/526//#testresult/71490f3b987d3b51",
        "status" : "skipped",
        "statusDetails" : "XFAIL\n\nselenium.common.exceptions.TimeoutException: Message: Can't find element by locator ('xpath', '//button[@data-test-active-link=\"Similar phrases\"]')\nStacktrace:\n#0 0x560575df6ffa <unknown>\n#1 0x5605758b5970 <unknown>\n#2 0x560575907385 <unknown>\n#3 0x5605759075b1 <unknown>\n#4 0x5605759563c4 <unknown>\n#5 0x56057592d2bd <unknown>\n#6 0x56057595370c <unknown>\n#7 0x56057592d063 <unknown>\n#8 0x5605758f9328 <unknown>\n#9 0x5605758fa491 <unknown>\n#10 0x560575dbe42b <unknown>\n#11 0x560575dc22ec <unknown>\n#12 0x560575da5a22 <unknown>\n#13 0x560575dc2e64 <unknown>\n#14 0x560575d89bef <unknown>\n#15 0x560575de5558 <unknown>\n#16 0x560575de5736 <unknown>\n#17 0x560575df5e76 <unknown>\n#18 0x7fcc3849caa4 <unknown>\n#19 0x7fcc38529c3c <unknown>",
        "time" : {
          "start" : 1743534614481,
          "stop" : 1743534634661,
          "duration" : 20180
        }
      }, {
        "uid" : "3ad90a1822f9e1ae",
        "reportUrl" : "https://Brain-up.github.io/auto-tests-python/321//#testresult/3ad90a1822f9e1ae",
        "status" : "passed",
        "statusDetails" : "XPASS",
        "time" : {
          "start" : 1743471004290,
          "stop" : 1743471014079,
          "duration" : 9789
        }
      }, {
        "uid" : "b1ea031eb358080a",
        "reportUrl" : "https://Brain-up.github.io/auto-tests-python/525//#testresult/b1ea031eb358080a",
        "status" : "skipped",
        "statusDetails" : "XFAIL\n\nselenium.common.exceptions.TimeoutException: Message: Can't find element by locator ('xpath', '//button[@data-test-active-link=\"Similar phrases\"]')\nStacktrace:\n#0 0x55f2e483bffa <unknown>\n#1 0x55f2e42fa970 <unknown>\n#2 0x55f2e434c385 <unknown>\n#3 0x55f2e434c5b1 <unknown>\n#4 0x55f2e439b3c4 <unknown>\n#5 0x55f2e43722bd <unknown>\n#6 0x55f2e439870c <unknown>\n#7 0x55f2e4372063 <unknown>\n#8 0x55f2e433e328 <unknown>\n#9 0x55f2e433f491 <unknown>\n#10 0x55f2e480342b <unknown>\n#11 0x55f2e48072ec <unknown>\n#12 0x55f2e47eaa22 <unknown>\n#13 0x55f2e4807e64 <unknown>\n#14 0x55f2e47cebef <unknown>\n#15 0x55f2e482a558 <unknown>\n#16 0x55f2e482a736 <unknown>\n#17 0x55f2e483ae76 <unknown>\n#18 0x7f441f49caa4 <unknown>\n#19 0x7f441f529c3c <unknown>",
        "time" : {
          "start" : 1743455184787,
          "stop" : 1743455205438,
          "duration" : 20651
        }
      }, {
        "uid" : "d1205739a6614bd1",
        "reportUrl" : "https://Brain-up.github.io/auto-tests-python/320//#testresult/d1205739a6614bd1",
        "status" : "skipped",
        "statusDetails" : "XFAIL\n\nselenium.common.exceptions.TimeoutException: Message: Can't find element by locator ('xpath', '//button[@data-test-active-link=\"Similar phrases\"]')\nStacktrace:\n#0 0x559f690d0ffa <unknown>\n#1 0x559f68b8f970 <unknown>\n#2 0x559f68be1385 <unknown>\n#3 0x559f68be15b1 <unknown>\n#4 0x559f68c303c4 <unknown>\n#5 0x559f68c072bd <unknown>\n#6 0x559f68c2d70c <unknown>\n#7 0x559f68c07063 <unknown>\n#8 0x559f68bd3328 <unknown>\n#9 0x559f68bd4491 <unknown>\n#10 0x559f6909842b <unknown>\n#11 0x559f6909c2ec <unknown>\n#12 0x559f6907fa22 <unknown>\n#13 0x559f6909ce64 <unknown>\n#14 0x559f69063bef <unknown>\n#15 0x559f690bf558 <unknown>\n#16 0x559f690bf736 <unknown>\n#17 0x559f690cfe76 <unknown>\n#18 0x7f7e45c9caa4 <unknown>\n#19 0x7f7e45d29c3c <unknown>",
        "time" : {
          "start" : 1743384316339,
          "stop" : 1743384336525,
          "duration" : 20186
        }
      }, {
        "uid" : "e0ccab59da2fdcf",
        "reportUrl" : "https://Brain-up.github.io/auto-tests-python/319//#testresult/e0ccab59da2fdcf",
        "status" : "skipped",
        "statusDetails" : "XFAIL\n\nselenium.common.exceptions.TimeoutException: Message: Can't find element by locator ('xpath', '//button[@data-test-active-link=\"Similar phrases\"]')\nStacktrace:\n#0 0x55855c732ffa <unknown>\n#1 0x55855c1f1970 <unknown>\n#2 0x55855c243385 <unknown>\n#3 0x55855c2435b1 <unknown>\n#4 0x55855c2923c4 <unknown>\n#5 0x55855c2692bd <unknown>\n#6 0x55855c28f70c <unknown>\n#7 0x55855c269063 <unknown>\n#8 0x55855c235328 <unknown>\n#9 0x55855c236491 <unknown>\n#10 0x55855c6fa42b <unknown>\n#11 0x55855c6fe2ec <unknown>\n#12 0x55855c6e1a22 <unknown>\n#13 0x55855c6fee64 <unknown>\n#14 0x55855c6c5bef <unknown>\n#15 0x55855c721558 <unknown>\n#16 0x55855c721736 <unknown>\n#17 0x55855c731e76 <unknown>\n#18 0x7f8dd3a9caa4 <unknown>\n#19 0x7f8dd3b29c3c <unknown>",
        "time" : {
          "start" : 1743298177563,
          "stop" : 1743298198220,
          "duration" : 20657
        }
      }, {
        "uid" : "7530eeba67e2510f",
        "reportUrl" : "https://Brain-up.github.io/auto-tests-python/524//#testresult/7530eeba67e2510f",
        "status" : "skipped",
        "statusDetails" : "XFAIL\n\nselenium.common.exceptions.TimeoutException: Message: Can't find element by locator ('xpath', '//button[@data-test-active-link=\"Similar phrases\"]')\nStacktrace:\n#0 0x55d0fcd65ffa <unknown>\n#1 0x55d0fc824970 <unknown>\n#2 0x55d0fc876385 <unknown>\n#3 0x55d0fc8765b1 <unknown>\n#4 0x55d0fc8c53c4 <unknown>\n#5 0x55d0fc89c2bd <unknown>\n#6 0x55d0fc8c270c <unknown>\n#7 0x55d0fc89c063 <unknown>\n#8 0x55d0fc868328 <unknown>\n#9 0x55d0fc869491 <unknown>\n#10 0x55d0fcd2d42b <unknown>\n#11 0x55d0fcd312ec <unknown>\n#12 0x55d0fcd14a22 <unknown>\n#13 0x55d0fcd31e64 <unknown>\n#14 0x55d0fccf8bef <unknown>\n#15 0x55d0fcd54558 <unknown>\n#16 0x55d0fcd54736 <unknown>\n#17 0x55d0fcd64e76 <unknown>\n#18 0x7fac37e9caa4 <unknown>\n#19 0x7fac37f29c3c <unknown>",
        "time" : {
          "start" : 1743283556791,
          "stop" : 1743283577449,
          "duration" : 20658
        }
      }, {
        "uid" : "a8baf650b21c0340",
        "reportUrl" : "https://Brain-up.github.io/auto-tests-python/523//#testresult/a8baf650b21c0340",
        "status" : "skipped",
        "statusDetails" : "XFAIL\n\nselenium.common.exceptions.TimeoutException: Message: Can't find element by locator ('xpath', '//button[@data-test-active-link=\"Similar phrases\"]')\nStacktrace:\n#0 0x56097c5bba1a <unknown>\n#1 0x56097c073390 <unknown>\n#2 0x56097c0c4c85 <unknown>\n#3 0x56097c0c4eb1 <unknown>\n#4 0x56097c113d64 <unknown>\n#5 0x56097c0eabfd <unknown>\n#6 0x56097c11107b <unknown>\n#7 0x56097c0ea9a3 <unknown>\n#8 0x56097c0b660e <unknown>\n#9 0x56097c0b7dd1 <unknown>\n#10 0x56097c581ddb <unknown>\n#11 0x56097c585cbc <unknown>\n#12 0x56097c569392 <unknown>\n#13 0x56097c586834 <unknown>\n#14 0x56097c54d1ef <unknown>\n#15 0x56097c5aa038 <unknown>\n#16 0x56097c5aa216 <unknown>\n#17 0x56097c5ba896 <unknown>\n#18 0x7f6bfd89caa4 <unknown>\n#19 0x7f6bfd929c3c <unknown>",
        "time" : {
          "start" : 1743262850368,
          "stop" : 1743262870531,
          "duration" : 20163
        }
      }, {
        "uid" : "7b9a5af59b07de1e",
        "reportUrl" : "https://Brain-up.github.io/auto-tests-python/318//#testresult/7b9a5af59b07de1e",
        "status" : "skipped",
        "statusDetails" : "XFAIL\n\nselenium.common.exceptions.TimeoutException: Message: Can't find element by locator ('xpath', '//button[@data-test-active-link=\"Similar phrases\"]')\nStacktrace:\n#0 0x560e1944affa <unknown>\n#1 0x560e18f09970 <unknown>\n#2 0x560e18f5b385 <unknown>\n#3 0x560e18f5b5b1 <unknown>\n#4 0x560e18faa3c4 <unknown>\n#5 0x560e18f812bd <unknown>\n#6 0x560e18fa770c <unknown>\n#7 0x560e18f81063 <unknown>\n#8 0x560e18f4d328 <unknown>\n#9 0x560e18f4e491 <unknown>\n#10 0x560e1941242b <unknown>\n#11 0x560e194162ec <unknown>\n#12 0x560e193f9a22 <unknown>\n#13 0x560e19416e64 <unknown>\n#14 0x560e193ddbef <unknown>\n#15 0x560e19439558 <unknown>\n#16 0x560e19439736 <unknown>\n#17 0x560e19449e76 <unknown>\n#18 0x7f4c9709caa4 <unknown>\n#19 0x7f4c97129c3c <unknown>",
        "time" : {
          "start" : 1743211591578,
          "stop" : 1743211612232,
          "duration" : 20654
        }
      }, {
        "uid" : "3d82d6e84a087a45",
        "reportUrl" : "https://Brain-up.github.io/auto-tests-python/317//#testresult/3d82d6e84a087a45",
        "status" : "skipped",
        "statusDetails" : "XFAIL\n\nselenium.common.exceptions.TimeoutException: Message: Can't find element by locator ('xpath', '//button[@data-test-active-link=\"Similar phrases\"]')\nStacktrace:\n#0 0x56470cd49ffa <unknown>\n#1 0x56470c808970 <unknown>\n#2 0x56470c85a385 <unknown>\n#3 0x56470c85a5b1 <unknown>\n#4 0x56470c8a93c4 <unknown>\n#5 0x56470c8802bd <unknown>\n#6 0x56470c8a670c <unknown>\n#7 0x56470c880063 <unknown>\n#8 0x56470c84c328 <unknown>\n#9 0x56470c84d491 <unknown>\n#10 0x56470cd1142b <unknown>\n#11 0x56470cd152ec <unknown>\n#12 0x56470ccf8a22 <unknown>\n#13 0x56470cd15e64 <unknown>\n#14 0x56470ccdcbef <unknown>\n#15 0x56470cd38558 <unknown>\n#16 0x56470cd38736 <unknown>\n#17 0x56470cd48e76 <unknown>\n#18 0x7f4e24e9caa4 <unknown>\n#19 0x7f4e24f29c3c <unknown>",
        "time" : {
          "start" : 1743125054616,
          "stop" : 1743125074789,
          "duration" : 20173
        }
      }, {
        "uid" : "cbacae948a87cf82",
        "reportUrl" : "https://Brain-up.github.io/auto-tests-python/522//#testresult/cbacae948a87cf82",
        "status" : "skipped",
        "statusDetails" : "XFAIL\n\nselenium.common.exceptions.TimeoutException: Message: Can't find element by locator ('xpath', '//button[@data-test-active-link=\"Similar phrases\"]')\nStacktrace:\n#0 0x55f39e5a6ffa <unknown>\n#1 0x55f39e065970 <unknown>\n#2 0x55f39e0b7385 <unknown>\n#3 0x55f39e0b75b1 <unknown>\n#4 0x55f39e1063c4 <unknown>\n#5 0x55f39e0dd2bd <unknown>\n#6 0x55f39e10370c <unknown>\n#7 0x55f39e0dd063 <unknown>\n#8 0x55f39e0a9328 <unknown>\n#9 0x55f39e0aa491 <unknown>\n#10 0x55f39e56e42b <unknown>\n#11 0x55f39e5722ec <unknown>\n#12 0x55f39e555a22 <unknown>\n#13 0x55f39e572e64 <unknown>\n#14 0x55f39e539bef <unknown>\n#15 0x55f39e595558 <unknown>\n#16 0x55f39e595736 <unknown>\n#17 0x55f39e5a5e76 <unknown>\n#18 0x7fab3a69caa4 <unknown>\n#19 0x7fab3a729c3c <unknown>",
        "time" : {
          "start" : 1743111290454,
          "stop" : 1743111311075,
          "duration" : 20621
        }
      } ]
    },
    "tags" : [ "@pytest.mark.xfail" ]
  },
  "source" : "f121547f87b10dda.json",
  "parameterValues" : [ ]
}