{
  "uid" : "4c645d123baec197",
  "name" : "Select random card from group \"Слова\" and compare UI vs BACKEND data.",
  "fullName" : "tests.test_speech_exercises_ru.TestCardsRU#test_random_word_cards_ru",
  "historyId" : "8a3e3d5c9f6e80dd99c857fd999b79e1",
  "time" : {
    "start" : 1716167880778,
    "stop" : 1716167902453,
    "duration" : 21675
  },
  "status" : "skipped",
  "statusMessage" : "XFAIL\n\nselenium.common.exceptions.TimeoutException: Message: Can't find element by locator ('xpath', '//button[@data-test-active-link=\"Слова\"]')\nStacktrace:\n#0 0x5617378bfeca <unknown>\n#1 0x5617375a945c <unknown>\n#2 0x5617375f55b5 <unknown>\n#3 0x5617375f5671 <unknown>\n#4 0x561737639f14 <unknown>\n#5 0x5617376184dd <unknown>\n#6 0x5617376372cc <unknown>\n#7 0x561737618253 <unknown>\n#8 0x5617375e81c7 <unknown>\n#9 0x5617375e8b3e <unknown>\n#10 0x56173788630b <unknown>\n#11 0x56173788a3b7 <unknown>\n#12 0x561737872e3e <unknown>\n#13 0x56173788ae82 <unknown>\n#14 0x5617378577df <unknown>\n#15 0x5617378af1b8 <unknown>\n#16 0x5617378af38b <unknown>\n#17 0x5617378beffc <unknown>\n#18 0x7f81c9094ac3 <unknown>",
  "statusTrace" : "self = <tests.test_speech_exercises_ru.TestCardsRU object at 0x7f6c179602f0>\ndriver = <selenium.webdriver.chrome.webdriver.WebDriver (session=\"6f72700cc290ba8840e745c173e6a1f5\")>\nspecialist_user_authorized = None\n\n    @pytest.mark.xfail\n    @allure.suite(\"Речевые упражнения.\")\n    @allure.title('Select random card from group \"Слова\" and compare UI vs BACKEND data.')\n    def test_random_word_cards_ru(self, driver, specialist_user_authorized):\n        page = SpeechExercisesPageRU(driver)\n>       page.select_group(SpeechExercisesPageLocators.WORDS_BUTTON_RU)\n\ntests/test_speech_exercises_ru.py:16: \n_ _ _ _ _ _ _ _ _ _ _ _ _ _ _ _ _ _ _ _ _ _ _ _ _ _ _ _ _ _ _ _ _ _ _ _ _ _ _ _ \npages/speech_exercises_page_ru.py:25: in select_group\n    text_of_the_button = self.element_is_present_and_clickable(selector_for_sub_group)\npages/base_page.py:32: in element_is_present_and_clickable\n    return (Wait(self.driver, self.timeout).until(\n_ _ _ _ _ _ _ _ _ _ _ _ _ _ _ _ _ _ _ _ _ _ _ _ _ _ _ _ _ _ _ _ _ _ _ _ _ _ _ _ \n\nself = <selenium.webdriver.support.wait.WebDriverWait (session=\"6f72700cc290ba8840e745c173e6a1f5\")>\nmethod = <function visibility_of_element_located.<locals>._predicate at 0x7f6c178c9da0>\nmessage = 'Can\\'t find element by locator (\\'xpath\\', \\'//button[@data-test-active-link=\"Слова\"]\\')'\n\n    def until(self, method, message: str = \"\"):\n        \"\"\"Calls the method provided with the driver as an argument until the \\\n        return value does not evaluate to ``False``.\n    \n        :param method: callable(WebDriver)\n        :param message: optional message for :exc:`TimeoutException`\n        :returns: the result of the last call to `method`\n        :raises: :exc:`selenium.common.exceptions.TimeoutException` if timeout occurs\n        \"\"\"\n        screen = None\n        stacktrace = None\n    \n        end_time = time.monotonic() + self._timeout\n        while True:\n            try:\n                value = method(self._driver)\n                if value:\n                    return value\n            except self._ignored_exceptions as exc:\n                screen = getattr(exc, \"screen\", None)\n                stacktrace = getattr(exc, \"stacktrace\", None)\n            time.sleep(self._poll)\n            if time.monotonic() > end_time:\n                break\n>       raise TimeoutException(message, screen, stacktrace)\nE       selenium.common.exceptions.TimeoutException: Message: Can't find element by locator ('xpath', '//button[@data-test-active-link=\"Слова\"]')\nE       Stacktrace:\nE       #0 0x5617378bfeca <unknown>\nE       #1 0x5617375a945c <unknown>\nE       #2 0x5617375f55b5 <unknown>\nE       #3 0x5617375f5671 <unknown>\nE       #4 0x561737639f14 <unknown>\nE       #5 0x5617376184dd <unknown>\nE       #6 0x5617376372cc <unknown>\nE       #7 0x561737618253 <unknown>\nE       #8 0x5617375e81c7 <unknown>\nE       #9 0x5617375e8b3e <unknown>\nE       #10 0x56173788630b <unknown>\nE       #11 0x56173788a3b7 <unknown>\nE       #12 0x561737872e3e <unknown>\nE       #13 0x56173788ae82 <unknown>\nE       #14 0x5617378577df <unknown>\nE       #15 0x5617378af1b8 <unknown>\nE       #16 0x5617378af38b <unknown>\nE       #17 0x5617378beffc <unknown>\nE       #18 0x7f81c9094ac3 <unknown>\n\n/opt/hostedtoolcache/Python/3.12.3/x64/lib/python3.12/site-packages/selenium/webdriver/support/wait.py:95: TimeoutException",
  "flaky" : false,
  "newFailed" : false,
  "beforeStages" : [ {
    "name" : "specialist_user_authorized",
    "time" : {
      "start" : 1716167878412,
      "stop" : 1716167880778,
      "duration" : 2366
    },
    "status" : "passed",
    "steps" : [ {
      "name" : "USER specialist authorized",
      "time" : {
        "start" : 1716167878412,
        "stop" : 1716167880778,
        "duration" : 2366
      },
      "status" : "passed",
      "steps" : [ {
        "name" : "Check element is visible and clickable: ('xpath', '//a[@id=\"ember11\"]')",
        "time" : {
          "start" : 1716167878412,
          "stop" : 1716167878451,
          "duration" : 39
        },
        "status" : "passed",
        "steps" : [ {
          "name" : "Check element is clickable",
          "time" : {
            "start" : 1716167878432,
            "stop" : 1716167878451,
            "duration" : 19
          },
          "status" : "passed",
          "steps" : [ {
            "name" : "Check element is clickable: ('xpath', '//a[@id=\"ember11\"]')",
            "time" : {
              "start" : 1716167878432,
              "stop" : 1716167878451,
              "duration" : 19
            },
            "status" : "passed",
            "steps" : [ ],
            "attachments" : [ ],
            "parameters" : [ ],
            "stepsCount" : 0,
            "attachmentsCount" : 0,
            "shouldDisplayMessage" : false,
            "hasContent" : false
          } ],
          "attachments" : [ ],
          "parameters" : [ {
            "name" : "locator",
            "value" : "('xpath', '//a[@id=\"ember11\"]')"
          } ],
          "stepsCount" : 1,
          "attachmentsCount" : 0,
          "shouldDisplayMessage" : false,
          "hasContent" : true
        } ],
        "attachments" : [ ],
        "parameters" : [ ],
        "stepsCount" : 2,
        "attachmentsCount" : 0,
        "shouldDisplayMessage" : false,
        "hasContent" : true
      }, {
        "name" : "Check element is visible: ('xpath', '//input[@id=\"login\"]')",
        "time" : {
          "start" : 1716167878502,
          "stop" : 1716167878527,
          "duration" : 25
        },
        "status" : "passed",
        "steps" : [ {
          "name" : "Check element is present: ('xpath', '//input[@id=\"login\"]')",
          "time" : {
            "start" : 1716167878502,
            "stop" : 1716167878511,
            "duration" : 9
          },
          "status" : "passed",
          "steps" : [ ],
          "attachments" : [ ],
          "parameters" : [ ],
          "stepsCount" : 0,
          "attachmentsCount" : 0,
          "shouldDisplayMessage" : false,
          "hasContent" : false
        }, {
          "name" : "Go to element: <selenium.webdriver.remote.webelement.WebElement (session=\"6f72700cc290ba8840e745c173e6a1f5\", element=\"f.1C8249614326935DF3F6BD6D17D4D0B9.d.BD976A181C8753BA8D6B369431E661E0.e.26\")>",
          "time" : {
            "start" : 1716167878512,
            "stop" : 1716167878516,
            "duration" : 4
          },
          "status" : "passed",
          "steps" : [ ],
          "attachments" : [ ],
          "parameters" : [ ],
          "stepsCount" : 0,
          "attachmentsCount" : 0,
          "shouldDisplayMessage" : false,
          "hasContent" : false
        } ],
        "attachments" : [ ],
        "parameters" : [ ],
        "stepsCount" : 2,
        "attachmentsCount" : 0,
        "shouldDisplayMessage" : false,
        "hasContent" : true
      }, {
        "name" : "Check element is visible: ('xpath', '//input[@id=\"password\"]')",
        "time" : {
          "start" : 1716167878595,
          "stop" : 1716167878624,
          "duration" : 29
        },
        "status" : "passed",
        "steps" : [ {
          "name" : "Check element is present: ('xpath', '//input[@id=\"password\"]')",
          "time" : {
            "start" : 1716167878595,
            "stop" : 1716167878607,
            "duration" : 12
          },
          "status" : "passed",
          "steps" : [ ],
          "attachments" : [ ],
          "parameters" : [ ],
          "stepsCount" : 0,
          "attachmentsCount" : 0,
          "shouldDisplayMessage" : false,
          "hasContent" : false
        }, {
          "name" : "Go to element: <selenium.webdriver.remote.webelement.WebElement (session=\"6f72700cc290ba8840e745c173e6a1f5\", element=\"f.1C8249614326935DF3F6BD6D17D4D0B9.d.BD976A181C8753BA8D6B369431E661E0.e.30\")>",
          "time" : {
            "start" : 1716167878607,
            "stop" : 1716167878611,
            "duration" : 4
          },
          "status" : "passed",
          "steps" : [ ],
          "attachments" : [ ],
          "parameters" : [ ],
          "stepsCount" : 0,
          "attachmentsCount" : 0,
          "shouldDisplayMessage" : false,
          "hasContent" : false
        } ],
        "attachments" : [ ],
        "parameters" : [ ],
        "stepsCount" : 2,
        "attachmentsCount" : 0,
        "shouldDisplayMessage" : false,
        "hasContent" : true
      }, {
        "name" : "Check element is visible and clickable: ('xpath', '//*[@type=\"submit\"]')",
        "time" : {
          "start" : 1716167878663,
          "stop" : 1716167878703,
          "duration" : 40
        },
        "status" : "passed",
        "steps" : [ {
          "name" : "Check element is clickable",
          "time" : {
            "start" : 1716167878687,
            "stop" : 1716167878703,
            "duration" : 16
          },
          "status" : "passed",
          "steps" : [ {
            "name" : "Check element is clickable: ('xpath', '//*[@type=\"submit\"]')",
            "time" : {
              "start" : 1716167878687,
              "stop" : 1716167878703,
              "duration" : 16
            },
            "status" : "passed",
            "steps" : [ ],
            "attachments" : [ ],
            "parameters" : [ ],
            "stepsCount" : 0,
            "attachmentsCount" : 0,
            "shouldDisplayMessage" : false,
            "hasContent" : false
          } ],
          "attachments" : [ ],
          "parameters" : [ {
            "name" : "locator",
            "value" : "('xpath', '//*[@type=\"submit\"]')"
          } ],
          "stepsCount" : 1,
          "attachmentsCount" : 0,
          "shouldDisplayMessage" : false,
          "hasContent" : true
        } ],
        "attachments" : [ ],
        "parameters" : [ ],
        "stepsCount" : 2,
        "attachmentsCount" : 0,
        "shouldDisplayMessage" : false,
        "hasContent" : true
      }, {
        "name" : "Check url is present: https://brainup.site/groups",
        "time" : {
          "start" : 1716167878757,
          "stop" : 1716167880778,
          "duration" : 2021
        },
        "status" : "passed",
        "steps" : [ ],
        "attachments" : [ ],
        "parameters" : [ ],
        "stepsCount" : 0,
        "attachmentsCount" : 0,
        "shouldDisplayMessage" : false,
        "hasContent" : false
      } ],
      "attachments" : [ ],
      "parameters" : [ {
        "name" : "driver",
        "value" : "<selenium.webdriver.chrome.webdriver.WebDriver (session=\"6f72700cc290ba8840e745c173e6a1f5\")>"
      }, {
        "name" : "main_page_open",
        "value" : "None"
      } ],
      "stepsCount" : 13,
      "attachmentsCount" : 0,
      "shouldDisplayMessage" : false,
      "hasContent" : true
    } ],
    "attachments" : [ ],
    "parameters" : [ ],
    "stepsCount" : 14,
    "attachmentsCount" : 0,
    "shouldDisplayMessage" : false,
    "hasContent" : true
  }, {
    "name" : "clear_allure_results_folder",
    "time" : {
      "start" : 1716167248452,
      "stop" : 1716167248452,
      "duration" : 0
    },
    "status" : "passed",
    "steps" : [ ],
    "attachments" : [ ],
    "parameters" : [ ],
    "stepsCount" : 0,
    "attachmentsCount" : 0,
    "shouldDisplayMessage" : false,
    "hasContent" : false
  }, {
    "name" : "main_page_open",
    "time" : {
      "start" : 1716167875985,
      "stop" : 1716167878412,
      "duration" : 2427
    },
    "status" : "passed",
    "steps" : [ {
      "name" : "Open page: https://brainup.site/",
      "time" : {
        "start" : 1716167875986,
        "stop" : 1716167878411,
        "duration" : 2425
      },
      "status" : "passed",
      "steps" : [ ],
      "attachments" : [ ],
      "parameters" : [ {
        "name" : "driver",
        "value" : "<selenium.webdriver.chrome.webdriver.WebDriver (session=\"6f72700cc290ba8840e745c173e6a1f5\")>"
      } ],
      "stepsCount" : 0,
      "attachmentsCount" : 0,
      "shouldDisplayMessage" : false,
      "hasContent" : true
    } ],
    "attachments" : [ ],
    "parameters" : [ ],
    "stepsCount" : 1,
    "attachmentsCount" : 0,
    "shouldDisplayMessage" : false,
    "hasContent" : true
  }, {
    "name" : "driver",
    "time" : {
      "start" : 1716167875297,
      "stop" : 1716167875985,
      "duration" : 688
    },
    "status" : "passed",
    "steps" : [ ],
    "attachments" : [ ],
    "parameters" : [ ],
    "stepsCount" : 0,
    "attachmentsCount" : 0,
    "shouldDisplayMessage" : false,
    "hasContent" : false
  } ],
  "testStage" : {
    "status" : "skipped",
    "statusMessage" : "XFAIL\n\nselenium.common.exceptions.TimeoutException: Message: Can't find element by locator ('xpath', '//button[@data-test-active-link=\"Слова\"]')\nStacktrace:\n#0 0x5617378bfeca <unknown>\n#1 0x5617375a945c <unknown>\n#2 0x5617375f55b5 <unknown>\n#3 0x5617375f5671 <unknown>\n#4 0x561737639f14 <unknown>\n#5 0x5617376184dd <unknown>\n#6 0x5617376372cc <unknown>\n#7 0x561737618253 <unknown>\n#8 0x5617375e81c7 <unknown>\n#9 0x5617375e8b3e <unknown>\n#10 0x56173788630b <unknown>\n#11 0x56173788a3b7 <unknown>\n#12 0x561737872e3e <unknown>\n#13 0x56173788ae82 <unknown>\n#14 0x5617378577df <unknown>\n#15 0x5617378af1b8 <unknown>\n#16 0x5617378af38b <unknown>\n#17 0x5617378beffc <unknown>\n#18 0x7f81c9094ac3 <unknown>",
    "statusTrace" : "self = <tests.test_speech_exercises_ru.TestCardsRU object at 0x7f6c179602f0>\ndriver = <selenium.webdriver.chrome.webdriver.WebDriver (session=\"6f72700cc290ba8840e745c173e6a1f5\")>\nspecialist_user_authorized = None\n\n    @pytest.mark.xfail\n    @allure.suite(\"Речевые упражнения.\")\n    @allure.title('Select random card from group \"Слова\" and compare UI vs BACKEND data.')\n    def test_random_word_cards_ru(self, driver, specialist_user_authorized):\n        page = SpeechExercisesPageRU(driver)\n>       page.select_group(SpeechExercisesPageLocators.WORDS_BUTTON_RU)\n\ntests/test_speech_exercises_ru.py:16: \n_ _ _ _ _ _ _ _ _ _ _ _ _ _ _ _ _ _ _ _ _ _ _ _ _ _ _ _ _ _ _ _ _ _ _ _ _ _ _ _ \npages/speech_exercises_page_ru.py:25: in select_group\n    text_of_the_button = self.element_is_present_and_clickable(selector_for_sub_group)\npages/base_page.py:32: in element_is_present_and_clickable\n    return (Wait(self.driver, self.timeout).until(\n_ _ _ _ _ _ _ _ _ _ _ _ _ _ _ _ _ _ _ _ _ _ _ _ _ _ _ _ _ _ _ _ _ _ _ _ _ _ _ _ \n\nself = <selenium.webdriver.support.wait.WebDriverWait (session=\"6f72700cc290ba8840e745c173e6a1f5\")>\nmethod = <function visibility_of_element_located.<locals>._predicate at 0x7f6c178c9da0>\nmessage = 'Can\\'t find element by locator (\\'xpath\\', \\'//button[@data-test-active-link=\"Слова\"]\\')'\n\n    def until(self, method, message: str = \"\"):\n        \"\"\"Calls the method provided with the driver as an argument until the \\\n        return value does not evaluate to ``False``.\n    \n        :param method: callable(WebDriver)\n        :param message: optional message for :exc:`TimeoutException`\n        :returns: the result of the last call to `method`\n        :raises: :exc:`selenium.common.exceptions.TimeoutException` if timeout occurs\n        \"\"\"\n        screen = None\n        stacktrace = None\n    \n        end_time = time.monotonic() + self._timeout\n        while True:\n            try:\n                value = method(self._driver)\n                if value:\n                    return value\n            except self._ignored_exceptions as exc:\n                screen = getattr(exc, \"screen\", None)\n                stacktrace = getattr(exc, \"stacktrace\", None)\n            time.sleep(self._poll)\n            if time.monotonic() > end_time:\n                break\n>       raise TimeoutException(message, screen, stacktrace)\nE       selenium.common.exceptions.TimeoutException: Message: Can't find element by locator ('xpath', '//button[@data-test-active-link=\"Слова\"]')\nE       Stacktrace:\nE       #0 0x5617378bfeca <unknown>\nE       #1 0x5617375a945c <unknown>\nE       #2 0x5617375f55b5 <unknown>\nE       #3 0x5617375f5671 <unknown>\nE       #4 0x561737639f14 <unknown>\nE       #5 0x5617376184dd <unknown>\nE       #6 0x5617376372cc <unknown>\nE       #7 0x561737618253 <unknown>\nE       #8 0x5617375e81c7 <unknown>\nE       #9 0x5617375e8b3e <unknown>\nE       #10 0x56173788630b <unknown>\nE       #11 0x56173788a3b7 <unknown>\nE       #12 0x561737872e3e <unknown>\nE       #13 0x56173788ae82 <unknown>\nE       #14 0x5617378577df <unknown>\nE       #15 0x5617378af1b8 <unknown>\nE       #16 0x5617378af38b <unknown>\nE       #17 0x5617378beffc <unknown>\nE       #18 0x7f81c9094ac3 <unknown>\n\n/opt/hostedtoolcache/Python/3.12.3/x64/lib/python3.12/site-packages/selenium/webdriver/support/wait.py:95: TimeoutException",
    "steps" : [ {
      "name" : "select_group",
      "time" : {
        "start" : 1716167880779,
        "stop" : 1716167902452,
        "duration" : 21673
      },
      "status" : "broken",
      "statusMessage" : "selenium.common.exceptions.TimeoutException: Message: Can't find element by locator ('xpath', '//button[@data-test-active-link=\"Слова\"]')\nStacktrace:\n#0 0x5617378bfeca <unknown>\n#1 0x5617375a945c <unknown>\n#2 0x5617375f55b5 <unknown>\n#3 0x5617375f5671 <unknown>\n#4 0x561737639f14 <unknown>\n#5 0x5617376184dd <unknown>\n#6 0x5617376372cc <unknown>\n#7 0x561737618253 <unknown>\n#8 0x5617375e81c7 <unknown>\n#9 0x5617375e8b3e <unknown>\n#10 0x56173788630b <unknown>\n#11 0x56173788a3b7 <unknown>\n#12 0x561737872e3e <unknown>\n#13 0x56173788ae82 <unknown>\n#14 0x5617378577df <unknown>\n#15 0x5617378af1b8 <unknown>\n#16 0x5617378af38b <unknown>\n#17 0x5617378beffc <unknown>\n#18 0x7f81c9094ac3 <unknown>\n\n",
      "statusTrace" : "  File \"/opt/hostedtoolcache/Python/3.12.3/x64/lib/python3.12/site-packages/allure_commons/_allure.py\", line 192, in impl\n    return func(*a, **kw)\n           ^^^^^^^^^^^^^^\n  File \"/home/runner/work/auto-tests-python/auto-tests-python/pages/speech_exercises_page_ru.py\", line 25, in select_group\n    text_of_the_button = self.element_is_present_and_clickable(selector_for_sub_group)\n                         ^^^^^^^^^^^^^^^^^^^^^^^^^^^^^^^^^^^^^^^^^^^^^^^^^^^^^^^^^^^^^\n  File \"/home/runner/work/auto-tests-python/auto-tests-python/pages/base_page.py\", line 32, in element_is_present_and_clickable\n    return (Wait(self.driver, self.timeout).until(\n            ^^^^^^^^^^^^^^^^^^^^^^^^^^^^^^^^^^^^^^\n  File \"/opt/hostedtoolcache/Python/3.12.3/x64/lib/python3.12/site-packages/selenium/webdriver/support/wait.py\", line 95, in until\n    raise TimeoutException(message, screen, stacktrace)\n",
      "steps" : [ {
        "name" : "Select Russian language. Click \"RU\" button.",
        "time" : {
          "start" : 1716167880779,
          "stop" : 1716167880853,
          "duration" : 74
        },
        "status" : "passed",
        "steps" : [ {
          "name" : "Check element is visible and clickable: ('xpath', \"//*[contains(text(),'RU')]\")",
          "time" : {
            "start" : 1716167880779,
            "stop" : 1716167880818,
            "duration" : 39
          },
          "status" : "passed",
          "steps" : [ {
            "name" : "Check element is clickable",
            "time" : {
              "start" : 1716167880802,
              "stop" : 1716167880818,
              "duration" : 16
            },
            "status" : "passed",
            "steps" : [ {
              "name" : "Check element is clickable: ('xpath', \"//*[contains(text(),'RU')]\")",
              "time" : {
                "start" : 1716167880802,
                "stop" : 1716167880818,
                "duration" : 16
              },
              "status" : "passed",
              "steps" : [ ],
              "attachments" : [ ],
              "parameters" : [ ],
              "stepsCount" : 0,
              "attachmentsCount" : 0,
              "shouldDisplayMessage" : false,
              "hasContent" : false
            } ],
            "attachments" : [ ],
            "parameters" : [ {
              "name" : "locator",
              "value" : "('xpath', \"//*[contains(text(),'RU')]\")"
            } ],
            "stepsCount" : 1,
            "attachmentsCount" : 0,
            "shouldDisplayMessage" : false,
            "hasContent" : true
          } ],
          "attachments" : [ ],
          "parameters" : [ ],
          "stepsCount" : 2,
          "attachmentsCount" : 0,
          "shouldDisplayMessage" : false,
          "hasContent" : true
        } ],
        "attachments" : [ ],
        "parameters" : [ ],
        "stepsCount" : 3,
        "attachmentsCount" : 0,
        "shouldDisplayMessage" : false,
        "hasContent" : true
      }, {
        "name" : "Click button \"Речевые упражнения\".",
        "time" : {
          "start" : 1716167880853,
          "stop" : 1716167881940,
          "duration" : 1087
        },
        "status" : "passed",
        "steps" : [ {
          "name" : "Check element is visible and clickable: ('xpath', '//a[@title=\"Речевые упражнения\"]')",
          "time" : {
            "start" : 1716167880853,
            "stop" : 1716167881913,
            "duration" : 1060
          },
          "status" : "passed",
          "steps" : [ {
            "name" : "Check element is clickable",
            "time" : {
              "start" : 1716167881896,
              "stop" : 1716167881913,
              "duration" : 17
            },
            "status" : "passed",
            "steps" : [ {
              "name" : "Check element is clickable: ('xpath', '//a[@title=\"Речевые упражнения\"]')",
              "time" : {
                "start" : 1716167881896,
                "stop" : 1716167881913,
                "duration" : 17
              },
              "status" : "passed",
              "steps" : [ ],
              "attachments" : [ ],
              "parameters" : [ ],
              "stepsCount" : 0,
              "attachmentsCount" : 0,
              "shouldDisplayMessage" : false,
              "hasContent" : false
            } ],
            "attachments" : [ ],
            "parameters" : [ {
              "name" : "locator",
              "value" : "('xpath', '//a[@title=\"Речевые упражнения\"]')"
            } ],
            "stepsCount" : 1,
            "attachmentsCount" : 0,
            "shouldDisplayMessage" : false,
            "hasContent" : true
          } ],
          "attachments" : [ ],
          "parameters" : [ ],
          "stepsCount" : 2,
          "attachmentsCount" : 0,
          "shouldDisplayMessage" : false,
          "hasContent" : true
        } ],
        "attachments" : [ ],
        "parameters" : [ ],
        "stepsCount" : 3,
        "attachmentsCount" : 0,
        "shouldDisplayMessage" : false,
        "hasContent" : true
      }, {
        "name" : "Check element is visible and clickable: ('xpath', '//button[@data-test-active-link=\"Слова\"]')",
        "time" : {
          "start" : 1716167881940,
          "stop" : 1716167902452,
          "duration" : 20512
        },
        "status" : "broken",
        "statusMessage" : "selenium.common.exceptions.TimeoutException: Message: Can't find element by locator ('xpath', '//button[@data-test-active-link=\"Слова\"]')\nStacktrace:\n#0 0x5617378bfeca <unknown>\n#1 0x5617375a945c <unknown>\n#2 0x5617375f55b5 <unknown>\n#3 0x5617375f5671 <unknown>\n#4 0x561737639f14 <unknown>\n#5 0x5617376184dd <unknown>\n#6 0x5617376372cc <unknown>\n#7 0x561737618253 <unknown>\n#8 0x5617375e81c7 <unknown>\n#9 0x5617375e8b3e <unknown>\n#10 0x56173788630b <unknown>\n#11 0x56173788a3b7 <unknown>\n#12 0x561737872e3e <unknown>\n#13 0x56173788ae82 <unknown>\n#14 0x5617378577df <unknown>\n#15 0x5617378af1b8 <unknown>\n#16 0x5617378af38b <unknown>\n#17 0x5617378beffc <unknown>\n#18 0x7f81c9094ac3 <unknown>\n\n",
        "statusTrace" : "  File \"/home/runner/work/auto-tests-python/auto-tests-python/pages/base_page.py\", line 32, in element_is_present_and_clickable\n    return (Wait(self.driver, self.timeout).until(\n            ^^^^^^^^^^^^^^^^^^^^^^^^^^^^^^^^^^^^^^\n  File \"/opt/hostedtoolcache/Python/3.12.3/x64/lib/python3.12/site-packages/selenium/webdriver/support/wait.py\", line 95, in until\n    raise TimeoutException(message, screen, stacktrace)\n",
        "steps" : [ ],
        "attachments" : [ ],
        "parameters" : [ ],
        "stepsCount" : 0,
        "attachmentsCount" : 0,
        "shouldDisplayMessage" : true,
        "hasContent" : true
      } ],
      "attachments" : [ ],
      "parameters" : [ {
        "name" : "selector_for_sub_group",
        "value" : "('xpath', '//button[@data-test-active-link=\"Слова\"]')"
      } ],
      "stepsCount" : 9,
      "attachmentsCount" : 0,
      "shouldDisplayMessage" : false,
      "hasContent" : true
    } ],
    "attachments" : [ {
      "uid" : "342d13fcf47c679",
      "name" : "Screenshot",
      "source" : "342d13fcf47c679.png",
      "type" : "image/png",
      "size" : 114611
    }, {
      "uid" : "28300f3841d0ad6e",
      "name" : "HTML source",
      "source" : "28300f3841d0ad6e.html",
      "type" : "text/html",
      "size" : 33800
    } ],
    "parameters" : [ ],
    "stepsCount" : 10,
    "attachmentsCount" : 2,
    "shouldDisplayMessage" : true,
    "hasContent" : true
  },
  "afterStages" : [ {
    "name" : "driver::0",
    "time" : {
      "start" : 1716167902575,
      "stop" : 1716167902736,
      "duration" : 161
    },
    "status" : "passed",
    "steps" : [ ],
    "attachments" : [ {
      "uid" : "5cdb0785dc3086f5",
      "name" : "Screenshot 2024-05-20 01:18:22.673260",
      "source" : "5cdb0785dc3086f5.png",
      "type" : "image/png",
      "size" : 114611
    } ],
    "parameters" : [ ],
    "stepsCount" : 0,
    "attachmentsCount" : 1,
    "shouldDisplayMessage" : false,
    "hasContent" : true
  } ],
  "labels" : [ {
    "name" : "epic",
    "value" : "Speech exercises."
  }, {
    "name" : "suite",
    "value" : "Речевые упражнения."
  }, {
    "name" : "tag",
    "value" : "@pytest.mark.xfail"
  }, {
    "name" : "parentSuite",
    "value" : "tests"
  }, {
    "name" : "subSuite",
    "value" : "TestCardsRU"
  }, {
    "name" : "host",
    "value" : "fv-az777-823"
  }, {
    "name" : "thread",
    "value" : "2301-MainThread"
  }, {
    "name" : "framework",
    "value" : "pytest"
  }, {
    "name" : "language",
    "value" : "cpython3"
  }, {
    "name" : "package",
    "value" : "tests.test_speech_exercises_ru"
  }, {
    "name" : "resultFormat",
    "value" : "allure2"
  } ],
  "parameters" : [ ],
  "links" : [ ],
  "hidden" : false,
  "retry" : false,
  "extra" : {
    "severity" : "normal",
    "retries" : [ ],
    "categories" : [ ],
    "tags" : [ "@pytest.mark.xfail" ]
  },
  "source" : "4c645d123baec197.json",
  "parameterValues" : [ ]
}