{
  "uid" : "d253c35592f84334",
  "name" : "Change the password by receiving an email link",
  "fullName" : "tests.profile_page_test.TestProfilePage#test_change_password",
  "historyId" : "9957e716460bffae2f2d96bf28fa1581",
  "time" : {
    "start" : 1716167634812,
    "stop" : 1716167655643,
    "duration" : 20831
  },
  "status" : "broken",
  "statusMessage" : "selenium.common.exceptions.TimeoutException: Message: Can't find element by locator ('xpath', '//a[@href=\"/profile\"]')\nStacktrace:\n#0 0x55e2219deeca <unknown>\n#1 0x55e2216c845c <unknown>\n#2 0x55e2217145b5 <unknown>\n#3 0x55e221714671 <unknown>\n#4 0x55e221758f14 <unknown>\n#5 0x55e2217374dd <unknown>\n#6 0x55e2217562cc <unknown>\n#7 0x55e221737253 <unknown>\n#8 0x55e2217071c7 <unknown>\n#9 0x55e221707b3e <unknown>\n#10 0x55e2219a530b <unknown>\n#11 0x55e2219a93b7 <unknown>\n#12 0x55e221991e3e <unknown>\n#13 0x55e2219a9e82 <unknown>\n#14 0x55e2219767df <unknown>\n#15 0x55e2219ce1b8 <unknown>\n#16 0x55e2219ce38b <unknown>\n#17 0x55e2219ddffc <unknown>\n#18 0x7f2c79a94ac3 <unknown>",
  "statusTrace" : "self = <tests.profile_page_test.TestProfilePage object at 0x7f6c17a3d8e0>\ndriver = <selenium.webdriver.chrome.webdriver.WebDriver (session=\"9b77354f171c4ffc52519a2039653ff3\")>\nmain_page_open = None\n\n    @allure.title(\"Change the password by receiving an email link\")\n    def test_change_password(self, driver, main_page_open):\n        page = ProfilePage(driver)\n        page.open_login_page()\n        page.user_has_authorised()\n>       page.go_to_profile_page()\n\ntests/profile_page_test.py:16: \n_ _ _ _ _ _ _ _ _ _ _ _ _ _ _ _ _ _ _ _ _ _ _ _ _ _ _ _ _ _ _ _ _ _ _ _ _ _ _ _ \npages/profile_page.py:50: in go_to_profile_page\n    self.element_is_present_and_clickable(AuthorizedUserHomePageLocators.PROFILE_USER).click()\npages/base_page.py:32: in element_is_present_and_clickable\n    return (Wait(self.driver, self.timeout).until(\n_ _ _ _ _ _ _ _ _ _ _ _ _ _ _ _ _ _ _ _ _ _ _ _ _ _ _ _ _ _ _ _ _ _ _ _ _ _ _ _ \n\nself = <selenium.webdriver.support.wait.WebDriverWait (session=\"9b77354f171c4ffc52519a2039653ff3\")>\nmethod = <function visibility_of_element_located.<locals>._predicate at 0x7f6c17964ea0>\nmessage = 'Can\\'t find element by locator (\\'xpath\\', \\'//a[@href=\"/profile\"]\\')'\n\n    def until(self, method, message: str = \"\"):\n        \"\"\"Calls the method provided with the driver as an argument until the \\\n        return value does not evaluate to ``False``.\n    \n        :param method: callable(WebDriver)\n        :param message: optional message for :exc:`TimeoutException`\n        :returns: the result of the last call to `method`\n        :raises: :exc:`selenium.common.exceptions.TimeoutException` if timeout occurs\n        \"\"\"\n        screen = None\n        stacktrace = None\n    \n        end_time = time.monotonic() + self._timeout\n        while True:\n            try:\n                value = method(self._driver)\n                if value:\n                    return value\n            except self._ignored_exceptions as exc:\n                screen = getattr(exc, \"screen\", None)\n                stacktrace = getattr(exc, \"stacktrace\", None)\n            time.sleep(self._poll)\n            if time.monotonic() > end_time:\n                break\n>       raise TimeoutException(message, screen, stacktrace)\nE       selenium.common.exceptions.TimeoutException: Message: Can't find element by locator ('xpath', '//a[@href=\"/profile\"]')\nE       Stacktrace:\nE       #0 0x55e2219deeca <unknown>\nE       #1 0x55e2216c845c <unknown>\nE       #2 0x55e2217145b5 <unknown>\nE       #3 0x55e221714671 <unknown>\nE       #4 0x55e221758f14 <unknown>\nE       #5 0x55e2217374dd <unknown>\nE       #6 0x55e2217562cc <unknown>\nE       #7 0x55e221737253 <unknown>\nE       #8 0x55e2217071c7 <unknown>\nE       #9 0x55e221707b3e <unknown>\nE       #10 0x55e2219a530b <unknown>\nE       #11 0x55e2219a93b7 <unknown>\nE       #12 0x55e221991e3e <unknown>\nE       #13 0x55e2219a9e82 <unknown>\nE       #14 0x55e2219767df <unknown>\nE       #15 0x55e2219ce1b8 <unknown>\nE       #16 0x55e2219ce38b <unknown>\nE       #17 0x55e2219ddffc <unknown>\nE       #18 0x7f2c79a94ac3 <unknown>\n\n/opt/hostedtoolcache/Python/3.12.3/x64/lib/python3.12/site-packages/selenium/webdriver/support/wait.py:95: TimeoutException",
  "flaky" : false,
  "newFailed" : false,
  "beforeStages" : [ {
    "name" : "clear_allure_results_folder",
    "time" : {
      "start" : 1716167248452,
      "stop" : 1716167248452,
      "duration" : 0
    },
    "status" : "passed",
    "steps" : [ ],
    "attachments" : [ ],
    "parameters" : [ ],
    "stepsCount" : 0,
    "attachmentsCount" : 0,
    "shouldDisplayMessage" : false,
    "hasContent" : false
  }, {
    "name" : "driver",
    "time" : {
      "start" : 1716167631574,
      "stop" : 1716167632262,
      "duration" : 688
    },
    "status" : "passed",
    "steps" : [ ],
    "attachments" : [ ],
    "parameters" : [ ],
    "stepsCount" : 0,
    "attachmentsCount" : 0,
    "shouldDisplayMessage" : false,
    "hasContent" : false
  }, {
    "name" : "main_page_open",
    "time" : {
      "start" : 1716167632262,
      "stop" : 1716167634811,
      "duration" : 2549
    },
    "status" : "passed",
    "steps" : [ {
      "name" : "Open page: https://brainup.site/",
      "time" : {
        "start" : 1716167632262,
        "stop" : 1716167634811,
        "duration" : 2549
      },
      "status" : "passed",
      "steps" : [ ],
      "attachments" : [ ],
      "parameters" : [ {
        "name" : "driver",
        "value" : "<selenium.webdriver.chrome.webdriver.WebDriver (session=\"9b77354f171c4ffc52519a2039653ff3\")>"
      } ],
      "stepsCount" : 0,
      "attachmentsCount" : 0,
      "shouldDisplayMessage" : false,
      "hasContent" : true
    } ],
    "attachments" : [ ],
    "parameters" : [ ],
    "stepsCount" : 1,
    "attachmentsCount" : 0,
    "shouldDisplayMessage" : false,
    "hasContent" : true
  } ],
  "testStage" : {
    "status" : "broken",
    "statusMessage" : "selenium.common.exceptions.TimeoutException: Message: Can't find element by locator ('xpath', '//a[@href=\"/profile\"]')\nStacktrace:\n#0 0x55e2219deeca <unknown>\n#1 0x55e2216c845c <unknown>\n#2 0x55e2217145b5 <unknown>\n#3 0x55e221714671 <unknown>\n#4 0x55e221758f14 <unknown>\n#5 0x55e2217374dd <unknown>\n#6 0x55e2217562cc <unknown>\n#7 0x55e221737253 <unknown>\n#8 0x55e2217071c7 <unknown>\n#9 0x55e221707b3e <unknown>\n#10 0x55e2219a530b <unknown>\n#11 0x55e2219a93b7 <unknown>\n#12 0x55e221991e3e <unknown>\n#13 0x55e2219a9e82 <unknown>\n#14 0x55e2219767df <unknown>\n#15 0x55e2219ce1b8 <unknown>\n#16 0x55e2219ce38b <unknown>\n#17 0x55e2219ddffc <unknown>\n#18 0x7f2c79a94ac3 <unknown>",
    "statusTrace" : "self = <tests.profile_page_test.TestProfilePage object at 0x7f6c17a3d8e0>\ndriver = <selenium.webdriver.chrome.webdriver.WebDriver (session=\"9b77354f171c4ffc52519a2039653ff3\")>\nmain_page_open = None\n\n    @allure.title(\"Change the password by receiving an email link\")\n    def test_change_password(self, driver, main_page_open):\n        page = ProfilePage(driver)\n        page.open_login_page()\n        page.user_has_authorised()\n>       page.go_to_profile_page()\n\ntests/profile_page_test.py:16: \n_ _ _ _ _ _ _ _ _ _ _ _ _ _ _ _ _ _ _ _ _ _ _ _ _ _ _ _ _ _ _ _ _ _ _ _ _ _ _ _ \npages/profile_page.py:50: in go_to_profile_page\n    self.element_is_present_and_clickable(AuthorizedUserHomePageLocators.PROFILE_USER).click()\npages/base_page.py:32: in element_is_present_and_clickable\n    return (Wait(self.driver, self.timeout).until(\n_ _ _ _ _ _ _ _ _ _ _ _ _ _ _ _ _ _ _ _ _ _ _ _ _ _ _ _ _ _ _ _ _ _ _ _ _ _ _ _ \n\nself = <selenium.webdriver.support.wait.WebDriverWait (session=\"9b77354f171c4ffc52519a2039653ff3\")>\nmethod = <function visibility_of_element_located.<locals>._predicate at 0x7f6c17964ea0>\nmessage = 'Can\\'t find element by locator (\\'xpath\\', \\'//a[@href=\"/profile\"]\\')'\n\n    def until(self, method, message: str = \"\"):\n        \"\"\"Calls the method provided with the driver as an argument until the \\\n        return value does not evaluate to ``False``.\n    \n        :param method: callable(WebDriver)\n        :param message: optional message for :exc:`TimeoutException`\n        :returns: the result of the last call to `method`\n        :raises: :exc:`selenium.common.exceptions.TimeoutException` if timeout occurs\n        \"\"\"\n        screen = None\n        stacktrace = None\n    \n        end_time = time.monotonic() + self._timeout\n        while True:\n            try:\n                value = method(self._driver)\n                if value:\n                    return value\n            except self._ignored_exceptions as exc:\n                screen = getattr(exc, \"screen\", None)\n                stacktrace = getattr(exc, \"stacktrace\", None)\n            time.sleep(self._poll)\n            if time.monotonic() > end_time:\n                break\n>       raise TimeoutException(message, screen, stacktrace)\nE       selenium.common.exceptions.TimeoutException: Message: Can't find element by locator ('xpath', '//a[@href=\"/profile\"]')\nE       Stacktrace:\nE       #0 0x55e2219deeca <unknown>\nE       #1 0x55e2216c845c <unknown>\nE       #2 0x55e2217145b5 <unknown>\nE       #3 0x55e221714671 <unknown>\nE       #4 0x55e221758f14 <unknown>\nE       #5 0x55e2217374dd <unknown>\nE       #6 0x55e2217562cc <unknown>\nE       #7 0x55e221737253 <unknown>\nE       #8 0x55e2217071c7 <unknown>\nE       #9 0x55e221707b3e <unknown>\nE       #10 0x55e2219a530b <unknown>\nE       #11 0x55e2219a93b7 <unknown>\nE       #12 0x55e221991e3e <unknown>\nE       #13 0x55e2219a9e82 <unknown>\nE       #14 0x55e2219767df <unknown>\nE       #15 0x55e2219ce1b8 <unknown>\nE       #16 0x55e2219ce38b <unknown>\nE       #17 0x55e2219ddffc <unknown>\nE       #18 0x7f2c79a94ac3 <unknown>\n\n/opt/hostedtoolcache/Python/3.12.3/x64/lib/python3.12/site-packages/selenium/webdriver/support/wait.py:95: TimeoutException",
    "steps" : [ {
      "name" : "Open login page",
      "time" : {
        "start" : 1716167634812,
        "stop" : 1716167634898,
        "duration" : 86
      },
      "status" : "passed",
      "steps" : [ {
        "name" : "Check element is visible and clickable: ('xpath', '//section//a')",
        "time" : {
          "start" : 1716167634812,
          "stop" : 1716167634849,
          "duration" : 37
        },
        "status" : "passed",
        "steps" : [ {
          "name" : "Check element is clickable",
          "time" : {
            "start" : 1716167634830,
            "stop" : 1716167634849,
            "duration" : 19
          },
          "status" : "passed",
          "steps" : [ {
            "name" : "Check element is clickable: ('xpath', '//section//a')",
            "time" : {
              "start" : 1716167634830,
              "stop" : 1716167634849,
              "duration" : 19
            },
            "status" : "passed",
            "steps" : [ ],
            "attachments" : [ ],
            "parameters" : [ ],
            "stepsCount" : 0,
            "attachmentsCount" : 0,
            "shouldDisplayMessage" : false,
            "hasContent" : false
          } ],
          "attachments" : [ ],
          "parameters" : [ {
            "name" : "locator",
            "value" : "('xpath', '//section//a')"
          } ],
          "stepsCount" : 1,
          "attachmentsCount" : 0,
          "shouldDisplayMessage" : false,
          "hasContent" : true
        } ],
        "attachments" : [ ],
        "parameters" : [ ],
        "stepsCount" : 2,
        "attachmentsCount" : 0,
        "shouldDisplayMessage" : false,
        "hasContent" : true
      } ],
      "attachments" : [ ],
      "parameters" : [ ],
      "stepsCount" : 3,
      "attachmentsCount" : 0,
      "shouldDisplayMessage" : false,
      "hasContent" : true
    }, {
      "name" : "The user has authorised",
      "time" : {
        "start" : 1716167634898,
        "stop" : 1716167635142,
        "duration" : 244
      },
      "status" : "passed",
      "steps" : [ {
        "name" : "Check element is visible: ('xpath', '//input[@id=\"login\"]')",
        "time" : {
          "start" : 1716167634898,
          "stop" : 1716167634924,
          "duration" : 26
        },
        "status" : "passed",
        "steps" : [ {
          "name" : "Check element is present: ('xpath', '//input[@id=\"login\"]')",
          "time" : {
            "start" : 1716167634898,
            "stop" : 1716167634908,
            "duration" : 10
          },
          "status" : "passed",
          "steps" : [ ],
          "attachments" : [ ],
          "parameters" : [ ],
          "stepsCount" : 0,
          "attachmentsCount" : 0,
          "shouldDisplayMessage" : false,
          "hasContent" : false
        }, {
          "name" : "Go to element: <selenium.webdriver.remote.webelement.WebElement (session=\"9b77354f171c4ffc52519a2039653ff3\", element=\"f.D743214B3D989C438D6F2EFC285E762D.d.AD5C61E22A55ABB9A0A644F80DC6D374.e.27\")>",
          "time" : {
            "start" : 1716167634908,
            "stop" : 1716167634913,
            "duration" : 5
          },
          "status" : "passed",
          "steps" : [ ],
          "attachments" : [ ],
          "parameters" : [ ],
          "stepsCount" : 0,
          "attachmentsCount" : 0,
          "shouldDisplayMessage" : false,
          "hasContent" : false
        } ],
        "attachments" : [ ],
        "parameters" : [ ],
        "stepsCount" : 2,
        "attachmentsCount" : 0,
        "shouldDisplayMessage" : false,
        "hasContent" : true
      }, {
        "name" : "Check element is visible: ('xpath', '//input[@id=\"password\"]')",
        "time" : {
          "start" : 1716167634981,
          "stop" : 1716167635009,
          "duration" : 28
        },
        "status" : "passed",
        "steps" : [ {
          "name" : "Check element is present: ('xpath', '//input[@id=\"password\"]')",
          "time" : {
            "start" : 1716167634981,
            "stop" : 1716167634990,
            "duration" : 9
          },
          "status" : "passed",
          "steps" : [ ],
          "attachments" : [ ],
          "parameters" : [ ],
          "stepsCount" : 0,
          "attachmentsCount" : 0,
          "shouldDisplayMessage" : false,
          "hasContent" : false
        }, {
          "name" : "Go to element: <selenium.webdriver.remote.webelement.WebElement (session=\"9b77354f171c4ffc52519a2039653ff3\", element=\"f.D743214B3D989C438D6F2EFC285E762D.d.AD5C61E22A55ABB9A0A644F80DC6D374.e.30\")>",
          "time" : {
            "start" : 1716167634990,
            "stop" : 1716167634996,
            "duration" : 6
          },
          "status" : "passed",
          "steps" : [ ],
          "attachments" : [ ],
          "parameters" : [ ],
          "stepsCount" : 0,
          "attachmentsCount" : 0,
          "shouldDisplayMessage" : false,
          "hasContent" : false
        } ],
        "attachments" : [ ],
        "parameters" : [ ],
        "stepsCount" : 2,
        "attachmentsCount" : 0,
        "shouldDisplayMessage" : false,
        "hasContent" : true
      }, {
        "name" : "Check element is visible and clickable: ('xpath', '//*[@type=\"submit\"]')",
        "time" : {
          "start" : 1716167635050,
          "stop" : 1716167635081,
          "duration" : 31
        },
        "status" : "passed",
        "steps" : [ {
          "name" : "Check element is clickable",
          "time" : {
            "start" : 1716167635065,
            "stop" : 1716167635081,
            "duration" : 16
          },
          "status" : "passed",
          "steps" : [ {
            "name" : "Check element is clickable: ('xpath', '//*[@type=\"submit\"]')",
            "time" : {
              "start" : 1716167635065,
              "stop" : 1716167635081,
              "duration" : 16
            },
            "status" : "passed",
            "steps" : [ ],
            "attachments" : [ ],
            "parameters" : [ ],
            "stepsCount" : 0,
            "attachmentsCount" : 0,
            "shouldDisplayMessage" : false,
            "hasContent" : false
          } ],
          "attachments" : [ ],
          "parameters" : [ {
            "name" : "locator",
            "value" : "('xpath', '//*[@type=\"submit\"]')"
          } ],
          "stepsCount" : 1,
          "attachmentsCount" : 0,
          "shouldDisplayMessage" : false,
          "hasContent" : true
        } ],
        "attachments" : [ ],
        "parameters" : [ ],
        "stepsCount" : 2,
        "attachmentsCount" : 0,
        "shouldDisplayMessage" : false,
        "hasContent" : true
      }, {
        "name" : "Wait until url: https://brainup.site/profile will be changed.",
        "time" : {
          "start" : 1716167635136,
          "stop" : 1716167635142,
          "duration" : 6
        },
        "status" : "passed",
        "steps" : [ ],
        "attachments" : [ ],
        "parameters" : [ ],
        "stepsCount" : 0,
        "attachmentsCount" : 0,
        "shouldDisplayMessage" : false,
        "hasContent" : false
      } ],
      "attachments" : [ ],
      "parameters" : [ ],
      "stepsCount" : 10,
      "attachmentsCount" : 0,
      "shouldDisplayMessage" : false,
      "hasContent" : true
    }, {
      "name" : "Go to the Profile page",
      "time" : {
        "start" : 1716167635142,
        "stop" : 1716167655642,
        "duration" : 20500
      },
      "status" : "broken",
      "statusMessage" : "selenium.common.exceptions.TimeoutException: Message: Can't find element by locator ('xpath', '//a[@href=\"/profile\"]')\nStacktrace:\n#0 0x55e2219deeca <unknown>\n#1 0x55e2216c845c <unknown>\n#2 0x55e2217145b5 <unknown>\n#3 0x55e221714671 <unknown>\n#4 0x55e221758f14 <unknown>\n#5 0x55e2217374dd <unknown>\n#6 0x55e2217562cc <unknown>\n#7 0x55e221737253 <unknown>\n#8 0x55e2217071c7 <unknown>\n#9 0x55e221707b3e <unknown>\n#10 0x55e2219a530b <unknown>\n#11 0x55e2219a93b7 <unknown>\n#12 0x55e221991e3e <unknown>\n#13 0x55e2219a9e82 <unknown>\n#14 0x55e2219767df <unknown>\n#15 0x55e2219ce1b8 <unknown>\n#16 0x55e2219ce38b <unknown>\n#17 0x55e2219ddffc <unknown>\n#18 0x7f2c79a94ac3 <unknown>\n\n",
      "statusTrace" : "  File \"/opt/hostedtoolcache/Python/3.12.3/x64/lib/python3.12/site-packages/allure_commons/_allure.py\", line 192, in impl\n    return func(*a, **kw)\n           ^^^^^^^^^^^^^^\n  File \"/home/runner/work/auto-tests-python/auto-tests-python/pages/profile_page.py\", line 50, in go_to_profile_page\n    self.element_is_present_and_clickable(AuthorizedUserHomePageLocators.PROFILE_USER).click()\n    ^^^^^^^^^^^^^^^^^^^^^^^^^^^^^^^^^^^^^^^^^^^^^^^^^^^^^^^^^^^^^^^^^^^^^^^^^^^^^^^^^^\n  File \"/home/runner/work/auto-tests-python/auto-tests-python/pages/base_page.py\", line 32, in element_is_present_and_clickable\n    return (Wait(self.driver, self.timeout).until(\n            ^^^^^^^^^^^^^^^^^^^^^^^^^^^^^^^^^^^^^^\n  File \"/opt/hostedtoolcache/Python/3.12.3/x64/lib/python3.12/site-packages/selenium/webdriver/support/wait.py\", line 95, in until\n    raise TimeoutException(message, screen, stacktrace)\n",
      "steps" : [ {
        "name" : "Check element is visible and clickable: ('xpath', '//a[@href=\"/profile\"]')",
        "time" : {
          "start" : 1716167635142,
          "stop" : 1716167655642,
          "duration" : 20500
        },
        "status" : "broken",
        "statusMessage" : "selenium.common.exceptions.TimeoutException: Message: Can't find element by locator ('xpath', '//a[@href=\"/profile\"]')\nStacktrace:\n#0 0x55e2219deeca <unknown>\n#1 0x55e2216c845c <unknown>\n#2 0x55e2217145b5 <unknown>\n#3 0x55e221714671 <unknown>\n#4 0x55e221758f14 <unknown>\n#5 0x55e2217374dd <unknown>\n#6 0x55e2217562cc <unknown>\n#7 0x55e221737253 <unknown>\n#8 0x55e2217071c7 <unknown>\n#9 0x55e221707b3e <unknown>\n#10 0x55e2219a530b <unknown>\n#11 0x55e2219a93b7 <unknown>\n#12 0x55e221991e3e <unknown>\n#13 0x55e2219a9e82 <unknown>\n#14 0x55e2219767df <unknown>\n#15 0x55e2219ce1b8 <unknown>\n#16 0x55e2219ce38b <unknown>\n#17 0x55e2219ddffc <unknown>\n#18 0x7f2c79a94ac3 <unknown>\n\n",
        "statusTrace" : "  File \"/home/runner/work/auto-tests-python/auto-tests-python/pages/base_page.py\", line 32, in element_is_present_and_clickable\n    return (Wait(self.driver, self.timeout).until(\n            ^^^^^^^^^^^^^^^^^^^^^^^^^^^^^^^^^^^^^^\n  File \"/opt/hostedtoolcache/Python/3.12.3/x64/lib/python3.12/site-packages/selenium/webdriver/support/wait.py\", line 95, in until\n    raise TimeoutException(message, screen, stacktrace)\n",
        "steps" : [ ],
        "attachments" : [ ],
        "parameters" : [ ],
        "stepsCount" : 0,
        "attachmentsCount" : 0,
        "shouldDisplayMessage" : true,
        "hasContent" : true
      } ],
      "attachments" : [ ],
      "parameters" : [ ],
      "stepsCount" : 1,
      "attachmentsCount" : 0,
      "shouldDisplayMessage" : false,
      "hasContent" : true
    } ],
    "attachments" : [ {
      "uid" : "5607772b6ed5497d",
      "name" : "Screenshot",
      "source" : "5607772b6ed5497d.png",
      "type" : "image/png",
      "size" : 53768
    }, {
      "uid" : "500935aa805a2e0",
      "name" : "HTML source",
      "source" : "500935aa805a2e0.html",
      "type" : "text/html",
      "size" : 27723
    } ],
    "parameters" : [ ],
    "stepsCount" : 17,
    "attachmentsCount" : 2,
    "shouldDisplayMessage" : true,
    "hasContent" : true
  },
  "afterStages" : [ {
    "name" : "driver::0",
    "time" : {
      "start" : 1716167655787,
      "stop" : 1716167655953,
      "duration" : 166
    },
    "status" : "passed",
    "steps" : [ ],
    "attachments" : [ {
      "uid" : "c4b7a7e1ed89a73",
      "name" : "Screenshot 2024-05-20 01:14:15.891420",
      "source" : "c4b7a7e1ed89a73.png",
      "type" : "image/png",
      "size" : 53768
    } ],
    "parameters" : [ ],
    "stepsCount" : 0,
    "attachmentsCount" : 1,
    "shouldDisplayMessage" : false,
    "hasContent" : true
  } ],
  "labels" : [ {
    "name" : "epic",
    "value" : "Test Profile Page"
  }, {
    "name" : "parentSuite",
    "value" : "tests"
  }, {
    "name" : "suite",
    "value" : "profile_page_test"
  }, {
    "name" : "subSuite",
    "value" : "TestProfilePage"
  }, {
    "name" : "host",
    "value" : "fv-az777-823"
  }, {
    "name" : "thread",
    "value" : "2301-MainThread"
  }, {
    "name" : "framework",
    "value" : "pytest"
  }, {
    "name" : "language",
    "value" : "cpython3"
  }, {
    "name" : "package",
    "value" : "tests.profile_page_test"
  }, {
    "name" : "resultFormat",
    "value" : "allure2"
  } ],
  "parameters" : [ ],
  "links" : [ ],
  "hidden" : false,
  "retry" : false,
  "extra" : {
    "severity" : "normal",
    "retries" : [ ],
    "categories" : [ {
      "name" : "Test defects",
      "matchedStatuses" : [ ],
      "flaky" : false
    } ],
    "tags" : [ ]
  },
  "source" : "d253c35592f84334.json",
  "parameterValues" : [ ]
}