{
  "uid" : "d22d978355158936",
  "name" : "Verify presence and visibility of content on the page",
  "fullName" : "tests.exercises_ru_similar_phrases_page_test.TestExRuSimPhrPageStructure#test_ersp_01_01_verify_page_presence_and_visibility",
  "historyId" : "477d176aaa2d68310d18b6ad819f0946",
  "time" : {
    "start" : 1745283934770,
    "stop" : 1745283934770,
    "duration" : 0
  },
  "status" : "broken",
  "statusMessage" : "selenium.common.exceptions.TimeoutException: Message: Can't find element by locator https://www.brainup.site/groups",
  "statusTrace" : "self = <pages.base_page.BasePage object at 0x7f037a2d11f0>\nurl = 'https://www.brainup.site/groups'\n\n    def check_expected_link(self, url):\n        with allure.step(f'Check url is present: {url}'):\n            try:\n>               return Wait(self.driver, self.timeout).until(\n                    ec.url_to_be(url), message=f\"Can't find element by locator {url}\")\n\npages/base_page.py:68: \n_ _ _ _ _ _ _ _ _ _ _ _ _ _ _ _ _ _ _ _ _ _ _ _ _ _ _ _ _ _ _ _ _ _ _ _ _ _ _ _ \n\nself = <selenium.webdriver.support.wait.WebDriverWait (session=\"2620300eb3fd21894223fb472083dd7e\")>\nmethod = <function url_to_be.<locals>._predicate at 0x7f037a1163e0>\nmessage = \"Can't find element by locator https://www.brainup.site/groups\"\n\n    def until(self, method, message: str = \"\"):\n        \"\"\"Calls the method provided with the driver as an argument until the \\\n        return value does not evaluate to ``False``.\n    \n        :param method: callable(WebDriver)\n        :param message: optional message for :exc:`TimeoutException`\n        :returns: the result of the last call to `method`\n        :raises: :exc:`selenium.common.exceptions.TimeoutException` if timeout occurs\n        \"\"\"\n        screen = None\n        stacktrace = None\n    \n        end_time = time.monotonic() + self._timeout\n        while True:\n            try:\n                value = method(self._driver)\n                if value:\n                    return value\n            except self._ignored_exceptions as exc:\n                screen = getattr(exc, \"screen\", None)\n                stacktrace = getattr(exc, \"stacktrace\", None)\n            time.sleep(self._poll)\n            if time.monotonic() > end_time:\n                break\n>       raise TimeoutException(message, screen, stacktrace)\nE       selenium.common.exceptions.TimeoutException: Message: Can't find element by locator https://www.brainup.site/groups\n\n/opt/hostedtoolcache/Python/3.12.10/x64/lib/python3.12/site-packages/selenium/webdriver/support/wait.py:95: TimeoutException\n\nDuring handling of the above exception, another exception occurred:\n\ndriver = <selenium.webdriver.chrome.webdriver.WebDriver (session=\"2620300eb3fd21894223fb472083dd7e\")>\nmain_page_open = None\n\n    @pytest.fixture()\n    @allure.step('Auto test user authorized')\n    def auto_test_user_authorized(driver, main_page_open):\n        page = BasePage(driver)\n        page.element_is_present_and_clickable(MainPageLocators.LOGIN_BUTTON).click()\n        page.element_is_visible(LoginPageLocators.INPUT_LOGIN).send_keys(os.environ[\"LOGIN\"])\n        page.element_is_visible(LoginPageLocators.INPUT_PASSWORD).send_keys(os.environ[\"PASSWORD\"])\n        page.element_is_present_and_clickable(LoginPageLocators.SIGN_IN_BUTTON).click()\n>       page.check_expected_link(MainPageLinks.URL_GROUPS_PAGE)\n\ntests/conftest.py:104: \n_ _ _ _ _ _ _ _ _ _ _ _ _ _ _ _ _ _ _ _ _ _ _ _ _ _ _ _ _ _ _ _ _ _ _ _ _ _ _ _ \npages/base_page.py:72: in check_expected_link\n    return Wait(self.driver, self.timeout).until(\n_ _ _ _ _ _ _ _ _ _ _ _ _ _ _ _ _ _ _ _ _ _ _ _ _ _ _ _ _ _ _ _ _ _ _ _ _ _ _ _ \n\nself = <selenium.webdriver.support.wait.WebDriverWait (session=\"2620300eb3fd21894223fb472083dd7e\")>\nmethod = <function url_to_be.<locals>._predicate at 0x7f037a59fb00>\nmessage = \"Can't find element by locator https://www.brainup.site/groups\"\n\n    def until(self, method, message: str = \"\"):\n        \"\"\"Calls the method provided with the driver as an argument until the \\\n        return value does not evaluate to ``False``.\n    \n        :param method: callable(WebDriver)\n        :param message: optional message for :exc:`TimeoutException`\n        :returns: the result of the last call to `method`\n        :raises: :exc:`selenium.common.exceptions.TimeoutException` if timeout occurs\n        \"\"\"\n        screen = None\n        stacktrace = None\n    \n        end_time = time.monotonic() + self._timeout\n        while True:\n            try:\n                value = method(self._driver)\n                if value:\n                    return value\n            except self._ignored_exceptions as exc:\n                screen = getattr(exc, \"screen\", None)\n                stacktrace = getattr(exc, \"stacktrace\", None)\n            time.sleep(self._poll)\n            if time.monotonic() > end_time:\n                break\n>       raise TimeoutException(message, screen, stacktrace)\nE       selenium.common.exceptions.TimeoutException: Message: Can't find element by locator https://www.brainup.site/groups\n\n/opt/hostedtoolcache/Python/3.12.10/x64/lib/python3.12/site-packages/selenium/webdriver/support/wait.py:95: TimeoutException",
  "flaky" : false,
  "newFailed" : false,
  "beforeStages" : [ {
    "name" : "main_page_open",
    "time" : {
      "start" : 1745283935597,
      "stop" : 1745283939341,
      "duration" : 3744
    },
    "status" : "passed",
    "steps" : [ {
      "name" : "Open page: https://www.brainup.site/",
      "time" : {
        "start" : 1745283935597,
        "stop" : 1745283939341,
        "duration" : 3744
      },
      "status" : "passed",
      "steps" : [ ],
      "attachments" : [ ],
      "parameters" : [ {
        "name" : "driver",
        "value" : "<selenium.webdriver.chrome.webdriver.WebDriver (session=\"2620300eb3fd21894223fb472083dd7e\")>"
      } ],
      "stepsCount" : 0,
      "attachmentsCount" : 0,
      "shouldDisplayMessage" : false,
      "hasContent" : true
    } ],
    "attachments" : [ ],
    "parameters" : [ ],
    "stepsCount" : 1,
    "attachmentsCount" : 0,
    "shouldDisplayMessage" : false,
    "hasContent" : true
  }, {
    "name" : "clear_allure_results_folder",
    "time" : {
      "start" : 1745283738871,
      "stop" : 1745283738871,
      "duration" : 0
    },
    "status" : "passed",
    "steps" : [ ],
    "attachments" : [ ],
    "parameters" : [ ],
    "stepsCount" : 0,
    "attachmentsCount" : 0,
    "shouldDisplayMessage" : false,
    "hasContent" : false
  }, {
    "name" : "auto_test_user_authorized",
    "time" : {
      "start" : 1745283939341,
      "stop" : 1745283979971,
      "duration" : 40630
    },
    "status" : "broken",
    "statusMessage" : "selenium.common.exceptions.TimeoutException: Message: Can't find element by locator https://www.brainup.site/groups\n\n",
    "statusTrace" : "  File \"/opt/hostedtoolcache/Python/3.12.10/x64/lib/python3.12/site-packages/pluggy/_callers.py\", line 103, in _multicall\n    res = hook_impl.function(*args)\n          ^^^^^^^^^^^^^^^^^^^^^^^^^\n  File \"/opt/hostedtoolcache/Python/3.12.10/x64/lib/python3.12/site-packages/_pytest/fixtures.py\", line 1123, in pytest_fixture_setup\n    result = call_fixture_func(fixturefunc, request, kwargs)\n             ^^^^^^^^^^^^^^^^^^^^^^^^^^^^^^^^^^^^^^^^^^^^^^^\n  File \"/opt/hostedtoolcache/Python/3.12.10/x64/lib/python3.12/site-packages/_pytest/fixtures.py\", line 902, in call_fixture_func\n    fixture_result = fixturefunc(**kwargs)\n                     ^^^^^^^^^^^^^^^^^^^^^\n  File \"/opt/hostedtoolcache/Python/3.12.10/x64/lib/python3.12/site-packages/allure_commons/_allure.py\", line 192, in impl\n    return func(*a, **kw)\n           ^^^^^^^^^^^^^^\n  File \"/home/runner/work/auto-tests-python/auto-tests-python/tests/conftest.py\", line 104, in auto_test_user_authorized\n    page.check_expected_link(MainPageLinks.URL_GROUPS_PAGE)\n  File \"/home/runner/work/auto-tests-python/auto-tests-python/pages/base_page.py\", line 72, in check_expected_link\n    return Wait(self.driver, self.timeout).until(\n           ^^^^^^^^^^^^^^^^^^^^^^^^^^^^^^^^^^^^^^\n  File \"/opt/hostedtoolcache/Python/3.12.10/x64/lib/python3.12/site-packages/selenium/webdriver/support/wait.py\", line 95, in until\n    raise TimeoutException(message, screen, stacktrace)\n",
    "steps" : [ {
      "name" : "Auto test user authorized",
      "time" : {
        "start" : 1745283939341,
        "stop" : 1745283979970,
        "duration" : 40629
      },
      "status" : "broken",
      "statusMessage" : "selenium.common.exceptions.TimeoutException: Message: Can't find element by locator https://www.brainup.site/groups\n\n",
      "statusTrace" : "  File \"/opt/hostedtoolcache/Python/3.12.10/x64/lib/python3.12/site-packages/allure_commons/_allure.py\", line 192, in impl\n    return func(*a, **kw)\n           ^^^^^^^^^^^^^^\n  File \"/home/runner/work/auto-tests-python/auto-tests-python/tests/conftest.py\", line 104, in auto_test_user_authorized\n    page.check_expected_link(MainPageLinks.URL_GROUPS_PAGE)\n  File \"/home/runner/work/auto-tests-python/auto-tests-python/pages/base_page.py\", line 72, in check_expected_link\n    return Wait(self.driver, self.timeout).until(\n           ^^^^^^^^^^^^^^^^^^^^^^^^^^^^^^^^^^^^^^\n  File \"/opt/hostedtoolcache/Python/3.12.10/x64/lib/python3.12/site-packages/selenium/webdriver/support/wait.py\", line 95, in until\n    raise TimeoutException(message, screen, stacktrace)\n",
      "steps" : [ {
        "name" : "Check url is present: https://www.brainup.site/groups",
        "time" : {
          "start" : 1745283939727,
          "stop" : 1745283979970,
          "duration" : 40243
        },
        "status" : "broken",
        "statusMessage" : "selenium.common.exceptions.TimeoutException: Message: Can't find element by locator https://www.brainup.site/groups\n\n",
        "statusTrace" : "  File \"/home/runner/work/auto-tests-python/auto-tests-python/pages/base_page.py\", line 72, in check_expected_link\n    return Wait(self.driver, self.timeout).until(\n           ^^^^^^^^^^^^^^^^^^^^^^^^^^^^^^^^^^^^^^\n  File \"/opt/hostedtoolcache/Python/3.12.10/x64/lib/python3.12/site-packages/selenium/webdriver/support/wait.py\", line 95, in until\n    raise TimeoutException(message, screen, stacktrace)\n",
        "steps" : [ ],
        "attachments" : [ ],
        "parameters" : [ ],
        "stepsCount" : 0,
        "attachmentsCount" : 0,
        "shouldDisplayMessage" : true,
        "hasContent" : true
      } ],
      "attachments" : [ ],
      "parameters" : [ {
        "name" : "driver",
        "value" : "<selenium.webdriver.chrome.webdriver.WebDriver (session=\"2620300eb3fd21894223fb472083dd7e\")>"
      }, {
        "name" : "main_page_open",
        "value" : "None"
      } ],
      "stepsCount" : 1,
      "attachmentsCount" : 0,
      "shouldDisplayMessage" : false,
      "hasContent" : true
    } ],
    "attachments" : [ ],
    "parameters" : [ ],
    "stepsCount" : 2,
    "attachmentsCount" : 0,
    "shouldDisplayMessage" : false,
    "hasContent" : true
  }, {
    "name" : "driver",
    "time" : {
      "start" : 1745283934771,
      "stop" : 1745283935597,
      "duration" : 826
    },
    "status" : "passed",
    "steps" : [ ],
    "attachments" : [ ],
    "parameters" : [ ],
    "stepsCount" : 0,
    "attachmentsCount" : 0,
    "shouldDisplayMessage" : false,
    "hasContent" : false
  } ],
  "afterStages" : [ {
    "name" : "driver::0",
    "time" : {
      "start" : 1745283980014,
      "stop" : 1745283980080,
      "duration" : 66
    },
    "status" : "passed",
    "steps" : [ ],
    "attachments" : [ ],
    "parameters" : [ ],
    "stepsCount" : 0,
    "attachmentsCount" : 0,
    "shouldDisplayMessage" : false,
    "hasContent" : false
  } ],
  "labels" : [ {
    "name" : "epic",
    "value" : "The Exercises 'Similar phrases' Page on the 'ru' local"
  }, {
    "name" : "parentSuite",
    "value" : "tests"
  }, {
    "name" : "suite",
    "value" : "exercises_ru_similar_phrases_page_test"
  }, {
    "name" : "subSuite",
    "value" : "TestExercisesRuSimilarPhrasesPage"
  }, {
    "name" : "host",
    "value" : "fv-az2219-693"
  }, {
    "name" : "thread",
    "value" : "2444-MainThread"
  }, {
    "name" : "framework",
    "value" : "pytest"
  }, {
    "name" : "language",
    "value" : "cpython3"
  }, {
    "name" : "package",
    "value" : "tests.exercises_ru_similar_phrases_page_test"
  }, {
    "name" : "resultFormat",
    "value" : "allure2"
  } ],
  "parameters" : [ ],
  "links" : [ ],
  "hidden" : false,
  "retry" : false,
  "extra" : {
    "severity" : "normal",
    "retries" : [ ],
    "categories" : [ {
      "name" : "Test defects",
      "matchedStatuses" : [ ],
      "flaky" : false
    } ],
    "history" : {
      "statistic" : {
        "failed" : 0,
        "broken" : 8,
        "skipped" : 0,
        "passed" : 101,
        "unknown" : 0,
        "total" : 109
      },
      "items" : [ {
        "uid" : "5d7ed09e1804a17f",
        "reportUrl" : "https://Brain-up.github.io/auto-tests-python/546//#testresult/5d7ed09e1804a17f",
        "status" : "passed",
        "time" : {
          "start" : 1745258885284,
          "stop" : 1745258885355,
          "duration" : 71
        }
      }, {
        "uid" : "7b7338e91ad22fe8",
        "reportUrl" : "https://Brain-up.github.io/auto-tests-python/545//#testresult/7b7338e91ad22fe8",
        "status" : "passed",
        "time" : {
          "start" : 1745181114900,
          "stop" : 1745181115617,
          "duration" : 717
        }
      }, {
        "uid" : "1f7682eaf284a48b",
        "reportUrl" : "https://Brain-up.github.io/auto-tests-python/340//#testresult/1f7682eaf284a48b",
        "status" : "passed",
        "time" : {
          "start" : 1745111389988,
          "stop" : 1745111390058,
          "duration" : 70
        }
      }, {
        "uid" : "d608ffff918144c5",
        "reportUrl" : "https://Brain-up.github.io/auto-tests-python/339//#testresult/d608ffff918144c5",
        "status" : "passed",
        "time" : {
          "start" : 1745024535247,
          "stop" : 1745024535274,
          "duration" : 27
        }
      }, {
        "uid" : "b6384d6a690e5e58",
        "reportUrl" : "https://Brain-up.github.io/auto-tests-python/544//#testresult/b6384d6a690e5e58",
        "status" : "passed",
        "time" : {
          "start" : 1745010706889,
          "stop" : 1745010706961,
          "duration" : 72
        }
      }, {
        "uid" : "824ec3cfa9b4ba2",
        "reportUrl" : "https://Brain-up.github.io/auto-tests-python/543//#testresult/824ec3cfa9b4ba2",
        "status" : "passed",
        "time" : {
          "start" : 1745003724987,
          "stop" : 1745003725060,
          "duration" : 73
        }
      }, {
        "uid" : "3cbafe87b21e1202",
        "reportUrl" : "https://Brain-up.github.io/auto-tests-python/338//#testresult/3cbafe87b21e1202",
        "status" : "passed",
        "time" : {
          "start" : 1744938241537,
          "stop" : 1744938241616,
          "duration" : 79
        }
      }, {
        "uid" : "84cd1415a6676821",
        "reportUrl" : "https://Brain-up.github.io/auto-tests-python/337//#testresult/84cd1415a6676821",
        "status" : "passed",
        "time" : {
          "start" : 1744851957814,
          "stop" : 1744851957884,
          "duration" : 70
        }
      }, {
        "uid" : "51b23a7bb2d89bb5",
        "reportUrl" : "https://Brain-up.github.io/auto-tests-python/541//#testresult/51b23a7bb2d89bb5",
        "status" : "passed",
        "time" : {
          "start" : 1744833574795,
          "stop" : 1744833574866,
          "duration" : 71
        }
      }, {
        "uid" : "fcc456c9002a134c",
        "reportUrl" : "https://Brain-up.github.io/auto-tests-python/336//#testresult/fcc456c9002a134c",
        "status" : "passed",
        "time" : {
          "start" : 1744765586066,
          "stop" : 1744765587674,
          "duration" : 1608
        }
      }, {
        "uid" : "dcf9e33b83edc3fd",
        "reportUrl" : "https://Brain-up.github.io/auto-tests-python/540//#testresult/dcf9e33b83edc3fd",
        "status" : "passed",
        "time" : {
          "start" : 1744718954995,
          "stop" : 1744718955074,
          "duration" : 79
        }
      }, {
        "uid" : "d9dde82150d41606",
        "reportUrl" : "https://Brain-up.github.io/auto-tests-python/335//#testresult/d9dde82150d41606",
        "status" : "passed",
        "time" : {
          "start" : 1744679219299,
          "stop" : 1744679220400,
          "duration" : 1101
        }
      }, {
        "uid" : "efffcf4dfbf5a327",
        "reportUrl" : "https://Brain-up.github.io/auto-tests-python/539//#testresult/efffcf4dfbf5a327",
        "status" : "passed",
        "time" : {
          "start" : 1744663764585,
          "stop" : 1744663764666,
          "duration" : 81
        }
      }, {
        "uid" : "3e92f25682e21fea",
        "reportUrl" : "https://Brain-up.github.io/auto-tests-python/334//#testresult/3e92f25682e21fea",
        "status" : "broken",
        "statusDetails" : "selenium.common.exceptions.TimeoutException: Message: Can't find element by locator ('tag name', 'main')\nStacktrace:\n#0 0x55aa968f6e6a <unknown>\n#1 0x55aa963a8640 <unknown>\n#2 0x55aa963f9b5a <unknown>\n#3 0x55aa963f9d51 <unknown>\n#4 0x55aa96448344 <unknown>\n#5 0x55aa9641f77d <unknown>\n#6 0x55aa964457b5 <unknown>\n#7 0x55aa9641f523 <unknown>\n#8 0x55aa963ebef3 <unknown>\n#9 0x55aa963ecb51 <unknown>\n#10 0x55aa968bbd2b <unknown>\n#11 0x55aa968bfc01 <unknown>\n#12 0x55aa968a3512 <unknown>\n#13 0x55aa968c0774 <unknown>\n#14 0x55aa9688790f <unknown>\n#15 0x55aa968e4fb8 <unknown>\n#16 0x55aa968e5196 <unknown>\n#17 0x55aa968f5cb6 <unknown>\n#18 0x7f82b369caa4 <unknown>\n#19 0x7f82b3729c3c <unknown>",
        "time" : {
          "start" : 1744592866840,
          "stop" : 1744592886844,
          "duration" : 20004
        }
      }, {
        "uid" : "c4b03b2d29b2ef58",
        "reportUrl" : "https://Brain-up.github.io/auto-tests-python/333//#testresult/c4b03b2d29b2ef58",
        "status" : "passed",
        "time" : {
          "start" : 1744511597232,
          "stop" : 1744511597324,
          "duration" : 92
        }
      }, {
        "uid" : "af319db5d9fbcff0",
        "reportUrl" : "https://Brain-up.github.io/auto-tests-python/537//#testresult/af319db5d9fbcff0",
        "status" : "passed",
        "time" : {
          "start" : 1744485803153,
          "stop" : 1744485803224,
          "duration" : 71
        }
      }, {
        "uid" : "b2ac5aaceb3d81f3",
        "reportUrl" : "https://Brain-up.github.io/auto-tests-python/332//#testresult/b2ac5aaceb3d81f3",
        "status" : "broken",
        "statusDetails" : "selenium.common.exceptions.TimeoutException: Message: Can't find element by locator ('tag name', 'main')\nStacktrace:\n#0 0x5629daea4e6a <unknown>\n#1 0x5629da956640 <unknown>\n#2 0x5629da9a7b5a <unknown>\n#3 0x5629da9a7d51 <unknown>\n#4 0x5629da9f6344 <unknown>\n#5 0x5629da9cd77d <unknown>\n#6 0x5629da9f37b5 <unknown>\n#7 0x5629da9cd523 <unknown>\n#8 0x5629da999ef3 <unknown>\n#9 0x5629da99ab51 <unknown>\n#10 0x5629dae69d2b <unknown>\n#11 0x5629dae6dc01 <unknown>\n#12 0x5629dae51512 <unknown>\n#13 0x5629dae6e774 <unknown>\n#14 0x5629dae3590f <unknown>\n#15 0x5629dae92fb8 <unknown>\n#16 0x5629dae93196 <unknown>\n#17 0x5629daea3cb6 <unknown>\n#18 0x7f5a90e9caa4 <unknown>\n#19 0x7f5a90f29c3c <unknown>",
        "time" : {
          "start" : 1744419809555,
          "stop" : 1744419829583,
          "duration" : 20028
        }
      }, {
        "uid" : "d49f48190d3313a7",
        "reportUrl" : "https://Brain-up.github.io/auto-tests-python/536//#testresult/d49f48190d3313a7",
        "status" : "passed",
        "time" : {
          "start" : 1744396898653,
          "stop" : 1744396898725,
          "duration" : 72
        }
      }, {
        "uid" : "f2bdce3e72a9fbbb",
        "reportUrl" : "https://Brain-up.github.io/auto-tests-python/331//#testresult/f2bdce3e72a9fbbb",
        "status" : "passed",
        "time" : {
          "start" : 1744333466633,
          "stop" : 1744333466705,
          "duration" : 72
        }
      }, {
        "uid" : "7b08aefdd61343bf",
        "reportUrl" : "https://Brain-up.github.io/auto-tests-python/535//#testresult/7b08aefdd61343bf",
        "status" : "passed",
        "time" : {
          "start" : 1744307031797,
          "stop" : 1744307031872,
          "duration" : 75
        }
      } ]
    },
    "tags" : [ ]
  },
  "source" : "d22d978355158936.json",
  "parameterValues" : [ ]
}