{
  "uid" : "e95ceec24beda028",
  "name" : "Select random card from \"Word\" group and compare UI vs BACKEND data",
  "fullName" : "tests.test_speech_exercises_en.TestCardsEN#test_random_word_cards_en",
  "historyId" : "84999af5e98c6318908a9abbfe6fc3a3",
  "time" : {
    "start" : 1740342716560,
    "stop" : 1740342737214,
    "duration" : 20654
  },
  "status" : "skipped",
  "statusMessage" : "XFAIL\n\nselenium.common.exceptions.TimeoutException: Message: Can't find element by locator ('xpath', '//button[@data-test-active-link=\"Words\"]')\nStacktrace:\n#0 0x555aabaf309a <unknown>\n#1 0x555aab5ba8b0 <unknown>\n#2 0x555aab60bb99 <unknown>\n#3 0x555aab60bd21 <unknown>\n#4 0x555aab65a854 <unknown>\n#5 0x555aab6319ad <unknown>\n#6 0x555aab657b8b <unknown>\n#7 0x555aab631753 <unknown>\n#8 0x555aab5fd38e <unknown>\n#9 0x555aab5feb51 <unknown>\n#10 0x555aababc76b <unknown>\n#11 0x555aabac06f2 <unknown>\n#12 0x555aabaa88fc <unknown>\n#13 0x555aabac12e4 <unknown>\n#14 0x555aaba8c9cf <unknown>\n#15 0x555aabae1cd8 <unknown>\n#16 0x555aabae1eb6 <unknown>\n#17 0x555aabaf1f16 <unknown>\n#18 0x7fcf9609caa4 <unknown>\n#19 0x7fcf96129c3c <unknown>",
  "statusTrace" : "self = <tests.test_speech_exercises_en.TestCardsEN object at 0x7ffbccae0320>\ndriver = <selenium.webdriver.chrome.webdriver.WebDriver (session=\"5a8b9f200ebe19c40ccedacc4533d550\")>\nspecialist_user_authorized = None\n\n    @pytest.mark.xfail\n    @allure.suite(\"Speech exercises EN.\")\n    @allure.title('Select random card from \"Word\" group and compare UI vs BACKEND data')\n    def test_random_word_cards_en(self, driver, specialist_user_authorized):\n        page = SpeechExercisesPage(driver)\n>       page.select_group(SpeechExercisesPageLocators.WORDS_BUTTON_EN)\n\ntests/test_speech_exercises_en.py:16: \n_ _ _ _ _ _ _ _ _ _ _ _ _ _ _ _ _ _ _ _ _ _ _ _ _ _ _ _ _ _ _ _ _ _ _ _ _ _ _ _ \npages/speech_exercises_page_en.py:18: in select_group\n    text_of_the_button = self.element_is_present_and_clickable(selector_for_sub_group)\npages/base_page.py:40: in element_is_present_and_clickable\n    return (Wait(self.driver, self.timeout).until(\n_ _ _ _ _ _ _ _ _ _ _ _ _ _ _ _ _ _ _ _ _ _ _ _ _ _ _ _ _ _ _ _ _ _ _ _ _ _ _ _ \n\nself = <selenium.webdriver.support.wait.WebDriverWait (session=\"5a8b9f200ebe19c40ccedacc4533d550\")>\nmethod = <function visibility_of_element_located.<locals>._predicate at 0x7ffbcc9bdb20>\nmessage = 'Can\\'t find element by locator (\\'xpath\\', \\'//button[@data-test-active-link=\"Words\"]\\')'\n\n    def until(self, method, message: str = \"\"):\n        \"\"\"Calls the method provided with the driver as an argument until the \\\n        return value does not evaluate to ``False``.\n    \n        :param method: callable(WebDriver)\n        :param message: optional message for :exc:`TimeoutException`\n        :returns: the result of the last call to `method`\n        :raises: :exc:`selenium.common.exceptions.TimeoutException` if timeout occurs\n        \"\"\"\n        screen = None\n        stacktrace = None\n    \n        end_time = time.monotonic() + self._timeout\n        while True:\n            try:\n                value = method(self._driver)\n                if value:\n                    return value\n            except self._ignored_exceptions as exc:\n                screen = getattr(exc, \"screen\", None)\n                stacktrace = getattr(exc, \"stacktrace\", None)\n            time.sleep(self._poll)\n            if time.monotonic() > end_time:\n                break\n>       raise TimeoutException(message, screen, stacktrace)\nE       selenium.common.exceptions.TimeoutException: Message: Can't find element by locator ('xpath', '//button[@data-test-active-link=\"Words\"]')\nE       Stacktrace:\nE       #0 0x555aabaf309a <unknown>\nE       #1 0x555aab5ba8b0 <unknown>\nE       #2 0x555aab60bb99 <unknown>\nE       #3 0x555aab60bd21 <unknown>\nE       #4 0x555aab65a854 <unknown>\nE       #5 0x555aab6319ad <unknown>\nE       #6 0x555aab657b8b <unknown>\nE       #7 0x555aab631753 <unknown>\nE       #8 0x555aab5fd38e <unknown>\nE       #9 0x555aab5feb51 <unknown>\nE       #10 0x555aababc76b <unknown>\nE       #11 0x555aabac06f2 <unknown>\nE       #12 0x555aabaa88fc <unknown>\nE       #13 0x555aabac12e4 <unknown>\nE       #14 0x555aaba8c9cf <unknown>\nE       #15 0x555aabae1cd8 <unknown>\nE       #16 0x555aabae1eb6 <unknown>\nE       #17 0x555aabaf1f16 <unknown>\nE       #18 0x7fcf9609caa4 <unknown>\nE       #19 0x7fcf96129c3c <unknown>\n\n/opt/hostedtoolcache/Python/3.12.9/x64/lib/python3.12/site-packages/selenium/webdriver/support/wait.py:95: TimeoutException",
  "flaky" : false,
  "newFailed" : false,
  "beforeStages" : [ {
    "name" : "main_page_open",
    "time" : {
      "start" : 1740342710478,
      "stop" : 1740342713588,
      "duration" : 3110
    },
    "status" : "passed",
    "steps" : [ {
      "name" : "Open page: https://www.brainup.site/",
      "time" : {
        "start" : 1740342710478,
        "stop" : 1740342713588,
        "duration" : 3110
      },
      "status" : "passed",
      "steps" : [ ],
      "attachments" : [ ],
      "parameters" : [ {
        "name" : "driver",
        "value" : "<selenium.webdriver.chrome.webdriver.WebDriver (session=\"5a8b9f200ebe19c40ccedacc4533d550\")>"
      } ],
      "stepsCount" : 0,
      "attachmentsCount" : 0,
      "shouldDisplayMessage" : false,
      "hasContent" : true
    } ],
    "attachments" : [ ],
    "parameters" : [ ],
    "stepsCount" : 1,
    "attachmentsCount" : 0,
    "shouldDisplayMessage" : false,
    "hasContent" : true
  }, {
    "name" : "driver",
    "time" : {
      "start" : 1740342709643,
      "stop" : 1740342710477,
      "duration" : 834
    },
    "status" : "passed",
    "steps" : [ ],
    "attachments" : [ ],
    "parameters" : [ ],
    "stepsCount" : 0,
    "attachmentsCount" : 0,
    "shouldDisplayMessage" : false,
    "hasContent" : false
  }, {
    "name" : "specialist_user_authorized",
    "time" : {
      "start" : 1740342713588,
      "stop" : 1740342716559,
      "duration" : 2971
    },
    "status" : "passed",
    "steps" : [ {
      "name" : "USER specialist authorized",
      "time" : {
        "start" : 1740342713588,
        "stop" : 1740342716559,
        "duration" : 2971
      },
      "status" : "passed",
      "steps" : [ {
        "name" : "Check url is present: https://www.brainup.site/groups",
        "time" : {
          "start" : 1740342714006,
          "stop" : 1740342716537,
          "duration" : 2531
        },
        "status" : "passed",
        "steps" : [ ],
        "attachments" : [ ],
        "parameters" : [ ],
        "stepsCount" : 0,
        "attachmentsCount" : 0,
        "shouldDisplayMessage" : false,
        "hasContent" : false
      }, {
        "name" : "Loader checking",
        "time" : {
          "start" : 1740342716537,
          "stop" : 1740342716559,
          "duration" : 22
        },
        "status" : "passed",
        "steps" : [ ],
        "attachments" : [ ],
        "parameters" : [ ],
        "stepsCount" : 0,
        "attachmentsCount" : 0,
        "shouldDisplayMessage" : false,
        "hasContent" : false
      } ],
      "attachments" : [ ],
      "parameters" : [ {
        "name" : "driver",
        "value" : "<selenium.webdriver.chrome.webdriver.WebDriver (session=\"5a8b9f200ebe19c40ccedacc4533d550\")>"
      }, {
        "name" : "main_page_open",
        "value" : "None"
      } ],
      "stepsCount" : 2,
      "attachmentsCount" : 0,
      "shouldDisplayMessage" : false,
      "hasContent" : true
    } ],
    "attachments" : [ ],
    "parameters" : [ ],
    "stepsCount" : 3,
    "attachmentsCount" : 0,
    "shouldDisplayMessage" : false,
    "hasContent" : true
  }, {
    "name" : "clear_allure_results_folder",
    "time" : {
      "start" : 1740341520097,
      "stop" : 1740341520097,
      "duration" : 0
    },
    "status" : "passed",
    "steps" : [ ],
    "attachments" : [ ],
    "parameters" : [ ],
    "stepsCount" : 0,
    "attachmentsCount" : 0,
    "shouldDisplayMessage" : false,
    "hasContent" : false
  } ],
  "testStage" : {
    "status" : "skipped",
    "statusMessage" : "XFAIL\n\nselenium.common.exceptions.TimeoutException: Message: Can't find element by locator ('xpath', '//button[@data-test-active-link=\"Words\"]')\nStacktrace:\n#0 0x555aabaf309a <unknown>\n#1 0x555aab5ba8b0 <unknown>\n#2 0x555aab60bb99 <unknown>\n#3 0x555aab60bd21 <unknown>\n#4 0x555aab65a854 <unknown>\n#5 0x555aab6319ad <unknown>\n#6 0x555aab657b8b <unknown>\n#7 0x555aab631753 <unknown>\n#8 0x555aab5fd38e <unknown>\n#9 0x555aab5feb51 <unknown>\n#10 0x555aababc76b <unknown>\n#11 0x555aabac06f2 <unknown>\n#12 0x555aabaa88fc <unknown>\n#13 0x555aabac12e4 <unknown>\n#14 0x555aaba8c9cf <unknown>\n#15 0x555aabae1cd8 <unknown>\n#16 0x555aabae1eb6 <unknown>\n#17 0x555aabaf1f16 <unknown>\n#18 0x7fcf9609caa4 <unknown>\n#19 0x7fcf96129c3c <unknown>",
    "statusTrace" : "self = <tests.test_speech_exercises_en.TestCardsEN object at 0x7ffbccae0320>\ndriver = <selenium.webdriver.chrome.webdriver.WebDriver (session=\"5a8b9f200ebe19c40ccedacc4533d550\")>\nspecialist_user_authorized = None\n\n    @pytest.mark.xfail\n    @allure.suite(\"Speech exercises EN.\")\n    @allure.title('Select random card from \"Word\" group and compare UI vs BACKEND data')\n    def test_random_word_cards_en(self, driver, specialist_user_authorized):\n        page = SpeechExercisesPage(driver)\n>       page.select_group(SpeechExercisesPageLocators.WORDS_BUTTON_EN)\n\ntests/test_speech_exercises_en.py:16: \n_ _ _ _ _ _ _ _ _ _ _ _ _ _ _ _ _ _ _ _ _ _ _ _ _ _ _ _ _ _ _ _ _ _ _ _ _ _ _ _ \npages/speech_exercises_page_en.py:18: in select_group\n    text_of_the_button = self.element_is_present_and_clickable(selector_for_sub_group)\npages/base_page.py:40: in element_is_present_and_clickable\n    return (Wait(self.driver, self.timeout).until(\n_ _ _ _ _ _ _ _ _ _ _ _ _ _ _ _ _ _ _ _ _ _ _ _ _ _ _ _ _ _ _ _ _ _ _ _ _ _ _ _ \n\nself = <selenium.webdriver.support.wait.WebDriverWait (session=\"5a8b9f200ebe19c40ccedacc4533d550\")>\nmethod = <function visibility_of_element_located.<locals>._predicate at 0x7ffbcc9bdb20>\nmessage = 'Can\\'t find element by locator (\\'xpath\\', \\'//button[@data-test-active-link=\"Words\"]\\')'\n\n    def until(self, method, message: str = \"\"):\n        \"\"\"Calls the method provided with the driver as an argument until the \\\n        return value does not evaluate to ``False``.\n    \n        :param method: callable(WebDriver)\n        :param message: optional message for :exc:`TimeoutException`\n        :returns: the result of the last call to `method`\n        :raises: :exc:`selenium.common.exceptions.TimeoutException` if timeout occurs\n        \"\"\"\n        screen = None\n        stacktrace = None\n    \n        end_time = time.monotonic() + self._timeout\n        while True:\n            try:\n                value = method(self._driver)\n                if value:\n                    return value\n            except self._ignored_exceptions as exc:\n                screen = getattr(exc, \"screen\", None)\n                stacktrace = getattr(exc, \"stacktrace\", None)\n            time.sleep(self._poll)\n            if time.monotonic() > end_time:\n                break\n>       raise TimeoutException(message, screen, stacktrace)\nE       selenium.common.exceptions.TimeoutException: Message: Can't find element by locator ('xpath', '//button[@data-test-active-link=\"Words\"]')\nE       Stacktrace:\nE       #0 0x555aabaf309a <unknown>\nE       #1 0x555aab5ba8b0 <unknown>\nE       #2 0x555aab60bb99 <unknown>\nE       #3 0x555aab60bd21 <unknown>\nE       #4 0x555aab65a854 <unknown>\nE       #5 0x555aab6319ad <unknown>\nE       #6 0x555aab657b8b <unknown>\nE       #7 0x555aab631753 <unknown>\nE       #8 0x555aab5fd38e <unknown>\nE       #9 0x555aab5feb51 <unknown>\nE       #10 0x555aababc76b <unknown>\nE       #11 0x555aabac06f2 <unknown>\nE       #12 0x555aabaa88fc <unknown>\nE       #13 0x555aabac12e4 <unknown>\nE       #14 0x555aaba8c9cf <unknown>\nE       #15 0x555aabae1cd8 <unknown>\nE       #16 0x555aabae1eb6 <unknown>\nE       #17 0x555aabaf1f16 <unknown>\nE       #18 0x7fcf9609caa4 <unknown>\nE       #19 0x7fcf96129c3c <unknown>\n\n/opt/hostedtoolcache/Python/3.12.9/x64/lib/python3.12/site-packages/selenium/webdriver/support/wait.py:95: TimeoutException",
    "steps" : [ {
      "name" : "select_group",
      "time" : {
        "start" : 1740342716560,
        "stop" : 1740342737213,
        "duration" : 20653
      },
      "status" : "broken",
      "statusMessage" : "selenium.common.exceptions.TimeoutException: Message: Can't find element by locator ('xpath', '//button[@data-test-active-link=\"Words\"]')\nStacktrace:\n#0 0x555aabaf309a <unknown>\n#1 0x555aab5ba8b0 <unknown>\n#2 0x555aab60bb99 <unknown>\n#3 0x555aab60bd21 <unknown>\n#4 0x555aab65a854 <unknown>\n#5 0x555aab6319ad <unknown>\n#6 0x555aab657b8b <unknown>\n#7 0x555aab631753 <unknown>\n#8 0x555aab5fd38e <unknown>\n#9 0x555aab5feb51 <unknown>\n#10 0x555aababc76b <unknown>\n#11 0x555aabac06f2 <unknown>\n#12 0x555aabaa88fc <unknown>\n#13 0x555aabac12e4 <unknown>\n#14 0x555aaba8c9cf <unknown>\n#15 0x555aabae1cd8 <unknown>\n#16 0x555aabae1eb6 <unknown>\n#17 0x555aabaf1f16 <unknown>\n#18 0x7fcf9609caa4 <unknown>\n#19 0x7fcf96129c3c <unknown>\n\n",
      "statusTrace" : "  File \"/opt/hostedtoolcache/Python/3.12.9/x64/lib/python3.12/site-packages/allure_commons/_allure.py\", line 192, in impl\n    return func(*a, **kw)\n           ^^^^^^^^^^^^^^\n  File \"/home/runner/work/auto-tests-python/auto-tests-python/pages/speech_exercises_page_en.py\", line 18, in select_group\n    text_of_the_button = self.element_is_present_and_clickable(selector_for_sub_group)\n                         ^^^^^^^^^^^^^^^^^^^^^^^^^^^^^^^^^^^^^^^^^^^^^^^^^^^^^^^^^^^^^\n  File \"/home/runner/work/auto-tests-python/auto-tests-python/pages/base_page.py\", line 40, in element_is_present_and_clickable\n    return (Wait(self.driver, self.timeout).until(\n            ^^^^^^^^^^^^^^^^^^^^^^^^^^^^^^^^^^^^^^\n  File \"/opt/hostedtoolcache/Python/3.12.9/x64/lib/python3.12/site-packages/selenium/webdriver/support/wait.py\", line 95, in until\n    raise TimeoutException(message, screen, stacktrace)\n",
      "steps" : [ {
        "name" : "Select Russian language. Click \"EN\" button.",
        "time" : {
          "start" : 1740342716560,
          "stop" : 1740342716631,
          "duration" : 71
        },
        "status" : "passed",
        "steps" : [ ],
        "attachments" : [ ],
        "parameters" : [ ],
        "stepsCount" : 0,
        "attachmentsCount" : 0,
        "shouldDisplayMessage" : false,
        "hasContent" : false
      }, {
        "name" : "Click button \"SPEECH EXERCISES\".",
        "time" : {
          "start" : 1740342716631,
          "stop" : 1740342716706,
          "duration" : 75
        },
        "status" : "passed",
        "steps" : [ ],
        "attachments" : [ ],
        "parameters" : [ ],
        "stepsCount" : 0,
        "attachmentsCount" : 0,
        "shouldDisplayMessage" : false,
        "hasContent" : false
      } ],
      "attachments" : [ ],
      "parameters" : [ {
        "name" : "selector_for_sub_group",
        "value" : "('xpath', '//button[@data-test-active-link=\"Words\"]')"
      } ],
      "stepsCount" : 2,
      "attachmentsCount" : 0,
      "shouldDisplayMessage" : true,
      "hasContent" : true
    } ],
    "attachments" : [ ],
    "parameters" : [ ],
    "stepsCount" : 3,
    "attachmentsCount" : 0,
    "shouldDisplayMessage" : true,
    "hasContent" : true
  },
  "afterStages" : [ {
    "name" : "driver::0",
    "time" : {
      "start" : 1740342737224,
      "stop" : 1740342737292,
      "duration" : 68
    },
    "status" : "passed",
    "steps" : [ ],
    "attachments" : [ ],
    "parameters" : [ ],
    "stepsCount" : 0,
    "attachmentsCount" : 0,
    "shouldDisplayMessage" : false,
    "hasContent" : false
  } ],
  "labels" : [ {
    "name" : "epic",
    "value" : "Speech exercises."
  }, {
    "name" : "suite",
    "value" : "Speech exercises EN."
  }, {
    "name" : "tag",
    "value" : "@pytest.mark.xfail"
  }, {
    "name" : "parentSuite",
    "value" : "tests"
  }, {
    "name" : "subSuite",
    "value" : "TestCardsEN"
  }, {
    "name" : "host",
    "value" : "fv-az1050-127"
  }, {
    "name" : "thread",
    "value" : "2430-MainThread"
  }, {
    "name" : "framework",
    "value" : "pytest"
  }, {
    "name" : "language",
    "value" : "cpython3"
  }, {
    "name" : "package",
    "value" : "tests.test_speech_exercises_en"
  }, {
    "name" : "resultFormat",
    "value" : "allure2"
  } ],
  "parameters" : [ ],
  "links" : [ ],
  "hidden" : false,
  "retry" : false,
  "extra" : {
    "severity" : "normal",
    "retries" : [ ],
    "categories" : [ ],
    "history" : {
      "statistic" : {
        "failed" : 0,
        "broken" : 0,
        "skipped" : 195,
        "passed" : 4,
        "unknown" : 0,
        "total" : 199
      },
      "items" : [ {
        "uid" : "e0874e4a888b614a",
        "reportUrl" : "https://Brain-up.github.io/auto-tests-python/284//#testresult/e0874e4a888b614a",
        "status" : "skipped",
        "statusDetails" : "XFAIL\n\nselenium.common.exceptions.TimeoutException: Message: Can't find element by locator ('xpath', '//button[@data-test-active-link=\"Words\"]')\nStacktrace:\n#0 0x555ad040209a <unknown>\n#1 0x555acfec98b0 <unknown>\n#2 0x555acff1ab99 <unknown>\n#3 0x555acff1ad21 <unknown>\n#4 0x555acff69854 <unknown>\n#5 0x555acff409ad <unknown>\n#6 0x555acff66b8b <unknown>\n#7 0x555acff40753 <unknown>\n#8 0x555acff0c38e <unknown>\n#9 0x555acff0db51 <unknown>\n#10 0x555ad03cb76b <unknown>\n#11 0x555ad03cf6f2 <unknown>\n#12 0x555ad03b78fc <unknown>\n#13 0x555ad03d02e4 <unknown>\n#14 0x555ad039b9cf <unknown>\n#15 0x555ad03f0cd8 <unknown>\n#16 0x555ad03f0eb6 <unknown>\n#17 0x555ad0400f16 <unknown>\n#18 0x7fa051a9caa4 <unknown>\n#19 0x7fa051b29c3c <unknown>",
        "time" : {
          "start" : 1740273854281,
          "stop" : 1740273874935,
          "duration" : 20654
        }
      }, {
        "uid" : "a3d1ce2ef2d87d2d",
        "reportUrl" : "https://Brain-up.github.io/auto-tests-python/487//#testresult/a3d1ce2ef2d87d2d",
        "status" : "skipped",
        "statusDetails" : "XFAIL\n\nselenium.common.exceptions.TimeoutException: Message: Can't find element by locator ('xpath', '//button[@data-test-active-link=\"Words\"]')\nStacktrace:\n#0 0x56426c50609a <unknown>\n#1 0x56426bfcd8b0 <unknown>\n#2 0x56426c01eb99 <unknown>\n#3 0x56426c01ed21 <unknown>\n#4 0x56426c06d854 <unknown>\n#5 0x56426c0449ad <unknown>\n#6 0x56426c06ab8b <unknown>\n#7 0x56426c044753 <unknown>\n#8 0x56426c01038e <unknown>\n#9 0x56426c011b51 <unknown>\n#10 0x56426c4cf76b <unknown>\n#11 0x56426c4d36f2 <unknown>\n#12 0x56426c4bb8fc <unknown>\n#13 0x56426c4d42e4 <unknown>\n#14 0x56426c49f9cf <unknown>\n#15 0x56426c4f4cd8 <unknown>\n#16 0x56426c4f4eb6 <unknown>\n#17 0x56426c504f16 <unknown>\n#18 0x7f14f769caa4 <unknown>\n#19 0x7f14f7729c3c <unknown>",
        "time" : {
          "start" : 1740213259615,
          "stop" : 1740213280246,
          "duration" : 20631
        }
      }, {
        "uid" : "2aab2feb1390c5db",
        "reportUrl" : "https://Brain-up.github.io/auto-tests-python/283//#testresult/2aab2feb1390c5db",
        "status" : "skipped",
        "statusDetails" : "XFAIL\n\nselenium.common.exceptions.TimeoutException: Message: Can't find element by locator ('xpath', '//button[@data-test-active-link=\"Words\"]')\nStacktrace:\n#0 0x55f44817409a <unknown>\n#1 0x55f447c3b8b0 <unknown>\n#2 0x55f447c8cb99 <unknown>\n#3 0x55f447c8cd21 <unknown>\n#4 0x55f447cdb854 <unknown>\n#5 0x55f447cb29ad <unknown>\n#6 0x55f447cd8b8b <unknown>\n#7 0x55f447cb2753 <unknown>\n#8 0x55f447c7e38e <unknown>\n#9 0x55f447c7fb51 <unknown>\n#10 0x55f44813d76b <unknown>\n#11 0x55f4481416f2 <unknown>\n#12 0x55f4481298fc <unknown>\n#13 0x55f4481422e4 <unknown>\n#14 0x55f44810d9cf <unknown>\n#15 0x55f448162cd8 <unknown>\n#16 0x55f448162eb6 <unknown>\n#17 0x55f448172f16 <unknown>\n#18 0x7f2ee069caa4 <unknown>\n#19 0x7f2ee0729c3c <unknown>",
        "time" : {
          "start" : 1740186845645,
          "stop" : 1740186866268,
          "duration" : 20623
        }
      }, {
        "uid" : "c2ea1888e9bbb0af",
        "reportUrl" : "https://Brain-up.github.io/auto-tests-python/486//#testresult/c2ea1888e9bbb0af",
        "status" : "skipped",
        "statusDetails" : "XFAIL\n\nselenium.common.exceptions.TimeoutException: Message: Can't find element by locator ('xpath', '//button[@data-test-active-link=\"Words\"]')\nStacktrace:\n#0 0x5558a773e09a <unknown>\n#1 0x5558a72058b0 <unknown>\n#2 0x5558a7256b99 <unknown>\n#3 0x5558a7256d21 <unknown>\n#4 0x5558a72a5854 <unknown>\n#5 0x5558a727c9ad <unknown>\n#6 0x5558a72a2b8b <unknown>\n#7 0x5558a727c753 <unknown>\n#8 0x5558a724838e <unknown>\n#9 0x5558a7249b51 <unknown>\n#10 0x5558a770776b <unknown>\n#11 0x5558a770b6f2 <unknown>\n#12 0x5558a76f38fc <unknown>\n#13 0x5558a770c2e4 <unknown>\n#14 0x5558a76d79cf <unknown>\n#15 0x5558a772ccd8 <unknown>\n#16 0x5558a772ceb6 <unknown>\n#17 0x5558a773cf16 <unknown>\n#18 0x7f5aaba9caa4 <unknown>\n#19 0x7f5aabb29c3c <unknown>",
        "time" : {
          "start" : 1740170410138,
          "stop" : 1740170430781,
          "duration" : 20643
        }
      }, {
        "uid" : "e5bcc40c52e0219d",
        "reportUrl" : "https://Brain-up.github.io/auto-tests-python/282//#testresult/e5bcc40c52e0219d",
        "status" : "skipped",
        "statusDetails" : "XFAIL\n\nselenium.common.exceptions.TimeoutException: Message: Can't find element by locator ('xpath', '//button[@data-test-active-link=\"Words\"]')\nStacktrace:\n#0 0x556b6fe9109a <unknown>\n#1 0x556b6f9588b0 <unknown>\n#2 0x556b6f9a9b99 <unknown>\n#3 0x556b6f9a9d21 <unknown>\n#4 0x556b6f9f8854 <unknown>\n#5 0x556b6f9cf9ad <unknown>\n#6 0x556b6f9f5b8b <unknown>\n#7 0x556b6f9cf753 <unknown>\n#8 0x556b6f99b38e <unknown>\n#9 0x556b6f99cb51 <unknown>\n#10 0x556b6fe5a76b <unknown>\n#11 0x556b6fe5e6f2 <unknown>\n#12 0x556b6fe468fc <unknown>\n#13 0x556b6fe5f2e4 <unknown>\n#14 0x556b6fe2a9cf <unknown>\n#15 0x556b6fe7fcd8 <unknown>\n#16 0x556b6fe7feb6 <unknown>\n#17 0x556b6fe8ff16 <unknown>\n#18 0x7f2a11e9caa4 <unknown>\n#19 0x7f2a11f29c3c <unknown>",
        "time" : {
          "start" : 1740100489494,
          "stop" : 1740100509686,
          "duration" : 20192
        }
      }, {
        "uid" : "a593255cccb8c6eb",
        "reportUrl" : "https://Brain-up.github.io/auto-tests-python/485//#testresult/a593255cccb8c6eb",
        "status" : "skipped",
        "statusDetails" : "XFAIL\n\nselenium.common.exceptions.TimeoutException: Message: Can't find element by locator ('xpath', '//button[@data-test-active-link=\"Words\"]')\nStacktrace:\n#0 0x55d39e41509a <unknown>\n#1 0x55d39dedc8b0 <unknown>\n#2 0x55d39df2db99 <unknown>\n#3 0x55d39df2dd21 <unknown>\n#4 0x55d39df7c854 <unknown>\n#5 0x55d39df539ad <unknown>\n#6 0x55d39df79b8b <unknown>\n#7 0x55d39df53753 <unknown>\n#8 0x55d39df1f38e <unknown>\n#9 0x55d39df20b51 <unknown>\n#10 0x55d39e3de76b <unknown>\n#11 0x55d39e3e26f2 <unknown>\n#12 0x55d39e3ca8fc <unknown>\n#13 0x55d39e3e32e4 <unknown>\n#14 0x55d39e3ae9cf <unknown>\n#15 0x55d39e403cd8 <unknown>\n#16 0x55d39e403eb6 <unknown>\n#17 0x55d39e413f16 <unknown>\n#18 0x7f1b21c9caa4 <unknown>\n#19 0x7f1b21d29c3c <unknown>",
        "time" : {
          "start" : 1740040332674,
          "stop" : 1740040352890,
          "duration" : 20216
        }
      }, {
        "uid" : "c1bb7d6f4bacf3e4",
        "reportUrl" : "https://Brain-up.github.io/auto-tests-python/281//#testresult/c1bb7d6f4bacf3e4",
        "status" : "skipped",
        "statusDetails" : "XFAIL\n\nselenium.common.exceptions.TimeoutException: Message: Can't find element by locator ('xpath', '//button[@data-test-active-link=\"Words\"]')\nStacktrace:\n#0 0x55ec91d6909a <unknown>\n#1 0x55ec918308b0 <unknown>\n#2 0x55ec91881b99 <unknown>\n#3 0x55ec91881d21 <unknown>\n#4 0x55ec918d0854 <unknown>\n#5 0x55ec918a79ad <unknown>\n#6 0x55ec918cdb8b <unknown>\n#7 0x55ec918a7753 <unknown>\n#8 0x55ec9187338e <unknown>\n#9 0x55ec91874b51 <unknown>\n#10 0x55ec91d3276b <unknown>\n#11 0x55ec91d366f2 <unknown>\n#12 0x55ec91d1e8fc <unknown>\n#13 0x55ec91d372e4 <unknown>\n#14 0x55ec91d029cf <unknown>\n#15 0x55ec91d57cd8 <unknown>\n#16 0x55ec91d57eb6 <unknown>\n#17 0x55ec91d67f16 <unknown>\n#18 0x7fecd869caa4 <unknown>\n#19 0x7fecd8729c3c <unknown>",
        "time" : {
          "start" : 1740014141197,
          "stop" : 1740014161359,
          "duration" : 20162
        }
      }, {
        "uid" : "6f58873cb97239da",
        "reportUrl" : "https://Brain-up.github.io/auto-tests-python/484//#testresult/6f58873cb97239da",
        "status" : "skipped",
        "statusDetails" : "XFAIL\n\nselenium.common.exceptions.TimeoutException: Message: Can't find element by locator ('xpath', '//button[@data-test-active-link=\"Words\"]')\nStacktrace:\n#0 0x563b470f309a <unknown>\n#1 0x563b46bba8b0 <unknown>\n#2 0x563b46c0bb99 <unknown>\n#3 0x563b46c0bd21 <unknown>\n#4 0x563b46c5a854 <unknown>\n#5 0x563b46c319ad <unknown>\n#6 0x563b46c57b8b <unknown>\n#7 0x563b46c31753 <unknown>\n#8 0x563b46bfd38e <unknown>\n#9 0x563b46bfeb51 <unknown>\n#10 0x563b470bc76b <unknown>\n#11 0x563b470c06f2 <unknown>\n#12 0x563b470a88fc <unknown>\n#13 0x563b470c12e4 <unknown>\n#14 0x563b4708c9cf <unknown>\n#15 0x563b470e1cd8 <unknown>\n#16 0x563b470e1eb6 <unknown>\n#17 0x563b470f1f16 <unknown>\n#18 0x7f229209caa4 <unknown>\n#19 0x7f2292129c3c <unknown>",
        "time" : {
          "start" : 1739997273366,
          "stop" : 1739997293702,
          "duration" : 20336
        }
      }, {
        "uid" : "fe311035dad0c6a4",
        "reportUrl" : "https://Brain-up.github.io/auto-tests-python/280//#testresult/fe311035dad0c6a4",
        "status" : "skipped",
        "statusDetails" : "XFAIL\n\nselenium.common.exceptions.TimeoutException: Message: Can't find element by locator ('xpath', '//button[@data-test-active-link=\"Words\"]')\nStacktrace:\n#0 0x55a0e6c4f09a <unknown>\n#1 0x55a0e67168b0 <unknown>\n#2 0x55a0e6767b99 <unknown>\n#3 0x55a0e6767d21 <unknown>\n#4 0x55a0e67b6854 <unknown>\n#5 0x55a0e678d9ad <unknown>\n#6 0x55a0e67b3b8b <unknown>\n#7 0x55a0e678d753 <unknown>\n#8 0x55a0e675938e <unknown>\n#9 0x55a0e675ab51 <unknown>\n#10 0x55a0e6c1876b <unknown>\n#11 0x55a0e6c1c6f2 <unknown>\n#12 0x55a0e6c048fc <unknown>\n#13 0x55a0e6c1d2e4 <unknown>\n#14 0x55a0e6be89cf <unknown>\n#15 0x55a0e6c3dcd8 <unknown>\n#16 0x55a0e6c3deb6 <unknown>\n#17 0x55a0e6c4df16 <unknown>\n#18 0x7f2cf349caa4 <unknown>\n#19 0x7f2cf3529c3c <unknown>",
        "time" : {
          "start" : 1739927932997,
          "stop" : 1739927953151,
          "duration" : 20154
        }
      }, {
        "uid" : "fc46a4f8f299ade1",
        "reportUrl" : "https://Brain-up.github.io/auto-tests-python/279//#testresult/fc46a4f8f299ade1",
        "status" : "skipped",
        "statusDetails" : "XFAIL\n\nselenium.common.exceptions.TimeoutException: Message: Can't find element by locator ('xpath', '//button[@data-test-active-link=\"Words\"]')\nStacktrace:\n#0 0x55f18a2e509a <unknown>\n#1 0x55f189dac8b0 <unknown>\n#2 0x55f189dfdb99 <unknown>\n#3 0x55f189dfdd21 <unknown>\n#4 0x55f189e4c854 <unknown>\n#5 0x55f189e239ad <unknown>\n#6 0x55f189e49b8b <unknown>\n#7 0x55f189e23753 <unknown>\n#8 0x55f189def38e <unknown>\n#9 0x55f189df0b51 <unknown>\n#10 0x55f18a2ae76b <unknown>\n#11 0x55f18a2b26f2 <unknown>\n#12 0x55f18a29a8fc <unknown>\n#13 0x55f18a2b32e4 <unknown>\n#14 0x55f18a27e9cf <unknown>\n#15 0x55f18a2d3cd8 <unknown>\n#16 0x55f18a2d3eb6 <unknown>\n#17 0x55f18a2e3f16 <unknown>\n#18 0x7f4724c9caa4 <unknown>\n#19 0x7f4724d29c3c <unknown>",
        "time" : {
          "start" : 1739841272057,
          "stop" : 1739841292224,
          "duration" : 20167
        }
      }, {
        "uid" : "aeef7ba2650e1478",
        "reportUrl" : "https://Brain-up.github.io/auto-tests-python/483//#testresult/aeef7ba2650e1478",
        "status" : "skipped",
        "statusDetails" : "XFAIL\n\nselenium.common.exceptions.TimeoutException: Message: Can't find element by locator ('xpath', '//button[@data-test-active-link=\"Words\"]')\nStacktrace:\n#0 0x560d8f82409a <unknown>\n#1 0x560d8f2eb8b0 <unknown>\n#2 0x560d8f33cb99 <unknown>\n#3 0x560d8f33cd21 <unknown>\n#4 0x560d8f38b854 <unknown>\n#5 0x560d8f3629ad <unknown>\n#6 0x560d8f388b8b <unknown>\n#7 0x560d8f362753 <unknown>\n#8 0x560d8f32e38e <unknown>\n#9 0x560d8f32fb51 <unknown>\n#10 0x560d8f7ed76b <unknown>\n#11 0x560d8f7f16f2 <unknown>\n#12 0x560d8f7d98fc <unknown>\n#13 0x560d8f7f22e4 <unknown>\n#14 0x560d8f7bd9cf <unknown>\n#15 0x560d8f812cd8 <unknown>\n#16 0x560d8f812eb6 <unknown>\n#17 0x560d8f822f16 <unknown>\n#18 0x7fc4bea9caa4 <unknown>\n#19 0x7fc4beb29c3c <unknown>",
        "time" : {
          "start" : 1739831195977,
          "stop" : 1739831216605,
          "duration" : 20628
        }
      }, {
        "uid" : "5b081a1a31be3e77",
        "reportUrl" : "https://Brain-up.github.io/auto-tests-python/482//#testresult/5b081a1a31be3e77",
        "status" : "skipped",
        "statusDetails" : "XFAIL\n\nselenium.common.exceptions.TimeoutException: Message: Can't find element by locator ('xpath', '//button[@data-test-active-link=\"Words\"]')\nStacktrace:\n#0 0x562812f5109a <unknown>\n#1 0x562812a188b0 <unknown>\n#2 0x562812a69b99 <unknown>\n#3 0x562812a69d21 <unknown>\n#4 0x562812ab8854 <unknown>\n#5 0x562812a8f9ad <unknown>\n#6 0x562812ab5b8b <unknown>\n#7 0x562812a8f753 <unknown>\n#8 0x562812a5b38e <unknown>\n#9 0x562812a5cb51 <unknown>\n#10 0x562812f1a76b <unknown>\n#11 0x562812f1e6f2 <unknown>\n#12 0x562812f068fc <unknown>\n#13 0x562812f1f2e4 <unknown>\n#14 0x562812eea9cf <unknown>\n#15 0x562812f3fcd8 <unknown>\n#16 0x562812f3feb6 <unknown>\n#17 0x562812f4ff16 <unknown>\n#18 0x7ff51329caa4 <unknown>\n#19 0x7ff513329c3c <unknown>",
        "time" : {
          "start" : 1739824870829,
          "stop" : 1739824890976,
          "duration" : 20147
        }
      }, {
        "uid" : "52987b8b9ac9785c",
        "reportUrl" : "https://Brain-up.github.io/auto-tests-python/278//#testresult/52987b8b9ac9785c",
        "status" : "skipped",
        "statusDetails" : "XFAIL\n\nselenium.common.exceptions.TimeoutException: Message: Can't find element by locator ('xpath', '//button[@data-test-active-link=\"Words\"]')\nStacktrace:\n#0 0x563903cc509a <unknown>\n#1 0x56390378c8b0 <unknown>\n#2 0x5639037ddb99 <unknown>\n#3 0x5639037ddd21 <unknown>\n#4 0x56390382c854 <unknown>\n#5 0x5639038039ad <unknown>\n#6 0x563903829b8b <unknown>\n#7 0x563903803753 <unknown>\n#8 0x5639037cf38e <unknown>\n#9 0x5639037d0b51 <unknown>\n#10 0x563903c8e76b <unknown>\n#11 0x563903c926f2 <unknown>\n#12 0x563903c7a8fc <unknown>\n#13 0x563903c932e4 <unknown>\n#14 0x563903c5e9cf <unknown>\n#15 0x563903cb3cd8 <unknown>\n#16 0x563903cb3eb6 <unknown>\n#17 0x563903cc3f16 <unknown>\n#18 0x7f15e809caa4 <unknown>\n#19 0x7f15e8129c3c <unknown>",
        "time" : {
          "start" : 1739755039014,
          "stop" : 1739755059680,
          "duration" : 20666
        }
      }, {
        "uid" : "4c3cbc5b2b604030",
        "reportUrl" : "https://Brain-up.github.io/auto-tests-python/277//#testresult/4c3cbc5b2b604030",
        "status" : "skipped",
        "statusDetails" : "XFAIL\n\nselenium.common.exceptions.TimeoutException: Message: Can't find element by locator ('xpath', '//button[@data-test-active-link=\"Words\"]')\nStacktrace:\n#0 0x55a8e5a3509a <unknown>\n#1 0x55a8e54fc8b0 <unknown>\n#2 0x55a8e554db99 <unknown>\n#3 0x55a8e554dd21 <unknown>\n#4 0x55a8e559c854 <unknown>\n#5 0x55a8e55739ad <unknown>\n#6 0x55a8e5599b8b <unknown>\n#7 0x55a8e5573753 <unknown>\n#8 0x55a8e553f38e <unknown>\n#9 0x55a8e5540b51 <unknown>\n#10 0x55a8e59fe76b <unknown>\n#11 0x55a8e5a026f2 <unknown>\n#12 0x55a8e59ea8fc <unknown>\n#13 0x55a8e5a032e4 <unknown>\n#14 0x55a8e59ce9cf <unknown>\n#15 0x55a8e5a23cd8 <unknown>\n#16 0x55a8e5a23eb6 <unknown>\n#17 0x55a8e5a33f16 <unknown>\n#18 0x7fe45509caa4 <unknown>\n#19 0x7fe455129c3c <unknown>",
        "time" : {
          "start" : 1739668769684,
          "stop" : 1739668790300,
          "duration" : 20616
        }
      }, {
        "uid" : "7a4ce6b56388b2c6",
        "reportUrl" : "https://Brain-up.github.io/auto-tests-python/481//#testresult/7a4ce6b56388b2c6",
        "status" : "skipped",
        "statusDetails" : "XFAIL\n\nselenium.common.exceptions.TimeoutException: Message: Can't find element by locator ('xpath', '//button[@data-test-active-link=\"Words\"]')\nStacktrace:\n#0 0x5589b298c09a <unknown>\n#1 0x5589b24538b0 <unknown>\n#2 0x5589b24a4b99 <unknown>\n#3 0x5589b24a4d21 <unknown>\n#4 0x5589b24f3854 <unknown>\n#5 0x5589b24ca9ad <unknown>\n#6 0x5589b24f0b8b <unknown>\n#7 0x5589b24ca753 <unknown>\n#8 0x5589b249638e <unknown>\n#9 0x5589b2497b51 <unknown>\n#10 0x5589b295576b <unknown>\n#11 0x5589b29596f2 <unknown>\n#12 0x5589b29418fc <unknown>\n#13 0x5589b295a2e4 <unknown>\n#14 0x5589b29259cf <unknown>\n#15 0x5589b297acd8 <unknown>\n#16 0x5589b297aeb6 <unknown>\n#17 0x5589b298af16 <unknown>\n#18 0x7f74f429caa4 <unknown>\n#19 0x7f74f4329c3c <unknown>",
        "time" : {
          "start" : 1739655225729,
          "stop" : 1739655246383,
          "duration" : 20654
        }
      }, {
        "uid" : "25e73a459eafa23a",
        "reportUrl" : "https://Brain-up.github.io/auto-tests-python/480//#testresult/25e73a459eafa23a",
        "status" : "skipped",
        "statusDetails" : "XFAIL\n\nselenium.common.exceptions.TimeoutException: Message: Can't find element by locator ('xpath', '//button[@data-test-active-link=\"Words\"]')\nStacktrace:\n#0 0x5637da7b909a <unknown>\n#1 0x5637da2808b0 <unknown>\n#2 0x5637da2d1b99 <unknown>\n#3 0x5637da2d1d21 <unknown>\n#4 0x5637da320854 <unknown>\n#5 0x5637da2f79ad <unknown>\n#6 0x5637da31db8b <unknown>\n#7 0x5637da2f7753 <unknown>\n#8 0x5637da2c338e <unknown>\n#9 0x5637da2c4b51 <unknown>\n#10 0x5637da78276b <unknown>\n#11 0x5637da7866f2 <unknown>\n#12 0x5637da76e8fc <unknown>\n#13 0x5637da7872e4 <unknown>\n#14 0x5637da7529cf <unknown>\n#15 0x5637da7a7cd8 <unknown>\n#16 0x5637da7a7eb6 <unknown>\n#17 0x5637da7b7f16 <unknown>\n#18 0x7f8c6a09caa4 <unknown>\n#19 0x7f8c6a129c3c <unknown>",
        "time" : {
          "start" : 1739653114049,
          "stop" : 1739653134705,
          "duration" : 20656
        }
      }, {
        "uid" : "b87219fbd54de00f",
        "reportUrl" : "https://Brain-up.github.io/auto-tests-python/276//#testresult/b87219fbd54de00f",
        "status" : "skipped",
        "statusDetails" : "XFAIL\n\nselenium.common.exceptions.TimeoutException: Message: Can't find element by locator ('xpath', '//button[@data-test-active-link=\"Words\"]')\nStacktrace:\n#0 0x557ffd74009a <unknown>\n#1 0x557ffd2078b0 <unknown>\n#2 0x557ffd258b99 <unknown>\n#3 0x557ffd258d21 <unknown>\n#4 0x557ffd2a7854 <unknown>\n#5 0x557ffd27e9ad <unknown>\n#6 0x557ffd2a4b8b <unknown>\n#7 0x557ffd27e753 <unknown>\n#8 0x557ffd24a38e <unknown>\n#9 0x557ffd24bb51 <unknown>\n#10 0x557ffd70976b <unknown>\n#11 0x557ffd70d6f2 <unknown>\n#12 0x557ffd6f58fc <unknown>\n#13 0x557ffd70e2e4 <unknown>\n#14 0x557ffd6d99cf <unknown>\n#15 0x557ffd72ecd8 <unknown>\n#16 0x557ffd72eeb6 <unknown>\n#17 0x557ffd73ef16 <unknown>\n#18 0x7f8bbd09caa4 <unknown>\n#19 0x7f8bbd129c3c <unknown>",
        "time" : {
          "start" : 1739581986982,
          "stop" : 1739582007639,
          "duration" : 20657
        }
      }, {
        "uid" : "b280d4d0df8051f1",
        "reportUrl" : "https://Brain-up.github.io/auto-tests-python/479//#testresult/b280d4d0df8051f1",
        "status" : "skipped",
        "statusDetails" : "XFAIL\n\nselenium.common.exceptions.TimeoutException: Message: Can't find element by locator ('xpath', '//button[@data-test-active-link=\"Words\"]')\nStacktrace:\n#0 0x55f699d0809a <unknown>\n#1 0x55f6997cf8b0 <unknown>\n#2 0x55f699820b99 <unknown>\n#3 0x55f699820d21 <unknown>\n#4 0x55f69986f854 <unknown>\n#5 0x55f6998469ad <unknown>\n#6 0x55f69986cb8b <unknown>\n#7 0x55f699846753 <unknown>\n#8 0x55f69981238e <unknown>\n#9 0x55f699813b51 <unknown>\n#10 0x55f699cd176b <unknown>\n#11 0x55f699cd56f2 <unknown>\n#12 0x55f699cbd8fc <unknown>\n#13 0x55f699cd62e4 <unknown>\n#14 0x55f699ca19cf <unknown>\n#15 0x55f699cf6cd8 <unknown>\n#16 0x55f699cf6eb6 <unknown>\n#17 0x55f699d06f16 <unknown>\n#18 0x7fde6069caa4 <unknown>\n#19 0x7fde60729c3c <unknown>",
        "time" : {
          "start" : 1739518318550,
          "stop" : 1739518338702,
          "duration" : 20152
        }
      }, {
        "uid" : "abaf008a393f46f5",
        "reportUrl" : "https://Brain-up.github.io/auto-tests-python/275//#testresult/abaf008a393f46f5",
        "status" : "skipped",
        "statusDetails" : "XFAIL\n\nselenium.common.exceptions.TimeoutException: Message: Can't find element by locator ('xpath', '//button[@data-test-active-link=\"Words\"]')\nStacktrace:\n#0 0x55587997709a <unknown>\n#1 0x55587943e8b0 <unknown>\n#2 0x55587948fb99 <unknown>\n#3 0x55587948fd21 <unknown>\n#4 0x5558794de854 <unknown>\n#5 0x5558794b59ad <unknown>\n#6 0x5558794dbb8b <unknown>\n#7 0x5558794b5753 <unknown>\n#8 0x55587948138e <unknown>\n#9 0x555879482b51 <unknown>\n#10 0x55587994076b <unknown>\n#11 0x5558799446f2 <unknown>\n#12 0x55587992c8fc <unknown>\n#13 0x5558799452e4 <unknown>\n#14 0x5558799109cf <unknown>\n#15 0x555879965cd8 <unknown>\n#16 0x555879965eb6 <unknown>\n#17 0x555879975f16 <unknown>\n#18 0x7ff19c09caa4 <unknown>\n#19 0x7ff19c129c3c <unknown>",
        "time" : {
          "start" : 1739495664639,
          "stop" : 1739495685304,
          "duration" : 20665
        }
      }, {
        "uid" : "eb654f7e725f8a13",
        "reportUrl" : "https://Brain-up.github.io/auto-tests-python/478//#testresult/eb654f7e725f8a13",
        "status" : "skipped",
        "statusDetails" : "XFAIL\n\nselenium.common.exceptions.TimeoutException: Message: Can't find element by locator ('xpath', '//button[@data-test-active-link=\"Words\"]')\nStacktrace:\n#0 0x55d4be4a609a <unknown>\n#1 0x55d4bdf6d8b0 <unknown>\n#2 0x55d4bdfbeb99 <unknown>\n#3 0x55d4bdfbed21 <unknown>\n#4 0x55d4be00d854 <unknown>\n#5 0x55d4bdfe49ad <unknown>\n#6 0x55d4be00ab8b <unknown>\n#7 0x55d4bdfe4753 <unknown>\n#8 0x55d4bdfb038e <unknown>\n#9 0x55d4bdfb1b51 <unknown>\n#10 0x55d4be46f76b <unknown>\n#11 0x55d4be4736f2 <unknown>\n#12 0x55d4be45b8fc <unknown>\n#13 0x55d4be4742e4 <unknown>\n#14 0x55d4be43f9cf <unknown>\n#15 0x55d4be494cd8 <unknown>\n#16 0x55d4be494eb6 <unknown>\n#17 0x55d4be4a4f16 <unknown>\n#18 0x7f8e3849caa4 <unknown>\n#19 0x7f8e38529c3c <unknown>",
        "time" : {
          "start" : 1739478757883,
          "stop" : 1739478778520,
          "duration" : 20637
        }
      } ]
    },
    "tags" : [ "@pytest.mark.xfail" ]
  },
  "source" : "e95ceec24beda028.json",
  "parameterValues" : [ ]
}