{
  "uid" : "37ac06cc67eed88e",
  "name" : "Solutions to a random task in the \"Слова Королёвой\" .",
  "fullName" : "tests.test_speech_exercises_ru.TestCardsRU#test_solve_koroleva_cards_ru",
  "historyId" : "c9fe4fbd9394e2fb5a6898be66ba433b",
  "time" : {
    "start" : 1716598690714,
    "stop" : 1716598760544,
    "duration" : 69830
  },
  "status" : "skipped",
  "statusMessage" : "XFAIL\n\nselenium.common.exceptions.TimeoutException: Message: Can't find element by locator ('xpath', '//h3[@class=\"mt-6 mb-6 text-2xl font-semibold\"]')\nStacktrace:\n#0 0x55897e3aaeca <unknown>\n#1 0x55897e09445c <unknown>\n#2 0x55897e0e05b5 <unknown>\n#3 0x55897e0e0671 <unknown>\n#4 0x55897e124f14 <unknown>\n#5 0x55897e1034dd <unknown>\n#6 0x55897e1222cc <unknown>\n#7 0x55897e103253 <unknown>\n#8 0x55897e0d31c7 <unknown>\n#9 0x55897e0d3b3e <unknown>\n#10 0x55897e37130b <unknown>\n#11 0x55897e3753b7 <unknown>\n#12 0x55897e35de3e <unknown>\n#13 0x55897e375e82 <unknown>\n#14 0x55897e3427df <unknown>\n#15 0x55897e39a1b8 <unknown>\n#16 0x55897e39a38b <unknown>\n#17 0x55897e3a9ffc <unknown>\n#18 0x7f3809294ac3 <unknown>",
  "statusTrace" : "self = <pages.speech_exercises_page_ru.SpeechExercisesPageRU object at 0x7f6e44e08e00>\n\n    @allure.step('get_correct_answer')\n    def get_correct_answer(self):\n        try:\n            while True:\n                time.sleep(1)\n                self.element_is_present(self.locators.SpeechExercisesPageLocators.CORRECT_ANSWER)\n                answer_value = self.element_is_present(\n                    self.locators.SpeechExercisesPageLocators.CORRECT_ANSWER).get_attribute(\n                    'data-correct-answer')\n                print('Answer_value: ', answer_value)\n    \n                if answer_value != \"undefined\" and ',' not in answer_value:\n                    try:\n>                       correct_card = self.element_is_present_and_clickable(\n                            (By.XPATH, f'//*[text()=\"{answer_value}\"]'))\n\npages/speech_exercises_page_ru.py:119: \n_ _ _ _ _ _ _ _ _ _ _ _ _ _ _ _ _ _ _ _ _ _ _ _ _ _ _ _ _ _ _ _ _ _ _ _ _ _ _ _ \npages/base_page.py:34: in element_is_present_and_clickable\n    self.element_is_clickable(locator))\npages/base_page.py:66: in element_is_clickable\n    return Wait(self.driver, self.timeout).until(\n_ _ _ _ _ _ _ _ _ _ _ _ _ _ _ _ _ _ _ _ _ _ _ _ _ _ _ _ _ _ _ _ _ _ _ _ _ _ _ _ \n\nself = <selenium.webdriver.support.wait.WebDriverWait (session=\"8ba8b014e76aa1ec63d1565a959b6ae2\")>\nmethod = <function element_to_be_clickable.<locals>._predicate at 0x7f6e44b87ba0>\nmessage = 'Can\\'t find element by locator (\\'xpath\\', \\'//*[text()=\"самолёт\"]\\')'\n\n    def until(self, method, message: str = \"\"):\n        \"\"\"Calls the method provided with the driver as an argument until the \\\n        return value does not evaluate to ``False``.\n    \n        :param method: callable(WebDriver)\n        :param message: optional message for :exc:`TimeoutException`\n        :returns: the result of the last call to `method`\n        :raises: :exc:`selenium.common.exceptions.TimeoutException` if timeout occurs\n        \"\"\"\n        screen = None\n        stacktrace = None\n    \n        end_time = time.monotonic() + self._timeout\n        while True:\n            try:\n                value = method(self._driver)\n                if value:\n                    return value\n            except self._ignored_exceptions as exc:\n                screen = getattr(exc, \"screen\", None)\n                stacktrace = getattr(exc, \"stacktrace\", None)\n            time.sleep(self._poll)\n            if time.monotonic() > end_time:\n                break\n>       raise TimeoutException(message, screen, stacktrace)\nE       selenium.common.exceptions.TimeoutException: Message: Can't find element by locator ('xpath', '//*[text()=\"самолёт\"]')\n\n/opt/hostedtoolcache/Python/3.12.3/x64/lib/python3.12/site-packages/selenium/webdriver/support/wait.py:95: TimeoutException\n\nDuring handling of the above exception, another exception occurred:\n\nself = <pages.speech_exercises_page_ru.SpeechExercisesPageRU object at 0x7f6e44e08e00>\n\n    @allure.step('get_correct_answer')\n    def get_correct_answer(self):\n        try:\n            while True:\n                time.sleep(1)\n                self.element_is_present(self.locators.SpeechExercisesPageLocators.CORRECT_ANSWER)\n                answer_value = self.element_is_present(\n                    self.locators.SpeechExercisesPageLocators.CORRECT_ANSWER).get_attribute(\n                    'data-correct-answer')\n                print('Answer_value: ', answer_value)\n    \n                if answer_value != \"undefined\" and ',' not in answer_value:\n                    try:\n                        correct_card = self.element_is_present_and_clickable(\n                            (By.XPATH, f'//*[text()=\"{answer_value}\"]'))\n                        self.action_move_to_element(correct_card)\n                        correct_card.click()\n                    except Exception as ex:\n                        print(ex)\n>                       correct_card = self.element_is_present_and_clickable(\n                            (By.XPATH, f'//*[text()=\"{answer_value}\"]'))\n\npages/speech_exercises_page_ru.py:125: \n_ _ _ _ _ _ _ _ _ _ _ _ _ _ _ _ _ _ _ _ _ _ _ _ _ _ _ _ _ _ _ _ _ _ _ _ _ _ _ _ \npages/base_page.py:34: in element_is_present_and_clickable\n    self.element_is_clickable(locator))\npages/base_page.py:66: in element_is_clickable\n    return Wait(self.driver, self.timeout).until(\n_ _ _ _ _ _ _ _ _ _ _ _ _ _ _ _ _ _ _ _ _ _ _ _ _ _ _ _ _ _ _ _ _ _ _ _ _ _ _ _ \n\nself = <selenium.webdriver.support.wait.WebDriverWait (session=\"8ba8b014e76aa1ec63d1565a959b6ae2\")>\nmethod = <function element_to_be_clickable.<locals>._predicate at 0x7f6e44b87ce0>\nmessage = 'Can\\'t find element by locator (\\'xpath\\', \\'//*[text()=\"самолёт\"]\\')'\n\n    def until(self, method, message: str = \"\"):\n        \"\"\"Calls the method provided with the driver as an argument until the \\\n        return value does not evaluate to ``False``.\n    \n        :param method: callable(WebDriver)\n        :param message: optional message for :exc:`TimeoutException`\n        :returns: the result of the last call to `method`\n        :raises: :exc:`selenium.common.exceptions.TimeoutException` if timeout occurs\n        \"\"\"\n        screen = None\n        stacktrace = None\n    \n        end_time = time.monotonic() + self._timeout\n        while True:\n            try:\n                value = method(self._driver)\n                if value:\n                    return value\n            except self._ignored_exceptions as exc:\n                screen = getattr(exc, \"screen\", None)\n                stacktrace = getattr(exc, \"stacktrace\", None)\n            time.sleep(self._poll)\n            if time.monotonic() > end_time:\n                break\n>       raise TimeoutException(message, screen, stacktrace)\nE       selenium.common.exceptions.TimeoutException: Message: Can't find element by locator ('xpath', '//*[text()=\"самолёт\"]')\n\n/opt/hostedtoolcache/Python/3.12.3/x64/lib/python3.12/site-packages/selenium/webdriver/support/wait.py:95: TimeoutException\n\nDuring handling of the above exception, another exception occurred:\n\nself = <tests.test_speech_exercises_ru.TestCardsRU object at 0x7f6e44c83530>\ndriver = <selenium.webdriver.chrome.webdriver.WebDriver (session=\"8ba8b014e76aa1ec63d1565a959b6ae2\")>\ndefault_user_authorized = None\n\n    @pytest.mark.xfail\n    @allure.suite(\"Речевые упражнения.\")\n    @allure.title('Solutions to a random task in the \"Слова Королёвой\" .')\n    def test_solve_koroleva_cards_ru(self, driver, default_user_authorized):\n        page = SpeechExercisesPageRU(driver)\n        page.click_button_exercises()\n        page.select_group(SpeechExercisesPageLocators.WORDS_BY_KOROLEVA_BUTTON)\n        seria_id = page.set_url_to_get_id_words_koroleva_ru_group()\n        card_id = page.click_random_card()\n    \n        page = SpeechExercisesAPI(driver)\n        payloads = page.get_random_id_from_list_sub_group_default(card_id, seria_id)\n        random_id = page.get_random_id_from_payloads(payloads)\n        driver.get(driver.current_url + f'/exercise/{random_id}')  # Open the URL with the received card ID\n    \n        page.click_start_and_get_list_words_ru()\n        page = SpeechExercisesPageRU(driver)\n>       message = page.get_correct_answer()\n\ntests/test_speech_exercises_ru.py:156: \n_ _ _ _ _ _ _ _ _ _ _ _ _ _ _ _ _ _ _ _ _ _ _ _ _ _ _ _ _ _ _ _ _ _ _ _ _ _ _ _ \npages/speech_exercises_page_ru.py:155: in get_correct_answer\n    message = self.element_is_present(self.locators.SpeechExercisesPageLocators.CONGRATULATION_MESSAGE)\npages/base_page.py:55: in element_is_present\n    return Wait(self.driver, self.timeout).until(\n_ _ _ _ _ _ _ _ _ _ _ _ _ _ _ _ _ _ _ _ _ _ _ _ _ _ _ _ _ _ _ _ _ _ _ _ _ _ _ _ \n\nself = <selenium.webdriver.support.wait.WebDriverWait (session=\"8ba8b014e76aa1ec63d1565a959b6ae2\")>\nmethod = <function presence_of_element_located.<locals>._predicate at 0x7f6e44b87b00>\nmessage = 'Can\\'t find element by locator (\\'xpath\\', \\'//h3[@class=\"mt-6 mb-6 text-2xl font-semibold\"]\\')'\n\n    def until(self, method, message: str = \"\"):\n        \"\"\"Calls the method provided with the driver as an argument until the \\\n        return value does not evaluate to ``False``.\n    \n        :param method: callable(WebDriver)\n        :param message: optional message for :exc:`TimeoutException`\n        :returns: the result of the last call to `method`\n        :raises: :exc:`selenium.common.exceptions.TimeoutException` if timeout occurs\n        \"\"\"\n        screen = None\n        stacktrace = None\n    \n        end_time = time.monotonic() + self._timeout\n        while True:\n            try:\n                value = method(self._driver)\n                if value:\n                    return value\n            except self._ignored_exceptions as exc:\n                screen = getattr(exc, \"screen\", None)\n                stacktrace = getattr(exc, \"stacktrace\", None)\n            time.sleep(self._poll)\n            if time.monotonic() > end_time:\n                break\n>       raise TimeoutException(message, screen, stacktrace)\nE       selenium.common.exceptions.TimeoutException: Message: Can't find element by locator ('xpath', '//h3[@class=\"mt-6 mb-6 text-2xl font-semibold\"]')\nE       Stacktrace:\nE       #0 0x55897e3aaeca <unknown>\nE       #1 0x55897e09445c <unknown>\nE       #2 0x55897e0e05b5 <unknown>\nE       #3 0x55897e0e0671 <unknown>\nE       #4 0x55897e124f14 <unknown>\nE       #5 0x55897e1034dd <unknown>\nE       #6 0x55897e1222cc <unknown>\nE       #7 0x55897e103253 <unknown>\nE       #8 0x55897e0d31c7 <unknown>\nE       #9 0x55897e0d3b3e <unknown>\nE       #10 0x55897e37130b <unknown>\nE       #11 0x55897e3753b7 <unknown>\nE       #12 0x55897e35de3e <unknown>\nE       #13 0x55897e375e82 <unknown>\nE       #14 0x55897e3427df <unknown>\nE       #15 0x55897e39a1b8 <unknown>\nE       #16 0x55897e39a38b <unknown>\nE       #17 0x55897e3a9ffc <unknown>\nE       #18 0x7f3809294ac3 <unknown>\n\n/opt/hostedtoolcache/Python/3.12.3/x64/lib/python3.12/site-packages/selenium/webdriver/support/wait.py:95: TimeoutException",
  "flaky" : false,
  "newFailed" : false,
  "beforeStages" : [ {
    "name" : "clear_allure_results_folder",
    "time" : {
      "start" : 1716597801321,
      "stop" : 1716597801322,
      "duration" : 1
    },
    "status" : "passed",
    "steps" : [ ],
    "attachments" : [ ],
    "parameters" : [ ],
    "stepsCount" : 0,
    "attachmentsCount" : 0,
    "shouldDisplayMessage" : false,
    "hasContent" : false
  }, {
    "name" : "main_page_open",
    "time" : {
      "start" : 1716598685281,
      "stop" : 1716598688393,
      "duration" : 3112
    },
    "status" : "passed",
    "steps" : [ {
      "name" : "Open page: https://brainup.site/",
      "time" : {
        "start" : 1716598685282,
        "stop" : 1716598688393,
        "duration" : 3111
      },
      "status" : "passed",
      "steps" : [ ],
      "attachments" : [ ],
      "parameters" : [ {
        "name" : "driver",
        "value" : "<selenium.webdriver.chrome.webdriver.WebDriver (session=\"8ba8b014e76aa1ec63d1565a959b6ae2\")>"
      } ],
      "stepsCount" : 0,
      "attachmentsCount" : 0,
      "shouldDisplayMessage" : false,
      "hasContent" : true
    } ],
    "attachments" : [ ],
    "parameters" : [ ],
    "stepsCount" : 1,
    "attachmentsCount" : 0,
    "shouldDisplayMessage" : false,
    "hasContent" : true
  }, {
    "name" : "driver",
    "time" : {
      "start" : 1716598684594,
      "stop" : 1716598685281,
      "duration" : 687
    },
    "status" : "passed",
    "steps" : [ ],
    "attachments" : [ ],
    "parameters" : [ ],
    "stepsCount" : 0,
    "attachmentsCount" : 0,
    "shouldDisplayMessage" : false,
    "hasContent" : false
  }, {
    "name" : "default_user_authorized",
    "time" : {
      "start" : 1716598688394,
      "stop" : 1716598690713,
      "duration" : 2319
    },
    "status" : "passed",
    "steps" : [ {
      "name" : "DEFAULT user authorized",
      "time" : {
        "start" : 1716598688394,
        "stop" : 1716598690713,
        "duration" : 2319
      },
      "status" : "passed",
      "steps" : [ {
        "name" : "Check element is visible and clickable: ('xpath', '//a[@id=\"ember11\"]')",
        "time" : {
          "start" : 1716598688394,
          "stop" : 1716598688431,
          "duration" : 37
        },
        "status" : "passed",
        "steps" : [ {
          "name" : "Check element is clickable",
          "time" : {
            "start" : 1716598688412,
            "stop" : 1716598688431,
            "duration" : 19
          },
          "status" : "passed",
          "steps" : [ {
            "name" : "Check element is clickable: ('xpath', '//a[@id=\"ember11\"]')",
            "time" : {
              "start" : 1716598688412,
              "stop" : 1716598688431,
              "duration" : 19
            },
            "status" : "passed",
            "steps" : [ ],
            "attachments" : [ ],
            "parameters" : [ ],
            "stepsCount" : 0,
            "attachmentsCount" : 0,
            "shouldDisplayMessage" : false,
            "hasContent" : false
          } ],
          "attachments" : [ ],
          "parameters" : [ {
            "name" : "locator",
            "value" : "('xpath', '//a[@id=\"ember11\"]')"
          } ],
          "stepsCount" : 1,
          "attachmentsCount" : 0,
          "shouldDisplayMessage" : false,
          "hasContent" : true
        } ],
        "attachments" : [ ],
        "parameters" : [ ],
        "stepsCount" : 2,
        "attachmentsCount" : 0,
        "shouldDisplayMessage" : false,
        "hasContent" : true
      }, {
        "name" : "Check element is visible: ('xpath', '//input[@id=\"login\"]')",
        "time" : {
          "start" : 1716598688479,
          "stop" : 1716598688505,
          "duration" : 26
        },
        "status" : "passed",
        "steps" : [ {
          "name" : "Check element is present: ('xpath', '//input[@id=\"login\"]')",
          "time" : {
            "start" : 1716598688479,
            "stop" : 1716598688490,
            "duration" : 11
          },
          "status" : "passed",
          "steps" : [ ],
          "attachments" : [ ],
          "parameters" : [ ],
          "stepsCount" : 0,
          "attachmentsCount" : 0,
          "shouldDisplayMessage" : false,
          "hasContent" : false
        }, {
          "name" : "Go to element: <selenium.webdriver.remote.webelement.WebElement (session=\"8ba8b014e76aa1ec63d1565a959b6ae2\", element=\"f.42F28D0D5E8CC0313DF40C9FB01AF789.d.F3452EB4173EA1F3C1FC0A75FC6BAB88.e.27\")>",
          "time" : {
            "start" : 1716598688490,
            "stop" : 1716598688494,
            "duration" : 4
          },
          "status" : "passed",
          "steps" : [ ],
          "attachments" : [ ],
          "parameters" : [ ],
          "stepsCount" : 0,
          "attachmentsCount" : 0,
          "shouldDisplayMessage" : false,
          "hasContent" : false
        } ],
        "attachments" : [ ],
        "parameters" : [ ],
        "stepsCount" : 2,
        "attachmentsCount" : 0,
        "shouldDisplayMessage" : false,
        "hasContent" : true
      }, {
        "name" : "Check element is visible: ('xpath', '//input[@id=\"password\"]')",
        "time" : {
          "start" : 1716598688559,
          "stop" : 1716598688582,
          "duration" : 23
        },
        "status" : "passed",
        "steps" : [ {
          "name" : "Check element is present: ('xpath', '//input[@id=\"password\"]')",
          "time" : {
            "start" : 1716598688559,
            "stop" : 1716598688568,
            "duration" : 9
          },
          "status" : "passed",
          "steps" : [ ],
          "attachments" : [ ],
          "parameters" : [ ],
          "stepsCount" : 0,
          "attachmentsCount" : 0,
          "shouldDisplayMessage" : false,
          "hasContent" : false
        }, {
          "name" : "Go to element: <selenium.webdriver.remote.webelement.WebElement (session=\"8ba8b014e76aa1ec63d1565a959b6ae2\", element=\"f.42F28D0D5E8CC0313DF40C9FB01AF789.d.F3452EB4173EA1F3C1FC0A75FC6BAB88.e.30\")>",
          "time" : {
            "start" : 1716598688568,
            "stop" : 1716598688571,
            "duration" : 3
          },
          "status" : "passed",
          "steps" : [ ],
          "attachments" : [ ],
          "parameters" : [ ],
          "stepsCount" : 0,
          "attachmentsCount" : 0,
          "shouldDisplayMessage" : false,
          "hasContent" : false
        } ],
        "attachments" : [ ],
        "parameters" : [ ],
        "stepsCount" : 2,
        "attachmentsCount" : 0,
        "shouldDisplayMessage" : false,
        "hasContent" : true
      }, {
        "name" : "Check element is visible and clickable: ('xpath', '//*[@type=\"submit\"]')",
        "time" : {
          "start" : 1716598688625,
          "stop" : 1716598688656,
          "duration" : 31
        },
        "status" : "passed",
        "steps" : [ {
          "name" : "Check element is clickable",
          "time" : {
            "start" : 1716598688640,
            "stop" : 1716598688656,
            "duration" : 16
          },
          "status" : "passed",
          "steps" : [ {
            "name" : "Check element is clickable: ('xpath', '//*[@type=\"submit\"]')",
            "time" : {
              "start" : 1716598688640,
              "stop" : 1716598688656,
              "duration" : 16
            },
            "status" : "passed",
            "steps" : [ ],
            "attachments" : [ ],
            "parameters" : [ ],
            "stepsCount" : 0,
            "attachmentsCount" : 0,
            "shouldDisplayMessage" : false,
            "hasContent" : false
          } ],
          "attachments" : [ ],
          "parameters" : [ {
            "name" : "locator",
            "value" : "('xpath', '//*[@type=\"submit\"]')"
          } ],
          "stepsCount" : 1,
          "attachmentsCount" : 0,
          "shouldDisplayMessage" : false,
          "hasContent" : true
        } ],
        "attachments" : [ ],
        "parameters" : [ ],
        "stepsCount" : 2,
        "attachmentsCount" : 0,
        "shouldDisplayMessage" : false,
        "hasContent" : true
      }, {
        "name" : "Check url is present: https://brainup.site/groups",
        "time" : {
          "start" : 1716598688692,
          "stop" : 1716598690713,
          "duration" : 2021
        },
        "status" : "passed",
        "steps" : [ ],
        "attachments" : [ ],
        "parameters" : [ ],
        "stepsCount" : 0,
        "attachmentsCount" : 0,
        "shouldDisplayMessage" : false,
        "hasContent" : false
      } ],
      "attachments" : [ ],
      "parameters" : [ {
        "name" : "driver",
        "value" : "<selenium.webdriver.chrome.webdriver.WebDriver (session=\"8ba8b014e76aa1ec63d1565a959b6ae2\")>"
      }, {
        "name" : "main_page_open",
        "value" : "None"
      } ],
      "stepsCount" : 13,
      "attachmentsCount" : 0,
      "shouldDisplayMessage" : false,
      "hasContent" : true
    } ],
    "attachments" : [ ],
    "parameters" : [ ],
    "stepsCount" : 14,
    "attachmentsCount" : 0,
    "shouldDisplayMessage" : false,
    "hasContent" : true
  } ],
  "testStage" : {
    "status" : "skipped",
    "statusMessage" : "XFAIL\n\nselenium.common.exceptions.TimeoutException: Message: Can't find element by locator ('xpath', '//h3[@class=\"mt-6 mb-6 text-2xl font-semibold\"]')\nStacktrace:\n#0 0x55897e3aaeca <unknown>\n#1 0x55897e09445c <unknown>\n#2 0x55897e0e05b5 <unknown>\n#3 0x55897e0e0671 <unknown>\n#4 0x55897e124f14 <unknown>\n#5 0x55897e1034dd <unknown>\n#6 0x55897e1222cc <unknown>\n#7 0x55897e103253 <unknown>\n#8 0x55897e0d31c7 <unknown>\n#9 0x55897e0d3b3e <unknown>\n#10 0x55897e37130b <unknown>\n#11 0x55897e3753b7 <unknown>\n#12 0x55897e35de3e <unknown>\n#13 0x55897e375e82 <unknown>\n#14 0x55897e3427df <unknown>\n#15 0x55897e39a1b8 <unknown>\n#16 0x55897e39a38b <unknown>\n#17 0x55897e3a9ffc <unknown>\n#18 0x7f3809294ac3 <unknown>",
    "statusTrace" : "self = <pages.speech_exercises_page_ru.SpeechExercisesPageRU object at 0x7f6e44e08e00>\n\n    @allure.step('get_correct_answer')\n    def get_correct_answer(self):\n        try:\n            while True:\n                time.sleep(1)\n                self.element_is_present(self.locators.SpeechExercisesPageLocators.CORRECT_ANSWER)\n                answer_value = self.element_is_present(\n                    self.locators.SpeechExercisesPageLocators.CORRECT_ANSWER).get_attribute(\n                    'data-correct-answer')\n                print('Answer_value: ', answer_value)\n    \n                if answer_value != \"undefined\" and ',' not in answer_value:\n                    try:\n>                       correct_card = self.element_is_present_and_clickable(\n                            (By.XPATH, f'//*[text()=\"{answer_value}\"]'))\n\npages/speech_exercises_page_ru.py:119: \n_ _ _ _ _ _ _ _ _ _ _ _ _ _ _ _ _ _ _ _ _ _ _ _ _ _ _ _ _ _ _ _ _ _ _ _ _ _ _ _ \npages/base_page.py:34: in element_is_present_and_clickable\n    self.element_is_clickable(locator))\npages/base_page.py:66: in element_is_clickable\n    return Wait(self.driver, self.timeout).until(\n_ _ _ _ _ _ _ _ _ _ _ _ _ _ _ _ _ _ _ _ _ _ _ _ _ _ _ _ _ _ _ _ _ _ _ _ _ _ _ _ \n\nself = <selenium.webdriver.support.wait.WebDriverWait (session=\"8ba8b014e76aa1ec63d1565a959b6ae2\")>\nmethod = <function element_to_be_clickable.<locals>._predicate at 0x7f6e44b87ba0>\nmessage = 'Can\\'t find element by locator (\\'xpath\\', \\'//*[text()=\"самолёт\"]\\')'\n\n    def until(self, method, message: str = \"\"):\n        \"\"\"Calls the method provided with the driver as an argument until the \\\n        return value does not evaluate to ``False``.\n    \n        :param method: callable(WebDriver)\n        :param message: optional message for :exc:`TimeoutException`\n        :returns: the result of the last call to `method`\n        :raises: :exc:`selenium.common.exceptions.TimeoutException` if timeout occurs\n        \"\"\"\n        screen = None\n        stacktrace = None\n    \n        end_time = time.monotonic() + self._timeout\n        while True:\n            try:\n                value = method(self._driver)\n                if value:\n                    return value\n            except self._ignored_exceptions as exc:\n                screen = getattr(exc, \"screen\", None)\n                stacktrace = getattr(exc, \"stacktrace\", None)\n            time.sleep(self._poll)\n            if time.monotonic() > end_time:\n                break\n>       raise TimeoutException(message, screen, stacktrace)\nE       selenium.common.exceptions.TimeoutException: Message: Can't find element by locator ('xpath', '//*[text()=\"самолёт\"]')\n\n/opt/hostedtoolcache/Python/3.12.3/x64/lib/python3.12/site-packages/selenium/webdriver/support/wait.py:95: TimeoutException\n\nDuring handling of the above exception, another exception occurred:\n\nself = <pages.speech_exercises_page_ru.SpeechExercisesPageRU object at 0x7f6e44e08e00>\n\n    @allure.step('get_correct_answer')\n    def get_correct_answer(self):\n        try:\n            while True:\n                time.sleep(1)\n                self.element_is_present(self.locators.SpeechExercisesPageLocators.CORRECT_ANSWER)\n                answer_value = self.element_is_present(\n                    self.locators.SpeechExercisesPageLocators.CORRECT_ANSWER).get_attribute(\n                    'data-correct-answer')\n                print('Answer_value: ', answer_value)\n    \n                if answer_value != \"undefined\" and ',' not in answer_value:\n                    try:\n                        correct_card = self.element_is_present_and_clickable(\n                            (By.XPATH, f'//*[text()=\"{answer_value}\"]'))\n                        self.action_move_to_element(correct_card)\n                        correct_card.click()\n                    except Exception as ex:\n                        print(ex)\n>                       correct_card = self.element_is_present_and_clickable(\n                            (By.XPATH, f'//*[text()=\"{answer_value}\"]'))\n\npages/speech_exercises_page_ru.py:125: \n_ _ _ _ _ _ _ _ _ _ _ _ _ _ _ _ _ _ _ _ _ _ _ _ _ _ _ _ _ _ _ _ _ _ _ _ _ _ _ _ \npages/base_page.py:34: in element_is_present_and_clickable\n    self.element_is_clickable(locator))\npages/base_page.py:66: in element_is_clickable\n    return Wait(self.driver, self.timeout).until(\n_ _ _ _ _ _ _ _ _ _ _ _ _ _ _ _ _ _ _ _ _ _ _ _ _ _ _ _ _ _ _ _ _ _ _ _ _ _ _ _ \n\nself = <selenium.webdriver.support.wait.WebDriverWait (session=\"8ba8b014e76aa1ec63d1565a959b6ae2\")>\nmethod = <function element_to_be_clickable.<locals>._predicate at 0x7f6e44b87ce0>\nmessage = 'Can\\'t find element by locator (\\'xpath\\', \\'//*[text()=\"самолёт\"]\\')'\n\n    def until(self, method, message: str = \"\"):\n        \"\"\"Calls the method provided with the driver as an argument until the \\\n        return value does not evaluate to ``False``.\n    \n        :param method: callable(WebDriver)\n        :param message: optional message for :exc:`TimeoutException`\n        :returns: the result of the last call to `method`\n        :raises: :exc:`selenium.common.exceptions.TimeoutException` if timeout occurs\n        \"\"\"\n        screen = None\n        stacktrace = None\n    \n        end_time = time.monotonic() + self._timeout\n        while True:\n            try:\n                value = method(self._driver)\n                if value:\n                    return value\n            except self._ignored_exceptions as exc:\n                screen = getattr(exc, \"screen\", None)\n                stacktrace = getattr(exc, \"stacktrace\", None)\n            time.sleep(self._poll)\n            if time.monotonic() > end_time:\n                break\n>       raise TimeoutException(message, screen, stacktrace)\nE       selenium.common.exceptions.TimeoutException: Message: Can't find element by locator ('xpath', '//*[text()=\"самолёт\"]')\n\n/opt/hostedtoolcache/Python/3.12.3/x64/lib/python3.12/site-packages/selenium/webdriver/support/wait.py:95: TimeoutException\n\nDuring handling of the above exception, another exception occurred:\n\nself = <tests.test_speech_exercises_ru.TestCardsRU object at 0x7f6e44c83530>\ndriver = <selenium.webdriver.chrome.webdriver.WebDriver (session=\"8ba8b014e76aa1ec63d1565a959b6ae2\")>\ndefault_user_authorized = None\n\n    @pytest.mark.xfail\n    @allure.suite(\"Речевые упражнения.\")\n    @allure.title('Solutions to a random task in the \"Слова Королёвой\" .')\n    def test_solve_koroleva_cards_ru(self, driver, default_user_authorized):\n        page = SpeechExercisesPageRU(driver)\n        page.click_button_exercises()\n        page.select_group(SpeechExercisesPageLocators.WORDS_BY_KOROLEVA_BUTTON)\n        seria_id = page.set_url_to_get_id_words_koroleva_ru_group()\n        card_id = page.click_random_card()\n    \n        page = SpeechExercisesAPI(driver)\n        payloads = page.get_random_id_from_list_sub_group_default(card_id, seria_id)\n        random_id = page.get_random_id_from_payloads(payloads)\n        driver.get(driver.current_url + f'/exercise/{random_id}')  # Open the URL with the received card ID\n    \n        page.click_start_and_get_list_words_ru()\n        page = SpeechExercisesPageRU(driver)\n>       message = page.get_correct_answer()\n\ntests/test_speech_exercises_ru.py:156: \n_ _ _ _ _ _ _ _ _ _ _ _ _ _ _ _ _ _ _ _ _ _ _ _ _ _ _ _ _ _ _ _ _ _ _ _ _ _ _ _ \npages/speech_exercises_page_ru.py:155: in get_correct_answer\n    message = self.element_is_present(self.locators.SpeechExercisesPageLocators.CONGRATULATION_MESSAGE)\npages/base_page.py:55: in element_is_present\n    return Wait(self.driver, self.timeout).until(\n_ _ _ _ _ _ _ _ _ _ _ _ _ _ _ _ _ _ _ _ _ _ _ _ _ _ _ _ _ _ _ _ _ _ _ _ _ _ _ _ \n\nself = <selenium.webdriver.support.wait.WebDriverWait (session=\"8ba8b014e76aa1ec63d1565a959b6ae2\")>\nmethod = <function presence_of_element_located.<locals>._predicate at 0x7f6e44b87b00>\nmessage = 'Can\\'t find element by locator (\\'xpath\\', \\'//h3[@class=\"mt-6 mb-6 text-2xl font-semibold\"]\\')'\n\n    def until(self, method, message: str = \"\"):\n        \"\"\"Calls the method provided with the driver as an argument until the \\\n        return value does not evaluate to ``False``.\n    \n        :param method: callable(WebDriver)\n        :param message: optional message for :exc:`TimeoutException`\n        :returns: the result of the last call to `method`\n        :raises: :exc:`selenium.common.exceptions.TimeoutException` if timeout occurs\n        \"\"\"\n        screen = None\n        stacktrace = None\n    \n        end_time = time.monotonic() + self._timeout\n        while True:\n            try:\n                value = method(self._driver)\n                if value:\n                    return value\n            except self._ignored_exceptions as exc:\n                screen = getattr(exc, \"screen\", None)\n                stacktrace = getattr(exc, \"stacktrace\", None)\n            time.sleep(self._poll)\n            if time.monotonic() > end_time:\n                break\n>       raise TimeoutException(message, screen, stacktrace)\nE       selenium.common.exceptions.TimeoutException: Message: Can't find element by locator ('xpath', '//h3[@class=\"mt-6 mb-6 text-2xl font-semibold\"]')\nE       Stacktrace:\nE       #0 0x55897e3aaeca <unknown>\nE       #1 0x55897e09445c <unknown>\nE       #2 0x55897e0e05b5 <unknown>\nE       #3 0x55897e0e0671 <unknown>\nE       #4 0x55897e124f14 <unknown>\nE       #5 0x55897e1034dd <unknown>\nE       #6 0x55897e1222cc <unknown>\nE       #7 0x55897e103253 <unknown>\nE       #8 0x55897e0d31c7 <unknown>\nE       #9 0x55897e0d3b3e <unknown>\nE       #10 0x55897e37130b <unknown>\nE       #11 0x55897e3753b7 <unknown>\nE       #12 0x55897e35de3e <unknown>\nE       #13 0x55897e375e82 <unknown>\nE       #14 0x55897e3427df <unknown>\nE       #15 0x55897e39a1b8 <unknown>\nE       #16 0x55897e39a38b <unknown>\nE       #17 0x55897e3a9ffc <unknown>\nE       #18 0x7f3809294ac3 <unknown>\n\n/opt/hostedtoolcache/Python/3.12.3/x64/lib/python3.12/site-packages/selenium/webdriver/support/wait.py:95: TimeoutException",
    "steps" : [ {
      "name" : "Click button \"Упражнения\".",
      "time" : {
        "start" : 1716598690714,
        "stop" : 1716598690883,
        "duration" : 169
      },
      "status" : "passed",
      "steps" : [ {
        "name" : "Click button \"RU\".",
        "time" : {
          "start" : 1716598690714,
          "stop" : 1716598690781,
          "duration" : 67
        },
        "status" : "passed",
        "steps" : [ {
          "name" : "Check element is visible and clickable: ('xpath', \"//*[contains(text(),'RU')]\")",
          "time" : {
            "start" : 1716598690714,
            "stop" : 1716598690744,
            "duration" : 30
          },
          "status" : "passed",
          "steps" : [ {
            "name" : "Check element is clickable",
            "time" : {
              "start" : 1716598690728,
              "stop" : 1716598690744,
              "duration" : 16
            },
            "status" : "passed",
            "steps" : [ {
              "name" : "Check element is clickable: ('xpath', \"//*[contains(text(),'RU')]\")",
              "time" : {
                "start" : 1716598690728,
                "stop" : 1716598690744,
                "duration" : 16
              },
              "status" : "passed",
              "steps" : [ ],
              "attachments" : [ ],
              "parameters" : [ ],
              "stepsCount" : 0,
              "attachmentsCount" : 0,
              "shouldDisplayMessage" : false,
              "hasContent" : false
            } ],
            "attachments" : [ ],
            "parameters" : [ {
              "name" : "locator",
              "value" : "('xpath', \"//*[contains(text(),'RU')]\")"
            } ],
            "stepsCount" : 1,
            "attachmentsCount" : 0,
            "shouldDisplayMessage" : false,
            "hasContent" : true
          } ],
          "attachments" : [ ],
          "parameters" : [ ],
          "stepsCount" : 2,
          "attachmentsCount" : 0,
          "shouldDisplayMessage" : false,
          "hasContent" : true
        } ],
        "attachments" : [ ],
        "parameters" : [ ],
        "stepsCount" : 3,
        "attachmentsCount" : 0,
        "shouldDisplayMessage" : false,
        "hasContent" : true
      }, {
        "name" : "Check element is visible and clickable: ('xpath', '//a[text()=\"Упражнения\"]')",
        "time" : {
          "start" : 1716598690781,
          "stop" : 1716598690815,
          "duration" : 34
        },
        "status" : "passed",
        "steps" : [ {
          "name" : "Check element is clickable",
          "time" : {
            "start" : 1716598690799,
            "stop" : 1716598690815,
            "duration" : 16
          },
          "status" : "passed",
          "steps" : [ {
            "name" : "Check element is clickable: ('xpath', '//a[text()=\"Упражнения\"]')",
            "time" : {
              "start" : 1716598690799,
              "stop" : 1716598690815,
              "duration" : 16
            },
            "status" : "passed",
            "steps" : [ ],
            "attachments" : [ ],
            "parameters" : [ ],
            "stepsCount" : 0,
            "attachmentsCount" : 0,
            "shouldDisplayMessage" : false,
            "hasContent" : false
          } ],
          "attachments" : [ ],
          "parameters" : [ {
            "name" : "locator",
            "value" : "('xpath', '//a[text()=\"Упражнения\"]')"
          } ],
          "stepsCount" : 1,
          "attachmentsCount" : 0,
          "shouldDisplayMessage" : false,
          "hasContent" : true
        } ],
        "attachments" : [ ],
        "parameters" : [ ],
        "stepsCount" : 2,
        "attachmentsCount" : 0,
        "shouldDisplayMessage" : false,
        "hasContent" : true
      }, {
        "name" : "Go to element: <selenium.webdriver.remote.webelement.WebElement (session=\"8ba8b014e76aa1ec63d1565a959b6ae2\", element=\"f.42F28D0D5E8CC0313DF40C9FB01AF789.d.F3452EB4173EA1F3C1FC0A75FC6BAB88.e.59\")>",
        "time" : {
          "start" : 1716598690815,
          "stop" : 1716598690818,
          "duration" : 3
        },
        "status" : "passed",
        "steps" : [ ],
        "attachments" : [ ],
        "parameters" : [ ],
        "stepsCount" : 0,
        "attachmentsCount" : 0,
        "shouldDisplayMessage" : false,
        "hasContent" : false
      }, {
        "name" : "Check element is visible and clickable: ('xpath', '//a[text()=\"Упражнения\"]')",
        "time" : {
          "start" : 1716598690818,
          "stop" : 1716598690846,
          "duration" : 28
        },
        "status" : "passed",
        "steps" : [ {
          "name" : "Check element is clickable",
          "time" : {
            "start" : 1716598690830,
            "stop" : 1716598690846,
            "duration" : 16
          },
          "status" : "passed",
          "steps" : [ {
            "name" : "Check element is clickable: ('xpath', '//a[text()=\"Упражнения\"]')",
            "time" : {
              "start" : 1716598690830,
              "stop" : 1716598690846,
              "duration" : 16
            },
            "status" : "passed",
            "steps" : [ ],
            "attachments" : [ ],
            "parameters" : [ ],
            "stepsCount" : 0,
            "attachmentsCount" : 0,
            "shouldDisplayMessage" : false,
            "hasContent" : false
          } ],
          "attachments" : [ ],
          "parameters" : [ {
            "name" : "locator",
            "value" : "('xpath', '//a[text()=\"Упражнения\"]')"
          } ],
          "stepsCount" : 1,
          "attachmentsCount" : 0,
          "shouldDisplayMessage" : false,
          "hasContent" : true
        } ],
        "attachments" : [ ],
        "parameters" : [ ],
        "stepsCount" : 2,
        "attachmentsCount" : 0,
        "shouldDisplayMessage" : false,
        "hasContent" : true
      } ],
      "attachments" : [ ],
      "parameters" : [ ],
      "stepsCount" : 11,
      "attachmentsCount" : 0,
      "shouldDisplayMessage" : false,
      "hasContent" : true
    }, {
      "name" : "select_group",
      "time" : {
        "start" : 1716598690884,
        "stop" : 1716598693316,
        "duration" : 2432
      },
      "status" : "passed",
      "steps" : [ {
        "name" : "Select Russian language. Click \"RU\" button.",
        "time" : {
          "start" : 1716598690884,
          "stop" : 1716598690938,
          "duration" : 54
        },
        "status" : "passed",
        "steps" : [ {
          "name" : "Check element is visible and clickable: ('xpath', \"//*[contains(text(),'RU')]\")",
          "time" : {
            "start" : 1716598690884,
            "stop" : 1716598690912,
            "duration" : 28
          },
          "status" : "passed",
          "steps" : [ {
            "name" : "Check element is clickable",
            "time" : {
              "start" : 1716598690896,
              "stop" : 1716598690912,
              "duration" : 16
            },
            "status" : "passed",
            "steps" : [ {
              "name" : "Check element is clickable: ('xpath', \"//*[contains(text(),'RU')]\")",
              "time" : {
                "start" : 1716598690896,
                "stop" : 1716598690912,
                "duration" : 16
              },
              "status" : "passed",
              "steps" : [ ],
              "attachments" : [ ],
              "parameters" : [ ],
              "stepsCount" : 0,
              "attachmentsCount" : 0,
              "shouldDisplayMessage" : false,
              "hasContent" : false
            } ],
            "attachments" : [ ],
            "parameters" : [ {
              "name" : "locator",
              "value" : "('xpath', \"//*[contains(text(),'RU')]\")"
            } ],
            "stepsCount" : 1,
            "attachmentsCount" : 0,
            "shouldDisplayMessage" : false,
            "hasContent" : true
          } ],
          "attachments" : [ ],
          "parameters" : [ ],
          "stepsCount" : 2,
          "attachmentsCount" : 0,
          "shouldDisplayMessage" : false,
          "hasContent" : true
        } ],
        "attachments" : [ ],
        "parameters" : [ ],
        "stepsCount" : 3,
        "attachmentsCount" : 0,
        "shouldDisplayMessage" : false,
        "hasContent" : true
      }, {
        "name" : "Click button \"Речевые упражнения\".",
        "time" : {
          "start" : 1716598690938,
          "stop" : 1716598691646,
          "duration" : 708
        },
        "status" : "passed",
        "steps" : [ {
          "name" : "Check element is visible and clickable: ('xpath', '//a[@title=\"Речевые упражнения\"]')",
          "time" : {
            "start" : 1716598690938,
            "stop" : 1716598691619,
            "duration" : 681
          },
          "status" : "passed",
          "steps" : [ {
            "name" : "Check element is clickable",
            "time" : {
              "start" : 1716598691603,
              "stop" : 1716598691619,
              "duration" : 16
            },
            "status" : "passed",
            "steps" : [ {
              "name" : "Check element is clickable: ('xpath', '//a[@title=\"Речевые упражнения\"]')",
              "time" : {
                "start" : 1716598691603,
                "stop" : 1716598691619,
                "duration" : 16
              },
              "status" : "passed",
              "steps" : [ ],
              "attachments" : [ ],
              "parameters" : [ ],
              "stepsCount" : 0,
              "attachmentsCount" : 0,
              "shouldDisplayMessage" : false,
              "hasContent" : false
            } ],
            "attachments" : [ ],
            "parameters" : [ {
              "name" : "locator",
              "value" : "('xpath', '//a[@title=\"Речевые упражнения\"]')"
            } ],
            "stepsCount" : 1,
            "attachmentsCount" : 0,
            "shouldDisplayMessage" : false,
            "hasContent" : true
          } ],
          "attachments" : [ ],
          "parameters" : [ ],
          "stepsCount" : 2,
          "attachmentsCount" : 0,
          "shouldDisplayMessage" : false,
          "hasContent" : true
        } ],
        "attachments" : [ ],
        "parameters" : [ ],
        "stepsCount" : 3,
        "attachmentsCount" : 0,
        "shouldDisplayMessage" : false,
        "hasContent" : true
      }, {
        "name" : "Check element is visible and clickable: ('xpath', '//button[@data-test-active-link=\"Слова Королёвой\"]')",
        "time" : {
          "start" : 1716598691646,
          "stop" : 1716598693238,
          "duration" : 1592
        },
        "status" : "passed",
        "steps" : [ {
          "name" : "Check element is clickable",
          "time" : {
            "start" : 1716598693201,
            "stop" : 1716598693238,
            "duration" : 37
          },
          "status" : "passed",
          "steps" : [ {
            "name" : "Check element is clickable: ('xpath', '//button[@data-test-active-link=\"Слова Королёвой\"]')",
            "time" : {
              "start" : 1716598693201,
              "stop" : 1716598693238,
              "duration" : 37
            },
            "status" : "passed",
            "steps" : [ ],
            "attachments" : [ ],
            "parameters" : [ ],
            "stepsCount" : 0,
            "attachmentsCount" : 0,
            "shouldDisplayMessage" : false,
            "hasContent" : false
          } ],
          "attachments" : [ ],
          "parameters" : [ {
            "name" : "locator",
            "value" : "('xpath', '//button[@data-test-active-link=\"Слова Королёвой\"]')"
          } ],
          "stepsCount" : 1,
          "attachmentsCount" : 0,
          "shouldDisplayMessage" : false,
          "hasContent" : true
        } ],
        "attachments" : [ ],
        "parameters" : [ ],
        "stepsCount" : 2,
        "attachmentsCount" : 0,
        "shouldDisplayMessage" : false,
        "hasContent" : true
      }, {
        "name" : "Click button \"СЛОВА КОРОЛЁВОЙ\".",
        "time" : {
          "start" : 1716598693253,
          "stop" : 1716598693316,
          "duration" : 63
        },
        "status" : "passed",
        "steps" : [ {
          "name" : "Check element is visible and clickable: ('xpath', '//button[@data-test-active-link=\"Слова Королёвой\"]')",
          "time" : {
            "start" : 1716598693253,
            "stop" : 1716598693284,
            "duration" : 31
          },
          "status" : "passed",
          "steps" : [ {
            "name" : "Check element is clickable",
            "time" : {
              "start" : 1716598693265,
              "stop" : 1716598693284,
              "duration" : 19
            },
            "status" : "passed",
            "steps" : [ {
              "name" : "Check element is clickable: ('xpath', '//button[@data-test-active-link=\"Слова Королёвой\"]')",
              "time" : {
                "start" : 1716598693265,
                "stop" : 1716598693284,
                "duration" : 19
              },
              "status" : "passed",
              "steps" : [ ],
              "attachments" : [ ],
              "parameters" : [ ],
              "stepsCount" : 0,
              "attachmentsCount" : 0,
              "shouldDisplayMessage" : false,
              "hasContent" : false
            } ],
            "attachments" : [ ],
            "parameters" : [ {
              "name" : "locator",
              "value" : "('xpath', '//button[@data-test-active-link=\"Слова Королёвой\"]')"
            } ],
            "stepsCount" : 1,
            "attachmentsCount" : 0,
            "shouldDisplayMessage" : false,
            "hasContent" : true
          } ],
          "attachments" : [ ],
          "parameters" : [ ],
          "stepsCount" : 2,
          "attachmentsCount" : 0,
          "shouldDisplayMessage" : false,
          "hasContent" : true
        } ],
        "attachments" : [ ],
        "parameters" : [ ],
        "stepsCount" : 3,
        "attachmentsCount" : 0,
        "shouldDisplayMessage" : false,
        "hasContent" : true
      } ],
      "attachments" : [ ],
      "parameters" : [ {
        "name" : "selector_for_sub_group",
        "value" : "('xpath', '//button[@data-test-active-link=\"Слова Королёвой\"]')"
      } ],
      "stepsCount" : 15,
      "attachmentsCount" : 0,
      "shouldDisplayMessage" : false,
      "hasContent" : true
    }, {
      "name" : "Get seria ID from URL: https://brainup.site/groups/2/series/17",
      "time" : {
        "start" : 1716598693316,
        "stop" : 1716598693825,
        "duration" : 509
      },
      "status" : "passed",
      "steps" : [ {
        "name" : "Wait until url to be: https://brainup.site/groups/2/series/17.",
        "time" : {
          "start" : 1716598693316,
          "stop" : 1716598693822,
          "duration" : 506
        },
        "status" : "passed",
        "steps" : [ ],
        "attachments" : [ ],
        "parameters" : [ ],
        "stepsCount" : 0,
        "attachmentsCount" : 0,
        "shouldDisplayMessage" : false,
        "hasContent" : false
      } ],
      "attachments" : [ ],
      "parameters" : [ ],
      "stepsCount" : 1,
      "attachmentsCount" : 0,
      "shouldDisplayMessage" : false,
      "hasContent" : true
    }, {
      "name" : "click_random_card",
      "time" : {
        "start" : 1716598693826,
        "stop" : 1716598693986,
        "duration" : 160
      },
      "status" : "passed",
      "steps" : [ {
        "name" : "Check elements are present: ('xpath', '//div[contains(@class, \"series-container\")]//a/div/div')",
        "time" : {
          "start" : 1716598693826,
          "stop" : 1716598693837,
          "duration" : 11
        },
        "status" : "passed",
        "steps" : [ ],
        "attachments" : [ ],
        "parameters" : [ ],
        "stepsCount" : 0,
        "attachmentsCount" : 0,
        "shouldDisplayMessage" : false,
        "hasContent" : false
      }, {
        "name" : "Getting list cards: ['1 слово из 2..4 (1)', '1 слово из 2..4 (2)', '1 слово из 2..4 (3)', '1 слово из 2..4 (4)', '1 слово из 2..4 (5)', '1 слово из 2..4 (6)', '1 слово из 6', '2 слова из 4', '3 слова из 6', '2 слова из 6']",
        "time" : {
          "start" : 1716598693901,
          "stop" : 1716598693901,
          "duration" : 0
        },
        "status" : "passed",
        "steps" : [ ],
        "attachments" : [ ],
        "parameters" : [ ],
        "stepsCount" : 0,
        "attachmentsCount" : 0,
        "shouldDisplayMessage" : false,
        "hasContent" : false
      }, {
        "name" : "Select random id from list of cards. \nCard ID in list is:, 3",
        "time" : {
          "start" : 1716598693901,
          "stop" : 1716598693901,
          "duration" : 0
        },
        "status" : "passed",
        "steps" : [ ],
        "attachments" : [ ],
        "parameters" : [ ],
        "stepsCount" : 0,
        "attachmentsCount" : 0,
        "shouldDisplayMessage" : false,
        "hasContent" : false
      }, {
        "name" : "Check elements are present: ('xpath', '//div[contains(@class, \"series-container\")]//a/div/div')",
        "time" : {
          "start" : 1716598693901,
          "stop" : 1716598693907,
          "duration" : 6
        },
        "status" : "passed",
        "steps" : [ ],
        "attachments" : [ ],
        "parameters" : [ ],
        "stepsCount" : 0,
        "attachmentsCount" : 0,
        "shouldDisplayMessage" : false,
        "hasContent" : false
      }, {
        "name" : "Selected card is: 1 слово из 2..4 (3)",
        "time" : {
          "start" : 1716598693943,
          "stop" : 1716598693980,
          "duration" : 37
        },
        "status" : "passed",
        "steps" : [ {
          "name" : "Go to element: <selenium.webdriver.remote.webelement.WebElement (session=\"8ba8b014e76aa1ec63d1565a959b6ae2\", element=\"f.42F28D0D5E8CC0313DF40C9FB01AF789.d.F3452EB4173EA1F3C1FC0A75FC6BAB88.e.82\")>",
          "time" : {
            "start" : 1716598693943,
            "stop" : 1716598693951,
            "duration" : 8
          },
          "status" : "passed",
          "steps" : [ ],
          "attachments" : [ ],
          "parameters" : [ ],
          "stepsCount" : 0,
          "attachmentsCount" : 0,
          "shouldDisplayMessage" : false,
          "hasContent" : false
        } ],
        "attachments" : [ ],
        "parameters" : [ ],
        "stepsCount" : 1,
        "attachmentsCount" : 0,
        "shouldDisplayMessage" : false,
        "hasContent" : true
      } ],
      "attachments" : [ ],
      "parameters" : [ ],
      "stepsCount" : 6,
      "attachmentsCount" : 0,
      "shouldDisplayMessage" : false,
      "hasContent" : true
    }, {
      "name" : "get_random_id_from_list_sub_group_default",
      "time" : {
        "start" : 1716598693986,
        "stop" : 1716598694650,
        "duration" : 664
      },
      "status" : "passed",
      "steps" : [ {
        "name" : "Status code is: 200",
        "time" : {
          "start" : 1716598694649,
          "stop" : 1716598694649,
          "duration" : 0
        },
        "status" : "passed",
        "steps" : [ ],
        "attachments" : [ ],
        "parameters" : [ ],
        "stepsCount" : 0,
        "attachmentsCount" : 0,
        "shouldDisplayMessage" : false,
        "hasContent" : false
      }, {
        "name" : "Send GET request with params: https://brainup.site/api/subgroups?seriesId=17headers=\"Content-Type\": \"application/json\",\"Authorization\": \"Bearer\": \"{id_token_default}\"",
        "time" : {
          "start" : 1716598694649,
          "stop" : 1716598694649,
          "duration" : 0
        },
        "status" : "passed",
        "steps" : [ ],
        "attachments" : [ ],
        "parameters" : [ ],
        "stepsCount" : 0,
        "attachmentsCount" : 0,
        "shouldDisplayMessage" : false,
        "hasContent" : false
      }, {
        "name" : "Getting list of cards id: {'data': [{'seriesId': 17, 'id': 115, 'level': 1, 'name': '1 слово из 2..4 (1)', 'pictureUrl': 'https://brnup.s3.eu-north-1.amazonaws.com/pictures/theme/koroleva_words_first_1.svg', 'description': '1я группа слов: по одному', 'withPictures': False, 'exercises': [1905, 1906, 1907, 1908, 1909]}, {'seriesId': 17, 'id': 116, 'level': 2, 'name': '1 слово из 2..4 (2)', 'pictureUrl': 'https://brnup.s3.eu-north-1.amazonaws.com/pictures/theme/koroleva_words_first_2.svg', 'description': '2я группа слов: по одному', 'withPictures': False, 'exercises': [1910, 1911, 1912, 1913, 1914]}, {'seriesId': 17, 'id': 117, 'level': 3, 'name': '1 слово из 2..4 (3)', 'pictureUrl': 'https://brnup.s3.eu-north-1.amazonaws.com/pictures/theme/koroleva_words_first_3.svg', 'description': '3я группа слов: по одному', 'withPictures': False, 'exercises': [1915, 1916, 1917, 1918, 1919]}, {'seriesId': 17, 'id': 118, 'level': 4, 'name': '1 слово из 2..4 (4)', 'pictureUrl': 'https://brnup.s3.eu-north-1.amazonaws.com/pictures/theme/koroleva_words_first_4.svg', 'description': '4я группа слов: по одному', 'withPictures': False, 'exercises': [1920, 1921, 1922, 1923, 1924]}, {'seriesId': 17, 'id': 119, 'level': 5, 'name': '1 слово из 2..4 (5)', 'pictureUrl': 'https://brnup.s3.eu-north-1.amazonaws.com/pictures/theme/koroleva_words_first_5.svg', 'description': '5я группа слов: по одному', 'withPictures': False, 'exercises': [1925, 1926, 1927, 1928, 1929]}, {'seriesId': 17, 'id': 120, 'level': 6, 'name': '1 слово из 2..4 (6)', 'pictureUrl': 'https://brnup.s3.eu-north-1.amazonaws.com/pictures/theme/koroleva_words_first_6.svg', 'description': '6я группа слов: по одному', 'withPictures': False, 'exercises': [1930, 1931, 1932, 1933, 1934]}, {'seriesId': 17, 'id': 121, 'level': 20, 'name': '1 слово из 6', 'pictureUrl': 'https://brnup.s3.eu-north-1.amazonaws.com/pictures/theme/koroleva_words_second_1_4.svg', 'description': 'Одно слово из 6', 'withPictures': False, 'exercises': [1935, 1936, 1937, 1938, 1939, 1940]}, {'seriesId': 17, 'id': 122, 'level': 21, 'name': '2 слова из 4', 'pictureUrl': 'https://brnup.s3.eu-north-1.amazonaws.com/pictures/theme/koroleva_words_second_2_4.svg', 'description': 'Два слово из 4', 'withPictures': False, 'exercises': [1941, 1942, 1943, 1944, 1945, 1946]}, {'seriesId': 17, 'id': 124, 'level': 21, 'name': '3 слова из 6', 'pictureUrl': 'https://brnup.s3.eu-north-1.amazonaws.com/pictures/theme/koroleva_words_second_3_6.svg', 'description': 'Три слово из 6', 'withPictures': False, 'exercises': [1954, 1958, 1953, 1956, 1957, 1955, 1974, 1975, 1976, 1977]}, {'seriesId': 17, 'id': 123, 'level': 21, 'name': '2 слова из 6', 'pictureUrl': 'https://brnup.s3.eu-north-1.amazonaws.com/pictures/theme/koroleva_words_second_2_6.svg', 'description': 'Два слово из 6', 'withPictures': False, 'exercises': [1947, 1948, 1949, 1950, 1951, 1952, 1959, 1960, 1961, 1962, 1963, 1964, 1965, 1966, 1967, 1968, 1969, 1970, 1971, 1972, 1973]}], 'errors': [], 'meta': []}",
        "time" : {
          "start" : 1716598694649,
          "stop" : 1716598694649,
          "duration" : 0
        },
        "status" : "passed",
        "steps" : [ ],
        "attachments" : [ ],
        "parameters" : [ ],
        "stepsCount" : 0,
        "attachmentsCount" : 0,
        "shouldDisplayMessage" : false,
        "hasContent" : false
      }, {
        "name" : "Select random id from list: 1917",
        "time" : {
          "start" : 1716598694649,
          "stop" : 1716598694649,
          "duration" : 0
        },
        "status" : "passed",
        "steps" : [ ],
        "attachments" : [ ],
        "parameters" : [ ],
        "stepsCount" : 0,
        "attachmentsCount" : 0,
        "shouldDisplayMessage" : false,
        "hasContent" : false
      } ],
      "attachments" : [ ],
      "parameters" : [ {
        "name" : "card_id",
        "value" : "2"
      }, {
        "name" : "seria_id",
        "value" : "'17'"
      } ],
      "stepsCount" : 4,
      "attachmentsCount" : 0,
      "shouldDisplayMessage" : false,
      "hasContent" : true
    }, {
      "name" : "get_random_id_from_payloads",
      "time" : {
        "start" : 1716598694650,
        "stop" : 1716598695277,
        "duration" : 627
      },
      "status" : "passed",
      "steps" : [ ],
      "attachments" : [ ],
      "parameters" : [ {
        "name" : "payloads",
        "value" : "{'ids': [1915, 1916, 1917, 1918, 1919]}"
      } ],
      "stepsCount" : 0,
      "attachmentsCount" : 0,
      "shouldDisplayMessage" : false,
      "hasContent" : true
    }, {
      "name" : "click_start_and_get_list_words_ru",
      "time" : {
        "start" : 1716598695547,
        "stop" : 1716598698521,
        "duration" : 2974
      },
      "status" : "passed",
      "steps" : [ {
        "name" : "Click button \"Start\".",
        "time" : {
          "start" : 1716598695547,
          "stop" : 1716598698345,
          "duration" : 2798
        },
        "status" : "passed",
        "steps" : [ {
          "name" : "Check element is visible and clickable: ('xpath', '//button[@aria-label=\"Начать выполнение упражнения\"]')",
          "time" : {
            "start" : 1716598695547,
            "stop" : 1716598698235,
            "duration" : 2688
          },
          "status" : "passed",
          "steps" : [ {
            "name" : "Check element is clickable",
            "time" : {
              "start" : 1716598698207,
              "stop" : 1716598698235,
              "duration" : 28
            },
            "status" : "passed",
            "steps" : [ {
              "name" : "Check element is clickable: ('xpath', '//button[@aria-label=\"Начать выполнение упражнения\"]')",
              "time" : {
                "start" : 1716598698207,
                "stop" : 1716598698235,
                "duration" : 28
              },
              "status" : "passed",
              "steps" : [ ],
              "attachments" : [ ],
              "parameters" : [ ],
              "stepsCount" : 0,
              "attachmentsCount" : 0,
              "shouldDisplayMessage" : false,
              "hasContent" : false
            } ],
            "attachments" : [ ],
            "parameters" : [ {
              "name" : "locator",
              "value" : "('xpath', '//button[@aria-label=\"Начать выполнение упражнения\"]')"
            } ],
            "stepsCount" : 1,
            "attachmentsCount" : 0,
            "shouldDisplayMessage" : false,
            "hasContent" : true
          } ],
          "attachments" : [ ],
          "parameters" : [ ],
          "stepsCount" : 2,
          "attachmentsCount" : 0,
          "shouldDisplayMessage" : false,
          "hasContent" : true
        } ],
        "attachments" : [ ],
        "parameters" : [ ],
        "stepsCount" : 3,
        "attachmentsCount" : 0,
        "shouldDisplayMessage" : false,
        "hasContent" : true
      }, {
        "name" : "Check elements are visible: ('xpath', '//li[@class=\"task-player__option flex\"]')",
        "time" : {
          "start" : 1716598698345,
          "stop" : 1716598698366,
          "duration" : 21
        },
        "status" : "passed",
        "steps" : [ ],
        "attachments" : [ ],
        "parameters" : [ ],
        "stepsCount" : 0,
        "attachmentsCount" : 0,
        "shouldDisplayMessage" : false,
        "hasContent" : false
      }, {
        "name" : "Getting a list of exercise words from the front: ['послушай', 'самолёт']",
        "time" : {
          "start" : 1716598698394,
          "stop" : 1716598698394,
          "duration" : 0
        },
        "status" : "passed",
        "steps" : [ ],
        "attachments" : [ ],
        "parameters" : [ ],
        "stepsCount" : 0,
        "attachmentsCount" : 0,
        "shouldDisplayMessage" : false,
        "hasContent" : false
      }, {
        "name" : "Click button \"Повторить\".",
        "time" : {
          "start" : 1716598698394,
          "stop" : 1716598698460,
          "duration" : 66
        },
        "status" : "passed",
        "steps" : [ {
          "name" : "Check element is visible and clickable: ('xpath', '//*[text()=\"Повторить\"]')",
          "time" : {
            "start" : 1716598698394,
            "stop" : 1716598698431,
            "duration" : 37
          },
          "status" : "passed",
          "steps" : [ {
            "name" : "Check element is clickable",
            "time" : {
              "start" : 1716598698413,
              "stop" : 1716598698431,
              "duration" : 18
            },
            "status" : "passed",
            "steps" : [ {
              "name" : "Check element is clickable: ('xpath', '//*[text()=\"Повторить\"]')",
              "time" : {
                "start" : 1716598698413,
                "stop" : 1716598698431,
                "duration" : 18
              },
              "status" : "passed",
              "steps" : [ ],
              "attachments" : [ ],
              "parameters" : [ ],
              "stepsCount" : 0,
              "attachmentsCount" : 0,
              "shouldDisplayMessage" : false,
              "hasContent" : false
            } ],
            "attachments" : [ ],
            "parameters" : [ {
              "name" : "locator",
              "value" : "('xpath', '//*[text()=\"Повторить\"]')"
            } ],
            "stepsCount" : 1,
            "attachmentsCount" : 0,
            "shouldDisplayMessage" : false,
            "hasContent" : true
          } ],
          "attachments" : [ ],
          "parameters" : [ ],
          "stepsCount" : 2,
          "attachmentsCount" : 0,
          "shouldDisplayMessage" : false,
          "hasContent" : true
        } ],
        "attachments" : [ ],
        "parameters" : [ ],
        "stepsCount" : 3,
        "attachmentsCount" : 0,
        "shouldDisplayMessage" : false,
        "hasContent" : true
      }, {
        "name" : "Click button \"Решать\".",
        "time" : {
          "start" : 1716598698460,
          "stop" : 1716598698521,
          "duration" : 61
        },
        "status" : "passed",
        "steps" : [ {
          "name" : "Check element is visible and clickable: ('xpath', '//*[text()=\"Решать\"]')",
          "time" : {
            "start" : 1716598698460,
            "stop" : 1716598698493,
            "duration" : 33
          },
          "status" : "passed",
          "steps" : [ {
            "name" : "Check element is clickable",
            "time" : {
              "start" : 1716598698477,
              "stop" : 1716598698493,
              "duration" : 16
            },
            "status" : "passed",
            "steps" : [ {
              "name" : "Check element is clickable: ('xpath', '//*[text()=\"Решать\"]')",
              "time" : {
                "start" : 1716598698477,
                "stop" : 1716598698493,
                "duration" : 16
              },
              "status" : "passed",
              "steps" : [ ],
              "attachments" : [ ],
              "parameters" : [ ],
              "stepsCount" : 0,
              "attachmentsCount" : 0,
              "shouldDisplayMessage" : false,
              "hasContent" : false
            } ],
            "attachments" : [ ],
            "parameters" : [ {
              "name" : "locator",
              "value" : "('xpath', '//*[text()=\"Решать\"]')"
            } ],
            "stepsCount" : 1,
            "attachmentsCount" : 0,
            "shouldDisplayMessage" : false,
            "hasContent" : true
          } ],
          "attachments" : [ ],
          "parameters" : [ ],
          "stepsCount" : 2,
          "attachmentsCount" : 0,
          "shouldDisplayMessage" : false,
          "hasContent" : true
        } ],
        "attachments" : [ ],
        "parameters" : [ ],
        "stepsCount" : 3,
        "attachmentsCount" : 0,
        "shouldDisplayMessage" : false,
        "hasContent" : true
      } ],
      "attachments" : [ ],
      "parameters" : [ ],
      "stepsCount" : 14,
      "attachmentsCount" : 0,
      "shouldDisplayMessage" : false,
      "hasContent" : true
    }, {
      "name" : "get_correct_answer",
      "time" : {
        "start" : 1716598698521,
        "stop" : 1716598760543,
        "duration" : 62022
      },
      "status" : "broken",
      "statusMessage" : "selenium.common.exceptions.TimeoutException: Message: Can't find element by locator ('xpath', '//h3[@class=\"mt-6 mb-6 text-2xl font-semibold\"]')\nStacktrace:\n#0 0x55897e3aaeca <unknown>\n#1 0x55897e09445c <unknown>\n#2 0x55897e0e05b5 <unknown>\n#3 0x55897e0e0671 <unknown>\n#4 0x55897e124f14 <unknown>\n#5 0x55897e1034dd <unknown>\n#6 0x55897e1222cc <unknown>\n#7 0x55897e103253 <unknown>\n#8 0x55897e0d31c7 <unknown>\n#9 0x55897e0d3b3e <unknown>\n#10 0x55897e37130b <unknown>\n#11 0x55897e3753b7 <unknown>\n#12 0x55897e35de3e <unknown>\n#13 0x55897e375e82 <unknown>\n#14 0x55897e3427df <unknown>\n#15 0x55897e39a1b8 <unknown>\n#16 0x55897e39a38b <unknown>\n#17 0x55897e3a9ffc <unknown>\n#18 0x7f3809294ac3 <unknown>\n\n",
      "statusTrace" : "  File \"/opt/hostedtoolcache/Python/3.12.3/x64/lib/python3.12/site-packages/allure_commons/_allure.py\", line 192, in impl\n    return func(*a, **kw)\n           ^^^^^^^^^^^^^^\n  File \"/home/runner/work/auto-tests-python/auto-tests-python/pages/speech_exercises_page_ru.py\", line 155, in get_correct_answer\n    message = self.element_is_present(self.locators.SpeechExercisesPageLocators.CONGRATULATION_MESSAGE)\n              ^^^^^^^^^^^^^^^^^^^^^^^^^^^^^^^^^^^^^^^^^^^^^^^^^^^^^^^^^^^^^^^^^^^^^^^^^^^^^^^^^^^^^^^^^\n  File \"/home/runner/work/auto-tests-python/auto-tests-python/pages/base_page.py\", line 55, in element_is_present\n    return Wait(self.driver, self.timeout).until(\n           ^^^^^^^^^^^^^^^^^^^^^^^^^^^^^^^^^^^^^^\n  File \"/opt/hostedtoolcache/Python/3.12.3/x64/lib/python3.12/site-packages/selenium/webdriver/support/wait.py\", line 95, in until\n    raise TimeoutException(message, screen, stacktrace)\n",
      "steps" : [ {
        "name" : "Check element is present: ('xpath', '//body[@data-correct-answer]')",
        "time" : {
          "start" : 1716598699521,
          "stop" : 1716598699530,
          "duration" : 9
        },
        "status" : "passed",
        "steps" : [ ],
        "attachments" : [ ],
        "parameters" : [ ],
        "stepsCount" : 0,
        "attachmentsCount" : 0,
        "shouldDisplayMessage" : false,
        "hasContent" : false
      }, {
        "name" : "Check element is present: ('xpath', '//body[@data-correct-answer]')",
        "time" : {
          "start" : 1716598699530,
          "stop" : 1716598699535,
          "duration" : 5
        },
        "status" : "passed",
        "steps" : [ ],
        "attachments" : [ ],
        "parameters" : [ ],
        "stepsCount" : 0,
        "attachmentsCount" : 0,
        "shouldDisplayMessage" : false,
        "hasContent" : false
      }, {
        "name" : "Check element is visible and clickable: ('xpath', '//*[text()=\"самолёт\"]')",
        "time" : {
          "start" : 1716598699543,
          "stop" : 1716598719789,
          "duration" : 20246
        },
        "status" : "broken",
        "statusMessage" : "selenium.common.exceptions.TimeoutException: Message: Can't find element by locator ('xpath', '//*[text()=\"самолёт\"]')\n\n",
        "statusTrace" : "  File \"/home/runner/work/auto-tests-python/auto-tests-python/pages/base_page.py\", line 34, in element_is_present_and_clickable\n    self.element_is_clickable(locator))\n    ^^^^^^^^^^^^^^^^^^^^^^^^^^^^^^^^^^\n  File \"/opt/hostedtoolcache/Python/3.12.3/x64/lib/python3.12/site-packages/allure_commons/_allure.py\", line 192, in impl\n    return func(*a, **kw)\n           ^^^^^^^^^^^^^^\n  File \"/home/runner/work/auto-tests-python/auto-tests-python/pages/base_page.py\", line 66, in element_is_clickable\n    return Wait(self.driver, self.timeout).until(\n           ^^^^^^^^^^^^^^^^^^^^^^^^^^^^^^^^^^^^^^\n  File \"/opt/hostedtoolcache/Python/3.12.3/x64/lib/python3.12/site-packages/selenium/webdriver/support/wait.py\", line 95, in until\n    raise TimeoutException(message, screen, stacktrace)\n",
        "steps" : [ {
          "name" : "Check element is clickable",
          "time" : {
            "start" : 1716598699558,
            "stop" : 1716598719789,
            "duration" : 20231
          },
          "status" : "broken",
          "statusMessage" : "selenium.common.exceptions.TimeoutException: Message: Can't find element by locator ('xpath', '//*[text()=\"самолёт\"]')\n\n",
          "statusTrace" : "  File \"/opt/hostedtoolcache/Python/3.12.3/x64/lib/python3.12/site-packages/allure_commons/_allure.py\", line 192, in impl\n    return func(*a, **kw)\n           ^^^^^^^^^^^^^^\n  File \"/home/runner/work/auto-tests-python/auto-tests-python/pages/base_page.py\", line 66, in element_is_clickable\n    return Wait(self.driver, self.timeout).until(\n           ^^^^^^^^^^^^^^^^^^^^^^^^^^^^^^^^^^^^^^\n  File \"/opt/hostedtoolcache/Python/3.12.3/x64/lib/python3.12/site-packages/selenium/webdriver/support/wait.py\", line 95, in until\n    raise TimeoutException(message, screen, stacktrace)\n",
          "steps" : [ {
            "name" : "Check element is clickable: ('xpath', '//*[text()=\"самолёт\"]')",
            "time" : {
              "start" : 1716598699558,
              "stop" : 1716598719788,
              "duration" : 20230
            },
            "status" : "broken",
            "statusMessage" : "selenium.common.exceptions.TimeoutException: Message: Can't find element by locator ('xpath', '//*[text()=\"самолёт\"]')\n\n",
            "statusTrace" : "  File \"/home/runner/work/auto-tests-python/auto-tests-python/pages/base_page.py\", line 66, in element_is_clickable\n    return Wait(self.driver, self.timeout).until(\n           ^^^^^^^^^^^^^^^^^^^^^^^^^^^^^^^^^^^^^^\n  File \"/opt/hostedtoolcache/Python/3.12.3/x64/lib/python3.12/site-packages/selenium/webdriver/support/wait.py\", line 95, in until\n    raise TimeoutException(message, screen, stacktrace)\n",
            "steps" : [ ],
            "attachments" : [ ],
            "parameters" : [ ],
            "stepsCount" : 0,
            "attachmentsCount" : 0,
            "shouldDisplayMessage" : true,
            "hasContent" : true
          } ],
          "attachments" : [ ],
          "parameters" : [ {
            "name" : "locator",
            "value" : "('xpath', '//*[text()=\"самолёт\"]')"
          } ],
          "stepsCount" : 1,
          "attachmentsCount" : 0,
          "shouldDisplayMessage" : false,
          "hasContent" : true
        } ],
        "attachments" : [ ],
        "parameters" : [ ],
        "stepsCount" : 2,
        "attachmentsCount" : 0,
        "shouldDisplayMessage" : false,
        "hasContent" : true
      }, {
        "name" : "Check element is visible and clickable: ('xpath', '//*[text()=\"самолёт\"]')",
        "time" : {
          "start" : 1716598719789,
          "stop" : 1716598740032,
          "duration" : 20243
        },
        "status" : "broken",
        "statusMessage" : "selenium.common.exceptions.TimeoutException: Message: Can't find element by locator ('xpath', '//*[text()=\"самолёт\"]')\n\n",
        "statusTrace" : "  File \"/home/runner/work/auto-tests-python/auto-tests-python/pages/base_page.py\", line 34, in element_is_present_and_clickable\n    self.element_is_clickable(locator))\n    ^^^^^^^^^^^^^^^^^^^^^^^^^^^^^^^^^^\n  File \"/opt/hostedtoolcache/Python/3.12.3/x64/lib/python3.12/site-packages/allure_commons/_allure.py\", line 192, in impl\n    return func(*a, **kw)\n           ^^^^^^^^^^^^^^\n  File \"/home/runner/work/auto-tests-python/auto-tests-python/pages/base_page.py\", line 66, in element_is_clickable\n    return Wait(self.driver, self.timeout).until(\n           ^^^^^^^^^^^^^^^^^^^^^^^^^^^^^^^^^^^^^^\n  File \"/opt/hostedtoolcache/Python/3.12.3/x64/lib/python3.12/site-packages/selenium/webdriver/support/wait.py\", line 95, in until\n    raise TimeoutException(message, screen, stacktrace)\n",
        "steps" : [ {
          "name" : "Check element is clickable",
          "time" : {
            "start" : 1716598719802,
            "stop" : 1716598740032,
            "duration" : 20230
          },
          "status" : "broken",
          "statusMessage" : "selenium.common.exceptions.TimeoutException: Message: Can't find element by locator ('xpath', '//*[text()=\"самолёт\"]')\n\n",
          "statusTrace" : "  File \"/opt/hostedtoolcache/Python/3.12.3/x64/lib/python3.12/site-packages/allure_commons/_allure.py\", line 192, in impl\n    return func(*a, **kw)\n           ^^^^^^^^^^^^^^\n  File \"/home/runner/work/auto-tests-python/auto-tests-python/pages/base_page.py\", line 66, in element_is_clickable\n    return Wait(self.driver, self.timeout).until(\n           ^^^^^^^^^^^^^^^^^^^^^^^^^^^^^^^^^^^^^^\n  File \"/opt/hostedtoolcache/Python/3.12.3/x64/lib/python3.12/site-packages/selenium/webdriver/support/wait.py\", line 95, in until\n    raise TimeoutException(message, screen, stacktrace)\n",
          "steps" : [ {
            "name" : "Check element is clickable: ('xpath', '//*[text()=\"самолёт\"]')",
            "time" : {
              "start" : 1716598719802,
              "stop" : 1716598740031,
              "duration" : 20229
            },
            "status" : "broken",
            "statusMessage" : "selenium.common.exceptions.TimeoutException: Message: Can't find element by locator ('xpath', '//*[text()=\"самолёт\"]')\n\n",
            "statusTrace" : "  File \"/home/runner/work/auto-tests-python/auto-tests-python/pages/base_page.py\", line 66, in element_is_clickable\n    return Wait(self.driver, self.timeout).until(\n           ^^^^^^^^^^^^^^^^^^^^^^^^^^^^^^^^^^^^^^\n  File \"/opt/hostedtoolcache/Python/3.12.3/x64/lib/python3.12/site-packages/selenium/webdriver/support/wait.py\", line 95, in until\n    raise TimeoutException(message, screen, stacktrace)\n",
            "steps" : [ ],
            "attachments" : [ ],
            "parameters" : [ ],
            "stepsCount" : 0,
            "attachmentsCount" : 0,
            "shouldDisplayMessage" : true,
            "hasContent" : true
          } ],
          "attachments" : [ ],
          "parameters" : [ {
            "name" : "locator",
            "value" : "('xpath', '//*[text()=\"самолёт\"]')"
          } ],
          "stepsCount" : 1,
          "attachmentsCount" : 0,
          "shouldDisplayMessage" : false,
          "hasContent" : true
        } ],
        "attachments" : [ ],
        "parameters" : [ ],
        "stepsCount" : 2,
        "attachmentsCount" : 0,
        "shouldDisplayMessage" : false,
        "hasContent" : true
      }, {
        "name" : "Check element is present: ('xpath', '//h3[@class=\"mt-6 mb-6 text-2xl font-semibold\"]')",
        "time" : {
          "start" : 1716598740033,
          "stop" : 1716598760542,
          "duration" : 20509
        },
        "status" : "broken",
        "statusMessage" : "selenium.common.exceptions.TimeoutException: Message: Can't find element by locator ('xpath', '//h3[@class=\"mt-6 mb-6 text-2xl font-semibold\"]')\nStacktrace:\n#0 0x55897e3aaeca <unknown>\n#1 0x55897e09445c <unknown>\n#2 0x55897e0e05b5 <unknown>\n#3 0x55897e0e0671 <unknown>\n#4 0x55897e124f14 <unknown>\n#5 0x55897e1034dd <unknown>\n#6 0x55897e1222cc <unknown>\n#7 0x55897e103253 <unknown>\n#8 0x55897e0d31c7 <unknown>\n#9 0x55897e0d3b3e <unknown>\n#10 0x55897e37130b <unknown>\n#11 0x55897e3753b7 <unknown>\n#12 0x55897e35de3e <unknown>\n#13 0x55897e375e82 <unknown>\n#14 0x55897e3427df <unknown>\n#15 0x55897e39a1b8 <unknown>\n#16 0x55897e39a38b <unknown>\n#17 0x55897e3a9ffc <unknown>\n#18 0x7f3809294ac3 <unknown>\n\n",
        "statusTrace" : "  File \"/home/runner/work/auto-tests-python/auto-tests-python/pages/base_page.py\", line 55, in element_is_present\n    return Wait(self.driver, self.timeout).until(\n           ^^^^^^^^^^^^^^^^^^^^^^^^^^^^^^^^^^^^^^\n  File \"/opt/hostedtoolcache/Python/3.12.3/x64/lib/python3.12/site-packages/selenium/webdriver/support/wait.py\", line 95, in until\n    raise TimeoutException(message, screen, stacktrace)\n",
        "steps" : [ ],
        "attachments" : [ ],
        "parameters" : [ ],
        "stepsCount" : 0,
        "attachmentsCount" : 0,
        "shouldDisplayMessage" : true,
        "hasContent" : true
      } ],
      "attachments" : [ ],
      "parameters" : [ ],
      "stepsCount" : 9,
      "attachmentsCount" : 0,
      "shouldDisplayMessage" : false,
      "hasContent" : true
    } ],
    "attachments" : [ {
      "uid" : "ebc6c1ca0caa32e8",
      "name" : "Screenshot",
      "source" : "ebc6c1ca0caa32e8.png",
      "type" : "image/png",
      "size" : 36424
    }, {
      "uid" : "9d1889bb826b8364",
      "name" : "HTML source",
      "source" : "9d1889bb826b8364.html",
      "type" : "text/html",
      "size" : 44564
    } ],
    "parameters" : [ ],
    "stepsCount" : 68,
    "attachmentsCount" : 2,
    "shouldDisplayMessage" : true,
    "hasContent" : true
  },
  "afterStages" : [ {
    "name" : "driver::0",
    "time" : {
      "start" : 1716598760681,
      "stop" : 1716598760856,
      "duration" : 175
    },
    "status" : "passed",
    "steps" : [ ],
    "attachments" : [ {
      "uid" : "54f640da23b31703",
      "name" : "Screenshot 2024-05-25 00:59:20.788641",
      "source" : "54f640da23b31703.png",
      "type" : "image/png",
      "size" : 36424
    } ],
    "parameters" : [ ],
    "stepsCount" : 0,
    "attachmentsCount" : 1,
    "shouldDisplayMessage" : false,
    "hasContent" : true
  } ],
  "labels" : [ {
    "name" : "suite",
    "value" : "Речевые упражнения."
  }, {
    "name" : "epic",
    "value" : "Speech exercises."
  }, {
    "name" : "tag",
    "value" : "@pytest.mark.xfail"
  }, {
    "name" : "parentSuite",
    "value" : "tests"
  }, {
    "name" : "subSuite",
    "value" : "TestCardsRU"
  }, {
    "name" : "host",
    "value" : "fv-az973-728"
  }, {
    "name" : "thread",
    "value" : "2372-MainThread"
  }, {
    "name" : "framework",
    "value" : "pytest"
  }, {
    "name" : "language",
    "value" : "cpython3"
  }, {
    "name" : "package",
    "value" : "tests.test_speech_exercises_ru"
  }, {
    "name" : "resultFormat",
    "value" : "allure2"
  } ],
  "parameters" : [ ],
  "links" : [ ],
  "hidden" : false,
  "retry" : false,
  "extra" : {
    "severity" : "normal",
    "retries" : [ ],
    "categories" : [ ],
    "history" : {
      "statistic" : {
        "failed" : 0,
        "broken" : 0,
        "skipped" : 17,
        "passed" : 0,
        "unknown" : 0,
        "total" : 17
      },
      "items" : [ {
        "uid" : "a40acd023274c45",
        "reportUrl" : "https://Brain-up.github.io/auto-tests-python/11//#testresult/a40acd023274c45",
        "status" : "skipped",
        "statusDetails" : "XFAIL\n\nselenium.common.exceptions.TimeoutException: Message: Can't find element by locator ('xpath', '//h3[@class=\"mt-6 mb-6 text-2xl font-semibold\"]')\nStacktrace:\n#0 0x557dfeed7eca <unknown>\n#1 0x557dfebc145c <unknown>\n#2 0x557dfec0d5b5 <unknown>\n#3 0x557dfec0d671 <unknown>\n#4 0x557dfec51f14 <unknown>\n#5 0x557dfec304dd <unknown>\n#6 0x557dfec4f2cc <unknown>\n#7 0x557dfec30253 <unknown>\n#8 0x557dfec001c7 <unknown>\n#9 0x557dfec00b3e <unknown>\n#10 0x557dfee9e30b <unknown>\n#11 0x557dfeea23b7 <unknown>\n#12 0x557dfee8ae3e <unknown>\n#13 0x557dfeea2e82 <unknown>\n#14 0x557dfee6f7df <unknown>\n#15 0x557dfeec71b8 <unknown>\n#16 0x557dfeec738b <unknown>\n#17 0x557dfeed6ffc <unknown>\n#18 0x7fd281694ac3 <unknown>",
        "time" : {
          "start" : 1716533883559,
          "stop" : 1716533955566,
          "duration" : 72007
        }
      }, {
        "uid" : "3722070205c865",
        "reportUrl" : "https://Brain-up.github.io/auto-tests-python/10//#testresult/3722070205c865",
        "status" : "skipped",
        "statusDetails" : "XFAIL\n\nselenium.common.exceptions.TimeoutException: Message: Can't find element by locator ('xpath', '//h3[@class=\"mt-6 mb-6 text-2xl font-semibold\"]')\nStacktrace:\n#0 0x556aad288eca <unknown>\n#1 0x556aacf7245c <unknown>\n#2 0x556aacfbe5b5 <unknown>\n#3 0x556aacfbe671 <unknown>\n#4 0x556aad002f14 <unknown>\n#5 0x556aacfe14dd <unknown>\n#6 0x556aad0002cc <unknown>\n#7 0x556aacfe1253 <unknown>\n#8 0x556aacfb11c7 <unknown>\n#9 0x556aacfb1b3e <unknown>\n#10 0x556aad24f30b <unknown>\n#11 0x556aad2533b7 <unknown>\n#12 0x556aad23be3e <unknown>\n#13 0x556aad253e82 <unknown>\n#14 0x556aad2207df <unknown>\n#15 0x556aad2781b8 <unknown>\n#16 0x556aad27838b <unknown>\n#17 0x556aad287ffc <unknown>\n#18 0x7fa1be694ac3 <unknown>",
        "time" : {
          "start" : 1716532514992,
          "stop" : 1716532585788,
          "duration" : 70796
        }
      }, {
        "uid" : "3d5e1137739f2b93",
        "reportUrl" : "https://Brain-up.github.io/auto-tests-python/10//#testresult/3d5e1137739f2b93",
        "status" : "skipped",
        "statusDetails" : "XFAIL\n\nselenium.common.exceptions.TimeoutException: Message: Can't find element by locator ('xpath', '//h3[@class=\"mt-6 mb-6 text-2xl font-semibold\"]')\nStacktrace:\n#0 0x5570c1a67eca <unknown>\n#1 0x5570c175145c <unknown>\n#2 0x5570c179d5b5 <unknown>\n#3 0x5570c179d671 <unknown>\n#4 0x5570c17e1f14 <unknown>\n#5 0x5570c17c04dd <unknown>\n#6 0x5570c17df2cc <unknown>\n#7 0x5570c17c0253 <unknown>\n#8 0x5570c17901c7 <unknown>\n#9 0x5570c1790b3e <unknown>\n#10 0x5570c1a2e30b <unknown>\n#11 0x5570c1a323b7 <unknown>\n#12 0x5570c1a1ae3e <unknown>\n#13 0x5570c1a32e82 <unknown>\n#14 0x5570c19ff7df <unknown>\n#15 0x5570c1a571b8 <unknown>\n#16 0x5570c1a5738b <unknown>\n#17 0x5570c1a66ffc <unknown>\n#18 0x7fef48294ac3 <unknown>",
        "time" : {
          "start" : 1716531043442,
          "stop" : 1716531114964,
          "duration" : 71522
        }
      }, {
        "uid" : "e0aa1fff8959b8f5",
        "reportUrl" : "https://Brain-up.github.io/auto-tests-python/9//#testresult/e0aa1fff8959b8f5",
        "status" : "skipped",
        "statusDetails" : "XFAIL\n\nselenium.common.exceptions.TimeoutException: Message: Can't find element by locator ('xpath', '//h3[@class=\"mt-6 mb-6 text-2xl font-semibold\"]')\nStacktrace:\n#0 0x55a279d68eca <unknown>\n#1 0x55a279a5245c <unknown>\n#2 0x55a279a9e5b5 <unknown>\n#3 0x55a279a9e671 <unknown>\n#4 0x55a279ae2f14 <unknown>\n#5 0x55a279ac14dd <unknown>\n#6 0x55a279ae02cc <unknown>\n#7 0x55a279ac1253 <unknown>\n#8 0x55a279a911c7 <unknown>\n#9 0x55a279a91b3e <unknown>\n#10 0x55a279d2f30b <unknown>\n#11 0x55a279d333b7 <unknown>\n#12 0x55a279d1be3e <unknown>\n#13 0x55a279d33e82 <unknown>\n#14 0x55a279d007df <unknown>\n#15 0x55a279d581b8 <unknown>\n#16 0x55a279d5838b <unknown>\n#17 0x55a279d67ffc <unknown>\n#18 0x7fce28094ac3 <unknown>",
        "time" : {
          "start" : 1716512298744,
          "stop" : 1716512369114,
          "duration" : 70370
        }
      }, {
        "uid" : "57bfec8f5ce70566",
        "reportUrl" : "https://Brain-up.github.io/auto-tests-python/9//#testresult/57bfec8f5ce70566",
        "status" : "skipped",
        "statusDetails" : "XFAIL\n\nselenium.common.exceptions.TimeoutException: Message: Can't find element by locator ('xpath', '//h3[@class=\"mt-6 mb-6 text-2xl font-semibold\"]')\nStacktrace:\n#0 0x557a6ae5deca <unknown>\n#1 0x557a6ab4745c <unknown>\n#2 0x557a6ab935b5 <unknown>\n#3 0x557a6ab93671 <unknown>\n#4 0x557a6abd7f14 <unknown>\n#5 0x557a6abb64dd <unknown>\n#6 0x557a6abd52cc <unknown>\n#7 0x557a6abb6253 <unknown>\n#8 0x557a6ab861c7 <unknown>\n#9 0x557a6ab86b3e <unknown>\n#10 0x557a6ae2430b <unknown>\n#11 0x557a6ae283b7 <unknown>\n#12 0x557a6ae10e3e <unknown>\n#13 0x557a6ae28e82 <unknown>\n#14 0x557a6adf57df <unknown>\n#15 0x557a6ae4d1b8 <unknown>\n#16 0x557a6ae4d38b <unknown>\n#17 0x557a6ae5cffc <unknown>\n#18 0x7f17f3e94ac3 <unknown>",
        "time" : {
          "start" : 1716453244592,
          "stop" : 1716453315376,
          "duration" : 70784
        }
      }, {
        "uid" : "914cd4e382c3017d",
        "reportUrl" : "https://Brain-up.github.io/auto-tests-python/8//#testresult/914cd4e382c3017d",
        "status" : "skipped",
        "statusDetails" : "XFAIL\n\nselenium.common.exceptions.TimeoutException: Message: Can't find element by locator ('xpath', '//h3[@class=\"mt-6 mb-6 text-2xl font-semibold\"]')\nStacktrace:\n#0 0x55c5a41b6eca <unknown>\n#1 0x55c5a3ea045c <unknown>\n#2 0x55c5a3eec5b5 <unknown>\n#3 0x55c5a3eec671 <unknown>\n#4 0x55c5a3f30f14 <unknown>\n#5 0x55c5a3f0f4dd <unknown>\n#6 0x55c5a3f2e2cc <unknown>\n#7 0x55c5a3f0f253 <unknown>\n#8 0x55c5a3edf1c7 <unknown>\n#9 0x55c5a3edfb3e <unknown>\n#10 0x55c5a417d30b <unknown>\n#11 0x55c5a41813b7 <unknown>\n#12 0x55c5a4169e3e <unknown>\n#13 0x55c5a4181e82 <unknown>\n#14 0x55c5a414e7df <unknown>\n#15 0x55c5a41a61b8 <unknown>\n#16 0x55c5a41a638b <unknown>\n#17 0x55c5a41b5ffc <unknown>\n#18 0x7fc12f094ac3 <unknown>",
        "time" : {
          "start" : 1716449682704,
          "stop" : 1716449753415,
          "duration" : 70711
        }
      }, {
        "uid" : "9612241ff084e3a",
        "reportUrl" : "https://Brain-up.github.io/auto-tests-python/8//#testresult/9612241ff084e3a",
        "status" : "skipped",
        "statusDetails" : "XFAIL\n\nselenium.common.exceptions.TimeoutException: Message: Can't find element by locator ('xpath', '//h3[@class=\"mt-6 mb-6 text-2xl font-semibold\"]')\nStacktrace:\n#0 0x5613625a4eca <unknown>\n#1 0x56136228e45c <unknown>\n#2 0x5613622da5b5 <unknown>\n#3 0x5613622da671 <unknown>\n#4 0x56136231ef14 <unknown>\n#5 0x5613622fd4dd <unknown>\n#6 0x56136231c2cc <unknown>\n#7 0x5613622fd253 <unknown>\n#8 0x5613622cd1c7 <unknown>\n#9 0x5613622cdb3e <unknown>\n#10 0x56136256b30b <unknown>\n#11 0x56136256f3b7 <unknown>\n#12 0x561362557e3e <unknown>\n#13 0x56136256fe82 <unknown>\n#14 0x56136253c7df <unknown>\n#15 0x5613625941b8 <unknown>\n#16 0x56136259438b <unknown>\n#17 0x5613625a3ffc <unknown>\n#18 0x7fb83ac94ac3 <unknown>",
        "time" : {
          "start" : 1716425917261,
          "stop" : 1716425987024,
          "duration" : 69763
        }
      }, {
        "uid" : "1068b7aa24b8ae8b",
        "reportUrl" : "https://Brain-up.github.io/auto-tests-python/7//#testresult/1068b7aa24b8ae8b",
        "status" : "skipped",
        "statusDetails" : "XFAIL\n\nselenium.common.exceptions.TimeoutException: Message: Can't find element by locator ('xpath', '//h3[@class=\"mt-6 mb-6 text-2xl font-semibold\"]')\nStacktrace:\n#0 0x563892ab5eca <unknown>\n#1 0x56389279f45c <unknown>\n#2 0x5638927eb5b5 <unknown>\n#3 0x5638927eb671 <unknown>\n#4 0x56389282ff14 <unknown>\n#5 0x56389280e4dd <unknown>\n#6 0x56389282d2cc <unknown>\n#7 0x56389280e253 <unknown>\n#8 0x5638927de1c7 <unknown>\n#9 0x5638927deb3e <unknown>\n#10 0x563892a7c30b <unknown>\n#11 0x563892a803b7 <unknown>\n#12 0x563892a68e3e <unknown>\n#13 0x563892a80e82 <unknown>\n#14 0x563892a4d7df <unknown>\n#15 0x563892aa51b8 <unknown>\n#16 0x563892aa538b <unknown>\n#17 0x563892ab4ffc <unknown>\n#18 0x7fcdc7094ac3 <unknown>",
        "time" : {
          "start" : 1716364210524,
          "stop" : 1716364283585,
          "duration" : 73061
        }
      }, {
        "uid" : "1106405ac1f6a24e",
        "reportUrl" : "https://Brain-up.github.io/auto-tests-python/6//#testresult/1106405ac1f6a24e",
        "status" : "skipped",
        "statusDetails" : "XFAIL\n\nselenium.common.exceptions.TimeoutException: Message: Can't find element by locator ('xpath', '//h3[@class=\"mt-6 mb-6 text-2xl font-semibold\"]')\nStacktrace:\n#0 0x5648e995aeca <unknown>\n#1 0x5648e964445c <unknown>\n#2 0x5648e96905b5 <unknown>\n#3 0x5648e9690671 <unknown>\n#4 0x5648e96d4f14 <unknown>\n#5 0x5648e96b34dd <unknown>\n#6 0x5648e96d22cc <unknown>\n#7 0x5648e96b3253 <unknown>\n#8 0x5648e96831c7 <unknown>\n#9 0x5648e9683b3e <unknown>\n#10 0x5648e992130b <unknown>\n#11 0x5648e99253b7 <unknown>\n#12 0x5648e990de3e <unknown>\n#13 0x5648e9925e82 <unknown>\n#14 0x5648e98f27df <unknown>\n#15 0x5648e994a1b8 <unknown>\n#16 0x5648e994a38b <unknown>\n#17 0x5648e9959ffc <unknown>\n#18 0x7ff713a94ac3 <unknown>",
        "time" : {
          "start" : 1716362917171,
          "stop" : 1716362990273,
          "duration" : 73102
        }
      }, {
        "uid" : "b4f26ac8696ab6ab",
        "reportUrl" : "https://Brain-up.github.io/auto-tests-python/7//#testresult/b4f26ac8696ab6ab",
        "status" : "skipped",
        "statusDetails" : "XFAIL\n\nselenium.common.exceptions.TimeoutException: Message: Can't find element by locator ('xpath', '//h3[@class=\"mt-6 mb-6 text-2xl font-semibold\"]')\nStacktrace:\n#0 0x55fa080a5eca <unknown>\n#1 0x55fa07d8f45c <unknown>\n#2 0x55fa07ddb5b5 <unknown>\n#3 0x55fa07ddb671 <unknown>\n#4 0x55fa07e1ff14 <unknown>\n#5 0x55fa07dfe4dd <unknown>\n#6 0x55fa07e1d2cc <unknown>\n#7 0x55fa07dfe253 <unknown>\n#8 0x55fa07dce1c7 <unknown>\n#9 0x55fa07dceb3e <unknown>\n#10 0x55fa0806c30b <unknown>\n#11 0x55fa080703b7 <unknown>\n#12 0x55fa08058e3e <unknown>\n#13 0x55fa08070e82 <unknown>\n#14 0x55fa0803d7df <unknown>\n#15 0x55fa080951b8 <unknown>\n#16 0x55fa0809538b <unknown>\n#17 0x55fa080a4ffc <unknown>\n#18 0x7f46aac94ac3 <unknown>",
        "time" : {
          "start" : 1716339471098,
          "stop" : 1716339542206,
          "duration" : 71108
        }
      }, {
        "uid" : "c176b59e76efd0aa",
        "reportUrl" : "https://Brain-up.github.io/auto-tests-python/5//#testresult/c176b59e76efd0aa",
        "status" : "skipped",
        "statusDetails" : "XFAIL\n\nselenium.common.exceptions.TimeoutException: Message: Can't find element by locator ('xpath', '//h3[@class=\"mt-6 mb-6 text-2xl font-semibold\"]')\nStacktrace:\n#0 0x55dc159a5eca <unknown>\n#1 0x55dc1568f45c <unknown>\n#2 0x55dc156db5b5 <unknown>\n#3 0x55dc156db671 <unknown>\n#4 0x55dc1571ff14 <unknown>\n#5 0x55dc156fe4dd <unknown>\n#6 0x55dc1571d2cc <unknown>\n#7 0x55dc156fe253 <unknown>\n#8 0x55dc156ce1c7 <unknown>\n#9 0x55dc156ceb3e <unknown>\n#10 0x55dc1596c30b <unknown>\n#11 0x55dc159703b7 <unknown>\n#12 0x55dc15958e3e <unknown>\n#13 0x55dc15970e82 <unknown>\n#14 0x55dc1593d7df <unknown>\n#15 0x55dc159951b8 <unknown>\n#16 0x55dc1599538b <unknown>\n#17 0x55dc159a4ffc <unknown>\n#18 0x7f21e7894ac3 <unknown>",
        "time" : {
          "start" : 1716278567546,
          "stop" : 1716278638988,
          "duration" : 71442
        }
      }, {
        "uid" : "c2a4595797024cd5",
        "reportUrl" : "https://Brain-up.github.io/auto-tests-python/4//#testresult/c2a4595797024cd5",
        "status" : "skipped",
        "statusDetails" : "XFAIL\n\nselenium.common.exceptions.TimeoutException: Message: Can't find element by locator ('xpath', '//h3[@class=\"mt-6 mb-6 text-2xl font-semibold\"]')\nStacktrace:\n#0 0x55a845efbeca <unknown>\n#1 0x55a845be545c <unknown>\n#2 0x55a845c315b5 <unknown>\n#3 0x55a845c31671 <unknown>\n#4 0x55a845c75f14 <unknown>\n#5 0x55a845c544dd <unknown>\n#6 0x55a845c732cc <unknown>\n#7 0x55a845c54253 <unknown>\n#8 0x55a845c241c7 <unknown>\n#9 0x55a845c24b3e <unknown>\n#10 0x55a845ec230b <unknown>\n#11 0x55a845ec63b7 <unknown>\n#12 0x55a845eaee3e <unknown>\n#13 0x55a845ec6e82 <unknown>\n#14 0x55a845e937df <unknown>\n#15 0x55a845eeb1b8 <unknown>\n#16 0x55a845eeb38b <unknown>\n#17 0x55a845efaffc <unknown>\n#18 0x7f790c094ac3 <unknown>",
        "time" : {
          "start" : 1716277133702,
          "stop" : 1716277206844,
          "duration" : 73142
        }
      }, {
        "uid" : "9e382f03cc25d3ef",
        "reportUrl" : "https://Brain-up.github.io/auto-tests-python/6//#testresult/9e382f03cc25d3ef",
        "status" : "skipped",
        "statusDetails" : "XFAIL\n\nselenium.common.exceptions.TimeoutException: Message: Can't find element by locator ('xpath', '//h3[@class=\"mt-6 mb-6 text-2xl font-semibold\"]')\nStacktrace:\n#0 0x55ebc55b4eca <unknown>\n#1 0x55ebc529e45c <unknown>\n#2 0x55ebc52ea5b5 <unknown>\n#3 0x55ebc52ea671 <unknown>\n#4 0x55ebc532ef14 <unknown>\n#5 0x55ebc530d4dd <unknown>\n#6 0x55ebc532c2cc <unknown>\n#7 0x55ebc530d253 <unknown>\n#8 0x55ebc52dd1c7 <unknown>\n#9 0x55ebc52ddb3e <unknown>\n#10 0x55ebc557b30b <unknown>\n#11 0x55ebc557f3b7 <unknown>\n#12 0x55ebc5567e3e <unknown>\n#13 0x55ebc557fe82 <unknown>\n#14 0x55ebc554c7df <unknown>\n#15 0x55ebc55a41b8 <unknown>\n#16 0x55ebc55a438b <unknown>\n#17 0x55ebc55b3ffc <unknown>\n#18 0x7fd63ec94ac3 <unknown>",
        "time" : {
          "start" : 1716253165201,
          "stop" : 1716253235185,
          "duration" : 69984
        }
      }, {
        "uid" : "5e75cbaf9b0841ad",
        "reportUrl" : "https://Brain-up.github.io/auto-tests-python/3//#testresult/5e75cbaf9b0841ad",
        "status" : "skipped",
        "statusDetails" : "XFAIL\n\nselenium.common.exceptions.TimeoutException: Message: Can't find element by locator ('xpath', '//h3[@class=\"mt-6 mb-6 text-2xl font-semibold\"]')\nStacktrace:\n#0 0x557fe1546eca <unknown>\n#1 0x557fe123045c <unknown>\n#2 0x557fe127c5b5 <unknown>\n#3 0x557fe127c671 <unknown>\n#4 0x557fe12c0f14 <unknown>\n#5 0x557fe129f4dd <unknown>\n#6 0x557fe12be2cc <unknown>\n#7 0x557fe129f253 <unknown>\n#8 0x557fe126f1c7 <unknown>\n#9 0x557fe126fb3e <unknown>\n#10 0x557fe150d30b <unknown>\n#11 0x557fe15113b7 <unknown>\n#12 0x557fe14f9e3e <unknown>\n#13 0x557fe1511e82 <unknown>\n#14 0x557fe14de7df <unknown>\n#15 0x557fe15361b8 <unknown>\n#16 0x557fe153638b <unknown>\n#17 0x557fe1545ffc <unknown>\n#18 0x7f8144c94ac3 <unknown>",
        "time" : {
          "start" : 1716219053001,
          "stop" : 1716219122924,
          "duration" : 69923
        }
      }, {
        "uid" : "c3d616bbc9b05b7",
        "reportUrl" : "https://Brain-up.github.io/auto-tests-python/2//#testresult/c3d616bbc9b05b7",
        "status" : "skipped",
        "statusDetails" : "XFAIL\n\nselenium.common.exceptions.TimeoutException: Message: Can't find element by locator ('xpath', '//h3[@class=\"mt-6 mb-6 text-2xl font-semibold\"]')\nStacktrace:\n#0 0x55a484606eca <unknown>\n#1 0x55a4842f045c <unknown>\n#2 0x55a48433c5b5 <unknown>\n#3 0x55a48433c671 <unknown>\n#4 0x55a484380f14 <unknown>\n#5 0x55a48435f4dd <unknown>\n#6 0x55a48437e2cc <unknown>\n#7 0x55a48435f253 <unknown>\n#8 0x55a48432f1c7 <unknown>\n#9 0x55a48432fb3e <unknown>\n#10 0x55a4845cd30b <unknown>\n#11 0x55a4845d13b7 <unknown>\n#12 0x55a4845b9e3e <unknown>\n#13 0x55a4845d1e82 <unknown>\n#14 0x55a48459e7df <unknown>\n#15 0x55a4845f61b8 <unknown>\n#16 0x55a4845f638b <unknown>\n#17 0x55a484605ffc <unknown>\n#18 0x7f1e04294ac3 <unknown>",
        "time" : {
          "start" : 1716217814108,
          "stop" : 1716217885770,
          "duration" : 71662
        }
      }, {
        "uid" : "145f7e5705619a0e",
        "reportUrl" : "https://Brain-up.github.io/auto-tests-python/1//#testresult/145f7e5705619a0e",
        "status" : "skipped",
        "statusDetails" : "XFAIL\n\nselenium.common.exceptions.TimeoutException: Message: Can't find element by locator ('xpath', '//h3[@class=\"mt-6 mb-6 text-2xl font-semibold\"]')\nStacktrace:\n#0 0x55d87cb73eca <unknown>\n#1 0x55d87c85d45c <unknown>\n#2 0x55d87c8a95b5 <unknown>\n#3 0x55d87c8a9671 <unknown>\n#4 0x55d87c8edf14 <unknown>\n#5 0x55d87c8cc4dd <unknown>\n#6 0x55d87c8eb2cc <unknown>\n#7 0x55d87c8cc253 <unknown>\n#8 0x55d87c89c1c7 <unknown>\n#9 0x55d87c89cb3e <unknown>\n#10 0x55d87cb3a30b <unknown>\n#11 0x55d87cb3e3b7 <unknown>\n#12 0x55d87cb26e3e <unknown>\n#13 0x55d87cb3ee82 <unknown>\n#14 0x55d87cb0b7df <unknown>\n#15 0x55d87cb631b8 <unknown>\n#16 0x55d87cb6338b <unknown>\n#17 0x55d87cb72ffc <unknown>\n#18 0x7f3019a94ac3 <unknown>",
        "time" : {
          "start" : 1716204435510,
          "stop" : 1716204506422,
          "duration" : 70912
        }
      } ]
    },
    "tags" : [ "@pytest.mark.xfail" ]
  },
  "source" : "37ac06cc67eed88e.json",
  "parameterValues" : [ ]
}