{
  "uid" : "8eb5a77ff74670cc",
  "name" : "Check statistic table.",
  "fullName" : "tests.test_speech_exercises_ru.TestCardsRU#test_get_statistic_data",
  "historyId" : "15df626f86a935fbcd917f7ea4002a26",
  "time" : {
    "start" : 1716531137236,
    "stop" : 1716531139024,
    "duration" : 1788
  },
  "status" : "skipped",
  "statusMessage" : "XFAIL\n\nselenium.common.exceptions.StaleElementReferenceException: Message: stale element reference: stale element not found in the current frame\n  (Session info: chrome-headless-shell=125.0.6422.60); For documentation on this error, please visit: https://www.selenium.dev/documentation/webdriver/troubleshooting/errors#stale-element-reference-exception\nStacktrace:\n#0 0x563a129b4eca <unknown>\n#1 0x563a1269e45c <unknown>\n#2 0x563a126a3b69 <unknown>\n#3 0x563a126a5915 <unknown>\n#4 0x563a126a599c <unknown>\n#5 0x563a126e47f2 <unknown>\n#6 0x563a1270d4b2 <unknown>\n#7 0x563a126dea79 <unknown>\n#8 0x563a1270d67e <unknown>\n#9 0x563a1272c2cc <unknown>\n#10 0x563a1270d253 <unknown>\n#11 0x563a126dd1c7 <unknown>\n#12 0x563a126ddb3e <unknown>\n#13 0x563a1297b30b <unknown>\n#14 0x563a1297f3b7 <unknown>\n#15 0x563a12967e3e <unknown>\n#16 0x563a1297fe82 <unknown>\n#17 0x563a1294c7df <unknown>\n#18 0x563a129a41b8 <unknown>\n#19 0x563a129a438b <unknown>\n#20 0x563a129b3ffc <unknown>\n#21 0x7fa11f094ac3 <unknown>",
  "statusTrace" : "self = <tests.test_speech_exercises_ru.TestCardsRU object at 0x7fa42fb2bad0>\ndriver = <selenium.webdriver.chrome.webdriver.WebDriver (session=\"585fa18d825bfd70012a992a93c0c976\")>\ndefault_user_authorized = None\n\n    @pytest.mark.xfail\n    @allure.suite('Statistic.')\n    @allure.title('Check statistic table.')\n    def test_get_statistic_data(self, driver, default_user_authorized):\n        page = SpeechExercisesPageRU(driver)\n>       table = page.get_statistic_data()\n\ntests/test_speech_exercises_ru.py:192: \n_ _ _ _ _ _ _ _ _ _ _ _ _ _ _ _ _ _ _ _ _ _ _ _ _ _ _ _ _ _ _ _ _ _ _ _ _ _ _ _ \npages/speech_exercises_page_ru.py:180: in get_statistic_data\n    title = [i.text for i in titles]\n/opt/hostedtoolcache/Python/3.12.3/x64/lib/python3.12/site-packages/selenium/webdriver/remote/webelement.py:89: in text\n    return self._execute(Command.GET_ELEMENT_TEXT)[\"value\"]\n/opt/hostedtoolcache/Python/3.12.3/x64/lib/python3.12/site-packages/selenium/webdriver/remote/webelement.py:394: in _execute\n    return self._parent.execute(command, params)\n/opt/hostedtoolcache/Python/3.12.3/x64/lib/python3.12/site-packages/selenium/webdriver/remote/webdriver.py:344: in execute\n    self.error_handler.check_response(response)\n_ _ _ _ _ _ _ _ _ _ _ _ _ _ _ _ _ _ _ _ _ _ _ _ _ _ _ _ _ _ _ _ _ _ _ _ _ _ _ _ \n\nself = <selenium.webdriver.remote.errorhandler.ErrorHandler object at 0x7fa42f9a8170>\nresponse = {'status': 404, 'value': '{\"value\":{\"error\":\"stale element reference\",\"message\":\"stale element reference: stale elemen...\\\\n#19 0x563a129a438b \\\\u003Cunknown>\\\\n#20 0x563a129b3ffc \\\\u003Cunknown>\\\\n#21 0x7fa11f094ac3 \\\\u003Cunknown>\\\\n\"}}'}\n\n    def check_response(self, response: Dict[str, Any]) -> None:\n        \"\"\"Checks that a JSON response from the WebDriver does not have an\n        error.\n    \n        :Args:\n         - response - The JSON response from the WebDriver server as a dictionary\n           object.\n    \n        :Raises: If the response contains an error message.\n        \"\"\"\n        status = response.get(\"status\", None)\n        if not status or status == ErrorCode.SUCCESS:\n            return\n        value = None\n        message = response.get(\"message\", \"\")\n        screen: str = response.get(\"screen\", \"\")\n        stacktrace = None\n        if isinstance(status, int):\n            value_json = response.get(\"value\", None)\n            if value_json and isinstance(value_json, str):\n                import json\n    \n                try:\n                    value = json.loads(value_json)\n                    if len(value) == 1:\n                        value = value[\"value\"]\n                    status = value.get(\"error\", None)\n                    if not status:\n                        status = value.get(\"status\", ErrorCode.UNKNOWN_ERROR)\n                        message = value.get(\"value\") or value.get(\"message\")\n                        if not isinstance(message, str):\n                            value = message\n                            message = message.get(\"message\")\n                    else:\n                        message = value.get(\"message\", None)\n                except ValueError:\n                    pass\n    \n        exception_class: Type[WebDriverException]\n        e = ErrorCode()\n        error_codes = [item for item in dir(e) if not item.startswith(\"__\")]\n        for error_code in error_codes:\n            error_info = getattr(ErrorCode, error_code)\n            if isinstance(error_info, list) and status in error_info:\n                exception_class = getattr(ExceptionMapping, error_code, WebDriverException)\n                break\n        else:\n            exception_class = WebDriverException\n    \n        if not value:\n            value = response[\"value\"]\n        if isinstance(value, str):\n            raise exception_class(value)\n        if message == \"\" and \"message\" in value:\n            message = value[\"message\"]\n    \n        screen = None  # type: ignore[assignment]\n        if \"screen\" in value:\n            screen = value[\"screen\"]\n    \n        stacktrace = None\n        st_value = value.get(\"stackTrace\") or value.get(\"stacktrace\")\n        if st_value:\n            if isinstance(st_value, str):\n                stacktrace = st_value.split(\"\\n\")\n            else:\n                stacktrace = []\n                try:\n                    for frame in st_value:\n                        line = frame.get(\"lineNumber\", \"\")\n                        file = frame.get(\"fileName\", \"<anonymous>\")\n                        if line:\n                            file = f\"{file}:{line}\"\n                        meth = frame.get(\"methodName\", \"<anonymous>\")\n                        if \"className\" in frame:\n                            meth = f\"{frame['className']}.{meth}\"\n                        msg = \"    at %s (%s)\"\n                        msg = msg % (meth, file)\n                        stacktrace.append(msg)\n                except TypeError:\n                    pass\n        if exception_class == UnexpectedAlertPresentException:\n            alert_text = None\n            if \"data\" in value:\n                alert_text = value[\"data\"].get(\"text\")\n            elif \"alert\" in value:\n                alert_text = value[\"alert\"].get(\"text\")\n            raise exception_class(message, screen, stacktrace, alert_text)  # type: ignore[call-arg]  # mypy is not smart enough here\n>       raise exception_class(message, screen, stacktrace)\nE       selenium.common.exceptions.StaleElementReferenceException: Message: stale element reference: stale element not found in the current frame\nE         (Session info: chrome-headless-shell=125.0.6422.60); For documentation on this error, please visit: https://www.selenium.dev/documentation/webdriver/troubleshooting/errors#stale-element-reference-exception\nE       Stacktrace:\nE       #0 0x563a129b4eca <unknown>\nE       #1 0x563a1269e45c <unknown>\nE       #2 0x563a126a3b69 <unknown>\nE       #3 0x563a126a5915 <unknown>\nE       #4 0x563a126a599c <unknown>\nE       #5 0x563a126e47f2 <unknown>\nE       #6 0x563a1270d4b2 <unknown>\nE       #7 0x563a126dea79 <unknown>\nE       #8 0x563a1270d67e <unknown>\nE       #9 0x563a1272c2cc <unknown>\nE       #10 0x563a1270d253 <unknown>\nE       #11 0x563a126dd1c7 <unknown>\nE       #12 0x563a126ddb3e <unknown>\nE       #13 0x563a1297b30b <unknown>\nE       #14 0x563a1297f3b7 <unknown>\nE       #15 0x563a12967e3e <unknown>\nE       #16 0x563a1297fe82 <unknown>\nE       #17 0x563a1294c7df <unknown>\nE       #18 0x563a129a41b8 <unknown>\nE       #19 0x563a129a438b <unknown>\nE       #20 0x563a129b3ffc <unknown>\nE       #21 0x7fa11f094ac3 <unknown>\n\n/opt/hostedtoolcache/Python/3.12.3/x64/lib/python3.12/site-packages/selenium/webdriver/remote/errorhandler.py:229: StaleElementReferenceException",
  "flaky" : false,
  "newFailed" : false,
  "beforeStages" : [ {
    "name" : "default_user_authorized",
    "time" : {
      "start" : 1716531134872,
      "stop" : 1716531137236,
      "duration" : 2364
    },
    "status" : "passed",
    "steps" : [ {
      "name" : "DEFAULT user authorized",
      "time" : {
        "start" : 1716531134873,
        "stop" : 1716531137236,
        "duration" : 2363
      },
      "status" : "passed",
      "steps" : [ {
        "name" : "Check element is visible and clickable: ('xpath', '//a[@id=\"ember11\"]')",
        "time" : {
          "start" : 1716531134873,
          "stop" : 1716531134910,
          "duration" : 37
        },
        "status" : "passed",
        "steps" : [ {
          "name" : "Check element is clickable",
          "time" : {
            "start" : 1716531134891,
            "stop" : 1716531134910,
            "duration" : 19
          },
          "status" : "passed",
          "steps" : [ {
            "name" : "Check element is clickable: ('xpath', '//a[@id=\"ember11\"]')",
            "time" : {
              "start" : 1716531134891,
              "stop" : 1716531134910,
              "duration" : 19
            },
            "status" : "passed",
            "steps" : [ ],
            "attachments" : [ ],
            "parameters" : [ ],
            "stepsCount" : 0,
            "attachmentsCount" : 0,
            "shouldDisplayMessage" : false,
            "hasContent" : false
          } ],
          "attachments" : [ ],
          "parameters" : [ {
            "name" : "locator",
            "value" : "('xpath', '//a[@id=\"ember11\"]')"
          } ],
          "stepsCount" : 1,
          "attachmentsCount" : 0,
          "shouldDisplayMessage" : false,
          "hasContent" : true
        } ],
        "attachments" : [ ],
        "parameters" : [ ],
        "stepsCount" : 2,
        "attachmentsCount" : 0,
        "shouldDisplayMessage" : false,
        "hasContent" : true
      }, {
        "name" : "Check element is visible: ('xpath', '//input[@id=\"login\"]')",
        "time" : {
          "start" : 1716531134966,
          "stop" : 1716531134992,
          "duration" : 26
        },
        "status" : "passed",
        "steps" : [ {
          "name" : "Check element is present: ('xpath', '//input[@id=\"login\"]')",
          "time" : {
            "start" : 1716531134966,
            "stop" : 1716531134976,
            "duration" : 10
          },
          "status" : "passed",
          "steps" : [ ],
          "attachments" : [ ],
          "parameters" : [ ],
          "stepsCount" : 0,
          "attachmentsCount" : 0,
          "shouldDisplayMessage" : false,
          "hasContent" : false
        }, {
          "name" : "Go to element: <selenium.webdriver.remote.webelement.WebElement (session=\"585fa18d825bfd70012a992a93c0c976\", element=\"f.B710BD07BDF5AFC241B60ABE2A158433.d.D8EC7CDBA55E996A32CDFA0B108CA03E.e.27\")>",
          "time" : {
            "start" : 1716531134976,
            "stop" : 1716531134980,
            "duration" : 4
          },
          "status" : "passed",
          "steps" : [ ],
          "attachments" : [ ],
          "parameters" : [ ],
          "stepsCount" : 0,
          "attachmentsCount" : 0,
          "shouldDisplayMessage" : false,
          "hasContent" : false
        } ],
        "attachments" : [ ],
        "parameters" : [ ],
        "stepsCount" : 2,
        "attachmentsCount" : 0,
        "shouldDisplayMessage" : false,
        "hasContent" : true
      }, {
        "name" : "Check element is visible: ('xpath', '//input[@id=\"password\"]')",
        "time" : {
          "start" : 1716531135052,
          "stop" : 1716531135090,
          "duration" : 38
        },
        "status" : "passed",
        "steps" : [ {
          "name" : "Check element is present: ('xpath', '//input[@id=\"password\"]')",
          "time" : {
            "start" : 1716531135052,
            "stop" : 1716531135064,
            "duration" : 12
          },
          "status" : "passed",
          "steps" : [ ],
          "attachments" : [ ],
          "parameters" : [ ],
          "stepsCount" : 0,
          "attachmentsCount" : 0,
          "shouldDisplayMessage" : false,
          "hasContent" : false
        }, {
          "name" : "Go to element: <selenium.webdriver.remote.webelement.WebElement (session=\"585fa18d825bfd70012a992a93c0c976\", element=\"f.B710BD07BDF5AFC241B60ABE2A158433.d.D8EC7CDBA55E996A32CDFA0B108CA03E.e.30\")>",
          "time" : {
            "start" : 1716531135064,
            "stop" : 1716531135078,
            "duration" : 14
          },
          "status" : "passed",
          "steps" : [ ],
          "attachments" : [ ],
          "parameters" : [ ],
          "stepsCount" : 0,
          "attachmentsCount" : 0,
          "shouldDisplayMessage" : false,
          "hasContent" : false
        } ],
        "attachments" : [ ],
        "parameters" : [ ],
        "stepsCount" : 2,
        "attachmentsCount" : 0,
        "shouldDisplayMessage" : false,
        "hasContent" : true
      }, {
        "name" : "Check element is visible and clickable: ('xpath', '//*[@type=\"submit\"]')",
        "time" : {
          "start" : 1716531135136,
          "stop" : 1716531135174,
          "duration" : 38
        },
        "status" : "passed",
        "steps" : [ {
          "name" : "Check element is clickable",
          "time" : {
            "start" : 1716531135150,
            "stop" : 1716531135174,
            "duration" : 24
          },
          "status" : "passed",
          "steps" : [ {
            "name" : "Check element is clickable: ('xpath', '//*[@type=\"submit\"]')",
            "time" : {
              "start" : 1716531135150,
              "stop" : 1716531135174,
              "duration" : 24
            },
            "status" : "passed",
            "steps" : [ ],
            "attachments" : [ ],
            "parameters" : [ ],
            "stepsCount" : 0,
            "attachmentsCount" : 0,
            "shouldDisplayMessage" : false,
            "hasContent" : false
          } ],
          "attachments" : [ ],
          "parameters" : [ {
            "name" : "locator",
            "value" : "('xpath', '//*[@type=\"submit\"]')"
          } ],
          "stepsCount" : 1,
          "attachmentsCount" : 0,
          "shouldDisplayMessage" : false,
          "hasContent" : true
        } ],
        "attachments" : [ ],
        "parameters" : [ ],
        "stepsCount" : 2,
        "attachmentsCount" : 0,
        "shouldDisplayMessage" : false,
        "hasContent" : true
      }, {
        "name" : "Check url is present: https://brainup.site/groups",
        "time" : {
          "start" : 1716531135212,
          "stop" : 1716531137236,
          "duration" : 2024
        },
        "status" : "passed",
        "steps" : [ ],
        "attachments" : [ ],
        "parameters" : [ ],
        "stepsCount" : 0,
        "attachmentsCount" : 0,
        "shouldDisplayMessage" : false,
        "hasContent" : false
      } ],
      "attachments" : [ ],
      "parameters" : [ {
        "name" : "driver",
        "value" : "<selenium.webdriver.chrome.webdriver.WebDriver (session=\"585fa18d825bfd70012a992a93c0c976\")>"
      }, {
        "name" : "main_page_open",
        "value" : "None"
      } ],
      "stepsCount" : 13,
      "attachmentsCount" : 0,
      "shouldDisplayMessage" : false,
      "hasContent" : true
    } ],
    "attachments" : [ ],
    "parameters" : [ ],
    "stepsCount" : 14,
    "attachmentsCount" : 0,
    "shouldDisplayMessage" : false,
    "hasContent" : true
  }, {
    "name" : "driver",
    "time" : {
      "start" : 1716531130273,
      "stop" : 1716531130960,
      "duration" : 687
    },
    "status" : "passed",
    "steps" : [ ],
    "attachments" : [ ],
    "parameters" : [ ],
    "stepsCount" : 0,
    "attachmentsCount" : 0,
    "shouldDisplayMessage" : false,
    "hasContent" : false
  }, {
    "name" : "main_page_open",
    "time" : {
      "start" : 1716531130961,
      "stop" : 1716531134872,
      "duration" : 3911
    },
    "status" : "passed",
    "steps" : [ {
      "name" : "Open page: https://brainup.site/",
      "time" : {
        "start" : 1716531130961,
        "stop" : 1716531134872,
        "duration" : 3911
      },
      "status" : "passed",
      "steps" : [ ],
      "attachments" : [ ],
      "parameters" : [ {
        "name" : "driver",
        "value" : "<selenium.webdriver.chrome.webdriver.WebDriver (session=\"585fa18d825bfd70012a992a93c0c976\")>"
      } ],
      "stepsCount" : 0,
      "attachmentsCount" : 0,
      "shouldDisplayMessage" : false,
      "hasContent" : true
    } ],
    "attachments" : [ ],
    "parameters" : [ ],
    "stepsCount" : 1,
    "attachmentsCount" : 0,
    "shouldDisplayMessage" : false,
    "hasContent" : true
  }, {
    "name" : "clear_allure_results_folder",
    "time" : {
      "start" : 1716530015383,
      "stop" : 1716530015383,
      "duration" : 0
    },
    "status" : "passed",
    "steps" : [ ],
    "attachments" : [ ],
    "parameters" : [ ],
    "stepsCount" : 0,
    "attachmentsCount" : 0,
    "shouldDisplayMessage" : false,
    "hasContent" : false
  } ],
  "testStage" : {
    "status" : "skipped",
    "statusMessage" : "XFAIL\n\nselenium.common.exceptions.StaleElementReferenceException: Message: stale element reference: stale element not found in the current frame\n  (Session info: chrome-headless-shell=125.0.6422.60); For documentation on this error, please visit: https://www.selenium.dev/documentation/webdriver/troubleshooting/errors#stale-element-reference-exception\nStacktrace:\n#0 0x563a129b4eca <unknown>\n#1 0x563a1269e45c <unknown>\n#2 0x563a126a3b69 <unknown>\n#3 0x563a126a5915 <unknown>\n#4 0x563a126a599c <unknown>\n#5 0x563a126e47f2 <unknown>\n#6 0x563a1270d4b2 <unknown>\n#7 0x563a126dea79 <unknown>\n#8 0x563a1270d67e <unknown>\n#9 0x563a1272c2cc <unknown>\n#10 0x563a1270d253 <unknown>\n#11 0x563a126dd1c7 <unknown>\n#12 0x563a126ddb3e <unknown>\n#13 0x563a1297b30b <unknown>\n#14 0x563a1297f3b7 <unknown>\n#15 0x563a12967e3e <unknown>\n#16 0x563a1297fe82 <unknown>\n#17 0x563a1294c7df <unknown>\n#18 0x563a129a41b8 <unknown>\n#19 0x563a129a438b <unknown>\n#20 0x563a129b3ffc <unknown>\n#21 0x7fa11f094ac3 <unknown>",
    "statusTrace" : "self = <tests.test_speech_exercises_ru.TestCardsRU object at 0x7fa42fb2bad0>\ndriver = <selenium.webdriver.chrome.webdriver.WebDriver (session=\"585fa18d825bfd70012a992a93c0c976\")>\ndefault_user_authorized = None\n\n    @pytest.mark.xfail\n    @allure.suite('Statistic.')\n    @allure.title('Check statistic table.')\n    def test_get_statistic_data(self, driver, default_user_authorized):\n        page = SpeechExercisesPageRU(driver)\n>       table = page.get_statistic_data()\n\ntests/test_speech_exercises_ru.py:192: \n_ _ _ _ _ _ _ _ _ _ _ _ _ _ _ _ _ _ _ _ _ _ _ _ _ _ _ _ _ _ _ _ _ _ _ _ _ _ _ _ \npages/speech_exercises_page_ru.py:180: in get_statistic_data\n    title = [i.text for i in titles]\n/opt/hostedtoolcache/Python/3.12.3/x64/lib/python3.12/site-packages/selenium/webdriver/remote/webelement.py:89: in text\n    return self._execute(Command.GET_ELEMENT_TEXT)[\"value\"]\n/opt/hostedtoolcache/Python/3.12.3/x64/lib/python3.12/site-packages/selenium/webdriver/remote/webelement.py:394: in _execute\n    return self._parent.execute(command, params)\n/opt/hostedtoolcache/Python/3.12.3/x64/lib/python3.12/site-packages/selenium/webdriver/remote/webdriver.py:344: in execute\n    self.error_handler.check_response(response)\n_ _ _ _ _ _ _ _ _ _ _ _ _ _ _ _ _ _ _ _ _ _ _ _ _ _ _ _ _ _ _ _ _ _ _ _ _ _ _ _ \n\nself = <selenium.webdriver.remote.errorhandler.ErrorHandler object at 0x7fa42f9a8170>\nresponse = {'status': 404, 'value': '{\"value\":{\"error\":\"stale element reference\",\"message\":\"stale element reference: stale elemen...\\\\n#19 0x563a129a438b \\\\u003Cunknown>\\\\n#20 0x563a129b3ffc \\\\u003Cunknown>\\\\n#21 0x7fa11f094ac3 \\\\u003Cunknown>\\\\n\"}}'}\n\n    def check_response(self, response: Dict[str, Any]) -> None:\n        \"\"\"Checks that a JSON response from the WebDriver does not have an\n        error.\n    \n        :Args:\n         - response - The JSON response from the WebDriver server as a dictionary\n           object.\n    \n        :Raises: If the response contains an error message.\n        \"\"\"\n        status = response.get(\"status\", None)\n        if not status or status == ErrorCode.SUCCESS:\n            return\n        value = None\n        message = response.get(\"message\", \"\")\n        screen: str = response.get(\"screen\", \"\")\n        stacktrace = None\n        if isinstance(status, int):\n            value_json = response.get(\"value\", None)\n            if value_json and isinstance(value_json, str):\n                import json\n    \n                try:\n                    value = json.loads(value_json)\n                    if len(value) == 1:\n                        value = value[\"value\"]\n                    status = value.get(\"error\", None)\n                    if not status:\n                        status = value.get(\"status\", ErrorCode.UNKNOWN_ERROR)\n                        message = value.get(\"value\") or value.get(\"message\")\n                        if not isinstance(message, str):\n                            value = message\n                            message = message.get(\"message\")\n                    else:\n                        message = value.get(\"message\", None)\n                except ValueError:\n                    pass\n    \n        exception_class: Type[WebDriverException]\n        e = ErrorCode()\n        error_codes = [item for item in dir(e) if not item.startswith(\"__\")]\n        for error_code in error_codes:\n            error_info = getattr(ErrorCode, error_code)\n            if isinstance(error_info, list) and status in error_info:\n                exception_class = getattr(ExceptionMapping, error_code, WebDriverException)\n                break\n        else:\n            exception_class = WebDriverException\n    \n        if not value:\n            value = response[\"value\"]\n        if isinstance(value, str):\n            raise exception_class(value)\n        if message == \"\" and \"message\" in value:\n            message = value[\"message\"]\n    \n        screen = None  # type: ignore[assignment]\n        if \"screen\" in value:\n            screen = value[\"screen\"]\n    \n        stacktrace = None\n        st_value = value.get(\"stackTrace\") or value.get(\"stacktrace\")\n        if st_value:\n            if isinstance(st_value, str):\n                stacktrace = st_value.split(\"\\n\")\n            else:\n                stacktrace = []\n                try:\n                    for frame in st_value:\n                        line = frame.get(\"lineNumber\", \"\")\n                        file = frame.get(\"fileName\", \"<anonymous>\")\n                        if line:\n                            file = f\"{file}:{line}\"\n                        meth = frame.get(\"methodName\", \"<anonymous>\")\n                        if \"className\" in frame:\n                            meth = f\"{frame['className']}.{meth}\"\n                        msg = \"    at %s (%s)\"\n                        msg = msg % (meth, file)\n                        stacktrace.append(msg)\n                except TypeError:\n                    pass\n        if exception_class == UnexpectedAlertPresentException:\n            alert_text = None\n            if \"data\" in value:\n                alert_text = value[\"data\"].get(\"text\")\n            elif \"alert\" in value:\n                alert_text = value[\"alert\"].get(\"text\")\n            raise exception_class(message, screen, stacktrace, alert_text)  # type: ignore[call-arg]  # mypy is not smart enough here\n>       raise exception_class(message, screen, stacktrace)\nE       selenium.common.exceptions.StaleElementReferenceException: Message: stale element reference: stale element not found in the current frame\nE         (Session info: chrome-headless-shell=125.0.6422.60); For documentation on this error, please visit: https://www.selenium.dev/documentation/webdriver/troubleshooting/errors#stale-element-reference-exception\nE       Stacktrace:\nE       #0 0x563a129b4eca <unknown>\nE       #1 0x563a1269e45c <unknown>\nE       #2 0x563a126a3b69 <unknown>\nE       #3 0x563a126a5915 <unknown>\nE       #4 0x563a126a599c <unknown>\nE       #5 0x563a126e47f2 <unknown>\nE       #6 0x563a1270d4b2 <unknown>\nE       #7 0x563a126dea79 <unknown>\nE       #8 0x563a1270d67e <unknown>\nE       #9 0x563a1272c2cc <unknown>\nE       #10 0x563a1270d253 <unknown>\nE       #11 0x563a126dd1c7 <unknown>\nE       #12 0x563a126ddb3e <unknown>\nE       #13 0x563a1297b30b <unknown>\nE       #14 0x563a1297f3b7 <unknown>\nE       #15 0x563a12967e3e <unknown>\nE       #16 0x563a1297fe82 <unknown>\nE       #17 0x563a1294c7df <unknown>\nE       #18 0x563a129a41b8 <unknown>\nE       #19 0x563a129a438b <unknown>\nE       #20 0x563a129b3ffc <unknown>\nE       #21 0x7fa11f094ac3 <unknown>\n\n/opt/hostedtoolcache/Python/3.12.3/x64/lib/python3.12/site-packages/selenium/webdriver/remote/errorhandler.py:229: StaleElementReferenceException",
    "steps" : [ {
      "name" : "get_statistic_data",
      "time" : {
        "start" : 1716531137236,
        "stop" : 1716531139024,
        "duration" : 1788
      },
      "status" : "broken",
      "statusMessage" : "selenium.common.exceptions.StaleElementReferenceException: Message: stale element reference: stale element not found in the current frame\n  (Session info: chrome-headless-shell=125.0.6422.60); For documentation on this error, please visit: https://www.selenium.dev/documentation/webdriver/troubleshooting/errors#stale-element-reference-exception\nStacktrace:\n#0 0x563a129b4eca <unknown>\n#1 0x563a1269e45c <unknown>\n#2 0x563a126a3b69 <unknown>\n#3 0x563a126a5915 <unknown>\n#4 0x563a126a599c <unknown>\n#5 0x563a126e47f2 <unknown>\n#6 0x563a1270d4b2 <unknown>\n#7 0x563a126dea79 <unknown>\n#8 0x563a1270d67e <unknown>\n#9 0x563a1272c2cc <unknown>\n#10 0x563a1270d253 <unknown>\n#11 0x563a126dd1c7 <unknown>\n#12 0x563a126ddb3e <unknown>\n#13 0x563a1297b30b <unknown>\n#14 0x563a1297f3b7 <unknown>\n#15 0x563a12967e3e <unknown>\n#16 0x563a1297fe82 <unknown>\n#17 0x563a1294c7df <unknown>\n#18 0x563a129a41b8 <unknown>\n#19 0x563a129a438b <unknown>\n#20 0x563a129b3ffc <unknown>\n#21 0x7fa11f094ac3 <unknown>\n\n",
      "statusTrace" : "  File \"/opt/hostedtoolcache/Python/3.12.3/x64/lib/python3.12/site-packages/allure_commons/_allure.py\", line 192, in impl\n    return func(*a, **kw)\n           ^^^^^^^^^^^^^^\n  File \"/home/runner/work/auto-tests-python/auto-tests-python/pages/speech_exercises_page_ru.py\", line 180, in get_statistic_data\n    title = [i.text for i in titles]\n             ^^^^^^\n  File \"/opt/hostedtoolcache/Python/3.12.3/x64/lib/python3.12/site-packages/selenium/webdriver/remote/webelement.py\", line 89, in text\n    return self._execute(Command.GET_ELEMENT_TEXT)[\"value\"]\n           ^^^^^^^^^^^^^^^^^^^^^^^^^^^^^^^^^^^^^^^\n  File \"/opt/hostedtoolcache/Python/3.12.3/x64/lib/python3.12/site-packages/selenium/webdriver/remote/webelement.py\", line 394, in _execute\n    return self._parent.execute(command, params)\n           ^^^^^^^^^^^^^^^^^^^^^^^^^^^^^^^^^^^^^\n  File \"/opt/hostedtoolcache/Python/3.12.3/x64/lib/python3.12/site-packages/selenium/webdriver/remote/webdriver.py\", line 344, in execute\n    self.error_handler.check_response(response)\n  File \"/opt/hostedtoolcache/Python/3.12.3/x64/lib/python3.12/site-packages/selenium/webdriver/remote/errorhandler.py\", line 229, in check_response\n    raise exception_class(message, screen, stacktrace)\n",
      "steps" : [ {
        "name" : "Click button \"Статистика\"\".",
        "time" : {
          "start" : 1716531137236,
          "stop" : 1716531137322,
          "duration" : 86
        },
        "status" : "passed",
        "steps" : [ {
          "name" : "Check element is visible and clickable: ('xpath', '//a[@href=\"/profile/statistics\"]')",
          "time" : {
            "start" : 1716531137236,
            "stop" : 1716531137267,
            "duration" : 31
          },
          "status" : "passed",
          "steps" : [ {
            "name" : "Check element is clickable",
            "time" : {
              "start" : 1716531137252,
              "stop" : 1716531137267,
              "duration" : 15
            },
            "status" : "passed",
            "steps" : [ {
              "name" : "Check element is clickable: ('xpath', '//a[@href=\"/profile/statistics\"]')",
              "time" : {
                "start" : 1716531137252,
                "stop" : 1716531137267,
                "duration" : 15
              },
              "status" : "passed",
              "steps" : [ ],
              "attachments" : [ ],
              "parameters" : [ ],
              "stepsCount" : 0,
              "attachmentsCount" : 0,
              "shouldDisplayMessage" : false,
              "hasContent" : false
            } ],
            "attachments" : [ ],
            "parameters" : [ {
              "name" : "locator",
              "value" : "('xpath', '//a[@href=\"/profile/statistics\"]')"
            } ],
            "stepsCount" : 1,
            "attachmentsCount" : 0,
            "shouldDisplayMessage" : false,
            "hasContent" : true
          } ],
          "attachments" : [ ],
          "parameters" : [ ],
          "stepsCount" : 2,
          "attachmentsCount" : 0,
          "shouldDisplayMessage" : false,
          "hasContent" : true
        } ],
        "attachments" : [ ],
        "parameters" : [ ],
        "stepsCount" : 3,
        "attachmentsCount" : 0,
        "shouldDisplayMessage" : false,
        "hasContent" : true
      }, {
        "name" : "Check statistic table is present and scroll to table",
        "time" : {
          "start" : 1716531137322,
          "stop" : 1716531137855,
          "duration" : 533
        },
        "status" : "passed",
        "steps" : [ {
          "name" : "Check element is present: ('xpath', '//div[@class=\"__51e19\"]')",
          "time" : {
            "start" : 1716531137322,
            "stop" : 1716531137851,
            "duration" : 529
          },
          "status" : "passed",
          "steps" : [ ],
          "attachments" : [ ],
          "parameters" : [ ],
          "stepsCount" : 0,
          "attachmentsCount" : 0,
          "shouldDisplayMessage" : false,
          "hasContent" : false
        }, {
          "name" : "Go to element: <selenium.webdriver.remote.webelement.WebElement (session=\"585fa18d825bfd70012a992a93c0c976\", element=\"f.B710BD07BDF5AFC241B60ABE2A158433.d.D8EC7CDBA55E996A32CDFA0B108CA03E.e.46\")>",
          "time" : {
            "start" : 1716531137851,
            "stop" : 1716531137855,
            "duration" : 4
          },
          "status" : "passed",
          "steps" : [ ],
          "attachments" : [ ],
          "parameters" : [ ],
          "stepsCount" : 0,
          "attachmentsCount" : 0,
          "shouldDisplayMessage" : false,
          "hasContent" : false
        } ],
        "attachments" : [ ],
        "parameters" : [ ],
        "stepsCount" : 2,
        "attachmentsCount" : 0,
        "shouldDisplayMessage" : false,
        "hasContent" : true
      }, {
        "name" : "Get data from the table.",
        "time" : {
          "start" : 1716531137855,
          "stop" : 1716531139023,
          "duration" : 1168
        },
        "status" : "broken",
        "statusMessage" : "selenium.common.exceptions.StaleElementReferenceException: Message: stale element reference: stale element not found in the current frame\n  (Session info: chrome-headless-shell=125.0.6422.60); For documentation on this error, please visit: https://www.selenium.dev/documentation/webdriver/troubleshooting/errors#stale-element-reference-exception\nStacktrace:\n#0 0x563a129b4eca <unknown>\n#1 0x563a1269e45c <unknown>\n#2 0x563a126a3b69 <unknown>\n#3 0x563a126a5915 <unknown>\n#4 0x563a126a599c <unknown>\n#5 0x563a126e47f2 <unknown>\n#6 0x563a1270d4b2 <unknown>\n#7 0x563a126dea79 <unknown>\n#8 0x563a1270d67e <unknown>\n#9 0x563a1272c2cc <unknown>\n#10 0x563a1270d253 <unknown>\n#11 0x563a126dd1c7 <unknown>\n#12 0x563a126ddb3e <unknown>\n#13 0x563a1297b30b <unknown>\n#14 0x563a1297f3b7 <unknown>\n#15 0x563a12967e3e <unknown>\n#16 0x563a1297fe82 <unknown>\n#17 0x563a1294c7df <unknown>\n#18 0x563a129a41b8 <unknown>\n#19 0x563a129a438b <unknown>\n#20 0x563a129b3ffc <unknown>\n#21 0x7fa11f094ac3 <unknown>\n\n",
        "statusTrace" : "  File \"/home/runner/work/auto-tests-python/auto-tests-python/pages/speech_exercises_page_ru.py\", line 180, in get_statistic_data\n    title = [i.text for i in titles]\n             ^^^^^^\n  File \"/opt/hostedtoolcache/Python/3.12.3/x64/lib/python3.12/site-packages/selenium/webdriver/remote/webelement.py\", line 89, in text\n    return self._execute(Command.GET_ELEMENT_TEXT)[\"value\"]\n           ^^^^^^^^^^^^^^^^^^^^^^^^^^^^^^^^^^^^^^^\n  File \"/opt/hostedtoolcache/Python/3.12.3/x64/lib/python3.12/site-packages/selenium/webdriver/remote/webelement.py\", line 394, in _execute\n    return self._parent.execute(command, params)\n           ^^^^^^^^^^^^^^^^^^^^^^^^^^^^^^^^^^^^^\n  File \"/opt/hostedtoolcache/Python/3.12.3/x64/lib/python3.12/site-packages/selenium/webdriver/remote/webdriver.py\", line 344, in execute\n    self.error_handler.check_response(response)\n  File \"/opt/hostedtoolcache/Python/3.12.3/x64/lib/python3.12/site-packages/selenium/webdriver/remote/errorhandler.py\", line 229, in check_response\n    raise exception_class(message, screen, stacktrace)\n",
        "steps" : [ {
          "name" : "Check elements are present: ('xpath', '//tbody/tr')",
          "time" : {
            "start" : 1716531137855,
            "stop" : 1716531138878,
            "duration" : 1023
          },
          "status" : "passed",
          "steps" : [ ],
          "attachments" : [ ],
          "parameters" : [ ],
          "stepsCount" : 0,
          "attachmentsCount" : 0,
          "shouldDisplayMessage" : false,
          "hasContent" : false
        }, {
          "name" : "Check elements are present: ('xpath', '//th[@class=\"px-4 py-2\"]')",
          "time" : {
            "start" : 1716531138878,
            "stop" : 1716531138886,
            "duration" : 8
          },
          "status" : "passed",
          "steps" : [ ],
          "attachments" : [ ],
          "parameters" : [ ],
          "stepsCount" : 0,
          "attachmentsCount" : 0,
          "shouldDisplayMessage" : false,
          "hasContent" : false
        } ],
        "attachments" : [ ],
        "parameters" : [ ],
        "stepsCount" : 2,
        "attachmentsCount" : 0,
        "shouldDisplayMessage" : true,
        "hasContent" : true
      } ],
      "attachments" : [ ],
      "parameters" : [ ],
      "stepsCount" : 10,
      "attachmentsCount" : 0,
      "shouldDisplayMessage" : false,
      "hasContent" : true
    } ],
    "attachments" : [ {
      "uid" : "695e797fec304364",
      "name" : "Screenshot",
      "source" : "695e797fec304364.png",
      "type" : "image/png",
      "size" : 65544
    }, {
      "uid" : "81c551379fa3641c",
      "name" : "HTML source",
      "source" : "81c551379fa3641c.html",
      "type" : "text/html",
      "size" : 56909
    } ],
    "parameters" : [ ],
    "stepsCount" : 11,
    "attachmentsCount" : 2,
    "shouldDisplayMessage" : true,
    "hasContent" : true
  },
  "afterStages" : [ {
    "name" : "driver::0",
    "time" : {
      "start" : 1716531139215,
      "stop" : 1716531139417,
      "duration" : 202
    },
    "status" : "passed",
    "steps" : [ ],
    "attachments" : [ {
      "uid" : "b2f256cf4a2f4d8f",
      "name" : "Screenshot 2024-05-24 06:12:19.355030",
      "source" : "b2f256cf4a2f4d8f.png",
      "type" : "image/png",
      "size" : 65570
    } ],
    "parameters" : [ ],
    "stepsCount" : 0,
    "attachmentsCount" : 1,
    "shouldDisplayMessage" : false,
    "hasContent" : true
  } ],
  "labels" : [ {
    "name" : "epic",
    "value" : "Speech exercises."
  }, {
    "name" : "suite",
    "value" : "Statistic."
  }, {
    "name" : "tag",
    "value" : "@pytest.mark.xfail"
  }, {
    "name" : "parentSuite",
    "value" : "tests"
  }, {
    "name" : "subSuite",
    "value" : "TestCardsRU"
  }, {
    "name" : "host",
    "value" : "fv-az698-441"
  }, {
    "name" : "thread",
    "value" : "2384-MainThread"
  }, {
    "name" : "framework",
    "value" : "pytest"
  }, {
    "name" : "language",
    "value" : "cpython3"
  }, {
    "name" : "package",
    "value" : "tests.test_speech_exercises_ru"
  }, {
    "name" : "resultFormat",
    "value" : "allure2"
  } ],
  "parameters" : [ ],
  "links" : [ ],
  "hidden" : false,
  "retry" : false,
  "extra" : {
    "severity" : "normal",
    "retries" : [ ],
    "categories" : [ ],
    "history" : {
      "statistic" : {
        "failed" : 0,
        "broken" : 0,
        "skipped" : 1,
        "passed" : 13,
        "unknown" : 0,
        "total" : 14
      },
      "items" : [ {
        "uid" : "48609308f8e382a9",
        "reportUrl" : "https://Brain-up.github.io/auto-tests-python/9//#testresult/48609308f8e382a9",
        "status" : "passed",
        "statusDetails" : "XPASS",
        "time" : {
          "start" : 1716512386374,
          "stop" : 1716512388287,
          "duration" : 1913
        }
      }, {
        "uid" : "2e2cd2a940418214",
        "reportUrl" : "https://Brain-up.github.io/auto-tests-python/9//#testresult/2e2cd2a940418214",
        "status" : "passed",
        "statusDetails" : "XPASS",
        "time" : {
          "start" : 1716453333852,
          "stop" : 1716453336136,
          "duration" : 2284
        }
      }, {
        "uid" : "59a668ea013b3a23",
        "reportUrl" : "https://Brain-up.github.io/auto-tests-python/8//#testresult/59a668ea013b3a23",
        "status" : "passed",
        "statusDetails" : "XPASS",
        "time" : {
          "start" : 1716449774396,
          "stop" : 1716449776802,
          "duration" : 2406
        }
      }, {
        "uid" : "bcbed60d64e62843",
        "reportUrl" : "https://Brain-up.github.io/auto-tests-python/8//#testresult/bcbed60d64e62843",
        "status" : "passed",
        "statusDetails" : "XPASS",
        "time" : {
          "start" : 1716426006877,
          "stop" : 1716426009205,
          "duration" : 2328
        }
      }, {
        "uid" : "9246c95f807b346",
        "reportUrl" : "https://Brain-up.github.io/auto-tests-python/7//#testresult/9246c95f807b346",
        "status" : "passed",
        "statusDetails" : "XPASS",
        "time" : {
          "start" : 1716364303258,
          "stop" : 1716364305682,
          "duration" : 2424
        }
      }, {
        "uid" : "d5398c09dc34f613",
        "reportUrl" : "https://Brain-up.github.io/auto-tests-python/6//#testresult/d5398c09dc34f613",
        "status" : "passed",
        "statusDetails" : "XPASS",
        "time" : {
          "start" : 1716363013660,
          "stop" : 1716363016550,
          "duration" : 2890
        }
      }, {
        "uid" : "a1a2049467949640",
        "reportUrl" : "https://Brain-up.github.io/auto-tests-python/7//#testresult/a1a2049467949640",
        "status" : "passed",
        "statusDetails" : "XPASS",
        "time" : {
          "start" : 1716339560683,
          "stop" : 1716339562963,
          "duration" : 2280
        }
      }, {
        "uid" : "5be21c8fa62f0e26",
        "reportUrl" : "https://Brain-up.github.io/auto-tests-python/5//#testresult/5be21c8fa62f0e26",
        "status" : "passed",
        "statusDetails" : "XPASS",
        "time" : {
          "start" : 1716278658708,
          "stop" : 1716278661123,
          "duration" : 2415
        }
      }, {
        "uid" : "1abd0c72571e06a3",
        "reportUrl" : "https://Brain-up.github.io/auto-tests-python/4//#testresult/1abd0c72571e06a3",
        "status" : "passed",
        "statusDetails" : "XPASS",
        "time" : {
          "start" : 1716277226757,
          "stop" : 1716277228070,
          "duration" : 1313
        }
      }, {
        "uid" : "ceb186ff190dcb2f",
        "reportUrl" : "https://Brain-up.github.io/auto-tests-python/6//#testresult/ceb186ff190dcb2f",
        "status" : "passed",
        "statusDetails" : "XPASS",
        "time" : {
          "start" : 1716253254679,
          "stop" : 1716253257538,
          "duration" : 2859
        }
      }, {
        "uid" : "77f65c28ed52c638",
        "reportUrl" : "https://Brain-up.github.io/auto-tests-python/3//#testresult/77f65c28ed52c638",
        "status" : "passed",
        "statusDetails" : "XPASS",
        "time" : {
          "start" : 1716219142764,
          "stop" : 1716219145679,
          "duration" : 2915
        }
      }, {
        "uid" : "ba0b17e6fa0595c6",
        "reportUrl" : "https://Brain-up.github.io/auto-tests-python/2//#testresult/ba0b17e6fa0595c6",
        "status" : "passed",
        "statusDetails" : "XPASS",
        "time" : {
          "start" : 1716217904633,
          "stop" : 1716217907459,
          "duration" : 2826
        }
      }, {
        "uid" : "3aadb128d91b3f11",
        "reportUrl" : "https://Brain-up.github.io/auto-tests-python/1//#testresult/3aadb128d91b3f11",
        "status" : "passed",
        "statusDetails" : "XPASS",
        "time" : {
          "start" : 1716204527302,
          "stop" : 1716204529694,
          "duration" : 2392
        }
      } ]
    },
    "tags" : [ "@pytest.mark.xfail" ]
  },
  "source" : "8eb5a77ff74670cc.json",
  "parameterValues" : [ ]
}