{
  "uid" : "7b48195129f2ea77",
  "name" : "Check progres-bar and buttons.",
  "fullName" : "tests.test_speech_exercises_en.TestCardsEN#test_progress_bar_is_present_en",
  "historyId" : "efb827312bdd34b296637645e49b0897",
  "time" : {
    "start" : 1761478652110,
    "stop" : 1761478662441,
    "duration" : 10331
  },
  "status" : "skipped",
  "statusMessage" : "XFAIL\n\nselenium.common.exceptions.TimeoutException: Message: Can't find element by locator ('xpath', '//button[@data-test-active-link=\"Words\"]')\nStacktrace:\n#0 0x5575e79c7fba <unknown>\n#1 0x5575e744c6d0 <unknown>\n#2 0x5575e749e2aa <unknown>\n#3 0x5575e749e541 <unknown>\n#4 0x5575e74ec6c4 <unknown>\n#5 0x5575e74c3e5d <unknown>\n#6 0x5575e74e9b54 <unknown>\n#7 0x5575e74c3c03 <unknown>\n#8 0x5575e74907a8 <unknown>\n#9 0x5575e7491421 <unknown>\n#10 0x5575e798cb28 <unknown>\n#11 0x5575e799087f <unknown>\n#12 0x5575e7974c49 <unknown>\n#13 0x5575e7991405 <unknown>\n#14 0x5575e795a4ff <unknown>\n#15 0x5575e79b5258 <unknown>\n#16 0x5575e79b5432 <unknown>\n#17 0x5575e79c6fa3 <unknown>\n#18 0x7fad0249caa4 <unknown>\n#19 0x7fad02529c6c <unknown>",
  "statusTrace" : "self = <tests.test_speech_exercises_en.TestCardsEN object at 0x7f1400f6ea50>\ndriver = <selenium.webdriver.chrome.webdriver.WebDriver (session=\"9415a7f5943f0b0175d38972880fc1c8\")>\nspecialist_user_authorized = None\n\n    @pytest.mark.xfail\n    @allure.suite(\"Speech exercises EN.\")\n    @allure.title('Check progres-bar and buttons.')\n    def test_progress_bar_is_present_en(self, driver, specialist_user_authorized):\n        page = SpeechExercisesPage(driver)\n>       page.select_group(SpeechExercisesPageLocators.WORDS_BUTTON_EN)\n\ntests/test_speech_exercises_en.py:34: \n_ _ _ _ _ _ _ _ _ _ _ _ _ _ _ _ _ _ _ _ _ _ _ _ _ _ _ _ _ _ _ _ _ _ _ _ _ _ _ _ \npages/speech_exercises_page_en.py:18: in select_group\n    text_of_the_button = self.element_is_present_and_clickable(selector_for_sub_group)\npages/base_page.py:40: in element_is_present_and_clickable\n    return (Wait(self.driver, self.timeout).until(\n_ _ _ _ _ _ _ _ _ _ _ _ _ _ _ _ _ _ _ _ _ _ _ _ _ _ _ _ _ _ _ _ _ _ _ _ _ _ _ _ \n\nself = <selenium.webdriver.support.wait.WebDriverWait (session=\"9415a7f5943f0b0175d38972880fc1c8\")>\nmethod = <function visibility_of_element_located.<locals>._predicate at 0x7f1400da6480>\nmessage = 'Can\\'t find element by locator (\\'xpath\\', \\'//button[@data-test-active-link=\"Words\"]\\')'\n\n    def until(self, method, message: str = \"\"):\n        \"\"\"Calls the method provided with the driver as an argument until the \\\n        return value does not evaluate to ``False``.\n    \n        :param method: callable(WebDriver)\n        :param message: optional message for :exc:`TimeoutException`\n        :returns: the result of the last call to `method`\n        :raises: :exc:`selenium.common.exceptions.TimeoutException` if timeout occurs\n        \"\"\"\n        screen = None\n        stacktrace = None\n    \n        end_time = time.monotonic() + self._timeout\n        while True:\n            try:\n                value = method(self._driver)\n                if value:\n                    return value\n            except self._ignored_exceptions as exc:\n                screen = getattr(exc, \"screen\", None)\n                stacktrace = getattr(exc, \"stacktrace\", None)\n            time.sleep(self._poll)\n            if time.monotonic() > end_time:\n                break\n>       raise TimeoutException(message, screen, stacktrace)\nE       selenium.common.exceptions.TimeoutException: Message: Can't find element by locator ('xpath', '//button[@data-test-active-link=\"Words\"]')\nE       Stacktrace:\nE       #0 0x5575e79c7fba <unknown>\nE       #1 0x5575e744c6d0 <unknown>\nE       #2 0x5575e749e2aa <unknown>\nE       #3 0x5575e749e541 <unknown>\nE       #4 0x5575e74ec6c4 <unknown>\nE       #5 0x5575e74c3e5d <unknown>\nE       #6 0x5575e74e9b54 <unknown>\nE       #7 0x5575e74c3c03 <unknown>\nE       #8 0x5575e74907a8 <unknown>\nE       #9 0x5575e7491421 <unknown>\nE       #10 0x5575e798cb28 <unknown>\nE       #11 0x5575e799087f <unknown>\nE       #12 0x5575e7974c49 <unknown>\nE       #13 0x5575e7991405 <unknown>\nE       #14 0x5575e795a4ff <unknown>\nE       #15 0x5575e79b5258 <unknown>\nE       #16 0x5575e79b5432 <unknown>\nE       #17 0x5575e79c6fa3 <unknown>\nE       #18 0x7fad0249caa4 <unknown>\nE       #19 0x7fad02529c6c <unknown>\n\n/opt/hostedtoolcache/Python/3.12.11/x64/lib/python3.12/site-packages/selenium/webdriver/support/wait.py:95: TimeoutException",
  "flaky" : false,
  "newFailed" : false,
  "beforeStages" : [ {
    "name" : "specialist_user_authorized",
    "time" : {
      "start" : 1761478649672,
      "stop" : 1761478652110,
      "duration" : 2438
    },
    "status" : "passed",
    "steps" : [ {
      "name" : "USER specialist authorized",
      "time" : {
        "start" : 1761478649672,
        "stop" : 1761478652110,
        "duration" : 2438
      },
      "status" : "passed",
      "steps" : [ {
        "name" : "Check url is present: https://www.brainup.site/groups",
        "time" : {
          "start" : 1761478650069,
          "stop" : 1761478652087,
          "duration" : 2018
        },
        "status" : "passed",
        "steps" : [ ],
        "attachments" : [ ],
        "parameters" : [ ],
        "stepsCount" : 0,
        "attachmentsCount" : 0,
        "shouldDisplayMessage" : false,
        "hasContent" : false
      }, {
        "name" : "Loader checking",
        "time" : {
          "start" : 1761478652088,
          "stop" : 1761478652110,
          "duration" : 22
        },
        "status" : "passed",
        "steps" : [ ],
        "attachments" : [ ],
        "parameters" : [ ],
        "stepsCount" : 0,
        "attachmentsCount" : 0,
        "shouldDisplayMessage" : false,
        "hasContent" : false
      } ],
      "attachments" : [ ],
      "parameters" : [ {
        "name" : "driver",
        "value" : "<selenium.webdriver.chrome.webdriver.WebDriver (session=\"9415a7f5943f0b0175d38972880fc1c8\")>"
      }, {
        "name" : "main_page_open",
        "value" : "None"
      } ],
      "stepsCount" : 2,
      "attachmentsCount" : 0,
      "shouldDisplayMessage" : false,
      "hasContent" : true
    } ],
    "attachments" : [ ],
    "parameters" : [ ],
    "stepsCount" : 3,
    "attachmentsCount" : 0,
    "shouldDisplayMessage" : false,
    "hasContent" : true
  }, {
    "name" : "clear_allure_results_folder",
    "time" : {
      "start" : 1761477534103,
      "stop" : 1761477534103,
      "duration" : 0
    },
    "status" : "passed",
    "steps" : [ ],
    "attachments" : [ ],
    "parameters" : [ ],
    "stepsCount" : 0,
    "attachmentsCount" : 0,
    "shouldDisplayMessage" : false,
    "hasContent" : false
  }, {
    "name" : "main_page_open",
    "time" : {
      "start" : 1761478646465,
      "stop" : 1761478649672,
      "duration" : 3207
    },
    "status" : "passed",
    "steps" : [ {
      "name" : "Open page: https://www.brainup.site/",
      "time" : {
        "start" : 1761478646465,
        "stop" : 1761478649672,
        "duration" : 3207
      },
      "status" : "passed",
      "steps" : [ ],
      "attachments" : [ ],
      "parameters" : [ {
        "name" : "driver",
        "value" : "<selenium.webdriver.chrome.webdriver.WebDriver (session=\"9415a7f5943f0b0175d38972880fc1c8\")>"
      } ],
      "stepsCount" : 0,
      "attachmentsCount" : 0,
      "shouldDisplayMessage" : false,
      "hasContent" : true
    } ],
    "attachments" : [ ],
    "parameters" : [ ],
    "stepsCount" : 1,
    "attachmentsCount" : 0,
    "shouldDisplayMessage" : false,
    "hasContent" : true
  }, {
    "name" : "driver",
    "time" : {
      "start" : 1761478645716,
      "stop" : 1761478646464,
      "duration" : 748
    },
    "status" : "passed",
    "steps" : [ ],
    "attachments" : [ ],
    "parameters" : [ ],
    "stepsCount" : 0,
    "attachmentsCount" : 0,
    "shouldDisplayMessage" : false,
    "hasContent" : false
  } ],
  "testStage" : {
    "status" : "skipped",
    "statusMessage" : "XFAIL\n\nselenium.common.exceptions.TimeoutException: Message: Can't find element by locator ('xpath', '//button[@data-test-active-link=\"Words\"]')\nStacktrace:\n#0 0x5575e79c7fba <unknown>\n#1 0x5575e744c6d0 <unknown>\n#2 0x5575e749e2aa <unknown>\n#3 0x5575e749e541 <unknown>\n#4 0x5575e74ec6c4 <unknown>\n#5 0x5575e74c3e5d <unknown>\n#6 0x5575e74e9b54 <unknown>\n#7 0x5575e74c3c03 <unknown>\n#8 0x5575e74907a8 <unknown>\n#9 0x5575e7491421 <unknown>\n#10 0x5575e798cb28 <unknown>\n#11 0x5575e799087f <unknown>\n#12 0x5575e7974c49 <unknown>\n#13 0x5575e7991405 <unknown>\n#14 0x5575e795a4ff <unknown>\n#15 0x5575e79b5258 <unknown>\n#16 0x5575e79b5432 <unknown>\n#17 0x5575e79c6fa3 <unknown>\n#18 0x7fad0249caa4 <unknown>\n#19 0x7fad02529c6c <unknown>",
    "statusTrace" : "self = <tests.test_speech_exercises_en.TestCardsEN object at 0x7f1400f6ea50>\ndriver = <selenium.webdriver.chrome.webdriver.WebDriver (session=\"9415a7f5943f0b0175d38972880fc1c8\")>\nspecialist_user_authorized = None\n\n    @pytest.mark.xfail\n    @allure.suite(\"Speech exercises EN.\")\n    @allure.title('Check progres-bar and buttons.')\n    def test_progress_bar_is_present_en(self, driver, specialist_user_authorized):\n        page = SpeechExercisesPage(driver)\n>       page.select_group(SpeechExercisesPageLocators.WORDS_BUTTON_EN)\n\ntests/test_speech_exercises_en.py:34: \n_ _ _ _ _ _ _ _ _ _ _ _ _ _ _ _ _ _ _ _ _ _ _ _ _ _ _ _ _ _ _ _ _ _ _ _ _ _ _ _ \npages/speech_exercises_page_en.py:18: in select_group\n    text_of_the_button = self.element_is_present_and_clickable(selector_for_sub_group)\npages/base_page.py:40: in element_is_present_and_clickable\n    return (Wait(self.driver, self.timeout).until(\n_ _ _ _ _ _ _ _ _ _ _ _ _ _ _ _ _ _ _ _ _ _ _ _ _ _ _ _ _ _ _ _ _ _ _ _ _ _ _ _ \n\nself = <selenium.webdriver.support.wait.WebDriverWait (session=\"9415a7f5943f0b0175d38972880fc1c8\")>\nmethod = <function visibility_of_element_located.<locals>._predicate at 0x7f1400da6480>\nmessage = 'Can\\'t find element by locator (\\'xpath\\', \\'//button[@data-test-active-link=\"Words\"]\\')'\n\n    def until(self, method, message: str = \"\"):\n        \"\"\"Calls the method provided with the driver as an argument until the \\\n        return value does not evaluate to ``False``.\n    \n        :param method: callable(WebDriver)\n        :param message: optional message for :exc:`TimeoutException`\n        :returns: the result of the last call to `method`\n        :raises: :exc:`selenium.common.exceptions.TimeoutException` if timeout occurs\n        \"\"\"\n        screen = None\n        stacktrace = None\n    \n        end_time = time.monotonic() + self._timeout\n        while True:\n            try:\n                value = method(self._driver)\n                if value:\n                    return value\n            except self._ignored_exceptions as exc:\n                screen = getattr(exc, \"screen\", None)\n                stacktrace = getattr(exc, \"stacktrace\", None)\n            time.sleep(self._poll)\n            if time.monotonic() > end_time:\n                break\n>       raise TimeoutException(message, screen, stacktrace)\nE       selenium.common.exceptions.TimeoutException: Message: Can't find element by locator ('xpath', '//button[@data-test-active-link=\"Words\"]')\nE       Stacktrace:\nE       #0 0x5575e79c7fba <unknown>\nE       #1 0x5575e744c6d0 <unknown>\nE       #2 0x5575e749e2aa <unknown>\nE       #3 0x5575e749e541 <unknown>\nE       #4 0x5575e74ec6c4 <unknown>\nE       #5 0x5575e74c3e5d <unknown>\nE       #6 0x5575e74e9b54 <unknown>\nE       #7 0x5575e74c3c03 <unknown>\nE       #8 0x5575e74907a8 <unknown>\nE       #9 0x5575e7491421 <unknown>\nE       #10 0x5575e798cb28 <unknown>\nE       #11 0x5575e799087f <unknown>\nE       #12 0x5575e7974c49 <unknown>\nE       #13 0x5575e7991405 <unknown>\nE       #14 0x5575e795a4ff <unknown>\nE       #15 0x5575e79b5258 <unknown>\nE       #16 0x5575e79b5432 <unknown>\nE       #17 0x5575e79c6fa3 <unknown>\nE       #18 0x7fad0249caa4 <unknown>\nE       #19 0x7fad02529c6c <unknown>\n\n/opt/hostedtoolcache/Python/3.12.11/x64/lib/python3.12/site-packages/selenium/webdriver/support/wait.py:95: TimeoutException",
    "steps" : [ {
      "name" : "select_group",
      "time" : {
        "start" : 1761478652111,
        "stop" : 1761478662441,
        "duration" : 10330
      },
      "status" : "broken",
      "statusMessage" : "selenium.common.exceptions.TimeoutException: Message: Can't find element by locator ('xpath', '//button[@data-test-active-link=\"Words\"]')\nStacktrace:\n#0 0x5575e79c7fba <unknown>\n#1 0x5575e744c6d0 <unknown>\n#2 0x5575e749e2aa <unknown>\n#3 0x5575e749e541 <unknown>\n#4 0x5575e74ec6c4 <unknown>\n#5 0x5575e74c3e5d <unknown>\n#6 0x5575e74e9b54 <unknown>\n#7 0x5575e74c3c03 <unknown>\n#8 0x5575e74907a8 <unknown>\n#9 0x5575e7491421 <unknown>\n#10 0x5575e798cb28 <unknown>\n#11 0x5575e799087f <unknown>\n#12 0x5575e7974c49 <unknown>\n#13 0x5575e7991405 <unknown>\n#14 0x5575e795a4ff <unknown>\n#15 0x5575e79b5258 <unknown>\n#16 0x5575e79b5432 <unknown>\n#17 0x5575e79c6fa3 <unknown>\n#18 0x7fad0249caa4 <unknown>\n#19 0x7fad02529c6c <unknown>\n\n",
      "statusTrace" : "  File \"/opt/hostedtoolcache/Python/3.12.11/x64/lib/python3.12/site-packages/allure_commons/_allure.py\", line 192, in impl\n    return func(*a, **kw)\n           ^^^^^^^^^^^^^^\n  File \"/home/runner/work/auto-tests-python/auto-tests-python/pages/speech_exercises_page_en.py\", line 18, in select_group\n    text_of_the_button = self.element_is_present_and_clickable(selector_for_sub_group)\n                         ^^^^^^^^^^^^^^^^^^^^^^^^^^^^^^^^^^^^^^^^^^^^^^^^^^^^^^^^^^^^^\n  File \"/home/runner/work/auto-tests-python/auto-tests-python/pages/base_page.py\", line 40, in element_is_present_and_clickable\n    return (Wait(self.driver, self.timeout).until(\n            ^^^^^^^^^^^^^^^^^^^^^^^^^^^^^^^^^^^^^^\n  File \"/opt/hostedtoolcache/Python/3.12.11/x64/lib/python3.12/site-packages/selenium/webdriver/support/wait.py\", line 95, in until\n    raise TimeoutException(message, screen, stacktrace)\n",
      "steps" : [ {
        "name" : "Select Russian language. Click \"EN\" button.",
        "time" : {
          "start" : 1761478652111,
          "stop" : 1761478652184,
          "duration" : 73
        },
        "status" : "passed",
        "steps" : [ ],
        "attachments" : [ ],
        "parameters" : [ ],
        "stepsCount" : 0,
        "attachmentsCount" : 0,
        "shouldDisplayMessage" : false,
        "hasContent" : false
      }, {
        "name" : "Click button \"SPEECH EXERCISES\".",
        "time" : {
          "start" : 1761478652184,
          "stop" : 1761478652257,
          "duration" : 73
        },
        "status" : "passed",
        "steps" : [ ],
        "attachments" : [ ],
        "parameters" : [ ],
        "stepsCount" : 0,
        "attachmentsCount" : 0,
        "shouldDisplayMessage" : false,
        "hasContent" : false
      } ],
      "attachments" : [ ],
      "parameters" : [ {
        "name" : "selector_for_sub_group",
        "value" : "('xpath', '//button[@data-test-active-link=\"Words\"]')"
      } ],
      "stepsCount" : 2,
      "attachmentsCount" : 0,
      "shouldDisplayMessage" : true,
      "hasContent" : true
    } ],
    "attachments" : [ ],
    "parameters" : [ ],
    "stepsCount" : 3,
    "attachmentsCount" : 0,
    "shouldDisplayMessage" : true,
    "hasContent" : true
  },
  "afterStages" : [ {
    "name" : "driver::0",
    "time" : {
      "start" : 1761478662451,
      "stop" : 1761478662520,
      "duration" : 69
    },
    "status" : "passed",
    "steps" : [ ],
    "attachments" : [ ],
    "parameters" : [ ],
    "stepsCount" : 0,
    "attachmentsCount" : 0,
    "shouldDisplayMessage" : false,
    "hasContent" : false
  } ],
  "labels" : [ {
    "name" : "epic",
    "value" : "Speech exercises."
  }, {
    "name" : "suite",
    "value" : "Speech exercises EN."
  }, {
    "name" : "tag",
    "value" : "@pytest.mark.xfail"
  }, {
    "name" : "parentSuite",
    "value" : "tests"
  }, {
    "name" : "subSuite",
    "value" : "TestCardsEN"
  }, {
    "name" : "host",
    "value" : "runnervmwhb2z"
  }, {
    "name" : "thread",
    "value" : "2557-MainThread"
  }, {
    "name" : "framework",
    "value" : "pytest"
  }, {
    "name" : "language",
    "value" : "cpython3"
  }, {
    "name" : "package",
    "value" : "tests.test_speech_exercises_en"
  }, {
    "name" : "resultFormat",
    "value" : "allure2"
  } ],
  "parameters" : [ ],
  "links" : [ ],
  "hidden" : false,
  "retry" : false,
  "extra" : {
    "severity" : "normal",
    "retries" : [ ],
    "categories" : [ ],
    "history" : {
      "statistic" : {
        "failed" : 0,
        "broken" : 0,
        "skipped" : 350,
        "passed" : 7,
        "unknown" : 0,
        "total" : 357
      },
      "items" : [ {
        "uid" : "29ac5cf562d95812",
        "reportUrl" : "https://Brain-up.github.io/auto-tests-python/723//#testresult/29ac5cf562d95812",
        "status" : "skipped",
        "statusDetails" : "XFAIL\n\nselenium.common.exceptions.TimeoutException: Message: Can't find element by locator ('xpath', '//button[@data-test-active-link=\"Words\"]')\nStacktrace:\n#0 0x5644531cafba <unknown>\n#1 0x564452c4f6d0 <unknown>\n#2 0x564452ca12aa <unknown>\n#3 0x564452ca1541 <unknown>\n#4 0x564452cef6c4 <unknown>\n#5 0x564452cc6e5d <unknown>\n#6 0x564452cecb54 <unknown>\n#7 0x564452cc6c03 <unknown>\n#8 0x564452c937a8 <unknown>\n#9 0x564452c94421 <unknown>\n#10 0x56445318fb28 <unknown>\n#11 0x56445319387f <unknown>\n#12 0x564453177c49 <unknown>\n#13 0x564453194405 <unknown>\n#14 0x56445315d4ff <unknown>\n#15 0x5644531b8258 <unknown>\n#16 0x5644531b8432 <unknown>\n#17 0x5644531c9fa3 <unknown>\n#18 0x7f5002c9caa4 <unknown>\n#19 0x7f5002d29c6c <unknown>",
        "time" : {
          "start" : 1761344405591,
          "stop" : 1761344415927,
          "duration" : 10336
        }
      }, {
        "uid" : "61412b036be691cd",
        "reportUrl" : "https://Brain-up.github.io/auto-tests-python/722//#testresult/61412b036be691cd",
        "status" : "skipped",
        "statusDetails" : "XFAIL\n\nselenium.common.exceptions.TimeoutException: Message: Can't find element by locator ('xpath', '//button[@data-test-active-link=\"Words\"]')\nStacktrace:\n#0 0x563440145fba <unknown>\n#1 0x56343fbca6d0 <unknown>\n#2 0x56343fc1c2aa <unknown>\n#3 0x56343fc1c541 <unknown>\n#4 0x56343fc6a6c4 <unknown>\n#5 0x56343fc41e5d <unknown>\n#6 0x56343fc67b54 <unknown>\n#7 0x56343fc41c03 <unknown>\n#8 0x56343fc0e7a8 <unknown>\n#9 0x56343fc0f421 <unknown>\n#10 0x56344010ab28 <unknown>\n#11 0x56344010e87f <unknown>\n#12 0x5634400f2c49 <unknown>\n#13 0x56344010f405 <unknown>\n#14 0x5634400d84ff <unknown>\n#15 0x563440133258 <unknown>\n#16 0x563440133432 <unknown>\n#17 0x563440144fa3 <unknown>\n#18 0x7fa10509caa4 <unknown>\n#19 0x7fa105129c6c <unknown>",
        "time" : {
          "start" : 1761339230767,
          "stop" : 1761339241111,
          "duration" : 10344
        }
      }, {
        "uid" : "704fd46db058b272",
        "reportUrl" : "https://Brain-up.github.io/auto-tests-python/721//#testresult/704fd46db058b272",
        "status" : "skipped",
        "statusDetails" : "XFAIL\n\nselenium.common.exceptions.TimeoutException: Message: Can't find element by locator ('xpath', '//button[@data-test-active-link=\"Words\"]')\nStacktrace:\n#0 0x55d4b0fcbfba <unknown>\n#1 0x55d4b0a506d0 <unknown>\n#2 0x55d4b0aa22aa <unknown>\n#3 0x55d4b0aa2541 <unknown>\n#4 0x55d4b0af06c4 <unknown>\n#5 0x55d4b0ac7e5d <unknown>\n#6 0x55d4b0aedb54 <unknown>\n#7 0x55d4b0ac7c03 <unknown>\n#8 0x55d4b0a947a8 <unknown>\n#9 0x55d4b0a95421 <unknown>\n#10 0x55d4b0f90b28 <unknown>\n#11 0x55d4b0f9487f <unknown>\n#12 0x55d4b0f78c49 <unknown>\n#13 0x55d4b0f95405 <unknown>\n#14 0x55d4b0f5e4ff <unknown>\n#15 0x55d4b0fb9258 <unknown>\n#16 0x55d4b0fb9432 <unknown>\n#17 0x55d4b0fcafa3 <unknown>\n#18 0x7f1b68c9caa4 <unknown>\n#19 0x7f1b68d29c6c <unknown>",
        "time" : {
          "start" : 1761206441832,
          "stop" : 1761206452145,
          "duration" : 10313
        }
      }, {
        "uid" : "4f96279560e6c4f4",
        "reportUrl" : "https://Brain-up.github.io/auto-tests-python/720//#testresult/4f96279560e6c4f4",
        "status" : "skipped",
        "statusDetails" : "XFAIL\n\nselenium.common.exceptions.TimeoutException: Message: Can't find element by locator ('xpath', '//button[@data-test-active-link=\"Words\"]')\nStacktrace:\n#0 0x55cf6650cfba <unknown>\n#1 0x55cf65f916d0 <unknown>\n#2 0x55cf65fe32aa <unknown>\n#3 0x55cf65fe3541 <unknown>\n#4 0x55cf660316c4 <unknown>\n#5 0x55cf66008e5d <unknown>\n#6 0x55cf6602eb54 <unknown>\n#7 0x55cf66008c03 <unknown>\n#8 0x55cf65fd57a8 <unknown>\n#9 0x55cf65fd6421 <unknown>\n#10 0x55cf664d1b28 <unknown>\n#11 0x55cf664d587f <unknown>\n#12 0x55cf664b9c49 <unknown>\n#13 0x55cf664d6405 <unknown>\n#14 0x55cf6649f4ff <unknown>\n#15 0x55cf664fa258 <unknown>\n#16 0x55cf664fa432 <unknown>\n#17 0x55cf6650bfa3 <unknown>\n#18 0x7f909389caa4 <unknown>\n#19 0x7f9093929c6c <unknown>",
        "time" : {
          "start" : 1761131455214,
          "stop" : 1761131465613,
          "duration" : 10399
        }
      }, {
        "uid" : "5a90a71df61881d4",
        "reportUrl" : "https://Brain-up.github.io/auto-tests-python/719//#testresult/5a90a71df61881d4",
        "status" : "skipped",
        "statusDetails" : "XFAIL\n\nselenium.common.exceptions.TimeoutException: Message: Can't find element by locator ('xpath', '//button[@data-test-active-link=\"Words\"]')\nStacktrace:\n#0 0x55f830817fba <unknown>\n#1 0x55f83029c6d0 <unknown>\n#2 0x55f8302ee2aa <unknown>\n#3 0x55f8302ee541 <unknown>\n#4 0x55f83033c6c4 <unknown>\n#5 0x55f830313e5d <unknown>\n#6 0x55f830339b54 <unknown>\n#7 0x55f830313c03 <unknown>\n#8 0x55f8302e07a8 <unknown>\n#9 0x55f8302e1421 <unknown>\n#10 0x55f8307dcb28 <unknown>\n#11 0x55f8307e087f <unknown>\n#12 0x55f8307c4c49 <unknown>\n#13 0x55f8307e1405 <unknown>\n#14 0x55f8307aa4ff <unknown>\n#15 0x55f830805258 <unknown>\n#16 0x55f830805432 <unknown>\n#17 0x55f830816fa3 <unknown>\n#18 0x7ff1b309caa4 <unknown>\n#19 0x7ff1b3129c6c <unknown>",
        "time" : {
          "start" : 1761040026695,
          "stop" : 1761040037101,
          "duration" : 10406
        }
      }, {
        "uid" : "6ef856dbb7345fc2",
        "reportUrl" : "https://Brain-up.github.io/auto-tests-python/718//#testresult/6ef856dbb7345fc2",
        "status" : "skipped",
        "statusDetails" : "XFAIL\n\nselenium.common.exceptions.TimeoutException: Message: Can't find element by locator ('xpath', '//button[@data-test-active-link=\"Words\"]')\nStacktrace:\n#0 0x556f9b6e667a <unknown>\n#1 0x556f9b165566 <unknown>\n#2 0x556f9b1b768d <unknown>\n#3 0x556f9b1b7921 <unknown>\n#4 0x556f9b205e94 <unknown>\n#5 0x556f9b1dd65d <unknown>\n#6 0x556f9b203328 <unknown>\n#7 0x556f9b1dd403 <unknown>\n#8 0x556f9b1a9b02 <unknown>\n#9 0x556f9b1aa7c1 <unknown>\n#10 0x556f9b6aa448 <unknown>\n#11 0x556f9b6ae2af <unknown>\n#12 0x556f9b6918d9 <unknown>\n#13 0x556f9b6aee55 <unknown>\n#14 0x556f9b67713f <unknown>\n#15 0x556f9b6d34b8 <unknown>\n#16 0x556f9b6d3693 <unknown>\n#17 0x556f9b6e5613 <unknown>\n#18 0x7fe91ae9caa4 <unknown>\n#19 0x7fe91af29c6c <unknown>",
        "time" : {
          "start" : 1760956721982,
          "stop" : 1760956732350,
          "duration" : 10368
        }
      }, {
        "uid" : "1b962947b9407b34",
        "reportUrl" : "https://Brain-up.github.io/auto-tests-python/717//#testresult/1b962947b9407b34",
        "status" : "skipped",
        "statusDetails" : "XFAIL\n\nselenium.common.exceptions.TimeoutException: Message: Can't find element by locator ('xpath', '//button[@data-test-active-link=\"Words\"]')\nStacktrace:\n#0 0x561a6151967a <unknown>\n#1 0x561a60f98566 <unknown>\n#2 0x561a60fea68d <unknown>\n#3 0x561a60fea921 <unknown>\n#4 0x561a61038e94 <unknown>\n#5 0x561a6101065d <unknown>\n#6 0x561a61036328 <unknown>\n#7 0x561a61010403 <unknown>\n#8 0x561a60fdcb02 <unknown>\n#9 0x561a60fdd7c1 <unknown>\n#10 0x561a614dd448 <unknown>\n#11 0x561a614e12af <unknown>\n#12 0x561a614c48d9 <unknown>\n#13 0x561a614e1e55 <unknown>\n#14 0x561a614aa13f <unknown>\n#15 0x561a615064b8 <unknown>\n#16 0x561a61506693 <unknown>\n#17 0x561a61518613 <unknown>\n#18 0x7fd02e09caa4 <unknown>\n#19 0x7fd02e129c6c <unknown>",
        "time" : {
          "start" : 1760876803783,
          "stop" : 1760876816053,
          "duration" : 12270
        }
      }, {
        "uid" : "2c0d63269f242c32",
        "reportUrl" : "https://Brain-up.github.io/auto-tests-python/716//#testresult/2c0d63269f242c32",
        "status" : "skipped",
        "statusDetails" : "XFAIL\n\nselenium.common.exceptions.TimeoutException: Message: Can't find element by locator ('xpath', '//button[@data-test-active-link=\"Words\"]')\nStacktrace:\n#0 0x55a109e2967a <unknown>\n#1 0x55a1098a8566 <unknown>\n#2 0x55a1098fa68d <unknown>\n#3 0x55a1098fa921 <unknown>\n#4 0x55a109948e94 <unknown>\n#5 0x55a10992065d <unknown>\n#6 0x55a109946328 <unknown>\n#7 0x55a109920403 <unknown>\n#8 0x55a1098ecb02 <unknown>\n#9 0x55a1098ed7c1 <unknown>\n#10 0x55a109ded448 <unknown>\n#11 0x55a109df12af <unknown>\n#12 0x55a109dd48d9 <unknown>\n#13 0x55a109df1e55 <unknown>\n#14 0x55a109dba13f <unknown>\n#15 0x55a109e164b8 <unknown>\n#16 0x55a109e16693 <unknown>\n#17 0x55a109e28613 <unknown>\n#18 0x7f0c55c9caa4 <unknown>\n#19 0x7f0c55d29c6c <unknown>",
        "time" : {
          "start" : 1760786205236,
          "stop" : 1760786215625,
          "duration" : 10389
        }
      }, {
        "uid" : "db9f537c28522fda",
        "reportUrl" : "https://Brain-up.github.io/auto-tests-python/715//#testresult/db9f537c28522fda",
        "status" : "skipped",
        "statusDetails" : "XFAIL\n\nselenium.common.exceptions.TimeoutException: Message: Can't find element by locator ('xpath', '//button[@data-test-active-link=\"Words\"]')\nStacktrace:\n#0 0x5654e5fcafba <unknown>\n#1 0x5654e5a4f6d0 <unknown>\n#2 0x5654e5aa12aa <unknown>\n#3 0x5654e5aa1541 <unknown>\n#4 0x5654e5aef6c4 <unknown>\n#5 0x5654e5ac6e5d <unknown>\n#6 0x5654e5aecb54 <unknown>\n#7 0x5654e5ac6c03 <unknown>\n#8 0x5654e5a937a8 <unknown>\n#9 0x5654e5a94421 <unknown>\n#10 0x5654e5f8fb28 <unknown>\n#11 0x5654e5f9387f <unknown>\n#12 0x5654e5f77c49 <unknown>\n#13 0x5654e5f94405 <unknown>\n#14 0x5654e5f5d4ff <unknown>\n#15 0x5654e5fb8258 <unknown>\n#16 0x5654e5fb8432 <unknown>\n#17 0x5654e5fc9fa3 <unknown>\n#18 0x7ff73ba9caa4 <unknown>\n#19 0x7ff73bb29c6c <unknown>",
        "time" : {
          "start" : 1760651924060,
          "stop" : 1760651934406,
          "duration" : 10346
        }
      }, {
        "uid" : "bb926d159936cdcc",
        "reportUrl" : "https://Brain-up.github.io/auto-tests-python/714//#testresult/bb926d159936cdcc",
        "status" : "skipped",
        "statusDetails" : "XFAIL\n\nselenium.common.exceptions.TimeoutException: Message: Can't find element by locator ('xpath', '//button[@data-test-active-link=\"Words\"]')\nStacktrace:\n#0 0x556d1cb5a67a <unknown>\n#1 0x556d1c5d9566 <unknown>\n#2 0x556d1c62b68d <unknown>\n#3 0x556d1c62b921 <unknown>\n#4 0x556d1c679e94 <unknown>\n#5 0x556d1c65165d <unknown>\n#6 0x556d1c677328 <unknown>\n#7 0x556d1c651403 <unknown>\n#8 0x556d1c61db02 <unknown>\n#9 0x556d1c61e7c1 <unknown>\n#10 0x556d1cb1e448 <unknown>\n#11 0x556d1cb222af <unknown>\n#12 0x556d1cb058d9 <unknown>\n#13 0x556d1cb22e55 <unknown>\n#14 0x556d1caeb13f <unknown>\n#15 0x556d1cb474b8 <unknown>\n#16 0x556d1cb47693 <unknown>\n#17 0x556d1cb59613 <unknown>\n#18 0x7ff301a9caa4 <unknown>\n#19 0x7ff301b29c6c <unknown>",
        "time" : {
          "start" : 1760647378527,
          "stop" : 1760647388871,
          "duration" : 10344
        }
      }, {
        "uid" : "16eada13c4bb111a",
        "reportUrl" : "https://Brain-up.github.io/auto-tests-python/713//#testresult/16eada13c4bb111a",
        "status" : "skipped",
        "statusDetails" : "XFAIL\n\nselenium.common.exceptions.TimeoutException: Message: Can't find element by locator ('xpath', '//button[@data-test-active-link=\"Words\"]')\nStacktrace:\n#0 0x5592aa535fba <unknown>\n#1 0x5592a9fba6d0 <unknown>\n#2 0x5592aa00c2aa <unknown>\n#3 0x5592aa00c541 <unknown>\n#4 0x5592aa05a6c4 <unknown>\n#5 0x5592aa031e5d <unknown>\n#6 0x5592aa057b54 <unknown>\n#7 0x5592aa031c03 <unknown>\n#8 0x5592a9ffe7a8 <unknown>\n#9 0x5592a9fff421 <unknown>\n#10 0x5592aa4fab28 <unknown>\n#11 0x5592aa4fe87f <unknown>\n#12 0x5592aa4e2c49 <unknown>\n#13 0x5592aa4ff405 <unknown>\n#14 0x5592aa4c84ff <unknown>\n#15 0x5592aa523258 <unknown>\n#16 0x5592aa523432 <unknown>\n#17 0x5592aa534fa3 <unknown>\n#18 0x7f5a2e29caa4 <unknown>\n#19 0x7f5a2e329c6c <unknown>",
        "time" : {
          "start" : 1760525446704,
          "stop" : 1760525457064,
          "duration" : 10360
        }
      }, {
        "uid" : "66e823ba322d921b",
        "reportUrl" : "https://Brain-up.github.io/auto-tests-python/712//#testresult/66e823ba322d921b",
        "status" : "skipped",
        "statusDetails" : "XFAIL\n\nselenium.common.exceptions.TimeoutException: Message: Can't find element by locator ('xpath', '//button[@data-test-active-link=\"Words\"]')\nStacktrace:\n#0 0x55ba9eefdfba <unknown>\n#1 0x55ba9e9826d0 <unknown>\n#2 0x55ba9e9d42aa <unknown>\n#3 0x55ba9e9d4541 <unknown>\n#4 0x55ba9ea226c4 <unknown>\n#5 0x55ba9e9f9e5d <unknown>\n#6 0x55ba9ea1fb54 <unknown>\n#7 0x55ba9e9f9c03 <unknown>\n#8 0x55ba9e9c67a8 <unknown>\n#9 0x55ba9e9c7421 <unknown>\n#10 0x55ba9eec2b28 <unknown>\n#11 0x55ba9eec687f <unknown>\n#12 0x55ba9eeaac49 <unknown>\n#13 0x55ba9eec7405 <unknown>\n#14 0x55ba9ee904ff <unknown>\n#15 0x55ba9eeeb258 <unknown>\n#16 0x55ba9eeeb432 <unknown>\n#17 0x55ba9eefcfa3 <unknown>\n#18 0x7fd83029caa4 <unknown>\n#19 0x7fd830329c6c <unknown>",
        "time" : {
          "start" : 1760437486820,
          "stop" : 1760437497192,
          "duration" : 10372
        }
      }, {
        "uid" : "a1057187663d0a47",
        "reportUrl" : "https://Brain-up.github.io/auto-tests-python/711//#testresult/a1057187663d0a47",
        "status" : "skipped",
        "statusDetails" : "XFAIL\n\nselenium.common.exceptions.TimeoutException: Message: Can't find element by locator ('xpath', '//button[@data-test-active-link=\"Words\"]')\nStacktrace:\n#0 0x55d1b973cfba <unknown>\n#1 0x55d1b91c16d0 <unknown>\n#2 0x55d1b92132aa <unknown>\n#3 0x55d1b9213541 <unknown>\n#4 0x55d1b92616c4 <unknown>\n#5 0x55d1b9238e5d <unknown>\n#6 0x55d1b925eb54 <unknown>\n#7 0x55d1b9238c03 <unknown>\n#8 0x55d1b92057a8 <unknown>\n#9 0x55d1b9206421 <unknown>\n#10 0x55d1b9701b28 <unknown>\n#11 0x55d1b970587f <unknown>\n#12 0x55d1b96e9c49 <unknown>\n#13 0x55d1b9706405 <unknown>\n#14 0x55d1b96cf4ff <unknown>\n#15 0x55d1b972a258 <unknown>\n#16 0x55d1b972a432 <unknown>\n#17 0x55d1b973bfa3 <unknown>\n#18 0x7f5a2729caa4 <unknown>\n#19 0x7f5a27329c6c <unknown>",
        "time" : {
          "start" : 1760305197130,
          "stop" : 1760305207561,
          "duration" : 10431
        }
      }, {
        "uid" : "c21d26ec255330b1",
        "reportUrl" : "https://Brain-up.github.io/auto-tests-python/710//#testresult/c21d26ec255330b1",
        "status" : "skipped",
        "statusDetails" : "XFAIL\n\nselenium.common.exceptions.TimeoutException: Message: Can't find element by locator ('xpath', '//button[@data-test-active-link=\"Words\"]')\nStacktrace:\n#0 0x55f3148dffba <unknown>\n#1 0x55f3143646d0 <unknown>\n#2 0x55f3143b62aa <unknown>\n#3 0x55f3143b6541 <unknown>\n#4 0x55f3144046c4 <unknown>\n#5 0x55f3143dbe5d <unknown>\n#6 0x55f314401b54 <unknown>\n#7 0x55f3143dbc03 <unknown>\n#8 0x55f3143a87a8 <unknown>\n#9 0x55f3143a9421 <unknown>\n#10 0x55f3148a4b28 <unknown>\n#11 0x55f3148a887f <unknown>\n#12 0x55f31488cc49 <unknown>\n#13 0x55f3148a9405 <unknown>\n#14 0x55f3148724ff <unknown>\n#15 0x55f3148cd258 <unknown>\n#16 0x55f3148cd432 <unknown>\n#17 0x55f3148defa3 <unknown>\n#18 0x7f161ec9caa4 <unknown>\n#19 0x7f161ed29c6c <unknown>",
        "time" : {
          "start" : 1760298458802,
          "stop" : 1760298469150,
          "duration" : 10348
        }
      }, {
        "uid" : "28bb24347bbde92",
        "reportUrl" : "https://Brain-up.github.io/auto-tests-python/709//#testresult/28bb24347bbde92",
        "status" : "skipped",
        "statusDetails" : "XFAIL\n\nselenium.common.exceptions.TimeoutException: Message: Can't find element by locator ('xpath', '//button[@data-test-active-link=\"Words\"]')\nStacktrace:\n#0 0x563a452f7fba <unknown>\n#1 0x563a44d7c6d0 <unknown>\n#2 0x563a44dce2aa <unknown>\n#3 0x563a44dce541 <unknown>\n#4 0x563a44e1c6c4 <unknown>\n#5 0x563a44df3e5d <unknown>\n#6 0x563a44e19b54 <unknown>\n#7 0x563a44df3c03 <unknown>\n#8 0x563a44dc07a8 <unknown>\n#9 0x563a44dc1421 <unknown>\n#10 0x563a452bcb28 <unknown>\n#11 0x563a452c087f <unknown>\n#12 0x563a452a4c49 <unknown>\n#13 0x563a452c1405 <unknown>\n#14 0x563a4528a4ff <unknown>\n#15 0x563a452e5258 <unknown>\n#16 0x563a452e5432 <unknown>\n#17 0x563a452f6fa3 <unknown>\n#18 0x7f927749caa4 <unknown>\n#19 0x7f9277529c6c <unknown>",
        "time" : {
          "start" : 1760132883204,
          "stop" : 1760132893498,
          "duration" : 10294
        }
      }, {
        "uid" : "9d051a172ef1b631",
        "reportUrl" : "https://Brain-up.github.io/auto-tests-python/708//#testresult/9d051a172ef1b631",
        "status" : "skipped",
        "statusDetails" : "XFAIL\n\nselenium.common.exceptions.TimeoutException: Message: Can't find element by locator ('xpath', '//button[@data-test-active-link=\"Words\"]')\nStacktrace:\n#0 0x5617a455afba <unknown>\n#1 0x5617a3fdf6d0 <unknown>\n#2 0x5617a40312aa <unknown>\n#3 0x5617a4031541 <unknown>\n#4 0x5617a407f6c4 <unknown>\n#5 0x5617a4056e5d <unknown>\n#6 0x5617a407cb54 <unknown>\n#7 0x5617a4056c03 <unknown>\n#8 0x5617a40237a8 <unknown>\n#9 0x5617a4024421 <unknown>\n#10 0x5617a451fb28 <unknown>\n#11 0x5617a452387f <unknown>\n#12 0x5617a4507c49 <unknown>\n#13 0x5617a4524405 <unknown>\n#14 0x5617a44ed4ff <unknown>\n#15 0x5617a4548258 <unknown>\n#16 0x5617a4548432 <unknown>\n#17 0x5617a4559fa3 <unknown>\n#18 0x7f0d4669caa4 <unknown>\n#19 0x7f0d46729c6c <unknown>",
        "time" : {
          "start" : 1760097036252,
          "stop" : 1760097046595,
          "duration" : 10343
        }
      }, {
        "uid" : "270989f10d40a7b2",
        "reportUrl" : "https://Brain-up.github.io/auto-tests-python/707//#testresult/270989f10d40a7b2",
        "status" : "skipped",
        "statusDetails" : "XFAIL\n\nselenium.common.exceptions.TimeoutException: Message: Can't find element by locator ('xpath', '//button[@data-test-active-link=\"Words\"]')\nStacktrace:\n#0 0x55675506afba <unknown>\n#1 0x556754aef6d0 <unknown>\n#2 0x556754b412aa <unknown>\n#3 0x556754b41541 <unknown>\n#4 0x556754b8f6c4 <unknown>\n#5 0x556754b66e5d <unknown>\n#6 0x556754b8cb54 <unknown>\n#7 0x556754b66c03 <unknown>\n#8 0x556754b337a8 <unknown>\n#9 0x556754b34421 <unknown>\n#10 0x55675502fb28 <unknown>\n#11 0x55675503387f <unknown>\n#12 0x556755017c49 <unknown>\n#13 0x556755034405 <unknown>\n#14 0x556754ffd4ff <unknown>\n#15 0x556755058258 <unknown>\n#16 0x556755058432 <unknown>\n#17 0x556755069fa3 <unknown>\n#18 0x7f617dc9caa4 <unknown>\n#19 0x7f617dd29c6c <unknown>",
        "time" : {
          "start" : 1760031182660,
          "stop" : 1760031193006,
          "duration" : 10346
        }
      }, {
        "uid" : "be272610fd3ab30c",
        "reportUrl" : "https://Brain-up.github.io/auto-tests-python/706//#testresult/be272610fd3ab30c",
        "status" : "skipped",
        "statusDetails" : "XFAIL\n\nselenium.common.exceptions.TimeoutException: Message: Can't find element by locator ('xpath', '//button[@data-test-active-link=\"Words\"]')\nStacktrace:\n#0 0x55dc8675dfba <unknown>\n#1 0x55dc861e26d0 <unknown>\n#2 0x55dc862342aa <unknown>\n#3 0x55dc86234541 <unknown>\n#4 0x55dc862826c4 <unknown>\n#5 0x55dc86259e5d <unknown>\n#6 0x55dc8627fb54 <unknown>\n#7 0x55dc86259c03 <unknown>\n#8 0x55dc862267a8 <unknown>\n#9 0x55dc86227421 <unknown>\n#10 0x55dc86722b28 <unknown>\n#11 0x55dc8672687f <unknown>\n#12 0x55dc8670ac49 <unknown>\n#13 0x55dc86727405 <unknown>\n#14 0x55dc866f04ff <unknown>\n#15 0x55dc8674b258 <unknown>\n#16 0x55dc8674b432 <unknown>\n#17 0x55dc8675cfa3 <unknown>\n#18 0x7f68a949caa4 <unknown>\n#19 0x7f68a9529c6c <unknown>",
        "time" : {
          "start" : 1759918616559,
          "stop" : 1759918626956,
          "duration" : 10397
        }
      }, {
        "uid" : "899a5d8668a66c31",
        "reportUrl" : "https://Brain-up.github.io/auto-tests-python/705//#testresult/899a5d8668a66c31",
        "status" : "skipped",
        "statusDetails" : "XFAIL\n\nselenium.common.exceptions.TimeoutException: Message: Can't find element by locator ('xpath', '//button[@data-test-active-link=\"Words\"]')\nStacktrace:\n#0 0x5601b8f50fba <unknown>\n#1 0x5601b89d56d0 <unknown>\n#2 0x5601b8a272aa <unknown>\n#3 0x5601b8a27541 <unknown>\n#4 0x5601b8a756c4 <unknown>\n#5 0x5601b8a4ce5d <unknown>\n#6 0x5601b8a72b54 <unknown>\n#7 0x5601b8a4cc03 <unknown>\n#8 0x5601b8a197a8 <unknown>\n#9 0x5601b8a1a421 <unknown>\n#10 0x5601b8f15b28 <unknown>\n#11 0x5601b8f1987f <unknown>\n#12 0x5601b8efdc49 <unknown>\n#13 0x5601b8f1a405 <unknown>\n#14 0x5601b8ee34ff <unknown>\n#15 0x5601b8f3e258 <unknown>\n#16 0x5601b8f3e432 <unknown>\n#17 0x5601b8f4ffa3 <unknown>\n#18 0x7f99fe29caa4 <unknown>\n#19 0x7f99fe329c6c <unknown>",
        "time" : {
          "start" : 1759833463904,
          "stop" : 1759833474252,
          "duration" : 10348
        }
      }, {
        "uid" : "bd15132864695e35",
        "reportUrl" : "https://Brain-up.github.io/auto-tests-python/704//#testresult/bd15132864695e35",
        "status" : "skipped",
        "statusDetails" : "XFAIL\n\nselenium.common.exceptions.TimeoutException: Message: Can't find element by locator ('xpath', '//button[@data-test-active-link=\"Words\"]')\nStacktrace:\n#0 0x55d9267e0fba <unknown>\n#1 0x55d9262656d0 <unknown>\n#2 0x55d9262b72aa <unknown>\n#3 0x55d9262b7541 <unknown>\n#4 0x55d9263056c4 <unknown>\n#5 0x55d9262dce5d <unknown>\n#6 0x55d926302b54 <unknown>\n#7 0x55d9262dcc03 <unknown>\n#8 0x55d9262a97a8 <unknown>\n#9 0x55d9262aa421 <unknown>\n#10 0x55d9267a5b28 <unknown>\n#11 0x55d9267a987f <unknown>\n#12 0x55d92678dc49 <unknown>\n#13 0x55d9267aa405 <unknown>\n#14 0x55d9267734ff <unknown>\n#15 0x55d9267ce258 <unknown>\n#16 0x55d9267ce432 <unknown>\n#17 0x55d9267dffa3 <unknown>\n#18 0x7f016ec9caa4 <unknown>\n#19 0x7f016ed29c6c <unknown>",
        "time" : {
          "start" : 1759751116721,
          "stop" : 1759751127080,
          "duration" : 10359
        }
      } ]
    },
    "tags" : [ "@pytest.mark.xfail" ]
  },
  "source" : "7b48195129f2ea77.json",
  "parameterValues" : [ ]
}