{
  "uid" : "bb926d159936cdcc",
  "name" : "Check progres-bar and buttons.",
  "fullName" : "tests.test_speech_exercises_en.TestCardsEN#test_progress_bar_is_present_en",
  "historyId" : "efb827312bdd34b296637645e49b0897",
  "time" : {
    "start" : 1760647378527,
    "stop" : 1760647388871,
    "duration" : 10344
  },
  "status" : "skipped",
  "statusMessage" : "XFAIL\n\nselenium.common.exceptions.TimeoutException: Message: Can't find element by locator ('xpath', '//button[@data-test-active-link=\"Words\"]')\nStacktrace:\n#0 0x556d1cb5a67a <unknown>\n#1 0x556d1c5d9566 <unknown>\n#2 0x556d1c62b68d <unknown>\n#3 0x556d1c62b921 <unknown>\n#4 0x556d1c679e94 <unknown>\n#5 0x556d1c65165d <unknown>\n#6 0x556d1c677328 <unknown>\n#7 0x556d1c651403 <unknown>\n#8 0x556d1c61db02 <unknown>\n#9 0x556d1c61e7c1 <unknown>\n#10 0x556d1cb1e448 <unknown>\n#11 0x556d1cb222af <unknown>\n#12 0x556d1cb058d9 <unknown>\n#13 0x556d1cb22e55 <unknown>\n#14 0x556d1caeb13f <unknown>\n#15 0x556d1cb474b8 <unknown>\n#16 0x556d1cb47693 <unknown>\n#17 0x556d1cb59613 <unknown>\n#18 0x7ff301a9caa4 <unknown>\n#19 0x7ff301b29c6c <unknown>",
  "statusTrace" : "self = <tests.test_speech_exercises_en.TestCardsEN object at 0x7f7739282a20>\ndriver = <selenium.webdriver.chrome.webdriver.WebDriver (session=\"15966631538674913fd487ef7f7d0360\")>\nspecialist_user_authorized = None\n\n    @pytest.mark.xfail\n    @allure.suite(\"Speech exercises EN.\")\n    @allure.title('Check progres-bar and buttons.')\n    def test_progress_bar_is_present_en(self, driver, specialist_user_authorized):\n        page = SpeechExercisesPage(driver)\n>       page.select_group(SpeechExercisesPageLocators.WORDS_BUTTON_EN)\n\ntests/test_speech_exercises_en.py:34: \n_ _ _ _ _ _ _ _ _ _ _ _ _ _ _ _ _ _ _ _ _ _ _ _ _ _ _ _ _ _ _ _ _ _ _ _ _ _ _ _ \npages/speech_exercises_page_en.py:18: in select_group\n    text_of_the_button = self.element_is_present_and_clickable(selector_for_sub_group)\npages/base_page.py:40: in element_is_present_and_clickable\n    return (Wait(self.driver, self.timeout).until(\n_ _ _ _ _ _ _ _ _ _ _ _ _ _ _ _ _ _ _ _ _ _ _ _ _ _ _ _ _ _ _ _ _ _ _ _ _ _ _ _ \n\nself = <selenium.webdriver.support.wait.WebDriverWait (session=\"15966631538674913fd487ef7f7d0360\")>\nmethod = <function visibility_of_element_located.<locals>._predicate at 0x7f77391b2340>\nmessage = 'Can\\'t find element by locator (\\'xpath\\', \\'//button[@data-test-active-link=\"Words\"]\\')'\n\n    def until(self, method, message: str = \"\"):\n        \"\"\"Calls the method provided with the driver as an argument until the \\\n        return value does not evaluate to ``False``.\n    \n        :param method: callable(WebDriver)\n        :param message: optional message for :exc:`TimeoutException`\n        :returns: the result of the last call to `method`\n        :raises: :exc:`selenium.common.exceptions.TimeoutException` if timeout occurs\n        \"\"\"\n        screen = None\n        stacktrace = None\n    \n        end_time = time.monotonic() + self._timeout\n        while True:\n            try:\n                value = method(self._driver)\n                if value:\n                    return value\n            except self._ignored_exceptions as exc:\n                screen = getattr(exc, \"screen\", None)\n                stacktrace = getattr(exc, \"stacktrace\", None)\n            time.sleep(self._poll)\n            if time.monotonic() > end_time:\n                break\n>       raise TimeoutException(message, screen, stacktrace)\nE       selenium.common.exceptions.TimeoutException: Message: Can't find element by locator ('xpath', '//button[@data-test-active-link=\"Words\"]')\nE       Stacktrace:\nE       #0 0x556d1cb5a67a <unknown>\nE       #1 0x556d1c5d9566 <unknown>\nE       #2 0x556d1c62b68d <unknown>\nE       #3 0x556d1c62b921 <unknown>\nE       #4 0x556d1c679e94 <unknown>\nE       #5 0x556d1c65165d <unknown>\nE       #6 0x556d1c677328 <unknown>\nE       #7 0x556d1c651403 <unknown>\nE       #8 0x556d1c61db02 <unknown>\nE       #9 0x556d1c61e7c1 <unknown>\nE       #10 0x556d1cb1e448 <unknown>\nE       #11 0x556d1cb222af <unknown>\nE       #12 0x556d1cb058d9 <unknown>\nE       #13 0x556d1cb22e55 <unknown>\nE       #14 0x556d1caeb13f <unknown>\nE       #15 0x556d1cb474b8 <unknown>\nE       #16 0x556d1cb47693 <unknown>\nE       #17 0x556d1cb59613 <unknown>\nE       #18 0x7ff301a9caa4 <unknown>\nE       #19 0x7ff301b29c6c <unknown>\n\n/opt/hostedtoolcache/Python/3.12.12/x64/lib/python3.12/site-packages/selenium/webdriver/support/wait.py:95: TimeoutException",
  "flaky" : false,
  "newFailed" : false,
  "beforeStages" : [ {
    "name" : "specialist_user_authorized",
    "time" : {
      "start" : 1760647376100,
      "stop" : 1760647378527,
      "duration" : 2427
    },
    "status" : "passed",
    "steps" : [ {
      "name" : "USER specialist authorized",
      "time" : {
        "start" : 1760647376100,
        "stop" : 1760647378527,
        "duration" : 2427
      },
      "status" : "passed",
      "steps" : [ {
        "name" : "Check url is present: https://www.brainup.site/groups",
        "time" : {
          "start" : 1760647376486,
          "stop" : 1760647378505,
          "duration" : 2019
        },
        "status" : "passed",
        "steps" : [ ],
        "attachments" : [ ],
        "parameters" : [ ],
        "stepsCount" : 0,
        "attachmentsCount" : 0,
        "shouldDisplayMessage" : false,
        "hasContent" : false
      }, {
        "name" : "Loader checking",
        "time" : {
          "start" : 1760647378505,
          "stop" : 1760647378527,
          "duration" : 22
        },
        "status" : "passed",
        "steps" : [ ],
        "attachments" : [ ],
        "parameters" : [ ],
        "stepsCount" : 0,
        "attachmentsCount" : 0,
        "shouldDisplayMessage" : false,
        "hasContent" : false
      } ],
      "attachments" : [ ],
      "parameters" : [ {
        "name" : "driver",
        "value" : "<selenium.webdriver.chrome.webdriver.WebDriver (session=\"15966631538674913fd487ef7f7d0360\")>"
      }, {
        "name" : "main_page_open",
        "value" : "None"
      } ],
      "stepsCount" : 2,
      "attachmentsCount" : 0,
      "shouldDisplayMessage" : false,
      "hasContent" : true
    } ],
    "attachments" : [ ],
    "parameters" : [ ],
    "stepsCount" : 3,
    "attachmentsCount" : 0,
    "shouldDisplayMessage" : false,
    "hasContent" : true
  }, {
    "name" : "clear_allure_results_folder",
    "time" : {
      "start" : 1760646185588,
      "stop" : 1760646185589,
      "duration" : 1
    },
    "status" : "passed",
    "steps" : [ ],
    "attachments" : [ ],
    "parameters" : [ ],
    "stepsCount" : 0,
    "attachmentsCount" : 0,
    "shouldDisplayMessage" : false,
    "hasContent" : false
  }, {
    "name" : "main_page_open",
    "time" : {
      "start" : 1760647373327,
      "stop" : 1760647376100,
      "duration" : 2773
    },
    "status" : "passed",
    "steps" : [ {
      "name" : "Open page: https://www.brainup.site/",
      "time" : {
        "start" : 1760647373327,
        "stop" : 1760647376100,
        "duration" : 2773
      },
      "status" : "passed",
      "steps" : [ ],
      "attachments" : [ ],
      "parameters" : [ {
        "name" : "driver",
        "value" : "<selenium.webdriver.chrome.webdriver.WebDriver (session=\"15966631538674913fd487ef7f7d0360\")>"
      } ],
      "stepsCount" : 0,
      "attachmentsCount" : 0,
      "shouldDisplayMessage" : false,
      "hasContent" : true
    } ],
    "attachments" : [ ],
    "parameters" : [ ],
    "stepsCount" : 1,
    "attachmentsCount" : 0,
    "shouldDisplayMessage" : false,
    "hasContent" : true
  }, {
    "name" : "driver",
    "time" : {
      "start" : 1760647372578,
      "stop" : 1760647373327,
      "duration" : 749
    },
    "status" : "passed",
    "steps" : [ ],
    "attachments" : [ ],
    "parameters" : [ ],
    "stepsCount" : 0,
    "attachmentsCount" : 0,
    "shouldDisplayMessage" : false,
    "hasContent" : false
  } ],
  "testStage" : {
    "status" : "skipped",
    "statusMessage" : "XFAIL\n\nselenium.common.exceptions.TimeoutException: Message: Can't find element by locator ('xpath', '//button[@data-test-active-link=\"Words\"]')\nStacktrace:\n#0 0x556d1cb5a67a <unknown>\n#1 0x556d1c5d9566 <unknown>\n#2 0x556d1c62b68d <unknown>\n#3 0x556d1c62b921 <unknown>\n#4 0x556d1c679e94 <unknown>\n#5 0x556d1c65165d <unknown>\n#6 0x556d1c677328 <unknown>\n#7 0x556d1c651403 <unknown>\n#8 0x556d1c61db02 <unknown>\n#9 0x556d1c61e7c1 <unknown>\n#10 0x556d1cb1e448 <unknown>\n#11 0x556d1cb222af <unknown>\n#12 0x556d1cb058d9 <unknown>\n#13 0x556d1cb22e55 <unknown>\n#14 0x556d1caeb13f <unknown>\n#15 0x556d1cb474b8 <unknown>\n#16 0x556d1cb47693 <unknown>\n#17 0x556d1cb59613 <unknown>\n#18 0x7ff301a9caa4 <unknown>\n#19 0x7ff301b29c6c <unknown>",
    "statusTrace" : "self = <tests.test_speech_exercises_en.TestCardsEN object at 0x7f7739282a20>\ndriver = <selenium.webdriver.chrome.webdriver.WebDriver (session=\"15966631538674913fd487ef7f7d0360\")>\nspecialist_user_authorized = None\n\n    @pytest.mark.xfail\n    @allure.suite(\"Speech exercises EN.\")\n    @allure.title('Check progres-bar and buttons.')\n    def test_progress_bar_is_present_en(self, driver, specialist_user_authorized):\n        page = SpeechExercisesPage(driver)\n>       page.select_group(SpeechExercisesPageLocators.WORDS_BUTTON_EN)\n\ntests/test_speech_exercises_en.py:34: \n_ _ _ _ _ _ _ _ _ _ _ _ _ _ _ _ _ _ _ _ _ _ _ _ _ _ _ _ _ _ _ _ _ _ _ _ _ _ _ _ \npages/speech_exercises_page_en.py:18: in select_group\n    text_of_the_button = self.element_is_present_and_clickable(selector_for_sub_group)\npages/base_page.py:40: in element_is_present_and_clickable\n    return (Wait(self.driver, self.timeout).until(\n_ _ _ _ _ _ _ _ _ _ _ _ _ _ _ _ _ _ _ _ _ _ _ _ _ _ _ _ _ _ _ _ _ _ _ _ _ _ _ _ \n\nself = <selenium.webdriver.support.wait.WebDriverWait (session=\"15966631538674913fd487ef7f7d0360\")>\nmethod = <function visibility_of_element_located.<locals>._predicate at 0x7f77391b2340>\nmessage = 'Can\\'t find element by locator (\\'xpath\\', \\'//button[@data-test-active-link=\"Words\"]\\')'\n\n    def until(self, method, message: str = \"\"):\n        \"\"\"Calls the method provided with the driver as an argument until the \\\n        return value does not evaluate to ``False``.\n    \n        :param method: callable(WebDriver)\n        :param message: optional message for :exc:`TimeoutException`\n        :returns: the result of the last call to `method`\n        :raises: :exc:`selenium.common.exceptions.TimeoutException` if timeout occurs\n        \"\"\"\n        screen = None\n        stacktrace = None\n    \n        end_time = time.monotonic() + self._timeout\n        while True:\n            try:\n                value = method(self._driver)\n                if value:\n                    return value\n            except self._ignored_exceptions as exc:\n                screen = getattr(exc, \"screen\", None)\n                stacktrace = getattr(exc, \"stacktrace\", None)\n            time.sleep(self._poll)\n            if time.monotonic() > end_time:\n                break\n>       raise TimeoutException(message, screen, stacktrace)\nE       selenium.common.exceptions.TimeoutException: Message: Can't find element by locator ('xpath', '//button[@data-test-active-link=\"Words\"]')\nE       Stacktrace:\nE       #0 0x556d1cb5a67a <unknown>\nE       #1 0x556d1c5d9566 <unknown>\nE       #2 0x556d1c62b68d <unknown>\nE       #3 0x556d1c62b921 <unknown>\nE       #4 0x556d1c679e94 <unknown>\nE       #5 0x556d1c65165d <unknown>\nE       #6 0x556d1c677328 <unknown>\nE       #7 0x556d1c651403 <unknown>\nE       #8 0x556d1c61db02 <unknown>\nE       #9 0x556d1c61e7c1 <unknown>\nE       #10 0x556d1cb1e448 <unknown>\nE       #11 0x556d1cb222af <unknown>\nE       #12 0x556d1cb058d9 <unknown>\nE       #13 0x556d1cb22e55 <unknown>\nE       #14 0x556d1caeb13f <unknown>\nE       #15 0x556d1cb474b8 <unknown>\nE       #16 0x556d1cb47693 <unknown>\nE       #17 0x556d1cb59613 <unknown>\nE       #18 0x7ff301a9caa4 <unknown>\nE       #19 0x7ff301b29c6c <unknown>\n\n/opt/hostedtoolcache/Python/3.12.12/x64/lib/python3.12/site-packages/selenium/webdriver/support/wait.py:95: TimeoutException",
    "steps" : [ {
      "name" : "select_group",
      "time" : {
        "start" : 1760647378528,
        "stop" : 1760647388870,
        "duration" : 10342
      },
      "status" : "broken",
      "statusMessage" : "selenium.common.exceptions.TimeoutException: Message: Can't find element by locator ('xpath', '//button[@data-test-active-link=\"Words\"]')\nStacktrace:\n#0 0x556d1cb5a67a <unknown>\n#1 0x556d1c5d9566 <unknown>\n#2 0x556d1c62b68d <unknown>\n#3 0x556d1c62b921 <unknown>\n#4 0x556d1c679e94 <unknown>\n#5 0x556d1c65165d <unknown>\n#6 0x556d1c677328 <unknown>\n#7 0x556d1c651403 <unknown>\n#8 0x556d1c61db02 <unknown>\n#9 0x556d1c61e7c1 <unknown>\n#10 0x556d1cb1e448 <unknown>\n#11 0x556d1cb222af <unknown>\n#12 0x556d1cb058d9 <unknown>\n#13 0x556d1cb22e55 <unknown>\n#14 0x556d1caeb13f <unknown>\n#15 0x556d1cb474b8 <unknown>\n#16 0x556d1cb47693 <unknown>\n#17 0x556d1cb59613 <unknown>\n#18 0x7ff301a9caa4 <unknown>\n#19 0x7ff301b29c6c <unknown>\n\n",
      "statusTrace" : "  File \"/opt/hostedtoolcache/Python/3.12.12/x64/lib/python3.12/site-packages/allure_commons/_allure.py\", line 192, in impl\n    return func(*a, **kw)\n           ^^^^^^^^^^^^^^\n  File \"/home/runner/work/auto-tests-python/auto-tests-python/pages/speech_exercises_page_en.py\", line 18, in select_group\n    text_of_the_button = self.element_is_present_and_clickable(selector_for_sub_group)\n                         ^^^^^^^^^^^^^^^^^^^^^^^^^^^^^^^^^^^^^^^^^^^^^^^^^^^^^^^^^^^^^\n  File \"/home/runner/work/auto-tests-python/auto-tests-python/pages/base_page.py\", line 40, in element_is_present_and_clickable\n    return (Wait(self.driver, self.timeout).until(\n            ^^^^^^^^^^^^^^^^^^^^^^^^^^^^^^^^^^^^^^\n  File \"/opt/hostedtoolcache/Python/3.12.12/x64/lib/python3.12/site-packages/selenium/webdriver/support/wait.py\", line 95, in until\n    raise TimeoutException(message, screen, stacktrace)\n",
      "steps" : [ {
        "name" : "Select Russian language. Click \"EN\" button.",
        "time" : {
          "start" : 1760647378528,
          "stop" : 1760647378604,
          "duration" : 76
        },
        "status" : "passed",
        "steps" : [ ],
        "attachments" : [ ],
        "parameters" : [ ],
        "stepsCount" : 0,
        "attachmentsCount" : 0,
        "shouldDisplayMessage" : false,
        "hasContent" : false
      }, {
        "name" : "Click button \"SPEECH EXERCISES\".",
        "time" : {
          "start" : 1760647378604,
          "stop" : 1760647378681,
          "duration" : 77
        },
        "status" : "passed",
        "steps" : [ ],
        "attachments" : [ ],
        "parameters" : [ ],
        "stepsCount" : 0,
        "attachmentsCount" : 0,
        "shouldDisplayMessage" : false,
        "hasContent" : false
      } ],
      "attachments" : [ ],
      "parameters" : [ {
        "name" : "selector_for_sub_group",
        "value" : "('xpath', '//button[@data-test-active-link=\"Words\"]')"
      } ],
      "stepsCount" : 2,
      "attachmentsCount" : 0,
      "shouldDisplayMessage" : true,
      "hasContent" : true
    } ],
    "attachments" : [ ],
    "parameters" : [ ],
    "stepsCount" : 3,
    "attachmentsCount" : 0,
    "shouldDisplayMessage" : true,
    "hasContent" : true
  },
  "afterStages" : [ {
    "name" : "driver::0",
    "time" : {
      "start" : 1760647388881,
      "stop" : 1760647388949,
      "duration" : 68
    },
    "status" : "passed",
    "steps" : [ ],
    "attachments" : [ ],
    "parameters" : [ ],
    "stepsCount" : 0,
    "attachmentsCount" : 0,
    "shouldDisplayMessage" : false,
    "hasContent" : false
  } ],
  "labels" : [ {
    "name" : "epic",
    "value" : "Speech exercises."
  }, {
    "name" : "suite",
    "value" : "Speech exercises EN."
  }, {
    "name" : "tag",
    "value" : "@pytest.mark.xfail"
  }, {
    "name" : "parentSuite",
    "value" : "tests"
  }, {
    "name" : "subSuite",
    "value" : "TestCardsEN"
  }, {
    "name" : "host",
    "value" : "runnervmzdgdc"
  }, {
    "name" : "thread",
    "value" : "2524-MainThread"
  }, {
    "name" : "framework",
    "value" : "pytest"
  }, {
    "name" : "language",
    "value" : "cpython3"
  }, {
    "name" : "package",
    "value" : "tests.test_speech_exercises_en"
  }, {
    "name" : "resultFormat",
    "value" : "allure2"
  } ],
  "parameters" : [ ],
  "links" : [ ],
  "hidden" : false,
  "retry" : false,
  "extra" : {
    "severity" : "normal",
    "retries" : [ ],
    "categories" : [ ],
    "history" : {
      "statistic" : {
        "failed" : 0,
        "broken" : 0,
        "skipped" : 340,
        "passed" : 7,
        "unknown" : 0,
        "total" : 347
      },
      "items" : [ {
        "uid" : "16eada13c4bb111a",
        "reportUrl" : "https://Brain-up.github.io/auto-tests-python/713//#testresult/16eada13c4bb111a",
        "status" : "skipped",
        "statusDetails" : "XFAIL\n\nselenium.common.exceptions.TimeoutException: Message: Can't find element by locator ('xpath', '//button[@data-test-active-link=\"Words\"]')\nStacktrace:\n#0 0x5592aa535fba <unknown>\n#1 0x5592a9fba6d0 <unknown>\n#2 0x5592aa00c2aa <unknown>\n#3 0x5592aa00c541 <unknown>\n#4 0x5592aa05a6c4 <unknown>\n#5 0x5592aa031e5d <unknown>\n#6 0x5592aa057b54 <unknown>\n#7 0x5592aa031c03 <unknown>\n#8 0x5592a9ffe7a8 <unknown>\n#9 0x5592a9fff421 <unknown>\n#10 0x5592aa4fab28 <unknown>\n#11 0x5592aa4fe87f <unknown>\n#12 0x5592aa4e2c49 <unknown>\n#13 0x5592aa4ff405 <unknown>\n#14 0x5592aa4c84ff <unknown>\n#15 0x5592aa523258 <unknown>\n#16 0x5592aa523432 <unknown>\n#17 0x5592aa534fa3 <unknown>\n#18 0x7f5a2e29caa4 <unknown>\n#19 0x7f5a2e329c6c <unknown>",
        "time" : {
          "start" : 1760525446704,
          "stop" : 1760525457064,
          "duration" : 10360
        }
      }, {
        "uid" : "66e823ba322d921b",
        "reportUrl" : "https://Brain-up.github.io/auto-tests-python/712//#testresult/66e823ba322d921b",
        "status" : "skipped",
        "statusDetails" : "XFAIL\n\nselenium.common.exceptions.TimeoutException: Message: Can't find element by locator ('xpath', '//button[@data-test-active-link=\"Words\"]')\nStacktrace:\n#0 0x55ba9eefdfba <unknown>\n#1 0x55ba9e9826d0 <unknown>\n#2 0x55ba9e9d42aa <unknown>\n#3 0x55ba9e9d4541 <unknown>\n#4 0x55ba9ea226c4 <unknown>\n#5 0x55ba9e9f9e5d <unknown>\n#6 0x55ba9ea1fb54 <unknown>\n#7 0x55ba9e9f9c03 <unknown>\n#8 0x55ba9e9c67a8 <unknown>\n#9 0x55ba9e9c7421 <unknown>\n#10 0x55ba9eec2b28 <unknown>\n#11 0x55ba9eec687f <unknown>\n#12 0x55ba9eeaac49 <unknown>\n#13 0x55ba9eec7405 <unknown>\n#14 0x55ba9ee904ff <unknown>\n#15 0x55ba9eeeb258 <unknown>\n#16 0x55ba9eeeb432 <unknown>\n#17 0x55ba9eefcfa3 <unknown>\n#18 0x7fd83029caa4 <unknown>\n#19 0x7fd830329c6c <unknown>",
        "time" : {
          "start" : 1760437486820,
          "stop" : 1760437497192,
          "duration" : 10372
        }
      }, {
        "uid" : "a1057187663d0a47",
        "reportUrl" : "https://Brain-up.github.io/auto-tests-python/711//#testresult/a1057187663d0a47",
        "status" : "skipped",
        "statusDetails" : "XFAIL\n\nselenium.common.exceptions.TimeoutException: Message: Can't find element by locator ('xpath', '//button[@data-test-active-link=\"Words\"]')\nStacktrace:\n#0 0x55d1b973cfba <unknown>\n#1 0x55d1b91c16d0 <unknown>\n#2 0x55d1b92132aa <unknown>\n#3 0x55d1b9213541 <unknown>\n#4 0x55d1b92616c4 <unknown>\n#5 0x55d1b9238e5d <unknown>\n#6 0x55d1b925eb54 <unknown>\n#7 0x55d1b9238c03 <unknown>\n#8 0x55d1b92057a8 <unknown>\n#9 0x55d1b9206421 <unknown>\n#10 0x55d1b9701b28 <unknown>\n#11 0x55d1b970587f <unknown>\n#12 0x55d1b96e9c49 <unknown>\n#13 0x55d1b9706405 <unknown>\n#14 0x55d1b96cf4ff <unknown>\n#15 0x55d1b972a258 <unknown>\n#16 0x55d1b972a432 <unknown>\n#17 0x55d1b973bfa3 <unknown>\n#18 0x7f5a2729caa4 <unknown>\n#19 0x7f5a27329c6c <unknown>",
        "time" : {
          "start" : 1760305197130,
          "stop" : 1760305207561,
          "duration" : 10431
        }
      }, {
        "uid" : "c21d26ec255330b1",
        "reportUrl" : "https://Brain-up.github.io/auto-tests-python/710//#testresult/c21d26ec255330b1",
        "status" : "skipped",
        "statusDetails" : "XFAIL\n\nselenium.common.exceptions.TimeoutException: Message: Can't find element by locator ('xpath', '//button[@data-test-active-link=\"Words\"]')\nStacktrace:\n#0 0x55f3148dffba <unknown>\n#1 0x55f3143646d0 <unknown>\n#2 0x55f3143b62aa <unknown>\n#3 0x55f3143b6541 <unknown>\n#4 0x55f3144046c4 <unknown>\n#5 0x55f3143dbe5d <unknown>\n#6 0x55f314401b54 <unknown>\n#7 0x55f3143dbc03 <unknown>\n#8 0x55f3143a87a8 <unknown>\n#9 0x55f3143a9421 <unknown>\n#10 0x55f3148a4b28 <unknown>\n#11 0x55f3148a887f <unknown>\n#12 0x55f31488cc49 <unknown>\n#13 0x55f3148a9405 <unknown>\n#14 0x55f3148724ff <unknown>\n#15 0x55f3148cd258 <unknown>\n#16 0x55f3148cd432 <unknown>\n#17 0x55f3148defa3 <unknown>\n#18 0x7f161ec9caa4 <unknown>\n#19 0x7f161ed29c6c <unknown>",
        "time" : {
          "start" : 1760298458802,
          "stop" : 1760298469150,
          "duration" : 10348
        }
      }, {
        "uid" : "28bb24347bbde92",
        "reportUrl" : "https://Brain-up.github.io/auto-tests-python/709//#testresult/28bb24347bbde92",
        "status" : "skipped",
        "statusDetails" : "XFAIL\n\nselenium.common.exceptions.TimeoutException: Message: Can't find element by locator ('xpath', '//button[@data-test-active-link=\"Words\"]')\nStacktrace:\n#0 0x563a452f7fba <unknown>\n#1 0x563a44d7c6d0 <unknown>\n#2 0x563a44dce2aa <unknown>\n#3 0x563a44dce541 <unknown>\n#4 0x563a44e1c6c4 <unknown>\n#5 0x563a44df3e5d <unknown>\n#6 0x563a44e19b54 <unknown>\n#7 0x563a44df3c03 <unknown>\n#8 0x563a44dc07a8 <unknown>\n#9 0x563a44dc1421 <unknown>\n#10 0x563a452bcb28 <unknown>\n#11 0x563a452c087f <unknown>\n#12 0x563a452a4c49 <unknown>\n#13 0x563a452c1405 <unknown>\n#14 0x563a4528a4ff <unknown>\n#15 0x563a452e5258 <unknown>\n#16 0x563a452e5432 <unknown>\n#17 0x563a452f6fa3 <unknown>\n#18 0x7f927749caa4 <unknown>\n#19 0x7f9277529c6c <unknown>",
        "time" : {
          "start" : 1760132883204,
          "stop" : 1760132893498,
          "duration" : 10294
        }
      }, {
        "uid" : "9d051a172ef1b631",
        "reportUrl" : "https://Brain-up.github.io/auto-tests-python/708//#testresult/9d051a172ef1b631",
        "status" : "skipped",
        "statusDetails" : "XFAIL\n\nselenium.common.exceptions.TimeoutException: Message: Can't find element by locator ('xpath', '//button[@data-test-active-link=\"Words\"]')\nStacktrace:\n#0 0x5617a455afba <unknown>\n#1 0x5617a3fdf6d0 <unknown>\n#2 0x5617a40312aa <unknown>\n#3 0x5617a4031541 <unknown>\n#4 0x5617a407f6c4 <unknown>\n#5 0x5617a4056e5d <unknown>\n#6 0x5617a407cb54 <unknown>\n#7 0x5617a4056c03 <unknown>\n#8 0x5617a40237a8 <unknown>\n#9 0x5617a4024421 <unknown>\n#10 0x5617a451fb28 <unknown>\n#11 0x5617a452387f <unknown>\n#12 0x5617a4507c49 <unknown>\n#13 0x5617a4524405 <unknown>\n#14 0x5617a44ed4ff <unknown>\n#15 0x5617a4548258 <unknown>\n#16 0x5617a4548432 <unknown>\n#17 0x5617a4559fa3 <unknown>\n#18 0x7f0d4669caa4 <unknown>\n#19 0x7f0d46729c6c <unknown>",
        "time" : {
          "start" : 1760097036252,
          "stop" : 1760097046595,
          "duration" : 10343
        }
      }, {
        "uid" : "270989f10d40a7b2",
        "reportUrl" : "https://Brain-up.github.io/auto-tests-python/707//#testresult/270989f10d40a7b2",
        "status" : "skipped",
        "statusDetails" : "XFAIL\n\nselenium.common.exceptions.TimeoutException: Message: Can't find element by locator ('xpath', '//button[@data-test-active-link=\"Words\"]')\nStacktrace:\n#0 0x55675506afba <unknown>\n#1 0x556754aef6d0 <unknown>\n#2 0x556754b412aa <unknown>\n#3 0x556754b41541 <unknown>\n#4 0x556754b8f6c4 <unknown>\n#5 0x556754b66e5d <unknown>\n#6 0x556754b8cb54 <unknown>\n#7 0x556754b66c03 <unknown>\n#8 0x556754b337a8 <unknown>\n#9 0x556754b34421 <unknown>\n#10 0x55675502fb28 <unknown>\n#11 0x55675503387f <unknown>\n#12 0x556755017c49 <unknown>\n#13 0x556755034405 <unknown>\n#14 0x556754ffd4ff <unknown>\n#15 0x556755058258 <unknown>\n#16 0x556755058432 <unknown>\n#17 0x556755069fa3 <unknown>\n#18 0x7f617dc9caa4 <unknown>\n#19 0x7f617dd29c6c <unknown>",
        "time" : {
          "start" : 1760031182660,
          "stop" : 1760031193006,
          "duration" : 10346
        }
      }, {
        "uid" : "be272610fd3ab30c",
        "reportUrl" : "https://Brain-up.github.io/auto-tests-python/706//#testresult/be272610fd3ab30c",
        "status" : "skipped",
        "statusDetails" : "XFAIL\n\nselenium.common.exceptions.TimeoutException: Message: Can't find element by locator ('xpath', '//button[@data-test-active-link=\"Words\"]')\nStacktrace:\n#0 0x55dc8675dfba <unknown>\n#1 0x55dc861e26d0 <unknown>\n#2 0x55dc862342aa <unknown>\n#3 0x55dc86234541 <unknown>\n#4 0x55dc862826c4 <unknown>\n#5 0x55dc86259e5d <unknown>\n#6 0x55dc8627fb54 <unknown>\n#7 0x55dc86259c03 <unknown>\n#8 0x55dc862267a8 <unknown>\n#9 0x55dc86227421 <unknown>\n#10 0x55dc86722b28 <unknown>\n#11 0x55dc8672687f <unknown>\n#12 0x55dc8670ac49 <unknown>\n#13 0x55dc86727405 <unknown>\n#14 0x55dc866f04ff <unknown>\n#15 0x55dc8674b258 <unknown>\n#16 0x55dc8674b432 <unknown>\n#17 0x55dc8675cfa3 <unknown>\n#18 0x7f68a949caa4 <unknown>\n#19 0x7f68a9529c6c <unknown>",
        "time" : {
          "start" : 1759918616559,
          "stop" : 1759918626956,
          "duration" : 10397
        }
      }, {
        "uid" : "899a5d8668a66c31",
        "reportUrl" : "https://Brain-up.github.io/auto-tests-python/705//#testresult/899a5d8668a66c31",
        "status" : "skipped",
        "statusDetails" : "XFAIL\n\nselenium.common.exceptions.TimeoutException: Message: Can't find element by locator ('xpath', '//button[@data-test-active-link=\"Words\"]')\nStacktrace:\n#0 0x5601b8f50fba <unknown>\n#1 0x5601b89d56d0 <unknown>\n#2 0x5601b8a272aa <unknown>\n#3 0x5601b8a27541 <unknown>\n#4 0x5601b8a756c4 <unknown>\n#5 0x5601b8a4ce5d <unknown>\n#6 0x5601b8a72b54 <unknown>\n#7 0x5601b8a4cc03 <unknown>\n#8 0x5601b8a197a8 <unknown>\n#9 0x5601b8a1a421 <unknown>\n#10 0x5601b8f15b28 <unknown>\n#11 0x5601b8f1987f <unknown>\n#12 0x5601b8efdc49 <unknown>\n#13 0x5601b8f1a405 <unknown>\n#14 0x5601b8ee34ff <unknown>\n#15 0x5601b8f3e258 <unknown>\n#16 0x5601b8f3e432 <unknown>\n#17 0x5601b8f4ffa3 <unknown>\n#18 0x7f99fe29caa4 <unknown>\n#19 0x7f99fe329c6c <unknown>",
        "time" : {
          "start" : 1759833463904,
          "stop" : 1759833474252,
          "duration" : 10348
        }
      }, {
        "uid" : "bd15132864695e35",
        "reportUrl" : "https://Brain-up.github.io/auto-tests-python/704//#testresult/bd15132864695e35",
        "status" : "skipped",
        "statusDetails" : "XFAIL\n\nselenium.common.exceptions.TimeoutException: Message: Can't find element by locator ('xpath', '//button[@data-test-active-link=\"Words\"]')\nStacktrace:\n#0 0x55d9267e0fba <unknown>\n#1 0x55d9262656d0 <unknown>\n#2 0x55d9262b72aa <unknown>\n#3 0x55d9262b7541 <unknown>\n#4 0x55d9263056c4 <unknown>\n#5 0x55d9262dce5d <unknown>\n#6 0x55d926302b54 <unknown>\n#7 0x55d9262dcc03 <unknown>\n#8 0x55d9262a97a8 <unknown>\n#9 0x55d9262aa421 <unknown>\n#10 0x55d9267a5b28 <unknown>\n#11 0x55d9267a987f <unknown>\n#12 0x55d92678dc49 <unknown>\n#13 0x55d9267aa405 <unknown>\n#14 0x55d9267734ff <unknown>\n#15 0x55d9267ce258 <unknown>\n#16 0x55d9267ce432 <unknown>\n#17 0x55d9267dffa3 <unknown>\n#18 0x7f016ec9caa4 <unknown>\n#19 0x7f016ed29c6c <unknown>",
        "time" : {
          "start" : 1759751116721,
          "stop" : 1759751127080,
          "duration" : 10359
        }
      }, {
        "uid" : "664e6ba0e5252d00",
        "reportUrl" : "https://Brain-up.github.io/auto-tests-python/703//#testresult/664e6ba0e5252d00",
        "status" : "passed",
        "statusDetails" : "XPASS",
        "time" : {
          "start" : 1759614713309,
          "stop" : 1759614721738,
          "duration" : 8429
        }
      }, {
        "uid" : "388625fcd5736a9a",
        "reportUrl" : "https://Brain-up.github.io/auto-tests-python/702//#testresult/388625fcd5736a9a",
        "status" : "skipped",
        "statusDetails" : "XFAIL\n\nselenium.common.exceptions.TimeoutException: Message: Can't find element by locator ('xpath', '//button[@data-test-active-link=\"Words\"]')\nStacktrace:\n#0 0x55c067603fba <unknown>\n#1 0x55c0670886d0 <unknown>\n#2 0x55c0670da2aa <unknown>\n#3 0x55c0670da541 <unknown>\n#4 0x55c0671286c4 <unknown>\n#5 0x55c0670ffe5d <unknown>\n#6 0x55c067125b54 <unknown>\n#7 0x55c0670ffc03 <unknown>\n#8 0x55c0670cc7a8 <unknown>\n#9 0x55c0670cd421 <unknown>\n#10 0x55c0675c8b28 <unknown>\n#11 0x55c0675cc87f <unknown>\n#12 0x55c0675b0c49 <unknown>\n#13 0x55c0675cd405 <unknown>\n#14 0x55c0675964ff <unknown>\n#15 0x55c0675f1258 <unknown>\n#16 0x55c0675f1432 <unknown>\n#17 0x55c067602fa3 <unknown>\n#18 0x7fae0289caa4 <unknown>\n#19 0x7fae02929c6c <unknown>",
        "time" : {
          "start" : 1759601395167,
          "stop" : 1759601405507,
          "duration" : 10340
        }
      }, {
        "uid" : "547fd1ab2b64761d",
        "reportUrl" : "https://Brain-up.github.io/auto-tests-python/701//#testresult/547fd1ab2b64761d",
        "status" : "skipped",
        "statusDetails" : "XFAIL\n\nselenium.common.exceptions.TimeoutException: Message: Can't find element by locator ('xpath', '//button[@data-test-active-link=\"Words\"]')\nStacktrace:\n#0 0x563ad64eecba <unknown>\n#1 0x563ad5f638e0 <unknown>\n#2 0x563ad5fb5580 <unknown>\n#3 0x563ad5fb5771 <unknown>\n#4 0x563ad6003864 <unknown>\n#5 0x563ad5fdb09d <unknown>\n#6 0x563ad6000c63 <unknown>\n#7 0x563ad5fdae43 <unknown>\n#8 0x563ad5fa79a8 <unknown>\n#9 0x563ad5fa8621 <unknown>\n#10 0x563ad64b28b8 <unknown>\n#11 0x563ad64b65e2 <unknown>\n#12 0x563ad6499683 <unknown>\n#13 0x563ad64b7135 <unknown>\n#14 0x563ad647e80f <unknown>\n#15 0x563ad64db4c8 <unknown>\n#16 0x563ad64db6a2 <unknown>\n#17 0x563ad64eddc3 <unknown>\n#18 0x7fc03789caa4 <unknown>\n#19 0x7fc037929c6c <unknown>",
        "time" : {
          "start" : 1759440939399,
          "stop" : 1759440949783,
          "duration" : 10384
        }
      }, {
        "uid" : "760745198bb58fda",
        "reportUrl" : "https://Brain-up.github.io/auto-tests-python/700//#testresult/760745198bb58fda",
        "status" : "skipped",
        "statusDetails" : "XFAIL\n\nselenium.common.exceptions.TimeoutException: Message: Can't find element by locator ('xpath', '//button[@data-test-active-link=\"Words\"]')\nStacktrace:\n#0 0x555ba18cccba <unknown>\n#1 0x555ba13418e0 <unknown>\n#2 0x555ba1393580 <unknown>\n#3 0x555ba1393771 <unknown>\n#4 0x555ba13e1864 <unknown>\n#5 0x555ba13b909d <unknown>\n#6 0x555ba13dec63 <unknown>\n#7 0x555ba13b8e43 <unknown>\n#8 0x555ba13859a8 <unknown>\n#9 0x555ba1386621 <unknown>\n#10 0x555ba18908b8 <unknown>\n#11 0x555ba18945e2 <unknown>\n#12 0x555ba1877683 <unknown>\n#13 0x555ba1895135 <unknown>\n#14 0x555ba185c80f <unknown>\n#15 0x555ba18b94c8 <unknown>\n#16 0x555ba18b96a2 <unknown>\n#17 0x555ba18cbdc3 <unknown>\n#18 0x7fc2db69caa4 <unknown>\n#19 0x7fc2db729c6c <unknown>",
        "time" : {
          "start" : 1759421618776,
          "stop" : 1759421629126,
          "duration" : 10350
        }
      }, {
        "uid" : "b730780d3fbe29f2",
        "reportUrl" : "https://Brain-up.github.io/auto-tests-python/699//#testresult/b730780d3fbe29f2",
        "status" : "skipped",
        "statusDetails" : "XFAIL\n\nselenium.common.exceptions.TimeoutException: Message: Can't find element by locator ('xpath', '//button[@data-test-active-link=\"Words\"]')\nStacktrace:\n#0 0x55d8994aacba <unknown>\n#1 0x55d898f1f8e0 <unknown>\n#2 0x55d898f71580 <unknown>\n#3 0x55d898f71771 <unknown>\n#4 0x55d898fbf864 <unknown>\n#5 0x55d898f9709d <unknown>\n#6 0x55d898fbcc63 <unknown>\n#7 0x55d898f96e43 <unknown>\n#8 0x55d898f639a8 <unknown>\n#9 0x55d898f64621 <unknown>\n#10 0x55d89946e8b8 <unknown>\n#11 0x55d8994725e2 <unknown>\n#12 0x55d899455683 <unknown>\n#13 0x55d899473135 <unknown>\n#14 0x55d89943a80f <unknown>\n#15 0x55d8994974c8 <unknown>\n#16 0x55d8994976a2 <unknown>\n#17 0x55d8994a9dc3 <unknown>\n#18 0x7f1e40c9caa4 <unknown>\n#19 0x7f1e40d29c6c <unknown>",
        "time" : {
          "start" : 1759320301690,
          "stop" : 1759320312015,
          "duration" : 10325
        }
      }, {
        "uid" : "9a092661a6176980",
        "reportUrl" : "https://Brain-up.github.io/auto-tests-python/698//#testresult/9a092661a6176980",
        "status" : "skipped",
        "statusDetails" : "XFAIL\n\nselenium.common.exceptions.TimeoutException: Message: Can't find element by locator ('xpath', '//button[@data-test-active-link=\"Words\"]')\nStacktrace:\n#0 0x560627e77cba <unknown>\n#1 0x5606278ec8e0 <unknown>\n#2 0x56062793e580 <unknown>\n#3 0x56062793e771 <unknown>\n#4 0x56062798c864 <unknown>\n#5 0x56062796409d <unknown>\n#6 0x560627989c63 <unknown>\n#7 0x560627963e43 <unknown>\n#8 0x5606279309a8 <unknown>\n#9 0x560627931621 <unknown>\n#10 0x560627e3b8b8 <unknown>\n#11 0x560627e3f5e2 <unknown>\n#12 0x560627e22683 <unknown>\n#13 0x560627e40135 <unknown>\n#14 0x560627e0780f <unknown>\n#15 0x560627e644c8 <unknown>\n#16 0x560627e646a2 <unknown>\n#17 0x560627e76dc3 <unknown>\n#18 0x7f0955a9caa4 <unknown>\n#19 0x7f0955b29c6c <unknown>",
        "time" : {
          "start" : 1759266022699,
          "stop" : 1759266033077,
          "duration" : 10378
        }
      }, {
        "uid" : "6a69019e6da1ca0",
        "reportUrl" : "https://Brain-up.github.io/auto-tests-python/697//#testresult/6a69019e6da1ca0",
        "status" : "skipped",
        "statusDetails" : "XFAIL\n\nselenium.common.exceptions.TimeoutException: Message: Can't find element by locator ('xpath', '//button[@data-test-active-link=\"Words\"]')\nStacktrace:\n#0 0x562d761b4cba <unknown>\n#1 0x562d75c298e0 <unknown>\n#2 0x562d75c7b580 <unknown>\n#3 0x562d75c7b771 <unknown>\n#4 0x562d75cc9864 <unknown>\n#5 0x562d75ca109d <unknown>\n#6 0x562d75cc6c63 <unknown>\n#7 0x562d75ca0e43 <unknown>\n#8 0x562d75c6d9a8 <unknown>\n#9 0x562d75c6e621 <unknown>\n#10 0x562d761788b8 <unknown>\n#11 0x562d7617c5e2 <unknown>\n#12 0x562d7615f683 <unknown>\n#13 0x562d7617d135 <unknown>\n#14 0x562d7614480f <unknown>\n#15 0x562d761a14c8 <unknown>\n#16 0x562d761a16a2 <unknown>\n#17 0x562d761b3dc3 <unknown>\n#18 0x7f6838e9caa4 <unknown>\n#19 0x7f6838f29c6c <unknown>",
        "time" : {
          "start" : 1759070121936,
          "stop" : 1759070132370,
          "duration" : 10434
        }
      }, {
        "uid" : "2f462a15546f14af",
        "reportUrl" : "https://Brain-up.github.io/auto-tests-python/696//#testresult/2f462a15546f14af",
        "status" : "skipped",
        "statusDetails" : "XFAIL\n\nselenium.common.exceptions.TimeoutException: Message: Can't find element by locator ('xpath', '//button[@data-test-active-link=\"Words\"]')\nStacktrace:\n#0 0x55c5483bfcba <unknown>\n#1 0x55c547e348e0 <unknown>\n#2 0x55c547e86580 <unknown>\n#3 0x55c547e86771 <unknown>\n#4 0x55c547ed4864 <unknown>\n#5 0x55c547eac09d <unknown>\n#6 0x55c547ed1c63 <unknown>\n#7 0x55c547eabe43 <unknown>\n#8 0x55c547e789a8 <unknown>\n#9 0x55c547e79621 <unknown>\n#10 0x55c5483838b8 <unknown>\n#11 0x55c5483875e2 <unknown>\n#12 0x55c54836a683 <unknown>\n#13 0x55c548388135 <unknown>\n#14 0x55c54834f80f <unknown>\n#15 0x55c5483ac4c8 <unknown>\n#16 0x55c5483ac6a2 <unknown>\n#17 0x55c5483bedc3 <unknown>\n#18 0x7f96b5a9caa4 <unknown>\n#19 0x7f96b5b29c6c <unknown>",
        "time" : {
          "start" : 1758970479605,
          "stop" : 1758970489959,
          "duration" : 10354
        }
      }, {
        "uid" : "387c0d0f94c34a49",
        "reportUrl" : "https://Brain-up.github.io/auto-tests-python/695//#testresult/387c0d0f94c34a49",
        "status" : "skipped",
        "statusDetails" : "XFAIL\n\nselenium.common.exceptions.TimeoutException: Message: Can't find element by locator ('xpath', '//button[@data-test-active-link=\"Words\"]')\nStacktrace:\n#0 0x5580f700fcba <unknown>\n#1 0x5580f6a848e0 <unknown>\n#2 0x5580f6ad6580 <unknown>\n#3 0x5580f6ad6771 <unknown>\n#4 0x5580f6b24864 <unknown>\n#5 0x5580f6afc09d <unknown>\n#6 0x5580f6b21c63 <unknown>\n#7 0x5580f6afbe43 <unknown>\n#8 0x5580f6ac89a8 <unknown>\n#9 0x5580f6ac9621 <unknown>\n#10 0x5580f6fd38b8 <unknown>\n#11 0x5580f6fd75e2 <unknown>\n#12 0x5580f6fba683 <unknown>\n#13 0x5580f6fd8135 <unknown>\n#14 0x5580f6f9f80f <unknown>\n#15 0x5580f6ffc4c8 <unknown>\n#16 0x5580f6ffc6a2 <unknown>\n#17 0x5580f700edc3 <unknown>\n#18 0x7fc812c9caa4 <unknown>\n#19 0x7fc812d29c6c <unknown>",
        "time" : {
          "start" : 1758752701718,
          "stop" : 1758752712159,
          "duration" : 10441
        }
      }, {
        "uid" : "21272833321f1ecf",
        "reportUrl" : "https://Brain-up.github.io/auto-tests-python/694//#testresult/21272833321f1ecf",
        "status" : "skipped",
        "statusDetails" : "XFAIL\n\nselenium.common.exceptions.TimeoutException: Message: Can't find element by locator ('xpath', '//button[@data-test-active-link=\"Words\"]')\nStacktrace:\n#0 0x559599b0f94a <unknown>\n#1 0x5595995848a0 <unknown>\n#2 0x5595995d6540 <unknown>\n#3 0x5595995d6731 <unknown>\n#4 0x559599624824 <unknown>\n#5 0x5595995fc05d <unknown>\n#6 0x559599621c23 <unknown>\n#7 0x5595995fbe03 <unknown>\n#8 0x5595995c8968 <unknown>\n#9 0x5595995c95e1 <unknown>\n#10 0x559599ad3548 <unknown>\n#11 0x559599ad7272 <unknown>\n#12 0x559599aba313 <unknown>\n#13 0x559599ad7dc5 <unknown>\n#14 0x559599a9f49f <unknown>\n#15 0x559599afc158 <unknown>\n#16 0x559599afc332 <unknown>\n#17 0x559599b0ea53 <unknown>\n#18 0x7f7d38e9caa4 <unknown>\n#19 0x7f7d38f29c3c <unknown>",
        "time" : {
          "start" : 1758748605302,
          "stop" : 1758748615604,
          "duration" : 10302
        }
      } ]
    },
    "tags" : [ "@pytest.mark.xfail" ]
  },
  "source" : "bb926d159936cdcc.json",
  "parameterValues" : [ ]
}