{
  "uid" : "8240c6dcf92e581f",
  "name" : "Select random card from \"Word\" group and compare UI vs BACKEND data",
  "fullName" : "tests.test_speech_exercises_en.TestCardsEN#test_random_word_cards_en",
  "historyId" : "84999af5e98c6318908a9abbfe6fc3a3",
  "time" : {
    "start" : 1761344387510,
    "stop" : 1761344397866,
    "duration" : 10356
  },
  "status" : "skipped",
  "statusMessage" : "XFAIL\n\nselenium.common.exceptions.TimeoutException: Message: Can't find element by locator ('xpath', '//button[@data-test-active-link=\"Words\"]')\nStacktrace:\n#0 0x555eed433fba <unknown>\n#1 0x555eeceb86d0 <unknown>\n#2 0x555eecf0a2aa <unknown>\n#3 0x555eecf0a541 <unknown>\n#4 0x555eecf586c4 <unknown>\n#5 0x555eecf2fe5d <unknown>\n#6 0x555eecf55b54 <unknown>\n#7 0x555eecf2fc03 <unknown>\n#8 0x555eecefc7a8 <unknown>\n#9 0x555eecefd421 <unknown>\n#10 0x555eed3f8b28 <unknown>\n#11 0x555eed3fc87f <unknown>\n#12 0x555eed3e0c49 <unknown>\n#13 0x555eed3fd405 <unknown>\n#14 0x555eed3c64ff <unknown>\n#15 0x555eed421258 <unknown>\n#16 0x555eed421432 <unknown>\n#17 0x555eed432fa3 <unknown>\n#18 0x7fa21669caa4 <unknown>\n#19 0x7fa216729c6c <unknown>",
  "statusTrace" : "self = <tests.test_speech_exercises_en.TestCardsEN object at 0x7f25a3ede870>\ndriver = <selenium.webdriver.chrome.webdriver.WebDriver (session=\"4f3fd29f56a08cdd9323fcdb0f7c4897\")>\nspecialist_user_authorized = None\n\n    @pytest.mark.xfail\n    @allure.suite(\"Speech exercises EN.\")\n    @allure.title('Select random card from \"Word\" group and compare UI vs BACKEND data')\n    def test_random_word_cards_en(self, driver, specialist_user_authorized):\n        page = SpeechExercisesPage(driver)\n>       page.select_group(SpeechExercisesPageLocators.WORDS_BUTTON_EN)\n\ntests/test_speech_exercises_en.py:16: \n_ _ _ _ _ _ _ _ _ _ _ _ _ _ _ _ _ _ _ _ _ _ _ _ _ _ _ _ _ _ _ _ _ _ _ _ _ _ _ _ \npages/speech_exercises_page_en.py:18: in select_group\n    text_of_the_button = self.element_is_present_and_clickable(selector_for_sub_group)\npages/base_page.py:40: in element_is_present_and_clickable\n    return (Wait(self.driver, self.timeout).until(\n_ _ _ _ _ _ _ _ _ _ _ _ _ _ _ _ _ _ _ _ _ _ _ _ _ _ _ _ _ _ _ _ _ _ _ _ _ _ _ _ \n\nself = <selenium.webdriver.support.wait.WebDriverWait (session=\"4f3fd29f56a08cdd9323fcdb0f7c4897\")>\nmethod = <function visibility_of_element_located.<locals>._predicate at 0x7f25a3d4f240>\nmessage = 'Can\\'t find element by locator (\\'xpath\\', \\'//button[@data-test-active-link=\"Words\"]\\')'\n\n    def until(self, method, message: str = \"\"):\n        \"\"\"Calls the method provided with the driver as an argument until the \\\n        return value does not evaluate to ``False``.\n    \n        :param method: callable(WebDriver)\n        :param message: optional message for :exc:`TimeoutException`\n        :returns: the result of the last call to `method`\n        :raises: :exc:`selenium.common.exceptions.TimeoutException` if timeout occurs\n        \"\"\"\n        screen = None\n        stacktrace = None\n    \n        end_time = time.monotonic() + self._timeout\n        while True:\n            try:\n                value = method(self._driver)\n                if value:\n                    return value\n            except self._ignored_exceptions as exc:\n                screen = getattr(exc, \"screen\", None)\n                stacktrace = getattr(exc, \"stacktrace\", None)\n            time.sleep(self._poll)\n            if time.monotonic() > end_time:\n                break\n>       raise TimeoutException(message, screen, stacktrace)\nE       selenium.common.exceptions.TimeoutException: Message: Can't find element by locator ('xpath', '//button[@data-test-active-link=\"Words\"]')\nE       Stacktrace:\nE       #0 0x555eed433fba <unknown>\nE       #1 0x555eeceb86d0 <unknown>\nE       #2 0x555eecf0a2aa <unknown>\nE       #3 0x555eecf0a541 <unknown>\nE       #4 0x555eecf586c4 <unknown>\nE       #5 0x555eecf2fe5d <unknown>\nE       #6 0x555eecf55b54 <unknown>\nE       #7 0x555eecf2fc03 <unknown>\nE       #8 0x555eecefc7a8 <unknown>\nE       #9 0x555eecefd421 <unknown>\nE       #10 0x555eed3f8b28 <unknown>\nE       #11 0x555eed3fc87f <unknown>\nE       #12 0x555eed3e0c49 <unknown>\nE       #13 0x555eed3fd405 <unknown>\nE       #14 0x555eed3c64ff <unknown>\nE       #15 0x555eed421258 <unknown>\nE       #16 0x555eed421432 <unknown>\nE       #17 0x555eed432fa3 <unknown>\nE       #18 0x7fa21669caa4 <unknown>\nE       #19 0x7fa216729c6c <unknown>\n\n/opt/hostedtoolcache/Python/3.12.11/x64/lib/python3.12/site-packages/selenium/webdriver/support/wait.py:95: TimeoutException",
  "flaky" : false,
  "newFailed" : false,
  "beforeStages" : [ {
    "name" : "clear_allure_results_folder",
    "time" : {
      "start" : 1761343057126,
      "stop" : 1761343057126,
      "duration" : 0
    },
    "status" : "passed",
    "steps" : [ ],
    "attachments" : [ ],
    "parameters" : [ ],
    "stepsCount" : 0,
    "attachmentsCount" : 0,
    "shouldDisplayMessage" : false,
    "hasContent" : false
  }, {
    "name" : "main_page_open",
    "time" : {
      "start" : 1761344380222,
      "stop" : 1761344384595,
      "duration" : 4373
    },
    "status" : "passed",
    "steps" : [ {
      "name" : "Open page: https://www.brainup.site/",
      "time" : {
        "start" : 1761344380222,
        "stop" : 1761344384595,
        "duration" : 4373
      },
      "status" : "passed",
      "steps" : [ ],
      "attachments" : [ ],
      "parameters" : [ {
        "name" : "driver",
        "value" : "<selenium.webdriver.chrome.webdriver.WebDriver (session=\"4f3fd29f56a08cdd9323fcdb0f7c4897\")>"
      } ],
      "stepsCount" : 0,
      "attachmentsCount" : 0,
      "shouldDisplayMessage" : false,
      "hasContent" : true
    } ],
    "attachments" : [ ],
    "parameters" : [ ],
    "stepsCount" : 1,
    "attachmentsCount" : 0,
    "shouldDisplayMessage" : false,
    "hasContent" : true
  }, {
    "name" : "specialist_user_authorized",
    "time" : {
      "start" : 1761344384595,
      "stop" : 1761344387510,
      "duration" : 2915
    },
    "status" : "passed",
    "steps" : [ {
      "name" : "USER specialist authorized",
      "time" : {
        "start" : 1761344384595,
        "stop" : 1761344387510,
        "duration" : 2915
      },
      "status" : "passed",
      "steps" : [ {
        "name" : "Check url is present: https://www.brainup.site/groups",
        "time" : {
          "start" : 1761344384967,
          "stop" : 1761344387488,
          "duration" : 2521
        },
        "status" : "passed",
        "steps" : [ ],
        "attachments" : [ ],
        "parameters" : [ ],
        "stepsCount" : 0,
        "attachmentsCount" : 0,
        "shouldDisplayMessage" : false,
        "hasContent" : false
      }, {
        "name" : "Loader checking",
        "time" : {
          "start" : 1761344387488,
          "stop" : 1761344387510,
          "duration" : 22
        },
        "status" : "passed",
        "steps" : [ ],
        "attachments" : [ ],
        "parameters" : [ ],
        "stepsCount" : 0,
        "attachmentsCount" : 0,
        "shouldDisplayMessage" : false,
        "hasContent" : false
      } ],
      "attachments" : [ ],
      "parameters" : [ {
        "name" : "driver",
        "value" : "<selenium.webdriver.chrome.webdriver.WebDriver (session=\"4f3fd29f56a08cdd9323fcdb0f7c4897\")>"
      }, {
        "name" : "main_page_open",
        "value" : "None"
      } ],
      "stepsCount" : 2,
      "attachmentsCount" : 0,
      "shouldDisplayMessage" : false,
      "hasContent" : true
    } ],
    "attachments" : [ ],
    "parameters" : [ ],
    "stepsCount" : 3,
    "attachmentsCount" : 0,
    "shouldDisplayMessage" : false,
    "hasContent" : true
  }, {
    "name" : "driver",
    "time" : {
      "start" : 1761344379465,
      "stop" : 1761344380221,
      "duration" : 756
    },
    "status" : "passed",
    "steps" : [ ],
    "attachments" : [ ],
    "parameters" : [ ],
    "stepsCount" : 0,
    "attachmentsCount" : 0,
    "shouldDisplayMessage" : false,
    "hasContent" : false
  } ],
  "testStage" : {
    "status" : "skipped",
    "statusMessage" : "XFAIL\n\nselenium.common.exceptions.TimeoutException: Message: Can't find element by locator ('xpath', '//button[@data-test-active-link=\"Words\"]')\nStacktrace:\n#0 0x555eed433fba <unknown>\n#1 0x555eeceb86d0 <unknown>\n#2 0x555eecf0a2aa <unknown>\n#3 0x555eecf0a541 <unknown>\n#4 0x555eecf586c4 <unknown>\n#5 0x555eecf2fe5d <unknown>\n#6 0x555eecf55b54 <unknown>\n#7 0x555eecf2fc03 <unknown>\n#8 0x555eecefc7a8 <unknown>\n#9 0x555eecefd421 <unknown>\n#10 0x555eed3f8b28 <unknown>\n#11 0x555eed3fc87f <unknown>\n#12 0x555eed3e0c49 <unknown>\n#13 0x555eed3fd405 <unknown>\n#14 0x555eed3c64ff <unknown>\n#15 0x555eed421258 <unknown>\n#16 0x555eed421432 <unknown>\n#17 0x555eed432fa3 <unknown>\n#18 0x7fa21669caa4 <unknown>\n#19 0x7fa216729c6c <unknown>",
    "statusTrace" : "self = <tests.test_speech_exercises_en.TestCardsEN object at 0x7f25a3ede870>\ndriver = <selenium.webdriver.chrome.webdriver.WebDriver (session=\"4f3fd29f56a08cdd9323fcdb0f7c4897\")>\nspecialist_user_authorized = None\n\n    @pytest.mark.xfail\n    @allure.suite(\"Speech exercises EN.\")\n    @allure.title('Select random card from \"Word\" group and compare UI vs BACKEND data')\n    def test_random_word_cards_en(self, driver, specialist_user_authorized):\n        page = SpeechExercisesPage(driver)\n>       page.select_group(SpeechExercisesPageLocators.WORDS_BUTTON_EN)\n\ntests/test_speech_exercises_en.py:16: \n_ _ _ _ _ _ _ _ _ _ _ _ _ _ _ _ _ _ _ _ _ _ _ _ _ _ _ _ _ _ _ _ _ _ _ _ _ _ _ _ \npages/speech_exercises_page_en.py:18: in select_group\n    text_of_the_button = self.element_is_present_and_clickable(selector_for_sub_group)\npages/base_page.py:40: in element_is_present_and_clickable\n    return (Wait(self.driver, self.timeout).until(\n_ _ _ _ _ _ _ _ _ _ _ _ _ _ _ _ _ _ _ _ _ _ _ _ _ _ _ _ _ _ _ _ _ _ _ _ _ _ _ _ \n\nself = <selenium.webdriver.support.wait.WebDriverWait (session=\"4f3fd29f56a08cdd9323fcdb0f7c4897\")>\nmethod = <function visibility_of_element_located.<locals>._predicate at 0x7f25a3d4f240>\nmessage = 'Can\\'t find element by locator (\\'xpath\\', \\'//button[@data-test-active-link=\"Words\"]\\')'\n\n    def until(self, method, message: str = \"\"):\n        \"\"\"Calls the method provided with the driver as an argument until the \\\n        return value does not evaluate to ``False``.\n    \n        :param method: callable(WebDriver)\n        :param message: optional message for :exc:`TimeoutException`\n        :returns: the result of the last call to `method`\n        :raises: :exc:`selenium.common.exceptions.TimeoutException` if timeout occurs\n        \"\"\"\n        screen = None\n        stacktrace = None\n    \n        end_time = time.monotonic() + self._timeout\n        while True:\n            try:\n                value = method(self._driver)\n                if value:\n                    return value\n            except self._ignored_exceptions as exc:\n                screen = getattr(exc, \"screen\", None)\n                stacktrace = getattr(exc, \"stacktrace\", None)\n            time.sleep(self._poll)\n            if time.monotonic() > end_time:\n                break\n>       raise TimeoutException(message, screen, stacktrace)\nE       selenium.common.exceptions.TimeoutException: Message: Can't find element by locator ('xpath', '//button[@data-test-active-link=\"Words\"]')\nE       Stacktrace:\nE       #0 0x555eed433fba <unknown>\nE       #1 0x555eeceb86d0 <unknown>\nE       #2 0x555eecf0a2aa <unknown>\nE       #3 0x555eecf0a541 <unknown>\nE       #4 0x555eecf586c4 <unknown>\nE       #5 0x555eecf2fe5d <unknown>\nE       #6 0x555eecf55b54 <unknown>\nE       #7 0x555eecf2fc03 <unknown>\nE       #8 0x555eecefc7a8 <unknown>\nE       #9 0x555eecefd421 <unknown>\nE       #10 0x555eed3f8b28 <unknown>\nE       #11 0x555eed3fc87f <unknown>\nE       #12 0x555eed3e0c49 <unknown>\nE       #13 0x555eed3fd405 <unknown>\nE       #14 0x555eed3c64ff <unknown>\nE       #15 0x555eed421258 <unknown>\nE       #16 0x555eed421432 <unknown>\nE       #17 0x555eed432fa3 <unknown>\nE       #18 0x7fa21669caa4 <unknown>\nE       #19 0x7fa216729c6c <unknown>\n\n/opt/hostedtoolcache/Python/3.12.11/x64/lib/python3.12/site-packages/selenium/webdriver/support/wait.py:95: TimeoutException",
    "steps" : [ {
      "name" : "select_group",
      "time" : {
        "start" : 1761344387510,
        "stop" : 1761344397866,
        "duration" : 10356
      },
      "status" : "broken",
      "statusMessage" : "selenium.common.exceptions.TimeoutException: Message: Can't find element by locator ('xpath', '//button[@data-test-active-link=\"Words\"]')\nStacktrace:\n#0 0x555eed433fba <unknown>\n#1 0x555eeceb86d0 <unknown>\n#2 0x555eecf0a2aa <unknown>\n#3 0x555eecf0a541 <unknown>\n#4 0x555eecf586c4 <unknown>\n#5 0x555eecf2fe5d <unknown>\n#6 0x555eecf55b54 <unknown>\n#7 0x555eecf2fc03 <unknown>\n#8 0x555eecefc7a8 <unknown>\n#9 0x555eecefd421 <unknown>\n#10 0x555eed3f8b28 <unknown>\n#11 0x555eed3fc87f <unknown>\n#12 0x555eed3e0c49 <unknown>\n#13 0x555eed3fd405 <unknown>\n#14 0x555eed3c64ff <unknown>\n#15 0x555eed421258 <unknown>\n#16 0x555eed421432 <unknown>\n#17 0x555eed432fa3 <unknown>\n#18 0x7fa21669caa4 <unknown>\n#19 0x7fa216729c6c <unknown>\n\n",
      "statusTrace" : "  File \"/opt/hostedtoolcache/Python/3.12.11/x64/lib/python3.12/site-packages/allure_commons/_allure.py\", line 192, in impl\n    return func(*a, **kw)\n           ^^^^^^^^^^^^^^\n  File \"/home/runner/work/auto-tests-python/auto-tests-python/pages/speech_exercises_page_en.py\", line 18, in select_group\n    text_of_the_button = self.element_is_present_and_clickable(selector_for_sub_group)\n                         ^^^^^^^^^^^^^^^^^^^^^^^^^^^^^^^^^^^^^^^^^^^^^^^^^^^^^^^^^^^^^\n  File \"/home/runner/work/auto-tests-python/auto-tests-python/pages/base_page.py\", line 40, in element_is_present_and_clickable\n    return (Wait(self.driver, self.timeout).until(\n            ^^^^^^^^^^^^^^^^^^^^^^^^^^^^^^^^^^^^^^\n  File \"/opt/hostedtoolcache/Python/3.12.11/x64/lib/python3.12/site-packages/selenium/webdriver/support/wait.py\", line 95, in until\n    raise TimeoutException(message, screen, stacktrace)\n",
      "steps" : [ {
        "name" : "Select Russian language. Click \"EN\" button.",
        "time" : {
          "start" : 1761344387510,
          "stop" : 1761344387585,
          "duration" : 75
        },
        "status" : "passed",
        "steps" : [ ],
        "attachments" : [ ],
        "parameters" : [ ],
        "stepsCount" : 0,
        "attachmentsCount" : 0,
        "shouldDisplayMessage" : false,
        "hasContent" : false
      }, {
        "name" : "Click button \"SPEECH EXERCISES\".",
        "time" : {
          "start" : 1761344387585,
          "stop" : 1761344387659,
          "duration" : 74
        },
        "status" : "passed",
        "steps" : [ ],
        "attachments" : [ ],
        "parameters" : [ ],
        "stepsCount" : 0,
        "attachmentsCount" : 0,
        "shouldDisplayMessage" : false,
        "hasContent" : false
      } ],
      "attachments" : [ ],
      "parameters" : [ {
        "name" : "selector_for_sub_group",
        "value" : "('xpath', '//button[@data-test-active-link=\"Words\"]')"
      } ],
      "stepsCount" : 2,
      "attachmentsCount" : 0,
      "shouldDisplayMessage" : true,
      "hasContent" : true
    } ],
    "attachments" : [ ],
    "parameters" : [ ],
    "stepsCount" : 3,
    "attachmentsCount" : 0,
    "shouldDisplayMessage" : true,
    "hasContent" : true
  },
  "afterStages" : [ {
    "name" : "driver::0",
    "time" : {
      "start" : 1761344397903,
      "stop" : 1761344397975,
      "duration" : 72
    },
    "status" : "passed",
    "steps" : [ ],
    "attachments" : [ ],
    "parameters" : [ ],
    "stepsCount" : 0,
    "attachmentsCount" : 0,
    "shouldDisplayMessage" : false,
    "hasContent" : false
  } ],
  "labels" : [ {
    "name" : "suite",
    "value" : "Speech exercises EN."
  }, {
    "name" : "epic",
    "value" : "Speech exercises."
  }, {
    "name" : "tag",
    "value" : "@pytest.mark.xfail"
  }, {
    "name" : "parentSuite",
    "value" : "tests"
  }, {
    "name" : "subSuite",
    "value" : "TestCardsEN"
  }, {
    "name" : "host",
    "value" : "runnervmwhb2z"
  }, {
    "name" : "thread",
    "value" : "2548-MainThread"
  }, {
    "name" : "framework",
    "value" : "pytest"
  }, {
    "name" : "language",
    "value" : "cpython3"
  }, {
    "name" : "package",
    "value" : "tests.test_speech_exercises_en"
  }, {
    "name" : "resultFormat",
    "value" : "allure2"
  } ],
  "parameters" : [ ],
  "links" : [ ],
  "hidden" : false,
  "retry" : false,
  "extra" : {
    "severity" : "normal",
    "retries" : [ ],
    "categories" : [ ],
    "history" : {
      "statistic" : {
        "failed" : 0,
        "broken" : 0,
        "skipped" : 354,
        "passed" : 2,
        "unknown" : 0,
        "total" : 356
      },
      "items" : [ {
        "uid" : "df944bb57a8b56d9",
        "reportUrl" : "https://Brain-up.github.io/auto-tests-python/722//#testresult/df944bb57a8b56d9",
        "status" : "skipped",
        "statusDetails" : "XFAIL\n\nselenium.common.exceptions.TimeoutException: Message: Can't find element by locator ('xpath', '//button[@data-test-active-link=\"Words\"]')\nStacktrace:\n#0 0x5646fc2bafba <unknown>\n#1 0x5646fbd3f6d0 <unknown>\n#2 0x5646fbd912aa <unknown>\n#3 0x5646fbd91541 <unknown>\n#4 0x5646fbddf6c4 <unknown>\n#5 0x5646fbdb6e5d <unknown>\n#6 0x5646fbddcb54 <unknown>\n#7 0x5646fbdb6c03 <unknown>\n#8 0x5646fbd837a8 <unknown>\n#9 0x5646fbd84421 <unknown>\n#10 0x5646fc27fb28 <unknown>\n#11 0x5646fc28387f <unknown>\n#12 0x5646fc267c49 <unknown>\n#13 0x5646fc284405 <unknown>\n#14 0x5646fc24d4ff <unknown>\n#15 0x5646fc2a8258 <unknown>\n#16 0x5646fc2a8432 <unknown>\n#17 0x5646fc2b9fa3 <unknown>\n#18 0x7f75bda9caa4 <unknown>\n#19 0x7f75bdb29c6c <unknown>",
        "time" : {
          "start" : 1761339213760,
          "stop" : 1761339224098,
          "duration" : 10338
        }
      }, {
        "uid" : "88a5dd1efc08ae96",
        "reportUrl" : "https://Brain-up.github.io/auto-tests-python/721//#testresult/88a5dd1efc08ae96",
        "status" : "skipped",
        "statusDetails" : "XFAIL\n\nselenium.common.exceptions.TimeoutException: Message: Can't find element by locator ('xpath', '//button[@data-test-active-link=\"Words\"]')\nStacktrace:\n#0 0x561805d99fba <unknown>\n#1 0x56180581e6d0 <unknown>\n#2 0x5618058702aa <unknown>\n#3 0x561805870541 <unknown>\n#4 0x5618058be6c4 <unknown>\n#5 0x561805895e5d <unknown>\n#6 0x5618058bbb54 <unknown>\n#7 0x561805895c03 <unknown>\n#8 0x5618058627a8 <unknown>\n#9 0x561805863421 <unknown>\n#10 0x561805d5eb28 <unknown>\n#11 0x561805d6287f <unknown>\n#12 0x561805d46c49 <unknown>\n#13 0x561805d63405 <unknown>\n#14 0x561805d2c4ff <unknown>\n#15 0x561805d87258 <unknown>\n#16 0x561805d87432 <unknown>\n#17 0x561805d98fa3 <unknown>\n#18 0x7fc60c49caa4 <unknown>\n#19 0x7fc60c529c6c <unknown>",
        "time" : {
          "start" : 1761206424307,
          "stop" : 1761206434623,
          "duration" : 10316
        }
      }, {
        "uid" : "23b995a156326aa6",
        "reportUrl" : "https://Brain-up.github.io/auto-tests-python/720//#testresult/23b995a156326aa6",
        "status" : "skipped",
        "statusDetails" : "XFAIL\n\nselenium.common.exceptions.TimeoutException: Message: Can't find element by locator ('xpath', '//button[@data-test-active-link=\"Words\"]')\nStacktrace:\n#0 0x55a561bd5fba <unknown>\n#1 0x55a56165a6d0 <unknown>\n#2 0x55a5616ac2aa <unknown>\n#3 0x55a5616ac541 <unknown>\n#4 0x55a5616fa6c4 <unknown>\n#5 0x55a5616d1e5d <unknown>\n#6 0x55a5616f7b54 <unknown>\n#7 0x55a5616d1c03 <unknown>\n#8 0x55a56169e7a8 <unknown>\n#9 0x55a56169f421 <unknown>\n#10 0x55a561b9ab28 <unknown>\n#11 0x55a561b9e87f <unknown>\n#12 0x55a561b82c49 <unknown>\n#13 0x55a561b9f405 <unknown>\n#14 0x55a561b684ff <unknown>\n#15 0x55a561bc3258 <unknown>\n#16 0x55a561bc3432 <unknown>\n#17 0x55a561bd4fa3 <unknown>\n#18 0x7f9ab9c9caa4 <unknown>\n#19 0x7f9ab9d29c6c <unknown>",
        "time" : {
          "start" : 1761131438256,
          "stop" : 1761131448612,
          "duration" : 10356
        }
      }, {
        "uid" : "565bbd638357f15c",
        "reportUrl" : "https://Brain-up.github.io/auto-tests-python/719//#testresult/565bbd638357f15c",
        "status" : "skipped",
        "statusDetails" : "XFAIL\n\nselenium.common.exceptions.TimeoutException: Message: Can't find element by locator ('xpath', '//button[@data-test-active-link=\"Words\"]')\nStacktrace:\n#0 0x55d3bf2d7fba <unknown>\n#1 0x55d3bed5c6d0 <unknown>\n#2 0x55d3bedae2aa <unknown>\n#3 0x55d3bedae541 <unknown>\n#4 0x55d3bedfc6c4 <unknown>\n#5 0x55d3bedd3e5d <unknown>\n#6 0x55d3bedf9b54 <unknown>\n#7 0x55d3bedd3c03 <unknown>\n#8 0x55d3beda07a8 <unknown>\n#9 0x55d3beda1421 <unknown>\n#10 0x55d3bf29cb28 <unknown>\n#11 0x55d3bf2a087f <unknown>\n#12 0x55d3bf284c49 <unknown>\n#13 0x55d3bf2a1405 <unknown>\n#14 0x55d3bf26a4ff <unknown>\n#15 0x55d3bf2c5258 <unknown>\n#16 0x55d3bf2c5432 <unknown>\n#17 0x55d3bf2d6fa3 <unknown>\n#18 0x7f972e49caa4 <unknown>\n#19 0x7f972e529c6c <unknown>",
        "time" : {
          "start" : 1761040009356,
          "stop" : 1761040019709,
          "duration" : 10353
        }
      }, {
        "uid" : "f8ecae14fd07ea81",
        "reportUrl" : "https://Brain-up.github.io/auto-tests-python/718//#testresult/f8ecae14fd07ea81",
        "status" : "skipped",
        "statusDetails" : "XFAIL\n\nselenium.common.exceptions.TimeoutException: Message: Can't find element by locator ('xpath', '//button[@data-test-active-link=\"Words\"]')\nStacktrace:\n#0 0x55ce09d1167a <unknown>\n#1 0x55ce09790566 <unknown>\n#2 0x55ce097e268d <unknown>\n#3 0x55ce097e2921 <unknown>\n#4 0x55ce09830e94 <unknown>\n#5 0x55ce0980865d <unknown>\n#6 0x55ce0982e328 <unknown>\n#7 0x55ce09808403 <unknown>\n#8 0x55ce097d4b02 <unknown>\n#9 0x55ce097d57c1 <unknown>\n#10 0x55ce09cd5448 <unknown>\n#11 0x55ce09cd92af <unknown>\n#12 0x55ce09cbc8d9 <unknown>\n#13 0x55ce09cd9e55 <unknown>\n#14 0x55ce09ca213f <unknown>\n#15 0x55ce09cfe4b8 <unknown>\n#16 0x55ce09cfe693 <unknown>\n#17 0x55ce09d10613 <unknown>\n#18 0x7f15eda9caa4 <unknown>\n#19 0x7f15edb29c6c <unknown>",
        "time" : {
          "start" : 1760956703495,
          "stop" : 1760956714007,
          "duration" : 10512
        }
      }, {
        "uid" : "17fe538413890472",
        "reportUrl" : "https://Brain-up.github.io/auto-tests-python/717//#testresult/17fe538413890472",
        "status" : "skipped",
        "statusDetails" : "XFAIL\n\nselenium.common.exceptions.TimeoutException: Message: Can't find element by locator ('xpath', '//button[@data-test-active-link=\"Words\"]')\nStacktrace:\n#0 0x56323692067a <unknown>\n#1 0x56323639f566 <unknown>\n#2 0x5632363f168d <unknown>\n#3 0x5632363f1921 <unknown>\n#4 0x56323643fe94 <unknown>\n#5 0x56323641765d <unknown>\n#6 0x56323643d328 <unknown>\n#7 0x563236417403 <unknown>\n#8 0x5632363e3b02 <unknown>\n#9 0x5632363e47c1 <unknown>\n#10 0x5632368e4448 <unknown>\n#11 0x5632368e82af <unknown>\n#12 0x5632368cb8d9 <unknown>\n#13 0x5632368e8e55 <unknown>\n#14 0x5632368b113f <unknown>\n#15 0x56323690d4b8 <unknown>\n#16 0x56323690d693 <unknown>\n#17 0x56323691f613 <unknown>\n#18 0x7f46c269caa4 <unknown>\n#19 0x7f46c2729c6c <unknown>",
        "time" : {
          "start" : 1760876786246,
          "stop" : 1760876796616,
          "duration" : 10370
        }
      }, {
        "uid" : "833e36e6d6a67d42",
        "reportUrl" : "https://Brain-up.github.io/auto-tests-python/716//#testresult/833e36e6d6a67d42",
        "status" : "skipped",
        "statusDetails" : "XFAIL\n\nselenium.common.exceptions.TimeoutException: Message: Can't find element by locator ('xpath', '//button[@data-test-active-link=\"Words\"]')\nStacktrace:\n#0 0x562b8e6b267a <unknown>\n#1 0x562b8e131566 <unknown>\n#2 0x562b8e18368d <unknown>\n#3 0x562b8e183921 <unknown>\n#4 0x562b8e1d1e94 <unknown>\n#5 0x562b8e1a965d <unknown>\n#6 0x562b8e1cf328 <unknown>\n#7 0x562b8e1a9403 <unknown>\n#8 0x562b8e175b02 <unknown>\n#9 0x562b8e1767c1 <unknown>\n#10 0x562b8e676448 <unknown>\n#11 0x562b8e67a2af <unknown>\n#12 0x562b8e65d8d9 <unknown>\n#13 0x562b8e67ae55 <unknown>\n#14 0x562b8e64313f <unknown>\n#15 0x562b8e69f4b8 <unknown>\n#16 0x562b8e69f693 <unknown>\n#17 0x562b8e6b1613 <unknown>\n#18 0x7f52f2c9caa4 <unknown>\n#19 0x7f52f2d29c6c <unknown>",
        "time" : {
          "start" : 1760786187439,
          "stop" : 1760786197827,
          "duration" : 10388
        }
      }, {
        "uid" : "d9dbed67b4d7f278",
        "reportUrl" : "https://Brain-up.github.io/auto-tests-python/715//#testresult/d9dbed67b4d7f278",
        "status" : "skipped",
        "statusDetails" : "XFAIL\n\nselenium.common.exceptions.TimeoutException: Message: Can't find element by locator ('xpath', '//button[@data-test-active-link=\"Words\"]')\nStacktrace:\n#0 0x55ddc94a1fba <unknown>\n#1 0x55ddc8f266d0 <unknown>\n#2 0x55ddc8f782aa <unknown>\n#3 0x55ddc8f78541 <unknown>\n#4 0x55ddc8fc66c4 <unknown>\n#5 0x55ddc8f9de5d <unknown>\n#6 0x55ddc8fc3b54 <unknown>\n#7 0x55ddc8f9dc03 <unknown>\n#8 0x55ddc8f6a7a8 <unknown>\n#9 0x55ddc8f6b421 <unknown>\n#10 0x55ddc9466b28 <unknown>\n#11 0x55ddc946a87f <unknown>\n#12 0x55ddc944ec49 <unknown>\n#13 0x55ddc946b405 <unknown>\n#14 0x55ddc94344ff <unknown>\n#15 0x55ddc948f258 <unknown>\n#16 0x55ddc948f432 <unknown>\n#17 0x55ddc94a0fa3 <unknown>\n#18 0x7fe3e849caa4 <unknown>\n#19 0x7fe3e8529c6c <unknown>",
        "time" : {
          "start" : 1760651905783,
          "stop" : 1760651916147,
          "duration" : 10364
        }
      }, {
        "uid" : "d6bf751e21ce08d0",
        "reportUrl" : "https://Brain-up.github.io/auto-tests-python/714//#testresult/d6bf751e21ce08d0",
        "status" : "skipped",
        "statusDetails" : "XFAIL\n\nselenium.common.exceptions.TimeoutException: Message: Can't find element by locator ('xpath', '//button[@data-test-active-link=\"Words\"]')\nStacktrace:\n#0 0x558e5523267a <unknown>\n#1 0x558e54cb1566 <unknown>\n#2 0x558e54d0368d <unknown>\n#3 0x558e54d03921 <unknown>\n#4 0x558e54d51e94 <unknown>\n#5 0x558e54d2965d <unknown>\n#6 0x558e54d4f328 <unknown>\n#7 0x558e54d29403 <unknown>\n#8 0x558e54cf5b02 <unknown>\n#9 0x558e54cf67c1 <unknown>\n#10 0x558e551f6448 <unknown>\n#11 0x558e551fa2af <unknown>\n#12 0x558e551dd8d9 <unknown>\n#13 0x558e551fae55 <unknown>\n#14 0x558e551c313f <unknown>\n#15 0x558e5521f4b8 <unknown>\n#16 0x558e5521f693 <unknown>\n#17 0x558e55231613 <unknown>\n#18 0x7f684f29caa4 <unknown>\n#19 0x7f684f329c6c <unknown>",
        "time" : {
          "start" : 1760647362073,
          "stop" : 1760647372471,
          "duration" : 10398
        }
      }, {
        "uid" : "f303acb5296b508f",
        "reportUrl" : "https://Brain-up.github.io/auto-tests-python/713//#testresult/f303acb5296b508f",
        "status" : "skipped",
        "statusDetails" : "XFAIL\n\nselenium.common.exceptions.TimeoutException: Message: Can't find element by locator ('xpath', '//button[@data-test-active-link=\"Words\"]')\nStacktrace:\n#0 0x559582635fba <unknown>\n#1 0x5595820ba6d0 <unknown>\n#2 0x55958210c2aa <unknown>\n#3 0x55958210c541 <unknown>\n#4 0x55958215a6c4 <unknown>\n#5 0x559582131e5d <unknown>\n#6 0x559582157b54 <unknown>\n#7 0x559582131c03 <unknown>\n#8 0x5595820fe7a8 <unknown>\n#9 0x5595820ff421 <unknown>\n#10 0x5595825fab28 <unknown>\n#11 0x5595825fe87f <unknown>\n#12 0x5595825e2c49 <unknown>\n#13 0x5595825ff405 <unknown>\n#14 0x5595825c84ff <unknown>\n#15 0x559582623258 <unknown>\n#16 0x559582623432 <unknown>\n#17 0x559582634fa3 <unknown>\n#18 0x7fd73be9caa4 <unknown>\n#19 0x7fd73bf29c6c <unknown>",
        "time" : {
          "start" : 1760525430091,
          "stop" : 1760525440443,
          "duration" : 10352
        }
      }, {
        "uid" : "a2a730759c40cbc8",
        "reportUrl" : "https://Brain-up.github.io/auto-tests-python/712//#testresult/a2a730759c40cbc8",
        "status" : "skipped",
        "statusDetails" : "XFAIL\n\nselenium.common.exceptions.TimeoutException: Message: Can't find element by locator ('xpath', '//button[@data-test-active-link=\"Words\"]')\nStacktrace:\n#0 0x55797d7a0fba <unknown>\n#1 0x55797d2256d0 <unknown>\n#2 0x55797d2772aa <unknown>\n#3 0x55797d277541 <unknown>\n#4 0x55797d2c56c4 <unknown>\n#5 0x55797d29ce5d <unknown>\n#6 0x55797d2c2b54 <unknown>\n#7 0x55797d29cc03 <unknown>\n#8 0x55797d2697a8 <unknown>\n#9 0x55797d26a421 <unknown>\n#10 0x55797d765b28 <unknown>\n#11 0x55797d76987f <unknown>\n#12 0x55797d74dc49 <unknown>\n#13 0x55797d76a405 <unknown>\n#14 0x55797d7334ff <unknown>\n#15 0x55797d78e258 <unknown>\n#16 0x55797d78e432 <unknown>\n#17 0x55797d79ffa3 <unknown>\n#18 0x7fa944c9caa4 <unknown>\n#19 0x7fa944d29c6c <unknown>",
        "time" : {
          "start" : 1760437469703,
          "stop" : 1760437480066,
          "duration" : 10363
        }
      }, {
        "uid" : "21b0452221b09bb7",
        "reportUrl" : "https://Brain-up.github.io/auto-tests-python/711//#testresult/21b0452221b09bb7",
        "status" : "skipped",
        "statusDetails" : "XFAIL\n\nselenium.common.exceptions.TimeoutException: Message: Can't find element by locator ('xpath', '//button[@data-test-active-link=\"Words\"]')\nStacktrace:\n#0 0x563c2e564fba <unknown>\n#1 0x563c2dfe96d0 <unknown>\n#2 0x563c2e03b2aa <unknown>\n#3 0x563c2e03b541 <unknown>\n#4 0x563c2e0896c4 <unknown>\n#5 0x563c2e060e5d <unknown>\n#6 0x563c2e086b54 <unknown>\n#7 0x563c2e060c03 <unknown>\n#8 0x563c2e02d7a8 <unknown>\n#9 0x563c2e02e421 <unknown>\n#10 0x563c2e529b28 <unknown>\n#11 0x563c2e52d87f <unknown>\n#12 0x563c2e511c49 <unknown>\n#13 0x563c2e52e405 <unknown>\n#14 0x563c2e4f74ff <unknown>\n#15 0x563c2e552258 <unknown>\n#16 0x563c2e552432 <unknown>\n#17 0x563c2e563fa3 <unknown>\n#18 0x7f00d0c9caa4 <unknown>\n#19 0x7f00d0d29c6c <unknown>",
        "time" : {
          "start" : 1760305180080,
          "stop" : 1760305190412,
          "duration" : 10332
        }
      }, {
        "uid" : "fc2115ae3bed62bc",
        "reportUrl" : "https://Brain-up.github.io/auto-tests-python/710//#testresult/fc2115ae3bed62bc",
        "status" : "skipped",
        "statusDetails" : "XFAIL\n\nselenium.common.exceptions.TimeoutException: Message: Can't find element by locator ('xpath', '//button[@data-test-active-link=\"Words\"]')\nStacktrace:\n#0 0x563167fd7fba <unknown>\n#1 0x563167a5c6d0 <unknown>\n#2 0x563167aae2aa <unknown>\n#3 0x563167aae541 <unknown>\n#4 0x563167afc6c4 <unknown>\n#5 0x563167ad3e5d <unknown>\n#6 0x563167af9b54 <unknown>\n#7 0x563167ad3c03 <unknown>\n#8 0x563167aa07a8 <unknown>\n#9 0x563167aa1421 <unknown>\n#10 0x563167f9cb28 <unknown>\n#11 0x563167fa087f <unknown>\n#12 0x563167f84c49 <unknown>\n#13 0x563167fa1405 <unknown>\n#14 0x563167f6a4ff <unknown>\n#15 0x563167fc5258 <unknown>\n#16 0x563167fc5432 <unknown>\n#17 0x563167fd6fa3 <unknown>\n#18 0x7f20bbe9caa4 <unknown>\n#19 0x7f20bbf29c6c <unknown>",
        "time" : {
          "start" : 1760298441840,
          "stop" : 1760298452174,
          "duration" : 10334
        }
      }, {
        "uid" : "e29c0403b57c3df3",
        "reportUrl" : "https://Brain-up.github.io/auto-tests-python/709//#testresult/e29c0403b57c3df3",
        "status" : "skipped",
        "statusDetails" : "XFAIL\n\nselenium.common.exceptions.TimeoutException: Message: Can't find element by locator ('xpath', '//button[@data-test-active-link=\"Words\"]')\nStacktrace:\n#0 0x5581e2b1efba <unknown>\n#1 0x5581e25a36d0 <unknown>\n#2 0x5581e25f52aa <unknown>\n#3 0x5581e25f5541 <unknown>\n#4 0x5581e26436c4 <unknown>\n#5 0x5581e261ae5d <unknown>\n#6 0x5581e2640b54 <unknown>\n#7 0x5581e261ac03 <unknown>\n#8 0x5581e25e77a8 <unknown>\n#9 0x5581e25e8421 <unknown>\n#10 0x5581e2ae3b28 <unknown>\n#11 0x5581e2ae787f <unknown>\n#12 0x5581e2acbc49 <unknown>\n#13 0x5581e2ae8405 <unknown>\n#14 0x5581e2ab14ff <unknown>\n#15 0x5581e2b0c258 <unknown>\n#16 0x5581e2b0c432 <unknown>\n#17 0x5581e2b1dfa3 <unknown>\n#18 0x7efea1c9caa4 <unknown>\n#19 0x7efea1d29c6c <unknown>",
        "time" : {
          "start" : 1760132865879,
          "stop" : 1760132876172,
          "duration" : 10293
        }
      }, {
        "uid" : "a1f4aad125bb3007",
        "reportUrl" : "https://Brain-up.github.io/auto-tests-python/708//#testresult/a1f4aad125bb3007",
        "status" : "skipped",
        "statusDetails" : "XFAIL\n\nselenium.common.exceptions.TimeoutException: Message: Can't find element by locator ('xpath', '//button[@data-test-active-link=\"Words\"]')\nStacktrace:\n#0 0x559d2178cfba <unknown>\n#1 0x559d212116d0 <unknown>\n#2 0x559d212632aa <unknown>\n#3 0x559d21263541 <unknown>\n#4 0x559d212b16c4 <unknown>\n#5 0x559d21288e5d <unknown>\n#6 0x559d212aeb54 <unknown>\n#7 0x559d21288c03 <unknown>\n#8 0x559d212557a8 <unknown>\n#9 0x559d21256421 <unknown>\n#10 0x559d21751b28 <unknown>\n#11 0x559d2175587f <unknown>\n#12 0x559d21739c49 <unknown>\n#13 0x559d21756405 <unknown>\n#14 0x559d2171f4ff <unknown>\n#15 0x559d2177a258 <unknown>\n#16 0x559d2177a432 <unknown>\n#17 0x559d2178bfa3 <unknown>\n#18 0x7f1a9dc9caa4 <unknown>\n#19 0x7f1a9dd29c6c <unknown>",
        "time" : {
          "start" : 1760097019327,
          "stop" : 1760097029669,
          "duration" : 10342
        }
      }, {
        "uid" : "d1cd74c3a9986920",
        "reportUrl" : "https://Brain-up.github.io/auto-tests-python/707//#testresult/d1cd74c3a9986920",
        "status" : "skipped",
        "statusDetails" : "XFAIL\n\nselenium.common.exceptions.TimeoutException: Message: Can't find element by locator ('xpath', '//button[@data-test-active-link=\"Words\"]')\nStacktrace:\n#0 0x55d92f07afba <unknown>\n#1 0x55d92eaff6d0 <unknown>\n#2 0x55d92eb512aa <unknown>\n#3 0x55d92eb51541 <unknown>\n#4 0x55d92eb9f6c4 <unknown>\n#5 0x55d92eb76e5d <unknown>\n#6 0x55d92eb9cb54 <unknown>\n#7 0x55d92eb76c03 <unknown>\n#8 0x55d92eb437a8 <unknown>\n#9 0x55d92eb44421 <unknown>\n#10 0x55d92f03fb28 <unknown>\n#11 0x55d92f04387f <unknown>\n#12 0x55d92f027c49 <unknown>\n#13 0x55d92f044405 <unknown>\n#14 0x55d92f00d4ff <unknown>\n#15 0x55d92f068258 <unknown>\n#16 0x55d92f068432 <unknown>\n#17 0x55d92f079fa3 <unknown>\n#18 0x7fa70389caa4 <unknown>\n#19 0x7fa703929c6c <unknown>",
        "time" : {
          "start" : 1760031166208,
          "stop" : 1760031176611,
          "duration" : 10403
        }
      }, {
        "uid" : "73098548ca3e802b",
        "reportUrl" : "https://Brain-up.github.io/auto-tests-python/706//#testresult/73098548ca3e802b",
        "status" : "skipped",
        "statusDetails" : "XFAIL\n\nselenium.common.exceptions.TimeoutException: Message: Can't find element by locator ('xpath', '//button[@data-test-active-link=\"Words\"]')\nStacktrace:\n#0 0x55b9a85f3fba <unknown>\n#1 0x55b9a80786d0 <unknown>\n#2 0x55b9a80ca2aa <unknown>\n#3 0x55b9a80ca541 <unknown>\n#4 0x55b9a81186c4 <unknown>\n#5 0x55b9a80efe5d <unknown>\n#6 0x55b9a8115b54 <unknown>\n#7 0x55b9a80efc03 <unknown>\n#8 0x55b9a80bc7a8 <unknown>\n#9 0x55b9a80bd421 <unknown>\n#10 0x55b9a85b8b28 <unknown>\n#11 0x55b9a85bc87f <unknown>\n#12 0x55b9a85a0c49 <unknown>\n#13 0x55b9a85bd405 <unknown>\n#14 0x55b9a85864ff <unknown>\n#15 0x55b9a85e1258 <unknown>\n#16 0x55b9a85e1432 <unknown>\n#17 0x55b9a85f2fa3 <unknown>\n#18 0x7fef6949caa4 <unknown>\n#19 0x7fef69529c6c <unknown>",
        "time" : {
          "start" : 1759918598480,
          "stop" : 1759918608877,
          "duration" : 10397
        }
      }, {
        "uid" : "9ba3a09d71d4e7e5",
        "reportUrl" : "https://Brain-up.github.io/auto-tests-python/705//#testresult/9ba3a09d71d4e7e5",
        "status" : "skipped",
        "statusDetails" : "XFAIL\n\nselenium.common.exceptions.TimeoutException: Message: Can't find element by locator ('xpath', '//button[@data-test-active-link=\"Words\"]')\nStacktrace:\n#0 0x556b9faf1fba <unknown>\n#1 0x556b9f5766d0 <unknown>\n#2 0x556b9f5c82aa <unknown>\n#3 0x556b9f5c8541 <unknown>\n#4 0x556b9f6166c4 <unknown>\n#5 0x556b9f5ede5d <unknown>\n#6 0x556b9f613b54 <unknown>\n#7 0x556b9f5edc03 <unknown>\n#8 0x556b9f5ba7a8 <unknown>\n#9 0x556b9f5bb421 <unknown>\n#10 0x556b9fab6b28 <unknown>\n#11 0x556b9faba87f <unknown>\n#12 0x556b9fa9ec49 <unknown>\n#13 0x556b9fabb405 <unknown>\n#14 0x556b9fa844ff <unknown>\n#15 0x556b9fadf258 <unknown>\n#16 0x556b9fadf432 <unknown>\n#17 0x556b9faf0fa3 <unknown>\n#18 0x7f0779a9caa4 <unknown>\n#19 0x7f0779b29c6c <unknown>",
        "time" : {
          "start" : 1759833447355,
          "stop" : 1759833457688,
          "duration" : 10333
        }
      }, {
        "uid" : "31cd63ef00eeed19",
        "reportUrl" : "https://Brain-up.github.io/auto-tests-python/704//#testresult/31cd63ef00eeed19",
        "status" : "skipped",
        "statusDetails" : "XFAIL\n\nselenium.common.exceptions.TimeoutException: Message: Can't find element by locator ('xpath', '//button[@data-test-active-link=\"Words\"]')\nStacktrace:\n#0 0x55713adc5fba <unknown>\n#1 0x55713a84a6d0 <unknown>\n#2 0x55713a89c2aa <unknown>\n#3 0x55713a89c541 <unknown>\n#4 0x55713a8ea6c4 <unknown>\n#5 0x55713a8c1e5d <unknown>\n#6 0x55713a8e7b54 <unknown>\n#7 0x55713a8c1c03 <unknown>\n#8 0x55713a88e7a8 <unknown>\n#9 0x55713a88f421 <unknown>\n#10 0x55713ad8ab28 <unknown>\n#11 0x55713ad8e87f <unknown>\n#12 0x55713ad72c49 <unknown>\n#13 0x55713ad8f405 <unknown>\n#14 0x55713ad584ff <unknown>\n#15 0x55713adb3258 <unknown>\n#16 0x55713adb3432 <unknown>\n#17 0x55713adc4fa3 <unknown>\n#18 0x7f91c749caa4 <unknown>\n#19 0x7f91c7529c6c <unknown>",
        "time" : {
          "start" : 1759751099761,
          "stop" : 1759751110121,
          "duration" : 10360
        }
      }, {
        "uid" : "8882ba2d5bec9cc4",
        "reportUrl" : "https://Brain-up.github.io/auto-tests-python/703//#testresult/8882ba2d5bec9cc4",
        "status" : "skipped",
        "statusDetails" : "XFAIL\n\nselenium.common.exceptions.TimeoutException: Message: Can't find element by locator ('xpath', '//button[@data-test-active-link=\"Words\"]')\nStacktrace:\n#0 0x557c1e1b1fba <unknown>\n#1 0x557c1dc366d0 <unknown>\n#2 0x557c1dc882aa <unknown>\n#3 0x557c1dc88541 <unknown>\n#4 0x557c1dcd66c4 <unknown>\n#5 0x557c1dcade5d <unknown>\n#6 0x557c1dcd3b54 <unknown>\n#7 0x557c1dcadc03 <unknown>\n#8 0x557c1dc7a7a8 <unknown>\n#9 0x557c1dc7b421 <unknown>\n#10 0x557c1e176b28 <unknown>\n#11 0x557c1e17a87f <unknown>\n#12 0x557c1e15ec49 <unknown>\n#13 0x557c1e17b405 <unknown>\n#14 0x557c1e1444ff <unknown>\n#15 0x557c1e19f258 <unknown>\n#16 0x557c1e19f432 <unknown>\n#17 0x557c1e1b0fa3 <unknown>\n#18 0x7f146be9caa4 <unknown>\n#19 0x7f146bf29c6c <unknown>",
        "time" : {
          "start" : 1759614695337,
          "stop" : 1759614705717,
          "duration" : 10380
        }
      } ]
    },
    "tags" : [ "@pytest.mark.xfail" ]
  },
  "source" : "8240c6dcf92e581f.json",
  "parameterValues" : [ ]
}