{
  "uid" : "16af3c5b9486f0f4",
  "name" : "Solutions to a random task in the \"Слова\" group and comparison of statics.",
  "fullName" : "tests.test_speech_exercises_ru.TestCardsRU#test_solve_word_cards_with_statistic_ru",
  "historyId" : "0fb6881b2015244903bd7785af7503a6",
  "time" : {
    "start" : 1748568438353,
    "stop" : 1748568458526,
    "duration" : 20173
  },
  "status" : "skipped",
  "statusMessage" : "XFAIL\n\nselenium.common.exceptions.TimeoutException: Message: Can't find element by locator ('xpath', '//div[@class=\"__51e19\"]')\nStacktrace:\n#0 0x55f2ae36378a <unknown>\n#1 0x55f2ade060a0 <unknown>\n#2 0x55f2ade579b0 <unknown>\n#3 0x55f2ade57ba1 <unknown>\n#4 0x55f2adea5ea4 <unknown>\n#5 0x55f2ade7d3cd <unknown>\n#6 0x55f2adea32a0 <unknown>\n#7 0x55f2ade7d173 <unknown>\n#8 0x55f2ade49d4b <unknown>\n#9 0x55f2ade4a9b1 <unknown>\n#10 0x55f2ae32893b <unknown>\n#11 0x55f2ae32c83a <unknown>\n#12 0x55f2ae310692 <unknown>\n#13 0x55f2ae32d3c4 <unknown>\n#14 0x55f2ae2f54cf <unknown>\n#15 0x55f2ae351568 <unknown>\n#16 0x55f2ae351746 <unknown>\n#17 0x55f2ae3625f6 <unknown>\n#18 0x7f685829caa4 <unknown>\n#19 0x7f6858329c3c <unknown>",
  "statusTrace" : "self = <tests.test_speech_exercises_ru.TestCardsRU object at 0x7ff9d60a85c0>\ndriver = <selenium.webdriver.chrome.webdriver.WebDriver (session=\"9332ca281a2887a632a1c3e1c8b3a9fe\")>\ndefault_user_authorized = None\n\n    @pytest.mark.xfail\n    @allure.suite(\"Речевые упражнения.\")\n    @allure.title('Solutions to a random task in the \"Слова\" group and comparison of statics.')\n    def test_solve_word_cards_with_statistic_ru(self, driver, default_user_authorized):\n        page = SpeechExercisesPageRU(driver)\n        page.click_button_ru()\n>       table = page.get_statistic_data()\n\ntests/test_speech_exercises_ru.py:165: \n_ _ _ _ _ _ _ _ _ _ _ _ _ _ _ _ _ _ _ _ _ _ _ _ _ _ _ _ _ _ _ _ _ _ _ _ _ _ _ _ \npages/speech_exercises_page_ru.py:174: in get_statistic_data\n    table = self.element_is_present(self.locators.AuthorizedUserHomePageLocators.STATISTIC_TABLE)\npages/base_page.py:32: in element_is_present\n    return Wait(self.driver, self.timeout).until(\n_ _ _ _ _ _ _ _ _ _ _ _ _ _ _ _ _ _ _ _ _ _ _ _ _ _ _ _ _ _ _ _ _ _ _ _ _ _ _ _ \n\nself = <selenium.webdriver.support.wait.WebDriverWait (session=\"9332ca281a2887a632a1c3e1c8b3a9fe\")>\nmethod = <function presence_of_element_located.<locals>._predicate at 0x7ff9d5f4bb00>\nmessage = 'Can\\'t find element by locator (\\'xpath\\', \\'//div[@class=\"__51e19\"]\\')'\n\n    def until(self, method, message: str = \"\"):\n        \"\"\"Calls the method provided with the driver as an argument until the \\\n        return value does not evaluate to ``False``.\n    \n        :param method: callable(WebDriver)\n        :param message: optional message for :exc:`TimeoutException`\n        :returns: the result of the last call to `method`\n        :raises: :exc:`selenium.common.exceptions.TimeoutException` if timeout occurs\n        \"\"\"\n        screen = None\n        stacktrace = None\n    \n        end_time = time.monotonic() + self._timeout\n        while True:\n            try:\n                value = method(self._driver)\n                if value:\n                    return value\n            except self._ignored_exceptions as exc:\n                screen = getattr(exc, \"screen\", None)\n                stacktrace = getattr(exc, \"stacktrace\", None)\n            time.sleep(self._poll)\n            if time.monotonic() > end_time:\n                break\n>       raise TimeoutException(message, screen, stacktrace)\nE       selenium.common.exceptions.TimeoutException: Message: Can't find element by locator ('xpath', '//div[@class=\"__51e19\"]')\nE       Stacktrace:\nE       #0 0x55f2ae36378a <unknown>\nE       #1 0x55f2ade060a0 <unknown>\nE       #2 0x55f2ade579b0 <unknown>\nE       #3 0x55f2ade57ba1 <unknown>\nE       #4 0x55f2adea5ea4 <unknown>\nE       #5 0x55f2ade7d3cd <unknown>\nE       #6 0x55f2adea32a0 <unknown>\nE       #7 0x55f2ade7d173 <unknown>\nE       #8 0x55f2ade49d4b <unknown>\nE       #9 0x55f2ade4a9b1 <unknown>\nE       #10 0x55f2ae32893b <unknown>\nE       #11 0x55f2ae32c83a <unknown>\nE       #12 0x55f2ae310692 <unknown>\nE       #13 0x55f2ae32d3c4 <unknown>\nE       #14 0x55f2ae2f54cf <unknown>\nE       #15 0x55f2ae351568 <unknown>\nE       #16 0x55f2ae351746 <unknown>\nE       #17 0x55f2ae3625f6 <unknown>\nE       #18 0x7f685829caa4 <unknown>\nE       #19 0x7f6858329c3c <unknown>\n\n/opt/hostedtoolcache/Python/3.12.10/x64/lib/python3.12/site-packages/selenium/webdriver/support/wait.py:95: TimeoutException",
  "flaky" : false,
  "newFailed" : false,
  "beforeStages" : [ {
    "name" : "clear_allure_results_folder",
    "time" : {
      "start" : 1748567023531,
      "stop" : 1748567023531,
      "duration" : 0
    },
    "status" : "passed",
    "steps" : [ ],
    "attachments" : [ ],
    "parameters" : [ ],
    "stepsCount" : 0,
    "attachmentsCount" : 0,
    "shouldDisplayMessage" : false,
    "hasContent" : false
  }, {
    "name" : "main_page_open",
    "time" : {
      "start" : 1748568433221,
      "stop" : 1748568435925,
      "duration" : 2704
    },
    "status" : "passed",
    "steps" : [ {
      "name" : "Open page: https://www.brainup.site/",
      "time" : {
        "start" : 1748568433222,
        "stop" : 1748568435925,
        "duration" : 2703
      },
      "status" : "passed",
      "steps" : [ ],
      "attachments" : [ ],
      "parameters" : [ {
        "name" : "driver",
        "value" : "<selenium.webdriver.chrome.webdriver.WebDriver (session=\"9332ca281a2887a632a1c3e1c8b3a9fe\")>"
      } ],
      "stepsCount" : 0,
      "attachmentsCount" : 0,
      "shouldDisplayMessage" : false,
      "hasContent" : true
    } ],
    "attachments" : [ ],
    "parameters" : [ ],
    "stepsCount" : 1,
    "attachmentsCount" : 0,
    "shouldDisplayMessage" : false,
    "hasContent" : true
  }, {
    "name" : "driver",
    "time" : {
      "start" : 1748568432404,
      "stop" : 1748568433221,
      "duration" : 817
    },
    "status" : "passed",
    "steps" : [ ],
    "attachments" : [ ],
    "parameters" : [ ],
    "stepsCount" : 0,
    "attachmentsCount" : 0,
    "shouldDisplayMessage" : false,
    "hasContent" : false
  }, {
    "name" : "default_user_authorized",
    "time" : {
      "start" : 1748568435925,
      "stop" : 1748568438353,
      "duration" : 2428
    },
    "status" : "passed",
    "steps" : [ {
      "name" : "DEFAULT user authorized",
      "time" : {
        "start" : 1748568435925,
        "stop" : 1748568438353,
        "duration" : 2428
      },
      "status" : "passed",
      "steps" : [ {
        "name" : "Check url is present: https://www.brainup.site/groups",
        "time" : {
          "start" : 1748568436314,
          "stop" : 1748568438331,
          "duration" : 2017
        },
        "status" : "passed",
        "steps" : [ ],
        "attachments" : [ ],
        "parameters" : [ ],
        "stepsCount" : 0,
        "attachmentsCount" : 0,
        "shouldDisplayMessage" : false,
        "hasContent" : false
      }, {
        "name" : "Loader checking",
        "time" : {
          "start" : 1748568438331,
          "stop" : 1748568438353,
          "duration" : 22
        },
        "status" : "passed",
        "steps" : [ ],
        "attachments" : [ ],
        "parameters" : [ ],
        "stepsCount" : 0,
        "attachmentsCount" : 0,
        "shouldDisplayMessage" : false,
        "hasContent" : false
      } ],
      "attachments" : [ ],
      "parameters" : [ {
        "name" : "driver",
        "value" : "<selenium.webdriver.chrome.webdriver.WebDriver (session=\"9332ca281a2887a632a1c3e1c8b3a9fe\")>"
      }, {
        "name" : "main_page_open",
        "value" : "None"
      } ],
      "stepsCount" : 2,
      "attachmentsCount" : 0,
      "shouldDisplayMessage" : false,
      "hasContent" : true
    } ],
    "attachments" : [ ],
    "parameters" : [ ],
    "stepsCount" : 3,
    "attachmentsCount" : 0,
    "shouldDisplayMessage" : false,
    "hasContent" : true
  } ],
  "testStage" : {
    "status" : "skipped",
    "statusMessage" : "XFAIL\n\nselenium.common.exceptions.TimeoutException: Message: Can't find element by locator ('xpath', '//div[@class=\"__51e19\"]')\nStacktrace:\n#0 0x55f2ae36378a <unknown>\n#1 0x55f2ade060a0 <unknown>\n#2 0x55f2ade579b0 <unknown>\n#3 0x55f2ade57ba1 <unknown>\n#4 0x55f2adea5ea4 <unknown>\n#5 0x55f2ade7d3cd <unknown>\n#6 0x55f2adea32a0 <unknown>\n#7 0x55f2ade7d173 <unknown>\n#8 0x55f2ade49d4b <unknown>\n#9 0x55f2ade4a9b1 <unknown>\n#10 0x55f2ae32893b <unknown>\n#11 0x55f2ae32c83a <unknown>\n#12 0x55f2ae310692 <unknown>\n#13 0x55f2ae32d3c4 <unknown>\n#14 0x55f2ae2f54cf <unknown>\n#15 0x55f2ae351568 <unknown>\n#16 0x55f2ae351746 <unknown>\n#17 0x55f2ae3625f6 <unknown>\n#18 0x7f685829caa4 <unknown>\n#19 0x7f6858329c3c <unknown>",
    "statusTrace" : "self = <tests.test_speech_exercises_ru.TestCardsRU object at 0x7ff9d60a85c0>\ndriver = <selenium.webdriver.chrome.webdriver.WebDriver (session=\"9332ca281a2887a632a1c3e1c8b3a9fe\")>\ndefault_user_authorized = None\n\n    @pytest.mark.xfail\n    @allure.suite(\"Речевые упражнения.\")\n    @allure.title('Solutions to a random task in the \"Слова\" group and comparison of statics.')\n    def test_solve_word_cards_with_statistic_ru(self, driver, default_user_authorized):\n        page = SpeechExercisesPageRU(driver)\n        page.click_button_ru()\n>       table = page.get_statistic_data()\n\ntests/test_speech_exercises_ru.py:165: \n_ _ _ _ _ _ _ _ _ _ _ _ _ _ _ _ _ _ _ _ _ _ _ _ _ _ _ _ _ _ _ _ _ _ _ _ _ _ _ _ \npages/speech_exercises_page_ru.py:174: in get_statistic_data\n    table = self.element_is_present(self.locators.AuthorizedUserHomePageLocators.STATISTIC_TABLE)\npages/base_page.py:32: in element_is_present\n    return Wait(self.driver, self.timeout).until(\n_ _ _ _ _ _ _ _ _ _ _ _ _ _ _ _ _ _ _ _ _ _ _ _ _ _ _ _ _ _ _ _ _ _ _ _ _ _ _ _ \n\nself = <selenium.webdriver.support.wait.WebDriverWait (session=\"9332ca281a2887a632a1c3e1c8b3a9fe\")>\nmethod = <function presence_of_element_located.<locals>._predicate at 0x7ff9d5f4bb00>\nmessage = 'Can\\'t find element by locator (\\'xpath\\', \\'//div[@class=\"__51e19\"]\\')'\n\n    def until(self, method, message: str = \"\"):\n        \"\"\"Calls the method provided with the driver as an argument until the \\\n        return value does not evaluate to ``False``.\n    \n        :param method: callable(WebDriver)\n        :param message: optional message for :exc:`TimeoutException`\n        :returns: the result of the last call to `method`\n        :raises: :exc:`selenium.common.exceptions.TimeoutException` if timeout occurs\n        \"\"\"\n        screen = None\n        stacktrace = None\n    \n        end_time = time.monotonic() + self._timeout\n        while True:\n            try:\n                value = method(self._driver)\n                if value:\n                    return value\n            except self._ignored_exceptions as exc:\n                screen = getattr(exc, \"screen\", None)\n                stacktrace = getattr(exc, \"stacktrace\", None)\n            time.sleep(self._poll)\n            if time.monotonic() > end_time:\n                break\n>       raise TimeoutException(message, screen, stacktrace)\nE       selenium.common.exceptions.TimeoutException: Message: Can't find element by locator ('xpath', '//div[@class=\"__51e19\"]')\nE       Stacktrace:\nE       #0 0x55f2ae36378a <unknown>\nE       #1 0x55f2ade060a0 <unknown>\nE       #2 0x55f2ade579b0 <unknown>\nE       #3 0x55f2ade57ba1 <unknown>\nE       #4 0x55f2adea5ea4 <unknown>\nE       #5 0x55f2ade7d3cd <unknown>\nE       #6 0x55f2adea32a0 <unknown>\nE       #7 0x55f2ade7d173 <unknown>\nE       #8 0x55f2ade49d4b <unknown>\nE       #9 0x55f2ade4a9b1 <unknown>\nE       #10 0x55f2ae32893b <unknown>\nE       #11 0x55f2ae32c83a <unknown>\nE       #12 0x55f2ae310692 <unknown>\nE       #13 0x55f2ae32d3c4 <unknown>\nE       #14 0x55f2ae2f54cf <unknown>\nE       #15 0x55f2ae351568 <unknown>\nE       #16 0x55f2ae351746 <unknown>\nE       #17 0x55f2ae3625f6 <unknown>\nE       #18 0x7f685829caa4 <unknown>\nE       #19 0x7f6858329c3c <unknown>\n\n/opt/hostedtoolcache/Python/3.12.10/x64/lib/python3.12/site-packages/selenium/webdriver/support/wait.py:95: TimeoutException",
    "steps" : [ {
      "name" : "click_button RU",
      "time" : {
        "start" : 1748568438353,
        "stop" : 1748568438421,
        "duration" : 68
      },
      "status" : "passed",
      "steps" : [ {
        "name" : "Click button \"RU\".",
        "time" : {
          "start" : 1748568438353,
          "stop" : 1748568438421,
          "duration" : 68
        },
        "status" : "passed",
        "steps" : [ ],
        "attachments" : [ ],
        "parameters" : [ ],
        "stepsCount" : 0,
        "attachmentsCount" : 0,
        "shouldDisplayMessage" : false,
        "hasContent" : false
      } ],
      "attachments" : [ ],
      "parameters" : [ ],
      "stepsCount" : 1,
      "attachmentsCount" : 0,
      "shouldDisplayMessage" : false,
      "hasContent" : true
    }, {
      "name" : "get_statistic_data",
      "time" : {
        "start" : 1748568438421,
        "stop" : 1748568458526,
        "duration" : 20105
      },
      "status" : "broken",
      "statusMessage" : "selenium.common.exceptions.TimeoutException: Message: Can't find element by locator ('xpath', '//div[@class=\"__51e19\"]')\nStacktrace:\n#0 0x55f2ae36378a <unknown>\n#1 0x55f2ade060a0 <unknown>\n#2 0x55f2ade579b0 <unknown>\n#3 0x55f2ade57ba1 <unknown>\n#4 0x55f2adea5ea4 <unknown>\n#5 0x55f2ade7d3cd <unknown>\n#6 0x55f2adea32a0 <unknown>\n#7 0x55f2ade7d173 <unknown>\n#8 0x55f2ade49d4b <unknown>\n#9 0x55f2ade4a9b1 <unknown>\n#10 0x55f2ae32893b <unknown>\n#11 0x55f2ae32c83a <unknown>\n#12 0x55f2ae310692 <unknown>\n#13 0x55f2ae32d3c4 <unknown>\n#14 0x55f2ae2f54cf <unknown>\n#15 0x55f2ae351568 <unknown>\n#16 0x55f2ae351746 <unknown>\n#17 0x55f2ae3625f6 <unknown>\n#18 0x7f685829caa4 <unknown>\n#19 0x7f6858329c3c <unknown>\n\n",
      "statusTrace" : "  File \"/opt/hostedtoolcache/Python/3.12.10/x64/lib/python3.12/site-packages/allure_commons/_allure.py\", line 192, in impl\n    return func(*a, **kw)\n           ^^^^^^^^^^^^^^\n  File \"/home/runner/work/auto-tests-python/auto-tests-python/pages/speech_exercises_page_ru.py\", line 174, in get_statistic_data\n    table = self.element_is_present(self.locators.AuthorizedUserHomePageLocators.STATISTIC_TABLE)\n            ^^^^^^^^^^^^^^^^^^^^^^^^^^^^^^^^^^^^^^^^^^^^^^^^^^^^^^^^^^^^^^^^^^^^^^^^^^^^^^^^^^^^^\n  File \"/home/runner/work/auto-tests-python/auto-tests-python/pages/base_page.py\", line 32, in element_is_present\n    return Wait(self.driver, self.timeout).until(\n           ^^^^^^^^^^^^^^^^^^^^^^^^^^^^^^^^^^^^^^\n  File \"/opt/hostedtoolcache/Python/3.12.10/x64/lib/python3.12/site-packages/selenium/webdriver/support/wait.py\", line 95, in until\n    raise TimeoutException(message, screen, stacktrace)\n",
      "steps" : [ {
        "name" : "Click button \"Статистика\"\".",
        "time" : {
          "start" : 1748568438421,
          "stop" : 1748568438495,
          "duration" : 74
        },
        "status" : "passed",
        "steps" : [ ],
        "attachments" : [ ],
        "parameters" : [ ],
        "stepsCount" : 0,
        "attachmentsCount" : 0,
        "shouldDisplayMessage" : false,
        "hasContent" : false
      }, {
        "name" : "Check statistic table is present and scroll to table",
        "time" : {
          "start" : 1748568438495,
          "stop" : 1748568458525,
          "duration" : 20030
        },
        "status" : "broken",
        "statusMessage" : "selenium.common.exceptions.TimeoutException: Message: Can't find element by locator ('xpath', '//div[@class=\"__51e19\"]')\nStacktrace:\n#0 0x55f2ae36378a <unknown>\n#1 0x55f2ade060a0 <unknown>\n#2 0x55f2ade579b0 <unknown>\n#3 0x55f2ade57ba1 <unknown>\n#4 0x55f2adea5ea4 <unknown>\n#5 0x55f2ade7d3cd <unknown>\n#6 0x55f2adea32a0 <unknown>\n#7 0x55f2ade7d173 <unknown>\n#8 0x55f2ade49d4b <unknown>\n#9 0x55f2ade4a9b1 <unknown>\n#10 0x55f2ae32893b <unknown>\n#11 0x55f2ae32c83a <unknown>\n#12 0x55f2ae310692 <unknown>\n#13 0x55f2ae32d3c4 <unknown>\n#14 0x55f2ae2f54cf <unknown>\n#15 0x55f2ae351568 <unknown>\n#16 0x55f2ae351746 <unknown>\n#17 0x55f2ae3625f6 <unknown>\n#18 0x7f685829caa4 <unknown>\n#19 0x7f6858329c3c <unknown>\n\n",
        "statusTrace" : "  File \"/home/runner/work/auto-tests-python/auto-tests-python/pages/speech_exercises_page_ru.py\", line 174, in get_statistic_data\n    table = self.element_is_present(self.locators.AuthorizedUserHomePageLocators.STATISTIC_TABLE)\n            ^^^^^^^^^^^^^^^^^^^^^^^^^^^^^^^^^^^^^^^^^^^^^^^^^^^^^^^^^^^^^^^^^^^^^^^^^^^^^^^^^^^^^\n  File \"/home/runner/work/auto-tests-python/auto-tests-python/pages/base_page.py\", line 32, in element_is_present\n    return Wait(self.driver, self.timeout).until(\n           ^^^^^^^^^^^^^^^^^^^^^^^^^^^^^^^^^^^^^^\n  File \"/opt/hostedtoolcache/Python/3.12.10/x64/lib/python3.12/site-packages/selenium/webdriver/support/wait.py\", line 95, in until\n    raise TimeoutException(message, screen, stacktrace)\n",
        "steps" : [ ],
        "attachments" : [ ],
        "parameters" : [ ],
        "stepsCount" : 0,
        "attachmentsCount" : 0,
        "shouldDisplayMessage" : true,
        "hasContent" : true
      } ],
      "attachments" : [ ],
      "parameters" : [ ],
      "stepsCount" : 2,
      "attachmentsCount" : 0,
      "shouldDisplayMessage" : false,
      "hasContent" : true
    } ],
    "attachments" : [ ],
    "parameters" : [ ],
    "stepsCount" : 5,
    "attachmentsCount" : 0,
    "shouldDisplayMessage" : true,
    "hasContent" : true
  },
  "afterStages" : [ {
    "name" : "driver::0",
    "time" : {
      "start" : 1748568458540,
      "stop" : 1748568458607,
      "duration" : 67
    },
    "status" : "passed",
    "steps" : [ ],
    "attachments" : [ ],
    "parameters" : [ ],
    "stepsCount" : 0,
    "attachmentsCount" : 0,
    "shouldDisplayMessage" : false,
    "hasContent" : false
  } ],
  "labels" : [ {
    "name" : "suite",
    "value" : "Речевые упражнения."
  }, {
    "name" : "epic",
    "value" : "Speech exercises."
  }, {
    "name" : "tag",
    "value" : "@pytest.mark.xfail"
  }, {
    "name" : "parentSuite",
    "value" : "tests"
  }, {
    "name" : "subSuite",
    "value" : "TestCardsRU"
  }, {
    "name" : "host",
    "value" : "pkrvmf6wy0o8zjz"
  }, {
    "name" : "thread",
    "value" : "2558-MainThread"
  }, {
    "name" : "framework",
    "value" : "pytest"
  }, {
    "name" : "language",
    "value" : "cpython3"
  }, {
    "name" : "package",
    "value" : "tests.test_speech_exercises_ru"
  }, {
    "name" : "resultFormat",
    "value" : "allure2"
  } ],
  "parameters" : [ ],
  "links" : [ ],
  "hidden" : false,
  "retry" : false,
  "extra" : {
    "severity" : "normal",
    "retries" : [ ],
    "categories" : [ ],
    "history" : {
      "statistic" : {
        "failed" : 0,
        "broken" : 0,
        "skipped" : 184,
        "passed" : 0,
        "unknown" : 0,
        "total" : 184
      },
      "items" : [ {
        "uid" : "1446b3b999d7ee14",
        "reportUrl" : "https://Brain-up.github.io/auto-tests-python/584//#testresult/1446b3b999d7ee14",
        "status" : "skipped",
        "statusDetails" : "XFAIL\n\nselenium.common.exceptions.TimeoutException: Message: Can't find element by locator ('xpath', '//div[@class=\"__51e19\"]')\nStacktrace:\n#0 0x556d6a10878a <unknown>\n#1 0x556d69bab0a0 <unknown>\n#2 0x556d69bfc9b0 <unknown>\n#3 0x556d69bfcba1 <unknown>\n#4 0x556d69c4aea4 <unknown>\n#5 0x556d69c223cd <unknown>\n#6 0x556d69c482a0 <unknown>\n#7 0x556d69c22173 <unknown>\n#8 0x556d69beed4b <unknown>\n#9 0x556d69bef9b1 <unknown>\n#10 0x556d6a0cd93b <unknown>\n#11 0x556d6a0d183a <unknown>\n#12 0x556d6a0b5692 <unknown>\n#13 0x556d6a0d23c4 <unknown>\n#14 0x556d6a09a4cf <unknown>\n#15 0x556d6a0f6568 <unknown>\n#16 0x556d6a0f6746 <unknown>\n#17 0x556d6a1075f6 <unknown>\n#18 0x7f03aca9caa4 <unknown>\n#19 0x7f03acb29c3c <unknown>",
        "time" : {
          "start" : 1748513929068,
          "stop" : 1748513949257,
          "duration" : 20189
        }
      }, {
        "uid" : "73668e286159f65d",
        "reportUrl" : "https://Brain-up.github.io/auto-tests-python/379//#testresult/73668e286159f65d",
        "status" : "skipped",
        "statusDetails" : "XFAIL\n\nselenium.common.exceptions.TimeoutException: Message: Can't find element by locator ('xpath', '//div[@class=\"__51e19\"]')\nStacktrace:\n#0 0x55c3c99a778a <unknown>\n#1 0x55c3c944a0a0 <unknown>\n#2 0x55c3c949b9b0 <unknown>\n#3 0x55c3c949bba1 <unknown>\n#4 0x55c3c94e9ea4 <unknown>\n#5 0x55c3c94c13cd <unknown>\n#6 0x55c3c94e72a0 <unknown>\n#7 0x55c3c94c1173 <unknown>\n#8 0x55c3c948dd4b <unknown>\n#9 0x55c3c948e9b1 <unknown>\n#10 0x55c3c996c93b <unknown>\n#11 0x55c3c997083a <unknown>\n#12 0x55c3c9954692 <unknown>\n#13 0x55c3c99713c4 <unknown>\n#14 0x55c3c99394cf <unknown>\n#15 0x55c3c9995568 <unknown>\n#16 0x55c3c9995746 <unknown>\n#17 0x55c3c99a65f6 <unknown>\n#18 0x7f42d089caa4 <unknown>\n#19 0x7f42d0929c3c <unknown>",
        "time" : {
          "start" : 1748482237976,
          "stop" : 1748482258139,
          "duration" : 20163
        }
      }, {
        "uid" : "65d5cec808f5c886",
        "reportUrl" : "https://Brain-up.github.io/auto-tests-python/583//#testresult/65d5cec808f5c886",
        "status" : "skipped",
        "statusDetails" : "XFAIL\n\nselenium.common.exceptions.TimeoutException: Message: Can't find element by locator ('xpath', '//div[@class=\"__51e19\"]')\nStacktrace:\n#0 0x56383ceb778a <unknown>\n#1 0x56383c95a0a0 <unknown>\n#2 0x56383c9ab9b0 <unknown>\n#3 0x56383c9abba1 <unknown>\n#4 0x56383c9f9ea4 <unknown>\n#5 0x56383c9d13cd <unknown>\n#6 0x56383c9f72a0 <unknown>\n#7 0x56383c9d1173 <unknown>\n#8 0x56383c99dd4b <unknown>\n#9 0x56383c99e9b1 <unknown>\n#10 0x56383ce7c93b <unknown>\n#11 0x56383ce8083a <unknown>\n#12 0x56383ce64692 <unknown>\n#13 0x56383ce813c4 <unknown>\n#14 0x56383ce494cf <unknown>\n#15 0x56383cea5568 <unknown>\n#16 0x56383cea5746 <unknown>\n#17 0x56383ceb65f6 <unknown>\n#18 0x7f592249caa4 <unknown>\n#19 0x7f5922529c3c <unknown>",
        "time" : {
          "start" : 1748452878293,
          "stop" : 1748452898447,
          "duration" : 20154
        }
      }, {
        "uid" : "c4d8851cde726209",
        "reportUrl" : "https://Brain-up.github.io/auto-tests-python/378//#testresult/c4d8851cde726209",
        "status" : "skipped",
        "statusDetails" : "XFAIL\n\nselenium.common.exceptions.TimeoutException: Message: Can't find element by locator ('xpath', '//div[@class=\"__51e19\"]')\nStacktrace:\n#0 0x5601808e178a <unknown>\n#1 0x5601803840a0 <unknown>\n#2 0x5601803d59b0 <unknown>\n#3 0x5601803d5ba1 <unknown>\n#4 0x560180423ea4 <unknown>\n#5 0x5601803fb3cd <unknown>\n#6 0x5601804212a0 <unknown>\n#7 0x5601803fb173 <unknown>\n#8 0x5601803c7d4b <unknown>\n#9 0x5601803c89b1 <unknown>\n#10 0x5601808a693b <unknown>\n#11 0x5601808aa83a <unknown>\n#12 0x56018088e692 <unknown>\n#13 0x5601808ab3c4 <unknown>\n#14 0x5601808734cf <unknown>\n#15 0x5601808cf568 <unknown>\n#16 0x5601808cf746 <unknown>\n#17 0x5601808e05f6 <unknown>\n#18 0x7fdf8769caa4 <unknown>\n#19 0x7fdf87729c3c <unknown>",
        "time" : {
          "start" : 1748395811492,
          "stop" : 1748395832136,
          "duration" : 20644
        }
      }, {
        "uid" : "e696c5c5971a42be",
        "reportUrl" : "https://Brain-up.github.io/auto-tests-python/582//#testresult/e696c5c5971a42be",
        "status" : "skipped",
        "statusDetails" : "XFAIL\n\nselenium.common.exceptions.TimeoutException: Message: Can't find element by locator ('xpath', '//div[@class=\"__51e19\"]')\nStacktrace:\n#0 0x561297a4b78a <unknown>\n#1 0x5612974ee0a0 <unknown>\n#2 0x56129753f9b0 <unknown>\n#3 0x56129753fba1 <unknown>\n#4 0x56129758dea4 <unknown>\n#5 0x5612975653cd <unknown>\n#6 0x56129758b2a0 <unknown>\n#7 0x561297565173 <unknown>\n#8 0x561297531d4b <unknown>\n#9 0x5612975329b1 <unknown>\n#10 0x561297a1093b <unknown>\n#11 0x561297a1483a <unknown>\n#12 0x5612979f8692 <unknown>\n#13 0x561297a153c4 <unknown>\n#14 0x5612979dd4cf <unknown>\n#15 0x561297a39568 <unknown>\n#16 0x561297a39746 <unknown>\n#17 0x561297a4a5f6 <unknown>\n#18 0x7f9fd889caa4 <unknown>\n#19 0x7f9fd8929c3c <unknown>",
        "time" : {
          "start" : 1748336818286,
          "stop" : 1748336838493,
          "duration" : 20207
        }
      }, {
        "uid" : "a97fc77ad47c9910",
        "reportUrl" : "https://Brain-up.github.io/auto-tests-python/377//#testresult/a97fc77ad47c9910",
        "status" : "skipped",
        "statusDetails" : "XFAIL\n\nselenium.common.exceptions.TimeoutException: Message: Can't find element by locator ('xpath', '//div[@class=\"__51e19\"]')\nStacktrace:\n#0 0x5611cc20b78a <unknown>\n#1 0x5611cbcae0a0 <unknown>\n#2 0x5611cbcff9b0 <unknown>\n#3 0x5611cbcffba1 <unknown>\n#4 0x5611cbd4dea4 <unknown>\n#5 0x5611cbd253cd <unknown>\n#6 0x5611cbd4b2a0 <unknown>\n#7 0x5611cbd25173 <unknown>\n#8 0x5611cbcf1d4b <unknown>\n#9 0x5611cbcf29b1 <unknown>\n#10 0x5611cc1d093b <unknown>\n#11 0x5611cc1d483a <unknown>\n#12 0x5611cc1b8692 <unknown>\n#13 0x5611cc1d53c4 <unknown>\n#14 0x5611cc19d4cf <unknown>\n#15 0x5611cc1f9568 <unknown>\n#16 0x5611cc1f9746 <unknown>\n#17 0x5611cc20a5f6 <unknown>\n#18 0x7f85db89caa4 <unknown>\n#19 0x7f85db929c3c <unknown>",
        "time" : {
          "start" : 1748309392442,
          "stop" : 1748309413076,
          "duration" : 20634
        }
      }, {
        "uid" : "9694b50305dc7deb",
        "reportUrl" : "https://Brain-up.github.io/auto-tests-python/581//#testresult/9694b50305dc7deb",
        "status" : "skipped",
        "statusDetails" : "XFAIL\n\nselenium.common.exceptions.TimeoutException: Message: Can't find element by locator ('xpath', '//div[@class=\"__51e19\"]')\nStacktrace:\n#0 0x55bed931178a <unknown>\n#1 0x55bed8db40a0 <unknown>\n#2 0x55bed8e059b0 <unknown>\n#3 0x55bed8e05ba1 <unknown>\n#4 0x55bed8e53ea4 <unknown>\n#5 0x55bed8e2b3cd <unknown>\n#6 0x55bed8e512a0 <unknown>\n#7 0x55bed8e2b173 <unknown>\n#8 0x55bed8df7d4b <unknown>\n#9 0x55bed8df89b1 <unknown>\n#10 0x55bed92d693b <unknown>\n#11 0x55bed92da83a <unknown>\n#12 0x55bed92be692 <unknown>\n#13 0x55bed92db3c4 <unknown>\n#14 0x55bed92a34cf <unknown>\n#15 0x55bed92ff568 <unknown>\n#16 0x55bed92ff746 <unknown>\n#17 0x55bed93105f6 <unknown>\n#18 0x7fbf2c09caa4 <unknown>\n#19 0x7fbf2c129c3c <unknown>",
        "time" : {
          "start" : 1748275671963,
          "stop" : 1748275692601,
          "duration" : 20638
        }
      }, {
        "uid" : "6cf56eadafb0d00d",
        "reportUrl" : "https://Brain-up.github.io/auto-tests-python/376//#testresult/6cf56eadafb0d00d",
        "status" : "skipped",
        "statusDetails" : "XFAIL\n\nselenium.common.exceptions.TimeoutException: Message: Can't find element by locator ('xpath', '//div[@class=\"__51e19\"]')\nStacktrace:\n#0 0x561392f9478a <unknown>\n#1 0x561392a370a0 <unknown>\n#2 0x561392a889b0 <unknown>\n#3 0x561392a88ba1 <unknown>\n#4 0x561392ad6ea4 <unknown>\n#5 0x561392aae3cd <unknown>\n#6 0x561392ad42a0 <unknown>\n#7 0x561392aae173 <unknown>\n#8 0x561392a7ad4b <unknown>\n#9 0x561392a7b9b1 <unknown>\n#10 0x561392f5993b <unknown>\n#11 0x561392f5d83a <unknown>\n#12 0x561392f41692 <unknown>\n#13 0x561392f5e3c4 <unknown>\n#14 0x561392f264cf <unknown>\n#15 0x561392f82568 <unknown>\n#16 0x561392f82746 <unknown>\n#17 0x561392f935f6 <unknown>\n#18 0x7f39f1e9caa4 <unknown>\n#19 0x7f39f1f29c3c <unknown>",
        "time" : {
          "start" : 1748223220596,
          "stop" : 1748223241239,
          "duration" : 20643
        }
      }, {
        "uid" : "f9a3f7f8537ea3de",
        "reportUrl" : "https://Brain-up.github.io/auto-tests-python/580//#testresult/f9a3f7f8537ea3de",
        "status" : "skipped",
        "statusDetails" : "XFAIL\n\nselenium.common.exceptions.TimeoutException: Message: Can't find element by locator ('xpath', '//div[@class=\"__51e19\"]')\nStacktrace:\n#0 0x55bf1fc0778a <unknown>\n#1 0x55bf1f6aa0a0 <unknown>\n#2 0x55bf1f6fb9b0 <unknown>\n#3 0x55bf1f6fbba1 <unknown>\n#4 0x55bf1f749ea4 <unknown>\n#5 0x55bf1f7213cd <unknown>\n#6 0x55bf1f7472a0 <unknown>\n#7 0x55bf1f721173 <unknown>\n#8 0x55bf1f6edd4b <unknown>\n#9 0x55bf1f6ee9b1 <unknown>\n#10 0x55bf1fbcc93b <unknown>\n#11 0x55bf1fbd083a <unknown>\n#12 0x55bf1fbb4692 <unknown>\n#13 0x55bf1fbd13c4 <unknown>\n#14 0x55bf1fb994cf <unknown>\n#15 0x55bf1fbf5568 <unknown>\n#16 0x55bf1fbf5746 <unknown>\n#17 0x55bf1fc065f6 <unknown>\n#18 0x7fa97fc9caa4 <unknown>\n#19 0x7fa97fd29c3c <unknown>",
        "time" : {
          "start" : 1748161230415,
          "stop" : 1748161250630,
          "duration" : 20215
        }
      }, {
        "uid" : "caf31344ec9c5e88",
        "reportUrl" : "https://Brain-up.github.io/auto-tests-python/375//#testresult/caf31344ec9c5e88",
        "status" : "skipped",
        "statusDetails" : "XFAIL\n\nselenium.common.exceptions.TimeoutException: Message: Can't find element by locator ('xpath', '//div[@class=\"__51e19\"]')\nStacktrace:\n#0 0x55960cdd978a <unknown>\n#1 0x55960c87c0a0 <unknown>\n#2 0x55960c8cd9b0 <unknown>\n#3 0x55960c8cdba1 <unknown>\n#4 0x55960c91bea4 <unknown>\n#5 0x55960c8f33cd <unknown>\n#6 0x55960c9192a0 <unknown>\n#7 0x55960c8f3173 <unknown>\n#8 0x55960c8bfd4b <unknown>\n#9 0x55960c8c09b1 <unknown>\n#10 0x55960cd9e93b <unknown>\n#11 0x55960cda283a <unknown>\n#12 0x55960cd86692 <unknown>\n#13 0x55960cda33c4 <unknown>\n#14 0x55960cd6b4cf <unknown>\n#15 0x55960cdc7568 <unknown>\n#16 0x55960cdc7746 <unknown>\n#17 0x55960cdd85f6 <unknown>\n#18 0x7f4dab09caa4 <unknown>\n#19 0x7f4dab129c3c <unknown>",
        "time" : {
          "start" : 1748136869863,
          "stop" : 1748136890524,
          "duration" : 20661
        }
      }, {
        "uid" : "75c2d9e6208f269b",
        "reportUrl" : "https://Brain-up.github.io/auto-tests-python/579//#testresult/75c2d9e6208f269b",
        "status" : "skipped",
        "statusDetails" : "XFAIL\n\nselenium.common.exceptions.TimeoutException: Message: Can't find element by locator ('xpath', '//div[@class=\"__51e19\"]')\nStacktrace:\n#0 0x55c26e2b978a <unknown>\n#1 0x55c26dd5c0a0 <unknown>\n#2 0x55c26ddad9b0 <unknown>\n#3 0x55c26ddadba1 <unknown>\n#4 0x55c26ddfbea4 <unknown>\n#5 0x55c26ddd33cd <unknown>\n#6 0x55c26ddf92a0 <unknown>\n#7 0x55c26ddd3173 <unknown>\n#8 0x55c26dd9fd4b <unknown>\n#9 0x55c26dda09b1 <unknown>\n#10 0x55c26e27e93b <unknown>\n#11 0x55c26e28283a <unknown>\n#12 0x55c26e266692 <unknown>\n#13 0x55c26e2833c4 <unknown>\n#14 0x55c26e24b4cf <unknown>\n#15 0x55c26e2a7568 <unknown>\n#16 0x55c26e2a7746 <unknown>\n#17 0x55c26e2b85f6 <unknown>\n#18 0x7fbc3c29caa4 <unknown>\n#19 0x7fbc3c329c3c <unknown>",
        "time" : {
          "start" : 1748108572937,
          "stop" : 1748108593555,
          "duration" : 20618
        }
      }, {
        "uid" : "80cfcd1c6b34a21e",
        "reportUrl" : "https://Brain-up.github.io/auto-tests-python/374//#testresult/80cfcd1c6b34a21e",
        "status" : "skipped",
        "statusDetails" : "XFAIL\n\nselenium.common.exceptions.TimeoutException: Message: Can't find element by locator ('xpath', '//div[@class=\"__51e19\"]')\nStacktrace:\n#0 0x563ae96e078a <unknown>\n#1 0x563ae91830a0 <unknown>\n#2 0x563ae91d49b0 <unknown>\n#3 0x563ae91d4ba1 <unknown>\n#4 0x563ae9222ea4 <unknown>\n#5 0x563ae91fa3cd <unknown>\n#6 0x563ae92202a0 <unknown>\n#7 0x563ae91fa173 <unknown>\n#8 0x563ae91c6d4b <unknown>\n#9 0x563ae91c79b1 <unknown>\n#10 0x563ae96a593b <unknown>\n#11 0x563ae96a983a <unknown>\n#12 0x563ae968d692 <unknown>\n#13 0x563ae96aa3c4 <unknown>\n#14 0x563ae96724cf <unknown>\n#15 0x563ae96ce568 <unknown>\n#16 0x563ae96ce746 <unknown>\n#17 0x563ae96df5f6 <unknown>\n#18 0x7f7aa7e9caa4 <unknown>\n#19 0x7f7aa7f29c3c <unknown>",
        "time" : {
          "start" : 1748049933683,
          "stop" : 1748049953889,
          "duration" : 20206
        }
      }, {
        "uid" : "30219caec57961d5",
        "reportUrl" : "https://Brain-up.github.io/auto-tests-python/578//#testresult/30219caec57961d5",
        "status" : "skipped",
        "statusDetails" : "XFAIL\n\nselenium.common.exceptions.TimeoutException: Message: Can't find element by locator ('xpath', '//div[@class=\"__51e19\"]')\nStacktrace:\n#0 0x5566fd09f78a <unknown>\n#1 0x5566fcb420a0 <unknown>\n#2 0x5566fcb939b0 <unknown>\n#3 0x5566fcb93ba1 <unknown>\n#4 0x5566fcbe1ea4 <unknown>\n#5 0x5566fcbb93cd <unknown>\n#6 0x5566fcbdf2a0 <unknown>\n#7 0x5566fcbb9173 <unknown>\n#8 0x5566fcb85d4b <unknown>\n#9 0x5566fcb869b1 <unknown>\n#10 0x5566fd06493b <unknown>\n#11 0x5566fd06883a <unknown>\n#12 0x5566fd04c692 <unknown>\n#13 0x5566fd0693c4 <unknown>\n#14 0x5566fd0314cf <unknown>\n#15 0x5566fd08d568 <unknown>\n#16 0x5566fd08d746 <unknown>\n#17 0x5566fd09e5f6 <unknown>\n#18 0x7fb04fc9caa4 <unknown>\n#19 0x7fb04fd29c3c <unknown>",
        "time" : {
          "start" : 1747990988805,
          "stop" : 1747991009441,
          "duration" : 20636
        }
      }, {
        "uid" : "9001740d6bb8fdae",
        "reportUrl" : "https://Brain-up.github.io/auto-tests-python/373//#testresult/9001740d6bb8fdae",
        "status" : "skipped",
        "statusDetails" : "XFAIL\n\nselenium.common.exceptions.TimeoutException: Message: Can't find element by locator ('xpath', '//div[@class=\"__51e19\"]')\nStacktrace:\n#0 0x55897e8d978a <unknown>\n#1 0x55897e37c0a0 <unknown>\n#2 0x55897e3cd9b0 <unknown>\n#3 0x55897e3cdba1 <unknown>\n#4 0x55897e41bea4 <unknown>\n#5 0x55897e3f33cd <unknown>\n#6 0x55897e4192a0 <unknown>\n#7 0x55897e3f3173 <unknown>\n#8 0x55897e3bfd4b <unknown>\n#9 0x55897e3c09b1 <unknown>\n#10 0x55897e89e93b <unknown>\n#11 0x55897e8a283a <unknown>\n#12 0x55897e886692 <unknown>\n#13 0x55897e8a33c4 <unknown>\n#14 0x55897e86b4cf <unknown>\n#15 0x55897e8c7568 <unknown>\n#16 0x55897e8c7746 <unknown>\n#17 0x55897e8d85f6 <unknown>\n#18 0x7f2e8a29caa4 <unknown>\n#19 0x7f2e8a329c3c <unknown>",
        "time" : {
          "start" : 1747963829966,
          "stop" : 1747963850599,
          "duration" : 20633
        }
      }, {
        "uid" : "e9a03f0562b7bcf4",
        "reportUrl" : "https://Brain-up.github.io/auto-tests-python/577//#testresult/e9a03f0562b7bcf4",
        "status" : "skipped",
        "statusDetails" : "XFAIL\n\nselenium.common.exceptions.TimeoutException: Message: Can't find element by locator ('xpath', '//div[@class=\"__51e19\"]')\nStacktrace:\n#0 0x55edea64978a <unknown>\n#1 0x55edea0ec0a0 <unknown>\n#2 0x55edea13d9b0 <unknown>\n#3 0x55edea13dba1 <unknown>\n#4 0x55edea18bea4 <unknown>\n#5 0x55edea1633cd <unknown>\n#6 0x55edea1892a0 <unknown>\n#7 0x55edea163173 <unknown>\n#8 0x55edea12fd4b <unknown>\n#9 0x55edea1309b1 <unknown>\n#10 0x55edea60e93b <unknown>\n#11 0x55edea61283a <unknown>\n#12 0x55edea5f6692 <unknown>\n#13 0x55edea6133c4 <unknown>\n#14 0x55edea5db4cf <unknown>\n#15 0x55edea637568 <unknown>\n#16 0x55edea637746 <unknown>\n#17 0x55edea6485f6 <unknown>\n#18 0x7f4707e9caa4 <unknown>\n#19 0x7f4707f29c3c <unknown>",
        "time" : {
          "start" : 1747944092057,
          "stop" : 1747944112231,
          "duration" : 20174
        }
      }, {
        "uid" : "aa89ca8398b89068",
        "reportUrl" : "https://Brain-up.github.io/auto-tests-python/372//#testresult/aa89ca8398b89068",
        "status" : "skipped",
        "statusDetails" : "XFAIL\n\nselenium.common.exceptions.TimeoutException: Message: Can't find element by locator ('xpath', '//div[@class=\"__51e19\"]')\nStacktrace:\n#0 0x55773fa3478a <unknown>\n#1 0x55773f4d70a0 <unknown>\n#2 0x55773f5289b0 <unknown>\n#3 0x55773f528ba1 <unknown>\n#4 0x55773f576ea4 <unknown>\n#5 0x55773f54e3cd <unknown>\n#6 0x55773f5742a0 <unknown>\n#7 0x55773f54e173 <unknown>\n#8 0x55773f51ad4b <unknown>\n#9 0x55773f51b9b1 <unknown>\n#10 0x55773f9f993b <unknown>\n#11 0x55773f9fd83a <unknown>\n#12 0x55773f9e1692 <unknown>\n#13 0x55773f9fe3c4 <unknown>\n#14 0x55773f9c64cf <unknown>\n#15 0x55773fa22568 <unknown>\n#16 0x55773fa22746 <unknown>\n#17 0x55773fa335f6 <unknown>\n#18 0x7fb7f009caa4 <unknown>\n#19 0x7fb7f0129c3c <unknown>",
        "time" : {
          "start" : 1747877445137,
          "stop" : 1747877465775,
          "duration" : 20638
        }
      }, {
        "uid" : "613e599bc07cb1ec",
        "reportUrl" : "https://Brain-up.github.io/auto-tests-python/576//#testresult/613e599bc07cb1ec",
        "status" : "skipped",
        "statusDetails" : "XFAIL\n\nselenium.common.exceptions.TimeoutException: Message: Can't find element by locator ('xpath', '//div[@class=\"__51e19\"]')\nStacktrace:\n#0 0x55605285878a <unknown>\n#1 0x5560522fb0a0 <unknown>\n#2 0x55605234c9b0 <unknown>\n#3 0x55605234cba1 <unknown>\n#4 0x55605239aea4 <unknown>\n#5 0x5560523723cd <unknown>\n#6 0x5560523982a0 <unknown>\n#7 0x556052372173 <unknown>\n#8 0x55605233ed4b <unknown>\n#9 0x55605233f9b1 <unknown>\n#10 0x55605281d93b <unknown>\n#11 0x55605282183a <unknown>\n#12 0x556052805692 <unknown>\n#13 0x5560528223c4 <unknown>\n#14 0x5560527ea4cf <unknown>\n#15 0x556052846568 <unknown>\n#16 0x556052846746 <unknown>\n#17 0x5560528575f6 <unknown>\n#18 0x7f2ddfc9caa4 <unknown>\n#19 0x7f2ddfd29c3c <unknown>",
        "time" : {
          "start" : 1747853139465,
          "stop" : 1747853159671,
          "duration" : 20206
        }
      }, {
        "uid" : "b57b3041eb8e250b",
        "reportUrl" : "https://Brain-up.github.io/auto-tests-python/371//#testresult/b57b3041eb8e250b",
        "status" : "skipped",
        "statusDetails" : "XFAIL\n\nselenium.common.exceptions.TimeoutException: Message: Can't find element by locator ('xpath', '//div[@class=\"__51e19\"]')\nStacktrace:\n#0 0x55e665d0e78a <unknown>\n#1 0x55e6657b10a0 <unknown>\n#2 0x55e6658029b0 <unknown>\n#3 0x55e665802ba1 <unknown>\n#4 0x55e665850ea4 <unknown>\n#5 0x55e6658283cd <unknown>\n#6 0x55e66584e2a0 <unknown>\n#7 0x55e665828173 <unknown>\n#8 0x55e6657f4d4b <unknown>\n#9 0x55e6657f59b1 <unknown>\n#10 0x55e665cd393b <unknown>\n#11 0x55e665cd783a <unknown>\n#12 0x55e665cbb692 <unknown>\n#13 0x55e665cd83c4 <unknown>\n#14 0x55e665ca04cf <unknown>\n#15 0x55e665cfc568 <unknown>\n#16 0x55e665cfc746 <unknown>\n#17 0x55e665d0d5f6 <unknown>\n#18 0x7f38f729caa4 <unknown>\n#19 0x7f38f7329c3c <unknown>",
        "time" : {
          "start" : 1747791209457,
          "stop" : 1747791230076,
          "duration" : 20619
        }
      }, {
        "uid" : "a7f55c23b202f640",
        "reportUrl" : "https://Brain-up.github.io/auto-tests-python/575//#testresult/a7f55c23b202f640",
        "status" : "skipped",
        "statusDetails" : "XFAIL\n\nselenium.common.exceptions.TimeoutException: Message: Can't find element by locator ('xpath', '//div[@class=\"__51e19\"]')\nStacktrace:\n#0 0x55f61824278a <unknown>\n#1 0x55f617ce50a0 <unknown>\n#2 0x55f617d369b0 <unknown>\n#3 0x55f617d36ba1 <unknown>\n#4 0x55f617d84ea4 <unknown>\n#5 0x55f617d5c3cd <unknown>\n#6 0x55f617d822a0 <unknown>\n#7 0x55f617d5c173 <unknown>\n#8 0x55f617d28d4b <unknown>\n#9 0x55f617d299b1 <unknown>\n#10 0x55f61820793b <unknown>\n#11 0x55f61820b83a <unknown>\n#12 0x55f6181ef692 <unknown>\n#13 0x55f61820c3c4 <unknown>\n#14 0x55f6181d44cf <unknown>\n#15 0x55f618230568 <unknown>\n#16 0x55f618230746 <unknown>\n#17 0x55f6182415f6 <unknown>\n#18 0x7f19c129caa4 <unknown>\n#19 0x7f19c1329c3c <unknown>",
        "time" : {
          "start" : 1747772344642,
          "stop" : 1747772365290,
          "duration" : 20648
        }
      }, {
        "uid" : "9a6cf2e78c5cc402",
        "reportUrl" : "https://Brain-up.github.io/auto-tests-python/370//#testresult/9a6cf2e78c5cc402",
        "status" : "skipped",
        "statusDetails" : "XFAIL\n\nselenium.common.exceptions.TimeoutException: Message: Can't find element by locator ('xpath', '//div[@class=\"__51e19\"]')\nStacktrace:\n#0 0x55866b86b78a <unknown>\n#1 0x55866b30e0a0 <unknown>\n#2 0x55866b35f9b0 <unknown>\n#3 0x55866b35fba1 <unknown>\n#4 0x55866b3adea4 <unknown>\n#5 0x55866b3853cd <unknown>\n#6 0x55866b3ab2a0 <unknown>\n#7 0x55866b385173 <unknown>\n#8 0x55866b351d4b <unknown>\n#9 0x55866b3529b1 <unknown>\n#10 0x55866b83093b <unknown>\n#11 0x55866b83483a <unknown>\n#12 0x55866b818692 <unknown>\n#13 0x55866b8353c4 <unknown>\n#14 0x55866b7fd4cf <unknown>\n#15 0x55866b859568 <unknown>\n#16 0x55866b859746 <unknown>\n#17 0x55866b86a5f6 <unknown>\n#18 0x7f2c6dc9caa4 <unknown>\n#19 0x7f2c6dd29c3c <unknown>",
        "time" : {
          "start" : 1747704604628,
          "stop" : 1747704625267,
          "duration" : 20639
        }
      } ]
    },
    "tags" : [ "@pytest.mark.xfail" ]
  },
  "source" : "16af3c5b9486f0f4.json",
  "parameterValues" : [ ]
}