{
  "uid" : "c076de632725f304",
  "name" : "Verify if links on the 'ru' local lead to correct pages after clicking",
  "fullName" : "tests.groups_page_test.TestGroupsPageLinks#test_gp_03_02_verify_ru_links_lead_to_proper_pages",
  "historyId" : "84c86d701f704b0c4df3d9f99c54e524",
  "time" : {
    "start" : 1730682264967,
    "stop" : 1730682296178,
    "duration" : 31211
  },
  "status" : "broken",
  "statusMessage" : "selenium.common.exceptions.TimeoutException: Message: Can't find element by locator ('xpath', '(//ol//a)[2]')\nStacktrace:\n#0 0x562d31c610aa <unknown>\n#1 0x562d317781a0 <unknown>\n#2 0x562d317c4d06 <unknown>\n#3 0x562d317c4fa1 <unknown>\n#4 0x562d3180a344 <unknown>\n#5 0x562d317e8dad <unknown>\n#6 0x562d31807866 <unknown>\n#7 0x562d317e8b23 <unknown>\n#8 0x562d317b7990 <unknown>\n#9 0x562d317b896e <unknown>\n#10 0x562d31c2d16b <unknown>\n#11 0x562d31c30f68 <unknown>\n#12 0x562d31c1a64c <unknown>\n#13 0x562d31c31ae7 <unknown>\n#14 0x562d31bff4af <unknown>\n#15 0x562d31c4f4f8 <unknown>\n#16 0x562d31c4f6c0 <unknown>\n#17 0x562d31c5ff26 <unknown>\n#18 0x7f2856a94ac3 <unknown>",
  "statusTrace" : "self = <tests.groups_page_test.TestGroupsPage.TestGroupsPageLinks object at 0x7f6f81655130>\ndriver = <selenium.webdriver.chrome.webdriver.WebDriver (session=\"9f92db5f8b257f61472afd73c0474af2\")>\nauto_test_user_authorized = None\n\n    @allure.title(\"\"\"Verify if links on the 'ru' local lead to correct pages after clicking\"\"\")\n    def test_gp_03_02_verify_ru_links_lead_to_proper_pages(self, driver, auto_test_user_authorized):\n        page = GroupsPage(driver)\n>       opened_pages = page.click_on_links_on_ru_local()\n\ntests/groups_page_test.py:133: \n_ _ _ _ _ _ _ _ _ _ _ _ _ _ _ _ _ _ _ _ _ _ _ _ _ _ _ _ _ _ _ _ _ _ _ _ _ _ _ _ \npages/groups_page.py:209: in click_on_links_on_ru_local\n    self.element_is_present_and_clickable(self.locators.PAGE_LINKS2).click()\npages/base_page.py:32: in element_is_present_and_clickable\n    return (Wait(self.driver, self.timeout).until(\n_ _ _ _ _ _ _ _ _ _ _ _ _ _ _ _ _ _ _ _ _ _ _ _ _ _ _ _ _ _ _ _ _ _ _ _ _ _ _ _ \n\nself = <selenium.webdriver.support.wait.WebDriverWait (session=\"9f92db5f8b257f61472afd73c0474af2\")>\nmethod = <function visibility_of_element_located.<locals>._predicate at 0x7f6f81193ba0>\nmessage = \"Can't find element by locator ('xpath', '(//ol//a)[2]')\"\n\n    def until(self, method, message: str = \"\"):\n        \"\"\"Calls the method provided with the driver as an argument until the \\\n        return value does not evaluate to ``False``.\n    \n        :param method: callable(WebDriver)\n        :param message: optional message for :exc:`TimeoutException`\n        :returns: the result of the last call to `method`\n        :raises: :exc:`selenium.common.exceptions.TimeoutException` if timeout occurs\n        \"\"\"\n        screen = None\n        stacktrace = None\n    \n        end_time = time.monotonic() + self._timeout\n        while True:\n            try:\n                value = method(self._driver)\n                if value:\n                    return value\n            except self._ignored_exceptions as exc:\n                screen = getattr(exc, \"screen\", None)\n                stacktrace = getattr(exc, \"stacktrace\", None)\n            time.sleep(self._poll)\n            if time.monotonic() > end_time:\n                break\n>       raise TimeoutException(message, screen, stacktrace)\nE       selenium.common.exceptions.TimeoutException: Message: Can't find element by locator ('xpath', '(//ol//a)[2]')\nE       Stacktrace:\nE       #0 0x562d31c610aa <unknown>\nE       #1 0x562d317781a0 <unknown>\nE       #2 0x562d317c4d06 <unknown>\nE       #3 0x562d317c4fa1 <unknown>\nE       #4 0x562d3180a344 <unknown>\nE       #5 0x562d317e8dad <unknown>\nE       #6 0x562d31807866 <unknown>\nE       #7 0x562d317e8b23 <unknown>\nE       #8 0x562d317b7990 <unknown>\nE       #9 0x562d317b896e <unknown>\nE       #10 0x562d31c2d16b <unknown>\nE       #11 0x562d31c30f68 <unknown>\nE       #12 0x562d31c1a64c <unknown>\nE       #13 0x562d31c31ae7 <unknown>\nE       #14 0x562d31bff4af <unknown>\nE       #15 0x562d31c4f4f8 <unknown>\nE       #16 0x562d31c4f6c0 <unknown>\nE       #17 0x562d31c5ff26 <unknown>\nE       #18 0x7f2856a94ac3 <unknown>\n\n/opt/hostedtoolcache/Python/3.12.7/x64/lib/python3.12/site-packages/selenium/webdriver/support/wait.py:95: TimeoutException",
  "flaky" : false,
  "newFailed" : false,
  "beforeStages" : [ {
    "name" : "driver",
    "time" : {
      "start" : 1730682257817,
      "stop" : 1730682258591,
      "duration" : 774
    },
    "status" : "passed",
    "steps" : [ ],
    "attachments" : [ ],
    "parameters" : [ ],
    "stepsCount" : 0,
    "attachmentsCount" : 0,
    "shouldDisplayMessage" : false,
    "hasContent" : false
  }, {
    "name" : "auto_test_user_authorized",
    "time" : {
      "start" : 1730682262583,
      "stop" : 1730682264966,
      "duration" : 2383
    },
    "status" : "passed",
    "steps" : [ {
      "name" : "Auto test user authorized",
      "time" : {
        "start" : 1730682262583,
        "stop" : 1730682264966,
        "duration" : 2383
      },
      "status" : "passed",
      "steps" : [ {
        "name" : "Check url is present: https://brainup.site/groups",
        "time" : {
          "start" : 1730682262908,
          "stop" : 1730682264945,
          "duration" : 2037
        },
        "status" : "passed",
        "steps" : [ ],
        "attachments" : [ ],
        "parameters" : [ ],
        "stepsCount" : 0,
        "attachmentsCount" : 0,
        "shouldDisplayMessage" : false,
        "hasContent" : false
      }, {
        "name" : "Loader checking",
        "time" : {
          "start" : 1730682264945,
          "stop" : 1730682264966,
          "duration" : 21
        },
        "status" : "passed",
        "steps" : [ ],
        "attachments" : [ ],
        "parameters" : [ ],
        "stepsCount" : 0,
        "attachmentsCount" : 0,
        "shouldDisplayMessage" : false,
        "hasContent" : false
      } ],
      "attachments" : [ ],
      "parameters" : [ {
        "name" : "driver",
        "value" : "<selenium.webdriver.chrome.webdriver.WebDriver (session=\"9f92db5f8b257f61472afd73c0474af2\")>"
      }, {
        "name" : "main_page_open",
        "value" : "None"
      } ],
      "stepsCount" : 2,
      "attachmentsCount" : 0,
      "shouldDisplayMessage" : false,
      "hasContent" : true
    } ],
    "attachments" : [ ],
    "parameters" : [ ],
    "stepsCount" : 3,
    "attachmentsCount" : 0,
    "shouldDisplayMessage" : false,
    "hasContent" : true
  }, {
    "name" : "main_page_open",
    "time" : {
      "start" : 1730682258591,
      "stop" : 1730682262583,
      "duration" : 3992
    },
    "status" : "passed",
    "steps" : [ {
      "name" : "Open page: https://brainup.site/",
      "time" : {
        "start" : 1730682258592,
        "stop" : 1730682262583,
        "duration" : 3991
      },
      "status" : "passed",
      "steps" : [ ],
      "attachments" : [ ],
      "parameters" : [ {
        "name" : "driver",
        "value" : "<selenium.webdriver.chrome.webdriver.WebDriver (session=\"9f92db5f8b257f61472afd73c0474af2\")>"
      } ],
      "stepsCount" : 0,
      "attachmentsCount" : 0,
      "shouldDisplayMessage" : false,
      "hasContent" : true
    } ],
    "attachments" : [ ],
    "parameters" : [ ],
    "stepsCount" : 1,
    "attachmentsCount" : 0,
    "shouldDisplayMessage" : false,
    "hasContent" : true
  }, {
    "name" : "clear_allure_results_folder",
    "time" : {
      "start" : 1730681887266,
      "stop" : 1730681887266,
      "duration" : 0
    },
    "status" : "passed",
    "steps" : [ ],
    "attachments" : [ ],
    "parameters" : [ ],
    "stepsCount" : 0,
    "attachmentsCount" : 0,
    "shouldDisplayMessage" : false,
    "hasContent" : false
  } ],
  "testStage" : {
    "status" : "broken",
    "statusMessage" : "selenium.common.exceptions.TimeoutException: Message: Can't find element by locator ('xpath', '(//ol//a)[2]')\nStacktrace:\n#0 0x562d31c610aa <unknown>\n#1 0x562d317781a0 <unknown>\n#2 0x562d317c4d06 <unknown>\n#3 0x562d317c4fa1 <unknown>\n#4 0x562d3180a344 <unknown>\n#5 0x562d317e8dad <unknown>\n#6 0x562d31807866 <unknown>\n#7 0x562d317e8b23 <unknown>\n#8 0x562d317b7990 <unknown>\n#9 0x562d317b896e <unknown>\n#10 0x562d31c2d16b <unknown>\n#11 0x562d31c30f68 <unknown>\n#12 0x562d31c1a64c <unknown>\n#13 0x562d31c31ae7 <unknown>\n#14 0x562d31bff4af <unknown>\n#15 0x562d31c4f4f8 <unknown>\n#16 0x562d31c4f6c0 <unknown>\n#17 0x562d31c5ff26 <unknown>\n#18 0x7f2856a94ac3 <unknown>",
    "statusTrace" : "self = <tests.groups_page_test.TestGroupsPage.TestGroupsPageLinks object at 0x7f6f81655130>\ndriver = <selenium.webdriver.chrome.webdriver.WebDriver (session=\"9f92db5f8b257f61472afd73c0474af2\")>\nauto_test_user_authorized = None\n\n    @allure.title(\"\"\"Verify if links on the 'ru' local lead to correct pages after clicking\"\"\")\n    def test_gp_03_02_verify_ru_links_lead_to_proper_pages(self, driver, auto_test_user_authorized):\n        page = GroupsPage(driver)\n>       opened_pages = page.click_on_links_on_ru_local()\n\ntests/groups_page_test.py:133: \n_ _ _ _ _ _ _ _ _ _ _ _ _ _ _ _ _ _ _ _ _ _ _ _ _ _ _ _ _ _ _ _ _ _ _ _ _ _ _ _ \npages/groups_page.py:209: in click_on_links_on_ru_local\n    self.element_is_present_and_clickable(self.locators.PAGE_LINKS2).click()\npages/base_page.py:32: in element_is_present_and_clickable\n    return (Wait(self.driver, self.timeout).until(\n_ _ _ _ _ _ _ _ _ _ _ _ _ _ _ _ _ _ _ _ _ _ _ _ _ _ _ _ _ _ _ _ _ _ _ _ _ _ _ _ \n\nself = <selenium.webdriver.support.wait.WebDriverWait (session=\"9f92db5f8b257f61472afd73c0474af2\")>\nmethod = <function visibility_of_element_located.<locals>._predicate at 0x7f6f81193ba0>\nmessage = \"Can't find element by locator ('xpath', '(//ol//a)[2]')\"\n\n    def until(self, method, message: str = \"\"):\n        \"\"\"Calls the method provided with the driver as an argument until the \\\n        return value does not evaluate to ``False``.\n    \n        :param method: callable(WebDriver)\n        :param message: optional message for :exc:`TimeoutException`\n        :returns: the result of the last call to `method`\n        :raises: :exc:`selenium.common.exceptions.TimeoutException` if timeout occurs\n        \"\"\"\n        screen = None\n        stacktrace = None\n    \n        end_time = time.monotonic() + self._timeout\n        while True:\n            try:\n                value = method(self._driver)\n                if value:\n                    return value\n            except self._ignored_exceptions as exc:\n                screen = getattr(exc, \"screen\", None)\n                stacktrace = getattr(exc, \"stacktrace\", None)\n            time.sleep(self._poll)\n            if time.monotonic() > end_time:\n                break\n>       raise TimeoutException(message, screen, stacktrace)\nE       selenium.common.exceptions.TimeoutException: Message: Can't find element by locator ('xpath', '(//ol//a)[2]')\nE       Stacktrace:\nE       #0 0x562d31c610aa <unknown>\nE       #1 0x562d317781a0 <unknown>\nE       #2 0x562d317c4d06 <unknown>\nE       #3 0x562d317c4fa1 <unknown>\nE       #4 0x562d3180a344 <unknown>\nE       #5 0x562d317e8dad <unknown>\nE       #6 0x562d31807866 <unknown>\nE       #7 0x562d317e8b23 <unknown>\nE       #8 0x562d317b7990 <unknown>\nE       #9 0x562d317b896e <unknown>\nE       #10 0x562d31c2d16b <unknown>\nE       #11 0x562d31c30f68 <unknown>\nE       #12 0x562d31c1a64c <unknown>\nE       #13 0x562d31c31ae7 <unknown>\nE       #14 0x562d31bff4af <unknown>\nE       #15 0x562d31c4f4f8 <unknown>\nE       #16 0x562d31c4f6c0 <unknown>\nE       #17 0x562d31c5ff26 <unknown>\nE       #18 0x7f2856a94ac3 <unknown>\n\n/opt/hostedtoolcache/Python/3.12.7/x64/lib/python3.12/site-packages/selenium/webdriver/support/wait.py:95: TimeoutException",
    "steps" : [ {
      "name" : "Click on links on the 'ru' local and thereby open corresponding web pages in the same tab",
      "time" : {
        "start" : 1730682264967,
        "stop" : 1730682296177,
        "duration" : 31210
      },
      "status" : "broken",
      "statusMessage" : "selenium.common.exceptions.TimeoutException: Message: Can't find element by locator ('xpath', '(//ol//a)[2]')\nStacktrace:\n#0 0x562d31c610aa <unknown>\n#1 0x562d317781a0 <unknown>\n#2 0x562d317c4d06 <unknown>\n#3 0x562d317c4fa1 <unknown>\n#4 0x562d3180a344 <unknown>\n#5 0x562d317e8dad <unknown>\n#6 0x562d31807866 <unknown>\n#7 0x562d317e8b23 <unknown>\n#8 0x562d317b7990 <unknown>\n#9 0x562d317b896e <unknown>\n#10 0x562d31c2d16b <unknown>\n#11 0x562d31c30f68 <unknown>\n#12 0x562d31c1a64c <unknown>\n#13 0x562d31c31ae7 <unknown>\n#14 0x562d31bff4af <unknown>\n#15 0x562d31c4f4f8 <unknown>\n#16 0x562d31c4f6c0 <unknown>\n#17 0x562d31c5ff26 <unknown>\n#18 0x7f2856a94ac3 <unknown>\n\n",
      "statusTrace" : "  File \"/opt/hostedtoolcache/Python/3.12.7/x64/lib/python3.12/site-packages/allure_commons/_allure.py\", line 192, in impl\n    return func(*a, **kw)\n           ^^^^^^^^^^^^^^\n  File \"/home/runner/work/auto-tests-python/auto-tests-python/pages/groups_page.py\", line 209, in click_on_links_on_ru_local\n    self.element_is_present_and_clickable(self.locators.PAGE_LINKS2).click()\n    ^^^^^^^^^^^^^^^^^^^^^^^^^^^^^^^^^^^^^^^^^^^^^^^^^^^^^^^^^^^^^^^^\n  File \"/home/runner/work/auto-tests-python/auto-tests-python/pages/base_page.py\", line 32, in element_is_present_and_clickable\n    return (Wait(self.driver, self.timeout).until(\n            ^^^^^^^^^^^^^^^^^^^^^^^^^^^^^^^^^^^^^^\n  File \"/opt/hostedtoolcache/Python/3.12.7/x64/lib/python3.12/site-packages/selenium/webdriver/support/wait.py\", line 95, in until\n    raise TimeoutException(message, screen, stacktrace)\n",
      "steps" : [ {
        "name" : "Click on the 'ru' button in the Header for every user",
        "time" : {
          "start" : 1730682264967,
          "stop" : 1730682267041,
          "duration" : 2074
        },
        "status" : "passed",
        "steps" : [ ],
        "attachments" : [ ],
        "parameters" : [ ],
        "stepsCount" : 0,
        "attachmentsCount" : 0,
        "shouldDisplayMessage" : false,
        "hasContent" : false
      }, {
        "name" : "Click on the 'ru' button in the Header for every user",
        "time" : {
          "start" : 1730682274120,
          "stop" : 1730682276173,
          "duration" : 2053
        },
        "status" : "passed",
        "steps" : [ ],
        "attachments" : [ ],
        "parameters" : [ ],
        "stepsCount" : 0,
        "attachmentsCount" : 0,
        "shouldDisplayMessage" : false,
        "hasContent" : false
      } ],
      "attachments" : [ ],
      "parameters" : [ ],
      "stepsCount" : 2,
      "attachmentsCount" : 0,
      "shouldDisplayMessage" : true,
      "hasContent" : true
    } ],
    "attachments" : [ {
      "uid" : "ba59da175313f4de",
      "name" : "Screenshot 2024-11-04 01:04:56.275105",
      "source" : "ba59da175313f4de.png",
      "type" : "image/png",
      "size" : 68068
    } ],
    "parameters" : [ ],
    "stepsCount" : 3,
    "attachmentsCount" : 1,
    "shouldDisplayMessage" : true,
    "hasContent" : true
  },
  "afterStages" : [ {
    "name" : "driver::0",
    "time" : {
      "start" : 1730682296276,
      "stop" : 1730682296363,
      "duration" : 87
    },
    "status" : "passed",
    "steps" : [ ],
    "attachments" : [ ],
    "parameters" : [ ],
    "stepsCount" : 0,
    "attachmentsCount" : 0,
    "shouldDisplayMessage" : false,
    "hasContent" : false
  } ],
  "labels" : [ {
    "name" : "epic",
    "value" : "The Groups Page"
  }, {
    "name" : "parentSuite",
    "value" : "tests"
  }, {
    "name" : "suite",
    "value" : "groups_page_test"
  }, {
    "name" : "subSuite",
    "value" : "TestGroupsPage"
  }, {
    "name" : "host",
    "value" : "fv-az1535-978"
  }, {
    "name" : "thread",
    "value" : "2228-MainThread"
  }, {
    "name" : "framework",
    "value" : "pytest"
  }, {
    "name" : "language",
    "value" : "cpython3"
  }, {
    "name" : "package",
    "value" : "tests.groups_page_test"
  }, {
    "name" : "resultFormat",
    "value" : "allure2"
  } ],
  "parameters" : [ ],
  "links" : [ ],
  "hidden" : false,
  "retry" : false,
  "extra" : {
    "severity" : "normal",
    "retries" : [ ],
    "categories" : [ {
      "name" : "Test defects",
      "matchedStatuses" : [ ],
      "flaky" : false
    } ],
    "history" : {
      "statistic" : {
        "failed" : 2,
        "broken" : 1,
        "skipped" : 0,
        "passed" : 32,
        "unknown" : 0,
        "total" : 35
      },
      "items" : [ {
        "uid" : "719e9c76f91a3494",
        "reportUrl" : "https://Brain-up.github.io/auto-tests-python/172//#testresult/719e9c76f91a3494",
        "status" : "passed",
        "time" : {
          "start" : 1730595973225,
          "stop" : 1730595987646,
          "duration" : 14421
        }
      }, {
        "uid" : "314c7d93c3f8d528",
        "reportUrl" : "https://Brain-up.github.io/auto-tests-python/368//#testresult/314c7d93c3f8d528",
        "status" : "passed",
        "time" : {
          "start" : 1730538118197,
          "stop" : 1730538132457,
          "duration" : 14260
        }
      }, {
        "uid" : "fae15bdd91d99ab5",
        "reportUrl" : "https://Brain-up.github.io/auto-tests-python/367//#testresult/fae15bdd91d99ab5",
        "status" : "passed",
        "time" : {
          "start" : 1730536285721,
          "stop" : 1730536300004,
          "duration" : 14283
        }
      }, {
        "uid" : "4603f156b856c86a",
        "reportUrl" : "https://Brain-up.github.io/auto-tests-python/171//#testresult/4603f156b856c86a",
        "status" : "passed",
        "time" : {
          "start" : 1730509228499,
          "stop" : 1730509242814,
          "duration" : 14315
        }
      }, {
        "uid" : "ca462a88cda5db3d",
        "reportUrl" : "https://Brain-up.github.io/auto-tests-python/366//#testresult/ca462a88cda5db3d",
        "status" : "passed",
        "time" : {
          "start" : 1730478484494,
          "stop" : 1730478498800,
          "duration" : 14306
        }
      }, {
        "uid" : "9c8410bc9ee42b91",
        "reportUrl" : "https://Brain-up.github.io/auto-tests-python/365//#testresult/9c8410bc9ee42b91",
        "status" : "passed",
        "time" : {
          "start" : 1730449439528,
          "stop" : 1730449453826,
          "duration" : 14298
        }
      }, {
        "uid" : "12a984286e1622df",
        "reportUrl" : "https://Brain-up.github.io/auto-tests-python/170//#testresult/12a984286e1622df",
        "status" : "failed",
        "statusDetails" : "AssertionError: Some of links lead to incorrect pages after clicking\nassert False\n +  where False = all(<generator object TestGroupsPage.TestGroupsPageLinks.test_gp_03_02_verify_ru_links_lead_to_proper_pages.<locals>.<genexpr> at 0x7f2d90f28860>)",
        "time" : {
          "start" : 1730423220853,
          "stop" : 1730423235168,
          "duration" : 14315
        }
      }, {
        "uid" : "d2508b9cff75b0e1",
        "reportUrl" : "https://Brain-up.github.io/auto-tests-python/364//#testresult/d2508b9cff75b0e1",
        "status" : "passed",
        "time" : {
          "start" : 1730363420461,
          "stop" : 1730363434758,
          "duration" : 14297
        }
      }, {
        "uid" : "b615f7d24861cd34",
        "reportUrl" : "https://Brain-up.github.io/auto-tests-python/363//#testresult/b615f7d24861cd34",
        "status" : "passed",
        "time" : {
          "start" : 1730361939843,
          "stop" : 1730361954104,
          "duration" : 14261
        }
      }, {
        "uid" : "b4ff2c421cc0c004",
        "reportUrl" : "https://Brain-up.github.io/auto-tests-python/169//#testresult/b4ff2c421cc0c004",
        "status" : "passed",
        "time" : {
          "start" : 1730336534161,
          "stop" : 1730336548426,
          "duration" : 14265
        }
      }, {
        "uid" : "e0c3b368396359dc",
        "reportUrl" : "https://Brain-up.github.io/auto-tests-python/362//#testresult/e0c3b368396359dc",
        "status" : "passed",
        "time" : {
          "start" : 1730279976923,
          "stop" : 1730279991252,
          "duration" : 14329
        }
      }, {
        "uid" : "83c3ae6c5b59ef34",
        "reportUrl" : "https://Brain-up.github.io/auto-tests-python/361//#testresult/83c3ae6c5b59ef34",
        "status" : "passed",
        "time" : {
          "start" : 1730277239987,
          "stop" : 1730277254297,
          "duration" : 14310
        }
      }, {
        "uid" : "f769e8a5938384e7",
        "reportUrl" : "https://Brain-up.github.io/auto-tests-python/168//#testresult/f769e8a5938384e7",
        "status" : "passed",
        "time" : {
          "start" : 1730250164383,
          "stop" : 1730250178692,
          "duration" : 14309
        }
      }, {
        "uid" : "b496686198d2ba1e",
        "reportUrl" : "https://Brain-up.github.io/auto-tests-python/360//#testresult/b496686198d2ba1e",
        "status" : "passed",
        "time" : {
          "start" : 1730192894663,
          "stop" : 1730192908943,
          "duration" : 14280
        }
      }, {
        "uid" : "6742613e475a794a",
        "reportUrl" : "https://Brain-up.github.io/auto-tests-python/359//#testresult/6742613e475a794a",
        "status" : "passed",
        "time" : {
          "start" : 1730189782469,
          "stop" : 1730189796779,
          "duration" : 14310
        }
      }, {
        "uid" : "f3aeffc0319945f1",
        "reportUrl" : "https://Brain-up.github.io/auto-tests-python/358//#testresult/f3aeffc0319945f1",
        "status" : "passed",
        "time" : {
          "start" : 1730186693624,
          "stop" : 1730186707942,
          "duration" : 14318
        }
      }, {
        "uid" : "c52c74c667253ff9",
        "reportUrl" : "https://Brain-up.github.io/auto-tests-python/167//#testresult/c52c74c667253ff9",
        "status" : "passed",
        "time" : {
          "start" : 1730163753209,
          "stop" : 1730163767520,
          "duration" : 14311
        }
      }, {
        "uid" : "d5b3df547cd75990",
        "reportUrl" : "https://Brain-up.github.io/auto-tests-python/357//#testresult/d5b3df547cd75990",
        "status" : "passed",
        "time" : {
          "start" : 1730149921285,
          "stop" : 1730149931751,
          "duration" : 10466
        }
      }, {
        "uid" : "12a65e1ca35079bb",
        "reportUrl" : "https://Brain-up.github.io/auto-tests-python/356//#testresult/12a65e1ca35079bb",
        "status" : "passed",
        "time" : {
          "start" : 1730121939245,
          "stop" : 1730121953780,
          "duration" : 14535
        }
      }, {
        "uid" : "d9164346c21a0258",
        "reportUrl" : "https://Brain-up.github.io/auto-tests-python/355//#testresult/d9164346c21a0258",
        "status" : "passed",
        "time" : {
          "start" : 1730118540634,
          "stop" : 1730118554955,
          "duration" : 14321
        }
      } ]
    },
    "tags" : [ ]
  },
  "source" : "c076de632725f304.json",
  "parameterValues" : [ ]
}