{
  "uid" : "6af9d1cfac4e2d4a",
  "name" : "Solutions to a random task in the \"Слова\" .",
  "fullName" : "tests.test_speech_exercises_ru.TestCardsRU#test_solve_word_cards_ru",
  "historyId" : "97a1dfc93de55b98f3507f18d0af26f8",
  "time" : {
    "start" : 1757367256475,
    "stop" : 1757367266838,
    "duration" : 10363
  },
  "status" : "skipped",
  "statusMessage" : "XFAIL\n\nselenium.common.exceptions.TimeoutException: Message: Can't find element by locator ('xpath', '//a[text()=\"Упражнения\"]')\nStacktrace:\n#0 0x563c7978d08a <unknown>\n#1 0x563c7922ca70 <unknown>\n#2 0x563c7927e907 <unknown>\n#3 0x563c7927eb01 <unknown>\n#4 0x563c792ccd54 <unknown>\n#5 0x563c792a440d <unknown>\n#6 0x563c792ca14f <unknown>\n#7 0x563c792a41b3 <unknown>\n#8 0x563c7927059b <unknown>\n#9 0x563c79271971 <unknown>\n#10 0x563c7975225b <unknown>\n#11 0x563c79755fa9 <unknown>\n#12 0x563c79739339 <unknown>\n#13 0x563c79756b58 <unknown>\n#14 0x563c7971dc1f <unknown>\n#15 0x563c7977a118 <unknown>\n#16 0x563c7977a2f6 <unknown>\n#17 0x563c7978c066 <unknown>\n#18 0x7f463e49caa4 <unknown>\n#19 0x7f463e529c3c <unknown>",
  "statusTrace" : "self = <tests.test_speech_exercises_ru.TestCardsRU object at 0x7f02d3baeab0>\ndriver = <selenium.webdriver.chrome.webdriver.WebDriver (session=\"300f7e9d46f1e9738d1648c28528e942\")>\ndefault_user_authorized = None\n\n    @pytest.mark.xfail\n    @allure.suite(\"Речевые упражнения.\")\n    @allure.title('Solutions to a random task in the \"Слова\" .')\n    def test_solve_word_cards_ru(self, driver, default_user_authorized):\n        page = SpeechExercisesPageRU(driver)\n>       page.click_button_exercises()\n\ntests/test_speech_exercises_ru.py:124: \n_ _ _ _ _ _ _ _ _ _ _ _ _ _ _ _ _ _ _ _ _ _ _ _ _ _ _ _ _ _ _ _ _ _ _ _ _ _ _ _ \npages/speech_exercises_page_ru.py:199: in click_button_exercises\n    button = self.element_is_present_and_clickable(self.locators.AuthorizedUserHomePageLocators.BUTTON_EXERCISES_RU)\npages/base_page.py:40: in element_is_present_and_clickable\n    return (Wait(self.driver, self.timeout).until(\n_ _ _ _ _ _ _ _ _ _ _ _ _ _ _ _ _ _ _ _ _ _ _ _ _ _ _ _ _ _ _ _ _ _ _ _ _ _ _ _ \n\nself = <selenium.webdriver.support.wait.WebDriverWait (session=\"300f7e9d46f1e9738d1648c28528e942\")>\nmethod = <function visibility_of_element_located.<locals>._predicate at 0x7f02d3b322a0>\nmessage = 'Can\\'t find element by locator (\\'xpath\\', \\'//a[text()=\"Упражнения\"]\\')'\n\n    def until(self, method, message: str = \"\"):\n        \"\"\"Calls the method provided with the driver as an argument until the \\\n        return value does not evaluate to ``False``.\n    \n        :param method: callable(WebDriver)\n        :param message: optional message for :exc:`TimeoutException`\n        :returns: the result of the last call to `method`\n        :raises: :exc:`selenium.common.exceptions.TimeoutException` if timeout occurs\n        \"\"\"\n        screen = None\n        stacktrace = None\n    \n        end_time = time.monotonic() + self._timeout\n        while True:\n            try:\n                value = method(self._driver)\n                if value:\n                    return value\n            except self._ignored_exceptions as exc:\n                screen = getattr(exc, \"screen\", None)\n                stacktrace = getattr(exc, \"stacktrace\", None)\n            time.sleep(self._poll)\n            if time.monotonic() > end_time:\n                break\n>       raise TimeoutException(message, screen, stacktrace)\nE       selenium.common.exceptions.TimeoutException: Message: Can't find element by locator ('xpath', '//a[text()=\"Упражнения\"]')\nE       Stacktrace:\nE       #0 0x563c7978d08a <unknown>\nE       #1 0x563c7922ca70 <unknown>\nE       #2 0x563c7927e907 <unknown>\nE       #3 0x563c7927eb01 <unknown>\nE       #4 0x563c792ccd54 <unknown>\nE       #5 0x563c792a440d <unknown>\nE       #6 0x563c792ca14f <unknown>\nE       #7 0x563c792a41b3 <unknown>\nE       #8 0x563c7927059b <unknown>\nE       #9 0x563c79271971 <unknown>\nE       #10 0x563c7975225b <unknown>\nE       #11 0x563c79755fa9 <unknown>\nE       #12 0x563c79739339 <unknown>\nE       #13 0x563c79756b58 <unknown>\nE       #14 0x563c7971dc1f <unknown>\nE       #15 0x563c7977a118 <unknown>\nE       #16 0x563c7977a2f6 <unknown>\nE       #17 0x563c7978c066 <unknown>\nE       #18 0x7f463e49caa4 <unknown>\nE       #19 0x7f463e529c3c <unknown>\n\n/opt/hostedtoolcache/Python/3.12.11/x64/lib/python3.12/site-packages/selenium/webdriver/support/wait.py:95: TimeoutException",
  "flaky" : false,
  "newFailed" : false,
  "beforeStages" : [ {
    "name" : "main_page_open",
    "time" : {
      "start" : 1757367249833,
      "stop" : 1757367254007,
      "duration" : 4174
    },
    "status" : "passed",
    "steps" : [ {
      "name" : "Open page: https://www.brainup.site/",
      "time" : {
        "start" : 1757367249833,
        "stop" : 1757367254007,
        "duration" : 4174
      },
      "status" : "passed",
      "steps" : [ ],
      "attachments" : [ ],
      "parameters" : [ {
        "name" : "driver",
        "value" : "<selenium.webdriver.chrome.webdriver.WebDriver (session=\"300f7e9d46f1e9738d1648c28528e942\")>"
      } ],
      "stepsCount" : 0,
      "attachmentsCount" : 0,
      "shouldDisplayMessage" : false,
      "hasContent" : true
    } ],
    "attachments" : [ ],
    "parameters" : [ ],
    "stepsCount" : 1,
    "attachmentsCount" : 0,
    "shouldDisplayMessage" : false,
    "hasContent" : true
  }, {
    "name" : "default_user_authorized",
    "time" : {
      "start" : 1757367254007,
      "stop" : 1757367256475,
      "duration" : 2468
    },
    "status" : "passed",
    "steps" : [ {
      "name" : "DEFAULT user authorized",
      "time" : {
        "start" : 1757367254007,
        "stop" : 1757367256475,
        "duration" : 2468
      },
      "status" : "passed",
      "steps" : [ {
        "name" : "Check url is present: https://www.brainup.site/groups",
        "time" : {
          "start" : 1757367254430,
          "stop" : 1757367256450,
          "duration" : 2020
        },
        "status" : "passed",
        "steps" : [ ],
        "attachments" : [ ],
        "parameters" : [ ],
        "stepsCount" : 0,
        "attachmentsCount" : 0,
        "shouldDisplayMessage" : false,
        "hasContent" : false
      }, {
        "name" : "Loader checking",
        "time" : {
          "start" : 1757367256450,
          "stop" : 1757367256475,
          "duration" : 25
        },
        "status" : "passed",
        "steps" : [ ],
        "attachments" : [ ],
        "parameters" : [ ],
        "stepsCount" : 0,
        "attachmentsCount" : 0,
        "shouldDisplayMessage" : false,
        "hasContent" : false
      } ],
      "attachments" : [ ],
      "parameters" : [ {
        "name" : "driver",
        "value" : "<selenium.webdriver.chrome.webdriver.WebDriver (session=\"300f7e9d46f1e9738d1648c28528e942\")>"
      }, {
        "name" : "main_page_open",
        "value" : "None"
      } ],
      "stepsCount" : 2,
      "attachmentsCount" : 0,
      "shouldDisplayMessage" : false,
      "hasContent" : true
    } ],
    "attachments" : [ ],
    "parameters" : [ ],
    "stepsCount" : 3,
    "attachmentsCount" : 0,
    "shouldDisplayMessage" : false,
    "hasContent" : true
  }, {
    "name" : "driver",
    "time" : {
      "start" : 1757367249075,
      "stop" : 1757367249833,
      "duration" : 758
    },
    "status" : "passed",
    "steps" : [ ],
    "attachments" : [ ],
    "parameters" : [ ],
    "stepsCount" : 0,
    "attachmentsCount" : 0,
    "shouldDisplayMessage" : false,
    "hasContent" : false
  }, {
    "name" : "clear_allure_results_folder",
    "time" : {
      "start" : 1757365603589,
      "stop" : 1757365603589,
      "duration" : 0
    },
    "status" : "passed",
    "steps" : [ ],
    "attachments" : [ ],
    "parameters" : [ ],
    "stepsCount" : 0,
    "attachmentsCount" : 0,
    "shouldDisplayMessage" : false,
    "hasContent" : false
  } ],
  "testStage" : {
    "status" : "skipped",
    "statusMessage" : "XFAIL\n\nselenium.common.exceptions.TimeoutException: Message: Can't find element by locator ('xpath', '//a[text()=\"Упражнения\"]')\nStacktrace:\n#0 0x563c7978d08a <unknown>\n#1 0x563c7922ca70 <unknown>\n#2 0x563c7927e907 <unknown>\n#3 0x563c7927eb01 <unknown>\n#4 0x563c792ccd54 <unknown>\n#5 0x563c792a440d <unknown>\n#6 0x563c792ca14f <unknown>\n#7 0x563c792a41b3 <unknown>\n#8 0x563c7927059b <unknown>\n#9 0x563c79271971 <unknown>\n#10 0x563c7975225b <unknown>\n#11 0x563c79755fa9 <unknown>\n#12 0x563c79739339 <unknown>\n#13 0x563c79756b58 <unknown>\n#14 0x563c7971dc1f <unknown>\n#15 0x563c7977a118 <unknown>\n#16 0x563c7977a2f6 <unknown>\n#17 0x563c7978c066 <unknown>\n#18 0x7f463e49caa4 <unknown>\n#19 0x7f463e529c3c <unknown>",
    "statusTrace" : "self = <tests.test_speech_exercises_ru.TestCardsRU object at 0x7f02d3baeab0>\ndriver = <selenium.webdriver.chrome.webdriver.WebDriver (session=\"300f7e9d46f1e9738d1648c28528e942\")>\ndefault_user_authorized = None\n\n    @pytest.mark.xfail\n    @allure.suite(\"Речевые упражнения.\")\n    @allure.title('Solutions to a random task in the \"Слова\" .')\n    def test_solve_word_cards_ru(self, driver, default_user_authorized):\n        page = SpeechExercisesPageRU(driver)\n>       page.click_button_exercises()\n\ntests/test_speech_exercises_ru.py:124: \n_ _ _ _ _ _ _ _ _ _ _ _ _ _ _ _ _ _ _ _ _ _ _ _ _ _ _ _ _ _ _ _ _ _ _ _ _ _ _ _ \npages/speech_exercises_page_ru.py:199: in click_button_exercises\n    button = self.element_is_present_and_clickable(self.locators.AuthorizedUserHomePageLocators.BUTTON_EXERCISES_RU)\npages/base_page.py:40: in element_is_present_and_clickable\n    return (Wait(self.driver, self.timeout).until(\n_ _ _ _ _ _ _ _ _ _ _ _ _ _ _ _ _ _ _ _ _ _ _ _ _ _ _ _ _ _ _ _ _ _ _ _ _ _ _ _ \n\nself = <selenium.webdriver.support.wait.WebDriverWait (session=\"300f7e9d46f1e9738d1648c28528e942\")>\nmethod = <function visibility_of_element_located.<locals>._predicate at 0x7f02d3b322a0>\nmessage = 'Can\\'t find element by locator (\\'xpath\\', \\'//a[text()=\"Упражнения\"]\\')'\n\n    def until(self, method, message: str = \"\"):\n        \"\"\"Calls the method provided with the driver as an argument until the \\\n        return value does not evaluate to ``False``.\n    \n        :param method: callable(WebDriver)\n        :param message: optional message for :exc:`TimeoutException`\n        :returns: the result of the last call to `method`\n        :raises: :exc:`selenium.common.exceptions.TimeoutException` if timeout occurs\n        \"\"\"\n        screen = None\n        stacktrace = None\n    \n        end_time = time.monotonic() + self._timeout\n        while True:\n            try:\n                value = method(self._driver)\n                if value:\n                    return value\n            except self._ignored_exceptions as exc:\n                screen = getattr(exc, \"screen\", None)\n                stacktrace = getattr(exc, \"stacktrace\", None)\n            time.sleep(self._poll)\n            if time.monotonic() > end_time:\n                break\n>       raise TimeoutException(message, screen, stacktrace)\nE       selenium.common.exceptions.TimeoutException: Message: Can't find element by locator ('xpath', '//a[text()=\"Упражнения\"]')\nE       Stacktrace:\nE       #0 0x563c7978d08a <unknown>\nE       #1 0x563c7922ca70 <unknown>\nE       #2 0x563c7927e907 <unknown>\nE       #3 0x563c7927eb01 <unknown>\nE       #4 0x563c792ccd54 <unknown>\nE       #5 0x563c792a440d <unknown>\nE       #6 0x563c792ca14f <unknown>\nE       #7 0x563c792a41b3 <unknown>\nE       #8 0x563c7927059b <unknown>\nE       #9 0x563c79271971 <unknown>\nE       #10 0x563c7975225b <unknown>\nE       #11 0x563c79755fa9 <unknown>\nE       #12 0x563c79739339 <unknown>\nE       #13 0x563c79756b58 <unknown>\nE       #14 0x563c7971dc1f <unknown>\nE       #15 0x563c7977a118 <unknown>\nE       #16 0x563c7977a2f6 <unknown>\nE       #17 0x563c7978c066 <unknown>\nE       #18 0x7f463e49caa4 <unknown>\nE       #19 0x7f463e529c3c <unknown>\n\n/opt/hostedtoolcache/Python/3.12.11/x64/lib/python3.12/site-packages/selenium/webdriver/support/wait.py:95: TimeoutException",
    "steps" : [ {
      "name" : "Click button \"Упражнения\".",
      "time" : {
        "start" : 1757367256475,
        "stop" : 1757367266838,
        "duration" : 10363
      },
      "status" : "broken",
      "statusMessage" : "selenium.common.exceptions.TimeoutException: Message: Can't find element by locator ('xpath', '//a[text()=\"Упражнения\"]')\nStacktrace:\n#0 0x563c7978d08a <unknown>\n#1 0x563c7922ca70 <unknown>\n#2 0x563c7927e907 <unknown>\n#3 0x563c7927eb01 <unknown>\n#4 0x563c792ccd54 <unknown>\n#5 0x563c792a440d <unknown>\n#6 0x563c792ca14f <unknown>\n#7 0x563c792a41b3 <unknown>\n#8 0x563c7927059b <unknown>\n#9 0x563c79271971 <unknown>\n#10 0x563c7975225b <unknown>\n#11 0x563c79755fa9 <unknown>\n#12 0x563c79739339 <unknown>\n#13 0x563c79756b58 <unknown>\n#14 0x563c7971dc1f <unknown>\n#15 0x563c7977a118 <unknown>\n#16 0x563c7977a2f6 <unknown>\n#17 0x563c7978c066 <unknown>\n#18 0x7f463e49caa4 <unknown>\n#19 0x7f463e529c3c <unknown>\n\n",
      "statusTrace" : "  File \"/opt/hostedtoolcache/Python/3.12.11/x64/lib/python3.12/site-packages/allure_commons/_allure.py\", line 192, in impl\n    return func(*a, **kw)\n           ^^^^^^^^^^^^^^\n  File \"/home/runner/work/auto-tests-python/auto-tests-python/pages/speech_exercises_page_ru.py\", line 199, in click_button_exercises\n    button = self.element_is_present_and_clickable(self.locators.AuthorizedUserHomePageLocators.BUTTON_EXERCISES_RU)\n             ^^^^^^^^^^^^^^^^^^^^^^^^^^^^^^^^^^^^^^^^^^^^^^^^^^^^^^^^^^^^^^^^^^^^^^^^^^^^^^^^^^^^^^^^^^^^^^^^^^^^^^^\n  File \"/home/runner/work/auto-tests-python/auto-tests-python/pages/base_page.py\", line 40, in element_is_present_and_clickable\n    return (Wait(self.driver, self.timeout).until(\n            ^^^^^^^^^^^^^^^^^^^^^^^^^^^^^^^^^^^^^^\n  File \"/opt/hostedtoolcache/Python/3.12.11/x64/lib/python3.12/site-packages/selenium/webdriver/support/wait.py\", line 95, in until\n    raise TimeoutException(message, screen, stacktrace)\n",
      "steps" : [ {
        "name" : "Click button \"RU\".",
        "time" : {
          "start" : 1757367256475,
          "stop" : 1757367256560,
          "duration" : 85
        },
        "status" : "passed",
        "steps" : [ ],
        "attachments" : [ ],
        "parameters" : [ ],
        "stepsCount" : 0,
        "attachmentsCount" : 0,
        "shouldDisplayMessage" : false,
        "hasContent" : false
      } ],
      "attachments" : [ ],
      "parameters" : [ ],
      "stepsCount" : 1,
      "attachmentsCount" : 0,
      "shouldDisplayMessage" : true,
      "hasContent" : true
    } ],
    "attachments" : [ ],
    "parameters" : [ ],
    "stepsCount" : 2,
    "attachmentsCount" : 0,
    "shouldDisplayMessage" : true,
    "hasContent" : true
  },
  "afterStages" : [ {
    "name" : "driver::0",
    "time" : {
      "start" : 1757367266854,
      "stop" : 1757367266922,
      "duration" : 68
    },
    "status" : "passed",
    "steps" : [ ],
    "attachments" : [ ],
    "parameters" : [ ],
    "stepsCount" : 0,
    "attachmentsCount" : 0,
    "shouldDisplayMessage" : false,
    "hasContent" : false
  } ],
  "labels" : [ {
    "name" : "epic",
    "value" : "Speech exercises."
  }, {
    "name" : "suite",
    "value" : "Речевые упражнения."
  }, {
    "name" : "tag",
    "value" : "@pytest.mark.xfail"
  }, {
    "name" : "parentSuite",
    "value" : "tests"
  }, {
    "name" : "subSuite",
    "value" : "TestCardsRU"
  }, {
    "name" : "host",
    "value" : "pkrvm7jw40e0xgp"
  }, {
    "name" : "thread",
    "value" : "2599-MainThread"
  }, {
    "name" : "framework",
    "value" : "pytest"
  }, {
    "name" : "language",
    "value" : "cpython3"
  }, {
    "name" : "package",
    "value" : "tests.test_speech_exercises_ru"
  }, {
    "name" : "resultFormat",
    "value" : "allure2"
  } ],
  "parameters" : [ ],
  "links" : [ ],
  "hidden" : false,
  "retry" : false,
  "extra" : {
    "severity" : "normal",
    "retries" : [ ],
    "categories" : [ ],
    "history" : {
      "statistic" : {
        "failed" : 0,
        "broken" : 0,
        "skipped" : 217,
        "passed" : 95,
        "unknown" : 0,
        "total" : 312
      },
      "items" : [ {
        "uid" : "bbe7303bd10e8450",
        "reportUrl" : "https://Brain-up.github.io/auto-tests-python/678//#testresult/bbe7303bd10e8450",
        "status" : "skipped",
        "statusDetails" : "XFAIL\n\nselenium.common.exceptions.TimeoutException: Message: Can't find element by locator ('xpath', '//a[text()=\"Упражнения\"]')\nStacktrace:\n#0 0x55ce829f408a <unknown>\n#1 0x55ce82493a70 <unknown>\n#2 0x55ce824e5907 <unknown>\n#3 0x55ce824e5b01 <unknown>\n#4 0x55ce82533d54 <unknown>\n#5 0x55ce8250b40d <unknown>\n#6 0x55ce8253114f <unknown>\n#7 0x55ce8250b1b3 <unknown>\n#8 0x55ce824d759b <unknown>\n#9 0x55ce824d8971 <unknown>\n#10 0x55ce829b925b <unknown>\n#11 0x55ce829bcfa9 <unknown>\n#12 0x55ce829a0339 <unknown>\n#13 0x55ce829bdb58 <unknown>\n#14 0x55ce82984c1f <unknown>\n#15 0x55ce829e1118 <unknown>\n#16 0x55ce829e12f6 <unknown>\n#17 0x55ce829f3066 <unknown>\n#18 0x7f7e3409caa4 <unknown>\n#19 0x7f7e34129c3c <unknown>",
        "time" : {
          "start" : 1757363042520,
          "stop" : 1757363052877,
          "duration" : 10357
        }
      }, {
        "uid" : "6a4f8494e50143f1",
        "reportUrl" : "https://Brain-up.github.io/auto-tests-python/677//#testresult/6a4f8494e50143f1",
        "status" : "skipped",
        "statusDetails" : "XFAIL\n\nselenium.common.exceptions.TimeoutException: Message: Can't find element by locator ('xpath', '//a[text()=\"Упражнения\"]')\nStacktrace:\n#0 0x564ffe94808a <unknown>\n#1 0x564ffe3e7a70 <unknown>\n#2 0x564ffe439907 <unknown>\n#3 0x564ffe439b01 <unknown>\n#4 0x564ffe487d54 <unknown>\n#5 0x564ffe45f40d <unknown>\n#6 0x564ffe48514f <unknown>\n#7 0x564ffe45f1b3 <unknown>\n#8 0x564ffe42b59b <unknown>\n#9 0x564ffe42c971 <unknown>\n#10 0x564ffe90d25b <unknown>\n#11 0x564ffe910fa9 <unknown>\n#12 0x564ffe8f4339 <unknown>\n#13 0x564ffe911b58 <unknown>\n#14 0x564ffe8d8c1f <unknown>\n#15 0x564ffe935118 <unknown>\n#16 0x564ffe9352f6 <unknown>\n#17 0x564ffe947066 <unknown>\n#18 0x7fc08e89caa4 <unknown>\n#19 0x7fc08e929c3c <unknown>",
        "time" : {
          "start" : 1757239075880,
          "stop" : 1757239086214,
          "duration" : 10334
        }
      }, {
        "uid" : "58ea072f3d13030d",
        "reportUrl" : "https://Brain-up.github.io/auto-tests-python/676//#testresult/58ea072f3d13030d",
        "status" : "skipped",
        "statusDetails" : "XFAIL\n\nselenium.common.exceptions.TimeoutException: Message: Can't find element by locator ('xpath', '//a[text()=\"Упражнения\"]')\nStacktrace:\n#0 0x5618d4a8408a <unknown>\n#1 0x5618d4523a70 <unknown>\n#2 0x5618d4575907 <unknown>\n#3 0x5618d4575b01 <unknown>\n#4 0x5618d45c3d54 <unknown>\n#5 0x5618d459b40d <unknown>\n#6 0x5618d45c114f <unknown>\n#7 0x5618d459b1b3 <unknown>\n#8 0x5618d456759b <unknown>\n#9 0x5618d4568971 <unknown>\n#10 0x5618d4a4925b <unknown>\n#11 0x5618d4a4cfa9 <unknown>\n#12 0x5618d4a30339 <unknown>\n#13 0x5618d4a4db58 <unknown>\n#14 0x5618d4a14c1f <unknown>\n#15 0x5618d4a71118 <unknown>\n#16 0x5618d4a712f6 <unknown>\n#17 0x5618d4a83066 <unknown>\n#18 0x7f2dd529caa4 <unknown>\n#19 0x7f2dd5329c3c <unknown>",
        "time" : {
          "start" : 1757192484949,
          "stop" : 1757192495283,
          "duration" : 10334
        }
      }, {
        "uid" : "82681963861ef7d9",
        "reportUrl" : "https://Brain-up.github.io/auto-tests-python/675//#testresult/82681963861ef7d9",
        "status" : "skipped",
        "statusDetails" : "XFAIL\n\nselenium.common.exceptions.TimeoutException: Message: Can't find element by locator ('xpath', '//a[text()=\"Упражнения\"]')\nStacktrace:\n#0 0x56133053308a <unknown>\n#1 0x56132ffd2a70 <unknown>\n#2 0x561330024907 <unknown>\n#3 0x561330024b01 <unknown>\n#4 0x561330072d54 <unknown>\n#5 0x56133004a40d <unknown>\n#6 0x56133007014f <unknown>\n#7 0x56133004a1b3 <unknown>\n#8 0x56133001659b <unknown>\n#9 0x561330017971 <unknown>\n#10 0x5613304f825b <unknown>\n#11 0x5613304fbfa9 <unknown>\n#12 0x5613304df339 <unknown>\n#13 0x5613304fcb58 <unknown>\n#14 0x5613304c3c1f <unknown>\n#15 0x561330520118 <unknown>\n#16 0x5613305202f6 <unknown>\n#17 0x561330532066 <unknown>\n#18 0x7f7617c9caa4 <unknown>\n#19 0x7f7617d29c3c <unknown>",
        "time" : {
          "start" : 1757067727609,
          "stop" : 1757067737957,
          "duration" : 10348
        }
      }, {
        "uid" : "b0775e9710eae029",
        "reportUrl" : "https://Brain-up.github.io/auto-tests-python/674//#testresult/b0775e9710eae029",
        "status" : "skipped",
        "statusDetails" : "XFAIL\n\nselenium.common.exceptions.TimeoutException: Message: Can't find element by locator ('xpath', '//a[text()=\"Упражнения\"]')\nStacktrace:\n#0 0x55dacc04c02a <unknown>\n#1 0x55dacbaeba70 <unknown>\n#2 0x55dacbb3d907 <unknown>\n#3 0x55dacbb3db01 <unknown>\n#4 0x55dacbb8bd54 <unknown>\n#5 0x55dacbb6340d <unknown>\n#6 0x55dacbb8914f <unknown>\n#7 0x55dacbb631b3 <unknown>\n#8 0x55dacbb2f59b <unknown>\n#9 0x55dacbb30971 <unknown>\n#10 0x55dacc0111fb <unknown>\n#11 0x55dacc014f49 <unknown>\n#12 0x55dacbff82d9 <unknown>\n#13 0x55dacc015af8 <unknown>\n#14 0x55dacbfdcbbf <unknown>\n#15 0x55dacc0390b8 <unknown>\n#16 0x55dacc039296 <unknown>\n#17 0x55dacc04b006 <unknown>\n#18 0x7fafa769caa4 <unknown>\n#19 0x7fafa7729c3c <unknown>",
        "time" : {
          "start" : 1756809715901,
          "stop" : 1756809726244,
          "duration" : 10343
        }
      }, {
        "uid" : "9ac88e5e24d8e587",
        "reportUrl" : "https://Brain-up.github.io/auto-tests-python/673//#testresult/9ac88e5e24d8e587",
        "status" : "skipped",
        "statusDetails" : "XFAIL\n\nselenium.common.exceptions.TimeoutException: Message: Can't find element by locator ('xpath', '//a[text()=\"Упражнения\"]')\nStacktrace:\n#0 0x55defb5a802a <unknown>\n#1 0x55defb047a70 <unknown>\n#2 0x55defb099907 <unknown>\n#3 0x55defb099b01 <unknown>\n#4 0x55defb0e7d54 <unknown>\n#5 0x55defb0bf40d <unknown>\n#6 0x55defb0e514f <unknown>\n#7 0x55defb0bf1b3 <unknown>\n#8 0x55defb08b59b <unknown>\n#9 0x55defb08c971 <unknown>\n#10 0x55defb56d1fb <unknown>\n#11 0x55defb570f49 <unknown>\n#12 0x55defb5542d9 <unknown>\n#13 0x55defb571af8 <unknown>\n#14 0x55defb538bbf <unknown>\n#15 0x55defb5950b8 <unknown>\n#16 0x55defb595296 <unknown>\n#17 0x55defb5a7006 <unknown>\n#18 0x7fa69209caa4 <unknown>\n#19 0x7fa692129c3c <unknown>",
        "time" : {
          "start" : 1756757436535,
          "stop" : 1756757446889,
          "duration" : 10354
        }
      }, {
        "uid" : "e46861a01af441c4",
        "reportUrl" : "https://Brain-up.github.io/auto-tests-python/672//#testresult/e46861a01af441c4",
        "status" : "skipped",
        "statusDetails" : "XFAIL\n\nselenium.common.exceptions.TimeoutException: Message: Can't find element by locator ('xpath', '//a[text()=\"Упражнения\"]')\nStacktrace:\n#0 0x561c5c59c02a <unknown>\n#1 0x561c5c03ba70 <unknown>\n#2 0x561c5c08d907 <unknown>\n#3 0x561c5c08db01 <unknown>\n#4 0x561c5c0dbd54 <unknown>\n#5 0x561c5c0b340d <unknown>\n#6 0x561c5c0d914f <unknown>\n#7 0x561c5c0b31b3 <unknown>\n#8 0x561c5c07f59b <unknown>\n#9 0x561c5c080971 <unknown>\n#10 0x561c5c5611fb <unknown>\n#11 0x561c5c564f49 <unknown>\n#12 0x561c5c5482d9 <unknown>\n#13 0x561c5c565af8 <unknown>\n#14 0x561c5c52cbbf <unknown>\n#15 0x561c5c5890b8 <unknown>\n#16 0x561c5c589296 <unknown>\n#17 0x561c5c59b006 <unknown>\n#18 0x7f31e949caa4 <unknown>\n#19 0x7f31e9529c3c <unknown>",
        "time" : {
          "start" : 1756648732290,
          "stop" : 1756648742687,
          "duration" : 10397
        }
      }, {
        "uid" : "2b15159f146b16aa",
        "reportUrl" : "https://Brain-up.github.io/auto-tests-python/671//#testresult/2b15159f146b16aa",
        "status" : "skipped",
        "statusDetails" : "XFAIL\n\nselenium.common.exceptions.TimeoutException: Message: Can't find element by locator ('xpath', '//a[text()=\"Упражнения\"]')\nStacktrace:\n#0 0x561ebdc1c02a <unknown>\n#1 0x561ebd6bba70 <unknown>\n#2 0x561ebd70d907 <unknown>\n#3 0x561ebd70db01 <unknown>\n#4 0x561ebd75bd54 <unknown>\n#5 0x561ebd73340d <unknown>\n#6 0x561ebd75914f <unknown>\n#7 0x561ebd7331b3 <unknown>\n#8 0x561ebd6ff59b <unknown>\n#9 0x561ebd700971 <unknown>\n#10 0x561ebdbe11fb <unknown>\n#11 0x561ebdbe4f49 <unknown>\n#12 0x561ebdbc82d9 <unknown>\n#13 0x561ebdbe5af8 <unknown>\n#14 0x561ebdbacbbf <unknown>\n#15 0x561ebdc090b8 <unknown>\n#16 0x561ebdc09296 <unknown>\n#17 0x561ebdc1b006 <unknown>\n#18 0x7f2c9f09caa4 <unknown>\n#19 0x7f2c9f129c3c <unknown>",
        "time" : {
          "start" : 1756547833527,
          "stop" : 1756547843864,
          "duration" : 10337
        }
      }, {
        "uid" : "9b878ee1d35f78c1",
        "reportUrl" : "https://Brain-up.github.io/auto-tests-python/670//#testresult/9b878ee1d35f78c1",
        "status" : "skipped",
        "statusDetails" : "XFAIL\n\nselenium.common.exceptions.TimeoutException: Message: Can't find element by locator ('xpath', '//a[text()=\"Упражнения\"]')\nStacktrace:\n#0 0x563d1db3a02a <unknown>\n#1 0x563d1d5d9a70 <unknown>\n#2 0x563d1d62b907 <unknown>\n#3 0x563d1d62bb01 <unknown>\n#4 0x563d1d679d54 <unknown>\n#5 0x563d1d65140d <unknown>\n#6 0x563d1d67714f <unknown>\n#7 0x563d1d6511b3 <unknown>\n#8 0x563d1d61d59b <unknown>\n#9 0x563d1d61e971 <unknown>\n#10 0x563d1daff1fb <unknown>\n#11 0x563d1db02f49 <unknown>\n#12 0x563d1dae62d9 <unknown>\n#13 0x563d1db03af8 <unknown>\n#14 0x563d1dacabbf <unknown>\n#15 0x563d1db270b8 <unknown>\n#16 0x563d1db27296 <unknown>\n#17 0x563d1db39006 <unknown>\n#18 0x7fd7f729caa4 <unknown>\n#19 0x7fd7f7329c3c <unknown>",
        "time" : {
          "start" : 1756490203670,
          "stop" : 1756490214012,
          "duration" : 10342
        }
      }, {
        "uid" : "5ef7e53c91e9f9e3",
        "reportUrl" : "https://Brain-up.github.io/auto-tests-python/670//#testresult/5ef7e53c91e9f9e3",
        "status" : "skipped",
        "statusDetails" : "XFAIL\n\nselenium.common.exceptions.TimeoutException: Message: Can't find element by locator ('xpath', '//a[text()=\"Упражнения\"]')\nStacktrace:\n#0 0x559ec3c1102a <unknown>\n#1 0x559ec36b0a70 <unknown>\n#2 0x559ec3702907 <unknown>\n#3 0x559ec3702b01 <unknown>\n#4 0x559ec3750d54 <unknown>\n#5 0x559ec372840d <unknown>\n#6 0x559ec374e14f <unknown>\n#7 0x559ec37281b3 <unknown>\n#8 0x559ec36f459b <unknown>\n#9 0x559ec36f5971 <unknown>\n#10 0x559ec3bd61fb <unknown>\n#11 0x559ec3bd9f49 <unknown>\n#12 0x559ec3bbd2d9 <unknown>\n#13 0x559ec3bdaaf8 <unknown>\n#14 0x559ec3ba1bbf <unknown>\n#15 0x559ec3bfe0b8 <unknown>\n#16 0x559ec3bfe296 <unknown>\n#17 0x559ec3c10006 <unknown>\n#18 0x7f350129caa4 <unknown>\n#19 0x7f3501329c3c <unknown>",
        "time" : {
          "start" : 1756484632831,
          "stop" : 1756484643177,
          "duration" : 10346
        }
      }, {
        "uid" : "8e8a25dd23f40bc1",
        "reportUrl" : "https://Brain-up.github.io/auto-tests-python/669//#testresult/8e8a25dd23f40bc1",
        "status" : "skipped",
        "statusDetails" : "XFAIL\n\nselenium.common.exceptions.TimeoutException: Message: Can't find element by locator ('xpath', '//a[text()=\"Упражнения\"]')\nStacktrace:\n#0 0x55992b8c402a <unknown>\n#1 0x55992b363a70 <unknown>\n#2 0x55992b3b5907 <unknown>\n#3 0x55992b3b5b01 <unknown>\n#4 0x55992b403d54 <unknown>\n#5 0x55992b3db40d <unknown>\n#6 0x55992b40114f <unknown>\n#7 0x55992b3db1b3 <unknown>\n#8 0x55992b3a759b <unknown>\n#9 0x55992b3a8971 <unknown>\n#10 0x55992b8891fb <unknown>\n#11 0x55992b88cf49 <unknown>\n#12 0x55992b8702d9 <unknown>\n#13 0x55992b88daf8 <unknown>\n#14 0x55992b854bbf <unknown>\n#15 0x55992b8b10b8 <unknown>\n#16 0x55992b8b1296 <unknown>\n#17 0x55992b8c3006 <unknown>\n#18 0x7f739029caa4 <unknown>\n#19 0x7f7390329c3c <unknown>",
        "time" : {
          "start" : 1756373281256,
          "stop" : 1756373291603,
          "duration" : 10347
        }
      }, {
        "uid" : "6b60af8f00783535",
        "reportUrl" : "https://Brain-up.github.io/auto-tests-python/668//#testresult/6b60af8f00783535",
        "status" : "skipped",
        "statusDetails" : "XFAIL\n\nselenium.common.exceptions.TimeoutException: Message: Can't find element by locator ('xpath', '//a[text()=\"Упражнения\"]')\nStacktrace:\n#0 0x5559efe1801a <unknown>\n#1 0x5559ef8b7a70 <unknown>\n#2 0x5559ef909907 <unknown>\n#3 0x5559ef909b01 <unknown>\n#4 0x5559ef957d54 <unknown>\n#5 0x5559ef92f40d <unknown>\n#6 0x5559ef95514f <unknown>\n#7 0x5559ef92f1b3 <unknown>\n#8 0x5559ef8fb59b <unknown>\n#9 0x5559ef8fc971 <unknown>\n#10 0x5559efddd1eb <unknown>\n#11 0x5559efde0f39 <unknown>\n#12 0x5559efdc42c9 <unknown>\n#13 0x5559efde1ae8 <unknown>\n#14 0x5559efda8baf <unknown>\n#15 0x5559efe050a8 <unknown>\n#16 0x5559efe05286 <unknown>\n#17 0x5559efe16ff6 <unknown>\n#18 0x7f0af969caa4 <unknown>\n#19 0x7f0af9729c3c <unknown>",
        "time" : {
          "start" : 1756296786696,
          "stop" : 1756296797035,
          "duration" : 10339
        }
      }, {
        "uid" : "3ab9797afa837cb5",
        "reportUrl" : "https://Brain-up.github.io/auto-tests-python/667//#testresult/3ab9797afa837cb5",
        "status" : "skipped",
        "statusDetails" : "XFAIL\n\nselenium.common.exceptions.TimeoutException: Message: Can't find element by locator ('xpath', '//a[text()=\"Упражнения\"]')\nStacktrace:\n#0 0x55799784e01a <unknown>\n#1 0x5579972eda70 <unknown>\n#2 0x55799733f907 <unknown>\n#3 0x55799733fb01 <unknown>\n#4 0x55799738dd54 <unknown>\n#5 0x55799736540d <unknown>\n#6 0x55799738b14f <unknown>\n#7 0x5579973651b3 <unknown>\n#8 0x55799733159b <unknown>\n#9 0x557997332971 <unknown>\n#10 0x5579978131eb <unknown>\n#11 0x557997816f39 <unknown>\n#12 0x5579977fa2c9 <unknown>\n#13 0x557997817ae8 <unknown>\n#14 0x5579977debaf <unknown>\n#15 0x55799783b0a8 <unknown>\n#16 0x55799783b286 <unknown>\n#17 0x55799784cff6 <unknown>\n#18 0x7f7f6849caa4 <unknown>\n#19 0x7f7f68529c3c <unknown>",
        "time" : {
          "start" : 1756203647790,
          "stop" : 1756203658143,
          "duration" : 10353
        }
      }, {
        "uid" : "61f790b018a0705f",
        "reportUrl" : "https://Brain-up.github.io/auto-tests-python/666//#testresult/61f790b018a0705f",
        "status" : "skipped",
        "statusDetails" : "XFAIL\n\nselenium.common.exceptions.TimeoutException: Message: Can't find element by locator ('xpath', '//a[text()=\"Упражнения\"]')\nStacktrace:\n#0 0x561eab46301a <unknown>\n#1 0x561eaaf02a70 <unknown>\n#2 0x561eaaf54907 <unknown>\n#3 0x561eaaf54b01 <unknown>\n#4 0x561eaafa2d54 <unknown>\n#5 0x561eaaf7a40d <unknown>\n#6 0x561eaafa014f <unknown>\n#7 0x561eaaf7a1b3 <unknown>\n#8 0x561eaaf4659b <unknown>\n#9 0x561eaaf47971 <unknown>\n#10 0x561eab4281eb <unknown>\n#11 0x561eab42bf39 <unknown>\n#12 0x561eab40f2c9 <unknown>\n#13 0x561eab42cae8 <unknown>\n#14 0x561eab3f3baf <unknown>\n#15 0x561eab4500a8 <unknown>\n#16 0x561eab450286 <unknown>\n#17 0x561eab461ff6 <unknown>\n#18 0x7f7ce1c9caa4 <unknown>\n#19 0x7f7ce1d29c3c <unknown>",
        "time" : {
          "start" : 1756119476879,
          "stop" : 1756119487207,
          "duration" : 10328
        }
      }, {
        "uid" : "c9d1f8651ebddb38",
        "reportUrl" : "https://Brain-up.github.io/auto-tests-python/665//#testresult/c9d1f8651ebddb38",
        "status" : "skipped",
        "statusDetails" : "XFAIL\n\nselenium.common.exceptions.TimeoutException: Message: Can't find element by locator ('xpath', '//a[text()=\"Упражнения\"]')\nStacktrace:\n#0 0x56554061b01a <unknown>\n#1 0x5655400baa70 <unknown>\n#2 0x56554010c907 <unknown>\n#3 0x56554010cb01 <unknown>\n#4 0x56554015ad54 <unknown>\n#5 0x56554013240d <unknown>\n#6 0x56554015814f <unknown>\n#7 0x5655401321b3 <unknown>\n#8 0x5655400fe59b <unknown>\n#9 0x5655400ff971 <unknown>\n#10 0x5655405e01eb <unknown>\n#11 0x5655405e3f39 <unknown>\n#12 0x5655405c72c9 <unknown>\n#13 0x5655405e4ae8 <unknown>\n#14 0x5655405abbaf <unknown>\n#15 0x5655406080a8 <unknown>\n#16 0x565540608286 <unknown>\n#17 0x565540619ff6 <unknown>\n#18 0x7ff227c9caa4 <unknown>\n#19 0x7ff227d29c3c <unknown>",
        "time" : {
          "start" : 1756035049501,
          "stop" : 1756035059857,
          "duration" : 10356
        }
      }, {
        "uid" : "22a989d114a0896",
        "reportUrl" : "https://Brain-up.github.io/auto-tests-python/664//#testresult/22a989d114a0896",
        "status" : "skipped",
        "statusDetails" : "XFAIL\n\nselenium.common.exceptions.TimeoutException: Message: Can't find element by locator ('xpath', '//a[text()=\"Упражнения\"]')\nStacktrace:\n#0 0x562b7a00701a <unknown>\n#1 0x562b79aa6a70 <unknown>\n#2 0x562b79af8907 <unknown>\n#3 0x562b79af8b01 <unknown>\n#4 0x562b79b46d54 <unknown>\n#5 0x562b79b1e40d <unknown>\n#6 0x562b79b4414f <unknown>\n#7 0x562b79b1e1b3 <unknown>\n#8 0x562b79aea59b <unknown>\n#9 0x562b79aeb971 <unknown>\n#10 0x562b79fcc1eb <unknown>\n#11 0x562b79fcff39 <unknown>\n#12 0x562b79fb32c9 <unknown>\n#13 0x562b79fd0ae8 <unknown>\n#14 0x562b79f97baf <unknown>\n#15 0x562b79ff40a8 <unknown>\n#16 0x562b79ff4286 <unknown>\n#17 0x562b7a005ff6 <unknown>\n#18 0x7f6fc2c9caa4 <unknown>\n#19 0x7f6fc2d29c3c <unknown>",
        "time" : {
          "start" : 1755947399744,
          "stop" : 1755947410079,
          "duration" : 10335
        }
      }, {
        "uid" : "9d7ac7a74ebded67",
        "reportUrl" : "https://Brain-up.github.io/auto-tests-python/663//#testresult/9d7ac7a74ebded67",
        "status" : "skipped",
        "statusDetails" : "XFAIL\n\nselenium.common.exceptions.TimeoutException: Message: Can't find element by locator ('xpath', '//a[text()=\"Упражнения\"]')\nStacktrace:\n#0 0x5599c0b9501a <unknown>\n#1 0x5599c0634a70 <unknown>\n#2 0x5599c0686907 <unknown>\n#3 0x5599c0686b01 <unknown>\n#4 0x5599c06d4d54 <unknown>\n#5 0x5599c06ac40d <unknown>\n#6 0x5599c06d214f <unknown>\n#7 0x5599c06ac1b3 <unknown>\n#8 0x5599c067859b <unknown>\n#9 0x5599c0679971 <unknown>\n#10 0x5599c0b5a1eb <unknown>\n#11 0x5599c0b5df39 <unknown>\n#12 0x5599c0b412c9 <unknown>\n#13 0x5599c0b5eae8 <unknown>\n#14 0x5599c0b25baf <unknown>\n#15 0x5599c0b820a8 <unknown>\n#16 0x5599c0b82286 <unknown>\n#17 0x5599c0b93ff6 <unknown>\n#18 0x7f13fd69caa4 <unknown>\n#19 0x7f13fd729c3c <unknown>",
        "time" : {
          "start" : 1755853721571,
          "stop" : 1755853731926,
          "duration" : 10355
        }
      }, {
        "uid" : "3d35565df60dcc0e",
        "reportUrl" : "https://Brain-up.github.io/auto-tests-python/662//#testresult/3d35565df60dcc0e",
        "status" : "skipped",
        "statusDetails" : "XFAIL\n\nselenium.common.exceptions.TimeoutException: Message: Can't find element by locator ('xpath', '//a[text()=\"Упражнения\"]')\nStacktrace:\n#0 0x557d8b75101a <unknown>\n#1 0x557d8b1f0a70 <unknown>\n#2 0x557d8b242907 <unknown>\n#3 0x557d8b242b01 <unknown>\n#4 0x557d8b290d54 <unknown>\n#5 0x557d8b26840d <unknown>\n#6 0x557d8b28e14f <unknown>\n#7 0x557d8b2681b3 <unknown>\n#8 0x557d8b23459b <unknown>\n#9 0x557d8b235971 <unknown>\n#10 0x557d8b7161eb <unknown>\n#11 0x557d8b719f39 <unknown>\n#12 0x557d8b6fd2c9 <unknown>\n#13 0x557d8b71aae8 <unknown>\n#14 0x557d8b6e1baf <unknown>\n#15 0x557d8b73e0a8 <unknown>\n#16 0x557d8b73e286 <unknown>\n#17 0x557d8b74fff6 <unknown>\n#18 0x7f68e7a9caa4 <unknown>\n#19 0x7f68e7b29c3c <unknown>",
        "time" : {
          "start" : 1755773048753,
          "stop" : 1755773059097,
          "duration" : 10344
        }
      }, {
        "uid" : "5ac861bd3c02a4c9",
        "reportUrl" : "https://Brain-up.github.io/auto-tests-python/661//#testresult/5ac861bd3c02a4c9",
        "status" : "skipped",
        "statusDetails" : "XFAIL\n\nselenium.common.exceptions.TimeoutException: Message: Can't find element by locator ('xpath', '//a[text()=\"Упражнения\"]')\nStacktrace:\n#0 0x558610d1901a <unknown>\n#1 0x5586107b8a70 <unknown>\n#2 0x55861080a907 <unknown>\n#3 0x55861080ab01 <unknown>\n#4 0x558610858d54 <unknown>\n#5 0x55861083040d <unknown>\n#6 0x55861085614f <unknown>\n#7 0x5586108301b3 <unknown>\n#8 0x5586107fc59b <unknown>\n#9 0x5586107fd971 <unknown>\n#10 0x558610cde1eb <unknown>\n#11 0x558610ce1f39 <unknown>\n#12 0x558610cc52c9 <unknown>\n#13 0x558610ce2ae8 <unknown>\n#14 0x558610ca9baf <unknown>\n#15 0x558610d060a8 <unknown>\n#16 0x558610d06286 <unknown>\n#17 0x558610d17ff6 <unknown>\n#18 0x7fa9fdc9caa4 <unknown>\n#19 0x7fa9fdd29c3c <unknown>",
        "time" : {
          "start" : 1755723014289,
          "stop" : 1755723024635,
          "duration" : 10346
        }
      }, {
        "uid" : "fdce780ab9aa65aa",
        "reportUrl" : "https://Brain-up.github.io/auto-tests-python/660//#testresult/fdce780ab9aa65aa",
        "status" : "skipped",
        "statusDetails" : "XFAIL\n\nselenium.common.exceptions.TimeoutException: Message: Can't find element by locator ('xpath', '//a[text()=\"Упражнения\"]')\nStacktrace:\n#0 0x55ba4654605a <unknown>\n#1 0x55ba45fe5a70 <unknown>\n#2 0x55ba46037907 <unknown>\n#3 0x55ba46037b01 <unknown>\n#4 0x55ba46085d54 <unknown>\n#5 0x55ba4605d40d <unknown>\n#6 0x55ba4608314f <unknown>\n#7 0x55ba4605d1b3 <unknown>\n#8 0x55ba4602959b <unknown>\n#9 0x55ba4602a971 <unknown>\n#10 0x55ba4650b22b <unknown>\n#11 0x55ba4650ef79 <unknown>\n#12 0x55ba464f2309 <unknown>\n#13 0x55ba4650fb28 <unknown>\n#14 0x55ba464d6bef <unknown>\n#15 0x55ba465330e8 <unknown>\n#16 0x55ba465332c6 <unknown>\n#17 0x55ba46545036 <unknown>\n#18 0x7f508f29caa4 <unknown>\n#19 0x7f508f329c3c <unknown>",
        "time" : {
          "start" : 1755613135143,
          "stop" : 1755613145474,
          "duration" : 10331
        }
      } ]
    },
    "tags" : [ "@pytest.mark.xfail" ]
  },
  "source" : "6af9d1cfac4e2d4a.json",
  "parameterValues" : [ ]
}