{
  "uid" : "59e8f505ed1eefa3",
  "name" : "Select a random card from \"Similar phrases\" group and compare UI vs BACKEND data",
  "fullName" : "tests.test_speech_exercises_en.TestCardsEN#test_random_cards_in_similar_phrases_en",
  "historyId" : "106afe14e1824ad4b55b346a52794d4b",
  "time" : {
    "start" : 1732315094628,
    "stop" : 1732315114826,
    "duration" : 20198
  },
  "status" : "skipped",
  "statusMessage" : "XFAIL\n\nselenium.common.exceptions.TimeoutException: Message: Can't find element by locator ('xpath', '//button[@data-test-active-link=\"Similar phrases\"]')\nStacktrace:\n#0 0x55bc4c3774ca <unknown>\n#1 0x55bc4be8a620 <unknown>\n#2 0x55bc4bed9306 <unknown>\n#3 0x55bc4bed95a1 <unknown>\n#4 0x55bc4bf1ea04 <unknown>\n#5 0x55bc4befd39d <unknown>\n#6 0x55bc4bf1bde0 <unknown>\n#7 0x55bc4befd113 <unknown>\n#8 0x55bc4becbbe0 <unknown>\n#9 0x55bc4beccbbe <unknown>\n#10 0x55bc4c343e4b <unknown>\n#11 0x55bc4c347de2 <unknown>\n#12 0x55bc4c330d2c <unknown>\n#13 0x55bc4c348957 <unknown>\n#14 0x55bc4c3164bf <unknown>\n#15 0x55bc4c366348 <unknown>\n#16 0x55bc4c366510 <unknown>\n#17 0x55bc4c376346 <unknown>\n#18 0x7fa291094ac3 <unknown>",
  "statusTrace" : "self = <tests.test_speech_exercises_en.TestCardsEN object at 0x7f89d2e36ab0>\ndriver = <selenium.webdriver.chrome.webdriver.WebDriver (session=\"463d15c2e4967afa5baf67ed549f0ec8\")>\nspecialist_user_authorized = None\n\n    @pytest.mark.xfail\n    @allure.suite(\"Speech exercises EN.\")\n    @allure.title('Select a random card from \"Similar phrases\" group and compare UI vs BACKEND data')\n    def test_random_cards_in_similar_phrases_en(self, driver, specialist_user_authorized):\n        page = SpeechExercisesPage(driver)\n>       page.select_group(SpeechExercisesPageLocators.SIMILAR_PHRASES_EN)\n\ntests/test_speech_exercises_en.py:57: \n_ _ _ _ _ _ _ _ _ _ _ _ _ _ _ _ _ _ _ _ _ _ _ _ _ _ _ _ _ _ _ _ _ _ _ _ _ _ _ _ \npages/speech_exercises_page_en.py:18: in select_group\n    text_of_the_button = self.element_is_present_and_clickable(selector_for_sub_group)\npages/base_page.py:32: in element_is_present_and_clickable\n    return (Wait(self.driver, self.timeout).until(\n_ _ _ _ _ _ _ _ _ _ _ _ _ _ _ _ _ _ _ _ _ _ _ _ _ _ _ _ _ _ _ _ _ _ _ _ _ _ _ _ \n\nself = <selenium.webdriver.support.wait.WebDriverWait (session=\"463d15c2e4967afa5baf67ed549f0ec8\")>\nmethod = <function visibility_of_element_located.<locals>._predicate at 0x7f89d2ef54e0>\nmessage = 'Can\\'t find element by locator (\\'xpath\\', \\'//button[@data-test-active-link=\"Similar phrases\"]\\')'\n\n    def until(self, method, message: str = \"\"):\n        \"\"\"Calls the method provided with the driver as an argument until the \\\n        return value does not evaluate to ``False``.\n    \n        :param method: callable(WebDriver)\n        :param message: optional message for :exc:`TimeoutException`\n        :returns: the result of the last call to `method`\n        :raises: :exc:`selenium.common.exceptions.TimeoutException` if timeout occurs\n        \"\"\"\n        screen = None\n        stacktrace = None\n    \n        end_time = time.monotonic() + self._timeout\n        while True:\n            try:\n                value = method(self._driver)\n                if value:\n                    return value\n            except self._ignored_exceptions as exc:\n                screen = getattr(exc, \"screen\", None)\n                stacktrace = getattr(exc, \"stacktrace\", None)\n            time.sleep(self._poll)\n            if time.monotonic() > end_time:\n                break\n>       raise TimeoutException(message, screen, stacktrace)\nE       selenium.common.exceptions.TimeoutException: Message: Can't find element by locator ('xpath', '//button[@data-test-active-link=\"Similar phrases\"]')\nE       Stacktrace:\nE       #0 0x55bc4c3774ca <unknown>\nE       #1 0x55bc4be8a620 <unknown>\nE       #2 0x55bc4bed9306 <unknown>\nE       #3 0x55bc4bed95a1 <unknown>\nE       #4 0x55bc4bf1ea04 <unknown>\nE       #5 0x55bc4befd39d <unknown>\nE       #6 0x55bc4bf1bde0 <unknown>\nE       #7 0x55bc4befd113 <unknown>\nE       #8 0x55bc4becbbe0 <unknown>\nE       #9 0x55bc4beccbbe <unknown>\nE       #10 0x55bc4c343e4b <unknown>\nE       #11 0x55bc4c347de2 <unknown>\nE       #12 0x55bc4c330d2c <unknown>\nE       #13 0x55bc4c348957 <unknown>\nE       #14 0x55bc4c3164bf <unknown>\nE       #15 0x55bc4c366348 <unknown>\nE       #16 0x55bc4c366510 <unknown>\nE       #17 0x55bc4c376346 <unknown>\nE       #18 0x7fa291094ac3 <unknown>\n\n/opt/hostedtoolcache/Python/3.12.7/x64/lib/python3.12/site-packages/selenium/webdriver/support/wait.py:95: TimeoutException",
  "flaky" : false,
  "newFailed" : false,
  "beforeStages" : [ {
    "name" : "specialist_user_authorized",
    "time" : {
      "start" : 1732315089174,
      "stop" : 1732315094627,
      "duration" : 5453
    },
    "status" : "passed",
    "steps" : [ {
      "name" : "USER specialist authorized",
      "time" : {
        "start" : 1732315089174,
        "stop" : 1732315094627,
        "duration" : 5453
      },
      "status" : "passed",
      "steps" : [ {
        "name" : "Check url is present: https://www.brainup.site/groups",
        "time" : {
          "start" : 1732315089569,
          "stop" : 1732315094605,
          "duration" : 5036
        },
        "status" : "passed",
        "steps" : [ ],
        "attachments" : [ ],
        "parameters" : [ ],
        "stepsCount" : 0,
        "shouldDisplayMessage" : false,
        "hasContent" : false,
        "attachmentsCount" : 0
      }, {
        "name" : "Loader checking",
        "time" : {
          "start" : 1732315094605,
          "stop" : 1732315094627,
          "duration" : 22
        },
        "status" : "passed",
        "steps" : [ ],
        "attachments" : [ ],
        "parameters" : [ ],
        "stepsCount" : 0,
        "shouldDisplayMessage" : false,
        "hasContent" : false,
        "attachmentsCount" : 0
      } ],
      "attachments" : [ ],
      "parameters" : [ {
        "name" : "driver",
        "value" : "<selenium.webdriver.chrome.webdriver.WebDriver (session=\"463d15c2e4967afa5baf67ed549f0ec8\")>"
      }, {
        "name" : "main_page_open",
        "value" : "None"
      } ],
      "stepsCount" : 2,
      "shouldDisplayMessage" : false,
      "hasContent" : true,
      "attachmentsCount" : 0
    } ],
    "attachments" : [ ],
    "parameters" : [ ],
    "stepsCount" : 3,
    "shouldDisplayMessage" : false,
    "hasContent" : true,
    "attachmentsCount" : 0
  }, {
    "name" : "clear_allure_results_folder",
    "time" : {
      "start" : 1732314029631,
      "stop" : 1732314029631,
      "duration" : 0
    },
    "status" : "passed",
    "steps" : [ ],
    "attachments" : [ ],
    "parameters" : [ ],
    "stepsCount" : 0,
    "shouldDisplayMessage" : false,
    "hasContent" : false,
    "attachmentsCount" : 0
  }, {
    "name" : "driver",
    "time" : {
      "start" : 1732315085309,
      "stop" : 1732315086081,
      "duration" : 772
    },
    "status" : "passed",
    "steps" : [ ],
    "attachments" : [ ],
    "parameters" : [ ],
    "stepsCount" : 0,
    "shouldDisplayMessage" : false,
    "hasContent" : false,
    "attachmentsCount" : 0
  }, {
    "name" : "main_page_open",
    "time" : {
      "start" : 1732315086081,
      "stop" : 1732315089174,
      "duration" : 3093
    },
    "status" : "passed",
    "steps" : [ {
      "name" : "Open page: https://www.brainup.site/",
      "time" : {
        "start" : 1732315086081,
        "stop" : 1732315089174,
        "duration" : 3093
      },
      "status" : "passed",
      "steps" : [ ],
      "attachments" : [ ],
      "parameters" : [ {
        "name" : "driver",
        "value" : "<selenium.webdriver.chrome.webdriver.WebDriver (session=\"463d15c2e4967afa5baf67ed549f0ec8\")>"
      } ],
      "stepsCount" : 0,
      "shouldDisplayMessage" : false,
      "hasContent" : true,
      "attachmentsCount" : 0
    } ],
    "attachments" : [ ],
    "parameters" : [ ],
    "stepsCount" : 1,
    "shouldDisplayMessage" : false,
    "hasContent" : true,
    "attachmentsCount" : 0
  } ],
  "testStage" : {
    "status" : "skipped",
    "statusMessage" : "XFAIL\n\nselenium.common.exceptions.TimeoutException: Message: Can't find element by locator ('xpath', '//button[@data-test-active-link=\"Similar phrases\"]')\nStacktrace:\n#0 0x55bc4c3774ca <unknown>\n#1 0x55bc4be8a620 <unknown>\n#2 0x55bc4bed9306 <unknown>\n#3 0x55bc4bed95a1 <unknown>\n#4 0x55bc4bf1ea04 <unknown>\n#5 0x55bc4befd39d <unknown>\n#6 0x55bc4bf1bde0 <unknown>\n#7 0x55bc4befd113 <unknown>\n#8 0x55bc4becbbe0 <unknown>\n#9 0x55bc4beccbbe <unknown>\n#10 0x55bc4c343e4b <unknown>\n#11 0x55bc4c347de2 <unknown>\n#12 0x55bc4c330d2c <unknown>\n#13 0x55bc4c348957 <unknown>\n#14 0x55bc4c3164bf <unknown>\n#15 0x55bc4c366348 <unknown>\n#16 0x55bc4c366510 <unknown>\n#17 0x55bc4c376346 <unknown>\n#18 0x7fa291094ac3 <unknown>",
    "statusTrace" : "self = <tests.test_speech_exercises_en.TestCardsEN object at 0x7f89d2e36ab0>\ndriver = <selenium.webdriver.chrome.webdriver.WebDriver (session=\"463d15c2e4967afa5baf67ed549f0ec8\")>\nspecialist_user_authorized = None\n\n    @pytest.mark.xfail\n    @allure.suite(\"Speech exercises EN.\")\n    @allure.title('Select a random card from \"Similar phrases\" group and compare UI vs BACKEND data')\n    def test_random_cards_in_similar_phrases_en(self, driver, specialist_user_authorized):\n        page = SpeechExercisesPage(driver)\n>       page.select_group(SpeechExercisesPageLocators.SIMILAR_PHRASES_EN)\n\ntests/test_speech_exercises_en.py:57: \n_ _ _ _ _ _ _ _ _ _ _ _ _ _ _ _ _ _ _ _ _ _ _ _ _ _ _ _ _ _ _ _ _ _ _ _ _ _ _ _ \npages/speech_exercises_page_en.py:18: in select_group\n    text_of_the_button = self.element_is_present_and_clickable(selector_for_sub_group)\npages/base_page.py:32: in element_is_present_and_clickable\n    return (Wait(self.driver, self.timeout).until(\n_ _ _ _ _ _ _ _ _ _ _ _ _ _ _ _ _ _ _ _ _ _ _ _ _ _ _ _ _ _ _ _ _ _ _ _ _ _ _ _ \n\nself = <selenium.webdriver.support.wait.WebDriverWait (session=\"463d15c2e4967afa5baf67ed549f0ec8\")>\nmethod = <function visibility_of_element_located.<locals>._predicate at 0x7f89d2ef54e0>\nmessage = 'Can\\'t find element by locator (\\'xpath\\', \\'//button[@data-test-active-link=\"Similar phrases\"]\\')'\n\n    def until(self, method, message: str = \"\"):\n        \"\"\"Calls the method provided with the driver as an argument until the \\\n        return value does not evaluate to ``False``.\n    \n        :param method: callable(WebDriver)\n        :param message: optional message for :exc:`TimeoutException`\n        :returns: the result of the last call to `method`\n        :raises: :exc:`selenium.common.exceptions.TimeoutException` if timeout occurs\n        \"\"\"\n        screen = None\n        stacktrace = None\n    \n        end_time = time.monotonic() + self._timeout\n        while True:\n            try:\n                value = method(self._driver)\n                if value:\n                    return value\n            except self._ignored_exceptions as exc:\n                screen = getattr(exc, \"screen\", None)\n                stacktrace = getattr(exc, \"stacktrace\", None)\n            time.sleep(self._poll)\n            if time.monotonic() > end_time:\n                break\n>       raise TimeoutException(message, screen, stacktrace)\nE       selenium.common.exceptions.TimeoutException: Message: Can't find element by locator ('xpath', '//button[@data-test-active-link=\"Similar phrases\"]')\nE       Stacktrace:\nE       #0 0x55bc4c3774ca <unknown>\nE       #1 0x55bc4be8a620 <unknown>\nE       #2 0x55bc4bed9306 <unknown>\nE       #3 0x55bc4bed95a1 <unknown>\nE       #4 0x55bc4bf1ea04 <unknown>\nE       #5 0x55bc4befd39d <unknown>\nE       #6 0x55bc4bf1bde0 <unknown>\nE       #7 0x55bc4befd113 <unknown>\nE       #8 0x55bc4becbbe0 <unknown>\nE       #9 0x55bc4beccbbe <unknown>\nE       #10 0x55bc4c343e4b <unknown>\nE       #11 0x55bc4c347de2 <unknown>\nE       #12 0x55bc4c330d2c <unknown>\nE       #13 0x55bc4c348957 <unknown>\nE       #14 0x55bc4c3164bf <unknown>\nE       #15 0x55bc4c366348 <unknown>\nE       #16 0x55bc4c366510 <unknown>\nE       #17 0x55bc4c376346 <unknown>\nE       #18 0x7fa291094ac3 <unknown>\n\n/opt/hostedtoolcache/Python/3.12.7/x64/lib/python3.12/site-packages/selenium/webdriver/support/wait.py:95: TimeoutException",
    "steps" : [ {
      "name" : "select_group",
      "time" : {
        "start" : 1732315094628,
        "stop" : 1732315114826,
        "duration" : 20198
      },
      "status" : "broken",
      "statusMessage" : "selenium.common.exceptions.TimeoutException: Message: Can't find element by locator ('xpath', '//button[@data-test-active-link=\"Similar phrases\"]')\nStacktrace:\n#0 0x55bc4c3774ca <unknown>\n#1 0x55bc4be8a620 <unknown>\n#2 0x55bc4bed9306 <unknown>\n#3 0x55bc4bed95a1 <unknown>\n#4 0x55bc4bf1ea04 <unknown>\n#5 0x55bc4befd39d <unknown>\n#6 0x55bc4bf1bde0 <unknown>\n#7 0x55bc4befd113 <unknown>\n#8 0x55bc4becbbe0 <unknown>\n#9 0x55bc4beccbbe <unknown>\n#10 0x55bc4c343e4b <unknown>\n#11 0x55bc4c347de2 <unknown>\n#12 0x55bc4c330d2c <unknown>\n#13 0x55bc4c348957 <unknown>\n#14 0x55bc4c3164bf <unknown>\n#15 0x55bc4c366348 <unknown>\n#16 0x55bc4c366510 <unknown>\n#17 0x55bc4c376346 <unknown>\n#18 0x7fa291094ac3 <unknown>\n\n",
      "statusTrace" : "  File \"/opt/hostedtoolcache/Python/3.12.7/x64/lib/python3.12/site-packages/allure_commons/_allure.py\", line 192, in impl\n    return func(*a, **kw)\n           ^^^^^^^^^^^^^^\n  File \"/home/runner/work/auto-tests-python/auto-tests-python/pages/speech_exercises_page_en.py\", line 18, in select_group\n    text_of_the_button = self.element_is_present_and_clickable(selector_for_sub_group)\n                         ^^^^^^^^^^^^^^^^^^^^^^^^^^^^^^^^^^^^^^^^^^^^^^^^^^^^^^^^^^^^^\n  File \"/home/runner/work/auto-tests-python/auto-tests-python/pages/base_page.py\", line 32, in element_is_present_and_clickable\n    return (Wait(self.driver, self.timeout).until(\n            ^^^^^^^^^^^^^^^^^^^^^^^^^^^^^^^^^^^^^^\n  File \"/opt/hostedtoolcache/Python/3.12.7/x64/lib/python3.12/site-packages/selenium/webdriver/support/wait.py\", line 95, in until\n    raise TimeoutException(message, screen, stacktrace)\n",
      "steps" : [ {
        "name" : "Select Russian language. Click \"EN\" button.",
        "time" : {
          "start" : 1732315094628,
          "stop" : 1732315094698,
          "duration" : 70
        },
        "status" : "passed",
        "steps" : [ ],
        "attachments" : [ ],
        "parameters" : [ ],
        "stepsCount" : 0,
        "shouldDisplayMessage" : false,
        "hasContent" : false,
        "attachmentsCount" : 0
      }, {
        "name" : "Click button \"SPEECH EXERCISES\".",
        "time" : {
          "start" : 1732315094698,
          "stop" : 1732315094769,
          "duration" : 71
        },
        "status" : "passed",
        "steps" : [ ],
        "attachments" : [ ],
        "parameters" : [ ],
        "stepsCount" : 0,
        "shouldDisplayMessage" : false,
        "hasContent" : false,
        "attachmentsCount" : 0
      } ],
      "attachments" : [ ],
      "parameters" : [ {
        "name" : "selector_for_sub_group",
        "value" : "('xpath', '//button[@data-test-active-link=\"Similar phrases\"]')"
      } ],
      "stepsCount" : 2,
      "shouldDisplayMessage" : true,
      "hasContent" : true,
      "attachmentsCount" : 0
    } ],
    "attachments" : [ ],
    "parameters" : [ ],
    "stepsCount" : 3,
    "shouldDisplayMessage" : true,
    "hasContent" : true,
    "attachmentsCount" : 0
  },
  "afterStages" : [ {
    "name" : "driver::0",
    "time" : {
      "start" : 1732315114849,
      "stop" : 1732315114922,
      "duration" : 73
    },
    "status" : "passed",
    "steps" : [ ],
    "attachments" : [ ],
    "parameters" : [ ],
    "stepsCount" : 0,
    "shouldDisplayMessage" : false,
    "hasContent" : false,
    "attachmentsCount" : 0
  } ],
  "labels" : [ {
    "name" : "suite",
    "value" : "Speech exercises EN."
  }, {
    "name" : "epic",
    "value" : "Speech exercises."
  }, {
    "name" : "tag",
    "value" : "@pytest.mark.xfail"
  }, {
    "name" : "parentSuite",
    "value" : "tests"
  }, {
    "name" : "subSuite",
    "value" : "TestCardsEN"
  }, {
    "name" : "host",
    "value" : "fv-az1014-800"
  }, {
    "name" : "thread",
    "value" : "2229-MainThread"
  }, {
    "name" : "framework",
    "value" : "pytest"
  }, {
    "name" : "language",
    "value" : "cpython3"
  }, {
    "name" : "package",
    "value" : "tests.test_speech_exercises_en"
  }, {
    "name" : "resultFormat",
    "value" : "allure2"
  } ],
  "parameters" : [ ],
  "links" : [ ],
  "hidden" : false,
  "retry" : false,
  "extra" : {
    "severity" : "normal",
    "retries" : [ ],
    "categories" : [ ],
    "history" : {
      "statistic" : {
        "failed" : 0,
        "broken" : 0,
        "skipped" : 18,
        "passed" : 0,
        "unknown" : 0,
        "total" : 18
      },
      "items" : [ {
        "uid" : "f73e414c75d6706a",
        "reportUrl" : "https://Brain-up.github.io/auto-tests-python/398//#testresult/f73e414c75d6706a",
        "status" : "skipped",
        "statusDetails" : "XFAIL\n\nselenium.common.exceptions.TimeoutException: Message: Can't find element by locator ('xpath', '//button[@data-test-active-link=\"Similar phrases\"]')\nStacktrace:\n#0 0x5561a60464ca <unknown>\n#1 0x5561a5b59620 <unknown>\n#2 0x5561a5ba8306 <unknown>\n#3 0x5561a5ba85a1 <unknown>\n#4 0x5561a5beda04 <unknown>\n#5 0x5561a5bcc39d <unknown>\n#6 0x5561a5beade0 <unknown>\n#7 0x5561a5bcc113 <unknown>\n#8 0x5561a5b9abe0 <unknown>\n#9 0x5561a5b9bbbe <unknown>\n#10 0x5561a6012e4b <unknown>\n#11 0x5561a6016de2 <unknown>\n#12 0x5561a5fffd2c <unknown>\n#13 0x5561a6017957 <unknown>\n#14 0x5561a5fe54bf <unknown>\n#15 0x5561a6035348 <unknown>\n#16 0x5561a6035510 <unknown>\n#17 0x5561a6045346 <unknown>\n#18 0x7f100b294ac3 <unknown>",
        "time" : {
          "start" : 1732310600953,
          "stop" : 1732310621267,
          "duration" : 20314
        }
      }, {
        "uid" : "120f0489a1f8b959",
        "reportUrl" : "https://Brain-up.github.io/auto-tests-python/398//#testresult/120f0489a1f8b959",
        "status" : "skipped",
        "statusDetails" : "XFAIL\n\nselenium.common.exceptions.TimeoutException: Message: Can't find element by locator ('xpath', '//button[@data-test-active-link=\"Similar phrases\"]')\nStacktrace:\n#0 0x5650a3c1c4ca <unknown>\n#1 0x5650a372f620 <unknown>\n#2 0x5650a377e306 <unknown>\n#3 0x5650a377e5a1 <unknown>\n#4 0x5650a37c3a04 <unknown>\n#5 0x5650a37a239d <unknown>\n#6 0x5650a37c0de0 <unknown>\n#7 0x5650a37a2113 <unknown>\n#8 0x5650a3770be0 <unknown>\n#9 0x5650a3771bbe <unknown>\n#10 0x5650a3be8e4b <unknown>\n#11 0x5650a3becde2 <unknown>\n#12 0x5650a3bd5d2c <unknown>\n#13 0x5650a3bed957 <unknown>\n#14 0x5650a3bbb4bf <unknown>\n#15 0x5650a3c0b348 <unknown>\n#16 0x5650a3c0b510 <unknown>\n#17 0x5650a3c1b346 <unknown>\n#18 0x7ffb87494ac3 <unknown>",
        "time" : {
          "start" : 1732308743201,
          "stop" : 1732308763406,
          "duration" : 20205
        }
      }, {
        "uid" : "69e06b4ff18e9b36",
        "reportUrl" : "https://Brain-up.github.io/auto-tests-python/191//#testresult/69e06b4ff18e9b36",
        "status" : "skipped",
        "statusDetails" : "XFAIL\n\nselenium.common.exceptions.TimeoutException: Message: Can't find element by locator ('xpath', '//button[@data-test-active-link=\"Similar phrases\"]')\nStacktrace:\n#0 0x55a64c2b24ca <unknown>\n#1 0x55a64bdc5620 <unknown>\n#2 0x55a64be14306 <unknown>\n#3 0x55a64be145a1 <unknown>\n#4 0x55a64be59a04 <unknown>\n#5 0x55a64be3839d <unknown>\n#6 0x55a64be56de0 <unknown>\n#7 0x55a64be38113 <unknown>\n#8 0x55a64be06be0 <unknown>\n#9 0x55a64be07bbe <unknown>\n#10 0x55a64c27ee4b <unknown>\n#11 0x55a64c282de2 <unknown>\n#12 0x55a64c26bd2c <unknown>\n#13 0x55a64c283957 <unknown>\n#14 0x55a64c2514bf <unknown>\n#15 0x55a64c2a1348 <unknown>\n#16 0x55a64c2a1510 <unknown>\n#17 0x55a64c2b1346 <unknown>\n#18 0x7f3a8ca94ac3 <unknown>",
        "time" : {
          "start" : 1732238173395,
          "stop" : 1732238193630,
          "duration" : 20235
        }
      }, {
        "uid" : "4fd17de6e6bd2cc6",
        "reportUrl" : "https://Brain-up.github.io/auto-tests-python/190//#testresult/4fd17de6e6bd2cc6",
        "status" : "skipped",
        "statusDetails" : "XFAIL\n\nselenium.common.exceptions.TimeoutException: Message: Can't find element by locator ('xpath', '//button[@data-test-active-link=\"Similar phrases\"]')\nStacktrace:\n#0 0x55d6580c84ca <unknown>\n#1 0x55d657bdb620 <unknown>\n#2 0x55d657c2a306 <unknown>\n#3 0x55d657c2a5a1 <unknown>\n#4 0x55d657c6fa04 <unknown>\n#5 0x55d657c4e39d <unknown>\n#6 0x55d657c6cde0 <unknown>\n#7 0x55d657c4e113 <unknown>\n#8 0x55d657c1cbe0 <unknown>\n#9 0x55d657c1dbbe <unknown>\n#10 0x55d658094e4b <unknown>\n#11 0x55d658098de2 <unknown>\n#12 0x55d658081d2c <unknown>\n#13 0x55d658099957 <unknown>\n#14 0x55d6580674bf <unknown>\n#15 0x55d6580b7348 <unknown>\n#16 0x55d6580b7510 <unknown>\n#17 0x55d6580c7346 <unknown>\n#18 0x7f6228294ac3 <unknown>",
        "time" : {
          "start" : 1732151747529,
          "stop" : 1732151767732,
          "duration" : 20203
        }
      }, {
        "uid" : "89f46a845f250dfa",
        "reportUrl" : "https://Brain-up.github.io/auto-tests-python/397//#testresult/89f46a845f250dfa",
        "status" : "skipped",
        "statusDetails" : "XFAIL\n\nselenium.common.exceptions.TimeoutException: Message: Can't find element by locator ('xpath', '//button[@data-test-active-link=\"Similar phrases\"]')\nStacktrace:\n#0 0x56028abeb4ca <unknown>\n#1 0x56028a6fe620 <unknown>\n#2 0x56028a74d306 <unknown>\n#3 0x56028a74d5a1 <unknown>\n#4 0x56028a792a04 <unknown>\n#5 0x56028a77139d <unknown>\n#6 0x56028a78fde0 <unknown>\n#7 0x56028a771113 <unknown>\n#8 0x56028a73fbe0 <unknown>\n#9 0x56028a740bbe <unknown>\n#10 0x56028abb7e4b <unknown>\n#11 0x56028abbbde2 <unknown>\n#12 0x56028aba4d2c <unknown>\n#13 0x56028abbc957 <unknown>\n#14 0x56028ab8a4bf <unknown>\n#15 0x56028abda348 <unknown>\n#16 0x56028abda510 <unknown>\n#17 0x56028abea346 <unknown>\n#18 0x7f76fca94ac3 <unknown>",
        "time" : {
          "start" : 1732140490233,
          "stop" : 1732140510448,
          "duration" : 20215
        }
      }, {
        "uid" : "9c5930f877c2131e",
        "reportUrl" : "https://Brain-up.github.io/auto-tests-python/396//#testresult/9c5930f877c2131e",
        "status" : "skipped",
        "statusDetails" : "XFAIL\n\nselenium.common.exceptions.TimeoutException: Message: Can't find element by locator ('xpath', '//button[@data-test-active-link=\"Similar phrases\"]')\nStacktrace:\n#0 0x55af01ee14ca <unknown>\n#1 0x55af019f4620 <unknown>\n#2 0x55af01a43306 <unknown>\n#3 0x55af01a435a1 <unknown>\n#4 0x55af01a88a04 <unknown>\n#5 0x55af01a6739d <unknown>\n#6 0x55af01a85de0 <unknown>\n#7 0x55af01a67113 <unknown>\n#8 0x55af01a35be0 <unknown>\n#9 0x55af01a36bbe <unknown>\n#10 0x55af01eade4b <unknown>\n#11 0x55af01eb1de2 <unknown>\n#12 0x55af01e9ad2c <unknown>\n#13 0x55af01eb2957 <unknown>\n#14 0x55af01e804bf <unknown>\n#15 0x55af01ed0348 <unknown>\n#16 0x55af01ed0510 <unknown>\n#17 0x55af01ee0346 <unknown>\n#18 0x7fefa6694ac3 <unknown>",
        "time" : {
          "start" : 1732138209572,
          "stop" : 1732138229789,
          "duration" : 20217
        }
      }, {
        "uid" : "3c9fc4c063e80aa3",
        "reportUrl" : "https://Brain-up.github.io/auto-tests-python/396//#testresult/3c9fc4c063e80aa3",
        "status" : "skipped",
        "statusDetails" : "XFAIL\n\nselenium.common.exceptions.TimeoutException: Message: Can't find element by locator ('xpath', '//button[@data-test-active-link=\"Similar phrases\"]')\nStacktrace:\n#0 0x55f1d3d484ca <unknown>\n#1 0x55f1d385b620 <unknown>\n#2 0x55f1d38aa306 <unknown>\n#3 0x55f1d38aa5a1 <unknown>\n#4 0x55f1d38efa04 <unknown>\n#5 0x55f1d38ce39d <unknown>\n#6 0x55f1d38ecde0 <unknown>\n#7 0x55f1d38ce113 <unknown>\n#8 0x55f1d389cbe0 <unknown>\n#9 0x55f1d389dbbe <unknown>\n#10 0x55f1d3d14e4b <unknown>\n#11 0x55f1d3d18de2 <unknown>\n#12 0x55f1d3d01d2c <unknown>\n#13 0x55f1d3d19957 <unknown>\n#14 0x55f1d3ce74bf <unknown>\n#15 0x55f1d3d37348 <unknown>\n#16 0x55f1d3d37510 <unknown>\n#17 0x55f1d3d47346 <unknown>\n#18 0x7f0bbde94ac3 <unknown>",
        "time" : {
          "start" : 1732135086696,
          "stop" : 1732135106902,
          "duration" : 20206
        }
      }, {
        "uid" : "eea9acce7890e23c",
        "reportUrl" : "https://Brain-up.github.io/auto-tests-python/189//#testresult/eea9acce7890e23c",
        "status" : "skipped",
        "statusDetails" : "XFAIL\n\nselenium.common.exceptions.TimeoutException: Message: Can't find element by locator ('xpath', '//button[@data-test-active-link=\"Similar phrases\"]')\nStacktrace:\n#0 0x5639098ae4ca <unknown>\n#1 0x5639093c1620 <unknown>\n#2 0x563909410306 <unknown>\n#3 0x5639094105a1 <unknown>\n#4 0x563909455a04 <unknown>\n#5 0x56390943439d <unknown>\n#6 0x563909452de0 <unknown>\n#7 0x563909434113 <unknown>\n#8 0x563909402be0 <unknown>\n#9 0x563909403bbe <unknown>\n#10 0x56390987ae4b <unknown>\n#11 0x56390987ede2 <unknown>\n#12 0x563909867d2c <unknown>\n#13 0x56390987f957 <unknown>\n#14 0x56390984d4bf <unknown>\n#15 0x56390989d348 <unknown>\n#16 0x56390989d510 <unknown>\n#17 0x5639098ad346 <unknown>\n#18 0x7f1c01e94ac3 <unknown>",
        "time" : {
          "start" : 1732065542206,
          "stop" : 1732065562408,
          "duration" : 20202
        }
      }, {
        "uid" : "601946d0d0f5aa5e",
        "reportUrl" : "https://Brain-up.github.io/auto-tests-python/395//#testresult/601946d0d0f5aa5e",
        "status" : "skipped",
        "statusDetails" : "XFAIL\n\nselenium.common.exceptions.TimeoutException: Message: Can't find element by locator ('xpath', '//button[@data-test-active-link=\"Similar phrases\"]')\nStacktrace:\n#0 0x556916b154ca <unknown>\n#1 0x556916628620 <unknown>\n#2 0x556916677306 <unknown>\n#3 0x5569166775a1 <unknown>\n#4 0x5569166bca04 <unknown>\n#5 0x55691669b39d <unknown>\n#6 0x5569166b9de0 <unknown>\n#7 0x55691669b113 <unknown>\n#8 0x556916669be0 <unknown>\n#9 0x55691666abbe <unknown>\n#10 0x556916ae1e4b <unknown>\n#11 0x556916ae5de2 <unknown>\n#12 0x556916aced2c <unknown>\n#13 0x556916ae6957 <unknown>\n#14 0x556916ab44bf <unknown>\n#15 0x556916b04348 <unknown>\n#16 0x556916b04510 <unknown>\n#17 0x556916b14346 <unknown>\n#18 0x7f0d81894ac3 <unknown>",
        "time" : {
          "start" : 1732009046420,
          "stop" : 1732009066674,
          "duration" : 20254
        }
      }, {
        "uid" : "f6a53ed6a6bbc025",
        "reportUrl" : "https://Brain-up.github.io/auto-tests-python/394//#testresult/f6a53ed6a6bbc025",
        "status" : "skipped",
        "statusDetails" : "XFAIL\n\nselenium.common.exceptions.TimeoutException: Message: Can't find element by locator ('xpath', '//button[@data-test-active-link=\"Similar phrases\"]')\nStacktrace:\n#0 0x5597a50f24ca <unknown>\n#1 0x5597a4c05620 <unknown>\n#2 0x5597a4c54306 <unknown>\n#3 0x5597a4c545a1 <unknown>\n#4 0x5597a4c99a04 <unknown>\n#5 0x5597a4c7839d <unknown>\n#6 0x5597a4c96de0 <unknown>\n#7 0x5597a4c78113 <unknown>\n#8 0x5597a4c46be0 <unknown>\n#9 0x5597a4c47bbe <unknown>\n#10 0x5597a50bee4b <unknown>\n#11 0x5597a50c2de2 <unknown>\n#12 0x5597a50abd2c <unknown>\n#13 0x5597a50c3957 <unknown>\n#14 0x5597a50914bf <unknown>\n#15 0x5597a50e1348 <unknown>\n#16 0x5597a50e1510 <unknown>\n#17 0x5597a50f1346 <unknown>\n#18 0x7f99f3e94ac3 <unknown>",
        "time" : {
          "start" : 1732006979181,
          "stop" : 1732006999467,
          "duration" : 20286
        }
      }, {
        "uid" : "2d28a6d5a6e493eb",
        "reportUrl" : "https://Brain-up.github.io/auto-tests-python/188//#testresult/2d28a6d5a6e493eb",
        "status" : "skipped",
        "statusDetails" : "XFAIL\n\nselenium.common.exceptions.TimeoutException: Message: Can't find element by locator ('xpath', '//button[@data-test-active-link=\"Similar phrases\"]')\nStacktrace:\n#0 0x55abdadb44ca <unknown>\n#1 0x55abda8c7620 <unknown>\n#2 0x55abda916306 <unknown>\n#3 0x55abda9165a1 <unknown>\n#4 0x55abda95ba04 <unknown>\n#5 0x55abda93a39d <unknown>\n#6 0x55abda958de0 <unknown>\n#7 0x55abda93a113 <unknown>\n#8 0x55abda908be0 <unknown>\n#9 0x55abda909bbe <unknown>\n#10 0x55abdad80e4b <unknown>\n#11 0x55abdad84de2 <unknown>\n#12 0x55abdad6dd2c <unknown>\n#13 0x55abdad85957 <unknown>\n#14 0x55abdad534bf <unknown>\n#15 0x55abdada3348 <unknown>\n#16 0x55abdada3510 <unknown>\n#17 0x55abdadb3346 <unknown>\n#18 0x7f1e49a94ac3 <unknown>",
        "time" : {
          "start" : 1731978963257,
          "stop" : 1731978983536,
          "duration" : 20279
        }
      }, {
        "uid" : "d2934e5961ffc5f",
        "reportUrl" : "https://Brain-up.github.io/auto-tests-python/393//#testresult/d2934e5961ffc5f",
        "status" : "skipped",
        "statusDetails" : "XFAIL\n\nselenium.common.exceptions.TimeoutException: Message: Can't find element by locator ('xpath', '//button[@data-test-active-link=\"Similar phrases\"]')\nStacktrace:\n#0 0x55a96e8b34ca <unknown>\n#1 0x55a96e3c6620 <unknown>\n#2 0x55a96e415306 <unknown>\n#3 0x55a96e4155a1 <unknown>\n#4 0x55a96e45aa04 <unknown>\n#5 0x55a96e43939d <unknown>\n#6 0x55a96e457de0 <unknown>\n#7 0x55a96e439113 <unknown>\n#8 0x55a96e407be0 <unknown>\n#9 0x55a96e408bbe <unknown>\n#10 0x55a96e87fe4b <unknown>\n#11 0x55a96e883de2 <unknown>\n#12 0x55a96e86cd2c <unknown>\n#13 0x55a96e884957 <unknown>\n#14 0x55a96e8524bf <unknown>\n#15 0x55a96e8a2348 <unknown>\n#16 0x55a96e8a2510 <unknown>\n#17 0x55a96e8b2346 <unknown>\n#18 0x7f171d094ac3 <unknown>",
        "time" : {
          "start" : 1731963890639,
          "stop" : 1731963910857,
          "duration" : 20218
        }
      }, {
        "uid" : "239667f6c55de18f",
        "reportUrl" : "https://Brain-up.github.io/auto-tests-python/392//#testresult/239667f6c55de18f",
        "status" : "skipped",
        "statusDetails" : "XFAIL\n\nselenium.common.exceptions.TimeoutException: Message: Can't find element by locator ('xpath', '//button[@data-test-active-link=\"Similar phrases\"]')\nStacktrace:\n#0 0x561858f464ca <unknown>\n#1 0x561858a59620 <unknown>\n#2 0x561858aa8306 <unknown>\n#3 0x561858aa85a1 <unknown>\n#4 0x561858aeda04 <unknown>\n#5 0x561858acc39d <unknown>\n#6 0x561858aeade0 <unknown>\n#7 0x561858acc113 <unknown>\n#8 0x561858a9abe0 <unknown>\n#9 0x561858a9bbbe <unknown>\n#10 0x561858f12e4b <unknown>\n#11 0x561858f16de2 <unknown>\n#12 0x561858effd2c <unknown>\n#13 0x561858f17957 <unknown>\n#14 0x561858ee54bf <unknown>\n#15 0x561858f35348 <unknown>\n#16 0x561858f35510 <unknown>\n#17 0x561858f45346 <unknown>\n#18 0x7fd4a6894ac3 <unknown>",
        "time" : {
          "start" : 1731956541227,
          "stop" : 1731956561573,
          "duration" : 20346
        }
      }, {
        "uid" : "9cb4388faffb51a3",
        "reportUrl" : "https://Brain-up.github.io/auto-tests-python/187//#testresult/9cb4388faffb51a3",
        "status" : "skipped",
        "statusDetails" : "XFAIL\n\nselenium.common.exceptions.TimeoutException: Message: Can't find element by locator ('xpath', '//button[@data-test-active-link=\"Similar phrases\"]')\nStacktrace:\n#0 0x56481189b4ca <unknown>\n#1 0x5648113ae620 <unknown>\n#2 0x5648113fd306 <unknown>\n#3 0x5648113fd5a1 <unknown>\n#4 0x564811442a04 <unknown>\n#5 0x56481142139d <unknown>\n#6 0x56481143fde0 <unknown>\n#7 0x564811421113 <unknown>\n#8 0x5648113efbe0 <unknown>\n#9 0x5648113f0bbe <unknown>\n#10 0x564811867e4b <unknown>\n#11 0x56481186bde2 <unknown>\n#12 0x564811854d2c <unknown>\n#13 0x56481186c957 <unknown>\n#14 0x56481183a4bf <unknown>\n#15 0x56481188a348 <unknown>\n#16 0x56481188a510 <unknown>\n#17 0x56481189a346 <unknown>\n#18 0x7f9ea5a94ac3 <unknown>",
        "time" : {
          "start" : 1731892885412,
          "stop" : 1731892905686,
          "duration" : 20274
        }
      }, {
        "uid" : "ea94d9036a9d59be",
        "reportUrl" : "https://Brain-up.github.io/auto-tests-python/186//#testresult/ea94d9036a9d59be",
        "status" : "skipped",
        "statusDetails" : "XFAIL\n\nrequests.exceptions.JSONDecodeError: Expecting value: line 1 column 1 (char 0)",
        "time" : {
          "start" : 1731806555953,
          "stop" : 1731806560721,
          "duration" : 4768
        }
      }, {
        "uid" : "432e934a9e8ca47b",
        "reportUrl" : "https://Brain-up.github.io/auto-tests-python/391//#testresult/432e934a9e8ca47b",
        "status" : "skipped",
        "statusDetails" : "XFAIL\n\nrequests.exceptions.JSONDecodeError: Expecting value: line 1 column 1 (char 0)",
        "time" : {
          "start" : 1731739680437,
          "stop" : 1731739684981,
          "duration" : 4544
        }
      }, {
        "uid" : "32d5de1cdafbab43",
        "reportUrl" : "https://Brain-up.github.io/auto-tests-python/390//#testresult/32d5de1cdafbab43",
        "status" : "skipped",
        "statusDetails" : "XFAIL\n\nrequests.exceptions.JSONDecodeError: Expecting value: line 1 column 1 (char 0)",
        "time" : {
          "start" : 1731735177939,
          "stop" : 1731735182495,
          "duration" : 4556
        }
      } ]
    },
    "tags" : [ "@pytest.mark.xfail" ]
  },
  "source" : "59e8f505ed1eefa3.json",
  "parameterValues" : [ ]
}