{
  "uid" : "6f69d59f57be33aa",
  "name" : "Solutions to a random task in the \"Слова\" group and comparison of statics.",
  "fullName" : "tests.test_speech_exercises_ru.TestCardsRU#test_solve_word_cards_with_statistic_ru",
  "historyId" : "0fb6881b2015244903bd7785af7503a6",
  "time" : {
    "start" : 1751369521982,
    "stop" : 1751369532397,
    "duration" : 10415
  },
  "status" : "skipped",
  "statusMessage" : "XFAIL\n\nselenium.common.exceptions.TimeoutException: Message: Can't find element by locator ('xpath', '//div[@class=\"__51e19\"]')\nStacktrace:\n#0 0x556625c9045a <unknown>\n#1 0x556625735760 <unknown>\n#2 0x556625787127 <unknown>\n#3 0x556625787321 <unknown>\n#4 0x5566257d5e94 <unknown>\n#5 0x5566257ace7d <unknown>\n#6 0x5566257d330b <unknown>\n#7 0x5566257acc23 <unknown>\n#8 0x5566257794a5 <unknown>\n#9 0x55662577a111 <unknown>\n#10 0x556625c54f1b <unknown>\n#11 0x556625c58e19 <unknown>\n#12 0x556625c3bac9 <unknown>\n#13 0x556625c599c8 <unknown>\n#14 0x556625c2034f <unknown>\n#15 0x556625c7da28 <unknown>\n#16 0x556625c7dc06 <unknown>\n#17 0x556625c8f336 <unknown>\n#18 0x7fae8269caa4 <unknown>\n#19 0x7fae82729c3c <unknown>",
  "statusTrace" : "self = <tests.test_speech_exercises_ru.TestCardsRU object at 0x7f55af637d70>\ndriver = <selenium.webdriver.chrome.webdriver.WebDriver (session=\"378e25171f218b6566d0a6c4fc8298de\")>\ndefault_user_authorized = None\n\n    @pytest.mark.xfail\n    @allure.suite(\"Речевые упражнения.\")\n    @allure.title('Solutions to a random task in the \"Слова\" group and comparison of statics.')\n    def test_solve_word_cards_with_statistic_ru(self, driver, default_user_authorized):\n        page = SpeechExercisesPageRU(driver)\n        page.click_button_ru()\n>       table = page.get_statistic_data()\n\ntests/test_speech_exercises_ru.py:165: \n_ _ _ _ _ _ _ _ _ _ _ _ _ _ _ _ _ _ _ _ _ _ _ _ _ _ _ _ _ _ _ _ _ _ _ _ _ _ _ _ \npages/speech_exercises_page_ru.py:174: in get_statistic_data\n    table = self.element_is_present(self.locators.AuthorizedUserHomePageLocators.STATISTIC_TABLE)\npages/base_page.py:32: in element_is_present\n    return Wait(self.driver, self.timeout).until(\n_ _ _ _ _ _ _ _ _ _ _ _ _ _ _ _ _ _ _ _ _ _ _ _ _ _ _ _ _ _ _ _ _ _ _ _ _ _ _ _ \n\nself = <selenium.webdriver.support.wait.WebDriverWait (session=\"378e25171f218b6566d0a6c4fc8298de\")>\nmethod = <function presence_of_element_located.<locals>._predicate at 0x7f55af5b6700>\nmessage = 'Can\\'t find element by locator (\\'xpath\\', \\'//div[@class=\"__51e19\"]\\')'\n\n    def until(self, method, message: str = \"\"):\n        \"\"\"Calls the method provided with the driver as an argument until the \\\n        return value does not evaluate to ``False``.\n    \n        :param method: callable(WebDriver)\n        :param message: optional message for :exc:`TimeoutException`\n        :returns: the result of the last call to `method`\n        :raises: :exc:`selenium.common.exceptions.TimeoutException` if timeout occurs\n        \"\"\"\n        screen = None\n        stacktrace = None\n    \n        end_time = time.monotonic() + self._timeout\n        while True:\n            try:\n                value = method(self._driver)\n                if value:\n                    return value\n            except self._ignored_exceptions as exc:\n                screen = getattr(exc, \"screen\", None)\n                stacktrace = getattr(exc, \"stacktrace\", None)\n            time.sleep(self._poll)\n            if time.monotonic() > end_time:\n                break\n>       raise TimeoutException(message, screen, stacktrace)\nE       selenium.common.exceptions.TimeoutException: Message: Can't find element by locator ('xpath', '//div[@class=\"__51e19\"]')\nE       Stacktrace:\nE       #0 0x556625c9045a <unknown>\nE       #1 0x556625735760 <unknown>\nE       #2 0x556625787127 <unknown>\nE       #3 0x556625787321 <unknown>\nE       #4 0x5566257d5e94 <unknown>\nE       #5 0x5566257ace7d <unknown>\nE       #6 0x5566257d330b <unknown>\nE       #7 0x5566257acc23 <unknown>\nE       #8 0x5566257794a5 <unknown>\nE       #9 0x55662577a111 <unknown>\nE       #10 0x556625c54f1b <unknown>\nE       #11 0x556625c58e19 <unknown>\nE       #12 0x556625c3bac9 <unknown>\nE       #13 0x556625c599c8 <unknown>\nE       #14 0x556625c2034f <unknown>\nE       #15 0x556625c7da28 <unknown>\nE       #16 0x556625c7dc06 <unknown>\nE       #17 0x556625c8f336 <unknown>\nE       #18 0x7fae8269caa4 <unknown>\nE       #19 0x7fae82729c3c <unknown>\n\n/opt/hostedtoolcache/Python/3.12.11/x64/lib/python3.12/site-packages/selenium/webdriver/support/wait.py:95: TimeoutException",
  "flaky" : false,
  "newFailed" : false,
  "beforeStages" : [ {
    "name" : "main_page_open",
    "time" : {
      "start" : 1751369516090,
      "stop" : 1751369519548,
      "duration" : 3458
    },
    "status" : "passed",
    "steps" : [ {
      "name" : "Open page: https://www.brainup.site/",
      "time" : {
        "start" : 1751369516091,
        "stop" : 1751369519548,
        "duration" : 3457
      },
      "status" : "passed",
      "steps" : [ ],
      "attachments" : [ ],
      "parameters" : [ {
        "name" : "driver",
        "value" : "<selenium.webdriver.chrome.webdriver.WebDriver (session=\"378e25171f218b6566d0a6c4fc8298de\")>"
      } ],
      "stepsCount" : 0,
      "attachmentsCount" : 0,
      "shouldDisplayMessage" : false,
      "hasContent" : true
    } ],
    "attachments" : [ ],
    "parameters" : [ ],
    "stepsCount" : 1,
    "attachmentsCount" : 0,
    "shouldDisplayMessage" : false,
    "hasContent" : true
  }, {
    "name" : "driver",
    "time" : {
      "start" : 1751369515275,
      "stop" : 1751369516090,
      "duration" : 815
    },
    "status" : "passed",
    "steps" : [ ],
    "attachments" : [ ],
    "parameters" : [ ],
    "stepsCount" : 0,
    "attachmentsCount" : 0,
    "shouldDisplayMessage" : false,
    "hasContent" : false
  }, {
    "name" : "default_user_authorized",
    "time" : {
      "start" : 1751369519548,
      "stop" : 1751369521982,
      "duration" : 2434
    },
    "status" : "passed",
    "steps" : [ {
      "name" : "DEFAULT user authorized",
      "time" : {
        "start" : 1751369519548,
        "stop" : 1751369521982,
        "duration" : 2434
      },
      "status" : "passed",
      "steps" : [ {
        "name" : "Check url is present: https://www.brainup.site/groups",
        "time" : {
          "start" : 1751369519942,
          "stop" : 1751369521960,
          "duration" : 2018
        },
        "status" : "passed",
        "steps" : [ ],
        "attachments" : [ ],
        "parameters" : [ ],
        "stepsCount" : 0,
        "attachmentsCount" : 0,
        "shouldDisplayMessage" : false,
        "hasContent" : false
      }, {
        "name" : "Loader checking",
        "time" : {
          "start" : 1751369521960,
          "stop" : 1751369521982,
          "duration" : 22
        },
        "status" : "passed",
        "steps" : [ ],
        "attachments" : [ ],
        "parameters" : [ ],
        "stepsCount" : 0,
        "attachmentsCount" : 0,
        "shouldDisplayMessage" : false,
        "hasContent" : false
      } ],
      "attachments" : [ ],
      "parameters" : [ {
        "name" : "driver",
        "value" : "<selenium.webdriver.chrome.webdriver.WebDriver (session=\"378e25171f218b6566d0a6c4fc8298de\")>"
      }, {
        "name" : "main_page_open",
        "value" : "None"
      } ],
      "stepsCount" : 2,
      "attachmentsCount" : 0,
      "shouldDisplayMessage" : false,
      "hasContent" : true
    } ],
    "attachments" : [ ],
    "parameters" : [ ],
    "stepsCount" : 3,
    "attachmentsCount" : 0,
    "shouldDisplayMessage" : false,
    "hasContent" : true
  }, {
    "name" : "clear_allure_results_folder",
    "time" : {
      "start" : 1751368073082,
      "stop" : 1751368073082,
      "duration" : 0
    },
    "status" : "passed",
    "steps" : [ ],
    "attachments" : [ ],
    "parameters" : [ ],
    "stepsCount" : 0,
    "attachmentsCount" : 0,
    "shouldDisplayMessage" : false,
    "hasContent" : false
  } ],
  "testStage" : {
    "status" : "skipped",
    "statusMessage" : "XFAIL\n\nselenium.common.exceptions.TimeoutException: Message: Can't find element by locator ('xpath', '//div[@class=\"__51e19\"]')\nStacktrace:\n#0 0x556625c9045a <unknown>\n#1 0x556625735760 <unknown>\n#2 0x556625787127 <unknown>\n#3 0x556625787321 <unknown>\n#4 0x5566257d5e94 <unknown>\n#5 0x5566257ace7d <unknown>\n#6 0x5566257d330b <unknown>\n#7 0x5566257acc23 <unknown>\n#8 0x5566257794a5 <unknown>\n#9 0x55662577a111 <unknown>\n#10 0x556625c54f1b <unknown>\n#11 0x556625c58e19 <unknown>\n#12 0x556625c3bac9 <unknown>\n#13 0x556625c599c8 <unknown>\n#14 0x556625c2034f <unknown>\n#15 0x556625c7da28 <unknown>\n#16 0x556625c7dc06 <unknown>\n#17 0x556625c8f336 <unknown>\n#18 0x7fae8269caa4 <unknown>\n#19 0x7fae82729c3c <unknown>",
    "statusTrace" : "self = <tests.test_speech_exercises_ru.TestCardsRU object at 0x7f55af637d70>\ndriver = <selenium.webdriver.chrome.webdriver.WebDriver (session=\"378e25171f218b6566d0a6c4fc8298de\")>\ndefault_user_authorized = None\n\n    @pytest.mark.xfail\n    @allure.suite(\"Речевые упражнения.\")\n    @allure.title('Solutions to a random task in the \"Слова\" group and comparison of statics.')\n    def test_solve_word_cards_with_statistic_ru(self, driver, default_user_authorized):\n        page = SpeechExercisesPageRU(driver)\n        page.click_button_ru()\n>       table = page.get_statistic_data()\n\ntests/test_speech_exercises_ru.py:165: \n_ _ _ _ _ _ _ _ _ _ _ _ _ _ _ _ _ _ _ _ _ _ _ _ _ _ _ _ _ _ _ _ _ _ _ _ _ _ _ _ \npages/speech_exercises_page_ru.py:174: in get_statistic_data\n    table = self.element_is_present(self.locators.AuthorizedUserHomePageLocators.STATISTIC_TABLE)\npages/base_page.py:32: in element_is_present\n    return Wait(self.driver, self.timeout).until(\n_ _ _ _ _ _ _ _ _ _ _ _ _ _ _ _ _ _ _ _ _ _ _ _ _ _ _ _ _ _ _ _ _ _ _ _ _ _ _ _ \n\nself = <selenium.webdriver.support.wait.WebDriverWait (session=\"378e25171f218b6566d0a6c4fc8298de\")>\nmethod = <function presence_of_element_located.<locals>._predicate at 0x7f55af5b6700>\nmessage = 'Can\\'t find element by locator (\\'xpath\\', \\'//div[@class=\"__51e19\"]\\')'\n\n    def until(self, method, message: str = \"\"):\n        \"\"\"Calls the method provided with the driver as an argument until the \\\n        return value does not evaluate to ``False``.\n    \n        :param method: callable(WebDriver)\n        :param message: optional message for :exc:`TimeoutException`\n        :returns: the result of the last call to `method`\n        :raises: :exc:`selenium.common.exceptions.TimeoutException` if timeout occurs\n        \"\"\"\n        screen = None\n        stacktrace = None\n    \n        end_time = time.monotonic() + self._timeout\n        while True:\n            try:\n                value = method(self._driver)\n                if value:\n                    return value\n            except self._ignored_exceptions as exc:\n                screen = getattr(exc, \"screen\", None)\n                stacktrace = getattr(exc, \"stacktrace\", None)\n            time.sleep(self._poll)\n            if time.monotonic() > end_time:\n                break\n>       raise TimeoutException(message, screen, stacktrace)\nE       selenium.common.exceptions.TimeoutException: Message: Can't find element by locator ('xpath', '//div[@class=\"__51e19\"]')\nE       Stacktrace:\nE       #0 0x556625c9045a <unknown>\nE       #1 0x556625735760 <unknown>\nE       #2 0x556625787127 <unknown>\nE       #3 0x556625787321 <unknown>\nE       #4 0x5566257d5e94 <unknown>\nE       #5 0x5566257ace7d <unknown>\nE       #6 0x5566257d330b <unknown>\nE       #7 0x5566257acc23 <unknown>\nE       #8 0x5566257794a5 <unknown>\nE       #9 0x55662577a111 <unknown>\nE       #10 0x556625c54f1b <unknown>\nE       #11 0x556625c58e19 <unknown>\nE       #12 0x556625c3bac9 <unknown>\nE       #13 0x556625c599c8 <unknown>\nE       #14 0x556625c2034f <unknown>\nE       #15 0x556625c7da28 <unknown>\nE       #16 0x556625c7dc06 <unknown>\nE       #17 0x556625c8f336 <unknown>\nE       #18 0x7fae8269caa4 <unknown>\nE       #19 0x7fae82729c3c <unknown>\n\n/opt/hostedtoolcache/Python/3.12.11/x64/lib/python3.12/site-packages/selenium/webdriver/support/wait.py:95: TimeoutException",
    "steps" : [ {
      "name" : "click_button RU",
      "time" : {
        "start" : 1751369521982,
        "stop" : 1751369522055,
        "duration" : 73
      },
      "status" : "passed",
      "steps" : [ {
        "name" : "Click button \"RU\".",
        "time" : {
          "start" : 1751369521982,
          "stop" : 1751369522055,
          "duration" : 73
        },
        "status" : "passed",
        "steps" : [ ],
        "attachments" : [ ],
        "parameters" : [ ],
        "stepsCount" : 0,
        "attachmentsCount" : 0,
        "shouldDisplayMessage" : false,
        "hasContent" : false
      } ],
      "attachments" : [ ],
      "parameters" : [ ],
      "stepsCount" : 1,
      "attachmentsCount" : 0,
      "shouldDisplayMessage" : false,
      "hasContent" : true
    }, {
      "name" : "get_statistic_data",
      "time" : {
        "start" : 1751369522056,
        "stop" : 1751369532397,
        "duration" : 10341
      },
      "status" : "broken",
      "statusMessage" : "selenium.common.exceptions.TimeoutException: Message: Can't find element by locator ('xpath', '//div[@class=\"__51e19\"]')\nStacktrace:\n#0 0x556625c9045a <unknown>\n#1 0x556625735760 <unknown>\n#2 0x556625787127 <unknown>\n#3 0x556625787321 <unknown>\n#4 0x5566257d5e94 <unknown>\n#5 0x5566257ace7d <unknown>\n#6 0x5566257d330b <unknown>\n#7 0x5566257acc23 <unknown>\n#8 0x5566257794a5 <unknown>\n#9 0x55662577a111 <unknown>\n#10 0x556625c54f1b <unknown>\n#11 0x556625c58e19 <unknown>\n#12 0x556625c3bac9 <unknown>\n#13 0x556625c599c8 <unknown>\n#14 0x556625c2034f <unknown>\n#15 0x556625c7da28 <unknown>\n#16 0x556625c7dc06 <unknown>\n#17 0x556625c8f336 <unknown>\n#18 0x7fae8269caa4 <unknown>\n#19 0x7fae82729c3c <unknown>\n\n",
      "statusTrace" : "  File \"/opt/hostedtoolcache/Python/3.12.11/x64/lib/python3.12/site-packages/allure_commons/_allure.py\", line 192, in impl\n    return func(*a, **kw)\n           ^^^^^^^^^^^^^^\n  File \"/home/runner/work/auto-tests-python/auto-tests-python/pages/speech_exercises_page_ru.py\", line 174, in get_statistic_data\n    table = self.element_is_present(self.locators.AuthorizedUserHomePageLocators.STATISTIC_TABLE)\n            ^^^^^^^^^^^^^^^^^^^^^^^^^^^^^^^^^^^^^^^^^^^^^^^^^^^^^^^^^^^^^^^^^^^^^^^^^^^^^^^^^^^^^\n  File \"/home/runner/work/auto-tests-python/auto-tests-python/pages/base_page.py\", line 32, in element_is_present\n    return Wait(self.driver, self.timeout).until(\n           ^^^^^^^^^^^^^^^^^^^^^^^^^^^^^^^^^^^^^^\n  File \"/opt/hostedtoolcache/Python/3.12.11/x64/lib/python3.12/site-packages/selenium/webdriver/support/wait.py\", line 95, in until\n    raise TimeoutException(message, screen, stacktrace)\n",
      "steps" : [ {
        "name" : "Click button \"Статистика\"\".",
        "time" : {
          "start" : 1751369522056,
          "stop" : 1751369522126,
          "duration" : 70
        },
        "status" : "passed",
        "steps" : [ ],
        "attachments" : [ ],
        "parameters" : [ ],
        "stepsCount" : 0,
        "attachmentsCount" : 0,
        "shouldDisplayMessage" : false,
        "hasContent" : false
      }, {
        "name" : "Check statistic table is present and scroll to table",
        "time" : {
          "start" : 1751369522126,
          "stop" : 1751369532396,
          "duration" : 10270
        },
        "status" : "broken",
        "statusMessage" : "selenium.common.exceptions.TimeoutException: Message: Can't find element by locator ('xpath', '//div[@class=\"__51e19\"]')\nStacktrace:\n#0 0x556625c9045a <unknown>\n#1 0x556625735760 <unknown>\n#2 0x556625787127 <unknown>\n#3 0x556625787321 <unknown>\n#4 0x5566257d5e94 <unknown>\n#5 0x5566257ace7d <unknown>\n#6 0x5566257d330b <unknown>\n#7 0x5566257acc23 <unknown>\n#8 0x5566257794a5 <unknown>\n#9 0x55662577a111 <unknown>\n#10 0x556625c54f1b <unknown>\n#11 0x556625c58e19 <unknown>\n#12 0x556625c3bac9 <unknown>\n#13 0x556625c599c8 <unknown>\n#14 0x556625c2034f <unknown>\n#15 0x556625c7da28 <unknown>\n#16 0x556625c7dc06 <unknown>\n#17 0x556625c8f336 <unknown>\n#18 0x7fae8269caa4 <unknown>\n#19 0x7fae82729c3c <unknown>\n\n",
        "statusTrace" : "  File \"/home/runner/work/auto-tests-python/auto-tests-python/pages/speech_exercises_page_ru.py\", line 174, in get_statistic_data\n    table = self.element_is_present(self.locators.AuthorizedUserHomePageLocators.STATISTIC_TABLE)\n            ^^^^^^^^^^^^^^^^^^^^^^^^^^^^^^^^^^^^^^^^^^^^^^^^^^^^^^^^^^^^^^^^^^^^^^^^^^^^^^^^^^^^^\n  File \"/home/runner/work/auto-tests-python/auto-tests-python/pages/base_page.py\", line 32, in element_is_present\n    return Wait(self.driver, self.timeout).until(\n           ^^^^^^^^^^^^^^^^^^^^^^^^^^^^^^^^^^^^^^\n  File \"/opt/hostedtoolcache/Python/3.12.11/x64/lib/python3.12/site-packages/selenium/webdriver/support/wait.py\", line 95, in until\n    raise TimeoutException(message, screen, stacktrace)\n",
        "steps" : [ ],
        "attachments" : [ ],
        "parameters" : [ ],
        "stepsCount" : 0,
        "attachmentsCount" : 0,
        "shouldDisplayMessage" : true,
        "hasContent" : true
      } ],
      "attachments" : [ ],
      "parameters" : [ ],
      "stepsCount" : 2,
      "attachmentsCount" : 0,
      "shouldDisplayMessage" : false,
      "hasContent" : true
    } ],
    "attachments" : [ ],
    "parameters" : [ ],
    "stepsCount" : 5,
    "attachmentsCount" : 0,
    "shouldDisplayMessage" : true,
    "hasContent" : true
  },
  "afterStages" : [ {
    "name" : "driver::0",
    "time" : {
      "start" : 1751369532411,
      "stop" : 1751369532480,
      "duration" : 69
    },
    "status" : "passed",
    "steps" : [ ],
    "attachments" : [ ],
    "parameters" : [ ],
    "stepsCount" : 0,
    "attachmentsCount" : 0,
    "shouldDisplayMessage" : false,
    "hasContent" : false
  } ],
  "labels" : [ {
    "name" : "suite",
    "value" : "Речевые упражнения."
  }, {
    "name" : "epic",
    "value" : "Speech exercises."
  }, {
    "name" : "tag",
    "value" : "@pytest.mark.xfail"
  }, {
    "name" : "parentSuite",
    "value" : "tests"
  }, {
    "name" : "subSuite",
    "value" : "TestCardsRU"
  }, {
    "name" : "host",
    "value" : "pkrvmbietmlfzoi"
  }, {
    "name" : "thread",
    "value" : "2611-MainThread"
  }, {
    "name" : "framework",
    "value" : "pytest"
  }, {
    "name" : "language",
    "value" : "cpython3"
  }, {
    "name" : "package",
    "value" : "tests.test_speech_exercises_ru"
  }, {
    "name" : "resultFormat",
    "value" : "allure2"
  } ],
  "parameters" : [ ],
  "links" : [ ],
  "hidden" : false,
  "retry" : false,
  "extra" : {
    "severity" : "normal",
    "retries" : [ ],
    "categories" : [ ],
    "history" : {
      "statistic" : {
        "failed" : 0,
        "broken" : 0,
        "skipped" : 247,
        "passed" : 0,
        "unknown" : 0,
        "total" : 247
      },
      "items" : [ {
        "uid" : "57bdd9cd48f85942",
        "reportUrl" : "https://Brain-up.github.io/auto-tests-python/412//#testresult/57bdd9cd48f85942",
        "status" : "skipped",
        "statusDetails" : "XFAIL\n\nselenium.common.exceptions.TimeoutException: Message: Can't find element by locator ('xpath', '//div[@class=\"__51e19\"]')\nStacktrace:\n#0 0x5632da81245a <unknown>\n#1 0x5632da2b7760 <unknown>\n#2 0x5632da309127 <unknown>\n#3 0x5632da309321 <unknown>\n#4 0x5632da357e94 <unknown>\n#5 0x5632da32ee7d <unknown>\n#6 0x5632da35530b <unknown>\n#7 0x5632da32ec23 <unknown>\n#8 0x5632da2fb4a5 <unknown>\n#9 0x5632da2fc111 <unknown>\n#10 0x5632da7d6f1b <unknown>\n#11 0x5632da7dae19 <unknown>\n#12 0x5632da7bdac9 <unknown>\n#13 0x5632da7db9c8 <unknown>\n#14 0x5632da7a234f <unknown>\n#15 0x5632da7ffa28 <unknown>\n#16 0x5632da7ffc06 <unknown>\n#17 0x5632da811336 <unknown>\n#18 0x7fb40049caa4 <unknown>\n#19 0x7fb400529c3c <unknown>",
        "time" : {
          "start" : 1751334026908,
          "stop" : 1751334047548,
          "duration" : 20640
        }
      }, {
        "uid" : "a249d5376b7c1218",
        "reportUrl" : "https://Brain-up.github.io/auto-tests-python/614//#testresult/a249d5376b7c1218",
        "status" : "skipped",
        "statusDetails" : "XFAIL\n\nselenium.common.exceptions.TimeoutException: Message: Can't find element by locator ('xpath', '//div[@class=\"__51e19\"]')\nStacktrace:\n#0 0x564ca0b3445a <unknown>\n#1 0x564ca05d9760 <unknown>\n#2 0x564ca062b127 <unknown>\n#3 0x564ca062b321 <unknown>\n#4 0x564ca0679e94 <unknown>\n#5 0x564ca0650e7d <unknown>\n#6 0x564ca067730b <unknown>\n#7 0x564ca0650c23 <unknown>\n#8 0x564ca061d4a5 <unknown>\n#9 0x564ca061e111 <unknown>\n#10 0x564ca0af8f1b <unknown>\n#11 0x564ca0afce19 <unknown>\n#12 0x564ca0adfac9 <unknown>\n#13 0x564ca0afd9c8 <unknown>\n#14 0x564ca0ac434f <unknown>\n#15 0x564ca0b21a28 <unknown>\n#16 0x564ca0b21c06 <unknown>\n#17 0x564ca0b33336 <unknown>\n#18 0x7f5bce09caa4 <unknown>\n#19 0x7f5bce129c3c <unknown>",
        "time" : {
          "start" : 1751276168188,
          "stop" : 1751276188837,
          "duration" : 20649
        }
      }, {
        "uid" : "e89a5735b5e330a1",
        "reportUrl" : "https://Brain-up.github.io/auto-tests-python/411//#testresult/e89a5735b5e330a1",
        "status" : "skipped",
        "statusDetails" : "XFAIL\n\nselenium.common.exceptions.TimeoutException: Message: Can't find element by locator ('xpath', '//div[@class=\"__51e19\"]')\nStacktrace:\n#0 0x562c40aa845a <unknown>\n#1 0x562c4054d760 <unknown>\n#2 0x562c4059f127 <unknown>\n#3 0x562c4059f321 <unknown>\n#4 0x562c405ede94 <unknown>\n#5 0x562c405c4e7d <unknown>\n#6 0x562c405eb30b <unknown>\n#7 0x562c405c4c23 <unknown>\n#8 0x562c405914a5 <unknown>\n#9 0x562c40592111 <unknown>\n#10 0x562c40a6cf1b <unknown>\n#11 0x562c40a70e19 <unknown>\n#12 0x562c40a53ac9 <unknown>\n#13 0x562c40a719c8 <unknown>\n#14 0x562c40a3834f <unknown>\n#15 0x562c40a95a28 <unknown>\n#16 0x562c40a95c06 <unknown>\n#17 0x562c40aa7336 <unknown>\n#18 0x7f008909caa4 <unknown>\n#19 0x7f0089129c3c <unknown>",
        "time" : {
          "start" : 1751247427682,
          "stop" : 1751247447859,
          "duration" : 20177
        }
      }, {
        "uid" : "a977584eb3b7e5ae",
        "reportUrl" : "https://Brain-up.github.io/auto-tests-python/613//#testresult/a977584eb3b7e5ae",
        "status" : "skipped",
        "statusDetails" : "XFAIL\n\nselenium.common.exceptions.TimeoutException: Message: Can't find element by locator ('xpath', '//div[@class=\"__51e19\"]')\nStacktrace:\n#0 0x55755a05d45a <unknown>\n#1 0x557559b02760 <unknown>\n#2 0x557559b54127 <unknown>\n#3 0x557559b54321 <unknown>\n#4 0x557559ba2e94 <unknown>\n#5 0x557559b79e7d <unknown>\n#6 0x557559ba030b <unknown>\n#7 0x557559b79c23 <unknown>\n#8 0x557559b464a5 <unknown>\n#9 0x557559b47111 <unknown>\n#10 0x55755a021f1b <unknown>\n#11 0x55755a025e19 <unknown>\n#12 0x55755a008ac9 <unknown>\n#13 0x55755a0269c8 <unknown>\n#14 0x557559fed34f <unknown>\n#15 0x55755a04aa28 <unknown>\n#16 0x55755a04ac06 <unknown>\n#17 0x55755a05c336 <unknown>\n#18 0x7fdb55a9caa4 <unknown>\n#19 0x7fdb55b29c3c <unknown>",
        "time" : {
          "start" : 1751201516051,
          "stop" : 1751201536218,
          "duration" : 20167
        }
      }, {
        "uid" : "64b4cc328a235b0a",
        "reportUrl" : "https://Brain-up.github.io/auto-tests-python/410//#testresult/64b4cc328a235b0a",
        "status" : "skipped",
        "statusDetails" : "XFAIL\n\nselenium.common.exceptions.TimeoutException: Message: Can't find element by locator ('xpath', '//div[@class=\"__51e19\"]')\nStacktrace:\n#0 0x5622b36e745a <unknown>\n#1 0x5622b318c760 <unknown>\n#2 0x5622b31de127 <unknown>\n#3 0x5622b31de321 <unknown>\n#4 0x5622b322ce94 <unknown>\n#5 0x5622b3203e7d <unknown>\n#6 0x5622b322a30b <unknown>\n#7 0x5622b3203c23 <unknown>\n#8 0x5622b31d04a5 <unknown>\n#9 0x5622b31d1111 <unknown>\n#10 0x5622b36abf1b <unknown>\n#11 0x5622b36afe19 <unknown>\n#12 0x5622b3692ac9 <unknown>\n#13 0x5622b36b09c8 <unknown>\n#14 0x5622b367734f <unknown>\n#15 0x5622b36d4a28 <unknown>\n#16 0x5622b36d4c06 <unknown>\n#17 0x5622b36e6336 <unknown>\n#18 0x7fdd7369caa4 <unknown>\n#19 0x7fdd73729c3c <unknown>",
        "time" : {
          "start" : 1751161238338,
          "stop" : 1751161258497,
          "duration" : 20159
        }
      }, {
        "uid" : "58ccb1857e63870e",
        "reportUrl" : "https://Brain-up.github.io/auto-tests-python/612//#testresult/58ccb1857e63870e",
        "status" : "skipped",
        "statusDetails" : "XFAIL\n\nselenium.common.exceptions.TimeoutException: Message: Can't find element by locator ('xpath', '//div[@class=\"__51e19\"]')\nStacktrace:\n#0 0x562c6f0e345a <unknown>\n#1 0x562c6eb88760 <unknown>\n#2 0x562c6ebda127 <unknown>\n#3 0x562c6ebda321 <unknown>\n#4 0x562c6ec28e94 <unknown>\n#5 0x562c6ebffe7d <unknown>\n#6 0x562c6ec2630b <unknown>\n#7 0x562c6ebffc23 <unknown>\n#8 0x562c6ebcc4a5 <unknown>\n#9 0x562c6ebcd111 <unknown>\n#10 0x562c6f0a7f1b <unknown>\n#11 0x562c6f0abe19 <unknown>\n#12 0x562c6f08eac9 <unknown>\n#13 0x562c6f0ac9c8 <unknown>\n#14 0x562c6f07334f <unknown>\n#15 0x562c6f0d0a28 <unknown>\n#16 0x562c6f0d0c06 <unknown>\n#17 0x562c6f0e2336 <unknown>\n#18 0x7f3deae9caa4 <unknown>\n#19 0x7f3deaf29c3c <unknown>",
        "time" : {
          "start" : 1751090559854,
          "stop" : 1751090580508,
          "duration" : 20654
        }
      }, {
        "uid" : "fa3c75d1dffc9418",
        "reportUrl" : "https://Brain-up.github.io/auto-tests-python/409//#testresult/fa3c75d1dffc9418",
        "status" : "skipped",
        "statusDetails" : "XFAIL\n\nselenium.common.exceptions.TimeoutException: Message: Can't find element by locator ('xpath', '//div[@class=\"__51e19\"]')\nStacktrace:\n#0 0x55d9d599f45a <unknown>\n#1 0x55d9d5444760 <unknown>\n#2 0x55d9d5496127 <unknown>\n#3 0x55d9d5496321 <unknown>\n#4 0x55d9d54e4e94 <unknown>\n#5 0x55d9d54bbe7d <unknown>\n#6 0x55d9d54e230b <unknown>\n#7 0x55d9d54bbc23 <unknown>\n#8 0x55d9d54884a5 <unknown>\n#9 0x55d9d5489111 <unknown>\n#10 0x55d9d5963f1b <unknown>\n#11 0x55d9d5967e19 <unknown>\n#12 0x55d9d594aac9 <unknown>\n#13 0x55d9d59689c8 <unknown>\n#14 0x55d9d592f34f <unknown>\n#15 0x55d9d598ca28 <unknown>\n#16 0x55d9d598cc06 <unknown>\n#17 0x55d9d599e336 <unknown>\n#18 0x7fb61509caa4 <unknown>\n#19 0x7fb615129c3c <unknown>",
        "time" : {
          "start" : 1751074300425,
          "stop" : 1751074321075,
          "duration" : 20650
        }
      }, {
        "uid" : "3f4a0d111aeb857a",
        "reportUrl" : "https://Brain-up.github.io/auto-tests-python/611//#testresult/3f4a0d111aeb857a",
        "status" : "skipped",
        "statusDetails" : "XFAIL\n\nselenium.common.exceptions.TimeoutException: Message: Can't find element by locator ('xpath', '//div[@class=\"__51e19\"]')\nStacktrace:\n#0 0x56098373145a <unknown>\n#1 0x5609831d6760 <unknown>\n#2 0x560983228127 <unknown>\n#3 0x560983228321 <unknown>\n#4 0x560983276e94 <unknown>\n#5 0x56098324de7d <unknown>\n#6 0x56098327430b <unknown>\n#7 0x56098324dc23 <unknown>\n#8 0x56098321a4a5 <unknown>\n#9 0x56098321b111 <unknown>\n#10 0x5609836f5f1b <unknown>\n#11 0x5609836f9e19 <unknown>\n#12 0x5609836dcac9 <unknown>\n#13 0x5609836fa9c8 <unknown>\n#14 0x5609836c134f <unknown>\n#15 0x56098371ea28 <unknown>\n#16 0x56098371ec06 <unknown>\n#17 0x560983730336 <unknown>\n#18 0x7f7a8729caa4 <unknown>\n#19 0x7f7a87329c3c <unknown>",
        "time" : {
          "start" : 1751023657559,
          "stop" : 1751023677703,
          "duration" : 20144
        }
      }, {
        "uid" : "2f4d70ad63a1adc0",
        "reportUrl" : "https://Brain-up.github.io/auto-tests-python/408//#testresult/2f4d70ad63a1adc0",
        "status" : "skipped",
        "statusDetails" : "XFAIL\n\nselenium.common.exceptions.TimeoutException: Message: Can't find element by locator ('xpath', '//div[@class=\"__51e19\"]')\nStacktrace:\n#0 0x556f66d9345a <unknown>\n#1 0x556f66838760 <unknown>\n#2 0x556f6688a127 <unknown>\n#3 0x556f6688a321 <unknown>\n#4 0x556f668d8e94 <unknown>\n#5 0x556f668afe7d <unknown>\n#6 0x556f668d630b <unknown>\n#7 0x556f668afc23 <unknown>\n#8 0x556f6687c4a5 <unknown>\n#9 0x556f6687d111 <unknown>\n#10 0x556f66d57f1b <unknown>\n#11 0x556f66d5be19 <unknown>\n#12 0x556f66d3eac9 <unknown>\n#13 0x556f66d5c9c8 <unknown>\n#14 0x556f66d2334f <unknown>\n#15 0x556f66d80a28 <unknown>\n#16 0x556f66d80c06 <unknown>\n#17 0x556f66d92336 <unknown>\n#18 0x7f298f69caa4 <unknown>\n#19 0x7f298f729c3c <unknown>",
        "time" : {
          "start" : 1750988233257,
          "stop" : 1750988253909,
          "duration" : 20652
        }
      }, {
        "uid" : "3fea9f4a9a1da6ae",
        "reportUrl" : "https://Brain-up.github.io/auto-tests-python/610//#testresult/3fea9f4a9a1da6ae",
        "status" : "skipped",
        "statusDetails" : "XFAIL\n\nselenium.common.exceptions.TimeoutException: Message: Can't find element by locator ('xpath', '//div[@class=\"__51e19\"]')\nStacktrace:\n#0 0x56215fb5545a <unknown>\n#1 0x56215f5fa760 <unknown>\n#2 0x56215f64c127 <unknown>\n#3 0x56215f64c321 <unknown>\n#4 0x56215f69ae94 <unknown>\n#5 0x56215f671e7d <unknown>\n#6 0x56215f69830b <unknown>\n#7 0x56215f671c23 <unknown>\n#8 0x56215f63e4a5 <unknown>\n#9 0x56215f63f111 <unknown>\n#10 0x56215fb19f1b <unknown>\n#11 0x56215fb1de19 <unknown>\n#12 0x56215fb00ac9 <unknown>\n#13 0x56215fb1e9c8 <unknown>\n#14 0x56215fae534f <unknown>\n#15 0x56215fb42a28 <unknown>\n#16 0x56215fb42c06 <unknown>\n#17 0x56215fb54336 <unknown>\n#18 0x7f8cb069caa4 <unknown>\n#19 0x7f8cb0729c3c <unknown>",
        "time" : {
          "start" : 1750932949286,
          "stop" : 1750932969443,
          "duration" : 20157
        }
      }, {
        "uid" : "3b24fa4267393833",
        "reportUrl" : "https://Brain-up.github.io/auto-tests-python/407//#testresult/3b24fa4267393833",
        "status" : "skipped",
        "statusDetails" : "XFAIL\n\nselenium.common.exceptions.TimeoutException: Message: Can't find element by locator ('xpath', '//div[@class=\"__51e19\"]')\nStacktrace:\n#0 0x55b69fab045a <unknown>\n#1 0x55b69f555760 <unknown>\n#2 0x55b69f5a7127 <unknown>\n#3 0x55b69f5a7321 <unknown>\n#4 0x55b69f5f5e94 <unknown>\n#5 0x55b69f5cce7d <unknown>\n#6 0x55b69f5f330b <unknown>\n#7 0x55b69f5ccc23 <unknown>\n#8 0x55b69f5994a5 <unknown>\n#9 0x55b69f59a111 <unknown>\n#10 0x55b69fa74f1b <unknown>\n#11 0x55b69fa78e19 <unknown>\n#12 0x55b69fa5bac9 <unknown>\n#13 0x55b69fa799c8 <unknown>\n#14 0x55b69fa4034f <unknown>\n#15 0x55b69fa9da28 <unknown>\n#16 0x55b69fa9dc06 <unknown>\n#17 0x55b69faaf336 <unknown>\n#18 0x7f24c049caa4 <unknown>\n#19 0x7f24c0529c3c <unknown>",
        "time" : {
          "start" : 1750901517072,
          "stop" : 1750901537683,
          "duration" : 20611
        }
      }, {
        "uid" : "dd81adc8f5730dce",
        "reportUrl" : "https://Brain-up.github.io/auto-tests-python/609//#testresult/dd81adc8f5730dce",
        "status" : "skipped",
        "statusDetails" : "XFAIL\n\nselenium.common.exceptions.TimeoutException: Message: Can't find element by locator ('xpath', '//div[@class=\"__51e19\"]')\nStacktrace:\n#0 0x5597a0f1d29a <unknown>\n#1 0x5597a0989040 <unknown>\n#2 0x5597a09da990 <unknown>\n#3 0x5597a09dab81 <unknown>\n#4 0x5597a0a29664 <unknown>\n#5 0x5597a0a006bd <unknown>\n#6 0x5597a0a26ace <unknown>\n#7 0x5597a0a00463 <unknown>\n#8 0x5597a09ccc55 <unknown>\n#9 0x5597a09cd8c1 <unknown>\n#10 0x5597a0ee21bb <unknown>\n#11 0x5597a0ee60c9 <unknown>\n#12 0x5597a0ecaa39 <unknown>\n#13 0x5597a0ee6c78 <unknown>\n#14 0x5597a0eaf6bf <unknown>\n#15 0x5597a0f0a948 <unknown>\n#16 0x5597a0f0ab26 <unknown>\n#17 0x5597a0f1c176 <unknown>\n#18 0x7f473ba9caa4 <unknown>\n#19 0x7f473bb29c3c <unknown>",
        "time" : {
          "start" : 1750852915113,
          "stop" : 1750852935307,
          "duration" : 20194
        }
      }, {
        "uid" : "e5fd21be238854ac",
        "reportUrl" : "https://Brain-up.github.io/auto-tests-python/406//#testresult/e5fd21be238854ac",
        "status" : "skipped",
        "statusDetails" : "XFAIL\n\nselenium.common.exceptions.TimeoutException: Message: Can't find element by locator ('xpath', '//div[@class=\"__51e19\"]')\nStacktrace:\n#0 0x557ff34fa29a <unknown>\n#1 0x557ff2f66040 <unknown>\n#2 0x557ff2fb7990 <unknown>\n#3 0x557ff2fb7b81 <unknown>\n#4 0x557ff3006664 <unknown>\n#5 0x557ff2fdd6bd <unknown>\n#6 0x557ff3003ace <unknown>\n#7 0x557ff2fdd463 <unknown>\n#8 0x557ff2fa9c55 <unknown>\n#9 0x557ff2faa8c1 <unknown>\n#10 0x557ff34bf1bb <unknown>\n#11 0x557ff34c30c9 <unknown>\n#12 0x557ff34a7a39 <unknown>\n#13 0x557ff34c3c78 <unknown>\n#14 0x557ff348c6bf <unknown>\n#15 0x557ff34e7948 <unknown>\n#16 0x557ff34e7b26 <unknown>\n#17 0x557ff34f9176 <unknown>\n#18 0x7fa763e9caa4 <unknown>\n#19 0x7fa763f29c3c <unknown>",
        "time" : {
          "start" : 1750815037107,
          "stop" : 1750815057758,
          "duration" : 20651
        }
      }, {
        "uid" : "4a4d4b1ad767a82a",
        "reportUrl" : "https://Brain-up.github.io/auto-tests-python/608//#testresult/4a4d4b1ad767a82a",
        "status" : "skipped",
        "statusDetails" : "XFAIL\n\nselenium.common.exceptions.TimeoutException: Message: Can't find element by locator ('xpath', '//div[@class=\"__51e19\"]')\nStacktrace:\n#0 0x55c1cba1729a <unknown>\n#1 0x55c1cb483040 <unknown>\n#2 0x55c1cb4d4990 <unknown>\n#3 0x55c1cb4d4b81 <unknown>\n#4 0x55c1cb523664 <unknown>\n#5 0x55c1cb4fa6bd <unknown>\n#6 0x55c1cb520ace <unknown>\n#7 0x55c1cb4fa463 <unknown>\n#8 0x55c1cb4c6c55 <unknown>\n#9 0x55c1cb4c78c1 <unknown>\n#10 0x55c1cb9dc1bb <unknown>\n#11 0x55c1cb9e00c9 <unknown>\n#12 0x55c1cb9c4a39 <unknown>\n#13 0x55c1cb9e0c78 <unknown>\n#14 0x55c1cb9a96bf <unknown>\n#15 0x55c1cba04948 <unknown>\n#16 0x55c1cba04b26 <unknown>\n#17 0x55c1cba16176 <unknown>\n#18 0x7fb44189caa4 <unknown>\n#19 0x7fb441929c3c <unknown>",
        "time" : {
          "start" : 1750760070042,
          "stop" : 1750760090196,
          "duration" : 20154
        }
      }, {
        "uid" : "69bc59511428fc43",
        "reportUrl" : "https://Brain-up.github.io/auto-tests-python/405//#testresult/69bc59511428fc43",
        "status" : "skipped",
        "statusDetails" : "XFAIL\n\nselenium.common.exceptions.TimeoutException: Message: Can't find element by locator ('xpath', '//div[@class=\"__51e19\"]')\nStacktrace:\n#0 0x5602edfea29a <unknown>\n#1 0x5602eda56040 <unknown>\n#2 0x5602edaa7990 <unknown>\n#3 0x5602edaa7b81 <unknown>\n#4 0x5602edaf6664 <unknown>\n#5 0x5602edacd6bd <unknown>\n#6 0x5602edaf3ace <unknown>\n#7 0x5602edacd463 <unknown>\n#8 0x5602eda99c55 <unknown>\n#9 0x5602eda9a8c1 <unknown>\n#10 0x5602edfaf1bb <unknown>\n#11 0x5602edfb30c9 <unknown>\n#12 0x5602edf97a39 <unknown>\n#13 0x5602edfb3c78 <unknown>\n#14 0x5602edf7c6bf <unknown>\n#15 0x5602edfd7948 <unknown>\n#16 0x5602edfd7b26 <unknown>\n#17 0x5602edfe9176 <unknown>\n#18 0x7ff02da9caa4 <unknown>\n#19 0x7ff02db29c3c <unknown>",
        "time" : {
          "start" : 1750728712945,
          "stop" : 1750728733562,
          "duration" : 20617
        }
      }, {
        "uid" : "99901288a0459d1f",
        "reportUrl" : "https://Brain-up.github.io/auto-tests-python/607//#testresult/99901288a0459d1f",
        "status" : "skipped",
        "statusDetails" : "XFAIL\n\nKeyError: 7",
        "time" : {
          "start" : 1750679518098,
          "stop" : 1750679525085,
          "duration" : 6987
        }
      }, {
        "uid" : "a2ada1587c83cbbe",
        "reportUrl" : "https://Brain-up.github.io/auto-tests-python/404//#testresult/a2ada1587c83cbbe",
        "status" : "skipped",
        "statusDetails" : "XFAIL\n\nselenium.common.exceptions.TimeoutException: Message: Can't find element by locator ('xpath', '//div[@class=\"__51e19\"]')\nStacktrace:\n#0 0x55d0704a129a <unknown>\n#1 0x55d06ff0d040 <unknown>\n#2 0x55d06ff5e990 <unknown>\n#3 0x55d06ff5eb81 <unknown>\n#4 0x55d06ffad664 <unknown>\n#5 0x55d06ff846bd <unknown>\n#6 0x55d06ffaaace <unknown>\n#7 0x55d06ff84463 <unknown>\n#8 0x55d06ff50c55 <unknown>\n#9 0x55d06ff518c1 <unknown>\n#10 0x55d0704661bb <unknown>\n#11 0x55d07046a0c9 <unknown>\n#12 0x55d07044ea39 <unknown>\n#13 0x55d07046ac78 <unknown>\n#14 0x55d0704336bf <unknown>\n#15 0x55d07048e948 <unknown>\n#16 0x55d07048eb26 <unknown>\n#17 0x55d0704a0176 <unknown>\n#18 0x7f45cf09caa4 <unknown>\n#19 0x7f45cf129c3c <unknown>",
        "time" : {
          "start" : 1750642608496,
          "stop" : 1750642629137,
          "duration" : 20641
        }
      }, {
        "uid" : "198ca0f844fde892",
        "reportUrl" : "https://Brain-up.github.io/auto-tests-python/606//#testresult/198ca0f844fde892",
        "status" : "skipped",
        "statusDetails" : "XFAIL\n\nselenium.common.exceptions.TimeoutException: Message: Can't find element by locator ('xpath', '//div[@class=\"__51e19\"]')\nStacktrace:\n#0 0x557bca89329a <unknown>\n#1 0x557bca2ff040 <unknown>\n#2 0x557bca350990 <unknown>\n#3 0x557bca350b81 <unknown>\n#4 0x557bca39f664 <unknown>\n#5 0x557bca3766bd <unknown>\n#6 0x557bca39cace <unknown>\n#7 0x557bca376463 <unknown>\n#8 0x557bca342c55 <unknown>\n#9 0x557bca3438c1 <unknown>\n#10 0x557bca8581bb <unknown>\n#11 0x557bca85c0c9 <unknown>\n#12 0x557bca840a39 <unknown>\n#13 0x557bca85cc78 <unknown>\n#14 0x557bca8256bf <unknown>\n#15 0x557bca880948 <unknown>\n#16 0x557bca880b26 <unknown>\n#17 0x557bca892176 <unknown>\n#18 0x7f675949caa4 <unknown>\n#19 0x7f6759529c3c <unknown>",
        "time" : {
          "start" : 1750595859508,
          "stop" : 1750595879683,
          "duration" : 20175
        }
      }, {
        "uid" : "7b6b54af049065d4",
        "reportUrl" : "https://Brain-up.github.io/auto-tests-python/403//#testresult/7b6b54af049065d4",
        "status" : "skipped",
        "statusDetails" : "XFAIL\n\nselenium.common.exceptions.TimeoutException: Message: Can't find element by locator ('xpath', '//div[@class=\"__51e19\"]')\nStacktrace:\n#0 0x56030487c29a <unknown>\n#1 0x5603042e8040 <unknown>\n#2 0x560304339990 <unknown>\n#3 0x560304339b81 <unknown>\n#4 0x560304388664 <unknown>\n#5 0x56030435f6bd <unknown>\n#6 0x560304385ace <unknown>\n#7 0x56030435f463 <unknown>\n#8 0x56030432bc55 <unknown>\n#9 0x56030432c8c1 <unknown>\n#10 0x5603048411bb <unknown>\n#11 0x5603048450c9 <unknown>\n#12 0x560304829a39 <unknown>\n#13 0x560304845c78 <unknown>\n#14 0x56030480e6bf <unknown>\n#15 0x560304869948 <unknown>\n#16 0x560304869b26 <unknown>\n#17 0x56030487b176 <unknown>\n#18 0x7f637189caa4 <unknown>\n#19 0x7f6371929c3c <unknown>",
        "time" : {
          "start" : 1750556466542,
          "stop" : 1750556487177,
          "duration" : 20635
        }
      }, {
        "uid" : "9882d654a8660b42",
        "reportUrl" : "https://Brain-up.github.io/auto-tests-python/605//#testresult/9882d654a8660b42",
        "status" : "skipped",
        "statusDetails" : "XFAIL\n\nselenium.common.exceptions.TimeoutException: Message: Can't find element by locator ('xpath', '//div[@class=\"__51e19\"]')\nStacktrace:\n#0 0x559b9772b29a <unknown>\n#1 0x559b97197040 <unknown>\n#2 0x559b971e8990 <unknown>\n#3 0x559b971e8b81 <unknown>\n#4 0x559b97237664 <unknown>\n#5 0x559b9720e6bd <unknown>\n#6 0x559b97234ace <unknown>\n#7 0x559b9720e463 <unknown>\n#8 0x559b971dac55 <unknown>\n#9 0x559b971db8c1 <unknown>\n#10 0x559b976f01bb <unknown>\n#11 0x559b976f40c9 <unknown>\n#12 0x559b976d8a39 <unknown>\n#13 0x559b976f4c78 <unknown>\n#14 0x559b976bd6bf <unknown>\n#15 0x559b97718948 <unknown>\n#16 0x559b97718b26 <unknown>\n#17 0x559b9772a176 <unknown>\n#18 0x7f8e4469caa4 <unknown>\n#19 0x7f8e44729c3c <unknown>",
        "time" : {
          "start" : 1750504917280,
          "stop" : 1750504937946,
          "duration" : 20666
        }
      } ]
    },
    "tags" : [ "@pytest.mark.xfail" ]
  },
  "source" : "6f69d59f57be33aa.json",
  "parameterValues" : [ ]
}