{
  "uid" : "eea5407c369ec447",
  "name" : "Solutions to a random task in the \"Слова Королёвой\" .",
  "fullName" : "tests.test_speech_exercises_ru.TestCardsRU#test_solve_koroleva_cards_ru",
  "historyId" : "c9fe4fbd9394e2fb5a6898be66ba433b",
  "time" : {
    "start" : 1751369504840,
    "stop" : 1751369515187,
    "duration" : 10347
  },
  "status" : "skipped",
  "statusMessage" : "XFAIL\n\nselenium.common.exceptions.TimeoutException: Message: Can't find element by locator ('xpath', '//a[text()=\"Упражнения\"]')\nStacktrace:\n#0 0x561c0d95245a <unknown>\n#1 0x561c0d3f7760 <unknown>\n#2 0x561c0d449127 <unknown>\n#3 0x561c0d449321 <unknown>\n#4 0x561c0d497e94 <unknown>\n#5 0x561c0d46ee7d <unknown>\n#6 0x561c0d49530b <unknown>\n#7 0x561c0d46ec23 <unknown>\n#8 0x561c0d43b4a5 <unknown>\n#9 0x561c0d43c111 <unknown>\n#10 0x561c0d916f1b <unknown>\n#11 0x561c0d91ae19 <unknown>\n#12 0x561c0d8fdac9 <unknown>\n#13 0x561c0d91b9c8 <unknown>\n#14 0x561c0d8e234f <unknown>\n#15 0x561c0d93fa28 <unknown>\n#16 0x561c0d93fc06 <unknown>\n#17 0x561c0d951336 <unknown>\n#18 0x7fb96809caa4 <unknown>\n#19 0x7fb968129c3c <unknown>",
  "statusTrace" : "self = <tests.test_speech_exercises_ru.TestCardsRU object at 0x7f55af637bc0>\ndriver = <selenium.webdriver.chrome.webdriver.WebDriver (session=\"cf09e0ff7ca518d2c3973ef728607e42\")>\ndefault_user_authorized = None\n\n    @pytest.mark.xfail\n    @allure.suite(\"Речевые упражнения.\")\n    @allure.title('Solutions to a random task in the \"Слова Королёвой\" .')\n    def test_solve_koroleva_cards_ru(self, driver, default_user_authorized):\n        page = SpeechExercisesPageRU(driver)\n>       page.click_button_exercises()\n\ntests/test_speech_exercises_ru.py:144: \n_ _ _ _ _ _ _ _ _ _ _ _ _ _ _ _ _ _ _ _ _ _ _ _ _ _ _ _ _ _ _ _ _ _ _ _ _ _ _ _ \npages/speech_exercises_page_ru.py:199: in click_button_exercises\n    button = self.element_is_present_and_clickable(self.locators.AuthorizedUserHomePageLocators.BUTTON_EXERCISES_RU)\npages/base_page.py:40: in element_is_present_and_clickable\n    return (Wait(self.driver, self.timeout).until(\n_ _ _ _ _ _ _ _ _ _ _ _ _ _ _ _ _ _ _ _ _ _ _ _ _ _ _ _ _ _ _ _ _ _ _ _ _ _ _ _ \n\nself = <selenium.webdriver.support.wait.WebDriverWait (session=\"cf09e0ff7ca518d2c3973ef728607e42\")>\nmethod = <function visibility_of_element_located.<locals>._predicate at 0x7f55af5b4400>\nmessage = 'Can\\'t find element by locator (\\'xpath\\', \\'//a[text()=\"Упражнения\"]\\')'\n\n    def until(self, method, message: str = \"\"):\n        \"\"\"Calls the method provided with the driver as an argument until the \\\n        return value does not evaluate to ``False``.\n    \n        :param method: callable(WebDriver)\n        :param message: optional message for :exc:`TimeoutException`\n        :returns: the result of the last call to `method`\n        :raises: :exc:`selenium.common.exceptions.TimeoutException` if timeout occurs\n        \"\"\"\n        screen = None\n        stacktrace = None\n    \n        end_time = time.monotonic() + self._timeout\n        while True:\n            try:\n                value = method(self._driver)\n                if value:\n                    return value\n            except self._ignored_exceptions as exc:\n                screen = getattr(exc, \"screen\", None)\n                stacktrace = getattr(exc, \"stacktrace\", None)\n            time.sleep(self._poll)\n            if time.monotonic() > end_time:\n                break\n>       raise TimeoutException(message, screen, stacktrace)\nE       selenium.common.exceptions.TimeoutException: Message: Can't find element by locator ('xpath', '//a[text()=\"Упражнения\"]')\nE       Stacktrace:\nE       #0 0x561c0d95245a <unknown>\nE       #1 0x561c0d3f7760 <unknown>\nE       #2 0x561c0d449127 <unknown>\nE       #3 0x561c0d449321 <unknown>\nE       #4 0x561c0d497e94 <unknown>\nE       #5 0x561c0d46ee7d <unknown>\nE       #6 0x561c0d49530b <unknown>\nE       #7 0x561c0d46ec23 <unknown>\nE       #8 0x561c0d43b4a5 <unknown>\nE       #9 0x561c0d43c111 <unknown>\nE       #10 0x561c0d916f1b <unknown>\nE       #11 0x561c0d91ae19 <unknown>\nE       #12 0x561c0d8fdac9 <unknown>\nE       #13 0x561c0d91b9c8 <unknown>\nE       #14 0x561c0d8e234f <unknown>\nE       #15 0x561c0d93fa28 <unknown>\nE       #16 0x561c0d93fc06 <unknown>\nE       #17 0x561c0d951336 <unknown>\nE       #18 0x7fb96809caa4 <unknown>\nE       #19 0x7fb968129c3c <unknown>\n\n/opt/hostedtoolcache/Python/3.12.11/x64/lib/python3.12/site-packages/selenium/webdriver/support/wait.py:95: TimeoutException",
  "flaky" : false,
  "newFailed" : false,
  "beforeStages" : [ {
    "name" : "driver",
    "time" : {
      "start" : 1751369497680,
      "stop" : 1751369498513,
      "duration" : 833
    },
    "status" : "passed",
    "steps" : [ ],
    "attachments" : [ ],
    "parameters" : [ ],
    "stepsCount" : 0,
    "attachmentsCount" : 0,
    "shouldDisplayMessage" : false,
    "hasContent" : false
  }, {
    "name" : "main_page_open",
    "time" : {
      "start" : 1751369498513,
      "stop" : 1751369502402,
      "duration" : 3889
    },
    "status" : "passed",
    "steps" : [ {
      "name" : "Open page: https://www.brainup.site/",
      "time" : {
        "start" : 1751369498514,
        "stop" : 1751369502402,
        "duration" : 3888
      },
      "status" : "passed",
      "steps" : [ ],
      "attachments" : [ ],
      "parameters" : [ {
        "name" : "driver",
        "value" : "<selenium.webdriver.chrome.webdriver.WebDriver (session=\"cf09e0ff7ca518d2c3973ef728607e42\")>"
      } ],
      "stepsCount" : 0,
      "attachmentsCount" : 0,
      "shouldDisplayMessage" : false,
      "hasContent" : true
    } ],
    "attachments" : [ ],
    "parameters" : [ ],
    "stepsCount" : 1,
    "attachmentsCount" : 0,
    "shouldDisplayMessage" : false,
    "hasContent" : true
  }, {
    "name" : "default_user_authorized",
    "time" : {
      "start" : 1751369502403,
      "stop" : 1751369504840,
      "duration" : 2437
    },
    "status" : "passed",
    "steps" : [ {
      "name" : "DEFAULT user authorized",
      "time" : {
        "start" : 1751369502403,
        "stop" : 1751369504840,
        "duration" : 2437
      },
      "status" : "passed",
      "steps" : [ {
        "name" : "Check url is present: https://www.brainup.site/groups",
        "time" : {
          "start" : 1751369502793,
          "stop" : 1751369504818,
          "duration" : 2025
        },
        "status" : "passed",
        "steps" : [ ],
        "attachments" : [ ],
        "parameters" : [ ],
        "stepsCount" : 0,
        "attachmentsCount" : 0,
        "shouldDisplayMessage" : false,
        "hasContent" : false
      }, {
        "name" : "Loader checking",
        "time" : {
          "start" : 1751369504818,
          "stop" : 1751369504840,
          "duration" : 22
        },
        "status" : "passed",
        "steps" : [ ],
        "attachments" : [ ],
        "parameters" : [ ],
        "stepsCount" : 0,
        "attachmentsCount" : 0,
        "shouldDisplayMessage" : false,
        "hasContent" : false
      } ],
      "attachments" : [ ],
      "parameters" : [ {
        "name" : "driver",
        "value" : "<selenium.webdriver.chrome.webdriver.WebDriver (session=\"cf09e0ff7ca518d2c3973ef728607e42\")>"
      }, {
        "name" : "main_page_open",
        "value" : "None"
      } ],
      "stepsCount" : 2,
      "attachmentsCount" : 0,
      "shouldDisplayMessage" : false,
      "hasContent" : true
    } ],
    "attachments" : [ ],
    "parameters" : [ ],
    "stepsCount" : 3,
    "attachmentsCount" : 0,
    "shouldDisplayMessage" : false,
    "hasContent" : true
  }, {
    "name" : "clear_allure_results_folder",
    "time" : {
      "start" : 1751368073082,
      "stop" : 1751368073082,
      "duration" : 0
    },
    "status" : "passed",
    "steps" : [ ],
    "attachments" : [ ],
    "parameters" : [ ],
    "stepsCount" : 0,
    "attachmentsCount" : 0,
    "shouldDisplayMessage" : false,
    "hasContent" : false
  } ],
  "testStage" : {
    "status" : "skipped",
    "statusMessage" : "XFAIL\n\nselenium.common.exceptions.TimeoutException: Message: Can't find element by locator ('xpath', '//a[text()=\"Упражнения\"]')\nStacktrace:\n#0 0x561c0d95245a <unknown>\n#1 0x561c0d3f7760 <unknown>\n#2 0x561c0d449127 <unknown>\n#3 0x561c0d449321 <unknown>\n#4 0x561c0d497e94 <unknown>\n#5 0x561c0d46ee7d <unknown>\n#6 0x561c0d49530b <unknown>\n#7 0x561c0d46ec23 <unknown>\n#8 0x561c0d43b4a5 <unknown>\n#9 0x561c0d43c111 <unknown>\n#10 0x561c0d916f1b <unknown>\n#11 0x561c0d91ae19 <unknown>\n#12 0x561c0d8fdac9 <unknown>\n#13 0x561c0d91b9c8 <unknown>\n#14 0x561c0d8e234f <unknown>\n#15 0x561c0d93fa28 <unknown>\n#16 0x561c0d93fc06 <unknown>\n#17 0x561c0d951336 <unknown>\n#18 0x7fb96809caa4 <unknown>\n#19 0x7fb968129c3c <unknown>",
    "statusTrace" : "self = <tests.test_speech_exercises_ru.TestCardsRU object at 0x7f55af637bc0>\ndriver = <selenium.webdriver.chrome.webdriver.WebDriver (session=\"cf09e0ff7ca518d2c3973ef728607e42\")>\ndefault_user_authorized = None\n\n    @pytest.mark.xfail\n    @allure.suite(\"Речевые упражнения.\")\n    @allure.title('Solutions to a random task in the \"Слова Королёвой\" .')\n    def test_solve_koroleva_cards_ru(self, driver, default_user_authorized):\n        page = SpeechExercisesPageRU(driver)\n>       page.click_button_exercises()\n\ntests/test_speech_exercises_ru.py:144: \n_ _ _ _ _ _ _ _ _ _ _ _ _ _ _ _ _ _ _ _ _ _ _ _ _ _ _ _ _ _ _ _ _ _ _ _ _ _ _ _ \npages/speech_exercises_page_ru.py:199: in click_button_exercises\n    button = self.element_is_present_and_clickable(self.locators.AuthorizedUserHomePageLocators.BUTTON_EXERCISES_RU)\npages/base_page.py:40: in element_is_present_and_clickable\n    return (Wait(self.driver, self.timeout).until(\n_ _ _ _ _ _ _ _ _ _ _ _ _ _ _ _ _ _ _ _ _ _ _ _ _ _ _ _ _ _ _ _ _ _ _ _ _ _ _ _ \n\nself = <selenium.webdriver.support.wait.WebDriverWait (session=\"cf09e0ff7ca518d2c3973ef728607e42\")>\nmethod = <function visibility_of_element_located.<locals>._predicate at 0x7f55af5b4400>\nmessage = 'Can\\'t find element by locator (\\'xpath\\', \\'//a[text()=\"Упражнения\"]\\')'\n\n    def until(self, method, message: str = \"\"):\n        \"\"\"Calls the method provided with the driver as an argument until the \\\n        return value does not evaluate to ``False``.\n    \n        :param method: callable(WebDriver)\n        :param message: optional message for :exc:`TimeoutException`\n        :returns: the result of the last call to `method`\n        :raises: :exc:`selenium.common.exceptions.TimeoutException` if timeout occurs\n        \"\"\"\n        screen = None\n        stacktrace = None\n    \n        end_time = time.monotonic() + self._timeout\n        while True:\n            try:\n                value = method(self._driver)\n                if value:\n                    return value\n            except self._ignored_exceptions as exc:\n                screen = getattr(exc, \"screen\", None)\n                stacktrace = getattr(exc, \"stacktrace\", None)\n            time.sleep(self._poll)\n            if time.monotonic() > end_time:\n                break\n>       raise TimeoutException(message, screen, stacktrace)\nE       selenium.common.exceptions.TimeoutException: Message: Can't find element by locator ('xpath', '//a[text()=\"Упражнения\"]')\nE       Stacktrace:\nE       #0 0x561c0d95245a <unknown>\nE       #1 0x561c0d3f7760 <unknown>\nE       #2 0x561c0d449127 <unknown>\nE       #3 0x561c0d449321 <unknown>\nE       #4 0x561c0d497e94 <unknown>\nE       #5 0x561c0d46ee7d <unknown>\nE       #6 0x561c0d49530b <unknown>\nE       #7 0x561c0d46ec23 <unknown>\nE       #8 0x561c0d43b4a5 <unknown>\nE       #9 0x561c0d43c111 <unknown>\nE       #10 0x561c0d916f1b <unknown>\nE       #11 0x561c0d91ae19 <unknown>\nE       #12 0x561c0d8fdac9 <unknown>\nE       #13 0x561c0d91b9c8 <unknown>\nE       #14 0x561c0d8e234f <unknown>\nE       #15 0x561c0d93fa28 <unknown>\nE       #16 0x561c0d93fc06 <unknown>\nE       #17 0x561c0d951336 <unknown>\nE       #18 0x7fb96809caa4 <unknown>\nE       #19 0x7fb968129c3c <unknown>\n\n/opt/hostedtoolcache/Python/3.12.11/x64/lib/python3.12/site-packages/selenium/webdriver/support/wait.py:95: TimeoutException",
    "steps" : [ {
      "name" : "Click button \"Упражнения\".",
      "time" : {
        "start" : 1751369504840,
        "stop" : 1751369515187,
        "duration" : 10347
      },
      "status" : "broken",
      "statusMessage" : "selenium.common.exceptions.TimeoutException: Message: Can't find element by locator ('xpath', '//a[text()=\"Упражнения\"]')\nStacktrace:\n#0 0x561c0d95245a <unknown>\n#1 0x561c0d3f7760 <unknown>\n#2 0x561c0d449127 <unknown>\n#3 0x561c0d449321 <unknown>\n#4 0x561c0d497e94 <unknown>\n#5 0x561c0d46ee7d <unknown>\n#6 0x561c0d49530b <unknown>\n#7 0x561c0d46ec23 <unknown>\n#8 0x561c0d43b4a5 <unknown>\n#9 0x561c0d43c111 <unknown>\n#10 0x561c0d916f1b <unknown>\n#11 0x561c0d91ae19 <unknown>\n#12 0x561c0d8fdac9 <unknown>\n#13 0x561c0d91b9c8 <unknown>\n#14 0x561c0d8e234f <unknown>\n#15 0x561c0d93fa28 <unknown>\n#16 0x561c0d93fc06 <unknown>\n#17 0x561c0d951336 <unknown>\n#18 0x7fb96809caa4 <unknown>\n#19 0x7fb968129c3c <unknown>\n\n",
      "statusTrace" : "  File \"/opt/hostedtoolcache/Python/3.12.11/x64/lib/python3.12/site-packages/allure_commons/_allure.py\", line 192, in impl\n    return func(*a, **kw)\n           ^^^^^^^^^^^^^^\n  File \"/home/runner/work/auto-tests-python/auto-tests-python/pages/speech_exercises_page_ru.py\", line 199, in click_button_exercises\n    button = self.element_is_present_and_clickable(self.locators.AuthorizedUserHomePageLocators.BUTTON_EXERCISES_RU)\n             ^^^^^^^^^^^^^^^^^^^^^^^^^^^^^^^^^^^^^^^^^^^^^^^^^^^^^^^^^^^^^^^^^^^^^^^^^^^^^^^^^^^^^^^^^^^^^^^^^^^^^^^\n  File \"/home/runner/work/auto-tests-python/auto-tests-python/pages/base_page.py\", line 40, in element_is_present_and_clickable\n    return (Wait(self.driver, self.timeout).until(\n            ^^^^^^^^^^^^^^^^^^^^^^^^^^^^^^^^^^^^^^\n  File \"/opt/hostedtoolcache/Python/3.12.11/x64/lib/python3.12/site-packages/selenium/webdriver/support/wait.py\", line 95, in until\n    raise TimeoutException(message, screen, stacktrace)\n",
      "steps" : [ {
        "name" : "Click button \"RU\".",
        "time" : {
          "start" : 1751369504840,
          "stop" : 1751369504910,
          "duration" : 70
        },
        "status" : "passed",
        "steps" : [ ],
        "attachments" : [ ],
        "parameters" : [ ],
        "stepsCount" : 0,
        "attachmentsCount" : 0,
        "shouldDisplayMessage" : false,
        "hasContent" : false
      } ],
      "attachments" : [ ],
      "parameters" : [ ],
      "stepsCount" : 1,
      "attachmentsCount" : 0,
      "shouldDisplayMessage" : true,
      "hasContent" : true
    } ],
    "attachments" : [ ],
    "parameters" : [ ],
    "stepsCount" : 2,
    "attachmentsCount" : 0,
    "shouldDisplayMessage" : true,
    "hasContent" : true
  },
  "afterStages" : [ {
    "name" : "driver::0",
    "time" : {
      "start" : 1751369515203,
      "stop" : 1751369515274,
      "duration" : 71
    },
    "status" : "passed",
    "steps" : [ ],
    "attachments" : [ ],
    "parameters" : [ ],
    "stepsCount" : 0,
    "attachmentsCount" : 0,
    "shouldDisplayMessage" : false,
    "hasContent" : false
  } ],
  "labels" : [ {
    "name" : "suite",
    "value" : "Речевые упражнения."
  }, {
    "name" : "epic",
    "value" : "Speech exercises."
  }, {
    "name" : "tag",
    "value" : "@pytest.mark.xfail"
  }, {
    "name" : "parentSuite",
    "value" : "tests"
  }, {
    "name" : "subSuite",
    "value" : "TestCardsRU"
  }, {
    "name" : "host",
    "value" : "pkrvmbietmlfzoi"
  }, {
    "name" : "thread",
    "value" : "2611-MainThread"
  }, {
    "name" : "framework",
    "value" : "pytest"
  }, {
    "name" : "language",
    "value" : "cpython3"
  }, {
    "name" : "package",
    "value" : "tests.test_speech_exercises_ru"
  }, {
    "name" : "resultFormat",
    "value" : "allure2"
  } ],
  "parameters" : [ ],
  "links" : [ ],
  "hidden" : false,
  "retry" : false,
  "extra" : {
    "severity" : "normal",
    "retries" : [ ],
    "categories" : [ ],
    "history" : {
      "statistic" : {
        "failed" : 0,
        "broken" : 0,
        "skipped" : 150,
        "passed" : 97,
        "unknown" : 0,
        "total" : 247
      },
      "items" : [ {
        "uid" : "b809bf09479be75c",
        "reportUrl" : "https://Brain-up.github.io/auto-tests-python/412//#testresult/b809bf09479be75c",
        "status" : "skipped",
        "statusDetails" : "XFAIL\n\nselenium.common.exceptions.TimeoutException: Message: Can't find element by locator ('xpath', '//a[text()=\"Упражнения\"]')\nStacktrace:\n#0 0x555a6189145a <unknown>\n#1 0x555a61336760 <unknown>\n#2 0x555a61388127 <unknown>\n#3 0x555a61388321 <unknown>\n#4 0x555a613d6e94 <unknown>\n#5 0x555a613ade7d <unknown>\n#6 0x555a613d430b <unknown>\n#7 0x555a613adc23 <unknown>\n#8 0x555a6137a4a5 <unknown>\n#9 0x555a6137b111 <unknown>\n#10 0x555a61855f1b <unknown>\n#11 0x555a61859e19 <unknown>\n#12 0x555a6183cac9 <unknown>\n#13 0x555a6185a9c8 <unknown>\n#14 0x555a6182134f <unknown>\n#15 0x555a6187ea28 <unknown>\n#16 0x555a6187ec06 <unknown>\n#17 0x555a61890336 <unknown>\n#18 0x7fe42c09caa4 <unknown>\n#19 0x7fe42c129c3c <unknown>",
        "time" : {
          "start" : 1751334000412,
          "stop" : 1751334020548,
          "duration" : 20136
        }
      }, {
        "uid" : "247c4a11d8ba0773",
        "reportUrl" : "https://Brain-up.github.io/auto-tests-python/614//#testresult/247c4a11d8ba0773",
        "status" : "skipped",
        "statusDetails" : "XFAIL\n\nselenium.common.exceptions.TimeoutException: Message: Can't find element by locator ('xpath', '//a[text()=\"Упражнения\"]')\nStacktrace:\n#0 0x55d87d29a45a <unknown>\n#1 0x55d87cd3f760 <unknown>\n#2 0x55d87cd91127 <unknown>\n#3 0x55d87cd91321 <unknown>\n#4 0x55d87cddfe94 <unknown>\n#5 0x55d87cdb6e7d <unknown>\n#6 0x55d87cddd30b <unknown>\n#7 0x55d87cdb6c23 <unknown>\n#8 0x55d87cd834a5 <unknown>\n#9 0x55d87cd84111 <unknown>\n#10 0x55d87d25ef1b <unknown>\n#11 0x55d87d262e19 <unknown>\n#12 0x55d87d245ac9 <unknown>\n#13 0x55d87d2639c8 <unknown>\n#14 0x55d87d22a34f <unknown>\n#15 0x55d87d287a28 <unknown>\n#16 0x55d87d287c06 <unknown>\n#17 0x55d87d299336 <unknown>\n#18 0x7fa4fd49caa4 <unknown>\n#19 0x7fa4fd529c3c <unknown>",
        "time" : {
          "start" : 1751276141536,
          "stop" : 1751276161637,
          "duration" : 20101
        }
      }, {
        "uid" : "9430883e16f1a418",
        "reportUrl" : "https://Brain-up.github.io/auto-tests-python/411//#testresult/9430883e16f1a418",
        "status" : "skipped",
        "statusDetails" : "XFAIL\n\nselenium.common.exceptions.TimeoutException: Message: Can't find element by locator ('xpath', '//a[text()=\"Упражнения\"]')\nStacktrace:\n#0 0x557af54eb45a <unknown>\n#1 0x557af4f90760 <unknown>\n#2 0x557af4fe2127 <unknown>\n#3 0x557af4fe2321 <unknown>\n#4 0x557af5030e94 <unknown>\n#5 0x557af5007e7d <unknown>\n#6 0x557af502e30b <unknown>\n#7 0x557af5007c23 <unknown>\n#8 0x557af4fd44a5 <unknown>\n#9 0x557af4fd5111 <unknown>\n#10 0x557af54aff1b <unknown>\n#11 0x557af54b3e19 <unknown>\n#12 0x557af5496ac9 <unknown>\n#13 0x557af54b49c8 <unknown>\n#14 0x557af547b34f <unknown>\n#15 0x557af54d8a28 <unknown>\n#16 0x557af54d8c06 <unknown>\n#17 0x557af54ea336 <unknown>\n#18 0x7ffab9c9caa4 <unknown>\n#19 0x7ffab9d29c3c <unknown>",
        "time" : {
          "start" : 1751247401045,
          "stop" : 1751247421189,
          "duration" : 20144
        }
      }, {
        "uid" : "c57d3482b1788470",
        "reportUrl" : "https://Brain-up.github.io/auto-tests-python/613//#testresult/c57d3482b1788470",
        "status" : "skipped",
        "statusDetails" : "XFAIL\n\nselenium.common.exceptions.TimeoutException: Message: Can't find element by locator ('xpath', '//a[text()=\"Упражнения\"]')\nStacktrace:\n#0 0x559f4035645a <unknown>\n#1 0x559f3fdfb760 <unknown>\n#2 0x559f3fe4d127 <unknown>\n#3 0x559f3fe4d321 <unknown>\n#4 0x559f3fe9be94 <unknown>\n#5 0x559f3fe72e7d <unknown>\n#6 0x559f3fe9930b <unknown>\n#7 0x559f3fe72c23 <unknown>\n#8 0x559f3fe3f4a5 <unknown>\n#9 0x559f3fe40111 <unknown>\n#10 0x559f4031af1b <unknown>\n#11 0x559f4031ee19 <unknown>\n#12 0x559f40301ac9 <unknown>\n#13 0x559f4031f9c8 <unknown>\n#14 0x559f402e634f <unknown>\n#15 0x559f40343a28 <unknown>\n#16 0x559f40343c06 <unknown>\n#17 0x559f40355336 <unknown>\n#18 0x7fb4c949caa4 <unknown>\n#19 0x7fb4c9529c3c <unknown>",
        "time" : {
          "start" : 1751201490076,
          "stop" : 1751201510171,
          "duration" : 20095
        }
      }, {
        "uid" : "e157336c0106f270",
        "reportUrl" : "https://Brain-up.github.io/auto-tests-python/410//#testresult/e157336c0106f270",
        "status" : "skipped",
        "statusDetails" : "XFAIL\n\nselenium.common.exceptions.TimeoutException: Message: Can't find element by locator ('xpath', '//a[text()=\"Упражнения\"]')\nStacktrace:\n#0 0x55a20e5b245a <unknown>\n#1 0x55a20e057760 <unknown>\n#2 0x55a20e0a9127 <unknown>\n#3 0x55a20e0a9321 <unknown>\n#4 0x55a20e0f7e94 <unknown>\n#5 0x55a20e0cee7d <unknown>\n#6 0x55a20e0f530b <unknown>\n#7 0x55a20e0cec23 <unknown>\n#8 0x55a20e09b4a5 <unknown>\n#9 0x55a20e09c111 <unknown>\n#10 0x55a20e576f1b <unknown>\n#11 0x55a20e57ae19 <unknown>\n#12 0x55a20e55dac9 <unknown>\n#13 0x55a20e57b9c8 <unknown>\n#14 0x55a20e54234f <unknown>\n#15 0x55a20e59fa28 <unknown>\n#16 0x55a20e59fc06 <unknown>\n#17 0x55a20e5b1336 <unknown>\n#18 0x7f650129caa4 <unknown>\n#19 0x7f6501329c3c <unknown>",
        "time" : {
          "start" : 1751161212077,
          "stop" : 1751161232179,
          "duration" : 20102
        }
      }, {
        "uid" : "6a0309e7dcae5e41",
        "reportUrl" : "https://Brain-up.github.io/auto-tests-python/612//#testresult/6a0309e7dcae5e41",
        "status" : "skipped",
        "statusDetails" : "XFAIL\n\nselenium.common.exceptions.TimeoutException: Message: Can't find element by locator ('xpath', '//a[text()=\"Упражнения\"]')\nStacktrace:\n#0 0x560690b0445a <unknown>\n#1 0x5606905a9760 <unknown>\n#2 0x5606905fb127 <unknown>\n#3 0x5606905fb321 <unknown>\n#4 0x560690649e94 <unknown>\n#5 0x560690620e7d <unknown>\n#6 0x56069064730b <unknown>\n#7 0x560690620c23 <unknown>\n#8 0x5606905ed4a5 <unknown>\n#9 0x5606905ee111 <unknown>\n#10 0x560690ac8f1b <unknown>\n#11 0x560690acce19 <unknown>\n#12 0x560690aafac9 <unknown>\n#13 0x560690acd9c8 <unknown>\n#14 0x560690a9434f <unknown>\n#15 0x560690af1a28 <unknown>\n#16 0x560690af1c06 <unknown>\n#17 0x560690b03336 <unknown>\n#18 0x7f806b09caa4 <unknown>\n#19 0x7f806b129c3c <unknown>",
        "time" : {
          "start" : 1751090533392,
          "stop" : 1751090553477,
          "duration" : 20085
        }
      }, {
        "uid" : "847c0df604558c17",
        "reportUrl" : "https://Brain-up.github.io/auto-tests-python/409//#testresult/847c0df604558c17",
        "status" : "skipped",
        "statusDetails" : "XFAIL\n\nselenium.common.exceptions.TimeoutException: Message: Can't find element by locator ('xpath', '//a[text()=\"Упражнения\"]')\nStacktrace:\n#0 0x55ccb034345a <unknown>\n#1 0x55ccafde8760 <unknown>\n#2 0x55ccafe3a127 <unknown>\n#3 0x55ccafe3a321 <unknown>\n#4 0x55ccafe88e94 <unknown>\n#5 0x55ccafe5fe7d <unknown>\n#6 0x55ccafe8630b <unknown>\n#7 0x55ccafe5fc23 <unknown>\n#8 0x55ccafe2c4a5 <unknown>\n#9 0x55ccafe2d111 <unknown>\n#10 0x55ccb0307f1b <unknown>\n#11 0x55ccb030be19 <unknown>\n#12 0x55ccb02eeac9 <unknown>\n#13 0x55ccb030c9c8 <unknown>\n#14 0x55ccb02d334f <unknown>\n#15 0x55ccb0330a28 <unknown>\n#16 0x55ccb0330c06 <unknown>\n#17 0x55ccb0342336 <unknown>\n#18 0x7f1bc969caa4 <unknown>\n#19 0x7f1bc9729c3c <unknown>",
        "time" : {
          "start" : 1751074274012,
          "stop" : 1751074294177,
          "duration" : 20165
        }
      }, {
        "uid" : "8b3134196d228937",
        "reportUrl" : "https://Brain-up.github.io/auto-tests-python/611//#testresult/8b3134196d228937",
        "status" : "skipped",
        "statusDetails" : "XFAIL\n\nselenium.common.exceptions.TimeoutException: Message: Can't find element by locator ('xpath', '//a[text()=\"Упражнения\"]')\nStacktrace:\n#0 0x55cf0852045a <unknown>\n#1 0x55cf07fc5760 <unknown>\n#2 0x55cf08017127 <unknown>\n#3 0x55cf08017321 <unknown>\n#4 0x55cf08065e94 <unknown>\n#5 0x55cf0803ce7d <unknown>\n#6 0x55cf0806330b <unknown>\n#7 0x55cf0803cc23 <unknown>\n#8 0x55cf080094a5 <unknown>\n#9 0x55cf0800a111 <unknown>\n#10 0x55cf084e4f1b <unknown>\n#11 0x55cf084e8e19 <unknown>\n#12 0x55cf084cbac9 <unknown>\n#13 0x55cf084e99c8 <unknown>\n#14 0x55cf084b034f <unknown>\n#15 0x55cf0850da28 <unknown>\n#16 0x55cf0850dc06 <unknown>\n#17 0x55cf0851f336 <unknown>\n#18 0x7fa5fc89caa4 <unknown>\n#19 0x7fa5fc929c3c <unknown>",
        "time" : {
          "start" : 1751023630053,
          "stop" : 1751023650135,
          "duration" : 20082
        }
      }, {
        "uid" : "a1072eb1385e5001",
        "reportUrl" : "https://Brain-up.github.io/auto-tests-python/408//#testresult/a1072eb1385e5001",
        "status" : "skipped",
        "statusDetails" : "XFAIL\n\nselenium.common.exceptions.TimeoutException: Message: Can't find element by locator ('xpath', '//a[text()=\"Упражнения\"]')\nStacktrace:\n#0 0x559c1a21945a <unknown>\n#1 0x559c19cbe760 <unknown>\n#2 0x559c19d10127 <unknown>\n#3 0x559c19d10321 <unknown>\n#4 0x559c19d5ee94 <unknown>\n#5 0x559c19d35e7d <unknown>\n#6 0x559c19d5c30b <unknown>\n#7 0x559c19d35c23 <unknown>\n#8 0x559c19d024a5 <unknown>\n#9 0x559c19d03111 <unknown>\n#10 0x559c1a1ddf1b <unknown>\n#11 0x559c1a1e1e19 <unknown>\n#12 0x559c1a1c4ac9 <unknown>\n#13 0x559c1a1e29c8 <unknown>\n#14 0x559c1a1a934f <unknown>\n#15 0x559c1a206a28 <unknown>\n#16 0x559c1a206c06 <unknown>\n#17 0x559c1a218336 <unknown>\n#18 0x7f941669caa4 <unknown>\n#19 0x7f9416729c3c <unknown>",
        "time" : {
          "start" : 1750988207036,
          "stop" : 1750988227145,
          "duration" : 20109
        }
      }, {
        "uid" : "a6ea0e3823b14a1c",
        "reportUrl" : "https://Brain-up.github.io/auto-tests-python/610//#testresult/a6ea0e3823b14a1c",
        "status" : "skipped",
        "statusDetails" : "XFAIL\n\nselenium.common.exceptions.TimeoutException: Message: Can't find element by locator ('xpath', '//a[text()=\"Упражнения\"]')\nStacktrace:\n#0 0x55e9d6f8945a <unknown>\n#1 0x55e9d6a2e760 <unknown>\n#2 0x55e9d6a80127 <unknown>\n#3 0x55e9d6a80321 <unknown>\n#4 0x55e9d6acee94 <unknown>\n#5 0x55e9d6aa5e7d <unknown>\n#6 0x55e9d6acc30b <unknown>\n#7 0x55e9d6aa5c23 <unknown>\n#8 0x55e9d6a724a5 <unknown>\n#9 0x55e9d6a73111 <unknown>\n#10 0x55e9d6f4df1b <unknown>\n#11 0x55e9d6f51e19 <unknown>\n#12 0x55e9d6f34ac9 <unknown>\n#13 0x55e9d6f529c8 <unknown>\n#14 0x55e9d6f1934f <unknown>\n#15 0x55e9d6f76a28 <unknown>\n#16 0x55e9d6f76c06 <unknown>\n#17 0x55e9d6f88336 <unknown>\n#18 0x7f27a5e9caa4 <unknown>\n#19 0x7f27a5f29c3c <unknown>",
        "time" : {
          "start" : 1750932923074,
          "stop" : 1750932943190,
          "duration" : 20116
        }
      }, {
        "uid" : "459983efe1cd80cb",
        "reportUrl" : "https://Brain-up.github.io/auto-tests-python/407//#testresult/459983efe1cd80cb",
        "status" : "skipped",
        "statusDetails" : "XFAIL\n\nselenium.common.exceptions.TimeoutException: Message: Can't find element by locator ('xpath', '//a[text()=\"Упражнения\"]')\nStacktrace:\n#0 0x55df2d99c45a <unknown>\n#1 0x55df2d441760 <unknown>\n#2 0x55df2d493127 <unknown>\n#3 0x55df2d493321 <unknown>\n#4 0x55df2d4e1e94 <unknown>\n#5 0x55df2d4b8e7d <unknown>\n#6 0x55df2d4df30b <unknown>\n#7 0x55df2d4b8c23 <unknown>\n#8 0x55df2d4854a5 <unknown>\n#9 0x55df2d486111 <unknown>\n#10 0x55df2d960f1b <unknown>\n#11 0x55df2d964e19 <unknown>\n#12 0x55df2d947ac9 <unknown>\n#13 0x55df2d9659c8 <unknown>\n#14 0x55df2d92c34f <unknown>\n#15 0x55df2d989a28 <unknown>\n#16 0x55df2d989c06 <unknown>\n#17 0x55df2d99b336 <unknown>\n#18 0x7f9111e9caa4 <unknown>\n#19 0x7f9111f29c3c <unknown>",
        "time" : {
          "start" : 1750901490016,
          "stop" : 1750901510595,
          "duration" : 20579
        }
      }, {
        "uid" : "181d204746309fa2",
        "reportUrl" : "https://Brain-up.github.io/auto-tests-python/609//#testresult/181d204746309fa2",
        "status" : "skipped",
        "statusDetails" : "XFAIL\n\nselenium.common.exceptions.TimeoutException: Message: Can't find element by locator ('xpath', '//a[text()=\"Упражнения\"]')\nStacktrace:\n#0 0x56119285029a <unknown>\n#1 0x5611922bc040 <unknown>\n#2 0x56119230d990 <unknown>\n#3 0x56119230db81 <unknown>\n#4 0x56119235c664 <unknown>\n#5 0x5611923336bd <unknown>\n#6 0x561192359ace <unknown>\n#7 0x561192333463 <unknown>\n#8 0x5611922ffc55 <unknown>\n#9 0x5611923008c1 <unknown>\n#10 0x5611928151bb <unknown>\n#11 0x5611928190c9 <unknown>\n#12 0x5611927fda39 <unknown>\n#13 0x561192819c78 <unknown>\n#14 0x5611927e26bf <unknown>\n#15 0x56119283d948 <unknown>\n#16 0x56119283db26 <unknown>\n#17 0x56119284f176 <unknown>\n#18 0x7f466329caa4 <unknown>\n#19 0x7f4663329c3c <unknown>",
        "time" : {
          "start" : 1750852888831,
          "stop" : 1750852908974,
          "duration" : 20143
        }
      }, {
        "uid" : "39ed1e4fff8844e5",
        "reportUrl" : "https://Brain-up.github.io/auto-tests-python/406//#testresult/39ed1e4fff8844e5",
        "status" : "skipped",
        "statusDetails" : "XFAIL\n\nselenium.common.exceptions.TimeoutException: Message: Can't find element by locator ('xpath', '//a[text()=\"Упражнения\"]')\nStacktrace:\n#0 0x55a4689f129a <unknown>\n#1 0x55a46845d040 <unknown>\n#2 0x55a4684ae990 <unknown>\n#3 0x55a4684aeb81 <unknown>\n#4 0x55a4684fd664 <unknown>\n#5 0x55a4684d46bd <unknown>\n#6 0x55a4684faace <unknown>\n#7 0x55a4684d4463 <unknown>\n#8 0x55a4684a0c55 <unknown>\n#9 0x55a4684a18c1 <unknown>\n#10 0x55a4689b61bb <unknown>\n#11 0x55a4689ba0c9 <unknown>\n#12 0x55a46899ea39 <unknown>\n#13 0x55a4689bac78 <unknown>\n#14 0x55a4689836bf <unknown>\n#15 0x55a4689de948 <unknown>\n#16 0x55a4689deb26 <unknown>\n#17 0x55a4689f0176 <unknown>\n#18 0x7f5aebc9caa4 <unknown>\n#19 0x7f5aebd29c3c <unknown>",
        "time" : {
          "start" : 1750815010937,
          "stop" : 1750815031028,
          "duration" : 20091
        }
      }, {
        "uid" : "52562c2121662006",
        "reportUrl" : "https://Brain-up.github.io/auto-tests-python/608//#testresult/52562c2121662006",
        "status" : "skipped",
        "statusDetails" : "XFAIL\n\nselenium.common.exceptions.TimeoutException: Message: Can't find element by locator ('xpath', '//a[text()=\"Упражнения\"]')\nStacktrace:\n#0 0x5572fddb229a <unknown>\n#1 0x5572fd81e040 <unknown>\n#2 0x5572fd86f990 <unknown>\n#3 0x5572fd86fb81 <unknown>\n#4 0x5572fd8be664 <unknown>\n#5 0x5572fd8956bd <unknown>\n#6 0x5572fd8bbace <unknown>\n#7 0x5572fd895463 <unknown>\n#8 0x5572fd861c55 <unknown>\n#9 0x5572fd8628c1 <unknown>\n#10 0x5572fdd771bb <unknown>\n#11 0x5572fdd7b0c9 <unknown>\n#12 0x5572fdd5fa39 <unknown>\n#13 0x5572fdd7bc78 <unknown>\n#14 0x5572fdd446bf <unknown>\n#15 0x5572fdd9f948 <unknown>\n#16 0x5572fdd9fb26 <unknown>\n#17 0x5572fddb1176 <unknown>\n#18 0x7fe24709caa4 <unknown>\n#19 0x7fe247129c3c <unknown>",
        "time" : {
          "start" : 1750760043801,
          "stop" : 1750760063903,
          "duration" : 20102
        }
      }, {
        "uid" : "19fe5dfd14886fde",
        "reportUrl" : "https://Brain-up.github.io/auto-tests-python/405//#testresult/19fe5dfd14886fde",
        "status" : "skipped",
        "statusDetails" : "XFAIL\n\nselenium.common.exceptions.TimeoutException: Message: Can't find element by locator ('xpath', '//a[text()=\"Упражнения\"]')\nStacktrace:\n#0 0x55e7ab7f129a <unknown>\n#1 0x55e7ab25d040 <unknown>\n#2 0x55e7ab2ae990 <unknown>\n#3 0x55e7ab2aeb81 <unknown>\n#4 0x55e7ab2fd664 <unknown>\n#5 0x55e7ab2d46bd <unknown>\n#6 0x55e7ab2faace <unknown>\n#7 0x55e7ab2d4463 <unknown>\n#8 0x55e7ab2a0c55 <unknown>\n#9 0x55e7ab2a18c1 <unknown>\n#10 0x55e7ab7b61bb <unknown>\n#11 0x55e7ab7ba0c9 <unknown>\n#12 0x55e7ab79ea39 <unknown>\n#13 0x55e7ab7bac78 <unknown>\n#14 0x55e7ab7836bf <unknown>\n#15 0x55e7ab7de948 <unknown>\n#16 0x55e7ab7deb26 <unknown>\n#17 0x55e7ab7f0176 <unknown>\n#18 0x7f2738c9caa4 <unknown>\n#19 0x7f2738d29c3c <unknown>",
        "time" : {
          "start" : 1750728686405,
          "stop" : 1750728706515,
          "duration" : 20110
        }
      }, {
        "uid" : "96251bd70e06095c",
        "reportUrl" : "https://Brain-up.github.io/auto-tests-python/607//#testresult/96251bd70e06095c",
        "status" : "skipped",
        "statusDetails" : "XFAIL\n\nselenium.common.exceptions.TimeoutException: Message: Can't find element by locator https://www.brainup.site/groups",
        "time" : {
          "start" : 1750679458492,
          "stop" : 1750679458492,
          "duration" : 0
        }
      }, {
        "uid" : "e4f2f5202b573d77",
        "reportUrl" : "https://Brain-up.github.io/auto-tests-python/404//#testresult/e4f2f5202b573d77",
        "status" : "skipped",
        "statusDetails" : "XFAIL\n\nselenium.common.exceptions.TimeoutException: Message: Can't find element by locator ('xpath', '//a[text()=\"Упражнения\"]')\nStacktrace:\n#0 0x55879ad2429a <unknown>\n#1 0x55879a790040 <unknown>\n#2 0x55879a7e1990 <unknown>\n#3 0x55879a7e1b81 <unknown>\n#4 0x55879a830664 <unknown>\n#5 0x55879a8076bd <unknown>\n#6 0x55879a82dace <unknown>\n#7 0x55879a807463 <unknown>\n#8 0x55879a7d3c55 <unknown>\n#9 0x55879a7d48c1 <unknown>\n#10 0x55879ace91bb <unknown>\n#11 0x55879aced0c9 <unknown>\n#12 0x55879acd1a39 <unknown>\n#13 0x55879acedc78 <unknown>\n#14 0x55879acb66bf <unknown>\n#15 0x55879ad11948 <unknown>\n#16 0x55879ad11b26 <unknown>\n#17 0x55879ad23176 <unknown>\n#18 0x7f6b31e9caa4 <unknown>\n#19 0x7f6b31f29c3c <unknown>",
        "time" : {
          "start" : 1750642581760,
          "stop" : 1750642601835,
          "duration" : 20075
        }
      }, {
        "uid" : "1d4b27910f859e1d",
        "reportUrl" : "https://Brain-up.github.io/auto-tests-python/606//#testresult/1d4b27910f859e1d",
        "status" : "skipped",
        "statusDetails" : "XFAIL\n\nselenium.common.exceptions.TimeoutException: Message: Can't find element by locator ('xpath', '//a[text()=\"Упражнения\"]')\nStacktrace:\n#0 0x5614b0c6a29a <unknown>\n#1 0x5614b06d6040 <unknown>\n#2 0x5614b0727990 <unknown>\n#3 0x5614b0727b81 <unknown>\n#4 0x5614b0776664 <unknown>\n#5 0x5614b074d6bd <unknown>\n#6 0x5614b0773ace <unknown>\n#7 0x5614b074d463 <unknown>\n#8 0x5614b0719c55 <unknown>\n#9 0x5614b071a8c1 <unknown>\n#10 0x5614b0c2f1bb <unknown>\n#11 0x5614b0c330c9 <unknown>\n#12 0x5614b0c17a39 <unknown>\n#13 0x5614b0c33c78 <unknown>\n#14 0x5614b0bfc6bf <unknown>\n#15 0x5614b0c57948 <unknown>\n#16 0x5614b0c57b26 <unknown>\n#17 0x5614b0c69176 <unknown>\n#18 0x7f7390c9caa4 <unknown>\n#19 0x7f7390d29c3c <unknown>",
        "time" : {
          "start" : 1750595833393,
          "stop" : 1750595853501,
          "duration" : 20108
        }
      }, {
        "uid" : "d9a4d5cdb08d1668",
        "reportUrl" : "https://Brain-up.github.io/auto-tests-python/403//#testresult/d9a4d5cdb08d1668",
        "status" : "skipped",
        "statusDetails" : "XFAIL\n\nselenium.common.exceptions.TimeoutException: Message: Can't find element by locator ('xpath', '//a[text()=\"Упражнения\"]')\nStacktrace:\n#0 0x55c9ad83829a <unknown>\n#1 0x55c9ad2a4040 <unknown>\n#2 0x55c9ad2f5990 <unknown>\n#3 0x55c9ad2f5b81 <unknown>\n#4 0x55c9ad344664 <unknown>\n#5 0x55c9ad31b6bd <unknown>\n#6 0x55c9ad341ace <unknown>\n#7 0x55c9ad31b463 <unknown>\n#8 0x55c9ad2e7c55 <unknown>\n#9 0x55c9ad2e88c1 <unknown>\n#10 0x55c9ad7fd1bb <unknown>\n#11 0x55c9ad8010c9 <unknown>\n#12 0x55c9ad7e5a39 <unknown>\n#13 0x55c9ad801c78 <unknown>\n#14 0x55c9ad7ca6bf <unknown>\n#15 0x55c9ad825948 <unknown>\n#16 0x55c9ad825b26 <unknown>\n#17 0x55c9ad837176 <unknown>\n#18 0x7f077809caa4 <unknown>\n#19 0x7f0778129c3c <unknown>",
        "time" : {
          "start" : 1750556439260,
          "stop" : 1750556459350,
          "duration" : 20090
        }
      }, {
        "uid" : "4fab00d569ab1332",
        "reportUrl" : "https://Brain-up.github.io/auto-tests-python/605//#testresult/4fab00d569ab1332",
        "status" : "skipped",
        "statusDetails" : "XFAIL\n\nselenium.common.exceptions.TimeoutException: Message: Can't find element by locator ('xpath', '//a[text()=\"Упражнения\"]')\nStacktrace:\n#0 0x55d95b39c29a <unknown>\n#1 0x55d95ae08040 <unknown>\n#2 0x55d95ae59990 <unknown>\n#3 0x55d95ae59b81 <unknown>\n#4 0x55d95aea8664 <unknown>\n#5 0x55d95ae7f6bd <unknown>\n#6 0x55d95aea5ace <unknown>\n#7 0x55d95ae7f463 <unknown>\n#8 0x55d95ae4bc55 <unknown>\n#9 0x55d95ae4c8c1 <unknown>\n#10 0x55d95b3611bb <unknown>\n#11 0x55d95b3650c9 <unknown>\n#12 0x55d95b349a39 <unknown>\n#13 0x55d95b365c78 <unknown>\n#14 0x55d95b32e6bf <unknown>\n#15 0x55d95b389948 <unknown>\n#16 0x55d95b389b26 <unknown>\n#17 0x55d95b39b176 <unknown>\n#18 0x7fbee349caa4 <unknown>\n#19 0x7fbee3529c3c <unknown>",
        "time" : {
          "start" : 1750504891261,
          "stop" : 1750504911346,
          "duration" : 20085
        }
      } ]
    },
    "tags" : [ "@pytest.mark.xfail" ]
  },
  "source" : "eea5407c369ec447.json",
  "parameterValues" : [ ]
}