{
  "uid" : "9ca6a6ecc06a608a",
  "name" : "Solutions to a random task in the \"Слова\" .",
  "fullName" : "tests.test_speech_exercises_ru.TestCardsRU#test_solve_word_cards_ru",
  "historyId" : "97a1dfc93de55b98f3507f18d0af26f8",
  "time" : {
    "start" : 1752002887165,
    "stop" : 1752002897535,
    "duration" : 10370
  },
  "status" : "skipped",
  "statusMessage" : "XFAIL\n\nselenium.common.exceptions.TimeoutException: Message: Can't find element by locator ('xpath', '//a[text()=\"Упражнения\"]')\nStacktrace:\n#0 0x5572763ad45a <unknown>\n#1 0x557275e52760 <unknown>\n#2 0x557275ea4127 <unknown>\n#3 0x557275ea4321 <unknown>\n#4 0x557275ef2e94 <unknown>\n#5 0x557275ec9e7d <unknown>\n#6 0x557275ef030b <unknown>\n#7 0x557275ec9c23 <unknown>\n#8 0x557275e964a5 <unknown>\n#9 0x557275e97111 <unknown>\n#10 0x557276371f1b <unknown>\n#11 0x557276375e19 <unknown>\n#12 0x557276358ac9 <unknown>\n#13 0x5572763769c8 <unknown>\n#14 0x55727633d34f <unknown>\n#15 0x55727639aa28 <unknown>\n#16 0x55727639ac06 <unknown>\n#17 0x5572763ac336 <unknown>\n#18 0x7f112869caa4 <unknown>\n#19 0x7f1128729c3c <unknown>",
  "statusTrace" : "self = <tests.test_speech_exercises_ru.TestCardsRU object at 0x7f460badb770>\ndriver = <selenium.webdriver.chrome.webdriver.WebDriver (session=\"d6f8a94ec493611ff23caf82263eb3f8\")>\ndefault_user_authorized = None\n\n    @pytest.mark.xfail\n    @allure.suite(\"Речевые упражнения.\")\n    @allure.title('Solutions to a random task in the \"Слова\" .')\n    def test_solve_word_cards_ru(self, driver, default_user_authorized):\n        page = SpeechExercisesPageRU(driver)\n>       page.click_button_exercises()\n\ntests/test_speech_exercises_ru.py:124: \n_ _ _ _ _ _ _ _ _ _ _ _ _ _ _ _ _ _ _ _ _ _ _ _ _ _ _ _ _ _ _ _ _ _ _ _ _ _ _ _ \npages/speech_exercises_page_ru.py:199: in click_button_exercises\n    button = self.element_is_present_and_clickable(self.locators.AuthorizedUserHomePageLocators.BUTTON_EXERCISES_RU)\npages/base_page.py:40: in element_is_present_and_clickable\n    return (Wait(self.driver, self.timeout).until(\n_ _ _ _ _ _ _ _ _ _ _ _ _ _ _ _ _ _ _ _ _ _ _ _ _ _ _ _ _ _ _ _ _ _ _ _ _ _ _ _ \n\nself = <selenium.webdriver.support.wait.WebDriverWait (session=\"d6f8a94ec493611ff23caf82263eb3f8\")>\nmethod = <function visibility_of_element_located.<locals>._predicate at 0x7f460ba02700>\nmessage = 'Can\\'t find element by locator (\\'xpath\\', \\'//a[text()=\"Упражнения\"]\\')'\n\n    def until(self, method, message: str = \"\"):\n        \"\"\"Calls the method provided with the driver as an argument until the \\\n        return value does not evaluate to ``False``.\n    \n        :param method: callable(WebDriver)\n        :param message: optional message for :exc:`TimeoutException`\n        :returns: the result of the last call to `method`\n        :raises: :exc:`selenium.common.exceptions.TimeoutException` if timeout occurs\n        \"\"\"\n        screen = None\n        stacktrace = None\n    \n        end_time = time.monotonic() + self._timeout\n        while True:\n            try:\n                value = method(self._driver)\n                if value:\n                    return value\n            except self._ignored_exceptions as exc:\n                screen = getattr(exc, \"screen\", None)\n                stacktrace = getattr(exc, \"stacktrace\", None)\n            time.sleep(self._poll)\n            if time.monotonic() > end_time:\n                break\n>       raise TimeoutException(message, screen, stacktrace)\nE       selenium.common.exceptions.TimeoutException: Message: Can't find element by locator ('xpath', '//a[text()=\"Упражнения\"]')\nE       Stacktrace:\nE       #0 0x5572763ad45a <unknown>\nE       #1 0x557275e52760 <unknown>\nE       #2 0x557275ea4127 <unknown>\nE       #3 0x557275ea4321 <unknown>\nE       #4 0x557275ef2e94 <unknown>\nE       #5 0x557275ec9e7d <unknown>\nE       #6 0x557275ef030b <unknown>\nE       #7 0x557275ec9c23 <unknown>\nE       #8 0x557275e964a5 <unknown>\nE       #9 0x557275e97111 <unknown>\nE       #10 0x557276371f1b <unknown>\nE       #11 0x557276375e19 <unknown>\nE       #12 0x557276358ac9 <unknown>\nE       #13 0x5572763769c8 <unknown>\nE       #14 0x55727633d34f <unknown>\nE       #15 0x55727639aa28 <unknown>\nE       #16 0x55727639ac06 <unknown>\nE       #17 0x5572763ac336 <unknown>\nE       #18 0x7f112869caa4 <unknown>\nE       #19 0x7f1128729c3c <unknown>\n\n/opt/hostedtoolcache/Python/3.12.11/x64/lib/python3.12/site-packages/selenium/webdriver/support/wait.py:95: TimeoutException",
  "flaky" : false,
  "newFailed" : false,
  "beforeStages" : [ {
    "name" : "default_user_authorized",
    "time" : {
      "start" : 1752002884682,
      "stop" : 1752002887165,
      "duration" : 2483
    },
    "status" : "passed",
    "steps" : [ {
      "name" : "DEFAULT user authorized",
      "time" : {
        "start" : 1752002884682,
        "stop" : 1752002887165,
        "duration" : 2483
      },
      "status" : "passed",
      "steps" : [ {
        "name" : "Check url is present: https://www.brainup.site/groups",
        "time" : {
          "start" : 1752002885121,
          "stop" : 1752002887141,
          "duration" : 2020
        },
        "status" : "passed",
        "steps" : [ ],
        "attachments" : [ ],
        "parameters" : [ ],
        "stepsCount" : 0,
        "attachmentsCount" : 0,
        "shouldDisplayMessage" : false,
        "hasContent" : false
      }, {
        "name" : "Loader checking",
        "time" : {
          "start" : 1752002887141,
          "stop" : 1752002887165,
          "duration" : 24
        },
        "status" : "passed",
        "steps" : [ ],
        "attachments" : [ ],
        "parameters" : [ ],
        "stepsCount" : 0,
        "attachmentsCount" : 0,
        "shouldDisplayMessage" : false,
        "hasContent" : false
      } ],
      "attachments" : [ ],
      "parameters" : [ {
        "name" : "driver",
        "value" : "<selenium.webdriver.chrome.webdriver.WebDriver (session=\"d6f8a94ec493611ff23caf82263eb3f8\")>"
      }, {
        "name" : "main_page_open",
        "value" : "None"
      } ],
      "stepsCount" : 2,
      "attachmentsCount" : 0,
      "shouldDisplayMessage" : false,
      "hasContent" : true
    } ],
    "attachments" : [ ],
    "parameters" : [ ],
    "stepsCount" : 3,
    "attachmentsCount" : 0,
    "shouldDisplayMessage" : false,
    "hasContent" : true
  }, {
    "name" : "main_page_open",
    "time" : {
      "start" : 1752002881925,
      "stop" : 1752002884682,
      "duration" : 2757
    },
    "status" : "passed",
    "steps" : [ {
      "name" : "Open page: https://www.brainup.site/",
      "time" : {
        "start" : 1752002881925,
        "stop" : 1752002884682,
        "duration" : 2757
      },
      "status" : "passed",
      "steps" : [ ],
      "attachments" : [ ],
      "parameters" : [ {
        "name" : "driver",
        "value" : "<selenium.webdriver.chrome.webdriver.WebDriver (session=\"d6f8a94ec493611ff23caf82263eb3f8\")>"
      } ],
      "stepsCount" : 0,
      "attachmentsCount" : 0,
      "shouldDisplayMessage" : false,
      "hasContent" : true
    } ],
    "attachments" : [ ],
    "parameters" : [ ],
    "stepsCount" : 1,
    "attachmentsCount" : 0,
    "shouldDisplayMessage" : false,
    "hasContent" : true
  }, {
    "name" : "driver",
    "time" : {
      "start" : 1752002881077,
      "stop" : 1752002881925,
      "duration" : 848
    },
    "status" : "passed",
    "steps" : [ ],
    "attachments" : [ ],
    "parameters" : [ ],
    "stepsCount" : 0,
    "attachmentsCount" : 0,
    "shouldDisplayMessage" : false,
    "hasContent" : false
  }, {
    "name" : "clear_allure_results_folder",
    "time" : {
      "start" : 1752001572718,
      "stop" : 1752001572718,
      "duration" : 0
    },
    "status" : "passed",
    "steps" : [ ],
    "attachments" : [ ],
    "parameters" : [ ],
    "stepsCount" : 0,
    "attachmentsCount" : 0,
    "shouldDisplayMessage" : false,
    "hasContent" : false
  } ],
  "testStage" : {
    "status" : "skipped",
    "statusMessage" : "XFAIL\n\nselenium.common.exceptions.TimeoutException: Message: Can't find element by locator ('xpath', '//a[text()=\"Упражнения\"]')\nStacktrace:\n#0 0x5572763ad45a <unknown>\n#1 0x557275e52760 <unknown>\n#2 0x557275ea4127 <unknown>\n#3 0x557275ea4321 <unknown>\n#4 0x557275ef2e94 <unknown>\n#5 0x557275ec9e7d <unknown>\n#6 0x557275ef030b <unknown>\n#7 0x557275ec9c23 <unknown>\n#8 0x557275e964a5 <unknown>\n#9 0x557275e97111 <unknown>\n#10 0x557276371f1b <unknown>\n#11 0x557276375e19 <unknown>\n#12 0x557276358ac9 <unknown>\n#13 0x5572763769c8 <unknown>\n#14 0x55727633d34f <unknown>\n#15 0x55727639aa28 <unknown>\n#16 0x55727639ac06 <unknown>\n#17 0x5572763ac336 <unknown>\n#18 0x7f112869caa4 <unknown>\n#19 0x7f1128729c3c <unknown>",
    "statusTrace" : "self = <tests.test_speech_exercises_ru.TestCardsRU object at 0x7f460badb770>\ndriver = <selenium.webdriver.chrome.webdriver.WebDriver (session=\"d6f8a94ec493611ff23caf82263eb3f8\")>\ndefault_user_authorized = None\n\n    @pytest.mark.xfail\n    @allure.suite(\"Речевые упражнения.\")\n    @allure.title('Solutions to a random task in the \"Слова\" .')\n    def test_solve_word_cards_ru(self, driver, default_user_authorized):\n        page = SpeechExercisesPageRU(driver)\n>       page.click_button_exercises()\n\ntests/test_speech_exercises_ru.py:124: \n_ _ _ _ _ _ _ _ _ _ _ _ _ _ _ _ _ _ _ _ _ _ _ _ _ _ _ _ _ _ _ _ _ _ _ _ _ _ _ _ \npages/speech_exercises_page_ru.py:199: in click_button_exercises\n    button = self.element_is_present_and_clickable(self.locators.AuthorizedUserHomePageLocators.BUTTON_EXERCISES_RU)\npages/base_page.py:40: in element_is_present_and_clickable\n    return (Wait(self.driver, self.timeout).until(\n_ _ _ _ _ _ _ _ _ _ _ _ _ _ _ _ _ _ _ _ _ _ _ _ _ _ _ _ _ _ _ _ _ _ _ _ _ _ _ _ \n\nself = <selenium.webdriver.support.wait.WebDriverWait (session=\"d6f8a94ec493611ff23caf82263eb3f8\")>\nmethod = <function visibility_of_element_located.<locals>._predicate at 0x7f460ba02700>\nmessage = 'Can\\'t find element by locator (\\'xpath\\', \\'//a[text()=\"Упражнения\"]\\')'\n\n    def until(self, method, message: str = \"\"):\n        \"\"\"Calls the method provided with the driver as an argument until the \\\n        return value does not evaluate to ``False``.\n    \n        :param method: callable(WebDriver)\n        :param message: optional message for :exc:`TimeoutException`\n        :returns: the result of the last call to `method`\n        :raises: :exc:`selenium.common.exceptions.TimeoutException` if timeout occurs\n        \"\"\"\n        screen = None\n        stacktrace = None\n    \n        end_time = time.monotonic() + self._timeout\n        while True:\n            try:\n                value = method(self._driver)\n                if value:\n                    return value\n            except self._ignored_exceptions as exc:\n                screen = getattr(exc, \"screen\", None)\n                stacktrace = getattr(exc, \"stacktrace\", None)\n            time.sleep(self._poll)\n            if time.monotonic() > end_time:\n                break\n>       raise TimeoutException(message, screen, stacktrace)\nE       selenium.common.exceptions.TimeoutException: Message: Can't find element by locator ('xpath', '//a[text()=\"Упражнения\"]')\nE       Stacktrace:\nE       #0 0x5572763ad45a <unknown>\nE       #1 0x557275e52760 <unknown>\nE       #2 0x557275ea4127 <unknown>\nE       #3 0x557275ea4321 <unknown>\nE       #4 0x557275ef2e94 <unknown>\nE       #5 0x557275ec9e7d <unknown>\nE       #6 0x557275ef030b <unknown>\nE       #7 0x557275ec9c23 <unknown>\nE       #8 0x557275e964a5 <unknown>\nE       #9 0x557275e97111 <unknown>\nE       #10 0x557276371f1b <unknown>\nE       #11 0x557276375e19 <unknown>\nE       #12 0x557276358ac9 <unknown>\nE       #13 0x5572763769c8 <unknown>\nE       #14 0x55727633d34f <unknown>\nE       #15 0x55727639aa28 <unknown>\nE       #16 0x55727639ac06 <unknown>\nE       #17 0x5572763ac336 <unknown>\nE       #18 0x7f112869caa4 <unknown>\nE       #19 0x7f1128729c3c <unknown>\n\n/opt/hostedtoolcache/Python/3.12.11/x64/lib/python3.12/site-packages/selenium/webdriver/support/wait.py:95: TimeoutException",
    "steps" : [ {
      "name" : "Click button \"Упражнения\".",
      "time" : {
        "start" : 1752002887165,
        "stop" : 1752002897535,
        "duration" : 10370
      },
      "status" : "broken",
      "statusMessage" : "selenium.common.exceptions.TimeoutException: Message: Can't find element by locator ('xpath', '//a[text()=\"Упражнения\"]')\nStacktrace:\n#0 0x5572763ad45a <unknown>\n#1 0x557275e52760 <unknown>\n#2 0x557275ea4127 <unknown>\n#3 0x557275ea4321 <unknown>\n#4 0x557275ef2e94 <unknown>\n#5 0x557275ec9e7d <unknown>\n#6 0x557275ef030b <unknown>\n#7 0x557275ec9c23 <unknown>\n#8 0x557275e964a5 <unknown>\n#9 0x557275e97111 <unknown>\n#10 0x557276371f1b <unknown>\n#11 0x557276375e19 <unknown>\n#12 0x557276358ac9 <unknown>\n#13 0x5572763769c8 <unknown>\n#14 0x55727633d34f <unknown>\n#15 0x55727639aa28 <unknown>\n#16 0x55727639ac06 <unknown>\n#17 0x5572763ac336 <unknown>\n#18 0x7f112869caa4 <unknown>\n#19 0x7f1128729c3c <unknown>\n\n",
      "statusTrace" : "  File \"/opt/hostedtoolcache/Python/3.12.11/x64/lib/python3.12/site-packages/allure_commons/_allure.py\", line 192, in impl\n    return func(*a, **kw)\n           ^^^^^^^^^^^^^^\n  File \"/home/runner/work/auto-tests-python/auto-tests-python/pages/speech_exercises_page_ru.py\", line 199, in click_button_exercises\n    button = self.element_is_present_and_clickable(self.locators.AuthorizedUserHomePageLocators.BUTTON_EXERCISES_RU)\n             ^^^^^^^^^^^^^^^^^^^^^^^^^^^^^^^^^^^^^^^^^^^^^^^^^^^^^^^^^^^^^^^^^^^^^^^^^^^^^^^^^^^^^^^^^^^^^^^^^^^^^^^\n  File \"/home/runner/work/auto-tests-python/auto-tests-python/pages/base_page.py\", line 40, in element_is_present_and_clickable\n    return (Wait(self.driver, self.timeout).until(\n            ^^^^^^^^^^^^^^^^^^^^^^^^^^^^^^^^^^^^^^\n  File \"/opt/hostedtoolcache/Python/3.12.11/x64/lib/python3.12/site-packages/selenium/webdriver/support/wait.py\", line 95, in until\n    raise TimeoutException(message, screen, stacktrace)\n",
      "steps" : [ {
        "name" : "Click button \"RU\".",
        "time" : {
          "start" : 1752002887165,
          "stop" : 1752002887247,
          "duration" : 82
        },
        "status" : "passed",
        "steps" : [ ],
        "attachments" : [ ],
        "parameters" : [ ],
        "stepsCount" : 0,
        "attachmentsCount" : 0,
        "shouldDisplayMessage" : false,
        "hasContent" : false
      } ],
      "attachments" : [ ],
      "parameters" : [ ],
      "stepsCount" : 1,
      "attachmentsCount" : 0,
      "shouldDisplayMessage" : true,
      "hasContent" : true
    } ],
    "attachments" : [ ],
    "parameters" : [ ],
    "stepsCount" : 2,
    "attachmentsCount" : 0,
    "shouldDisplayMessage" : true,
    "hasContent" : true
  },
  "afterStages" : [ {
    "name" : "driver::0",
    "time" : {
      "start" : 1752002897549,
      "stop" : 1752002897622,
      "duration" : 73
    },
    "status" : "passed",
    "steps" : [ ],
    "attachments" : [ ],
    "parameters" : [ ],
    "stepsCount" : 0,
    "attachmentsCount" : 0,
    "shouldDisplayMessage" : false,
    "hasContent" : false
  } ],
  "labels" : [ {
    "name" : "suite",
    "value" : "Речевые упражнения."
  }, {
    "name" : "epic",
    "value" : "Speech exercises."
  }, {
    "name" : "tag",
    "value" : "@pytest.mark.xfail"
  }, {
    "name" : "parentSuite",
    "value" : "tests"
  }, {
    "name" : "subSuite",
    "value" : "TestCardsRU"
  }, {
    "name" : "host",
    "value" : "pkrvmbietmlfzoi"
  }, {
    "name" : "thread",
    "value" : "2540-MainThread"
  }, {
    "name" : "framework",
    "value" : "pytest"
  }, {
    "name" : "language",
    "value" : "cpython3"
  }, {
    "name" : "package",
    "value" : "tests.test_speech_exercises_ru"
  }, {
    "name" : "resultFormat",
    "value" : "allure2"
  } ],
  "parameters" : [ ],
  "links" : [ ],
  "hidden" : false,
  "retry" : false,
  "extra" : {
    "severity" : "normal",
    "retries" : [ ],
    "categories" : [ ],
    "history" : {
      "statistic" : {
        "failed" : 0,
        "broken" : 0,
        "skipped" : 161,
        "passed" : 93,
        "unknown" : 0,
        "total" : 254
      },
      "items" : [ {
        "uid" : "114c9d26038961b2",
        "reportUrl" : "https://Brain-up.github.io/auto-tests-python/621//#testresult/114c9d26038961b2",
        "status" : "skipped",
        "statusDetails" : "XFAIL\n\nselenium.common.exceptions.TimeoutException: Message: Can't find element by locator ('xpath', '//a[text()=\"Упражнения\"]')\nStacktrace:\n#0 0x55c8b30f645a <unknown>\n#1 0x55c8b2b9b760 <unknown>\n#2 0x55c8b2bed127 <unknown>\n#3 0x55c8b2bed321 <unknown>\n#4 0x55c8b2c3be94 <unknown>\n#5 0x55c8b2c12e7d <unknown>\n#6 0x55c8b2c3930b <unknown>\n#7 0x55c8b2c12c23 <unknown>\n#8 0x55c8b2bdf4a5 <unknown>\n#9 0x55c8b2be0111 <unknown>\n#10 0x55c8b30baf1b <unknown>\n#11 0x55c8b30bee19 <unknown>\n#12 0x55c8b30a1ac9 <unknown>\n#13 0x55c8b30bf9c8 <unknown>\n#14 0x55c8b308634f <unknown>\n#15 0x55c8b30e3a28 <unknown>\n#16 0x55c8b30e3c06 <unknown>\n#17 0x55c8b30f5336 <unknown>\n#18 0x7fe15f29caa4 <unknown>\n#19 0x7fe15f329c3c <unknown>",
        "time" : {
          "start" : 1751906146104,
          "stop" : 1751906156487,
          "duration" : 10383
        }
      }, {
        "uid" : "98384ce5424f3a3",
        "reportUrl" : "https://Brain-up.github.io/auto-tests-python/620//#testresult/98384ce5424f3a3",
        "status" : "skipped",
        "statusDetails" : "XFAIL\n\nselenium.common.exceptions.TimeoutException: Message: Can't find element by locator ('xpath', '//a[text()=\"Упражнения\"]')\nStacktrace:\n#0 0x55941cea845a <unknown>\n#1 0x55941c94d760 <unknown>\n#2 0x55941c99f127 <unknown>\n#3 0x55941c99f321 <unknown>\n#4 0x55941c9ede94 <unknown>\n#5 0x55941c9c4e7d <unknown>\n#6 0x55941c9eb30b <unknown>\n#7 0x55941c9c4c23 <unknown>\n#8 0x55941c9914a5 <unknown>\n#9 0x55941c992111 <unknown>\n#10 0x55941ce6cf1b <unknown>\n#11 0x55941ce70e19 <unknown>\n#12 0x55941ce53ac9 <unknown>\n#13 0x55941ce719c8 <unknown>\n#14 0x55941ce3834f <unknown>\n#15 0x55941ce95a28 <unknown>\n#16 0x55941ce95c06 <unknown>\n#17 0x55941cea7336 <unknown>\n#18 0x7fa28c09caa4 <unknown>\n#19 0x7fa28c129c3c <unknown>",
        "time" : {
          "start" : 1751784111077,
          "stop" : 1751784121466,
          "duration" : 10389
        }
      }, {
        "uid" : "87adf09cbf934dd5",
        "reportUrl" : "https://Brain-up.github.io/auto-tests-python/619//#testresult/87adf09cbf934dd5",
        "status" : "skipped",
        "statusDetails" : "XFAIL\n\nselenium.common.exceptions.TimeoutException: Message: Can't find element by locator ('xpath', '//a[text()=\"Упражнения\"]')\nStacktrace:\n#0 0x55ef103ec45a <unknown>\n#1 0x55ef0fe91760 <unknown>\n#2 0x55ef0fee3127 <unknown>\n#3 0x55ef0fee3321 <unknown>\n#4 0x55ef0ff31e94 <unknown>\n#5 0x55ef0ff08e7d <unknown>\n#6 0x55ef0ff2f30b <unknown>\n#7 0x55ef0ff08c23 <unknown>\n#8 0x55ef0fed54a5 <unknown>\n#9 0x55ef0fed6111 <unknown>\n#10 0x55ef103b0f1b <unknown>\n#11 0x55ef103b4e19 <unknown>\n#12 0x55ef10397ac9 <unknown>\n#13 0x55ef103b59c8 <unknown>\n#14 0x55ef1037c34f <unknown>\n#15 0x55ef103d9a28 <unknown>\n#16 0x55ef103d9c06 <unknown>\n#17 0x55ef103eb336 <unknown>\n#18 0x7fdf2369caa4 <unknown>\n#19 0x7fdf23729c3c <unknown>",
        "time" : {
          "start" : 1751625818786,
          "stop" : 1751625829168,
          "duration" : 10382
        }
      }, {
        "uid" : "d39f0db12a161e5f",
        "reportUrl" : "https://Brain-up.github.io/auto-tests-python/618//#testresult/d39f0db12a161e5f",
        "status" : "skipped",
        "statusDetails" : "XFAIL\n\nselenium.common.exceptions.TimeoutException: Message: Can't find element by locator ('xpath', '//a[text()=\"Упражнения\"]')\nStacktrace:\n#0 0x55e33052345a <unknown>\n#1 0x55e32ffc8760 <unknown>\n#2 0x55e33001a127 <unknown>\n#3 0x55e33001a321 <unknown>\n#4 0x55e330068e94 <unknown>\n#5 0x55e33003fe7d <unknown>\n#6 0x55e33006630b <unknown>\n#7 0x55e33003fc23 <unknown>\n#8 0x55e33000c4a5 <unknown>\n#9 0x55e33000d111 <unknown>\n#10 0x55e3304e7f1b <unknown>\n#11 0x55e3304ebe19 <unknown>\n#12 0x55e3304ceac9 <unknown>\n#13 0x55e3304ec9c8 <unknown>\n#14 0x55e3304b334f <unknown>\n#15 0x55e330510a28 <unknown>\n#16 0x55e330510c06 <unknown>\n#17 0x55e330522336 <unknown>\n#18 0x7f9f8f69caa4 <unknown>\n#19 0x7f9f8f729c3c <unknown>",
        "time" : {
          "start" : 1751521706586,
          "stop" : 1751521716926,
          "duration" : 10340
        }
      }, {
        "uid" : "90e2c7b870374525",
        "reportUrl" : "https://Brain-up.github.io/auto-tests-python/617//#testresult/90e2c7b870374525",
        "status" : "skipped",
        "statusDetails" : "XFAIL\n\nselenium.common.exceptions.TimeoutException: Message: Can't find element by locator ('xpath', '//a[text()=\"Упражнения\"]')\nStacktrace:\n#0 0x56385788745a <unknown>\n#1 0x56385732c760 <unknown>\n#2 0x56385737e127 <unknown>\n#3 0x56385737e321 <unknown>\n#4 0x5638573cce94 <unknown>\n#5 0x5638573a3e7d <unknown>\n#6 0x5638573ca30b <unknown>\n#7 0x5638573a3c23 <unknown>\n#8 0x5638573704a5 <unknown>\n#9 0x563857371111 <unknown>\n#10 0x56385784bf1b <unknown>\n#11 0x56385784fe19 <unknown>\n#12 0x563857832ac9 <unknown>\n#13 0x5638578509c8 <unknown>\n#14 0x56385781734f <unknown>\n#15 0x563857874a28 <unknown>\n#16 0x563857874c06 <unknown>\n#17 0x563857886336 <unknown>\n#18 0x7f5e23e9caa4 <unknown>\n#19 0x7f5e23f29c3c <unknown>",
        "time" : {
          "start" : 1751459087550,
          "stop" : 1751459097896,
          "duration" : 10346
        }
      }, {
        "uid" : "cca7bb0a4aad4e7d",
        "reportUrl" : "https://Brain-up.github.io/auto-tests-python/616//#testresult/cca7bb0a4aad4e7d",
        "status" : "skipped",
        "statusDetails" : "XFAIL\n\nselenium.common.exceptions.TimeoutException: Message: Can't find element by locator ('xpath', '//a[text()=\"Упражнения\"]')\nStacktrace:\n#0 0x556114d4245a <unknown>\n#1 0x5561147e7760 <unknown>\n#2 0x556114839127 <unknown>\n#3 0x556114839321 <unknown>\n#4 0x556114887e94 <unknown>\n#5 0x55611485ee7d <unknown>\n#6 0x55611488530b <unknown>\n#7 0x55611485ec23 <unknown>\n#8 0x55611482b4a5 <unknown>\n#9 0x55611482c111 <unknown>\n#10 0x556114d06f1b <unknown>\n#11 0x556114d0ae19 <unknown>\n#12 0x556114cedac9 <unknown>\n#13 0x556114d0b9c8 <unknown>\n#14 0x556114cd234f <unknown>\n#15 0x556114d2fa28 <unknown>\n#16 0x556114d2fc06 <unknown>\n#17 0x556114d41336 <unknown>\n#18 0x7fb71bc9caa4 <unknown>\n#19 0x7fb71bd29c3c <unknown>",
        "time" : {
          "start" : 1751382173729,
          "stop" : 1751382193835,
          "duration" : 20106
        }
      }, {
        "uid" : "80c85ed136c659d3",
        "reportUrl" : "https://Brain-up.github.io/auto-tests-python/615//#testresult/80c85ed136c659d3",
        "status" : "skipped",
        "statusDetails" : "XFAIL\n\nselenium.common.exceptions.TimeoutException: Message: Can't find element by locator ('xpath', '//a[text()=\"Упражнения\"]')\nStacktrace:\n#0 0x56132446445a <unknown>\n#1 0x561323f09760 <unknown>\n#2 0x561323f5b127 <unknown>\n#3 0x561323f5b321 <unknown>\n#4 0x561323fa9e94 <unknown>\n#5 0x561323f80e7d <unknown>\n#6 0x561323fa730b <unknown>\n#7 0x561323f80c23 <unknown>\n#8 0x561323f4d4a5 <unknown>\n#9 0x561323f4e111 <unknown>\n#10 0x561324428f1b <unknown>\n#11 0x56132442ce19 <unknown>\n#12 0x56132440fac9 <unknown>\n#13 0x56132442d9c8 <unknown>\n#14 0x5613243f434f <unknown>\n#15 0x561324451a28 <unknown>\n#16 0x561324451c06 <unknown>\n#17 0x561324463336 <unknown>\n#18 0x7f313c49caa4 <unknown>\n#19 0x7f313c529c3c <unknown>",
        "time" : {
          "start" : 1751369487248,
          "stop" : 1751369497597,
          "duration" : 10349
        }
      }, {
        "uid" : "481023cfe22de334",
        "reportUrl" : "https://Brain-up.github.io/auto-tests-python/412//#testresult/481023cfe22de334",
        "status" : "skipped",
        "statusDetails" : "XFAIL\n\nselenium.common.exceptions.TimeoutException: Message: Can't find element by locator ('xpath', '//a[text()=\"Упражнения\"]')\nStacktrace:\n#0 0x55db5200745a <unknown>\n#1 0x55db51aac760 <unknown>\n#2 0x55db51afe127 <unknown>\n#3 0x55db51afe321 <unknown>\n#4 0x55db51b4ce94 <unknown>\n#5 0x55db51b23e7d <unknown>\n#6 0x55db51b4a30b <unknown>\n#7 0x55db51b23c23 <unknown>\n#8 0x55db51af04a5 <unknown>\n#9 0x55db51af1111 <unknown>\n#10 0x55db51fcbf1b <unknown>\n#11 0x55db51fcfe19 <unknown>\n#12 0x55db51fb2ac9 <unknown>\n#13 0x55db51fd09c8 <unknown>\n#14 0x55db51f9734f <unknown>\n#15 0x55db51ff4a28 <unknown>\n#16 0x55db51ff4c06 <unknown>\n#17 0x55db52006336 <unknown>\n#18 0x7fa6aee9caa4 <unknown>\n#19 0x7fa6aef29c3c <unknown>",
        "time" : {
          "start" : 1751333973590,
          "stop" : 1751333993718,
          "duration" : 20128
        }
      }, {
        "uid" : "d4e3842b81d70978",
        "reportUrl" : "https://Brain-up.github.io/auto-tests-python/614//#testresult/d4e3842b81d70978",
        "status" : "skipped",
        "statusDetails" : "XFAIL\n\nselenium.common.exceptions.TimeoutException: Message: Can't find element by locator ('xpath', '//a[text()=\"Упражнения\"]')\nStacktrace:\n#0 0x55a5cc83f45a <unknown>\n#1 0x55a5cc2e4760 <unknown>\n#2 0x55a5cc336127 <unknown>\n#3 0x55a5cc336321 <unknown>\n#4 0x55a5cc384e94 <unknown>\n#5 0x55a5cc35be7d <unknown>\n#6 0x55a5cc38230b <unknown>\n#7 0x55a5cc35bc23 <unknown>\n#8 0x55a5cc3284a5 <unknown>\n#9 0x55a5cc329111 <unknown>\n#10 0x55a5cc803f1b <unknown>\n#11 0x55a5cc807e19 <unknown>\n#12 0x55a5cc7eaac9 <unknown>\n#13 0x55a5cc8089c8 <unknown>\n#14 0x55a5cc7cf34f <unknown>\n#15 0x55a5cc82ca28 <unknown>\n#16 0x55a5cc82cc06 <unknown>\n#17 0x55a5cc83e336 <unknown>\n#18 0x7fc953a9caa4 <unknown>\n#19 0x7fc953b29c3c <unknown>",
        "time" : {
          "start" : 1751276114920,
          "stop" : 1751276135019,
          "duration" : 20099
        }
      }, {
        "uid" : "a1beb1815c28c2cc",
        "reportUrl" : "https://Brain-up.github.io/auto-tests-python/411//#testresult/a1beb1815c28c2cc",
        "status" : "skipped",
        "statusDetails" : "XFAIL\n\nselenium.common.exceptions.TimeoutException: Message: Can't find element by locator ('xpath', '//a[text()=\"Упражнения\"]')\nStacktrace:\n#0 0x55673673e45a <unknown>\n#1 0x5567361e3760 <unknown>\n#2 0x556736235127 <unknown>\n#3 0x556736235321 <unknown>\n#4 0x556736283e94 <unknown>\n#5 0x55673625ae7d <unknown>\n#6 0x55673628130b <unknown>\n#7 0x55673625ac23 <unknown>\n#8 0x5567362274a5 <unknown>\n#9 0x556736228111 <unknown>\n#10 0x556736702f1b <unknown>\n#11 0x556736706e19 <unknown>\n#12 0x5567366e9ac9 <unknown>\n#13 0x5567367079c8 <unknown>\n#14 0x5567366ce34f <unknown>\n#15 0x55673672ba28 <unknown>\n#16 0x55673672bc06 <unknown>\n#17 0x55673673d336 <unknown>\n#18 0x7f51c5c9caa4 <unknown>\n#19 0x7f51c5d29c3c <unknown>",
        "time" : {
          "start" : 1751247374162,
          "stop" : 1751247394316,
          "duration" : 20154
        }
      }, {
        "uid" : "b7d287955ca9854d",
        "reportUrl" : "https://Brain-up.github.io/auto-tests-python/613//#testresult/b7d287955ca9854d",
        "status" : "skipped",
        "statusDetails" : "XFAIL\n\nselenium.common.exceptions.TimeoutException: Message: Can't find element by locator ('xpath', '//a[text()=\"Упражнения\"]')\nStacktrace:\n#0 0x55aa2052c45a <unknown>\n#1 0x55aa1ffd1760 <unknown>\n#2 0x55aa20023127 <unknown>\n#3 0x55aa20023321 <unknown>\n#4 0x55aa20071e94 <unknown>\n#5 0x55aa20048e7d <unknown>\n#6 0x55aa2006f30b <unknown>\n#7 0x55aa20048c23 <unknown>\n#8 0x55aa200154a5 <unknown>\n#9 0x55aa20016111 <unknown>\n#10 0x55aa204f0f1b <unknown>\n#11 0x55aa204f4e19 <unknown>\n#12 0x55aa204d7ac9 <unknown>\n#13 0x55aa204f59c8 <unknown>\n#14 0x55aa204bc34f <unknown>\n#15 0x55aa20519a28 <unknown>\n#16 0x55aa20519c06 <unknown>\n#17 0x55aa2052b336 <unknown>\n#18 0x7f4e9169caa4 <unknown>\n#19 0x7f4e91729c3c <unknown>",
        "time" : {
          "start" : 1751201464048,
          "stop" : 1751201484184,
          "duration" : 20136
        }
      }, {
        "uid" : "daa139ebe7ce1acb",
        "reportUrl" : "https://Brain-up.github.io/auto-tests-python/410//#testresult/daa139ebe7ce1acb",
        "status" : "skipped",
        "statusDetails" : "XFAIL\n\nselenium.common.exceptions.TimeoutException: Message: Can't find element by locator ('xpath', '//a[text()=\"Упражнения\"]')\nStacktrace:\n#0 0x55d14b86745a <unknown>\n#1 0x55d14b30c760 <unknown>\n#2 0x55d14b35e127 <unknown>\n#3 0x55d14b35e321 <unknown>\n#4 0x55d14b3ace94 <unknown>\n#5 0x55d14b383e7d <unknown>\n#6 0x55d14b3aa30b <unknown>\n#7 0x55d14b383c23 <unknown>\n#8 0x55d14b3504a5 <unknown>\n#9 0x55d14b351111 <unknown>\n#10 0x55d14b82bf1b <unknown>\n#11 0x55d14b82fe19 <unknown>\n#12 0x55d14b812ac9 <unknown>\n#13 0x55d14b8309c8 <unknown>\n#14 0x55d14b7f734f <unknown>\n#15 0x55d14b854a28 <unknown>\n#16 0x55d14b854c06 <unknown>\n#17 0x55d14b866336 <unknown>\n#18 0x7fe3df29caa4 <unknown>\n#19 0x7fe3df329c3c <unknown>",
        "time" : {
          "start" : 1751161185752,
          "stop" : 1751161205926,
          "duration" : 20174
        }
      }, {
        "uid" : "b8d4010da34fe217",
        "reportUrl" : "https://Brain-up.github.io/auto-tests-python/612//#testresult/b8d4010da34fe217",
        "status" : "skipped",
        "statusDetails" : "XFAIL\n\nselenium.common.exceptions.TimeoutException: Message: Can't find element by locator ('xpath', '//a[text()=\"Упражнения\"]')\nStacktrace:\n#0 0x560d8e21e45a <unknown>\n#1 0x560d8dcc3760 <unknown>\n#2 0x560d8dd15127 <unknown>\n#3 0x560d8dd15321 <unknown>\n#4 0x560d8dd63e94 <unknown>\n#5 0x560d8dd3ae7d <unknown>\n#6 0x560d8dd6130b <unknown>\n#7 0x560d8dd3ac23 <unknown>\n#8 0x560d8dd074a5 <unknown>\n#9 0x560d8dd08111 <unknown>\n#10 0x560d8e1e2f1b <unknown>\n#11 0x560d8e1e6e19 <unknown>\n#12 0x560d8e1c9ac9 <unknown>\n#13 0x560d8e1e79c8 <unknown>\n#14 0x560d8e1ae34f <unknown>\n#15 0x560d8e20ba28 <unknown>\n#16 0x560d8e20bc06 <unknown>\n#17 0x560d8e21d336 <unknown>\n#18 0x7f4cf389caa4 <unknown>\n#19 0x7f4cf3929c3c <unknown>",
        "time" : {
          "start" : 1751090506941,
          "stop" : 1751090527082,
          "duration" : 20141
        }
      }, {
        "uid" : "2bdc40e1a63df9ad",
        "reportUrl" : "https://Brain-up.github.io/auto-tests-python/409//#testresult/2bdc40e1a63df9ad",
        "status" : "skipped",
        "statusDetails" : "XFAIL\n\nselenium.common.exceptions.TimeoutException: Message: Can't find element by locator ('xpath', '//a[text()=\"Упражнения\"]')\nStacktrace:\n#0 0x563822fbd45a <unknown>\n#1 0x563822a62760 <unknown>\n#2 0x563822ab4127 <unknown>\n#3 0x563822ab4321 <unknown>\n#4 0x563822b02e94 <unknown>\n#5 0x563822ad9e7d <unknown>\n#6 0x563822b0030b <unknown>\n#7 0x563822ad9c23 <unknown>\n#8 0x563822aa64a5 <unknown>\n#9 0x563822aa7111 <unknown>\n#10 0x563822f81f1b <unknown>\n#11 0x563822f85e19 <unknown>\n#12 0x563822f68ac9 <unknown>\n#13 0x563822f869c8 <unknown>\n#14 0x563822f4d34f <unknown>\n#15 0x563822faaa28 <unknown>\n#16 0x563822faac06 <unknown>\n#17 0x563822fbc336 <unknown>\n#18 0x7f546029caa4 <unknown>\n#19 0x7f5460329c3c <unknown>",
        "time" : {
          "start" : 1751074247515,
          "stop" : 1751074267613,
          "duration" : 20098
        }
      }, {
        "uid" : "e8a0eb94146994f7",
        "reportUrl" : "https://Brain-up.github.io/auto-tests-python/611//#testresult/e8a0eb94146994f7",
        "status" : "skipped",
        "statusDetails" : "XFAIL\n\nselenium.common.exceptions.TimeoutException: Message: Can't find element by locator ('xpath', '//a[text()=\"Упражнения\"]')\nStacktrace:\n#0 0x55afca63545a <unknown>\n#1 0x55afca0da760 <unknown>\n#2 0x55afca12c127 <unknown>\n#3 0x55afca12c321 <unknown>\n#4 0x55afca17ae94 <unknown>\n#5 0x55afca151e7d <unknown>\n#6 0x55afca17830b <unknown>\n#7 0x55afca151c23 <unknown>\n#8 0x55afca11e4a5 <unknown>\n#9 0x55afca11f111 <unknown>\n#10 0x55afca5f9f1b <unknown>\n#11 0x55afca5fde19 <unknown>\n#12 0x55afca5e0ac9 <unknown>\n#13 0x55afca5fe9c8 <unknown>\n#14 0x55afca5c534f <unknown>\n#15 0x55afca622a28 <unknown>\n#16 0x55afca622c06 <unknown>\n#17 0x55afca634336 <unknown>\n#18 0x7faaab49caa4 <unknown>\n#19 0x7faaab529c3c <unknown>",
        "time" : {
          "start" : 1751023601356,
          "stop" : 1751023621527,
          "duration" : 20171
        }
      }, {
        "uid" : "69a961aef736b0e0",
        "reportUrl" : "https://Brain-up.github.io/auto-tests-python/408//#testresult/69a961aef736b0e0",
        "status" : "skipped",
        "statusDetails" : "XFAIL\n\nselenium.common.exceptions.TimeoutException: Message: Can't find element by locator ('xpath', '//a[text()=\"Упражнения\"]')\nStacktrace:\n#0 0x565244cdb45a <unknown>\n#1 0x565244780760 <unknown>\n#2 0x5652447d2127 <unknown>\n#3 0x5652447d2321 <unknown>\n#4 0x565244820e94 <unknown>\n#5 0x5652447f7e7d <unknown>\n#6 0x56524481e30b <unknown>\n#7 0x5652447f7c23 <unknown>\n#8 0x5652447c44a5 <unknown>\n#9 0x5652447c5111 <unknown>\n#10 0x565244c9ff1b <unknown>\n#11 0x565244ca3e19 <unknown>\n#12 0x565244c86ac9 <unknown>\n#13 0x565244ca49c8 <unknown>\n#14 0x565244c6b34f <unknown>\n#15 0x565244cc8a28 <unknown>\n#16 0x565244cc8c06 <unknown>\n#17 0x565244cda336 <unknown>\n#18 0x7f6cb989caa4 <unknown>\n#19 0x7f6cb9929c3c <unknown>",
        "time" : {
          "start" : 1750988180472,
          "stop" : 1750988200725,
          "duration" : 20253
        }
      }, {
        "uid" : "3347cceb0a3443b3",
        "reportUrl" : "https://Brain-up.github.io/auto-tests-python/610//#testresult/3347cceb0a3443b3",
        "status" : "skipped",
        "statusDetails" : "XFAIL\n\nselenium.common.exceptions.TimeoutException: Message: Can't find element by locator ('xpath', '//a[text()=\"Упражнения\"]')\nStacktrace:\n#0 0x5591123ad45a <unknown>\n#1 0x559111e52760 <unknown>\n#2 0x559111ea4127 <unknown>\n#3 0x559111ea4321 <unknown>\n#4 0x559111ef2e94 <unknown>\n#5 0x559111ec9e7d <unknown>\n#6 0x559111ef030b <unknown>\n#7 0x559111ec9c23 <unknown>\n#8 0x559111e964a5 <unknown>\n#9 0x559111e97111 <unknown>\n#10 0x559112371f1b <unknown>\n#11 0x559112375e19 <unknown>\n#12 0x559112358ac9 <unknown>\n#13 0x5591123769c8 <unknown>\n#14 0x55911233d34f <unknown>\n#15 0x55911239aa28 <unknown>\n#16 0x55911239ac06 <unknown>\n#17 0x5591123ac336 <unknown>\n#18 0x7f301a29caa4 <unknown>\n#19 0x7f301a329c3c <unknown>",
        "time" : {
          "start" : 1750932895776,
          "stop" : 1750932915856,
          "duration" : 20080
        }
      }, {
        "uid" : "7e7def080e4b6e56",
        "reportUrl" : "https://Brain-up.github.io/auto-tests-python/407//#testresult/7e7def080e4b6e56",
        "status" : "skipped",
        "statusDetails" : "XFAIL\n\nselenium.common.exceptions.TimeoutException: Message: Can't find element by locator ('xpath', '//a[text()=\"Упражнения\"]')\nStacktrace:\n#0 0x5560cdb7f45a <unknown>\n#1 0x5560cd624760 <unknown>\n#2 0x5560cd676127 <unknown>\n#3 0x5560cd676321 <unknown>\n#4 0x5560cd6c4e94 <unknown>\n#5 0x5560cd69be7d <unknown>\n#6 0x5560cd6c230b <unknown>\n#7 0x5560cd69bc23 <unknown>\n#8 0x5560cd6684a5 <unknown>\n#9 0x5560cd669111 <unknown>\n#10 0x5560cdb43f1b <unknown>\n#11 0x5560cdb47e19 <unknown>\n#12 0x5560cdb2aac9 <unknown>\n#13 0x5560cdb489c8 <unknown>\n#14 0x5560cdb0f34f <unknown>\n#15 0x5560cdb6ca28 <unknown>\n#16 0x5560cdb6cc06 <unknown>\n#17 0x5560cdb7e336 <unknown>\n#18 0x7fb53149caa4 <unknown>\n#19 0x7fb531529c3c <unknown>",
        "time" : {
          "start" : 1750901463795,
          "stop" : 1750901483867,
          "duration" : 20072
        }
      }, {
        "uid" : "5b5b4f7f3b9ac49a",
        "reportUrl" : "https://Brain-up.github.io/auto-tests-python/609//#testresult/5b5b4f7f3b9ac49a",
        "status" : "skipped",
        "statusDetails" : "XFAIL\n\nselenium.common.exceptions.TimeoutException: Message: Can't find element by locator ('xpath', '//a[text()=\"Упражнения\"]')\nStacktrace:\n#0 0x55caab4ce29a <unknown>\n#1 0x55caaaf3a040 <unknown>\n#2 0x55caaaf8b990 <unknown>\n#3 0x55caaaf8bb81 <unknown>\n#4 0x55caaafda664 <unknown>\n#5 0x55caaafb16bd <unknown>\n#6 0x55caaafd7ace <unknown>\n#7 0x55caaafb1463 <unknown>\n#8 0x55caaaf7dc55 <unknown>\n#9 0x55caaaf7e8c1 <unknown>\n#10 0x55caab4931bb <unknown>\n#11 0x55caab4970c9 <unknown>\n#12 0x55caab47ba39 <unknown>\n#13 0x55caab497c78 <unknown>\n#14 0x55caab4606bf <unknown>\n#15 0x55caab4bb948 <unknown>\n#16 0x55caab4bbb26 <unknown>\n#17 0x55caab4cd176 <unknown>\n#18 0x7fa93269caa4 <unknown>\n#19 0x7fa932729c3c <unknown>",
        "time" : {
          "start" : 1750852862481,
          "stop" : 1750852882630,
          "duration" : 20149
        }
      }, {
        "uid" : "35a97abf924f1bb6",
        "reportUrl" : "https://Brain-up.github.io/auto-tests-python/406//#testresult/35a97abf924f1bb6",
        "status" : "skipped",
        "statusDetails" : "XFAIL\n\nselenium.common.exceptions.TimeoutException: Message: Can't find element by locator ('xpath', '//a[text()=\"Упражнения\"]')\nStacktrace:\n#0 0x55878c1e729a <unknown>\n#1 0x55878bc53040 <unknown>\n#2 0x55878bca4990 <unknown>\n#3 0x55878bca4b81 <unknown>\n#4 0x55878bcf3664 <unknown>\n#5 0x55878bcca6bd <unknown>\n#6 0x55878bcf0ace <unknown>\n#7 0x55878bcca463 <unknown>\n#8 0x55878bc96c55 <unknown>\n#9 0x55878bc978c1 <unknown>\n#10 0x55878c1ac1bb <unknown>\n#11 0x55878c1b00c9 <unknown>\n#12 0x55878c194a39 <unknown>\n#13 0x55878c1b0c78 <unknown>\n#14 0x55878c1796bf <unknown>\n#15 0x55878c1d4948 <unknown>\n#16 0x55878c1d4b26 <unknown>\n#17 0x55878c1e6176 <unknown>\n#18 0x7f18a549caa4 <unknown>\n#19 0x7f18a5529c3c <unknown>",
        "time" : {
          "start" : 1750814984756,
          "stop" : 1750815004991,
          "duration" : 20235
        }
      } ]
    },
    "tags" : [ "@pytest.mark.xfail" ]
  },
  "source" : "9ca6a6ecc06a608a.json",
  "parameterValues" : [ ]
}