{
  "uid" : "416a4d0b068d2ca3",
  "name" : "Solutions to a random task in the \"Слова Королёвой\" .",
  "fullName" : "tests.test_speech_exercises_ru.TestCardsRU#test_solve_koroleva_cards_ru",
  "historyId" : "c9fe4fbd9394e2fb5a6898be66ba433b",
  "time" : {
    "start" : 1745005240215,
    "stop" : 1745005260300,
    "duration" : 20085
  },
  "status" : "skipped",
  "statusMessage" : "XFAIL\n\nselenium.common.exceptions.TimeoutException: Message: Can't find element by locator ('xpath', '//a[text()=\"Упражнения\"]')\nStacktrace:\n#0 0x556024251d0a <unknown>\n#1 0x556023d025f0 <unknown>\n#2 0x556023d53a33 <unknown>\n#3 0x556023d53c21 <unknown>\n#4 0x556023da2274 <unknown>\n#5 0x556023d7968d <unknown>\n#6 0x556023d9f660 <unknown>\n#7 0x556023d79433 <unknown>\n#8 0x556023d45ea3 <unknown>\n#9 0x556023d46b01 <unknown>\n#10 0x556024216b5b <unknown>\n#11 0x55602421aa41 <unknown>\n#12 0x5560241fdc52 <unknown>\n#13 0x55602421b5b4 <unknown>\n#14 0x5560241e1f0f <unknown>\n#15 0x55602423fdb8 <unknown>\n#16 0x55602423ff96 <unknown>\n#17 0x556024250b56 <unknown>\n#18 0x7efda729caa4 <unknown>\n#19 0x7efda7329c3c <unknown>",
  "statusTrace" : "self = <tests.test_speech_exercises_ru.TestCardsRU object at 0x7f2cbfcd6e10>\ndriver = <selenium.webdriver.chrome.webdriver.WebDriver (session=\"ccd449f857b3ebc4532f9db06b784341\")>\ndefault_user_authorized = None\n\n    @pytest.mark.xfail\n    @allure.suite(\"Речевые упражнения.\")\n    @allure.title('Solutions to a random task in the \"Слова Королёвой\" .')\n    def test_solve_koroleva_cards_ru(self, driver, default_user_authorized):\n        page = SpeechExercisesPageRU(driver)\n>       page.click_button_exercises()\n\ntests/test_speech_exercises_ru.py:144: \n_ _ _ _ _ _ _ _ _ _ _ _ _ _ _ _ _ _ _ _ _ _ _ _ _ _ _ _ _ _ _ _ _ _ _ _ _ _ _ _ \npages/speech_exercises_page_ru.py:199: in click_button_exercises\n    button = self.element_is_present_and_clickable(self.locators.AuthorizedUserHomePageLocators.BUTTON_EXERCISES_RU)\npages/base_page.py:40: in element_is_present_and_clickable\n    return (Wait(self.driver, self.timeout).until(\n_ _ _ _ _ _ _ _ _ _ _ _ _ _ _ _ _ _ _ _ _ _ _ _ _ _ _ _ _ _ _ _ _ _ _ _ _ _ _ _ \n\nself = <selenium.webdriver.support.wait.WebDriverWait (session=\"ccd449f857b3ebc4532f9db06b784341\")>\nmethod = <function visibility_of_element_located.<locals>._predicate at 0x7f2cbfc0e200>\nmessage = 'Can\\'t find element by locator (\\'xpath\\', \\'//a[text()=\"Упражнения\"]\\')'\n\n    def until(self, method, message: str = \"\"):\n        \"\"\"Calls the method provided with the driver as an argument until the \\\n        return value does not evaluate to ``False``.\n    \n        :param method: callable(WebDriver)\n        :param message: optional message for :exc:`TimeoutException`\n        :returns: the result of the last call to `method`\n        :raises: :exc:`selenium.common.exceptions.TimeoutException` if timeout occurs\n        \"\"\"\n        screen = None\n        stacktrace = None\n    \n        end_time = time.monotonic() + self._timeout\n        while True:\n            try:\n                value = method(self._driver)\n                if value:\n                    return value\n            except self._ignored_exceptions as exc:\n                screen = getattr(exc, \"screen\", None)\n                stacktrace = getattr(exc, \"stacktrace\", None)\n            time.sleep(self._poll)\n            if time.monotonic() > end_time:\n                break\n>       raise TimeoutException(message, screen, stacktrace)\nE       selenium.common.exceptions.TimeoutException: Message: Can't find element by locator ('xpath', '//a[text()=\"Упражнения\"]')\nE       Stacktrace:\nE       #0 0x556024251d0a <unknown>\nE       #1 0x556023d025f0 <unknown>\nE       #2 0x556023d53a33 <unknown>\nE       #3 0x556023d53c21 <unknown>\nE       #4 0x556023da2274 <unknown>\nE       #5 0x556023d7968d <unknown>\nE       #6 0x556023d9f660 <unknown>\nE       #7 0x556023d79433 <unknown>\nE       #8 0x556023d45ea3 <unknown>\nE       #9 0x556023d46b01 <unknown>\nE       #10 0x556024216b5b <unknown>\nE       #11 0x55602421aa41 <unknown>\nE       #12 0x5560241fdc52 <unknown>\nE       #13 0x55602421b5b4 <unknown>\nE       #14 0x5560241e1f0f <unknown>\nE       #15 0x55602423fdb8 <unknown>\nE       #16 0x55602423ff96 <unknown>\nE       #17 0x556024250b56 <unknown>\nE       #18 0x7efda729caa4 <unknown>\nE       #19 0x7efda7329c3c <unknown>\n\n/opt/hostedtoolcache/Python/3.12.10/x64/lib/python3.12/site-packages/selenium/webdriver/support/wait.py:95: TimeoutException",
  "flaky" : false,
  "newFailed" : false,
  "beforeStages" : [ {
    "name" : "driver",
    "time" : {
      "start" : 1745005232798,
      "stop" : 1745005233623,
      "duration" : 825
    },
    "status" : "passed",
    "steps" : [ ],
    "attachments" : [ ],
    "parameters" : [ ],
    "stepsCount" : 0,
    "attachmentsCount" : 0,
    "shouldDisplayMessage" : false,
    "hasContent" : false
  }, {
    "name" : "main_page_open",
    "time" : {
      "start" : 1745005233623,
      "stop" : 1745005237269,
      "duration" : 3646
    },
    "status" : "passed",
    "steps" : [ {
      "name" : "Open page: https://www.brainup.site/",
      "time" : {
        "start" : 1745005233624,
        "stop" : 1745005237269,
        "duration" : 3645
      },
      "status" : "passed",
      "steps" : [ ],
      "attachments" : [ ],
      "parameters" : [ {
        "name" : "driver",
        "value" : "<selenium.webdriver.chrome.webdriver.WebDriver (session=\"ccd449f857b3ebc4532f9db06b784341\")>"
      } ],
      "stepsCount" : 0,
      "attachmentsCount" : 0,
      "shouldDisplayMessage" : false,
      "hasContent" : true
    } ],
    "attachments" : [ ],
    "parameters" : [ ],
    "stepsCount" : 1,
    "attachmentsCount" : 0,
    "shouldDisplayMessage" : false,
    "hasContent" : true
  }, {
    "name" : "clear_allure_results_folder",
    "time" : {
      "start" : 1745003511757,
      "stop" : 1745003511757,
      "duration" : 0
    },
    "status" : "passed",
    "steps" : [ ],
    "attachments" : [ ],
    "parameters" : [ ],
    "stepsCount" : 0,
    "attachmentsCount" : 0,
    "shouldDisplayMessage" : false,
    "hasContent" : false
  }, {
    "name" : "default_user_authorized",
    "time" : {
      "start" : 1745005237269,
      "stop" : 1745005240215,
      "duration" : 2946
    },
    "status" : "passed",
    "steps" : [ {
      "name" : "DEFAULT user authorized",
      "time" : {
        "start" : 1745005237270,
        "stop" : 1745005240215,
        "duration" : 2945
      },
      "status" : "passed",
      "steps" : [ {
        "name" : "Check url is present: https://www.brainup.site/groups",
        "time" : {
          "start" : 1745005237672,
          "stop" : 1745005240193,
          "duration" : 2521
        },
        "status" : "passed",
        "steps" : [ ],
        "attachments" : [ ],
        "parameters" : [ ],
        "stepsCount" : 0,
        "attachmentsCount" : 0,
        "shouldDisplayMessage" : false,
        "hasContent" : false
      }, {
        "name" : "Loader checking",
        "time" : {
          "start" : 1745005240193,
          "stop" : 1745005240215,
          "duration" : 22
        },
        "status" : "passed",
        "steps" : [ ],
        "attachments" : [ ],
        "parameters" : [ ],
        "stepsCount" : 0,
        "attachmentsCount" : 0,
        "shouldDisplayMessage" : false,
        "hasContent" : false
      } ],
      "attachments" : [ ],
      "parameters" : [ {
        "name" : "driver",
        "value" : "<selenium.webdriver.chrome.webdriver.WebDriver (session=\"ccd449f857b3ebc4532f9db06b784341\")>"
      }, {
        "name" : "main_page_open",
        "value" : "None"
      } ],
      "stepsCount" : 2,
      "attachmentsCount" : 0,
      "shouldDisplayMessage" : false,
      "hasContent" : true
    } ],
    "attachments" : [ ],
    "parameters" : [ ],
    "stepsCount" : 3,
    "attachmentsCount" : 0,
    "shouldDisplayMessage" : false,
    "hasContent" : true
  } ],
  "testStage" : {
    "status" : "skipped",
    "statusMessage" : "XFAIL\n\nselenium.common.exceptions.TimeoutException: Message: Can't find element by locator ('xpath', '//a[text()=\"Упражнения\"]')\nStacktrace:\n#0 0x556024251d0a <unknown>\n#1 0x556023d025f0 <unknown>\n#2 0x556023d53a33 <unknown>\n#3 0x556023d53c21 <unknown>\n#4 0x556023da2274 <unknown>\n#5 0x556023d7968d <unknown>\n#6 0x556023d9f660 <unknown>\n#7 0x556023d79433 <unknown>\n#8 0x556023d45ea3 <unknown>\n#9 0x556023d46b01 <unknown>\n#10 0x556024216b5b <unknown>\n#11 0x55602421aa41 <unknown>\n#12 0x5560241fdc52 <unknown>\n#13 0x55602421b5b4 <unknown>\n#14 0x5560241e1f0f <unknown>\n#15 0x55602423fdb8 <unknown>\n#16 0x55602423ff96 <unknown>\n#17 0x556024250b56 <unknown>\n#18 0x7efda729caa4 <unknown>\n#19 0x7efda7329c3c <unknown>",
    "statusTrace" : "self = <tests.test_speech_exercises_ru.TestCardsRU object at 0x7f2cbfcd6e10>\ndriver = <selenium.webdriver.chrome.webdriver.WebDriver (session=\"ccd449f857b3ebc4532f9db06b784341\")>\ndefault_user_authorized = None\n\n    @pytest.mark.xfail\n    @allure.suite(\"Речевые упражнения.\")\n    @allure.title('Solutions to a random task in the \"Слова Королёвой\" .')\n    def test_solve_koroleva_cards_ru(self, driver, default_user_authorized):\n        page = SpeechExercisesPageRU(driver)\n>       page.click_button_exercises()\n\ntests/test_speech_exercises_ru.py:144: \n_ _ _ _ _ _ _ _ _ _ _ _ _ _ _ _ _ _ _ _ _ _ _ _ _ _ _ _ _ _ _ _ _ _ _ _ _ _ _ _ \npages/speech_exercises_page_ru.py:199: in click_button_exercises\n    button = self.element_is_present_and_clickable(self.locators.AuthorizedUserHomePageLocators.BUTTON_EXERCISES_RU)\npages/base_page.py:40: in element_is_present_and_clickable\n    return (Wait(self.driver, self.timeout).until(\n_ _ _ _ _ _ _ _ _ _ _ _ _ _ _ _ _ _ _ _ _ _ _ _ _ _ _ _ _ _ _ _ _ _ _ _ _ _ _ _ \n\nself = <selenium.webdriver.support.wait.WebDriverWait (session=\"ccd449f857b3ebc4532f9db06b784341\")>\nmethod = <function visibility_of_element_located.<locals>._predicate at 0x7f2cbfc0e200>\nmessage = 'Can\\'t find element by locator (\\'xpath\\', \\'//a[text()=\"Упражнения\"]\\')'\n\n    def until(self, method, message: str = \"\"):\n        \"\"\"Calls the method provided with the driver as an argument until the \\\n        return value does not evaluate to ``False``.\n    \n        :param method: callable(WebDriver)\n        :param message: optional message for :exc:`TimeoutException`\n        :returns: the result of the last call to `method`\n        :raises: :exc:`selenium.common.exceptions.TimeoutException` if timeout occurs\n        \"\"\"\n        screen = None\n        stacktrace = None\n    \n        end_time = time.monotonic() + self._timeout\n        while True:\n            try:\n                value = method(self._driver)\n                if value:\n                    return value\n            except self._ignored_exceptions as exc:\n                screen = getattr(exc, \"screen\", None)\n                stacktrace = getattr(exc, \"stacktrace\", None)\n            time.sleep(self._poll)\n            if time.monotonic() > end_time:\n                break\n>       raise TimeoutException(message, screen, stacktrace)\nE       selenium.common.exceptions.TimeoutException: Message: Can't find element by locator ('xpath', '//a[text()=\"Упражнения\"]')\nE       Stacktrace:\nE       #0 0x556024251d0a <unknown>\nE       #1 0x556023d025f0 <unknown>\nE       #2 0x556023d53a33 <unknown>\nE       #3 0x556023d53c21 <unknown>\nE       #4 0x556023da2274 <unknown>\nE       #5 0x556023d7968d <unknown>\nE       #6 0x556023d9f660 <unknown>\nE       #7 0x556023d79433 <unknown>\nE       #8 0x556023d45ea3 <unknown>\nE       #9 0x556023d46b01 <unknown>\nE       #10 0x556024216b5b <unknown>\nE       #11 0x55602421aa41 <unknown>\nE       #12 0x5560241fdc52 <unknown>\nE       #13 0x55602421b5b4 <unknown>\nE       #14 0x5560241e1f0f <unknown>\nE       #15 0x55602423fdb8 <unknown>\nE       #16 0x55602423ff96 <unknown>\nE       #17 0x556024250b56 <unknown>\nE       #18 0x7efda729caa4 <unknown>\nE       #19 0x7efda7329c3c <unknown>\n\n/opt/hostedtoolcache/Python/3.12.10/x64/lib/python3.12/site-packages/selenium/webdriver/support/wait.py:95: TimeoutException",
    "steps" : [ {
      "name" : "Click button \"Упражнения\".",
      "time" : {
        "start" : 1745005240215,
        "stop" : 1745005260299,
        "duration" : 20084
      },
      "status" : "broken",
      "statusMessage" : "selenium.common.exceptions.TimeoutException: Message: Can't find element by locator ('xpath', '//a[text()=\"Упражнения\"]')\nStacktrace:\n#0 0x556024251d0a <unknown>\n#1 0x556023d025f0 <unknown>\n#2 0x556023d53a33 <unknown>\n#3 0x556023d53c21 <unknown>\n#4 0x556023da2274 <unknown>\n#5 0x556023d7968d <unknown>\n#6 0x556023d9f660 <unknown>\n#7 0x556023d79433 <unknown>\n#8 0x556023d45ea3 <unknown>\n#9 0x556023d46b01 <unknown>\n#10 0x556024216b5b <unknown>\n#11 0x55602421aa41 <unknown>\n#12 0x5560241fdc52 <unknown>\n#13 0x55602421b5b4 <unknown>\n#14 0x5560241e1f0f <unknown>\n#15 0x55602423fdb8 <unknown>\n#16 0x55602423ff96 <unknown>\n#17 0x556024250b56 <unknown>\n#18 0x7efda729caa4 <unknown>\n#19 0x7efda7329c3c <unknown>\n\n",
      "statusTrace" : "  File \"/opt/hostedtoolcache/Python/3.12.10/x64/lib/python3.12/site-packages/allure_commons/_allure.py\", line 192, in impl\n    return func(*a, **kw)\n           ^^^^^^^^^^^^^^\n  File \"/home/runner/work/auto-tests-python/auto-tests-python/pages/speech_exercises_page_ru.py\", line 199, in click_button_exercises\n    button = self.element_is_present_and_clickable(self.locators.AuthorizedUserHomePageLocators.BUTTON_EXERCISES_RU)\n             ^^^^^^^^^^^^^^^^^^^^^^^^^^^^^^^^^^^^^^^^^^^^^^^^^^^^^^^^^^^^^^^^^^^^^^^^^^^^^^^^^^^^^^^^^^^^^^^^^^^^^^^\n  File \"/home/runner/work/auto-tests-python/auto-tests-python/pages/base_page.py\", line 40, in element_is_present_and_clickable\n    return (Wait(self.driver, self.timeout).until(\n            ^^^^^^^^^^^^^^^^^^^^^^^^^^^^^^^^^^^^^^\n  File \"/opt/hostedtoolcache/Python/3.12.10/x64/lib/python3.12/site-packages/selenium/webdriver/support/wait.py\", line 95, in until\n    raise TimeoutException(message, screen, stacktrace)\n",
      "steps" : [ {
        "name" : "Click button \"RU\".",
        "time" : {
          "start" : 1745005240215,
          "stop" : 1745005240282,
          "duration" : 67
        },
        "status" : "passed",
        "steps" : [ ],
        "attachments" : [ ],
        "parameters" : [ ],
        "stepsCount" : 0,
        "attachmentsCount" : 0,
        "shouldDisplayMessage" : false,
        "hasContent" : false
      } ],
      "attachments" : [ ],
      "parameters" : [ ],
      "stepsCount" : 1,
      "attachmentsCount" : 0,
      "shouldDisplayMessage" : true,
      "hasContent" : true
    } ],
    "attachments" : [ ],
    "parameters" : [ ],
    "stepsCount" : 2,
    "attachmentsCount" : 0,
    "shouldDisplayMessage" : true,
    "hasContent" : true
  },
  "afterStages" : [ {
    "name" : "driver::0",
    "time" : {
      "start" : 1745005260314,
      "stop" : 1745005260383,
      "duration" : 69
    },
    "status" : "passed",
    "steps" : [ ],
    "attachments" : [ ],
    "parameters" : [ ],
    "stepsCount" : 0,
    "attachmentsCount" : 0,
    "shouldDisplayMessage" : false,
    "hasContent" : false
  } ],
  "labels" : [ {
    "name" : "suite",
    "value" : "Речевые упражнения."
  }, {
    "name" : "epic",
    "value" : "Speech exercises."
  }, {
    "name" : "tag",
    "value" : "@pytest.mark.xfail"
  }, {
    "name" : "parentSuite",
    "value" : "tests"
  }, {
    "name" : "subSuite",
    "value" : "TestCardsRU"
  }, {
    "name" : "host",
    "value" : "fv-az1376-23"
  }, {
    "name" : "thread",
    "value" : "2447-MainThread"
  }, {
    "name" : "framework",
    "value" : "pytest"
  }, {
    "name" : "language",
    "value" : "cpython3"
  }, {
    "name" : "package",
    "value" : "tests.test_speech_exercises_ru"
  }, {
    "name" : "resultFormat",
    "value" : "allure2"
  } ],
  "parameters" : [ ],
  "links" : [ ],
  "hidden" : false,
  "retry" : false,
  "extra" : {
    "severity" : "normal",
    "retries" : [ ],
    "categories" : [ ],
    "history" : {
      "statistic" : {
        "failed" : 0,
        "broken" : 0,
        "skipped" : 16,
        "passed" : 86,
        "unknown" : 0,
        "total" : 102
      },
      "items" : [ {
        "uid" : "70060d2fcbd6dedb",
        "reportUrl" : "https://Brain-up.github.io/auto-tests-python/338//#testresult/70060d2fcbd6dedb",
        "status" : "skipped",
        "statusDetails" : "XFAIL\n\nselenium.common.exceptions.TimeoutException: Message: Can't find element by locator ('xpath', '//a[text()=\"Упражнения\"]')\nStacktrace:\n#0 0x555fa3f6ed0a <unknown>\n#1 0x555fa3a1f5f0 <unknown>\n#2 0x555fa3a70a33 <unknown>\n#3 0x555fa3a70c21 <unknown>\n#4 0x555fa3abf274 <unknown>\n#5 0x555fa3a9668d <unknown>\n#6 0x555fa3abc660 <unknown>\n#7 0x555fa3a96433 <unknown>\n#8 0x555fa3a62ea3 <unknown>\n#9 0x555fa3a63b01 <unknown>\n#10 0x555fa3f33b5b <unknown>\n#11 0x555fa3f37a41 <unknown>\n#12 0x555fa3f1ac52 <unknown>\n#13 0x555fa3f385b4 <unknown>\n#14 0x555fa3efef0f <unknown>\n#15 0x555fa3f5cdb8 <unknown>\n#16 0x555fa3f5cf96 <unknown>\n#17 0x555fa3f6db56 <unknown>\n#18 0x7f21eac9caa4 <unknown>\n#19 0x7f21ead29c3c <unknown>",
        "time" : {
          "start" : 1744939688916,
          "stop" : 1744939709481,
          "duration" : 20565
        }
      }, {
        "uid" : "1376a3151b1e6cb2",
        "reportUrl" : "https://Brain-up.github.io/auto-tests-python/541//#testresult/1376a3151b1e6cb2",
        "status" : "skipped",
        "statusDetails" : "XFAIL\n\nselenium.common.exceptions.TimeoutException: Message: Can't find element by locator ('xpath', '//a[text()=\"Упражнения\"]')\nStacktrace:\n#0 0x55ec92af2d0a <unknown>\n#1 0x55ec925a35f0 <unknown>\n#2 0x55ec925f4a33 <unknown>\n#3 0x55ec925f4c21 <unknown>\n#4 0x55ec92643274 <unknown>\n#5 0x55ec9261a68d <unknown>\n#6 0x55ec92640660 <unknown>\n#7 0x55ec9261a433 <unknown>\n#8 0x55ec925e6ea3 <unknown>\n#9 0x55ec925e7b01 <unknown>\n#10 0x55ec92ab7b5b <unknown>\n#11 0x55ec92abba41 <unknown>\n#12 0x55ec92a9ec52 <unknown>\n#13 0x55ec92abc5b4 <unknown>\n#14 0x55ec92a82f0f <unknown>\n#15 0x55ec92ae0db8 <unknown>\n#16 0x55ec92ae0f96 <unknown>\n#17 0x55ec92af1b56 <unknown>\n#18 0x7fab1889caa4 <unknown>\n#19 0x7fab18929c3c <unknown>",
        "time" : {
          "start" : 1744853459392,
          "stop" : 1744853479504,
          "duration" : 20112
        }
      }, {
        "uid" : "4af0296ad0982518",
        "reportUrl" : "https://Brain-up.github.io/auto-tests-python/336//#testresult/4af0296ad0982518",
        "status" : "skipped",
        "statusDetails" : "XFAIL\n\nselenium.common.exceptions.TimeoutException: Message: Can't find element by locator ('xpath', '//a[text()=\"Упражнения\"]')\nStacktrace:\n#0 0x55dc2548be6a <unknown>\n#1 0x55dc24f3d640 <unknown>\n#2 0x55dc24f8eb5a <unknown>\n#3 0x55dc24f8ed51 <unknown>\n#4 0x55dc24fdd344 <unknown>\n#5 0x55dc24fb477d <unknown>\n#6 0x55dc24fda7b5 <unknown>\n#7 0x55dc24fb4523 <unknown>\n#8 0x55dc24f80ef3 <unknown>\n#9 0x55dc24f81b51 <unknown>\n#10 0x55dc25450d2b <unknown>\n#11 0x55dc25454c01 <unknown>\n#12 0x55dc25438512 <unknown>\n#13 0x55dc25455774 <unknown>\n#14 0x55dc2541c90f <unknown>\n#15 0x55dc25479fb8 <unknown>\n#16 0x55dc2547a196 <unknown>\n#17 0x55dc2548acb6 <unknown>\n#18 0x7f8aa709caa4 <unknown>\n#19 0x7f8aa7129c3c <unknown>",
        "time" : {
          "start" : 1744767132548,
          "stop" : 1744767152625,
          "duration" : 20077
        }
      }, {
        "uid" : "de4b0322d0e2d329",
        "reportUrl" : "https://Brain-up.github.io/auto-tests-python/540//#testresult/de4b0322d0e2d329",
        "status" : "skipped",
        "statusDetails" : "XFAIL\n\nselenium.common.exceptions.TimeoutException: Message: Can't find element by locator ('xpath', '//a[text()=\"Упражнения\"]')\nStacktrace:\n#0 0x55d69eddae6a <unknown>\n#1 0x55d69e88c640 <unknown>\n#2 0x55d69e8ddb5a <unknown>\n#3 0x55d69e8ddd51 <unknown>\n#4 0x55d69e92c344 <unknown>\n#5 0x55d69e90377d <unknown>\n#6 0x55d69e9297b5 <unknown>\n#7 0x55d69e903523 <unknown>\n#8 0x55d69e8cfef3 <unknown>\n#9 0x55d69e8d0b51 <unknown>\n#10 0x55d69ed9fd2b <unknown>\n#11 0x55d69eda3c01 <unknown>\n#12 0x55d69ed87512 <unknown>\n#13 0x55d69eda4774 <unknown>\n#14 0x55d69ed6b90f <unknown>\n#15 0x55d69edc8fb8 <unknown>\n#16 0x55d69edc9196 <unknown>\n#17 0x55d69edd9cb6 <unknown>\n#18 0x7f77fb89caa4 <unknown>\n#19 0x7f77fb929c3c <unknown>",
        "time" : {
          "start" : 1744721575587,
          "stop" : 1744721595743,
          "duration" : 20156
        }
      }, {
        "uid" : "4491657499cdd721",
        "reportUrl" : "https://Brain-up.github.io/auto-tests-python/335//#testresult/4491657499cdd721",
        "status" : "skipped",
        "statusDetails" : "XFAIL\n\nselenium.common.exceptions.TimeoutException: Message: Can't find element by locator ('xpath', '//a[text()=\"Упражнения\"]')\nStacktrace:\n#0 0x55a567b98e6a <unknown>\n#1 0x55a56764a640 <unknown>\n#2 0x55a56769bb5a <unknown>\n#3 0x55a56769bd51 <unknown>\n#4 0x55a5676ea344 <unknown>\n#5 0x55a5676c177d <unknown>\n#6 0x55a5676e77b5 <unknown>\n#7 0x55a5676c1523 <unknown>\n#8 0x55a56768def3 <unknown>\n#9 0x55a56768eb51 <unknown>\n#10 0x55a567b5dd2b <unknown>\n#11 0x55a567b61c01 <unknown>\n#12 0x55a567b45512 <unknown>\n#13 0x55a567b62774 <unknown>\n#14 0x55a567b2990f <unknown>\n#15 0x55a567b86fb8 <unknown>\n#16 0x55a567b87196 <unknown>\n#17 0x55a567b97cb6 <unknown>\n#18 0x7f5b7189caa4 <unknown>\n#19 0x7f5b71929c3c <unknown>",
        "time" : {
          "start" : 1744680832472,
          "stop" : 1744680852622,
          "duration" : 20150
        }
      }, {
        "uid" : "afd508ee6ddacacc",
        "reportUrl" : "https://Brain-up.github.io/auto-tests-python/539//#testresult/afd508ee6ddacacc",
        "status" : "skipped",
        "statusDetails" : "XFAIL\n\nselenium.common.exceptions.TimeoutException: Message: Can't find element by locator ('xpath', '//a[text()=\"Упражнения\"]')\nStacktrace:\n#0 0x56154fa10e6a <unknown>\n#1 0x56154f4c2640 <unknown>\n#2 0x56154f513b5a <unknown>\n#3 0x56154f513d51 <unknown>\n#4 0x56154f562344 <unknown>\n#5 0x56154f53977d <unknown>\n#6 0x56154f55f7b5 <unknown>\n#7 0x56154f539523 <unknown>\n#8 0x56154f505ef3 <unknown>\n#9 0x56154f506b51 <unknown>\n#10 0x56154f9d5d2b <unknown>\n#11 0x56154f9d9c01 <unknown>\n#12 0x56154f9bd512 <unknown>\n#13 0x56154f9da774 <unknown>\n#14 0x56154f9a190f <unknown>\n#15 0x56154f9fefb8 <unknown>\n#16 0x56154f9ff196 <unknown>\n#17 0x56154fa0fcb6 <unknown>\n#18 0x7f659c49caa4 <unknown>\n#19 0x7f659c529c3c <unknown>",
        "time" : {
          "start" : 1744665144914,
          "stop" : 1744665165008,
          "duration" : 20094
        }
      }, {
        "uid" : "96faa42bb4a84c83",
        "reportUrl" : "https://Brain-up.github.io/auto-tests-python/334//#testresult/96faa42bb4a84c83",
        "status" : "skipped",
        "statusDetails" : "XFAIL\n\nselenium.common.exceptions.TimeoutException: Message: Can't find element by locator ('xpath', '//a[text()=\"Упражнения\"]')\nStacktrace:\n#0 0x558d534b3e6a <unknown>\n#1 0x558d52f65640 <unknown>\n#2 0x558d52fb6b5a <unknown>\n#3 0x558d52fb6d51 <unknown>\n#4 0x558d53005344 <unknown>\n#5 0x558d52fdc77d <unknown>\n#6 0x558d530027b5 <unknown>\n#7 0x558d52fdc523 <unknown>\n#8 0x558d52fa8ef3 <unknown>\n#9 0x558d52fa9b51 <unknown>\n#10 0x558d53478d2b <unknown>\n#11 0x558d5347cc01 <unknown>\n#12 0x558d53460512 <unknown>\n#13 0x558d5347d774 <unknown>\n#14 0x558d5344490f <unknown>\n#15 0x558d534a1fb8 <unknown>\n#16 0x558d534a2196 <unknown>\n#17 0x558d534b2cb6 <unknown>\n#18 0x7f70c149caa4 <unknown>\n#19 0x7f70c1529c3c <unknown>",
        "time" : {
          "start" : 1744594247740,
          "stop" : 1744594268311,
          "duration" : 20571
        }
      }, {
        "uid" : "ed0c10db210c14d3",
        "reportUrl" : "https://Brain-up.github.io/auto-tests-python/333//#testresult/ed0c10db210c14d3",
        "status" : "skipped",
        "statusDetails" : "XFAIL\n\nselenium.common.exceptions.TimeoutException: Message: Can't find element by locator ('xpath', '//a[text()=\"Упражнения\"]')\nStacktrace:\n#0 0x55e2b03d4e6a <unknown>\n#1 0x55e2afe86640 <unknown>\n#2 0x55e2afed7b5a <unknown>\n#3 0x55e2afed7d51 <unknown>\n#4 0x55e2aff26344 <unknown>\n#5 0x55e2afefd77d <unknown>\n#6 0x55e2aff237b5 <unknown>\n#7 0x55e2afefd523 <unknown>\n#8 0x55e2afec9ef3 <unknown>\n#9 0x55e2afecab51 <unknown>\n#10 0x55e2b0399d2b <unknown>\n#11 0x55e2b039dc01 <unknown>\n#12 0x55e2b0381512 <unknown>\n#13 0x55e2b039e774 <unknown>\n#14 0x55e2b036590f <unknown>\n#15 0x55e2b03c2fb8 <unknown>\n#16 0x55e2b03c3196 <unknown>\n#17 0x55e2b03d3cb6 <unknown>\n#18 0x7f97cea9caa4 <unknown>\n#19 0x7f97ceb29c3c <unknown>",
        "time" : {
          "start" : 1744512936312,
          "stop" : 1744512956897,
          "duration" : 20585
        }
      }, {
        "uid" : "d30364e9bf5f1e0c",
        "reportUrl" : "https://Brain-up.github.io/auto-tests-python/537//#testresult/d30364e9bf5f1e0c",
        "status" : "skipped",
        "statusDetails" : "XFAIL\n\nselenium.common.exceptions.TimeoutException: Message: Can't find element by locator ('xpath', '//a[text()=\"Упражнения\"]')\nStacktrace:\n#0 0x56496bfede6a <unknown>\n#1 0x56496ba9f640 <unknown>\n#2 0x56496baf0b5a <unknown>\n#3 0x56496baf0d51 <unknown>\n#4 0x56496bb3f344 <unknown>\n#5 0x56496bb1677d <unknown>\n#6 0x56496bb3c7b5 <unknown>\n#7 0x56496bb16523 <unknown>\n#8 0x56496bae2ef3 <unknown>\n#9 0x56496bae3b51 <unknown>\n#10 0x56496bfb2d2b <unknown>\n#11 0x56496bfb6c01 <unknown>\n#12 0x56496bf9a512 <unknown>\n#13 0x56496bfb7774 <unknown>\n#14 0x56496bf7e90f <unknown>\n#15 0x56496bfdbfb8 <unknown>\n#16 0x56496bfdc196 <unknown>\n#17 0x56496bfeccb6 <unknown>\n#18 0x7f2c16e9caa4 <unknown>\n#19 0x7f2c16f29c3c <unknown>",
        "time" : {
          "start" : 1744487301389,
          "stop" : 1744487321475,
          "duration" : 20086
        }
      }, {
        "uid" : "884785d8575265ab",
        "reportUrl" : "https://Brain-up.github.io/auto-tests-python/332//#testresult/884785d8575265ab",
        "status" : "skipped",
        "statusDetails" : "XFAIL\n\nselenium.common.exceptions.TimeoutException: Message: Can't find element by locator ('xpath', '//a[text()=\"Упражнения\"]')\nStacktrace:\n#0 0x55bb49f8ae6a <unknown>\n#1 0x55bb49a3c640 <unknown>\n#2 0x55bb49a8db5a <unknown>\n#3 0x55bb49a8dd51 <unknown>\n#4 0x55bb49adc344 <unknown>\n#5 0x55bb49ab377d <unknown>\n#6 0x55bb49ad97b5 <unknown>\n#7 0x55bb49ab3523 <unknown>\n#8 0x55bb49a7fef3 <unknown>\n#9 0x55bb49a80b51 <unknown>\n#10 0x55bb49f4fd2b <unknown>\n#11 0x55bb49f53c01 <unknown>\n#12 0x55bb49f37512 <unknown>\n#13 0x55bb49f54774 <unknown>\n#14 0x55bb49f1b90f <unknown>\n#15 0x55bb49f78fb8 <unknown>\n#16 0x55bb49f79196 <unknown>\n#17 0x55bb49f89cb6 <unknown>\n#18 0x7f024ce9caa4 <unknown>\n#19 0x7f024cf29c3c <unknown>",
        "time" : {
          "start" : 1744421181874,
          "stop" : 1744421202084,
          "duration" : 20210
        }
      }, {
        "uid" : "17c9a8d4e54ddb80",
        "reportUrl" : "https://Brain-up.github.io/auto-tests-python/536//#testresult/17c9a8d4e54ddb80",
        "status" : "passed",
        "statusDetails" : "XPASS",
        "time" : {
          "start" : 1744398281693,
          "stop" : 1744398403422,
          "duration" : 121729
        }
      }, {
        "uid" : "d184b3ae86b0864b",
        "reportUrl" : "https://Brain-up.github.io/auto-tests-python/331//#testresult/d184b3ae86b0864b",
        "status" : "skipped",
        "statusDetails" : "XFAIL\n\nselenium.common.exceptions.TimeoutException: Message: Can't find element by locator ('xpath', '//a[text()=\"Упражнения\"]')\nStacktrace:\n#0 0x55bac4d54e6a <unknown>\n#1 0x55bac4806640 <unknown>\n#2 0x55bac4857b5a <unknown>\n#3 0x55bac4857d51 <unknown>\n#4 0x55bac48a6344 <unknown>\n#5 0x55bac487d77d <unknown>\n#6 0x55bac48a37b5 <unknown>\n#7 0x55bac487d523 <unknown>\n#8 0x55bac4849ef3 <unknown>\n#9 0x55bac484ab51 <unknown>\n#10 0x55bac4d19d2b <unknown>\n#11 0x55bac4d1dc01 <unknown>\n#12 0x55bac4d01512 <unknown>\n#13 0x55bac4d1e774 <unknown>\n#14 0x55bac4ce590f <unknown>\n#15 0x55bac4d42fb8 <unknown>\n#16 0x55bac4d43196 <unknown>\n#17 0x55bac4d53cb6 <unknown>\n#18 0x7f77f209caa4 <unknown>\n#19 0x7f77f2129c3c <unknown>",
        "time" : {
          "start" : 1744334765924,
          "stop" : 1744334786024,
          "duration" : 20100
        }
      }, {
        "uid" : "eae3cf367769d455",
        "reportUrl" : "https://Brain-up.github.io/auto-tests-python/535//#testresult/eae3cf367769d455",
        "status" : "passed",
        "statusDetails" : "XPASS",
        "time" : {
          "start" : 1744308266013,
          "stop" : 1744308301883,
          "duration" : 35870
        }
      }, {
        "uid" : "d9934e3b05353e90",
        "reportUrl" : "https://Brain-up.github.io/auto-tests-python/330//#testresult/d9934e3b05353e90",
        "status" : "skipped",
        "statusDetails" : "XFAIL\n\nselenium.common.exceptions.TimeoutException: Message: Can't find element by locator ('xpath', '//a[text()=\"Упражнения\"]')\nStacktrace:\n#0 0x562d2917ae6a <unknown>\n#1 0x562d28c2c640 <unknown>\n#2 0x562d28c7db5a <unknown>\n#3 0x562d28c7dd51 <unknown>\n#4 0x562d28ccc344 <unknown>\n#5 0x562d28ca377d <unknown>\n#6 0x562d28cc97b5 <unknown>\n#7 0x562d28ca3523 <unknown>\n#8 0x562d28c6fef3 <unknown>\n#9 0x562d28c70b51 <unknown>\n#10 0x562d2913fd2b <unknown>\n#11 0x562d29143c01 <unknown>\n#12 0x562d29127512 <unknown>\n#13 0x562d29144774 <unknown>\n#14 0x562d2910b90f <unknown>\n#15 0x562d29168fb8 <unknown>\n#16 0x562d29169196 <unknown>\n#17 0x562d29179cb6 <unknown>\n#18 0x7f8f5ba9caa4 <unknown>\n#19 0x7f8f5bb29c3c <unknown>",
        "time" : {
          "start" : 1744248324510,
          "stop" : 1744248344637,
          "duration" : 20127
        }
      }, {
        "uid" : "b89c07b80e413352",
        "reportUrl" : "https://Brain-up.github.io/auto-tests-python/534//#testresult/b89c07b80e413352",
        "status" : "passed",
        "statusDetails" : "XPASS",
        "time" : {
          "start" : 1744199059514,
          "stop" : 1744199083605,
          "duration" : 24091
        }
      }, {
        "uid" : "511aafe5abc0883b",
        "reportUrl" : "https://Brain-up.github.io/auto-tests-python/329//#testresult/511aafe5abc0883b",
        "status" : "passed",
        "statusDetails" : "XPASS",
        "time" : {
          "start" : 1744162121187,
          "stop" : 1744162169044,
          "duration" : 47857
        }
      }, {
        "uid" : "bae3ff57addda346",
        "reportUrl" : "https://Brain-up.github.io/auto-tests-python/533//#testresult/bae3ff57addda346",
        "status" : "skipped",
        "statusDetails" : "XFAIL\n\nKeyError: 5",
        "time" : {
          "start" : 1744148548890,
          "stop" : 1744148552614,
          "duration" : 3724
        }
      }, {
        "uid" : "e31a46612108fb81",
        "reportUrl" : "https://Brain-up.github.io/auto-tests-python/328//#testresult/e31a46612108fb81",
        "status" : "passed",
        "statusDetails" : "XPASS",
        "time" : {
          "start" : 1744075459509,
          "stop" : 1744075480001,
          "duration" : 20492
        }
      }, {
        "uid" : "892505e6657d0eac",
        "reportUrl" : "https://Brain-up.github.io/auto-tests-python/532//#testresult/892505e6657d0eac",
        "status" : "passed",
        "statusDetails" : "XPASS",
        "time" : {
          "start" : 1744022191214,
          "stop" : 1744022216320,
          "duration" : 25106
        }
      }, {
        "uid" : "b493fdb842e7a842",
        "reportUrl" : "https://Brain-up.github.io/auto-tests-python/327//#testresult/b493fdb842e7a842",
        "status" : "passed",
        "statusDetails" : "XPASS",
        "time" : {
          "start" : 1743989482302,
          "stop" : 1743989505389,
          "duration" : 23087
        }
      } ]
    },
    "tags" : [ "@pytest.mark.xfail" ]
  },
  "source" : "416a4d0b068d2ca3.json",
  "parameterValues" : [ ]
}