{
  "uid" : "34793a5fb8cb37e2",
  "name" : "Solutions to a random task in the \"Слова\" group and comparison of statics.",
  "fullName" : "tests.test_speech_exercises_ru.TestCardsRU#test_solve_word_cards_with_statistic_ru",
  "historyId" : "0fb6881b2015244903bd7785af7503a6",
  "time" : {
    "start" : 1719818506421,
    "stop" : 1719818506421,
    "duration" : 0
  },
  "status" : "skipped",
  "statusMessage" : "XFAIL\n\nselenium.common.exceptions.TimeoutException: Message: Can't find element by locator https://brainup.site/groups",
  "statusTrace" : "self = <pages.base_page.BasePage object at 0x7ff9b5e177d0>\nurl = 'https://brainup.site/groups'\n\n    def check_expected_link(self, url):\n        with allure.step(f'Check url is present: {url}'):\n            try:\n>               return Wait(self.driver, self.timeout).until(\n                    ec.url_to_be(url), message=f\"Can't find element by locator {url}\")\n\npages/base_page.py:77: \n_ _ _ _ _ _ _ _ _ _ _ _ _ _ _ _ _ _ _ _ _ _ _ _ _ _ _ _ _ _ _ _ _ _ _ _ _ _ _ _ \n\nself = <selenium.webdriver.support.wait.WebDriverWait (session=\"9ff84d6f699bf08335cc6839d96dfead\")>\nmethod = <function url_to_be.<locals>._predicate at 0x7ff9b5e52b60>\nmessage = \"Can't find element by locator https://brainup.site/groups\"\n\n    def until(self, method, message: str = \"\"):\n        \"\"\"Calls the method provided with the driver as an argument until the \\\n        return value does not evaluate to ``False``.\n    \n        :param method: callable(WebDriver)\n        :param message: optional message for :exc:`TimeoutException`\n        :returns: the result of the last call to `method`\n        :raises: :exc:`selenium.common.exceptions.TimeoutException` if timeout occurs\n        \"\"\"\n        screen = None\n        stacktrace = None\n    \n        end_time = time.monotonic() + self._timeout\n        while True:\n            try:\n                value = method(self._driver)\n                if value:\n                    return value\n            except self._ignored_exceptions as exc:\n                screen = getattr(exc, \"screen\", None)\n                stacktrace = getattr(exc, \"stacktrace\", None)\n            time.sleep(self._poll)\n            if time.monotonic() > end_time:\n                break\n>       raise TimeoutException(message, screen, stacktrace)\nE       selenium.common.exceptions.TimeoutException: Message: Can't find element by locator https://brainup.site/groups\n\n/opt/hostedtoolcache/Python/3.12.4/x64/lib/python3.12/site-packages/selenium/webdriver/support/wait.py:95: TimeoutException\n\nDuring handling of the above exception, another exception occurred:\n\ndriver = <selenium.webdriver.chrome.webdriver.WebDriver (session=\"9ff84d6f699bf08335cc6839d96dfead\")>\nmain_page_open = None\n\n    @pytest.fixture()\n    @allure.step('DEFAULT user authorized')\n    def default_user_authorized(driver, main_page_open):\n        page = BasePage(driver)\n        page.element_is_present_and_clickable(MainPageLocators.LOGIN_BUTTON).click()\n        page.element_is_visible(LoginPageLocators.INPUT_LOGIN).send_keys(os.environ[\"DEFAULT_LOGIN\"])\n        page.element_is_visible(LoginPageLocators.INPUT_PASSWORD).send_keys(os.environ[\"PASSWORD\"])\n        page.element_is_present_and_clickable(LoginPageLocators.SIGN_IN_BUTTON).click()\n>       page.check_expected_link(MainPageLinks.URL_GROUPS_PAGE)\n\ntests/conftest.py:94: \n_ _ _ _ _ _ _ _ _ _ _ _ _ _ _ _ _ _ _ _ _ _ _ _ _ _ _ _ _ _ _ _ _ _ _ _ _ _ _ _ \npages/base_page.py:81: in check_expected_link\n    return Wait(self.driver, self.timeout).until(\n_ _ _ _ _ _ _ _ _ _ _ _ _ _ _ _ _ _ _ _ _ _ _ _ _ _ _ _ _ _ _ _ _ _ _ _ _ _ _ _ \n\nself = <selenium.webdriver.support.wait.WebDriverWait (session=\"9ff84d6f699bf08335cc6839d96dfead\")>\nmethod = <function url_to_be.<locals>._predicate at 0x7ff9b5e1cae0>\nmessage = \"Can't find element by locator https://brainup.site/groups\"\n\n    def until(self, method, message: str = \"\"):\n        \"\"\"Calls the method provided with the driver as an argument until the \\\n        return value does not evaluate to ``False``.\n    \n        :param method: callable(WebDriver)\n        :param message: optional message for :exc:`TimeoutException`\n        :returns: the result of the last call to `method`\n        :raises: :exc:`selenium.common.exceptions.TimeoutException` if timeout occurs\n        \"\"\"\n        screen = None\n        stacktrace = None\n    \n        end_time = time.monotonic() + self._timeout\n        while True:\n            try:\n                value = method(self._driver)\n                if value:\n                    return value\n            except self._ignored_exceptions as exc:\n                screen = getattr(exc, \"screen\", None)\n                stacktrace = getattr(exc, \"stacktrace\", None)\n            time.sleep(self._poll)\n            if time.monotonic() > end_time:\n                break\n>       raise TimeoutException(message, screen, stacktrace)\nE       selenium.common.exceptions.TimeoutException: Message: Can't find element by locator https://brainup.site/groups\n\n/opt/hostedtoolcache/Python/3.12.4/x64/lib/python3.12/site-packages/selenium/webdriver/support/wait.py:95: TimeoutException",
  "flaky" : false,
  "newFailed" : false,
  "beforeStages" : [ {
    "name" : "main_page_open",
    "time" : {
      "start" : 1719818507110,
      "stop" : 1719818509689,
      "duration" : 2579
    },
    "status" : "passed",
    "steps" : [ {
      "name" : "Open page: https://brainup.site/",
      "time" : {
        "start" : 1719818507110,
        "stop" : 1719818509689,
        "duration" : 2579
      },
      "status" : "passed",
      "steps" : [ ],
      "attachments" : [ ],
      "parameters" : [ {
        "name" : "driver",
        "value" : "<selenium.webdriver.chrome.webdriver.WebDriver (session=\"9ff84d6f699bf08335cc6839d96dfead\")>"
      } ],
      "stepsCount" : 0,
      "attachmentsCount" : 0,
      "shouldDisplayMessage" : false,
      "hasContent" : true
    } ],
    "attachments" : [ ],
    "parameters" : [ ],
    "stepsCount" : 1,
    "attachmentsCount" : 0,
    "shouldDisplayMessage" : false,
    "hasContent" : true
  }, {
    "name" : "default_user_authorized",
    "time" : {
      "start" : 1719818509689,
      "stop" : 1719818550323,
      "duration" : 40634
    },
    "status" : "broken",
    "statusMessage" : "selenium.common.exceptions.TimeoutException: Message: Can't find element by locator https://brainup.site/groups\n\n",
    "statusTrace" : "  File \"/opt/hostedtoolcache/Python/3.12.4/x64/lib/python3.12/site-packages/pluggy/_callers.py\", line 103, in _multicall\n    res = hook_impl.function(*args)\n          ^^^^^^^^^^^^^^^^^^^^^^^^^\n  File \"/opt/hostedtoolcache/Python/3.12.4/x64/lib/python3.12/site-packages/_pytest/fixtures.py\", line 1123, in pytest_fixture_setup\n    result = call_fixture_func(fixturefunc, request, kwargs)\n             ^^^^^^^^^^^^^^^^^^^^^^^^^^^^^^^^^^^^^^^^^^^^^^^\n  File \"/opt/hostedtoolcache/Python/3.12.4/x64/lib/python3.12/site-packages/_pytest/fixtures.py\", line 902, in call_fixture_func\n    fixture_result = fixturefunc(**kwargs)\n                     ^^^^^^^^^^^^^^^^^^^^^\n  File \"/opt/hostedtoolcache/Python/3.12.4/x64/lib/python3.12/site-packages/allure_commons/_allure.py\", line 192, in impl\n    return func(*a, **kw)\n           ^^^^^^^^^^^^^^\n  File \"/home/runner/work/auto-tests-python/auto-tests-python/tests/conftest.py\", line 94, in default_user_authorized\n    page.check_expected_link(MainPageLinks.URL_GROUPS_PAGE)\n  File \"/home/runner/work/auto-tests-python/auto-tests-python/pages/base_page.py\", line 81, in check_expected_link\n    return Wait(self.driver, self.timeout).until(\n           ^^^^^^^^^^^^^^^^^^^^^^^^^^^^^^^^^^^^^^\n  File \"/opt/hostedtoolcache/Python/3.12.4/x64/lib/python3.12/site-packages/selenium/webdriver/support/wait.py\", line 95, in until\n    raise TimeoutException(message, screen, stacktrace)\n",
    "steps" : [ {
      "name" : "DEFAULT user authorized",
      "time" : {
        "start" : 1719818509689,
        "stop" : 1719818550323,
        "duration" : 40634
      },
      "status" : "broken",
      "statusMessage" : "selenium.common.exceptions.TimeoutException: Message: Can't find element by locator https://brainup.site/groups\n\n",
      "statusTrace" : "  File \"/opt/hostedtoolcache/Python/3.12.4/x64/lib/python3.12/site-packages/allure_commons/_allure.py\", line 192, in impl\n    return func(*a, **kw)\n           ^^^^^^^^^^^^^^\n  File \"/home/runner/work/auto-tests-python/auto-tests-python/tests/conftest.py\", line 94, in default_user_authorized\n    page.check_expected_link(MainPageLinks.URL_GROUPS_PAGE)\n  File \"/home/runner/work/auto-tests-python/auto-tests-python/pages/base_page.py\", line 81, in check_expected_link\n    return Wait(self.driver, self.timeout).until(\n           ^^^^^^^^^^^^^^^^^^^^^^^^^^^^^^^^^^^^^^\n  File \"/opt/hostedtoolcache/Python/3.12.4/x64/lib/python3.12/site-packages/selenium/webdriver/support/wait.py\", line 95, in until\n    raise TimeoutException(message, screen, stacktrace)\n",
      "steps" : [ {
        "name" : "Check element is visible and clickable: ('xpath', '//a[@id=\"ember11\"]')",
        "time" : {
          "start" : 1719818509689,
          "stop" : 1719818509727,
          "duration" : 38
        },
        "status" : "passed",
        "steps" : [ {
          "name" : "Check element is clickable",
          "time" : {
            "start" : 1719818509708,
            "stop" : 1719818509727,
            "duration" : 19
          },
          "status" : "passed",
          "steps" : [ {
            "name" : "Check element is clickable: ('xpath', '//a[@id=\"ember11\"]')",
            "time" : {
              "start" : 1719818509708,
              "stop" : 1719818509727,
              "duration" : 19
            },
            "status" : "passed",
            "steps" : [ ],
            "attachments" : [ ],
            "parameters" : [ ],
            "stepsCount" : 0,
            "attachmentsCount" : 0,
            "shouldDisplayMessage" : false,
            "hasContent" : false
          } ],
          "attachments" : [ ],
          "parameters" : [ {
            "name" : "locator",
            "value" : "('xpath', '//a[@id=\"ember11\"]')"
          } ],
          "stepsCount" : 1,
          "attachmentsCount" : 0,
          "shouldDisplayMessage" : false,
          "hasContent" : true
        } ],
        "attachments" : [ ],
        "parameters" : [ ],
        "stepsCount" : 2,
        "attachmentsCount" : 0,
        "shouldDisplayMessage" : false,
        "hasContent" : true
      }, {
        "name" : "Check element is visible: ('xpath', '//input[@id=\"login\"]')",
        "time" : {
          "start" : 1719818509777,
          "stop" : 1719818509804,
          "duration" : 27
        },
        "status" : "passed",
        "steps" : [ {
          "name" : "Check element is present: ('xpath', '//input[@id=\"login\"]')",
          "time" : {
            "start" : 1719818509777,
            "stop" : 1719818509787,
            "duration" : 10
          },
          "status" : "passed",
          "steps" : [ ],
          "attachments" : [ ],
          "parameters" : [ ],
          "stepsCount" : 0,
          "attachmentsCount" : 0,
          "shouldDisplayMessage" : false,
          "hasContent" : false
        }, {
          "name" : "Go to element: <selenium.webdriver.remote.webelement.WebElement (session=\"9ff84d6f699bf08335cc6839d96dfead\", element=\"f.559C18EC6F4839A2C868FE9DC46D1812.d.97C789DF49E6568F12C54C29DDF6CC66.e.20\")>",
          "time" : {
            "start" : 1719818509787,
            "stop" : 1719818509792,
            "duration" : 5
          },
          "status" : "passed",
          "steps" : [ ],
          "attachments" : [ ],
          "parameters" : [ ],
          "stepsCount" : 0,
          "attachmentsCount" : 0,
          "shouldDisplayMessage" : false,
          "hasContent" : false
        } ],
        "attachments" : [ ],
        "parameters" : [ ],
        "stepsCount" : 2,
        "attachmentsCount" : 0,
        "shouldDisplayMessage" : false,
        "hasContent" : true
      }, {
        "name" : "Check element is visible: ('xpath', '//input[@id=\"password\"]')",
        "time" : {
          "start" : 1719818509859,
          "stop" : 1719818509885,
          "duration" : 26
        },
        "status" : "passed",
        "steps" : [ {
          "name" : "Check element is present: ('xpath', '//input[@id=\"password\"]')",
          "time" : {
            "start" : 1719818509859,
            "stop" : 1719818509869,
            "duration" : 10
          },
          "status" : "passed",
          "steps" : [ ],
          "attachments" : [ ],
          "parameters" : [ ],
          "stepsCount" : 0,
          "attachmentsCount" : 0,
          "shouldDisplayMessage" : false,
          "hasContent" : false
        }, {
          "name" : "Go to element: <selenium.webdriver.remote.webelement.WebElement (session=\"9ff84d6f699bf08335cc6839d96dfead\", element=\"f.559C18EC6F4839A2C868FE9DC46D1812.d.97C789DF49E6568F12C54C29DDF6CC66.e.23\")>",
          "time" : {
            "start" : 1719818509869,
            "stop" : 1719818509874,
            "duration" : 5
          },
          "status" : "passed",
          "steps" : [ ],
          "attachments" : [ ],
          "parameters" : [ ],
          "stepsCount" : 0,
          "attachmentsCount" : 0,
          "shouldDisplayMessage" : false,
          "hasContent" : false
        } ],
        "attachments" : [ ],
        "parameters" : [ ],
        "stepsCount" : 2,
        "attachmentsCount" : 0,
        "shouldDisplayMessage" : false,
        "hasContent" : true
      }, {
        "name" : "Check element is visible and clickable: ('xpath', '//*[@type=\"submit\"]')",
        "time" : {
          "start" : 1719818509926,
          "stop" : 1719818509965,
          "duration" : 39
        },
        "status" : "passed",
        "steps" : [ {
          "name" : "Check element is clickable",
          "time" : {
            "start" : 1719818509949,
            "stop" : 1719818509965,
            "duration" : 16
          },
          "status" : "passed",
          "steps" : [ {
            "name" : "Check element is clickable: ('xpath', '//*[@type=\"submit\"]')",
            "time" : {
              "start" : 1719818509949,
              "stop" : 1719818509965,
              "duration" : 16
            },
            "status" : "passed",
            "steps" : [ ],
            "attachments" : [ ],
            "parameters" : [ ],
            "stepsCount" : 0,
            "attachmentsCount" : 0,
            "shouldDisplayMessage" : false,
            "hasContent" : false
          } ],
          "attachments" : [ ],
          "parameters" : [ {
            "name" : "locator",
            "value" : "('xpath', '//*[@type=\"submit\"]')"
          } ],
          "stepsCount" : 1,
          "attachmentsCount" : 0,
          "shouldDisplayMessage" : false,
          "hasContent" : true
        } ],
        "attachments" : [ ],
        "parameters" : [ ],
        "stepsCount" : 2,
        "attachmentsCount" : 0,
        "shouldDisplayMessage" : false,
        "hasContent" : true
      }, {
        "name" : "Check url is present: https://brainup.site/groups",
        "time" : {
          "start" : 1719818510016,
          "stop" : 1719818550322,
          "duration" : 40306
        },
        "status" : "broken",
        "statusMessage" : "selenium.common.exceptions.TimeoutException: Message: Can't find element by locator https://brainup.site/groups\n\n",
        "statusTrace" : "  File \"/home/runner/work/auto-tests-python/auto-tests-python/pages/base_page.py\", line 81, in check_expected_link\n    return Wait(self.driver, self.timeout).until(\n           ^^^^^^^^^^^^^^^^^^^^^^^^^^^^^^^^^^^^^^\n  File \"/opt/hostedtoolcache/Python/3.12.4/x64/lib/python3.12/site-packages/selenium/webdriver/support/wait.py\", line 95, in until\n    raise TimeoutException(message, screen, stacktrace)\n",
        "steps" : [ ],
        "attachments" : [ ],
        "parameters" : [ ],
        "stepsCount" : 0,
        "attachmentsCount" : 0,
        "shouldDisplayMessage" : true,
        "hasContent" : true
      } ],
      "attachments" : [ ],
      "parameters" : [ {
        "name" : "driver",
        "value" : "<selenium.webdriver.chrome.webdriver.WebDriver (session=\"9ff84d6f699bf08335cc6839d96dfead\")>"
      }, {
        "name" : "main_page_open",
        "value" : "None"
      } ],
      "stepsCount" : 13,
      "attachmentsCount" : 0,
      "shouldDisplayMessage" : false,
      "hasContent" : true
    } ],
    "attachments" : [ ],
    "parameters" : [ ],
    "stepsCount" : 14,
    "attachmentsCount" : 0,
    "shouldDisplayMessage" : false,
    "hasContent" : true
  }, {
    "name" : "driver",
    "time" : {
      "start" : 1719818506421,
      "stop" : 1719818507110,
      "duration" : 689
    },
    "status" : "passed",
    "steps" : [ ],
    "attachments" : [ ],
    "parameters" : [ ],
    "stepsCount" : 0,
    "attachmentsCount" : 0,
    "shouldDisplayMessage" : false,
    "hasContent" : false
  }, {
    "name" : "clear_allure_results_folder",
    "time" : {
      "start" : 1719817564073,
      "stop" : 1719817564073,
      "duration" : 0
    },
    "status" : "passed",
    "steps" : [ ],
    "attachments" : [ ],
    "parameters" : [ ],
    "stepsCount" : 0,
    "attachmentsCount" : 0,
    "shouldDisplayMessage" : false,
    "hasContent" : false
  } ],
  "afterStages" : [ {
    "name" : "driver::0",
    "time" : {
      "start" : 1719818550375,
      "stop" : 1719818550591,
      "duration" : 216
    },
    "status" : "passed",
    "steps" : [ ],
    "attachments" : [ {
      "uid" : "3452db999e99c5a5",
      "name" : "Screenshot 2024-07-01 07:22:30.530298",
      "source" : "3452db999e99c5a5.png",
      "type" : "image/png",
      "size" : 36573
    } ],
    "parameters" : [ ],
    "stepsCount" : 0,
    "attachmentsCount" : 1,
    "shouldDisplayMessage" : false,
    "hasContent" : true
  } ],
  "labels" : [ {
    "name" : "epic",
    "value" : "Speech exercises."
  }, {
    "name" : "suite",
    "value" : "Речевые упражнения."
  }, {
    "name" : "tag",
    "value" : "@pytest.mark.xfail"
  }, {
    "name" : "parentSuite",
    "value" : "tests"
  }, {
    "name" : "subSuite",
    "value" : "TestCardsRU"
  }, {
    "name" : "host",
    "value" : "fv-az1117-776"
  }, {
    "name" : "thread",
    "value" : "2276-MainThread"
  }, {
    "name" : "framework",
    "value" : "pytest"
  }, {
    "name" : "language",
    "value" : "cpython3"
  }, {
    "name" : "package",
    "value" : "tests.test_speech_exercises_ru"
  }, {
    "name" : "resultFormat",
    "value" : "allure2"
  } ],
  "parameters" : [ ],
  "links" : [ ],
  "hidden" : false,
  "retry" : false,
  "extra" : {
    "severity" : "normal",
    "retries" : [ ],
    "categories" : [ ],
    "history" : {
      "statistic" : {
        "failed" : 0,
        "broken" : 0,
        "skipped" : 145,
        "passed" : 0,
        "unknown" : 0,
        "total" : 145
      },
      "items" : [ {
        "uid" : "9a574b2c17c746a",
        "reportUrl" : "https://Brain-up.github.io/auto-tests-python/47//#testresult/9a574b2c17c746a",
        "status" : "skipped",
        "statusDetails" : "XFAIL\n\nKeyError: 3",
        "time" : {
          "start" : 1719796256879,
          "stop" : 1719796263110,
          "duration" : 6231
        }
      }, {
        "uid" : "93d542de4df0115b",
        "reportUrl" : "https://Brain-up.github.io/auto-tests-python/94//#testresult/93d542de4df0115b",
        "status" : "skipped",
        "statusDetails" : "XFAIL\n\nKeyError: 17",
        "time" : {
          "start" : 1719742925482,
          "stop" : 1719742932317,
          "duration" : 6835
        }
      }, {
        "uid" : "c5b8bc466b3ca169",
        "reportUrl" : "https://Brain-up.github.io/auto-tests-python/93//#testresult/c5b8bc466b3ca169",
        "status" : "skipped",
        "statusDetails" : "XFAIL\n\nKeyError: 2",
        "time" : {
          "start" : 1719736229216,
          "stop" : 1719736234749,
          "duration" : 5533
        }
      }, {
        "uid" : "7e11c8175b9aee90",
        "reportUrl" : "https://Brain-up.github.io/auto-tests-python/92//#testresult/7e11c8175b9aee90",
        "status" : "skipped",
        "statusDetails" : "XFAIL\n\nKeyError: 22",
        "time" : {
          "start" : 1719735956830,
          "stop" : 1719735964302,
          "duration" : 7472
        }
      }, {
        "uid" : "d6092df8640e47ca",
        "reportUrl" : "https://Brain-up.github.io/auto-tests-python/46//#testresult/d6092df8640e47ca",
        "status" : "skipped",
        "statusDetails" : "XFAIL\n\nKeyError: 40",
        "time" : {
          "start" : 1719709563010,
          "stop" : 1719709571539,
          "duration" : 8529
        }
      }, {
        "uid" : "e9da9b8b85ad9561",
        "reportUrl" : "https://Brain-up.github.io/auto-tests-python/91//#testresult/e9da9b8b85ad9561",
        "status" : "skipped",
        "statusDetails" : "XFAIL\n\nKeyError: 35",
        "time" : {
          "start" : 1719648123418,
          "stop" : 1719648130788,
          "duration" : 7370
        }
      }, {
        "uid" : "e432ae520ea38c0",
        "reportUrl" : "https://Brain-up.github.io/auto-tests-python/90//#testresult/e432ae520ea38c0",
        "status" : "skipped",
        "statusDetails" : "XFAIL\n\nKeyError: 39",
        "time" : {
          "start" : 1719646271455,
          "stop" : 1719646277364,
          "duration" : 5909
        }
      }, {
        "uid" : "4d3abd1bc03c837c",
        "reportUrl" : "https://Brain-up.github.io/auto-tests-python/45//#testresult/4d3abd1bc03c837c",
        "status" : "skipped",
        "statusDetails" : "XFAIL\n\nKeyError: 16",
        "time" : {
          "start" : 1719622914873,
          "stop" : 1719622922287,
          "duration" : 7414
        }
      }, {
        "uid" : "3a9964d57c2dd8fe",
        "reportUrl" : "https://Brain-up.github.io/auto-tests-python/89//#testresult/3a9964d57c2dd8fe",
        "status" : "skipped",
        "statusDetails" : "XFAIL\n\nKeyError: 24",
        "time" : {
          "start" : 1719562569335,
          "stop" : 1719562574944,
          "duration" : 5609
        }
      }, {
        "uid" : "303d24deb6233bad",
        "reportUrl" : "https://Brain-up.github.io/auto-tests-python/88//#testresult/303d24deb6233bad",
        "status" : "skipped",
        "statusDetails" : "XFAIL\n\nKeyError: 44",
        "time" : {
          "start" : 1719559983962,
          "stop" : 1719559992225,
          "duration" : 8263
        }
      }, {
        "uid" : "e1071502c0c3a8ec",
        "reportUrl" : "https://Brain-up.github.io/auto-tests-python/44//#testresult/e1071502c0c3a8ec",
        "status" : "skipped",
        "statusDetails" : "XFAIL\n\nKeyError: 45",
        "time" : {
          "start" : 1719536730964,
          "stop" : 1719536738626,
          "duration" : 7662
        }
      }, {
        "uid" : "f71df80f7300e70e",
        "reportUrl" : "https://Brain-up.github.io/auto-tests-python/87//#testresult/f71df80f7300e70e",
        "status" : "skipped",
        "statusDetails" : "XFAIL\n\nKeyError: 43",
        "time" : {
          "start" : 1719481169985,
          "stop" : 1719481175967,
          "duration" : 5982
        }
      }, {
        "uid" : "7e9e922a034eeb3e",
        "reportUrl" : "https://Brain-up.github.io/auto-tests-python/86//#testresult/7e9e922a034eeb3e",
        "status" : "skipped",
        "statusDetails" : "XFAIL\n\nKeyError: 36",
        "time" : {
          "start" : 1719474271121,
          "stop" : 1719474276515,
          "duration" : 5394
        }
      }, {
        "uid" : "52121eaf05b47caa",
        "reportUrl" : "https://Brain-up.github.io/auto-tests-python/43//#testresult/52121eaf05b47caa",
        "status" : "skipped",
        "statusDetails" : "XFAIL\n\nKeyError: 15",
        "time" : {
          "start" : 1719450195764,
          "stop" : 1719450203938,
          "duration" : 8174
        }
      }, {
        "uid" : "85727c38cc945390",
        "reportUrl" : "https://Brain-up.github.io/auto-tests-python/85//#testresult/85727c38cc945390",
        "status" : "skipped",
        "statusDetails" : "XFAIL\n\nKeyError: 14",
        "time" : {
          "start" : 1719413255458,
          "stop" : 1719413261768,
          "duration" : 6310
        }
      }, {
        "uid" : "6baf750cedde144f",
        "reportUrl" : "https://Brain-up.github.io/auto-tests-python/84//#testresult/6baf750cedde144f",
        "status" : "skipped",
        "statusDetails" : "XFAIL\n\nKeyError: 3",
        "time" : {
          "start" : 1719399057244,
          "stop" : 1719399069813,
          "duration" : 12569
        }
      }, {
        "uid" : "d98821fb97892b6e",
        "reportUrl" : "https://Brain-up.github.io/auto-tests-python/84//#testresult/d98821fb97892b6e",
        "status" : "skipped",
        "statusDetails" : "XFAIL\n\nKeyError: 17",
        "time" : {
          "start" : 1719397314349,
          "stop" : 1719397320638,
          "duration" : 6289
        }
      }, {
        "uid" : "283bc4dfda519a11",
        "reportUrl" : "https://Brain-up.github.io/auto-tests-python/83//#testresult/283bc4dfda519a11",
        "status" : "skipped",
        "statusDetails" : "XFAIL\n\nKeyError: 19",
        "time" : {
          "start" : 1719396885021,
          "stop" : 1719396893442,
          "duration" : 8421
        }
      }, {
        "uid" : "e1481f163756f3ef",
        "reportUrl" : "https://Brain-up.github.io/auto-tests-python/42//#testresult/e1481f163756f3ef",
        "status" : "skipped",
        "statusDetails" : "XFAIL\n\nKeyError: 44",
        "time" : {
          "start" : 1719363690523,
          "stop" : 1719363696888,
          "duration" : 6365
        }
      }, {
        "uid" : "63df605e028d7686",
        "reportUrl" : "https://Brain-up.github.io/auto-tests-python/82//#testresult/63df605e028d7686",
        "status" : "skipped",
        "statusDetails" : "XFAIL\n\nKeyError: 37",
        "time" : {
          "start" : 1719309984004,
          "stop" : 1719309990752,
          "duration" : 6748
        }
      } ]
    },
    "tags" : [ "@pytest.mark.xfail" ]
  },
  "source" : "34793a5fb8cb37e2.json",
  "parameterValues" : [ ]
}