{
  "uid" : "f72d560fb111afa6",
  "name" : "Select random card from \"Word\" group and compare UI vs BACKEND data",
  "fullName" : "tests.test_speech_exercises_en.TestCardsEN#test_random_word_cards_en",
  "historyId" : "84999af5e98c6318908a9abbfe6fc3a3",
  "time" : {
    "start" : 1755253669889,
    "stop" : 1755253680299,
    "duration" : 10410
  },
  "status" : "skipped",
  "statusMessage" : "XFAIL\n\nselenium.common.exceptions.TimeoutException: Message: Can't find element by locator ('xpath', '//button[@data-test-active-link=\"Words\"]')\nStacktrace:\n#0 0x55e00db8e05a <unknown>\n#1 0x55e00d62da70 <unknown>\n#2 0x55e00d67f907 <unknown>\n#3 0x55e00d67fb01 <unknown>\n#4 0x55e00d6cdd54 <unknown>\n#5 0x55e00d6a540d <unknown>\n#6 0x55e00d6cb14f <unknown>\n#7 0x55e00d6a51b3 <unknown>\n#8 0x55e00d67159b <unknown>\n#9 0x55e00d672971 <unknown>\n#10 0x55e00db5322b <unknown>\n#11 0x55e00db56f79 <unknown>\n#12 0x55e00db3a309 <unknown>\n#13 0x55e00db57b28 <unknown>\n#14 0x55e00db1ebef <unknown>\n#15 0x55e00db7b0e8 <unknown>\n#16 0x55e00db7b2c6 <unknown>\n#17 0x55e00db8d036 <unknown>\n#18 0x7fe60489caa4 <unknown>\n#19 0x7fe604929c3c <unknown>",
  "statusTrace" : "self = <tests.test_speech_exercises_en.TestCardsEN object at 0x7fa1b15a0380>\ndriver = <selenium.webdriver.chrome.webdriver.WebDriver (session=\"5f4c96ba33c05fb5247989068adb0cba\")>\nspecialist_user_authorized = None\n\n    @pytest.mark.xfail\n    @allure.suite(\"Speech exercises EN.\")\n    @allure.title('Select random card from \"Word\" group and compare UI vs BACKEND data')\n    def test_random_word_cards_en(self, driver, specialist_user_authorized):\n        page = SpeechExercisesPage(driver)\n>       page.select_group(SpeechExercisesPageLocators.WORDS_BUTTON_EN)\n\ntests/test_speech_exercises_en.py:16: \n_ _ _ _ _ _ _ _ _ _ _ _ _ _ _ _ _ _ _ _ _ _ _ _ _ _ _ _ _ _ _ _ _ _ _ _ _ _ _ _ \npages/speech_exercises_page_en.py:18: in select_group\n    text_of_the_button = self.element_is_present_and_clickable(selector_for_sub_group)\npages/base_page.py:40: in element_is_present_and_clickable\n    return (Wait(self.driver, self.timeout).until(\n_ _ _ _ _ _ _ _ _ _ _ _ _ _ _ _ _ _ _ _ _ _ _ _ _ _ _ _ _ _ _ _ _ _ _ _ _ _ _ _ \n\nself = <selenium.webdriver.support.wait.WebDriverWait (session=\"5f4c96ba33c05fb5247989068adb0cba\")>\nmethod = <function visibility_of_element_located.<locals>._predicate at 0x7fa1b16ef6a0>\nmessage = 'Can\\'t find element by locator (\\'xpath\\', \\'//button[@data-test-active-link=\"Words\"]\\')'\n\n    def until(self, method, message: str = \"\"):\n        \"\"\"Calls the method provided with the driver as an argument until the \\\n        return value does not evaluate to ``False``.\n    \n        :param method: callable(WebDriver)\n        :param message: optional message for :exc:`TimeoutException`\n        :returns: the result of the last call to `method`\n        :raises: :exc:`selenium.common.exceptions.TimeoutException` if timeout occurs\n        \"\"\"\n        screen = None\n        stacktrace = None\n    \n        end_time = time.monotonic() + self._timeout\n        while True:\n            try:\n                value = method(self._driver)\n                if value:\n                    return value\n            except self._ignored_exceptions as exc:\n                screen = getattr(exc, \"screen\", None)\n                stacktrace = getattr(exc, \"stacktrace\", None)\n            time.sleep(self._poll)\n            if time.monotonic() > end_time:\n                break\n>       raise TimeoutException(message, screen, stacktrace)\nE       selenium.common.exceptions.TimeoutException: Message: Can't find element by locator ('xpath', '//button[@data-test-active-link=\"Words\"]')\nE       Stacktrace:\nE       #0 0x55e00db8e05a <unknown>\nE       #1 0x55e00d62da70 <unknown>\nE       #2 0x55e00d67f907 <unknown>\nE       #3 0x55e00d67fb01 <unknown>\nE       #4 0x55e00d6cdd54 <unknown>\nE       #5 0x55e00d6a540d <unknown>\nE       #6 0x55e00d6cb14f <unknown>\nE       #7 0x55e00d6a51b3 <unknown>\nE       #8 0x55e00d67159b <unknown>\nE       #9 0x55e00d672971 <unknown>\nE       #10 0x55e00db5322b <unknown>\nE       #11 0x55e00db56f79 <unknown>\nE       #12 0x55e00db3a309 <unknown>\nE       #13 0x55e00db57b28 <unknown>\nE       #14 0x55e00db1ebef <unknown>\nE       #15 0x55e00db7b0e8 <unknown>\nE       #16 0x55e00db7b2c6 <unknown>\nE       #17 0x55e00db8d036 <unknown>\nE       #18 0x7fe60489caa4 <unknown>\nE       #19 0x7fe604929c3c <unknown>\n\n/opt/hostedtoolcache/Python/3.12.11/x64/lib/python3.12/site-packages/selenium/webdriver/support/wait.py:95: TimeoutException",
  "flaky" : false,
  "newFailed" : false,
  "beforeStages" : [ {
    "name" : "clear_allure_results_folder",
    "time" : {
      "start" : 1755252592133,
      "stop" : 1755252592133,
      "duration" : 0
    },
    "status" : "passed",
    "steps" : [ ],
    "attachments" : [ ],
    "parameters" : [ ],
    "attachmentsCount" : 0,
    "shouldDisplayMessage" : false,
    "hasContent" : false,
    "stepsCount" : 0
  }, {
    "name" : "main_page_open",
    "time" : {
      "start" : 1755253664498,
      "stop" : 1755253666903,
      "duration" : 2405
    },
    "status" : "passed",
    "steps" : [ {
      "name" : "Open page: https://www.brainup.site/",
      "time" : {
        "start" : 1755253664498,
        "stop" : 1755253666903,
        "duration" : 2405
      },
      "status" : "passed",
      "steps" : [ ],
      "attachments" : [ ],
      "parameters" : [ {
        "name" : "driver",
        "value" : "<selenium.webdriver.chrome.webdriver.WebDriver (session=\"5f4c96ba33c05fb5247989068adb0cba\")>"
      } ],
      "attachmentsCount" : 0,
      "shouldDisplayMessage" : false,
      "hasContent" : true,
      "stepsCount" : 0
    } ],
    "attachments" : [ ],
    "parameters" : [ ],
    "attachmentsCount" : 0,
    "shouldDisplayMessage" : false,
    "hasContent" : true,
    "stepsCount" : 1
  }, {
    "name" : "driver",
    "time" : {
      "start" : 1755253663748,
      "stop" : 1755253664498,
      "duration" : 750
    },
    "status" : "passed",
    "steps" : [ ],
    "attachments" : [ ],
    "parameters" : [ ],
    "attachmentsCount" : 0,
    "shouldDisplayMessage" : false,
    "hasContent" : false,
    "stepsCount" : 0
  }, {
    "name" : "specialist_user_authorized",
    "time" : {
      "start" : 1755253666903,
      "stop" : 1755253669889,
      "duration" : 2986
    },
    "status" : "passed",
    "steps" : [ {
      "name" : "USER specialist authorized",
      "time" : {
        "start" : 1755253666904,
        "stop" : 1755253669889,
        "duration" : 2985
      },
      "status" : "passed",
      "steps" : [ {
        "name" : "Check url is present: https://www.brainup.site/groups",
        "time" : {
          "start" : 1755253667289,
          "stop" : 1755253669858,
          "duration" : 2569
        },
        "status" : "passed",
        "steps" : [ ],
        "attachments" : [ ],
        "parameters" : [ ],
        "attachmentsCount" : 0,
        "shouldDisplayMessage" : false,
        "hasContent" : false,
        "stepsCount" : 0
      }, {
        "name" : "Loader checking",
        "time" : {
          "start" : 1755253669858,
          "stop" : 1755253669889,
          "duration" : 31
        },
        "status" : "passed",
        "steps" : [ ],
        "attachments" : [ ],
        "parameters" : [ ],
        "attachmentsCount" : 0,
        "shouldDisplayMessage" : false,
        "hasContent" : false,
        "stepsCount" : 0
      } ],
      "attachments" : [ ],
      "parameters" : [ {
        "name" : "driver",
        "value" : "<selenium.webdriver.chrome.webdriver.WebDriver (session=\"5f4c96ba33c05fb5247989068adb0cba\")>"
      }, {
        "name" : "main_page_open",
        "value" : "None"
      } ],
      "attachmentsCount" : 0,
      "shouldDisplayMessage" : false,
      "hasContent" : true,
      "stepsCount" : 2
    } ],
    "attachments" : [ ],
    "parameters" : [ ],
    "attachmentsCount" : 0,
    "shouldDisplayMessage" : false,
    "hasContent" : true,
    "stepsCount" : 3
  } ],
  "testStage" : {
    "status" : "skipped",
    "statusMessage" : "XFAIL\n\nselenium.common.exceptions.TimeoutException: Message: Can't find element by locator ('xpath', '//button[@data-test-active-link=\"Words\"]')\nStacktrace:\n#0 0x55e00db8e05a <unknown>\n#1 0x55e00d62da70 <unknown>\n#2 0x55e00d67f907 <unknown>\n#3 0x55e00d67fb01 <unknown>\n#4 0x55e00d6cdd54 <unknown>\n#5 0x55e00d6a540d <unknown>\n#6 0x55e00d6cb14f <unknown>\n#7 0x55e00d6a51b3 <unknown>\n#8 0x55e00d67159b <unknown>\n#9 0x55e00d672971 <unknown>\n#10 0x55e00db5322b <unknown>\n#11 0x55e00db56f79 <unknown>\n#12 0x55e00db3a309 <unknown>\n#13 0x55e00db57b28 <unknown>\n#14 0x55e00db1ebef <unknown>\n#15 0x55e00db7b0e8 <unknown>\n#16 0x55e00db7b2c6 <unknown>\n#17 0x55e00db8d036 <unknown>\n#18 0x7fe60489caa4 <unknown>\n#19 0x7fe604929c3c <unknown>",
    "statusTrace" : "self = <tests.test_speech_exercises_en.TestCardsEN object at 0x7fa1b15a0380>\ndriver = <selenium.webdriver.chrome.webdriver.WebDriver (session=\"5f4c96ba33c05fb5247989068adb0cba\")>\nspecialist_user_authorized = None\n\n    @pytest.mark.xfail\n    @allure.suite(\"Speech exercises EN.\")\n    @allure.title('Select random card from \"Word\" group and compare UI vs BACKEND data')\n    def test_random_word_cards_en(self, driver, specialist_user_authorized):\n        page = SpeechExercisesPage(driver)\n>       page.select_group(SpeechExercisesPageLocators.WORDS_BUTTON_EN)\n\ntests/test_speech_exercises_en.py:16: \n_ _ _ _ _ _ _ _ _ _ _ _ _ _ _ _ _ _ _ _ _ _ _ _ _ _ _ _ _ _ _ _ _ _ _ _ _ _ _ _ \npages/speech_exercises_page_en.py:18: in select_group\n    text_of_the_button = self.element_is_present_and_clickable(selector_for_sub_group)\npages/base_page.py:40: in element_is_present_and_clickable\n    return (Wait(self.driver, self.timeout).until(\n_ _ _ _ _ _ _ _ _ _ _ _ _ _ _ _ _ _ _ _ _ _ _ _ _ _ _ _ _ _ _ _ _ _ _ _ _ _ _ _ \n\nself = <selenium.webdriver.support.wait.WebDriverWait (session=\"5f4c96ba33c05fb5247989068adb0cba\")>\nmethod = <function visibility_of_element_located.<locals>._predicate at 0x7fa1b16ef6a0>\nmessage = 'Can\\'t find element by locator (\\'xpath\\', \\'//button[@data-test-active-link=\"Words\"]\\')'\n\n    def until(self, method, message: str = \"\"):\n        \"\"\"Calls the method provided with the driver as an argument until the \\\n        return value does not evaluate to ``False``.\n    \n        :param method: callable(WebDriver)\n        :param message: optional message for :exc:`TimeoutException`\n        :returns: the result of the last call to `method`\n        :raises: :exc:`selenium.common.exceptions.TimeoutException` if timeout occurs\n        \"\"\"\n        screen = None\n        stacktrace = None\n    \n        end_time = time.monotonic() + self._timeout\n        while True:\n            try:\n                value = method(self._driver)\n                if value:\n                    return value\n            except self._ignored_exceptions as exc:\n                screen = getattr(exc, \"screen\", None)\n                stacktrace = getattr(exc, \"stacktrace\", None)\n            time.sleep(self._poll)\n            if time.monotonic() > end_time:\n                break\n>       raise TimeoutException(message, screen, stacktrace)\nE       selenium.common.exceptions.TimeoutException: Message: Can't find element by locator ('xpath', '//button[@data-test-active-link=\"Words\"]')\nE       Stacktrace:\nE       #0 0x55e00db8e05a <unknown>\nE       #1 0x55e00d62da70 <unknown>\nE       #2 0x55e00d67f907 <unknown>\nE       #3 0x55e00d67fb01 <unknown>\nE       #4 0x55e00d6cdd54 <unknown>\nE       #5 0x55e00d6a540d <unknown>\nE       #6 0x55e00d6cb14f <unknown>\nE       #7 0x55e00d6a51b3 <unknown>\nE       #8 0x55e00d67159b <unknown>\nE       #9 0x55e00d672971 <unknown>\nE       #10 0x55e00db5322b <unknown>\nE       #11 0x55e00db56f79 <unknown>\nE       #12 0x55e00db3a309 <unknown>\nE       #13 0x55e00db57b28 <unknown>\nE       #14 0x55e00db1ebef <unknown>\nE       #15 0x55e00db7b0e8 <unknown>\nE       #16 0x55e00db7b2c6 <unknown>\nE       #17 0x55e00db8d036 <unknown>\nE       #18 0x7fe60489caa4 <unknown>\nE       #19 0x7fe604929c3c <unknown>\n\n/opt/hostedtoolcache/Python/3.12.11/x64/lib/python3.12/site-packages/selenium/webdriver/support/wait.py:95: TimeoutException",
    "steps" : [ {
      "name" : "select_group",
      "time" : {
        "start" : 1755253669889,
        "stop" : 1755253680299,
        "duration" : 10410
      },
      "status" : "broken",
      "statusMessage" : "selenium.common.exceptions.TimeoutException: Message: Can't find element by locator ('xpath', '//button[@data-test-active-link=\"Words\"]')\nStacktrace:\n#0 0x55e00db8e05a <unknown>\n#1 0x55e00d62da70 <unknown>\n#2 0x55e00d67f907 <unknown>\n#3 0x55e00d67fb01 <unknown>\n#4 0x55e00d6cdd54 <unknown>\n#5 0x55e00d6a540d <unknown>\n#6 0x55e00d6cb14f <unknown>\n#7 0x55e00d6a51b3 <unknown>\n#8 0x55e00d67159b <unknown>\n#9 0x55e00d672971 <unknown>\n#10 0x55e00db5322b <unknown>\n#11 0x55e00db56f79 <unknown>\n#12 0x55e00db3a309 <unknown>\n#13 0x55e00db57b28 <unknown>\n#14 0x55e00db1ebef <unknown>\n#15 0x55e00db7b0e8 <unknown>\n#16 0x55e00db7b2c6 <unknown>\n#17 0x55e00db8d036 <unknown>\n#18 0x7fe60489caa4 <unknown>\n#19 0x7fe604929c3c <unknown>\n\n",
      "statusTrace" : "  File \"/opt/hostedtoolcache/Python/3.12.11/x64/lib/python3.12/site-packages/allure_commons/_allure.py\", line 192, in impl\n    return func(*a, **kw)\n           ^^^^^^^^^^^^^^\n  File \"/home/runner/work/auto-tests-python/auto-tests-python/pages/speech_exercises_page_en.py\", line 18, in select_group\n    text_of_the_button = self.element_is_present_and_clickable(selector_for_sub_group)\n                         ^^^^^^^^^^^^^^^^^^^^^^^^^^^^^^^^^^^^^^^^^^^^^^^^^^^^^^^^^^^^^\n  File \"/home/runner/work/auto-tests-python/auto-tests-python/pages/base_page.py\", line 40, in element_is_present_and_clickable\n    return (Wait(self.driver, self.timeout).until(\n            ^^^^^^^^^^^^^^^^^^^^^^^^^^^^^^^^^^^^^^\n  File \"/opt/hostedtoolcache/Python/3.12.11/x64/lib/python3.12/site-packages/selenium/webdriver/support/wait.py\", line 95, in until\n    raise TimeoutException(message, screen, stacktrace)\n",
      "steps" : [ {
        "name" : "Select Russian language. Click \"EN\" button.",
        "time" : {
          "start" : 1755253669889,
          "stop" : 1755253669967,
          "duration" : 78
        },
        "status" : "passed",
        "steps" : [ ],
        "attachments" : [ ],
        "parameters" : [ ],
        "attachmentsCount" : 0,
        "shouldDisplayMessage" : false,
        "hasContent" : false,
        "stepsCount" : 0
      }, {
        "name" : "Click button \"SPEECH EXERCISES\".",
        "time" : {
          "start" : 1755253669967,
          "stop" : 1755253670043,
          "duration" : 76
        },
        "status" : "passed",
        "steps" : [ ],
        "attachments" : [ ],
        "parameters" : [ ],
        "attachmentsCount" : 0,
        "shouldDisplayMessage" : false,
        "hasContent" : false,
        "stepsCount" : 0
      } ],
      "attachments" : [ ],
      "parameters" : [ {
        "name" : "selector_for_sub_group",
        "value" : "('xpath', '//button[@data-test-active-link=\"Words\"]')"
      } ],
      "attachmentsCount" : 0,
      "shouldDisplayMessage" : true,
      "hasContent" : true,
      "stepsCount" : 2
    } ],
    "attachments" : [ ],
    "parameters" : [ ],
    "attachmentsCount" : 0,
    "shouldDisplayMessage" : true,
    "hasContent" : true,
    "stepsCount" : 3
  },
  "afterStages" : [ {
    "name" : "driver::0",
    "time" : {
      "start" : 1755253680337,
      "stop" : 1755253680406,
      "duration" : 69
    },
    "status" : "passed",
    "steps" : [ ],
    "attachments" : [ ],
    "parameters" : [ ],
    "attachmentsCount" : 0,
    "shouldDisplayMessage" : false,
    "hasContent" : false,
    "stepsCount" : 0
  } ],
  "labels" : [ {
    "name" : "suite",
    "value" : "Speech exercises EN."
  }, {
    "name" : "epic",
    "value" : "Speech exercises."
  }, {
    "name" : "tag",
    "value" : "@pytest.mark.xfail"
  }, {
    "name" : "parentSuite",
    "value" : "tests"
  }, {
    "name" : "subSuite",
    "value" : "TestCardsEN"
  }, {
    "name" : "host",
    "value" : "pkrvmubgrv54qmi"
  }, {
    "name" : "thread",
    "value" : "2532-MainThread"
  }, {
    "name" : "framework",
    "value" : "pytest"
  }, {
    "name" : "language",
    "value" : "cpython3"
  }, {
    "name" : "package",
    "value" : "tests.test_speech_exercises_en"
  }, {
    "name" : "resultFormat",
    "value" : "allure2"
  } ],
  "parameters" : [ ],
  "links" : [ ],
  "hidden" : false,
  "retry" : false,
  "extra" : {
    "severity" : "normal",
    "retries" : [ ],
    "categories" : [ ],
    "history" : {
      "statistic" : {
        "failed" : 0,
        "broken" : 0,
        "skipped" : 289,
        "passed" : 1,
        "unknown" : 0,
        "total" : 290
      },
      "items" : [ {
        "uid" : "17ccffec53759295",
        "reportUrl" : "https://Brain-up.github.io/auto-tests-python/657//#testresult/17ccffec53759295",
        "status" : "skipped",
        "statusDetails" : "XFAIL\n\nselenium.common.exceptions.TimeoutException: Message: Can't find element by locator ('xpath', '//button[@data-test-active-link=\"Words\"]')\nStacktrace:\n#0 0x55f71f9192ca <unknown>\n#1 0x55f71f3c0550 <unknown>\n#2 0x55f71f4120f0 <unknown>\n#3 0x55f71f4122e1 <unknown>\n#4 0x55f71f4605e4 <unknown>\n#5 0x55f71f437bed <unknown>\n#6 0x55f71f45d9e6 <unknown>\n#7 0x55f71f437993 <unknown>\n#8 0x55f71f403d6b <unknown>\n#9 0x55f71f405141 <unknown>\n#10 0x55f71f8de2ab <unknown>\n#11 0x55f71f8e20b9 <unknown>\n#12 0x55f71f8c5139 <unknown>\n#13 0x55f71f8e2c68 <unknown>\n#14 0x55f71f8a960f <unknown>\n#15 0x55f71f9071f8 <unknown>\n#16 0x55f71f9073d6 <unknown>\n#17 0x55f71f9185e6 <unknown>\n#18 0x7f719309caa4 <unknown>\n#19 0x7f7193129c3c <unknown>",
        "time" : {
          "start" : 1755153493164,
          "stop" : 1755153503572,
          "duration" : 10408
        }
      }, {
        "uid" : "59a93b6f8b3d57a3",
        "reportUrl" : "https://Brain-up.github.io/auto-tests-python/656//#testresult/59a93b6f8b3d57a3",
        "status" : "skipped",
        "statusDetails" : "XFAIL\n\nselenium.common.exceptions.TimeoutException: Message: Can't find element by locator ('xpath', '//button[@data-test-active-link=\"Words\"]')\nStacktrace:\n#0 0x5606e92b02ca <unknown>\n#1 0x5606e8d57550 <unknown>\n#2 0x5606e8da90f0 <unknown>\n#3 0x5606e8da92e1 <unknown>\n#4 0x5606e8df75e4 <unknown>\n#5 0x5606e8dcebed <unknown>\n#6 0x5606e8df49e6 <unknown>\n#7 0x5606e8dce993 <unknown>\n#8 0x5606e8d9ad6b <unknown>\n#9 0x5606e8d9c141 <unknown>\n#10 0x5606e92752ab <unknown>\n#11 0x5606e92790b9 <unknown>\n#12 0x5606e925c139 <unknown>\n#13 0x5606e9279c68 <unknown>\n#14 0x5606e924060f <unknown>\n#15 0x5606e929e1f8 <unknown>\n#16 0x5606e929e3d6 <unknown>\n#17 0x5606e92af5e6 <unknown>\n#18 0x7f672109caa4 <unknown>\n#19 0x7f6721129c3c <unknown>",
        "time" : {
          "start" : 1755075076805,
          "stop" : 1755075087305,
          "duration" : 10500
        }
      }, {
        "uid" : "c27c366cec8cbf50",
        "reportUrl" : "https://Brain-up.github.io/auto-tests-python/655//#testresult/c27c366cec8cbf50",
        "status" : "skipped",
        "statusDetails" : "XFAIL\n\nselenium.common.exceptions.TimeoutException: Message: Can't find element by locator ('xpath', '//button[@data-test-active-link=\"Words\"]')\nStacktrace:\n#0 0x56319c1e02ca <unknown>\n#1 0x56319bc87550 <unknown>\n#2 0x56319bcd90f0 <unknown>\n#3 0x56319bcd92e1 <unknown>\n#4 0x56319bd275e4 <unknown>\n#5 0x56319bcfebed <unknown>\n#6 0x56319bd249e6 <unknown>\n#7 0x56319bcfe993 <unknown>\n#8 0x56319bccad6b <unknown>\n#9 0x56319bccc141 <unknown>\n#10 0x56319c1a52ab <unknown>\n#11 0x56319c1a90b9 <unknown>\n#12 0x56319c18c139 <unknown>\n#13 0x56319c1a9c68 <unknown>\n#14 0x56319c17060f <unknown>\n#15 0x56319c1ce1f8 <unknown>\n#16 0x56319c1ce3d6 <unknown>\n#17 0x56319c1df5e6 <unknown>\n#18 0x7fd61949caa4 <unknown>\n#19 0x7fd619529c3c <unknown>",
        "time" : {
          "start" : 1754986746154,
          "stop" : 1754986756571,
          "duration" : 10417
        }
      }, {
        "uid" : "e8373062e2cf1a38",
        "reportUrl" : "https://Brain-up.github.io/auto-tests-python/654//#testresult/e8373062e2cf1a38",
        "status" : "skipped",
        "statusDetails" : "XFAIL\n\nselenium.common.exceptions.TimeoutException: Message: Can't find element by locator ('xpath', '//button[@data-test-active-link=\"Words\"]')\nStacktrace:\n#0 0x55621569f2ca <unknown>\n#1 0x556215146550 <unknown>\n#2 0x5562151980f0 <unknown>\n#3 0x5562151982e1 <unknown>\n#4 0x5562151e65e4 <unknown>\n#5 0x5562151bdbed <unknown>\n#6 0x5562151e39e6 <unknown>\n#7 0x5562151bd993 <unknown>\n#8 0x556215189d6b <unknown>\n#9 0x55621518b141 <unknown>\n#10 0x5562156642ab <unknown>\n#11 0x5562156680b9 <unknown>\n#12 0x55621564b139 <unknown>\n#13 0x556215668c68 <unknown>\n#14 0x55621562f60f <unknown>\n#15 0x55621568d1f8 <unknown>\n#16 0x55621568d3d6 <unknown>\n#17 0x55621569e5e6 <unknown>\n#18 0x7f3f04c9caa4 <unknown>\n#19 0x7f3f04d29c3c <unknown>",
        "time" : {
          "start" : 1754907938696,
          "stop" : 1754907949111,
          "duration" : 10415
        }
      }, {
        "uid" : "1d43220030c96a78",
        "reportUrl" : "https://Brain-up.github.io/auto-tests-python/653//#testresult/1d43220030c96a78",
        "status" : "skipped",
        "statusDetails" : "XFAIL\n\nselenium.common.exceptions.TimeoutException: Message: Can't find element by locator ('xpath', '//button[@data-test-active-link=\"Words\"]')\nStacktrace:\n#0 0x563d59cfe2ca <unknown>\n#1 0x563d597a5550 <unknown>\n#2 0x563d597f70f0 <unknown>\n#3 0x563d597f72e1 <unknown>\n#4 0x563d598455e4 <unknown>\n#5 0x563d5981cbed <unknown>\n#6 0x563d598429e6 <unknown>\n#7 0x563d5981c993 <unknown>\n#8 0x563d597e8d6b <unknown>\n#9 0x563d597ea141 <unknown>\n#10 0x563d59cc32ab <unknown>\n#11 0x563d59cc70b9 <unknown>\n#12 0x563d59caa139 <unknown>\n#13 0x563d59cc7c68 <unknown>\n#14 0x563d59c8e60f <unknown>\n#15 0x563d59cec1f8 <unknown>\n#16 0x563d59cec3d6 <unknown>\n#17 0x563d59cfd5e6 <unknown>\n#18 0x7fa89f49caa4 <unknown>\n#19 0x7fa89f529c3c <unknown>",
        "time" : {
          "start" : 1754804810286,
          "stop" : 1754804820698,
          "duration" : 10412
        }
      }, {
        "uid" : "c52384d9cc4ae223",
        "reportUrl" : "https://Brain-up.github.io/auto-tests-python/652//#testresult/c52384d9cc4ae223",
        "status" : "skipped",
        "statusDetails" : "XFAIL\n\nselenium.common.exceptions.TimeoutException: Message: Can't find element by locator ('xpath', '//button[@data-test-active-link=\"Words\"]')\nStacktrace:\n#0 0x55926e65a2ca <unknown>\n#1 0x55926e101550 <unknown>\n#2 0x55926e1530f0 <unknown>\n#3 0x55926e1532e1 <unknown>\n#4 0x55926e1a15e4 <unknown>\n#5 0x55926e178bed <unknown>\n#6 0x55926e19e9e6 <unknown>\n#7 0x55926e178993 <unknown>\n#8 0x55926e144d6b <unknown>\n#9 0x55926e146141 <unknown>\n#10 0x55926e61f2ab <unknown>\n#11 0x55926e6230b9 <unknown>\n#12 0x55926e606139 <unknown>\n#13 0x55926e623c68 <unknown>\n#14 0x55926e5ea60f <unknown>\n#15 0x55926e6481f8 <unknown>\n#16 0x55926e6483d6 <unknown>\n#17 0x55926e6595e6 <unknown>\n#18 0x7f1d55a9caa4 <unknown>\n#19 0x7f1d55b29c3c <unknown>",
        "time" : {
          "start" : 1754735239472,
          "stop" : 1754735249879,
          "duration" : 10407
        }
      }, {
        "uid" : "22acc10053e8bdd7",
        "reportUrl" : "https://Brain-up.github.io/auto-tests-python/651//#testresult/22acc10053e8bdd7",
        "status" : "skipped",
        "statusDetails" : "XFAIL\n\nselenium.common.exceptions.TimeoutException: Message: Can't find element by locator ('xpath', '//button[@data-test-active-link=\"Words\"]')\nStacktrace:\n#0 0x55bf8b29c87a <unknown>\n#1 0x55bf8ad412e0 <unknown>\n#2 0x55bf8ad92e00 <unknown>\n#3 0x55bf8ad92ff1 <unknown>\n#4 0x55bf8ade1324 <unknown>\n#5 0x55bf8adb88dd <unknown>\n#6 0x55bf8adde71c <unknown>\n#7 0x55bf8adb8683 <unknown>\n#8 0x55bf8ad84b5b <unknown>\n#9 0x55bf8ad85f31 <unknown>\n#10 0x55bf8b2617cb <unknown>\n#11 0x55bf8b2655d4 <unknown>\n#12 0x55bf8b2482c9 <unknown>\n#13 0x55bf8b266178 <unknown>\n#14 0x55bf8b22c6bf <unknown>\n#15 0x55bf8b289e78 <unknown>\n#16 0x55bf8b28a056 <unknown>\n#17 0x55bf8b29bb96 <unknown>\n#18 0x7fd701a9caa4 <unknown>\n#19 0x7fd701b29c3c <unknown>",
        "time" : {
          "start" : 1754656634964,
          "stop" : 1754656645364,
          "duration" : 10400
        }
      }, {
        "uid" : "fdf9d253da450548",
        "reportUrl" : "https://Brain-up.github.io/auto-tests-python/650//#testresult/fdf9d253da450548",
        "status" : "skipped",
        "statusDetails" : "XFAIL\n\nselenium.common.exceptions.TimeoutException: Message: Can't find element by locator ('xpath', '//button[@data-test-active-link=\"Words\"]')\nStacktrace:\n#0 0x56012e4f787a <unknown>\n#1 0x56012df9c2e0 <unknown>\n#2 0x56012dfede00 <unknown>\n#3 0x56012dfedff1 <unknown>\n#4 0x56012e03c324 <unknown>\n#5 0x56012e0138dd <unknown>\n#6 0x56012e03971c <unknown>\n#7 0x56012e013683 <unknown>\n#8 0x56012dfdfb5b <unknown>\n#9 0x56012dfe0f31 <unknown>\n#10 0x56012e4bc7cb <unknown>\n#11 0x56012e4c05d4 <unknown>\n#12 0x56012e4a32c9 <unknown>\n#13 0x56012e4c1178 <unknown>\n#14 0x56012e4876bf <unknown>\n#15 0x56012e4e4e78 <unknown>\n#16 0x56012e4e5056 <unknown>\n#17 0x56012e4f6b96 <unknown>\n#18 0x7fe1d169caa4 <unknown>\n#19 0x7fe1d1729c3c <unknown>",
        "time" : {
          "start" : 1754567075391,
          "stop" : 1754567085851,
          "duration" : 10460
        }
      }, {
        "uid" : "7a5cc38eb4406523",
        "reportUrl" : "https://Brain-up.github.io/auto-tests-python/649//#testresult/7a5cc38eb4406523",
        "status" : "skipped",
        "statusDetails" : "XFAIL\n\nselenium.common.exceptions.TimeoutException: Message: Can't find element by locator ('xpath', '//button[@data-test-active-link=\"Words\"]')\nStacktrace:\n#0 0x55702039887a <unknown>\n#1 0x55701fe3d2e0 <unknown>\n#2 0x55701fe8ee00 <unknown>\n#3 0x55701fe8eff1 <unknown>\n#4 0x55701fedd324 <unknown>\n#5 0x55701feb48dd <unknown>\n#6 0x55701feda71c <unknown>\n#7 0x55701feb4683 <unknown>\n#8 0x55701fe80b5b <unknown>\n#9 0x55701fe81f31 <unknown>\n#10 0x55702035d7cb <unknown>\n#11 0x5570203615d4 <unknown>\n#12 0x5570203442c9 <unknown>\n#13 0x557020362178 <unknown>\n#14 0x5570203286bf <unknown>\n#15 0x557020385e78 <unknown>\n#16 0x557020386056 <unknown>\n#17 0x557020397b96 <unknown>\n#18 0x7f7a8fc9caa4 <unknown>\n#19 0x7f7a8fd29c3c <unknown>",
        "time" : {
          "start" : 1754471874250,
          "stop" : 1754471884705,
          "duration" : 10455
        }
      }, {
        "uid" : "fb71e3af1c4a5601",
        "reportUrl" : "https://Brain-up.github.io/auto-tests-python/648//#testresult/fb71e3af1c4a5601",
        "status" : "skipped",
        "statusDetails" : "XFAIL\n\nselenium.common.exceptions.TimeoutException: Message: Can't find element by locator ('xpath', '//button[@data-test-active-link=\"Words\"]')\nStacktrace:\n#0 0x5573eab0c87a <unknown>\n#1 0x5573ea5b12e0 <unknown>\n#2 0x5573ea602e00 <unknown>\n#3 0x5573ea602ff1 <unknown>\n#4 0x5573ea651324 <unknown>\n#5 0x5573ea6288dd <unknown>\n#6 0x5573ea64e71c <unknown>\n#7 0x5573ea628683 <unknown>\n#8 0x5573ea5f4b5b <unknown>\n#9 0x5573ea5f5f31 <unknown>\n#10 0x5573eaad17cb <unknown>\n#11 0x5573eaad55d4 <unknown>\n#12 0x5573eaab82c9 <unknown>\n#13 0x5573eaad6178 <unknown>\n#14 0x5573eaa9c6bf <unknown>\n#15 0x5573eaaf9e78 <unknown>\n#16 0x5573eaafa056 <unknown>\n#17 0x5573eab0bb96 <unknown>\n#18 0x7ff68089caa4 <unknown>\n#19 0x7ff680929c3c <unknown>",
        "time" : {
          "start" : 1754424430336,
          "stop" : 1754424440761,
          "duration" : 10425
        }
      }, {
        "uid" : "db408a0f6e2441ea",
        "reportUrl" : "https://Brain-up.github.io/auto-tests-python/647//#testresult/db408a0f6e2441ea",
        "status" : "skipped",
        "statusDetails" : "XFAIL\n\nselenium.common.exceptions.TimeoutException: Message: Can't find element by locator ('xpath', '//button[@data-test-active-link=\"Words\"]')\nStacktrace:\n#0 0x5581d45ea87a <unknown>\n#1 0x5581d408f2e0 <unknown>\n#2 0x5581d40e0e00 <unknown>\n#3 0x5581d40e0ff1 <unknown>\n#4 0x5581d412f324 <unknown>\n#5 0x5581d41068dd <unknown>\n#6 0x5581d412c71c <unknown>\n#7 0x5581d4106683 <unknown>\n#8 0x5581d40d2b5b <unknown>\n#9 0x5581d40d3f31 <unknown>\n#10 0x5581d45af7cb <unknown>\n#11 0x5581d45b35d4 <unknown>\n#12 0x5581d45962c9 <unknown>\n#13 0x5581d45b4178 <unknown>\n#14 0x5581d457a6bf <unknown>\n#15 0x5581d45d7e78 <unknown>\n#16 0x5581d45d8056 <unknown>\n#17 0x5581d45e9b96 <unknown>\n#18 0x7fc75f69caa4 <unknown>\n#19 0x7fc75f729c3c <unknown>",
        "time" : {
          "start" : 1754289426069,
          "stop" : 1754289436490,
          "duration" : 10421
        }
      }, {
        "uid" : "21359c4183101761",
        "reportUrl" : "https://Brain-up.github.io/auto-tests-python/646//#testresult/21359c4183101761",
        "status" : "skipped",
        "statusDetails" : "XFAIL\n\nselenium.common.exceptions.TimeoutException: Message: Can't find element by locator ('xpath', '//button[@data-test-active-link=\"Words\"]')\nStacktrace:\n#0 0x563854b4087a <unknown>\n#1 0x5638545e52e0 <unknown>\n#2 0x563854636e00 <unknown>\n#3 0x563854636ff1 <unknown>\n#4 0x563854685324 <unknown>\n#5 0x56385465c8dd <unknown>\n#6 0x56385468271c <unknown>\n#7 0x56385465c683 <unknown>\n#8 0x563854628b5b <unknown>\n#9 0x563854629f31 <unknown>\n#10 0x563854b057cb <unknown>\n#11 0x563854b095d4 <unknown>\n#12 0x563854aec2c9 <unknown>\n#13 0x563854b0a178 <unknown>\n#14 0x563854ad06bf <unknown>\n#15 0x563854b2de78 <unknown>\n#16 0x563854b2e056 <unknown>\n#17 0x563854b3fb96 <unknown>\n#18 0x7f956d69caa4 <unknown>\n#19 0x7f956d729c3c <unknown>",
        "time" : {
          "start" : 1754225849917,
          "stop" : 1754225860323,
          "duration" : 10406
        }
      }, {
        "uid" : "876bc6bf73be2908",
        "reportUrl" : "https://Brain-up.github.io/auto-tests-python/645//#testresult/876bc6bf73be2908",
        "status" : "skipped",
        "statusDetails" : "XFAIL\n\nselenium.common.exceptions.TimeoutException: Message: Can't find element by locator ('xpath', '//button[@data-test-active-link=\"Words\"]')\nStacktrace:\n#0 0x5603c253e87a <unknown>\n#1 0x5603c1fe32e0 <unknown>\n#2 0x5603c2034e00 <unknown>\n#3 0x5603c2034ff1 <unknown>\n#4 0x5603c2083324 <unknown>\n#5 0x5603c205a8dd <unknown>\n#6 0x5603c208071c <unknown>\n#7 0x5603c205a683 <unknown>\n#8 0x5603c2026b5b <unknown>\n#9 0x5603c2027f31 <unknown>\n#10 0x5603c25037cb <unknown>\n#11 0x5603c25075d4 <unknown>\n#12 0x5603c24ea2c9 <unknown>\n#13 0x5603c2508178 <unknown>\n#14 0x5603c24ce6bf <unknown>\n#15 0x5603c252be78 <unknown>\n#16 0x5603c252c056 <unknown>\n#17 0x5603c253db96 <unknown>\n#18 0x7f1b9ce9caa4 <unknown>\n#19 0x7f1b9cf29c3c <unknown>",
        "time" : {
          "start" : 1754129252109,
          "stop" : 1754129262510,
          "duration" : 10401
        }
      }, {
        "uid" : "c3cbc3b4151457b6",
        "reportUrl" : "https://Brain-up.github.io/auto-tests-python/644//#testresult/c3cbc3b4151457b6",
        "status" : "skipped",
        "statusDetails" : "XFAIL\n\nselenium.common.exceptions.TimeoutException: Message: Can't find element by locator ('xpath', '//button[@data-test-active-link=\"Words\"]')\nStacktrace:\n#0 0x561bab46b87a <unknown>\n#1 0x561baaf102e0 <unknown>\n#2 0x561baaf61e00 <unknown>\n#3 0x561baaf61ff1 <unknown>\n#4 0x561baafb0324 <unknown>\n#5 0x561baaf878dd <unknown>\n#6 0x561baafad71c <unknown>\n#7 0x561baaf87683 <unknown>\n#8 0x561baaf53b5b <unknown>\n#9 0x561baaf54f31 <unknown>\n#10 0x561bab4307cb <unknown>\n#11 0x561bab4345d4 <unknown>\n#12 0x561bab4172c9 <unknown>\n#13 0x561bab435178 <unknown>\n#14 0x561bab3fb6bf <unknown>\n#15 0x561bab458e78 <unknown>\n#16 0x561bab459056 <unknown>\n#17 0x561bab46ab96 <unknown>\n#18 0x7f78c9c9caa4 <unknown>\n#19 0x7f78c9d29c3c <unknown>",
        "time" : {
          "start" : 1754034617961,
          "stop" : 1754034628438,
          "duration" : 10477
        }
      }, {
        "uid" : "5ab27796190ec017",
        "reportUrl" : "https://Brain-up.github.io/auto-tests-python/643//#testresult/5ab27796190ec017",
        "status" : "skipped",
        "statusDetails" : "XFAIL\n\nselenium.common.exceptions.TimeoutException: Message: Can't find element by locator ('xpath', '//button[@data-test-active-link=\"Words\"]')\nStacktrace:\n#0 0x55a6cc25c87a <unknown>\n#1 0x55a6cbd012e0 <unknown>\n#2 0x55a6cbd52e00 <unknown>\n#3 0x55a6cbd52ff1 <unknown>\n#4 0x55a6cbda1324 <unknown>\n#5 0x55a6cbd788dd <unknown>\n#6 0x55a6cbd9e71c <unknown>\n#7 0x55a6cbd78683 <unknown>\n#8 0x55a6cbd44b5b <unknown>\n#9 0x55a6cbd45f31 <unknown>\n#10 0x55a6cc2217cb <unknown>\n#11 0x55a6cc2255d4 <unknown>\n#12 0x55a6cc2082c9 <unknown>\n#13 0x55a6cc226178 <unknown>\n#14 0x55a6cc1ec6bf <unknown>\n#15 0x55a6cc249e78 <unknown>\n#16 0x55a6cc24a056 <unknown>\n#17 0x55a6cc25bb96 <unknown>\n#18 0x7f1925a9caa4 <unknown>\n#19 0x7f1925b29c3c <unknown>",
        "time" : {
          "start" : 1753947937780,
          "stop" : 1753947948195,
          "duration" : 10415
        }
      }, {
        "uid" : "2ebccc76570a5bd5",
        "reportUrl" : "https://Brain-up.github.io/auto-tests-python/642//#testresult/2ebccc76570a5bd5",
        "status" : "skipped",
        "statusDetails" : "XFAIL\n\nselenium.common.exceptions.TimeoutException: Message: Can't find element by locator ('xpath', '//button[@data-test-active-link=\"Words\"]')\nStacktrace:\n#0 0x563204e3187a <unknown>\n#1 0x5632048d62e0 <unknown>\n#2 0x563204927e00 <unknown>\n#3 0x563204927ff1 <unknown>\n#4 0x563204976324 <unknown>\n#5 0x56320494d8dd <unknown>\n#6 0x56320497371c <unknown>\n#7 0x56320494d683 <unknown>\n#8 0x563204919b5b <unknown>\n#9 0x56320491af31 <unknown>\n#10 0x563204df67cb <unknown>\n#11 0x563204dfa5d4 <unknown>\n#12 0x563204ddd2c9 <unknown>\n#13 0x563204dfb178 <unknown>\n#14 0x563204dc16bf <unknown>\n#15 0x563204e1ee78 <unknown>\n#16 0x563204e1f056 <unknown>\n#17 0x563204e30b96 <unknown>\n#18 0x7f6eb809caa4 <unknown>\n#19 0x7f6eb8129c3c <unknown>",
        "time" : {
          "start" : 1753879377733,
          "stop" : 1753879388151,
          "duration" : 10418
        }
      }, {
        "uid" : "2b0922ccd871a374",
        "reportUrl" : "https://Brain-up.github.io/auto-tests-python/641//#testresult/2b0922ccd871a374",
        "status" : "skipped",
        "statusDetails" : "XFAIL\n\nselenium.common.exceptions.TimeoutException: Message: Can't find element by locator ('xpath', '//button[@data-test-active-link=\"Words\"]')\nStacktrace:\n#0 0x559a5a7a57da <unknown>\n#1 0x559a5a24a2e0 <unknown>\n#2 0x559a5a29be00 <unknown>\n#3 0x559a5a29bff1 <unknown>\n#4 0x559a5a2ea324 <unknown>\n#5 0x559a5a2c18dd <unknown>\n#6 0x559a5a2e771c <unknown>\n#7 0x559a5a2c1683 <unknown>\n#8 0x559a5a28db5b <unknown>\n#9 0x559a5a28ef31 <unknown>\n#10 0x559a5a76a72b <unknown>\n#11 0x559a5a76e534 <unknown>\n#12 0x559a5a751229 <unknown>\n#13 0x559a5a76f0d8 <unknown>\n#14 0x559a5a73561f <unknown>\n#15 0x559a5a792dd8 <unknown>\n#16 0x559a5a792fb6 <unknown>\n#17 0x559a5a7a4af6 <unknown>\n#18 0x7f025189caa4 <unknown>\n#19 0x7f0251929c3c <unknown>",
        "time" : {
          "start" : 1753777721267,
          "stop" : 1753777731679,
          "duration" : 10412
        }
      }, {
        "uid" : "e1b7abcb77ca9f12",
        "reportUrl" : "https://Brain-up.github.io/auto-tests-python/640//#testresult/e1b7abcb77ca9f12",
        "status" : "skipped",
        "statusDetails" : "XFAIL\n\nselenium.common.exceptions.TimeoutException: Message: Can't find element by locator ('xpath', '//button[@data-test-active-link=\"Words\"]')\nStacktrace:\n#0 0x5587c71287da <unknown>\n#1 0x5587c6bcd2e0 <unknown>\n#2 0x5587c6c1ee00 <unknown>\n#3 0x5587c6c1eff1 <unknown>\n#4 0x5587c6c6d324 <unknown>\n#5 0x5587c6c448dd <unknown>\n#6 0x5587c6c6a71c <unknown>\n#7 0x5587c6c44683 <unknown>\n#8 0x5587c6c10b5b <unknown>\n#9 0x5587c6c11f31 <unknown>\n#10 0x5587c70ed72b <unknown>\n#11 0x5587c70f1534 <unknown>\n#12 0x5587c70d4229 <unknown>\n#13 0x5587c70f20d8 <unknown>\n#14 0x5587c70b861f <unknown>\n#15 0x5587c7115dd8 <unknown>\n#16 0x5587c7115fb6 <unknown>\n#17 0x5587c7127af6 <unknown>\n#18 0x7fc097a9caa4 <unknown>\n#19 0x7fc097b29c3c <unknown>",
        "time" : {
          "start" : 1753687637003,
          "stop" : 1753687647404,
          "duration" : 10401
        }
      }, {
        "uid" : "8d36b5f45beb8148",
        "reportUrl" : "https://Brain-up.github.io/auto-tests-python/639//#testresult/8d36b5f45beb8148",
        "status" : "skipped",
        "statusDetails" : "XFAIL\n\nselenium.common.exceptions.TimeoutException: Message: Can't find element by locator ('xpath', '//button[@data-test-active-link=\"Words\"]')\nStacktrace:\n#0 0x55ff064707da <unknown>\n#1 0x55ff05f152e0 <unknown>\n#2 0x55ff05f66e00 <unknown>\n#3 0x55ff05f66ff1 <unknown>\n#4 0x55ff05fb5324 <unknown>\n#5 0x55ff05f8c8dd <unknown>\n#6 0x55ff05fb271c <unknown>\n#7 0x55ff05f8c683 <unknown>\n#8 0x55ff05f58b5b <unknown>\n#9 0x55ff05f59f31 <unknown>\n#10 0x55ff0643572b <unknown>\n#11 0x55ff06439534 <unknown>\n#12 0x55ff0641c229 <unknown>\n#13 0x55ff0643a0d8 <unknown>\n#14 0x55ff0640061f <unknown>\n#15 0x55ff0645ddd8 <unknown>\n#16 0x55ff0645dfb6 <unknown>\n#17 0x55ff0646faf6 <unknown>\n#18 0x7fee1089caa4 <unknown>\n#19 0x7fee10929c3c <unknown>",
        "time" : {
          "start" : 1753563632059,
          "stop" : 1753563642275,
          "duration" : 10216
        }
      }, {
        "uid" : "16c5bab979778469",
        "reportUrl" : "https://Brain-up.github.io/auto-tests-python/638//#testresult/16c5bab979778469",
        "status" : "skipped",
        "statusDetails" : "XFAIL\n\nselenium.common.exceptions.TimeoutException: Message: Can't find element by locator ('xpath', '//button[@data-test-active-link=\"Words\"]')\nStacktrace:\n#0 0x55602bd8c7da <unknown>\n#1 0x55602b8312e0 <unknown>\n#2 0x55602b882e00 <unknown>\n#3 0x55602b882ff1 <unknown>\n#4 0x55602b8d1324 <unknown>\n#5 0x55602b8a88dd <unknown>\n#6 0x55602b8ce71c <unknown>\n#7 0x55602b8a8683 <unknown>\n#8 0x55602b874b5b <unknown>\n#9 0x55602b875f31 <unknown>\n#10 0x55602bd5172b <unknown>\n#11 0x55602bd55534 <unknown>\n#12 0x55602bd38229 <unknown>\n#13 0x55602bd560d8 <unknown>\n#14 0x55602bd1c61f <unknown>\n#15 0x55602bd79dd8 <unknown>\n#16 0x55602bd79fb6 <unknown>\n#17 0x55602bd8baf6 <unknown>\n#18 0x7f4c2ac9caa4 <unknown>\n#19 0x7f4c2ad29c3c <unknown>",
        "time" : {
          "start" : 1753439601290,
          "stop" : 1753439611725,
          "duration" : 10435
        }
      } ]
    },
    "tags" : [ "@pytest.mark.xfail" ]
  },
  "source" : "f72d560fb111afa6.json",
  "parameterValues" : [ ]
}