{
  "uid" : "d9ccca678cced513",
  "name" : "Select random card from \"Word\" group and compare UI vs BACKEND data",
  "fullName" : "tests.test_speech_exercises_en.TestCardsEN#test_random_word_cards_en",
  "historyId" : "84999af5e98c6318908a9abbfe6fc3a3",
  "time" : {
    "start" : 1743384261088,
    "stop" : 1743384281751,
    "duration" : 20663
  },
  "status" : "skipped",
  "statusMessage" : "XFAIL\n\nselenium.common.exceptions.TimeoutException: Message: Can't find element by locator ('xpath', '//button[@data-test-active-link=\"Words\"]')\nStacktrace:\n#0 0x561578b78ffa <unknown>\n#1 0x561578637970 <unknown>\n#2 0x561578689385 <unknown>\n#3 0x5615786895b1 <unknown>\n#4 0x5615786d83c4 <unknown>\n#5 0x5615786af2bd <unknown>\n#6 0x5615786d570c <unknown>\n#7 0x5615786af063 <unknown>\n#8 0x56157867b328 <unknown>\n#9 0x56157867c491 <unknown>\n#10 0x561578b4042b <unknown>\n#11 0x561578b442ec <unknown>\n#12 0x561578b27a22 <unknown>\n#13 0x561578b44e64 <unknown>\n#14 0x561578b0bbef <unknown>\n#15 0x561578b67558 <unknown>\n#16 0x561578b67736 <unknown>\n#17 0x561578b77e76 <unknown>\n#18 0x7f7a5349caa4 <unknown>\n#19 0x7f7a53529c3c <unknown>",
  "statusTrace" : "self = <tests.test_speech_exercises_en.TestCardsEN object at 0x7fa49c6c7980>\ndriver = <selenium.webdriver.chrome.webdriver.WebDriver (session=\"2eb148622a2e27733303a2f1749b09d6\")>\nspecialist_user_authorized = None\n\n    @pytest.mark.xfail\n    @allure.suite(\"Speech exercises EN.\")\n    @allure.title('Select random card from \"Word\" group and compare UI vs BACKEND data')\n    def test_random_word_cards_en(self, driver, specialist_user_authorized):\n        page = SpeechExercisesPage(driver)\n>       page.select_group(SpeechExercisesPageLocators.WORDS_BUTTON_EN)\n\ntests/test_speech_exercises_en.py:16: \n_ _ _ _ _ _ _ _ _ _ _ _ _ _ _ _ _ _ _ _ _ _ _ _ _ _ _ _ _ _ _ _ _ _ _ _ _ _ _ _ \npages/speech_exercises_page_en.py:18: in select_group\n    text_of_the_button = self.element_is_present_and_clickable(selector_for_sub_group)\npages/base_page.py:40: in element_is_present_and_clickable\n    return (Wait(self.driver, self.timeout).until(\n_ _ _ _ _ _ _ _ _ _ _ _ _ _ _ _ _ _ _ _ _ _ _ _ _ _ _ _ _ _ _ _ _ _ _ _ _ _ _ _ \n\nself = <selenium.webdriver.support.wait.WebDriverWait (session=\"2eb148622a2e27733303a2f1749b09d6\")>\nmethod = <function visibility_of_element_located.<locals>._predicate at 0x7fa49c7c3920>\nmessage = 'Can\\'t find element by locator (\\'xpath\\', \\'//button[@data-test-active-link=\"Words\"]\\')'\n\n    def until(self, method, message: str = \"\"):\n        \"\"\"Calls the method provided with the driver as an argument until the \\\n        return value does not evaluate to ``False``.\n    \n        :param method: callable(WebDriver)\n        :param message: optional message for :exc:`TimeoutException`\n        :returns: the result of the last call to `method`\n        :raises: :exc:`selenium.common.exceptions.TimeoutException` if timeout occurs\n        \"\"\"\n        screen = None\n        stacktrace = None\n    \n        end_time = time.monotonic() + self._timeout\n        while True:\n            try:\n                value = method(self._driver)\n                if value:\n                    return value\n            except self._ignored_exceptions as exc:\n                screen = getattr(exc, \"screen\", None)\n                stacktrace = getattr(exc, \"stacktrace\", None)\n            time.sleep(self._poll)\n            if time.monotonic() > end_time:\n                break\n>       raise TimeoutException(message, screen, stacktrace)\nE       selenium.common.exceptions.TimeoutException: Message: Can't find element by locator ('xpath', '//button[@data-test-active-link=\"Words\"]')\nE       Stacktrace:\nE       #0 0x561578b78ffa <unknown>\nE       #1 0x561578637970 <unknown>\nE       #2 0x561578689385 <unknown>\nE       #3 0x5615786895b1 <unknown>\nE       #4 0x5615786d83c4 <unknown>\nE       #5 0x5615786af2bd <unknown>\nE       #6 0x5615786d570c <unknown>\nE       #7 0x5615786af063 <unknown>\nE       #8 0x56157867b328 <unknown>\nE       #9 0x56157867c491 <unknown>\nE       #10 0x561578b4042b <unknown>\nE       #11 0x561578b442ec <unknown>\nE       #12 0x561578b27a22 <unknown>\nE       #13 0x561578b44e64 <unknown>\nE       #14 0x561578b0bbef <unknown>\nE       #15 0x561578b67558 <unknown>\nE       #16 0x561578b67736 <unknown>\nE       #17 0x561578b77e76 <unknown>\nE       #18 0x7f7a5349caa4 <unknown>\nE       #19 0x7f7a53529c3c <unknown>\n\n/opt/hostedtoolcache/Python/3.12.9/x64/lib/python3.12/site-packages/selenium/webdriver/support/wait.py:95: TimeoutException",
  "flaky" : false,
  "newFailed" : false,
  "beforeStages" : [ {
    "name" : "driver",
    "time" : {
      "start" : 1743384254995,
      "stop" : 1743384255829,
      "duration" : 834
    },
    "status" : "passed",
    "steps" : [ ],
    "attachments" : [ ],
    "parameters" : [ ],
    "stepsCount" : 0,
    "attachmentsCount" : 0,
    "shouldDisplayMessage" : false,
    "hasContent" : false
  }, {
    "name" : "clear_allure_results_folder",
    "time" : {
      "start" : 1743383046641,
      "stop" : 1743383046641,
      "duration" : 0
    },
    "status" : "passed",
    "steps" : [ ],
    "attachments" : [ ],
    "parameters" : [ ],
    "stepsCount" : 0,
    "attachmentsCount" : 0,
    "shouldDisplayMessage" : false,
    "hasContent" : false
  }, {
    "name" : "main_page_open",
    "time" : {
      "start" : 1743384255829,
      "stop" : 1743384258627,
      "duration" : 2798
    },
    "status" : "passed",
    "steps" : [ {
      "name" : "Open page: https://www.brainup.site/",
      "time" : {
        "start" : 1743384255829,
        "stop" : 1743384258627,
        "duration" : 2798
      },
      "status" : "passed",
      "steps" : [ ],
      "attachments" : [ ],
      "parameters" : [ {
        "name" : "driver",
        "value" : "<selenium.webdriver.chrome.webdriver.WebDriver (session=\"2eb148622a2e27733303a2f1749b09d6\")>"
      } ],
      "stepsCount" : 0,
      "attachmentsCount" : 0,
      "shouldDisplayMessage" : false,
      "hasContent" : true
    } ],
    "attachments" : [ ],
    "parameters" : [ ],
    "stepsCount" : 1,
    "attachmentsCount" : 0,
    "shouldDisplayMessage" : false,
    "hasContent" : true
  }, {
    "name" : "specialist_user_authorized",
    "time" : {
      "start" : 1743384258627,
      "stop" : 1743384261087,
      "duration" : 2460
    },
    "status" : "passed",
    "steps" : [ {
      "name" : "USER specialist authorized",
      "time" : {
        "start" : 1743384258628,
        "stop" : 1743384261087,
        "duration" : 2459
      },
      "status" : "passed",
      "steps" : [ {
        "name" : "Check url is present: https://www.brainup.site/groups",
        "time" : {
          "start" : 1743384259026,
          "stop" : 1743384261062,
          "duration" : 2036
        },
        "status" : "passed",
        "steps" : [ ],
        "attachments" : [ ],
        "parameters" : [ ],
        "stepsCount" : 0,
        "attachmentsCount" : 0,
        "shouldDisplayMessage" : false,
        "hasContent" : false
      }, {
        "name" : "Loader checking",
        "time" : {
          "start" : 1743384261062,
          "stop" : 1743384261087,
          "duration" : 25
        },
        "status" : "passed",
        "steps" : [ ],
        "attachments" : [ ],
        "parameters" : [ ],
        "stepsCount" : 0,
        "attachmentsCount" : 0,
        "shouldDisplayMessage" : false,
        "hasContent" : false
      } ],
      "attachments" : [ ],
      "parameters" : [ {
        "name" : "driver",
        "value" : "<selenium.webdriver.chrome.webdriver.WebDriver (session=\"2eb148622a2e27733303a2f1749b09d6\")>"
      }, {
        "name" : "main_page_open",
        "value" : "None"
      } ],
      "stepsCount" : 2,
      "attachmentsCount" : 0,
      "shouldDisplayMessage" : false,
      "hasContent" : true
    } ],
    "attachments" : [ ],
    "parameters" : [ ],
    "stepsCount" : 3,
    "attachmentsCount" : 0,
    "shouldDisplayMessage" : false,
    "hasContent" : true
  } ],
  "testStage" : {
    "status" : "skipped",
    "statusMessage" : "XFAIL\n\nselenium.common.exceptions.TimeoutException: Message: Can't find element by locator ('xpath', '//button[@data-test-active-link=\"Words\"]')\nStacktrace:\n#0 0x561578b78ffa <unknown>\n#1 0x561578637970 <unknown>\n#2 0x561578689385 <unknown>\n#3 0x5615786895b1 <unknown>\n#4 0x5615786d83c4 <unknown>\n#5 0x5615786af2bd <unknown>\n#6 0x5615786d570c <unknown>\n#7 0x5615786af063 <unknown>\n#8 0x56157867b328 <unknown>\n#9 0x56157867c491 <unknown>\n#10 0x561578b4042b <unknown>\n#11 0x561578b442ec <unknown>\n#12 0x561578b27a22 <unknown>\n#13 0x561578b44e64 <unknown>\n#14 0x561578b0bbef <unknown>\n#15 0x561578b67558 <unknown>\n#16 0x561578b67736 <unknown>\n#17 0x561578b77e76 <unknown>\n#18 0x7f7a5349caa4 <unknown>\n#19 0x7f7a53529c3c <unknown>",
    "statusTrace" : "self = <tests.test_speech_exercises_en.TestCardsEN object at 0x7fa49c6c7980>\ndriver = <selenium.webdriver.chrome.webdriver.WebDriver (session=\"2eb148622a2e27733303a2f1749b09d6\")>\nspecialist_user_authorized = None\n\n    @pytest.mark.xfail\n    @allure.suite(\"Speech exercises EN.\")\n    @allure.title('Select random card from \"Word\" group and compare UI vs BACKEND data')\n    def test_random_word_cards_en(self, driver, specialist_user_authorized):\n        page = SpeechExercisesPage(driver)\n>       page.select_group(SpeechExercisesPageLocators.WORDS_BUTTON_EN)\n\ntests/test_speech_exercises_en.py:16: \n_ _ _ _ _ _ _ _ _ _ _ _ _ _ _ _ _ _ _ _ _ _ _ _ _ _ _ _ _ _ _ _ _ _ _ _ _ _ _ _ \npages/speech_exercises_page_en.py:18: in select_group\n    text_of_the_button = self.element_is_present_and_clickable(selector_for_sub_group)\npages/base_page.py:40: in element_is_present_and_clickable\n    return (Wait(self.driver, self.timeout).until(\n_ _ _ _ _ _ _ _ _ _ _ _ _ _ _ _ _ _ _ _ _ _ _ _ _ _ _ _ _ _ _ _ _ _ _ _ _ _ _ _ \n\nself = <selenium.webdriver.support.wait.WebDriverWait (session=\"2eb148622a2e27733303a2f1749b09d6\")>\nmethod = <function visibility_of_element_located.<locals>._predicate at 0x7fa49c7c3920>\nmessage = 'Can\\'t find element by locator (\\'xpath\\', \\'//button[@data-test-active-link=\"Words\"]\\')'\n\n    def until(self, method, message: str = \"\"):\n        \"\"\"Calls the method provided with the driver as an argument until the \\\n        return value does not evaluate to ``False``.\n    \n        :param method: callable(WebDriver)\n        :param message: optional message for :exc:`TimeoutException`\n        :returns: the result of the last call to `method`\n        :raises: :exc:`selenium.common.exceptions.TimeoutException` if timeout occurs\n        \"\"\"\n        screen = None\n        stacktrace = None\n    \n        end_time = time.monotonic() + self._timeout\n        while True:\n            try:\n                value = method(self._driver)\n                if value:\n                    return value\n            except self._ignored_exceptions as exc:\n                screen = getattr(exc, \"screen\", None)\n                stacktrace = getattr(exc, \"stacktrace\", None)\n            time.sleep(self._poll)\n            if time.monotonic() > end_time:\n                break\n>       raise TimeoutException(message, screen, stacktrace)\nE       selenium.common.exceptions.TimeoutException: Message: Can't find element by locator ('xpath', '//button[@data-test-active-link=\"Words\"]')\nE       Stacktrace:\nE       #0 0x561578b78ffa <unknown>\nE       #1 0x561578637970 <unknown>\nE       #2 0x561578689385 <unknown>\nE       #3 0x5615786895b1 <unknown>\nE       #4 0x5615786d83c4 <unknown>\nE       #5 0x5615786af2bd <unknown>\nE       #6 0x5615786d570c <unknown>\nE       #7 0x5615786af063 <unknown>\nE       #8 0x56157867b328 <unknown>\nE       #9 0x56157867c491 <unknown>\nE       #10 0x561578b4042b <unknown>\nE       #11 0x561578b442ec <unknown>\nE       #12 0x561578b27a22 <unknown>\nE       #13 0x561578b44e64 <unknown>\nE       #14 0x561578b0bbef <unknown>\nE       #15 0x561578b67558 <unknown>\nE       #16 0x561578b67736 <unknown>\nE       #17 0x561578b77e76 <unknown>\nE       #18 0x7f7a5349caa4 <unknown>\nE       #19 0x7f7a53529c3c <unknown>\n\n/opt/hostedtoolcache/Python/3.12.9/x64/lib/python3.12/site-packages/selenium/webdriver/support/wait.py:95: TimeoutException",
    "steps" : [ {
      "name" : "select_group",
      "time" : {
        "start" : 1743384261088,
        "stop" : 1743384281750,
        "duration" : 20662
      },
      "status" : "broken",
      "statusMessage" : "selenium.common.exceptions.TimeoutException: Message: Can't find element by locator ('xpath', '//button[@data-test-active-link=\"Words\"]')\nStacktrace:\n#0 0x561578b78ffa <unknown>\n#1 0x561578637970 <unknown>\n#2 0x561578689385 <unknown>\n#3 0x5615786895b1 <unknown>\n#4 0x5615786d83c4 <unknown>\n#5 0x5615786af2bd <unknown>\n#6 0x5615786d570c <unknown>\n#7 0x5615786af063 <unknown>\n#8 0x56157867b328 <unknown>\n#9 0x56157867c491 <unknown>\n#10 0x561578b4042b <unknown>\n#11 0x561578b442ec <unknown>\n#12 0x561578b27a22 <unknown>\n#13 0x561578b44e64 <unknown>\n#14 0x561578b0bbef <unknown>\n#15 0x561578b67558 <unknown>\n#16 0x561578b67736 <unknown>\n#17 0x561578b77e76 <unknown>\n#18 0x7f7a5349caa4 <unknown>\n#19 0x7f7a53529c3c <unknown>\n\n",
      "statusTrace" : "  File \"/opt/hostedtoolcache/Python/3.12.9/x64/lib/python3.12/site-packages/allure_commons/_allure.py\", line 192, in impl\n    return func(*a, **kw)\n           ^^^^^^^^^^^^^^\n  File \"/home/runner/work/auto-tests-python/auto-tests-python/pages/speech_exercises_page_en.py\", line 18, in select_group\n    text_of_the_button = self.element_is_present_and_clickable(selector_for_sub_group)\n                         ^^^^^^^^^^^^^^^^^^^^^^^^^^^^^^^^^^^^^^^^^^^^^^^^^^^^^^^^^^^^^\n  File \"/home/runner/work/auto-tests-python/auto-tests-python/pages/base_page.py\", line 40, in element_is_present_and_clickable\n    return (Wait(self.driver, self.timeout).until(\n            ^^^^^^^^^^^^^^^^^^^^^^^^^^^^^^^^^^^^^^\n  File \"/opt/hostedtoolcache/Python/3.12.9/x64/lib/python3.12/site-packages/selenium/webdriver/support/wait.py\", line 95, in until\n    raise TimeoutException(message, screen, stacktrace)\n",
      "steps" : [ {
        "name" : "Select Russian language. Click \"EN\" button.",
        "time" : {
          "start" : 1743384261088,
          "stop" : 1743384261160,
          "duration" : 72
        },
        "status" : "passed",
        "steps" : [ ],
        "attachments" : [ ],
        "parameters" : [ ],
        "stepsCount" : 0,
        "attachmentsCount" : 0,
        "shouldDisplayMessage" : false,
        "hasContent" : false
      }, {
        "name" : "Click button \"SPEECH EXERCISES\".",
        "time" : {
          "start" : 1743384261160,
          "stop" : 1743384261239,
          "duration" : 79
        },
        "status" : "passed",
        "steps" : [ ],
        "attachments" : [ ],
        "parameters" : [ ],
        "stepsCount" : 0,
        "attachmentsCount" : 0,
        "shouldDisplayMessage" : false,
        "hasContent" : false
      } ],
      "attachments" : [ ],
      "parameters" : [ {
        "name" : "selector_for_sub_group",
        "value" : "('xpath', '//button[@data-test-active-link=\"Words\"]')"
      } ],
      "stepsCount" : 2,
      "attachmentsCount" : 0,
      "shouldDisplayMessage" : true,
      "hasContent" : true
    } ],
    "attachments" : [ ],
    "parameters" : [ ],
    "stepsCount" : 3,
    "attachmentsCount" : 0,
    "shouldDisplayMessage" : true,
    "hasContent" : true
  },
  "afterStages" : [ {
    "name" : "driver::0",
    "time" : {
      "start" : 1743384281761,
      "stop" : 1743384281827,
      "duration" : 66
    },
    "status" : "passed",
    "steps" : [ ],
    "attachments" : [ ],
    "parameters" : [ ],
    "stepsCount" : 0,
    "attachmentsCount" : 0,
    "shouldDisplayMessage" : false,
    "hasContent" : false
  } ],
  "labels" : [ {
    "name" : "suite",
    "value" : "Speech exercises EN."
  }, {
    "name" : "epic",
    "value" : "Speech exercises."
  }, {
    "name" : "tag",
    "value" : "@pytest.mark.xfail"
  }, {
    "name" : "parentSuite",
    "value" : "tests"
  }, {
    "name" : "subSuite",
    "value" : "TestCardsEN"
  }, {
    "name" : "host",
    "value" : "fv-az1712-672"
  }, {
    "name" : "thread",
    "value" : "2433-MainThread"
  }, {
    "name" : "framework",
    "value" : "pytest"
  }, {
    "name" : "language",
    "value" : "cpython3"
  }, {
    "name" : "package",
    "value" : "tests.test_speech_exercises_en"
  }, {
    "name" : "resultFormat",
    "value" : "allure2"
  } ],
  "parameters" : [ ],
  "links" : [ ],
  "hidden" : false,
  "retry" : false,
  "extra" : {
    "severity" : "normal",
    "retries" : [ ],
    "categories" : [ ],
    "history" : {
      "statistic" : {
        "failed" : 0,
        "broken" : 0,
        "skipped" : 68,
        "passed" : 0,
        "unknown" : 0,
        "total" : 68
      },
      "items" : [ {
        "uid" : "5fab86101522130b",
        "reportUrl" : "https://Brain-up.github.io/auto-tests-python/319//#testresult/5fab86101522130b",
        "status" : "skipped",
        "statusDetails" : "XFAIL\n\nselenium.common.exceptions.TimeoutException: Message: Can't find element by locator ('xpath', '//button[@data-test-active-link=\"Words\"]')\nStacktrace:\n#0 0x5572c4645ffa <unknown>\n#1 0x5572c4104970 <unknown>\n#2 0x5572c4156385 <unknown>\n#3 0x5572c41565b1 <unknown>\n#4 0x5572c41a53c4 <unknown>\n#5 0x5572c417c2bd <unknown>\n#6 0x5572c41a270c <unknown>\n#7 0x5572c417c063 <unknown>\n#8 0x5572c4148328 <unknown>\n#9 0x5572c4149491 <unknown>\n#10 0x5572c460d42b <unknown>\n#11 0x5572c46112ec <unknown>\n#12 0x5572c45f4a22 <unknown>\n#13 0x5572c4611e64 <unknown>\n#14 0x5572c45d8bef <unknown>\n#15 0x5572c4634558 <unknown>\n#16 0x5572c4634736 <unknown>\n#17 0x5572c4644e76 <unknown>\n#18 0x7f5c2349caa4 <unknown>\n#19 0x7f5c23529c3c <unknown>",
        "time" : {
          "start" : 1743298122398,
          "stop" : 1743298143030,
          "duration" : 20632
        }
      }, {
        "uid" : "6a1fe13586f7e94",
        "reportUrl" : "https://Brain-up.github.io/auto-tests-python/524//#testresult/6a1fe13586f7e94",
        "status" : "skipped",
        "statusDetails" : "XFAIL\n\nselenium.common.exceptions.TimeoutException: Message: Can't find element by locator ('xpath', '//button[@data-test-active-link=\"Words\"]')\nStacktrace:\n#0 0x56244b026ffa <unknown>\n#1 0x56244aae5970 <unknown>\n#2 0x56244ab37385 <unknown>\n#3 0x56244ab375b1 <unknown>\n#4 0x56244ab863c4 <unknown>\n#5 0x56244ab5d2bd <unknown>\n#6 0x56244ab8370c <unknown>\n#7 0x56244ab5d063 <unknown>\n#8 0x56244ab29328 <unknown>\n#9 0x56244ab2a491 <unknown>\n#10 0x56244afee42b <unknown>\n#11 0x56244aff22ec <unknown>\n#12 0x56244afd5a22 <unknown>\n#13 0x56244aff2e64 <unknown>\n#14 0x56244afb9bef <unknown>\n#15 0x56244b015558 <unknown>\n#16 0x56244b015736 <unknown>\n#17 0x56244b025e76 <unknown>\n#18 0x7f5257c9caa4 <unknown>\n#19 0x7f5257d29c3c <unknown>",
        "time" : {
          "start" : 1743283503285,
          "stop" : 1743283523437,
          "duration" : 20152
        }
      }, {
        "uid" : "1c76f23b3eb2ae9e",
        "reportUrl" : "https://Brain-up.github.io/auto-tests-python/523//#testresult/1c76f23b3eb2ae9e",
        "status" : "skipped",
        "statusDetails" : "XFAIL\n\nselenium.common.exceptions.TimeoutException: Message: Can't find element by locator ('xpath', '//button[@data-test-active-link=\"Words\"]')\nStacktrace:\n#0 0x55a19bd56a1a <unknown>\n#1 0x55a19b80e390 <unknown>\n#2 0x55a19b85fc85 <unknown>\n#3 0x55a19b85feb1 <unknown>\n#4 0x55a19b8aed64 <unknown>\n#5 0x55a19b885bfd <unknown>\n#6 0x55a19b8ac07b <unknown>\n#7 0x55a19b8859a3 <unknown>\n#8 0x55a19b85160e <unknown>\n#9 0x55a19b852dd1 <unknown>\n#10 0x55a19bd1cddb <unknown>\n#11 0x55a19bd20cbc <unknown>\n#12 0x55a19bd04392 <unknown>\n#13 0x55a19bd21834 <unknown>\n#14 0x55a19bce81ef <unknown>\n#15 0x55a19bd45038 <unknown>\n#16 0x55a19bd45216 <unknown>\n#17 0x55a19bd55896 <unknown>\n#18 0x7f490469caa4 <unknown>\n#19 0x7f4904729c3c <unknown>",
        "time" : {
          "start" : 1743262797842,
          "stop" : 1743262818000,
          "duration" : 20158
        }
      }, {
        "uid" : "8e6c79297be0dcbd",
        "reportUrl" : "https://Brain-up.github.io/auto-tests-python/318//#testresult/8e6c79297be0dcbd",
        "status" : "skipped",
        "statusDetails" : "XFAIL\n\nselenium.common.exceptions.TimeoutException: Message: Can't find element by locator ('xpath', '//button[@data-test-active-link=\"Words\"]')\nStacktrace:\n#0 0x55bc828bfffa <unknown>\n#1 0x55bc8237e970 <unknown>\n#2 0x55bc823d0385 <unknown>\n#3 0x55bc823d05b1 <unknown>\n#4 0x55bc8241f3c4 <unknown>\n#5 0x55bc823f62bd <unknown>\n#6 0x55bc8241c70c <unknown>\n#7 0x55bc823f6063 <unknown>\n#8 0x55bc823c2328 <unknown>\n#9 0x55bc823c3491 <unknown>\n#10 0x55bc8288742b <unknown>\n#11 0x55bc8288b2ec <unknown>\n#12 0x55bc8286ea22 <unknown>\n#13 0x55bc8288be64 <unknown>\n#14 0x55bc82852bef <unknown>\n#15 0x55bc828ae558 <unknown>\n#16 0x55bc828ae736 <unknown>\n#17 0x55bc828bee76 <unknown>\n#18 0x7fe132a9caa4 <unknown>\n#19 0x7fe132b29c3c <unknown>",
        "time" : {
          "start" : 1743211535102,
          "stop" : 1743211555751,
          "duration" : 20649
        }
      }, {
        "uid" : "ec96eb420913cec7",
        "reportUrl" : "https://Brain-up.github.io/auto-tests-python/317//#testresult/ec96eb420913cec7",
        "status" : "skipped",
        "statusDetails" : "XFAIL\n\nselenium.common.exceptions.TimeoutException: Message: Can't find element by locator ('xpath', '//button[@data-test-active-link=\"Words\"]')\nStacktrace:\n#0 0x55cccaa72ffa <unknown>\n#1 0x55ccca531970 <unknown>\n#2 0x55ccca583385 <unknown>\n#3 0x55ccca5835b1 <unknown>\n#4 0x55ccca5d23c4 <unknown>\n#5 0x55ccca5a92bd <unknown>\n#6 0x55ccca5cf70c <unknown>\n#7 0x55ccca5a9063 <unknown>\n#8 0x55ccca575328 <unknown>\n#9 0x55ccca576491 <unknown>\n#10 0x55cccaa3a42b <unknown>\n#11 0x55cccaa3e2ec <unknown>\n#12 0x55cccaa21a22 <unknown>\n#13 0x55cccaa3ee64 <unknown>\n#14 0x55cccaa05bef <unknown>\n#15 0x55cccaa61558 <unknown>\n#16 0x55cccaa61736 <unknown>\n#17 0x55cccaa71e76 <unknown>\n#18 0x7f51d1a9caa4 <unknown>\n#19 0x7f51d1b29c3c <unknown>",
        "time" : {
          "start" : 1743124998596,
          "stop" : 1743125019233,
          "duration" : 20637
        }
      }, {
        "uid" : "6c545aa18a194bce",
        "reportUrl" : "https://Brain-up.github.io/auto-tests-python/522//#testresult/6c545aa18a194bce",
        "status" : "skipped",
        "statusDetails" : "XFAIL\n\nselenium.common.exceptions.TimeoutException: Message: Can't find element by locator ('xpath', '//button[@data-test-active-link=\"Words\"]')\nStacktrace:\n#0 0x55db4b1a2ffa <unknown>\n#1 0x55db4ac61970 <unknown>\n#2 0x55db4acb3385 <unknown>\n#3 0x55db4acb35b1 <unknown>\n#4 0x55db4ad023c4 <unknown>\n#5 0x55db4acd92bd <unknown>\n#6 0x55db4acff70c <unknown>\n#7 0x55db4acd9063 <unknown>\n#8 0x55db4aca5328 <unknown>\n#9 0x55db4aca6491 <unknown>\n#10 0x55db4b16a42b <unknown>\n#11 0x55db4b16e2ec <unknown>\n#12 0x55db4b151a22 <unknown>\n#13 0x55db4b16ee64 <unknown>\n#14 0x55db4b135bef <unknown>\n#15 0x55db4b191558 <unknown>\n#16 0x55db4b191736 <unknown>\n#17 0x55db4b1a1e76 <unknown>\n#18 0x7faddac9caa4 <unknown>\n#19 0x7faddad29c3c <unknown>",
        "time" : {
          "start" : 1743111234647,
          "stop" : 1743111255268,
          "duration" : 20621
        }
      }, {
        "uid" : "c9dcaffcad957401",
        "reportUrl" : "https://Brain-up.github.io/auto-tests-python/521//#testresult/c9dcaffcad957401",
        "status" : "skipped",
        "statusDetails" : "XFAIL\n\nselenium.common.exceptions.TimeoutException: Message: Can't find element by locator ('xpath', '//button[@data-test-active-link=\"Words\"]')\nStacktrace:\n#0 0x55df6389fffa <unknown>\n#1 0x55df6335e970 <unknown>\n#2 0x55df633b0385 <unknown>\n#3 0x55df633b05b1 <unknown>\n#4 0x55df633ff3c4 <unknown>\n#5 0x55df633d62bd <unknown>\n#6 0x55df633fc70c <unknown>\n#7 0x55df633d6063 <unknown>\n#8 0x55df633a2328 <unknown>\n#9 0x55df633a3491 <unknown>\n#10 0x55df6386742b <unknown>\n#11 0x55df6386b2ec <unknown>\n#12 0x55df6384ea22 <unknown>\n#13 0x55df6386be64 <unknown>\n#14 0x55df63832bef <unknown>\n#15 0x55df6388e558 <unknown>\n#16 0x55df6388e736 <unknown>\n#17 0x55df6389ee76 <unknown>\n#18 0x7f77f289caa4 <unknown>\n#19 0x7f77f2929c3c <unknown>",
        "time" : {
          "start" : 1743100042780,
          "stop" : 1743100062944,
          "duration" : 20164
        }
      }, {
        "uid" : "6fbf1d16b8abff74",
        "reportUrl" : "https://Brain-up.github.io/auto-tests-python/316//#testresult/6fbf1d16b8abff74",
        "status" : "skipped",
        "statusDetails" : "XFAIL\n\nselenium.common.exceptions.TimeoutException: Message: Can't find element by locator ('xpath', '//button[@data-test-active-link=\"Words\"]')\nStacktrace:\n#0 0x55dc6361ea1a <unknown>\n#1 0x55dc630d6390 <unknown>\n#2 0x55dc63127c85 <unknown>\n#3 0x55dc63127eb1 <unknown>\n#4 0x55dc63176d64 <unknown>\n#5 0x55dc6314dbfd <unknown>\n#6 0x55dc6317407b <unknown>\n#7 0x55dc6314d9a3 <unknown>\n#8 0x55dc6311960e <unknown>\n#9 0x55dc6311add1 <unknown>\n#10 0x55dc635e4ddb <unknown>\n#11 0x55dc635e8cbc <unknown>\n#12 0x55dc635cc392 <unknown>\n#13 0x55dc635e9834 <unknown>\n#14 0x55dc635b01ef <unknown>\n#15 0x55dc6360d038 <unknown>\n#16 0x55dc6360d216 <unknown>\n#17 0x55dc6361d896 <unknown>\n#18 0x7fc5f369caa4 <unknown>\n#19 0x7fc5f3729c3c <unknown>",
        "time" : {
          "start" : 1743038372504,
          "stop" : 1743038392685,
          "duration" : 20181
        }
      }, {
        "uid" : "d4c70fa792766424",
        "reportUrl" : "https://Brain-up.github.io/auto-tests-python/520//#testresult/d4c70fa792766424",
        "status" : "skipped",
        "statusDetails" : "XFAIL\n\nselenium.common.exceptions.TimeoutException: Message: Can't find element by locator ('xpath', '//button[@data-test-active-link=\"Words\"]')\nStacktrace:\n#0 0x559e43c5aa1a <unknown>\n#1 0x559e43712390 <unknown>\n#2 0x559e43763c85 <unknown>\n#3 0x559e43763eb1 <unknown>\n#4 0x559e437b2d64 <unknown>\n#5 0x559e43789bfd <unknown>\n#6 0x559e437b007b <unknown>\n#7 0x559e437899a3 <unknown>\n#8 0x559e4375560e <unknown>\n#9 0x559e43756dd1 <unknown>\n#10 0x559e43c20ddb <unknown>\n#11 0x559e43c24cbc <unknown>\n#12 0x559e43c08392 <unknown>\n#13 0x559e43c25834 <unknown>\n#14 0x559e43bec1ef <unknown>\n#15 0x559e43c49038 <unknown>\n#16 0x559e43c49216 <unknown>\n#17 0x559e43c59896 <unknown>\n#18 0x7efcdc29caa4 <unknown>\n#19 0x7efcdc329c3c <unknown>",
        "time" : {
          "start" : 1743006125170,
          "stop" : 1743006145816,
          "duration" : 20646
        }
      }, {
        "uid" : "39e0db37eb1601a1",
        "reportUrl" : "https://Brain-up.github.io/auto-tests-python/315//#testresult/39e0db37eb1601a1",
        "status" : "skipped",
        "statusDetails" : "XFAIL\n\nselenium.common.exceptions.TimeoutException: Message: Can't find element by locator ('xpath', '//button[@data-test-active-link=\"Words\"]')\nStacktrace:\n#0 0x5626ee21affa <unknown>\n#1 0x5626edcd9970 <unknown>\n#2 0x5626edd2b385 <unknown>\n#3 0x5626edd2b5b1 <unknown>\n#4 0x5626edd7a3c4 <unknown>\n#5 0x5626edd512bd <unknown>\n#6 0x5626edd7770c <unknown>\n#7 0x5626edd51063 <unknown>\n#8 0x5626edd1d328 <unknown>\n#9 0x5626edd1e491 <unknown>\n#10 0x5626ee1e242b <unknown>\n#11 0x5626ee1e62ec <unknown>\n#12 0x5626ee1c9a22 <unknown>\n#13 0x5626ee1e6e64 <unknown>\n#14 0x5626ee1adbef <unknown>\n#15 0x5626ee209558 <unknown>\n#16 0x5626ee209736 <unknown>\n#17 0x5626ee219e76 <unknown>\n#18 0x7fac5669caa4 <unknown>\n#19 0x7fac56729c3c <unknown>",
        "time" : {
          "start" : 1742951988066,
          "stop" : 1742952008726,
          "duration" : 20660
        }
      }, {
        "uid" : "526639c1f76032f5",
        "reportUrl" : "https://Brain-up.github.io/auto-tests-python/519//#testresult/526639c1f76032f5",
        "status" : "skipped",
        "statusDetails" : "XFAIL\n\nselenium.common.exceptions.TimeoutException: Message: Can't find element by locator ('xpath', '//button[@data-test-active-link=\"Words\"]')\nStacktrace:\n#0 0x562b72b9fa1a <unknown>\n#1 0x562b72657390 <unknown>\n#2 0x562b726a8c85 <unknown>\n#3 0x562b726a8eb1 <unknown>\n#4 0x562b726f7d64 <unknown>\n#5 0x562b726cebfd <unknown>\n#6 0x562b726f507b <unknown>\n#7 0x562b726ce9a3 <unknown>\n#8 0x562b7269a60e <unknown>\n#9 0x562b7269bdd1 <unknown>\n#10 0x562b72b65ddb <unknown>\n#11 0x562b72b69cbc <unknown>\n#12 0x562b72b4d392 <unknown>\n#13 0x562b72b6a834 <unknown>\n#14 0x562b72b311ef <unknown>\n#15 0x562b72b8e038 <unknown>\n#16 0x562b72b8e216 <unknown>\n#17 0x562b72b9e896 <unknown>\n#18 0x7f5d8369caa4 <unknown>\n#19 0x7f5d83729c3c <unknown>",
        "time" : {
          "start" : 1742934630948,
          "stop" : 1742934651614,
          "duration" : 20666
        }
      }, {
        "uid" : "f1bdd3fdd0ea184b",
        "reportUrl" : "https://Brain-up.github.io/auto-tests-python/314//#testresult/f1bdd3fdd0ea184b",
        "status" : "skipped",
        "statusDetails" : "XFAIL\n\nselenium.common.exceptions.TimeoutException: Message: Can't find element by locator https://www.brainup.site/groups",
        "time" : {
          "start" : 1742867976240,
          "stop" : 1742867976240,
          "duration" : 0
        }
      }, {
        "uid" : "de8e1eb7d2f1a2e7",
        "reportUrl" : "https://Brain-up.github.io/auto-tests-python/518//#testresult/de8e1eb7d2f1a2e7",
        "status" : "skipped",
        "statusDetails" : "XFAIL\n\nselenium.common.exceptions.TimeoutException: Message: Can't find element by locator ('xpath', '//button[@data-test-active-link=\"Words\"]')\nStacktrace:\n#0 0x558f7715da1a <unknown>\n#1 0x558f76c15390 <unknown>\n#2 0x558f76c66c85 <unknown>\n#3 0x558f76c66eb1 <unknown>\n#4 0x558f76cb5d64 <unknown>\n#5 0x558f76c8cbfd <unknown>\n#6 0x558f76cb307b <unknown>\n#7 0x558f76c8c9a3 <unknown>\n#8 0x558f76c5860e <unknown>\n#9 0x558f76c59dd1 <unknown>\n#10 0x558f77123ddb <unknown>\n#11 0x558f77127cbc <unknown>\n#12 0x558f7710b392 <unknown>\n#13 0x558f77128834 <unknown>\n#14 0x558f770ef1ef <unknown>\n#15 0x558f7714c038 <unknown>\n#16 0x558f7714c216 <unknown>\n#17 0x558f7715c896 <unknown>\n#18 0x7fc716a9caa4 <unknown>\n#19 0x7fc716b29c3c <unknown>",
        "time" : {
          "start" : 1742807422537,
          "stop" : 1742807443175,
          "duration" : 20638
        }
      }, {
        "uid" : "e93cfb4c4a4035c9",
        "reportUrl" : "https://Brain-up.github.io/auto-tests-python/313//#testresult/e93cfb4c4a4035c9",
        "status" : "skipped",
        "statusDetails" : "XFAIL\n\nselenium.common.exceptions.TimeoutException: Message: Can't find element by locator ('xpath', '//button[@data-test-active-link=\"Words\"]')\nStacktrace:\n#0 0x557f37310a1a <unknown>\n#1 0x557f36dc8390 <unknown>\n#2 0x557f36e19c85 <unknown>\n#3 0x557f36e19eb1 <unknown>\n#4 0x557f36e68d64 <unknown>\n#5 0x557f36e3fbfd <unknown>\n#6 0x557f36e6607b <unknown>\n#7 0x557f36e3f9a3 <unknown>\n#8 0x557f36e0b60e <unknown>\n#9 0x557f36e0cdd1 <unknown>\n#10 0x557f372d6ddb <unknown>\n#11 0x557f372dacbc <unknown>\n#12 0x557f372be392 <unknown>\n#13 0x557f372db834 <unknown>\n#14 0x557f372a21ef <unknown>\n#15 0x557f372ff038 <unknown>\n#16 0x557f372ff216 <unknown>\n#17 0x557f3730f896 <unknown>\n#18 0x7fccf449caa4 <unknown>\n#19 0x7fccf4529c3c <unknown>",
        "time" : {
          "start" : 1742779303416,
          "stop" : 1742779323711,
          "duration" : 20295
        }
      }, {
        "uid" : "e9809784948548a5",
        "reportUrl" : "https://Brain-up.github.io/auto-tests-python/517//#testresult/e9809784948548a5",
        "status" : "skipped",
        "statusDetails" : "XFAIL\n\nselenium.common.exceptions.TimeoutException: Message: Can't find element by locator ('xpath', '//button[@data-test-active-link=\"Words\"]')\nStacktrace:\n#0 0x55d1223f9a1a <unknown>\n#1 0x55d121eb1390 <unknown>\n#2 0x55d121f02c85 <unknown>\n#3 0x55d121f02eb1 <unknown>\n#4 0x55d121f51d64 <unknown>\n#5 0x55d121f28bfd <unknown>\n#6 0x55d121f4f07b <unknown>\n#7 0x55d121f289a3 <unknown>\n#8 0x55d121ef460e <unknown>\n#9 0x55d121ef5dd1 <unknown>\n#10 0x55d1223bfddb <unknown>\n#11 0x55d1223c3cbc <unknown>\n#12 0x55d1223a7392 <unknown>\n#13 0x55d1223c4834 <unknown>\n#14 0x55d12238b1ef <unknown>\n#15 0x55d1223e8038 <unknown>\n#16 0x55d1223e8216 <unknown>\n#17 0x55d1223f8896 <unknown>\n#18 0x7f87d589caa4 <unknown>\n#19 0x7f87d5929c3c <unknown>",
        "time" : {
          "start" : 1742760345217,
          "stop" : 1742760365365,
          "duration" : 20148
        }
      }, {
        "uid" : "c5ae94fafce2f4c8",
        "reportUrl" : "https://Brain-up.github.io/auto-tests-python/312//#testresult/c5ae94fafce2f4c8",
        "status" : "skipped",
        "statusDetails" : "XFAIL\n\nselenium.common.exceptions.TimeoutException: Message: Can't find element by locator ('xpath', '//button[@data-test-active-link=\"Words\"]')\nStacktrace:\n#0 0x55e6929bea1a <unknown>\n#1 0x55e692476390 <unknown>\n#2 0x55e6924c7c85 <unknown>\n#3 0x55e6924c7eb1 <unknown>\n#4 0x55e692516d64 <unknown>\n#5 0x55e6924edbfd <unknown>\n#6 0x55e69251407b <unknown>\n#7 0x55e6924ed9a3 <unknown>\n#8 0x55e6924b960e <unknown>\n#9 0x55e6924badd1 <unknown>\n#10 0x55e692984ddb <unknown>\n#11 0x55e692988cbc <unknown>\n#12 0x55e69296c392 <unknown>\n#13 0x55e692989834 <unknown>\n#14 0x55e6929501ef <unknown>\n#15 0x55e6929ad038 <unknown>\n#16 0x55e6929ad216 <unknown>\n#17 0x55e6929bd896 <unknown>\n#18 0x7f234be9caa4 <unknown>\n#19 0x7f234bf29c3c <unknown>",
        "time" : {
          "start" : 1742693101281,
          "stop" : 1742693121434,
          "duration" : 20153
        }
      }, {
        "uid" : "4126144b29219b1b",
        "reportUrl" : "https://Brain-up.github.io/auto-tests-python/311//#testresult/4126144b29219b1b",
        "status" : "skipped",
        "statusDetails" : "XFAIL\n\nselenium.common.exceptions.TimeoutException: Message: Can't find element by locator ('xpath', '//button[@data-test-active-link=\"Words\"]')\nStacktrace:\n#0 0x560a2ae04a1a <unknown>\n#1 0x560a2a8bc390 <unknown>\n#2 0x560a2a90dc85 <unknown>\n#3 0x560a2a90deb1 <unknown>\n#4 0x560a2a95cd64 <unknown>\n#5 0x560a2a933bfd <unknown>\n#6 0x560a2a95a07b <unknown>\n#7 0x560a2a9339a3 <unknown>\n#8 0x560a2a8ff60e <unknown>\n#9 0x560a2a900dd1 <unknown>\n#10 0x560a2adcaddb <unknown>\n#11 0x560a2adcecbc <unknown>\n#12 0x560a2adb2392 <unknown>\n#13 0x560a2adcf834 <unknown>\n#14 0x560a2ad961ef <unknown>\n#15 0x560a2adf3038 <unknown>\n#16 0x560a2adf3216 <unknown>\n#17 0x560a2ae03896 <unknown>\n#18 0x7f2eee29caa4 <unknown>\n#19 0x7f2eee329c3c <unknown>",
        "time" : {
          "start" : 1742606303618,
          "stop" : 1742606323886,
          "duration" : 20268
        }
      }, {
        "uid" : "dc2cb8d195312031",
        "reportUrl" : "https://Brain-up.github.io/auto-tests-python/516//#testresult/dc2cb8d195312031",
        "status" : "skipped",
        "statusDetails" : "XFAIL\n\nselenium.common.exceptions.TimeoutException: Message: Can't find element by locator ('xpath', '//button[@data-test-active-link=\"Words\"]')\nStacktrace:\n#0 0x564748333a1a <unknown>\n#1 0x564747deb390 <unknown>\n#2 0x564747e3cc85 <unknown>\n#3 0x564747e3ceb1 <unknown>\n#4 0x564747e8bd64 <unknown>\n#5 0x564747e62bfd <unknown>\n#6 0x564747e8907b <unknown>\n#7 0x564747e629a3 <unknown>\n#8 0x564747e2e60e <unknown>\n#9 0x564747e2fdd1 <unknown>\n#10 0x5647482f9ddb <unknown>\n#11 0x5647482fdcbc <unknown>\n#12 0x5647482e1392 <unknown>\n#13 0x5647482fe834 <unknown>\n#14 0x5647482c51ef <unknown>\n#15 0x564748322038 <unknown>\n#16 0x564748322216 <unknown>\n#17 0x564748332896 <unknown>\n#18 0x7f554b29caa4 <unknown>\n#19 0x7f554b329c3c <unknown>",
        "time" : {
          "start" : 1742593706296,
          "stop" : 1742593726944,
          "duration" : 20648
        }
      }, {
        "uid" : "cea89dd4637072ed",
        "reportUrl" : "https://Brain-up.github.io/auto-tests-python/515//#testresult/cea89dd4637072ed",
        "status" : "skipped",
        "statusDetails" : "XFAIL\n\nselenium.common.exceptions.TimeoutException: Message: Can't find element by locator ('xpath', '//button[@data-test-active-link=\"Words\"]')\nStacktrace:\n#0 0x564ea793ca1a <unknown>\n#1 0x564ea73f4390 <unknown>\n#2 0x564ea7445c85 <unknown>\n#3 0x564ea7445eb1 <unknown>\n#4 0x564ea7494d64 <unknown>\n#5 0x564ea746bbfd <unknown>\n#6 0x564ea749207b <unknown>\n#7 0x564ea746b9a3 <unknown>\n#8 0x564ea743760e <unknown>\n#9 0x564ea7438dd1 <unknown>\n#10 0x564ea7902ddb <unknown>\n#11 0x564ea7906cbc <unknown>\n#12 0x564ea78ea392 <unknown>\n#13 0x564ea7907834 <unknown>\n#14 0x564ea78ce1ef <unknown>\n#15 0x564ea792b038 <unknown>\n#16 0x564ea792b216 <unknown>\n#17 0x564ea793b896 <unknown>\n#18 0x7f9c03e9caa4 <unknown>\n#19 0x7f9c03f29c3c <unknown>",
        "time" : {
          "start" : 1742582778320,
          "stop" : 1742582798983,
          "duration" : 20663
        }
      }, {
        "uid" : "2054c33432da4808",
        "reportUrl" : "https://Brain-up.github.io/auto-tests-python/310//#testresult/2054c33432da4808",
        "status" : "skipped",
        "statusDetails" : "XFAIL\n\nselenium.common.exceptions.TimeoutException: Message: Can't find element by locator ('xpath', '//button[@data-test-active-link=\"Words\"]')\nStacktrace:\n#0 0x55ac2bb61a1a <unknown>\n#1 0x55ac2b619390 <unknown>\n#2 0x55ac2b66ac85 <unknown>\n#3 0x55ac2b66aeb1 <unknown>\n#4 0x55ac2b6b9d64 <unknown>\n#5 0x55ac2b690bfd <unknown>\n#6 0x55ac2b6b707b <unknown>\n#7 0x55ac2b6909a3 <unknown>\n#8 0x55ac2b65c60e <unknown>\n#9 0x55ac2b65ddd1 <unknown>\n#10 0x55ac2bb27ddb <unknown>\n#11 0x55ac2bb2bcbc <unknown>\n#12 0x55ac2bb0f392 <unknown>\n#13 0x55ac2bb2c834 <unknown>\n#14 0x55ac2baf31ef <unknown>\n#15 0x55ac2bb50038 <unknown>\n#16 0x55ac2bb50216 <unknown>\n#17 0x55ac2bb60896 <unknown>\n#18 0x7f11f8e9caa4 <unknown>\n#19 0x7f11f8f29c3c <unknown>",
        "time" : {
          "start" : 1742520260851,
          "stop" : 1742520281143,
          "duration" : 20292
        }
      } ]
    },
    "tags" : [ "@pytest.mark.xfail" ]
  },
  "source" : "d9ccca678cced513.json",
  "parameterValues" : [ ]
}