{
  "uid" : "6c4f673477df9f81",
  "name" : "Solutions to a random task in the \"Слова\" group and comparison of statics.",
  "fullName" : "tests.test_speech_exercises_ru.TestCardsRU#test_solve_word_cards_with_statistic_ru",
  "historyId" : "0fb6881b2015244903bd7785af7503a6",
  "time" : {
    "start" : 1754656821709,
    "stop" : 1754656832095,
    "duration" : 10386
  },
  "status" : "skipped",
  "statusMessage" : "XFAIL\n\nselenium.common.exceptions.TimeoutException: Message: Can't find element by locator ('xpath', '//div[@class=\"__51e19\"]')\nStacktrace:\n#0 0x5580e94ba87a <unknown>\n#1 0x5580e8f5f2e0 <unknown>\n#2 0x5580e8fb0e00 <unknown>\n#3 0x5580e8fb0ff1 <unknown>\n#4 0x5580e8fff324 <unknown>\n#5 0x5580e8fd68dd <unknown>\n#6 0x5580e8ffc71c <unknown>\n#7 0x5580e8fd6683 <unknown>\n#8 0x5580e8fa2b5b <unknown>\n#9 0x5580e8fa3f31 <unknown>\n#10 0x5580e947f7cb <unknown>\n#11 0x5580e94835d4 <unknown>\n#12 0x5580e94662c9 <unknown>\n#13 0x5580e9484178 <unknown>\n#14 0x5580e944a6bf <unknown>\n#15 0x5580e94a7e78 <unknown>\n#16 0x5580e94a8056 <unknown>\n#17 0x5580e94b9b96 <unknown>\n#18 0x7ff51249caa4 <unknown>\n#19 0x7ff512529c3c <unknown>",
  "statusTrace" : "self = <tests.test_speech_exercises_ru.TestCardsRU object at 0x7f7790f73680>\ndriver = <selenium.webdriver.chrome.webdriver.WebDriver (session=\"b059326b72fb4e276b65802f1249f37c\")>\ndefault_user_authorized = None\n\n    @pytest.mark.xfail\n    @allure.suite(\"Речевые упражнения.\")\n    @allure.title('Solutions to a random task in the \"Слова\" group and comparison of statics.')\n    def test_solve_word_cards_with_statistic_ru(self, driver, default_user_authorized):\n        page = SpeechExercisesPageRU(driver)\n        page.click_button_ru()\n>       table = page.get_statistic_data()\n\ntests/test_speech_exercises_ru.py:165: \n_ _ _ _ _ _ _ _ _ _ _ _ _ _ _ _ _ _ _ _ _ _ _ _ _ _ _ _ _ _ _ _ _ _ _ _ _ _ _ _ \npages/speech_exercises_page_ru.py:174: in get_statistic_data\n    table = self.element_is_present(self.locators.AuthorizedUserHomePageLocators.STATISTIC_TABLE)\npages/base_page.py:32: in element_is_present\n    return Wait(self.driver, self.timeout).until(\n_ _ _ _ _ _ _ _ _ _ _ _ _ _ _ _ _ _ _ _ _ _ _ _ _ _ _ _ _ _ _ _ _ _ _ _ _ _ _ _ \n\nself = <selenium.webdriver.support.wait.WebDriverWait (session=\"b059326b72fb4e276b65802f1249f37c\")>\nmethod = <function presence_of_element_located.<locals>._predicate at 0x7f7790f154e0>\nmessage = 'Can\\'t find element by locator (\\'xpath\\', \\'//div[@class=\"__51e19\"]\\')'\n\n    def until(self, method, message: str = \"\"):\n        \"\"\"Calls the method provided with the driver as an argument until the \\\n        return value does not evaluate to ``False``.\n    \n        :param method: callable(WebDriver)\n        :param message: optional message for :exc:`TimeoutException`\n        :returns: the result of the last call to `method`\n        :raises: :exc:`selenium.common.exceptions.TimeoutException` if timeout occurs\n        \"\"\"\n        screen = None\n        stacktrace = None\n    \n        end_time = time.monotonic() + self._timeout\n        while True:\n            try:\n                value = method(self._driver)\n                if value:\n                    return value\n            except self._ignored_exceptions as exc:\n                screen = getattr(exc, \"screen\", None)\n                stacktrace = getattr(exc, \"stacktrace\", None)\n            time.sleep(self._poll)\n            if time.monotonic() > end_time:\n                break\n>       raise TimeoutException(message, screen, stacktrace)\nE       selenium.common.exceptions.TimeoutException: Message: Can't find element by locator ('xpath', '//div[@class=\"__51e19\"]')\nE       Stacktrace:\nE       #0 0x5580e94ba87a <unknown>\nE       #1 0x5580e8f5f2e0 <unknown>\nE       #2 0x5580e8fb0e00 <unknown>\nE       #3 0x5580e8fb0ff1 <unknown>\nE       #4 0x5580e8fff324 <unknown>\nE       #5 0x5580e8fd68dd <unknown>\nE       #6 0x5580e8ffc71c <unknown>\nE       #7 0x5580e8fd6683 <unknown>\nE       #8 0x5580e8fa2b5b <unknown>\nE       #9 0x5580e8fa3f31 <unknown>\nE       #10 0x5580e947f7cb <unknown>\nE       #11 0x5580e94835d4 <unknown>\nE       #12 0x5580e94662c9 <unknown>\nE       #13 0x5580e9484178 <unknown>\nE       #14 0x5580e944a6bf <unknown>\nE       #15 0x5580e94a7e78 <unknown>\nE       #16 0x5580e94a8056 <unknown>\nE       #17 0x5580e94b9b96 <unknown>\nE       #18 0x7ff51249caa4 <unknown>\nE       #19 0x7ff512529c3c <unknown>\n\n/opt/hostedtoolcache/Python/3.12.11/x64/lib/python3.12/site-packages/selenium/webdriver/support/wait.py:95: TimeoutException",
  "flaky" : false,
  "newFailed" : false,
  "beforeStages" : [ {
    "name" : "clear_allure_results_folder",
    "time" : {
      "start" : 1754655453227,
      "stop" : 1754655453228,
      "duration" : 1
    },
    "status" : "passed",
    "steps" : [ ],
    "attachments" : [ ],
    "parameters" : [ ],
    "stepsCount" : 0,
    "attachmentsCount" : 0,
    "shouldDisplayMessage" : false,
    "hasContent" : false
  }, {
    "name" : "default_user_authorized",
    "time" : {
      "start" : 1754656819315,
      "stop" : 1754656821709,
      "duration" : 2394
    },
    "status" : "passed",
    "steps" : [ {
      "name" : "DEFAULT user authorized",
      "time" : {
        "start" : 1754656819315,
        "stop" : 1754656821709,
        "duration" : 2394
      },
      "status" : "passed",
      "steps" : [ {
        "name" : "Check url is present: https://www.brainup.site/groups",
        "time" : {
          "start" : 1754656819662,
          "stop" : 1754656821687,
          "duration" : 2025
        },
        "status" : "passed",
        "steps" : [ ],
        "attachments" : [ ],
        "parameters" : [ ],
        "stepsCount" : 0,
        "attachmentsCount" : 0,
        "shouldDisplayMessage" : false,
        "hasContent" : false
      }, {
        "name" : "Loader checking",
        "time" : {
          "start" : 1754656821687,
          "stop" : 1754656821709,
          "duration" : 22
        },
        "status" : "passed",
        "steps" : [ ],
        "attachments" : [ ],
        "parameters" : [ ],
        "stepsCount" : 0,
        "attachmentsCount" : 0,
        "shouldDisplayMessage" : false,
        "hasContent" : false
      } ],
      "attachments" : [ ],
      "parameters" : [ {
        "name" : "driver",
        "value" : "<selenium.webdriver.chrome.webdriver.WebDriver (session=\"b059326b72fb4e276b65802f1249f37c\")>"
      }, {
        "name" : "main_page_open",
        "value" : "None"
      } ],
      "stepsCount" : 2,
      "attachmentsCount" : 0,
      "shouldDisplayMessage" : false,
      "hasContent" : true
    } ],
    "attachments" : [ ],
    "parameters" : [ ],
    "stepsCount" : 3,
    "attachmentsCount" : 0,
    "shouldDisplayMessage" : false,
    "hasContent" : true
  }, {
    "name" : "main_page_open",
    "time" : {
      "start" : 1754656815501,
      "stop" : 1754656819315,
      "duration" : 3814
    },
    "status" : "passed",
    "steps" : [ {
      "name" : "Open page: https://www.brainup.site/",
      "time" : {
        "start" : 1754656815501,
        "stop" : 1754656819315,
        "duration" : 3814
      },
      "status" : "passed",
      "steps" : [ ],
      "attachments" : [ ],
      "parameters" : [ {
        "name" : "driver",
        "value" : "<selenium.webdriver.chrome.webdriver.WebDriver (session=\"b059326b72fb4e276b65802f1249f37c\")>"
      } ],
      "stepsCount" : 0,
      "attachmentsCount" : 0,
      "shouldDisplayMessage" : false,
      "hasContent" : true
    } ],
    "attachments" : [ ],
    "parameters" : [ ],
    "stepsCount" : 1,
    "attachmentsCount" : 0,
    "shouldDisplayMessage" : false,
    "hasContent" : true
  }, {
    "name" : "driver",
    "time" : {
      "start" : 1754656814686,
      "stop" : 1754656815501,
      "duration" : 815
    },
    "status" : "passed",
    "steps" : [ ],
    "attachments" : [ ],
    "parameters" : [ ],
    "stepsCount" : 0,
    "attachmentsCount" : 0,
    "shouldDisplayMessage" : false,
    "hasContent" : false
  } ],
  "testStage" : {
    "status" : "skipped",
    "statusMessage" : "XFAIL\n\nselenium.common.exceptions.TimeoutException: Message: Can't find element by locator ('xpath', '//div[@class=\"__51e19\"]')\nStacktrace:\n#0 0x5580e94ba87a <unknown>\n#1 0x5580e8f5f2e0 <unknown>\n#2 0x5580e8fb0e00 <unknown>\n#3 0x5580e8fb0ff1 <unknown>\n#4 0x5580e8fff324 <unknown>\n#5 0x5580e8fd68dd <unknown>\n#6 0x5580e8ffc71c <unknown>\n#7 0x5580e8fd6683 <unknown>\n#8 0x5580e8fa2b5b <unknown>\n#9 0x5580e8fa3f31 <unknown>\n#10 0x5580e947f7cb <unknown>\n#11 0x5580e94835d4 <unknown>\n#12 0x5580e94662c9 <unknown>\n#13 0x5580e9484178 <unknown>\n#14 0x5580e944a6bf <unknown>\n#15 0x5580e94a7e78 <unknown>\n#16 0x5580e94a8056 <unknown>\n#17 0x5580e94b9b96 <unknown>\n#18 0x7ff51249caa4 <unknown>\n#19 0x7ff512529c3c <unknown>",
    "statusTrace" : "self = <tests.test_speech_exercises_ru.TestCardsRU object at 0x7f7790f73680>\ndriver = <selenium.webdriver.chrome.webdriver.WebDriver (session=\"b059326b72fb4e276b65802f1249f37c\")>\ndefault_user_authorized = None\n\n    @pytest.mark.xfail\n    @allure.suite(\"Речевые упражнения.\")\n    @allure.title('Solutions to a random task in the \"Слова\" group and comparison of statics.')\n    def test_solve_word_cards_with_statistic_ru(self, driver, default_user_authorized):\n        page = SpeechExercisesPageRU(driver)\n        page.click_button_ru()\n>       table = page.get_statistic_data()\n\ntests/test_speech_exercises_ru.py:165: \n_ _ _ _ _ _ _ _ _ _ _ _ _ _ _ _ _ _ _ _ _ _ _ _ _ _ _ _ _ _ _ _ _ _ _ _ _ _ _ _ \npages/speech_exercises_page_ru.py:174: in get_statistic_data\n    table = self.element_is_present(self.locators.AuthorizedUserHomePageLocators.STATISTIC_TABLE)\npages/base_page.py:32: in element_is_present\n    return Wait(self.driver, self.timeout).until(\n_ _ _ _ _ _ _ _ _ _ _ _ _ _ _ _ _ _ _ _ _ _ _ _ _ _ _ _ _ _ _ _ _ _ _ _ _ _ _ _ \n\nself = <selenium.webdriver.support.wait.WebDriverWait (session=\"b059326b72fb4e276b65802f1249f37c\")>\nmethod = <function presence_of_element_located.<locals>._predicate at 0x7f7790f154e0>\nmessage = 'Can\\'t find element by locator (\\'xpath\\', \\'//div[@class=\"__51e19\"]\\')'\n\n    def until(self, method, message: str = \"\"):\n        \"\"\"Calls the method provided with the driver as an argument until the \\\n        return value does not evaluate to ``False``.\n    \n        :param method: callable(WebDriver)\n        :param message: optional message for :exc:`TimeoutException`\n        :returns: the result of the last call to `method`\n        :raises: :exc:`selenium.common.exceptions.TimeoutException` if timeout occurs\n        \"\"\"\n        screen = None\n        stacktrace = None\n    \n        end_time = time.monotonic() + self._timeout\n        while True:\n            try:\n                value = method(self._driver)\n                if value:\n                    return value\n            except self._ignored_exceptions as exc:\n                screen = getattr(exc, \"screen\", None)\n                stacktrace = getattr(exc, \"stacktrace\", None)\n            time.sleep(self._poll)\n            if time.monotonic() > end_time:\n                break\n>       raise TimeoutException(message, screen, stacktrace)\nE       selenium.common.exceptions.TimeoutException: Message: Can't find element by locator ('xpath', '//div[@class=\"__51e19\"]')\nE       Stacktrace:\nE       #0 0x5580e94ba87a <unknown>\nE       #1 0x5580e8f5f2e0 <unknown>\nE       #2 0x5580e8fb0e00 <unknown>\nE       #3 0x5580e8fb0ff1 <unknown>\nE       #4 0x5580e8fff324 <unknown>\nE       #5 0x5580e8fd68dd <unknown>\nE       #6 0x5580e8ffc71c <unknown>\nE       #7 0x5580e8fd6683 <unknown>\nE       #8 0x5580e8fa2b5b <unknown>\nE       #9 0x5580e8fa3f31 <unknown>\nE       #10 0x5580e947f7cb <unknown>\nE       #11 0x5580e94835d4 <unknown>\nE       #12 0x5580e94662c9 <unknown>\nE       #13 0x5580e9484178 <unknown>\nE       #14 0x5580e944a6bf <unknown>\nE       #15 0x5580e94a7e78 <unknown>\nE       #16 0x5580e94a8056 <unknown>\nE       #17 0x5580e94b9b96 <unknown>\nE       #18 0x7ff51249caa4 <unknown>\nE       #19 0x7ff512529c3c <unknown>\n\n/opt/hostedtoolcache/Python/3.12.11/x64/lib/python3.12/site-packages/selenium/webdriver/support/wait.py:95: TimeoutException",
    "steps" : [ {
      "name" : "click_button RU",
      "time" : {
        "start" : 1754656821709,
        "stop" : 1754656821776,
        "duration" : 67
      },
      "status" : "passed",
      "steps" : [ {
        "name" : "Click button \"RU\".",
        "time" : {
          "start" : 1754656821709,
          "stop" : 1754656821776,
          "duration" : 67
        },
        "status" : "passed",
        "steps" : [ ],
        "attachments" : [ ],
        "parameters" : [ ],
        "stepsCount" : 0,
        "attachmentsCount" : 0,
        "shouldDisplayMessage" : false,
        "hasContent" : false
      } ],
      "attachments" : [ ],
      "parameters" : [ ],
      "stepsCount" : 1,
      "attachmentsCount" : 0,
      "shouldDisplayMessage" : false,
      "hasContent" : true
    }, {
      "name" : "get_statistic_data",
      "time" : {
        "start" : 1754656821776,
        "stop" : 1754656832094,
        "duration" : 10318
      },
      "status" : "broken",
      "statusMessage" : "selenium.common.exceptions.TimeoutException: Message: Can't find element by locator ('xpath', '//div[@class=\"__51e19\"]')\nStacktrace:\n#0 0x5580e94ba87a <unknown>\n#1 0x5580e8f5f2e0 <unknown>\n#2 0x5580e8fb0e00 <unknown>\n#3 0x5580e8fb0ff1 <unknown>\n#4 0x5580e8fff324 <unknown>\n#5 0x5580e8fd68dd <unknown>\n#6 0x5580e8ffc71c <unknown>\n#7 0x5580e8fd6683 <unknown>\n#8 0x5580e8fa2b5b <unknown>\n#9 0x5580e8fa3f31 <unknown>\n#10 0x5580e947f7cb <unknown>\n#11 0x5580e94835d4 <unknown>\n#12 0x5580e94662c9 <unknown>\n#13 0x5580e9484178 <unknown>\n#14 0x5580e944a6bf <unknown>\n#15 0x5580e94a7e78 <unknown>\n#16 0x5580e94a8056 <unknown>\n#17 0x5580e94b9b96 <unknown>\n#18 0x7ff51249caa4 <unknown>\n#19 0x7ff512529c3c <unknown>\n\n",
      "statusTrace" : "  File \"/opt/hostedtoolcache/Python/3.12.11/x64/lib/python3.12/site-packages/allure_commons/_allure.py\", line 192, in impl\n    return func(*a, **kw)\n           ^^^^^^^^^^^^^^\n  File \"/home/runner/work/auto-tests-python/auto-tests-python/pages/speech_exercises_page_ru.py\", line 174, in get_statistic_data\n    table = self.element_is_present(self.locators.AuthorizedUserHomePageLocators.STATISTIC_TABLE)\n            ^^^^^^^^^^^^^^^^^^^^^^^^^^^^^^^^^^^^^^^^^^^^^^^^^^^^^^^^^^^^^^^^^^^^^^^^^^^^^^^^^^^^^\n  File \"/home/runner/work/auto-tests-python/auto-tests-python/pages/base_page.py\", line 32, in element_is_present\n    return Wait(self.driver, self.timeout).until(\n           ^^^^^^^^^^^^^^^^^^^^^^^^^^^^^^^^^^^^^^\n  File \"/opt/hostedtoolcache/Python/3.12.11/x64/lib/python3.12/site-packages/selenium/webdriver/support/wait.py\", line 95, in until\n    raise TimeoutException(message, screen, stacktrace)\n",
      "steps" : [ {
        "name" : "Click button \"Статистика\"\".",
        "time" : {
          "start" : 1754656821776,
          "stop" : 1754656821843,
          "duration" : 67
        },
        "status" : "passed",
        "steps" : [ ],
        "attachments" : [ ],
        "parameters" : [ ],
        "stepsCount" : 0,
        "attachmentsCount" : 0,
        "shouldDisplayMessage" : false,
        "hasContent" : false
      }, {
        "name" : "Check statistic table is present and scroll to table",
        "time" : {
          "start" : 1754656821843,
          "stop" : 1754656832094,
          "duration" : 10251
        },
        "status" : "broken",
        "statusMessage" : "selenium.common.exceptions.TimeoutException: Message: Can't find element by locator ('xpath', '//div[@class=\"__51e19\"]')\nStacktrace:\n#0 0x5580e94ba87a <unknown>\n#1 0x5580e8f5f2e0 <unknown>\n#2 0x5580e8fb0e00 <unknown>\n#3 0x5580e8fb0ff1 <unknown>\n#4 0x5580e8fff324 <unknown>\n#5 0x5580e8fd68dd <unknown>\n#6 0x5580e8ffc71c <unknown>\n#7 0x5580e8fd6683 <unknown>\n#8 0x5580e8fa2b5b <unknown>\n#9 0x5580e8fa3f31 <unknown>\n#10 0x5580e947f7cb <unknown>\n#11 0x5580e94835d4 <unknown>\n#12 0x5580e94662c9 <unknown>\n#13 0x5580e9484178 <unknown>\n#14 0x5580e944a6bf <unknown>\n#15 0x5580e94a7e78 <unknown>\n#16 0x5580e94a8056 <unknown>\n#17 0x5580e94b9b96 <unknown>\n#18 0x7ff51249caa4 <unknown>\n#19 0x7ff512529c3c <unknown>\n\n",
        "statusTrace" : "  File \"/home/runner/work/auto-tests-python/auto-tests-python/pages/speech_exercises_page_ru.py\", line 174, in get_statistic_data\n    table = self.element_is_present(self.locators.AuthorizedUserHomePageLocators.STATISTIC_TABLE)\n            ^^^^^^^^^^^^^^^^^^^^^^^^^^^^^^^^^^^^^^^^^^^^^^^^^^^^^^^^^^^^^^^^^^^^^^^^^^^^^^^^^^^^^\n  File \"/home/runner/work/auto-tests-python/auto-tests-python/pages/base_page.py\", line 32, in element_is_present\n    return Wait(self.driver, self.timeout).until(\n           ^^^^^^^^^^^^^^^^^^^^^^^^^^^^^^^^^^^^^^\n  File \"/opt/hostedtoolcache/Python/3.12.11/x64/lib/python3.12/site-packages/selenium/webdriver/support/wait.py\", line 95, in until\n    raise TimeoutException(message, screen, stacktrace)\n",
        "steps" : [ ],
        "attachments" : [ ],
        "parameters" : [ ],
        "stepsCount" : 0,
        "attachmentsCount" : 0,
        "shouldDisplayMessage" : true,
        "hasContent" : true
      } ],
      "attachments" : [ ],
      "parameters" : [ ],
      "stepsCount" : 2,
      "attachmentsCount" : 0,
      "shouldDisplayMessage" : false,
      "hasContent" : true
    } ],
    "attachments" : [ ],
    "parameters" : [ ],
    "stepsCount" : 5,
    "attachmentsCount" : 0,
    "shouldDisplayMessage" : true,
    "hasContent" : true
  },
  "afterStages" : [ {
    "name" : "driver::0",
    "time" : {
      "start" : 1754656832109,
      "stop" : 1754656832174,
      "duration" : 65
    },
    "status" : "passed",
    "steps" : [ ],
    "attachments" : [ ],
    "parameters" : [ ],
    "stepsCount" : 0,
    "attachmentsCount" : 0,
    "shouldDisplayMessage" : false,
    "hasContent" : false
  } ],
  "labels" : [ {
    "name" : "epic",
    "value" : "Speech exercises."
  }, {
    "name" : "suite",
    "value" : "Речевые упражнения."
  }, {
    "name" : "tag",
    "value" : "@pytest.mark.xfail"
  }, {
    "name" : "parentSuite",
    "value" : "tests"
  }, {
    "name" : "subSuite",
    "value" : "TestCardsRU"
  }, {
    "name" : "host",
    "value" : "pkrvmjbmru5nbw0"
  }, {
    "name" : "thread",
    "value" : "2548-MainThread"
  }, {
    "name" : "framework",
    "value" : "pytest"
  }, {
    "name" : "language",
    "value" : "cpython3"
  }, {
    "name" : "package",
    "value" : "tests.test_speech_exercises_ru"
  }, {
    "name" : "resultFormat",
    "value" : "allure2"
  } ],
  "parameters" : [ ],
  "links" : [ ],
  "hidden" : false,
  "retry" : false,
  "extra" : {
    "severity" : "normal",
    "retries" : [ ],
    "categories" : [ ],
    "history" : {
      "statistic" : {
        "failed" : 0,
        "broken" : 0,
        "skipped" : 283,
        "passed" : 0,
        "unknown" : 0,
        "total" : 283
      },
      "items" : [ {
        "uid" : "4f931c99b119d144",
        "reportUrl" : "https://Brain-up.github.io/auto-tests-python/650//#testresult/4f931c99b119d144",
        "status" : "skipped",
        "statusDetails" : "XFAIL\n\nselenium.common.exceptions.TimeoutException: Message: Can't find element by locator ('xpath', '//div[@class=\"__51e19\"]')\nStacktrace:\n#0 0x558a9b32187a <unknown>\n#1 0x558a9adc62e0 <unknown>\n#2 0x558a9ae17e00 <unknown>\n#3 0x558a9ae17ff1 <unknown>\n#4 0x558a9ae66324 <unknown>\n#5 0x558a9ae3d8dd <unknown>\n#6 0x558a9ae6371c <unknown>\n#7 0x558a9ae3d683 <unknown>\n#8 0x558a9ae09b5b <unknown>\n#9 0x558a9ae0af31 <unknown>\n#10 0x558a9b2e67cb <unknown>\n#11 0x558a9b2ea5d4 <unknown>\n#12 0x558a9b2cd2c9 <unknown>\n#13 0x558a9b2eb178 <unknown>\n#14 0x558a9b2b16bf <unknown>\n#15 0x558a9b30ee78 <unknown>\n#16 0x558a9b30f056 <unknown>\n#17 0x558a9b320b96 <unknown>\n#18 0x7f000409caa4 <unknown>\n#19 0x7f0004129c3c <unknown>",
        "time" : {
          "start" : 1754567258225,
          "stop" : 1754567268623,
          "duration" : 10398
        }
      }, {
        "uid" : "69242c475a6399fd",
        "reportUrl" : "https://Brain-up.github.io/auto-tests-python/649//#testresult/69242c475a6399fd",
        "status" : "skipped",
        "statusDetails" : "XFAIL\n\nselenium.common.exceptions.TimeoutException: Message: Can't find element by locator ('xpath', '//div[@class=\"__51e19\"]')\nStacktrace:\n#0 0x56043d07887a <unknown>\n#1 0x56043cb1d2e0 <unknown>\n#2 0x56043cb6ee00 <unknown>\n#3 0x56043cb6eff1 <unknown>\n#4 0x56043cbbd324 <unknown>\n#5 0x56043cb948dd <unknown>\n#6 0x56043cbba71c <unknown>\n#7 0x56043cb94683 <unknown>\n#8 0x56043cb60b5b <unknown>\n#9 0x56043cb61f31 <unknown>\n#10 0x56043d03d7cb <unknown>\n#11 0x56043d0415d4 <unknown>\n#12 0x56043d0242c9 <unknown>\n#13 0x56043d042178 <unknown>\n#14 0x56043d0086bf <unknown>\n#15 0x56043d065e78 <unknown>\n#16 0x56043d066056 <unknown>\n#17 0x56043d077b96 <unknown>\n#18 0x7f9c5c49caa4 <unknown>\n#19 0x7f9c5c529c3c <unknown>",
        "time" : {
          "start" : 1754472059137,
          "stop" : 1754472069612,
          "duration" : 10475
        }
      }, {
        "uid" : "979b688298a47e9c",
        "reportUrl" : "https://Brain-up.github.io/auto-tests-python/648//#testresult/979b688298a47e9c",
        "status" : "skipped",
        "statusDetails" : "XFAIL\n\nselenium.common.exceptions.TimeoutException: Message: Can't find element by locator ('xpath', '//div[@class=\"__51e19\"]')\nStacktrace:\n#0 0x558389c1587a <unknown>\n#1 0x5583896ba2e0 <unknown>\n#2 0x55838970be00 <unknown>\n#3 0x55838970bff1 <unknown>\n#4 0x55838975a324 <unknown>\n#5 0x5583897318dd <unknown>\n#6 0x55838975771c <unknown>\n#7 0x558389731683 <unknown>\n#8 0x5583896fdb5b <unknown>\n#9 0x5583896fef31 <unknown>\n#10 0x558389bda7cb <unknown>\n#11 0x558389bde5d4 <unknown>\n#12 0x558389bc12c9 <unknown>\n#13 0x558389bdf178 <unknown>\n#14 0x558389ba56bf <unknown>\n#15 0x558389c02e78 <unknown>\n#16 0x558389c03056 <unknown>\n#17 0x558389c14b96 <unknown>\n#18 0x7f8b70a9caa4 <unknown>\n#19 0x7f8b70b29c3c <unknown>",
        "time" : {
          "start" : 1754424625793,
          "stop" : 1754424636258,
          "duration" : 10465
        }
      }, {
        "uid" : "327371044f44a13f",
        "reportUrl" : "https://Brain-up.github.io/auto-tests-python/647//#testresult/327371044f44a13f",
        "status" : "skipped",
        "statusDetails" : "XFAIL\n\nselenium.common.exceptions.TimeoutException: Message: Can't find element by locator ('xpath', '//div[@class=\"__51e19\"]')\nStacktrace:\n#0 0x559b604b587a <unknown>\n#1 0x559b5ff5a2e0 <unknown>\n#2 0x559b5ffabe00 <unknown>\n#3 0x559b5ffabff1 <unknown>\n#4 0x559b5fffa324 <unknown>\n#5 0x559b5ffd18dd <unknown>\n#6 0x559b5fff771c <unknown>\n#7 0x559b5ffd1683 <unknown>\n#8 0x559b5ff9db5b <unknown>\n#9 0x559b5ff9ef31 <unknown>\n#10 0x559b6047a7cb <unknown>\n#11 0x559b6047e5d4 <unknown>\n#12 0x559b604612c9 <unknown>\n#13 0x559b6047f178 <unknown>\n#14 0x559b604456bf <unknown>\n#15 0x559b604a2e78 <unknown>\n#16 0x559b604a3056 <unknown>\n#17 0x559b604b4b96 <unknown>\n#18 0x7f1bdf49caa4 <unknown>\n#19 0x7f1bdf529c3c <unknown>",
        "time" : {
          "start" : 1754289609640,
          "stop" : 1754289620044,
          "duration" : 10404
        }
      }, {
        "uid" : "a9d35d54fd2c87ad",
        "reportUrl" : "https://Brain-up.github.io/auto-tests-python/646//#testresult/a9d35d54fd2c87ad",
        "status" : "skipped",
        "statusDetails" : "XFAIL\n\nselenium.common.exceptions.TimeoutException: Message: Can't find element by locator ('xpath', '//div[@class=\"__51e19\"]')\nStacktrace:\n#0 0x5568034e887a <unknown>\n#1 0x556802f8d2e0 <unknown>\n#2 0x556802fdee00 <unknown>\n#3 0x556802fdeff1 <unknown>\n#4 0x55680302d324 <unknown>\n#5 0x5568030048dd <unknown>\n#6 0x55680302a71c <unknown>\n#7 0x556803004683 <unknown>\n#8 0x556802fd0b5b <unknown>\n#9 0x556802fd1f31 <unknown>\n#10 0x5568034ad7cb <unknown>\n#11 0x5568034b15d4 <unknown>\n#12 0x5568034942c9 <unknown>\n#13 0x5568034b2178 <unknown>\n#14 0x5568034786bf <unknown>\n#15 0x5568034d5e78 <unknown>\n#16 0x5568034d6056 <unknown>\n#17 0x5568034e7b96 <unknown>\n#18 0x7f5713e9caa4 <unknown>\n#19 0x7f5713f29c3c <unknown>",
        "time" : {
          "start" : 1754226044505,
          "stop" : 1754226054909,
          "duration" : 10404
        }
      }, {
        "uid" : "9ce3712dc528a2ba",
        "reportUrl" : "https://Brain-up.github.io/auto-tests-python/645//#testresult/9ce3712dc528a2ba",
        "status" : "skipped",
        "statusDetails" : "XFAIL\n\nselenium.common.exceptions.TimeoutException: Message: Can't find element by locator ('xpath', '//div[@class=\"__51e19\"]')\nStacktrace:\n#0 0x562dbb48f87a <unknown>\n#1 0x562dbaf342e0 <unknown>\n#2 0x562dbaf85e00 <unknown>\n#3 0x562dbaf85ff1 <unknown>\n#4 0x562dbafd4324 <unknown>\n#5 0x562dbafab8dd <unknown>\n#6 0x562dbafd171c <unknown>\n#7 0x562dbafab683 <unknown>\n#8 0x562dbaf77b5b <unknown>\n#9 0x562dbaf78f31 <unknown>\n#10 0x562dbb4547cb <unknown>\n#11 0x562dbb4585d4 <unknown>\n#12 0x562dbb43b2c9 <unknown>\n#13 0x562dbb459178 <unknown>\n#14 0x562dbb41f6bf <unknown>\n#15 0x562dbb47ce78 <unknown>\n#16 0x562dbb47d056 <unknown>\n#17 0x562dbb48eb96 <unknown>\n#18 0x7fdfe869caa4 <unknown>\n#19 0x7fdfe8729c3c <unknown>",
        "time" : {
          "start" : 1754129467160,
          "stop" : 1754129477576,
          "duration" : 10416
        }
      }, {
        "uid" : "42264e7b1dcdac9f",
        "reportUrl" : "https://Brain-up.github.io/auto-tests-python/644//#testresult/42264e7b1dcdac9f",
        "status" : "skipped",
        "statusDetails" : "XFAIL\n\nselenium.common.exceptions.TimeoutException: Message: Can't find element by locator ('xpath', '//div[@class=\"__51e19\"]')\nStacktrace:\n#0 0x5594b504e87a <unknown>\n#1 0x5594b4af32e0 <unknown>\n#2 0x5594b4b44e00 <unknown>\n#3 0x5594b4b44ff1 <unknown>\n#4 0x5594b4b93324 <unknown>\n#5 0x5594b4b6a8dd <unknown>\n#6 0x5594b4b9071c <unknown>\n#7 0x5594b4b6a683 <unknown>\n#8 0x5594b4b36b5b <unknown>\n#9 0x5594b4b37f31 <unknown>\n#10 0x5594b50137cb <unknown>\n#11 0x5594b50175d4 <unknown>\n#12 0x5594b4ffa2c9 <unknown>\n#13 0x5594b5018178 <unknown>\n#14 0x5594b4fde6bf <unknown>\n#15 0x5594b503be78 <unknown>\n#16 0x5594b503c056 <unknown>\n#17 0x5594b504db96 <unknown>\n#18 0x7fe064e9caa4 <unknown>\n#19 0x7fe064f29c3c <unknown>",
        "time" : {
          "start" : 1754034828794,
          "stop" : 1754034839199,
          "duration" : 10405
        }
      }, {
        "uid" : "2cc7027869b313f4",
        "reportUrl" : "https://Brain-up.github.io/auto-tests-python/643//#testresult/2cc7027869b313f4",
        "status" : "skipped",
        "statusDetails" : "XFAIL\n\nselenium.common.exceptions.TimeoutException: Message: Can't find element by locator ('xpath', '//div[@class=\"__51e19\"]')\nStacktrace:\n#0 0x5611a404487a <unknown>\n#1 0x5611a3ae92e0 <unknown>\n#2 0x5611a3b3ae00 <unknown>\n#3 0x5611a3b3aff1 <unknown>\n#4 0x5611a3b89324 <unknown>\n#5 0x5611a3b608dd <unknown>\n#6 0x5611a3b8671c <unknown>\n#7 0x5611a3b60683 <unknown>\n#8 0x5611a3b2cb5b <unknown>\n#9 0x5611a3b2df31 <unknown>\n#10 0x5611a40097cb <unknown>\n#11 0x5611a400d5d4 <unknown>\n#12 0x5611a3ff02c9 <unknown>\n#13 0x5611a400e178 <unknown>\n#14 0x5611a3fd46bf <unknown>\n#15 0x5611a4031e78 <unknown>\n#16 0x5611a4032056 <unknown>\n#17 0x5611a4043b96 <unknown>\n#18 0x7fc82709caa4 <unknown>\n#19 0x7fc827129c3c <unknown>",
        "time" : {
          "start" : 1753948148244,
          "stop" : 1753948158648,
          "duration" : 10404
        }
      }, {
        "uid" : "464bb4396fe6188a",
        "reportUrl" : "https://Brain-up.github.io/auto-tests-python/642//#testresult/464bb4396fe6188a",
        "status" : "skipped",
        "statusDetails" : "XFAIL\n\nselenium.common.exceptions.TimeoutException: Message: Can't find element by locator ('xpath', '//div[@class=\"__51e19\"]')\nStacktrace:\n#0 0x55910d15d87a <unknown>\n#1 0x55910cc022e0 <unknown>\n#2 0x55910cc53e00 <unknown>\n#3 0x55910cc53ff1 <unknown>\n#4 0x55910cca2324 <unknown>\n#5 0x55910cc798dd <unknown>\n#6 0x55910cc9f71c <unknown>\n#7 0x55910cc79683 <unknown>\n#8 0x55910cc45b5b <unknown>\n#9 0x55910cc46f31 <unknown>\n#10 0x55910d1227cb <unknown>\n#11 0x55910d1265d4 <unknown>\n#12 0x55910d1092c9 <unknown>\n#13 0x55910d127178 <unknown>\n#14 0x55910d0ed6bf <unknown>\n#15 0x55910d14ae78 <unknown>\n#16 0x55910d14b056 <unknown>\n#17 0x55910d15cb96 <unknown>\n#18 0x7fc65129caa4 <unknown>\n#19 0x7fc651329c3c <unknown>",
        "time" : {
          "start" : 1753879604220,
          "stop" : 1753879614671,
          "duration" : 10451
        }
      }, {
        "uid" : "d0c34e8541885c8e",
        "reportUrl" : "https://Brain-up.github.io/auto-tests-python/641//#testresult/d0c34e8541885c8e",
        "status" : "skipped",
        "statusDetails" : "XFAIL\n\nselenium.common.exceptions.TimeoutException: Message: Can't find element by locator ('xpath', '//div[@class=\"__51e19\"]')\nStacktrace:\n#0 0x5592faf2d7da <unknown>\n#1 0x5592fa9d22e0 <unknown>\n#2 0x5592faa23e00 <unknown>\n#3 0x5592faa23ff1 <unknown>\n#4 0x5592faa72324 <unknown>\n#5 0x5592faa498dd <unknown>\n#6 0x5592faa6f71c <unknown>\n#7 0x5592faa49683 <unknown>\n#8 0x5592faa15b5b <unknown>\n#9 0x5592faa16f31 <unknown>\n#10 0x5592faef272b <unknown>\n#11 0x5592faef6534 <unknown>\n#12 0x5592faed9229 <unknown>\n#13 0x5592faef70d8 <unknown>\n#14 0x5592faebd61f <unknown>\n#15 0x5592faf1add8 <unknown>\n#16 0x5592faf1afb6 <unknown>\n#17 0x5592faf2caf6 <unknown>\n#18 0x7f4c5b69caa4 <unknown>\n#19 0x7f4c5b729c3c <unknown>",
        "time" : {
          "start" : 1753777927012,
          "stop" : 1753777937399,
          "duration" : 10387
        }
      }, {
        "uid" : "935c77ba98d23626",
        "reportUrl" : "https://Brain-up.github.io/auto-tests-python/640//#testresult/935c77ba98d23626",
        "status" : "skipped",
        "statusDetails" : "XFAIL\n\nselenium.common.exceptions.TimeoutException: Message: Can't find element by locator ('xpath', '//div[@class=\"__51e19\"]')\nStacktrace:\n#0 0x55602bc6d7da <unknown>\n#1 0x55602b7122e0 <unknown>\n#2 0x55602b763e00 <unknown>\n#3 0x55602b763ff1 <unknown>\n#4 0x55602b7b2324 <unknown>\n#5 0x55602b7898dd <unknown>\n#6 0x55602b7af71c <unknown>\n#7 0x55602b789683 <unknown>\n#8 0x55602b755b5b <unknown>\n#9 0x55602b756f31 <unknown>\n#10 0x55602bc3272b <unknown>\n#11 0x55602bc36534 <unknown>\n#12 0x55602bc19229 <unknown>\n#13 0x55602bc370d8 <unknown>\n#14 0x55602bbfd61f <unknown>\n#15 0x55602bc5add8 <unknown>\n#16 0x55602bc5afb6 <unknown>\n#17 0x55602bc6caf6 <unknown>\n#18 0x7f584b49caa4 <unknown>\n#19 0x7f584b529c3c <unknown>",
        "time" : {
          "start" : 1753687834015,
          "stop" : 1753687844480,
          "duration" : 10465
        }
      }, {
        "uid" : "a3fafa5b781e1f68",
        "reportUrl" : "https://Brain-up.github.io/auto-tests-python/639//#testresult/a3fafa5b781e1f68",
        "status" : "skipped",
        "statusDetails" : "XFAIL\n\nselenium.common.exceptions.TimeoutException: Message: Can't find element by locator ('xpath', '//div[@class=\"__51e19\"]')\nStacktrace:\n#0 0x55c4b4c867da <unknown>\n#1 0x55c4b472b2e0 <unknown>\n#2 0x55c4b477ce00 <unknown>\n#3 0x55c4b477cff1 <unknown>\n#4 0x55c4b47cb324 <unknown>\n#5 0x55c4b47a28dd <unknown>\n#6 0x55c4b47c871c <unknown>\n#7 0x55c4b47a2683 <unknown>\n#8 0x55c4b476eb5b <unknown>\n#9 0x55c4b476ff31 <unknown>\n#10 0x55c4b4c4b72b <unknown>\n#11 0x55c4b4c4f534 <unknown>\n#12 0x55c4b4c32229 <unknown>\n#13 0x55c4b4c500d8 <unknown>\n#14 0x55c4b4c1661f <unknown>\n#15 0x55c4b4c73dd8 <unknown>\n#16 0x55c4b4c73fb6 <unknown>\n#17 0x55c4b4c85af6 <unknown>\n#18 0x7f0605e9caa4 <unknown>\n#19 0x7f0605f29c3c <unknown>",
        "time" : {
          "start" : 1753563813116,
          "stop" : 1753563823527,
          "duration" : 10411
        }
      }, {
        "uid" : "7bc7d6be307181eb",
        "reportUrl" : "https://Brain-up.github.io/auto-tests-python/638//#testresult/7bc7d6be307181eb",
        "status" : "skipped",
        "statusDetails" : "XFAIL\n\nselenium.common.exceptions.TimeoutException: Message: Can't find element by locator ('xpath', '//div[@class=\"__51e19\"]')\nStacktrace:\n#0 0x5636744347da <unknown>\n#1 0x563673ed92e0 <unknown>\n#2 0x563673f2ae00 <unknown>\n#3 0x563673f2aff1 <unknown>\n#4 0x563673f79324 <unknown>\n#5 0x563673f508dd <unknown>\n#6 0x563673f7671c <unknown>\n#7 0x563673f50683 <unknown>\n#8 0x563673f1cb5b <unknown>\n#9 0x563673f1df31 <unknown>\n#10 0x5636743f972b <unknown>\n#11 0x5636743fd534 <unknown>\n#12 0x5636743e0229 <unknown>\n#13 0x5636743fe0d8 <unknown>\n#14 0x5636743c461f <unknown>\n#15 0x563674421dd8 <unknown>\n#16 0x563674421fb6 <unknown>\n#17 0x563674433af6 <unknown>\n#18 0x7f7e92e9caa4 <unknown>\n#19 0x7f7e92f29c3c <unknown>",
        "time" : {
          "start" : 1753439788825,
          "stop" : 1753439799256,
          "duration" : 10431
        }
      }, {
        "uid" : "7410ad4d0adba4d7",
        "reportUrl" : "https://Brain-up.github.io/auto-tests-python/637//#testresult/7410ad4d0adba4d7",
        "status" : "skipped",
        "statusDetails" : "XFAIL\n\nselenium.common.exceptions.TimeoutException: Message: Can't find element by locator ('xpath', '//div[@class=\"__51e19\"]')\nStacktrace:\n#0 0x55d67ec297da <unknown>\n#1 0x55d67e6ce2e0 <unknown>\n#2 0x55d67e71fe00 <unknown>\n#3 0x55d67e71fff1 <unknown>\n#4 0x55d67e76e324 <unknown>\n#5 0x55d67e7458dd <unknown>\n#6 0x55d67e76b71c <unknown>\n#7 0x55d67e745683 <unknown>\n#8 0x55d67e711b5b <unknown>\n#9 0x55d67e712f31 <unknown>\n#10 0x55d67ebee72b <unknown>\n#11 0x55d67ebf2534 <unknown>\n#12 0x55d67ebd5229 <unknown>\n#13 0x55d67ebf30d8 <unknown>\n#14 0x55d67ebb961f <unknown>\n#15 0x55d67ec16dd8 <unknown>\n#16 0x55d67ec16fb6 <unknown>\n#17 0x55d67ec28af6 <unknown>\n#18 0x7ff2ae89caa4 <unknown>\n#19 0x7ff2ae929c3c <unknown>",
        "time" : {
          "start" : 1753358015824,
          "stop" : 1753358026226,
          "duration" : 10402
        }
      }, {
        "uid" : "70086b764312ec74",
        "reportUrl" : "https://Brain-up.github.io/auto-tests-python/636//#testresult/70086b764312ec74",
        "status" : "skipped",
        "statusDetails" : "XFAIL\n\nselenium.common.exceptions.TimeoutException: Message: Can't find element by locator ('xpath', '//div[@class=\"__51e19\"]')\nStacktrace:\n#0 0x5616ba55d7da <unknown>\n#1 0x5616ba0022e0 <unknown>\n#2 0x5616ba053e00 <unknown>\n#3 0x5616ba053ff1 <unknown>\n#4 0x5616ba0a2324 <unknown>\n#5 0x5616ba0798dd <unknown>\n#6 0x5616ba09f71c <unknown>\n#7 0x5616ba079683 <unknown>\n#8 0x5616ba045b5b <unknown>\n#9 0x5616ba046f31 <unknown>\n#10 0x5616ba52272b <unknown>\n#11 0x5616ba526534 <unknown>\n#12 0x5616ba509229 <unknown>\n#13 0x5616ba5270d8 <unknown>\n#14 0x5616ba4ed61f <unknown>\n#15 0x5616ba54add8 <unknown>\n#16 0x5616ba54afb6 <unknown>\n#17 0x5616ba55caf6 <unknown>\n#18 0x7f59bda9caa4 <unknown>\n#19 0x7f59bdb29c3c <unknown>",
        "time" : {
          "start" : 1753263148284,
          "stop" : 1753263158686,
          "duration" : 10402
        }
      }, {
        "uid" : "b99fe3c322ffdb1b",
        "reportUrl" : "https://Brain-up.github.io/auto-tests-python/635//#testresult/b99fe3c322ffdb1b",
        "status" : "skipped",
        "statusDetails" : "XFAIL\n\nKeyError: 39",
        "time" : {
          "start" : 1753180299334,
          "stop" : 1753180305188,
          "duration" : 5854
        }
      }, {
        "uid" : "e7a0f8588eab9534",
        "reportUrl" : "https://Brain-up.github.io/auto-tests-python/633//#testresult/e7a0f8588eab9534",
        "status" : "skipped",
        "statusDetails" : "XFAIL\n\nKeyError: 37",
        "time" : {
          "start" : 1753176359416,
          "stop" : 1753176365470,
          "duration" : 6054
        }
      }, {
        "uid" : "b1920f7b8309b580",
        "reportUrl" : "https://Brain-up.github.io/auto-tests-python/634//#testresult/b1920f7b8309b580",
        "status" : "skipped",
        "statusDetails" : "XFAIL\n\nselenium.common.exceptions.TimeoutException: Message: Can't find element by locator ('xpath', '//div[@class=\"__51e19\"]')\nStacktrace:\n#0 0x56206411b23a <unknown>\n#1 0x562063bc5ab0 <unknown>\n#2 0x562063c176f0 <unknown>\n#3 0x562063c178e1 <unknown>\n#4 0x562063c65b94 <unknown>\n#5 0x562063c3d1cd <unknown>\n#6 0x562063c62fee <unknown>\n#7 0x562063c3cf73 <unknown>\n#8 0x562063c09aeb <unknown>\n#9 0x562063c0a751 <unknown>\n#10 0x5620640dfb4b <unknown>\n#11 0x5620640e3929 <unknown>\n#12 0x5620640c6929 <unknown>\n#13 0x5620640e44e8 <unknown>\n#14 0x5620640ab0df <unknown>\n#15 0x5620641088e8 <unknown>\n#16 0x562064108ac6 <unknown>\n#17 0x56206411a556 <unknown>\n#18 0x7fb7c369caa4 <unknown>\n#19 0x7fb7c3729c3c <unknown>",
        "time" : {
          "start" : 1753174311993,
          "stop" : 1753174322407,
          "duration" : 10414
        }
      }, {
        "uid" : "9d9e785679cf7654",
        "reportUrl" : "https://Brain-up.github.io/auto-tests-python/632//#testresult/9d9e785679cf7654",
        "status" : "skipped",
        "statusDetails" : "XFAIL\n\nselenium.common.exceptions.TimeoutException: Message: Can't find element by locator ('xpath', '//div[@class=\"__51e19\"]')\nStacktrace:\n#0 0x55e2279be23a <unknown>\n#1 0x55e227468ab0 <unknown>\n#2 0x55e2274ba6f0 <unknown>\n#3 0x55e2274ba8e1 <unknown>\n#4 0x55e227508b94 <unknown>\n#5 0x55e2274e01cd <unknown>\n#6 0x55e227505fee <unknown>\n#7 0x55e2274dff73 <unknown>\n#8 0x55e2274acaeb <unknown>\n#9 0x55e2274ad751 <unknown>\n#10 0x55e227982b4b <unknown>\n#11 0x55e227986929 <unknown>\n#12 0x55e227969929 <unknown>\n#13 0x55e2279874e8 <unknown>\n#14 0x55e22794e0df <unknown>\n#15 0x55e2279ab8e8 <unknown>\n#16 0x55e2279abac6 <unknown>\n#17 0x55e2279bd556 <unknown>\n#18 0x7f855489caa4 <unknown>\n#19 0x7f8554929c3c <unknown>",
        "time" : {
          "start" : 1752871086855,
          "stop" : 1752871097247,
          "duration" : 10392
        }
      }, {
        "uid" : "72cec29689ee895",
        "reportUrl" : "https://Brain-up.github.io/auto-tests-python/631//#testresult/72cec29689ee895",
        "status" : "skipped",
        "statusDetails" : "XFAIL\n\nselenium.common.exceptions.TimeoutException: Message: Can't find element by locator ('xpath', '//div[@class=\"__51e19\"]')\nStacktrace:\n#0 0x55c36863323a <unknown>\n#1 0x55c3680ddab0 <unknown>\n#2 0x55c36812f6f0 <unknown>\n#3 0x55c36812f8e1 <unknown>\n#4 0x55c36817db94 <unknown>\n#5 0x55c3681551cd <unknown>\n#6 0x55c36817afee <unknown>\n#7 0x55c368154f73 <unknown>\n#8 0x55c368121aeb <unknown>\n#9 0x55c368122751 <unknown>\n#10 0x55c3685f7b4b <unknown>\n#11 0x55c3685fb929 <unknown>\n#12 0x55c3685de929 <unknown>\n#13 0x55c3685fc4e8 <unknown>\n#14 0x55c3685c30df <unknown>\n#15 0x55c3686208e8 <unknown>\n#16 0x55c368620ac6 <unknown>\n#17 0x55c368632556 <unknown>\n#18 0x7fe300e9caa4 <unknown>\n#19 0x7fe300f29c3c <unknown>",
        "time" : {
          "start" : 1752734880644,
          "stop" : 1752734891037,
          "duration" : 10393
        }
      } ]
    },
    "tags" : [ "@pytest.mark.xfail" ]
  },
  "source" : "6c4f673477df9f81.json",
  "parameterValues" : [ ]
}