{
  "uid" : "ffe7eb0674e9c4b4",
  "name" : "Verify if external links in the Header for an authorized user \n            lead to correct pages after click",
  "fullName" : "tests.header_test.TestAuthHeaderPageLinks#test_hpa_03_03_verify_auth_external_links_lead_to_proper_pages",
  "historyId" : "df8fd4e1c16e4b6851d67f312d7bdf24",
  "time" : {
    "start" : 1727253101560,
    "stop" : 1727253101560,
    "duration" : 0
  },
  "status" : "broken",
  "statusMessage" : "selenium.common.exceptions.TimeoutException: Message: Can't find element by locator https://brainup.site/groups",
  "statusTrace" : "self = <pages.base_page.BasePage object at 0x7f16b098b170>\nurl = 'https://brainup.site/groups'\n\n    def check_expected_link(self, url):\n        with allure.step(f'Check url is present: {url}'):\n            try:\n>               return Wait(self.driver, self.timeout).until(\n                    ec.url_to_be(url), message=f\"Can't find element by locator {url}\")\n\npages/base_page.py:68: \n_ _ _ _ _ _ _ _ _ _ _ _ _ _ _ _ _ _ _ _ _ _ _ _ _ _ _ _ _ _ _ _ _ _ _ _ _ _ _ _ \n\nself = <selenium.webdriver.support.wait.WebDriverWait (session=\"5415aae2237bae7ff5d77641799b5974\")>\nmethod = <function url_to_be.<locals>._predicate at 0x7f16b0a46c00>\nmessage = \"Can't find element by locator https://brainup.site/groups\"\n\n    def until(self, method, message: str = \"\"):\n        \"\"\"Calls the method provided with the driver as an argument until the \\\n        return value does not evaluate to ``False``.\n    \n        :param method: callable(WebDriver)\n        :param message: optional message for :exc:`TimeoutException`\n        :returns: the result of the last call to `method`\n        :raises: :exc:`selenium.common.exceptions.TimeoutException` if timeout occurs\n        \"\"\"\n        screen = None\n        stacktrace = None\n    \n        end_time = time.monotonic() + self._timeout\n        while True:\n            try:\n                value = method(self._driver)\n                if value:\n                    return value\n            except self._ignored_exceptions as exc:\n                screen = getattr(exc, \"screen\", None)\n                stacktrace = getattr(exc, \"stacktrace\", None)\n            time.sleep(self._poll)\n            if time.monotonic() > end_time:\n                break\n>       raise TimeoutException(message, screen, stacktrace)\nE       selenium.common.exceptions.TimeoutException: Message: Can't find element by locator https://brainup.site/groups\n\n/opt/hostedtoolcache/Python/3.12.6/x64/lib/python3.12/site-packages/selenium/webdriver/support/wait.py:95: TimeoutException\n\nDuring handling of the above exception, another exception occurred:\n\ndriver = <selenium.webdriver.chrome.webdriver.WebDriver (session=\"5415aae2237bae7ff5d77641799b5974\")>\nmain_page_open = None\n\n    @pytest.fixture()\n    @allure.step('Auto test user authorized')\n    def auto_test_user_authorized(driver, main_page_open):\n        page = BasePage(driver)\n        page.element_is_present_and_clickable(MainPageLocators.LOGIN_BUTTON).click()\n        page.element_is_visible(LoginPageLocators.INPUT_LOGIN).send_keys(os.environ[\"LOGIN\"])\n        page.element_is_visible(LoginPageLocators.INPUT_PASSWORD).send_keys(os.environ[\"PASSWORD\"])\n        page.element_is_present_and_clickable(LoginPageLocators.SIGN_IN_BUTTON).click()\n>       page.check_expected_link(MainPageLinks.URL_GROUPS_PAGE)\n\ntests/conftest.py:71: \n_ _ _ _ _ _ _ _ _ _ _ _ _ _ _ _ _ _ _ _ _ _ _ _ _ _ _ _ _ _ _ _ _ _ _ _ _ _ _ _ \npages/base_page.py:72: in check_expected_link\n    return Wait(self.driver, self.timeout).until(\n_ _ _ _ _ _ _ _ _ _ _ _ _ _ _ _ _ _ _ _ _ _ _ _ _ _ _ _ _ _ _ _ _ _ _ _ _ _ _ _ \n\nself = <selenium.webdriver.support.wait.WebDriverWait (session=\"5415aae2237bae7ff5d77641799b5974\")>\nmethod = <function url_to_be.<locals>._predicate at 0x7f16b0a472e0>\nmessage = \"Can't find element by locator https://brainup.site/groups\"\n\n    def until(self, method, message: str = \"\"):\n        \"\"\"Calls the method provided with the driver as an argument until the \\\n        return value does not evaluate to ``False``.\n    \n        :param method: callable(WebDriver)\n        :param message: optional message for :exc:`TimeoutException`\n        :returns: the result of the last call to `method`\n        :raises: :exc:`selenium.common.exceptions.TimeoutException` if timeout occurs\n        \"\"\"\n        screen = None\n        stacktrace = None\n    \n        end_time = time.monotonic() + self._timeout\n        while True:\n            try:\n                value = method(self._driver)\n                if value:\n                    return value\n            except self._ignored_exceptions as exc:\n                screen = getattr(exc, \"screen\", None)\n                stacktrace = getattr(exc, \"stacktrace\", None)\n            time.sleep(self._poll)\n            if time.monotonic() > end_time:\n                break\n>       raise TimeoutException(message, screen, stacktrace)\nE       selenium.common.exceptions.TimeoutException: Message: Can't find element by locator https://brainup.site/groups\n\n/opt/hostedtoolcache/Python/3.12.6/x64/lib/python3.12/site-packages/selenium/webdriver/support/wait.py:95: TimeoutException",
  "flaky" : false,
  "newFailed" : false,
  "beforeStages" : [ {
    "name" : "main_page_open",
    "time" : {
      "start" : 1727253102304,
      "stop" : 1727253105713,
      "duration" : 3409
    },
    "status" : "passed",
    "steps" : [ {
      "name" : "Open page: https://brainup.site/",
      "time" : {
        "start" : 1727253102304,
        "stop" : 1727253105713,
        "duration" : 3409
      },
      "status" : "passed",
      "steps" : [ ],
      "attachments" : [ ],
      "parameters" : [ {
        "name" : "driver",
        "value" : "<selenium.webdriver.chrome.webdriver.WebDriver (session=\"5415aae2237bae7ff5d77641799b5974\")>"
      } ],
      "attachmentsCount" : 0,
      "shouldDisplayMessage" : false,
      "hasContent" : true,
      "stepsCount" : 0
    } ],
    "attachments" : [ ],
    "parameters" : [ ],
    "attachmentsCount" : 0,
    "shouldDisplayMessage" : false,
    "hasContent" : true,
    "stepsCount" : 1
  }, {
    "name" : "clear_allure_results_folder",
    "time" : {
      "start" : 1727252682381,
      "stop" : 1727252682381,
      "duration" : 0
    },
    "status" : "passed",
    "steps" : [ ],
    "attachments" : [ ],
    "parameters" : [ ],
    "attachmentsCount" : 0,
    "shouldDisplayMessage" : false,
    "hasContent" : false,
    "stepsCount" : 0
  }, {
    "name" : "driver",
    "time" : {
      "start" : 1727253101561,
      "stop" : 1727253102304,
      "duration" : 743
    },
    "status" : "passed",
    "steps" : [ ],
    "attachments" : [ ],
    "parameters" : [ ],
    "attachmentsCount" : 0,
    "shouldDisplayMessage" : false,
    "hasContent" : false,
    "stepsCount" : 0
  }, {
    "name" : "auto_test_user_authorized",
    "time" : {
      "start" : 1727253105713,
      "stop" : 1727253146357,
      "duration" : 40644
    },
    "status" : "broken",
    "statusMessage" : "selenium.common.exceptions.TimeoutException: Message: Can't find element by locator https://brainup.site/groups\n\n",
    "statusTrace" : "  File \"/opt/hostedtoolcache/Python/3.12.6/x64/lib/python3.12/site-packages/pluggy/_callers.py\", line 103, in _multicall\n    res = hook_impl.function(*args)\n          ^^^^^^^^^^^^^^^^^^^^^^^^^\n  File \"/opt/hostedtoolcache/Python/3.12.6/x64/lib/python3.12/site-packages/_pytest/fixtures.py\", line 1123, in pytest_fixture_setup\n    result = call_fixture_func(fixturefunc, request, kwargs)\n             ^^^^^^^^^^^^^^^^^^^^^^^^^^^^^^^^^^^^^^^^^^^^^^^\n  File \"/opt/hostedtoolcache/Python/3.12.6/x64/lib/python3.12/site-packages/_pytest/fixtures.py\", line 902, in call_fixture_func\n    fixture_result = fixturefunc(**kwargs)\n                     ^^^^^^^^^^^^^^^^^^^^^\n  File \"/opt/hostedtoolcache/Python/3.12.6/x64/lib/python3.12/site-packages/allure_commons/_allure.py\", line 192, in impl\n    return func(*a, **kw)\n           ^^^^^^^^^^^^^^\n  File \"/home/runner/work/auto-tests-python/auto-tests-python/tests/conftest.py\", line 71, in auto_test_user_authorized\n    page.check_expected_link(MainPageLinks.URL_GROUPS_PAGE)\n  File \"/home/runner/work/auto-tests-python/auto-tests-python/pages/base_page.py\", line 72, in check_expected_link\n    return Wait(self.driver, self.timeout).until(\n           ^^^^^^^^^^^^^^^^^^^^^^^^^^^^^^^^^^^^^^\n  File \"/opt/hostedtoolcache/Python/3.12.6/x64/lib/python3.12/site-packages/selenium/webdriver/support/wait.py\", line 95, in until\n    raise TimeoutException(message, screen, stacktrace)\n",
    "steps" : [ {
      "name" : "Auto test user authorized",
      "time" : {
        "start" : 1727253105713,
        "stop" : 1727253146356,
        "duration" : 40643
      },
      "status" : "broken",
      "statusMessage" : "selenium.common.exceptions.TimeoutException: Message: Can't find element by locator https://brainup.site/groups\n\n",
      "statusTrace" : "  File \"/opt/hostedtoolcache/Python/3.12.6/x64/lib/python3.12/site-packages/allure_commons/_allure.py\", line 192, in impl\n    return func(*a, **kw)\n           ^^^^^^^^^^^^^^\n  File \"/home/runner/work/auto-tests-python/auto-tests-python/tests/conftest.py\", line 71, in auto_test_user_authorized\n    page.check_expected_link(MainPageLinks.URL_GROUPS_PAGE)\n  File \"/home/runner/work/auto-tests-python/auto-tests-python/pages/base_page.py\", line 72, in check_expected_link\n    return Wait(self.driver, self.timeout).until(\n           ^^^^^^^^^^^^^^^^^^^^^^^^^^^^^^^^^^^^^^\n  File \"/opt/hostedtoolcache/Python/3.12.6/x64/lib/python3.12/site-packages/selenium/webdriver/support/wait.py\", line 95, in until\n    raise TimeoutException(message, screen, stacktrace)\n",
      "steps" : [ {
        "name" : "Check url is present: https://brainup.site/groups",
        "time" : {
          "start" : 1727253106072,
          "stop" : 1727253146356,
          "duration" : 40284
        },
        "status" : "broken",
        "statusMessage" : "selenium.common.exceptions.TimeoutException: Message: Can't find element by locator https://brainup.site/groups\n\n",
        "statusTrace" : "  File \"/home/runner/work/auto-tests-python/auto-tests-python/pages/base_page.py\", line 72, in check_expected_link\n    return Wait(self.driver, self.timeout).until(\n           ^^^^^^^^^^^^^^^^^^^^^^^^^^^^^^^^^^^^^^\n  File \"/opt/hostedtoolcache/Python/3.12.6/x64/lib/python3.12/site-packages/selenium/webdriver/support/wait.py\", line 95, in until\n    raise TimeoutException(message, screen, stacktrace)\n",
        "steps" : [ ],
        "attachments" : [ ],
        "parameters" : [ ],
        "attachmentsCount" : 0,
        "shouldDisplayMessage" : true,
        "hasContent" : true,
        "stepsCount" : 0
      } ],
      "attachments" : [ ],
      "parameters" : [ {
        "name" : "driver",
        "value" : "<selenium.webdriver.chrome.webdriver.WebDriver (session=\"5415aae2237bae7ff5d77641799b5974\")>"
      }, {
        "name" : "main_page_open",
        "value" : "None"
      } ],
      "attachmentsCount" : 0,
      "shouldDisplayMessage" : false,
      "hasContent" : true,
      "stepsCount" : 1
    } ],
    "attachments" : [ ],
    "parameters" : [ ],
    "attachmentsCount" : 0,
    "shouldDisplayMessage" : false,
    "hasContent" : true,
    "stepsCount" : 2
  } ],
  "afterStages" : [ {
    "name" : "driver::0",
    "time" : {
      "start" : 1727253146406,
      "stop" : 1727253146494,
      "duration" : 88
    },
    "status" : "passed",
    "steps" : [ ],
    "attachments" : [ ],
    "parameters" : [ ],
    "attachmentsCount" : 0,
    "shouldDisplayMessage" : false,
    "hasContent" : false,
    "stepsCount" : 0
  } ],
  "labels" : [ {
    "name" : "epic",
    "value" : "Test Header"
  }, {
    "name" : "parentSuite",
    "value" : "tests"
  }, {
    "name" : "suite",
    "value" : "header_test"
  }, {
    "name" : "subSuite",
    "value" : "TestHeaderPage"
  }, {
    "name" : "host",
    "value" : "fv-az520-217"
  }, {
    "name" : "thread",
    "value" : "2329-MainThread"
  }, {
    "name" : "framework",
    "value" : "pytest"
  }, {
    "name" : "language",
    "value" : "cpython3"
  }, {
    "name" : "package",
    "value" : "tests.header_test"
  }, {
    "name" : "resultFormat",
    "value" : "allure2"
  } ],
  "parameters" : [ ],
  "links" : [ ],
  "hidden" : false,
  "retry" : false,
  "extra" : {
    "severity" : "normal",
    "retries" : [ ],
    "categories" : [ {
      "name" : "Test defects",
      "matchedStatuses" : [ ],
      "flaky" : false
    } ],
    "history" : {
      "statistic" : {
        "failed" : 0,
        "broken" : 1,
        "skipped" : 0,
        "passed" : 14,
        "unknown" : 0,
        "total" : 15
      },
      "items" : [ {
        "uid" : "bfb08d78ec511bbf",
        "reportUrl" : "https://Brain-up.github.io/auto-tests-python/290//#testresult/bfb08d78ec511bbf",
        "status" : "passed",
        "time" : {
          "start" : 1727247866957,
          "stop" : 1727247868865,
          "duration" : 1908
        }
      }, {
        "uid" : "ef4a8e5a6cf1f8af",
        "reportUrl" : "https://Brain-up.github.io/auto-tests-python/133//#testresult/ef4a8e5a6cf1f8af",
        "status" : "passed",
        "time" : {
          "start" : 1727226299260,
          "stop" : 1727226301314,
          "duration" : 2054
        }
      }, {
        "uid" : "4e993ecb63e468dd",
        "reportUrl" : "https://Brain-up.github.io/auto-tests-python/289//#testresult/4e993ecb63e468dd",
        "status" : "passed",
        "time" : {
          "start" : 1727172866911,
          "stop" : 1727172869009,
          "duration" : 2098
        }
      }, {
        "uid" : "ab4c95e8f0e2a7f2",
        "reportUrl" : "https://Brain-up.github.io/auto-tests-python/288//#testresult/ab4c95e8f0e2a7f2",
        "status" : "passed",
        "time" : {
          "start" : 1727170781229,
          "stop" : 1727170783267,
          "duration" : 2038
        }
      }, {
        "uid" : "9823b42593549c53",
        "reportUrl" : "https://Brain-up.github.io/auto-tests-python/288//#testresult/9823b42593549c53",
        "status" : "passed",
        "time" : {
          "start" : 1727168454343,
          "stop" : 1727168456364,
          "duration" : 2021
        }
      }, {
        "uid" : "b25f7530882b5404",
        "reportUrl" : "https://Brain-up.github.io/auto-tests-python/288//#testresult/b25f7530882b5404",
        "status" : "passed",
        "time" : {
          "start" : 1727165533574,
          "stop" : 1727165535556,
          "duration" : 1982
        }
      }, {
        "uid" : "8d803e3abddaf6ff",
        "reportUrl" : "https://Brain-up.github.io/auto-tests-python/288//#testresult/8d803e3abddaf6ff",
        "status" : "passed",
        "time" : {
          "start" : 1727163866436,
          "stop" : 1727163868420,
          "duration" : 1984
        }
      }, {
        "uid" : "68009d9647b0f03b",
        "reportUrl" : "https://Brain-up.github.io/auto-tests-python/132//#testresult/68009d9647b0f03b",
        "status" : "passed",
        "time" : {
          "start" : 1727139762505,
          "stop" : 1727139764305,
          "duration" : 1800
        }
      }, {
        "uid" : "7a0e88beb2b0daba",
        "reportUrl" : "https://Brain-up.github.io/auto-tests-python/287//#testresult/7a0e88beb2b0daba",
        "status" : "passed",
        "time" : {
          "start" : 1727085039115,
          "stop" : 1727085040973,
          "duration" : 1858
        }
      }, {
        "uid" : "52fc7b68751cc0cc",
        "reportUrl" : "https://Brain-up.github.io/auto-tests-python/286//#testresult/52fc7b68751cc0cc",
        "status" : "passed",
        "time" : {
          "start" : 1727083536838,
          "stop" : 1727083538693,
          "duration" : 1855
        }
      }, {
        "uid" : "5fa7af5d8dcc8dd7",
        "reportUrl" : "https://Brain-up.github.io/auto-tests-python/131//#testresult/5fa7af5d8dcc8dd7",
        "status" : "passed",
        "time" : {
          "start" : 1727053423779,
          "stop" : 1727053425734,
          "duration" : 1955
        }
      }, {
        "uid" : "cb302f7ffade1190",
        "reportUrl" : "https://Brain-up.github.io/auto-tests-python/285//#testresult/cb302f7ffade1190",
        "status" : "passed",
        "time" : {
          "start" : 1726998411521,
          "stop" : 1726998413258,
          "duration" : 1737
        }
      }, {
        "uid" : "506c521c67c37c1a",
        "reportUrl" : "https://Brain-up.github.io/auto-tests-python/284//#testresult/506c521c67c37c1a",
        "status" : "passed",
        "time" : {
          "start" : 1726996774886,
          "stop" : 1726996776961,
          "duration" : 2075
        }
      }, {
        "uid" : "83328f58144c55c5",
        "reportUrl" : "https://Brain-up.github.io/auto-tests-python/284//#testresult/83328f58144c55c5",
        "status" : "passed",
        "time" : {
          "start" : 1726995354659,
          "stop" : 1726995356405,
          "duration" : 1746
        }
      } ]
    },
    "tags" : [ ]
  },
  "source" : "ffe7eb0674e9c4b4.json",
  "parameterValues" : [ ]
}