{
  "uid" : "d4786f8b769bf484",
  "name" : "Check statistic table.",
  "fullName" : "tests.test_speech_exercises_ru.TestCardsRU#test_get_statistic_data",
  "historyId" : "15df626f86a935fbcd917f7ea4002a26",
  "time" : {
    "start" : 1760437713564,
    "stop" : 1760437723834,
    "duration" : 10270
  },
  "status" : "skipped",
  "statusMessage" : "XFAIL\n\nselenium.common.exceptions.TimeoutException: Message: Can't find element by locator ('xpath', '//div[@class=\"__51e19\"]')\nStacktrace:\n#0 0x56007a7cefba <unknown>\n#1 0x56007a2536d0 <unknown>\n#2 0x56007a2a52aa <unknown>\n#3 0x56007a2a5541 <unknown>\n#4 0x56007a2f36c4 <unknown>\n#5 0x56007a2cae5d <unknown>\n#6 0x56007a2f0b54 <unknown>\n#7 0x56007a2cac03 <unknown>\n#8 0x56007a2977a8 <unknown>\n#9 0x56007a298421 <unknown>\n#10 0x56007a793b28 <unknown>\n#11 0x56007a79787f <unknown>\n#12 0x56007a77bc49 <unknown>\n#13 0x56007a798405 <unknown>\n#14 0x56007a7614ff <unknown>\n#15 0x56007a7bc258 <unknown>\n#16 0x56007a7bc432 <unknown>\n#17 0x56007a7cdfa3 <unknown>\n#18 0x7f473ac9caa4 <unknown>\n#19 0x7f473ad29c6c <unknown>",
  "statusTrace" : "self = <tests.test_speech_exercises_ru.TestCardsRU object at 0x7f1a100a19d0>\ndriver = <selenium.webdriver.chrome.webdriver.WebDriver (session=\"4e8f22bee9ab44e0abf774d60234aed5\")>\ndefault_user_authorized = None\n\n    @pytest.mark.xfail\n    @allure.suite('Statistic.')\n    @allure.title('Check statistic table.')\n    def test_get_statistic_data(self, driver, default_user_authorized):\n        page = SpeechExercisesPageRU(driver)\n>       table = page.get_statistic_data()\n\ntests/test_speech_exercises_ru.py:192: \n_ _ _ _ _ _ _ _ _ _ _ _ _ _ _ _ _ _ _ _ _ _ _ _ _ _ _ _ _ _ _ _ _ _ _ _ _ _ _ _ \npages/speech_exercises_page_ru.py:174: in get_statistic_data\n    table = self.element_is_present(self.locators.AuthorizedUserHomePageLocators.STATISTIC_TABLE)\npages/base_page.py:32: in element_is_present\n    return Wait(self.driver, self.timeout).until(\n_ _ _ _ _ _ _ _ _ _ _ _ _ _ _ _ _ _ _ _ _ _ _ _ _ _ _ _ _ _ _ _ _ _ _ _ _ _ _ _ \n\nself = <selenium.webdriver.support.wait.WebDriverWait (session=\"4e8f22bee9ab44e0abf774d60234aed5\")>\nmethod = <function presence_of_element_located.<locals>._predicate at 0x7f1a100107c0>\nmessage = 'Can\\'t find element by locator (\\'xpath\\', \\'//div[@class=\"__51e19\"]\\')'\n\n    def until(self, method, message: str = \"\"):\n        \"\"\"Calls the method provided with the driver as an argument until the \\\n        return value does not evaluate to ``False``.\n    \n        :param method: callable(WebDriver)\n        :param message: optional message for :exc:`TimeoutException`\n        :returns: the result of the last call to `method`\n        :raises: :exc:`selenium.common.exceptions.TimeoutException` if timeout occurs\n        \"\"\"\n        screen = None\n        stacktrace = None\n    \n        end_time = time.monotonic() + self._timeout\n        while True:\n            try:\n                value = method(self._driver)\n                if value:\n                    return value\n            except self._ignored_exceptions as exc:\n                screen = getattr(exc, \"screen\", None)\n                stacktrace = getattr(exc, \"stacktrace\", None)\n            time.sleep(self._poll)\n            if time.monotonic() > end_time:\n                break\n>       raise TimeoutException(message, screen, stacktrace)\nE       selenium.common.exceptions.TimeoutException: Message: Can't find element by locator ('xpath', '//div[@class=\"__51e19\"]')\nE       Stacktrace:\nE       #0 0x56007a7cefba <unknown>\nE       #1 0x56007a2536d0 <unknown>\nE       #2 0x56007a2a52aa <unknown>\nE       #3 0x56007a2a5541 <unknown>\nE       #4 0x56007a2f36c4 <unknown>\nE       #5 0x56007a2cae5d <unknown>\nE       #6 0x56007a2f0b54 <unknown>\nE       #7 0x56007a2cac03 <unknown>\nE       #8 0x56007a2977a8 <unknown>\nE       #9 0x56007a298421 <unknown>\nE       #10 0x56007a793b28 <unknown>\nE       #11 0x56007a79787f <unknown>\nE       #12 0x56007a77bc49 <unknown>\nE       #13 0x56007a798405 <unknown>\nE       #14 0x56007a7614ff <unknown>\nE       #15 0x56007a7bc258 <unknown>\nE       #16 0x56007a7bc432 <unknown>\nE       #17 0x56007a7cdfa3 <unknown>\nE       #18 0x7f473ac9caa4 <unknown>\nE       #19 0x7f473ad29c6c <unknown>\n\n/opt/hostedtoolcache/Python/3.12.11/x64/lib/python3.12/site-packages/selenium/webdriver/support/wait.py:95: TimeoutException",
  "flaky" : false,
  "newFailed" : false,
  "beforeStages" : [ {
    "name" : "clear_allure_results_folder",
    "time" : {
      "start" : 1760436230804,
      "stop" : 1760436230804,
      "duration" : 0
    },
    "status" : "passed",
    "steps" : [ ],
    "attachments" : [ ],
    "parameters" : [ ],
    "stepsCount" : 0,
    "attachmentsCount" : 0,
    "shouldDisplayMessage" : false,
    "hasContent" : false
  }, {
    "name" : "main_page_open",
    "time" : {
      "start" : 1760437707624,
      "stop" : 1760437711110,
      "duration" : 3486
    },
    "status" : "passed",
    "steps" : [ {
      "name" : "Open page: https://www.brainup.site/",
      "time" : {
        "start" : 1760437707624,
        "stop" : 1760437711110,
        "duration" : 3486
      },
      "status" : "passed",
      "steps" : [ ],
      "attachments" : [ ],
      "parameters" : [ {
        "name" : "driver",
        "value" : "<selenium.webdriver.chrome.webdriver.WebDriver (session=\"4e8f22bee9ab44e0abf774d60234aed5\")>"
      } ],
      "stepsCount" : 0,
      "attachmentsCount" : 0,
      "shouldDisplayMessage" : false,
      "hasContent" : true
    } ],
    "attachments" : [ ],
    "parameters" : [ ],
    "stepsCount" : 1,
    "attachmentsCount" : 0,
    "shouldDisplayMessage" : false,
    "hasContent" : true
  }, {
    "name" : "driver",
    "time" : {
      "start" : 1760437706851,
      "stop" : 1760437707624,
      "duration" : 773
    },
    "status" : "passed",
    "steps" : [ ],
    "attachments" : [ ],
    "parameters" : [ ],
    "stepsCount" : 0,
    "attachmentsCount" : 0,
    "shouldDisplayMessage" : false,
    "hasContent" : false
  }, {
    "name" : "default_user_authorized",
    "time" : {
      "start" : 1760437711110,
      "stop" : 1760437713563,
      "duration" : 2453
    },
    "status" : "passed",
    "steps" : [ {
      "name" : "DEFAULT user authorized",
      "time" : {
        "start" : 1760437711110,
        "stop" : 1760437713563,
        "duration" : 2453
      },
      "status" : "passed",
      "steps" : [ {
        "name" : "Check url is present: https://www.brainup.site/groups",
        "time" : {
          "start" : 1760437711522,
          "stop" : 1760437713540,
          "duration" : 2018
        },
        "status" : "passed",
        "steps" : [ ],
        "attachments" : [ ],
        "parameters" : [ ],
        "stepsCount" : 0,
        "attachmentsCount" : 0,
        "shouldDisplayMessage" : false,
        "hasContent" : false
      }, {
        "name" : "Loader checking",
        "time" : {
          "start" : 1760437713540,
          "stop" : 1760437713563,
          "duration" : 23
        },
        "status" : "passed",
        "steps" : [ ],
        "attachments" : [ ],
        "parameters" : [ ],
        "stepsCount" : 0,
        "attachmentsCount" : 0,
        "shouldDisplayMessage" : false,
        "hasContent" : false
      } ],
      "attachments" : [ ],
      "parameters" : [ {
        "name" : "driver",
        "value" : "<selenium.webdriver.chrome.webdriver.WebDriver (session=\"4e8f22bee9ab44e0abf774d60234aed5\")>"
      }, {
        "name" : "main_page_open",
        "value" : "None"
      } ],
      "stepsCount" : 2,
      "attachmentsCount" : 0,
      "shouldDisplayMessage" : false,
      "hasContent" : true
    } ],
    "attachments" : [ ],
    "parameters" : [ ],
    "stepsCount" : 3,
    "attachmentsCount" : 0,
    "shouldDisplayMessage" : false,
    "hasContent" : true
  } ],
  "testStage" : {
    "status" : "skipped",
    "statusMessage" : "XFAIL\n\nselenium.common.exceptions.TimeoutException: Message: Can't find element by locator ('xpath', '//div[@class=\"__51e19\"]')\nStacktrace:\n#0 0x56007a7cefba <unknown>\n#1 0x56007a2536d0 <unknown>\n#2 0x56007a2a52aa <unknown>\n#3 0x56007a2a5541 <unknown>\n#4 0x56007a2f36c4 <unknown>\n#5 0x56007a2cae5d <unknown>\n#6 0x56007a2f0b54 <unknown>\n#7 0x56007a2cac03 <unknown>\n#8 0x56007a2977a8 <unknown>\n#9 0x56007a298421 <unknown>\n#10 0x56007a793b28 <unknown>\n#11 0x56007a79787f <unknown>\n#12 0x56007a77bc49 <unknown>\n#13 0x56007a798405 <unknown>\n#14 0x56007a7614ff <unknown>\n#15 0x56007a7bc258 <unknown>\n#16 0x56007a7bc432 <unknown>\n#17 0x56007a7cdfa3 <unknown>\n#18 0x7f473ac9caa4 <unknown>\n#19 0x7f473ad29c6c <unknown>",
    "statusTrace" : "self = <tests.test_speech_exercises_ru.TestCardsRU object at 0x7f1a100a19d0>\ndriver = <selenium.webdriver.chrome.webdriver.WebDriver (session=\"4e8f22bee9ab44e0abf774d60234aed5\")>\ndefault_user_authorized = None\n\n    @pytest.mark.xfail\n    @allure.suite('Statistic.')\n    @allure.title('Check statistic table.')\n    def test_get_statistic_data(self, driver, default_user_authorized):\n        page = SpeechExercisesPageRU(driver)\n>       table = page.get_statistic_data()\n\ntests/test_speech_exercises_ru.py:192: \n_ _ _ _ _ _ _ _ _ _ _ _ _ _ _ _ _ _ _ _ _ _ _ _ _ _ _ _ _ _ _ _ _ _ _ _ _ _ _ _ \npages/speech_exercises_page_ru.py:174: in get_statistic_data\n    table = self.element_is_present(self.locators.AuthorizedUserHomePageLocators.STATISTIC_TABLE)\npages/base_page.py:32: in element_is_present\n    return Wait(self.driver, self.timeout).until(\n_ _ _ _ _ _ _ _ _ _ _ _ _ _ _ _ _ _ _ _ _ _ _ _ _ _ _ _ _ _ _ _ _ _ _ _ _ _ _ _ \n\nself = <selenium.webdriver.support.wait.WebDriverWait (session=\"4e8f22bee9ab44e0abf774d60234aed5\")>\nmethod = <function presence_of_element_located.<locals>._predicate at 0x7f1a100107c0>\nmessage = 'Can\\'t find element by locator (\\'xpath\\', \\'//div[@class=\"__51e19\"]\\')'\n\n    def until(self, method, message: str = \"\"):\n        \"\"\"Calls the method provided with the driver as an argument until the \\\n        return value does not evaluate to ``False``.\n    \n        :param method: callable(WebDriver)\n        :param message: optional message for :exc:`TimeoutException`\n        :returns: the result of the last call to `method`\n        :raises: :exc:`selenium.common.exceptions.TimeoutException` if timeout occurs\n        \"\"\"\n        screen = None\n        stacktrace = None\n    \n        end_time = time.monotonic() + self._timeout\n        while True:\n            try:\n                value = method(self._driver)\n                if value:\n                    return value\n            except self._ignored_exceptions as exc:\n                screen = getattr(exc, \"screen\", None)\n                stacktrace = getattr(exc, \"stacktrace\", None)\n            time.sleep(self._poll)\n            if time.monotonic() > end_time:\n                break\n>       raise TimeoutException(message, screen, stacktrace)\nE       selenium.common.exceptions.TimeoutException: Message: Can't find element by locator ('xpath', '//div[@class=\"__51e19\"]')\nE       Stacktrace:\nE       #0 0x56007a7cefba <unknown>\nE       #1 0x56007a2536d0 <unknown>\nE       #2 0x56007a2a52aa <unknown>\nE       #3 0x56007a2a5541 <unknown>\nE       #4 0x56007a2f36c4 <unknown>\nE       #5 0x56007a2cae5d <unknown>\nE       #6 0x56007a2f0b54 <unknown>\nE       #7 0x56007a2cac03 <unknown>\nE       #8 0x56007a2977a8 <unknown>\nE       #9 0x56007a298421 <unknown>\nE       #10 0x56007a793b28 <unknown>\nE       #11 0x56007a79787f <unknown>\nE       #12 0x56007a77bc49 <unknown>\nE       #13 0x56007a798405 <unknown>\nE       #14 0x56007a7614ff <unknown>\nE       #15 0x56007a7bc258 <unknown>\nE       #16 0x56007a7bc432 <unknown>\nE       #17 0x56007a7cdfa3 <unknown>\nE       #18 0x7f473ac9caa4 <unknown>\nE       #19 0x7f473ad29c6c <unknown>\n\n/opt/hostedtoolcache/Python/3.12.11/x64/lib/python3.12/site-packages/selenium/webdriver/support/wait.py:95: TimeoutException",
    "steps" : [ {
      "name" : "get_statistic_data",
      "time" : {
        "start" : 1760437713564,
        "stop" : 1760437723833,
        "duration" : 10269
      },
      "status" : "broken",
      "statusMessage" : "selenium.common.exceptions.TimeoutException: Message: Can't find element by locator ('xpath', '//div[@class=\"__51e19\"]')\nStacktrace:\n#0 0x56007a7cefba <unknown>\n#1 0x56007a2536d0 <unknown>\n#2 0x56007a2a52aa <unknown>\n#3 0x56007a2a5541 <unknown>\n#4 0x56007a2f36c4 <unknown>\n#5 0x56007a2cae5d <unknown>\n#6 0x56007a2f0b54 <unknown>\n#7 0x56007a2cac03 <unknown>\n#8 0x56007a2977a8 <unknown>\n#9 0x56007a298421 <unknown>\n#10 0x56007a793b28 <unknown>\n#11 0x56007a79787f <unknown>\n#12 0x56007a77bc49 <unknown>\n#13 0x56007a798405 <unknown>\n#14 0x56007a7614ff <unknown>\n#15 0x56007a7bc258 <unknown>\n#16 0x56007a7bc432 <unknown>\n#17 0x56007a7cdfa3 <unknown>\n#18 0x7f473ac9caa4 <unknown>\n#19 0x7f473ad29c6c <unknown>\n\n",
      "statusTrace" : "  File \"/opt/hostedtoolcache/Python/3.12.11/x64/lib/python3.12/site-packages/allure_commons/_allure.py\", line 192, in impl\n    return func(*a, **kw)\n           ^^^^^^^^^^^^^^\n  File \"/home/runner/work/auto-tests-python/auto-tests-python/pages/speech_exercises_page_ru.py\", line 174, in get_statistic_data\n    table = self.element_is_present(self.locators.AuthorizedUserHomePageLocators.STATISTIC_TABLE)\n            ^^^^^^^^^^^^^^^^^^^^^^^^^^^^^^^^^^^^^^^^^^^^^^^^^^^^^^^^^^^^^^^^^^^^^^^^^^^^^^^^^^^^^\n  File \"/home/runner/work/auto-tests-python/auto-tests-python/pages/base_page.py\", line 32, in element_is_present\n    return Wait(self.driver, self.timeout).until(\n           ^^^^^^^^^^^^^^^^^^^^^^^^^^^^^^^^^^^^^^\n  File \"/opt/hostedtoolcache/Python/3.12.11/x64/lib/python3.12/site-packages/selenium/webdriver/support/wait.py\", line 95, in until\n    raise TimeoutException(message, screen, stacktrace)\n",
      "steps" : [ {
        "name" : "Click button \"Статистика\"\".",
        "time" : {
          "start" : 1760437713564,
          "stop" : 1760437713643,
          "duration" : 79
        },
        "status" : "passed",
        "steps" : [ ],
        "attachments" : [ ],
        "parameters" : [ ],
        "stepsCount" : 0,
        "attachmentsCount" : 0,
        "shouldDisplayMessage" : false,
        "hasContent" : false
      }, {
        "name" : "Check statistic table is present and scroll to table",
        "time" : {
          "start" : 1760437713643,
          "stop" : 1760437723833,
          "duration" : 10190
        },
        "status" : "broken",
        "statusMessage" : "selenium.common.exceptions.TimeoutException: Message: Can't find element by locator ('xpath', '//div[@class=\"__51e19\"]')\nStacktrace:\n#0 0x56007a7cefba <unknown>\n#1 0x56007a2536d0 <unknown>\n#2 0x56007a2a52aa <unknown>\n#3 0x56007a2a5541 <unknown>\n#4 0x56007a2f36c4 <unknown>\n#5 0x56007a2cae5d <unknown>\n#6 0x56007a2f0b54 <unknown>\n#7 0x56007a2cac03 <unknown>\n#8 0x56007a2977a8 <unknown>\n#9 0x56007a298421 <unknown>\n#10 0x56007a793b28 <unknown>\n#11 0x56007a79787f <unknown>\n#12 0x56007a77bc49 <unknown>\n#13 0x56007a798405 <unknown>\n#14 0x56007a7614ff <unknown>\n#15 0x56007a7bc258 <unknown>\n#16 0x56007a7bc432 <unknown>\n#17 0x56007a7cdfa3 <unknown>\n#18 0x7f473ac9caa4 <unknown>\n#19 0x7f473ad29c6c <unknown>\n\n",
        "statusTrace" : "  File \"/home/runner/work/auto-tests-python/auto-tests-python/pages/speech_exercises_page_ru.py\", line 174, in get_statistic_data\n    table = self.element_is_present(self.locators.AuthorizedUserHomePageLocators.STATISTIC_TABLE)\n            ^^^^^^^^^^^^^^^^^^^^^^^^^^^^^^^^^^^^^^^^^^^^^^^^^^^^^^^^^^^^^^^^^^^^^^^^^^^^^^^^^^^^^\n  File \"/home/runner/work/auto-tests-python/auto-tests-python/pages/base_page.py\", line 32, in element_is_present\n    return Wait(self.driver, self.timeout).until(\n           ^^^^^^^^^^^^^^^^^^^^^^^^^^^^^^^^^^^^^^\n  File \"/opt/hostedtoolcache/Python/3.12.11/x64/lib/python3.12/site-packages/selenium/webdriver/support/wait.py\", line 95, in until\n    raise TimeoutException(message, screen, stacktrace)\n",
        "steps" : [ ],
        "attachments" : [ ],
        "parameters" : [ ],
        "stepsCount" : 0,
        "attachmentsCount" : 0,
        "shouldDisplayMessage" : true,
        "hasContent" : true
      } ],
      "attachments" : [ ],
      "parameters" : [ ],
      "stepsCount" : 2,
      "attachmentsCount" : 0,
      "shouldDisplayMessage" : false,
      "hasContent" : true
    } ],
    "attachments" : [ ],
    "parameters" : [ ],
    "stepsCount" : 3,
    "attachmentsCount" : 0,
    "shouldDisplayMessage" : true,
    "hasContent" : true
  },
  "afterStages" : [ {
    "name" : "driver::0",
    "time" : {
      "start" : 1760437723850,
      "stop" : 1760437723919,
      "duration" : 69
    },
    "status" : "passed",
    "steps" : [ ],
    "attachments" : [ ],
    "parameters" : [ ],
    "stepsCount" : 0,
    "attachmentsCount" : 0,
    "shouldDisplayMessage" : false,
    "hasContent" : false
  } ],
  "labels" : [ {
    "name" : "epic",
    "value" : "Speech exercises."
  }, {
    "name" : "suite",
    "value" : "Statistic."
  }, {
    "name" : "tag",
    "value" : "@pytest.mark.xfail"
  }, {
    "name" : "parentSuite",
    "value" : "tests"
  }, {
    "name" : "subSuite",
    "value" : "TestCardsRU"
  }, {
    "name" : "host",
    "value" : "runnervmwhb2z"
  }, {
    "name" : "thread",
    "value" : "2571-MainThread"
  }, {
    "name" : "framework",
    "value" : "pytest"
  }, {
    "name" : "language",
    "value" : "cpython3"
  }, {
    "name" : "package",
    "value" : "tests.test_speech_exercises_ru"
  }, {
    "name" : "resultFormat",
    "value" : "allure2"
  } ],
  "parameters" : [ ],
  "links" : [ ],
  "hidden" : false,
  "retry" : false,
  "extra" : {
    "severity" : "normal",
    "retries" : [ ],
    "categories" : [ ],
    "history" : {
      "statistic" : {
        "failed" : 0,
        "broken" : 0,
        "skipped" : 248,
        "passed" : 97,
        "unknown" : 0,
        "total" : 345
      },
      "items" : [ {
        "uid" : "e8524a7fc8635f31",
        "reportUrl" : "https://Brain-up.github.io/auto-tests-python/711//#testresult/e8524a7fc8635f31",
        "status" : "skipped",
        "statusDetails" : "XFAIL\n\nselenium.common.exceptions.TimeoutException: Message: Can't find element by locator ('xpath', '//div[@class=\"__51e19\"]')\nStacktrace:\n#0 0x55b14e997fba <unknown>\n#1 0x55b14e41c6d0 <unknown>\n#2 0x55b14e46e2aa <unknown>\n#3 0x55b14e46e541 <unknown>\n#4 0x55b14e4bc6c4 <unknown>\n#5 0x55b14e493e5d <unknown>\n#6 0x55b14e4b9b54 <unknown>\n#7 0x55b14e493c03 <unknown>\n#8 0x55b14e4607a8 <unknown>\n#9 0x55b14e461421 <unknown>\n#10 0x55b14e95cb28 <unknown>\n#11 0x55b14e96087f <unknown>\n#12 0x55b14e944c49 <unknown>\n#13 0x55b14e961405 <unknown>\n#14 0x55b14e92a4ff <unknown>\n#15 0x55b14e985258 <unknown>\n#16 0x55b14e985432 <unknown>\n#17 0x55b14e996fa3 <unknown>\n#18 0x7f03de69caa4 <unknown>\n#19 0x7f03de729c6c <unknown>",
        "time" : {
          "start" : 1760305375920,
          "stop" : 1760305386245,
          "duration" : 10325
        }
      }, {
        "uid" : "e695ff298b96d0d6",
        "reportUrl" : "https://Brain-up.github.io/auto-tests-python/710//#testresult/e695ff298b96d0d6",
        "status" : "skipped",
        "statusDetails" : "XFAIL\n\nselenium.common.exceptions.TimeoutException: Message: Can't find element by locator ('xpath', '//div[@class=\"__51e19\"]')\nStacktrace:\n#0 0x55fccec7cfba <unknown>\n#1 0x55fcce7016d0 <unknown>\n#2 0x55fcce7532aa <unknown>\n#3 0x55fcce753541 <unknown>\n#4 0x55fcce7a16c4 <unknown>\n#5 0x55fcce778e5d <unknown>\n#6 0x55fcce79eb54 <unknown>\n#7 0x55fcce778c03 <unknown>\n#8 0x55fcce7457a8 <unknown>\n#9 0x55fcce746421 <unknown>\n#10 0x55fccec41b28 <unknown>\n#11 0x55fccec4587f <unknown>\n#12 0x55fccec29c49 <unknown>\n#13 0x55fccec46405 <unknown>\n#14 0x55fccec0f4ff <unknown>\n#15 0x55fccec6a258 <unknown>\n#16 0x55fccec6a432 <unknown>\n#17 0x55fccec7bfa3 <unknown>\n#18 0x7f748089caa4 <unknown>\n#19 0x7f7480929c6c <unknown>",
        "time" : {
          "start" : 1760298637738,
          "stop" : 1760298647985,
          "duration" : 10247
        }
      }, {
        "uid" : "806d7ef87e550bb2",
        "reportUrl" : "https://Brain-up.github.io/auto-tests-python/709//#testresult/806d7ef87e550bb2",
        "status" : "skipped",
        "statusDetails" : "XFAIL\n\nselenium.common.exceptions.TimeoutException: Message: Can't find element by locator ('xpath', '//div[@class=\"__51e19\"]')\nStacktrace:\n#0 0x5577e20b1fba <unknown>\n#1 0x5577e1b366d0 <unknown>\n#2 0x5577e1b882aa <unknown>\n#3 0x5577e1b88541 <unknown>\n#4 0x5577e1bd66c4 <unknown>\n#5 0x5577e1bade5d <unknown>\n#6 0x5577e1bd3b54 <unknown>\n#7 0x5577e1badc03 <unknown>\n#8 0x5577e1b7a7a8 <unknown>\n#9 0x5577e1b7b421 <unknown>\n#10 0x5577e2076b28 <unknown>\n#11 0x5577e207a87f <unknown>\n#12 0x5577e205ec49 <unknown>\n#13 0x5577e207b405 <unknown>\n#14 0x5577e20444ff <unknown>\n#15 0x5577e209f258 <unknown>\n#16 0x5577e209f432 <unknown>\n#17 0x5577e20b0fa3 <unknown>\n#18 0x7ff9aaa9caa4 <unknown>\n#19 0x7ff9aab29c6c <unknown>",
        "time" : {
          "start" : 1760133074106,
          "stop" : 1760133084322,
          "duration" : 10216
        }
      }, {
        "uid" : "988e6812d200ef1c",
        "reportUrl" : "https://Brain-up.github.io/auto-tests-python/708//#testresult/988e6812d200ef1c",
        "status" : "passed",
        "statusDetails" : "XPASS",
        "time" : {
          "start" : 1760097357117,
          "stop" : 1760097359052,
          "duration" : 1935
        }
      }, {
        "uid" : "fe003e8bd836ae9e",
        "reportUrl" : "https://Brain-up.github.io/auto-tests-python/707//#testresult/fe003e8bd836ae9e",
        "status" : "skipped",
        "statusDetails" : "XFAIL\n\nselenium.common.exceptions.TimeoutException: Message: Can't find element by locator ('xpath', '//div[@class=\"__51e19\"]')\nStacktrace:\n#0 0x55f229a35fba <unknown>\n#1 0x55f2294ba6d0 <unknown>\n#2 0x55f22950c2aa <unknown>\n#3 0x55f22950c541 <unknown>\n#4 0x55f22955a6c4 <unknown>\n#5 0x55f229531e5d <unknown>\n#6 0x55f229557b54 <unknown>\n#7 0x55f229531c03 <unknown>\n#8 0x55f2294fe7a8 <unknown>\n#9 0x55f2294ff421 <unknown>\n#10 0x55f2299fab28 <unknown>\n#11 0x55f2299fe87f <unknown>\n#12 0x55f2299e2c49 <unknown>\n#13 0x55f2299ff405 <unknown>\n#14 0x55f2299c84ff <unknown>\n#15 0x55f229a23258 <unknown>\n#16 0x55f229a23432 <unknown>\n#17 0x55f229a34fa3 <unknown>\n#18 0x7feb9f89caa4 <unknown>\n#19 0x7feb9f929c6c <unknown>",
        "time" : {
          "start" : 1760031363541,
          "stop" : 1760031373813,
          "duration" : 10272
        }
      }, {
        "uid" : "6fb2707113f39763",
        "reportUrl" : "https://Brain-up.github.io/auto-tests-python/706//#testresult/6fb2707113f39763",
        "status" : "skipped",
        "statusDetails" : "XFAIL\n\nselenium.common.exceptions.TimeoutException: Message: Can't find element by locator ('xpath', '//div[@class=\"__51e19\"]')\nStacktrace:\n#0 0x55792cf0afba <unknown>\n#1 0x55792c98f6d0 <unknown>\n#2 0x55792c9e12aa <unknown>\n#3 0x55792c9e1541 <unknown>\n#4 0x55792ca2f6c4 <unknown>\n#5 0x55792ca06e5d <unknown>\n#6 0x55792ca2cb54 <unknown>\n#7 0x55792ca06c03 <unknown>\n#8 0x55792c9d37a8 <unknown>\n#9 0x55792c9d4421 <unknown>\n#10 0x55792cecfb28 <unknown>\n#11 0x55792ced387f <unknown>\n#12 0x55792ceb7c49 <unknown>\n#13 0x55792ced4405 <unknown>\n#14 0x55792ce9d4ff <unknown>\n#15 0x55792cef8258 <unknown>\n#16 0x55792cef8432 <unknown>\n#17 0x55792cf09fa3 <unknown>\n#18 0x7fa63589caa4 <unknown>\n#19 0x7fa635929c6c <unknown>",
        "time" : {
          "start" : 1759918788186,
          "stop" : 1759918798489,
          "duration" : 10303
        }
      }, {
        "uid" : "746c78bd275748bb",
        "reportUrl" : "https://Brain-up.github.io/auto-tests-python/705//#testresult/746c78bd275748bb",
        "status" : "passed",
        "statusDetails" : "XPASS",
        "time" : {
          "start" : 1759833857080,
          "stop" : 1759833858388,
          "duration" : 1308
        }
      }, {
        "uid" : "74e6bda3e764aee7",
        "reportUrl" : "https://Brain-up.github.io/auto-tests-python/704//#testresult/74e6bda3e764aee7",
        "status" : "passed",
        "statusDetails" : "XPASS",
        "time" : {
          "start" : 1759751312099,
          "stop" : 1759751313437,
          "duration" : 1338
        }
      }, {
        "uid" : "63b08a5076fb71e3",
        "reportUrl" : "https://Brain-up.github.io/auto-tests-python/703//#testresult/63b08a5076fb71e3",
        "status" : "skipped",
        "statusDetails" : "XFAIL\n\nselenium.common.exceptions.TimeoutException: Message: Can't find element by locator ('xpath', '//div[@class=\"__51e19\"]')\nStacktrace:\n#0 0x55bc0723ffba <unknown>\n#1 0x55bc06cc46d0 <unknown>\n#2 0x55bc06d162aa <unknown>\n#3 0x55bc06d16541 <unknown>\n#4 0x55bc06d646c4 <unknown>\n#5 0x55bc06d3be5d <unknown>\n#6 0x55bc06d61b54 <unknown>\n#7 0x55bc06d3bc03 <unknown>\n#8 0x55bc06d087a8 <unknown>\n#9 0x55bc06d09421 <unknown>\n#10 0x55bc07204b28 <unknown>\n#11 0x55bc0720887f <unknown>\n#12 0x55bc071ecc49 <unknown>\n#13 0x55bc07209405 <unknown>\n#14 0x55bc071d24ff <unknown>\n#15 0x55bc0722d258 <unknown>\n#16 0x55bc0722d432 <unknown>\n#17 0x55bc0723efa3 <unknown>\n#18 0x7fd2f4a9caa4 <unknown>\n#19 0x7fd2f4b29c6c <unknown>",
        "time" : {
          "start" : 1759614907066,
          "stop" : 1759614917322,
          "duration" : 10256
        }
      }, {
        "uid" : "c4049611cac1e2d",
        "reportUrl" : "https://Brain-up.github.io/auto-tests-python/702//#testresult/c4049611cac1e2d",
        "status" : "skipped",
        "statusDetails" : "XFAIL\n\nselenium.common.exceptions.TimeoutException: Message: Can't find element by locator ('xpath', '//div[@class=\"__51e19\"]')\nStacktrace:\n#0 0x560363fe5fba <unknown>\n#1 0x560363a6a6d0 <unknown>\n#2 0x560363abc2aa <unknown>\n#3 0x560363abc541 <unknown>\n#4 0x560363b0a6c4 <unknown>\n#5 0x560363ae1e5d <unknown>\n#6 0x560363b07b54 <unknown>\n#7 0x560363ae1c03 <unknown>\n#8 0x560363aae7a8 <unknown>\n#9 0x560363aaf421 <unknown>\n#10 0x560363faab28 <unknown>\n#11 0x560363fae87f <unknown>\n#12 0x560363f92c49 <unknown>\n#13 0x560363faf405 <unknown>\n#14 0x560363f784ff <unknown>\n#15 0x560363fd3258 <unknown>\n#16 0x560363fd3432 <unknown>\n#17 0x560363fe4fa3 <unknown>\n#18 0x7fc82409caa4 <unknown>\n#19 0x7fc824129c6c <unknown>",
        "time" : {
          "start" : 1759601584927,
          "stop" : 1759601595258,
          "duration" : 10331
        }
      }, {
        "uid" : "9aa5b9da5f40289c",
        "reportUrl" : "https://Brain-up.github.io/auto-tests-python/701//#testresult/9aa5b9da5f40289c",
        "status" : "skipped",
        "statusDetails" : "XFAIL\n\nselenium.common.exceptions.TimeoutException: Message: Can't find element by locator ('xpath', '//div[@class=\"__51e19\"]')\nStacktrace:\n#0 0x5617aa7eacba <unknown>\n#1 0x5617aa25f8e0 <unknown>\n#2 0x5617aa2b1580 <unknown>\n#3 0x5617aa2b1771 <unknown>\n#4 0x5617aa2ff864 <unknown>\n#5 0x5617aa2d709d <unknown>\n#6 0x5617aa2fcc63 <unknown>\n#7 0x5617aa2d6e43 <unknown>\n#8 0x5617aa2a39a8 <unknown>\n#9 0x5617aa2a4621 <unknown>\n#10 0x5617aa7ae8b8 <unknown>\n#11 0x5617aa7b25e2 <unknown>\n#12 0x5617aa795683 <unknown>\n#13 0x5617aa7b3135 <unknown>\n#14 0x5617aa77a80f <unknown>\n#15 0x5617aa7d74c8 <unknown>\n#16 0x5617aa7d76a2 <unknown>\n#17 0x5617aa7e9dc3 <unknown>\n#18 0x7fcdd309caa4 <unknown>\n#19 0x7fcdd3129c6c <unknown>",
        "time" : {
          "start" : 1759441125227,
          "stop" : 1759441135531,
          "duration" : 10304
        }
      }, {
        "uid" : "3dafc7af92cd910f",
        "reportUrl" : "https://Brain-up.github.io/auto-tests-python/700//#testresult/3dafc7af92cd910f",
        "status" : "passed",
        "statusDetails" : "XPASS",
        "time" : {
          "start" : 1759421866380,
          "stop" : 1759421867855,
          "duration" : 1475
        }
      }, {
        "uid" : "ed4ce46063065e8d",
        "reportUrl" : "https://Brain-up.github.io/auto-tests-python/699//#testresult/ed4ce46063065e8d",
        "status" : "passed",
        "statusDetails" : "XPASS",
        "time" : {
          "start" : 1759320521526,
          "stop" : 1759320522991,
          "duration" : 1465
        }
      }, {
        "uid" : "102538f7a7039a49",
        "reportUrl" : "https://Brain-up.github.io/auto-tests-python/698//#testresult/102538f7a7039a49",
        "status" : "skipped",
        "statusDetails" : "XFAIL\n\nselenium.common.exceptions.TimeoutException: Message: Can't find element by locator ('xpath', '//div[@class=\"__51e19\"]')\nStacktrace:\n#0 0x564132222cba <unknown>\n#1 0x564131c978e0 <unknown>\n#2 0x564131ce9580 <unknown>\n#3 0x564131ce9771 <unknown>\n#4 0x564131d37864 <unknown>\n#5 0x564131d0f09d <unknown>\n#6 0x564131d34c63 <unknown>\n#7 0x564131d0ee43 <unknown>\n#8 0x564131cdb9a8 <unknown>\n#9 0x564131cdc621 <unknown>\n#10 0x5641321e68b8 <unknown>\n#11 0x5641321ea5e2 <unknown>\n#12 0x5641321cd683 <unknown>\n#13 0x5641321eb135 <unknown>\n#14 0x5641321b280f <unknown>\n#15 0x56413220f4c8 <unknown>\n#16 0x56413220f6a2 <unknown>\n#17 0x564132221dc3 <unknown>\n#18 0x7fbdc649caa4 <unknown>\n#19 0x7fbdc6529c6c <unknown>",
        "time" : {
          "start" : 1759266216649,
          "stop" : 1759266226915,
          "duration" : 10266
        }
      }, {
        "uid" : "65e71c5854c2255d",
        "reportUrl" : "https://Brain-up.github.io/auto-tests-python/697//#testresult/65e71c5854c2255d",
        "status" : "skipped",
        "statusDetails" : "XFAIL\n\nselenium.common.exceptions.TimeoutException: Message: Can't find element by locator ('xpath', '//div[@class=\"__51e19\"]')\nStacktrace:\n#0 0x5560e6537cba <unknown>\n#1 0x5560e5fac8e0 <unknown>\n#2 0x5560e5ffe580 <unknown>\n#3 0x5560e5ffe771 <unknown>\n#4 0x5560e604c864 <unknown>\n#5 0x5560e602409d <unknown>\n#6 0x5560e6049c63 <unknown>\n#7 0x5560e6023e43 <unknown>\n#8 0x5560e5ff09a8 <unknown>\n#9 0x5560e5ff1621 <unknown>\n#10 0x5560e64fb8b8 <unknown>\n#11 0x5560e64ff5e2 <unknown>\n#12 0x5560e64e2683 <unknown>\n#13 0x5560e6500135 <unknown>\n#14 0x5560e64c780f <unknown>\n#15 0x5560e65244c8 <unknown>\n#16 0x5560e65246a2 <unknown>\n#17 0x5560e6536dc3 <unknown>\n#18 0x7efff2c9caa4 <unknown>\n#19 0x7efff2d29c6c <unknown>",
        "time" : {
          "start" : 1759070303238,
          "stop" : 1759070313502,
          "duration" : 10264
        }
      }, {
        "uid" : "596c4b19b01728fd",
        "reportUrl" : "https://Brain-up.github.io/auto-tests-python/696//#testresult/596c4b19b01728fd",
        "status" : "skipped",
        "statusDetails" : "XFAIL\n\nselenium.common.exceptions.TimeoutException: Message: Can't find element by locator ('xpath', '//div[@class=\"__51e19\"]')\nStacktrace:\n#0 0x55ff6ce30cba <unknown>\n#1 0x55ff6c8a58e0 <unknown>\n#2 0x55ff6c8f7580 <unknown>\n#3 0x55ff6c8f7771 <unknown>\n#4 0x55ff6c945864 <unknown>\n#5 0x55ff6c91d09d <unknown>\n#6 0x55ff6c942c63 <unknown>\n#7 0x55ff6c91ce43 <unknown>\n#8 0x55ff6c8e99a8 <unknown>\n#9 0x55ff6c8ea621 <unknown>\n#10 0x55ff6cdf48b8 <unknown>\n#11 0x55ff6cdf85e2 <unknown>\n#12 0x55ff6cddb683 <unknown>\n#13 0x55ff6cdf9135 <unknown>\n#14 0x55ff6cdc080f <unknown>\n#15 0x55ff6ce1d4c8 <unknown>\n#16 0x55ff6ce1d6a2 <unknown>\n#17 0x55ff6ce2fdc3 <unknown>\n#18 0x7fd3a929caa4 <unknown>\n#19 0x7fd3a9329c6c <unknown>",
        "time" : {
          "start" : 1758970661816,
          "stop" : 1758970672094,
          "duration" : 10278
        }
      }, {
        "uid" : "539ea1610ca9232f",
        "reportUrl" : "https://Brain-up.github.io/auto-tests-python/695//#testresult/539ea1610ca9232f",
        "status" : "skipped",
        "statusDetails" : "XFAIL\n\nselenium.common.exceptions.TimeoutException: Message: Can't find element by locator ('xpath', '//div[@class=\"__51e19\"]')\nStacktrace:\n#0 0x564ef5532cba <unknown>\n#1 0x564ef4fa78e0 <unknown>\n#2 0x564ef4ff9580 <unknown>\n#3 0x564ef4ff9771 <unknown>\n#4 0x564ef5047864 <unknown>\n#5 0x564ef501f09d <unknown>\n#6 0x564ef5044c63 <unknown>\n#7 0x564ef501ee43 <unknown>\n#8 0x564ef4feb9a8 <unknown>\n#9 0x564ef4fec621 <unknown>\n#10 0x564ef54f68b8 <unknown>\n#11 0x564ef54fa5e2 <unknown>\n#12 0x564ef54dd683 <unknown>\n#13 0x564ef54fb135 <unknown>\n#14 0x564ef54c280f <unknown>\n#15 0x564ef551f4c8 <unknown>\n#16 0x564ef551f6a2 <unknown>\n#17 0x564ef5531dc3 <unknown>\n#18 0x7fb7cc09caa4 <unknown>\n#19 0x7fb7cc129c6c <unknown>",
        "time" : {
          "start" : 1758752885217,
          "stop" : 1758752895508,
          "duration" : 10291
        }
      }, {
        "uid" : "887d8bf69d686bf5",
        "reportUrl" : "https://Brain-up.github.io/auto-tests-python/694//#testresult/887d8bf69d686bf5",
        "status" : "skipped",
        "statusDetails" : "XFAIL\n\nselenium.common.exceptions.TimeoutException: Message: Can't find element by locator ('xpath', '//div[@class=\"__51e19\"]')\nStacktrace:\n#0 0x55b92320394a <unknown>\n#1 0x55b922c788a0 <unknown>\n#2 0x55b922cca540 <unknown>\n#3 0x55b922cca731 <unknown>\n#4 0x55b922d18824 <unknown>\n#5 0x55b922cf005d <unknown>\n#6 0x55b922d15c23 <unknown>\n#7 0x55b922cefe03 <unknown>\n#8 0x55b922cbc968 <unknown>\n#9 0x55b922cbd5e1 <unknown>\n#10 0x55b9231c7548 <unknown>\n#11 0x55b9231cb272 <unknown>\n#12 0x55b9231ae313 <unknown>\n#13 0x55b9231cbdc5 <unknown>\n#14 0x55b92319349f <unknown>\n#15 0x55b9231f0158 <unknown>\n#16 0x55b9231f0332 <unknown>\n#17 0x55b923202a53 <unknown>\n#18 0x7ff5a889caa4 <unknown>\n#19 0x7ff5a8929c3c <unknown>",
        "time" : {
          "start" : 1758748804813,
          "stop" : 1758748815028,
          "duration" : 10215
        }
      }, {
        "uid" : "5c97a55493aefe88",
        "reportUrl" : "https://Brain-up.github.io/auto-tests-python/693//#testresult/5c97a55493aefe88",
        "status" : "passed",
        "statusDetails" : "XPASS",
        "time" : {
          "start" : 1758620777798,
          "stop" : 1758620779209,
          "duration" : 1411
        }
      }, {
        "uid" : "4de979a7f2bcc856",
        "reportUrl" : "https://Brain-up.github.io/auto-tests-python/692//#testresult/4de979a7f2bcc856",
        "status" : "skipped",
        "statusDetails" : "XFAIL\n\nselenium.common.exceptions.TimeoutException: Message: Can't find element by locator ('xpath', '//div[@class=\"__51e19\"]')\nStacktrace:\n#0 0x55fddae5994a <unknown>\n#1 0x55fdda8ce8a0 <unknown>\n#2 0x55fdda920540 <unknown>\n#3 0x55fdda920731 <unknown>\n#4 0x55fdda96e824 <unknown>\n#5 0x55fdda94605d <unknown>\n#6 0x55fdda96bc23 <unknown>\n#7 0x55fdda945e03 <unknown>\n#8 0x55fdda912968 <unknown>\n#9 0x55fdda9135e1 <unknown>\n#10 0x55fddae1d548 <unknown>\n#11 0x55fddae21272 <unknown>\n#12 0x55fddae04313 <unknown>\n#13 0x55fddae21dc5 <unknown>\n#14 0x55fddade949f <unknown>\n#15 0x55fddae46158 <unknown>\n#16 0x55fddae46332 <unknown>\n#17 0x55fddae58a53 <unknown>\n#18 0x7f372fa9caa4 <unknown>\n#19 0x7f372fb29c3c <unknown>",
        "time" : {
          "start" : 1758575558281,
          "stop" : 1758575568559,
          "duration" : 10278
        }
      } ]
    },
    "tags" : [ "@pytest.mark.xfail" ]
  },
  "source" : "d4786f8b769bf484.json",
  "parameterValues" : [ ]
}