{
  "uid" : "4db8e53e5393584a",
  "name" : "Check progres-bar and buttons.",
  "fullName" : "tests.test_speech_exercises_en.TestCardsEN#test_progress_bar_is_present_en",
  "historyId" : "efb827312bdd34b296637645e49b0897",
  "time" : {
    "start" : 1744853283911,
    "stop" : 1744853304559,
    "duration" : 20648
  },
  "status" : "skipped",
  "statusMessage" : "XFAIL\n\nselenium.common.exceptions.TimeoutException: Message: Can't find element by locator ('xpath', '//button[@data-test-active-link=\"Words\"]')\nStacktrace:\n#0 0x562b52a3bd0a <unknown>\n#1 0x562b524ec5f0 <unknown>\n#2 0x562b5253da33 <unknown>\n#3 0x562b5253dc21 <unknown>\n#4 0x562b5258c274 <unknown>\n#5 0x562b5256368d <unknown>\n#6 0x562b52589660 <unknown>\n#7 0x562b52563433 <unknown>\n#8 0x562b5252fea3 <unknown>\n#9 0x562b52530b01 <unknown>\n#10 0x562b52a00b5b <unknown>\n#11 0x562b52a04a41 <unknown>\n#12 0x562b529e7c52 <unknown>\n#13 0x562b52a055b4 <unknown>\n#14 0x562b529cbf0f <unknown>\n#15 0x562b52a29db8 <unknown>\n#16 0x562b52a29f96 <unknown>\n#17 0x562b52a3ab56 <unknown>\n#18 0x7fcffc89caa4 <unknown>\n#19 0x7fcffc929c3c <unknown>",
  "statusTrace" : "self = <tests.test_speech_exercises_en.TestCardsEN object at 0x7fe153848a40>\ndriver = <selenium.webdriver.chrome.webdriver.WebDriver (session=\"ebb41d9cf871d5378e051d0a8d2bfa4e\")>\nspecialist_user_authorized = None\n\n    @pytest.mark.xfail\n    @allure.suite(\"Speech exercises EN.\")\n    @allure.title('Check progres-bar and buttons.')\n    def test_progress_bar_is_present_en(self, driver, specialist_user_authorized):\n        page = SpeechExercisesPage(driver)\n>       page.select_group(SpeechExercisesPageLocators.WORDS_BUTTON_EN)\n\ntests/test_speech_exercises_en.py:34: \n_ _ _ _ _ _ _ _ _ _ _ _ _ _ _ _ _ _ _ _ _ _ _ _ _ _ _ _ _ _ _ _ _ _ _ _ _ _ _ _ \npages/speech_exercises_page_en.py:18: in select_group\n    text_of_the_button = self.element_is_present_and_clickable(selector_for_sub_group)\npages/base_page.py:40: in element_is_present_and_clickable\n    return (Wait(self.driver, self.timeout).until(\n_ _ _ _ _ _ _ _ _ _ _ _ _ _ _ _ _ _ _ _ _ _ _ _ _ _ _ _ _ _ _ _ _ _ _ _ _ _ _ _ \n\nself = <selenium.webdriver.support.wait.WebDriverWait (session=\"ebb41d9cf871d5378e051d0a8d2bfa4e\")>\nmethod = <function visibility_of_element_located.<locals>._predicate at 0x7fe1537dd440>\nmessage = 'Can\\'t find element by locator (\\'xpath\\', \\'//button[@data-test-active-link=\"Words\"]\\')'\n\n    def until(self, method, message: str = \"\"):\n        \"\"\"Calls the method provided with the driver as an argument until the \\\n        return value does not evaluate to ``False``.\n    \n        :param method: callable(WebDriver)\n        :param message: optional message for :exc:`TimeoutException`\n        :returns: the result of the last call to `method`\n        :raises: :exc:`selenium.common.exceptions.TimeoutException` if timeout occurs\n        \"\"\"\n        screen = None\n        stacktrace = None\n    \n        end_time = time.monotonic() + self._timeout\n        while True:\n            try:\n                value = method(self._driver)\n                if value:\n                    return value\n            except self._ignored_exceptions as exc:\n                screen = getattr(exc, \"screen\", None)\n                stacktrace = getattr(exc, \"stacktrace\", None)\n            time.sleep(self._poll)\n            if time.monotonic() > end_time:\n                break\n>       raise TimeoutException(message, screen, stacktrace)\nE       selenium.common.exceptions.TimeoutException: Message: Can't find element by locator ('xpath', '//button[@data-test-active-link=\"Words\"]')\nE       Stacktrace:\nE       #0 0x562b52a3bd0a <unknown>\nE       #1 0x562b524ec5f0 <unknown>\nE       #2 0x562b5253da33 <unknown>\nE       #3 0x562b5253dc21 <unknown>\nE       #4 0x562b5258c274 <unknown>\nE       #5 0x562b5256368d <unknown>\nE       #6 0x562b52589660 <unknown>\nE       #7 0x562b52563433 <unknown>\nE       #8 0x562b5252fea3 <unknown>\nE       #9 0x562b52530b01 <unknown>\nE       #10 0x562b52a00b5b <unknown>\nE       #11 0x562b52a04a41 <unknown>\nE       #12 0x562b529e7c52 <unknown>\nE       #13 0x562b52a055b4 <unknown>\nE       #14 0x562b529cbf0f <unknown>\nE       #15 0x562b52a29db8 <unknown>\nE       #16 0x562b52a29f96 <unknown>\nE       #17 0x562b52a3ab56 <unknown>\nE       #18 0x7fcffc89caa4 <unknown>\nE       #19 0x7fcffc929c3c <unknown>\n\n/opt/hostedtoolcache/Python/3.12.10/x64/lib/python3.12/site-packages/selenium/webdriver/support/wait.py:95: TimeoutException",
  "flaky" : false,
  "newFailed" : false,
  "beforeStages" : [ {
    "name" : "clear_allure_results_folder",
    "time" : {
      "start" : 1744833407713,
      "stop" : 1744833407713,
      "duration" : 0
    },
    "status" : "passed",
    "steps" : [ ],
    "attachments" : [ ],
    "parameters" : [ ],
    "shouldDisplayMessage" : false,
    "hasContent" : false,
    "stepsCount" : 0,
    "attachmentsCount" : 0
  }, {
    "name" : "driver",
    "time" : {
      "start" : 1744853277848,
      "stop" : 1744853278667,
      "duration" : 819
    },
    "status" : "passed",
    "steps" : [ ],
    "attachments" : [ ],
    "parameters" : [ ],
    "shouldDisplayMessage" : false,
    "hasContent" : false,
    "stepsCount" : 0,
    "attachmentsCount" : 0
  }, {
    "name" : "main_page_open",
    "time" : {
      "start" : 1744853278667,
      "stop" : 1744853281472,
      "duration" : 2805
    },
    "status" : "passed",
    "steps" : [ {
      "name" : "Open page: https://www.brainup.site/",
      "time" : {
        "start" : 1744853278668,
        "stop" : 1744853281472,
        "duration" : 2804
      },
      "status" : "passed",
      "steps" : [ ],
      "attachments" : [ ],
      "parameters" : [ {
        "name" : "driver",
        "value" : "<selenium.webdriver.chrome.webdriver.WebDriver (session=\"ebb41d9cf871d5378e051d0a8d2bfa4e\")>"
      } ],
      "shouldDisplayMessage" : false,
      "hasContent" : true,
      "stepsCount" : 0,
      "attachmentsCount" : 0
    } ],
    "attachments" : [ ],
    "parameters" : [ ],
    "shouldDisplayMessage" : false,
    "hasContent" : true,
    "stepsCount" : 1,
    "attachmentsCount" : 0
  }, {
    "name" : "specialist_user_authorized",
    "time" : {
      "start" : 1744853281472,
      "stop" : 1744853283910,
      "duration" : 2438
    },
    "status" : "passed",
    "steps" : [ {
      "name" : "USER specialist authorized",
      "time" : {
        "start" : 1744853281472,
        "stop" : 1744853283910,
        "duration" : 2438
      },
      "status" : "passed",
      "steps" : [ {
        "name" : "Check url is present: https://www.brainup.site/groups",
        "time" : {
          "start" : 1744853281867,
          "stop" : 1744853283885,
          "duration" : 2018
        },
        "status" : "passed",
        "steps" : [ ],
        "attachments" : [ ],
        "parameters" : [ ],
        "shouldDisplayMessage" : false,
        "hasContent" : false,
        "stepsCount" : 0,
        "attachmentsCount" : 0
      }, {
        "name" : "Loader checking",
        "time" : {
          "start" : 1744853283885,
          "stop" : 1744853283910,
          "duration" : 25
        },
        "status" : "passed",
        "steps" : [ ],
        "attachments" : [ ],
        "parameters" : [ ],
        "shouldDisplayMessage" : false,
        "hasContent" : false,
        "stepsCount" : 0,
        "attachmentsCount" : 0
      } ],
      "attachments" : [ ],
      "parameters" : [ {
        "name" : "driver",
        "value" : "<selenium.webdriver.chrome.webdriver.WebDriver (session=\"ebb41d9cf871d5378e051d0a8d2bfa4e\")>"
      }, {
        "name" : "main_page_open",
        "value" : "None"
      } ],
      "shouldDisplayMessage" : false,
      "hasContent" : true,
      "stepsCount" : 2,
      "attachmentsCount" : 0
    } ],
    "attachments" : [ ],
    "parameters" : [ ],
    "shouldDisplayMessage" : false,
    "hasContent" : true,
    "stepsCount" : 3,
    "attachmentsCount" : 0
  } ],
  "testStage" : {
    "status" : "skipped",
    "statusMessage" : "XFAIL\n\nselenium.common.exceptions.TimeoutException: Message: Can't find element by locator ('xpath', '//button[@data-test-active-link=\"Words\"]')\nStacktrace:\n#0 0x562b52a3bd0a <unknown>\n#1 0x562b524ec5f0 <unknown>\n#2 0x562b5253da33 <unknown>\n#3 0x562b5253dc21 <unknown>\n#4 0x562b5258c274 <unknown>\n#5 0x562b5256368d <unknown>\n#6 0x562b52589660 <unknown>\n#7 0x562b52563433 <unknown>\n#8 0x562b5252fea3 <unknown>\n#9 0x562b52530b01 <unknown>\n#10 0x562b52a00b5b <unknown>\n#11 0x562b52a04a41 <unknown>\n#12 0x562b529e7c52 <unknown>\n#13 0x562b52a055b4 <unknown>\n#14 0x562b529cbf0f <unknown>\n#15 0x562b52a29db8 <unknown>\n#16 0x562b52a29f96 <unknown>\n#17 0x562b52a3ab56 <unknown>\n#18 0x7fcffc89caa4 <unknown>\n#19 0x7fcffc929c3c <unknown>",
    "statusTrace" : "self = <tests.test_speech_exercises_en.TestCardsEN object at 0x7fe153848a40>\ndriver = <selenium.webdriver.chrome.webdriver.WebDriver (session=\"ebb41d9cf871d5378e051d0a8d2bfa4e\")>\nspecialist_user_authorized = None\n\n    @pytest.mark.xfail\n    @allure.suite(\"Speech exercises EN.\")\n    @allure.title('Check progres-bar and buttons.')\n    def test_progress_bar_is_present_en(self, driver, specialist_user_authorized):\n        page = SpeechExercisesPage(driver)\n>       page.select_group(SpeechExercisesPageLocators.WORDS_BUTTON_EN)\n\ntests/test_speech_exercises_en.py:34: \n_ _ _ _ _ _ _ _ _ _ _ _ _ _ _ _ _ _ _ _ _ _ _ _ _ _ _ _ _ _ _ _ _ _ _ _ _ _ _ _ \npages/speech_exercises_page_en.py:18: in select_group\n    text_of_the_button = self.element_is_present_and_clickable(selector_for_sub_group)\npages/base_page.py:40: in element_is_present_and_clickable\n    return (Wait(self.driver, self.timeout).until(\n_ _ _ _ _ _ _ _ _ _ _ _ _ _ _ _ _ _ _ _ _ _ _ _ _ _ _ _ _ _ _ _ _ _ _ _ _ _ _ _ \n\nself = <selenium.webdriver.support.wait.WebDriverWait (session=\"ebb41d9cf871d5378e051d0a8d2bfa4e\")>\nmethod = <function visibility_of_element_located.<locals>._predicate at 0x7fe1537dd440>\nmessage = 'Can\\'t find element by locator (\\'xpath\\', \\'//button[@data-test-active-link=\"Words\"]\\')'\n\n    def until(self, method, message: str = \"\"):\n        \"\"\"Calls the method provided with the driver as an argument until the \\\n        return value does not evaluate to ``False``.\n    \n        :param method: callable(WebDriver)\n        :param message: optional message for :exc:`TimeoutException`\n        :returns: the result of the last call to `method`\n        :raises: :exc:`selenium.common.exceptions.TimeoutException` if timeout occurs\n        \"\"\"\n        screen = None\n        stacktrace = None\n    \n        end_time = time.monotonic() + self._timeout\n        while True:\n            try:\n                value = method(self._driver)\n                if value:\n                    return value\n            except self._ignored_exceptions as exc:\n                screen = getattr(exc, \"screen\", None)\n                stacktrace = getattr(exc, \"stacktrace\", None)\n            time.sleep(self._poll)\n            if time.monotonic() > end_time:\n                break\n>       raise TimeoutException(message, screen, stacktrace)\nE       selenium.common.exceptions.TimeoutException: Message: Can't find element by locator ('xpath', '//button[@data-test-active-link=\"Words\"]')\nE       Stacktrace:\nE       #0 0x562b52a3bd0a <unknown>\nE       #1 0x562b524ec5f0 <unknown>\nE       #2 0x562b5253da33 <unknown>\nE       #3 0x562b5253dc21 <unknown>\nE       #4 0x562b5258c274 <unknown>\nE       #5 0x562b5256368d <unknown>\nE       #6 0x562b52589660 <unknown>\nE       #7 0x562b52563433 <unknown>\nE       #8 0x562b5252fea3 <unknown>\nE       #9 0x562b52530b01 <unknown>\nE       #10 0x562b52a00b5b <unknown>\nE       #11 0x562b52a04a41 <unknown>\nE       #12 0x562b529e7c52 <unknown>\nE       #13 0x562b52a055b4 <unknown>\nE       #14 0x562b529cbf0f <unknown>\nE       #15 0x562b52a29db8 <unknown>\nE       #16 0x562b52a29f96 <unknown>\nE       #17 0x562b52a3ab56 <unknown>\nE       #18 0x7fcffc89caa4 <unknown>\nE       #19 0x7fcffc929c3c <unknown>\n\n/opt/hostedtoolcache/Python/3.12.10/x64/lib/python3.12/site-packages/selenium/webdriver/support/wait.py:95: TimeoutException",
    "steps" : [ {
      "name" : "select_group",
      "time" : {
        "start" : 1744853283911,
        "stop" : 1744853304559,
        "duration" : 20648
      },
      "status" : "broken",
      "statusMessage" : "selenium.common.exceptions.TimeoutException: Message: Can't find element by locator ('xpath', '//button[@data-test-active-link=\"Words\"]')\nStacktrace:\n#0 0x562b52a3bd0a <unknown>\n#1 0x562b524ec5f0 <unknown>\n#2 0x562b5253da33 <unknown>\n#3 0x562b5253dc21 <unknown>\n#4 0x562b5258c274 <unknown>\n#5 0x562b5256368d <unknown>\n#6 0x562b52589660 <unknown>\n#7 0x562b52563433 <unknown>\n#8 0x562b5252fea3 <unknown>\n#9 0x562b52530b01 <unknown>\n#10 0x562b52a00b5b <unknown>\n#11 0x562b52a04a41 <unknown>\n#12 0x562b529e7c52 <unknown>\n#13 0x562b52a055b4 <unknown>\n#14 0x562b529cbf0f <unknown>\n#15 0x562b52a29db8 <unknown>\n#16 0x562b52a29f96 <unknown>\n#17 0x562b52a3ab56 <unknown>\n#18 0x7fcffc89caa4 <unknown>\n#19 0x7fcffc929c3c <unknown>\n\n",
      "statusTrace" : "  File \"/opt/hostedtoolcache/Python/3.12.10/x64/lib/python3.12/site-packages/allure_commons/_allure.py\", line 192, in impl\n    return func(*a, **kw)\n           ^^^^^^^^^^^^^^\n  File \"/home/runner/work/auto-tests-python/auto-tests-python/pages/speech_exercises_page_en.py\", line 18, in select_group\n    text_of_the_button = self.element_is_present_and_clickable(selector_for_sub_group)\n                         ^^^^^^^^^^^^^^^^^^^^^^^^^^^^^^^^^^^^^^^^^^^^^^^^^^^^^^^^^^^^^\n  File \"/home/runner/work/auto-tests-python/auto-tests-python/pages/base_page.py\", line 40, in element_is_present_and_clickable\n    return (Wait(self.driver, self.timeout).until(\n            ^^^^^^^^^^^^^^^^^^^^^^^^^^^^^^^^^^^^^^\n  File \"/opt/hostedtoolcache/Python/3.12.10/x64/lib/python3.12/site-packages/selenium/webdriver/support/wait.py\", line 95, in until\n    raise TimeoutException(message, screen, stacktrace)\n",
      "steps" : [ {
        "name" : "Select Russian language. Click \"EN\" button.",
        "time" : {
          "start" : 1744853283911,
          "stop" : 1744853283985,
          "duration" : 74
        },
        "status" : "passed",
        "steps" : [ ],
        "attachments" : [ ],
        "parameters" : [ ],
        "shouldDisplayMessage" : false,
        "hasContent" : false,
        "stepsCount" : 0,
        "attachmentsCount" : 0
      }, {
        "name" : "Click button \"SPEECH EXERCISES\".",
        "time" : {
          "start" : 1744853283985,
          "stop" : 1744853284057,
          "duration" : 72
        },
        "status" : "passed",
        "steps" : [ ],
        "attachments" : [ ],
        "parameters" : [ ],
        "shouldDisplayMessage" : false,
        "hasContent" : false,
        "stepsCount" : 0,
        "attachmentsCount" : 0
      } ],
      "attachments" : [ ],
      "parameters" : [ {
        "name" : "selector_for_sub_group",
        "value" : "('xpath', '//button[@data-test-active-link=\"Words\"]')"
      } ],
      "shouldDisplayMessage" : true,
      "hasContent" : true,
      "stepsCount" : 2,
      "attachmentsCount" : 0
    } ],
    "attachments" : [ ],
    "parameters" : [ ],
    "shouldDisplayMessage" : true,
    "hasContent" : true,
    "stepsCount" : 3,
    "attachmentsCount" : 0
  },
  "afterStages" : [ {
    "name" : "driver::0",
    "time" : {
      "start" : 1744853304570,
      "stop" : 1744853304636,
      "duration" : 66
    },
    "status" : "passed",
    "steps" : [ ],
    "attachments" : [ ],
    "parameters" : [ ],
    "shouldDisplayMessage" : false,
    "hasContent" : false,
    "stepsCount" : 0,
    "attachmentsCount" : 0
  } ],
  "labels" : [ {
    "name" : "epic",
    "value" : "Speech exercises."
  }, {
    "name" : "suite",
    "value" : "Speech exercises EN."
  }, {
    "name" : "tag",
    "value" : "@pytest.mark.xfail"
  }, {
    "name" : "parentSuite",
    "value" : "tests"
  }, {
    "name" : "subSuite",
    "value" : "TestCardsEN"
  }, {
    "name" : "host",
    "value" : "fv-az1796-209"
  }, {
    "name" : "thread",
    "value" : "2407-MainThread"
  }, {
    "name" : "framework",
    "value" : "pytest"
  }, {
    "name" : "language",
    "value" : "cpython3"
  }, {
    "name" : "package",
    "value" : "tests.test_speech_exercises_en"
  }, {
    "name" : "resultFormat",
    "value" : "allure2"
  } ],
  "parameters" : [ ],
  "links" : [ ],
  "hidden" : false,
  "retry" : false,
  "extra" : {
    "severity" : "normal",
    "retries" : [ ],
    "categories" : [ ],
    "history" : {
      "statistic" : {
        "failed" : 0,
        "broken" : 0,
        "skipped" : 98,
        "passed" : 2,
        "unknown" : 0,
        "total" : 100
      },
      "items" : [ {
        "uid" : "ddae556e39770c43",
        "reportUrl" : "https://Brain-up.github.io/auto-tests-python/336//#testresult/ddae556e39770c43",
        "status" : "skipped",
        "statusDetails" : "XFAIL\n\nselenium.common.exceptions.TimeoutException: Message: Can't find element by locator ('xpath', '//button[@data-test-active-link=\"Words\"]')\nStacktrace:\n#0 0x555896c31e6a <unknown>\n#1 0x5558966e3640 <unknown>\n#2 0x555896734b5a <unknown>\n#3 0x555896734d51 <unknown>\n#4 0x555896783344 <unknown>\n#5 0x55589675a77d <unknown>\n#6 0x5558967807b5 <unknown>\n#7 0x55589675a523 <unknown>\n#8 0x555896726ef3 <unknown>\n#9 0x555896727b51 <unknown>\n#10 0x555896bf6d2b <unknown>\n#11 0x555896bfac01 <unknown>\n#12 0x555896bde512 <unknown>\n#13 0x555896bfb774 <unknown>\n#14 0x555896bc290f <unknown>\n#15 0x555896c1ffb8 <unknown>\n#16 0x555896c20196 <unknown>\n#17 0x555896c30cb6 <unknown>\n#18 0x7fde8649caa4 <unknown>\n#19 0x7fde86529c3c <unknown>",
        "time" : {
          "start" : 1744766921948,
          "stop" : 1744766942596,
          "duration" : 20648
        }
      }, {
        "uid" : "884184cab3c8b933",
        "reportUrl" : "https://Brain-up.github.io/auto-tests-python/540//#testresult/884184cab3c8b933",
        "status" : "skipped",
        "statusDetails" : "XFAIL\n\nselenium.common.exceptions.TimeoutException: Message: Can't find element by locator ('xpath', '//button[@data-test-active-link=\"Words\"]')\nStacktrace:\n#0 0x562d9d351e6a <unknown>\n#1 0x562d9ce03640 <unknown>\n#2 0x562d9ce54b5a <unknown>\n#3 0x562d9ce54d51 <unknown>\n#4 0x562d9cea3344 <unknown>\n#5 0x562d9ce7a77d <unknown>\n#6 0x562d9cea07b5 <unknown>\n#7 0x562d9ce7a523 <unknown>\n#8 0x562d9ce46ef3 <unknown>\n#9 0x562d9ce47b51 <unknown>\n#10 0x562d9d316d2b <unknown>\n#11 0x562d9d31ac01 <unknown>\n#12 0x562d9d2fe512 <unknown>\n#13 0x562d9d31b774 <unknown>\n#14 0x562d9d2e290f <unknown>\n#15 0x562d9d33ffb8 <unknown>\n#16 0x562d9d340196 <unknown>\n#17 0x562d9d350cb6 <unknown>\n#18 0x7fd4c829caa4 <unknown>\n#19 0x7fd4c8329c3c <unknown>",
        "time" : {
          "start" : 1744721378289,
          "stop" : 1744721398458,
          "duration" : 20169
        }
      }, {
        "uid" : "b2f9bfc024bfd336",
        "reportUrl" : "https://Brain-up.github.io/auto-tests-python/335//#testresult/b2f9bfc024bfd336",
        "status" : "skipped",
        "statusDetails" : "XFAIL\n\nselenium.common.exceptions.TimeoutException: Message: Can't find element by locator ('xpath', '//button[@data-test-active-link=\"Words\"]')\nStacktrace:\n#0 0x555b29a47e6a <unknown>\n#1 0x555b294f9640 <unknown>\n#2 0x555b2954ab5a <unknown>\n#3 0x555b2954ad51 <unknown>\n#4 0x555b29599344 <unknown>\n#5 0x555b2957077d <unknown>\n#6 0x555b295967b5 <unknown>\n#7 0x555b29570523 <unknown>\n#8 0x555b2953cef3 <unknown>\n#9 0x555b2953db51 <unknown>\n#10 0x555b29a0cd2b <unknown>\n#11 0x555b29a10c01 <unknown>\n#12 0x555b299f4512 <unknown>\n#13 0x555b29a11774 <unknown>\n#14 0x555b299d890f <unknown>\n#15 0x555b29a35fb8 <unknown>\n#16 0x555b29a36196 <unknown>\n#17 0x555b29a46cb6 <unknown>\n#18 0x7f603089caa4 <unknown>\n#19 0x7f6030929c3c <unknown>",
        "time" : {
          "start" : 1744680599051,
          "stop" : 1744680619214,
          "duration" : 20163
        }
      }, {
        "uid" : "d62b5852292c097c",
        "reportUrl" : "https://Brain-up.github.io/auto-tests-python/539//#testresult/d62b5852292c097c",
        "status" : "skipped",
        "statusDetails" : "XFAIL\n\nselenium.common.exceptions.TimeoutException: Message: Can't find element by locator ('xpath', '//button[@data-test-active-link=\"Words\"]')\nStacktrace:\n#0 0x561dcf28fe6a <unknown>\n#1 0x561dced41640 <unknown>\n#2 0x561dced92b5a <unknown>\n#3 0x561dced92d51 <unknown>\n#4 0x561dcede1344 <unknown>\n#5 0x561dcedb877d <unknown>\n#6 0x561dcedde7b5 <unknown>\n#7 0x561dcedb8523 <unknown>\n#8 0x561dced84ef3 <unknown>\n#9 0x561dced85b51 <unknown>\n#10 0x561dcf254d2b <unknown>\n#11 0x561dcf258c01 <unknown>\n#12 0x561dcf23c512 <unknown>\n#13 0x561dcf259774 <unknown>\n#14 0x561dcf22090f <unknown>\n#15 0x561dcf27dfb8 <unknown>\n#16 0x561dcf27e196 <unknown>\n#17 0x561dcf28ecb6 <unknown>\n#18 0x7f3efda9caa4 <unknown>\n#19 0x7f3efdb29c3c <unknown>",
        "time" : {
          "start" : 1744664932356,
          "stop" : 1744664952522,
          "duration" : 20166
        }
      }, {
        "uid" : "46128da40a5d0e9d",
        "reportUrl" : "https://Brain-up.github.io/auto-tests-python/334//#testresult/46128da40a5d0e9d",
        "status" : "skipped",
        "statusDetails" : "XFAIL\n\nselenium.common.exceptions.TimeoutException: Message: Can't find element by locator ('xpath', '//button[@data-test-active-link=\"Words\"]')\nStacktrace:\n#0 0x55cad6c6ee6a <unknown>\n#1 0x55cad6720640 <unknown>\n#2 0x55cad6771b5a <unknown>\n#3 0x55cad6771d51 <unknown>\n#4 0x55cad67c0344 <unknown>\n#5 0x55cad679777d <unknown>\n#6 0x55cad67bd7b5 <unknown>\n#7 0x55cad6797523 <unknown>\n#8 0x55cad6763ef3 <unknown>\n#9 0x55cad6764b51 <unknown>\n#10 0x55cad6c33d2b <unknown>\n#11 0x55cad6c37c01 <unknown>\n#12 0x55cad6c1b512 <unknown>\n#13 0x55cad6c38774 <unknown>\n#14 0x55cad6bff90f <unknown>\n#15 0x55cad6c5cfb8 <unknown>\n#16 0x55cad6c5d196 <unknown>\n#17 0x55cad6c6dcb6 <unknown>\n#18 0x7f7604a9caa4 <unknown>\n#19 0x7f7604b29c3c <unknown>",
        "time" : {
          "start" : 1744594054128,
          "stop" : 1744594074776,
          "duration" : 20648
        }
      }, {
        "uid" : "4d9e0b7113cd876f",
        "reportUrl" : "https://Brain-up.github.io/auto-tests-python/333//#testresult/4d9e0b7113cd876f",
        "status" : "skipped",
        "statusDetails" : "XFAIL\n\nselenium.common.exceptions.TimeoutException: Message: Can't find element by locator ('xpath', '//button[@data-test-active-link=\"Words\"]')\nStacktrace:\n#0 0x557840287e6a <unknown>\n#1 0x55783fd39640 <unknown>\n#2 0x55783fd8ab5a <unknown>\n#3 0x55783fd8ad51 <unknown>\n#4 0x55783fdd9344 <unknown>\n#5 0x55783fdb077d <unknown>\n#6 0x55783fdd67b5 <unknown>\n#7 0x55783fdb0523 <unknown>\n#8 0x55783fd7cef3 <unknown>\n#9 0x55783fd7db51 <unknown>\n#10 0x55784024cd2b <unknown>\n#11 0x557840250c01 <unknown>\n#12 0x557840234512 <unknown>\n#13 0x557840251774 <unknown>\n#14 0x55784021890f <unknown>\n#15 0x557840275fb8 <unknown>\n#16 0x557840276196 <unknown>\n#17 0x557840286cb6 <unknown>\n#18 0x7f5ad229caa4 <unknown>\n#19 0x7f5ad2329c3c <unknown>",
        "time" : {
          "start" : 1744512744218,
          "stop" : 1744512764867,
          "duration" : 20649
        }
      }, {
        "uid" : "128b019327da8bec",
        "reportUrl" : "https://Brain-up.github.io/auto-tests-python/537//#testresult/128b019327da8bec",
        "status" : "skipped",
        "statusDetails" : "XFAIL\n\nselenium.common.exceptions.TimeoutException: Message: Can't find element by locator ('xpath', '//button[@data-test-active-link=\"Words\"]')\nStacktrace:\n#0 0x55e74e6c9e6a <unknown>\n#1 0x55e74e17b640 <unknown>\n#2 0x55e74e1ccb5a <unknown>\n#3 0x55e74e1ccd51 <unknown>\n#4 0x55e74e21b344 <unknown>\n#5 0x55e74e1f277d <unknown>\n#6 0x55e74e2187b5 <unknown>\n#7 0x55e74e1f2523 <unknown>\n#8 0x55e74e1beef3 <unknown>\n#9 0x55e74e1bfb51 <unknown>\n#10 0x55e74e68ed2b <unknown>\n#11 0x55e74e692c01 <unknown>\n#12 0x55e74e676512 <unknown>\n#13 0x55e74e693774 <unknown>\n#14 0x55e74e65a90f <unknown>\n#15 0x55e74e6b7fb8 <unknown>\n#16 0x55e74e6b8196 <unknown>\n#17 0x55e74e6c8cb6 <unknown>\n#18 0x7fe83a09caa4 <unknown>\n#19 0x7fe83a129c3c <unknown>",
        "time" : {
          "start" : 1744487006257,
          "stop" : 1744487026419,
          "duration" : 20162
        }
      }, {
        "uid" : "a46ec40605bc556",
        "reportUrl" : "https://Brain-up.github.io/auto-tests-python/332//#testresult/a46ec40605bc556",
        "status" : "skipped",
        "statusDetails" : "XFAIL\n\nselenium.common.exceptions.TimeoutException: Message: Can't find element by locator ('xpath', '//button[@data-test-active-link=\"Words\"]')\nStacktrace:\n#0 0x559abcba1e6a <unknown>\n#1 0x559abc653640 <unknown>\n#2 0x559abc6a4b5a <unknown>\n#3 0x559abc6a4d51 <unknown>\n#4 0x559abc6f3344 <unknown>\n#5 0x559abc6ca77d <unknown>\n#6 0x559abc6f07b5 <unknown>\n#7 0x559abc6ca523 <unknown>\n#8 0x559abc696ef3 <unknown>\n#9 0x559abc697b51 <unknown>\n#10 0x559abcb66d2b <unknown>\n#11 0x559abcb6ac01 <unknown>\n#12 0x559abcb4e512 <unknown>\n#13 0x559abcb6b774 <unknown>\n#14 0x559abcb3290f <unknown>\n#15 0x559abcb8ffb8 <unknown>\n#16 0x559abcb90196 <unknown>\n#17 0x559abcba0cb6 <unknown>\n#18 0x7fa32ce9caa4 <unknown>\n#19 0x7fa32cf29c3c <unknown>",
        "time" : {
          "start" : 1744420987690,
          "stop" : 1744421007839,
          "duration" : 20149
        }
      }, {
        "uid" : "451839e26399d04",
        "reportUrl" : "https://Brain-up.github.io/auto-tests-python/536//#testresult/451839e26399d04",
        "status" : "skipped",
        "statusDetails" : "XFAIL\n\nselenium.common.exceptions.TimeoutException: Message: Can't find element by locator ('xpath', '//button[@data-test-active-link=\"Words\"]')\nStacktrace:\n#0 0x561a59e58e6a <unknown>\n#1 0x561a5990a640 <unknown>\n#2 0x561a5995bb5a <unknown>\n#3 0x561a5995bd51 <unknown>\n#4 0x561a599aa344 <unknown>\n#5 0x561a5998177d <unknown>\n#6 0x561a599a77b5 <unknown>\n#7 0x561a59981523 <unknown>\n#8 0x561a5994def3 <unknown>\n#9 0x561a5994eb51 <unknown>\n#10 0x561a59e1dd2b <unknown>\n#11 0x561a59e21c01 <unknown>\n#12 0x561a59e05512 <unknown>\n#13 0x561a59e22774 <unknown>\n#14 0x561a59de990f <unknown>\n#15 0x561a59e46fb8 <unknown>\n#16 0x561a59e47196 <unknown>\n#17 0x561a59e57cb6 <unknown>\n#18 0x7f7d5869caa4 <unknown>\n#19 0x7f7d58729c3c <unknown>",
        "time" : {
          "start" : 1744398061574,
          "stop" : 1744398081761,
          "duration" : 20187
        }
      }, {
        "uid" : "9a0a3214a77ebae3",
        "reportUrl" : "https://Brain-up.github.io/auto-tests-python/331//#testresult/9a0a3214a77ebae3",
        "status" : "skipped",
        "statusDetails" : "XFAIL\n\nselenium.common.exceptions.TimeoutException: Message: Can't find element by locator ('xpath', '//button[@data-test-active-link=\"Words\"]')\nStacktrace:\n#0 0x55bad6e62e6a <unknown>\n#1 0x55bad6914640 <unknown>\n#2 0x55bad6965b5a <unknown>\n#3 0x55bad6965d51 <unknown>\n#4 0x55bad69b4344 <unknown>\n#5 0x55bad698b77d <unknown>\n#6 0x55bad69b17b5 <unknown>\n#7 0x55bad698b523 <unknown>\n#8 0x55bad6957ef3 <unknown>\n#9 0x55bad6958b51 <unknown>\n#10 0x55bad6e27d2b <unknown>\n#11 0x55bad6e2bc01 <unknown>\n#12 0x55bad6e0f512 <unknown>\n#13 0x55bad6e2c774 <unknown>\n#14 0x55bad6df390f <unknown>\n#15 0x55bad6e50fb8 <unknown>\n#16 0x55bad6e51196 <unknown>\n#17 0x55bad6e61cb6 <unknown>\n#18 0x7fdfed09caa4 <unknown>\n#19 0x7fdfed129c3c <unknown>",
        "time" : {
          "start" : 1744334537957,
          "stop" : 1744334558134,
          "duration" : 20177
        }
      }, {
        "uid" : "1ab0e44cbc497d4c",
        "reportUrl" : "https://Brain-up.github.io/auto-tests-python/535//#testresult/1ab0e44cbc497d4c",
        "status" : "skipped",
        "statusDetails" : "XFAIL\n\nselenium.common.exceptions.TimeoutException: Message: Can't find element by locator ('xpath', '//button[@data-test-active-link=\"Words\"]')\nStacktrace:\n#0 0x555cb2191a1a <unknown>\n#1 0x555cb1c49390 <unknown>\n#2 0x555cb1c9ac85 <unknown>\n#3 0x555cb1c9aeb1 <unknown>\n#4 0x555cb1ce9d64 <unknown>\n#5 0x555cb1cc0bfd <unknown>\n#6 0x555cb1ce707b <unknown>\n#7 0x555cb1cc09a3 <unknown>\n#8 0x555cb1c8c60e <unknown>\n#9 0x555cb1c8ddd1 <unknown>\n#10 0x555cb2157ddb <unknown>\n#11 0x555cb215bcbc <unknown>\n#12 0x555cb213f392 <unknown>\n#13 0x555cb215c834 <unknown>\n#14 0x555cb21231ef <unknown>\n#15 0x555cb2180038 <unknown>\n#16 0x555cb2180216 <unknown>\n#17 0x555cb2190896 <unknown>\n#18 0x7fb7b0a9caa4 <unknown>\n#19 0x7fb7b0b29c3c <unknown>",
        "time" : {
          "start" : 1744308062836,
          "stop" : 1744308083018,
          "duration" : 20182
        }
      }, {
        "uid" : "a1d231ef9bdd7069",
        "reportUrl" : "https://Brain-up.github.io/auto-tests-python/330//#testresult/a1d231ef9bdd7069",
        "status" : "skipped",
        "statusDetails" : "XFAIL\n\nselenium.common.exceptions.TimeoutException: Message: Can't find element by locator ('xpath', '//button[@data-test-active-link=\"Words\"]')\nStacktrace:\n#0 0x564b5c318e6a <unknown>\n#1 0x564b5bdca640 <unknown>\n#2 0x564b5be1bb5a <unknown>\n#3 0x564b5be1bd51 <unknown>\n#4 0x564b5be6a344 <unknown>\n#5 0x564b5be4177d <unknown>\n#6 0x564b5be677b5 <unknown>\n#7 0x564b5be41523 <unknown>\n#8 0x564b5be0def3 <unknown>\n#9 0x564b5be0eb51 <unknown>\n#10 0x564b5c2ddd2b <unknown>\n#11 0x564b5c2e1c01 <unknown>\n#12 0x564b5c2c5512 <unknown>\n#13 0x564b5c2e2774 <unknown>\n#14 0x564b5c2a990f <unknown>\n#15 0x564b5c306fb8 <unknown>\n#16 0x564b5c307196 <unknown>\n#17 0x564b5c317cb6 <unknown>\n#18 0x7f1fe9c9caa4 <unknown>\n#19 0x7f1fe9d29c3c <unknown>",
        "time" : {
          "start" : 1744248112200,
          "stop" : 1744248132366,
          "duration" : 20166
        }
      }, {
        "uid" : "ea34a7b5586f8d11",
        "reportUrl" : "https://Brain-up.github.io/auto-tests-python/534//#testresult/ea34a7b5586f8d11",
        "status" : "skipped",
        "statusDetails" : "XFAIL\n\nselenium.common.exceptions.TimeoutException: Message: Can't find element by locator ('xpath', '//button[@data-test-active-link=\"Words\"]')\nStacktrace:\n#0 0x556eb25beffa <unknown>\n#1 0x556eb207d970 <unknown>\n#2 0x556eb20cf385 <unknown>\n#3 0x556eb20cf5b1 <unknown>\n#4 0x556eb211e3c4 <unknown>\n#5 0x556eb20f52bd <unknown>\n#6 0x556eb211b70c <unknown>\n#7 0x556eb20f5063 <unknown>\n#8 0x556eb20c1328 <unknown>\n#9 0x556eb20c2491 <unknown>\n#10 0x556eb258642b <unknown>\n#11 0x556eb258a2ec <unknown>\n#12 0x556eb256da22 <unknown>\n#13 0x556eb258ae64 <unknown>\n#14 0x556eb2551bef <unknown>\n#15 0x556eb25ad558 <unknown>\n#16 0x556eb25ad736 <unknown>\n#17 0x556eb25bde76 <unknown>\n#18 0x7fc6afc9caa4 <unknown>\n#19 0x7fc6afd29c3c <unknown>",
        "time" : {
          "start" : 1744198842118,
          "stop" : 1744198862266,
          "duration" : 20148
        }
      }, {
        "uid" : "ceac8c95305c951e",
        "reportUrl" : "https://Brain-up.github.io/auto-tests-python/329//#testresult/ceac8c95305c951e",
        "status" : "skipped",
        "statusDetails" : "XFAIL\n\nselenium.common.exceptions.TimeoutException: Message: Can't find element by locator ('xpath', '//button[@data-test-active-link=\"Words\"]')\nStacktrace:\n#0 0x55f5fe599ffa <unknown>\n#1 0x55f5fe058970 <unknown>\n#2 0x55f5fe0aa385 <unknown>\n#3 0x55f5fe0aa5b1 <unknown>\n#4 0x55f5fe0f93c4 <unknown>\n#5 0x55f5fe0d02bd <unknown>\n#6 0x55f5fe0f670c <unknown>\n#7 0x55f5fe0d0063 <unknown>\n#8 0x55f5fe09c328 <unknown>\n#9 0x55f5fe09d491 <unknown>\n#10 0x55f5fe56142b <unknown>\n#11 0x55f5fe5652ec <unknown>\n#12 0x55f5fe548a22 <unknown>\n#13 0x55f5fe565e64 <unknown>\n#14 0x55f5fe52cbef <unknown>\n#15 0x55f5fe588558 <unknown>\n#16 0x55f5fe588736 <unknown>\n#17 0x55f5fe598e76 <unknown>\n#18 0x7f835fa9caa4 <unknown>\n#19 0x7f835fb29c3c <unknown>",
        "time" : {
          "start" : 1744161900344,
          "stop" : 1744161921004,
          "duration" : 20660
        }
      }, {
        "uid" : "d66ef304d365e833",
        "reportUrl" : "https://Brain-up.github.io/auto-tests-python/533//#testresult/d66ef304d365e833",
        "status" : "skipped",
        "statusDetails" : "XFAIL\n\nselenium.common.exceptions.TimeoutException: Message: Can't find element by locator ('xpath', '//button[@data-test-active-link=\"Words\"]')\nStacktrace:\n#0 0x565290fbeffa <unknown>\n#1 0x565290a7d970 <unknown>\n#2 0x565290acf385 <unknown>\n#3 0x565290acf5b1 <unknown>\n#4 0x565290b1e3c4 <unknown>\n#5 0x565290af52bd <unknown>\n#6 0x565290b1b70c <unknown>\n#7 0x565290af5063 <unknown>\n#8 0x565290ac1328 <unknown>\n#9 0x565290ac2491 <unknown>\n#10 0x565290f8642b <unknown>\n#11 0x565290f8a2ec <unknown>\n#12 0x565290f6da22 <unknown>\n#13 0x565290f8ae64 <unknown>\n#14 0x565290f51bef <unknown>\n#15 0x565290fad558 <unknown>\n#16 0x565290fad736 <unknown>\n#17 0x565290fbde76 <unknown>\n#18 0x7f7869a9caa4 <unknown>\n#19 0x7f7869b29c3c <unknown>",
        "time" : {
          "start" : 1744148380685,
          "stop" : 1744148401262,
          "duration" : 20577
        }
      }, {
        "uid" : "5bda997263b5d609",
        "reportUrl" : "https://Brain-up.github.io/auto-tests-python/328//#testresult/5bda997263b5d609",
        "status" : "skipped",
        "statusDetails" : "XFAIL\n\nselenium.common.exceptions.TimeoutException: Message: Can't find element by locator ('xpath', '//button[@data-test-active-link=\"Words\"]')\nStacktrace:\n#0 0x556953524ffa <unknown>\n#1 0x556952fe3970 <unknown>\n#2 0x556953035385 <unknown>\n#3 0x5569530355b1 <unknown>\n#4 0x5569530843c4 <unknown>\n#5 0x55695305b2bd <unknown>\n#6 0x55695308170c <unknown>\n#7 0x55695305b063 <unknown>\n#8 0x556953027328 <unknown>\n#9 0x556953028491 <unknown>\n#10 0x5569534ec42b <unknown>\n#11 0x5569534f02ec <unknown>\n#12 0x5569534d3a22 <unknown>\n#13 0x5569534f0e64 <unknown>\n#14 0x5569534b7bef <unknown>\n#15 0x556953513558 <unknown>\n#16 0x556953513736 <unknown>\n#17 0x556953523e76 <unknown>\n#18 0x7fc8fe69caa4 <unknown>\n#19 0x7fc8fe729c3c <unknown>",
        "time" : {
          "start" : 1744075253399,
          "stop" : 1744075273555,
          "duration" : 20156
        }
      }, {
        "uid" : "6e9a0eaa389bd3a4",
        "reportUrl" : "https://Brain-up.github.io/auto-tests-python/532//#testresult/6e9a0eaa389bd3a4",
        "status" : "skipped",
        "statusDetails" : "XFAIL\n\nselenium.common.exceptions.TimeoutException: Message: Can't find element by locator ('xpath', '//button[@data-test-active-link=\"Words\"]')\nStacktrace:\n#0 0x56390f6ddffa <unknown>\n#1 0x56390f19c970 <unknown>\n#2 0x56390f1ee385 <unknown>\n#3 0x56390f1ee5b1 <unknown>\n#4 0x56390f23d3c4 <unknown>\n#5 0x56390f2142bd <unknown>\n#6 0x56390f23a70c <unknown>\n#7 0x56390f214063 <unknown>\n#8 0x56390f1e0328 <unknown>\n#9 0x56390f1e1491 <unknown>\n#10 0x56390f6a542b <unknown>\n#11 0x56390f6a92ec <unknown>\n#12 0x56390f68ca22 <unknown>\n#13 0x56390f6a9e64 <unknown>\n#14 0x56390f670bef <unknown>\n#15 0x56390f6cc558 <unknown>\n#16 0x56390f6cc736 <unknown>\n#17 0x56390f6dce76 <unknown>\n#18 0x7faa5329caa4 <unknown>\n#19 0x7faa53329c3c <unknown>",
        "time" : {
          "start" : 1744021970367,
          "stop" : 1744021990518,
          "duration" : 20151
        }
      }, {
        "uid" : "b23a749d4d0568a",
        "reportUrl" : "https://Brain-up.github.io/auto-tests-python/327//#testresult/b23a749d4d0568a",
        "status" : "skipped",
        "statusDetails" : "XFAIL\n\nselenium.common.exceptions.TimeoutException: Message: Can't find element by locator ('xpath', '//button[@data-test-active-link=\"Words\"]')\nStacktrace:\n#0 0x55e8c4088ffa <unknown>\n#1 0x55e8c3b47970 <unknown>\n#2 0x55e8c3b99385 <unknown>\n#3 0x55e8c3b995b1 <unknown>\n#4 0x55e8c3be83c4 <unknown>\n#5 0x55e8c3bbf2bd <unknown>\n#6 0x55e8c3be570c <unknown>\n#7 0x55e8c3bbf063 <unknown>\n#8 0x55e8c3b8b328 <unknown>\n#9 0x55e8c3b8c491 <unknown>\n#10 0x55e8c405042b <unknown>\n#11 0x55e8c40542ec <unknown>\n#12 0x55e8c4037a22 <unknown>\n#13 0x55e8c4054e64 <unknown>\n#14 0x55e8c401bbef <unknown>\n#15 0x55e8c4077558 <unknown>\n#16 0x55e8c4077736 <unknown>\n#17 0x55e8c4087e76 <unknown>\n#18 0x7fdab8a9caa4 <unknown>\n#19 0x7fdab8b29c3c <unknown>",
        "time" : {
          "start" : 1743989263866,
          "stop" : 1743989284020,
          "duration" : 20154
        }
      }, {
        "uid" : "c2ecde169635affc",
        "reportUrl" : "https://Brain-up.github.io/auto-tests-python/531//#testresult/c2ecde169635affc",
        "status" : "skipped",
        "statusDetails" : "XFAIL\n\nselenium.common.exceptions.TimeoutException: Message: Can't find element by locator ('xpath', '//button[@data-test-active-link=\"Words\"]')\nStacktrace:\n#0 0x55f06e1bcffa <unknown>\n#1 0x55f06dc7b970 <unknown>\n#2 0x55f06dccd385 <unknown>\n#3 0x55f06dccd5b1 <unknown>\n#4 0x55f06dd1c3c4 <unknown>\n#5 0x55f06dcf32bd <unknown>\n#6 0x55f06dd1970c <unknown>\n#7 0x55f06dcf3063 <unknown>\n#8 0x55f06dcbf328 <unknown>\n#9 0x55f06dcc0491 <unknown>\n#10 0x55f06e18442b <unknown>\n#11 0x55f06e1882ec <unknown>\n#12 0x55f06e16ba22 <unknown>\n#13 0x55f06e188e64 <unknown>\n#14 0x55f06e14fbef <unknown>\n#15 0x55f06e1ab558 <unknown>\n#16 0x55f06e1ab736 <unknown>\n#17 0x55f06e1bbe76 <unknown>\n#18 0x7f2e4d29caa4 <unknown>\n#19 0x7f2e4d329c3c <unknown>",
        "time" : {
          "start" : 1743970435290,
          "stop" : 1743970455451,
          "duration" : 20161
        }
      }, {
        "uid" : "5a61c7a0875335a9",
        "reportUrl" : "https://Brain-up.github.io/auto-tests-python/326//#testresult/5a61c7a0875335a9",
        "status" : "skipped",
        "statusDetails" : "XFAIL\n\nselenium.common.exceptions.TimeoutException: Message: Can't find element by locator ('xpath', '//button[@data-test-active-link=\"Words\"]')\nStacktrace:\n#0 0x55b5da3baffa <unknown>\n#1 0x55b5d9e79970 <unknown>\n#2 0x55b5d9ecb385 <unknown>\n#3 0x55b5d9ecb5b1 <unknown>\n#4 0x55b5d9f1a3c4 <unknown>\n#5 0x55b5d9ef12bd <unknown>\n#6 0x55b5d9f1770c <unknown>\n#7 0x55b5d9ef1063 <unknown>\n#8 0x55b5d9ebd328 <unknown>\n#9 0x55b5d9ebe491 <unknown>\n#10 0x55b5da38242b <unknown>\n#11 0x55b5da3862ec <unknown>\n#12 0x55b5da369a22 <unknown>\n#13 0x55b5da386e64 <unknown>\n#14 0x55b5da34dbef <unknown>\n#15 0x55b5da3a9558 <unknown>\n#16 0x55b5da3a9736 <unknown>\n#17 0x55b5da3b9e76 <unknown>\n#18 0x7f56bd29caa4 <unknown>\n#19 0x7f56bd329c3c <unknown>",
        "time" : {
          "start" : 1743902723402,
          "stop" : 1743902743572,
          "duration" : 20170
        }
      } ]
    },
    "tags" : [ "@pytest.mark.xfail" ]
  },
  "source" : "4db8e53e5393584a.json",
  "parameterValues" : [ ]
}