{
  "uid" : "a97beb0c69588f61",
  "name" : "Select random card from \"Word\" group and compare UI vs BACKEND data",
  "fullName" : "tests.test_speech_exercises_en.TestCardsEN#test_random_word_cards_en",
  "historyId" : "84999af5e98c6318908a9abbfe6fc3a3",
  "time" : {
    "start" : 1733016631464,
    "stop" : 1733016651715,
    "duration" : 20251
  },
  "status" : "skipped",
  "statusMessage" : "XFAIL\n\nselenium.common.exceptions.TimeoutException: Message: Can't find element by locator ('xpath', '//button[@data-test-active-link=\"Words\"]')\nStacktrace:\n#0 0x563ee20df31a <unknown>\n#1 0x563ee1bf56e0 <unknown>\n#2 0x563ee1c443e6 <unknown>\n#3 0x563ee1c44681 <unknown>\n#4 0x563ee1c89b04 <unknown>\n#5 0x563ee1c6848d <unknown>\n#6 0x563ee1c86ed7 <unknown>\n#7 0x563ee1c68203 <unknown>\n#8 0x563ee1c36cc0 <unknown>\n#9 0x563ee1c37c9e <unknown>\n#10 0x563ee20acd0b <unknown>\n#11 0x563ee20b0c92 <unknown>\n#12 0x563ee2099b3c <unknown>\n#13 0x563ee20b1807 <unknown>\n#14 0x563ee207f0df <unknown>\n#15 0x563ee20ce578 <unknown>\n#16 0x563ee20ce740 <unknown>\n#17 0x563ee20de196 <unknown>\n#18 0x7fbf12494ac3 <unknown>",
  "statusTrace" : "self = <tests.test_speech_exercises_en.TestCardsEN object at 0x7f5f2d909340>\ndriver = <selenium.webdriver.chrome.webdriver.WebDriver (session=\"851c73ff3c6df9780a549210902a3fe1\")>\nspecialist_user_authorized = None\n\n    @pytest.mark.xfail\n    @allure.suite(\"Speech exercises EN.\")\n    @allure.title('Select random card from \"Word\" group and compare UI vs BACKEND data')\n    def test_random_word_cards_en(self, driver, specialist_user_authorized):\n        page = SpeechExercisesPage(driver)\n>       page.select_group(SpeechExercisesPageLocators.WORDS_BUTTON_EN)\n\ntests/test_speech_exercises_en.py:16: \n_ _ _ _ _ _ _ _ _ _ _ _ _ _ _ _ _ _ _ _ _ _ _ _ _ _ _ _ _ _ _ _ _ _ _ _ _ _ _ _ \npages/speech_exercises_page_en.py:18: in select_group\n    text_of_the_button = self.element_is_present_and_clickable(selector_for_sub_group)\npages/base_page.py:32: in element_is_present_and_clickable\n    return (Wait(self.driver, self.timeout).until(\n_ _ _ _ _ _ _ _ _ _ _ _ _ _ _ _ _ _ _ _ _ _ _ _ _ _ _ _ _ _ _ _ _ _ _ _ _ _ _ _ \n\nself = <selenium.webdriver.support.wait.WebDriverWait (session=\"851c73ff3c6df9780a549210902a3fe1\")>\nmethod = <function visibility_of_element_located.<locals>._predicate at 0x7f5f2da1fe20>\nmessage = 'Can\\'t find element by locator (\\'xpath\\', \\'//button[@data-test-active-link=\"Words\"]\\')'\n\n    def until(self, method, message: str = \"\"):\n        \"\"\"Calls the method provided with the driver as an argument until the \\\n        return value does not evaluate to ``False``.\n    \n        :param method: callable(WebDriver)\n        :param message: optional message for :exc:`TimeoutException`\n        :returns: the result of the last call to `method`\n        :raises: :exc:`selenium.common.exceptions.TimeoutException` if timeout occurs\n        \"\"\"\n        screen = None\n        stacktrace = None\n    \n        end_time = time.monotonic() + self._timeout\n        while True:\n            try:\n                value = method(self._driver)\n                if value:\n                    return value\n            except self._ignored_exceptions as exc:\n                screen = getattr(exc, \"screen\", None)\n                stacktrace = getattr(exc, \"stacktrace\", None)\n            time.sleep(self._poll)\n            if time.monotonic() > end_time:\n                break\n>       raise TimeoutException(message, screen, stacktrace)\nE       selenium.common.exceptions.TimeoutException: Message: Can't find element by locator ('xpath', '//button[@data-test-active-link=\"Words\"]')\nE       Stacktrace:\nE       #0 0x563ee20df31a <unknown>\nE       #1 0x563ee1bf56e0 <unknown>\nE       #2 0x563ee1c443e6 <unknown>\nE       #3 0x563ee1c44681 <unknown>\nE       #4 0x563ee1c89b04 <unknown>\nE       #5 0x563ee1c6848d <unknown>\nE       #6 0x563ee1c86ed7 <unknown>\nE       #7 0x563ee1c68203 <unknown>\nE       #8 0x563ee1c36cc0 <unknown>\nE       #9 0x563ee1c37c9e <unknown>\nE       #10 0x563ee20acd0b <unknown>\nE       #11 0x563ee20b0c92 <unknown>\nE       #12 0x563ee2099b3c <unknown>\nE       #13 0x563ee20b1807 <unknown>\nE       #14 0x563ee207f0df <unknown>\nE       #15 0x563ee20ce578 <unknown>\nE       #16 0x563ee20ce740 <unknown>\nE       #17 0x563ee20de196 <unknown>\nE       #18 0x7fbf12494ac3 <unknown>\n\n/opt/hostedtoolcache/Python/3.12.7/x64/lib/python3.12/site-packages/selenium/webdriver/support/wait.py:95: TimeoutException",
  "flaky" : false,
  "newFailed" : false,
  "beforeStages" : [ {
    "name" : "specialist_user_authorized",
    "time" : {
      "start" : 1733016625516,
      "stop" : 1733016631463,
      "duration" : 5947
    },
    "status" : "passed",
    "steps" : [ {
      "name" : "USER specialist authorized",
      "time" : {
        "start" : 1733016625516,
        "stop" : 1733016631463,
        "duration" : 5947
      },
      "status" : "passed",
      "steps" : [ {
        "name" : "Check url is present: https://www.brainup.site/groups",
        "time" : {
          "start" : 1733016625896,
          "stop" : 1733016631441,
          "duration" : 5545
        },
        "status" : "passed",
        "steps" : [ ],
        "attachments" : [ ],
        "parameters" : [ ],
        "stepsCount" : 0,
        "attachmentsCount" : 0,
        "shouldDisplayMessage" : false,
        "hasContent" : false
      }, {
        "name" : "Loader checking",
        "time" : {
          "start" : 1733016631441,
          "stop" : 1733016631463,
          "duration" : 22
        },
        "status" : "passed",
        "steps" : [ ],
        "attachments" : [ ],
        "parameters" : [ ],
        "stepsCount" : 0,
        "attachmentsCount" : 0,
        "shouldDisplayMessage" : false,
        "hasContent" : false
      } ],
      "attachments" : [ ],
      "parameters" : [ {
        "name" : "driver",
        "value" : "<selenium.webdriver.chrome.webdriver.WebDriver (session=\"851c73ff3c6df9780a549210902a3fe1\")>"
      }, {
        "name" : "main_page_open",
        "value" : "None"
      } ],
      "stepsCount" : 2,
      "attachmentsCount" : 0,
      "shouldDisplayMessage" : false,
      "hasContent" : true
    } ],
    "attachments" : [ ],
    "parameters" : [ ],
    "stepsCount" : 3,
    "attachmentsCount" : 0,
    "shouldDisplayMessage" : false,
    "hasContent" : true
  }, {
    "name" : "clear_allure_results_folder",
    "time" : {
      "start" : 1733015426804,
      "stop" : 1733015426804,
      "duration" : 0
    },
    "status" : "passed",
    "steps" : [ ],
    "attachments" : [ ],
    "parameters" : [ ],
    "stepsCount" : 0,
    "attachmentsCount" : 0,
    "shouldDisplayMessage" : false,
    "hasContent" : false
  }, {
    "name" : "driver",
    "time" : {
      "start" : 1733016620903,
      "stop" : 1733016621690,
      "duration" : 787
    },
    "status" : "passed",
    "steps" : [ ],
    "attachments" : [ ],
    "parameters" : [ ],
    "stepsCount" : 0,
    "attachmentsCount" : 0,
    "shouldDisplayMessage" : false,
    "hasContent" : false
  }, {
    "name" : "main_page_open",
    "time" : {
      "start" : 1733016621690,
      "stop" : 1733016625516,
      "duration" : 3826
    },
    "status" : "passed",
    "steps" : [ {
      "name" : "Open page: https://www.brainup.site/",
      "time" : {
        "start" : 1733016621690,
        "stop" : 1733016625516,
        "duration" : 3826
      },
      "status" : "passed",
      "steps" : [ ],
      "attachments" : [ ],
      "parameters" : [ {
        "name" : "driver",
        "value" : "<selenium.webdriver.chrome.webdriver.WebDriver (session=\"851c73ff3c6df9780a549210902a3fe1\")>"
      } ],
      "stepsCount" : 0,
      "attachmentsCount" : 0,
      "shouldDisplayMessage" : false,
      "hasContent" : true
    } ],
    "attachments" : [ ],
    "parameters" : [ ],
    "stepsCount" : 1,
    "attachmentsCount" : 0,
    "shouldDisplayMessage" : false,
    "hasContent" : true
  } ],
  "testStage" : {
    "status" : "skipped",
    "statusMessage" : "XFAIL\n\nselenium.common.exceptions.TimeoutException: Message: Can't find element by locator ('xpath', '//button[@data-test-active-link=\"Words\"]')\nStacktrace:\n#0 0x563ee20df31a <unknown>\n#1 0x563ee1bf56e0 <unknown>\n#2 0x563ee1c443e6 <unknown>\n#3 0x563ee1c44681 <unknown>\n#4 0x563ee1c89b04 <unknown>\n#5 0x563ee1c6848d <unknown>\n#6 0x563ee1c86ed7 <unknown>\n#7 0x563ee1c68203 <unknown>\n#8 0x563ee1c36cc0 <unknown>\n#9 0x563ee1c37c9e <unknown>\n#10 0x563ee20acd0b <unknown>\n#11 0x563ee20b0c92 <unknown>\n#12 0x563ee2099b3c <unknown>\n#13 0x563ee20b1807 <unknown>\n#14 0x563ee207f0df <unknown>\n#15 0x563ee20ce578 <unknown>\n#16 0x563ee20ce740 <unknown>\n#17 0x563ee20de196 <unknown>\n#18 0x7fbf12494ac3 <unknown>",
    "statusTrace" : "self = <tests.test_speech_exercises_en.TestCardsEN object at 0x7f5f2d909340>\ndriver = <selenium.webdriver.chrome.webdriver.WebDriver (session=\"851c73ff3c6df9780a549210902a3fe1\")>\nspecialist_user_authorized = None\n\n    @pytest.mark.xfail\n    @allure.suite(\"Speech exercises EN.\")\n    @allure.title('Select random card from \"Word\" group and compare UI vs BACKEND data')\n    def test_random_word_cards_en(self, driver, specialist_user_authorized):\n        page = SpeechExercisesPage(driver)\n>       page.select_group(SpeechExercisesPageLocators.WORDS_BUTTON_EN)\n\ntests/test_speech_exercises_en.py:16: \n_ _ _ _ _ _ _ _ _ _ _ _ _ _ _ _ _ _ _ _ _ _ _ _ _ _ _ _ _ _ _ _ _ _ _ _ _ _ _ _ \npages/speech_exercises_page_en.py:18: in select_group\n    text_of_the_button = self.element_is_present_and_clickable(selector_for_sub_group)\npages/base_page.py:32: in element_is_present_and_clickable\n    return (Wait(self.driver, self.timeout).until(\n_ _ _ _ _ _ _ _ _ _ _ _ _ _ _ _ _ _ _ _ _ _ _ _ _ _ _ _ _ _ _ _ _ _ _ _ _ _ _ _ \n\nself = <selenium.webdriver.support.wait.WebDriverWait (session=\"851c73ff3c6df9780a549210902a3fe1\")>\nmethod = <function visibility_of_element_located.<locals>._predicate at 0x7f5f2da1fe20>\nmessage = 'Can\\'t find element by locator (\\'xpath\\', \\'//button[@data-test-active-link=\"Words\"]\\')'\n\n    def until(self, method, message: str = \"\"):\n        \"\"\"Calls the method provided with the driver as an argument until the \\\n        return value does not evaluate to ``False``.\n    \n        :param method: callable(WebDriver)\n        :param message: optional message for :exc:`TimeoutException`\n        :returns: the result of the last call to `method`\n        :raises: :exc:`selenium.common.exceptions.TimeoutException` if timeout occurs\n        \"\"\"\n        screen = None\n        stacktrace = None\n    \n        end_time = time.monotonic() + self._timeout\n        while True:\n            try:\n                value = method(self._driver)\n                if value:\n                    return value\n            except self._ignored_exceptions as exc:\n                screen = getattr(exc, \"screen\", None)\n                stacktrace = getattr(exc, \"stacktrace\", None)\n            time.sleep(self._poll)\n            if time.monotonic() > end_time:\n                break\n>       raise TimeoutException(message, screen, stacktrace)\nE       selenium.common.exceptions.TimeoutException: Message: Can't find element by locator ('xpath', '//button[@data-test-active-link=\"Words\"]')\nE       Stacktrace:\nE       #0 0x563ee20df31a <unknown>\nE       #1 0x563ee1bf56e0 <unknown>\nE       #2 0x563ee1c443e6 <unknown>\nE       #3 0x563ee1c44681 <unknown>\nE       #4 0x563ee1c89b04 <unknown>\nE       #5 0x563ee1c6848d <unknown>\nE       #6 0x563ee1c86ed7 <unknown>\nE       #7 0x563ee1c68203 <unknown>\nE       #8 0x563ee1c36cc0 <unknown>\nE       #9 0x563ee1c37c9e <unknown>\nE       #10 0x563ee20acd0b <unknown>\nE       #11 0x563ee20b0c92 <unknown>\nE       #12 0x563ee2099b3c <unknown>\nE       #13 0x563ee20b1807 <unknown>\nE       #14 0x563ee207f0df <unknown>\nE       #15 0x563ee20ce578 <unknown>\nE       #16 0x563ee20ce740 <unknown>\nE       #17 0x563ee20de196 <unknown>\nE       #18 0x7fbf12494ac3 <unknown>\n\n/opt/hostedtoolcache/Python/3.12.7/x64/lib/python3.12/site-packages/selenium/webdriver/support/wait.py:95: TimeoutException",
    "steps" : [ {
      "name" : "select_group",
      "time" : {
        "start" : 1733016631464,
        "stop" : 1733016651714,
        "duration" : 20250
      },
      "status" : "broken",
      "statusMessage" : "selenium.common.exceptions.TimeoutException: Message: Can't find element by locator ('xpath', '//button[@data-test-active-link=\"Words\"]')\nStacktrace:\n#0 0x563ee20df31a <unknown>\n#1 0x563ee1bf56e0 <unknown>\n#2 0x563ee1c443e6 <unknown>\n#3 0x563ee1c44681 <unknown>\n#4 0x563ee1c89b04 <unknown>\n#5 0x563ee1c6848d <unknown>\n#6 0x563ee1c86ed7 <unknown>\n#7 0x563ee1c68203 <unknown>\n#8 0x563ee1c36cc0 <unknown>\n#9 0x563ee1c37c9e <unknown>\n#10 0x563ee20acd0b <unknown>\n#11 0x563ee20b0c92 <unknown>\n#12 0x563ee2099b3c <unknown>\n#13 0x563ee20b1807 <unknown>\n#14 0x563ee207f0df <unknown>\n#15 0x563ee20ce578 <unknown>\n#16 0x563ee20ce740 <unknown>\n#17 0x563ee20de196 <unknown>\n#18 0x7fbf12494ac3 <unknown>\n\n",
      "statusTrace" : "  File \"/opt/hostedtoolcache/Python/3.12.7/x64/lib/python3.12/site-packages/allure_commons/_allure.py\", line 192, in impl\n    return func(*a, **kw)\n           ^^^^^^^^^^^^^^\n  File \"/home/runner/work/auto-tests-python/auto-tests-python/pages/speech_exercises_page_en.py\", line 18, in select_group\n    text_of_the_button = self.element_is_present_and_clickable(selector_for_sub_group)\n                         ^^^^^^^^^^^^^^^^^^^^^^^^^^^^^^^^^^^^^^^^^^^^^^^^^^^^^^^^^^^^^\n  File \"/home/runner/work/auto-tests-python/auto-tests-python/pages/base_page.py\", line 32, in element_is_present_and_clickable\n    return (Wait(self.driver, self.timeout).until(\n            ^^^^^^^^^^^^^^^^^^^^^^^^^^^^^^^^^^^^^^\n  File \"/opt/hostedtoolcache/Python/3.12.7/x64/lib/python3.12/site-packages/selenium/webdriver/support/wait.py\", line 95, in until\n    raise TimeoutException(message, screen, stacktrace)\n",
      "steps" : [ {
        "name" : "Select Russian language. Click \"EN\" button.",
        "time" : {
          "start" : 1733016631464,
          "stop" : 1733016631537,
          "duration" : 73
        },
        "status" : "passed",
        "steps" : [ ],
        "attachments" : [ ],
        "parameters" : [ ],
        "stepsCount" : 0,
        "attachmentsCount" : 0,
        "shouldDisplayMessage" : false,
        "hasContent" : false
      }, {
        "name" : "Click button \"SPEECH EXERCISES\".",
        "time" : {
          "start" : 1733016631537,
          "stop" : 1733016631616,
          "duration" : 79
        },
        "status" : "passed",
        "steps" : [ ],
        "attachments" : [ ],
        "parameters" : [ ],
        "stepsCount" : 0,
        "attachmentsCount" : 0,
        "shouldDisplayMessage" : false,
        "hasContent" : false
      } ],
      "attachments" : [ ],
      "parameters" : [ {
        "name" : "selector_for_sub_group",
        "value" : "('xpath', '//button[@data-test-active-link=\"Words\"]')"
      } ],
      "stepsCount" : 2,
      "attachmentsCount" : 0,
      "shouldDisplayMessage" : true,
      "hasContent" : true
    } ],
    "attachments" : [ ],
    "parameters" : [ ],
    "stepsCount" : 3,
    "attachmentsCount" : 0,
    "shouldDisplayMessage" : true,
    "hasContent" : true
  },
  "afterStages" : [ {
    "name" : "driver::0",
    "time" : {
      "start" : 1733016651757,
      "stop" : 1733016651828,
      "duration" : 71
    },
    "status" : "passed",
    "steps" : [ ],
    "attachments" : [ ],
    "parameters" : [ ],
    "stepsCount" : 0,
    "attachmentsCount" : 0,
    "shouldDisplayMessage" : false,
    "hasContent" : false
  } ],
  "labels" : [ {
    "name" : "suite",
    "value" : "Speech exercises EN."
  }, {
    "name" : "epic",
    "value" : "Speech exercises."
  }, {
    "name" : "tag",
    "value" : "@pytest.mark.xfail"
  }, {
    "name" : "parentSuite",
    "value" : "tests"
  }, {
    "name" : "subSuite",
    "value" : "TestCardsEN"
  }, {
    "name" : "host",
    "value" : "fv-az698-385"
  }, {
    "name" : "thread",
    "value" : "2303-MainThread"
  }, {
    "name" : "framework",
    "value" : "pytest"
  }, {
    "name" : "language",
    "value" : "cpython3"
  }, {
    "name" : "package",
    "value" : "tests.test_speech_exercises_en"
  }, {
    "name" : "resultFormat",
    "value" : "allure2"
  } ],
  "parameters" : [ ],
  "links" : [ ],
  "hidden" : false,
  "retry" : false,
  "extra" : {
    "severity" : "normal",
    "retries" : [ ],
    "categories" : [ ],
    "history" : {
      "statistic" : {
        "failed" : 0,
        "broken" : 0,
        "skipped" : 30,
        "passed" : 1,
        "unknown" : 0,
        "total" : 31
      },
      "items" : [ {
        "uid" : "9f3e5bdc471cd572",
        "reportUrl" : "https://Brain-up.github.io/auto-tests-python/199//#testresult/9f3e5bdc471cd572",
        "status" : "skipped",
        "statusDetails" : "XFAIL\n\nselenium.common.exceptions.TimeoutException: Message: Can't find element by locator ('xpath', '//button[@data-test-active-link=\"Words\"]')\nStacktrace:\n#0 0x55668a26a31a <unknown>\n#1 0x556689d806e0 <unknown>\n#2 0x556689dcf3e6 <unknown>\n#3 0x556689dcf681 <unknown>\n#4 0x556689e14b04 <unknown>\n#5 0x556689df348d <unknown>\n#6 0x556689e11ed7 <unknown>\n#7 0x556689df3203 <unknown>\n#8 0x556689dc1cc0 <unknown>\n#9 0x556689dc2c9e <unknown>\n#10 0x55668a237d0b <unknown>\n#11 0x55668a23bc92 <unknown>\n#12 0x55668a224b3c <unknown>\n#13 0x55668a23c807 <unknown>\n#14 0x55668a20a0df <unknown>\n#15 0x55668a259578 <unknown>\n#16 0x55668a259740 <unknown>\n#17 0x55668a269196 <unknown>\n#18 0x7f1aae294ac3 <unknown>",
        "time" : {
          "start" : 1732929342622,
          "stop" : 1732929362857,
          "duration" : 20235
        }
      }, {
        "uid" : "1d3c636d5f75c5fd",
        "reportUrl" : "https://Brain-up.github.io/auto-tests-python/198//#testresult/1d3c636d5f75c5fd",
        "status" : "skipped",
        "statusDetails" : "XFAIL\n\nselenium.common.exceptions.TimeoutException: Message: Can't find element by locator ('xpath', '//button[@data-test-active-link=\"Words\"]')\nStacktrace:\n#0 0x560b0696131a <unknown>\n#1 0x560b064776e0 <unknown>\n#2 0x560b064c63e6 <unknown>\n#3 0x560b064c6681 <unknown>\n#4 0x560b0650bb04 <unknown>\n#5 0x560b064ea48d <unknown>\n#6 0x560b06508ed7 <unknown>\n#7 0x560b064ea203 <unknown>\n#8 0x560b064b8cc0 <unknown>\n#9 0x560b064b9c9e <unknown>\n#10 0x560b0692ed0b <unknown>\n#11 0x560b06932c92 <unknown>\n#12 0x560b0691bb3c <unknown>\n#13 0x560b06933807 <unknown>\n#14 0x560b069010df <unknown>\n#15 0x560b06950578 <unknown>\n#16 0x560b06950740 <unknown>\n#17 0x560b06960196 <unknown>\n#18 0x7f5c6a494ac3 <unknown>",
        "time" : {
          "start" : 1732843032713,
          "stop" : 1732843052921,
          "duration" : 20208
        }
      }, {
        "uid" : "94f9dca5935d2a55",
        "reportUrl" : "https://Brain-up.github.io/auto-tests-python/403//#testresult/94f9dca5935d2a55",
        "status" : "skipped",
        "statusDetails" : "XFAIL\n\nselenium.common.exceptions.TimeoutException: Message: Can't find element by locator ('xpath', '//button[@data-test-active-link=\"Words\"]')\nStacktrace:\n#0 0x561c52ef131a <unknown>\n#1 0x561c52a076e0 <unknown>\n#2 0x561c52a563e6 <unknown>\n#3 0x561c52a56681 <unknown>\n#4 0x561c52a9bb04 <unknown>\n#5 0x561c52a7a48d <unknown>\n#6 0x561c52a98ed7 <unknown>\n#7 0x561c52a7a203 <unknown>\n#8 0x561c52a48cc0 <unknown>\n#9 0x561c52a49c9e <unknown>\n#10 0x561c52ebed0b <unknown>\n#11 0x561c52ec2c92 <unknown>\n#12 0x561c52eabb3c <unknown>\n#13 0x561c52ec3807 <unknown>\n#14 0x561c52e910df <unknown>\n#15 0x561c52ee0578 <unknown>\n#16 0x561c52ee0740 <unknown>\n#17 0x561c52ef0196 <unknown>\n#18 0x7fcad0894ac3 <unknown>",
        "time" : {
          "start" : 1732831311181,
          "stop" : 1732831331410,
          "duration" : 20229
        }
      }, {
        "uid" : "732aa6346f266064",
        "reportUrl" : "https://Brain-up.github.io/auto-tests-python/402//#testresult/732aa6346f266064",
        "status" : "skipped",
        "statusDetails" : "XFAIL\n\nselenium.common.exceptions.TimeoutException: Message: Can't find element by locator ('xpath', '//button[@data-test-active-link=\"Words\"]')\nStacktrace:\n#0 0x5608617b431a <unknown>\n#1 0x5608612ca6e0 <unknown>\n#2 0x5608613193e6 <unknown>\n#3 0x560861319681 <unknown>\n#4 0x56086135eb04 <unknown>\n#5 0x56086133d48d <unknown>\n#6 0x56086135bed7 <unknown>\n#7 0x56086133d203 <unknown>\n#8 0x56086130bcc0 <unknown>\n#9 0x56086130cc9e <unknown>\n#10 0x560861781d0b <unknown>\n#11 0x560861785c92 <unknown>\n#12 0x56086176eb3c <unknown>\n#13 0x560861786807 <unknown>\n#14 0x5608617540df <unknown>\n#15 0x5608617a3578 <unknown>\n#16 0x5608617a3740 <unknown>\n#17 0x5608617b3196 <unknown>\n#18 0x7fe22f694ac3 <unknown>",
        "time" : {
          "start" : 1732828053048,
          "stop" : 1732828073318,
          "duration" : 20270
        }
      }, {
        "uid" : "44fe00fa4c633728",
        "reportUrl" : "https://Brain-up.github.io/auto-tests-python/197//#testresult/44fe00fa4c633728",
        "status" : "skipped",
        "statusDetails" : "XFAIL\n\nselenium.common.exceptions.TimeoutException: Message: Can't find element by locator ('xpath', '//button[@data-test-active-link=\"Words\"]')\nStacktrace:\n#0 0x557d406af31a <unknown>\n#1 0x557d401c56e0 <unknown>\n#2 0x557d402143e6 <unknown>\n#3 0x557d40214681 <unknown>\n#4 0x557d40259b04 <unknown>\n#5 0x557d4023848d <unknown>\n#6 0x557d40256ed7 <unknown>\n#7 0x557d40238203 <unknown>\n#8 0x557d40206cc0 <unknown>\n#9 0x557d40207c9e <unknown>\n#10 0x557d4067cd0b <unknown>\n#11 0x557d40680c92 <unknown>\n#12 0x557d40669b3c <unknown>\n#13 0x557d40681807 <unknown>\n#14 0x557d4064f0df <unknown>\n#15 0x557d4069e578 <unknown>\n#16 0x557d4069e740 <unknown>\n#17 0x557d406ae196 <unknown>\n#18 0x7fc88b894ac3 <unknown>",
        "time" : {
          "start" : 1732756649409,
          "stop" : 1732756669627,
          "duration" : 20218
        }
      }, {
        "uid" : "dd602863ab71a4b6",
        "reportUrl" : "https://Brain-up.github.io/auto-tests-python/196//#testresult/dd602863ab71a4b6",
        "status" : "skipped",
        "statusDetails" : "XFAIL\n\nselenium.common.exceptions.TimeoutException: Message: Can't find element by locator ('xpath', '//button[@data-test-active-link=\"Words\"]')\nStacktrace:\n#0 0x5602f595231a <unknown>\n#1 0x5602f54686e0 <unknown>\n#2 0x5602f54b73e6 <unknown>\n#3 0x5602f54b7681 <unknown>\n#4 0x5602f54fcb04 <unknown>\n#5 0x5602f54db48d <unknown>\n#6 0x5602f54f9ed7 <unknown>\n#7 0x5602f54db203 <unknown>\n#8 0x5602f54a9cc0 <unknown>\n#9 0x5602f54aac9e <unknown>\n#10 0x5602f591fd0b <unknown>\n#11 0x5602f5923c92 <unknown>\n#12 0x5602f590cb3c <unknown>\n#13 0x5602f5924807 <unknown>\n#14 0x5602f58f20df <unknown>\n#15 0x5602f5941578 <unknown>\n#16 0x5602f5941740 <unknown>\n#17 0x5602f5951196 <unknown>\n#18 0x7f50ea494ac3 <unknown>",
        "time" : {
          "start" : 1732670194813,
          "stop" : 1732670215026,
          "duration" : 20213
        }
      }, {
        "uid" : "4cf4446a013969ab",
        "reportUrl" : "https://Brain-up.github.io/auto-tests-python/195//#testresult/4cf4446a013969ab",
        "status" : "skipped",
        "statusDetails" : "XFAIL\n\nselenium.common.exceptions.TimeoutException: Message: Can't find element by locator ('xpath', '//button[@data-test-active-link=\"Words\"]')\nStacktrace:\n#0 0x555ca1c994ca <unknown>\n#1 0x555ca17ac620 <unknown>\n#2 0x555ca17fb306 <unknown>\n#3 0x555ca17fb5a1 <unknown>\n#4 0x555ca1840a04 <unknown>\n#5 0x555ca181f39d <unknown>\n#6 0x555ca183dde0 <unknown>\n#7 0x555ca181f113 <unknown>\n#8 0x555ca17edbe0 <unknown>\n#9 0x555ca17eebbe <unknown>\n#10 0x555ca1c65e4b <unknown>\n#11 0x555ca1c69de2 <unknown>\n#12 0x555ca1c52d2c <unknown>\n#13 0x555ca1c6a957 <unknown>\n#14 0x555ca1c384bf <unknown>\n#15 0x555ca1c88348 <unknown>\n#16 0x555ca1c88510 <unknown>\n#17 0x555ca1c98346 <unknown>\n#18 0x7f7474094ac3 <unknown>",
        "time" : {
          "start" : 1732583787199,
          "stop" : 1732583807415,
          "duration" : 20216
        }
      }, {
        "uid" : "a246b02713292091",
        "reportUrl" : "https://Brain-up.github.io/auto-tests-python/401//#testresult/a246b02713292091",
        "status" : "skipped",
        "statusDetails" : "XFAIL\n\nselenium.common.exceptions.TimeoutException: Message: Can't find element by locator ('xpath', '//button[@data-test-active-link=\"Words\"]')\nStacktrace:\n#0 0x557d0fc344ca <unknown>\n#1 0x557d0f747620 <unknown>\n#2 0x557d0f796306 <unknown>\n#3 0x557d0f7965a1 <unknown>\n#4 0x557d0f7dba04 <unknown>\n#5 0x557d0f7ba39d <unknown>\n#6 0x557d0f7d8de0 <unknown>\n#7 0x557d0f7ba113 <unknown>\n#8 0x557d0f788be0 <unknown>\n#9 0x557d0f789bbe <unknown>\n#10 0x557d0fc00e4b <unknown>\n#11 0x557d0fc04de2 <unknown>\n#12 0x557d0fbedd2c <unknown>\n#13 0x557d0fc05957 <unknown>\n#14 0x557d0fbd34bf <unknown>\n#15 0x557d0fc23348 <unknown>\n#16 0x557d0fc23510 <unknown>\n#17 0x557d0fc33346 <unknown>\n#18 0x7f0296e94ac3 <unknown>",
        "time" : {
          "start" : 1732573783775,
          "stop" : 1732573804032,
          "duration" : 20257
        }
      }, {
        "uid" : "72c8e8a06138ce21",
        "reportUrl" : "https://Brain-up.github.io/auto-tests-python/400//#testresult/72c8e8a06138ce21",
        "status" : "skipped",
        "statusDetails" : "XFAIL\n\nselenium.common.exceptions.TimeoutException: Message: Can't find element by locator ('xpath', '//button[@data-test-active-link=\"Words\"]')\nStacktrace:\n#0 0x5583cfe084ca <unknown>\n#1 0x5583cf91b620 <unknown>\n#2 0x5583cf96a306 <unknown>\n#3 0x5583cf96a5a1 <unknown>\n#4 0x5583cf9afa04 <unknown>\n#5 0x5583cf98e39d <unknown>\n#6 0x5583cf9acde0 <unknown>\n#7 0x5583cf98e113 <unknown>\n#8 0x5583cf95cbe0 <unknown>\n#9 0x5583cf95dbbe <unknown>\n#10 0x5583cfdd4e4b <unknown>\n#11 0x5583cfdd8de2 <unknown>\n#12 0x5583cfdc1d2c <unknown>\n#13 0x5583cfdd9957 <unknown>\n#14 0x5583cfda74bf <unknown>\n#15 0x5583cfdf7348 <unknown>\n#16 0x5583cfdf7510 <unknown>\n#17 0x5583cfe07346 <unknown>\n#18 0x7fa423a94ac3 <unknown>",
        "time" : {
          "start" : 1732568073866,
          "stop" : 1732568094169,
          "duration" : 20303
        }
      }, {
        "uid" : "6030d4272eebc1c1",
        "reportUrl" : "https://Brain-up.github.io/auto-tests-python/194//#testresult/6030d4272eebc1c1",
        "status" : "skipped",
        "statusDetails" : "XFAIL\n\nselenium.common.exceptions.TimeoutException: Message: Can't find element by locator https://www.brainup.site/groups",
        "time" : {
          "start" : 1732498979184,
          "stop" : 1732498979184,
          "duration" : 0
        }
      }, {
        "uid" : "d05b0cde21301b55",
        "reportUrl" : "https://Brain-up.github.io/auto-tests-python/193//#testresult/d05b0cde21301b55",
        "status" : "skipped",
        "statusDetails" : "XFAIL\n\nselenium.common.exceptions.TimeoutException: Message: Can't find element by locator https://www.brainup.site/groups",
        "time" : {
          "start" : 1732412774394,
          "stop" : 1732412774394,
          "duration" : 0
        }
      }, {
        "uid" : "bfb4e2adf00b809d",
        "reportUrl" : "https://Brain-up.github.io/auto-tests-python/192//#testresult/bfb4e2adf00b809d",
        "status" : "skipped",
        "statusDetails" : "XFAIL\n\nselenium.common.exceptions.TimeoutException: Message: Can't find element by locator ('xpath', '//button[@data-test-active-link=\"Words\"]')\nStacktrace:\n#0 0x55b77d5954ca <unknown>\n#1 0x55b77d0a8620 <unknown>\n#2 0x55b77d0f7306 <unknown>\n#3 0x55b77d0f75a1 <unknown>\n#4 0x55b77d13ca04 <unknown>\n#5 0x55b77d11b39d <unknown>\n#6 0x55b77d139de0 <unknown>\n#7 0x55b77d11b113 <unknown>\n#8 0x55b77d0e9be0 <unknown>\n#9 0x55b77d0eabbe <unknown>\n#10 0x55b77d561e4b <unknown>\n#11 0x55b77d565de2 <unknown>\n#12 0x55b77d54ed2c <unknown>\n#13 0x55b77d566957 <unknown>\n#14 0x55b77d5344bf <unknown>\n#15 0x55b77d584348 <unknown>\n#16 0x55b77d584510 <unknown>\n#17 0x55b77d594346 <unknown>\n#18 0x7f244b294ac3 <unknown>",
        "time" : {
          "start" : 1732324576398,
          "stop" : 1732324596621,
          "duration" : 20223
        }
      }, {
        "uid" : "48fcc3c3364f9671",
        "reportUrl" : "https://Brain-up.github.io/auto-tests-python/399//#testresult/48fcc3c3364f9671",
        "status" : "skipped",
        "statusDetails" : "XFAIL\n\nselenium.common.exceptions.TimeoutException: Message: Can't find element by locator ('xpath', '//button[@data-test-active-link=\"Words\"]')\nStacktrace:\n#0 0x560886bad4ca <unknown>\n#1 0x5608866c0620 <unknown>\n#2 0x56088670f306 <unknown>\n#3 0x56088670f5a1 <unknown>\n#4 0x560886754a04 <unknown>\n#5 0x56088673339d <unknown>\n#6 0x560886751de0 <unknown>\n#7 0x560886733113 <unknown>\n#8 0x560886701be0 <unknown>\n#9 0x560886702bbe <unknown>\n#10 0x560886b79e4b <unknown>\n#11 0x560886b7dde2 <unknown>\n#12 0x560886b66d2c <unknown>\n#13 0x560886b7e957 <unknown>\n#14 0x560886b4c4bf <unknown>\n#15 0x560886b9c348 <unknown>\n#16 0x560886b9c510 <unknown>\n#17 0x560886bac346 <unknown>\n#18 0x7f66aa894ac3 <unknown>",
        "time" : {
          "start" : 1732315035543,
          "stop" : 1732315055735,
          "duration" : 20192
        }
      }, {
        "uid" : "b00bfec96e099688",
        "reportUrl" : "https://Brain-up.github.io/auto-tests-python/398//#testresult/b00bfec96e099688",
        "status" : "skipped",
        "statusDetails" : "XFAIL\n\nselenium.common.exceptions.TimeoutException: Message: Can't find element by locator ('xpath', '//button[@data-test-active-link=\"Words\"]')\nStacktrace:\n#0 0x55c9b7a6b4ca <unknown>\n#1 0x55c9b757e620 <unknown>\n#2 0x55c9b75cd306 <unknown>\n#3 0x55c9b75cd5a1 <unknown>\n#4 0x55c9b7612a04 <unknown>\n#5 0x55c9b75f139d <unknown>\n#6 0x55c9b760fde0 <unknown>\n#7 0x55c9b75f1113 <unknown>\n#8 0x55c9b75bfbe0 <unknown>\n#9 0x55c9b75c0bbe <unknown>\n#10 0x55c9b7a37e4b <unknown>\n#11 0x55c9b7a3bde2 <unknown>\n#12 0x55c9b7a24d2c <unknown>\n#13 0x55c9b7a3c957 <unknown>\n#14 0x55c9b7a0a4bf <unknown>\n#15 0x55c9b7a5a348 <unknown>\n#16 0x55c9b7a5a510 <unknown>\n#17 0x55c9b7a6a346 <unknown>\n#18 0x7fa4efc94ac3 <unknown>",
        "time" : {
          "start" : 1732310542071,
          "stop" : 1732310562388,
          "duration" : 20317
        }
      }, {
        "uid" : "a453fe31e5f0155e",
        "reportUrl" : "https://Brain-up.github.io/auto-tests-python/398//#testresult/a453fe31e5f0155e",
        "status" : "skipped",
        "statusDetails" : "XFAIL\n\nselenium.common.exceptions.TimeoutException: Message: Can't find element by locator ('xpath', '//button[@data-test-active-link=\"Words\"]')\nStacktrace:\n#0 0x56200e8f94ca <unknown>\n#1 0x56200e40c620 <unknown>\n#2 0x56200e45b306 <unknown>\n#3 0x56200e45b5a1 <unknown>\n#4 0x56200e4a0a04 <unknown>\n#5 0x56200e47f39d <unknown>\n#6 0x56200e49dde0 <unknown>\n#7 0x56200e47f113 <unknown>\n#8 0x56200e44dbe0 <unknown>\n#9 0x56200e44ebbe <unknown>\n#10 0x56200e8c5e4b <unknown>\n#11 0x56200e8c9de2 <unknown>\n#12 0x56200e8b2d2c <unknown>\n#13 0x56200e8ca957 <unknown>\n#14 0x56200e8984bf <unknown>\n#15 0x56200e8e8348 <unknown>\n#16 0x56200e8e8510 <unknown>\n#17 0x56200e8f8346 <unknown>\n#18 0x7f1364894ac3 <unknown>",
        "time" : {
          "start" : 1732308681460,
          "stop" : 1732308701670,
          "duration" : 20210
        }
      }, {
        "uid" : "8277a3433be2a734",
        "reportUrl" : "https://Brain-up.github.io/auto-tests-python/191//#testresult/8277a3433be2a734",
        "status" : "skipped",
        "statusDetails" : "XFAIL\n\nselenium.common.exceptions.TimeoutException: Message: Can't find element by locator ('xpath', '//button[@data-test-active-link=\"Words\"]')\nStacktrace:\n#0 0x5652a3c334ca <unknown>\n#1 0x5652a3746620 <unknown>\n#2 0x5652a3795306 <unknown>\n#3 0x5652a37955a1 <unknown>\n#4 0x5652a37daa04 <unknown>\n#5 0x5652a37b939d <unknown>\n#6 0x5652a37d7de0 <unknown>\n#7 0x5652a37b9113 <unknown>\n#8 0x5652a3787be0 <unknown>\n#9 0x5652a3788bbe <unknown>\n#10 0x5652a3bffe4b <unknown>\n#11 0x5652a3c03de2 <unknown>\n#12 0x5652a3becd2c <unknown>\n#13 0x5652a3c04957 <unknown>\n#14 0x5652a3bd24bf <unknown>\n#15 0x5652a3c22348 <unknown>\n#16 0x5652a3c22510 <unknown>\n#17 0x5652a3c32346 <unknown>\n#18 0x7f05c6c94ac3 <unknown>",
        "time" : {
          "start" : 1732238114327,
          "stop" : 1732238134576,
          "duration" : 20249
        }
      }, {
        "uid" : "d58e9b49c0aced4f",
        "reportUrl" : "https://Brain-up.github.io/auto-tests-python/190//#testresult/d58e9b49c0aced4f",
        "status" : "skipped",
        "statusDetails" : "XFAIL\n\nselenium.common.exceptions.TimeoutException: Message: Can't find element by locator ('xpath', '//button[@data-test-active-link=\"Words\"]')\nStacktrace:\n#0 0x560d7c7e74ca <unknown>\n#1 0x560d7c2fa620 <unknown>\n#2 0x560d7c349306 <unknown>\n#3 0x560d7c3495a1 <unknown>\n#4 0x560d7c38ea04 <unknown>\n#5 0x560d7c36d39d <unknown>\n#6 0x560d7c38bde0 <unknown>\n#7 0x560d7c36d113 <unknown>\n#8 0x560d7c33bbe0 <unknown>\n#9 0x560d7c33cbbe <unknown>\n#10 0x560d7c7b3e4b <unknown>\n#11 0x560d7c7b7de2 <unknown>\n#12 0x560d7c7a0d2c <unknown>\n#13 0x560d7c7b8957 <unknown>\n#14 0x560d7c7864bf <unknown>\n#15 0x560d7c7d6348 <unknown>\n#16 0x560d7c7d6510 <unknown>\n#17 0x560d7c7e6346 <unknown>\n#18 0x7f7076894ac3 <unknown>",
        "time" : {
          "start" : 1732151688986,
          "stop" : 1732151709185,
          "duration" : 20199
        }
      }, {
        "uid" : "cd86e4456e5f4295",
        "reportUrl" : "https://Brain-up.github.io/auto-tests-python/397//#testresult/cd86e4456e5f4295",
        "status" : "skipped",
        "statusDetails" : "XFAIL\n\nselenium.common.exceptions.TimeoutException: Message: Can't find element by locator ('xpath', '//button[@data-test-active-link=\"Words\"]')\nStacktrace:\n#0 0x561df4b0b4ca <unknown>\n#1 0x561df461e620 <unknown>\n#2 0x561df466d306 <unknown>\n#3 0x561df466d5a1 <unknown>\n#4 0x561df46b2a04 <unknown>\n#5 0x561df469139d <unknown>\n#6 0x561df46afde0 <unknown>\n#7 0x561df4691113 <unknown>\n#8 0x561df465fbe0 <unknown>\n#9 0x561df4660bbe <unknown>\n#10 0x561df4ad7e4b <unknown>\n#11 0x561df4adbde2 <unknown>\n#12 0x561df4ac4d2c <unknown>\n#13 0x561df4adc957 <unknown>\n#14 0x561df4aaa4bf <unknown>\n#15 0x561df4afa348 <unknown>\n#16 0x561df4afa510 <unknown>\n#17 0x561df4b0a346 <unknown>\n#18 0x7f18cae94ac3 <unknown>",
        "time" : {
          "start" : 1732140428077,
          "stop" : 1732140448315,
          "duration" : 20238
        }
      }, {
        "uid" : "da4b74c6f719bc5c",
        "reportUrl" : "https://Brain-up.github.io/auto-tests-python/396//#testresult/da4b74c6f719bc5c",
        "status" : "skipped",
        "statusDetails" : "XFAIL\n\nselenium.common.exceptions.TimeoutException: Message: Can't find element by locator ('xpath', '//button[@data-test-active-link=\"Words\"]')\nStacktrace:\n#0 0x5598bfc154ca <unknown>\n#1 0x5598bf728620 <unknown>\n#2 0x5598bf777306 <unknown>\n#3 0x5598bf7775a1 <unknown>\n#4 0x5598bf7bca04 <unknown>\n#5 0x5598bf79b39d <unknown>\n#6 0x5598bf7b9de0 <unknown>\n#7 0x5598bf79b113 <unknown>\n#8 0x5598bf769be0 <unknown>\n#9 0x5598bf76abbe <unknown>\n#10 0x5598bfbe1e4b <unknown>\n#11 0x5598bfbe5de2 <unknown>\n#12 0x5598bfbced2c <unknown>\n#13 0x5598bfbe6957 <unknown>\n#14 0x5598bfbb44bf <unknown>\n#15 0x5598bfc04348 <unknown>\n#16 0x5598bfc04510 <unknown>\n#17 0x5598bfc14346 <unknown>\n#18 0x7f2078694ac3 <unknown>",
        "time" : {
          "start" : 1732138142909,
          "stop" : 1732138163115,
          "duration" : 20206
        }
      }, {
        "uid" : "3fbe41e4c70ed47",
        "reportUrl" : "https://Brain-up.github.io/auto-tests-python/396//#testresult/3fbe41e4c70ed47",
        "status" : "skipped",
        "statusDetails" : "XFAIL\n\nselenium.common.exceptions.TimeoutException: Message: Can't find element by locator ('xpath', '//button[@data-test-active-link=\"Words\"]')\nStacktrace:\n#0 0x55bcf49664ca <unknown>\n#1 0x55bcf4479620 <unknown>\n#2 0x55bcf44c8306 <unknown>\n#3 0x55bcf44c85a1 <unknown>\n#4 0x55bcf450da04 <unknown>\n#5 0x55bcf44ec39d <unknown>\n#6 0x55bcf450ade0 <unknown>\n#7 0x55bcf44ec113 <unknown>\n#8 0x55bcf44babe0 <unknown>\n#9 0x55bcf44bbbbe <unknown>\n#10 0x55bcf4932e4b <unknown>\n#11 0x55bcf4936de2 <unknown>\n#12 0x55bcf491fd2c <unknown>\n#13 0x55bcf4937957 <unknown>\n#14 0x55bcf49054bf <unknown>\n#15 0x55bcf4955348 <unknown>\n#16 0x55bcf4955510 <unknown>\n#17 0x55bcf4965346 <unknown>\n#18 0x7f11d1c94ac3 <unknown>",
        "time" : {
          "start" : 1732135027979,
          "stop" : 1732135048254,
          "duration" : 20275
        }
      } ]
    },
    "tags" : [ "@pytest.mark.xfail" ]
  },
  "source" : "a97beb0c69588f61.json",
  "parameterValues" : [ ]
}