{
  "uid" : "ba5d0628ae5e446f",
  "name" : "Solutions to a random task in the \"Слова\" group and comparison of statics.",
  "fullName" : "tests.test_speech_exercises_ru.TestCardsRU#test_solve_word_cards_with_statistic_ru",
  "historyId" : "0fb6881b2015244903bd7785af7503a6",
  "time" : {
    "start" : 1757709053510,
    "stop" : 1757709063931,
    "duration" : 10421
  },
  "status" : "skipped",
  "statusMessage" : "XFAIL\n\nselenium.common.exceptions.TimeoutException: Message: Can't find element by locator ('xpath', '//div[@class=\"__51e19\"]')\nStacktrace:\n#0 0x55ba7a65f94a <unknown>\n#1 0x55ba7a0d48a0 <unknown>\n#2 0x55ba7a126540 <unknown>\n#3 0x55ba7a126731 <unknown>\n#4 0x55ba7a174824 <unknown>\n#5 0x55ba7a14c05d <unknown>\n#6 0x55ba7a171c23 <unknown>\n#7 0x55ba7a14be03 <unknown>\n#8 0x55ba7a118968 <unknown>\n#9 0x55ba7a1195e1 <unknown>\n#10 0x55ba7a623548 <unknown>\n#11 0x55ba7a627272 <unknown>\n#12 0x55ba7a60a313 <unknown>\n#13 0x55ba7a627dc5 <unknown>\n#14 0x55ba7a5ef49f <unknown>\n#15 0x55ba7a64c158 <unknown>\n#16 0x55ba7a64c332 <unknown>\n#17 0x55ba7a65ea53 <unknown>\n#18 0x7fee3129caa4 <unknown>\n#19 0x7fee31329c3c <unknown>",
  "statusTrace" : "self = <tests.test_speech_exercises_ru.TestCardsRU object at 0x7f588889fc50>\ndriver = <selenium.webdriver.chrome.webdriver.WebDriver (session=\"f3277baf902b22ba65d0c633ad50521a\")>\ndefault_user_authorized = None\n\n    @pytest.mark.xfail\n    @allure.suite(\"Речевые упражнения.\")\n    @allure.title('Solutions to a random task in the \"Слова\" group and comparison of statics.')\n    def test_solve_word_cards_with_statistic_ru(self, driver, default_user_authorized):\n        page = SpeechExercisesPageRU(driver)\n        page.click_button_ru()\n>       table = page.get_statistic_data()\n\ntests/test_speech_exercises_ru.py:165: \n_ _ _ _ _ _ _ _ _ _ _ _ _ _ _ _ _ _ _ _ _ _ _ _ _ _ _ _ _ _ _ _ _ _ _ _ _ _ _ _ \npages/speech_exercises_page_ru.py:174: in get_statistic_data\n    table = self.element_is_present(self.locators.AuthorizedUserHomePageLocators.STATISTIC_TABLE)\npages/base_page.py:32: in element_is_present\n    return Wait(self.driver, self.timeout).until(\n_ _ _ _ _ _ _ _ _ _ _ _ _ _ _ _ _ _ _ _ _ _ _ _ _ _ _ _ _ _ _ _ _ _ _ _ _ _ _ _ \n\nself = <selenium.webdriver.support.wait.WebDriverWait (session=\"f3277baf902b22ba65d0c633ad50521a\")>\nmethod = <function presence_of_element_located.<locals>._predicate at 0x7f5888815a80>\nmessage = 'Can\\'t find element by locator (\\'xpath\\', \\'//div[@class=\"__51e19\"]\\')'\n\n    def until(self, method, message: str = \"\"):\n        \"\"\"Calls the method provided with the driver as an argument until the \\\n        return value does not evaluate to ``False``.\n    \n        :param method: callable(WebDriver)\n        :param message: optional message for :exc:`TimeoutException`\n        :returns: the result of the last call to `method`\n        :raises: :exc:`selenium.common.exceptions.TimeoutException` if timeout occurs\n        \"\"\"\n        screen = None\n        stacktrace = None\n    \n        end_time = time.monotonic() + self._timeout\n        while True:\n            try:\n                value = method(self._driver)\n                if value:\n                    return value\n            except self._ignored_exceptions as exc:\n                screen = getattr(exc, \"screen\", None)\n                stacktrace = getattr(exc, \"stacktrace\", None)\n            time.sleep(self._poll)\n            if time.monotonic() > end_time:\n                break\n>       raise TimeoutException(message, screen, stacktrace)\nE       selenium.common.exceptions.TimeoutException: Message: Can't find element by locator ('xpath', '//div[@class=\"__51e19\"]')\nE       Stacktrace:\nE       #0 0x55ba7a65f94a <unknown>\nE       #1 0x55ba7a0d48a0 <unknown>\nE       #2 0x55ba7a126540 <unknown>\nE       #3 0x55ba7a126731 <unknown>\nE       #4 0x55ba7a174824 <unknown>\nE       #5 0x55ba7a14c05d <unknown>\nE       #6 0x55ba7a171c23 <unknown>\nE       #7 0x55ba7a14be03 <unknown>\nE       #8 0x55ba7a118968 <unknown>\nE       #9 0x55ba7a1195e1 <unknown>\nE       #10 0x55ba7a623548 <unknown>\nE       #11 0x55ba7a627272 <unknown>\nE       #12 0x55ba7a60a313 <unknown>\nE       #13 0x55ba7a627dc5 <unknown>\nE       #14 0x55ba7a5ef49f <unknown>\nE       #15 0x55ba7a64c158 <unknown>\nE       #16 0x55ba7a64c332 <unknown>\nE       #17 0x55ba7a65ea53 <unknown>\nE       #18 0x7fee3129caa4 <unknown>\nE       #19 0x7fee31329c3c <unknown>\n\n/opt/hostedtoolcache/Python/3.12.11/x64/lib/python3.12/site-packages/selenium/webdriver/support/wait.py:95: TimeoutException",
  "flaky" : false,
  "newFailed" : false,
  "beforeStages" : [ {
    "name" : "main_page_open",
    "time" : {
      "start" : 1757709047592,
      "stop" : 1757709051057,
      "duration" : 3465
    },
    "status" : "passed",
    "steps" : [ {
      "name" : "Open page: https://www.brainup.site/",
      "time" : {
        "start" : 1757709047592,
        "stop" : 1757709051057,
        "duration" : 3465
      },
      "status" : "passed",
      "steps" : [ ],
      "attachments" : [ ],
      "parameters" : [ {
        "name" : "driver",
        "value" : "<selenium.webdriver.chrome.webdriver.WebDriver (session=\"f3277baf902b22ba65d0c633ad50521a\")>"
      } ],
      "stepsCount" : 0,
      "attachmentsCount" : 0,
      "shouldDisplayMessage" : false,
      "hasContent" : true
    } ],
    "attachments" : [ ],
    "parameters" : [ ],
    "stepsCount" : 1,
    "attachmentsCount" : 0,
    "shouldDisplayMessage" : false,
    "hasContent" : true
  }, {
    "name" : "default_user_authorized",
    "time" : {
      "start" : 1757709051057,
      "stop" : 1757709053510,
      "duration" : 2453
    },
    "status" : "passed",
    "steps" : [ {
      "name" : "DEFAULT user authorized",
      "time" : {
        "start" : 1757709051057,
        "stop" : 1757709053510,
        "duration" : 2453
      },
      "status" : "passed",
      "steps" : [ {
        "name" : "Check url is present: https://www.brainup.site/groups",
        "time" : {
          "start" : 1757709051462,
          "stop" : 1757709053488,
          "duration" : 2026
        },
        "status" : "passed",
        "steps" : [ ],
        "attachments" : [ ],
        "parameters" : [ ],
        "stepsCount" : 0,
        "attachmentsCount" : 0,
        "shouldDisplayMessage" : false,
        "hasContent" : false
      }, {
        "name" : "Loader checking",
        "time" : {
          "start" : 1757709053488,
          "stop" : 1757709053510,
          "duration" : 22
        },
        "status" : "passed",
        "steps" : [ ],
        "attachments" : [ ],
        "parameters" : [ ],
        "stepsCount" : 0,
        "attachmentsCount" : 0,
        "shouldDisplayMessage" : false,
        "hasContent" : false
      } ],
      "attachments" : [ ],
      "parameters" : [ {
        "name" : "driver",
        "value" : "<selenium.webdriver.chrome.webdriver.WebDriver (session=\"f3277baf902b22ba65d0c633ad50521a\")>"
      }, {
        "name" : "main_page_open",
        "value" : "None"
      } ],
      "stepsCount" : 2,
      "attachmentsCount" : 0,
      "shouldDisplayMessage" : false,
      "hasContent" : true
    } ],
    "attachments" : [ ],
    "parameters" : [ ],
    "stepsCount" : 3,
    "attachmentsCount" : 0,
    "shouldDisplayMessage" : false,
    "hasContent" : true
  }, {
    "name" : "clear_allure_results_folder",
    "time" : {
      "start" : 1757707749599,
      "stop" : 1757707749600,
      "duration" : 1
    },
    "status" : "passed",
    "steps" : [ ],
    "attachments" : [ ],
    "parameters" : [ ],
    "stepsCount" : 0,
    "attachmentsCount" : 0,
    "shouldDisplayMessage" : false,
    "hasContent" : false
  }, {
    "name" : "driver",
    "time" : {
      "start" : 1757709046828,
      "stop" : 1757709047592,
      "duration" : 764
    },
    "status" : "passed",
    "steps" : [ ],
    "attachments" : [ ],
    "parameters" : [ ],
    "stepsCount" : 0,
    "attachmentsCount" : 0,
    "shouldDisplayMessage" : false,
    "hasContent" : false
  } ],
  "testStage" : {
    "status" : "skipped",
    "statusMessage" : "XFAIL\n\nselenium.common.exceptions.TimeoutException: Message: Can't find element by locator ('xpath', '//div[@class=\"__51e19\"]')\nStacktrace:\n#0 0x55ba7a65f94a <unknown>\n#1 0x55ba7a0d48a0 <unknown>\n#2 0x55ba7a126540 <unknown>\n#3 0x55ba7a126731 <unknown>\n#4 0x55ba7a174824 <unknown>\n#5 0x55ba7a14c05d <unknown>\n#6 0x55ba7a171c23 <unknown>\n#7 0x55ba7a14be03 <unknown>\n#8 0x55ba7a118968 <unknown>\n#9 0x55ba7a1195e1 <unknown>\n#10 0x55ba7a623548 <unknown>\n#11 0x55ba7a627272 <unknown>\n#12 0x55ba7a60a313 <unknown>\n#13 0x55ba7a627dc5 <unknown>\n#14 0x55ba7a5ef49f <unknown>\n#15 0x55ba7a64c158 <unknown>\n#16 0x55ba7a64c332 <unknown>\n#17 0x55ba7a65ea53 <unknown>\n#18 0x7fee3129caa4 <unknown>\n#19 0x7fee31329c3c <unknown>",
    "statusTrace" : "self = <tests.test_speech_exercises_ru.TestCardsRU object at 0x7f588889fc50>\ndriver = <selenium.webdriver.chrome.webdriver.WebDriver (session=\"f3277baf902b22ba65d0c633ad50521a\")>\ndefault_user_authorized = None\n\n    @pytest.mark.xfail\n    @allure.suite(\"Речевые упражнения.\")\n    @allure.title('Solutions to a random task in the \"Слова\" group and comparison of statics.')\n    def test_solve_word_cards_with_statistic_ru(self, driver, default_user_authorized):\n        page = SpeechExercisesPageRU(driver)\n        page.click_button_ru()\n>       table = page.get_statistic_data()\n\ntests/test_speech_exercises_ru.py:165: \n_ _ _ _ _ _ _ _ _ _ _ _ _ _ _ _ _ _ _ _ _ _ _ _ _ _ _ _ _ _ _ _ _ _ _ _ _ _ _ _ \npages/speech_exercises_page_ru.py:174: in get_statistic_data\n    table = self.element_is_present(self.locators.AuthorizedUserHomePageLocators.STATISTIC_TABLE)\npages/base_page.py:32: in element_is_present\n    return Wait(self.driver, self.timeout).until(\n_ _ _ _ _ _ _ _ _ _ _ _ _ _ _ _ _ _ _ _ _ _ _ _ _ _ _ _ _ _ _ _ _ _ _ _ _ _ _ _ \n\nself = <selenium.webdriver.support.wait.WebDriverWait (session=\"f3277baf902b22ba65d0c633ad50521a\")>\nmethod = <function presence_of_element_located.<locals>._predicate at 0x7f5888815a80>\nmessage = 'Can\\'t find element by locator (\\'xpath\\', \\'//div[@class=\"__51e19\"]\\')'\n\n    def until(self, method, message: str = \"\"):\n        \"\"\"Calls the method provided with the driver as an argument until the \\\n        return value does not evaluate to ``False``.\n    \n        :param method: callable(WebDriver)\n        :param message: optional message for :exc:`TimeoutException`\n        :returns: the result of the last call to `method`\n        :raises: :exc:`selenium.common.exceptions.TimeoutException` if timeout occurs\n        \"\"\"\n        screen = None\n        stacktrace = None\n    \n        end_time = time.monotonic() + self._timeout\n        while True:\n            try:\n                value = method(self._driver)\n                if value:\n                    return value\n            except self._ignored_exceptions as exc:\n                screen = getattr(exc, \"screen\", None)\n                stacktrace = getattr(exc, \"stacktrace\", None)\n            time.sleep(self._poll)\n            if time.monotonic() > end_time:\n                break\n>       raise TimeoutException(message, screen, stacktrace)\nE       selenium.common.exceptions.TimeoutException: Message: Can't find element by locator ('xpath', '//div[@class=\"__51e19\"]')\nE       Stacktrace:\nE       #0 0x55ba7a65f94a <unknown>\nE       #1 0x55ba7a0d48a0 <unknown>\nE       #2 0x55ba7a126540 <unknown>\nE       #3 0x55ba7a126731 <unknown>\nE       #4 0x55ba7a174824 <unknown>\nE       #5 0x55ba7a14c05d <unknown>\nE       #6 0x55ba7a171c23 <unknown>\nE       #7 0x55ba7a14be03 <unknown>\nE       #8 0x55ba7a118968 <unknown>\nE       #9 0x55ba7a1195e1 <unknown>\nE       #10 0x55ba7a623548 <unknown>\nE       #11 0x55ba7a627272 <unknown>\nE       #12 0x55ba7a60a313 <unknown>\nE       #13 0x55ba7a627dc5 <unknown>\nE       #14 0x55ba7a5ef49f <unknown>\nE       #15 0x55ba7a64c158 <unknown>\nE       #16 0x55ba7a64c332 <unknown>\nE       #17 0x55ba7a65ea53 <unknown>\nE       #18 0x7fee3129caa4 <unknown>\nE       #19 0x7fee31329c3c <unknown>\n\n/opt/hostedtoolcache/Python/3.12.11/x64/lib/python3.12/site-packages/selenium/webdriver/support/wait.py:95: TimeoutException",
    "steps" : [ {
      "name" : "click_button RU",
      "time" : {
        "start" : 1757709053510,
        "stop" : 1757709053592,
        "duration" : 82
      },
      "status" : "passed",
      "steps" : [ {
        "name" : "Click button \"RU\".",
        "time" : {
          "start" : 1757709053510,
          "stop" : 1757709053592,
          "duration" : 82
        },
        "status" : "passed",
        "steps" : [ ],
        "attachments" : [ ],
        "parameters" : [ ],
        "stepsCount" : 0,
        "attachmentsCount" : 0,
        "shouldDisplayMessage" : false,
        "hasContent" : false
      } ],
      "attachments" : [ ],
      "parameters" : [ ],
      "stepsCount" : 1,
      "attachmentsCount" : 0,
      "shouldDisplayMessage" : false,
      "hasContent" : true
    }, {
      "name" : "get_statistic_data",
      "time" : {
        "start" : 1757709053592,
        "stop" : 1757709063931,
        "duration" : 10339
      },
      "status" : "broken",
      "statusMessage" : "selenium.common.exceptions.TimeoutException: Message: Can't find element by locator ('xpath', '//div[@class=\"__51e19\"]')\nStacktrace:\n#0 0x55ba7a65f94a <unknown>\n#1 0x55ba7a0d48a0 <unknown>\n#2 0x55ba7a126540 <unknown>\n#3 0x55ba7a126731 <unknown>\n#4 0x55ba7a174824 <unknown>\n#5 0x55ba7a14c05d <unknown>\n#6 0x55ba7a171c23 <unknown>\n#7 0x55ba7a14be03 <unknown>\n#8 0x55ba7a118968 <unknown>\n#9 0x55ba7a1195e1 <unknown>\n#10 0x55ba7a623548 <unknown>\n#11 0x55ba7a627272 <unknown>\n#12 0x55ba7a60a313 <unknown>\n#13 0x55ba7a627dc5 <unknown>\n#14 0x55ba7a5ef49f <unknown>\n#15 0x55ba7a64c158 <unknown>\n#16 0x55ba7a64c332 <unknown>\n#17 0x55ba7a65ea53 <unknown>\n#18 0x7fee3129caa4 <unknown>\n#19 0x7fee31329c3c <unknown>\n\n",
      "statusTrace" : "  File \"/opt/hostedtoolcache/Python/3.12.11/x64/lib/python3.12/site-packages/allure_commons/_allure.py\", line 192, in impl\n    return func(*a, **kw)\n           ^^^^^^^^^^^^^^\n  File \"/home/runner/work/auto-tests-python/auto-tests-python/pages/speech_exercises_page_ru.py\", line 174, in get_statistic_data\n    table = self.element_is_present(self.locators.AuthorizedUserHomePageLocators.STATISTIC_TABLE)\n            ^^^^^^^^^^^^^^^^^^^^^^^^^^^^^^^^^^^^^^^^^^^^^^^^^^^^^^^^^^^^^^^^^^^^^^^^^^^^^^^^^^^^^\n  File \"/home/runner/work/auto-tests-python/auto-tests-python/pages/base_page.py\", line 32, in element_is_present\n    return Wait(self.driver, self.timeout).until(\n           ^^^^^^^^^^^^^^^^^^^^^^^^^^^^^^^^^^^^^^\n  File \"/opt/hostedtoolcache/Python/3.12.11/x64/lib/python3.12/site-packages/selenium/webdriver/support/wait.py\", line 95, in until\n    raise TimeoutException(message, screen, stacktrace)\n",
      "steps" : [ {
        "name" : "Click button \"Статистика\"\".",
        "time" : {
          "start" : 1757709053592,
          "stop" : 1757709053661,
          "duration" : 69
        },
        "status" : "passed",
        "steps" : [ ],
        "attachments" : [ ],
        "parameters" : [ ],
        "stepsCount" : 0,
        "attachmentsCount" : 0,
        "shouldDisplayMessage" : false,
        "hasContent" : false
      }, {
        "name" : "Check statistic table is present and scroll to table",
        "time" : {
          "start" : 1757709053661,
          "stop" : 1757709063931,
          "duration" : 10270
        },
        "status" : "broken",
        "statusMessage" : "selenium.common.exceptions.TimeoutException: Message: Can't find element by locator ('xpath', '//div[@class=\"__51e19\"]')\nStacktrace:\n#0 0x55ba7a65f94a <unknown>\n#1 0x55ba7a0d48a0 <unknown>\n#2 0x55ba7a126540 <unknown>\n#3 0x55ba7a126731 <unknown>\n#4 0x55ba7a174824 <unknown>\n#5 0x55ba7a14c05d <unknown>\n#6 0x55ba7a171c23 <unknown>\n#7 0x55ba7a14be03 <unknown>\n#8 0x55ba7a118968 <unknown>\n#9 0x55ba7a1195e1 <unknown>\n#10 0x55ba7a623548 <unknown>\n#11 0x55ba7a627272 <unknown>\n#12 0x55ba7a60a313 <unknown>\n#13 0x55ba7a627dc5 <unknown>\n#14 0x55ba7a5ef49f <unknown>\n#15 0x55ba7a64c158 <unknown>\n#16 0x55ba7a64c332 <unknown>\n#17 0x55ba7a65ea53 <unknown>\n#18 0x7fee3129caa4 <unknown>\n#19 0x7fee31329c3c <unknown>\n\n",
        "statusTrace" : "  File \"/home/runner/work/auto-tests-python/auto-tests-python/pages/speech_exercises_page_ru.py\", line 174, in get_statistic_data\n    table = self.element_is_present(self.locators.AuthorizedUserHomePageLocators.STATISTIC_TABLE)\n            ^^^^^^^^^^^^^^^^^^^^^^^^^^^^^^^^^^^^^^^^^^^^^^^^^^^^^^^^^^^^^^^^^^^^^^^^^^^^^^^^^^^^^\n  File \"/home/runner/work/auto-tests-python/auto-tests-python/pages/base_page.py\", line 32, in element_is_present\n    return Wait(self.driver, self.timeout).until(\n           ^^^^^^^^^^^^^^^^^^^^^^^^^^^^^^^^^^^^^^\n  File \"/opt/hostedtoolcache/Python/3.12.11/x64/lib/python3.12/site-packages/selenium/webdriver/support/wait.py\", line 95, in until\n    raise TimeoutException(message, screen, stacktrace)\n",
        "steps" : [ ],
        "attachments" : [ ],
        "parameters" : [ ],
        "stepsCount" : 0,
        "attachmentsCount" : 0,
        "shouldDisplayMessage" : true,
        "hasContent" : true
      } ],
      "attachments" : [ ],
      "parameters" : [ ],
      "stepsCount" : 2,
      "attachmentsCount" : 0,
      "shouldDisplayMessage" : false,
      "hasContent" : true
    } ],
    "attachments" : [ ],
    "parameters" : [ ],
    "stepsCount" : 5,
    "attachmentsCount" : 0,
    "shouldDisplayMessage" : true,
    "hasContent" : true
  },
  "afterStages" : [ {
    "name" : "driver::0",
    "time" : {
      "start" : 1757709063945,
      "stop" : 1757709064014,
      "duration" : 69
    },
    "status" : "passed",
    "steps" : [ ],
    "attachments" : [ ],
    "parameters" : [ ],
    "stepsCount" : 0,
    "attachmentsCount" : 0,
    "shouldDisplayMessage" : false,
    "hasContent" : false
  } ],
  "labels" : [ {
    "name" : "suite",
    "value" : "Речевые упражнения."
  }, {
    "name" : "epic",
    "value" : "Speech exercises."
  }, {
    "name" : "tag",
    "value" : "@pytest.mark.xfail"
  }, {
    "name" : "parentSuite",
    "value" : "tests"
  }, {
    "name" : "subSuite",
    "value" : "TestCardsRU"
  }, {
    "name" : "host",
    "value" : "runnervmf4ws1"
  }, {
    "name" : "thread",
    "value" : "2601-MainThread"
  }, {
    "name" : "framework",
    "value" : "pytest"
  }, {
    "name" : "language",
    "value" : "cpython3"
  }, {
    "name" : "package",
    "value" : "tests.test_speech_exercises_ru"
  }, {
    "name" : "resultFormat",
    "value" : "allure2"
  } ],
  "parameters" : [ ],
  "links" : [ ],
  "hidden" : false,
  "retry" : false,
  "extra" : {
    "severity" : "normal",
    "retries" : [ ],
    "categories" : [ ],
    "history" : {
      "statistic" : {
        "failed" : 0,
        "broken" : 0,
        "skipped" : 315,
        "passed" : 0,
        "unknown" : 0,
        "total" : 315
      },
      "items" : [ {
        "uid" : "8a3f10bbdd84d98",
        "reportUrl" : "https://Brain-up.github.io/auto-tests-python/681//#testresult/8a3f10bbdd84d98",
        "status" : "skipped",
        "statusDetails" : "XFAIL\n\nselenium.common.exceptions.TimeoutException: Message: Can't find element by locator ('xpath', '//div[@class=\"__51e19\"]')\nStacktrace:\n#0 0x55ec11f1e94a <unknown>\n#1 0x55ec119938a0 <unknown>\n#2 0x55ec119e5540 <unknown>\n#3 0x55ec119e5731 <unknown>\n#4 0x55ec11a33824 <unknown>\n#5 0x55ec11a0b05d <unknown>\n#6 0x55ec11a30c23 <unknown>\n#7 0x55ec11a0ae03 <unknown>\n#8 0x55ec119d7968 <unknown>\n#9 0x55ec119d85e1 <unknown>\n#10 0x55ec11ee2548 <unknown>\n#11 0x55ec11ee6272 <unknown>\n#12 0x55ec11ec9313 <unknown>\n#13 0x55ec11ee6dc5 <unknown>\n#14 0x55ec11eae49f <unknown>\n#15 0x55ec11f0b158 <unknown>\n#16 0x55ec11f0b332 <unknown>\n#17 0x55ec11f1da53 <unknown>\n#18 0x7f353629caa4 <unknown>\n#19 0x7f3536329c3c <unknown>",
        "time" : {
          "start" : 1757540385037,
          "stop" : 1757540395411,
          "duration" : 10374
        }
      }, {
        "uid" : "d5abc0a2ca59b9ab",
        "reportUrl" : "https://Brain-up.github.io/auto-tests-python/680//#testresult/d5abc0a2ca59b9ab",
        "status" : "skipped",
        "statusDetails" : "XFAIL\n\nselenium.common.exceptions.TimeoutException: Message: Can't find element by locator ('xpath', '//div[@class=\"__51e19\"]')\nStacktrace:\n#0 0x5634a329994a <unknown>\n#1 0x5634a2d0e8a0 <unknown>\n#2 0x5634a2d60540 <unknown>\n#3 0x5634a2d60731 <unknown>\n#4 0x5634a2dae824 <unknown>\n#5 0x5634a2d8605d <unknown>\n#6 0x5634a2dabc23 <unknown>\n#7 0x5634a2d85e03 <unknown>\n#8 0x5634a2d52968 <unknown>\n#9 0x5634a2d535e1 <unknown>\n#10 0x5634a325d548 <unknown>\n#11 0x5634a3261272 <unknown>\n#12 0x5634a3244313 <unknown>\n#13 0x5634a3261dc5 <unknown>\n#14 0x5634a322949f <unknown>\n#15 0x5634a3286158 <unknown>\n#16 0x5634a3286332 <unknown>\n#17 0x5634a3298a53 <unknown>\n#18 0x7fb88c69caa4 <unknown>\n#19 0x7fb88c729c3c <unknown>",
        "time" : {
          "start" : 1757537947133,
          "stop" : 1757537957451,
          "duration" : 10318
        }
      }, {
        "uid" : "83b7709c351715e9",
        "reportUrl" : "https://Brain-up.github.io/auto-tests-python/679//#testresult/83b7709c351715e9",
        "status" : "skipped",
        "statusDetails" : "XFAIL\n\nselenium.common.exceptions.TimeoutException: Message: Can't find element by locator ('xpath', '//div[@class=\"__51e19\"]')\nStacktrace:\n#0 0x5576d248308a <unknown>\n#1 0x5576d1f22a70 <unknown>\n#2 0x5576d1f74907 <unknown>\n#3 0x5576d1f74b01 <unknown>\n#4 0x5576d1fc2d54 <unknown>\n#5 0x5576d1f9a40d <unknown>\n#6 0x5576d1fc014f <unknown>\n#7 0x5576d1f9a1b3 <unknown>\n#8 0x5576d1f6659b <unknown>\n#9 0x5576d1f67971 <unknown>\n#10 0x5576d244825b <unknown>\n#11 0x5576d244bfa9 <unknown>\n#12 0x5576d242f339 <unknown>\n#13 0x5576d244cb58 <unknown>\n#14 0x5576d2413c1f <unknown>\n#15 0x5576d2470118 <unknown>\n#16 0x5576d24702f6 <unknown>\n#17 0x5576d2482066 <unknown>\n#18 0x7ffbe869caa4 <unknown>\n#19 0x7ffbe8729c3c <unknown>",
        "time" : {
          "start" : 1757367292004,
          "stop" : 1757367302477,
          "duration" : 10473
        }
      }, {
        "uid" : "e275eb5c4e9e82af",
        "reportUrl" : "https://Brain-up.github.io/auto-tests-python/678//#testresult/e275eb5c4e9e82af",
        "status" : "skipped",
        "statusDetails" : "XFAIL\n\nselenium.common.exceptions.TimeoutException: Message: Can't find element by locator ('xpath', '//div[@class=\"__51e19\"]')\nStacktrace:\n#0 0x55e7f3b4308a <unknown>\n#1 0x55e7f35e2a70 <unknown>\n#2 0x55e7f3634907 <unknown>\n#3 0x55e7f3634b01 <unknown>\n#4 0x55e7f3682d54 <unknown>\n#5 0x55e7f365a40d <unknown>\n#6 0x55e7f368014f <unknown>\n#7 0x55e7f365a1b3 <unknown>\n#8 0x55e7f362659b <unknown>\n#9 0x55e7f3627971 <unknown>\n#10 0x55e7f3b0825b <unknown>\n#11 0x55e7f3b0bfa9 <unknown>\n#12 0x55e7f3aef339 <unknown>\n#13 0x55e7f3b0cb58 <unknown>\n#14 0x55e7f3ad3c1f <unknown>\n#15 0x55e7f3b30118 <unknown>\n#16 0x55e7f3b302f6 <unknown>\n#17 0x55e7f3b42066 <unknown>\n#18 0x7ff43f89caa4 <unknown>\n#19 0x7ff43f929c3c <unknown>",
        "time" : {
          "start" : 1757363076482,
          "stop" : 1757363086894,
          "duration" : 10412
        }
      }, {
        "uid" : "8cb20aa6ace4da9",
        "reportUrl" : "https://Brain-up.github.io/auto-tests-python/677//#testresult/8cb20aa6ace4da9",
        "status" : "skipped",
        "statusDetails" : "XFAIL\n\nselenium.common.exceptions.TimeoutException: Message: Can't find element by locator ('xpath', '//div[@class=\"__51e19\"]')\nStacktrace:\n#0 0x55ed3b95208a <unknown>\n#1 0x55ed3b3f1a70 <unknown>\n#2 0x55ed3b443907 <unknown>\n#3 0x55ed3b443b01 <unknown>\n#4 0x55ed3b491d54 <unknown>\n#5 0x55ed3b46940d <unknown>\n#6 0x55ed3b48f14f <unknown>\n#7 0x55ed3b4691b3 <unknown>\n#8 0x55ed3b43559b <unknown>\n#9 0x55ed3b436971 <unknown>\n#10 0x55ed3b91725b <unknown>\n#11 0x55ed3b91afa9 <unknown>\n#12 0x55ed3b8fe339 <unknown>\n#13 0x55ed3b91bb58 <unknown>\n#14 0x55ed3b8e2c1f <unknown>\n#15 0x55ed3b93f118 <unknown>\n#16 0x55ed3b93f2f6 <unknown>\n#17 0x55ed3b951066 <unknown>\n#18 0x7fdbdde9caa4 <unknown>\n#19 0x7fdbddf29c3c <unknown>",
        "time" : {
          "start" : 1757239109535,
          "stop" : 1757239119929,
          "duration" : 10394
        }
      }, {
        "uid" : "a2154fb4a0cd43c3",
        "reportUrl" : "https://Brain-up.github.io/auto-tests-python/676//#testresult/a2154fb4a0cd43c3",
        "status" : "skipped",
        "statusDetails" : "XFAIL\n\nselenium.common.exceptions.TimeoutException: Message: Can't find element by locator ('xpath', '//div[@class=\"__51e19\"]')\nStacktrace:\n#0 0x55ab1942e08a <unknown>\n#1 0x55ab18ecda70 <unknown>\n#2 0x55ab18f1f907 <unknown>\n#3 0x55ab18f1fb01 <unknown>\n#4 0x55ab18f6dd54 <unknown>\n#5 0x55ab18f4540d <unknown>\n#6 0x55ab18f6b14f <unknown>\n#7 0x55ab18f451b3 <unknown>\n#8 0x55ab18f1159b <unknown>\n#9 0x55ab18f12971 <unknown>\n#10 0x55ab193f325b <unknown>\n#11 0x55ab193f6fa9 <unknown>\n#12 0x55ab193da339 <unknown>\n#13 0x55ab193f7b58 <unknown>\n#14 0x55ab193bec1f <unknown>\n#15 0x55ab1941b118 <unknown>\n#16 0x55ab1941b2f6 <unknown>\n#17 0x55ab1942d066 <unknown>\n#18 0x7fe65209caa4 <unknown>\n#19 0x7fe652129c3c <unknown>",
        "time" : {
          "start" : 1757192520285,
          "stop" : 1757192530692,
          "duration" : 10407
        }
      }, {
        "uid" : "ba02911c628d2fa3",
        "reportUrl" : "https://Brain-up.github.io/auto-tests-python/675//#testresult/ba02911c628d2fa3",
        "status" : "skipped",
        "statusDetails" : "XFAIL\n\nselenium.common.exceptions.TimeoutException: Message: Can't find element by locator ('xpath', '//div[@class=\"__51e19\"]')\nStacktrace:\n#0 0x559955fdd08a <unknown>\n#1 0x559955a7ca70 <unknown>\n#2 0x559955ace907 <unknown>\n#3 0x559955aceb01 <unknown>\n#4 0x559955b1cd54 <unknown>\n#5 0x559955af440d <unknown>\n#6 0x559955b1a14f <unknown>\n#7 0x559955af41b3 <unknown>\n#8 0x559955ac059b <unknown>\n#9 0x559955ac1971 <unknown>\n#10 0x559955fa225b <unknown>\n#11 0x559955fa5fa9 <unknown>\n#12 0x559955f89339 <unknown>\n#13 0x559955fa6b58 <unknown>\n#14 0x559955f6dc1f <unknown>\n#15 0x559955fca118 <unknown>\n#16 0x559955fca2f6 <unknown>\n#17 0x559955fdc066 <unknown>\n#18 0x7f3a62c9caa4 <unknown>\n#19 0x7f3a62d29c3c <unknown>",
        "time" : {
          "start" : 1757067764422,
          "stop" : 1757067774826,
          "duration" : 10404
        }
      }, {
        "uid" : "dc5849854339367c",
        "reportUrl" : "https://Brain-up.github.io/auto-tests-python/674//#testresult/dc5849854339367c",
        "status" : "skipped",
        "statusDetails" : "XFAIL\n\nselenium.common.exceptions.TimeoutException: Message: Can't find element by locator ('xpath', '//div[@class=\"__51e19\"]')\nStacktrace:\n#0 0x5608c732802a <unknown>\n#1 0x5608c6dc7a70 <unknown>\n#2 0x5608c6e19907 <unknown>\n#3 0x5608c6e19b01 <unknown>\n#4 0x5608c6e67d54 <unknown>\n#5 0x5608c6e3f40d <unknown>\n#6 0x5608c6e6514f <unknown>\n#7 0x5608c6e3f1b3 <unknown>\n#8 0x5608c6e0b59b <unknown>\n#9 0x5608c6e0c971 <unknown>\n#10 0x5608c72ed1fb <unknown>\n#11 0x5608c72f0f49 <unknown>\n#12 0x5608c72d42d9 <unknown>\n#13 0x5608c72f1af8 <unknown>\n#14 0x5608c72b8bbf <unknown>\n#15 0x5608c73150b8 <unknown>\n#16 0x5608c7315296 <unknown>\n#17 0x5608c7327006 <unknown>\n#18 0x7f87f6a9caa4 <unknown>\n#19 0x7f87f6b29c3c <unknown>",
        "time" : {
          "start" : 1756809749510,
          "stop" : 1756809759915,
          "duration" : 10405
        }
      }, {
        "uid" : "cd1dfaa10e0bcef9",
        "reportUrl" : "https://Brain-up.github.io/auto-tests-python/673//#testresult/cd1dfaa10e0bcef9",
        "status" : "skipped",
        "statusDetails" : "XFAIL\n\nselenium.common.exceptions.TimeoutException: Message: Can't find element by locator ('xpath', '//div[@class=\"__51e19\"]')\nStacktrace:\n#0 0x55a77798402a <unknown>\n#1 0x55a777423a70 <unknown>\n#2 0x55a777475907 <unknown>\n#3 0x55a777475b01 <unknown>\n#4 0x55a7774c3d54 <unknown>\n#5 0x55a77749b40d <unknown>\n#6 0x55a7774c114f <unknown>\n#7 0x55a77749b1b3 <unknown>\n#8 0x55a77746759b <unknown>\n#9 0x55a777468971 <unknown>\n#10 0x55a7779491fb <unknown>\n#11 0x55a77794cf49 <unknown>\n#12 0x55a7779302d9 <unknown>\n#13 0x55a77794daf8 <unknown>\n#14 0x55a777914bbf <unknown>\n#15 0x55a7779710b8 <unknown>\n#16 0x55a777971296 <unknown>\n#17 0x55a777983006 <unknown>\n#18 0x7f5f2ae9caa4 <unknown>\n#19 0x7f5f2af29c3c <unknown>",
        "time" : {
          "start" : 1756757471501,
          "stop" : 1756757481907,
          "duration" : 10406
        }
      }, {
        "uid" : "580f99b7e70dad2d",
        "reportUrl" : "https://Brain-up.github.io/auto-tests-python/672//#testresult/580f99b7e70dad2d",
        "status" : "skipped",
        "statusDetails" : "XFAIL\n\nselenium.common.exceptions.TimeoutException: Message: Can't find element by locator ('xpath', '//div[@class=\"__51e19\"]')\nStacktrace:\n#0 0x55b74dc9302a <unknown>\n#1 0x55b74d732a70 <unknown>\n#2 0x55b74d784907 <unknown>\n#3 0x55b74d784b01 <unknown>\n#4 0x55b74d7d2d54 <unknown>\n#5 0x55b74d7aa40d <unknown>\n#6 0x55b74d7d014f <unknown>\n#7 0x55b74d7aa1b3 <unknown>\n#8 0x55b74d77659b <unknown>\n#9 0x55b74d777971 <unknown>\n#10 0x55b74dc581fb <unknown>\n#11 0x55b74dc5bf49 <unknown>\n#12 0x55b74dc3f2d9 <unknown>\n#13 0x55b74dc5caf8 <unknown>\n#14 0x55b74dc23bbf <unknown>\n#15 0x55b74dc800b8 <unknown>\n#16 0x55b74dc80296 <unknown>\n#17 0x55b74dc92006 <unknown>\n#18 0x7f2ae1e9caa4 <unknown>\n#19 0x7f2ae1f29c3c <unknown>",
        "time" : {
          "start" : 1756648766930,
          "stop" : 1756648777379,
          "duration" : 10449
        }
      }, {
        "uid" : "cb6b8f6ff62df869",
        "reportUrl" : "https://Brain-up.github.io/auto-tests-python/671//#testresult/cb6b8f6ff62df869",
        "status" : "skipped",
        "statusDetails" : "XFAIL\n\nselenium.common.exceptions.TimeoutException: Message: Can't find element by locator ('xpath', '//div[@class=\"__51e19\"]')\nStacktrace:\n#0 0x56443bf4602a <unknown>\n#1 0x56443b9e5a70 <unknown>\n#2 0x56443ba37907 <unknown>\n#3 0x56443ba37b01 <unknown>\n#4 0x56443ba85d54 <unknown>\n#5 0x56443ba5d40d <unknown>\n#6 0x56443ba8314f <unknown>\n#7 0x56443ba5d1b3 <unknown>\n#8 0x56443ba2959b <unknown>\n#9 0x56443ba2a971 <unknown>\n#10 0x56443bf0b1fb <unknown>\n#11 0x56443bf0ef49 <unknown>\n#12 0x56443bef22d9 <unknown>\n#13 0x56443bf0faf8 <unknown>\n#14 0x56443bed6bbf <unknown>\n#15 0x56443bf330b8 <unknown>\n#16 0x56443bf33296 <unknown>\n#17 0x56443bf45006 <unknown>\n#18 0x7efef909caa4 <unknown>\n#19 0x7efef9129c3c <unknown>",
        "time" : {
          "start" : 1756547867082,
          "stop" : 1756547877476,
          "duration" : 10394
        }
      }, {
        "uid" : "3393d95cbd105149",
        "reportUrl" : "https://Brain-up.github.io/auto-tests-python/670//#testresult/3393d95cbd105149",
        "status" : "skipped",
        "statusDetails" : "XFAIL\n\nselenium.common.exceptions.TimeoutException: Message: Can't find element by locator ('xpath', '//div[@class=\"__51e19\"]')\nStacktrace:\n#0 0x55fc5d77b02a <unknown>\n#1 0x55fc5d21aa70 <unknown>\n#2 0x55fc5d26c907 <unknown>\n#3 0x55fc5d26cb01 <unknown>\n#4 0x55fc5d2bad54 <unknown>\n#5 0x55fc5d29240d <unknown>\n#6 0x55fc5d2b814f <unknown>\n#7 0x55fc5d2921b3 <unknown>\n#8 0x55fc5d25e59b <unknown>\n#9 0x55fc5d25f971 <unknown>\n#10 0x55fc5d7401fb <unknown>\n#11 0x55fc5d743f49 <unknown>\n#12 0x55fc5d7272d9 <unknown>\n#13 0x55fc5d744af8 <unknown>\n#14 0x55fc5d70bbbf <unknown>\n#15 0x55fc5d7680b8 <unknown>\n#16 0x55fc5d768296 <unknown>\n#17 0x55fc5d77a006 <unknown>\n#18 0x7f955309caa4 <unknown>\n#19 0x7f9553129c3c <unknown>",
        "time" : {
          "start" : 1756490238967,
          "stop" : 1756490249456,
          "duration" : 10489
        }
      }, {
        "uid" : "a20db3a6c0bd792f",
        "reportUrl" : "https://Brain-up.github.io/auto-tests-python/670//#testresult/a20db3a6c0bd792f",
        "status" : "skipped",
        "statusDetails" : "XFAIL\n\nselenium.common.exceptions.TimeoutException: Message: Can't find element by locator ('xpath', '//div[@class=\"__51e19\"]')\nStacktrace:\n#0 0x5637aef8302a <unknown>\n#1 0x5637aea22a70 <unknown>\n#2 0x5637aea74907 <unknown>\n#3 0x5637aea74b01 <unknown>\n#4 0x5637aeac2d54 <unknown>\n#5 0x5637aea9a40d <unknown>\n#6 0x5637aeac014f <unknown>\n#7 0x5637aea9a1b3 <unknown>\n#8 0x5637aea6659b <unknown>\n#9 0x5637aea67971 <unknown>\n#10 0x5637aef481fb <unknown>\n#11 0x5637aef4bf49 <unknown>\n#12 0x5637aef2f2d9 <unknown>\n#13 0x5637aef4caf8 <unknown>\n#14 0x5637aef13bbf <unknown>\n#15 0x5637aef700b8 <unknown>\n#16 0x5637aef70296 <unknown>\n#17 0x5637aef82006 <unknown>\n#18 0x7fe5bda9caa4 <unknown>\n#19 0x7fe5bdb29c3c <unknown>",
        "time" : {
          "start" : 1756484666454,
          "stop" : 1756484676853,
          "duration" : 10399
        }
      }, {
        "uid" : "7fdfae6388085781",
        "reportUrl" : "https://Brain-up.github.io/auto-tests-python/669//#testresult/7fdfae6388085781",
        "status" : "skipped",
        "statusDetails" : "XFAIL\n\nselenium.common.exceptions.TimeoutException: Message: Can't find element by locator ('xpath', '//div[@class=\"__51e19\"]')\nStacktrace:\n#0 0x55a0191af02a <unknown>\n#1 0x55a018c4ea70 <unknown>\n#2 0x55a018ca0907 <unknown>\n#3 0x55a018ca0b01 <unknown>\n#4 0x55a018ceed54 <unknown>\n#5 0x55a018cc640d <unknown>\n#6 0x55a018cec14f <unknown>\n#7 0x55a018cc61b3 <unknown>\n#8 0x55a018c9259b <unknown>\n#9 0x55a018c93971 <unknown>\n#10 0x55a0191741fb <unknown>\n#11 0x55a019177f49 <unknown>\n#12 0x55a01915b2d9 <unknown>\n#13 0x55a019178af8 <unknown>\n#14 0x55a01913fbbf <unknown>\n#15 0x55a01919c0b8 <unknown>\n#16 0x55a01919c296 <unknown>\n#17 0x55a0191ae006 <unknown>\n#18 0x7f77b089caa4 <unknown>\n#19 0x7f77b0929c3c <unknown>",
        "time" : {
          "start" : 1756373314190,
          "stop" : 1756373324592,
          "duration" : 10402
        }
      }, {
        "uid" : "fc8e2bf8b64b4ffa",
        "reportUrl" : "https://Brain-up.github.io/auto-tests-python/668//#testresult/fc8e2bf8b64b4ffa",
        "status" : "skipped",
        "statusDetails" : "XFAIL\n\nselenium.common.exceptions.TimeoutException: Message: Can't find element by locator ('xpath', '//div[@class=\"__51e19\"]')\nStacktrace:\n#0 0x55f33265f01a <unknown>\n#1 0x55f3320fea70 <unknown>\n#2 0x55f332150907 <unknown>\n#3 0x55f332150b01 <unknown>\n#4 0x55f33219ed54 <unknown>\n#5 0x55f33217640d <unknown>\n#6 0x55f33219c14f <unknown>\n#7 0x55f3321761b3 <unknown>\n#8 0x55f33214259b <unknown>\n#9 0x55f332143971 <unknown>\n#10 0x55f3326241eb <unknown>\n#11 0x55f332627f39 <unknown>\n#12 0x55f33260b2c9 <unknown>\n#13 0x55f332628ae8 <unknown>\n#14 0x55f3325efbaf <unknown>\n#15 0x55f33264c0a8 <unknown>\n#16 0x55f33264c286 <unknown>\n#17 0x55f33265dff6 <unknown>\n#18 0x7fcd6809caa4 <unknown>\n#19 0x7fcd68129c3c <unknown>",
        "time" : {
          "start" : 1756296820411,
          "stop" : 1756296830818,
          "duration" : 10407
        }
      }, {
        "uid" : "9a6bdafb0f87a180",
        "reportUrl" : "https://Brain-up.github.io/auto-tests-python/667//#testresult/9a6bdafb0f87a180",
        "status" : "skipped",
        "statusDetails" : "XFAIL\n\nselenium.common.exceptions.TimeoutException: Message: Can't find element by locator ('xpath', '//div[@class=\"__51e19\"]')\nStacktrace:\n#0 0x5558ac55301a <unknown>\n#1 0x5558abff2a70 <unknown>\n#2 0x5558ac044907 <unknown>\n#3 0x5558ac044b01 <unknown>\n#4 0x5558ac092d54 <unknown>\n#5 0x5558ac06a40d <unknown>\n#6 0x5558ac09014f <unknown>\n#7 0x5558ac06a1b3 <unknown>\n#8 0x5558ac03659b <unknown>\n#9 0x5558ac037971 <unknown>\n#10 0x5558ac5181eb <unknown>\n#11 0x5558ac51bf39 <unknown>\n#12 0x5558ac4ff2c9 <unknown>\n#13 0x5558ac51cae8 <unknown>\n#14 0x5558ac4e3baf <unknown>\n#15 0x5558ac5400a8 <unknown>\n#16 0x5558ac540286 <unknown>\n#17 0x5558ac551ff6 <unknown>\n#18 0x7fe2c129caa4 <unknown>\n#19 0x7fe2c1329c3c <unknown>",
        "time" : {
          "start" : 1756203683784,
          "stop" : 1756203694194,
          "duration" : 10410
        }
      }, {
        "uid" : "ff46ebb6d19ce445",
        "reportUrl" : "https://Brain-up.github.io/auto-tests-python/666//#testresult/ff46ebb6d19ce445",
        "status" : "skipped",
        "statusDetails" : "XFAIL\n\nselenium.common.exceptions.TimeoutException: Message: Can't find element by locator ('xpath', '//div[@class=\"__51e19\"]')\nStacktrace:\n#0 0x560d6fab501a <unknown>\n#1 0x560d6f554a70 <unknown>\n#2 0x560d6f5a6907 <unknown>\n#3 0x560d6f5a6b01 <unknown>\n#4 0x560d6f5f4d54 <unknown>\n#5 0x560d6f5cc40d <unknown>\n#6 0x560d6f5f214f <unknown>\n#7 0x560d6f5cc1b3 <unknown>\n#8 0x560d6f59859b <unknown>\n#9 0x560d6f599971 <unknown>\n#10 0x560d6fa7a1eb <unknown>\n#11 0x560d6fa7df39 <unknown>\n#12 0x560d6fa612c9 <unknown>\n#13 0x560d6fa7eae8 <unknown>\n#14 0x560d6fa45baf <unknown>\n#15 0x560d6faa20a8 <unknown>\n#16 0x560d6faa2286 <unknown>\n#17 0x560d6fab3ff6 <unknown>\n#18 0x7f1506a9caa4 <unknown>\n#19 0x7f1506b29c3c <unknown>",
        "time" : {
          "start" : 1756119512269,
          "stop" : 1756119522675,
          "duration" : 10406
        }
      }, {
        "uid" : "f98bc03b88c3ef5e",
        "reportUrl" : "https://Brain-up.github.io/auto-tests-python/665//#testresult/f98bc03b88c3ef5e",
        "status" : "skipped",
        "statusDetails" : "XFAIL\n\nselenium.common.exceptions.TimeoutException: Message: Can't find element by locator ('xpath', '//div[@class=\"__51e19\"]')\nStacktrace:\n#0 0x5605bdef501a <unknown>\n#1 0x5605bd994a70 <unknown>\n#2 0x5605bd9e6907 <unknown>\n#3 0x5605bd9e6b01 <unknown>\n#4 0x5605bda34d54 <unknown>\n#5 0x5605bda0c40d <unknown>\n#6 0x5605bda3214f <unknown>\n#7 0x5605bda0c1b3 <unknown>\n#8 0x5605bd9d859b <unknown>\n#9 0x5605bd9d9971 <unknown>\n#10 0x5605bdeba1eb <unknown>\n#11 0x5605bdebdf39 <unknown>\n#12 0x5605bdea12c9 <unknown>\n#13 0x5605bdebeae8 <unknown>\n#14 0x5605bde85baf <unknown>\n#15 0x5605bdee20a8 <unknown>\n#16 0x5605bdee2286 <unknown>\n#17 0x5605bdef3ff6 <unknown>\n#18 0x7fb3d209caa4 <unknown>\n#19 0x7fb3d2129c3c <unknown>",
        "time" : {
          "start" : 1756035082437,
          "stop" : 1756035092830,
          "duration" : 10393
        }
      }, {
        "uid" : "8da8d2b452b0b27a",
        "reportUrl" : "https://Brain-up.github.io/auto-tests-python/664//#testresult/8da8d2b452b0b27a",
        "status" : "skipped",
        "statusDetails" : "XFAIL\n\nselenium.common.exceptions.TimeoutException: Message: Can't find element by locator ('xpath', '//div[@class=\"__51e19\"]')\nStacktrace:\n#0 0x55ae05c8901a <unknown>\n#1 0x55ae05728a70 <unknown>\n#2 0x55ae0577a907 <unknown>\n#3 0x55ae0577ab01 <unknown>\n#4 0x55ae057c8d54 <unknown>\n#5 0x55ae057a040d <unknown>\n#6 0x55ae057c614f <unknown>\n#7 0x55ae057a01b3 <unknown>\n#8 0x55ae0576c59b <unknown>\n#9 0x55ae0576d971 <unknown>\n#10 0x55ae05c4e1eb <unknown>\n#11 0x55ae05c51f39 <unknown>\n#12 0x55ae05c352c9 <unknown>\n#13 0x55ae05c52ae8 <unknown>\n#14 0x55ae05c19baf <unknown>\n#15 0x55ae05c760a8 <unknown>\n#16 0x55ae05c76286 <unknown>\n#17 0x55ae05c87ff6 <unknown>\n#18 0x7f96db29caa4 <unknown>\n#19 0x7f96db329c3c <unknown>",
        "time" : {
          "start" : 1755947434858,
          "stop" : 1755947445250,
          "duration" : 10392
        }
      }, {
        "uid" : "c3b009db2b95d110",
        "reportUrl" : "https://Brain-up.github.io/auto-tests-python/663//#testresult/c3b009db2b95d110",
        "status" : "skipped",
        "statusDetails" : "XFAIL\n\nselenium.common.exceptions.TimeoutException: Message: Can't find element by locator ('xpath', '//div[@class=\"__51e19\"]')\nStacktrace:\n#0 0x55e859bd701a <unknown>\n#1 0x55e859676a70 <unknown>\n#2 0x55e8596c8907 <unknown>\n#3 0x55e8596c8b01 <unknown>\n#4 0x55e859716d54 <unknown>\n#5 0x55e8596ee40d <unknown>\n#6 0x55e85971414f <unknown>\n#7 0x55e8596ee1b3 <unknown>\n#8 0x55e8596ba59b <unknown>\n#9 0x55e8596bb971 <unknown>\n#10 0x55e859b9c1eb <unknown>\n#11 0x55e859b9ff39 <unknown>\n#12 0x55e859b832c9 <unknown>\n#13 0x55e859ba0ae8 <unknown>\n#14 0x55e859b67baf <unknown>\n#15 0x55e859bc40a8 <unknown>\n#16 0x55e859bc4286 <unknown>\n#17 0x55e859bd5ff6 <unknown>\n#18 0x7fb8f049caa4 <unknown>\n#19 0x7fb8f0529c3c <unknown>",
        "time" : {
          "start" : 1755853753472,
          "stop" : 1755853763863,
          "duration" : 10391
        }
      } ]
    },
    "tags" : [ "@pytest.mark.xfail" ]
  },
  "source" : "ba5d0628ae5e446f.json",
  "parameterValues" : [ ]
}