{
  "uid" : "d370ebcdc088743a",
  "name" : "Solutions to a random task in the \"Слова Королёвой\" .",
  "fullName" : "tests.test_speech_exercises_ru.TestCardsRU#test_solve_koroleva_cards_ru",
  "historyId" : "c9fe4fbd9394e2fb5a6898be66ba433b",
  "time" : {
    "start" : 1757709036445,
    "stop" : 1757709046746,
    "duration" : 10301
  },
  "status" : "skipped",
  "statusMessage" : "XFAIL\n\nselenium.common.exceptions.TimeoutException: Message: Can't find element by locator ('xpath', '//a[text()=\"Упражнения\"]')\nStacktrace:\n#0 0x564196ae594a <unknown>\n#1 0x56419655a8a0 <unknown>\n#2 0x5641965ac540 <unknown>\n#3 0x5641965ac731 <unknown>\n#4 0x5641965fa824 <unknown>\n#5 0x5641965d205d <unknown>\n#6 0x5641965f7c23 <unknown>\n#7 0x5641965d1e03 <unknown>\n#8 0x56419659e968 <unknown>\n#9 0x56419659f5e1 <unknown>\n#10 0x564196aa9548 <unknown>\n#11 0x564196aad272 <unknown>\n#12 0x564196a90313 <unknown>\n#13 0x564196aaddc5 <unknown>\n#14 0x564196a7549f <unknown>\n#15 0x564196ad2158 <unknown>\n#16 0x564196ad2332 <unknown>\n#17 0x564196ae4a53 <unknown>\n#18 0x7f8004a9caa4 <unknown>\n#19 0x7f8004b29c3c <unknown>",
  "statusTrace" : "self = <tests.test_speech_exercises_ru.TestCardsRU object at 0x7f588889faa0>\ndriver = <selenium.webdriver.chrome.webdriver.WebDriver (session=\"87daf7c0fe4a1eb3ffa8e2b2521ae545\")>\ndefault_user_authorized = None\n\n    @pytest.mark.xfail\n    @allure.suite(\"Речевые упражнения.\")\n    @allure.title('Solutions to a random task in the \"Слова Королёвой\" .')\n    def test_solve_koroleva_cards_ru(self, driver, default_user_authorized):\n        page = SpeechExercisesPageRU(driver)\n>       page.click_button_exercises()\n\ntests/test_speech_exercises_ru.py:144: \n_ _ _ _ _ _ _ _ _ _ _ _ _ _ _ _ _ _ _ _ _ _ _ _ _ _ _ _ _ _ _ _ _ _ _ _ _ _ _ _ \npages/speech_exercises_page_ru.py:199: in click_button_exercises\n    button = self.element_is_present_and_clickable(self.locators.AuthorizedUserHomePageLocators.BUTTON_EXERCISES_RU)\npages/base_page.py:40: in element_is_present_and_clickable\n    return (Wait(self.driver, self.timeout).until(\n_ _ _ _ _ _ _ _ _ _ _ _ _ _ _ _ _ _ _ _ _ _ _ _ _ _ _ _ _ _ _ _ _ _ _ _ _ _ _ _ \n\nself = <selenium.webdriver.support.wait.WebDriverWait (session=\"87daf7c0fe4a1eb3ffa8e2b2521ae545\")>\nmethod = <function visibility_of_element_located.<locals>._predicate at 0x7f5888816840>\nmessage = 'Can\\'t find element by locator (\\'xpath\\', \\'//a[text()=\"Упражнения\"]\\')'\n\n    def until(self, method, message: str = \"\"):\n        \"\"\"Calls the method provided with the driver as an argument until the \\\n        return value does not evaluate to ``False``.\n    \n        :param method: callable(WebDriver)\n        :param message: optional message for :exc:`TimeoutException`\n        :returns: the result of the last call to `method`\n        :raises: :exc:`selenium.common.exceptions.TimeoutException` if timeout occurs\n        \"\"\"\n        screen = None\n        stacktrace = None\n    \n        end_time = time.monotonic() + self._timeout\n        while True:\n            try:\n                value = method(self._driver)\n                if value:\n                    return value\n            except self._ignored_exceptions as exc:\n                screen = getattr(exc, \"screen\", None)\n                stacktrace = getattr(exc, \"stacktrace\", None)\n            time.sleep(self._poll)\n            if time.monotonic() > end_time:\n                break\n>       raise TimeoutException(message, screen, stacktrace)\nE       selenium.common.exceptions.TimeoutException: Message: Can't find element by locator ('xpath', '//a[text()=\"Упражнения\"]')\nE       Stacktrace:\nE       #0 0x564196ae594a <unknown>\nE       #1 0x56419655a8a0 <unknown>\nE       #2 0x5641965ac540 <unknown>\nE       #3 0x5641965ac731 <unknown>\nE       #4 0x5641965fa824 <unknown>\nE       #5 0x5641965d205d <unknown>\nE       #6 0x5641965f7c23 <unknown>\nE       #7 0x5641965d1e03 <unknown>\nE       #8 0x56419659e968 <unknown>\nE       #9 0x56419659f5e1 <unknown>\nE       #10 0x564196aa9548 <unknown>\nE       #11 0x564196aad272 <unknown>\nE       #12 0x564196a90313 <unknown>\nE       #13 0x564196aaddc5 <unknown>\nE       #14 0x564196a7549f <unknown>\nE       #15 0x564196ad2158 <unknown>\nE       #16 0x564196ad2332 <unknown>\nE       #17 0x564196ae4a53 <unknown>\nE       #18 0x7f8004a9caa4 <unknown>\nE       #19 0x7f8004b29c3c <unknown>\n\n/opt/hostedtoolcache/Python/3.12.11/x64/lib/python3.12/site-packages/selenium/webdriver/support/wait.py:95: TimeoutException",
  "flaky" : false,
  "newFailed" : false,
  "beforeStages" : [ {
    "name" : "driver",
    "time" : {
      "start" : 1757709029779,
      "stop" : 1757709030553,
      "duration" : 774
    },
    "status" : "passed",
    "steps" : [ ],
    "attachments" : [ ],
    "parameters" : [ ],
    "stepsCount" : 0,
    "attachmentsCount" : 0,
    "shouldDisplayMessage" : false,
    "hasContent" : false
  }, {
    "name" : "clear_allure_results_folder",
    "time" : {
      "start" : 1757707749599,
      "stop" : 1757707749600,
      "duration" : 1
    },
    "status" : "passed",
    "steps" : [ ],
    "attachments" : [ ],
    "parameters" : [ ],
    "stepsCount" : 0,
    "attachmentsCount" : 0,
    "shouldDisplayMessage" : false,
    "hasContent" : false
  }, {
    "name" : "main_page_open",
    "time" : {
      "start" : 1757709030553,
      "stop" : 1757709033975,
      "duration" : 3422
    },
    "status" : "passed",
    "steps" : [ {
      "name" : "Open page: https://www.brainup.site/",
      "time" : {
        "start" : 1757709030553,
        "stop" : 1757709033975,
        "duration" : 3422
      },
      "status" : "passed",
      "steps" : [ ],
      "attachments" : [ ],
      "parameters" : [ {
        "name" : "driver",
        "value" : "<selenium.webdriver.chrome.webdriver.WebDriver (session=\"87daf7c0fe4a1eb3ffa8e2b2521ae545\")>"
      } ],
      "stepsCount" : 0,
      "attachmentsCount" : 0,
      "shouldDisplayMessage" : false,
      "hasContent" : true
    } ],
    "attachments" : [ ],
    "parameters" : [ ],
    "stepsCount" : 1,
    "attachmentsCount" : 0,
    "shouldDisplayMessage" : false,
    "hasContent" : true
  }, {
    "name" : "default_user_authorized",
    "time" : {
      "start" : 1757709033975,
      "stop" : 1757709036445,
      "duration" : 2470
    },
    "status" : "passed",
    "steps" : [ {
      "name" : "DEFAULT user authorized",
      "time" : {
        "start" : 1757709033975,
        "stop" : 1757709036445,
        "duration" : 2470
      },
      "status" : "passed",
      "steps" : [ {
        "name" : "Check url is present: https://www.brainup.site/groups",
        "time" : {
          "start" : 1757709034379,
          "stop" : 1757709036422,
          "duration" : 2043
        },
        "status" : "passed",
        "steps" : [ ],
        "attachments" : [ ],
        "parameters" : [ ],
        "stepsCount" : 0,
        "attachmentsCount" : 0,
        "shouldDisplayMessage" : false,
        "hasContent" : false
      }, {
        "name" : "Loader checking",
        "time" : {
          "start" : 1757709036423,
          "stop" : 1757709036445,
          "duration" : 22
        },
        "status" : "passed",
        "steps" : [ ],
        "attachments" : [ ],
        "parameters" : [ ],
        "stepsCount" : 0,
        "attachmentsCount" : 0,
        "shouldDisplayMessage" : false,
        "hasContent" : false
      } ],
      "attachments" : [ ],
      "parameters" : [ {
        "name" : "driver",
        "value" : "<selenium.webdriver.chrome.webdriver.WebDriver (session=\"87daf7c0fe4a1eb3ffa8e2b2521ae545\")>"
      }, {
        "name" : "main_page_open",
        "value" : "None"
      } ],
      "stepsCount" : 2,
      "attachmentsCount" : 0,
      "shouldDisplayMessage" : false,
      "hasContent" : true
    } ],
    "attachments" : [ ],
    "parameters" : [ ],
    "stepsCount" : 3,
    "attachmentsCount" : 0,
    "shouldDisplayMessage" : false,
    "hasContent" : true
  } ],
  "testStage" : {
    "status" : "skipped",
    "statusMessage" : "XFAIL\n\nselenium.common.exceptions.TimeoutException: Message: Can't find element by locator ('xpath', '//a[text()=\"Упражнения\"]')\nStacktrace:\n#0 0x564196ae594a <unknown>\n#1 0x56419655a8a0 <unknown>\n#2 0x5641965ac540 <unknown>\n#3 0x5641965ac731 <unknown>\n#4 0x5641965fa824 <unknown>\n#5 0x5641965d205d <unknown>\n#6 0x5641965f7c23 <unknown>\n#7 0x5641965d1e03 <unknown>\n#8 0x56419659e968 <unknown>\n#9 0x56419659f5e1 <unknown>\n#10 0x564196aa9548 <unknown>\n#11 0x564196aad272 <unknown>\n#12 0x564196a90313 <unknown>\n#13 0x564196aaddc5 <unknown>\n#14 0x564196a7549f <unknown>\n#15 0x564196ad2158 <unknown>\n#16 0x564196ad2332 <unknown>\n#17 0x564196ae4a53 <unknown>\n#18 0x7f8004a9caa4 <unknown>\n#19 0x7f8004b29c3c <unknown>",
    "statusTrace" : "self = <tests.test_speech_exercises_ru.TestCardsRU object at 0x7f588889faa0>\ndriver = <selenium.webdriver.chrome.webdriver.WebDriver (session=\"87daf7c0fe4a1eb3ffa8e2b2521ae545\")>\ndefault_user_authorized = None\n\n    @pytest.mark.xfail\n    @allure.suite(\"Речевые упражнения.\")\n    @allure.title('Solutions to a random task in the \"Слова Королёвой\" .')\n    def test_solve_koroleva_cards_ru(self, driver, default_user_authorized):\n        page = SpeechExercisesPageRU(driver)\n>       page.click_button_exercises()\n\ntests/test_speech_exercises_ru.py:144: \n_ _ _ _ _ _ _ _ _ _ _ _ _ _ _ _ _ _ _ _ _ _ _ _ _ _ _ _ _ _ _ _ _ _ _ _ _ _ _ _ \npages/speech_exercises_page_ru.py:199: in click_button_exercises\n    button = self.element_is_present_and_clickable(self.locators.AuthorizedUserHomePageLocators.BUTTON_EXERCISES_RU)\npages/base_page.py:40: in element_is_present_and_clickable\n    return (Wait(self.driver, self.timeout).until(\n_ _ _ _ _ _ _ _ _ _ _ _ _ _ _ _ _ _ _ _ _ _ _ _ _ _ _ _ _ _ _ _ _ _ _ _ _ _ _ _ \n\nself = <selenium.webdriver.support.wait.WebDriverWait (session=\"87daf7c0fe4a1eb3ffa8e2b2521ae545\")>\nmethod = <function visibility_of_element_located.<locals>._predicate at 0x7f5888816840>\nmessage = 'Can\\'t find element by locator (\\'xpath\\', \\'//a[text()=\"Упражнения\"]\\')'\n\n    def until(self, method, message: str = \"\"):\n        \"\"\"Calls the method provided with the driver as an argument until the \\\n        return value does not evaluate to ``False``.\n    \n        :param method: callable(WebDriver)\n        :param message: optional message for :exc:`TimeoutException`\n        :returns: the result of the last call to `method`\n        :raises: :exc:`selenium.common.exceptions.TimeoutException` if timeout occurs\n        \"\"\"\n        screen = None\n        stacktrace = None\n    \n        end_time = time.monotonic() + self._timeout\n        while True:\n            try:\n                value = method(self._driver)\n                if value:\n                    return value\n            except self._ignored_exceptions as exc:\n                screen = getattr(exc, \"screen\", None)\n                stacktrace = getattr(exc, \"stacktrace\", None)\n            time.sleep(self._poll)\n            if time.monotonic() > end_time:\n                break\n>       raise TimeoutException(message, screen, stacktrace)\nE       selenium.common.exceptions.TimeoutException: Message: Can't find element by locator ('xpath', '//a[text()=\"Упражнения\"]')\nE       Stacktrace:\nE       #0 0x564196ae594a <unknown>\nE       #1 0x56419655a8a0 <unknown>\nE       #2 0x5641965ac540 <unknown>\nE       #3 0x5641965ac731 <unknown>\nE       #4 0x5641965fa824 <unknown>\nE       #5 0x5641965d205d <unknown>\nE       #6 0x5641965f7c23 <unknown>\nE       #7 0x5641965d1e03 <unknown>\nE       #8 0x56419659e968 <unknown>\nE       #9 0x56419659f5e1 <unknown>\nE       #10 0x564196aa9548 <unknown>\nE       #11 0x564196aad272 <unknown>\nE       #12 0x564196a90313 <unknown>\nE       #13 0x564196aaddc5 <unknown>\nE       #14 0x564196a7549f <unknown>\nE       #15 0x564196ad2158 <unknown>\nE       #16 0x564196ad2332 <unknown>\nE       #17 0x564196ae4a53 <unknown>\nE       #18 0x7f8004a9caa4 <unknown>\nE       #19 0x7f8004b29c3c <unknown>\n\n/opt/hostedtoolcache/Python/3.12.11/x64/lib/python3.12/site-packages/selenium/webdriver/support/wait.py:95: TimeoutException",
    "steps" : [ {
      "name" : "Click button \"Упражнения\".",
      "time" : {
        "start" : 1757709036445,
        "stop" : 1757709046746,
        "duration" : 10301
      },
      "status" : "broken",
      "statusMessage" : "selenium.common.exceptions.TimeoutException: Message: Can't find element by locator ('xpath', '//a[text()=\"Упражнения\"]')\nStacktrace:\n#0 0x564196ae594a <unknown>\n#1 0x56419655a8a0 <unknown>\n#2 0x5641965ac540 <unknown>\n#3 0x5641965ac731 <unknown>\n#4 0x5641965fa824 <unknown>\n#5 0x5641965d205d <unknown>\n#6 0x5641965f7c23 <unknown>\n#7 0x5641965d1e03 <unknown>\n#8 0x56419659e968 <unknown>\n#9 0x56419659f5e1 <unknown>\n#10 0x564196aa9548 <unknown>\n#11 0x564196aad272 <unknown>\n#12 0x564196a90313 <unknown>\n#13 0x564196aaddc5 <unknown>\n#14 0x564196a7549f <unknown>\n#15 0x564196ad2158 <unknown>\n#16 0x564196ad2332 <unknown>\n#17 0x564196ae4a53 <unknown>\n#18 0x7f8004a9caa4 <unknown>\n#19 0x7f8004b29c3c <unknown>\n\n",
      "statusTrace" : "  File \"/opt/hostedtoolcache/Python/3.12.11/x64/lib/python3.12/site-packages/allure_commons/_allure.py\", line 192, in impl\n    return func(*a, **kw)\n           ^^^^^^^^^^^^^^\n  File \"/home/runner/work/auto-tests-python/auto-tests-python/pages/speech_exercises_page_ru.py\", line 199, in click_button_exercises\n    button = self.element_is_present_and_clickable(self.locators.AuthorizedUserHomePageLocators.BUTTON_EXERCISES_RU)\n             ^^^^^^^^^^^^^^^^^^^^^^^^^^^^^^^^^^^^^^^^^^^^^^^^^^^^^^^^^^^^^^^^^^^^^^^^^^^^^^^^^^^^^^^^^^^^^^^^^^^^^^^\n  File \"/home/runner/work/auto-tests-python/auto-tests-python/pages/base_page.py\", line 40, in element_is_present_and_clickable\n    return (Wait(self.driver, self.timeout).until(\n            ^^^^^^^^^^^^^^^^^^^^^^^^^^^^^^^^^^^^^^\n  File \"/opt/hostedtoolcache/Python/3.12.11/x64/lib/python3.12/site-packages/selenium/webdriver/support/wait.py\", line 95, in until\n    raise TimeoutException(message, screen, stacktrace)\n",
      "steps" : [ {
        "name" : "Click button \"RU\".",
        "time" : {
          "start" : 1757709036445,
          "stop" : 1757709036536,
          "duration" : 91
        },
        "status" : "passed",
        "steps" : [ ],
        "attachments" : [ ],
        "parameters" : [ ],
        "stepsCount" : 0,
        "attachmentsCount" : 0,
        "shouldDisplayMessage" : false,
        "hasContent" : false
      } ],
      "attachments" : [ ],
      "parameters" : [ ],
      "stepsCount" : 1,
      "attachmentsCount" : 0,
      "shouldDisplayMessage" : true,
      "hasContent" : true
    } ],
    "attachments" : [ ],
    "parameters" : [ ],
    "stepsCount" : 2,
    "attachmentsCount" : 0,
    "shouldDisplayMessage" : true,
    "hasContent" : true
  },
  "afterStages" : [ {
    "name" : "driver::0",
    "time" : {
      "start" : 1757709046761,
      "stop" : 1757709046827,
      "duration" : 66
    },
    "status" : "passed",
    "steps" : [ ],
    "attachments" : [ ],
    "parameters" : [ ],
    "stepsCount" : 0,
    "attachmentsCount" : 0,
    "shouldDisplayMessage" : false,
    "hasContent" : false
  } ],
  "labels" : [ {
    "name" : "suite",
    "value" : "Речевые упражнения."
  }, {
    "name" : "epic",
    "value" : "Speech exercises."
  }, {
    "name" : "tag",
    "value" : "@pytest.mark.xfail"
  }, {
    "name" : "parentSuite",
    "value" : "tests"
  }, {
    "name" : "subSuite",
    "value" : "TestCardsRU"
  }, {
    "name" : "host",
    "value" : "runnervmf4ws1"
  }, {
    "name" : "thread",
    "value" : "2601-MainThread"
  }, {
    "name" : "framework",
    "value" : "pytest"
  }, {
    "name" : "language",
    "value" : "cpython3"
  }, {
    "name" : "package",
    "value" : "tests.test_speech_exercises_ru"
  }, {
    "name" : "resultFormat",
    "value" : "allure2"
  } ],
  "parameters" : [ ],
  "links" : [ ],
  "hidden" : false,
  "retry" : false,
  "extra" : {
    "severity" : "normal",
    "retries" : [ ],
    "categories" : [ ],
    "history" : {
      "statistic" : {
        "failed" : 0,
        "broken" : 0,
        "skipped" : 215,
        "passed" : 100,
        "unknown" : 0,
        "total" : 315
      },
      "items" : [ {
        "uid" : "894d751c0bcdd762",
        "reportUrl" : "https://Brain-up.github.io/auto-tests-python/681//#testresult/894d751c0bcdd762",
        "status" : "skipped",
        "statusDetails" : "XFAIL\n\nselenium.common.exceptions.TimeoutException: Message: Can't find element by locator ('xpath', '//a[text()=\"Упражнения\"]')\nStacktrace:\n#0 0x5636e359694a <unknown>\n#1 0x5636e300b8a0 <unknown>\n#2 0x5636e305d540 <unknown>\n#3 0x5636e305d731 <unknown>\n#4 0x5636e30ab824 <unknown>\n#5 0x5636e308305d <unknown>\n#6 0x5636e30a8c23 <unknown>\n#7 0x5636e3082e03 <unknown>\n#8 0x5636e304f968 <unknown>\n#9 0x5636e30505e1 <unknown>\n#10 0x5636e355a548 <unknown>\n#11 0x5636e355e272 <unknown>\n#12 0x5636e3541313 <unknown>\n#13 0x5636e355edc5 <unknown>\n#14 0x5636e352649f <unknown>\n#15 0x5636e3583158 <unknown>\n#16 0x5636e3583332 <unknown>\n#17 0x5636e3595a53 <unknown>\n#18 0x7f1cb769caa4 <unknown>\n#19 0x7f1cb7729c3c <unknown>",
        "time" : {
          "start" : 1757540368583,
          "stop" : 1757540378859,
          "duration" : 10276
        }
      }, {
        "uid" : "cff20bf188f44d9",
        "reportUrl" : "https://Brain-up.github.io/auto-tests-python/680//#testresult/cff20bf188f44d9",
        "status" : "skipped",
        "statusDetails" : "XFAIL\n\nselenium.common.exceptions.TimeoutException: Message: Can't find element by locator ('xpath', '//a[text()=\"Упражнения\"]')\nStacktrace:\n#0 0x556d37c8a94a <unknown>\n#1 0x556d376ff8a0 <unknown>\n#2 0x556d37751540 <unknown>\n#3 0x556d37751731 <unknown>\n#4 0x556d3779f824 <unknown>\n#5 0x556d3777705d <unknown>\n#6 0x556d3779cc23 <unknown>\n#7 0x556d37776e03 <unknown>\n#8 0x556d37743968 <unknown>\n#9 0x556d377445e1 <unknown>\n#10 0x556d37c4e548 <unknown>\n#11 0x556d37c52272 <unknown>\n#12 0x556d37c35313 <unknown>\n#13 0x556d37c52dc5 <unknown>\n#14 0x556d37c1a49f <unknown>\n#15 0x556d37c77158 <unknown>\n#16 0x556d37c77332 <unknown>\n#17 0x556d37c89a53 <unknown>\n#18 0x7fb13169caa4 <unknown>\n#19 0x7fb131729c3c <unknown>",
        "time" : {
          "start" : 1757537930694,
          "stop" : 1757537940965,
          "duration" : 10271
        }
      }, {
        "uid" : "2d7e939b25050c58",
        "reportUrl" : "https://Brain-up.github.io/auto-tests-python/679//#testresult/2d7e939b25050c58",
        "status" : "skipped",
        "statusDetails" : "XFAIL\n\nselenium.common.exceptions.TimeoutException: Message: Can't find element by locator ('xpath', '//a[text()=\"Упражнения\"]')\nStacktrace:\n#0 0x555b0717808a <unknown>\n#1 0x555b06c17a70 <unknown>\n#2 0x555b06c69907 <unknown>\n#3 0x555b06c69b01 <unknown>\n#4 0x555b06cb7d54 <unknown>\n#5 0x555b06c8f40d <unknown>\n#6 0x555b06cb514f <unknown>\n#7 0x555b06c8f1b3 <unknown>\n#8 0x555b06c5b59b <unknown>\n#9 0x555b06c5c971 <unknown>\n#10 0x555b0713d25b <unknown>\n#11 0x555b07140fa9 <unknown>\n#12 0x555b07124339 <unknown>\n#13 0x555b07141b58 <unknown>\n#14 0x555b07108c1f <unknown>\n#15 0x555b07165118 <unknown>\n#16 0x555b071652f6 <unknown>\n#17 0x555b07177066 <unknown>\n#18 0x7f1dc649caa4 <unknown>\n#19 0x7f1dc6529c3c <unknown>",
        "time" : {
          "start" : 1757367274438,
          "stop" : 1757367284797,
          "duration" : 10359
        }
      }, {
        "uid" : "802a851cf50ca80d",
        "reportUrl" : "https://Brain-up.github.io/auto-tests-python/678//#testresult/802a851cf50ca80d",
        "status" : "skipped",
        "statusDetails" : "XFAIL\n\nselenium.common.exceptions.TimeoutException: Message: Can't find element by locator ('xpath', '//a[text()=\"Упражнения\"]')\nStacktrace:\n#0 0x55b9daa8b08a <unknown>\n#1 0x55b9da52aa70 <unknown>\n#2 0x55b9da57c907 <unknown>\n#3 0x55b9da57cb01 <unknown>\n#4 0x55b9da5cad54 <unknown>\n#5 0x55b9da5a240d <unknown>\n#6 0x55b9da5c814f <unknown>\n#7 0x55b9da5a21b3 <unknown>\n#8 0x55b9da56e59b <unknown>\n#9 0x55b9da56f971 <unknown>\n#10 0x55b9daa5025b <unknown>\n#11 0x55b9daa53fa9 <unknown>\n#12 0x55b9daa37339 <unknown>\n#13 0x55b9daa54b58 <unknown>\n#14 0x55b9daa1bc1f <unknown>\n#15 0x55b9daa78118 <unknown>\n#16 0x55b9daa782f6 <unknown>\n#17 0x55b9daa8a066 <unknown>\n#18 0x7f7af889caa4 <unknown>\n#19 0x7f7af8929c3c <unknown>",
        "time" : {
          "start" : 1757363059438,
          "stop" : 1757363069800,
          "duration" : 10362
        }
      }, {
        "uid" : "efefcf93edf055cf",
        "reportUrl" : "https://Brain-up.github.io/auto-tests-python/677//#testresult/efefcf93edf055cf",
        "status" : "skipped",
        "statusDetails" : "XFAIL\n\nselenium.common.exceptions.TimeoutException: Message: Can't find element by locator ('xpath', '//a[text()=\"Упражнения\"]')\nStacktrace:\n#0 0x55db75c9c08a <unknown>\n#1 0x55db7573ba70 <unknown>\n#2 0x55db7578d907 <unknown>\n#3 0x55db7578db01 <unknown>\n#4 0x55db757dbd54 <unknown>\n#5 0x55db757b340d <unknown>\n#6 0x55db757d914f <unknown>\n#7 0x55db757b31b3 <unknown>\n#8 0x55db7577f59b <unknown>\n#9 0x55db75780971 <unknown>\n#10 0x55db75c6125b <unknown>\n#11 0x55db75c64fa9 <unknown>\n#12 0x55db75c48339 <unknown>\n#13 0x55db75c65b58 <unknown>\n#14 0x55db75c2cc1f <unknown>\n#15 0x55db75c89118 <unknown>\n#16 0x55db75c892f6 <unknown>\n#17 0x55db75c9b066 <unknown>\n#18 0x7f99b829caa4 <unknown>\n#19 0x7f99b8329c3c <unknown>",
        "time" : {
          "start" : 1757239092700,
          "stop" : 1757239103040,
          "duration" : 10340
        }
      }, {
        "uid" : "fe60fcca63111dcf",
        "reportUrl" : "https://Brain-up.github.io/auto-tests-python/676//#testresult/fe60fcca63111dcf",
        "status" : "skipped",
        "statusDetails" : "XFAIL\n\nselenium.common.exceptions.TimeoutException: Message: Can't find element by locator ('xpath', '//a[text()=\"Упражнения\"]')\nStacktrace:\n#0 0x558a9667508a <unknown>\n#1 0x558a96114a70 <unknown>\n#2 0x558a96166907 <unknown>\n#3 0x558a96166b01 <unknown>\n#4 0x558a961b4d54 <unknown>\n#5 0x558a9618c40d <unknown>\n#6 0x558a961b214f <unknown>\n#7 0x558a9618c1b3 <unknown>\n#8 0x558a9615859b <unknown>\n#9 0x558a96159971 <unknown>\n#10 0x558a9663a25b <unknown>\n#11 0x558a9663dfa9 <unknown>\n#12 0x558a96621339 <unknown>\n#13 0x558a9663eb58 <unknown>\n#14 0x558a96605c1f <unknown>\n#15 0x558a96662118 <unknown>\n#16 0x558a966622f6 <unknown>\n#17 0x558a96674066 <unknown>\n#18 0x7faddd09caa4 <unknown>\n#19 0x7faddd129c3c <unknown>",
        "time" : {
          "start" : 1757192502083,
          "stop" : 1757192512457,
          "duration" : 10374
        }
      }, {
        "uid" : "ee75f3e321bf70c6",
        "reportUrl" : "https://Brain-up.github.io/auto-tests-python/675//#testresult/ee75f3e321bf70c6",
        "status" : "skipped",
        "statusDetails" : "XFAIL\n\nselenium.common.exceptions.TimeoutException: Message: Can't find element by locator ('xpath', '//a[text()=\"Упражнения\"]')\nStacktrace:\n#0 0x5613165e808a <unknown>\n#1 0x561316087a70 <unknown>\n#2 0x5613160d9907 <unknown>\n#3 0x5613160d9b01 <unknown>\n#4 0x561316127d54 <unknown>\n#5 0x5613160ff40d <unknown>\n#6 0x56131612514f <unknown>\n#7 0x5613160ff1b3 <unknown>\n#8 0x5613160cb59b <unknown>\n#9 0x5613160cc971 <unknown>\n#10 0x5613165ad25b <unknown>\n#11 0x5613165b0fa9 <unknown>\n#12 0x561316594339 <unknown>\n#13 0x5613165b1b58 <unknown>\n#14 0x561316578c1f <unknown>\n#15 0x5613165d5118 <unknown>\n#16 0x5613165d52f6 <unknown>\n#17 0x5613165e7066 <unknown>\n#18 0x7f297929caa4 <unknown>\n#19 0x7f2979329c3c <unknown>",
        "time" : {
          "start" : 1757067745053,
          "stop" : 1757067755398,
          "duration" : 10345
        }
      }, {
        "uid" : "14cbc9d66643361",
        "reportUrl" : "https://Brain-up.github.io/auto-tests-python/674//#testresult/14cbc9d66643361",
        "status" : "skipped",
        "statusDetails" : "XFAIL\n\nselenium.common.exceptions.TimeoutException: Message: Can't find element by locator ('xpath', '//a[text()=\"Упражнения\"]')\nStacktrace:\n#0 0x5588af38b02a <unknown>\n#1 0x5588aee2aa70 <unknown>\n#2 0x5588aee7c907 <unknown>\n#3 0x5588aee7cb01 <unknown>\n#4 0x5588aeecad54 <unknown>\n#5 0x5588aeea240d <unknown>\n#6 0x5588aeec814f <unknown>\n#7 0x5588aeea21b3 <unknown>\n#8 0x5588aee6e59b <unknown>\n#9 0x5588aee6f971 <unknown>\n#10 0x5588af3501fb <unknown>\n#11 0x5588af353f49 <unknown>\n#12 0x5588af3372d9 <unknown>\n#13 0x5588af354af8 <unknown>\n#14 0x5588af31bbbf <unknown>\n#15 0x5588af3780b8 <unknown>\n#16 0x5588af378296 <unknown>\n#17 0x5588af38a006 <unknown>\n#18 0x7f677b89caa4 <unknown>\n#19 0x7f677b929c3c <unknown>",
        "time" : {
          "start" : 1756809732747,
          "stop" : 1756809743078,
          "duration" : 10331
        }
      }, {
        "uid" : "ba0119295ba06392",
        "reportUrl" : "https://Brain-up.github.io/auto-tests-python/673//#testresult/ba0119295ba06392",
        "status" : "skipped",
        "statusDetails" : "XFAIL\n\nselenium.common.exceptions.TimeoutException: Message: Can't find element by locator ('xpath', '//a[text()=\"Упражнения\"]')\nStacktrace:\n#0 0x5625e1ecb02a <unknown>\n#1 0x5625e196aa70 <unknown>\n#2 0x5625e19bc907 <unknown>\n#3 0x5625e19bcb01 <unknown>\n#4 0x5625e1a0ad54 <unknown>\n#5 0x5625e19e240d <unknown>\n#6 0x5625e1a0814f <unknown>\n#7 0x5625e19e21b3 <unknown>\n#8 0x5625e19ae59b <unknown>\n#9 0x5625e19af971 <unknown>\n#10 0x5625e1e901fb <unknown>\n#11 0x5625e1e93f49 <unknown>\n#12 0x5625e1e772d9 <unknown>\n#13 0x5625e1e94af8 <unknown>\n#14 0x5625e1e5bbbf <unknown>\n#15 0x5625e1eb80b8 <unknown>\n#16 0x5625e1eb8296 <unknown>\n#17 0x5625e1eca006 <unknown>\n#18 0x7fd5d9c9caa4 <unknown>\n#19 0x7fd5d9d29c3c <unknown>",
        "time" : {
          "start" : 1756757454005,
          "stop" : 1756757464342,
          "duration" : 10337
        }
      }, {
        "uid" : "482002589aa7c0bc",
        "reportUrl" : "https://Brain-up.github.io/auto-tests-python/672//#testresult/482002589aa7c0bc",
        "status" : "skipped",
        "statusDetails" : "XFAIL\n\nselenium.common.exceptions.TimeoutException: Message: Can't find element by locator ('xpath', '//a[text()=\"Упражнения\"]')\nStacktrace:\n#0 0x56171ff7002a <unknown>\n#1 0x56171fa0fa70 <unknown>\n#2 0x56171fa61907 <unknown>\n#3 0x56171fa61b01 <unknown>\n#4 0x56171faafd54 <unknown>\n#5 0x56171fa8740d <unknown>\n#6 0x56171faad14f <unknown>\n#7 0x56171fa871b3 <unknown>\n#8 0x56171fa5359b <unknown>\n#9 0x56171fa54971 <unknown>\n#10 0x56171ff351fb <unknown>\n#11 0x56171ff38f49 <unknown>\n#12 0x56171ff1c2d9 <unknown>\n#13 0x56171ff39af8 <unknown>\n#14 0x56171ff00bbf <unknown>\n#15 0x56171ff5d0b8 <unknown>\n#16 0x56171ff5d296 <unknown>\n#17 0x56171ff6f006 <unknown>\n#18 0x7efea749caa4 <unknown>\n#19 0x7efea7529c3c <unknown>",
        "time" : {
          "start" : 1756648749588,
          "stop" : 1756648759975,
          "duration" : 10387
        }
      }, {
        "uid" : "7f32dbca8b4f886c",
        "reportUrl" : "https://Brain-up.github.io/auto-tests-python/671//#testresult/7f32dbca8b4f886c",
        "status" : "skipped",
        "statusDetails" : "XFAIL\n\nselenium.common.exceptions.TimeoutException: Message: Can't find element by locator ('xpath', '//a[text()=\"Упражнения\"]')\nStacktrace:\n#0 0x55f4a784f02a <unknown>\n#1 0x55f4a72eea70 <unknown>\n#2 0x55f4a7340907 <unknown>\n#3 0x55f4a7340b01 <unknown>\n#4 0x55f4a738ed54 <unknown>\n#5 0x55f4a736640d <unknown>\n#6 0x55f4a738c14f <unknown>\n#7 0x55f4a73661b3 <unknown>\n#8 0x55f4a733259b <unknown>\n#9 0x55f4a7333971 <unknown>\n#10 0x55f4a78141fb <unknown>\n#11 0x55f4a7817f49 <unknown>\n#12 0x55f4a77fb2d9 <unknown>\n#13 0x55f4a7818af8 <unknown>\n#14 0x55f4a77dfbbf <unknown>\n#15 0x55f4a783c0b8 <unknown>\n#16 0x55f4a783c296 <unknown>\n#17 0x55f4a784e006 <unknown>\n#18 0x7f7da849caa4 <unknown>\n#19 0x7f7da8529c3c <unknown>",
        "time" : {
          "start" : 1756547850267,
          "stop" : 1756547860611,
          "duration" : 10344
        }
      }, {
        "uid" : "24b3e5f2de4631a",
        "reportUrl" : "https://Brain-up.github.io/auto-tests-python/670//#testresult/24b3e5f2de4631a",
        "status" : "skipped",
        "statusDetails" : "XFAIL\n\nselenium.common.exceptions.TimeoutException: Message: Can't find element by locator ('xpath', '//a[text()=\"Упражнения\"]')\nStacktrace:\n#0 0x56362250002a <unknown>\n#1 0x563621f9fa70 <unknown>\n#2 0x563621ff1907 <unknown>\n#3 0x563621ff1b01 <unknown>\n#4 0x56362203fd54 <unknown>\n#5 0x56362201740d <unknown>\n#6 0x56362203d14f <unknown>\n#7 0x5636220171b3 <unknown>\n#8 0x563621fe359b <unknown>\n#9 0x563621fe4971 <unknown>\n#10 0x5636224c51fb <unknown>\n#11 0x5636224c8f49 <unknown>\n#12 0x5636224ac2d9 <unknown>\n#13 0x5636224c9af8 <unknown>\n#14 0x563622490bbf <unknown>\n#15 0x5636224ed0b8 <unknown>\n#16 0x5636224ed296 <unknown>\n#17 0x5636224ff006 <unknown>\n#18 0x7f9cc789caa4 <unknown>\n#19 0x7f9cc7929c3c <unknown>",
        "time" : {
          "start" : 1756490221322,
          "stop" : 1756490231666,
          "duration" : 10344
        }
      }, {
        "uid" : "a04a36767e39b6d7",
        "reportUrl" : "https://Brain-up.github.io/auto-tests-python/670//#testresult/a04a36767e39b6d7",
        "status" : "skipped",
        "statusDetails" : "XFAIL\n\nselenium.common.exceptions.TimeoutException: Message: Can't find element by locator ('xpath', '//a[text()=\"Упражнения\"]')\nStacktrace:\n#0 0x564164d6702a <unknown>\n#1 0x564164806a70 <unknown>\n#2 0x564164858907 <unknown>\n#3 0x564164858b01 <unknown>\n#4 0x5641648a6d54 <unknown>\n#5 0x56416487e40d <unknown>\n#6 0x5641648a414f <unknown>\n#7 0x56416487e1b3 <unknown>\n#8 0x56416484a59b <unknown>\n#9 0x56416484b971 <unknown>\n#10 0x564164d2c1fb <unknown>\n#11 0x564164d2ff49 <unknown>\n#12 0x564164d132d9 <unknown>\n#13 0x564164d30af8 <unknown>\n#14 0x564164cf7bbf <unknown>\n#15 0x564164d540b8 <unknown>\n#16 0x564164d54296 <unknown>\n#17 0x564164d66006 <unknown>\n#18 0x7faee7a9caa4 <unknown>\n#19 0x7faee7b29c3c <unknown>",
        "time" : {
          "start" : 1756484649712,
          "stop" : 1756484660052,
          "duration" : 10340
        }
      }, {
        "uid" : "299196064c47334b",
        "reportUrl" : "https://Brain-up.github.io/auto-tests-python/669//#testresult/299196064c47334b",
        "status" : "skipped",
        "statusDetails" : "XFAIL\n\nselenium.common.exceptions.TimeoutException: Message: Can't find element by locator ('xpath', '//a[text()=\"Упражнения\"]')\nStacktrace:\n#0 0x55db46ed302a <unknown>\n#1 0x55db46972a70 <unknown>\n#2 0x55db469c4907 <unknown>\n#3 0x55db469c4b01 <unknown>\n#4 0x55db46a12d54 <unknown>\n#5 0x55db469ea40d <unknown>\n#6 0x55db46a1014f <unknown>\n#7 0x55db469ea1b3 <unknown>\n#8 0x55db469b659b <unknown>\n#9 0x55db469b7971 <unknown>\n#10 0x55db46e981fb <unknown>\n#11 0x55db46e9bf49 <unknown>\n#12 0x55db46e7f2d9 <unknown>\n#13 0x55db46e9caf8 <unknown>\n#14 0x55db46e63bbf <unknown>\n#15 0x55db46ec00b8 <unknown>\n#16 0x55db46ec0296 <unknown>\n#17 0x55db46ed2006 <unknown>\n#18 0x7ff38d69caa4 <unknown>\n#19 0x7ff38d729c3c <unknown>",
        "time" : {
          "start" : 1756373297443,
          "stop" : 1756373307772,
          "duration" : 10329
        }
      }, {
        "uid" : "3dcda2b2999dc345",
        "reportUrl" : "https://Brain-up.github.io/auto-tests-python/668//#testresult/3dcda2b2999dc345",
        "status" : "skipped",
        "statusDetails" : "XFAIL\n\nselenium.common.exceptions.TimeoutException: Message: Can't find element by locator ('xpath', '//a[text()=\"Упражнения\"]')\nStacktrace:\n#0 0x55f8a9c5901a <unknown>\n#1 0x55f8a96f8a70 <unknown>\n#2 0x55f8a974a907 <unknown>\n#3 0x55f8a974ab01 <unknown>\n#4 0x55f8a9798d54 <unknown>\n#5 0x55f8a977040d <unknown>\n#6 0x55f8a979614f <unknown>\n#7 0x55f8a97701b3 <unknown>\n#8 0x55f8a973c59b <unknown>\n#9 0x55f8a973d971 <unknown>\n#10 0x55f8a9c1e1eb <unknown>\n#11 0x55f8a9c21f39 <unknown>\n#12 0x55f8a9c052c9 <unknown>\n#13 0x55f8a9c22ae8 <unknown>\n#14 0x55f8a9be9baf <unknown>\n#15 0x55f8a9c460a8 <unknown>\n#16 0x55f8a9c46286 <unknown>\n#17 0x55f8a9c57ff6 <unknown>\n#18 0x7fe40789caa4 <unknown>\n#19 0x7fe407929c3c <unknown>",
        "time" : {
          "start" : 1756296803593,
          "stop" : 1756296813966,
          "duration" : 10373
        }
      }, {
        "uid" : "6d3c781a30433265",
        "reportUrl" : "https://Brain-up.github.io/auto-tests-python/667//#testresult/6d3c781a30433265",
        "status" : "skipped",
        "statusDetails" : "XFAIL\n\nselenium.common.exceptions.TimeoutException: Message: Can't find element by locator ('xpath', '//a[text()=\"Упражнения\"]')\nStacktrace:\n#0 0x56187aa7d01a <unknown>\n#1 0x56187a51ca70 <unknown>\n#2 0x56187a56e907 <unknown>\n#3 0x56187a56eb01 <unknown>\n#4 0x56187a5bcd54 <unknown>\n#5 0x56187a59440d <unknown>\n#6 0x56187a5ba14f <unknown>\n#7 0x56187a5941b3 <unknown>\n#8 0x56187a56059b <unknown>\n#9 0x56187a561971 <unknown>\n#10 0x56187aa421eb <unknown>\n#11 0x56187aa45f39 <unknown>\n#12 0x56187aa292c9 <unknown>\n#13 0x56187aa46ae8 <unknown>\n#14 0x56187aa0dbaf <unknown>\n#15 0x56187aa6a0a8 <unknown>\n#16 0x56187aa6a286 <unknown>\n#17 0x56187aa7bff6 <unknown>\n#18 0x7f19a9e9caa4 <unknown>\n#19 0x7f19a9f29c3c <unknown>",
        "time" : {
          "start" : 1756203666215,
          "stop" : 1756203676571,
          "duration" : 10356
        }
      }, {
        "uid" : "1b41180ee0e562cd",
        "reportUrl" : "https://Brain-up.github.io/auto-tests-python/666//#testresult/1b41180ee0e562cd",
        "status" : "skipped",
        "statusDetails" : "XFAIL\n\nselenium.common.exceptions.TimeoutException: Message: Can't find element by locator ('xpath', '//a[text()=\"Упражнения\"]')\nStacktrace:\n#0 0x557e1099d01a <unknown>\n#1 0x557e1043ca70 <unknown>\n#2 0x557e1048e907 <unknown>\n#3 0x557e1048eb01 <unknown>\n#4 0x557e104dcd54 <unknown>\n#5 0x557e104b440d <unknown>\n#6 0x557e104da14f <unknown>\n#7 0x557e104b41b3 <unknown>\n#8 0x557e1048059b <unknown>\n#9 0x557e10481971 <unknown>\n#10 0x557e109621eb <unknown>\n#11 0x557e10965f39 <unknown>\n#12 0x557e109492c9 <unknown>\n#13 0x557e10966ae8 <unknown>\n#14 0x557e1092dbaf <unknown>\n#15 0x557e1098a0a8 <unknown>\n#16 0x557e1098a286 <unknown>\n#17 0x557e1099bff6 <unknown>\n#18 0x7f227ba9caa4 <unknown>\n#19 0x7f227bb29c3c <unknown>",
        "time" : {
          "start" : 1756119493514,
          "stop" : 1756119503862,
          "duration" : 10348
        }
      }, {
        "uid" : "e4b16253dee03e96",
        "reportUrl" : "https://Brain-up.github.io/auto-tests-python/665//#testresult/e4b16253dee03e96",
        "status" : "skipped",
        "statusDetails" : "XFAIL\n\nselenium.common.exceptions.TimeoutException: Message: Can't find element by locator ('xpath', '//a[text()=\"Упражнения\"]')\nStacktrace:\n#0 0x55aaa008601a <unknown>\n#1 0x55aa9fb25a70 <unknown>\n#2 0x55aa9fb77907 <unknown>\n#3 0x55aa9fb77b01 <unknown>\n#4 0x55aa9fbc5d54 <unknown>\n#5 0x55aa9fb9d40d <unknown>\n#6 0x55aa9fbc314f <unknown>\n#7 0x55aa9fb9d1b3 <unknown>\n#8 0x55aa9fb6959b <unknown>\n#9 0x55aa9fb6a971 <unknown>\n#10 0x55aaa004b1eb <unknown>\n#11 0x55aaa004ef39 <unknown>\n#12 0x55aaa00322c9 <unknown>\n#13 0x55aaa004fae8 <unknown>\n#14 0x55aaa0016baf <unknown>\n#15 0x55aaa00730a8 <unknown>\n#16 0x55aaa0073286 <unknown>\n#17 0x55aaa0084ff6 <unknown>\n#18 0x7f1f2529caa4 <unknown>\n#19 0x7f1f25329c3c <unknown>",
        "time" : {
          "start" : 1756035066441,
          "stop" : 1756035076772,
          "duration" : 10331
        }
      }, {
        "uid" : "2fafc13b0dd2a3da",
        "reportUrl" : "https://Brain-up.github.io/auto-tests-python/664//#testresult/2fafc13b0dd2a3da",
        "status" : "skipped",
        "statusDetails" : "XFAIL\n\nselenium.common.exceptions.TimeoutException: Message: Can't find element by locator ('xpath', '//a[text()=\"Упражнения\"]')\nStacktrace:\n#0 0x55dfc607b01a <unknown>\n#1 0x55dfc5b1aa70 <unknown>\n#2 0x55dfc5b6c907 <unknown>\n#3 0x55dfc5b6cb01 <unknown>\n#4 0x55dfc5bbad54 <unknown>\n#5 0x55dfc5b9240d <unknown>\n#6 0x55dfc5bb814f <unknown>\n#7 0x55dfc5b921b3 <unknown>\n#8 0x55dfc5b5e59b <unknown>\n#9 0x55dfc5b5f971 <unknown>\n#10 0x55dfc60401eb <unknown>\n#11 0x55dfc6043f39 <unknown>\n#12 0x55dfc60272c9 <unknown>\n#13 0x55dfc6044ae8 <unknown>\n#14 0x55dfc600bbaf <unknown>\n#15 0x55dfc60680a8 <unknown>\n#16 0x55dfc6068286 <unknown>\n#17 0x55dfc6079ff6 <unknown>\n#18 0x7f932ae9caa4 <unknown>\n#19 0x7f932af29c3c <unknown>",
        "time" : {
          "start" : 1755947417255,
          "stop" : 1755947427597,
          "duration" : 10342
        }
      }, {
        "uid" : "328ae89f282498de",
        "reportUrl" : "https://Brain-up.github.io/auto-tests-python/663//#testresult/328ae89f282498de",
        "status" : "skipped",
        "statusDetails" : "XFAIL\n\nselenium.common.exceptions.TimeoutException: Message: Can't find element by locator ('xpath', '//a[text()=\"Упражнения\"]')\nStacktrace:\n#0 0x5568052d901a <unknown>\n#1 0x556804d78a70 <unknown>\n#2 0x556804dca907 <unknown>\n#3 0x556804dcab01 <unknown>\n#4 0x556804e18d54 <unknown>\n#5 0x556804df040d <unknown>\n#6 0x556804e1614f <unknown>\n#7 0x556804df01b3 <unknown>\n#8 0x556804dbc59b <unknown>\n#9 0x556804dbd971 <unknown>\n#10 0x55680529e1eb <unknown>\n#11 0x5568052a1f39 <unknown>\n#12 0x5568052852c9 <unknown>\n#13 0x5568052a2ae8 <unknown>\n#14 0x556805269baf <unknown>\n#15 0x5568052c60a8 <unknown>\n#16 0x5568052c6286 <unknown>\n#17 0x5568052d7ff6 <unknown>\n#18 0x7f9763c9caa4 <unknown>\n#19 0x7f9763d29c3c <unknown>",
        "time" : {
          "start" : 1755853737524,
          "stop" : 1755853747862,
          "duration" : 10338
        }
      } ]
    },
    "tags" : [ "@pytest.mark.xfail" ]
  },
  "source" : "d370ebcdc088743a.json",
  "parameterValues" : [ ]
}