{
  "uid" : "39e91659b7f69c25",
  "name" : "Solutions to a random task in the \"Слова Королёвой\" .",
  "fullName" : "tests.test_speech_exercises_ru.TestCardsRU#test_solve_koroleva_cards_ru",
  "historyId" : "c9fe4fbd9394e2fb5a6898be66ba433b",
  "time" : {
    "start" : 1747990962730,
    "stop" : 1747990982812,
    "duration" : 20082
  },
  "status" : "skipped",
  "statusMessage" : "XFAIL\n\nselenium.common.exceptions.TimeoutException: Message: Can't find element by locator ('xpath', '//a[text()=\"Упражнения\"]')\nStacktrace:\n#0 0x557d78f1278a <unknown>\n#1 0x557d789b50a0 <unknown>\n#2 0x557d78a069b0 <unknown>\n#3 0x557d78a06ba1 <unknown>\n#4 0x557d78a54ea4 <unknown>\n#5 0x557d78a2c3cd <unknown>\n#6 0x557d78a522a0 <unknown>\n#7 0x557d78a2c173 <unknown>\n#8 0x557d789f8d4b <unknown>\n#9 0x557d789f99b1 <unknown>\n#10 0x557d78ed793b <unknown>\n#11 0x557d78edb83a <unknown>\n#12 0x557d78ebf692 <unknown>\n#13 0x557d78edc3c4 <unknown>\n#14 0x557d78ea44cf <unknown>\n#15 0x557d78f00568 <unknown>\n#16 0x557d78f00746 <unknown>\n#17 0x557d78f115f6 <unknown>\n#18 0x7ffb5d49caa4 <unknown>\n#19 0x7ffb5d529c3c <unknown>",
  "statusTrace" : "self = <tests.test_speech_exercises_ru.TestCardsRU object at 0x7f3eeedb7e90>\ndriver = <selenium.webdriver.chrome.webdriver.WebDriver (session=\"11e7777b1eebe051e0f309d01c901ec5\")>\ndefault_user_authorized = None\n\n    @pytest.mark.xfail\n    @allure.suite(\"Речевые упражнения.\")\n    @allure.title('Solutions to a random task in the \"Слова Королёвой\" .')\n    def test_solve_koroleva_cards_ru(self, driver, default_user_authorized):\n        page = SpeechExercisesPageRU(driver)\n>       page.click_button_exercises()\n\ntests/test_speech_exercises_ru.py:144: \n_ _ _ _ _ _ _ _ _ _ _ _ _ _ _ _ _ _ _ _ _ _ _ _ _ _ _ _ _ _ _ _ _ _ _ _ _ _ _ _ \npages/speech_exercises_page_ru.py:199: in click_button_exercises\n    button = self.element_is_present_and_clickable(self.locators.AuthorizedUserHomePageLocators.BUTTON_EXERCISES_RU)\npages/base_page.py:40: in element_is_present_and_clickable\n    return (Wait(self.driver, self.timeout).until(\n_ _ _ _ _ _ _ _ _ _ _ _ _ _ _ _ _ _ _ _ _ _ _ _ _ _ _ _ _ _ _ _ _ _ _ _ _ _ _ _ \n\nself = <selenium.webdriver.support.wait.WebDriverWait (session=\"11e7777b1eebe051e0f309d01c901ec5\")>\nmethod = <function visibility_of_element_located.<locals>._predicate at 0x7f3eeec144a0>\nmessage = 'Can\\'t find element by locator (\\'xpath\\', \\'//a[text()=\"Упражнения\"]\\')'\n\n    def until(self, method, message: str = \"\"):\n        \"\"\"Calls the method provided with the driver as an argument until the \\\n        return value does not evaluate to ``False``.\n    \n        :param method: callable(WebDriver)\n        :param message: optional message for :exc:`TimeoutException`\n        :returns: the result of the last call to `method`\n        :raises: :exc:`selenium.common.exceptions.TimeoutException` if timeout occurs\n        \"\"\"\n        screen = None\n        stacktrace = None\n    \n        end_time = time.monotonic() + self._timeout\n        while True:\n            try:\n                value = method(self._driver)\n                if value:\n                    return value\n            except self._ignored_exceptions as exc:\n                screen = getattr(exc, \"screen\", None)\n                stacktrace = getattr(exc, \"stacktrace\", None)\n            time.sleep(self._poll)\n            if time.monotonic() > end_time:\n                break\n>       raise TimeoutException(message, screen, stacktrace)\nE       selenium.common.exceptions.TimeoutException: Message: Can't find element by locator ('xpath', '//a[text()=\"Упражнения\"]')\nE       Stacktrace:\nE       #0 0x557d78f1278a <unknown>\nE       #1 0x557d789b50a0 <unknown>\nE       #2 0x557d78a069b0 <unknown>\nE       #3 0x557d78a06ba1 <unknown>\nE       #4 0x557d78a54ea4 <unknown>\nE       #5 0x557d78a2c3cd <unknown>\nE       #6 0x557d78a522a0 <unknown>\nE       #7 0x557d78a2c173 <unknown>\nE       #8 0x557d789f8d4b <unknown>\nE       #9 0x557d789f99b1 <unknown>\nE       #10 0x557d78ed793b <unknown>\nE       #11 0x557d78edb83a <unknown>\nE       #12 0x557d78ebf692 <unknown>\nE       #13 0x557d78edc3c4 <unknown>\nE       #14 0x557d78ea44cf <unknown>\nE       #15 0x557d78f00568 <unknown>\nE       #16 0x557d78f00746 <unknown>\nE       #17 0x557d78f115f6 <unknown>\nE       #18 0x7ffb5d49caa4 <unknown>\nE       #19 0x7ffb5d529c3c <unknown>\n\n/opt/hostedtoolcache/Python/3.12.10/x64/lib/python3.12/site-packages/selenium/webdriver/support/wait.py:95: TimeoutException",
  "flaky" : false,
  "newFailed" : false,
  "beforeStages" : [ {
    "name" : "main_page_open",
    "time" : {
      "start" : 1747990957104,
      "stop" : 1747990959790,
      "duration" : 2686
    },
    "status" : "passed",
    "steps" : [ {
      "name" : "Open page: https://www.brainup.site/",
      "time" : {
        "start" : 1747990957104,
        "stop" : 1747990959790,
        "duration" : 2686
      },
      "status" : "passed",
      "steps" : [ ],
      "attachments" : [ ],
      "parameters" : [ {
        "name" : "driver",
        "value" : "<selenium.webdriver.chrome.webdriver.WebDriver (session=\"11e7777b1eebe051e0f309d01c901ec5\")>"
      } ],
      "stepsCount" : 0,
      "attachmentsCount" : 0,
      "shouldDisplayMessage" : false,
      "hasContent" : true
    } ],
    "attachments" : [ ],
    "parameters" : [ ],
    "stepsCount" : 1,
    "attachmentsCount" : 0,
    "shouldDisplayMessage" : false,
    "hasContent" : true
  }, {
    "name" : "default_user_authorized",
    "time" : {
      "start" : 1747990959790,
      "stop" : 1747990962730,
      "duration" : 2940
    },
    "status" : "passed",
    "steps" : [ {
      "name" : "DEFAULT user authorized",
      "time" : {
        "start" : 1747990959790,
        "stop" : 1747990962730,
        "duration" : 2940
      },
      "status" : "passed",
      "steps" : [ {
        "name" : "Check url is present: https://www.brainup.site/groups",
        "time" : {
          "start" : 1747990960187,
          "stop" : 1747990962707,
          "duration" : 2520
        },
        "status" : "passed",
        "steps" : [ ],
        "attachments" : [ ],
        "parameters" : [ ],
        "stepsCount" : 0,
        "attachmentsCount" : 0,
        "shouldDisplayMessage" : false,
        "hasContent" : false
      }, {
        "name" : "Loader checking",
        "time" : {
          "start" : 1747990962708,
          "stop" : 1747990962730,
          "duration" : 22
        },
        "status" : "passed",
        "steps" : [ ],
        "attachments" : [ ],
        "parameters" : [ ],
        "stepsCount" : 0,
        "attachmentsCount" : 0,
        "shouldDisplayMessage" : false,
        "hasContent" : false
      } ],
      "attachments" : [ ],
      "parameters" : [ {
        "name" : "driver",
        "value" : "<selenium.webdriver.chrome.webdriver.WebDriver (session=\"11e7777b1eebe051e0f309d01c901ec5\")>"
      }, {
        "name" : "main_page_open",
        "value" : "None"
      } ],
      "stepsCount" : 2,
      "attachmentsCount" : 0,
      "shouldDisplayMessage" : false,
      "hasContent" : true
    } ],
    "attachments" : [ ],
    "parameters" : [ ],
    "stepsCount" : 3,
    "attachmentsCount" : 0,
    "shouldDisplayMessage" : false,
    "hasContent" : true
  }, {
    "name" : "clear_allure_results_folder",
    "time" : {
      "start" : 1747989605474,
      "stop" : 1747989605475,
      "duration" : 1
    },
    "status" : "passed",
    "steps" : [ ],
    "attachments" : [ ],
    "parameters" : [ ],
    "stepsCount" : 0,
    "attachmentsCount" : 0,
    "shouldDisplayMessage" : false,
    "hasContent" : false
  }, {
    "name" : "driver",
    "time" : {
      "start" : 1747990956272,
      "stop" : 1747990957104,
      "duration" : 832
    },
    "status" : "passed",
    "steps" : [ ],
    "attachments" : [ ],
    "parameters" : [ ],
    "stepsCount" : 0,
    "attachmentsCount" : 0,
    "shouldDisplayMessage" : false,
    "hasContent" : false
  } ],
  "testStage" : {
    "status" : "skipped",
    "statusMessage" : "XFAIL\n\nselenium.common.exceptions.TimeoutException: Message: Can't find element by locator ('xpath', '//a[text()=\"Упражнения\"]')\nStacktrace:\n#0 0x557d78f1278a <unknown>\n#1 0x557d789b50a0 <unknown>\n#2 0x557d78a069b0 <unknown>\n#3 0x557d78a06ba1 <unknown>\n#4 0x557d78a54ea4 <unknown>\n#5 0x557d78a2c3cd <unknown>\n#6 0x557d78a522a0 <unknown>\n#7 0x557d78a2c173 <unknown>\n#8 0x557d789f8d4b <unknown>\n#9 0x557d789f99b1 <unknown>\n#10 0x557d78ed793b <unknown>\n#11 0x557d78edb83a <unknown>\n#12 0x557d78ebf692 <unknown>\n#13 0x557d78edc3c4 <unknown>\n#14 0x557d78ea44cf <unknown>\n#15 0x557d78f00568 <unknown>\n#16 0x557d78f00746 <unknown>\n#17 0x557d78f115f6 <unknown>\n#18 0x7ffb5d49caa4 <unknown>\n#19 0x7ffb5d529c3c <unknown>",
    "statusTrace" : "self = <tests.test_speech_exercises_ru.TestCardsRU object at 0x7f3eeedb7e90>\ndriver = <selenium.webdriver.chrome.webdriver.WebDriver (session=\"11e7777b1eebe051e0f309d01c901ec5\")>\ndefault_user_authorized = None\n\n    @pytest.mark.xfail\n    @allure.suite(\"Речевые упражнения.\")\n    @allure.title('Solutions to a random task in the \"Слова Королёвой\" .')\n    def test_solve_koroleva_cards_ru(self, driver, default_user_authorized):\n        page = SpeechExercisesPageRU(driver)\n>       page.click_button_exercises()\n\ntests/test_speech_exercises_ru.py:144: \n_ _ _ _ _ _ _ _ _ _ _ _ _ _ _ _ _ _ _ _ _ _ _ _ _ _ _ _ _ _ _ _ _ _ _ _ _ _ _ _ \npages/speech_exercises_page_ru.py:199: in click_button_exercises\n    button = self.element_is_present_and_clickable(self.locators.AuthorizedUserHomePageLocators.BUTTON_EXERCISES_RU)\npages/base_page.py:40: in element_is_present_and_clickable\n    return (Wait(self.driver, self.timeout).until(\n_ _ _ _ _ _ _ _ _ _ _ _ _ _ _ _ _ _ _ _ _ _ _ _ _ _ _ _ _ _ _ _ _ _ _ _ _ _ _ _ \n\nself = <selenium.webdriver.support.wait.WebDriverWait (session=\"11e7777b1eebe051e0f309d01c901ec5\")>\nmethod = <function visibility_of_element_located.<locals>._predicate at 0x7f3eeec144a0>\nmessage = 'Can\\'t find element by locator (\\'xpath\\', \\'//a[text()=\"Упражнения\"]\\')'\n\n    def until(self, method, message: str = \"\"):\n        \"\"\"Calls the method provided with the driver as an argument until the \\\n        return value does not evaluate to ``False``.\n    \n        :param method: callable(WebDriver)\n        :param message: optional message for :exc:`TimeoutException`\n        :returns: the result of the last call to `method`\n        :raises: :exc:`selenium.common.exceptions.TimeoutException` if timeout occurs\n        \"\"\"\n        screen = None\n        stacktrace = None\n    \n        end_time = time.monotonic() + self._timeout\n        while True:\n            try:\n                value = method(self._driver)\n                if value:\n                    return value\n            except self._ignored_exceptions as exc:\n                screen = getattr(exc, \"screen\", None)\n                stacktrace = getattr(exc, \"stacktrace\", None)\n            time.sleep(self._poll)\n            if time.monotonic() > end_time:\n                break\n>       raise TimeoutException(message, screen, stacktrace)\nE       selenium.common.exceptions.TimeoutException: Message: Can't find element by locator ('xpath', '//a[text()=\"Упражнения\"]')\nE       Stacktrace:\nE       #0 0x557d78f1278a <unknown>\nE       #1 0x557d789b50a0 <unknown>\nE       #2 0x557d78a069b0 <unknown>\nE       #3 0x557d78a06ba1 <unknown>\nE       #4 0x557d78a54ea4 <unknown>\nE       #5 0x557d78a2c3cd <unknown>\nE       #6 0x557d78a522a0 <unknown>\nE       #7 0x557d78a2c173 <unknown>\nE       #8 0x557d789f8d4b <unknown>\nE       #9 0x557d789f99b1 <unknown>\nE       #10 0x557d78ed793b <unknown>\nE       #11 0x557d78edb83a <unknown>\nE       #12 0x557d78ebf692 <unknown>\nE       #13 0x557d78edc3c4 <unknown>\nE       #14 0x557d78ea44cf <unknown>\nE       #15 0x557d78f00568 <unknown>\nE       #16 0x557d78f00746 <unknown>\nE       #17 0x557d78f115f6 <unknown>\nE       #18 0x7ffb5d49caa4 <unknown>\nE       #19 0x7ffb5d529c3c <unknown>\n\n/opt/hostedtoolcache/Python/3.12.10/x64/lib/python3.12/site-packages/selenium/webdriver/support/wait.py:95: TimeoutException",
    "steps" : [ {
      "name" : "Click button \"Упражнения\".",
      "time" : {
        "start" : 1747990962730,
        "stop" : 1747990982811,
        "duration" : 20081
      },
      "status" : "broken",
      "statusMessage" : "selenium.common.exceptions.TimeoutException: Message: Can't find element by locator ('xpath', '//a[text()=\"Упражнения\"]')\nStacktrace:\n#0 0x557d78f1278a <unknown>\n#1 0x557d789b50a0 <unknown>\n#2 0x557d78a069b0 <unknown>\n#3 0x557d78a06ba1 <unknown>\n#4 0x557d78a54ea4 <unknown>\n#5 0x557d78a2c3cd <unknown>\n#6 0x557d78a522a0 <unknown>\n#7 0x557d78a2c173 <unknown>\n#8 0x557d789f8d4b <unknown>\n#9 0x557d789f99b1 <unknown>\n#10 0x557d78ed793b <unknown>\n#11 0x557d78edb83a <unknown>\n#12 0x557d78ebf692 <unknown>\n#13 0x557d78edc3c4 <unknown>\n#14 0x557d78ea44cf <unknown>\n#15 0x557d78f00568 <unknown>\n#16 0x557d78f00746 <unknown>\n#17 0x557d78f115f6 <unknown>\n#18 0x7ffb5d49caa4 <unknown>\n#19 0x7ffb5d529c3c <unknown>\n\n",
      "statusTrace" : "  File \"/opt/hostedtoolcache/Python/3.12.10/x64/lib/python3.12/site-packages/allure_commons/_allure.py\", line 192, in impl\n    return func(*a, **kw)\n           ^^^^^^^^^^^^^^\n  File \"/home/runner/work/auto-tests-python/auto-tests-python/pages/speech_exercises_page_ru.py\", line 199, in click_button_exercises\n    button = self.element_is_present_and_clickable(self.locators.AuthorizedUserHomePageLocators.BUTTON_EXERCISES_RU)\n             ^^^^^^^^^^^^^^^^^^^^^^^^^^^^^^^^^^^^^^^^^^^^^^^^^^^^^^^^^^^^^^^^^^^^^^^^^^^^^^^^^^^^^^^^^^^^^^^^^^^^^^^\n  File \"/home/runner/work/auto-tests-python/auto-tests-python/pages/base_page.py\", line 40, in element_is_present_and_clickable\n    return (Wait(self.driver, self.timeout).until(\n            ^^^^^^^^^^^^^^^^^^^^^^^^^^^^^^^^^^^^^^\n  File \"/opt/hostedtoolcache/Python/3.12.10/x64/lib/python3.12/site-packages/selenium/webdriver/support/wait.py\", line 95, in until\n    raise TimeoutException(message, screen, stacktrace)\n",
      "steps" : [ {
        "name" : "Click button \"RU\".",
        "time" : {
          "start" : 1747990962730,
          "stop" : 1747990962800,
          "duration" : 70
        },
        "status" : "passed",
        "steps" : [ ],
        "attachments" : [ ],
        "parameters" : [ ],
        "stepsCount" : 0,
        "attachmentsCount" : 0,
        "shouldDisplayMessage" : false,
        "hasContent" : false
      } ],
      "attachments" : [ ],
      "parameters" : [ ],
      "stepsCount" : 1,
      "attachmentsCount" : 0,
      "shouldDisplayMessage" : true,
      "hasContent" : true
    } ],
    "attachments" : [ ],
    "parameters" : [ ],
    "stepsCount" : 2,
    "attachmentsCount" : 0,
    "shouldDisplayMessage" : true,
    "hasContent" : true
  },
  "afterStages" : [ {
    "name" : "driver::0",
    "time" : {
      "start" : 1747990982827,
      "stop" : 1747990982895,
      "duration" : 68
    },
    "status" : "passed",
    "steps" : [ ],
    "attachments" : [ ],
    "parameters" : [ ],
    "stepsCount" : 0,
    "attachmentsCount" : 0,
    "shouldDisplayMessage" : false,
    "hasContent" : false
  } ],
  "labels" : [ {
    "name" : "suite",
    "value" : "Речевые упражнения."
  }, {
    "name" : "epic",
    "value" : "Speech exercises."
  }, {
    "name" : "tag",
    "value" : "@pytest.mark.xfail"
  }, {
    "name" : "parentSuite",
    "value" : "tests"
  }, {
    "name" : "subSuite",
    "value" : "TestCardsRU"
  }, {
    "name" : "host",
    "value" : "pkrvmf6wy0o8zjz"
  }, {
    "name" : "thread",
    "value" : "2520-MainThread"
  }, {
    "name" : "framework",
    "value" : "pytest"
  }, {
    "name" : "language",
    "value" : "cpython3"
  }, {
    "name" : "package",
    "value" : "tests.test_speech_exercises_ru"
  }, {
    "name" : "resultFormat",
    "value" : "allure2"
  } ],
  "parameters" : [ ],
  "links" : [ ],
  "hidden" : false,
  "retry" : false,
  "extra" : {
    "severity" : "normal",
    "retries" : [ ],
    "categories" : [ ],
    "history" : {
      "statistic" : {
        "failed" : 0,
        "broken" : 0,
        "skipped" : 77,
        "passed" : 94,
        "unknown" : 0,
        "total" : 171
      },
      "items" : [ {
        "uid" : "d896a221516024f3",
        "reportUrl" : "https://Brain-up.github.io/auto-tests-python/373//#testresult/d896a221516024f3",
        "status" : "skipped",
        "statusDetails" : "XFAIL\n\nselenium.common.exceptions.TimeoutException: Message: Can't find element by locator ('xpath', '//a[text()=\"Упражнения\"]')\nStacktrace:\n#0 0x56288612b78a <unknown>\n#1 0x562885bce0a0 <unknown>\n#2 0x562885c1f9b0 <unknown>\n#3 0x562885c1fba1 <unknown>\n#4 0x562885c6dea4 <unknown>\n#5 0x562885c453cd <unknown>\n#6 0x562885c6b2a0 <unknown>\n#7 0x562885c45173 <unknown>\n#8 0x562885c11d4b <unknown>\n#9 0x562885c129b1 <unknown>\n#10 0x5628860f093b <unknown>\n#11 0x5628860f483a <unknown>\n#12 0x5628860d8692 <unknown>\n#13 0x5628860f53c4 <unknown>\n#14 0x5628860bd4cf <unknown>\n#15 0x562886119568 <unknown>\n#16 0x562886119746 <unknown>\n#17 0x56288612a5f6 <unknown>\n#18 0x7f4a5d69caa4 <unknown>\n#19 0x7f4a5d729c3c <unknown>",
        "time" : {
          "start" : 1747963802621,
          "stop" : 1747963823194,
          "duration" : 20573
        }
      }, {
        "uid" : "7038b9043d360390",
        "reportUrl" : "https://Brain-up.github.io/auto-tests-python/577//#testresult/7038b9043d360390",
        "status" : "skipped",
        "statusDetails" : "XFAIL\n\nselenium.common.exceptions.TimeoutException: Message: Can't find element by locator ('xpath', '//a[text()=\"Упражнения\"]')\nStacktrace:\n#0 0x55b60f95178a <unknown>\n#1 0x55b60f3f40a0 <unknown>\n#2 0x55b60f4459b0 <unknown>\n#3 0x55b60f445ba1 <unknown>\n#4 0x55b60f493ea4 <unknown>\n#5 0x55b60f46b3cd <unknown>\n#6 0x55b60f4912a0 <unknown>\n#7 0x55b60f46b173 <unknown>\n#8 0x55b60f437d4b <unknown>\n#9 0x55b60f4389b1 <unknown>\n#10 0x55b60f91693b <unknown>\n#11 0x55b60f91a83a <unknown>\n#12 0x55b60f8fe692 <unknown>\n#13 0x55b60f91b3c4 <unknown>\n#14 0x55b60f8e34cf <unknown>\n#15 0x55b60f93f568 <unknown>\n#16 0x55b60f93f746 <unknown>\n#17 0x55b60f9505f6 <unknown>\n#18 0x7fd94d69caa4 <unknown>\n#19 0x7fd94d729c3c <unknown>",
        "time" : {
          "start" : 1747944064864,
          "stop" : 1747944084975,
          "duration" : 20111
        }
      }, {
        "uid" : "44b94ea9e1f9babb",
        "reportUrl" : "https://Brain-up.github.io/auto-tests-python/372//#testresult/44b94ea9e1f9babb",
        "status" : "skipped",
        "statusDetails" : "XFAIL\n\nselenium.common.exceptions.TimeoutException: Message: Can't find element by locator ('xpath', '//a[text()=\"Упражнения\"]')\nStacktrace:\n#0 0x55f98f6e978a <unknown>\n#1 0x55f98f18c0a0 <unknown>\n#2 0x55f98f1dd9b0 <unknown>\n#3 0x55f98f1ddba1 <unknown>\n#4 0x55f98f22bea4 <unknown>\n#5 0x55f98f2033cd <unknown>\n#6 0x55f98f2292a0 <unknown>\n#7 0x55f98f203173 <unknown>\n#8 0x55f98f1cfd4b <unknown>\n#9 0x55f98f1d09b1 <unknown>\n#10 0x55f98f6ae93b <unknown>\n#11 0x55f98f6b283a <unknown>\n#12 0x55f98f696692 <unknown>\n#13 0x55f98f6b33c4 <unknown>\n#14 0x55f98f67b4cf <unknown>\n#15 0x55f98f6d7568 <unknown>\n#16 0x55f98f6d7746 <unknown>\n#17 0x55f98f6e85f6 <unknown>\n#18 0x7f0a4d89caa4 <unknown>\n#19 0x7f0a4d929c3c <unknown>",
        "time" : {
          "start" : 1747877418240,
          "stop" : 1747877438320,
          "duration" : 20080
        }
      }, {
        "uid" : "430b1f722a1efebe",
        "reportUrl" : "https://Brain-up.github.io/auto-tests-python/576//#testresult/430b1f722a1efebe",
        "status" : "skipped",
        "statusDetails" : "XFAIL\n\nselenium.common.exceptions.TimeoutException: Message: Can't find element by locator ('xpath', '//a[text()=\"Упражнения\"]')\nStacktrace:\n#0 0x5582419b178a <unknown>\n#1 0x5582414540a0 <unknown>\n#2 0x5582414a59b0 <unknown>\n#3 0x5582414a5ba1 <unknown>\n#4 0x5582414f3ea4 <unknown>\n#5 0x5582414cb3cd <unknown>\n#6 0x5582414f12a0 <unknown>\n#7 0x5582414cb173 <unknown>\n#8 0x558241497d4b <unknown>\n#9 0x5582414989b1 <unknown>\n#10 0x55824197693b <unknown>\n#11 0x55824197a83a <unknown>\n#12 0x55824195e692 <unknown>\n#13 0x55824197b3c4 <unknown>\n#14 0x5582419434cf <unknown>\n#15 0x55824199f568 <unknown>\n#16 0x55824199f746 <unknown>\n#17 0x5582419b05f6 <unknown>\n#18 0x7f6a0a09caa4 <unknown>\n#19 0x7f6a0a129c3c <unknown>",
        "time" : {
          "start" : 1747853113328,
          "stop" : 1747853133453,
          "duration" : 20125
        }
      }, {
        "uid" : "e1e203e6b3c35aeb",
        "reportUrl" : "https://Brain-up.github.io/auto-tests-python/371//#testresult/e1e203e6b3c35aeb",
        "status" : "skipped",
        "statusDetails" : "XFAIL\n\nselenium.common.exceptions.TimeoutException: Message: Can't find element by locator ('xpath', '//a[text()=\"Упражнения\"]')\nStacktrace:\n#0 0x5581ddc2778a <unknown>\n#1 0x5581dd6ca0a0 <unknown>\n#2 0x5581dd71b9b0 <unknown>\n#3 0x5581dd71bba1 <unknown>\n#4 0x5581dd769ea4 <unknown>\n#5 0x5581dd7413cd <unknown>\n#6 0x5581dd7672a0 <unknown>\n#7 0x5581dd741173 <unknown>\n#8 0x5581dd70dd4b <unknown>\n#9 0x5581dd70e9b1 <unknown>\n#10 0x5581ddbec93b <unknown>\n#11 0x5581ddbf083a <unknown>\n#12 0x5581ddbd4692 <unknown>\n#13 0x5581ddbf13c4 <unknown>\n#14 0x5581ddbb94cf <unknown>\n#15 0x5581ddc15568 <unknown>\n#16 0x5581ddc15746 <unknown>\n#17 0x5581ddc265f6 <unknown>\n#18 0x7f032329caa4 <unknown>\n#19 0x7f0323329c3c <unknown>",
        "time" : {
          "start" : 1747791181509,
          "stop" : 1747791202086,
          "duration" : 20577
        }
      }, {
        "uid" : "801ab1085492b32e",
        "reportUrl" : "https://Brain-up.github.io/auto-tests-python/575//#testresult/801ab1085492b32e",
        "status" : "skipped",
        "statusDetails" : "XFAIL\n\nselenium.common.exceptions.TimeoutException: Message: Can't find element by locator ('xpath', '//a[text()=\"Упражнения\"]')\nStacktrace:\n#0 0x55efe3c3c78a <unknown>\n#1 0x55efe36df0a0 <unknown>\n#2 0x55efe37309b0 <unknown>\n#3 0x55efe3730ba1 <unknown>\n#4 0x55efe377eea4 <unknown>\n#5 0x55efe37563cd <unknown>\n#6 0x55efe377c2a0 <unknown>\n#7 0x55efe3756173 <unknown>\n#8 0x55efe3722d4b <unknown>\n#9 0x55efe37239b1 <unknown>\n#10 0x55efe3c0193b <unknown>\n#11 0x55efe3c0583a <unknown>\n#12 0x55efe3be9692 <unknown>\n#13 0x55efe3c063c4 <unknown>\n#14 0x55efe3bce4cf <unknown>\n#15 0x55efe3c2a568 <unknown>\n#16 0x55efe3c2a746 <unknown>\n#17 0x55efe3c3b5f6 <unknown>\n#18 0x7f5f9849caa4 <unknown>\n#19 0x7f5f98529c3c <unknown>",
        "time" : {
          "start" : 1747772317125,
          "stop" : 1747772337203,
          "duration" : 20078
        }
      }, {
        "uid" : "cac8c5bfcc36f50",
        "reportUrl" : "https://Brain-up.github.io/auto-tests-python/370//#testresult/cac8c5bfcc36f50",
        "status" : "skipped",
        "statusDetails" : "XFAIL\n\nselenium.common.exceptions.TimeoutException: Message: Can't find element by locator ('xpath', '//a[text()=\"Упражнения\"]')\nStacktrace:\n#0 0x55fbd435178a <unknown>\n#1 0x55fbd3df40a0 <unknown>\n#2 0x55fbd3e459b0 <unknown>\n#3 0x55fbd3e45ba1 <unknown>\n#4 0x55fbd3e93ea4 <unknown>\n#5 0x55fbd3e6b3cd <unknown>\n#6 0x55fbd3e912a0 <unknown>\n#7 0x55fbd3e6b173 <unknown>\n#8 0x55fbd3e37d4b <unknown>\n#9 0x55fbd3e389b1 <unknown>\n#10 0x55fbd431693b <unknown>\n#11 0x55fbd431a83a <unknown>\n#12 0x55fbd42fe692 <unknown>\n#13 0x55fbd431b3c4 <unknown>\n#14 0x55fbd42e34cf <unknown>\n#15 0x55fbd433f568 <unknown>\n#16 0x55fbd433f746 <unknown>\n#17 0x55fbd43505f6 <unknown>\n#18 0x7f6fff09caa4 <unknown>\n#19 0x7f6fff129c3c <unknown>",
        "time" : {
          "start" : 1747704578466,
          "stop" : 1747704598585,
          "duration" : 20119
        }
      }, {
        "uid" : "6c88df21c5e7565e",
        "reportUrl" : "https://Brain-up.github.io/auto-tests-python/574//#testresult/6c88df21c5e7565e",
        "status" : "skipped",
        "statusDetails" : "XFAIL\n\nselenium.common.exceptions.TimeoutException: Message: Can't find element by locator ('xpath', '//a[text()=\"Упражнения\"]')\nStacktrace:\n#0 0x5649e925a78a <unknown>\n#1 0x5649e8cfd0a0 <unknown>\n#2 0x5649e8d4e9b0 <unknown>\n#3 0x5649e8d4eba1 <unknown>\n#4 0x5649e8d9cea4 <unknown>\n#5 0x5649e8d743cd <unknown>\n#6 0x5649e8d9a2a0 <unknown>\n#7 0x5649e8d74173 <unknown>\n#8 0x5649e8d40d4b <unknown>\n#9 0x5649e8d419b1 <unknown>\n#10 0x5649e921f93b <unknown>\n#11 0x5649e922383a <unknown>\n#12 0x5649e9207692 <unknown>\n#13 0x5649e92243c4 <unknown>\n#14 0x5649e91ec4cf <unknown>\n#15 0x5649e9248568 <unknown>\n#16 0x5649e9248746 <unknown>\n#17 0x5649e92595f6 <unknown>\n#18 0x7f484fc9caa4 <unknown>\n#19 0x7f484fd29c3c <unknown>",
        "time" : {
          "start" : 1747644272387,
          "stop" : 1747644292486,
          "duration" : 20099
        }
      }, {
        "uid" : "1459db5d1c117438",
        "reportUrl" : "https://Brain-up.github.io/auto-tests-python/369//#testresult/1459db5d1c117438",
        "status" : "skipped",
        "statusDetails" : "XFAIL\n\nselenium.common.exceptions.TimeoutException: Message: Can't find element by locator ('xpath', '//a[text()=\"Упражнения\"]')\nStacktrace:\n#0 0x5631f9eec78a <unknown>\n#1 0x5631f998f0a0 <unknown>\n#2 0x5631f99e09b0 <unknown>\n#3 0x5631f99e0ba1 <unknown>\n#4 0x5631f9a2eea4 <unknown>\n#5 0x5631f9a063cd <unknown>\n#6 0x5631f9a2c2a0 <unknown>\n#7 0x5631f9a06173 <unknown>\n#8 0x5631f99d2d4b <unknown>\n#9 0x5631f99d39b1 <unknown>\n#10 0x5631f9eb193b <unknown>\n#11 0x5631f9eb583a <unknown>\n#12 0x5631f9e99692 <unknown>\n#13 0x5631f9eb63c4 <unknown>\n#14 0x5631f9e7e4cf <unknown>\n#15 0x5631f9eda568 <unknown>\n#16 0x5631f9eda746 <unknown>\n#17 0x5631f9eeb5f6 <unknown>\n#18 0x7fbc2b69caa4 <unknown>\n#19 0x7fbc2b729c3c <unknown>",
        "time" : {
          "start" : 1747618460253,
          "stop" : 1747618480337,
          "duration" : 20084
        }
      }, {
        "uid" : "a922010762d19772",
        "reportUrl" : "https://Brain-up.github.io/auto-tests-python/573//#testresult/a922010762d19772",
        "status" : "skipped",
        "statusDetails" : "XFAIL\n\nselenium.common.exceptions.TimeoutException: Message: Can't find element by locator ('xpath', '//a[text()=\"Упражнения\"]')\nStacktrace:\n#0 0x55b661d6c78a <unknown>\n#1 0x55b66180f0a0 <unknown>\n#2 0x55b6618609b0 <unknown>\n#3 0x55b661860ba1 <unknown>\n#4 0x55b6618aeea4 <unknown>\n#5 0x55b6618863cd <unknown>\n#6 0x55b6618ac2a0 <unknown>\n#7 0x55b661886173 <unknown>\n#8 0x55b661852d4b <unknown>\n#9 0x55b6618539b1 <unknown>\n#10 0x55b661d3193b <unknown>\n#11 0x55b661d3583a <unknown>\n#12 0x55b661d19692 <unknown>\n#13 0x55b661d363c4 <unknown>\n#14 0x55b661cfe4cf <unknown>\n#15 0x55b661d5a568 <unknown>\n#16 0x55b661d5a746 <unknown>\n#17 0x55b661d6b5f6 <unknown>\n#18 0x7f8dc529caa4 <unknown>\n#19 0x7f8dc5329c3c <unknown>",
        "time" : {
          "start" : 1747593478995,
          "stop" : 1747593499074,
          "duration" : 20079
        }
      }, {
        "uid" : "ed6a50f76631e7dd",
        "reportUrl" : "https://Brain-up.github.io/auto-tests-python/368//#testresult/ed6a50f76631e7dd",
        "status" : "skipped",
        "statusDetails" : "XFAIL\n\nselenium.common.exceptions.TimeoutException: Message: Can't find element by locator ('xpath', '//a[text()=\"Упражнения\"]')\nStacktrace:\n#0 0x55e9e17c778a <unknown>\n#1 0x55e9e126a0a0 <unknown>\n#2 0x55e9e12bb9b0 <unknown>\n#3 0x55e9e12bbba1 <unknown>\n#4 0x55e9e1309ea4 <unknown>\n#5 0x55e9e12e13cd <unknown>\n#6 0x55e9e13072a0 <unknown>\n#7 0x55e9e12e1173 <unknown>\n#8 0x55e9e12add4b <unknown>\n#9 0x55e9e12ae9b1 <unknown>\n#10 0x55e9e178c93b <unknown>\n#11 0x55e9e179083a <unknown>\n#12 0x55e9e1774692 <unknown>\n#13 0x55e9e17913c4 <unknown>\n#14 0x55e9e17594cf <unknown>\n#15 0x55e9e17b5568 <unknown>\n#16 0x55e9e17b5746 <unknown>\n#17 0x55e9e17c65f6 <unknown>\n#18 0x7fbfbb89caa4 <unknown>\n#19 0x7fbfbb929c3c <unknown>",
        "time" : {
          "start" : 1747532068298,
          "stop" : 1747532088383,
          "duration" : 20085
        }
      }, {
        "uid" : "71e0677dc8678cc3",
        "reportUrl" : "https://Brain-up.github.io/auto-tests-python/572//#testresult/71e0677dc8678cc3",
        "status" : "skipped",
        "statusDetails" : "XFAIL\n\nselenium.common.exceptions.TimeoutException: Message: Can't find element by locator ('xpath', '//a[text()=\"Упражнения\"]')\nStacktrace:\n#0 0x55e97ff1c78a <unknown>\n#1 0x55e97f9bf0a0 <unknown>\n#2 0x55e97fa109b0 <unknown>\n#3 0x55e97fa10ba1 <unknown>\n#4 0x55e97fa5eea4 <unknown>\n#5 0x55e97fa363cd <unknown>\n#6 0x55e97fa5c2a0 <unknown>\n#7 0x55e97fa36173 <unknown>\n#8 0x55e97fa02d4b <unknown>\n#9 0x55e97fa039b1 <unknown>\n#10 0x55e97fee193b <unknown>\n#11 0x55e97fee583a <unknown>\n#12 0x55e97fec9692 <unknown>\n#13 0x55e97fee63c4 <unknown>\n#14 0x55e97feae4cf <unknown>\n#15 0x55e97ff0a568 <unknown>\n#16 0x55e97ff0a746 <unknown>\n#17 0x55e97ff1b5f6 <unknown>\n#18 0x7ff13429caa4 <unknown>\n#19 0x7ff134329c3c <unknown>",
        "time" : {
          "start" : 1747469385424,
          "stop" : 1747469405504,
          "duration" : 20080
        }
      }, {
        "uid" : "1bf61d0a756d6395",
        "reportUrl" : "https://Brain-up.github.io/auto-tests-python/367//#testresult/1bf61d0a756d6395",
        "status" : "skipped",
        "statusDetails" : "XFAIL\n\nselenium.common.exceptions.TimeoutException: Message: Can't find element by locator ('xpath', '//a[text()=\"Упражнения\"]')\nStacktrace:\n#0 0x559ecc0ed78a <unknown>\n#1 0x559ecbb900a0 <unknown>\n#2 0x559ecbbe19b0 <unknown>\n#3 0x559ecbbe1ba1 <unknown>\n#4 0x559ecbc2fea4 <unknown>\n#5 0x559ecbc073cd <unknown>\n#6 0x559ecbc2d2a0 <unknown>\n#7 0x559ecbc07173 <unknown>\n#8 0x559ecbbd3d4b <unknown>\n#9 0x559ecbbd49b1 <unknown>\n#10 0x559ecc0b293b <unknown>\n#11 0x559ecc0b683a <unknown>\n#12 0x559ecc09a692 <unknown>\n#13 0x559ecc0b73c4 <unknown>\n#14 0x559ecc07f4cf <unknown>\n#15 0x559ecc0db568 <unknown>\n#16 0x559ecc0db746 <unknown>\n#17 0x559ecc0ec5f6 <unknown>\n#18 0x7f68c509caa4 <unknown>\n#19 0x7f68c5129c3c <unknown>",
        "time" : {
          "start" : 1747445417818,
          "stop" : 1747445437922,
          "duration" : 20104
        }
      }, {
        "uid" : "2b66ffce21261ced",
        "reportUrl" : "https://Brain-up.github.io/auto-tests-python/571//#testresult/2b66ffce21261ced",
        "status" : "passed",
        "statusDetails" : "XPASS",
        "time" : {
          "start" : 1747413288181,
          "stop" : 1747413410989,
          "duration" : 122808
        }
      }, {
        "uid" : "9f06ecad2173d8b4",
        "reportUrl" : "https://Brain-up.github.io/auto-tests-python/366//#testresult/9f06ecad2173d8b4",
        "status" : "passed",
        "statusDetails" : "XPASS",
        "time" : {
          "start" : 1747359047763,
          "stop" : 1747359279608,
          "duration" : 231845
        }
      }, {
        "uid" : "19b47f3c75fd88ed",
        "reportUrl" : "https://Brain-up.github.io/auto-tests-python/570//#testresult/19b47f3c75fd88ed",
        "status" : "skipped",
        "statusDetails" : "XFAIL\n\nselenium.common.exceptions.TimeoutException: Message: Can't find element by locator ('xpath', '//a[text()=\"Упражнения\"]')\nStacktrace:\n#0 0x5571f77e775a <unknown>\n#1 0x5571f729a4b0 <unknown>\n#2 0x5571f72eb9b3 <unknown>\n#3 0x5571f72ebba1 <unknown>\n#4 0x5571f733a1f4 <unknown>\n#5 0x5571f73115bd <unknown>\n#6 0x5571f73375e0 <unknown>\n#7 0x5571f7311363 <unknown>\n#8 0x5571f72ddd63 <unknown>\n#9 0x5571f72de9c1 <unknown>\n#10 0x5571f77aca6b <unknown>\n#11 0x5571f77b0951 <unknown>\n#12 0x5571f7794b62 <unknown>\n#13 0x5571f77b14c4 <unknown>\n#14 0x5571f777913f <unknown>\n#15 0x5571f77d56f8 <unknown>\n#16 0x5571f77d58d6 <unknown>\n#17 0x5571f77e65a6 <unknown>\n#18 0x7ff9e329caa4 <unknown>\n#19 0x7ff9e3329c3c <unknown>",
        "time" : {
          "start" : 1747296641602,
          "stop" : 1747296661683,
          "duration" : 20081
        }
      }, {
        "uid" : "26b3df6621ebb341",
        "reportUrl" : "https://Brain-up.github.io/auto-tests-python/365//#testresult/26b3df6621ebb341",
        "status" : "skipped",
        "statusDetails" : "XFAIL\n\nselenium.common.exceptions.TimeoutException: Message: Can't find element by locator ('xpath', '//a[text()=\"Упражнения\"]')\nStacktrace:\n#0 0x55b77861075a <unknown>\n#1 0x55b7780c34b0 <unknown>\n#2 0x55b7781149b3 <unknown>\n#3 0x55b778114ba1 <unknown>\n#4 0x55b7781631f4 <unknown>\n#5 0x55b77813a5bd <unknown>\n#6 0x55b7781605e0 <unknown>\n#7 0x55b77813a363 <unknown>\n#8 0x55b778106d63 <unknown>\n#9 0x55b7781079c1 <unknown>\n#10 0x55b7785d5a6b <unknown>\n#11 0x55b7785d9951 <unknown>\n#12 0x55b7785bdb62 <unknown>\n#13 0x55b7785da4c4 <unknown>\n#14 0x55b7785a213f <unknown>\n#15 0x55b7785fe6f8 <unknown>\n#16 0x55b7785fe8d6 <unknown>\n#17 0x55b77860f5a6 <unknown>\n#18 0x7f38aa29caa4 <unknown>\n#19 0x7f38aa329c3c <unknown>",
        "time" : {
          "start" : 1747272371090,
          "stop" : 1747272391169,
          "duration" : 20079
        }
      }, {
        "uid" : "fdcd92ae9e5733f1",
        "reportUrl" : "https://Brain-up.github.io/auto-tests-python/569//#testresult/fdcd92ae9e5733f1",
        "status" : "skipped",
        "statusDetails" : "XFAIL\n\nselenium.common.exceptions.TimeoutException: Message: Can't find element by locator ('xpath', '//a[text()=\"Упражнения\"]')\nStacktrace:\n#0 0x55c272a6675a <unknown>\n#1 0x55c2725194b0 <unknown>\n#2 0x55c27256a9b3 <unknown>\n#3 0x55c27256aba1 <unknown>\n#4 0x55c2725b91f4 <unknown>\n#5 0x55c2725905bd <unknown>\n#6 0x55c2725b65e0 <unknown>\n#7 0x55c272590363 <unknown>\n#8 0x55c27255cd63 <unknown>\n#9 0x55c27255d9c1 <unknown>\n#10 0x55c272a2ba6b <unknown>\n#11 0x55c272a2f951 <unknown>\n#12 0x55c272a13b62 <unknown>\n#13 0x55c272a304c4 <unknown>\n#14 0x55c2729f813f <unknown>\n#15 0x55c272a546f8 <unknown>\n#16 0x55c272a548d6 <unknown>\n#17 0x55c272a655a6 <unknown>\n#18 0x7fa0c429caa4 <unknown>\n#19 0x7fa0c4329c3c <unknown>",
        "time" : {
          "start" : 1747247407178,
          "stop" : 1747247427271,
          "duration" : 20093
        }
      }, {
        "uid" : "437db5879854ab9a",
        "reportUrl" : "https://Brain-up.github.io/auto-tests-python/364//#testresult/437db5879854ab9a",
        "status" : "skipped",
        "statusDetails" : "XFAIL\n\nselenium.common.exceptions.TimeoutException: Message: Can't find element by locator ('xpath', '//a[text()=\"Упражнения\"]')\nStacktrace:\n#0 0x560ef022b75a <unknown>\n#1 0x560eefcde4b0 <unknown>\n#2 0x560eefd2f9b3 <unknown>\n#3 0x560eefd2fba1 <unknown>\n#4 0x560eefd7e1f4 <unknown>\n#5 0x560eefd555bd <unknown>\n#6 0x560eefd7b5e0 <unknown>\n#7 0x560eefd55363 <unknown>\n#8 0x560eefd21d63 <unknown>\n#9 0x560eefd229c1 <unknown>\n#10 0x560ef01f0a6b <unknown>\n#11 0x560ef01f4951 <unknown>\n#12 0x560ef01d8b62 <unknown>\n#13 0x560ef01f54c4 <unknown>\n#14 0x560ef01bd13f <unknown>\n#15 0x560ef02196f8 <unknown>\n#16 0x560ef02198d6 <unknown>\n#17 0x560ef022a5a6 <unknown>\n#18 0x7fadcf89caa4 <unknown>\n#19 0x7fadcf929c3c <unknown>",
        "time" : {
          "start" : 1747186397945,
          "stop" : 1747186418047,
          "duration" : 20102
        }
      }, {
        "uid" : "cd49e7f81c63d0c",
        "reportUrl" : "https://Brain-up.github.io/auto-tests-python/568//#testresult/cd49e7f81c63d0c",
        "status" : "skipped",
        "statusDetails" : "XFAIL\n\nselenium.common.exceptions.TimeoutException: Message: Can't find element by locator ('xpath', '//a[text()=\"Упражнения\"]')\nStacktrace:\n#0 0x5634a00977fa <unknown>\n#1 0x56349fb3be90 <unknown>\n#2 0x56349fb8d870 <unknown>\n#3 0x56349fb8da61 <unknown>\n#4 0x56349fbdbcb4 <unknown>\n#5 0x56349fbb326d <unknown>\n#6 0x56349fbd9135 <unknown>\n#7 0x56349fbb3013 <unknown>\n#8 0x56349fb7fb3b <unknown>\n#9 0x56349fb807a1 <unknown>\n#10 0x5634a005cb9b <unknown>\n#11 0x5634a0060a8a <unknown>\n#12 0x5634a0044912 <unknown>\n#13 0x5634a0061604 <unknown>\n#14 0x5634a002974f <unknown>\n#15 0x5634a0085678 <unknown>\n#16 0x5634a0085856 <unknown>\n#17 0x5634a0096666 <unknown>\n#18 0x7f0ee7c9caa4 <unknown>\n#19 0x7f0ee7d29c3c <unknown>",
        "time" : {
          "start" : 1747144305233,
          "stop" : 1747144325324,
          "duration" : 20091
        }
      } ]
    },
    "tags" : [ "@pytest.mark.xfail" ]
  },
  "source" : "39e91659b7f69c25.json",
  "parameterValues" : [ ]
}