{
  "uid" : "48817abde9dffb39",
  "name" : "Check progres-bar and buttons.",
  "fullName" : "tests.test_speech_exercises_en.TestCardsEN#test_progress_bar_is_present_en",
  "historyId" : "efb827312bdd34b296637645e49b0897",
  "time" : {
    "start" : 1747990765479,
    "stop" : 1747990785674,
    "duration" : 20195
  },
  "status" : "skipped",
  "statusMessage" : "XFAIL\n\nselenium.common.exceptions.TimeoutException: Message: Can't find element by locator ('xpath', '//button[@data-test-active-link=\"Words\"]')\nStacktrace:\n#0 0x555ef6da578a <unknown>\n#1 0x555ef68480a0 <unknown>\n#2 0x555ef68999b0 <unknown>\n#3 0x555ef6899ba1 <unknown>\n#4 0x555ef68e7ea4 <unknown>\n#5 0x555ef68bf3cd <unknown>\n#6 0x555ef68e52a0 <unknown>\n#7 0x555ef68bf173 <unknown>\n#8 0x555ef688bd4b <unknown>\n#9 0x555ef688c9b1 <unknown>\n#10 0x555ef6d6a93b <unknown>\n#11 0x555ef6d6e83a <unknown>\n#12 0x555ef6d52692 <unknown>\n#13 0x555ef6d6f3c4 <unknown>\n#14 0x555ef6d374cf <unknown>\n#15 0x555ef6d93568 <unknown>\n#16 0x555ef6d93746 <unknown>\n#17 0x555ef6da45f6 <unknown>\n#18 0x7f421f69caa4 <unknown>\n#19 0x7f421f729c3c <unknown>",
  "statusTrace" : "self = <tests.test_speech_exercises_en.TestCardsEN object at 0x7f3eeedb4cb0>\ndriver = <selenium.webdriver.chrome.webdriver.WebDriver (session=\"fa83abbb2f06b36a9b45773733a5666f\")>\nspecialist_user_authorized = None\n\n    @pytest.mark.xfail\n    @allure.suite(\"Speech exercises EN.\")\n    @allure.title('Check progres-bar and buttons.')\n    def test_progress_bar_is_present_en(self, driver, specialist_user_authorized):\n        page = SpeechExercisesPage(driver)\n>       page.select_group(SpeechExercisesPageLocators.WORDS_BUTTON_EN)\n\ntests/test_speech_exercises_en.py:34: \n_ _ _ _ _ _ _ _ _ _ _ _ _ _ _ _ _ _ _ _ _ _ _ _ _ _ _ _ _ _ _ _ _ _ _ _ _ _ _ _ \npages/speech_exercises_page_en.py:18: in select_group\n    text_of_the_button = self.element_is_present_and_clickable(selector_for_sub_group)\npages/base_page.py:40: in element_is_present_and_clickable\n    return (Wait(self.driver, self.timeout).until(\n_ _ _ _ _ _ _ _ _ _ _ _ _ _ _ _ _ _ _ _ _ _ _ _ _ _ _ _ _ _ _ _ _ _ _ _ _ _ _ _ \n\nself = <selenium.webdriver.support.wait.WebDriverWait (session=\"fa83abbb2f06b36a9b45773733a5666f\")>\nmethod = <function visibility_of_element_located.<locals>._predicate at 0x7f3eeec10900>\nmessage = 'Can\\'t find element by locator (\\'xpath\\', \\'//button[@data-test-active-link=\"Words\"]\\')'\n\n    def until(self, method, message: str = \"\"):\n        \"\"\"Calls the method provided with the driver as an argument until the \\\n        return value does not evaluate to ``False``.\n    \n        :param method: callable(WebDriver)\n        :param message: optional message for :exc:`TimeoutException`\n        :returns: the result of the last call to `method`\n        :raises: :exc:`selenium.common.exceptions.TimeoutException` if timeout occurs\n        \"\"\"\n        screen = None\n        stacktrace = None\n    \n        end_time = time.monotonic() + self._timeout\n        while True:\n            try:\n                value = method(self._driver)\n                if value:\n                    return value\n            except self._ignored_exceptions as exc:\n                screen = getattr(exc, \"screen\", None)\n                stacktrace = getattr(exc, \"stacktrace\", None)\n            time.sleep(self._poll)\n            if time.monotonic() > end_time:\n                break\n>       raise TimeoutException(message, screen, stacktrace)\nE       selenium.common.exceptions.TimeoutException: Message: Can't find element by locator ('xpath', '//button[@data-test-active-link=\"Words\"]')\nE       Stacktrace:\nE       #0 0x555ef6da578a <unknown>\nE       #1 0x555ef68480a0 <unknown>\nE       #2 0x555ef68999b0 <unknown>\nE       #3 0x555ef6899ba1 <unknown>\nE       #4 0x555ef68e7ea4 <unknown>\nE       #5 0x555ef68bf3cd <unknown>\nE       #6 0x555ef68e52a0 <unknown>\nE       #7 0x555ef68bf173 <unknown>\nE       #8 0x555ef688bd4b <unknown>\nE       #9 0x555ef688c9b1 <unknown>\nE       #10 0x555ef6d6a93b <unknown>\nE       #11 0x555ef6d6e83a <unknown>\nE       #12 0x555ef6d52692 <unknown>\nE       #13 0x555ef6d6f3c4 <unknown>\nE       #14 0x555ef6d374cf <unknown>\nE       #15 0x555ef6d93568 <unknown>\nE       #16 0x555ef6d93746 <unknown>\nE       #17 0x555ef6da45f6 <unknown>\nE       #18 0x7f421f69caa4 <unknown>\nE       #19 0x7f421f729c3c <unknown>\n\n/opt/hostedtoolcache/Python/3.12.10/x64/lib/python3.12/site-packages/selenium/webdriver/support/wait.py:95: TimeoutException",
  "flaky" : false,
  "newFailed" : false,
  "beforeStages" : [ {
    "name" : "specialist_user_authorized",
    "time" : {
      "start" : 1747990763025,
      "stop" : 1747990765479,
      "duration" : 2454
    },
    "status" : "passed",
    "steps" : [ {
      "name" : "USER specialist authorized",
      "time" : {
        "start" : 1747990763025,
        "stop" : 1747990765479,
        "duration" : 2454
      },
      "status" : "passed",
      "steps" : [ {
        "name" : "Check url is present: https://www.brainup.site/groups",
        "time" : {
          "start" : 1747990763436,
          "stop" : 1747990765454,
          "duration" : 2018
        },
        "status" : "passed",
        "steps" : [ ],
        "attachments" : [ ],
        "parameters" : [ ],
        "stepsCount" : 0,
        "attachmentsCount" : 0,
        "shouldDisplayMessage" : false,
        "hasContent" : false
      }, {
        "name" : "Loader checking",
        "time" : {
          "start" : 1747990765454,
          "stop" : 1747990765479,
          "duration" : 25
        },
        "status" : "passed",
        "steps" : [ ],
        "attachments" : [ ],
        "parameters" : [ ],
        "stepsCount" : 0,
        "attachmentsCount" : 0,
        "shouldDisplayMessage" : false,
        "hasContent" : false
      } ],
      "attachments" : [ ],
      "parameters" : [ {
        "name" : "driver",
        "value" : "<selenium.webdriver.chrome.webdriver.WebDriver (session=\"fa83abbb2f06b36a9b45773733a5666f\")>"
      }, {
        "name" : "main_page_open",
        "value" : "None"
      } ],
      "stepsCount" : 2,
      "attachmentsCount" : 0,
      "shouldDisplayMessage" : false,
      "hasContent" : true
    } ],
    "attachments" : [ ],
    "parameters" : [ ],
    "stepsCount" : 3,
    "attachmentsCount" : 0,
    "shouldDisplayMessage" : false,
    "hasContent" : true
  }, {
    "name" : "driver",
    "time" : {
      "start" : 1747990759654,
      "stop" : 1747990760469,
      "duration" : 815
    },
    "status" : "passed",
    "steps" : [ ],
    "attachments" : [ ],
    "parameters" : [ ],
    "stepsCount" : 0,
    "attachmentsCount" : 0,
    "shouldDisplayMessage" : false,
    "hasContent" : false
  }, {
    "name" : "main_page_open",
    "time" : {
      "start" : 1747990760470,
      "stop" : 1747990763025,
      "duration" : 2555
    },
    "status" : "passed",
    "steps" : [ {
      "name" : "Open page: https://www.brainup.site/",
      "time" : {
        "start" : 1747990760470,
        "stop" : 1747990763025,
        "duration" : 2555
      },
      "status" : "passed",
      "steps" : [ ],
      "attachments" : [ ],
      "parameters" : [ {
        "name" : "driver",
        "value" : "<selenium.webdriver.chrome.webdriver.WebDriver (session=\"fa83abbb2f06b36a9b45773733a5666f\")>"
      } ],
      "stepsCount" : 0,
      "attachmentsCount" : 0,
      "shouldDisplayMessage" : false,
      "hasContent" : true
    } ],
    "attachments" : [ ],
    "parameters" : [ ],
    "stepsCount" : 1,
    "attachmentsCount" : 0,
    "shouldDisplayMessage" : false,
    "hasContent" : true
  }, {
    "name" : "clear_allure_results_folder",
    "time" : {
      "start" : 1747989605474,
      "stop" : 1747989605475,
      "duration" : 1
    },
    "status" : "passed",
    "steps" : [ ],
    "attachments" : [ ],
    "parameters" : [ ],
    "stepsCount" : 0,
    "attachmentsCount" : 0,
    "shouldDisplayMessage" : false,
    "hasContent" : false
  } ],
  "testStage" : {
    "status" : "skipped",
    "statusMessage" : "XFAIL\n\nselenium.common.exceptions.TimeoutException: Message: Can't find element by locator ('xpath', '//button[@data-test-active-link=\"Words\"]')\nStacktrace:\n#0 0x555ef6da578a <unknown>\n#1 0x555ef68480a0 <unknown>\n#2 0x555ef68999b0 <unknown>\n#3 0x555ef6899ba1 <unknown>\n#4 0x555ef68e7ea4 <unknown>\n#5 0x555ef68bf3cd <unknown>\n#6 0x555ef68e52a0 <unknown>\n#7 0x555ef68bf173 <unknown>\n#8 0x555ef688bd4b <unknown>\n#9 0x555ef688c9b1 <unknown>\n#10 0x555ef6d6a93b <unknown>\n#11 0x555ef6d6e83a <unknown>\n#12 0x555ef6d52692 <unknown>\n#13 0x555ef6d6f3c4 <unknown>\n#14 0x555ef6d374cf <unknown>\n#15 0x555ef6d93568 <unknown>\n#16 0x555ef6d93746 <unknown>\n#17 0x555ef6da45f6 <unknown>\n#18 0x7f421f69caa4 <unknown>\n#19 0x7f421f729c3c <unknown>",
    "statusTrace" : "self = <tests.test_speech_exercises_en.TestCardsEN object at 0x7f3eeedb4cb0>\ndriver = <selenium.webdriver.chrome.webdriver.WebDriver (session=\"fa83abbb2f06b36a9b45773733a5666f\")>\nspecialist_user_authorized = None\n\n    @pytest.mark.xfail\n    @allure.suite(\"Speech exercises EN.\")\n    @allure.title('Check progres-bar and buttons.')\n    def test_progress_bar_is_present_en(self, driver, specialist_user_authorized):\n        page = SpeechExercisesPage(driver)\n>       page.select_group(SpeechExercisesPageLocators.WORDS_BUTTON_EN)\n\ntests/test_speech_exercises_en.py:34: \n_ _ _ _ _ _ _ _ _ _ _ _ _ _ _ _ _ _ _ _ _ _ _ _ _ _ _ _ _ _ _ _ _ _ _ _ _ _ _ _ \npages/speech_exercises_page_en.py:18: in select_group\n    text_of_the_button = self.element_is_present_and_clickable(selector_for_sub_group)\npages/base_page.py:40: in element_is_present_and_clickable\n    return (Wait(self.driver, self.timeout).until(\n_ _ _ _ _ _ _ _ _ _ _ _ _ _ _ _ _ _ _ _ _ _ _ _ _ _ _ _ _ _ _ _ _ _ _ _ _ _ _ _ \n\nself = <selenium.webdriver.support.wait.WebDriverWait (session=\"fa83abbb2f06b36a9b45773733a5666f\")>\nmethod = <function visibility_of_element_located.<locals>._predicate at 0x7f3eeec10900>\nmessage = 'Can\\'t find element by locator (\\'xpath\\', \\'//button[@data-test-active-link=\"Words\"]\\')'\n\n    def until(self, method, message: str = \"\"):\n        \"\"\"Calls the method provided with the driver as an argument until the \\\n        return value does not evaluate to ``False``.\n    \n        :param method: callable(WebDriver)\n        :param message: optional message for :exc:`TimeoutException`\n        :returns: the result of the last call to `method`\n        :raises: :exc:`selenium.common.exceptions.TimeoutException` if timeout occurs\n        \"\"\"\n        screen = None\n        stacktrace = None\n    \n        end_time = time.monotonic() + self._timeout\n        while True:\n            try:\n                value = method(self._driver)\n                if value:\n                    return value\n            except self._ignored_exceptions as exc:\n                screen = getattr(exc, \"screen\", None)\n                stacktrace = getattr(exc, \"stacktrace\", None)\n            time.sleep(self._poll)\n            if time.monotonic() > end_time:\n                break\n>       raise TimeoutException(message, screen, stacktrace)\nE       selenium.common.exceptions.TimeoutException: Message: Can't find element by locator ('xpath', '//button[@data-test-active-link=\"Words\"]')\nE       Stacktrace:\nE       #0 0x555ef6da578a <unknown>\nE       #1 0x555ef68480a0 <unknown>\nE       #2 0x555ef68999b0 <unknown>\nE       #3 0x555ef6899ba1 <unknown>\nE       #4 0x555ef68e7ea4 <unknown>\nE       #5 0x555ef68bf3cd <unknown>\nE       #6 0x555ef68e52a0 <unknown>\nE       #7 0x555ef68bf173 <unknown>\nE       #8 0x555ef688bd4b <unknown>\nE       #9 0x555ef688c9b1 <unknown>\nE       #10 0x555ef6d6a93b <unknown>\nE       #11 0x555ef6d6e83a <unknown>\nE       #12 0x555ef6d52692 <unknown>\nE       #13 0x555ef6d6f3c4 <unknown>\nE       #14 0x555ef6d374cf <unknown>\nE       #15 0x555ef6d93568 <unknown>\nE       #16 0x555ef6d93746 <unknown>\nE       #17 0x555ef6da45f6 <unknown>\nE       #18 0x7f421f69caa4 <unknown>\nE       #19 0x7f421f729c3c <unknown>\n\n/opt/hostedtoolcache/Python/3.12.10/x64/lib/python3.12/site-packages/selenium/webdriver/support/wait.py:95: TimeoutException",
    "steps" : [ {
      "name" : "select_group",
      "time" : {
        "start" : 1747990765479,
        "stop" : 1747990785674,
        "duration" : 20195
      },
      "status" : "broken",
      "statusMessage" : "selenium.common.exceptions.TimeoutException: Message: Can't find element by locator ('xpath', '//button[@data-test-active-link=\"Words\"]')\nStacktrace:\n#0 0x555ef6da578a <unknown>\n#1 0x555ef68480a0 <unknown>\n#2 0x555ef68999b0 <unknown>\n#3 0x555ef6899ba1 <unknown>\n#4 0x555ef68e7ea4 <unknown>\n#5 0x555ef68bf3cd <unknown>\n#6 0x555ef68e52a0 <unknown>\n#7 0x555ef68bf173 <unknown>\n#8 0x555ef688bd4b <unknown>\n#9 0x555ef688c9b1 <unknown>\n#10 0x555ef6d6a93b <unknown>\n#11 0x555ef6d6e83a <unknown>\n#12 0x555ef6d52692 <unknown>\n#13 0x555ef6d6f3c4 <unknown>\n#14 0x555ef6d374cf <unknown>\n#15 0x555ef6d93568 <unknown>\n#16 0x555ef6d93746 <unknown>\n#17 0x555ef6da45f6 <unknown>\n#18 0x7f421f69caa4 <unknown>\n#19 0x7f421f729c3c <unknown>\n\n",
      "statusTrace" : "  File \"/opt/hostedtoolcache/Python/3.12.10/x64/lib/python3.12/site-packages/allure_commons/_allure.py\", line 192, in impl\n    return func(*a, **kw)\n           ^^^^^^^^^^^^^^\n  File \"/home/runner/work/auto-tests-python/auto-tests-python/pages/speech_exercises_page_en.py\", line 18, in select_group\n    text_of_the_button = self.element_is_present_and_clickable(selector_for_sub_group)\n                         ^^^^^^^^^^^^^^^^^^^^^^^^^^^^^^^^^^^^^^^^^^^^^^^^^^^^^^^^^^^^^\n  File \"/home/runner/work/auto-tests-python/auto-tests-python/pages/base_page.py\", line 40, in element_is_present_and_clickable\n    return (Wait(self.driver, self.timeout).until(\n            ^^^^^^^^^^^^^^^^^^^^^^^^^^^^^^^^^^^^^^\n  File \"/opt/hostedtoolcache/Python/3.12.10/x64/lib/python3.12/site-packages/selenium/webdriver/support/wait.py\", line 95, in until\n    raise TimeoutException(message, screen, stacktrace)\n",
      "steps" : [ {
        "name" : "Select Russian language. Click \"EN\" button.",
        "time" : {
          "start" : 1747990765479,
          "stop" : 1747990765561,
          "duration" : 82
        },
        "status" : "passed",
        "steps" : [ ],
        "attachments" : [ ],
        "parameters" : [ ],
        "stepsCount" : 0,
        "attachmentsCount" : 0,
        "shouldDisplayMessage" : false,
        "hasContent" : false
      }, {
        "name" : "Click button \"SPEECH EXERCISES\".",
        "time" : {
          "start" : 1747990765561,
          "stop" : 1747990765639,
          "duration" : 78
        },
        "status" : "passed",
        "steps" : [ ],
        "attachments" : [ ],
        "parameters" : [ ],
        "stepsCount" : 0,
        "attachmentsCount" : 0,
        "shouldDisplayMessage" : false,
        "hasContent" : false
      } ],
      "attachments" : [ ],
      "parameters" : [ {
        "name" : "selector_for_sub_group",
        "value" : "('xpath', '//button[@data-test-active-link=\"Words\"]')"
      } ],
      "stepsCount" : 2,
      "attachmentsCount" : 0,
      "shouldDisplayMessage" : true,
      "hasContent" : true
    } ],
    "attachments" : [ ],
    "parameters" : [ ],
    "stepsCount" : 3,
    "attachmentsCount" : 0,
    "shouldDisplayMessage" : true,
    "hasContent" : true
  },
  "afterStages" : [ {
    "name" : "driver::0",
    "time" : {
      "start" : 1747990785684,
      "stop" : 1747990785750,
      "duration" : 66
    },
    "status" : "passed",
    "steps" : [ ],
    "attachments" : [ ],
    "parameters" : [ ],
    "stepsCount" : 0,
    "attachmentsCount" : 0,
    "shouldDisplayMessage" : false,
    "hasContent" : false
  } ],
  "labels" : [ {
    "name" : "suite",
    "value" : "Speech exercises EN."
  }, {
    "name" : "epic",
    "value" : "Speech exercises."
  }, {
    "name" : "tag",
    "value" : "@pytest.mark.xfail"
  }, {
    "name" : "parentSuite",
    "value" : "tests"
  }, {
    "name" : "subSuite",
    "value" : "TestCardsEN"
  }, {
    "name" : "host",
    "value" : "pkrvmf6wy0o8zjz"
  }, {
    "name" : "thread",
    "value" : "2520-MainThread"
  }, {
    "name" : "framework",
    "value" : "pytest"
  }, {
    "name" : "language",
    "value" : "cpython3"
  }, {
    "name" : "package",
    "value" : "tests.test_speech_exercises_en"
  }, {
    "name" : "resultFormat",
    "value" : "allure2"
  } ],
  "parameters" : [ ],
  "links" : [ ],
  "hidden" : false,
  "retry" : false,
  "extra" : {
    "severity" : "normal",
    "retries" : [ ],
    "categories" : [ ],
    "history" : {
      "statistic" : {
        "failed" : 0,
        "broken" : 0,
        "skipped" : 169,
        "passed" : 2,
        "unknown" : 0,
        "total" : 171
      },
      "items" : [ {
        "uid" : "a887824b1b690d47",
        "reportUrl" : "https://Brain-up.github.io/auto-tests-python/373//#testresult/a887824b1b690d47",
        "status" : "skipped",
        "statusDetails" : "XFAIL\n\nselenium.common.exceptions.TimeoutException: Message: Can't find element by locator ('xpath', '//button[@data-test-active-link=\"Words\"]')\nStacktrace:\n#0 0x556410d4178a <unknown>\n#1 0x5564107e40a0 <unknown>\n#2 0x5564108359b0 <unknown>\n#3 0x556410835ba1 <unknown>\n#4 0x556410883ea4 <unknown>\n#5 0x55641085b3cd <unknown>\n#6 0x5564108812a0 <unknown>\n#7 0x55641085b173 <unknown>\n#8 0x556410827d4b <unknown>\n#9 0x5564108289b1 <unknown>\n#10 0x556410d0693b <unknown>\n#11 0x556410d0a83a <unknown>\n#12 0x556410cee692 <unknown>\n#13 0x556410d0b3c4 <unknown>\n#14 0x556410cd34cf <unknown>\n#15 0x556410d2f568 <unknown>\n#16 0x556410d2f746 <unknown>\n#17 0x556410d405f6 <unknown>\n#18 0x7fbf5a69caa4 <unknown>\n#19 0x7fbf5a729c3c <unknown>",
        "time" : {
          "start" : 1747963596304,
          "stop" : 1747963616517,
          "duration" : 20213
        }
      }, {
        "uid" : "ae23bf84d65695d1",
        "reportUrl" : "https://Brain-up.github.io/auto-tests-python/577//#testresult/ae23bf84d65695d1",
        "status" : "skipped",
        "statusDetails" : "XFAIL\n\nselenium.common.exceptions.TimeoutException: Message: Can't find element by locator ('xpath', '//button[@data-test-active-link=\"Words\"]')\nStacktrace:\n#0 0x55d17d7f478a <unknown>\n#1 0x55d17d2970a0 <unknown>\n#2 0x55d17d2e89b0 <unknown>\n#3 0x55d17d2e8ba1 <unknown>\n#4 0x55d17d336ea4 <unknown>\n#5 0x55d17d30e3cd <unknown>\n#6 0x55d17d3342a0 <unknown>\n#7 0x55d17d30e173 <unknown>\n#8 0x55d17d2dad4b <unknown>\n#9 0x55d17d2db9b1 <unknown>\n#10 0x55d17d7b993b <unknown>\n#11 0x55d17d7bd83a <unknown>\n#12 0x55d17d7a1692 <unknown>\n#13 0x55d17d7be3c4 <unknown>\n#14 0x55d17d7864cf <unknown>\n#15 0x55d17d7e2568 <unknown>\n#16 0x55d17d7e2746 <unknown>\n#17 0x55d17d7f35f6 <unknown>\n#18 0x7fc1eb89caa4 <unknown>\n#19 0x7fc1eb929c3c <unknown>",
        "time" : {
          "start" : 1747943810949,
          "stop" : 1747943831614,
          "duration" : 20665
        }
      }, {
        "uid" : "7c8d6084d68a61fd",
        "reportUrl" : "https://Brain-up.github.io/auto-tests-python/372//#testresult/7c8d6084d68a61fd",
        "status" : "skipped",
        "statusDetails" : "XFAIL\n\nselenium.common.exceptions.TimeoutException: Message: Can't find element by locator ('xpath', '//button[@data-test-active-link=\"Words\"]')\nStacktrace:\n#0 0x559c22a0178a <unknown>\n#1 0x559c224a40a0 <unknown>\n#2 0x559c224f59b0 <unknown>\n#3 0x559c224f5ba1 <unknown>\n#4 0x559c22543ea4 <unknown>\n#5 0x559c2251b3cd <unknown>\n#6 0x559c225412a0 <unknown>\n#7 0x559c2251b173 <unknown>\n#8 0x559c224e7d4b <unknown>\n#9 0x559c224e89b1 <unknown>\n#10 0x559c229c693b <unknown>\n#11 0x559c229ca83a <unknown>\n#12 0x559c229ae692 <unknown>\n#13 0x559c229cb3c4 <unknown>\n#14 0x559c229934cf <unknown>\n#15 0x559c229ef568 <unknown>\n#16 0x559c229ef746 <unknown>\n#17 0x559c22a005f6 <unknown>\n#18 0x7f9a0e69caa4 <unknown>\n#19 0x7f9a0e729c3c <unknown>",
        "time" : {
          "start" : 1747877217485,
          "stop" : 1747877238150,
          "duration" : 20665
        }
      }, {
        "uid" : "865983f80569afa2",
        "reportUrl" : "https://Brain-up.github.io/auto-tests-python/576//#testresult/865983f80569afa2",
        "status" : "skipped",
        "statusDetails" : "XFAIL\n\nselenium.common.exceptions.TimeoutException: Message: Can't find element by locator ('xpath', '//button[@data-test-active-link=\"Words\"]')\nStacktrace:\n#0 0x5637709a678a <unknown>\n#1 0x5637704490a0 <unknown>\n#2 0x56377049a9b0 <unknown>\n#3 0x56377049aba1 <unknown>\n#4 0x5637704e8ea4 <unknown>\n#5 0x5637704c03cd <unknown>\n#6 0x5637704e62a0 <unknown>\n#7 0x5637704c0173 <unknown>\n#8 0x56377048cd4b <unknown>\n#9 0x56377048d9b1 <unknown>\n#10 0x56377096b93b <unknown>\n#11 0x56377096f83a <unknown>\n#12 0x563770953692 <unknown>\n#13 0x5637709703c4 <unknown>\n#14 0x5637709384cf <unknown>\n#15 0x563770994568 <unknown>\n#16 0x563770994746 <unknown>\n#17 0x5637709a55f6 <unknown>\n#18 0x7f500629caa4 <unknown>\n#19 0x7f5006329c3c <unknown>",
        "time" : {
          "start" : 1747852888385,
          "stop" : 1747852908646,
          "duration" : 20261
        }
      }, {
        "uid" : "4764024e21760bd1",
        "reportUrl" : "https://Brain-up.github.io/auto-tests-python/371//#testresult/4764024e21760bd1",
        "status" : "skipped",
        "statusDetails" : "XFAIL\n\nselenium.common.exceptions.TimeoutException: Message: Can't find element by locator ('xpath', '//button[@data-test-active-link=\"Words\"]')\nStacktrace:\n#0 0x56504b07478a <unknown>\n#1 0x56504ab170a0 <unknown>\n#2 0x56504ab689b0 <unknown>\n#3 0x56504ab68ba1 <unknown>\n#4 0x56504abb6ea4 <unknown>\n#5 0x56504ab8e3cd <unknown>\n#6 0x56504abb42a0 <unknown>\n#7 0x56504ab8e173 <unknown>\n#8 0x56504ab5ad4b <unknown>\n#9 0x56504ab5b9b1 <unknown>\n#10 0x56504b03993b <unknown>\n#11 0x56504b03d83a <unknown>\n#12 0x56504b021692 <unknown>\n#13 0x56504b03e3c4 <unknown>\n#14 0x56504b0064cf <unknown>\n#15 0x56504b062568 <unknown>\n#16 0x56504b062746 <unknown>\n#17 0x56504b0735f6 <unknown>\n#18 0x7f960629caa4 <unknown>\n#19 0x7f9606329c3c <unknown>",
        "time" : {
          "start" : 1747790962055,
          "stop" : 1747790982721,
          "duration" : 20666
        }
      }, {
        "uid" : "a7ef7e1e3e569cb2",
        "reportUrl" : "https://Brain-up.github.io/auto-tests-python/575//#testresult/a7ef7e1e3e569cb2",
        "status" : "skipped",
        "statusDetails" : "XFAIL\n\nselenium.common.exceptions.TimeoutException: Message: Can't find element by locator ('xpath', '//button[@data-test-active-link=\"Words\"]')\nStacktrace:\n#0 0x557a0466a78a <unknown>\n#1 0x557a0410d0a0 <unknown>\n#2 0x557a0415e9b0 <unknown>\n#3 0x557a0415eba1 <unknown>\n#4 0x557a041acea4 <unknown>\n#5 0x557a041843cd <unknown>\n#6 0x557a041aa2a0 <unknown>\n#7 0x557a04184173 <unknown>\n#8 0x557a04150d4b <unknown>\n#9 0x557a041519b1 <unknown>\n#10 0x557a0462f93b <unknown>\n#11 0x557a0463383a <unknown>\n#12 0x557a04617692 <unknown>\n#13 0x557a046343c4 <unknown>\n#14 0x557a045fc4cf <unknown>\n#15 0x557a04658568 <unknown>\n#16 0x557a04658746 <unknown>\n#17 0x557a046695f6 <unknown>\n#18 0x7f4b16e9caa4 <unknown>\n#19 0x7f4b16f29c3c <unknown>",
        "time" : {
          "start" : 1747772107001,
          "stop" : 1747772127152,
          "duration" : 20151
        }
      }, {
        "uid" : "aef7157acc8955b1",
        "reportUrl" : "https://Brain-up.github.io/auto-tests-python/370//#testresult/aef7157acc8955b1",
        "status" : "skipped",
        "statusDetails" : "XFAIL\n\nselenium.common.exceptions.TimeoutException: Message: Can't find element by locator ('xpath', '//button[@data-test-active-link=\"Words\"]')\nStacktrace:\n#0 0x55cf90dae78a <unknown>\n#1 0x55cf908510a0 <unknown>\n#2 0x55cf908a29b0 <unknown>\n#3 0x55cf908a2ba1 <unknown>\n#4 0x55cf908f0ea4 <unknown>\n#5 0x55cf908c83cd <unknown>\n#6 0x55cf908ee2a0 <unknown>\n#7 0x55cf908c8173 <unknown>\n#8 0x55cf90894d4b <unknown>\n#9 0x55cf908959b1 <unknown>\n#10 0x55cf90d7393b <unknown>\n#11 0x55cf90d7783a <unknown>\n#12 0x55cf90d5b692 <unknown>\n#13 0x55cf90d783c4 <unknown>\n#14 0x55cf90d404cf <unknown>\n#15 0x55cf90d9c568 <unknown>\n#16 0x55cf90d9c746 <unknown>\n#17 0x55cf90dad5f6 <unknown>\n#18 0x7f293349caa4 <unknown>\n#19 0x7f2933529c3c <unknown>",
        "time" : {
          "start" : 1747704382545,
          "stop" : 1747704402871,
          "duration" : 20326
        }
      }, {
        "uid" : "ff68a87988330084",
        "reportUrl" : "https://Brain-up.github.io/auto-tests-python/574//#testresult/ff68a87988330084",
        "status" : "skipped",
        "statusDetails" : "XFAIL\n\nselenium.common.exceptions.TimeoutException: Message: Can't find element by locator ('xpath', '//button[@data-test-active-link=\"Words\"]')\nStacktrace:\n#0 0x5652b654978a <unknown>\n#1 0x5652b5fec0a0 <unknown>\n#2 0x5652b603d9b0 <unknown>\n#3 0x5652b603dba1 <unknown>\n#4 0x5652b608bea4 <unknown>\n#5 0x5652b60633cd <unknown>\n#6 0x5652b60892a0 <unknown>\n#7 0x5652b6063173 <unknown>\n#8 0x5652b602fd4b <unknown>\n#9 0x5652b60309b1 <unknown>\n#10 0x5652b650e93b <unknown>\n#11 0x5652b651283a <unknown>\n#12 0x5652b64f6692 <unknown>\n#13 0x5652b65133c4 <unknown>\n#14 0x5652b64db4cf <unknown>\n#15 0x5652b6537568 <unknown>\n#16 0x5652b6537746 <unknown>\n#17 0x5652b65485f6 <unknown>\n#18 0x7f3adb29caa4 <unknown>\n#19 0x7f3adb329c3c <unknown>",
        "time" : {
          "start" : 1747644070578,
          "stop" : 1747644090751,
          "duration" : 20173
        }
      }, {
        "uid" : "cea9eeed3797da10",
        "reportUrl" : "https://Brain-up.github.io/auto-tests-python/369//#testresult/cea9eeed3797da10",
        "status" : "skipped",
        "statusDetails" : "XFAIL\n\nselenium.common.exceptions.TimeoutException: Message: Can't find element by locator ('xpath', '//button[@data-test-active-link=\"Words\"]')\nStacktrace:\n#0 0x5570d4fb178a <unknown>\n#1 0x5570d4a540a0 <unknown>\n#2 0x5570d4aa59b0 <unknown>\n#3 0x5570d4aa5ba1 <unknown>\n#4 0x5570d4af3ea4 <unknown>\n#5 0x5570d4acb3cd <unknown>\n#6 0x5570d4af12a0 <unknown>\n#7 0x5570d4acb173 <unknown>\n#8 0x5570d4a97d4b <unknown>\n#9 0x5570d4a989b1 <unknown>\n#10 0x5570d4f7693b <unknown>\n#11 0x5570d4f7a83a <unknown>\n#12 0x5570d4f5e692 <unknown>\n#13 0x5570d4f7b3c4 <unknown>\n#14 0x5570d4f434cf <unknown>\n#15 0x5570d4f9f568 <unknown>\n#16 0x5570d4f9f746 <unknown>\n#17 0x5570d4fb05f6 <unknown>\n#18 0x7f55b6a9caa4 <unknown>\n#19 0x7f55b6b29c3c <unknown>",
        "time" : {
          "start" : 1747618253147,
          "stop" : 1747618273298,
          "duration" : 20151
        }
      }, {
        "uid" : "dbbf2908223fb205",
        "reportUrl" : "https://Brain-up.github.io/auto-tests-python/573//#testresult/dbbf2908223fb205",
        "status" : "skipped",
        "statusDetails" : "XFAIL\n\nselenium.common.exceptions.TimeoutException: Message: Can't find element by locator ('xpath', '//button[@data-test-active-link=\"Words\"]')\nStacktrace:\n#0 0x563138e8878a <unknown>\n#1 0x56313892b0a0 <unknown>\n#2 0x56313897c9b0 <unknown>\n#3 0x56313897cba1 <unknown>\n#4 0x5631389caea4 <unknown>\n#5 0x5631389a23cd <unknown>\n#6 0x5631389c82a0 <unknown>\n#7 0x5631389a2173 <unknown>\n#8 0x56313896ed4b <unknown>\n#9 0x56313896f9b1 <unknown>\n#10 0x563138e4d93b <unknown>\n#11 0x563138e5183a <unknown>\n#12 0x563138e35692 <unknown>\n#13 0x563138e523c4 <unknown>\n#14 0x563138e1a4cf <unknown>\n#15 0x563138e76568 <unknown>\n#16 0x563138e76746 <unknown>\n#17 0x563138e875f6 <unknown>\n#18 0x7f8708a9caa4 <unknown>\n#19 0x7f8708b29c3c <unknown>",
        "time" : {
          "start" : 1747593280039,
          "stop" : 1747593300702,
          "duration" : 20663
        }
      }, {
        "uid" : "5a8bd22256e47c62",
        "reportUrl" : "https://Brain-up.github.io/auto-tests-python/368//#testresult/5a8bd22256e47c62",
        "status" : "skipped",
        "statusDetails" : "XFAIL\n\nselenium.common.exceptions.TimeoutException: Message: Can't find element by locator ('xpath', '//button[@data-test-active-link=\"Words\"]')\nStacktrace:\n#0 0x55951fa8878a <unknown>\n#1 0x55951f52b0a0 <unknown>\n#2 0x55951f57c9b0 <unknown>\n#3 0x55951f57cba1 <unknown>\n#4 0x55951f5caea4 <unknown>\n#5 0x55951f5a23cd <unknown>\n#6 0x55951f5c82a0 <unknown>\n#7 0x55951f5a2173 <unknown>\n#8 0x55951f56ed4b <unknown>\n#9 0x55951f56f9b1 <unknown>\n#10 0x55951fa4d93b <unknown>\n#11 0x55951fa5183a <unknown>\n#12 0x55951fa35692 <unknown>\n#13 0x55951fa523c4 <unknown>\n#14 0x55951fa1a4cf <unknown>\n#15 0x55951fa76568 <unknown>\n#16 0x55951fa76746 <unknown>\n#17 0x55951fa875f6 <unknown>\n#18 0x7fd4c629caa4 <unknown>\n#19 0x7fd4c6329c3c <unknown>",
        "time" : {
          "start" : 1747531868159,
          "stop" : 1747531888816,
          "duration" : 20657
        }
      }, {
        "uid" : "4e9426b30d2cd33b",
        "reportUrl" : "https://Brain-up.github.io/auto-tests-python/572//#testresult/4e9426b30d2cd33b",
        "status" : "skipped",
        "statusDetails" : "XFAIL\n\nselenium.common.exceptions.TimeoutException: Message: Can't find element by locator ('xpath', '//button[@data-test-active-link=\"Words\"]')\nStacktrace:\n#0 0x55dc2b82e78a <unknown>\n#1 0x55dc2b2d10a0 <unknown>\n#2 0x55dc2b3229b0 <unknown>\n#3 0x55dc2b322ba1 <unknown>\n#4 0x55dc2b370ea4 <unknown>\n#5 0x55dc2b3483cd <unknown>\n#6 0x55dc2b36e2a0 <unknown>\n#7 0x55dc2b348173 <unknown>\n#8 0x55dc2b314d4b <unknown>\n#9 0x55dc2b3159b1 <unknown>\n#10 0x55dc2b7f393b <unknown>\n#11 0x55dc2b7f783a <unknown>\n#12 0x55dc2b7db692 <unknown>\n#13 0x55dc2b7f83c4 <unknown>\n#14 0x55dc2b7c04cf <unknown>\n#15 0x55dc2b81c568 <unknown>\n#16 0x55dc2b81c746 <unknown>\n#17 0x55dc2b82d5f6 <unknown>\n#18 0x7f991229caa4 <unknown>\n#19 0x7f9912329c3c <unknown>",
        "time" : {
          "start" : 1747469168352,
          "stop" : 1747469188664,
          "duration" : 20312
        }
      }, {
        "uid" : "c32cb5d616e5d9b6",
        "reportUrl" : "https://Brain-up.github.io/auto-tests-python/367//#testresult/c32cb5d616e5d9b6",
        "status" : "skipped",
        "statusDetails" : "XFAIL\n\nselenium.common.exceptions.TimeoutException: Message: Can't find element by locator ('xpath', '//button[@data-test-active-link=\"Words\"]')\nStacktrace:\n#0 0x56146cdb978a <unknown>\n#1 0x56146c85c0a0 <unknown>\n#2 0x56146c8ad9b0 <unknown>\n#3 0x56146c8adba1 <unknown>\n#4 0x56146c8fbea4 <unknown>\n#5 0x56146c8d33cd <unknown>\n#6 0x56146c8f92a0 <unknown>\n#7 0x56146c8d3173 <unknown>\n#8 0x56146c89fd4b <unknown>\n#9 0x56146c8a09b1 <unknown>\n#10 0x56146cd7e93b <unknown>\n#11 0x56146cd8283a <unknown>\n#12 0x56146cd66692 <unknown>\n#13 0x56146cd833c4 <unknown>\n#14 0x56146cd4b4cf <unknown>\n#15 0x56146cda7568 <unknown>\n#16 0x56146cda7746 <unknown>\n#17 0x56146cdb85f6 <unknown>\n#18 0x7fbb65c9caa4 <unknown>\n#19 0x7fbb65d29c3c <unknown>",
        "time" : {
          "start" : 1747445213077,
          "stop" : 1747445233238,
          "duration" : 20161
        }
      }, {
        "uid" : "2460a2fad67c9cd8",
        "reportUrl" : "https://Brain-up.github.io/auto-tests-python/571//#testresult/2460a2fad67c9cd8",
        "status" : "skipped",
        "statusDetails" : "XFAIL\n\nselenium.common.exceptions.TimeoutException: Message: Can't find element by locator ('xpath', '//button[@data-test-active-link=\"Words\"]')\nStacktrace:\n#0 0x556c539c075a <unknown>\n#1 0x556c534734b0 <unknown>\n#2 0x556c534c49b3 <unknown>\n#3 0x556c534c4ba1 <unknown>\n#4 0x556c535131f4 <unknown>\n#5 0x556c534ea5bd <unknown>\n#6 0x556c535105e0 <unknown>\n#7 0x556c534ea363 <unknown>\n#8 0x556c534b6d63 <unknown>\n#9 0x556c534b79c1 <unknown>\n#10 0x556c53985a6b <unknown>\n#11 0x556c53989951 <unknown>\n#12 0x556c5396db62 <unknown>\n#13 0x556c5398a4c4 <unknown>\n#14 0x556c5395213f <unknown>\n#15 0x556c539ae6f8 <unknown>\n#16 0x556c539ae8d6 <unknown>\n#17 0x556c539bf5a6 <unknown>\n#18 0x7f823389caa4 <unknown>\n#19 0x7f8233929c3c <unknown>",
        "time" : {
          "start" : 1747413052654,
          "stop" : 1747413072849,
          "duration" : 20195
        }
      }, {
        "uid" : "91f6df06e09215cb",
        "reportUrl" : "https://Brain-up.github.io/auto-tests-python/366//#testresult/91f6df06e09215cb",
        "status" : "skipped",
        "statusDetails" : "XFAIL\n\nselenium.common.exceptions.TimeoutException: Message: Can't find element by locator ('xpath', '//button[@data-test-active-link=\"Words\"]')\nStacktrace:\n#0 0x555a4d40075a <unknown>\n#1 0x555a4ceb34b0 <unknown>\n#2 0x555a4cf049b3 <unknown>\n#3 0x555a4cf04ba1 <unknown>\n#4 0x555a4cf531f4 <unknown>\n#5 0x555a4cf2a5bd <unknown>\n#6 0x555a4cf505e0 <unknown>\n#7 0x555a4cf2a363 <unknown>\n#8 0x555a4cef6d63 <unknown>\n#9 0x555a4cef79c1 <unknown>\n#10 0x555a4d3c5a6b <unknown>\n#11 0x555a4d3c9951 <unknown>\n#12 0x555a4d3adb62 <unknown>\n#13 0x555a4d3ca4c4 <unknown>\n#14 0x555a4d39213f <unknown>\n#15 0x555a4d3ee6f8 <unknown>\n#16 0x555a4d3ee8d6 <unknown>\n#17 0x555a4d3ff5a6 <unknown>\n#18 0x7f8eea49caa4 <unknown>\n#19 0x7f8eea529c3c <unknown>",
        "time" : {
          "start" : 1747358848176,
          "stop" : 1747358868824,
          "duration" : 20648
        }
      }, {
        "uid" : "385cf15f1caa4216",
        "reportUrl" : "https://Brain-up.github.io/auto-tests-python/570//#testresult/385cf15f1caa4216",
        "status" : "skipped",
        "statusDetails" : "XFAIL\n\nselenium.common.exceptions.TimeoutException: Message: Can't find element by locator ('xpath', '//button[@data-test-active-link=\"Words\"]')\nStacktrace:\n#0 0x5649446f275a <unknown>\n#1 0x5649441a54b0 <unknown>\n#2 0x5649441f69b3 <unknown>\n#3 0x5649441f6ba1 <unknown>\n#4 0x5649442451f4 <unknown>\n#5 0x56494421c5bd <unknown>\n#6 0x5649442425e0 <unknown>\n#7 0x56494421c363 <unknown>\n#8 0x5649441e8d63 <unknown>\n#9 0x5649441e99c1 <unknown>\n#10 0x5649446b7a6b <unknown>\n#11 0x5649446bb951 <unknown>\n#12 0x56494469fb62 <unknown>\n#13 0x5649446bc4c4 <unknown>\n#14 0x56494468413f <unknown>\n#15 0x5649446e06f8 <unknown>\n#16 0x5649446e08d6 <unknown>\n#17 0x5649446f15a6 <unknown>\n#18 0x7f2784e9caa4 <unknown>\n#19 0x7f2784f29c3c <unknown>",
        "time" : {
          "start" : 1747296430164,
          "stop" : 1747296450817,
          "duration" : 20653
        }
      }, {
        "uid" : "7f287ff47d0a3610",
        "reportUrl" : "https://Brain-up.github.io/auto-tests-python/365//#testresult/7f287ff47d0a3610",
        "status" : "skipped",
        "statusDetails" : "XFAIL\n\nselenium.common.exceptions.TimeoutException: Message: Can't find element by locator ('xpath', '//button[@data-test-active-link=\"Words\"]')\nStacktrace:\n#0 0x55c0662b775a <unknown>\n#1 0x55c065d6a4b0 <unknown>\n#2 0x55c065dbb9b3 <unknown>\n#3 0x55c065dbbba1 <unknown>\n#4 0x55c065e0a1f4 <unknown>\n#5 0x55c065de15bd <unknown>\n#6 0x55c065e075e0 <unknown>\n#7 0x55c065de1363 <unknown>\n#8 0x55c065dadd63 <unknown>\n#9 0x55c065dae9c1 <unknown>\n#10 0x55c06627ca6b <unknown>\n#11 0x55c066280951 <unknown>\n#12 0x55c066264b62 <unknown>\n#13 0x55c0662814c4 <unknown>\n#14 0x55c06624913f <unknown>\n#15 0x55c0662a56f8 <unknown>\n#16 0x55c0662a58d6 <unknown>\n#17 0x55c0662b65a6 <unknown>\n#18 0x7fe41649caa4 <unknown>\n#19 0x7fe416529c3c <unknown>",
        "time" : {
          "start" : 1747272161462,
          "stop" : 1747272182115,
          "duration" : 20653
        }
      }, {
        "uid" : "4bd9715adbf64668",
        "reportUrl" : "https://Brain-up.github.io/auto-tests-python/569//#testresult/4bd9715adbf64668",
        "status" : "skipped",
        "statusDetails" : "XFAIL\n\nselenium.common.exceptions.TimeoutException: Message: Can't find element by locator ('xpath', '//button[@data-test-active-link=\"Words\"]')\nStacktrace:\n#0 0x559a6875875a <unknown>\n#1 0x559a6820b4b0 <unknown>\n#2 0x559a6825c9b3 <unknown>\n#3 0x559a6825cba1 <unknown>\n#4 0x559a682ab1f4 <unknown>\n#5 0x559a682825bd <unknown>\n#6 0x559a682a85e0 <unknown>\n#7 0x559a68282363 <unknown>\n#8 0x559a6824ed63 <unknown>\n#9 0x559a6824f9c1 <unknown>\n#10 0x559a6871da6b <unknown>\n#11 0x559a68721951 <unknown>\n#12 0x559a68705b62 <unknown>\n#13 0x559a687224c4 <unknown>\n#14 0x559a686ea13f <unknown>\n#15 0x559a687466f8 <unknown>\n#16 0x559a687468d6 <unknown>\n#17 0x559a687575a6 <unknown>\n#18 0x7ffb6789caa4 <unknown>\n#19 0x7ffb67929c3c <unknown>",
        "time" : {
          "start" : 1747247172503,
          "stop" : 1747247193155,
          "duration" : 20652
        }
      }, {
        "uid" : "4fffc8e91476c8fa",
        "reportUrl" : "https://Brain-up.github.io/auto-tests-python/364//#testresult/4fffc8e91476c8fa",
        "status" : "skipped",
        "statusDetails" : "XFAIL\n\nselenium.common.exceptions.TimeoutException: Message: Can't find element by locator ('xpath', '//button[@data-test-active-link=\"Words\"]')\nStacktrace:\n#0 0x5560388ca75a <unknown>\n#1 0x55603837d4b0 <unknown>\n#2 0x5560383ce9b3 <unknown>\n#3 0x5560383ceba1 <unknown>\n#4 0x55603841d1f4 <unknown>\n#5 0x5560383f45bd <unknown>\n#6 0x55603841a5e0 <unknown>\n#7 0x5560383f4363 <unknown>\n#8 0x5560383c0d63 <unknown>\n#9 0x5560383c19c1 <unknown>\n#10 0x55603888fa6b <unknown>\n#11 0x556038893951 <unknown>\n#12 0x556038877b62 <unknown>\n#13 0x5560388944c4 <unknown>\n#14 0x55603885c13f <unknown>\n#15 0x5560388b86f8 <unknown>\n#16 0x5560388b88d6 <unknown>\n#17 0x5560388c95a6 <unknown>\n#18 0x7f7b6da9caa4 <unknown>\n#19 0x7f7b6db29c3c <unknown>",
        "time" : {
          "start" : 1747186166883,
          "stop" : 1747186187533,
          "duration" : 20650
        }
      }, {
        "uid" : "1536390f8b2c4029",
        "reportUrl" : "https://Brain-up.github.io/auto-tests-python/568//#testresult/1536390f8b2c4029",
        "status" : "skipped",
        "statusDetails" : "XFAIL\n\nselenium.common.exceptions.TimeoutException: Message: Can't find element by locator ('xpath', '//button[@data-test-active-link=\"Words\"]')\nStacktrace:\n#0 0x55be4fb877fa <unknown>\n#1 0x55be4f62be90 <unknown>\n#2 0x55be4f67d870 <unknown>\n#3 0x55be4f67da61 <unknown>\n#4 0x55be4f6cbcb4 <unknown>\n#5 0x55be4f6a326d <unknown>\n#6 0x55be4f6c9135 <unknown>\n#7 0x55be4f6a3013 <unknown>\n#8 0x55be4f66fb3b <unknown>\n#9 0x55be4f6707a1 <unknown>\n#10 0x55be4fb4cb9b <unknown>\n#11 0x55be4fb50a8a <unknown>\n#12 0x55be4fb34912 <unknown>\n#13 0x55be4fb51604 <unknown>\n#14 0x55be4fb1974f <unknown>\n#15 0x55be4fb75678 <unknown>\n#16 0x55be4fb75856 <unknown>\n#17 0x55be4fb86666 <unknown>\n#18 0x7faffb29caa4 <unknown>\n#19 0x7faffb329c3c <unknown>",
        "time" : {
          "start" : 1747144072031,
          "stop" : 1747144092189,
          "duration" : 20158
        }
      } ]
    },
    "tags" : [ "@pytest.mark.xfail" ]
  },
  "source" : "48817abde9dffb39.json",
  "parameterValues" : [ ]
}