{
  "uid" : "990a64661bd08617",
  "name" : "Verify clickability, href, status code of links on the page",
  "fullName" : "tests.groups_page_test.TestGroupsPageLinks#test_gp_03_01_verify_links",
  "historyId" : "f3a8621cc2eca7c863aa8f927e5c576c",
  "time" : {
    "start" : 1729409689522,
    "stop" : 1729409690956,
    "duration" : 1434
  },
  "status" : "failed",
  "statusMessage" : "AssertionError: Attributes 'href' of links mismatch valid values\nassert False\n +  where False = all(<generator object TestGroupsPage.TestGroupsPageLinks.test_gp_03_01_verify_links.<locals>.<genexpr> at 0x7f4185b8b850>)",
  "statusTrace" : "self = <tests.groups_page_test.TestGroupsPage.TestGroupsPageLinks object at 0x7f4185ffb830>\ndriver = <selenium.webdriver.chrome.webdriver.WebDriver (session=\"2d15ad76f474712ea2624983474efedd\")>\nauto_test_user_authorized = None\n\n    @allure.title(\"Verify clickability, href, status code of links on the page\")\n    def test_gp_03_01_verify_links(self, driver, auto_test_user_authorized):\n        page = GroupsPage(driver)\n        links_clickability = page.check_links_clickability()\n        links_href = page.get_links_href()\n        link_status_codes = page.get_links_status_codes()\n        assert links_clickability, \"Links are unclickable\"\n        assert links_href, \"Links href are empty\"\n>       assert all(link_href in GroupsPageData.links_href for link_href in links_href), \\\n            \"Attributes 'href' of links mismatch valid values\"\nE       AssertionError: Attributes 'href' of links mismatch valid values\nE       assert False\nE        +  where False = all(<generator object TestGroupsPage.TestGroupsPageLinks.test_gp_03_01_verify_links.<locals>.<genexpr> at 0x7f4185b8b850>)\n\ntests/groups_page_test.py:99: AssertionError",
  "flaky" : false,
  "newFailed" : false,
  "beforeStages" : [ {
    "name" : "auto_test_user_authorized",
    "time" : {
      "start" : 1729409686659,
      "stop" : 1729409689522,
      "duration" : 2863
    },
    "status" : "passed",
    "steps" : [ {
      "name" : "Auto test user authorized",
      "time" : {
        "start" : 1729409686659,
        "stop" : 1729409689522,
        "duration" : 2863
      },
      "status" : "passed",
      "steps" : [ {
        "name" : "Check url is present: https://brainup.site/groups",
        "time" : {
          "start" : 1729409686979,
          "stop" : 1729409689499,
          "duration" : 2520
        },
        "status" : "passed",
        "steps" : [ ],
        "attachments" : [ ],
        "parameters" : [ ],
        "stepsCount" : 0,
        "attachmentsCount" : 0,
        "shouldDisplayMessage" : false,
        "hasContent" : false
      }, {
        "name" : "Loader checking",
        "time" : {
          "start" : 1729409689499,
          "stop" : 1729409689522,
          "duration" : 23
        },
        "status" : "passed",
        "steps" : [ ],
        "attachments" : [ ],
        "parameters" : [ ],
        "stepsCount" : 0,
        "attachmentsCount" : 0,
        "shouldDisplayMessage" : false,
        "hasContent" : false
      } ],
      "attachments" : [ ],
      "parameters" : [ {
        "name" : "driver",
        "value" : "<selenium.webdriver.chrome.webdriver.WebDriver (session=\"2d15ad76f474712ea2624983474efedd\")>"
      }, {
        "name" : "main_page_open",
        "value" : "None"
      } ],
      "stepsCount" : 2,
      "attachmentsCount" : 0,
      "shouldDisplayMessage" : false,
      "hasContent" : true
    } ],
    "attachments" : [ ],
    "parameters" : [ ],
    "stepsCount" : 3,
    "attachmentsCount" : 0,
    "shouldDisplayMessage" : false,
    "hasContent" : true
  }, {
    "name" : "driver",
    "time" : {
      "start" : 1729409682108,
      "stop" : 1729409682882,
      "duration" : 774
    },
    "status" : "passed",
    "steps" : [ ],
    "attachments" : [ ],
    "parameters" : [ ],
    "stepsCount" : 0,
    "attachmentsCount" : 0,
    "shouldDisplayMessage" : false,
    "hasContent" : false
  }, {
    "name" : "main_page_open",
    "time" : {
      "start" : 1729409682882,
      "stop" : 1729409686659,
      "duration" : 3777
    },
    "status" : "passed",
    "steps" : [ {
      "name" : "Open page: https://brainup.site/",
      "time" : {
        "start" : 1729409682882,
        "stop" : 1729409686659,
        "duration" : 3777
      },
      "status" : "passed",
      "steps" : [ ],
      "attachments" : [ ],
      "parameters" : [ {
        "name" : "driver",
        "value" : "<selenium.webdriver.chrome.webdriver.WebDriver (session=\"2d15ad76f474712ea2624983474efedd\")>"
      } ],
      "stepsCount" : 0,
      "attachmentsCount" : 0,
      "shouldDisplayMessage" : false,
      "hasContent" : true
    } ],
    "attachments" : [ ],
    "parameters" : [ ],
    "stepsCount" : 1,
    "attachmentsCount" : 0,
    "shouldDisplayMessage" : false,
    "hasContent" : true
  }, {
    "name" : "clear_allure_results_folder",
    "time" : {
      "start" : 1729409371112,
      "stop" : 1729409371112,
      "duration" : 0
    },
    "status" : "passed",
    "steps" : [ ],
    "attachments" : [ ],
    "parameters" : [ ],
    "stepsCount" : 0,
    "attachmentsCount" : 0,
    "shouldDisplayMessage" : false,
    "hasContent" : false
  } ],
  "testStage" : {
    "status" : "failed",
    "statusMessage" : "AssertionError: Attributes 'href' of links mismatch valid values\nassert False\n +  where False = all(<generator object TestGroupsPage.TestGroupsPageLinks.test_gp_03_01_verify_links.<locals>.<genexpr> at 0x7f4185b8b850>)",
    "statusTrace" : "self = <tests.groups_page_test.TestGroupsPage.TestGroupsPageLinks object at 0x7f4185ffb830>\ndriver = <selenium.webdriver.chrome.webdriver.WebDriver (session=\"2d15ad76f474712ea2624983474efedd\")>\nauto_test_user_authorized = None\n\n    @allure.title(\"Verify clickability, href, status code of links on the page\")\n    def test_gp_03_01_verify_links(self, driver, auto_test_user_authorized):\n        page = GroupsPage(driver)\n        links_clickability = page.check_links_clickability()\n        links_href = page.get_links_href()\n        link_status_codes = page.get_links_status_codes()\n        assert links_clickability, \"Links are unclickable\"\n        assert links_href, \"Links href are empty\"\n>       assert all(link_href in GroupsPageData.links_href for link_href in links_href), \\\n            \"Attributes 'href' of links mismatch valid values\"\nE       AssertionError: Attributes 'href' of links mismatch valid values\nE       assert False\nE        +  where False = all(<generator object TestGroupsPage.TestGroupsPageLinks.test_gp_03_01_verify_links.<locals>.<genexpr> at 0x7f4185b8b850>)\n\ntests/groups_page_test.py:99: AssertionError",
    "steps" : [ {
      "name" : "Check if links are clickable",
      "time" : {
        "start" : 1729409689522,
        "stop" : 1729409689539,
        "duration" : 17
      },
      "status" : "passed",
      "steps" : [ {
        "name" : "Get the list of links on the 3rd level of nesting on the page",
        "time" : {
          "start" : 1729409689522,
          "stop" : 1729409689530,
          "duration" : 8
        },
        "status" : "passed",
        "steps" : [ ],
        "attachments" : [ ],
        "parameters" : [ ],
        "stepsCount" : 0,
        "attachmentsCount" : 0,
        "shouldDisplayMessage" : false,
        "hasContent" : false
      } ],
      "attachments" : [ ],
      "parameters" : [ ],
      "stepsCount" : 1,
      "attachmentsCount" : 0,
      "shouldDisplayMessage" : false,
      "hasContent" : true
    }, {
      "name" : "Get attribute 'href' of links",
      "time" : {
        "start" : 1729409689539,
        "stop" : 1729409689560,
        "duration" : 21
      },
      "status" : "passed",
      "steps" : [ {
        "name" : "Get the list of links on the 3rd level of nesting on the page",
        "time" : {
          "start" : 1729409689539,
          "stop" : 1729409689544,
          "duration" : 5
        },
        "status" : "passed",
        "steps" : [ ],
        "attachments" : [ ],
        "parameters" : [ ],
        "stepsCount" : 0,
        "attachmentsCount" : 0,
        "shouldDisplayMessage" : false,
        "hasContent" : false
      } ],
      "attachments" : [ ],
      "parameters" : [ ],
      "stepsCount" : 1,
      "attachmentsCount" : 0,
      "shouldDisplayMessage" : false,
      "hasContent" : true
    }, {
      "name" : "Get status code of links",
      "time" : {
        "start" : 1729409689560,
        "stop" : 1729409690956,
        "duration" : 1396
      },
      "status" : "passed",
      "steps" : [ {
        "name" : "Get attribute 'href' of links",
        "time" : {
          "start" : 1729409689560,
          "stop" : 1729409689575,
          "duration" : 15
        },
        "status" : "passed",
        "steps" : [ {
          "name" : "Get the list of links on the 3rd level of nesting on the page",
          "time" : {
            "start" : 1729409689560,
            "stop" : 1729409689565,
            "duration" : 5
          },
          "status" : "passed",
          "steps" : [ ],
          "attachments" : [ ],
          "parameters" : [ ],
          "stepsCount" : 0,
          "attachmentsCount" : 0,
          "shouldDisplayMessage" : false,
          "hasContent" : false
        } ],
        "attachments" : [ ],
        "parameters" : [ ],
        "stepsCount" : 1,
        "attachmentsCount" : 0,
        "shouldDisplayMessage" : false,
        "hasContent" : true
      } ],
      "attachments" : [ ],
      "parameters" : [ ],
      "stepsCount" : 2,
      "attachmentsCount" : 0,
      "shouldDisplayMessage" : false,
      "hasContent" : true
    } ],
    "attachments" : [ {
      "uid" : "d23bad0a51babeca",
      "name" : "Screenshot 2024-10-20 07:34:51.083865",
      "source" : "d23bad0a51babeca.png",
      "type" : "image/png",
      "size" : 113213
    } ],
    "parameters" : [ ],
    "stepsCount" : 7,
    "attachmentsCount" : 1,
    "shouldDisplayMessage" : true,
    "hasContent" : true
  },
  "afterStages" : [ {
    "name" : "driver::0",
    "time" : {
      "start" : 1729409691085,
      "stop" : 1729409691155,
      "duration" : 70
    },
    "status" : "passed",
    "steps" : [ ],
    "attachments" : [ ],
    "parameters" : [ ],
    "stepsCount" : 0,
    "attachmentsCount" : 0,
    "shouldDisplayMessage" : false,
    "hasContent" : false
  } ],
  "labels" : [ {
    "name" : "epic",
    "value" : "The Groups Page"
  }, {
    "name" : "parentSuite",
    "value" : "tests"
  }, {
    "name" : "suite",
    "value" : "groups_page_test"
  }, {
    "name" : "subSuite",
    "value" : "TestGroupsPage"
  }, {
    "name" : "host",
    "value" : "fv-az1437-197"
  }, {
    "name" : "thread",
    "value" : "2277-MainThread"
  }, {
    "name" : "framework",
    "value" : "pytest"
  }, {
    "name" : "language",
    "value" : "cpython3"
  }, {
    "name" : "package",
    "value" : "tests.groups_page_test"
  }, {
    "name" : "resultFormat",
    "value" : "allure2"
  } ],
  "parameters" : [ ],
  "links" : [ ],
  "hidden" : false,
  "retry" : false,
  "extra" : {
    "severity" : "normal",
    "retries" : [ ],
    "categories" : [ {
      "name" : "Product defects",
      "matchedStatuses" : [ ],
      "flaky" : false
    } ],
    "history" : {
      "statistic" : {
        "failed" : 4,
        "broken" : 0,
        "skipped" : 0,
        "passed" : 0,
        "unknown" : 0,
        "total" : 4
      },
      "items" : [ {
        "uid" : "4891639027a37f54",
        "reportUrl" : "https://Brain-up.github.io/auto-tests-python/158//#testresult/4891639027a37f54",
        "status" : "failed",
        "statusDetails" : "AssertionError: Attributes 'href' of links do not match valid values\nassert ['https://bra...ite/groups/4'] == ['https://bra...ite/groups/2']\n  At index 0 diff: 'https://brainup.site/groups/3' != 'https://brainup.site/groups/1'\n  Full diff:\n  - ['https://brainup.site/groups/1', 'https://brainup.site/groups/2']\n  ?                               ^                                ^\n  + ['https://brainup.site/groups/3', 'https://brainup.site/groups/4']\n  ?                               ^                                ^",
        "time" : {
          "start" : 1729386398206,
          "stop" : 1729386399857,
          "duration" : 1651
        }
      }, {
        "uid" : "5f8591148620a8ee",
        "reportUrl" : "https://Brain-up.github.io/auto-tests-python/336//#testresult/5f8591148620a8ee",
        "status" : "failed",
        "statusDetails" : "AssertionError: Attributes 'href' of links do not match valid values\nassert ['https://bra...ite/groups/4'] == ['https://bra...ite/groups/2']\n  At index 0 diff: 'https://brainup.site/groups/3' != 'https://brainup.site/groups/1'\n  Full diff:\n  - ['https://brainup.site/groups/1', 'https://brainup.site/groups/2']\n  ?                               ^                                ^\n  + ['https://brainup.site/groups/3', 'https://brainup.site/groups/4']\n  ?                               ^                                ^",
        "time" : {
          "start" : 1729334526217,
          "stop" : 1729334527457,
          "duration" : 1240
        }
      }, {
        "uid" : "325c42f66d05f12e",
        "reportUrl" : "https://Brain-up.github.io/auto-tests-python/335//#testresult/325c42f66d05f12e",
        "status" : "failed",
        "statusDetails" : "AssertionError: Attributes 'href' of links do not match valid values\nassert ['https://bra...ite/groups/4'] == ['https://bra...ite/groups/2']\n  At index 0 diff: 'https://brainup.site/groups/3' != 'https://brainup.site/groups/1'\n  Full diff:\n  - ['https://brainup.site/groups/1', 'https://brainup.site/groups/2']\n  ?                               ^                                ^\n  + ['https://brainup.site/groups/3', 'https://brainup.site/groups/4']\n  ?                               ^                                ^",
        "time" : {
          "start" : 1729332948877,
          "stop" : 1729332949862,
          "duration" : 985
        }
      } ]
    },
    "tags" : [ ]
  },
  "source" : "990a64661bd08617.json",
  "parameterValues" : [ ]
}