{
  "uid" : "13dfcb298d7c2549",
  "name" : "Verify redirection to github not authorized user.",
  "fullName" : "tests.description_page_test.TestDescriptionPage#test_dp_06_verify_redirection_to_github",
  "historyId" : "db563ea7cf9e606db94d8902a76dc26a",
  "time" : {
    "start" : 1723510963033,
    "stop" : 1723510983494,
    "duration" : 20461
  },
  "status" : "broken",
  "statusMessage" : "selenium.common.exceptions.TimeoutException: Message: Can't find element by locator ('css selector', '#other-menu')\nStacktrace:\n#0 0x55fbe5dd971a <unknown>\n#1 0x55fbe5aaa640 <unknown>\n#2 0x55fbe5af9c0b <unknown>\n#3 0x55fbe5af9ef1 <unknown>\n#4 0x55fbe5b3db64 <unknown>\n#5 0x55fbe5b1c90d <unknown>\n#6 0x55fbe5b3b08a <unknown>\n#7 0x55fbe5b1c683 <unknown>\n#8 0x55fbe5aecd71 <unknown>\n#9 0x55fbe5aed7de <unknown>\n#10 0x55fbe5da12ab <unknown>\n#11 0x55fbe5da5242 <unknown>\n#12 0x55fbe5d8e665 <unknown>\n#13 0x55fbe5da5dd2 <unknown>\n#14 0x55fbe5d732af <unknown>\n#15 0x55fbe5dc8eb8 <unknown>\n#16 0x55fbe5dc9090 <unknown>\n#17 0x55fbe5dd84ec <unknown>\n#18 0x7f5163894ac3 <unknown>",
  "statusTrace" : "self = <tests.description_page_test.TestDescriptionPage object at 0x7fab141325d0>\ndriver = <selenium.webdriver.chrome.webdriver.WebDriver (session=\"91454ebfd1cdc88cb154be2c11a8041c\")>\nmain_page_open = None\n\n    @allure.title(\"Verify redirection to github not authorized user.\")\n    def test_dp_06_verify_redirection_to_github(self, driver, main_page_open):\n        page = DescriptionPage(driver)\n>       github_page_url = page.transition_github()\n\ntests/description_page_test.py:42: \n_ _ _ _ _ _ _ _ _ _ _ _ _ _ _ _ _ _ _ _ _ _ _ _ _ _ _ _ _ _ _ _ _ _ _ _ _ _ _ _ \npages/description_page.py:48: in transition_github\n    self.element_is_present_and_clickable(self.locators.MORE_MENU).click()\npages/base_page.py:33: in element_is_present_and_clickable\n    return (Wait(self.driver, self.timeout).until(\n_ _ _ _ _ _ _ _ _ _ _ _ _ _ _ _ _ _ _ _ _ _ _ _ _ _ _ _ _ _ _ _ _ _ _ _ _ _ _ _ \n\nself = <selenium.webdriver.support.wait.WebDriverWait (session=\"91454ebfd1cdc88cb154be2c11a8041c\")>\nmethod = <function visibility_of_element_located.<locals>._predicate at 0x7fab13b7d3a0>\nmessage = \"Can't find element by locator ('css selector', '#other-menu')\"\n\n    def until(self, method, message: str = \"\"):\n        \"\"\"Calls the method provided with the driver as an argument until the \\\n        return value does not evaluate to ``False``.\n    \n        :param method: callable(WebDriver)\n        :param message: optional message for :exc:`TimeoutException`\n        :returns: the result of the last call to `method`\n        :raises: :exc:`selenium.common.exceptions.TimeoutException` if timeout occurs\n        \"\"\"\n        screen = None\n        stacktrace = None\n    \n        end_time = time.monotonic() + self._timeout\n        while True:\n            try:\n                value = method(self._driver)\n                if value:\n                    return value\n            except self._ignored_exceptions as exc:\n                screen = getattr(exc, \"screen\", None)\n                stacktrace = getattr(exc, \"stacktrace\", None)\n            time.sleep(self._poll)\n            if time.monotonic() > end_time:\n                break\n>       raise TimeoutException(message, screen, stacktrace)\nE       selenium.common.exceptions.TimeoutException: Message: Can't find element by locator ('css selector', '#other-menu')\nE       Stacktrace:\nE       #0 0x55fbe5dd971a <unknown>\nE       #1 0x55fbe5aaa640 <unknown>\nE       #2 0x55fbe5af9c0b <unknown>\nE       #3 0x55fbe5af9ef1 <unknown>\nE       #4 0x55fbe5b3db64 <unknown>\nE       #5 0x55fbe5b1c90d <unknown>\nE       #6 0x55fbe5b3b08a <unknown>\nE       #7 0x55fbe5b1c683 <unknown>\nE       #8 0x55fbe5aecd71 <unknown>\nE       #9 0x55fbe5aed7de <unknown>\nE       #10 0x55fbe5da12ab <unknown>\nE       #11 0x55fbe5da5242 <unknown>\nE       #12 0x55fbe5d8e665 <unknown>\nE       #13 0x55fbe5da5dd2 <unknown>\nE       #14 0x55fbe5d732af <unknown>\nE       #15 0x55fbe5dc8eb8 <unknown>\nE       #16 0x55fbe5dc9090 <unknown>\nE       #17 0x55fbe5dd84ec <unknown>\nE       #18 0x7f5163894ac3 <unknown>\n\n/opt/hostedtoolcache/Python/3.12.4/x64/lib/python3.12/site-packages/selenium/webdriver/support/wait.py:95: TimeoutException",
  "flaky" : false,
  "newFailed" : false,
  "beforeStages" : [ {
    "name" : "main_page_open",
    "time" : {
      "start" : 1723510962484,
      "stop" : 1723510963032,
      "duration" : 548
    },
    "status" : "passed",
    "steps" : [ {
      "name" : "Open page: https://brainup.site/",
      "time" : {
        "start" : 1723510962484,
        "stop" : 1723510963032,
        "duration" : 548
      },
      "status" : "passed",
      "steps" : [ ],
      "attachments" : [ ],
      "parameters" : [ {
        "name" : "driver",
        "value" : "<selenium.webdriver.chrome.webdriver.WebDriver (session=\"91454ebfd1cdc88cb154be2c11a8041c\")>"
      } ],
      "hasContent" : true,
      "stepsCount" : 0,
      "attachmentsCount" : 0,
      "shouldDisplayMessage" : false
    } ],
    "attachments" : [ ],
    "parameters" : [ ],
    "hasContent" : true,
    "stepsCount" : 1,
    "attachmentsCount" : 0,
    "shouldDisplayMessage" : false
  }, {
    "name" : "driver",
    "time" : {
      "start" : 1723510961792,
      "stop" : 1723510962484,
      "duration" : 692
    },
    "status" : "passed",
    "steps" : [ ],
    "attachments" : [ ],
    "parameters" : [ ],
    "hasContent" : false,
    "stepsCount" : 0,
    "attachmentsCount" : 0,
    "shouldDisplayMessage" : false
  }, {
    "name" : "clear_allure_results_folder",
    "time" : {
      "start" : 1723510293047,
      "stop" : 1723510293047,
      "duration" : 0
    },
    "status" : "passed",
    "steps" : [ ],
    "attachments" : [ ],
    "parameters" : [ ],
    "hasContent" : false,
    "stepsCount" : 0,
    "attachmentsCount" : 0,
    "shouldDisplayMessage" : false
  } ],
  "testStage" : {
    "status" : "broken",
    "statusMessage" : "selenium.common.exceptions.TimeoutException: Message: Can't find element by locator ('css selector', '#other-menu')\nStacktrace:\n#0 0x55fbe5dd971a <unknown>\n#1 0x55fbe5aaa640 <unknown>\n#2 0x55fbe5af9c0b <unknown>\n#3 0x55fbe5af9ef1 <unknown>\n#4 0x55fbe5b3db64 <unknown>\n#5 0x55fbe5b1c90d <unknown>\n#6 0x55fbe5b3b08a <unknown>\n#7 0x55fbe5b1c683 <unknown>\n#8 0x55fbe5aecd71 <unknown>\n#9 0x55fbe5aed7de <unknown>\n#10 0x55fbe5da12ab <unknown>\n#11 0x55fbe5da5242 <unknown>\n#12 0x55fbe5d8e665 <unknown>\n#13 0x55fbe5da5dd2 <unknown>\n#14 0x55fbe5d732af <unknown>\n#15 0x55fbe5dc8eb8 <unknown>\n#16 0x55fbe5dc9090 <unknown>\n#17 0x55fbe5dd84ec <unknown>\n#18 0x7f5163894ac3 <unknown>",
    "statusTrace" : "self = <tests.description_page_test.TestDescriptionPage object at 0x7fab141325d0>\ndriver = <selenium.webdriver.chrome.webdriver.WebDriver (session=\"91454ebfd1cdc88cb154be2c11a8041c\")>\nmain_page_open = None\n\n    @allure.title(\"Verify redirection to github not authorized user.\")\n    def test_dp_06_verify_redirection_to_github(self, driver, main_page_open):\n        page = DescriptionPage(driver)\n>       github_page_url = page.transition_github()\n\ntests/description_page_test.py:42: \n_ _ _ _ _ _ _ _ _ _ _ _ _ _ _ _ _ _ _ _ _ _ _ _ _ _ _ _ _ _ _ _ _ _ _ _ _ _ _ _ \npages/description_page.py:48: in transition_github\n    self.element_is_present_and_clickable(self.locators.MORE_MENU).click()\npages/base_page.py:33: in element_is_present_and_clickable\n    return (Wait(self.driver, self.timeout).until(\n_ _ _ _ _ _ _ _ _ _ _ _ _ _ _ _ _ _ _ _ _ _ _ _ _ _ _ _ _ _ _ _ _ _ _ _ _ _ _ _ \n\nself = <selenium.webdriver.support.wait.WebDriverWait (session=\"91454ebfd1cdc88cb154be2c11a8041c\")>\nmethod = <function visibility_of_element_located.<locals>._predicate at 0x7fab13b7d3a0>\nmessage = \"Can't find element by locator ('css selector', '#other-menu')\"\n\n    def until(self, method, message: str = \"\"):\n        \"\"\"Calls the method provided with the driver as an argument until the \\\n        return value does not evaluate to ``False``.\n    \n        :param method: callable(WebDriver)\n        :param message: optional message for :exc:`TimeoutException`\n        :returns: the result of the last call to `method`\n        :raises: :exc:`selenium.common.exceptions.TimeoutException` if timeout occurs\n        \"\"\"\n        screen = None\n        stacktrace = None\n    \n        end_time = time.monotonic() + self._timeout\n        while True:\n            try:\n                value = method(self._driver)\n                if value:\n                    return value\n            except self._ignored_exceptions as exc:\n                screen = getattr(exc, \"screen\", None)\n                stacktrace = getattr(exc, \"stacktrace\", None)\n            time.sleep(self._poll)\n            if time.monotonic() > end_time:\n                break\n>       raise TimeoutException(message, screen, stacktrace)\nE       selenium.common.exceptions.TimeoutException: Message: Can't find element by locator ('css selector', '#other-menu')\nE       Stacktrace:\nE       #0 0x55fbe5dd971a <unknown>\nE       #1 0x55fbe5aaa640 <unknown>\nE       #2 0x55fbe5af9c0b <unknown>\nE       #3 0x55fbe5af9ef1 <unknown>\nE       #4 0x55fbe5b3db64 <unknown>\nE       #5 0x55fbe5b1c90d <unknown>\nE       #6 0x55fbe5b3b08a <unknown>\nE       #7 0x55fbe5b1c683 <unknown>\nE       #8 0x55fbe5aecd71 <unknown>\nE       #9 0x55fbe5aed7de <unknown>\nE       #10 0x55fbe5da12ab <unknown>\nE       #11 0x55fbe5da5242 <unknown>\nE       #12 0x55fbe5d8e665 <unknown>\nE       #13 0x55fbe5da5dd2 <unknown>\nE       #14 0x55fbe5d732af <unknown>\nE       #15 0x55fbe5dc8eb8 <unknown>\nE       #16 0x55fbe5dc9090 <unknown>\nE       #17 0x55fbe5dd84ec <unknown>\nE       #18 0x7f5163894ac3 <unknown>\n\n/opt/hostedtoolcache/Python/3.12.4/x64/lib/python3.12/site-packages/selenium/webdriver/support/wait.py:95: TimeoutException",
    "steps" : [ {
      "name" : "Open github page",
      "time" : {
        "start" : 1723510963033,
        "stop" : 1723510983493,
        "duration" : 20460
      },
      "status" : "broken",
      "statusMessage" : "selenium.common.exceptions.TimeoutException: Message: Can't find element by locator ('css selector', '#other-menu')\nStacktrace:\n#0 0x55fbe5dd971a <unknown>\n#1 0x55fbe5aaa640 <unknown>\n#2 0x55fbe5af9c0b <unknown>\n#3 0x55fbe5af9ef1 <unknown>\n#4 0x55fbe5b3db64 <unknown>\n#5 0x55fbe5b1c90d <unknown>\n#6 0x55fbe5b3b08a <unknown>\n#7 0x55fbe5b1c683 <unknown>\n#8 0x55fbe5aecd71 <unknown>\n#9 0x55fbe5aed7de <unknown>\n#10 0x55fbe5da12ab <unknown>\n#11 0x55fbe5da5242 <unknown>\n#12 0x55fbe5d8e665 <unknown>\n#13 0x55fbe5da5dd2 <unknown>\n#14 0x55fbe5d732af <unknown>\n#15 0x55fbe5dc8eb8 <unknown>\n#16 0x55fbe5dc9090 <unknown>\n#17 0x55fbe5dd84ec <unknown>\n#18 0x7f5163894ac3 <unknown>\n\n",
      "statusTrace" : "  File \"/opt/hostedtoolcache/Python/3.12.4/x64/lib/python3.12/site-packages/allure_commons/_allure.py\", line 192, in impl\n    return func(*a, **kw)\n           ^^^^^^^^^^^^^^\n  File \"/home/runner/work/auto-tests-python/auto-tests-python/pages/description_page.py\", line 48, in transition_github\n    self.element_is_present_and_clickable(self.locators.MORE_MENU).click()\n    ^^^^^^^^^^^^^^^^^^^^^^^^^^^^^^^^^^^^^^^^^^^^^^^^^^^^^^^^^^^^^^\n  File \"/home/runner/work/auto-tests-python/auto-tests-python/pages/base_page.py\", line 33, in element_is_present_and_clickable\n    return (Wait(self.driver, self.timeout).until(\n            ^^^^^^^^^^^^^^^^^^^^^^^^^^^^^^^^^^^^^^\n  File \"/opt/hostedtoolcache/Python/3.12.4/x64/lib/python3.12/site-packages/selenium/webdriver/support/wait.py\", line 95, in until\n    raise TimeoutException(message, screen, stacktrace)\n",
      "steps" : [ {
        "name" : "Check element is visible and clickable: ('css selector', '#other-menu')",
        "time" : {
          "start" : 1723510963033,
          "stop" : 1723510983493,
          "duration" : 20460
        },
        "status" : "broken",
        "statusMessage" : "selenium.common.exceptions.TimeoutException: Message: Can't find element by locator ('css selector', '#other-menu')\nStacktrace:\n#0 0x55fbe5dd971a <unknown>\n#1 0x55fbe5aaa640 <unknown>\n#2 0x55fbe5af9c0b <unknown>\n#3 0x55fbe5af9ef1 <unknown>\n#4 0x55fbe5b3db64 <unknown>\n#5 0x55fbe5b1c90d <unknown>\n#6 0x55fbe5b3b08a <unknown>\n#7 0x55fbe5b1c683 <unknown>\n#8 0x55fbe5aecd71 <unknown>\n#9 0x55fbe5aed7de <unknown>\n#10 0x55fbe5da12ab <unknown>\n#11 0x55fbe5da5242 <unknown>\n#12 0x55fbe5d8e665 <unknown>\n#13 0x55fbe5da5dd2 <unknown>\n#14 0x55fbe5d732af <unknown>\n#15 0x55fbe5dc8eb8 <unknown>\n#16 0x55fbe5dc9090 <unknown>\n#17 0x55fbe5dd84ec <unknown>\n#18 0x7f5163894ac3 <unknown>\n\n",
        "statusTrace" : "  File \"/home/runner/work/auto-tests-python/auto-tests-python/pages/base_page.py\", line 33, in element_is_present_and_clickable\n    return (Wait(self.driver, self.timeout).until(\n            ^^^^^^^^^^^^^^^^^^^^^^^^^^^^^^^^^^^^^^\n  File \"/opt/hostedtoolcache/Python/3.12.4/x64/lib/python3.12/site-packages/selenium/webdriver/support/wait.py\", line 95, in until\n    raise TimeoutException(message, screen, stacktrace)\n",
        "steps" : [ ],
        "attachments" : [ ],
        "parameters" : [ ],
        "hasContent" : true,
        "stepsCount" : 0,
        "attachmentsCount" : 0,
        "shouldDisplayMessage" : true
      } ],
      "attachments" : [ ],
      "parameters" : [ ],
      "hasContent" : true,
      "stepsCount" : 1,
      "attachmentsCount" : 0,
      "shouldDisplayMessage" : false
    } ],
    "attachments" : [ {
      "uid" : "96d1837322da68af",
      "name" : "Screenshot",
      "source" : "96d1837322da68af.png",
      "type" : "image/png",
      "size" : 8588
    }, {
      "uid" : "6943b9792973159",
      "name" : "HTML source",
      "source" : "6943b9792973159.html",
      "type" : "text/html",
      "size" : 39
    } ],
    "parameters" : [ ],
    "hasContent" : true,
    "stepsCount" : 2,
    "attachmentsCount" : 2,
    "shouldDisplayMessage" : true
  },
  "afterStages" : [ {
    "name" : "driver::0",
    "time" : {
      "start" : 1723510983593,
      "stop" : 1723510983740,
      "duration" : 147
    },
    "status" : "passed",
    "steps" : [ ],
    "attachments" : [ {
      "uid" : "fb24a5baa0189853",
      "name" : "Screenshot 2024-08-13 01:03:03.680531",
      "source" : "fb24a5baa0189853.png",
      "type" : "image/png",
      "size" : 8588
    } ],
    "parameters" : [ ],
    "hasContent" : true,
    "stepsCount" : 0,
    "attachmentsCount" : 1,
    "shouldDisplayMessage" : false
  } ],
  "labels" : [ {
    "name" : "epic",
    "value" : "Description Page."
  }, {
    "name" : "parentSuite",
    "value" : "tests"
  }, {
    "name" : "suite",
    "value" : "description_page_test"
  }, {
    "name" : "subSuite",
    "value" : "TestDescriptionPage"
  }, {
    "name" : "host",
    "value" : "fv-az801-771"
  }, {
    "name" : "thread",
    "value" : "2298-MainThread"
  }, {
    "name" : "framework",
    "value" : "pytest"
  }, {
    "name" : "language",
    "value" : "cpython3"
  }, {
    "name" : "package",
    "value" : "tests.description_page_test"
  }, {
    "name" : "resultFormat",
    "value" : "allure2"
  } ],
  "parameters" : [ ],
  "links" : [ ],
  "hidden" : false,
  "retry" : false,
  "extra" : {
    "severity" : "normal",
    "retries" : [ ],
    "categories" : [ {
      "name" : "Test defects",
      "matchedStatuses" : [ ],
      "flaky" : false
    } ],
    "history" : {
      "statistic" : {
        "failed" : 0,
        "broken" : 1,
        "skipped" : 0,
        "passed" : 292,
        "unknown" : 0,
        "total" : 293
      },
      "items" : [ {
        "uid" : "98dbc43c57a247d8",
        "reportUrl" : "https://Brain-up.github.io/auto-tests-python/194//#testresult/98dbc43c57a247d8",
        "status" : "passed",
        "time" : {
          "start" : 1723447383032,
          "stop" : 1723447384459,
          "duration" : 1427
        }
      }, {
        "uid" : "847de1bf4424cb03",
        "reportUrl" : "https://Brain-up.github.io/auto-tests-python/193//#testresult/847de1bf4424cb03",
        "status" : "passed",
        "time" : {
          "start" : 1723445828511,
          "stop" : 1723445830065,
          "duration" : 1554
        }
      }, {
        "uid" : "2bb9ad8f40c0506f",
        "reportUrl" : "https://Brain-up.github.io/auto-tests-python/89//#testresult/2bb9ad8f40c0506f",
        "status" : "passed",
        "time" : {
          "start" : 1723424101662,
          "stop" : 1723424103043,
          "duration" : 1381
        }
      }, {
        "uid" : "5e550a5ec5b7eb85",
        "reportUrl" : "https://Brain-up.github.io/auto-tests-python/192//#testresult/5e550a5ec5b7eb85",
        "status" : "passed",
        "time" : {
          "start" : 1723361200479,
          "stop" : 1723361201796,
          "duration" : 1317
        }
      }, {
        "uid" : "d43b44d893d6eed8",
        "reportUrl" : "https://Brain-up.github.io/auto-tests-python/191//#testresult/d43b44d893d6eed8",
        "status" : "passed",
        "time" : {
          "start" : 1723359206611,
          "stop" : 1723359208237,
          "duration" : 1626
        }
      }, {
        "uid" : "ba7de32db48607cc",
        "reportUrl" : "https://Brain-up.github.io/auto-tests-python/191//#testresult/ba7de32db48607cc",
        "status" : "passed",
        "time" : {
          "start" : 1723357562682,
          "stop" : 1723357564446,
          "duration" : 1764
        }
      }, {
        "uid" : "797ebf68afdfd72c",
        "reportUrl" : "https://Brain-up.github.io/auto-tests-python/88//#testresult/797ebf68afdfd72c",
        "status" : "passed",
        "time" : {
          "start" : 1723337832365,
          "stop" : 1723337834077,
          "duration" : 1712
        }
      }, {
        "uid" : "14714a26950127c5",
        "reportUrl" : "https://Brain-up.github.io/auto-tests-python/190//#testresult/14714a26950127c5",
        "status" : "passed",
        "time" : {
          "start" : 1723304469339,
          "stop" : 1723304470775,
          "duration" : 1436
        }
      }, {
        "uid" : "2c360b8127017cb3",
        "reportUrl" : "https://Brain-up.github.io/auto-tests-python/189//#testresult/2c360b8127017cb3",
        "status" : "passed",
        "time" : {
          "start" : 1723303011569,
          "stop" : 1723303013090,
          "duration" : 1521
        }
      }, {
        "uid" : "e8c99a223e0fb656",
        "reportUrl" : "https://Brain-up.github.io/auto-tests-python/87//#testresult/e8c99a223e0fb656",
        "status" : "passed",
        "time" : {
          "start" : 1723251177454,
          "stop" : 1723251178890,
          "duration" : 1436
        }
      }, {
        "uid" : "f9885c21638b8ff0",
        "reportUrl" : "https://Brain-up.github.io/auto-tests-python/188//#testresult/f9885c21638b8ff0",
        "status" : "passed",
        "time" : {
          "start" : 1723188396396,
          "stop" : 1723188398002,
          "duration" : 1606
        }
      }, {
        "uid" : "a1e84698e6a63a76",
        "reportUrl" : "https://Brain-up.github.io/auto-tests-python/187//#testresult/a1e84698e6a63a76",
        "status" : "passed",
        "time" : {
          "start" : 1723187158229,
          "stop" : 1723187159831,
          "duration" : 1602
        }
      }, {
        "uid" : "debdfc82692ae1be",
        "reportUrl" : "https://Brain-up.github.io/auto-tests-python/86//#testresult/debdfc82692ae1be",
        "status" : "passed",
        "time" : {
          "start" : 1723164807348,
          "stop" : 1723164809294,
          "duration" : 1946
        }
      }, {
        "uid" : "34ce914dadac5b61",
        "reportUrl" : "https://Brain-up.github.io/auto-tests-python/186//#testresult/34ce914dadac5b61",
        "status" : "passed",
        "time" : {
          "start" : 1723103046807,
          "stop" : 1723103048245,
          "duration" : 1438
        }
      }, {
        "uid" : "c85e0b2d801a839c",
        "reportUrl" : "https://Brain-up.github.io/auto-tests-python/185//#testresult/c85e0b2d801a839c",
        "status" : "passed",
        "time" : {
          "start" : 1723101296455,
          "stop" : 1723101298235,
          "duration" : 1780
        }
      }, {
        "uid" : "c922cceb8f21ae02",
        "reportUrl" : "https://Brain-up.github.io/auto-tests-python/85//#testresult/c922cceb8f21ae02",
        "status" : "passed",
        "time" : {
          "start" : 1723078406784,
          "stop" : 1723078408724,
          "duration" : 1940
        }
      }, {
        "uid" : "5ea439178b39a26c",
        "reportUrl" : "https://Brain-up.github.io/auto-tests-python/184//#testresult/5ea439178b39a26c",
        "status" : "passed",
        "time" : {
          "start" : 1723019252459,
          "stop" : 1723019254180,
          "duration" : 1721
        }
      }, {
        "uid" : "ffcea7e679a39ed0",
        "reportUrl" : "https://Brain-up.github.io/auto-tests-python/183//#testresult/ffcea7e679a39ed0",
        "status" : "passed",
        "time" : {
          "start" : 1723017500693,
          "stop" : 1723017502126,
          "duration" : 1433
        }
      }, {
        "uid" : "a1e868d686da3267",
        "reportUrl" : "https://Brain-up.github.io/auto-tests-python/182//#testresult/a1e868d686da3267",
        "status" : "passed",
        "time" : {
          "start" : 1723015933343,
          "stop" : 1723015934747,
          "duration" : 1404
        }
      }, {
        "uid" : "f5d8db16b9eb53b3",
        "reportUrl" : "https://Brain-up.github.io/auto-tests-python/181//#testresult/f5d8db16b9eb53b3",
        "status" : "passed",
        "time" : {
          "start" : 1723014435970,
          "stop" : 1723014437336,
          "duration" : 1366
        }
      } ]
    },
    "tags" : [ ]
  },
  "source" : "13dfcb298d7c2549.json",
  "parameterValues" : [ ]
}