{
  "uid" : "7e72cc10d858fcb3",
  "name" : "Verify presence, visibility of text, links, images in the Footer",
  "fullName" : "tests.footer_test.TestFooterStructure#test_fp_01_03_verify_footer_structural_elements",
  "historyId" : "1688e46abbe765184639d2c9952ff571",
  "time" : {
    "start" : 1723511072454,
    "stop" : 1723511092939,
    "duration" : 20485
  },
  "status" : "broken",
  "statusMessage" : "selenium.common.exceptions.TimeoutException: Message: Can't find element by locator ('xpath', '//span[@data-test-support-message]')\nStacktrace:\n#0 0x55c7d160c71a <unknown>\n#1 0x55c7d12dd640 <unknown>\n#2 0x55c7d132cc0b <unknown>\n#3 0x55c7d132cef1 <unknown>\n#4 0x55c7d1370b64 <unknown>\n#5 0x55c7d134f90d <unknown>\n#6 0x55c7d136e08a <unknown>\n#7 0x55c7d134f683 <unknown>\n#8 0x55c7d131fd71 <unknown>\n#9 0x55c7d13207de <unknown>\n#10 0x55c7d15d42ab <unknown>\n#11 0x55c7d15d8242 <unknown>\n#12 0x55c7d15c1665 <unknown>\n#13 0x55c7d15d8dd2 <unknown>\n#14 0x55c7d15a62af <unknown>\n#15 0x55c7d15fbeb8 <unknown>\n#16 0x55c7d15fc090 <unknown>\n#17 0x55c7d160b4ec <unknown>\n#18 0x7f66a1094ac3 <unknown>",
  "statusTrace" : "self = <tests.footer_test.TestFooter.TestFooterStructure object at 0x7fab14137e30>\ndriver = <selenium.webdriver.chrome.webdriver.WebDriver (session=\"678fc1e552fa051ee9728a11916483c7\")>\nmain_page_open = None\n\n    @allure.title(\"Verify presence, visibility of text, links, images in the Footer\")\n    def test_fp_01_03_verify_footer_structural_elements(self, driver, main_page_open):\n        page = FooterPage(driver)\n>       text_on_4th_level = page.check_text_presence()\n\ntests/footer_test.py:54: \n_ _ _ _ _ _ _ _ _ _ _ _ _ _ _ _ _ _ _ _ _ _ _ _ _ _ _ _ _ _ _ _ _ _ _ _ _ _ _ _ \npages/footer_page.py:96: in check_text_presence\n    return self.element_is_present(self.locators.FOOTER_TEXT)\npages/base_page.py:56: in element_is_present\n    return Wait(self.driver, self.timeout).until(\n_ _ _ _ _ _ _ _ _ _ _ _ _ _ _ _ _ _ _ _ _ _ _ _ _ _ _ _ _ _ _ _ _ _ _ _ _ _ _ _ \n\nself = <selenium.webdriver.support.wait.WebDriverWait (session=\"678fc1e552fa051ee9728a11916483c7\")>\nmethod = <function presence_of_element_located.<locals>._predicate at 0x7fab13c3c220>\nmessage = \"Can't find element by locator ('xpath', '//span[@data-test-support-message]')\"\n\n    def until(self, method, message: str = \"\"):\n        \"\"\"Calls the method provided with the driver as an argument until the \\\n        return value does not evaluate to ``False``.\n    \n        :param method: callable(WebDriver)\n        :param message: optional message for :exc:`TimeoutException`\n        :returns: the result of the last call to `method`\n        :raises: :exc:`selenium.common.exceptions.TimeoutException` if timeout occurs\n        \"\"\"\n        screen = None\n        stacktrace = None\n    \n        end_time = time.monotonic() + self._timeout\n        while True:\n            try:\n                value = method(self._driver)\n                if value:\n                    return value\n            except self._ignored_exceptions as exc:\n                screen = getattr(exc, \"screen\", None)\n                stacktrace = getattr(exc, \"stacktrace\", None)\n            time.sleep(self._poll)\n            if time.monotonic() > end_time:\n                break\n>       raise TimeoutException(message, screen, stacktrace)\nE       selenium.common.exceptions.TimeoutException: Message: Can't find element by locator ('xpath', '//span[@data-test-support-message]')\nE       Stacktrace:\nE       #0 0x55c7d160c71a <unknown>\nE       #1 0x55c7d12dd640 <unknown>\nE       #2 0x55c7d132cc0b <unknown>\nE       #3 0x55c7d132cef1 <unknown>\nE       #4 0x55c7d1370b64 <unknown>\nE       #5 0x55c7d134f90d <unknown>\nE       #6 0x55c7d136e08a <unknown>\nE       #7 0x55c7d134f683 <unknown>\nE       #8 0x55c7d131fd71 <unknown>\nE       #9 0x55c7d13207de <unknown>\nE       #10 0x55c7d15d42ab <unknown>\nE       #11 0x55c7d15d8242 <unknown>\nE       #12 0x55c7d15c1665 <unknown>\nE       #13 0x55c7d15d8dd2 <unknown>\nE       #14 0x55c7d15a62af <unknown>\nE       #15 0x55c7d15fbeb8 <unknown>\nE       #16 0x55c7d15fc090 <unknown>\nE       #17 0x55c7d160b4ec <unknown>\nE       #18 0x7f66a1094ac3 <unknown>\n\n/opt/hostedtoolcache/Python/3.12.4/x64/lib/python3.12/site-packages/selenium/webdriver/support/wait.py:95: TimeoutException",
  "flaky" : false,
  "newFailed" : false,
  "beforeStages" : [ {
    "name" : "driver",
    "time" : {
      "start" : 1723511071222,
      "stop" : 1723511071913,
      "duration" : 691
    },
    "status" : "passed",
    "steps" : [ ],
    "attachments" : [ ],
    "parameters" : [ ],
    "hasContent" : false,
    "stepsCount" : 0,
    "attachmentsCount" : 0,
    "shouldDisplayMessage" : false
  }, {
    "name" : "clear_allure_results_folder",
    "time" : {
      "start" : 1723510293047,
      "stop" : 1723510293047,
      "duration" : 0
    },
    "status" : "passed",
    "steps" : [ ],
    "attachments" : [ ],
    "parameters" : [ ],
    "hasContent" : false,
    "stepsCount" : 0,
    "attachmentsCount" : 0,
    "shouldDisplayMessage" : false
  }, {
    "name" : "main_page_open",
    "time" : {
      "start" : 1723511071913,
      "stop" : 1723511072454,
      "duration" : 541
    },
    "status" : "passed",
    "steps" : [ {
      "name" : "Open page: https://brainup.site/",
      "time" : {
        "start" : 1723511071913,
        "stop" : 1723511072454,
        "duration" : 541
      },
      "status" : "passed",
      "steps" : [ ],
      "attachments" : [ ],
      "parameters" : [ {
        "name" : "driver",
        "value" : "<selenium.webdriver.chrome.webdriver.WebDriver (session=\"678fc1e552fa051ee9728a11916483c7\")>"
      } ],
      "hasContent" : true,
      "stepsCount" : 0,
      "attachmentsCount" : 0,
      "shouldDisplayMessage" : false
    } ],
    "attachments" : [ ],
    "parameters" : [ ],
    "hasContent" : true,
    "stepsCount" : 1,
    "attachmentsCount" : 0,
    "shouldDisplayMessage" : false
  } ],
  "testStage" : {
    "status" : "broken",
    "statusMessage" : "selenium.common.exceptions.TimeoutException: Message: Can't find element by locator ('xpath', '//span[@data-test-support-message]')\nStacktrace:\n#0 0x55c7d160c71a <unknown>\n#1 0x55c7d12dd640 <unknown>\n#2 0x55c7d132cc0b <unknown>\n#3 0x55c7d132cef1 <unknown>\n#4 0x55c7d1370b64 <unknown>\n#5 0x55c7d134f90d <unknown>\n#6 0x55c7d136e08a <unknown>\n#7 0x55c7d134f683 <unknown>\n#8 0x55c7d131fd71 <unknown>\n#9 0x55c7d13207de <unknown>\n#10 0x55c7d15d42ab <unknown>\n#11 0x55c7d15d8242 <unknown>\n#12 0x55c7d15c1665 <unknown>\n#13 0x55c7d15d8dd2 <unknown>\n#14 0x55c7d15a62af <unknown>\n#15 0x55c7d15fbeb8 <unknown>\n#16 0x55c7d15fc090 <unknown>\n#17 0x55c7d160b4ec <unknown>\n#18 0x7f66a1094ac3 <unknown>",
    "statusTrace" : "self = <tests.footer_test.TestFooter.TestFooterStructure object at 0x7fab14137e30>\ndriver = <selenium.webdriver.chrome.webdriver.WebDriver (session=\"678fc1e552fa051ee9728a11916483c7\")>\nmain_page_open = None\n\n    @allure.title(\"Verify presence, visibility of text, links, images in the Footer\")\n    def test_fp_01_03_verify_footer_structural_elements(self, driver, main_page_open):\n        page = FooterPage(driver)\n>       text_on_4th_level = page.check_text_presence()\n\ntests/footer_test.py:54: \n_ _ _ _ _ _ _ _ _ _ _ _ _ _ _ _ _ _ _ _ _ _ _ _ _ _ _ _ _ _ _ _ _ _ _ _ _ _ _ _ \npages/footer_page.py:96: in check_text_presence\n    return self.element_is_present(self.locators.FOOTER_TEXT)\npages/base_page.py:56: in element_is_present\n    return Wait(self.driver, self.timeout).until(\n_ _ _ _ _ _ _ _ _ _ _ _ _ _ _ _ _ _ _ _ _ _ _ _ _ _ _ _ _ _ _ _ _ _ _ _ _ _ _ _ \n\nself = <selenium.webdriver.support.wait.WebDriverWait (session=\"678fc1e552fa051ee9728a11916483c7\")>\nmethod = <function presence_of_element_located.<locals>._predicate at 0x7fab13c3c220>\nmessage = \"Can't find element by locator ('xpath', '//span[@data-test-support-message]')\"\n\n    def until(self, method, message: str = \"\"):\n        \"\"\"Calls the method provided with the driver as an argument until the \\\n        return value does not evaluate to ``False``.\n    \n        :param method: callable(WebDriver)\n        :param message: optional message for :exc:`TimeoutException`\n        :returns: the result of the last call to `method`\n        :raises: :exc:`selenium.common.exceptions.TimeoutException` if timeout occurs\n        \"\"\"\n        screen = None\n        stacktrace = None\n    \n        end_time = time.monotonic() + self._timeout\n        while True:\n            try:\n                value = method(self._driver)\n                if value:\n                    return value\n            except self._ignored_exceptions as exc:\n                screen = getattr(exc, \"screen\", None)\n                stacktrace = getattr(exc, \"stacktrace\", None)\n            time.sleep(self._poll)\n            if time.monotonic() > end_time:\n                break\n>       raise TimeoutException(message, screen, stacktrace)\nE       selenium.common.exceptions.TimeoutException: Message: Can't find element by locator ('xpath', '//span[@data-test-support-message]')\nE       Stacktrace:\nE       #0 0x55c7d160c71a <unknown>\nE       #1 0x55c7d12dd640 <unknown>\nE       #2 0x55c7d132cc0b <unknown>\nE       #3 0x55c7d132cef1 <unknown>\nE       #4 0x55c7d1370b64 <unknown>\nE       #5 0x55c7d134f90d <unknown>\nE       #6 0x55c7d136e08a <unknown>\nE       #7 0x55c7d134f683 <unknown>\nE       #8 0x55c7d131fd71 <unknown>\nE       #9 0x55c7d13207de <unknown>\nE       #10 0x55c7d15d42ab <unknown>\nE       #11 0x55c7d15d8242 <unknown>\nE       #12 0x55c7d15c1665 <unknown>\nE       #13 0x55c7d15d8dd2 <unknown>\nE       #14 0x55c7d15a62af <unknown>\nE       #15 0x55c7d15fbeb8 <unknown>\nE       #16 0x55c7d15fc090 <unknown>\nE       #17 0x55c7d160b4ec <unknown>\nE       #18 0x7f66a1094ac3 <unknown>\n\n/opt/hostedtoolcache/Python/3.12.4/x64/lib/python3.12/site-packages/selenium/webdriver/support/wait.py:95: TimeoutException",
    "steps" : [ {
      "name" : "Check text on the 4th level of nesting is present in the Footer",
      "time" : {
        "start" : 1723511072454,
        "stop" : 1723511092938,
        "duration" : 20484
      },
      "status" : "broken",
      "statusMessage" : "selenium.common.exceptions.TimeoutException: Message: Can't find element by locator ('xpath', '//span[@data-test-support-message]')\nStacktrace:\n#0 0x55c7d160c71a <unknown>\n#1 0x55c7d12dd640 <unknown>\n#2 0x55c7d132cc0b <unknown>\n#3 0x55c7d132cef1 <unknown>\n#4 0x55c7d1370b64 <unknown>\n#5 0x55c7d134f90d <unknown>\n#6 0x55c7d136e08a <unknown>\n#7 0x55c7d134f683 <unknown>\n#8 0x55c7d131fd71 <unknown>\n#9 0x55c7d13207de <unknown>\n#10 0x55c7d15d42ab <unknown>\n#11 0x55c7d15d8242 <unknown>\n#12 0x55c7d15c1665 <unknown>\n#13 0x55c7d15d8dd2 <unknown>\n#14 0x55c7d15a62af <unknown>\n#15 0x55c7d15fbeb8 <unknown>\n#16 0x55c7d15fc090 <unknown>\n#17 0x55c7d160b4ec <unknown>\n#18 0x7f66a1094ac3 <unknown>\n\n",
      "statusTrace" : "  File \"/opt/hostedtoolcache/Python/3.12.4/x64/lib/python3.12/site-packages/allure_commons/_allure.py\", line 192, in impl\n    return func(*a, **kw)\n           ^^^^^^^^^^^^^^\n  File \"/home/runner/work/auto-tests-python/auto-tests-python/pages/footer_page.py\", line 96, in check_text_presence\n    return self.element_is_present(self.locators.FOOTER_TEXT)\n           ^^^^^^^^^^^^^^^^^^^^^^^^^^^^^^^^^^^^^^^^^^^^^^^^^^\n  File \"/home/runner/work/auto-tests-python/auto-tests-python/pages/base_page.py\", line 56, in element_is_present\n    return Wait(self.driver, self.timeout).until(\n           ^^^^^^^^^^^^^^^^^^^^^^^^^^^^^^^^^^^^^^\n  File \"/opt/hostedtoolcache/Python/3.12.4/x64/lib/python3.12/site-packages/selenium/webdriver/support/wait.py\", line 95, in until\n    raise TimeoutException(message, screen, stacktrace)\n",
      "steps" : [ {
        "name" : "Check element is present: ('xpath', '//span[@data-test-support-message]')",
        "time" : {
          "start" : 1723511072454,
          "stop" : 1723511092938,
          "duration" : 20484
        },
        "status" : "broken",
        "statusMessage" : "selenium.common.exceptions.TimeoutException: Message: Can't find element by locator ('xpath', '//span[@data-test-support-message]')\nStacktrace:\n#0 0x55c7d160c71a <unknown>\n#1 0x55c7d12dd640 <unknown>\n#2 0x55c7d132cc0b <unknown>\n#3 0x55c7d132cef1 <unknown>\n#4 0x55c7d1370b64 <unknown>\n#5 0x55c7d134f90d <unknown>\n#6 0x55c7d136e08a <unknown>\n#7 0x55c7d134f683 <unknown>\n#8 0x55c7d131fd71 <unknown>\n#9 0x55c7d13207de <unknown>\n#10 0x55c7d15d42ab <unknown>\n#11 0x55c7d15d8242 <unknown>\n#12 0x55c7d15c1665 <unknown>\n#13 0x55c7d15d8dd2 <unknown>\n#14 0x55c7d15a62af <unknown>\n#15 0x55c7d15fbeb8 <unknown>\n#16 0x55c7d15fc090 <unknown>\n#17 0x55c7d160b4ec <unknown>\n#18 0x7f66a1094ac3 <unknown>\n\n",
        "statusTrace" : "  File \"/home/runner/work/auto-tests-python/auto-tests-python/pages/base_page.py\", line 56, in element_is_present\n    return Wait(self.driver, self.timeout).until(\n           ^^^^^^^^^^^^^^^^^^^^^^^^^^^^^^^^^^^^^^\n  File \"/opt/hostedtoolcache/Python/3.12.4/x64/lib/python3.12/site-packages/selenium/webdriver/support/wait.py\", line 95, in until\n    raise TimeoutException(message, screen, stacktrace)\n",
        "steps" : [ ],
        "attachments" : [ ],
        "parameters" : [ ],
        "hasContent" : true,
        "stepsCount" : 0,
        "attachmentsCount" : 0,
        "shouldDisplayMessage" : true
      } ],
      "attachments" : [ ],
      "parameters" : [ ],
      "hasContent" : true,
      "stepsCount" : 1,
      "attachmentsCount" : 0,
      "shouldDisplayMessage" : false
    } ],
    "attachments" : [ {
      "uid" : "b0016492a419a65b",
      "name" : "Screenshot",
      "source" : "b0016492a419a65b.png",
      "type" : "image/png",
      "size" : 8588
    }, {
      "uid" : "b696841bf765bd66",
      "name" : "HTML source",
      "source" : "b696841bf765bd66.html",
      "type" : "text/html",
      "size" : 39
    } ],
    "parameters" : [ ],
    "hasContent" : true,
    "stepsCount" : 2,
    "attachmentsCount" : 2,
    "shouldDisplayMessage" : true
  },
  "afterStages" : [ {
    "name" : "driver::0",
    "time" : {
      "start" : 1723511093043,
      "stop" : 1723511093185,
      "duration" : 142
    },
    "status" : "passed",
    "steps" : [ ],
    "attachments" : [ {
      "uid" : "5acf3321a6c98c8a",
      "name" : "Screenshot 2024-08-13 01:04:53.125862",
      "source" : "5acf3321a6c98c8a.png",
      "type" : "image/png",
      "size" : 8588
    } ],
    "parameters" : [ ],
    "hasContent" : true,
    "stepsCount" : 0,
    "attachmentsCount" : 1,
    "shouldDisplayMessage" : false
  } ],
  "labels" : [ {
    "name" : "epic",
    "value" : "Test Footer"
  }, {
    "name" : "parentSuite",
    "value" : "tests"
  }, {
    "name" : "suite",
    "value" : "footer_test"
  }, {
    "name" : "subSuite",
    "value" : "TestFooter"
  }, {
    "name" : "host",
    "value" : "fv-az801-771"
  }, {
    "name" : "thread",
    "value" : "2298-MainThread"
  }, {
    "name" : "framework",
    "value" : "pytest"
  }, {
    "name" : "language",
    "value" : "cpython3"
  }, {
    "name" : "package",
    "value" : "tests.footer_test"
  }, {
    "name" : "resultFormat",
    "value" : "allure2"
  } ],
  "parameters" : [ ],
  "links" : [ ],
  "hidden" : false,
  "retry" : false,
  "extra" : {
    "severity" : "normal",
    "retries" : [ ],
    "categories" : [ {
      "name" : "Test defects",
      "matchedStatuses" : [ ],
      "flaky" : false
    } ],
    "history" : {
      "statistic" : {
        "failed" : 0,
        "broken" : 1,
        "skipped" : 0,
        "passed" : 50,
        "unknown" : 0,
        "total" : 51
      },
      "items" : [ {
        "uid" : "1c42182edf761eaf",
        "reportUrl" : "https://Brain-up.github.io/auto-tests-python/194//#testresult/1c42182edf761eaf",
        "status" : "passed",
        "time" : {
          "start" : 1723447409846,
          "stop" : 1723447409975,
          "duration" : 129
        }
      }, {
        "uid" : "eb7ca90e2cd5d497",
        "reportUrl" : "https://Brain-up.github.io/auto-tests-python/193//#testresult/eb7ca90e2cd5d497",
        "status" : "passed",
        "time" : {
          "start" : 1723445854755,
          "stop" : 1723445854881,
          "duration" : 126
        }
      }, {
        "uid" : "6c7bf3df5270bc06",
        "reportUrl" : "https://Brain-up.github.io/auto-tests-python/89//#testresult/6c7bf3df5270bc06",
        "status" : "passed",
        "time" : {
          "start" : 1723424128704,
          "stop" : 1723424128830,
          "duration" : 126
        }
      }, {
        "uid" : "2f29813456de77a3",
        "reportUrl" : "https://Brain-up.github.io/auto-tests-python/192//#testresult/2f29813456de77a3",
        "status" : "passed",
        "time" : {
          "start" : 1723361221332,
          "stop" : 1723361221461,
          "duration" : 129
        }
      }, {
        "uid" : "4b72ed9da44210b",
        "reportUrl" : "https://Brain-up.github.io/auto-tests-python/191//#testresult/4b72ed9da44210b",
        "status" : "passed",
        "time" : {
          "start" : 1723359228277,
          "stop" : 1723359228408,
          "duration" : 131
        }
      }, {
        "uid" : "3db04fd872192e5a",
        "reportUrl" : "https://Brain-up.github.io/auto-tests-python/191//#testresult/3db04fd872192e5a",
        "status" : "passed",
        "time" : {
          "start" : 1723357583287,
          "stop" : 1723357583418,
          "duration" : 131
        }
      }, {
        "uid" : "9e98f15cc852755",
        "reportUrl" : "https://Brain-up.github.io/auto-tests-python/88//#testresult/9e98f15cc852755",
        "status" : "passed",
        "time" : {
          "start" : 1723337852841,
          "stop" : 1723337852969,
          "duration" : 128
        }
      }, {
        "uid" : "9c2beb14c4c3b95c",
        "reportUrl" : "https://Brain-up.github.io/auto-tests-python/190//#testresult/9c2beb14c4c3b95c",
        "status" : "passed",
        "time" : {
          "start" : 1723304490718,
          "stop" : 1723304490846,
          "duration" : 128
        }
      }, {
        "uid" : "245dd1ab2ce6e344",
        "reportUrl" : "https://Brain-up.github.io/auto-tests-python/189//#testresult/245dd1ab2ce6e344",
        "status" : "passed",
        "time" : {
          "start" : 1723303032409,
          "stop" : 1723303032534,
          "duration" : 125
        }
      }, {
        "uid" : "2a32cc314e0b9067",
        "reportUrl" : "https://Brain-up.github.io/auto-tests-python/87//#testresult/2a32cc314e0b9067",
        "status" : "passed",
        "time" : {
          "start" : 1723251197931,
          "stop" : 1723251198062,
          "duration" : 131
        }
      }, {
        "uid" : "123d78b2bf22df4",
        "reportUrl" : "https://Brain-up.github.io/auto-tests-python/188//#testresult/123d78b2bf22df4",
        "status" : "passed",
        "time" : {
          "start" : 1723188417289,
          "stop" : 1723188417434,
          "duration" : 145
        }
      }, {
        "uid" : "e2c3f1861a951eb",
        "reportUrl" : "https://Brain-up.github.io/auto-tests-python/187//#testresult/e2c3f1861a951eb",
        "status" : "passed",
        "time" : {
          "start" : 1723187178545,
          "stop" : 1723187178675,
          "duration" : 130
        }
      }, {
        "uid" : "9510f86251ae5055",
        "reportUrl" : "https://Brain-up.github.io/auto-tests-python/86//#testresult/9510f86251ae5055",
        "status" : "passed",
        "time" : {
          "start" : 1723164828286,
          "stop" : 1723164828413,
          "duration" : 127
        }
      }, {
        "uid" : "3a3ad79c08f68ea5",
        "reportUrl" : "https://Brain-up.github.io/auto-tests-python/186//#testresult/3a3ad79c08f68ea5",
        "status" : "passed",
        "time" : {
          "start" : 1723103068743,
          "stop" : 1723103068871,
          "duration" : 128
        }
      }, {
        "uid" : "9abaa6c2290aceb2",
        "reportUrl" : "https://Brain-up.github.io/auto-tests-python/185//#testresult/9abaa6c2290aceb2",
        "status" : "passed",
        "time" : {
          "start" : 1723101317998,
          "stop" : 1723101318125,
          "duration" : 127
        }
      }, {
        "uid" : "5ce73cfcac2b26fe",
        "reportUrl" : "https://Brain-up.github.io/auto-tests-python/85//#testresult/5ce73cfcac2b26fe",
        "status" : "passed",
        "time" : {
          "start" : 1723078433467,
          "stop" : 1723078433594,
          "duration" : 127
        }
      }, {
        "uid" : "13a52beb1ff75aac",
        "reportUrl" : "https://Brain-up.github.io/auto-tests-python/184//#testresult/13a52beb1ff75aac",
        "status" : "passed",
        "time" : {
          "start" : 1723019275814,
          "stop" : 1723019275950,
          "duration" : 136
        }
      }, {
        "uid" : "5c8e874128c80ef5",
        "reportUrl" : "https://Brain-up.github.io/auto-tests-python/183//#testresult/5c8e874128c80ef5",
        "status" : "passed",
        "time" : {
          "start" : 1723017527775,
          "stop" : 1723017527901,
          "duration" : 126
        }
      }, {
        "uid" : "830066b753ca1cc3",
        "reportUrl" : "https://Brain-up.github.io/auto-tests-python/182//#testresult/830066b753ca1cc3",
        "status" : "passed",
        "time" : {
          "start" : 1723015953880,
          "stop" : 1723015954014,
          "duration" : 134
        }
      }, {
        "uid" : "c757a5dfe9843b9a",
        "reportUrl" : "https://Brain-up.github.io/auto-tests-python/181//#testresult/c757a5dfe9843b9a",
        "status" : "passed",
        "time" : {
          "start" : 1723014459430,
          "stop" : 1723014459560,
          "duration" : 130
        }
      } ]
    },
    "tags" : [ ]
  },
  "source" : "7e72cc10d858fcb3.json",
  "parameterValues" : [ ]
}