{
  "uid" : "85347b3d46a650b0",
  "name" : "Verify presence, visibility and attributes of the image in the section 1",
  "fullName" : "tests.start_unauthorized_page_test.TestStartUnauthorizedPageImage#test_su_04_01_verify_image_in_section1",
  "historyId" : "1aafb9d66326b6a4ae885f268ca195f1",
  "time" : {
    "start" : 1723512461188,
    "stop" : 1723512481652,
    "duration" : 20464
  },
  "status" : "broken",
  "statusMessage" : "selenium.common.exceptions.TimeoutException: Message: Can't find element by locator ('xpath', '//section/img')\nStacktrace:\n#0 0x55876ced771a <unknown>\n#1 0x55876cba8640 <unknown>\n#2 0x55876cbf7c0b <unknown>\n#3 0x55876cbf7ef1 <unknown>\n#4 0x55876cc3bb64 <unknown>\n#5 0x55876cc1a90d <unknown>\n#6 0x55876cc3908a <unknown>\n#7 0x55876cc1a683 <unknown>\n#8 0x55876cbead71 <unknown>\n#9 0x55876cbeb7de <unknown>\n#10 0x55876ce9f2ab <unknown>\n#11 0x55876cea3242 <unknown>\n#12 0x55876ce8c665 <unknown>\n#13 0x55876cea3dd2 <unknown>\n#14 0x55876ce712af <unknown>\n#15 0x55876cec6eb8 <unknown>\n#16 0x55876cec7090 <unknown>\n#17 0x55876ced64ec <unknown>\n#18 0x7efe4a894ac3 <unknown>",
  "statusTrace" : "self = <tests.start_unauthorized_page_test.TestStartUnauthorizedPage.TestStartUnauthorizedPageImage object at 0x7fab13ec0530>\ndriver = <selenium.webdriver.chrome.webdriver.WebDriver (session=\"9efff91964d78faf4a969c2d0eafed47\")>\nmain_page_open = None\n\n    @allure.title(\"Verify presence, visibility and attributes of the image in the section 1\")\n    def test_su_04_01_verify_image_in_section1(self, driver, main_page_open):\n        page = StartUnauthorizedPage(driver)\n>       image_presence = page.check_image_presence()\n\ntests/start_unauthorized_page_test.py:134: \n_ _ _ _ _ _ _ _ _ _ _ _ _ _ _ _ _ _ _ _ _ _ _ _ _ _ _ _ _ _ _ _ _ _ _ _ _ _ _ _ \npages/start_unauthorized_page.py:161: in check_image_presence\n    return self.element_is_present(self.locators.SECTION_1_IMAGE)\npages/base_page.py:56: in element_is_present\n    return Wait(self.driver, self.timeout).until(\n_ _ _ _ _ _ _ _ _ _ _ _ _ _ _ _ _ _ _ _ _ _ _ _ _ _ _ _ _ _ _ _ _ _ _ _ _ _ _ _ \n\nself = <selenium.webdriver.support.wait.WebDriverWait (session=\"9efff91964d78faf4a969c2d0eafed47\")>\nmethod = <function presence_of_element_located.<locals>._predicate at 0x7fab139b8c20>\nmessage = \"Can't find element by locator ('xpath', '//section/img')\"\n\n    def until(self, method, message: str = \"\"):\n        \"\"\"Calls the method provided with the driver as an argument until the \\\n        return value does not evaluate to ``False``.\n    \n        :param method: callable(WebDriver)\n        :param message: optional message for :exc:`TimeoutException`\n        :returns: the result of the last call to `method`\n        :raises: :exc:`selenium.common.exceptions.TimeoutException` if timeout occurs\n        \"\"\"\n        screen = None\n        stacktrace = None\n    \n        end_time = time.monotonic() + self._timeout\n        while True:\n            try:\n                value = method(self._driver)\n                if value:\n                    return value\n            except self._ignored_exceptions as exc:\n                screen = getattr(exc, \"screen\", None)\n                stacktrace = getattr(exc, \"stacktrace\", None)\n            time.sleep(self._poll)\n            if time.monotonic() > end_time:\n                break\n>       raise TimeoutException(message, screen, stacktrace)\nE       selenium.common.exceptions.TimeoutException: Message: Can't find element by locator ('xpath', '//section/img')\nE       Stacktrace:\nE       #0 0x55876ced771a <unknown>\nE       #1 0x55876cba8640 <unknown>\nE       #2 0x55876cbf7c0b <unknown>\nE       #3 0x55876cbf7ef1 <unknown>\nE       #4 0x55876cc3bb64 <unknown>\nE       #5 0x55876cc1a90d <unknown>\nE       #6 0x55876cc3908a <unknown>\nE       #7 0x55876cc1a683 <unknown>\nE       #8 0x55876cbead71 <unknown>\nE       #9 0x55876cbeb7de <unknown>\nE       #10 0x55876ce9f2ab <unknown>\nE       #11 0x55876cea3242 <unknown>\nE       #12 0x55876ce8c665 <unknown>\nE       #13 0x55876cea3dd2 <unknown>\nE       #14 0x55876ce712af <unknown>\nE       #15 0x55876cec6eb8 <unknown>\nE       #16 0x55876cec7090 <unknown>\nE       #17 0x55876ced64ec <unknown>\nE       #18 0x7efe4a894ac3 <unknown>\n\n/opt/hostedtoolcache/Python/3.12.4/x64/lib/python3.12/site-packages/selenium/webdriver/support/wait.py:95: TimeoutException",
  "flaky" : false,
  "newFailed" : false,
  "beforeStages" : [ {
    "name" : "driver",
    "time" : {
      "start" : 1723512459950,
      "stop" : 1723512460643,
      "duration" : 693
    },
    "status" : "passed",
    "steps" : [ ],
    "attachments" : [ ],
    "parameters" : [ ],
    "hasContent" : false,
    "stepsCount" : 0,
    "attachmentsCount" : 0,
    "shouldDisplayMessage" : false
  }, {
    "name" : "clear_allure_results_folder",
    "time" : {
      "start" : 1723510293047,
      "stop" : 1723510293047,
      "duration" : 0
    },
    "status" : "passed",
    "steps" : [ ],
    "attachments" : [ ],
    "parameters" : [ ],
    "hasContent" : false,
    "stepsCount" : 0,
    "attachmentsCount" : 0,
    "shouldDisplayMessage" : false
  }, {
    "name" : "main_page_open",
    "time" : {
      "start" : 1723512460643,
      "stop" : 1723512461187,
      "duration" : 544
    },
    "status" : "passed",
    "steps" : [ {
      "name" : "Open page: https://brainup.site/",
      "time" : {
        "start" : 1723512460643,
        "stop" : 1723512461187,
        "duration" : 544
      },
      "status" : "passed",
      "steps" : [ ],
      "attachments" : [ ],
      "parameters" : [ {
        "name" : "driver",
        "value" : "<selenium.webdriver.chrome.webdriver.WebDriver (session=\"9efff91964d78faf4a969c2d0eafed47\")>"
      } ],
      "hasContent" : true,
      "stepsCount" : 0,
      "attachmentsCount" : 0,
      "shouldDisplayMessage" : false
    } ],
    "attachments" : [ ],
    "parameters" : [ ],
    "hasContent" : true,
    "stepsCount" : 1,
    "attachmentsCount" : 0,
    "shouldDisplayMessage" : false
  } ],
  "testStage" : {
    "status" : "broken",
    "statusMessage" : "selenium.common.exceptions.TimeoutException: Message: Can't find element by locator ('xpath', '//section/img')\nStacktrace:\n#0 0x55876ced771a <unknown>\n#1 0x55876cba8640 <unknown>\n#2 0x55876cbf7c0b <unknown>\n#3 0x55876cbf7ef1 <unknown>\n#4 0x55876cc3bb64 <unknown>\n#5 0x55876cc1a90d <unknown>\n#6 0x55876cc3908a <unknown>\n#7 0x55876cc1a683 <unknown>\n#8 0x55876cbead71 <unknown>\n#9 0x55876cbeb7de <unknown>\n#10 0x55876ce9f2ab <unknown>\n#11 0x55876cea3242 <unknown>\n#12 0x55876ce8c665 <unknown>\n#13 0x55876cea3dd2 <unknown>\n#14 0x55876ce712af <unknown>\n#15 0x55876cec6eb8 <unknown>\n#16 0x55876cec7090 <unknown>\n#17 0x55876ced64ec <unknown>\n#18 0x7efe4a894ac3 <unknown>",
    "statusTrace" : "self = <tests.start_unauthorized_page_test.TestStartUnauthorizedPage.TestStartUnauthorizedPageImage object at 0x7fab13ec0530>\ndriver = <selenium.webdriver.chrome.webdriver.WebDriver (session=\"9efff91964d78faf4a969c2d0eafed47\")>\nmain_page_open = None\n\n    @allure.title(\"Verify presence, visibility and attributes of the image in the section 1\")\n    def test_su_04_01_verify_image_in_section1(self, driver, main_page_open):\n        page = StartUnauthorizedPage(driver)\n>       image_presence = page.check_image_presence()\n\ntests/start_unauthorized_page_test.py:134: \n_ _ _ _ _ _ _ _ _ _ _ _ _ _ _ _ _ _ _ _ _ _ _ _ _ _ _ _ _ _ _ _ _ _ _ _ _ _ _ _ \npages/start_unauthorized_page.py:161: in check_image_presence\n    return self.element_is_present(self.locators.SECTION_1_IMAGE)\npages/base_page.py:56: in element_is_present\n    return Wait(self.driver, self.timeout).until(\n_ _ _ _ _ _ _ _ _ _ _ _ _ _ _ _ _ _ _ _ _ _ _ _ _ _ _ _ _ _ _ _ _ _ _ _ _ _ _ _ \n\nself = <selenium.webdriver.support.wait.WebDriverWait (session=\"9efff91964d78faf4a969c2d0eafed47\")>\nmethod = <function presence_of_element_located.<locals>._predicate at 0x7fab139b8c20>\nmessage = \"Can't find element by locator ('xpath', '//section/img')\"\n\n    def until(self, method, message: str = \"\"):\n        \"\"\"Calls the method provided with the driver as an argument until the \\\n        return value does not evaluate to ``False``.\n    \n        :param method: callable(WebDriver)\n        :param message: optional message for :exc:`TimeoutException`\n        :returns: the result of the last call to `method`\n        :raises: :exc:`selenium.common.exceptions.TimeoutException` if timeout occurs\n        \"\"\"\n        screen = None\n        stacktrace = None\n    \n        end_time = time.monotonic() + self._timeout\n        while True:\n            try:\n                value = method(self._driver)\n                if value:\n                    return value\n            except self._ignored_exceptions as exc:\n                screen = getattr(exc, \"screen\", None)\n                stacktrace = getattr(exc, \"stacktrace\", None)\n            time.sleep(self._poll)\n            if time.monotonic() > end_time:\n                break\n>       raise TimeoutException(message, screen, stacktrace)\nE       selenium.common.exceptions.TimeoutException: Message: Can't find element by locator ('xpath', '//section/img')\nE       Stacktrace:\nE       #0 0x55876ced771a <unknown>\nE       #1 0x55876cba8640 <unknown>\nE       #2 0x55876cbf7c0b <unknown>\nE       #3 0x55876cbf7ef1 <unknown>\nE       #4 0x55876cc3bb64 <unknown>\nE       #5 0x55876cc1a90d <unknown>\nE       #6 0x55876cc3908a <unknown>\nE       #7 0x55876cc1a683 <unknown>\nE       #8 0x55876cbead71 <unknown>\nE       #9 0x55876cbeb7de <unknown>\nE       #10 0x55876ce9f2ab <unknown>\nE       #11 0x55876cea3242 <unknown>\nE       #12 0x55876ce8c665 <unknown>\nE       #13 0x55876cea3dd2 <unknown>\nE       #14 0x55876ce712af <unknown>\nE       #15 0x55876cec6eb8 <unknown>\nE       #16 0x55876cec7090 <unknown>\nE       #17 0x55876ced64ec <unknown>\nE       #18 0x7efe4a894ac3 <unknown>\n\n/opt/hostedtoolcache/Python/3.12.4/x64/lib/python3.12/site-packages/selenium/webdriver/support/wait.py:95: TimeoutException",
    "steps" : [ {
      "name" : "Check the image is present in the section 1",
      "time" : {
        "start" : 1723512461188,
        "stop" : 1723512481652,
        "duration" : 20464
      },
      "status" : "broken",
      "statusMessage" : "selenium.common.exceptions.TimeoutException: Message: Can't find element by locator ('xpath', '//section/img')\nStacktrace:\n#0 0x55876ced771a <unknown>\n#1 0x55876cba8640 <unknown>\n#2 0x55876cbf7c0b <unknown>\n#3 0x55876cbf7ef1 <unknown>\n#4 0x55876cc3bb64 <unknown>\n#5 0x55876cc1a90d <unknown>\n#6 0x55876cc3908a <unknown>\n#7 0x55876cc1a683 <unknown>\n#8 0x55876cbead71 <unknown>\n#9 0x55876cbeb7de <unknown>\n#10 0x55876ce9f2ab <unknown>\n#11 0x55876cea3242 <unknown>\n#12 0x55876ce8c665 <unknown>\n#13 0x55876cea3dd2 <unknown>\n#14 0x55876ce712af <unknown>\n#15 0x55876cec6eb8 <unknown>\n#16 0x55876cec7090 <unknown>\n#17 0x55876ced64ec <unknown>\n#18 0x7efe4a894ac3 <unknown>\n\n",
      "statusTrace" : "  File \"/opt/hostedtoolcache/Python/3.12.4/x64/lib/python3.12/site-packages/allure_commons/_allure.py\", line 192, in impl\n    return func(*a, **kw)\n           ^^^^^^^^^^^^^^\n  File \"/home/runner/work/auto-tests-python/auto-tests-python/pages/start_unauthorized_page.py\", line 161, in check_image_presence\n    return self.element_is_present(self.locators.SECTION_1_IMAGE)\n           ^^^^^^^^^^^^^^^^^^^^^^^^^^^^^^^^^^^^^^^^^^^^^^^^^^^^^^\n  File \"/home/runner/work/auto-tests-python/auto-tests-python/pages/base_page.py\", line 56, in element_is_present\n    return Wait(self.driver, self.timeout).until(\n           ^^^^^^^^^^^^^^^^^^^^^^^^^^^^^^^^^^^^^^\n  File \"/opt/hostedtoolcache/Python/3.12.4/x64/lib/python3.12/site-packages/selenium/webdriver/support/wait.py\", line 95, in until\n    raise TimeoutException(message, screen, stacktrace)\n",
      "steps" : [ {
        "name" : "Check element is present: ('xpath', '//section/img')",
        "time" : {
          "start" : 1723512461188,
          "stop" : 1723512481651,
          "duration" : 20463
        },
        "status" : "broken",
        "statusMessage" : "selenium.common.exceptions.TimeoutException: Message: Can't find element by locator ('xpath', '//section/img')\nStacktrace:\n#0 0x55876ced771a <unknown>\n#1 0x55876cba8640 <unknown>\n#2 0x55876cbf7c0b <unknown>\n#3 0x55876cbf7ef1 <unknown>\n#4 0x55876cc3bb64 <unknown>\n#5 0x55876cc1a90d <unknown>\n#6 0x55876cc3908a <unknown>\n#7 0x55876cc1a683 <unknown>\n#8 0x55876cbead71 <unknown>\n#9 0x55876cbeb7de <unknown>\n#10 0x55876ce9f2ab <unknown>\n#11 0x55876cea3242 <unknown>\n#12 0x55876ce8c665 <unknown>\n#13 0x55876cea3dd2 <unknown>\n#14 0x55876ce712af <unknown>\n#15 0x55876cec6eb8 <unknown>\n#16 0x55876cec7090 <unknown>\n#17 0x55876ced64ec <unknown>\n#18 0x7efe4a894ac3 <unknown>\n\n",
        "statusTrace" : "  File \"/home/runner/work/auto-tests-python/auto-tests-python/pages/base_page.py\", line 56, in element_is_present\n    return Wait(self.driver, self.timeout).until(\n           ^^^^^^^^^^^^^^^^^^^^^^^^^^^^^^^^^^^^^^\n  File \"/opt/hostedtoolcache/Python/3.12.4/x64/lib/python3.12/site-packages/selenium/webdriver/support/wait.py\", line 95, in until\n    raise TimeoutException(message, screen, stacktrace)\n",
        "steps" : [ ],
        "attachments" : [ ],
        "parameters" : [ ],
        "hasContent" : true,
        "stepsCount" : 0,
        "attachmentsCount" : 0,
        "shouldDisplayMessage" : true
      } ],
      "attachments" : [ ],
      "parameters" : [ ],
      "hasContent" : true,
      "stepsCount" : 1,
      "attachmentsCount" : 0,
      "shouldDisplayMessage" : false
    } ],
    "attachments" : [ {
      "uid" : "aa95389666d4a6b3",
      "name" : "Screenshot",
      "source" : "aa95389666d4a6b3.png",
      "type" : "image/png",
      "size" : 8588
    }, {
      "uid" : "bba43a3cf35fc4c8",
      "name" : "HTML source",
      "source" : "bba43a3cf35fc4c8.html",
      "type" : "text/html",
      "size" : 39
    } ],
    "parameters" : [ ],
    "hasContent" : true,
    "stepsCount" : 2,
    "attachmentsCount" : 2,
    "shouldDisplayMessage" : true
  },
  "afterStages" : [ {
    "name" : "driver::0",
    "time" : {
      "start" : 1723512481752,
      "stop" : 1723512481896,
      "duration" : 144
    },
    "status" : "passed",
    "steps" : [ ],
    "attachments" : [ {
      "uid" : "f82c8a74eecb6322",
      "name" : "Screenshot 2024-08-13 01:28:01.836872",
      "source" : "f82c8a74eecb6322.png",
      "type" : "image/png",
      "size" : 8588
    } ],
    "parameters" : [ ],
    "hasContent" : true,
    "stepsCount" : 0,
    "attachmentsCount" : 1,
    "shouldDisplayMessage" : false
  } ],
  "labels" : [ {
    "name" : "epic",
    "value" : "The Start Unauthorized Page"
  }, {
    "name" : "parentSuite",
    "value" : "tests"
  }, {
    "name" : "suite",
    "value" : "start_unauthorized_page_test"
  }, {
    "name" : "subSuite",
    "value" : "TestStartUnauthorizedPage"
  }, {
    "name" : "host",
    "value" : "fv-az801-771"
  }, {
    "name" : "thread",
    "value" : "2298-MainThread"
  }, {
    "name" : "framework",
    "value" : "pytest"
  }, {
    "name" : "language",
    "value" : "cpython3"
  }, {
    "name" : "package",
    "value" : "tests.start_unauthorized_page_test"
  }, {
    "name" : "resultFormat",
    "value" : "allure2"
  } ],
  "parameters" : [ ],
  "links" : [ ],
  "hidden" : false,
  "retry" : false,
  "extra" : {
    "severity" : "normal",
    "retries" : [ ],
    "categories" : [ {
      "name" : "Test defects",
      "matchedStatuses" : [ ],
      "flaky" : false
    } ],
    "history" : {
      "statistic" : {
        "failed" : 0,
        "broken" : 1,
        "skipped" : 0,
        "passed" : 184,
        "unknown" : 0,
        "total" : 185
      },
      "items" : [ {
        "uid" : "6f66ec8f131bc8a6",
        "reportUrl" : "https://Brain-up.github.io/auto-tests-python/194//#testresult/6f66ec8f131bc8a6",
        "status" : "passed",
        "time" : {
          "start" : 1723447900549,
          "stop" : 1723447900624,
          "duration" : 75
        }
      }, {
        "uid" : "39a9c8a3b805674e",
        "reportUrl" : "https://Brain-up.github.io/auto-tests-python/193//#testresult/39a9c8a3b805674e",
        "status" : "passed",
        "time" : {
          "start" : 1723446347499,
          "stop" : 1723446347575,
          "duration" : 76
        }
      }, {
        "uid" : "5d30182a83734a67",
        "reportUrl" : "https://Brain-up.github.io/auto-tests-python/89//#testresult/5d30182a83734a67",
        "status" : "passed",
        "time" : {
          "start" : 1723424619650,
          "stop" : 1723424619724,
          "duration" : 74
        }
      }, {
        "uid" : "26baf5693dc3e200",
        "reportUrl" : "https://Brain-up.github.io/auto-tests-python/192//#testresult/26baf5693dc3e200",
        "status" : "passed",
        "time" : {
          "start" : 1723361625834,
          "stop" : 1723361625908,
          "duration" : 74
        }
      }, {
        "uid" : "332afb222c7ac002",
        "reportUrl" : "https://Brain-up.github.io/auto-tests-python/191//#testresult/332afb222c7ac002",
        "status" : "passed",
        "time" : {
          "start" : 1723359640522,
          "stop" : 1723359640598,
          "duration" : 76
        }
      }, {
        "uid" : "20bbbb88cf78155e",
        "reportUrl" : "https://Brain-up.github.io/auto-tests-python/191//#testresult/20bbbb88cf78155e",
        "status" : "passed",
        "time" : {
          "start" : 1723357960385,
          "stop" : 1723357960463,
          "duration" : 78
        }
      }, {
        "uid" : "574d976334dd1706",
        "reportUrl" : "https://Brain-up.github.io/auto-tests-python/88//#testresult/574d976334dd1706",
        "status" : "passed",
        "time" : {
          "start" : 1723338178073,
          "stop" : 1723338178149,
          "duration" : 76
        }
      }, {
        "uid" : "4ae80cbefd1064a1",
        "reportUrl" : "https://Brain-up.github.io/auto-tests-python/190//#testresult/4ae80cbefd1064a1",
        "status" : "passed",
        "time" : {
          "start" : 1723304900161,
          "stop" : 1723304900236,
          "duration" : 75
        }
      }, {
        "uid" : "f08157dbd8a59f89",
        "reportUrl" : "https://Brain-up.github.io/auto-tests-python/189//#testresult/f08157dbd8a59f89",
        "status" : "passed",
        "time" : {
          "start" : 1723303361144,
          "stop" : 1723303361219,
          "duration" : 75
        }
      }, {
        "uid" : "1546707b1c38c1d2",
        "reportUrl" : "https://Brain-up.github.io/auto-tests-python/87//#testresult/1546707b1c38c1d2",
        "status" : "passed",
        "time" : {
          "start" : 1723251598822,
          "stop" : 1723251598898,
          "duration" : 76
        }
      }, {
        "uid" : "2a5dbfa0f3641d4d",
        "reportUrl" : "https://Brain-up.github.io/auto-tests-python/188//#testresult/2a5dbfa0f3641d4d",
        "status" : "passed",
        "time" : {
          "start" : 1723188821433,
          "stop" : 1723188821508,
          "duration" : 75
        }
      }, {
        "uid" : "7fcc603945a54e30",
        "reportUrl" : "https://Brain-up.github.io/auto-tests-python/187//#testresult/7fcc603945a54e30",
        "status" : "passed",
        "time" : {
          "start" : 1723187500268,
          "stop" : 1723187500348,
          "duration" : 80
        }
      }, {
        "uid" : "aa65780020f0c2cf",
        "reportUrl" : "https://Brain-up.github.io/auto-tests-python/86//#testresult/aa65780020f0c2cf",
        "status" : "passed",
        "time" : {
          "start" : 1723165225300,
          "stop" : 1723165225373,
          "duration" : 73
        }
      }, {
        "uid" : "f5dbaf1decbecfd2",
        "reportUrl" : "https://Brain-up.github.io/auto-tests-python/186//#testresult/f5dbaf1decbecfd2",
        "status" : "passed",
        "time" : {
          "start" : 1723103496346,
          "stop" : 1723103496421,
          "duration" : 75
        }
      }, {
        "uid" : "a8684c969860a10a",
        "reportUrl" : "https://Brain-up.github.io/auto-tests-python/185//#testresult/a8684c969860a10a",
        "status" : "passed",
        "time" : {
          "start" : 1723101719575,
          "stop" : 1723101719650,
          "duration" : 75
        }
      }, {
        "uid" : "bb46e2c3451b81e7",
        "reportUrl" : "https://Brain-up.github.io/auto-tests-python/85//#testresult/bb46e2c3451b81e7",
        "status" : "passed",
        "time" : {
          "start" : 1723078993711,
          "stop" : 1723078993792,
          "duration" : 81
        }
      }, {
        "uid" : "674cecad016baa93",
        "reportUrl" : "https://Brain-up.github.io/auto-tests-python/184//#testresult/674cecad016baa93",
        "status" : "passed",
        "time" : {
          "start" : 1723019748583,
          "stop" : 1723019748665,
          "duration" : 82
        }
      }, {
        "uid" : "7dba7d597e41933a",
        "reportUrl" : "https://Brain-up.github.io/auto-tests-python/183//#testresult/7dba7d597e41933a",
        "status" : "passed",
        "time" : {
          "start" : 1723018114937,
          "stop" : 1723018115012,
          "duration" : 75
        }
      }, {
        "uid" : "83d108726f25c037",
        "reportUrl" : "https://Brain-up.github.io/auto-tests-python/182//#testresult/83d108726f25c037",
        "status" : "passed",
        "time" : {
          "start" : 1723016390487,
          "stop" : 1723016390562,
          "duration" : 75
        }
      }, {
        "uid" : "8aa9d8183f4dab69",
        "reportUrl" : "https://Brain-up.github.io/auto-tests-python/181//#testresult/8aa9d8183f4dab69",
        "status" : "passed",
        "time" : {
          "start" : 1723015005980,
          "stop" : 1723015006055,
          "duration" : 75
        }
      } ]
    },
    "tags" : [ ]
  },
  "source" : "85347b3d46a650b0.json",
  "parameterValues" : [ ]
}