{
  "uid" : "e68272e0eedc0f4c",
  "name" : "Verify Footer invisibility through the modal window with the exercise",
  "fullName" : "tests.footer_test.TestFooterAuthorized#test_fp_05_01_verify_footer_invisibility_through_modal_window",
  "historyId" : "084a58edcf427c1d657d83d1a44cba81",
  "time" : {
    "start" : 1723511245915,
    "stop" : 1723511245915,
    "duration" : 0
  },
  "status" : "broken",
  "statusMessage" : "selenium.common.exceptions.TimeoutException: Message: Can't find element by locator ('xpath', '//a[@id=\"ember11\"]')\nStacktrace:\n#0 0x5564a4cb071a <unknown>\n#1 0x5564a4981640 <unknown>\n#2 0x5564a49d0c0b <unknown>\n#3 0x5564a49d0ef1 <unknown>\n#4 0x5564a4a14b64 <unknown>\n#5 0x5564a49f390d <unknown>\n#6 0x5564a4a1208a <unknown>\n#7 0x5564a49f3683 <unknown>\n#8 0x5564a49c3d71 <unknown>\n#9 0x5564a49c47de <unknown>\n#10 0x5564a4c782ab <unknown>\n#11 0x5564a4c7c242 <unknown>\n#12 0x5564a4c65665 <unknown>\n#13 0x5564a4c7cdd2 <unknown>\n#14 0x5564a4c4a2af <unknown>\n#15 0x5564a4c9feb8 <unknown>\n#16 0x5564a4ca0090 <unknown>\n#17 0x5564a4caf4ec <unknown>\n#18 0x7f30a1294ac3 <unknown>",
  "statusTrace" : "driver = <selenium.webdriver.chrome.webdriver.WebDriver (session=\"2488e8bc16452890da02958577f94525\")>\nmain_page_open = None\n\n    @pytest.fixture()\n    @allure.step('Auto test user authorized')\n    def auto_test_user_authorized(driver, main_page_open):\n        page = BasePage(driver)\n>       page.element_is_present_and_clickable(MainPageLocators.LOGIN_BUTTON).click()\n\ntests/conftest.py:66: \n_ _ _ _ _ _ _ _ _ _ _ _ _ _ _ _ _ _ _ _ _ _ _ _ _ _ _ _ _ _ _ _ _ _ _ _ _ _ _ _ \npages/base_page.py:33: in element_is_present_and_clickable\n    return (Wait(self.driver, self.timeout).until(\n_ _ _ _ _ _ _ _ _ _ _ _ _ _ _ _ _ _ _ _ _ _ _ _ _ _ _ _ _ _ _ _ _ _ _ _ _ _ _ _ \n\nself = <selenium.webdriver.support.wait.WebDriverWait (session=\"2488e8bc16452890da02958577f94525\")>\nmethod = <function visibility_of_element_located.<locals>._predicate at 0x7fab13c3c040>\nmessage = 'Can\\'t find element by locator (\\'xpath\\', \\'//a[@id=\"ember11\"]\\')'\n\n    def until(self, method, message: str = \"\"):\n        \"\"\"Calls the method provided with the driver as an argument until the \\\n        return value does not evaluate to ``False``.\n    \n        :param method: callable(WebDriver)\n        :param message: optional message for :exc:`TimeoutException`\n        :returns: the result of the last call to `method`\n        :raises: :exc:`selenium.common.exceptions.TimeoutException` if timeout occurs\n        \"\"\"\n        screen = None\n        stacktrace = None\n    \n        end_time = time.monotonic() + self._timeout\n        while True:\n            try:\n                value = method(self._driver)\n                if value:\n                    return value\n            except self._ignored_exceptions as exc:\n                screen = getattr(exc, \"screen\", None)\n                stacktrace = getattr(exc, \"stacktrace\", None)\n            time.sleep(self._poll)\n            if time.monotonic() > end_time:\n                break\n>       raise TimeoutException(message, screen, stacktrace)\nE       selenium.common.exceptions.TimeoutException: Message: Can't find element by locator ('xpath', '//a[@id=\"ember11\"]')\nE       Stacktrace:\nE       #0 0x5564a4cb071a <unknown>\nE       #1 0x5564a4981640 <unknown>\nE       #2 0x5564a49d0c0b <unknown>\nE       #3 0x5564a49d0ef1 <unknown>\nE       #4 0x5564a4a14b64 <unknown>\nE       #5 0x5564a49f390d <unknown>\nE       #6 0x5564a4a1208a <unknown>\nE       #7 0x5564a49f3683 <unknown>\nE       #8 0x5564a49c3d71 <unknown>\nE       #9 0x5564a49c47de <unknown>\nE       #10 0x5564a4c782ab <unknown>\nE       #11 0x5564a4c7c242 <unknown>\nE       #12 0x5564a4c65665 <unknown>\nE       #13 0x5564a4c7cdd2 <unknown>\nE       #14 0x5564a4c4a2af <unknown>\nE       #15 0x5564a4c9feb8 <unknown>\nE       #16 0x5564a4ca0090 <unknown>\nE       #17 0x5564a4caf4ec <unknown>\nE       #18 0x7f30a1294ac3 <unknown>\n\n/opt/hostedtoolcache/Python/3.12.4/x64/lib/python3.12/site-packages/selenium/webdriver/support/wait.py:95: TimeoutException",
  "flaky" : false,
  "newFailed" : false,
  "beforeStages" : [ {
    "name" : "main_page_open",
    "time" : {
      "start" : 1723511246608,
      "stop" : 1723511247105,
      "duration" : 497
    },
    "status" : "passed",
    "steps" : [ {
      "name" : "Open page: https://brainup.site/",
      "time" : {
        "start" : 1723511246609,
        "stop" : 1723511247105,
        "duration" : 496
      },
      "status" : "passed",
      "steps" : [ ],
      "attachments" : [ ],
      "parameters" : [ {
        "name" : "driver",
        "value" : "<selenium.webdriver.chrome.webdriver.WebDriver (session=\"2488e8bc16452890da02958577f94525\")>"
      } ],
      "hasContent" : true,
      "stepsCount" : 0,
      "attachmentsCount" : 0,
      "shouldDisplayMessage" : false
    } ],
    "attachments" : [ ],
    "parameters" : [ ],
    "hasContent" : true,
    "stepsCount" : 1,
    "attachmentsCount" : 0,
    "shouldDisplayMessage" : false
  }, {
    "name" : "auto_test_user_authorized",
    "time" : {
      "start" : 1723511247105,
      "stop" : 1723511267571,
      "duration" : 20466
    },
    "status" : "broken",
    "statusMessage" : "selenium.common.exceptions.TimeoutException: Message: Can't find element by locator ('xpath', '//a[@id=\"ember11\"]')\nStacktrace:\n#0 0x5564a4cb071a <unknown>\n#1 0x5564a4981640 <unknown>\n#2 0x5564a49d0c0b <unknown>\n#3 0x5564a49d0ef1 <unknown>\n#4 0x5564a4a14b64 <unknown>\n#5 0x5564a49f390d <unknown>\n#6 0x5564a4a1208a <unknown>\n#7 0x5564a49f3683 <unknown>\n#8 0x5564a49c3d71 <unknown>\n#9 0x5564a49c47de <unknown>\n#10 0x5564a4c782ab <unknown>\n#11 0x5564a4c7c242 <unknown>\n#12 0x5564a4c65665 <unknown>\n#13 0x5564a4c7cdd2 <unknown>\n#14 0x5564a4c4a2af <unknown>\n#15 0x5564a4c9feb8 <unknown>\n#16 0x5564a4ca0090 <unknown>\n#17 0x5564a4caf4ec <unknown>\n#18 0x7f30a1294ac3 <unknown>\n\n",
    "statusTrace" : "  File \"/opt/hostedtoolcache/Python/3.12.4/x64/lib/python3.12/site-packages/pluggy/_callers.py\", line 103, in _multicall\n    res = hook_impl.function(*args)\n          ^^^^^^^^^^^^^^^^^^^^^^^^^\n  File \"/opt/hostedtoolcache/Python/3.12.4/x64/lib/python3.12/site-packages/_pytest/fixtures.py\", line 1123, in pytest_fixture_setup\n    result = call_fixture_func(fixturefunc, request, kwargs)\n             ^^^^^^^^^^^^^^^^^^^^^^^^^^^^^^^^^^^^^^^^^^^^^^^\n  File \"/opt/hostedtoolcache/Python/3.12.4/x64/lib/python3.12/site-packages/_pytest/fixtures.py\", line 902, in call_fixture_func\n    fixture_result = fixturefunc(**kwargs)\n                     ^^^^^^^^^^^^^^^^^^^^^\n  File \"/opt/hostedtoolcache/Python/3.12.4/x64/lib/python3.12/site-packages/allure_commons/_allure.py\", line 192, in impl\n    return func(*a, **kw)\n           ^^^^^^^^^^^^^^\n  File \"/home/runner/work/auto-tests-python/auto-tests-python/tests/conftest.py\", line 66, in auto_test_user_authorized\n    page.element_is_present_and_clickable(MainPageLocators.LOGIN_BUTTON).click()\n    ^^^^^^^^^^^^^^^^^^^^^^^^^^^^^^^^^^^^^^^^^^^^^^^^^^^^^^^^^^^^^^^^^^^^\n  File \"/home/runner/work/auto-tests-python/auto-tests-python/pages/base_page.py\", line 33, in element_is_present_and_clickable\n    return (Wait(self.driver, self.timeout).until(\n            ^^^^^^^^^^^^^^^^^^^^^^^^^^^^^^^^^^^^^^\n  File \"/opt/hostedtoolcache/Python/3.12.4/x64/lib/python3.12/site-packages/selenium/webdriver/support/wait.py\", line 95, in until\n    raise TimeoutException(message, screen, stacktrace)\n",
    "steps" : [ {
      "name" : "Auto test user authorized",
      "time" : {
        "start" : 1723511247106,
        "stop" : 1723511267571,
        "duration" : 20465
      },
      "status" : "broken",
      "statusMessage" : "selenium.common.exceptions.TimeoutException: Message: Can't find element by locator ('xpath', '//a[@id=\"ember11\"]')\nStacktrace:\n#0 0x5564a4cb071a <unknown>\n#1 0x5564a4981640 <unknown>\n#2 0x5564a49d0c0b <unknown>\n#3 0x5564a49d0ef1 <unknown>\n#4 0x5564a4a14b64 <unknown>\n#5 0x5564a49f390d <unknown>\n#6 0x5564a4a1208a <unknown>\n#7 0x5564a49f3683 <unknown>\n#8 0x5564a49c3d71 <unknown>\n#9 0x5564a49c47de <unknown>\n#10 0x5564a4c782ab <unknown>\n#11 0x5564a4c7c242 <unknown>\n#12 0x5564a4c65665 <unknown>\n#13 0x5564a4c7cdd2 <unknown>\n#14 0x5564a4c4a2af <unknown>\n#15 0x5564a4c9feb8 <unknown>\n#16 0x5564a4ca0090 <unknown>\n#17 0x5564a4caf4ec <unknown>\n#18 0x7f30a1294ac3 <unknown>\n\n",
      "statusTrace" : "  File \"/opt/hostedtoolcache/Python/3.12.4/x64/lib/python3.12/site-packages/allure_commons/_allure.py\", line 192, in impl\n    return func(*a, **kw)\n           ^^^^^^^^^^^^^^\n  File \"/home/runner/work/auto-tests-python/auto-tests-python/tests/conftest.py\", line 66, in auto_test_user_authorized\n    page.element_is_present_and_clickable(MainPageLocators.LOGIN_BUTTON).click()\n    ^^^^^^^^^^^^^^^^^^^^^^^^^^^^^^^^^^^^^^^^^^^^^^^^^^^^^^^^^^^^^^^^^^^^\n  File \"/home/runner/work/auto-tests-python/auto-tests-python/pages/base_page.py\", line 33, in element_is_present_and_clickable\n    return (Wait(self.driver, self.timeout).until(\n            ^^^^^^^^^^^^^^^^^^^^^^^^^^^^^^^^^^^^^^\n  File \"/opt/hostedtoolcache/Python/3.12.4/x64/lib/python3.12/site-packages/selenium/webdriver/support/wait.py\", line 95, in until\n    raise TimeoutException(message, screen, stacktrace)\n",
      "steps" : [ {
        "name" : "Check element is visible and clickable: ('xpath', '//a[@id=\"ember11\"]')",
        "time" : {
          "start" : 1723511247106,
          "stop" : 1723511267571,
          "duration" : 20465
        },
        "status" : "broken",
        "statusMessage" : "selenium.common.exceptions.TimeoutException: Message: Can't find element by locator ('xpath', '//a[@id=\"ember11\"]')\nStacktrace:\n#0 0x5564a4cb071a <unknown>\n#1 0x5564a4981640 <unknown>\n#2 0x5564a49d0c0b <unknown>\n#3 0x5564a49d0ef1 <unknown>\n#4 0x5564a4a14b64 <unknown>\n#5 0x5564a49f390d <unknown>\n#6 0x5564a4a1208a <unknown>\n#7 0x5564a49f3683 <unknown>\n#8 0x5564a49c3d71 <unknown>\n#9 0x5564a49c47de <unknown>\n#10 0x5564a4c782ab <unknown>\n#11 0x5564a4c7c242 <unknown>\n#12 0x5564a4c65665 <unknown>\n#13 0x5564a4c7cdd2 <unknown>\n#14 0x5564a4c4a2af <unknown>\n#15 0x5564a4c9feb8 <unknown>\n#16 0x5564a4ca0090 <unknown>\n#17 0x5564a4caf4ec <unknown>\n#18 0x7f30a1294ac3 <unknown>\n\n",
        "statusTrace" : "  File \"/home/runner/work/auto-tests-python/auto-tests-python/pages/base_page.py\", line 33, in element_is_present_and_clickable\n    return (Wait(self.driver, self.timeout).until(\n            ^^^^^^^^^^^^^^^^^^^^^^^^^^^^^^^^^^^^^^\n  File \"/opt/hostedtoolcache/Python/3.12.4/x64/lib/python3.12/site-packages/selenium/webdriver/support/wait.py\", line 95, in until\n    raise TimeoutException(message, screen, stacktrace)\n",
        "steps" : [ ],
        "attachments" : [ ],
        "parameters" : [ ],
        "hasContent" : true,
        "stepsCount" : 0,
        "attachmentsCount" : 0,
        "shouldDisplayMessage" : true
      } ],
      "attachments" : [ ],
      "parameters" : [ {
        "name" : "driver",
        "value" : "<selenium.webdriver.chrome.webdriver.WebDriver (session=\"2488e8bc16452890da02958577f94525\")>"
      }, {
        "name" : "main_page_open",
        "value" : "None"
      } ],
      "hasContent" : true,
      "stepsCount" : 1,
      "attachmentsCount" : 0,
      "shouldDisplayMessage" : false
    } ],
    "attachments" : [ ],
    "parameters" : [ ],
    "hasContent" : true,
    "stepsCount" : 2,
    "attachmentsCount" : 0,
    "shouldDisplayMessage" : false
  }, {
    "name" : "clear_allure_results_folder",
    "time" : {
      "start" : 1723510293047,
      "stop" : 1723510293047,
      "duration" : 0
    },
    "status" : "passed",
    "steps" : [ ],
    "attachments" : [ ],
    "parameters" : [ ],
    "hasContent" : false,
    "stepsCount" : 0,
    "attachmentsCount" : 0,
    "shouldDisplayMessage" : false
  }, {
    "name" : "driver",
    "time" : {
      "start" : 1723511245915,
      "stop" : 1723511246608,
      "duration" : 693
    },
    "status" : "passed",
    "steps" : [ ],
    "attachments" : [ ],
    "parameters" : [ ],
    "hasContent" : false,
    "stepsCount" : 0,
    "attachmentsCount" : 0,
    "shouldDisplayMessage" : false
  } ],
  "afterStages" : [ {
    "name" : "driver::0",
    "time" : {
      "start" : 1723511267583,
      "stop" : 1723511267729,
      "duration" : 146
    },
    "status" : "passed",
    "steps" : [ ],
    "attachments" : [ {
      "uid" : "602e97c590f28c17",
      "name" : "Screenshot 2024-08-13 01:07:47.669594",
      "source" : "602e97c590f28c17.png",
      "type" : "image/png",
      "size" : 8588
    } ],
    "parameters" : [ ],
    "hasContent" : true,
    "stepsCount" : 0,
    "attachmentsCount" : 1,
    "shouldDisplayMessage" : false
  } ],
  "labels" : [ {
    "name" : "epic",
    "value" : "Test Footer"
  }, {
    "name" : "parentSuite",
    "value" : "tests"
  }, {
    "name" : "suite",
    "value" : "footer_test"
  }, {
    "name" : "subSuite",
    "value" : "TestFooter"
  }, {
    "name" : "host",
    "value" : "fv-az801-771"
  }, {
    "name" : "thread",
    "value" : "2298-MainThread"
  }, {
    "name" : "framework",
    "value" : "pytest"
  }, {
    "name" : "language",
    "value" : "cpython3"
  }, {
    "name" : "package",
    "value" : "tests.footer_test"
  }, {
    "name" : "resultFormat",
    "value" : "allure2"
  } ],
  "parameters" : [ ],
  "links" : [ ],
  "hidden" : false,
  "retry" : false,
  "extra" : {
    "severity" : "normal",
    "retries" : [ ],
    "categories" : [ {
      "name" : "Test defects",
      "matchedStatuses" : [ ],
      "flaky" : false
    } ],
    "history" : {
      "statistic" : {
        "failed" : 0,
        "broken" : 1,
        "skipped" : 0,
        "passed" : 12,
        "unknown" : 0,
        "total" : 13
      },
      "items" : [ {
        "uid" : "1222c669ad696d21",
        "reportUrl" : "https://Brain-up.github.io/auto-tests-python/194//#testresult/1222c669ad696d21",
        "status" : "passed",
        "time" : {
          "start" : 1723447535546,
          "stop" : 1723447539692,
          "duration" : 4146
        }
      }, {
        "uid" : "42db14b18a795081",
        "reportUrl" : "https://Brain-up.github.io/auto-tests-python/193//#testresult/42db14b18a795081",
        "status" : "passed",
        "time" : {
          "start" : 1723445982815,
          "stop" : 1723445987866,
          "duration" : 5051
        }
      }, {
        "uid" : "f6637e31ac2aebdb",
        "reportUrl" : "https://Brain-up.github.io/auto-tests-python/89//#testresult/f6637e31ac2aebdb",
        "status" : "passed",
        "time" : {
          "start" : 1723424257519,
          "stop" : 1723424263105,
          "duration" : 5586
        }
      }, {
        "uid" : "b42dd71330a0619f",
        "reportUrl" : "https://Brain-up.github.io/auto-tests-python/192//#testresult/b42dd71330a0619f",
        "status" : "passed",
        "time" : {
          "start" : 1723361336950,
          "stop" : 1723361340834,
          "duration" : 3884
        }
      }, {
        "uid" : "834804c568c0675b",
        "reportUrl" : "https://Brain-up.github.io/auto-tests-python/191//#testresult/834804c568c0675b",
        "status" : "passed",
        "time" : {
          "start" : 1723359345507,
          "stop" : 1723359349429,
          "duration" : 3922
        }
      }, {
        "uid" : "c56e749321c3596a",
        "reportUrl" : "https://Brain-up.github.io/auto-tests-python/191//#testresult/c56e749321c3596a",
        "status" : "passed",
        "time" : {
          "start" : 1723357624416,
          "stop" : 1723357628313,
          "duration" : 3897
        }
      }, {
        "uid" : "f9069bd4519c0af7",
        "reportUrl" : "https://Brain-up.github.io/auto-tests-python/88//#testresult/f9069bd4519c0af7",
        "status" : "passed",
        "time" : {
          "start" : 1723337892164,
          "stop" : 1723337896568,
          "duration" : 4404
        }
      }, {
        "uid" : "3b421c9c23ba13d2",
        "reportUrl" : "https://Brain-up.github.io/auto-tests-python/190//#testresult/3b421c9c23ba13d2",
        "status" : "passed",
        "time" : {
          "start" : 1723304606926,
          "stop" : 1723304610812,
          "duration" : 3886
        }
      }, {
        "uid" : "b44227aba6468c47",
        "reportUrl" : "https://Brain-up.github.io/auto-tests-python/189//#testresult/b44227aba6468c47",
        "status" : "passed",
        "time" : {
          "start" : 1723303073323,
          "stop" : 1723303078266,
          "duration" : 4943
        }
      }, {
        "uid" : "b6557e971dfb3101",
        "reportUrl" : "https://Brain-up.github.io/auto-tests-python/87//#testresult/b6557e971dfb3101",
        "status" : "passed",
        "time" : {
          "start" : 1723251313997,
          "stop" : 1723251318552,
          "duration" : 4555
        }
      }, {
        "uid" : "d64a24f687ec92be",
        "reportUrl" : "https://Brain-up.github.io/auto-tests-python/188//#testresult/d64a24f687ec92be",
        "status" : "passed",
        "time" : {
          "start" : 1723188533914,
          "stop" : 1723188537360,
          "duration" : 3446
        }
      }, {
        "uid" : "9d80f059e31c963c",
        "reportUrl" : "https://Brain-up.github.io/auto-tests-python/187//#testresult/9d80f059e31c963c",
        "status" : "passed",
        "time" : {
          "start" : 1723187222021,
          "stop" : 1723187225578,
          "duration" : 3557
        }
      } ]
    },
    "tags" : [ ]
  },
  "source" : "e68272e0eedc0f4c.json",
  "parameterValues" : [ ]
}