{
  "uid" : "c71b1dc992b3510b",
  "name" : "Select random card from \"Word\" group and compare UI vs BACKEND data",
  "fullName" : "tests.test_speech_exercises_en.TestCardsEN#test_random_word_cards_en",
  "historyId" : "84999af5e98c6318908a9abbfe6fc3a3",
  "time" : {
    "start" : 1746952867848,
    "stop" : 1746952887997,
    "duration" : 20149
  },
  "status" : "skipped",
  "statusMessage" : "XFAIL\n\nselenium.common.exceptions.TimeoutException: Message: Can't find element by locator ('xpath', '//button[@data-test-active-link=\"Words\"]')\nStacktrace:\n#0 0x560aeb03c7fa <unknown>\n#1 0x560aeaae0e90 <unknown>\n#2 0x560aeab32870 <unknown>\n#3 0x560aeab32a61 <unknown>\n#4 0x560aeab80cb4 <unknown>\n#5 0x560aeab5826d <unknown>\n#6 0x560aeab7e135 <unknown>\n#7 0x560aeab58013 <unknown>\n#8 0x560aeab24b3b <unknown>\n#9 0x560aeab257a1 <unknown>\n#10 0x560aeb001b9b <unknown>\n#11 0x560aeb005a8a <unknown>\n#12 0x560aeafe9912 <unknown>\n#13 0x560aeb006604 <unknown>\n#14 0x560aeafce74f <unknown>\n#15 0x560aeb02a678 <unknown>\n#16 0x560aeb02a856 <unknown>\n#17 0x560aeb03b666 <unknown>\n#18 0x7fecc6e9caa4 <unknown>\n#19 0x7fecc6f29c3c <unknown>",
  "statusTrace" : "self = <tests.test_speech_exercises_en.TestCardsEN object at 0x7f0ea1858560>\ndriver = <selenium.webdriver.chrome.webdriver.WebDriver (session=\"bfbf48bedabdcdccee8a0d03757dd3df\")>\nspecialist_user_authorized = None\n\n    @pytest.mark.xfail\n    @allure.suite(\"Speech exercises EN.\")\n    @allure.title('Select random card from \"Word\" group and compare UI vs BACKEND data')\n    def test_random_word_cards_en(self, driver, specialist_user_authorized):\n        page = SpeechExercisesPage(driver)\n>       page.select_group(SpeechExercisesPageLocators.WORDS_BUTTON_EN)\n\ntests/test_speech_exercises_en.py:16: \n_ _ _ _ _ _ _ _ _ _ _ _ _ _ _ _ _ _ _ _ _ _ _ _ _ _ _ _ _ _ _ _ _ _ _ _ _ _ _ _ \npages/speech_exercises_page_en.py:18: in select_group\n    text_of_the_button = self.element_is_present_and_clickable(selector_for_sub_group)\npages/base_page.py:40: in element_is_present_and_clickable\n    return (Wait(self.driver, self.timeout).until(\n_ _ _ _ _ _ _ _ _ _ _ _ _ _ _ _ _ _ _ _ _ _ _ _ _ _ _ _ _ _ _ _ _ _ _ _ _ _ _ _ \n\nself = <selenium.webdriver.support.wait.WebDriverWait (session=\"bfbf48bedabdcdccee8a0d03757dd3df\")>\nmethod = <function visibility_of_element_located.<locals>._predicate at 0x7f0ea1932200>\nmessage = 'Can\\'t find element by locator (\\'xpath\\', \\'//button[@data-test-active-link=\"Words\"]\\')'\n\n    def until(self, method, message: str = \"\"):\n        \"\"\"Calls the method provided with the driver as an argument until the \\\n        return value does not evaluate to ``False``.\n    \n        :param method: callable(WebDriver)\n        :param message: optional message for :exc:`TimeoutException`\n        :returns: the result of the last call to `method`\n        :raises: :exc:`selenium.common.exceptions.TimeoutException` if timeout occurs\n        \"\"\"\n        screen = None\n        stacktrace = None\n    \n        end_time = time.monotonic() + self._timeout\n        while True:\n            try:\n                value = method(self._driver)\n                if value:\n                    return value\n            except self._ignored_exceptions as exc:\n                screen = getattr(exc, \"screen\", None)\n                stacktrace = getattr(exc, \"stacktrace\", None)\n            time.sleep(self._poll)\n            if time.monotonic() > end_time:\n                break\n>       raise TimeoutException(message, screen, stacktrace)\nE       selenium.common.exceptions.TimeoutException: Message: Can't find element by locator ('xpath', '//button[@data-test-active-link=\"Words\"]')\nE       Stacktrace:\nE       #0 0x560aeb03c7fa <unknown>\nE       #1 0x560aeaae0e90 <unknown>\nE       #2 0x560aeab32870 <unknown>\nE       #3 0x560aeab32a61 <unknown>\nE       #4 0x560aeab80cb4 <unknown>\nE       #5 0x560aeab5826d <unknown>\nE       #6 0x560aeab7e135 <unknown>\nE       #7 0x560aeab58013 <unknown>\nE       #8 0x560aeab24b3b <unknown>\nE       #9 0x560aeab257a1 <unknown>\nE       #10 0x560aeb001b9b <unknown>\nE       #11 0x560aeb005a8a <unknown>\nE       #12 0x560aeafe9912 <unknown>\nE       #13 0x560aeb006604 <unknown>\nE       #14 0x560aeafce74f <unknown>\nE       #15 0x560aeb02a678 <unknown>\nE       #16 0x560aeb02a856 <unknown>\nE       #17 0x560aeb03b666 <unknown>\nE       #18 0x7fecc6e9caa4 <unknown>\nE       #19 0x7fecc6f29c3c <unknown>\n\n/opt/hostedtoolcache/Python/3.12.10/x64/lib/python3.12/site-packages/selenium/webdriver/support/wait.py:95: TimeoutException",
  "flaky" : false,
  "newFailed" : false,
  "beforeStages" : [ {
    "name" : "clear_allure_results_folder",
    "time" : {
      "start" : 1746951312333,
      "stop" : 1746951312333,
      "duration" : 0
    },
    "status" : "passed",
    "steps" : [ ],
    "attachments" : [ ],
    "parameters" : [ ],
    "stepsCount" : 0,
    "attachmentsCount" : 0,
    "shouldDisplayMessage" : false,
    "hasContent" : false
  }, {
    "name" : "specialist_user_authorized",
    "time" : {
      "start" : 1746952864403,
      "stop" : 1746952867848,
      "duration" : 3445
    },
    "status" : "passed",
    "steps" : [ {
      "name" : "USER specialist authorized",
      "time" : {
        "start" : 1746952864403,
        "stop" : 1746952867848,
        "duration" : 3445
      },
      "status" : "passed",
      "steps" : [ {
        "name" : "Check url is present: https://www.brainup.site/groups",
        "time" : {
          "start" : 1746952864800,
          "stop" : 1746952867825,
          "duration" : 3025
        },
        "status" : "passed",
        "steps" : [ ],
        "attachments" : [ ],
        "parameters" : [ ],
        "stepsCount" : 0,
        "attachmentsCount" : 0,
        "shouldDisplayMessage" : false,
        "hasContent" : false
      }, {
        "name" : "Loader checking",
        "time" : {
          "start" : 1746952867825,
          "stop" : 1746952867848,
          "duration" : 23
        },
        "status" : "passed",
        "steps" : [ ],
        "attachments" : [ ],
        "parameters" : [ ],
        "stepsCount" : 0,
        "attachmentsCount" : 0,
        "shouldDisplayMessage" : false,
        "hasContent" : false
      } ],
      "attachments" : [ ],
      "parameters" : [ {
        "name" : "driver",
        "value" : "<selenium.webdriver.chrome.webdriver.WebDriver (session=\"bfbf48bedabdcdccee8a0d03757dd3df\")>"
      }, {
        "name" : "main_page_open",
        "value" : "None"
      } ],
      "stepsCount" : 2,
      "attachmentsCount" : 0,
      "shouldDisplayMessage" : false,
      "hasContent" : true
    } ],
    "attachments" : [ ],
    "parameters" : [ ],
    "stepsCount" : 3,
    "attachmentsCount" : 0,
    "shouldDisplayMessage" : false,
    "hasContent" : true
  }, {
    "name" : "driver",
    "time" : {
      "start" : 1746952859809,
      "stop" : 1746952860638,
      "duration" : 829
    },
    "status" : "passed",
    "steps" : [ ],
    "attachments" : [ ],
    "parameters" : [ ],
    "stepsCount" : 0,
    "attachmentsCount" : 0,
    "shouldDisplayMessage" : false,
    "hasContent" : false
  }, {
    "name" : "main_page_open",
    "time" : {
      "start" : 1746952860638,
      "stop" : 1746952864403,
      "duration" : 3765
    },
    "status" : "passed",
    "steps" : [ {
      "name" : "Open page: https://www.brainup.site/",
      "time" : {
        "start" : 1746952860638,
        "stop" : 1746952864403,
        "duration" : 3765
      },
      "status" : "passed",
      "steps" : [ ],
      "attachments" : [ ],
      "parameters" : [ {
        "name" : "driver",
        "value" : "<selenium.webdriver.chrome.webdriver.WebDriver (session=\"bfbf48bedabdcdccee8a0d03757dd3df\")>"
      } ],
      "stepsCount" : 0,
      "attachmentsCount" : 0,
      "shouldDisplayMessage" : false,
      "hasContent" : true
    } ],
    "attachments" : [ ],
    "parameters" : [ ],
    "stepsCount" : 1,
    "attachmentsCount" : 0,
    "shouldDisplayMessage" : false,
    "hasContent" : true
  } ],
  "testStage" : {
    "status" : "skipped",
    "statusMessage" : "XFAIL\n\nselenium.common.exceptions.TimeoutException: Message: Can't find element by locator ('xpath', '//button[@data-test-active-link=\"Words\"]')\nStacktrace:\n#0 0x560aeb03c7fa <unknown>\n#1 0x560aeaae0e90 <unknown>\n#2 0x560aeab32870 <unknown>\n#3 0x560aeab32a61 <unknown>\n#4 0x560aeab80cb4 <unknown>\n#5 0x560aeab5826d <unknown>\n#6 0x560aeab7e135 <unknown>\n#7 0x560aeab58013 <unknown>\n#8 0x560aeab24b3b <unknown>\n#9 0x560aeab257a1 <unknown>\n#10 0x560aeb001b9b <unknown>\n#11 0x560aeb005a8a <unknown>\n#12 0x560aeafe9912 <unknown>\n#13 0x560aeb006604 <unknown>\n#14 0x560aeafce74f <unknown>\n#15 0x560aeb02a678 <unknown>\n#16 0x560aeb02a856 <unknown>\n#17 0x560aeb03b666 <unknown>\n#18 0x7fecc6e9caa4 <unknown>\n#19 0x7fecc6f29c3c <unknown>",
    "statusTrace" : "self = <tests.test_speech_exercises_en.TestCardsEN object at 0x7f0ea1858560>\ndriver = <selenium.webdriver.chrome.webdriver.WebDriver (session=\"bfbf48bedabdcdccee8a0d03757dd3df\")>\nspecialist_user_authorized = None\n\n    @pytest.mark.xfail\n    @allure.suite(\"Speech exercises EN.\")\n    @allure.title('Select random card from \"Word\" group and compare UI vs BACKEND data')\n    def test_random_word_cards_en(self, driver, specialist_user_authorized):\n        page = SpeechExercisesPage(driver)\n>       page.select_group(SpeechExercisesPageLocators.WORDS_BUTTON_EN)\n\ntests/test_speech_exercises_en.py:16: \n_ _ _ _ _ _ _ _ _ _ _ _ _ _ _ _ _ _ _ _ _ _ _ _ _ _ _ _ _ _ _ _ _ _ _ _ _ _ _ _ \npages/speech_exercises_page_en.py:18: in select_group\n    text_of_the_button = self.element_is_present_and_clickable(selector_for_sub_group)\npages/base_page.py:40: in element_is_present_and_clickable\n    return (Wait(self.driver, self.timeout).until(\n_ _ _ _ _ _ _ _ _ _ _ _ _ _ _ _ _ _ _ _ _ _ _ _ _ _ _ _ _ _ _ _ _ _ _ _ _ _ _ _ \n\nself = <selenium.webdriver.support.wait.WebDriverWait (session=\"bfbf48bedabdcdccee8a0d03757dd3df\")>\nmethod = <function visibility_of_element_located.<locals>._predicate at 0x7f0ea1932200>\nmessage = 'Can\\'t find element by locator (\\'xpath\\', \\'//button[@data-test-active-link=\"Words\"]\\')'\n\n    def until(self, method, message: str = \"\"):\n        \"\"\"Calls the method provided with the driver as an argument until the \\\n        return value does not evaluate to ``False``.\n    \n        :param method: callable(WebDriver)\n        :param message: optional message for :exc:`TimeoutException`\n        :returns: the result of the last call to `method`\n        :raises: :exc:`selenium.common.exceptions.TimeoutException` if timeout occurs\n        \"\"\"\n        screen = None\n        stacktrace = None\n    \n        end_time = time.monotonic() + self._timeout\n        while True:\n            try:\n                value = method(self._driver)\n                if value:\n                    return value\n            except self._ignored_exceptions as exc:\n                screen = getattr(exc, \"screen\", None)\n                stacktrace = getattr(exc, \"stacktrace\", None)\n            time.sleep(self._poll)\n            if time.monotonic() > end_time:\n                break\n>       raise TimeoutException(message, screen, stacktrace)\nE       selenium.common.exceptions.TimeoutException: Message: Can't find element by locator ('xpath', '//button[@data-test-active-link=\"Words\"]')\nE       Stacktrace:\nE       #0 0x560aeb03c7fa <unknown>\nE       #1 0x560aeaae0e90 <unknown>\nE       #2 0x560aeab32870 <unknown>\nE       #3 0x560aeab32a61 <unknown>\nE       #4 0x560aeab80cb4 <unknown>\nE       #5 0x560aeab5826d <unknown>\nE       #6 0x560aeab7e135 <unknown>\nE       #7 0x560aeab58013 <unknown>\nE       #8 0x560aeab24b3b <unknown>\nE       #9 0x560aeab257a1 <unknown>\nE       #10 0x560aeb001b9b <unknown>\nE       #11 0x560aeb005a8a <unknown>\nE       #12 0x560aeafe9912 <unknown>\nE       #13 0x560aeb006604 <unknown>\nE       #14 0x560aeafce74f <unknown>\nE       #15 0x560aeb02a678 <unknown>\nE       #16 0x560aeb02a856 <unknown>\nE       #17 0x560aeb03b666 <unknown>\nE       #18 0x7fecc6e9caa4 <unknown>\nE       #19 0x7fecc6f29c3c <unknown>\n\n/opt/hostedtoolcache/Python/3.12.10/x64/lib/python3.12/site-packages/selenium/webdriver/support/wait.py:95: TimeoutException",
    "steps" : [ {
      "name" : "select_group",
      "time" : {
        "start" : 1746952867848,
        "stop" : 1746952887996,
        "duration" : 20148
      },
      "status" : "broken",
      "statusMessage" : "selenium.common.exceptions.TimeoutException: Message: Can't find element by locator ('xpath', '//button[@data-test-active-link=\"Words\"]')\nStacktrace:\n#0 0x560aeb03c7fa <unknown>\n#1 0x560aeaae0e90 <unknown>\n#2 0x560aeab32870 <unknown>\n#3 0x560aeab32a61 <unknown>\n#4 0x560aeab80cb4 <unknown>\n#5 0x560aeab5826d <unknown>\n#6 0x560aeab7e135 <unknown>\n#7 0x560aeab58013 <unknown>\n#8 0x560aeab24b3b <unknown>\n#9 0x560aeab257a1 <unknown>\n#10 0x560aeb001b9b <unknown>\n#11 0x560aeb005a8a <unknown>\n#12 0x560aeafe9912 <unknown>\n#13 0x560aeb006604 <unknown>\n#14 0x560aeafce74f <unknown>\n#15 0x560aeb02a678 <unknown>\n#16 0x560aeb02a856 <unknown>\n#17 0x560aeb03b666 <unknown>\n#18 0x7fecc6e9caa4 <unknown>\n#19 0x7fecc6f29c3c <unknown>\n\n",
      "statusTrace" : "  File \"/opt/hostedtoolcache/Python/3.12.10/x64/lib/python3.12/site-packages/allure_commons/_allure.py\", line 192, in impl\n    return func(*a, **kw)\n           ^^^^^^^^^^^^^^\n  File \"/home/runner/work/auto-tests-python/auto-tests-python/pages/speech_exercises_page_en.py\", line 18, in select_group\n    text_of_the_button = self.element_is_present_and_clickable(selector_for_sub_group)\n                         ^^^^^^^^^^^^^^^^^^^^^^^^^^^^^^^^^^^^^^^^^^^^^^^^^^^^^^^^^^^^^\n  File \"/home/runner/work/auto-tests-python/auto-tests-python/pages/base_page.py\", line 40, in element_is_present_and_clickable\n    return (Wait(self.driver, self.timeout).until(\n            ^^^^^^^^^^^^^^^^^^^^^^^^^^^^^^^^^^^^^^\n  File \"/opt/hostedtoolcache/Python/3.12.10/x64/lib/python3.12/site-packages/selenium/webdriver/support/wait.py\", line 95, in until\n    raise TimeoutException(message, screen, stacktrace)\n",
      "steps" : [ {
        "name" : "Select Russian language. Click \"EN\" button.",
        "time" : {
          "start" : 1746952867848,
          "stop" : 1746952867920,
          "duration" : 72
        },
        "status" : "passed",
        "steps" : [ ],
        "attachments" : [ ],
        "parameters" : [ ],
        "stepsCount" : 0,
        "attachmentsCount" : 0,
        "shouldDisplayMessage" : false,
        "hasContent" : false
      }, {
        "name" : "Click button \"SPEECH EXERCISES\".",
        "time" : {
          "start" : 1746952867920,
          "stop" : 1746952867992,
          "duration" : 72
        },
        "status" : "passed",
        "steps" : [ ],
        "attachments" : [ ],
        "parameters" : [ ],
        "stepsCount" : 0,
        "attachmentsCount" : 0,
        "shouldDisplayMessage" : false,
        "hasContent" : false
      } ],
      "attachments" : [ ],
      "parameters" : [ {
        "name" : "selector_for_sub_group",
        "value" : "('xpath', '//button[@data-test-active-link=\"Words\"]')"
      } ],
      "stepsCount" : 2,
      "attachmentsCount" : 0,
      "shouldDisplayMessage" : true,
      "hasContent" : true
    } ],
    "attachments" : [ ],
    "parameters" : [ ],
    "stepsCount" : 3,
    "attachmentsCount" : 0,
    "shouldDisplayMessage" : true,
    "hasContent" : true
  },
  "afterStages" : [ {
    "name" : "driver::0",
    "time" : {
      "start" : 1746952888034,
      "stop" : 1746952888103,
      "duration" : 69
    },
    "status" : "passed",
    "steps" : [ ],
    "attachments" : [ ],
    "parameters" : [ ],
    "stepsCount" : 0,
    "attachmentsCount" : 0,
    "shouldDisplayMessage" : false,
    "hasContent" : false
  } ],
  "labels" : [ {
    "name" : "epic",
    "value" : "Speech exercises."
  }, {
    "name" : "suite",
    "value" : "Speech exercises EN."
  }, {
    "name" : "tag",
    "value" : "@pytest.mark.xfail"
  }, {
    "name" : "parentSuite",
    "value" : "tests"
  }, {
    "name" : "subSuite",
    "value" : "TestCardsEN"
  }, {
    "name" : "host",
    "value" : "fv-az1110-468"
  }, {
    "name" : "thread",
    "value" : "2424-MainThread"
  }, {
    "name" : "framework",
    "value" : "pytest"
  }, {
    "name" : "language",
    "value" : "cpython3"
  }, {
    "name" : "package",
    "value" : "tests.test_speech_exercises_en"
  }, {
    "name" : "resultFormat",
    "value" : "allure2"
  } ],
  "parameters" : [ ],
  "links" : [ ],
  "hidden" : false,
  "retry" : false,
  "extra" : {
    "severity" : "normal",
    "retries" : [ ],
    "categories" : [ ],
    "history" : {
      "statistic" : {
        "failed" : 0,
        "broken" : 0,
        "skipped" : 146,
        "passed" : 1,
        "unknown" : 0,
        "total" : 147
      },
      "items" : [ {
        "uid" : "d1443866092bc811",
        "reportUrl" : "https://Brain-up.github.io/auto-tests-python/361//#testresult/d1443866092bc811",
        "status" : "skipped",
        "statusDetails" : "XFAIL\n\nselenium.common.exceptions.TimeoutException: Message: Can't find element by locator ('xpath', '//button[@data-test-active-link=\"Words\"]')\nStacktrace:\n#0 0x5555d0ea37fa <unknown>\n#1 0x5555d0947e90 <unknown>\n#2 0x5555d0999870 <unknown>\n#3 0x5555d0999a61 <unknown>\n#4 0x5555d09e7cb4 <unknown>\n#5 0x5555d09bf26d <unknown>\n#6 0x5555d09e5135 <unknown>\n#7 0x5555d09bf013 <unknown>\n#8 0x5555d098bb3b <unknown>\n#9 0x5555d098c7a1 <unknown>\n#10 0x5555d0e68b9b <unknown>\n#11 0x5555d0e6ca8a <unknown>\n#12 0x5555d0e50912 <unknown>\n#13 0x5555d0e6d604 <unknown>\n#14 0x5555d0e3574f <unknown>\n#15 0x5555d0e91678 <unknown>\n#16 0x5555d0e91856 <unknown>\n#17 0x5555d0ea2666 <unknown>\n#18 0x7f472069caa4 <unknown>\n#19 0x7f4720729c3c <unknown>",
        "time" : {
          "start" : 1746927068980,
          "stop" : 1746927089212,
          "duration" : 20232
        }
      }, {
        "uid" : "19f2e978c5b6a596",
        "reportUrl" : "https://Brain-up.github.io/auto-tests-python/565//#testresult/19f2e978c5b6a596",
        "status" : "skipped",
        "statusDetails" : "XFAIL\n\nselenium.common.exceptions.TimeoutException: Message: Can't find element by locator ('xpath', '//button[@data-test-active-link=\"Words\"]')\nStacktrace:\n#0 0x5603e2a717fa <unknown>\n#1 0x5603e2515e90 <unknown>\n#2 0x5603e2567870 <unknown>\n#3 0x5603e2567a61 <unknown>\n#4 0x5603e25b5cb4 <unknown>\n#5 0x5603e258d26d <unknown>\n#6 0x5603e25b3135 <unknown>\n#7 0x5603e258d013 <unknown>\n#8 0x5603e2559b3b <unknown>\n#9 0x5603e255a7a1 <unknown>\n#10 0x5603e2a36b9b <unknown>\n#11 0x5603e2a3aa8a <unknown>\n#12 0x5603e2a1e912 <unknown>\n#13 0x5603e2a3b604 <unknown>\n#14 0x5603e2a0374f <unknown>\n#15 0x5603e2a5f678 <unknown>\n#16 0x5603e2a5f856 <unknown>\n#17 0x5603e2a70666 <unknown>\n#18 0x7f4744a9caa4 <unknown>\n#19 0x7f4744b29c3c <unknown>",
        "time" : {
          "start" : 1746904946063,
          "stop" : 1746904966245,
          "duration" : 20182
        }
      }, {
        "uid" : "4cb26b0f60fe522b",
        "reportUrl" : "https://Brain-up.github.io/auto-tests-python/360//#testresult/4cb26b0f60fe522b",
        "status" : "skipped",
        "statusDetails" : "XFAIL\n\nselenium.common.exceptions.TimeoutException: Message: Can't find element by locator ('xpath', '//button[@data-test-active-link=\"Words\"]')\nStacktrace:\n#0 0x56512c0297fa <unknown>\n#1 0x56512bacde90 <unknown>\n#2 0x56512bb1f870 <unknown>\n#3 0x56512bb1fa61 <unknown>\n#4 0x56512bb6dcb4 <unknown>\n#5 0x56512bb4526d <unknown>\n#6 0x56512bb6b135 <unknown>\n#7 0x56512bb45013 <unknown>\n#8 0x56512bb11b3b <unknown>\n#9 0x56512bb127a1 <unknown>\n#10 0x56512bfeeb9b <unknown>\n#11 0x56512bff2a8a <unknown>\n#12 0x56512bfd6912 <unknown>\n#13 0x56512bff3604 <unknown>\n#14 0x56512bfbb74f <unknown>\n#15 0x56512c017678 <unknown>\n#16 0x56512c017856 <unknown>\n#17 0x56512c028666 <unknown>\n#18 0x7ff44009caa4 <unknown>\n#19 0x7ff440129c3c <unknown>",
        "time" : {
          "start" : 1746840321213,
          "stop" : 1746840341368,
          "duration" : 20155
        }
      }, {
        "uid" : "ba8e5977823491b7",
        "reportUrl" : "https://Brain-up.github.io/auto-tests-python/564//#testresult/ba8e5977823491b7",
        "status" : "skipped",
        "statusDetails" : "XFAIL\n\nselenium.common.exceptions.TimeoutException: Message: Can't find element by locator ('xpath', '//button[@data-test-active-link=\"Words\"]')\nStacktrace:\n#0 0x5611bbab57fa <unknown>\n#1 0x5611bb559e90 <unknown>\n#2 0x5611bb5ab870 <unknown>\n#3 0x5611bb5aba61 <unknown>\n#4 0x5611bb5f9cb4 <unknown>\n#5 0x5611bb5d126d <unknown>\n#6 0x5611bb5f7135 <unknown>\n#7 0x5611bb5d1013 <unknown>\n#8 0x5611bb59db3b <unknown>\n#9 0x5611bb59e7a1 <unknown>\n#10 0x5611bba7ab9b <unknown>\n#11 0x5611bba7ea8a <unknown>\n#12 0x5611bba62912 <unknown>\n#13 0x5611bba7f604 <unknown>\n#14 0x5611bba4774f <unknown>\n#15 0x5611bbaa3678 <unknown>\n#16 0x5611bbaa3856 <unknown>\n#17 0x5611bbab4666 <unknown>\n#18 0x7ff8a209caa4 <unknown>\n#19 0x7ff8a2129c3c <unknown>",
        "time" : {
          "start" : 1746770913782,
          "stop" : 1746770934004,
          "duration" : 20222
        }
      }, {
        "uid" : "97ce5749db518a5d",
        "reportUrl" : "https://Brain-up.github.io/auto-tests-python/359//#testresult/97ce5749db518a5d",
        "status" : "skipped",
        "statusDetails" : "XFAIL\n\nselenium.common.exceptions.TimeoutException: Message: Can't find element by locator ('xpath', '//button[@data-test-active-link=\"Words\"]')\nStacktrace:\n#0 0x56139b4677fa <unknown>\n#1 0x56139af0be90 <unknown>\n#2 0x56139af5d870 <unknown>\n#3 0x56139af5da61 <unknown>\n#4 0x56139afabcb4 <unknown>\n#5 0x56139af8326d <unknown>\n#6 0x56139afa9135 <unknown>\n#7 0x56139af83013 <unknown>\n#8 0x56139af4fb3b <unknown>\n#9 0x56139af507a1 <unknown>\n#10 0x56139b42cb9b <unknown>\n#11 0x56139b430a8a <unknown>\n#12 0x56139b414912 <unknown>\n#13 0x56139b431604 <unknown>\n#14 0x56139b3f974f <unknown>\n#15 0x56139b455678 <unknown>\n#16 0x56139b455856 <unknown>\n#17 0x56139b466666 <unknown>\n#18 0x7f2eb5e9caa4 <unknown>\n#19 0x7f2eb5f29c3c <unknown>",
        "time" : {
          "start" : 1746754050085,
          "stop" : 1746754070758,
          "duration" : 20673
        }
      }, {
        "uid" : "8a06ed0ecbcdb2fd",
        "reportUrl" : "https://Brain-up.github.io/auto-tests-python/563//#testresult/8a06ed0ecbcdb2fd",
        "status" : "skipped",
        "statusDetails" : "XFAIL\n\nselenium.common.exceptions.TimeoutException: Message: Can't find element by locator ('xpath', '//button[@data-test-active-link=\"Words\"]')\nStacktrace:\n#0 0x55dd89d307fa <unknown>\n#1 0x55dd897d4e90 <unknown>\n#2 0x55dd89826870 <unknown>\n#3 0x55dd89826a61 <unknown>\n#4 0x55dd89874cb4 <unknown>\n#5 0x55dd8984c26d <unknown>\n#6 0x55dd89872135 <unknown>\n#7 0x55dd8984c013 <unknown>\n#8 0x55dd89818b3b <unknown>\n#9 0x55dd898197a1 <unknown>\n#10 0x55dd89cf5b9b <unknown>\n#11 0x55dd89cf9a8a <unknown>\n#12 0x55dd89cdd912 <unknown>\n#13 0x55dd89cfa604 <unknown>\n#14 0x55dd89cc274f <unknown>\n#15 0x55dd89d1e678 <unknown>\n#16 0x55dd89d1e856 <unknown>\n#17 0x55dd89d2f666 <unknown>\n#18 0x7f5016c9caa4 <unknown>\n#19 0x7f5016d29c3c <unknown>",
        "time" : {
          "start" : 1746728056814,
          "stop" : 1746728077454,
          "duration" : 20640
        }
      }, {
        "uid" : "b8b3d925210b65c3",
        "reportUrl" : "https://Brain-up.github.io/auto-tests-python/358//#testresult/b8b3d925210b65c3",
        "status" : "skipped",
        "statusDetails" : "XFAIL\n\nselenium.common.exceptions.TimeoutException: Message: Can't find element by locator ('xpath', '//button[@data-test-active-link=\"Words\"]')\nStacktrace:\n#0 0x55ca80fec7fa <unknown>\n#1 0x55ca80a90e90 <unknown>\n#2 0x55ca80ae2870 <unknown>\n#3 0x55ca80ae2a61 <unknown>\n#4 0x55ca80b30cb4 <unknown>\n#5 0x55ca80b0826d <unknown>\n#6 0x55ca80b2e135 <unknown>\n#7 0x55ca80b08013 <unknown>\n#8 0x55ca80ad4b3b <unknown>\n#9 0x55ca80ad57a1 <unknown>\n#10 0x55ca80fb1b9b <unknown>\n#11 0x55ca80fb5a8a <unknown>\n#12 0x55ca80f99912 <unknown>\n#13 0x55ca80fb6604 <unknown>\n#14 0x55ca80f7e74f <unknown>\n#15 0x55ca80fda678 <unknown>\n#16 0x55ca80fda856 <unknown>\n#17 0x55ca80feb666 <unknown>\n#18 0x7f4f5cc9caa4 <unknown>\n#19 0x7f4f5cd29c3c <unknown>",
        "time" : {
          "start" : 1746667720727,
          "stop" : 1746667741398,
          "duration" : 20671
        }
      }, {
        "uid" : "3b71955b2d3446d9",
        "reportUrl" : "https://Brain-up.github.io/auto-tests-python/357//#testresult/3b71955b2d3446d9",
        "status" : "skipped",
        "statusDetails" : "XFAIL\n\nselenium.common.exceptions.TimeoutException: Message: Can't find element by locator ('xpath', '//button[@data-test-active-link=\"Words\"]')\nStacktrace:\n#0 0x55e17d30f75a <unknown>\n#1 0x55e17cdc24b0 <unknown>\n#2 0x55e17ce139b3 <unknown>\n#3 0x55e17ce13ba1 <unknown>\n#4 0x55e17ce621f4 <unknown>\n#5 0x55e17ce395bd <unknown>\n#6 0x55e17ce5f5e0 <unknown>\n#7 0x55e17ce39363 <unknown>\n#8 0x55e17ce05d63 <unknown>\n#9 0x55e17ce069c1 <unknown>\n#10 0x55e17d2d4a6b <unknown>\n#11 0x55e17d2d8951 <unknown>\n#12 0x55e17d2bcb62 <unknown>\n#13 0x55e17d2d94c4 <unknown>\n#14 0x55e17d2a113f <unknown>\n#15 0x55e17d2fd6f8 <unknown>\n#16 0x55e17d2fd8d6 <unknown>\n#17 0x55e17d30e5a6 <unknown>\n#18 0x7fa89a29caa4 <unknown>\n#19 0x7fa89a329c3c <unknown>",
        "time" : {
          "start" : 1746581284113,
          "stop" : 1746581304774,
          "duration" : 20661
        }
      }, {
        "uid" : "8b911a45e66433a8",
        "reportUrl" : "https://Brain-up.github.io/auto-tests-python/562//#testresult/8b911a45e66433a8",
        "status" : "skipped",
        "statusDetails" : "XFAIL\n\nselenium.common.exceptions.TimeoutException: Message: Can't find element by locator ('xpath', '//button[@data-test-active-link=\"Words\"]')\nStacktrace:\n#0 0x564cdd4187fa <unknown>\n#1 0x564cdcebce90 <unknown>\n#2 0x564cdcf0e870 <unknown>\n#3 0x564cdcf0ea61 <unknown>\n#4 0x564cdcf5ccb4 <unknown>\n#5 0x564cdcf3426d <unknown>\n#6 0x564cdcf5a135 <unknown>\n#7 0x564cdcf34013 <unknown>\n#8 0x564cdcf00b3b <unknown>\n#9 0x564cdcf017a1 <unknown>\n#10 0x564cdd3ddb9b <unknown>\n#11 0x564cdd3e1a8a <unknown>\n#12 0x564cdd3c5912 <unknown>\n#13 0x564cdd3e2604 <unknown>\n#14 0x564cdd3aa74f <unknown>\n#15 0x564cdd406678 <unknown>\n#16 0x564cdd406856 <unknown>\n#17 0x564cdd417666 <unknown>\n#18 0x7faf3b49caa4 <unknown>\n#19 0x7faf3b529c3c <unknown>",
        "time" : {
          "start" : 1746568607175,
          "stop" : 1746568627801,
          "duration" : 20626
        }
      }, {
        "uid" : "c4a4648a9ca0a70b",
        "reportUrl" : "https://Brain-up.github.io/auto-tests-python/561//#testresult/c4a4648a9ca0a70b",
        "status" : "skipped",
        "statusDetails" : "XFAIL\n\nselenium.common.exceptions.TimeoutException: Message: Can't find element by locator ('xpath', '//button[@data-test-active-link=\"Words\"]')\nStacktrace:\n#0 0x55f92338b75a <unknown>\n#1 0x55f922e3e4b0 <unknown>\n#2 0x55f922e8f9b3 <unknown>\n#3 0x55f922e8fba1 <unknown>\n#4 0x55f922ede1f4 <unknown>\n#5 0x55f922eb55bd <unknown>\n#6 0x55f922edb5e0 <unknown>\n#7 0x55f922eb5363 <unknown>\n#8 0x55f922e81d63 <unknown>\n#9 0x55f922e829c1 <unknown>\n#10 0x55f923350a6b <unknown>\n#11 0x55f923354951 <unknown>\n#12 0x55f923338b62 <unknown>\n#13 0x55f9233554c4 <unknown>\n#14 0x55f92331d13f <unknown>\n#15 0x55f9233796f8 <unknown>\n#16 0x55f9233798d6 <unknown>\n#17 0x55f92338a5a6 <unknown>\n#18 0x7f793629caa4 <unknown>\n#19 0x7f7936329c3c <unknown>",
        "time" : {
          "start" : 1746543660677,
          "stop" : 1746543680907,
          "duration" : 20230
        }
      }, {
        "uid" : "9a4b5e70177f8aab",
        "reportUrl" : "https://Brain-up.github.io/auto-tests-python/356//#testresult/9a4b5e70177f8aab",
        "status" : "skipped",
        "statusDetails" : "XFAIL\n\nselenium.common.exceptions.TimeoutException: Message: Can't find element by locator ('xpath', '//button[@data-test-active-link=\"Words\"]')\nStacktrace:\n#0 0x55ebd7c1075a <unknown>\n#1 0x55ebd76c34b0 <unknown>\n#2 0x55ebd77149b3 <unknown>\n#3 0x55ebd7714ba1 <unknown>\n#4 0x55ebd77631f4 <unknown>\n#5 0x55ebd773a5bd <unknown>\n#6 0x55ebd77605e0 <unknown>\n#7 0x55ebd773a363 <unknown>\n#8 0x55ebd7706d63 <unknown>\n#9 0x55ebd77079c1 <unknown>\n#10 0x55ebd7bd5a6b <unknown>\n#11 0x55ebd7bd9951 <unknown>\n#12 0x55ebd7bbdb62 <unknown>\n#13 0x55ebd7bda4c4 <unknown>\n#14 0x55ebd7ba213f <unknown>\n#15 0x55ebd7bfe6f8 <unknown>\n#16 0x55ebd7bfe8d6 <unknown>\n#17 0x55ebd7c0f5a6 <unknown>\n#18 0x7f5cde09caa4 <unknown>\n#19 0x7f5cde129c3c <unknown>",
        "time" : {
          "start" : 1746495036905,
          "stop" : 1746495057571,
          "duration" : 20666
        }
      }, {
        "uid" : "7395cea9ce20a93",
        "reportUrl" : "https://Brain-up.github.io/auto-tests-python/560//#testresult/7395cea9ce20a93",
        "status" : "skipped",
        "statusDetails" : "XFAIL\n\nselenium.common.exceptions.TimeoutException: Message: Can't find element by locator ('xpath', '//button[@data-test-active-link=\"Words\"]')\nStacktrace:\n#0 0x55babc75e75a <unknown>\n#1 0x55babc2114b0 <unknown>\n#2 0x55babc2629b3 <unknown>\n#3 0x55babc262ba1 <unknown>\n#4 0x55babc2b11f4 <unknown>\n#5 0x55babc2885bd <unknown>\n#6 0x55babc2ae5e0 <unknown>\n#7 0x55babc288363 <unknown>\n#8 0x55babc254d63 <unknown>\n#9 0x55babc2559c1 <unknown>\n#10 0x55babc723a6b <unknown>\n#11 0x55babc727951 <unknown>\n#12 0x55babc70bb62 <unknown>\n#13 0x55babc7284c4 <unknown>\n#14 0x55babc6f013f <unknown>\n#15 0x55babc74c6f8 <unknown>\n#16 0x55babc74c8d6 <unknown>\n#17 0x55babc75d5a6 <unknown>\n#18 0x7fc851c9caa4 <unknown>\n#19 0x7fc851d29c3c <unknown>",
        "time" : {
          "start" : 1746425951800,
          "stop" : 1746425971975,
          "duration" : 20175
        }
      }, {
        "uid" : "4bc41f8936540334",
        "reportUrl" : "https://Brain-up.github.io/auto-tests-python/355//#testresult/4bc41f8936540334",
        "status" : "skipped",
        "statusDetails" : "XFAIL\n\nselenium.common.exceptions.TimeoutException: Message: Can't find element by locator ('xpath', '//button[@data-test-active-link=\"Words\"]')\nStacktrace:\n#0 0x562f972bb75a <unknown>\n#1 0x562f96d6e4b0 <unknown>\n#2 0x562f96dbf9b3 <unknown>\n#3 0x562f96dbfba1 <unknown>\n#4 0x562f96e0e1f4 <unknown>\n#5 0x562f96de55bd <unknown>\n#6 0x562f96e0b5e0 <unknown>\n#7 0x562f96de5363 <unknown>\n#8 0x562f96db1d63 <unknown>\n#9 0x562f96db29c1 <unknown>\n#10 0x562f97280a6b <unknown>\n#11 0x562f97284951 <unknown>\n#12 0x562f97268b62 <unknown>\n#13 0x562f972854c4 <unknown>\n#14 0x562f9724d13f <unknown>\n#15 0x562f972a96f8 <unknown>\n#16 0x562f972a98d6 <unknown>\n#17 0x562f972ba5a6 <unknown>\n#18 0x7fcd61a9caa4 <unknown>\n#19 0x7fcd61b29c3c <unknown>",
        "time" : {
          "start" : 1746408454285,
          "stop" : 1746408474439,
          "duration" : 20154
        }
      }, {
        "uid" : "c8bbda8d8fb5860f",
        "reportUrl" : "https://Brain-up.github.io/auto-tests-python/559//#testresult/c8bbda8d8fb5860f",
        "status" : "skipped",
        "statusDetails" : "XFAIL\n\nselenium.common.exceptions.TimeoutException: Message: Can't find element by locator ('xpath', '//button[@data-test-active-link=\"Words\"]')\nStacktrace:\n#0 0x556595ecb75a <unknown>\n#1 0x55659597e4b0 <unknown>\n#2 0x5565959cf9b3 <unknown>\n#3 0x5565959cfba1 <unknown>\n#4 0x556595a1e1f4 <unknown>\n#5 0x5565959f55bd <unknown>\n#6 0x556595a1b5e0 <unknown>\n#7 0x5565959f5363 <unknown>\n#8 0x5565959c1d63 <unknown>\n#9 0x5565959c29c1 <unknown>\n#10 0x556595e90a6b <unknown>\n#11 0x556595e94951 <unknown>\n#12 0x556595e78b62 <unknown>\n#13 0x556595e954c4 <unknown>\n#14 0x556595e5d13f <unknown>\n#15 0x556595eb96f8 <unknown>\n#16 0x556595eb98d6 <unknown>\n#17 0x556595eca5a6 <unknown>\n#18 0x7ffae129caa4 <unknown>\n#19 0x7ffae1329c3c <unknown>",
        "time" : {
          "start" : 1746363903887,
          "stop" : 1746363924054,
          "duration" : 20167
        }
      }, {
        "uid" : "e04938434a409e93",
        "reportUrl" : "https://Brain-up.github.io/auto-tests-python/354//#testresult/e04938434a409e93",
        "status" : "skipped",
        "statusDetails" : "XFAIL\n\nselenium.common.exceptions.TimeoutException: Message: Can't find element by locator ('xpath', '//button[@data-test-active-link=\"Words\"]')\nStacktrace:\n#0 0x5613a48cc75a <unknown>\n#1 0x5613a437f4b0 <unknown>\n#2 0x5613a43d09b3 <unknown>\n#3 0x5613a43d0ba1 <unknown>\n#4 0x5613a441f1f4 <unknown>\n#5 0x5613a43f65bd <unknown>\n#6 0x5613a441c5e0 <unknown>\n#7 0x5613a43f6363 <unknown>\n#8 0x5613a43c2d63 <unknown>\n#9 0x5613a43c39c1 <unknown>\n#10 0x5613a4891a6b <unknown>\n#11 0x5613a4895951 <unknown>\n#12 0x5613a4879b62 <unknown>\n#13 0x5613a48964c4 <unknown>\n#14 0x5613a485e13f <unknown>\n#15 0x5613a48ba6f8 <unknown>\n#16 0x5613a48ba8d6 <unknown>\n#17 0x5613a48cb5a6 <unknown>\n#18 0x7fc64e49caa4 <unknown>\n#19 0x7fc64e529c3c <unknown>",
        "time" : {
          "start" : 1746322225674,
          "stop" : 1746322245854,
          "duration" : 20180
        }
      }, {
        "uid" : "54cf78b24bec007f",
        "reportUrl" : "https://Brain-up.github.io/auto-tests-python/558//#testresult/54cf78b24bec007f",
        "status" : "skipped",
        "statusDetails" : "XFAIL\n\nselenium.common.exceptions.TimeoutException: Message: Can't find element by locator ('xpath', '//button[@data-test-active-link=\"Words\"]')\nStacktrace:\n#0 0x555cca4cf75a <unknown>\n#1 0x555cc9f824b0 <unknown>\n#2 0x555cc9fd39b3 <unknown>\n#3 0x555cc9fd3ba1 <unknown>\n#4 0x555cca0221f4 <unknown>\n#5 0x555cc9ff95bd <unknown>\n#6 0x555cca01f5e0 <unknown>\n#7 0x555cc9ff9363 <unknown>\n#8 0x555cc9fc5d63 <unknown>\n#9 0x555cc9fc69c1 <unknown>\n#10 0x555cca494a6b <unknown>\n#11 0x555cca498951 <unknown>\n#12 0x555cca47cb62 <unknown>\n#13 0x555cca4994c4 <unknown>\n#14 0x555cca46113f <unknown>\n#15 0x555cca4bd6f8 <unknown>\n#16 0x555cca4bd8d6 <unknown>\n#17 0x555cca4ce5a6 <unknown>\n#18 0x7f0e37e9caa4 <unknown>\n#19 0x7f0e37f29c3c <unknown>",
        "time" : {
          "start" : 1746276304892,
          "stop" : 1746276325565,
          "duration" : 20673
        }
      }, {
        "uid" : "6c1986b6a793b843",
        "reportUrl" : "https://Brain-up.github.io/auto-tests-python/353//#testresult/6c1986b6a793b843",
        "status" : "skipped",
        "statusDetails" : "XFAIL\n\nselenium.common.exceptions.TimeoutException: Message: Can't find element by locator ('xpath', '//button[@data-test-active-link=\"Words\"]')\nStacktrace:\n#0 0x55826c68b75a <unknown>\n#1 0x55826c13e4b0 <unknown>\n#2 0x55826c18f9b3 <unknown>\n#3 0x55826c18fba1 <unknown>\n#4 0x55826c1de1f4 <unknown>\n#5 0x55826c1b55bd <unknown>\n#6 0x55826c1db5e0 <unknown>\n#7 0x55826c1b5363 <unknown>\n#8 0x55826c181d63 <unknown>\n#9 0x55826c1829c1 <unknown>\n#10 0x55826c650a6b <unknown>\n#11 0x55826c654951 <unknown>\n#12 0x55826c638b62 <unknown>\n#13 0x55826c6554c4 <unknown>\n#14 0x55826c61d13f <unknown>\n#15 0x55826c6796f8 <unknown>\n#16 0x55826c6798d6 <unknown>\n#17 0x55826c68a5a6 <unknown>\n#18 0x7f6fce29caa4 <unknown>\n#19 0x7f6fce329c3c <unknown>",
        "time" : {
          "start" : 1746235573987,
          "stop" : 1746235594165,
          "duration" : 20178
        }
      }, {
        "uid" : "fe7bad4501374666",
        "reportUrl" : "https://Brain-up.github.io/auto-tests-python/557//#testresult/fe7bad4501374666",
        "status" : "skipped",
        "statusDetails" : "XFAIL\n\nselenium.common.exceptions.TimeoutException: Message: Can't find element by locator ('xpath', '//button[@data-test-active-link=\"Words\"]')\nStacktrace:\n#0 0x5622cc91b75a <unknown>\n#1 0x5622cc3ce4b0 <unknown>\n#2 0x5622cc41f9b3 <unknown>\n#3 0x5622cc41fba1 <unknown>\n#4 0x5622cc46e1f4 <unknown>\n#5 0x5622cc4455bd <unknown>\n#6 0x5622cc46b5e0 <unknown>\n#7 0x5622cc445363 <unknown>\n#8 0x5622cc411d63 <unknown>\n#9 0x5622cc4129c1 <unknown>\n#10 0x5622cc8e0a6b <unknown>\n#11 0x5622cc8e4951 <unknown>\n#12 0x5622cc8c8b62 <unknown>\n#13 0x5622cc8e54c4 <unknown>\n#14 0x5622cc8ad13f <unknown>\n#15 0x5622cc9096f8 <unknown>\n#16 0x5622cc9098d6 <unknown>\n#17 0x5622cc91a5a6 <unknown>\n#18 0x7facdc29caa4 <unknown>\n#19 0x7facdc329c3c <unknown>",
        "time" : {
          "start" : 1746216109686,
          "stop" : 1746216129861,
          "duration" : 20175
        }
      }, {
        "uid" : "d4c03d53d361ba5e",
        "reportUrl" : "https://Brain-up.github.io/auto-tests-python/352//#testresult/d4c03d53d361ba5e",
        "status" : "skipped",
        "statusDetails" : "XFAIL\n\nselenium.common.exceptions.TimeoutException: Message: Can't find element by locator ('xpath', '//button[@data-test-active-link=\"Words\"]')\nStacktrace:\n#0 0x55ff9743375a <unknown>\n#1 0x55ff96ee64b0 <unknown>\n#2 0x55ff96f379b3 <unknown>\n#3 0x55ff96f37ba1 <unknown>\n#4 0x55ff96f861f4 <unknown>\n#5 0x55ff96f5d5bd <unknown>\n#6 0x55ff96f835e0 <unknown>\n#7 0x55ff96f5d363 <unknown>\n#8 0x55ff96f29d63 <unknown>\n#9 0x55ff96f2a9c1 <unknown>\n#10 0x55ff973f8a6b <unknown>\n#11 0x55ff973fc951 <unknown>\n#12 0x55ff973e0b62 <unknown>\n#13 0x55ff973fd4c4 <unknown>\n#14 0x55ff973c513f <unknown>\n#15 0x55ff974216f8 <unknown>\n#16 0x55ff974218d6 <unknown>\n#17 0x55ff974325a6 <unknown>\n#18 0x7f01dbe9caa4 <unknown>\n#19 0x7f01dbf29c3c <unknown>",
        "time" : {
          "start" : 1746149160993,
          "stop" : 1746149181152,
          "duration" : 20159
        }
      }, {
        "uid" : "10b7f41f0612a12f",
        "reportUrl" : "https://Brain-up.github.io/auto-tests-python/556//#testresult/10b7f41f0612a12f",
        "status" : "skipped",
        "statusDetails" : "XFAIL\n\nselenium.common.exceptions.TimeoutException: Message: Can't find element by locator ('xpath', '//button[@data-test-active-link=\"Words\"]')\nStacktrace:\n#0 0x55a9a64ed75a <unknown>\n#1 0x55a9a5fa04b0 <unknown>\n#2 0x55a9a5ff19b3 <unknown>\n#3 0x55a9a5ff1ba1 <unknown>\n#4 0x55a9a60401f4 <unknown>\n#5 0x55a9a60175bd <unknown>\n#6 0x55a9a603d5e0 <unknown>\n#7 0x55a9a6017363 <unknown>\n#8 0x55a9a5fe3d63 <unknown>\n#9 0x55a9a5fe49c1 <unknown>\n#10 0x55a9a64b2a6b <unknown>\n#11 0x55a9a64b6951 <unknown>\n#12 0x55a9a649ab62 <unknown>\n#13 0x55a9a64b74c4 <unknown>\n#14 0x55a9a647f13f <unknown>\n#15 0x55a9a64db6f8 <unknown>\n#16 0x55a9a64db8d6 <unknown>\n#17 0x55a9a64ec5a6 <unknown>\n#18 0x7f5eef89caa4 <unknown>\n#19 0x7f5eef929c3c <unknown>",
        "time" : {
          "start" : 1746084206308,
          "stop" : 1746084226962,
          "duration" : 20654
        }
      } ]
    },
    "tags" : [ "@pytest.mark.xfail" ]
  },
  "source" : "c71b1dc992b3510b.json",
  "parameterValues" : [ ]
}