{
  "uid" : "f6c3ca2f66adf9e",
  "name" : "Solutions to a random task in the \"Слова\" .",
  "fullName" : "tests.test_speech_exercises_ru.TestCardsRU#test_solve_word_cards_ru",
  "historyId" : "97a1dfc93de55b98f3507f18d0af26f8",
  "time" : {
    "start" : 1746953098851,
    "stop" : 1746953118936,
    "duration" : 20085
  },
  "status" : "skipped",
  "statusMessage" : "XFAIL\n\nselenium.common.exceptions.TimeoutException: Message: Can't find element by locator ('xpath', '//a[text()=\"Упражнения\"]')\nStacktrace:\n#0 0x5575f1c857fa <unknown>\n#1 0x5575f1729e90 <unknown>\n#2 0x5575f177b870 <unknown>\n#3 0x5575f177ba61 <unknown>\n#4 0x5575f17c9cb4 <unknown>\n#5 0x5575f17a126d <unknown>\n#6 0x5575f17c7135 <unknown>\n#7 0x5575f17a1013 <unknown>\n#8 0x5575f176db3b <unknown>\n#9 0x5575f176e7a1 <unknown>\n#10 0x5575f1c4ab9b <unknown>\n#11 0x5575f1c4ea8a <unknown>\n#12 0x5575f1c32912 <unknown>\n#13 0x5575f1c4f604 <unknown>\n#14 0x5575f1c1774f <unknown>\n#15 0x5575f1c73678 <unknown>\n#16 0x5575f1c73856 <unknown>\n#17 0x5575f1c84666 <unknown>\n#18 0x7fb42d29caa4 <unknown>\n#19 0x7fb42d329c3c <unknown>",
  "statusTrace" : "self = <tests.test_speech_exercises_ru.TestCardsRU object at 0x7f0ea185b020>\ndriver = <selenium.webdriver.chrome.webdriver.WebDriver (session=\"9cfb323146b50233944328b7b002b1ae\")>\ndefault_user_authorized = None\n\n    @pytest.mark.xfail\n    @allure.suite(\"Речевые упражнения.\")\n    @allure.title('Solutions to a random task in the \"Слова\" .')\n    def test_solve_word_cards_ru(self, driver, default_user_authorized):\n        page = SpeechExercisesPageRU(driver)\n>       page.click_button_exercises()\n\ntests/test_speech_exercises_ru.py:124: \n_ _ _ _ _ _ _ _ _ _ _ _ _ _ _ _ _ _ _ _ _ _ _ _ _ _ _ _ _ _ _ _ _ _ _ _ _ _ _ _ \npages/speech_exercises_page_ru.py:199: in click_button_exercises\n    button = self.element_is_present_and_clickable(self.locators.AuthorizedUserHomePageLocators.BUTTON_EXERCISES_RU)\npages/base_page.py:40: in element_is_present_and_clickable\n    return (Wait(self.driver, self.timeout).until(\n_ _ _ _ _ _ _ _ _ _ _ _ _ _ _ _ _ _ _ _ _ _ _ _ _ _ _ _ _ _ _ _ _ _ _ _ _ _ _ _ \n\nself = <selenium.webdriver.support.wait.WebDriverWait (session=\"9cfb323146b50233944328b7b002b1ae\")>\nmethod = <function visibility_of_element_located.<locals>._predicate at 0x7f0ea1768860>\nmessage = 'Can\\'t find element by locator (\\'xpath\\', \\'//a[text()=\"Упражнения\"]\\')'\n\n    def until(self, method, message: str = \"\"):\n        \"\"\"Calls the method provided with the driver as an argument until the \\\n        return value does not evaluate to ``False``.\n    \n        :param method: callable(WebDriver)\n        :param message: optional message for :exc:`TimeoutException`\n        :returns: the result of the last call to `method`\n        :raises: :exc:`selenium.common.exceptions.TimeoutException` if timeout occurs\n        \"\"\"\n        screen = None\n        stacktrace = None\n    \n        end_time = time.monotonic() + self._timeout\n        while True:\n            try:\n                value = method(self._driver)\n                if value:\n                    return value\n            except self._ignored_exceptions as exc:\n                screen = getattr(exc, \"screen\", None)\n                stacktrace = getattr(exc, \"stacktrace\", None)\n            time.sleep(self._poll)\n            if time.monotonic() > end_time:\n                break\n>       raise TimeoutException(message, screen, stacktrace)\nE       selenium.common.exceptions.TimeoutException: Message: Can't find element by locator ('xpath', '//a[text()=\"Упражнения\"]')\nE       Stacktrace:\nE       #0 0x5575f1c857fa <unknown>\nE       #1 0x5575f1729e90 <unknown>\nE       #2 0x5575f177b870 <unknown>\nE       #3 0x5575f177ba61 <unknown>\nE       #4 0x5575f17c9cb4 <unknown>\nE       #5 0x5575f17a126d <unknown>\nE       #6 0x5575f17c7135 <unknown>\nE       #7 0x5575f17a1013 <unknown>\nE       #8 0x5575f176db3b <unknown>\nE       #9 0x5575f176e7a1 <unknown>\nE       #10 0x5575f1c4ab9b <unknown>\nE       #11 0x5575f1c4ea8a <unknown>\nE       #12 0x5575f1c32912 <unknown>\nE       #13 0x5575f1c4f604 <unknown>\nE       #14 0x5575f1c1774f <unknown>\nE       #15 0x5575f1c73678 <unknown>\nE       #16 0x5575f1c73856 <unknown>\nE       #17 0x5575f1c84666 <unknown>\nE       #18 0x7fb42d29caa4 <unknown>\nE       #19 0x7fb42d329c3c <unknown>\n\n/opt/hostedtoolcache/Python/3.12.10/x64/lib/python3.12/site-packages/selenium/webdriver/support/wait.py:95: TimeoutException",
  "flaky" : false,
  "newFailed" : false,
  "beforeStages" : [ {
    "name" : "main_page_open",
    "time" : {
      "start" : 1746953091330,
      "stop" : 1746953095406,
      "duration" : 4076
    },
    "status" : "passed",
    "steps" : [ {
      "name" : "Open page: https://www.brainup.site/",
      "time" : {
        "start" : 1746953091330,
        "stop" : 1746953095406,
        "duration" : 4076
      },
      "status" : "passed",
      "steps" : [ ],
      "attachments" : [ ],
      "parameters" : [ {
        "name" : "driver",
        "value" : "<selenium.webdriver.chrome.webdriver.WebDriver (session=\"9cfb323146b50233944328b7b002b1ae\")>"
      } ],
      "stepsCount" : 0,
      "attachmentsCount" : 0,
      "shouldDisplayMessage" : false,
      "hasContent" : true
    } ],
    "attachments" : [ ],
    "parameters" : [ ],
    "stepsCount" : 1,
    "attachmentsCount" : 0,
    "shouldDisplayMessage" : false,
    "hasContent" : true
  }, {
    "name" : "clear_allure_results_folder",
    "time" : {
      "start" : 1746951312333,
      "stop" : 1746951312333,
      "duration" : 0
    },
    "status" : "passed",
    "steps" : [ ],
    "attachments" : [ ],
    "parameters" : [ ],
    "stepsCount" : 0,
    "attachmentsCount" : 0,
    "shouldDisplayMessage" : false,
    "hasContent" : false
  }, {
    "name" : "driver",
    "time" : {
      "start" : 1746953090503,
      "stop" : 1746953091329,
      "duration" : 826
    },
    "status" : "passed",
    "steps" : [ ],
    "attachments" : [ ],
    "parameters" : [ ],
    "stepsCount" : 0,
    "attachmentsCount" : 0,
    "shouldDisplayMessage" : false,
    "hasContent" : false
  }, {
    "name" : "default_user_authorized",
    "time" : {
      "start" : 1746953095406,
      "stop" : 1746953098851,
      "duration" : 3445
    },
    "status" : "passed",
    "steps" : [ {
      "name" : "DEFAULT user authorized",
      "time" : {
        "start" : 1746953095406,
        "stop" : 1746953098851,
        "duration" : 3445
      },
      "status" : "passed",
      "steps" : [ {
        "name" : "Check url is present: https://www.brainup.site/groups",
        "time" : {
          "start" : 1746953095799,
          "stop" : 1746953098829,
          "duration" : 3030
        },
        "status" : "passed",
        "steps" : [ ],
        "attachments" : [ ],
        "parameters" : [ ],
        "stepsCount" : 0,
        "attachmentsCount" : 0,
        "shouldDisplayMessage" : false,
        "hasContent" : false
      }, {
        "name" : "Loader checking",
        "time" : {
          "start" : 1746953098829,
          "stop" : 1746953098851,
          "duration" : 22
        },
        "status" : "passed",
        "steps" : [ ],
        "attachments" : [ ],
        "parameters" : [ ],
        "stepsCount" : 0,
        "attachmentsCount" : 0,
        "shouldDisplayMessage" : false,
        "hasContent" : false
      } ],
      "attachments" : [ ],
      "parameters" : [ {
        "name" : "driver",
        "value" : "<selenium.webdriver.chrome.webdriver.WebDriver (session=\"9cfb323146b50233944328b7b002b1ae\")>"
      }, {
        "name" : "main_page_open",
        "value" : "None"
      } ],
      "stepsCount" : 2,
      "attachmentsCount" : 0,
      "shouldDisplayMessage" : false,
      "hasContent" : true
    } ],
    "attachments" : [ ],
    "parameters" : [ ],
    "stepsCount" : 3,
    "attachmentsCount" : 0,
    "shouldDisplayMessage" : false,
    "hasContent" : true
  } ],
  "testStage" : {
    "status" : "skipped",
    "statusMessage" : "XFAIL\n\nselenium.common.exceptions.TimeoutException: Message: Can't find element by locator ('xpath', '//a[text()=\"Упражнения\"]')\nStacktrace:\n#0 0x5575f1c857fa <unknown>\n#1 0x5575f1729e90 <unknown>\n#2 0x5575f177b870 <unknown>\n#3 0x5575f177ba61 <unknown>\n#4 0x5575f17c9cb4 <unknown>\n#5 0x5575f17a126d <unknown>\n#6 0x5575f17c7135 <unknown>\n#7 0x5575f17a1013 <unknown>\n#8 0x5575f176db3b <unknown>\n#9 0x5575f176e7a1 <unknown>\n#10 0x5575f1c4ab9b <unknown>\n#11 0x5575f1c4ea8a <unknown>\n#12 0x5575f1c32912 <unknown>\n#13 0x5575f1c4f604 <unknown>\n#14 0x5575f1c1774f <unknown>\n#15 0x5575f1c73678 <unknown>\n#16 0x5575f1c73856 <unknown>\n#17 0x5575f1c84666 <unknown>\n#18 0x7fb42d29caa4 <unknown>\n#19 0x7fb42d329c3c <unknown>",
    "statusTrace" : "self = <tests.test_speech_exercises_ru.TestCardsRU object at 0x7f0ea185b020>\ndriver = <selenium.webdriver.chrome.webdriver.WebDriver (session=\"9cfb323146b50233944328b7b002b1ae\")>\ndefault_user_authorized = None\n\n    @pytest.mark.xfail\n    @allure.suite(\"Речевые упражнения.\")\n    @allure.title('Solutions to a random task in the \"Слова\" .')\n    def test_solve_word_cards_ru(self, driver, default_user_authorized):\n        page = SpeechExercisesPageRU(driver)\n>       page.click_button_exercises()\n\ntests/test_speech_exercises_ru.py:124: \n_ _ _ _ _ _ _ _ _ _ _ _ _ _ _ _ _ _ _ _ _ _ _ _ _ _ _ _ _ _ _ _ _ _ _ _ _ _ _ _ \npages/speech_exercises_page_ru.py:199: in click_button_exercises\n    button = self.element_is_present_and_clickable(self.locators.AuthorizedUserHomePageLocators.BUTTON_EXERCISES_RU)\npages/base_page.py:40: in element_is_present_and_clickable\n    return (Wait(self.driver, self.timeout).until(\n_ _ _ _ _ _ _ _ _ _ _ _ _ _ _ _ _ _ _ _ _ _ _ _ _ _ _ _ _ _ _ _ _ _ _ _ _ _ _ _ \n\nself = <selenium.webdriver.support.wait.WebDriverWait (session=\"9cfb323146b50233944328b7b002b1ae\")>\nmethod = <function visibility_of_element_located.<locals>._predicate at 0x7f0ea1768860>\nmessage = 'Can\\'t find element by locator (\\'xpath\\', \\'//a[text()=\"Упражнения\"]\\')'\n\n    def until(self, method, message: str = \"\"):\n        \"\"\"Calls the method provided with the driver as an argument until the \\\n        return value does not evaluate to ``False``.\n    \n        :param method: callable(WebDriver)\n        :param message: optional message for :exc:`TimeoutException`\n        :returns: the result of the last call to `method`\n        :raises: :exc:`selenium.common.exceptions.TimeoutException` if timeout occurs\n        \"\"\"\n        screen = None\n        stacktrace = None\n    \n        end_time = time.monotonic() + self._timeout\n        while True:\n            try:\n                value = method(self._driver)\n                if value:\n                    return value\n            except self._ignored_exceptions as exc:\n                screen = getattr(exc, \"screen\", None)\n                stacktrace = getattr(exc, \"stacktrace\", None)\n            time.sleep(self._poll)\n            if time.monotonic() > end_time:\n                break\n>       raise TimeoutException(message, screen, stacktrace)\nE       selenium.common.exceptions.TimeoutException: Message: Can't find element by locator ('xpath', '//a[text()=\"Упражнения\"]')\nE       Stacktrace:\nE       #0 0x5575f1c857fa <unknown>\nE       #1 0x5575f1729e90 <unknown>\nE       #2 0x5575f177b870 <unknown>\nE       #3 0x5575f177ba61 <unknown>\nE       #4 0x5575f17c9cb4 <unknown>\nE       #5 0x5575f17a126d <unknown>\nE       #6 0x5575f17c7135 <unknown>\nE       #7 0x5575f17a1013 <unknown>\nE       #8 0x5575f176db3b <unknown>\nE       #9 0x5575f176e7a1 <unknown>\nE       #10 0x5575f1c4ab9b <unknown>\nE       #11 0x5575f1c4ea8a <unknown>\nE       #12 0x5575f1c32912 <unknown>\nE       #13 0x5575f1c4f604 <unknown>\nE       #14 0x5575f1c1774f <unknown>\nE       #15 0x5575f1c73678 <unknown>\nE       #16 0x5575f1c73856 <unknown>\nE       #17 0x5575f1c84666 <unknown>\nE       #18 0x7fb42d29caa4 <unknown>\nE       #19 0x7fb42d329c3c <unknown>\n\n/opt/hostedtoolcache/Python/3.12.10/x64/lib/python3.12/site-packages/selenium/webdriver/support/wait.py:95: TimeoutException",
    "steps" : [ {
      "name" : "Click button \"Упражнения\".",
      "time" : {
        "start" : 1746953098851,
        "stop" : 1746953118936,
        "duration" : 20085
      },
      "status" : "broken",
      "statusMessage" : "selenium.common.exceptions.TimeoutException: Message: Can't find element by locator ('xpath', '//a[text()=\"Упражнения\"]')\nStacktrace:\n#0 0x5575f1c857fa <unknown>\n#1 0x5575f1729e90 <unknown>\n#2 0x5575f177b870 <unknown>\n#3 0x5575f177ba61 <unknown>\n#4 0x5575f17c9cb4 <unknown>\n#5 0x5575f17a126d <unknown>\n#6 0x5575f17c7135 <unknown>\n#7 0x5575f17a1013 <unknown>\n#8 0x5575f176db3b <unknown>\n#9 0x5575f176e7a1 <unknown>\n#10 0x5575f1c4ab9b <unknown>\n#11 0x5575f1c4ea8a <unknown>\n#12 0x5575f1c32912 <unknown>\n#13 0x5575f1c4f604 <unknown>\n#14 0x5575f1c1774f <unknown>\n#15 0x5575f1c73678 <unknown>\n#16 0x5575f1c73856 <unknown>\n#17 0x5575f1c84666 <unknown>\n#18 0x7fb42d29caa4 <unknown>\n#19 0x7fb42d329c3c <unknown>\n\n",
      "statusTrace" : "  File \"/opt/hostedtoolcache/Python/3.12.10/x64/lib/python3.12/site-packages/allure_commons/_allure.py\", line 192, in impl\n    return func(*a, **kw)\n           ^^^^^^^^^^^^^^\n  File \"/home/runner/work/auto-tests-python/auto-tests-python/pages/speech_exercises_page_ru.py\", line 199, in click_button_exercises\n    button = self.element_is_present_and_clickable(self.locators.AuthorizedUserHomePageLocators.BUTTON_EXERCISES_RU)\n             ^^^^^^^^^^^^^^^^^^^^^^^^^^^^^^^^^^^^^^^^^^^^^^^^^^^^^^^^^^^^^^^^^^^^^^^^^^^^^^^^^^^^^^^^^^^^^^^^^^^^^^^\n  File \"/home/runner/work/auto-tests-python/auto-tests-python/pages/base_page.py\", line 40, in element_is_present_and_clickable\n    return (Wait(self.driver, self.timeout).until(\n            ^^^^^^^^^^^^^^^^^^^^^^^^^^^^^^^^^^^^^^\n  File \"/opt/hostedtoolcache/Python/3.12.10/x64/lib/python3.12/site-packages/selenium/webdriver/support/wait.py\", line 95, in until\n    raise TimeoutException(message, screen, stacktrace)\n",
      "steps" : [ {
        "name" : "Click button \"RU\".",
        "time" : {
          "start" : 1746953098851,
          "stop" : 1746953098918,
          "duration" : 67
        },
        "status" : "passed",
        "steps" : [ ],
        "attachments" : [ ],
        "parameters" : [ ],
        "stepsCount" : 0,
        "attachmentsCount" : 0,
        "shouldDisplayMessage" : false,
        "hasContent" : false
      } ],
      "attachments" : [ ],
      "parameters" : [ ],
      "stepsCount" : 1,
      "attachmentsCount" : 0,
      "shouldDisplayMessage" : true,
      "hasContent" : true
    } ],
    "attachments" : [ ],
    "parameters" : [ ],
    "stepsCount" : 2,
    "attachmentsCount" : 0,
    "shouldDisplayMessage" : true,
    "hasContent" : true
  },
  "afterStages" : [ {
    "name" : "driver::0",
    "time" : {
      "start" : 1746953118952,
      "stop" : 1746953119018,
      "duration" : 66
    },
    "status" : "passed",
    "steps" : [ ],
    "attachments" : [ ],
    "parameters" : [ ],
    "stepsCount" : 0,
    "attachmentsCount" : 0,
    "shouldDisplayMessage" : false,
    "hasContent" : false
  } ],
  "labels" : [ {
    "name" : "epic",
    "value" : "Speech exercises."
  }, {
    "name" : "suite",
    "value" : "Речевые упражнения."
  }, {
    "name" : "tag",
    "value" : "@pytest.mark.xfail"
  }, {
    "name" : "parentSuite",
    "value" : "tests"
  }, {
    "name" : "subSuite",
    "value" : "TestCardsRU"
  }, {
    "name" : "host",
    "value" : "fv-az1110-468"
  }, {
    "name" : "thread",
    "value" : "2424-MainThread"
  }, {
    "name" : "framework",
    "value" : "pytest"
  }, {
    "name" : "language",
    "value" : "cpython3"
  }, {
    "name" : "package",
    "value" : "tests.test_speech_exercises_ru"
  }, {
    "name" : "resultFormat",
    "value" : "allure2"
  } ],
  "parameters" : [ ],
  "links" : [ ],
  "hidden" : false,
  "retry" : false,
  "extra" : {
    "severity" : "normal",
    "retries" : [ ],
    "categories" : [ ],
    "history" : {
      "statistic" : {
        "failed" : 0,
        "broken" : 0,
        "skipped" : 56,
        "passed" : 91,
        "unknown" : 0,
        "total" : 147
      },
      "items" : [ {
        "uid" : "4b2144254f612a64",
        "reportUrl" : "https://Brain-up.github.io/auto-tests-python/361//#testresult/4b2144254f612a64",
        "status" : "skipped",
        "statusDetails" : "XFAIL\n\nselenium.common.exceptions.TimeoutException: Message: Can't find element by locator ('xpath', '//a[text()=\"Упражнения\"]')\nStacktrace:\n#0 0x564cd085f7fa <unknown>\n#1 0x564cd0303e90 <unknown>\n#2 0x564cd0355870 <unknown>\n#3 0x564cd0355a61 <unknown>\n#4 0x564cd03a3cb4 <unknown>\n#5 0x564cd037b26d <unknown>\n#6 0x564cd03a1135 <unknown>\n#7 0x564cd037b013 <unknown>\n#8 0x564cd0347b3b <unknown>\n#9 0x564cd03487a1 <unknown>\n#10 0x564cd0824b9b <unknown>\n#11 0x564cd0828a8a <unknown>\n#12 0x564cd080c912 <unknown>\n#13 0x564cd0829604 <unknown>\n#14 0x564cd07f174f <unknown>\n#15 0x564cd084d678 <unknown>\n#16 0x564cd084d856 <unknown>\n#17 0x564cd085e666 <unknown>\n#18 0x7fa3e589caa4 <unknown>\n#19 0x7fa3e5929c3c <unknown>",
        "time" : {
          "start" : 1746927285712,
          "stop" : 1746927305800,
          "duration" : 20088
        }
      }, {
        "uid" : "7b6c14eece59f9ff",
        "reportUrl" : "https://Brain-up.github.io/auto-tests-python/565//#testresult/7b6c14eece59f9ff",
        "status" : "skipped",
        "statusDetails" : "XFAIL\n\nselenium.common.exceptions.TimeoutException: Message: Can't find element by locator ('xpath', '//a[text()=\"Упражнения\"]')\nStacktrace:\n#0 0x55d0943597fa <unknown>\n#1 0x55d093dfde90 <unknown>\n#2 0x55d093e4f870 <unknown>\n#3 0x55d093e4fa61 <unknown>\n#4 0x55d093e9dcb4 <unknown>\n#5 0x55d093e7526d <unknown>\n#6 0x55d093e9b135 <unknown>\n#7 0x55d093e75013 <unknown>\n#8 0x55d093e41b3b <unknown>\n#9 0x55d093e427a1 <unknown>\n#10 0x55d09431eb9b <unknown>\n#11 0x55d094322a8a <unknown>\n#12 0x55d094306912 <unknown>\n#13 0x55d094323604 <unknown>\n#14 0x55d0942eb74f <unknown>\n#15 0x55d094347678 <unknown>\n#16 0x55d094347856 <unknown>\n#17 0x55d094358666 <unknown>\n#18 0x7f76b989caa4 <unknown>\n#19 0x7f76b9929c3c <unknown>",
        "time" : {
          "start" : 1746905154596,
          "stop" : 1746905174679,
          "duration" : 20083
        }
      }, {
        "uid" : "ce964edbacf5c2e4",
        "reportUrl" : "https://Brain-up.github.io/auto-tests-python/360//#testresult/ce964edbacf5c2e4",
        "status" : "skipped",
        "statusDetails" : "XFAIL\n\nselenium.common.exceptions.TimeoutException: Message: Can't find element by locator ('xpath', '//a[text()=\"Упражнения\"]')\nStacktrace:\n#0 0x564eafbf17fa <unknown>\n#1 0x564eaf695e90 <unknown>\n#2 0x564eaf6e7870 <unknown>\n#3 0x564eaf6e7a61 <unknown>\n#4 0x564eaf735cb4 <unknown>\n#5 0x564eaf70d26d <unknown>\n#6 0x564eaf733135 <unknown>\n#7 0x564eaf70d013 <unknown>\n#8 0x564eaf6d9b3b <unknown>\n#9 0x564eaf6da7a1 <unknown>\n#10 0x564eafbb6b9b <unknown>\n#11 0x564eafbbaa8a <unknown>\n#12 0x564eafb9e912 <unknown>\n#13 0x564eafbbb604 <unknown>\n#14 0x564eafb8374f <unknown>\n#15 0x564eafbdf678 <unknown>\n#16 0x564eafbdf856 <unknown>\n#17 0x564eafbf0666 <unknown>\n#18 0x7f530b49caa4 <unknown>\n#19 0x7f530b529c3c <unknown>",
        "time" : {
          "start" : 1746840532694,
          "stop" : 1746840552775,
          "duration" : 20081
        }
      }, {
        "uid" : "f9d2f7a23da547b8",
        "reportUrl" : "https://Brain-up.github.io/auto-tests-python/564//#testresult/f9d2f7a23da547b8",
        "status" : "skipped",
        "statusDetails" : "XFAIL\n\nselenium.common.exceptions.TimeoutException: Message: Can't find element by locator ('xpath', '//a[text()=\"Упражнения\"]')\nStacktrace:\n#0 0x556059bba7fa <unknown>\n#1 0x55605965ee90 <unknown>\n#2 0x5560596b0870 <unknown>\n#3 0x5560596b0a61 <unknown>\n#4 0x5560596fecb4 <unknown>\n#5 0x5560596d626d <unknown>\n#6 0x5560596fc135 <unknown>\n#7 0x5560596d6013 <unknown>\n#8 0x5560596a2b3b <unknown>\n#9 0x5560596a37a1 <unknown>\n#10 0x556059b7fb9b <unknown>\n#11 0x556059b83a8a <unknown>\n#12 0x556059b67912 <unknown>\n#13 0x556059b84604 <unknown>\n#14 0x556059b4c74f <unknown>\n#15 0x556059ba8678 <unknown>\n#16 0x556059ba8856 <unknown>\n#17 0x556059bb9666 <unknown>\n#18 0x7f6c3189caa4 <unknown>\n#19 0x7f6c31929c3c <unknown>",
        "time" : {
          "start" : 1746771126185,
          "stop" : 1746771146268,
          "duration" : 20083
        }
      }, {
        "uid" : "c7daf8f9f63aaaee",
        "reportUrl" : "https://Brain-up.github.io/auto-tests-python/359//#testresult/c7daf8f9f63aaaee",
        "status" : "passed",
        "statusDetails" : "XPASS",
        "time" : {
          "start" : 1746754277713,
          "stop" : 1746754327402,
          "duration" : 49689
        }
      }, {
        "uid" : "1eec50e17bece5ff",
        "reportUrl" : "https://Brain-up.github.io/auto-tests-python/563//#testresult/1eec50e17bece5ff",
        "status" : "passed",
        "statusDetails" : "XPASS",
        "time" : {
          "start" : 1746728277858,
          "stop" : 1746728328150,
          "duration" : 50292
        }
      }, {
        "uid" : "ce84da2bc6bc9023",
        "reportUrl" : "https://Brain-up.github.io/auto-tests-python/358//#testresult/ce84da2bc6bc9023",
        "status" : "skipped",
        "statusDetails" : "XFAIL\n\nselenium.common.exceptions.TimeoutException: Message: Can't find element by locator ('xpath', '//a[text()=\"Упражнения\"]')\nStacktrace:\n#0 0x55d15c2dc7fa <unknown>\n#1 0x55d15bd80e90 <unknown>\n#2 0x55d15bdd2870 <unknown>\n#3 0x55d15bdd2a61 <unknown>\n#4 0x55d15be20cb4 <unknown>\n#5 0x55d15bdf826d <unknown>\n#6 0x55d15be1e135 <unknown>\n#7 0x55d15bdf8013 <unknown>\n#8 0x55d15bdc4b3b <unknown>\n#9 0x55d15bdc57a1 <unknown>\n#10 0x55d15c2a1b9b <unknown>\n#11 0x55d15c2a5a8a <unknown>\n#12 0x55d15c289912 <unknown>\n#13 0x55d15c2a6604 <unknown>\n#14 0x55d15c26e74f <unknown>\n#15 0x55d15c2ca678 <unknown>\n#16 0x55d15c2ca856 <unknown>\n#17 0x55d15c2db666 <unknown>\n#18 0x7f9275c9caa4 <unknown>\n#19 0x7f9275d29c3c <unknown>",
        "time" : {
          "start" : 1746667946996,
          "stop" : 1746667967098,
          "duration" : 20102
        }
      }, {
        "uid" : "afa04a79d3b293d1",
        "reportUrl" : "https://Brain-up.github.io/auto-tests-python/357//#testresult/afa04a79d3b293d1",
        "status" : "passed",
        "statusDetails" : "XPASS",
        "time" : {
          "start" : 1746581496233,
          "stop" : 1746581527949,
          "duration" : 31716
        }
      }, {
        "uid" : "4f614f63e7d89159",
        "reportUrl" : "https://Brain-up.github.io/auto-tests-python/562//#testresult/4f614f63e7d89159",
        "status" : "skipped",
        "statusDetails" : "XFAIL\n\nselenium.common.exceptions.TimeoutException: Message: Can't find element by locator ('xpath', '//a[text()=\"Упражнения\"]')\nStacktrace:\n#0 0x56148ce937fa <unknown>\n#1 0x56148c937e90 <unknown>\n#2 0x56148c989870 <unknown>\n#3 0x56148c989a61 <unknown>\n#4 0x56148c9d7cb4 <unknown>\n#5 0x56148c9af26d <unknown>\n#6 0x56148c9d5135 <unknown>\n#7 0x56148c9af013 <unknown>\n#8 0x56148c97bb3b <unknown>\n#9 0x56148c97c7a1 <unknown>\n#10 0x56148ce58b9b <unknown>\n#11 0x56148ce5ca8a <unknown>\n#12 0x56148ce40912 <unknown>\n#13 0x56148ce5d604 <unknown>\n#14 0x56148ce2574f <unknown>\n#15 0x56148ce81678 <unknown>\n#16 0x56148ce81856 <unknown>\n#17 0x56148ce92666 <unknown>\n#18 0x7f46e789caa4 <unknown>\n#19 0x7f46e7929c3c <unknown>",
        "time" : {
          "start" : 1746568835005,
          "stop" : 1746568855579,
          "duration" : 20574
        }
      }, {
        "uid" : "2129732ae83ceb2",
        "reportUrl" : "https://Brain-up.github.io/auto-tests-python/561//#testresult/2129732ae83ceb2",
        "status" : "passed",
        "statusDetails" : "XPASS",
        "time" : {
          "start" : 1746543872600,
          "stop" : 1746543923893,
          "duration" : 51293
        }
      }, {
        "uid" : "d145e40837b0e26b",
        "reportUrl" : "https://Brain-up.github.io/auto-tests-python/356//#testresult/d145e40837b0e26b",
        "status" : "skipped",
        "statusDetails" : "XFAIL\n\nselenium.common.exceptions.TimeoutException: Message: Can't find element by locator ('xpath', '//a[text()=\"Упражнения\"]')\nStacktrace:\n#0 0x557fd86be75a <unknown>\n#1 0x557fd81714b0 <unknown>\n#2 0x557fd81c29b3 <unknown>\n#3 0x557fd81c2ba1 <unknown>\n#4 0x557fd82111f4 <unknown>\n#5 0x557fd81e85bd <unknown>\n#6 0x557fd820e5e0 <unknown>\n#7 0x557fd81e8363 <unknown>\n#8 0x557fd81b4d63 <unknown>\n#9 0x557fd81b59c1 <unknown>\n#10 0x557fd8683a6b <unknown>\n#11 0x557fd8687951 <unknown>\n#12 0x557fd866bb62 <unknown>\n#13 0x557fd86884c4 <unknown>\n#14 0x557fd865013f <unknown>\n#15 0x557fd86ac6f8 <unknown>\n#16 0x557fd86ac8d6 <unknown>\n#17 0x557fd86bd5a6 <unknown>\n#18 0x7f905ac9caa4 <unknown>\n#19 0x7f905ad29c3c <unknown>",
        "time" : {
          "start" : 1746495301075,
          "stop" : 1746495321181,
          "duration" : 20106
        }
      }, {
        "uid" : "24d6df3ab5950906",
        "reportUrl" : "https://Brain-up.github.io/auto-tests-python/560//#testresult/24d6df3ab5950906",
        "status" : "skipped",
        "statusDetails" : "XFAIL\n\nselenium.common.exceptions.TimeoutException: Message: Can't find element by locator ('xpath', '//a[text()=\"Упражнения\"]')\nStacktrace:\n#0 0x56504bdb075a <unknown>\n#1 0x56504b8634b0 <unknown>\n#2 0x56504b8b49b3 <unknown>\n#3 0x56504b8b4ba1 <unknown>\n#4 0x56504b9031f4 <unknown>\n#5 0x56504b8da5bd <unknown>\n#6 0x56504b9005e0 <unknown>\n#7 0x56504b8da363 <unknown>\n#8 0x56504b8a6d63 <unknown>\n#9 0x56504b8a79c1 <unknown>\n#10 0x56504bd75a6b <unknown>\n#11 0x56504bd79951 <unknown>\n#12 0x56504bd5db62 <unknown>\n#13 0x56504bd7a4c4 <unknown>\n#14 0x56504bd4213f <unknown>\n#15 0x56504bd9e6f8 <unknown>\n#16 0x56504bd9e8d6 <unknown>\n#17 0x56504bdaf5a6 <unknown>\n#18 0x7feb8f69caa4 <unknown>\n#19 0x7feb8f729c3c <unknown>",
        "time" : {
          "start" : 1746426162333,
          "stop" : 1746426182422,
          "duration" : 20089
        }
      }, {
        "uid" : "ff7a40fd7afa0a2e",
        "reportUrl" : "https://Brain-up.github.io/auto-tests-python/355//#testresult/ff7a40fd7afa0a2e",
        "status" : "skipped",
        "statusDetails" : "XFAIL\n\nselenium.common.exceptions.TimeoutException: Message: Can't find element by locator ('xpath', '//a[text()=\"Упражнения\"]')\nStacktrace:\n#0 0x5584411d975a <unknown>\n#1 0x558440c8c4b0 <unknown>\n#2 0x558440cdd9b3 <unknown>\n#3 0x558440cddba1 <unknown>\n#4 0x558440d2c1f4 <unknown>\n#5 0x558440d035bd <unknown>\n#6 0x558440d295e0 <unknown>\n#7 0x558440d03363 <unknown>\n#8 0x558440ccfd63 <unknown>\n#9 0x558440cd09c1 <unknown>\n#10 0x55844119ea6b <unknown>\n#11 0x5584411a2951 <unknown>\n#12 0x558441186b62 <unknown>\n#13 0x5584411a34c4 <unknown>\n#14 0x55844116b13f <unknown>\n#15 0x5584411c76f8 <unknown>\n#16 0x5584411c78d6 <unknown>\n#17 0x5584411d85a6 <unknown>\n#18 0x7f3adb09caa4 <unknown>\n#19 0x7f3adb129c3c <unknown>",
        "time" : {
          "start" : 1746408669753,
          "stop" : 1746408689842,
          "duration" : 20089
        }
      }, {
        "uid" : "f9507531df3b2179",
        "reportUrl" : "https://Brain-up.github.io/auto-tests-python/559//#testresult/f9507531df3b2179",
        "status" : "skipped",
        "statusDetails" : "XFAIL\n\nselenium.common.exceptions.TimeoutException: Message: Can't find element by locator ('xpath', '//a[text()=\"Упражнения\"]')\nStacktrace:\n#0 0x559a07d9a75a <unknown>\n#1 0x559a0784d4b0 <unknown>\n#2 0x559a0789e9b3 <unknown>\n#3 0x559a0789eba1 <unknown>\n#4 0x559a078ed1f4 <unknown>\n#5 0x559a078c45bd <unknown>\n#6 0x559a078ea5e0 <unknown>\n#7 0x559a078c4363 <unknown>\n#8 0x559a07890d63 <unknown>\n#9 0x559a078919c1 <unknown>\n#10 0x559a07d5fa6b <unknown>\n#11 0x559a07d63951 <unknown>\n#12 0x559a07d47b62 <unknown>\n#13 0x559a07d644c4 <unknown>\n#14 0x559a07d2c13f <unknown>\n#15 0x559a07d886f8 <unknown>\n#16 0x559a07d888d6 <unknown>\n#17 0x559a07d995a6 <unknown>\n#18 0x7f40f809caa4 <unknown>\n#19 0x7f40f8129c3c <unknown>",
        "time" : {
          "start" : 1746364131696,
          "stop" : 1746364151798,
          "duration" : 20102
        }
      }, {
        "uid" : "fc46daff355f2bea",
        "reportUrl" : "https://Brain-up.github.io/auto-tests-python/354//#testresult/fc46daff355f2bea",
        "status" : "skipped",
        "statusDetails" : "XFAIL\n\nselenium.common.exceptions.TimeoutException: Message: Can't find element by locator ('xpath', '//a[text()=\"Упражнения\"]')\nStacktrace:\n#0 0x5642d225775a <unknown>\n#1 0x5642d1d0a4b0 <unknown>\n#2 0x5642d1d5b9b3 <unknown>\n#3 0x5642d1d5bba1 <unknown>\n#4 0x5642d1daa1f4 <unknown>\n#5 0x5642d1d815bd <unknown>\n#6 0x5642d1da75e0 <unknown>\n#7 0x5642d1d81363 <unknown>\n#8 0x5642d1d4dd63 <unknown>\n#9 0x5642d1d4e9c1 <unknown>\n#10 0x5642d221ca6b <unknown>\n#11 0x5642d2220951 <unknown>\n#12 0x5642d2204b62 <unknown>\n#13 0x5642d22214c4 <unknown>\n#14 0x5642d21e913f <unknown>\n#15 0x5642d22456f8 <unknown>\n#16 0x5642d22458d6 <unknown>\n#17 0x5642d22565a6 <unknown>\n#18 0x7f32a149caa4 <unknown>\n#19 0x7f32a1529c3c <unknown>",
        "time" : {
          "start" : 1746322436387,
          "stop" : 1746322456950,
          "duration" : 20563
        }
      }, {
        "uid" : "a7e9af8352ed9a16",
        "reportUrl" : "https://Brain-up.github.io/auto-tests-python/558//#testresult/a7e9af8352ed9a16",
        "status" : "skipped",
        "statusDetails" : "XFAIL\n\nselenium.common.exceptions.TimeoutException: Message: Can't find element by locator ('xpath', '//a[text()=\"Упражнения\"]')\nStacktrace:\n#0 0x56533df7c75a <unknown>\n#1 0x56533da2f4b0 <unknown>\n#2 0x56533da809b3 <unknown>\n#3 0x56533da80ba1 <unknown>\n#4 0x56533dacf1f4 <unknown>\n#5 0x56533daa65bd <unknown>\n#6 0x56533dacc5e0 <unknown>\n#7 0x56533daa6363 <unknown>\n#8 0x56533da72d63 <unknown>\n#9 0x56533da739c1 <unknown>\n#10 0x56533df41a6b <unknown>\n#11 0x56533df45951 <unknown>\n#12 0x56533df29b62 <unknown>\n#13 0x56533df464c4 <unknown>\n#14 0x56533df0e13f <unknown>\n#15 0x56533df6a6f8 <unknown>\n#16 0x56533df6a8d6 <unknown>\n#17 0x56533df7b5a6 <unknown>\n#18 0x7fdcb649caa4 <unknown>\n#19 0x7fdcb6529c3c <unknown>",
        "time" : {
          "start" : 1746276516405,
          "stop" : 1746276536512,
          "duration" : 20107
        }
      }, {
        "uid" : "13f3be0e31a4ff35",
        "reportUrl" : "https://Brain-up.github.io/auto-tests-python/353//#testresult/13f3be0e31a4ff35",
        "status" : "skipped",
        "statusDetails" : "XFAIL\n\nselenium.common.exceptions.TimeoutException: Message: Can't find element by locator ('xpath', '//a[text()=\"Упражнения\"]')\nStacktrace:\n#0 0x55ef0839b75a <unknown>\n#1 0x55ef07e4e4b0 <unknown>\n#2 0x55ef07e9f9b3 <unknown>\n#3 0x55ef07e9fba1 <unknown>\n#4 0x55ef07eee1f4 <unknown>\n#5 0x55ef07ec55bd <unknown>\n#6 0x55ef07eeb5e0 <unknown>\n#7 0x55ef07ec5363 <unknown>\n#8 0x55ef07e91d63 <unknown>\n#9 0x55ef07e929c1 <unknown>\n#10 0x55ef08360a6b <unknown>\n#11 0x55ef08364951 <unknown>\n#12 0x55ef08348b62 <unknown>\n#13 0x55ef083654c4 <unknown>\n#14 0x55ef0832d13f <unknown>\n#15 0x55ef083896f8 <unknown>\n#16 0x55ef083898d6 <unknown>\n#17 0x55ef0839a5a6 <unknown>\n#18 0x7f1163c9caa4 <unknown>\n#19 0x7f1163d29c3c <unknown>",
        "time" : {
          "start" : 1746235791051,
          "stop" : 1746235811147,
          "duration" : 20096
        }
      }, {
        "uid" : "2d6cbce1b28a3831",
        "reportUrl" : "https://Brain-up.github.io/auto-tests-python/557//#testresult/2d6cbce1b28a3831",
        "status" : "skipped",
        "statusDetails" : "XFAIL\n\nselenium.common.exceptions.TimeoutException: Message: Can't find element by locator ('xpath', '//a[text()=\"Упражнения\"]')\nStacktrace:\n#0 0x55d6dd58175a <unknown>\n#1 0x55d6dd0344b0 <unknown>\n#2 0x55d6dd0859b3 <unknown>\n#3 0x55d6dd085ba1 <unknown>\n#4 0x55d6dd0d41f4 <unknown>\n#5 0x55d6dd0ab5bd <unknown>\n#6 0x55d6dd0d15e0 <unknown>\n#7 0x55d6dd0ab363 <unknown>\n#8 0x55d6dd077d63 <unknown>\n#9 0x55d6dd0789c1 <unknown>\n#10 0x55d6dd546a6b <unknown>\n#11 0x55d6dd54a951 <unknown>\n#12 0x55d6dd52eb62 <unknown>\n#13 0x55d6dd54b4c4 <unknown>\n#14 0x55d6dd51313f <unknown>\n#15 0x55d6dd56f6f8 <unknown>\n#16 0x55d6dd56f8d6 <unknown>\n#17 0x55d6dd5805a6 <unknown>\n#18 0x7ff94d49caa4 <unknown>\n#19 0x7ff94d529c3c <unknown>",
        "time" : {
          "start" : 1746216326738,
          "stop" : 1746216346829,
          "duration" : 20091
        }
      }, {
        "uid" : "ab661d6d6652145",
        "reportUrl" : "https://Brain-up.github.io/auto-tests-python/352//#testresult/ab661d6d6652145",
        "status" : "skipped",
        "statusDetails" : "XFAIL\n\nselenium.common.exceptions.TimeoutException: Message: Can't find element by locator ('xpath', '//a[text()=\"Упражнения\"]')\nStacktrace:\n#0 0x55f21b81375a <unknown>\n#1 0x55f21b2c64b0 <unknown>\n#2 0x55f21b3179b3 <unknown>\n#3 0x55f21b317ba1 <unknown>\n#4 0x55f21b3661f4 <unknown>\n#5 0x55f21b33d5bd <unknown>\n#6 0x55f21b3635e0 <unknown>\n#7 0x55f21b33d363 <unknown>\n#8 0x55f21b309d63 <unknown>\n#9 0x55f21b30a9c1 <unknown>\n#10 0x55f21b7d8a6b <unknown>\n#11 0x55f21b7dc951 <unknown>\n#12 0x55f21b7c0b62 <unknown>\n#13 0x55f21b7dd4c4 <unknown>\n#14 0x55f21b7a513f <unknown>\n#15 0x55f21b8016f8 <unknown>\n#16 0x55f21b8018d6 <unknown>\n#17 0x55f21b8125a6 <unknown>\n#18 0x7f07fca9caa4 <unknown>\n#19 0x7f07fcb29c3c <unknown>",
        "time" : {
          "start" : 1746149371045,
          "stop" : 1746149391147,
          "duration" : 20102
        }
      }, {
        "uid" : "bb8484e130343a3e",
        "reportUrl" : "https://Brain-up.github.io/auto-tests-python/556//#testresult/bb8484e130343a3e",
        "status" : "skipped",
        "statusDetails" : "XFAIL\n\nselenium.common.exceptions.TimeoutException: Message: Can't find element by locator ('xpath', '//a[text()=\"Упражнения\"]')\nStacktrace:\n#0 0x55fc0f41475a <unknown>\n#1 0x55fc0eec74b0 <unknown>\n#2 0x55fc0ef189b3 <unknown>\n#3 0x55fc0ef18ba1 <unknown>\n#4 0x55fc0ef671f4 <unknown>\n#5 0x55fc0ef3e5bd <unknown>\n#6 0x55fc0ef645e0 <unknown>\n#7 0x55fc0ef3e363 <unknown>\n#8 0x55fc0ef0ad63 <unknown>\n#9 0x55fc0ef0b9c1 <unknown>\n#10 0x55fc0f3d9a6b <unknown>\n#11 0x55fc0f3dd951 <unknown>\n#12 0x55fc0f3c1b62 <unknown>\n#13 0x55fc0f3de4c4 <unknown>\n#14 0x55fc0f3a613f <unknown>\n#15 0x55fc0f4026f8 <unknown>\n#16 0x55fc0f4028d6 <unknown>\n#17 0x55fc0f4135a6 <unknown>\n#18 0x7efc48e9caa4 <unknown>\n#19 0x7efc48f29c3c <unknown>",
        "time" : {
          "start" : 1746084418152,
          "stop" : 1746084438222,
          "duration" : 20070
        }
      } ]
    },
    "tags" : [ "@pytest.mark.xfail" ]
  },
  "source" : "f6c3ca2f66adf9e.json",
  "parameterValues" : [ ]
}