{
  "uid" : "862c8d02b45f0338",
  "name" : "Verify if links on the 'en' local lead to correct pages after clicking",
  "fullName" : "tests.groups_page_test.TestGroupsPageLinks#test_gp_03_03_verify_en_links_lead_to_proper_pages",
  "historyId" : "d01f53f0a33aa177c7e6b3b235ce77a2",
  "time" : {
    "start" : 1729759865657,
    "stop" : 1729759875879,
    "duration" : 10222
  },
  "status" : "failed",
  "statusMessage" : "AssertionError: Some of links lead to incorrect pages after clicking\nassert False\n +  where False = all(<generator object TestGroupsPage.TestGroupsPageLinks.test_gp_03_03_verify_en_links_lead_to_proper_pages.<locals>.<genexpr> at 0x7f4ded7f65a0>)",
  "statusTrace" : "self = <tests.groups_page_test.TestGroupsPage.TestGroupsPageLinks object at 0x7f4ded9973e0>\ndriver = <selenium.webdriver.chrome.webdriver.WebDriver (session=\"4ba22689d5b64db4b39985bf4b640301\")>\nauto_test_user_authorized = None\n\n    @allure.title(\"\"\"Verify if links on the 'en' local lead to correct pages after clicking\"\"\")\n    def test_gp_03_03_verify_en_links_lead_to_proper_pages(self, driver, auto_test_user_authorized):\n        page = GroupsPage(driver)\n        opened_pages = page.click_on_links_on_en_local()\n        assert opened_pages, \"Transitions to exercises pages have not performed\"\n>       assert all(page in GroupsPageData.pages_urls for page in opened_pages), \\\n            \"Some of links lead to incorrect pages after clicking\"\nE       AssertionError: Some of links lead to incorrect pages after clicking\nE       assert False\nE        +  where False = all(<generator object TestGroupsPage.TestGroupsPageLinks.test_gp_03_03_verify_en_links_lead_to_proper_pages.<locals>.<genexpr> at 0x7f4ded7f65a0>)\n\ntests/groups_page_test.py:117: AssertionError",
  "flaky" : false,
  "newFailed" : false,
  "beforeStages" : [ {
    "name" : "driver",
    "time" : {
      "start" : 1729759859855,
      "stop" : 1729759860627,
      "duration" : 772
    },
    "status" : "passed",
    "steps" : [ ],
    "attachments" : [ ],
    "parameters" : [ ],
    "stepsCount" : 0,
    "attachmentsCount" : 0,
    "shouldDisplayMessage" : false,
    "hasContent" : false
  }, {
    "name" : "main_page_open",
    "time" : {
      "start" : 1729759860628,
      "stop" : 1729759863247,
      "duration" : 2619
    },
    "status" : "passed",
    "steps" : [ {
      "name" : "Open page: https://brainup.site/",
      "time" : {
        "start" : 1729759860628,
        "stop" : 1729759863247,
        "duration" : 2619
      },
      "status" : "passed",
      "steps" : [ ],
      "attachments" : [ ],
      "parameters" : [ {
        "name" : "driver",
        "value" : "<selenium.webdriver.chrome.webdriver.WebDriver (session=\"4ba22689d5b64db4b39985bf4b640301\")>"
      } ],
      "stepsCount" : 0,
      "attachmentsCount" : 0,
      "shouldDisplayMessage" : false,
      "hasContent" : true
    } ],
    "attachments" : [ ],
    "parameters" : [ ],
    "stepsCount" : 1,
    "attachmentsCount" : 0,
    "shouldDisplayMessage" : false,
    "hasContent" : true
  }, {
    "name" : "clear_allure_results_folder",
    "time" : {
      "start" : 1729759590635,
      "stop" : 1729759590635,
      "duration" : 0
    },
    "status" : "passed",
    "steps" : [ ],
    "attachments" : [ ],
    "parameters" : [ ],
    "stepsCount" : 0,
    "attachmentsCount" : 0,
    "shouldDisplayMessage" : false,
    "hasContent" : false
  }, {
    "name" : "auto_test_user_authorized",
    "time" : {
      "start" : 1729759863247,
      "stop" : 1729759865656,
      "duration" : 2409
    },
    "status" : "passed",
    "steps" : [ {
      "name" : "Auto test user authorized",
      "time" : {
        "start" : 1729759863248,
        "stop" : 1729759865656,
        "duration" : 2408
      },
      "status" : "passed",
      "steps" : [ {
        "name" : "Check url is present: https://brainup.site/groups",
        "time" : {
          "start" : 1729759863616,
          "stop" : 1729759865634,
          "duration" : 2018
        },
        "status" : "passed",
        "steps" : [ ],
        "attachments" : [ ],
        "parameters" : [ ],
        "stepsCount" : 0,
        "attachmentsCount" : 0,
        "shouldDisplayMessage" : false,
        "hasContent" : false
      }, {
        "name" : "Loader checking",
        "time" : {
          "start" : 1729759865635,
          "stop" : 1729759865656,
          "duration" : 21
        },
        "status" : "passed",
        "steps" : [ ],
        "attachments" : [ ],
        "parameters" : [ ],
        "stepsCount" : 0,
        "attachmentsCount" : 0,
        "shouldDisplayMessage" : false,
        "hasContent" : false
      } ],
      "attachments" : [ ],
      "parameters" : [ {
        "name" : "driver",
        "value" : "<selenium.webdriver.chrome.webdriver.WebDriver (session=\"4ba22689d5b64db4b39985bf4b640301\")>"
      }, {
        "name" : "main_page_open",
        "value" : "None"
      } ],
      "stepsCount" : 2,
      "attachmentsCount" : 0,
      "shouldDisplayMessage" : false,
      "hasContent" : true
    } ],
    "attachments" : [ ],
    "parameters" : [ ],
    "stepsCount" : 3,
    "attachmentsCount" : 0,
    "shouldDisplayMessage" : false,
    "hasContent" : true
  } ],
  "testStage" : {
    "status" : "failed",
    "statusMessage" : "AssertionError: Some of links lead to incorrect pages after clicking\nassert False\n +  where False = all(<generator object TestGroupsPage.TestGroupsPageLinks.test_gp_03_03_verify_en_links_lead_to_proper_pages.<locals>.<genexpr> at 0x7f4ded7f65a0>)",
    "statusTrace" : "self = <tests.groups_page_test.TestGroupsPage.TestGroupsPageLinks object at 0x7f4ded9973e0>\ndriver = <selenium.webdriver.chrome.webdriver.WebDriver (session=\"4ba22689d5b64db4b39985bf4b640301\")>\nauto_test_user_authorized = None\n\n    @allure.title(\"\"\"Verify if links on the 'en' local lead to correct pages after clicking\"\"\")\n    def test_gp_03_03_verify_en_links_lead_to_proper_pages(self, driver, auto_test_user_authorized):\n        page = GroupsPage(driver)\n        opened_pages = page.click_on_links_on_en_local()\n        assert opened_pages, \"Transitions to exercises pages have not performed\"\n>       assert all(page in GroupsPageData.pages_urls for page in opened_pages), \\\n            \"Some of links lead to incorrect pages after clicking\"\nE       AssertionError: Some of links lead to incorrect pages after clicking\nE       assert False\nE        +  where False = all(<generator object TestGroupsPage.TestGroupsPageLinks.test_gp_03_03_verify_en_links_lead_to_proper_pages.<locals>.<genexpr> at 0x7f4ded7f65a0>)\n\ntests/groups_page_test.py:117: AssertionError",
    "steps" : [ {
      "name" : "Click on links on the 'en' local and thereby open corresponding web pages in the same tab",
      "time" : {
        "start" : 1729759865657,
        "stop" : 1729759875879,
        "duration" : 10222
      },
      "status" : "passed",
      "steps" : [ {
        "name" : "Click on the 'en' button in the Header for every user",
        "time" : {
          "start" : 1729759865657,
          "stop" : 1729759865714,
          "duration" : 57
        },
        "status" : "passed",
        "steps" : [ ],
        "attachments" : [ ],
        "parameters" : [ ],
        "stepsCount" : 0,
        "attachmentsCount" : 0,
        "shouldDisplayMessage" : false,
        "hasContent" : false
      } ],
      "attachments" : [ ],
      "parameters" : [ ],
      "stepsCount" : 1,
      "attachmentsCount" : 0,
      "shouldDisplayMessage" : false,
      "hasContent" : true
    } ],
    "attachments" : [ {
      "uid" : "d2ae8d040d883089",
      "name" : "Screenshot 2024-10-24 08:51:16.003007",
      "source" : "d2ae8d040d883089.png",
      "type" : "image/png",
      "size" : 113250
    } ],
    "parameters" : [ ],
    "stepsCount" : 2,
    "attachmentsCount" : 1,
    "shouldDisplayMessage" : true,
    "hasContent" : true
  },
  "afterStages" : [ {
    "name" : "driver::0",
    "time" : {
      "start" : 1729759876005,
      "stop" : 1729759876099,
      "duration" : 94
    },
    "status" : "passed",
    "steps" : [ ],
    "attachments" : [ ],
    "parameters" : [ ],
    "stepsCount" : 0,
    "attachmentsCount" : 0,
    "shouldDisplayMessage" : false,
    "hasContent" : false
  } ],
  "labels" : [ {
    "name" : "epic",
    "value" : "The Groups Page"
  }, {
    "name" : "parentSuite",
    "value" : "tests"
  }, {
    "name" : "suite",
    "value" : "groups_page_test"
  }, {
    "name" : "subSuite",
    "value" : "TestGroupsPage"
  }, {
    "name" : "host",
    "value" : "fv-az1116-198"
  }, {
    "name" : "thread",
    "value" : "2226-MainThread"
  }, {
    "name" : "framework",
    "value" : "pytest"
  }, {
    "name" : "language",
    "value" : "cpython3"
  }, {
    "name" : "package",
    "value" : "tests.groups_page_test"
  }, {
    "name" : "resultFormat",
    "value" : "allure2"
  } ],
  "parameters" : [ ],
  "links" : [ ],
  "hidden" : false,
  "retry" : false,
  "extra" : {
    "severity" : "normal",
    "retries" : [ ],
    "categories" : [ {
      "name" : "Product defects",
      "matchedStatuses" : [ ],
      "flaky" : false
    } ],
    "tags" : [ ]
  },
  "source" : "862c8d02b45f0338.json",
  "parameterValues" : [ ]
}