{
  "uid" : "2a75361e81759698",
  "name" : "Select random card from \"Word\" group and compare UI vs BACKEND data",
  "fullName" : "tests.test_speech_exercises_en.TestCardsEN#test_random_word_cards_en",
  "historyId" : "84999af5e98c6318908a9abbfe6fc3a3",
  "time" : {
    "start" : 1741310529394,
    "stop" : 1741310550026,
    "duration" : 20632
  },
  "status" : "skipped",
  "statusMessage" : "XFAIL\n\nselenium.common.exceptions.TimeoutException: Message: Can't find element by locator ('xpath', '//button[@data-test-active-link=\"Words\"]')\nStacktrace:\n#0 0x55becc4ea14a <unknown>\n#1 0x55becbf87b80 <unknown>\n#2 0x55becbfd90e9 <unknown>\n#3 0x55becbfd9271 <unknown>\n#4 0x55becc027de4 <unknown>\n#5 0x55becbffeefd <unknown>\n#6 0x55becc02514a <unknown>\n#7 0x55becbffeca3 <unknown>\n#8 0x55becbfcaf08 <unknown>\n#9 0x55becbfcc071 <unknown>\n#10 0x55becc4b3b5b <unknown>\n#11 0x55becc4b7ae2 <unknown>\n#12 0x55becc49f967 <unknown>\n#13 0x55becc4b86d4 <unknown>\n#14 0x55becc483c7f <unknown>\n#15 0x55becc4d8cd8 <unknown>\n#16 0x55becc4d8ea9 <unknown>\n#17 0x55becc4e8fc6 <unknown>\n#18 0x7f158d69caa4 <unknown>\n#19 0x7f158d729c3c <unknown>",
  "statusTrace" : "self = <tests.test_speech_exercises_en.TestCardsEN object at 0x7f1a341e0d40>\ndriver = <selenium.webdriver.chrome.webdriver.WebDriver (session=\"24914587d9f0e2602f4f14d3844ae401\")>\nspecialist_user_authorized = None\n\n    @pytest.mark.xfail\n    @allure.suite(\"Speech exercises EN.\")\n    @allure.title('Select random card from \"Word\" group and compare UI vs BACKEND data')\n    def test_random_word_cards_en(self, driver, specialist_user_authorized):\n        page = SpeechExercisesPage(driver)\n>       page.select_group(SpeechExercisesPageLocators.WORDS_BUTTON_EN)\n\ntests/test_speech_exercises_en.py:16: \n_ _ _ _ _ _ _ _ _ _ _ _ _ _ _ _ _ _ _ _ _ _ _ _ _ _ _ _ _ _ _ _ _ _ _ _ _ _ _ _ \npages/speech_exercises_page_en.py:18: in select_group\n    text_of_the_button = self.element_is_present_and_clickable(selector_for_sub_group)\npages/base_page.py:40: in element_is_present_and_clickable\n    return (Wait(self.driver, self.timeout).until(\n_ _ _ _ _ _ _ _ _ _ _ _ _ _ _ _ _ _ _ _ _ _ _ _ _ _ _ _ _ _ _ _ _ _ _ _ _ _ _ _ \n\nself = <selenium.webdriver.support.wait.WebDriverWait (session=\"24914587d9f0e2602f4f14d3844ae401\")>\nmethod = <function visibility_of_element_located.<locals>._predicate at 0x7f1a3427eb60>\nmessage = 'Can\\'t find element by locator (\\'xpath\\', \\'//button[@data-test-active-link=\"Words\"]\\')'\n\n    def until(self, method, message: str = \"\"):\n        \"\"\"Calls the method provided with the driver as an argument until the \\\n        return value does not evaluate to ``False``.\n    \n        :param method: callable(WebDriver)\n        :param message: optional message for :exc:`TimeoutException`\n        :returns: the result of the last call to `method`\n        :raises: :exc:`selenium.common.exceptions.TimeoutException` if timeout occurs\n        \"\"\"\n        screen = None\n        stacktrace = None\n    \n        end_time = time.monotonic() + self._timeout\n        while True:\n            try:\n                value = method(self._driver)\n                if value:\n                    return value\n            except self._ignored_exceptions as exc:\n                screen = getattr(exc, \"screen\", None)\n                stacktrace = getattr(exc, \"stacktrace\", None)\n            time.sleep(self._poll)\n            if time.monotonic() > end_time:\n                break\n>       raise TimeoutException(message, screen, stacktrace)\nE       selenium.common.exceptions.TimeoutException: Message: Can't find element by locator ('xpath', '//button[@data-test-active-link=\"Words\"]')\nE       Stacktrace:\nE       #0 0x55becc4ea14a <unknown>\nE       #1 0x55becbf87b80 <unknown>\nE       #2 0x55becbfd90e9 <unknown>\nE       #3 0x55becbfd9271 <unknown>\nE       #4 0x55becc027de4 <unknown>\nE       #5 0x55becbffeefd <unknown>\nE       #6 0x55becc02514a <unknown>\nE       #7 0x55becbffeca3 <unknown>\nE       #8 0x55becbfcaf08 <unknown>\nE       #9 0x55becbfcc071 <unknown>\nE       #10 0x55becc4b3b5b <unknown>\nE       #11 0x55becc4b7ae2 <unknown>\nE       #12 0x55becc49f967 <unknown>\nE       #13 0x55becc4b86d4 <unknown>\nE       #14 0x55becc483c7f <unknown>\nE       #15 0x55becc4d8cd8 <unknown>\nE       #16 0x55becc4d8ea9 <unknown>\nE       #17 0x55becc4e8fc6 <unknown>\nE       #18 0x7f158d69caa4 <unknown>\nE       #19 0x7f158d729c3c <unknown>\n\n/opt/hostedtoolcache/Python/3.12.9/x64/lib/python3.12/site-packages/selenium/webdriver/support/wait.py:95: TimeoutException",
  "flaky" : false,
  "newFailed" : false,
  "beforeStages" : [ {
    "name" : "driver",
    "time" : {
      "start" : 1741310521580,
      "stop" : 1741310522409,
      "duration" : 829
    },
    "status" : "passed",
    "steps" : [ ],
    "attachments" : [ ],
    "parameters" : [ ],
    "stepsCount" : 0,
    "attachmentsCount" : 0,
    "shouldDisplayMessage" : false,
    "hasContent" : false
  }, {
    "name" : "specialist_user_authorized",
    "time" : {
      "start" : 1741310525953,
      "stop" : 1741310529393,
      "duration" : 3440
    },
    "status" : "passed",
    "steps" : [ {
      "name" : "USER specialist authorized",
      "time" : {
        "start" : 1741310525953,
        "stop" : 1741310529393,
        "duration" : 3440
      },
      "status" : "passed",
      "steps" : [ {
        "name" : "Check url is present: https://www.brainup.site/groups",
        "time" : {
          "start" : 1741310526342,
          "stop" : 1741310529372,
          "duration" : 3030
        },
        "status" : "passed",
        "steps" : [ ],
        "attachments" : [ ],
        "parameters" : [ ],
        "stepsCount" : 0,
        "attachmentsCount" : 0,
        "shouldDisplayMessage" : false,
        "hasContent" : false
      }, {
        "name" : "Loader checking",
        "time" : {
          "start" : 1741310529372,
          "stop" : 1741310529393,
          "duration" : 21
        },
        "status" : "passed",
        "steps" : [ ],
        "attachments" : [ ],
        "parameters" : [ ],
        "stepsCount" : 0,
        "attachmentsCount" : 0,
        "shouldDisplayMessage" : false,
        "hasContent" : false
      } ],
      "attachments" : [ ],
      "parameters" : [ {
        "name" : "driver",
        "value" : "<selenium.webdriver.chrome.webdriver.WebDriver (session=\"24914587d9f0e2602f4f14d3844ae401\")>"
      }, {
        "name" : "main_page_open",
        "value" : "None"
      } ],
      "stepsCount" : 2,
      "attachmentsCount" : 0,
      "shouldDisplayMessage" : false,
      "hasContent" : true
    } ],
    "attachments" : [ ],
    "parameters" : [ ],
    "stepsCount" : 3,
    "attachmentsCount" : 0,
    "shouldDisplayMessage" : false,
    "hasContent" : true
  }, {
    "name" : "main_page_open",
    "time" : {
      "start" : 1741310522409,
      "stop" : 1741310525952,
      "duration" : 3543
    },
    "status" : "passed",
    "steps" : [ {
      "name" : "Open page: https://www.brainup.site/",
      "time" : {
        "start" : 1741310522410,
        "stop" : 1741310525952,
        "duration" : 3542
      },
      "status" : "passed",
      "steps" : [ ],
      "attachments" : [ ],
      "parameters" : [ {
        "name" : "driver",
        "value" : "<selenium.webdriver.chrome.webdriver.WebDriver (session=\"24914587d9f0e2602f4f14d3844ae401\")>"
      } ],
      "stepsCount" : 0,
      "attachmentsCount" : 0,
      "shouldDisplayMessage" : false,
      "hasContent" : true
    } ],
    "attachments" : [ ],
    "parameters" : [ ],
    "stepsCount" : 1,
    "attachmentsCount" : 0,
    "shouldDisplayMessage" : false,
    "hasContent" : true
  }, {
    "name" : "clear_allure_results_folder",
    "time" : {
      "start" : 1741309172036,
      "stop" : 1741309172036,
      "duration" : 0
    },
    "status" : "passed",
    "steps" : [ ],
    "attachments" : [ ],
    "parameters" : [ ],
    "stepsCount" : 0,
    "attachmentsCount" : 0,
    "shouldDisplayMessage" : false,
    "hasContent" : false
  } ],
  "testStage" : {
    "status" : "skipped",
    "statusMessage" : "XFAIL\n\nselenium.common.exceptions.TimeoutException: Message: Can't find element by locator ('xpath', '//button[@data-test-active-link=\"Words\"]')\nStacktrace:\n#0 0x55becc4ea14a <unknown>\n#1 0x55becbf87b80 <unknown>\n#2 0x55becbfd90e9 <unknown>\n#3 0x55becbfd9271 <unknown>\n#4 0x55becc027de4 <unknown>\n#5 0x55becbffeefd <unknown>\n#6 0x55becc02514a <unknown>\n#7 0x55becbffeca3 <unknown>\n#8 0x55becbfcaf08 <unknown>\n#9 0x55becbfcc071 <unknown>\n#10 0x55becc4b3b5b <unknown>\n#11 0x55becc4b7ae2 <unknown>\n#12 0x55becc49f967 <unknown>\n#13 0x55becc4b86d4 <unknown>\n#14 0x55becc483c7f <unknown>\n#15 0x55becc4d8cd8 <unknown>\n#16 0x55becc4d8ea9 <unknown>\n#17 0x55becc4e8fc6 <unknown>\n#18 0x7f158d69caa4 <unknown>\n#19 0x7f158d729c3c <unknown>",
    "statusTrace" : "self = <tests.test_speech_exercises_en.TestCardsEN object at 0x7f1a341e0d40>\ndriver = <selenium.webdriver.chrome.webdriver.WebDriver (session=\"24914587d9f0e2602f4f14d3844ae401\")>\nspecialist_user_authorized = None\n\n    @pytest.mark.xfail\n    @allure.suite(\"Speech exercises EN.\")\n    @allure.title('Select random card from \"Word\" group and compare UI vs BACKEND data')\n    def test_random_word_cards_en(self, driver, specialist_user_authorized):\n        page = SpeechExercisesPage(driver)\n>       page.select_group(SpeechExercisesPageLocators.WORDS_BUTTON_EN)\n\ntests/test_speech_exercises_en.py:16: \n_ _ _ _ _ _ _ _ _ _ _ _ _ _ _ _ _ _ _ _ _ _ _ _ _ _ _ _ _ _ _ _ _ _ _ _ _ _ _ _ \npages/speech_exercises_page_en.py:18: in select_group\n    text_of_the_button = self.element_is_present_and_clickable(selector_for_sub_group)\npages/base_page.py:40: in element_is_present_and_clickable\n    return (Wait(self.driver, self.timeout).until(\n_ _ _ _ _ _ _ _ _ _ _ _ _ _ _ _ _ _ _ _ _ _ _ _ _ _ _ _ _ _ _ _ _ _ _ _ _ _ _ _ \n\nself = <selenium.webdriver.support.wait.WebDriverWait (session=\"24914587d9f0e2602f4f14d3844ae401\")>\nmethod = <function visibility_of_element_located.<locals>._predicate at 0x7f1a3427eb60>\nmessage = 'Can\\'t find element by locator (\\'xpath\\', \\'//button[@data-test-active-link=\"Words\"]\\')'\n\n    def until(self, method, message: str = \"\"):\n        \"\"\"Calls the method provided with the driver as an argument until the \\\n        return value does not evaluate to ``False``.\n    \n        :param method: callable(WebDriver)\n        :param message: optional message for :exc:`TimeoutException`\n        :returns: the result of the last call to `method`\n        :raises: :exc:`selenium.common.exceptions.TimeoutException` if timeout occurs\n        \"\"\"\n        screen = None\n        stacktrace = None\n    \n        end_time = time.monotonic() + self._timeout\n        while True:\n            try:\n                value = method(self._driver)\n                if value:\n                    return value\n            except self._ignored_exceptions as exc:\n                screen = getattr(exc, \"screen\", None)\n                stacktrace = getattr(exc, \"stacktrace\", None)\n            time.sleep(self._poll)\n            if time.monotonic() > end_time:\n                break\n>       raise TimeoutException(message, screen, stacktrace)\nE       selenium.common.exceptions.TimeoutException: Message: Can't find element by locator ('xpath', '//button[@data-test-active-link=\"Words\"]')\nE       Stacktrace:\nE       #0 0x55becc4ea14a <unknown>\nE       #1 0x55becbf87b80 <unknown>\nE       #2 0x55becbfd90e9 <unknown>\nE       #3 0x55becbfd9271 <unknown>\nE       #4 0x55becc027de4 <unknown>\nE       #5 0x55becbffeefd <unknown>\nE       #6 0x55becc02514a <unknown>\nE       #7 0x55becbffeca3 <unknown>\nE       #8 0x55becbfcaf08 <unknown>\nE       #9 0x55becbfcc071 <unknown>\nE       #10 0x55becc4b3b5b <unknown>\nE       #11 0x55becc4b7ae2 <unknown>\nE       #12 0x55becc49f967 <unknown>\nE       #13 0x55becc4b86d4 <unknown>\nE       #14 0x55becc483c7f <unknown>\nE       #15 0x55becc4d8cd8 <unknown>\nE       #16 0x55becc4d8ea9 <unknown>\nE       #17 0x55becc4e8fc6 <unknown>\nE       #18 0x7f158d69caa4 <unknown>\nE       #19 0x7f158d729c3c <unknown>\n\n/opt/hostedtoolcache/Python/3.12.9/x64/lib/python3.12/site-packages/selenium/webdriver/support/wait.py:95: TimeoutException",
    "steps" : [ {
      "name" : "select_group",
      "time" : {
        "start" : 1741310529394,
        "stop" : 1741310550025,
        "duration" : 20631
      },
      "status" : "broken",
      "statusMessage" : "selenium.common.exceptions.TimeoutException: Message: Can't find element by locator ('xpath', '//button[@data-test-active-link=\"Words\"]')\nStacktrace:\n#0 0x55becc4ea14a <unknown>\n#1 0x55becbf87b80 <unknown>\n#2 0x55becbfd90e9 <unknown>\n#3 0x55becbfd9271 <unknown>\n#4 0x55becc027de4 <unknown>\n#5 0x55becbffeefd <unknown>\n#6 0x55becc02514a <unknown>\n#7 0x55becbffeca3 <unknown>\n#8 0x55becbfcaf08 <unknown>\n#9 0x55becbfcc071 <unknown>\n#10 0x55becc4b3b5b <unknown>\n#11 0x55becc4b7ae2 <unknown>\n#12 0x55becc49f967 <unknown>\n#13 0x55becc4b86d4 <unknown>\n#14 0x55becc483c7f <unknown>\n#15 0x55becc4d8cd8 <unknown>\n#16 0x55becc4d8ea9 <unknown>\n#17 0x55becc4e8fc6 <unknown>\n#18 0x7f158d69caa4 <unknown>\n#19 0x7f158d729c3c <unknown>\n\n",
      "statusTrace" : "  File \"/opt/hostedtoolcache/Python/3.12.9/x64/lib/python3.12/site-packages/allure_commons/_allure.py\", line 192, in impl\n    return func(*a, **kw)\n           ^^^^^^^^^^^^^^\n  File \"/home/runner/work/auto-tests-python/auto-tests-python/pages/speech_exercises_page_en.py\", line 18, in select_group\n    text_of_the_button = self.element_is_present_and_clickable(selector_for_sub_group)\n                         ^^^^^^^^^^^^^^^^^^^^^^^^^^^^^^^^^^^^^^^^^^^^^^^^^^^^^^^^^^^^^\n  File \"/home/runner/work/auto-tests-python/auto-tests-python/pages/base_page.py\", line 40, in element_is_present_and_clickable\n    return (Wait(self.driver, self.timeout).until(\n            ^^^^^^^^^^^^^^^^^^^^^^^^^^^^^^^^^^^^^^\n  File \"/opt/hostedtoolcache/Python/3.12.9/x64/lib/python3.12/site-packages/selenium/webdriver/support/wait.py\", line 95, in until\n    raise TimeoutException(message, screen, stacktrace)\n",
      "steps" : [ {
        "name" : "Select Russian language. Click \"EN\" button.",
        "time" : {
          "start" : 1741310529394,
          "stop" : 1741310529463,
          "duration" : 69
        },
        "status" : "passed",
        "steps" : [ ],
        "attachments" : [ ],
        "parameters" : [ ],
        "stepsCount" : 0,
        "attachmentsCount" : 0,
        "shouldDisplayMessage" : false,
        "hasContent" : false
      }, {
        "name" : "Click button \"SPEECH EXERCISES\".",
        "time" : {
          "start" : 1741310529463,
          "stop" : 1741310529534,
          "duration" : 71
        },
        "status" : "passed",
        "steps" : [ ],
        "attachments" : [ ],
        "parameters" : [ ],
        "stepsCount" : 0,
        "attachmentsCount" : 0,
        "shouldDisplayMessage" : false,
        "hasContent" : false
      } ],
      "attachments" : [ ],
      "parameters" : [ {
        "name" : "selector_for_sub_group",
        "value" : "('xpath', '//button[@data-test-active-link=\"Words\"]')"
      } ],
      "stepsCount" : 2,
      "attachmentsCount" : 0,
      "shouldDisplayMessage" : true,
      "hasContent" : true
    } ],
    "attachments" : [ ],
    "parameters" : [ ],
    "stepsCount" : 3,
    "attachmentsCount" : 0,
    "shouldDisplayMessage" : true,
    "hasContent" : true
  },
  "afterStages" : [ {
    "name" : "driver::0",
    "time" : {
      "start" : 1741310550036,
      "stop" : 1741310550103,
      "duration" : 67
    },
    "status" : "passed",
    "steps" : [ ],
    "attachments" : [ ],
    "parameters" : [ ],
    "stepsCount" : 0,
    "attachmentsCount" : 0,
    "shouldDisplayMessage" : false,
    "hasContent" : false
  } ],
  "labels" : [ {
    "name" : "suite",
    "value" : "Speech exercises EN."
  }, {
    "name" : "epic",
    "value" : "Speech exercises."
  }, {
    "name" : "tag",
    "value" : "@pytest.mark.xfail"
  }, {
    "name" : "parentSuite",
    "value" : "tests"
  }, {
    "name" : "subSuite",
    "value" : "TestCardsEN"
  }, {
    "name" : "host",
    "value" : "fv-az1336-867"
  }, {
    "name" : "thread",
    "value" : "2416-MainThread"
  }, {
    "name" : "framework",
    "value" : "pytest"
  }, {
    "name" : "language",
    "value" : "cpython3"
  }, {
    "name" : "package",
    "value" : "tests.test_speech_exercises_en"
  }, {
    "name" : "resultFormat",
    "value" : "allure2"
  } ],
  "parameters" : [ ],
  "links" : [ ],
  "hidden" : false,
  "retry" : false,
  "extra" : {
    "severity" : "normal",
    "retries" : [ ],
    "categories" : [ ],
    "history" : {
      "statistic" : {
        "failed" : 0,
        "broken" : 0,
        "skipped" : 20,
        "passed" : 0,
        "unknown" : 0,
        "total" : 20
      },
      "items" : [ {
        "uid" : "3ce8acb1c7bad34b",
        "reportUrl" : "https://Brain-up.github.io/auto-tests-python/500//#testresult/3ce8acb1c7bad34b",
        "status" : "skipped",
        "statusDetails" : "XFAIL\n\nselenium.common.exceptions.TimeoutException: Message: Can't find element by locator ('xpath', '//button[@data-test-active-link=\"Words\"]')\nStacktrace:\n#0 0x559b6783b14a <unknown>\n#1 0x559b672d8b80 <unknown>\n#2 0x559b6732a0e9 <unknown>\n#3 0x559b6732a271 <unknown>\n#4 0x559b67378de4 <unknown>\n#5 0x559b6734fefd <unknown>\n#6 0x559b6737614a <unknown>\n#7 0x559b6734fca3 <unknown>\n#8 0x559b6731bf08 <unknown>\n#9 0x559b6731d071 <unknown>\n#10 0x559b67804b5b <unknown>\n#11 0x559b67808ae2 <unknown>\n#12 0x559b677f0967 <unknown>\n#13 0x559b678096d4 <unknown>\n#14 0x559b677d4c7f <unknown>\n#15 0x559b67829cd8 <unknown>\n#16 0x559b67829ea9 <unknown>\n#17 0x559b67839fc6 <unknown>\n#18 0x7fddf189caa4 <unknown>\n#19 0x7fddf1929c3c <unknown>",
        "time" : {
          "start" : 1741259347307,
          "stop" : 1741259367951,
          "duration" : 20644
        }
      }, {
        "uid" : "2fee1dc3b778b42d",
        "reportUrl" : "https://Brain-up.github.io/auto-tests-python/295//#testresult/2fee1dc3b778b42d",
        "status" : "skipped",
        "statusDetails" : "XFAIL\n\nselenium.common.exceptions.TimeoutException: Message: Can't find element by locator ('xpath', '//button[@data-test-active-link=\"Words\"]')\nStacktrace:\n#0 0x55cf8287d14a <unknown>\n#1 0x55cf8231ab80 <unknown>\n#2 0x55cf8236c0e9 <unknown>\n#3 0x55cf8236c271 <unknown>\n#4 0x55cf823bade4 <unknown>\n#5 0x55cf82391efd <unknown>\n#6 0x55cf823b814a <unknown>\n#7 0x55cf82391ca3 <unknown>\n#8 0x55cf8235df08 <unknown>\n#9 0x55cf8235f071 <unknown>\n#10 0x55cf82846b5b <unknown>\n#11 0x55cf8284aae2 <unknown>\n#12 0x55cf82832967 <unknown>\n#13 0x55cf8284b6d4 <unknown>\n#14 0x55cf82816c7f <unknown>\n#15 0x55cf8286bcd8 <unknown>\n#16 0x55cf8286bea9 <unknown>\n#17 0x55cf8287bfc6 <unknown>\n#18 0x7f71d229caa4 <unknown>\n#19 0x7f71d2329c3c <unknown>",
        "time" : {
          "start" : 1741223881491,
          "stop" : 1741223901643,
          "duration" : 20152
        }
      }, {
        "uid" : "8cf7a138c8e74316",
        "reportUrl" : "https://Brain-up.github.io/auto-tests-python/499//#testresult/8cf7a138c8e74316",
        "status" : "skipped",
        "statusDetails" : "XFAIL\n\nselenium.common.exceptions.TimeoutException: Message: Can't find element by locator ('xpath', '//button[@data-test-active-link=\"Words\"]')\nStacktrace:\n#0 0x555bbd2b714a <unknown>\n#1 0x555bbcd54b80 <unknown>\n#2 0x555bbcda60e9 <unknown>\n#3 0x555bbcda6271 <unknown>\n#4 0x555bbcdf4de4 <unknown>\n#5 0x555bbcdcbefd <unknown>\n#6 0x555bbcdf214a <unknown>\n#7 0x555bbcdcbca3 <unknown>\n#8 0x555bbcd97f08 <unknown>\n#9 0x555bbcd99071 <unknown>\n#10 0x555bbd280b5b <unknown>\n#11 0x555bbd284ae2 <unknown>\n#12 0x555bbd26c967 <unknown>\n#13 0x555bbd2856d4 <unknown>\n#14 0x555bbd250c7f <unknown>\n#15 0x555bbd2a5cd8 <unknown>\n#16 0x555bbd2a5ea9 <unknown>\n#17 0x555bbd2b5fc6 <unknown>\n#18 0x7f6162e9caa4 <unknown>\n#19 0x7f6162f29c3c <unknown>",
        "time" : {
          "start" : 1741207839340,
          "stop" : 1741207859985,
          "duration" : 20645
        }
      }, {
        "uid" : "331388e9fe457e40",
        "reportUrl" : "https://Brain-up.github.io/auto-tests-python/294//#testresult/331388e9fe457e40",
        "status" : "skipped",
        "statusDetails" : "XFAIL\n\nselenium.common.exceptions.TimeoutException: Message: Can't find element by locator ('xpath', '//button[@data-test-active-link=\"Words\"]')\nStacktrace:\n#0 0x55f74bb5bbea <unknown>\n#1 0x55f74b5f97d0 <unknown>\n#2 0x55f74b64acc0 <unknown>\n#3 0x55f74b64ae41 <unknown>\n#4 0x55f74b699984 <unknown>\n#5 0x55f74b670abd <unknown>\n#6 0x55f74b696d0c <unknown>\n#7 0x55f74b670863 <unknown>\n#8 0x55f74b63cac8 <unknown>\n#9 0x55f74b63dc31 <unknown>\n#10 0x55f74bb2518b <unknown>\n#11 0x55f74bb29112 <unknown>\n#12 0x55f74bb1204c <unknown>\n#13 0x55f74bb29d04 <unknown>\n#14 0x55f74baf64bf <unknown>\n#15 0x55f74bb4a528 <unknown>\n#16 0x55f74bb4a6f9 <unknown>\n#17 0x55f74bb5aa66 <unknown>\n#18 0x7f9ad709caa4 <unknown>\n#19 0x7f9ad7129c3c <unknown>",
        "time" : {
          "start" : 1741137541678,
          "stop" : 1741137562322,
          "duration" : 20644
        }
      }, {
        "uid" : "14149fdb9d739f",
        "reportUrl" : "https://Brain-up.github.io/auto-tests-python/498//#testresult/14149fdb9d739f",
        "status" : "skipped",
        "statusDetails" : "XFAIL\n\nselenium.common.exceptions.TimeoutException: Message: Can't find element by locator ('xpath', '//button[@data-test-active-link=\"Words\"]')\nStacktrace:\n#0 0x55c8cb242bea <unknown>\n#1 0x55c8cace07d0 <unknown>\n#2 0x55c8cad31cc0 <unknown>\n#3 0x55c8cad31e41 <unknown>\n#4 0x55c8cad80984 <unknown>\n#5 0x55c8cad57abd <unknown>\n#6 0x55c8cad7dd0c <unknown>\n#7 0x55c8cad57863 <unknown>\n#8 0x55c8cad23ac8 <unknown>\n#9 0x55c8cad24c31 <unknown>\n#10 0x55c8cb20c18b <unknown>\n#11 0x55c8cb210112 <unknown>\n#12 0x55c8cb1f904c <unknown>\n#13 0x55c8cb210d04 <unknown>\n#14 0x55c8cb1dd4bf <unknown>\n#15 0x55c8cb231528 <unknown>\n#16 0x55c8cb2316f9 <unknown>\n#17 0x55c8cb241a66 <unknown>\n#18 0x7f4b4ec9caa4 <unknown>\n#19 0x7f4b4ed29c3c <unknown>",
        "time" : {
          "start" : 1741089270520,
          "stop" : 1741089290690,
          "duration" : 20170
        }
      }, {
        "uid" : "663bcf47ef4512a9",
        "reportUrl" : "https://Brain-up.github.io/auto-tests-python/293//#testresult/663bcf47ef4512a9",
        "status" : "skipped",
        "statusDetails" : "XFAIL\n\nselenium.common.exceptions.TimeoutException: Message: Can't find element by locator ('xpath', '//button[@data-test-active-link=\"Words\"]')\nStacktrace:\n#0 0x562c732d9bea <unknown>\n#1 0x562c72d777d0 <unknown>\n#2 0x562c72dc8cc0 <unknown>\n#3 0x562c72dc8e41 <unknown>\n#4 0x562c72e17984 <unknown>\n#5 0x562c72deeabd <unknown>\n#6 0x562c72e14d0c <unknown>\n#7 0x562c72dee863 <unknown>\n#8 0x562c72dbaac8 <unknown>\n#9 0x562c72dbbc31 <unknown>\n#10 0x562c732a318b <unknown>\n#11 0x562c732a7112 <unknown>\n#12 0x562c7329004c <unknown>\n#13 0x562c732a7d04 <unknown>\n#14 0x562c732744bf <unknown>\n#15 0x562c732c8528 <unknown>\n#16 0x562c732c86f9 <unknown>\n#17 0x562c732d8a66 <unknown>\n#18 0x7f04a169caa4 <unknown>\n#19 0x7f04a1729c3c <unknown>",
        "time" : {
          "start" : 1741051099242,
          "stop" : 1741051119901,
          "duration" : 20659
        }
      }, {
        "uid" : "b4969cca2b223a8b",
        "reportUrl" : "https://Brain-up.github.io/auto-tests-python/497//#testresult/b4969cca2b223a8b",
        "status" : "skipped",
        "statusDetails" : "XFAIL\n\nselenium.common.exceptions.TimeoutException: Message: Can't find element by locator ('xpath', '//button[@data-test-active-link=\"Words\"]')\nStacktrace:\n#0 0x55e42fd7cbea <unknown>\n#1 0x55e42f81a7d0 <unknown>\n#2 0x55e42f86bcc0 <unknown>\n#3 0x55e42f86be41 <unknown>\n#4 0x55e42f8ba984 <unknown>\n#5 0x55e42f891abd <unknown>\n#6 0x55e42f8b7d0c <unknown>\n#7 0x55e42f891863 <unknown>\n#8 0x55e42f85dac8 <unknown>\n#9 0x55e42f85ec31 <unknown>\n#10 0x55e42fd4618b <unknown>\n#11 0x55e42fd4a112 <unknown>\n#12 0x55e42fd3304c <unknown>\n#13 0x55e42fd4ad04 <unknown>\n#14 0x55e42fd174bf <unknown>\n#15 0x55e42fd6b528 <unknown>\n#16 0x55e42fd6b6f9 <unknown>\n#17 0x55e42fd7ba66 <unknown>\n#18 0x7fe008a9caa4 <unknown>\n#19 0x7fe008b29c3c <unknown>",
        "time" : {
          "start" : 1741037111614,
          "stop" : 1741037131873,
          "duration" : 20259
        }
      }, {
        "uid" : "8c2fb45f6a74363a",
        "reportUrl" : "https://Brain-up.github.io/auto-tests-python/497//#testresult/8c2fb45f6a74363a",
        "status" : "skipped",
        "statusDetails" : "XFAIL\n\nselenium.common.exceptions.TimeoutException: Message: Can't find element by locator ('xpath', '//button[@data-test-active-link=\"Words\"]')\nStacktrace:\n#0 0x55b44b727bea <unknown>\n#1 0x55b44b1c57d0 <unknown>\n#2 0x55b44b216cc0 <unknown>\n#3 0x55b44b216e41 <unknown>\n#4 0x55b44b265984 <unknown>\n#5 0x55b44b23cabd <unknown>\n#6 0x55b44b262d0c <unknown>\n#7 0x55b44b23c863 <unknown>\n#8 0x55b44b208ac8 <unknown>\n#9 0x55b44b209c31 <unknown>\n#10 0x55b44b6f118b <unknown>\n#11 0x55b44b6f5112 <unknown>\n#12 0x55b44b6de04c <unknown>\n#13 0x55b44b6f5d04 <unknown>\n#14 0x55b44b6c24bf <unknown>\n#15 0x55b44b716528 <unknown>\n#16 0x55b44b7166f9 <unknown>\n#17 0x55b44b726a66 <unknown>\n#18 0x7f9f5469caa4 <unknown>\n#19 0x7f9f54729c3c <unknown>",
        "time" : {
          "start" : 1741033119578,
          "stop" : 1741033139739,
          "duration" : 20161
        }
      }, {
        "uid" : "6b22e0e598a5fe73",
        "reportUrl" : "https://Brain-up.github.io/auto-tests-python/292//#testresult/6b22e0e598a5fe73",
        "status" : "skipped",
        "statusDetails" : "XFAIL\n\nselenium.common.exceptions.TimeoutException: Message: Can't find element by locator ('xpath', '//button[@data-test-active-link=\"Words\"]')\nStacktrace:\n#0 0x55a6648b0bea <unknown>\n#1 0x55a66434e7d0 <unknown>\n#2 0x55a66439fcc0 <unknown>\n#3 0x55a66439fe41 <unknown>\n#4 0x55a6643ee984 <unknown>\n#5 0x55a6643c5abd <unknown>\n#6 0x55a6643ebd0c <unknown>\n#7 0x55a6643c5863 <unknown>\n#8 0x55a664391ac8 <unknown>\n#9 0x55a664392c31 <unknown>\n#10 0x55a66487a18b <unknown>\n#11 0x55a66487e112 <unknown>\n#12 0x55a66486704c <unknown>\n#13 0x55a66487ed04 <unknown>\n#14 0x55a66484b4bf <unknown>\n#15 0x55a66489f528 <unknown>\n#16 0x55a66489f6f9 <unknown>\n#17 0x55a6648afa66 <unknown>\n#18 0x7fd283e9caa4 <unknown>\n#19 0x7fd283f29c3c <unknown>",
        "time" : {
          "start" : 1740964720039,
          "stop" : 1740964740675,
          "duration" : 20636
        }
      }, {
        "uid" : "a352f9cadea997a6",
        "reportUrl" : "https://Brain-up.github.io/auto-tests-python/496//#testresult/a352f9cadea997a6",
        "status" : "skipped",
        "statusDetails" : "XFAIL\n\nselenium.common.exceptions.TimeoutException: Message: Can't find element by locator ('xpath', '//button[@data-test-active-link=\"Words\"]')\nStacktrace:\n#0 0x5561b10dcbea <unknown>\n#1 0x5561b0b7a7d0 <unknown>\n#2 0x5561b0bcbcc0 <unknown>\n#3 0x5561b0bcbe41 <unknown>\n#4 0x5561b0c1a984 <unknown>\n#5 0x5561b0bf1abd <unknown>\n#6 0x5561b0c17d0c <unknown>\n#7 0x5561b0bf1863 <unknown>\n#8 0x5561b0bbdac8 <unknown>\n#9 0x5561b0bbec31 <unknown>\n#10 0x5561b10a618b <unknown>\n#11 0x5561b10aa112 <unknown>\n#12 0x5561b109304c <unknown>\n#13 0x5561b10aad04 <unknown>\n#14 0x5561b10774bf <unknown>\n#15 0x5561b10cb528 <unknown>\n#16 0x5561b10cb6f9 <unknown>\n#17 0x5561b10dba66 <unknown>\n#18 0x7f762709caa4 <unknown>\n#19 0x7f7627129c3c <unknown>",
        "time" : {
          "start" : 1740911502750,
          "stop" : 1740911522914,
          "duration" : 20164
        }
      }, {
        "uid" : "854a56ab9ff458ce",
        "reportUrl" : "https://Brain-up.github.io/auto-tests-python/291//#testresult/854a56ab9ff458ce",
        "status" : "skipped",
        "statusDetails" : "XFAIL\n\nselenium.common.exceptions.TimeoutException: Message: Can't find element by locator ('xpath', '//button[@data-test-active-link=\"Words\"]')\nStacktrace:\n#0 0x556c8147fbea <unknown>\n#1 0x556c80f1d7d0 <unknown>\n#2 0x556c80f6ecc0 <unknown>\n#3 0x556c80f6ee41 <unknown>\n#4 0x556c80fbd984 <unknown>\n#5 0x556c80f94abd <unknown>\n#6 0x556c80fbad0c <unknown>\n#7 0x556c80f94863 <unknown>\n#8 0x556c80f60ac8 <unknown>\n#9 0x556c80f61c31 <unknown>\n#10 0x556c8144918b <unknown>\n#11 0x556c8144d112 <unknown>\n#12 0x556c8143604c <unknown>\n#13 0x556c8144dd04 <unknown>\n#14 0x556c8141a4bf <unknown>\n#15 0x556c8146e528 <unknown>\n#16 0x556c8146e6f9 <unknown>\n#17 0x556c8147ea66 <unknown>\n#18 0x7f87d769caa4 <unknown>\n#19 0x7f87d7729c3c <unknown>",
        "time" : {
          "start" : 1740878460391,
          "stop" : 1740878481032,
          "duration" : 20641
        }
      }, {
        "uid" : "7a88bacc0ff0ad90",
        "reportUrl" : "https://Brain-up.github.io/auto-tests-python/495//#testresult/7a88bacc0ff0ad90",
        "status" : "skipped",
        "statusDetails" : "XFAIL\n\nselenium.common.exceptions.TimeoutException: Message: Can't find element by locator ('xpath', '//button[@data-test-active-link=\"Words\"]')\nStacktrace:\n#0 0x55eae2abfbea <unknown>\n#1 0x55eae255d7d0 <unknown>\n#2 0x55eae25aecc0 <unknown>\n#3 0x55eae25aee41 <unknown>\n#4 0x55eae25fd984 <unknown>\n#5 0x55eae25d4abd <unknown>\n#6 0x55eae25fad0c <unknown>\n#7 0x55eae25d4863 <unknown>\n#8 0x55eae25a0ac8 <unknown>\n#9 0x55eae25a1c31 <unknown>\n#10 0x55eae2a8918b <unknown>\n#11 0x55eae2a8d112 <unknown>\n#12 0x55eae2a7604c <unknown>\n#13 0x55eae2a8dd04 <unknown>\n#14 0x55eae2a5a4bf <unknown>\n#15 0x55eae2aae528 <unknown>\n#16 0x55eae2aae6f9 <unknown>\n#17 0x55eae2abea66 <unknown>\n#18 0x7f731e09caa4 <unknown>\n#19 0x7f731e129c3c <unknown>",
        "time" : {
          "start" : 1740862039070,
          "stop" : 1740862059724,
          "duration" : 20654
        }
      }, {
        "uid" : "9d138351ba155991",
        "reportUrl" : "https://Brain-up.github.io/auto-tests-python/290//#testresult/9d138351ba155991",
        "status" : "skipped",
        "statusDetails" : "XFAIL\n\nselenium.common.exceptions.TimeoutException: Message: Can't find element by locator ('xpath', '//button[@data-test-active-link=\"Words\"]')\nStacktrace:\n#0 0x557bd4a0bbea <unknown>\n#1 0x557bd44a97d0 <unknown>\n#2 0x557bd44facc0 <unknown>\n#3 0x557bd44fae41 <unknown>\n#4 0x557bd4549984 <unknown>\n#5 0x557bd4520abd <unknown>\n#6 0x557bd4546d0c <unknown>\n#7 0x557bd4520863 <unknown>\n#8 0x557bd44ecac8 <unknown>\n#9 0x557bd44edc31 <unknown>\n#10 0x557bd49d518b <unknown>\n#11 0x557bd49d9112 <unknown>\n#12 0x557bd49c204c <unknown>\n#13 0x557bd49d9d04 <unknown>\n#14 0x557bd49a64bf <unknown>\n#15 0x557bd49fa528 <unknown>\n#16 0x557bd49fa6f9 <unknown>\n#17 0x557bd4a0aa66 <unknown>\n#18 0x7f025569caa4 <unknown>\n#19 0x7f0255729c3c <unknown>",
        "time" : {
          "start" : 1740792087938,
          "stop" : 1740792108168,
          "duration" : 20230
        }
      }, {
        "uid" : "8089a3d9842cbdda",
        "reportUrl" : "https://Brain-up.github.io/auto-tests-python/494//#testresult/8089a3d9842cbdda",
        "status" : "skipped",
        "statusDetails" : "XFAIL\n\nselenium.common.exceptions.TimeoutException: Message: Can't find element by locator ('xpath', '//button[@data-test-active-link=\"Words\"]')\nStacktrace:\n#0 0x55afe7744bea <unknown>\n#1 0x55afe71e27d0 <unknown>\n#2 0x55afe7233cc0 <unknown>\n#3 0x55afe7233e41 <unknown>\n#4 0x55afe7282984 <unknown>\n#5 0x55afe7259abd <unknown>\n#6 0x55afe727fd0c <unknown>\n#7 0x55afe7259863 <unknown>\n#8 0x55afe7225ac8 <unknown>\n#9 0x55afe7226c31 <unknown>\n#10 0x55afe770e18b <unknown>\n#11 0x55afe7712112 <unknown>\n#12 0x55afe76fb04c <unknown>\n#13 0x55afe7712d04 <unknown>\n#14 0x55afe76df4bf <unknown>\n#15 0x55afe7733528 <unknown>\n#16 0x55afe77336f9 <unknown>\n#17 0x55afe7743a66 <unknown>\n#18 0x7f7c7b29caa4 <unknown>\n#19 0x7f7c7b329c3c <unknown>",
        "time" : {
          "start" : 1740735939579,
          "stop" : 1740735960217,
          "duration" : 20638
        }
      }, {
        "uid" : "f41acb5587b40132",
        "reportUrl" : "https://Brain-up.github.io/auto-tests-python/289//#testresult/f41acb5587b40132",
        "status" : "skipped",
        "statusDetails" : "XFAIL\n\nselenium.common.exceptions.TimeoutException: Message: Can't find element by locator ('xpath', '//button[@data-test-active-link=\"Words\"]')\nStacktrace:\n#0 0x561ffe141bea <unknown>\n#1 0x561ffdbdf7d0 <unknown>\n#2 0x561ffdc30cc0 <unknown>\n#3 0x561ffdc30e41 <unknown>\n#4 0x561ffdc7f984 <unknown>\n#5 0x561ffdc56abd <unknown>\n#6 0x561ffdc7cd0c <unknown>\n#7 0x561ffdc56863 <unknown>\n#8 0x561ffdc22ac8 <unknown>\n#9 0x561ffdc23c31 <unknown>\n#10 0x561ffe10b18b <unknown>\n#11 0x561ffe10f112 <unknown>\n#12 0x561ffe0f804c <unknown>\n#13 0x561ffe10fd04 <unknown>\n#14 0x561ffe0dc4bf <unknown>\n#15 0x561ffe130528 <unknown>\n#16 0x561ffe1306f9 <unknown>\n#17 0x561ffe140a66 <unknown>\n#18 0x7fdd6d09caa4 <unknown>\n#19 0x7fdd6d129c3c <unknown>",
        "time" : {
          "start" : 1740705529986,
          "stop" : 1740705550142,
          "duration" : 20156
        }
      }, {
        "uid" : "2e1d64aa06d6761f",
        "reportUrl" : "https://Brain-up.github.io/auto-tests-python/493//#testresult/2e1d64aa06d6761f",
        "status" : "skipped",
        "statusDetails" : "XFAIL\n\nselenium.common.exceptions.TimeoutException: Message: Can't find element by locator ('xpath', '//button[@data-test-active-link=\"Words\"]')\nStacktrace:\n#0 0x55cadcd9fbea <unknown>\n#1 0x55cadc83d7d0 <unknown>\n#2 0x55cadc88ecc0 <unknown>\n#3 0x55cadc88ee41 <unknown>\n#4 0x55cadc8dd984 <unknown>\n#5 0x55cadc8b4abd <unknown>\n#6 0x55cadc8dad0c <unknown>\n#7 0x55cadc8b4863 <unknown>\n#8 0x55cadc880ac8 <unknown>\n#9 0x55cadc881c31 <unknown>\n#10 0x55cadcd6918b <unknown>\n#11 0x55cadcd6d112 <unknown>\n#12 0x55cadcd5604c <unknown>\n#13 0x55cadcd6dd04 <unknown>\n#14 0x55cadcd3a4bf <unknown>\n#15 0x55cadcd8e528 <unknown>\n#16 0x55cadcd8e6f9 <unknown>\n#17 0x55cadcd9ea66 <unknown>\n#18 0x7f8e2b09caa4 <unknown>\n#19 0x7f8e2b129c3c <unknown>",
        "time" : {
          "start" : 1740687946152,
          "stop" : 1740687966305,
          "duration" : 20153
        }
      }, {
        "uid" : "bec64c6b6a07c72c",
        "reportUrl" : "https://Brain-up.github.io/auto-tests-python/492//#testresult/bec64c6b6a07c72c",
        "status" : "skipped",
        "statusDetails" : "XFAIL\n\nselenium.common.exceptions.TimeoutException: Message: Can't find element by locator ('xpath', '//button[@data-test-active-link=\"Words\"]')\nStacktrace:\n#0 0x55c50648cbea <unknown>\n#1 0x55c505f2a7d0 <unknown>\n#2 0x55c505f7bcc0 <unknown>\n#3 0x55c505f7be41 <unknown>\n#4 0x55c505fca984 <unknown>\n#5 0x55c505fa1abd <unknown>\n#6 0x55c505fc7d0c <unknown>\n#7 0x55c505fa1863 <unknown>\n#8 0x55c505f6dac8 <unknown>\n#9 0x55c505f6ec31 <unknown>\n#10 0x55c50645618b <unknown>\n#11 0x55c50645a112 <unknown>\n#12 0x55c50644304c <unknown>\n#13 0x55c50645ad04 <unknown>\n#14 0x55c5064274bf <unknown>\n#15 0x55c50647b528 <unknown>\n#16 0x55c50647b6f9 <unknown>\n#17 0x55c50648ba66 <unknown>\n#18 0x7f7892c9caa4 <unknown>\n#19 0x7f7892d29c3c <unknown>",
        "time" : {
          "start" : 1740687748085,
          "stop" : 1740687768340,
          "duration" : 20255
        }
      }, {
        "uid" : "8fb701226cde062f",
        "reportUrl" : "https://Brain-up.github.io/auto-tests-python/288//#testresult/8fb701226cde062f",
        "status" : "skipped",
        "statusDetails" : "XFAIL\n\nselenium.common.exceptions.TimeoutException: Message: Can't find element by locator ('xpath', '//button[@data-test-active-link=\"Words\"]')\nStacktrace:\n#0 0x5632e5b28bea <unknown>\n#1 0x5632e55c67d0 <unknown>\n#2 0x5632e5617cc0 <unknown>\n#3 0x5632e5617e41 <unknown>\n#4 0x5632e5666984 <unknown>\n#5 0x5632e563dabd <unknown>\n#6 0x5632e5663d0c <unknown>\n#7 0x5632e563d863 <unknown>\n#8 0x5632e5609ac8 <unknown>\n#9 0x5632e560ac31 <unknown>\n#10 0x5632e5af218b <unknown>\n#11 0x5632e5af6112 <unknown>\n#12 0x5632e5adf04c <unknown>\n#13 0x5632e5af6d04 <unknown>\n#14 0x5632e5ac34bf <unknown>\n#15 0x5632e5b17528 <unknown>\n#16 0x5632e5b176f9 <unknown>\n#17 0x5632e5b27a66 <unknown>\n#18 0x7f77a0e9caa4 <unknown>\n#19 0x7f77a0f29c3c <unknown>",
        "time" : {
          "start" : 1740619027246,
          "stop" : 1740619047903,
          "duration" : 20657
        }
      }, {
        "uid" : "9002f45638ebe139",
        "reportUrl" : "https://Brain-up.github.io/auto-tests-python/491//#testresult/9002f45638ebe139",
        "status" : "skipped",
        "statusDetails" : "XFAIL\n\nselenium.common.exceptions.TimeoutException: Message: Can't find element by locator ('xpath', '//button[@data-test-active-link=\"Words\"]')\nStacktrace:\n#0 0x55eca01e5bea <unknown>\n#1 0x55ec9fc837d0 <unknown>\n#2 0x55ec9fcd4cc0 <unknown>\n#3 0x55ec9fcd4e41 <unknown>\n#4 0x55ec9fd23984 <unknown>\n#5 0x55ec9fcfaabd <unknown>\n#6 0x55ec9fd20d0c <unknown>\n#7 0x55ec9fcfa863 <unknown>\n#8 0x55ec9fcc6ac8 <unknown>\n#9 0x55ec9fcc7c31 <unknown>\n#10 0x55eca01af18b <unknown>\n#11 0x55eca01b3112 <unknown>\n#12 0x55eca019c04c <unknown>\n#13 0x55eca01b3d04 <unknown>\n#14 0x55eca01804bf <unknown>\n#15 0x55eca01d4528 <unknown>\n#16 0x55eca01d46f9 <unknown>\n#17 0x55eca01e4a66 <unknown>\n#18 0x7fe5f5c9caa4 <unknown>\n#19 0x7fe5f5d29c3c <unknown>",
        "time" : {
          "start" : 1740566359652,
          "stop" : 1740566380261,
          "duration" : 20609
        }
      } ]
    },
    "tags" : [ "@pytest.mark.xfail" ]
  },
  "source" : "2a75361e81759698.json",
  "parameterValues" : [ ]
}