{
  "uid" : "a4562bbed3476b52",
  "name" : "Select a random card from \"Similar phrases\" group and compare UI vs BACKEND data",
  "fullName" : "tests.test_speech_exercises_en.TestCardsEN#test_random_cards_in_similar_phrases_en",
  "historyId" : "106afe14e1824ad4b55b346a52794d4b",
  "time" : {
    "start" : 1740517075404,
    "stop" : 1740517095561,
    "duration" : 20157
  },
  "status" : "skipped",
  "statusMessage" : "XFAIL\n\nselenium.common.exceptions.TimeoutException: Message: Can't find element by locator ('xpath', '//button[@data-test-active-link=\"Similar phrases\"]')\nStacktrace:\n#0 0x5654d58f209a <unknown>\n#1 0x5654d53b98b0 <unknown>\n#2 0x5654d540ab99 <unknown>\n#3 0x5654d540ad21 <unknown>\n#4 0x5654d5459854 <unknown>\n#5 0x5654d54309ad <unknown>\n#6 0x5654d5456b8b <unknown>\n#7 0x5654d5430753 <unknown>\n#8 0x5654d53fc38e <unknown>\n#9 0x5654d53fdb51 <unknown>\n#10 0x5654d58bb76b <unknown>\n#11 0x5654d58bf6f2 <unknown>\n#12 0x5654d58a78fc <unknown>\n#13 0x5654d58c02e4 <unknown>\n#14 0x5654d588b9cf <unknown>\n#15 0x5654d58e0cd8 <unknown>\n#16 0x5654d58e0eb6 <unknown>\n#17 0x5654d58f0f16 <unknown>\n#18 0x7fd93a29caa4 <unknown>\n#19 0x7fd93a329c3c <unknown>",
  "statusTrace" : "self = <tests.test_speech_exercises_en.TestCardsEN object at 0x7fcb023290a0>\ndriver = <selenium.webdriver.chrome.webdriver.WebDriver (session=\"d916550a4e4c333c259325f7cdd1f48e\")>\nspecialist_user_authorized = None\n\n    @pytest.mark.xfail\n    @allure.suite(\"Speech exercises EN.\")\n    @allure.title('Select a random card from \"Similar phrases\" group and compare UI vs BACKEND data')\n    def test_random_cards_in_similar_phrases_en(self, driver, specialist_user_authorized):\n        page = SpeechExercisesPage(driver)\n>       page.select_group(SpeechExercisesPageLocators.SIMILAR_PHRASES_EN)\n\ntests/test_speech_exercises_en.py:57: \n_ _ _ _ _ _ _ _ _ _ _ _ _ _ _ _ _ _ _ _ _ _ _ _ _ _ _ _ _ _ _ _ _ _ _ _ _ _ _ _ \npages/speech_exercises_page_en.py:18: in select_group\n    text_of_the_button = self.element_is_present_and_clickable(selector_for_sub_group)\npages/base_page.py:40: in element_is_present_and_clickable\n    return (Wait(self.driver, self.timeout).until(\n_ _ _ _ _ _ _ _ _ _ _ _ _ _ _ _ _ _ _ _ _ _ _ _ _ _ _ _ _ _ _ _ _ _ _ _ _ _ _ _ \n\nself = <selenium.webdriver.support.wait.WebDriverWait (session=\"d916550a4e4c333c259325f7cdd1f48e\")>\nmethod = <function visibility_of_element_located.<locals>._predicate at 0x7fcb022e04a0>\nmessage = 'Can\\'t find element by locator (\\'xpath\\', \\'//button[@data-test-active-link=\"Similar phrases\"]\\')'\n\n    def until(self, method, message: str = \"\"):\n        \"\"\"Calls the method provided with the driver as an argument until the \\\n        return value does not evaluate to ``False``.\n    \n        :param method: callable(WebDriver)\n        :param message: optional message for :exc:`TimeoutException`\n        :returns: the result of the last call to `method`\n        :raises: :exc:`selenium.common.exceptions.TimeoutException` if timeout occurs\n        \"\"\"\n        screen = None\n        stacktrace = None\n    \n        end_time = time.monotonic() + self._timeout\n        while True:\n            try:\n                value = method(self._driver)\n                if value:\n                    return value\n            except self._ignored_exceptions as exc:\n                screen = getattr(exc, \"screen\", None)\n                stacktrace = getattr(exc, \"stacktrace\", None)\n            time.sleep(self._poll)\n            if time.monotonic() > end_time:\n                break\n>       raise TimeoutException(message, screen, stacktrace)\nE       selenium.common.exceptions.TimeoutException: Message: Can't find element by locator ('xpath', '//button[@data-test-active-link=\"Similar phrases\"]')\nE       Stacktrace:\nE       #0 0x5654d58f209a <unknown>\nE       #1 0x5654d53b98b0 <unknown>\nE       #2 0x5654d540ab99 <unknown>\nE       #3 0x5654d540ad21 <unknown>\nE       #4 0x5654d5459854 <unknown>\nE       #5 0x5654d54309ad <unknown>\nE       #6 0x5654d5456b8b <unknown>\nE       #7 0x5654d5430753 <unknown>\nE       #8 0x5654d53fc38e <unknown>\nE       #9 0x5654d53fdb51 <unknown>\nE       #10 0x5654d58bb76b <unknown>\nE       #11 0x5654d58bf6f2 <unknown>\nE       #12 0x5654d58a78fc <unknown>\nE       #13 0x5654d58c02e4 <unknown>\nE       #14 0x5654d588b9cf <unknown>\nE       #15 0x5654d58e0cd8 <unknown>\nE       #16 0x5654d58e0eb6 <unknown>\nE       #17 0x5654d58f0f16 <unknown>\nE       #18 0x7fd93a29caa4 <unknown>\nE       #19 0x7fd93a329c3c <unknown>\n\n/opt/hostedtoolcache/Python/3.12.9/x64/lib/python3.12/site-packages/selenium/webdriver/support/wait.py:95: TimeoutException",
  "flaky" : false,
  "newFailed" : false,
  "beforeStages" : [ {
    "name" : "specialist_user_authorized",
    "time" : {
      "start" : 1740517072445,
      "stop" : 1740517075404,
      "duration" : 2959
    },
    "status" : "passed",
    "steps" : [ {
      "name" : "USER specialist authorized",
      "time" : {
        "start" : 1740517072445,
        "stop" : 1740517075404,
        "duration" : 2959
      },
      "status" : "passed",
      "steps" : [ {
        "name" : "Check url is present: https://www.brainup.site/groups",
        "time" : {
          "start" : 1740517072854,
          "stop" : 1740517075381,
          "duration" : 2527
        },
        "status" : "passed",
        "steps" : [ ],
        "attachments" : [ ],
        "parameters" : [ ],
        "shouldDisplayMessage" : false,
        "hasContent" : false,
        "stepsCount" : 0,
        "attachmentsCount" : 0
      }, {
        "name" : "Loader checking",
        "time" : {
          "start" : 1740517075381,
          "stop" : 1740517075404,
          "duration" : 23
        },
        "status" : "passed",
        "steps" : [ ],
        "attachments" : [ ],
        "parameters" : [ ],
        "shouldDisplayMessage" : false,
        "hasContent" : false,
        "stepsCount" : 0,
        "attachmentsCount" : 0
      } ],
      "attachments" : [ ],
      "parameters" : [ {
        "name" : "driver",
        "value" : "<selenium.webdriver.chrome.webdriver.WebDriver (session=\"d916550a4e4c333c259325f7cdd1f48e\")>"
      }, {
        "name" : "main_page_open",
        "value" : "None"
      } ],
      "shouldDisplayMessage" : false,
      "hasContent" : true,
      "stepsCount" : 2,
      "attachmentsCount" : 0
    } ],
    "attachments" : [ ],
    "parameters" : [ ],
    "shouldDisplayMessage" : false,
    "hasContent" : true,
    "stepsCount" : 3,
    "attachmentsCount" : 0
  }, {
    "name" : "driver",
    "time" : {
      "start" : 1740517068469,
      "stop" : 1740517069301,
      "duration" : 832
    },
    "status" : "passed",
    "steps" : [ ],
    "attachments" : [ ],
    "parameters" : [ ],
    "shouldDisplayMessage" : false,
    "hasContent" : false,
    "stepsCount" : 0,
    "attachmentsCount" : 0
  }, {
    "name" : "main_page_open",
    "time" : {
      "start" : 1740517069301,
      "stop" : 1740517072444,
      "duration" : 3143
    },
    "status" : "passed",
    "steps" : [ {
      "name" : "Open page: https://www.brainup.site/",
      "time" : {
        "start" : 1740517069301,
        "stop" : 1740517072444,
        "duration" : 3143
      },
      "status" : "passed",
      "steps" : [ ],
      "attachments" : [ ],
      "parameters" : [ {
        "name" : "driver",
        "value" : "<selenium.webdriver.chrome.webdriver.WebDriver (session=\"d916550a4e4c333c259325f7cdd1f48e\")>"
      } ],
      "shouldDisplayMessage" : false,
      "hasContent" : true,
      "stepsCount" : 0,
      "attachmentsCount" : 0
    } ],
    "attachments" : [ ],
    "parameters" : [ ],
    "shouldDisplayMessage" : false,
    "hasContent" : true,
    "stepsCount" : 1,
    "attachmentsCount" : 0
  }, {
    "name" : "clear_allure_results_folder",
    "time" : {
      "start" : 1740515778118,
      "stop" : 1740515778118,
      "duration" : 0
    },
    "status" : "passed",
    "steps" : [ ],
    "attachments" : [ ],
    "parameters" : [ ],
    "shouldDisplayMessage" : false,
    "hasContent" : false,
    "stepsCount" : 0,
    "attachmentsCount" : 0
  } ],
  "testStage" : {
    "status" : "skipped",
    "statusMessage" : "XFAIL\n\nselenium.common.exceptions.TimeoutException: Message: Can't find element by locator ('xpath', '//button[@data-test-active-link=\"Similar phrases\"]')\nStacktrace:\n#0 0x5654d58f209a <unknown>\n#1 0x5654d53b98b0 <unknown>\n#2 0x5654d540ab99 <unknown>\n#3 0x5654d540ad21 <unknown>\n#4 0x5654d5459854 <unknown>\n#5 0x5654d54309ad <unknown>\n#6 0x5654d5456b8b <unknown>\n#7 0x5654d5430753 <unknown>\n#8 0x5654d53fc38e <unknown>\n#9 0x5654d53fdb51 <unknown>\n#10 0x5654d58bb76b <unknown>\n#11 0x5654d58bf6f2 <unknown>\n#12 0x5654d58a78fc <unknown>\n#13 0x5654d58c02e4 <unknown>\n#14 0x5654d588b9cf <unknown>\n#15 0x5654d58e0cd8 <unknown>\n#16 0x5654d58e0eb6 <unknown>\n#17 0x5654d58f0f16 <unknown>\n#18 0x7fd93a29caa4 <unknown>\n#19 0x7fd93a329c3c <unknown>",
    "statusTrace" : "self = <tests.test_speech_exercises_en.TestCardsEN object at 0x7fcb023290a0>\ndriver = <selenium.webdriver.chrome.webdriver.WebDriver (session=\"d916550a4e4c333c259325f7cdd1f48e\")>\nspecialist_user_authorized = None\n\n    @pytest.mark.xfail\n    @allure.suite(\"Speech exercises EN.\")\n    @allure.title('Select a random card from \"Similar phrases\" group and compare UI vs BACKEND data')\n    def test_random_cards_in_similar_phrases_en(self, driver, specialist_user_authorized):\n        page = SpeechExercisesPage(driver)\n>       page.select_group(SpeechExercisesPageLocators.SIMILAR_PHRASES_EN)\n\ntests/test_speech_exercises_en.py:57: \n_ _ _ _ _ _ _ _ _ _ _ _ _ _ _ _ _ _ _ _ _ _ _ _ _ _ _ _ _ _ _ _ _ _ _ _ _ _ _ _ \npages/speech_exercises_page_en.py:18: in select_group\n    text_of_the_button = self.element_is_present_and_clickable(selector_for_sub_group)\npages/base_page.py:40: in element_is_present_and_clickable\n    return (Wait(self.driver, self.timeout).until(\n_ _ _ _ _ _ _ _ _ _ _ _ _ _ _ _ _ _ _ _ _ _ _ _ _ _ _ _ _ _ _ _ _ _ _ _ _ _ _ _ \n\nself = <selenium.webdriver.support.wait.WebDriverWait (session=\"d916550a4e4c333c259325f7cdd1f48e\")>\nmethod = <function visibility_of_element_located.<locals>._predicate at 0x7fcb022e04a0>\nmessage = 'Can\\'t find element by locator (\\'xpath\\', \\'//button[@data-test-active-link=\"Similar phrases\"]\\')'\n\n    def until(self, method, message: str = \"\"):\n        \"\"\"Calls the method provided with the driver as an argument until the \\\n        return value does not evaluate to ``False``.\n    \n        :param method: callable(WebDriver)\n        :param message: optional message for :exc:`TimeoutException`\n        :returns: the result of the last call to `method`\n        :raises: :exc:`selenium.common.exceptions.TimeoutException` if timeout occurs\n        \"\"\"\n        screen = None\n        stacktrace = None\n    \n        end_time = time.monotonic() + self._timeout\n        while True:\n            try:\n                value = method(self._driver)\n                if value:\n                    return value\n            except self._ignored_exceptions as exc:\n                screen = getattr(exc, \"screen\", None)\n                stacktrace = getattr(exc, \"stacktrace\", None)\n            time.sleep(self._poll)\n            if time.monotonic() > end_time:\n                break\n>       raise TimeoutException(message, screen, stacktrace)\nE       selenium.common.exceptions.TimeoutException: Message: Can't find element by locator ('xpath', '//button[@data-test-active-link=\"Similar phrases\"]')\nE       Stacktrace:\nE       #0 0x5654d58f209a <unknown>\nE       #1 0x5654d53b98b0 <unknown>\nE       #2 0x5654d540ab99 <unknown>\nE       #3 0x5654d540ad21 <unknown>\nE       #4 0x5654d5459854 <unknown>\nE       #5 0x5654d54309ad <unknown>\nE       #6 0x5654d5456b8b <unknown>\nE       #7 0x5654d5430753 <unknown>\nE       #8 0x5654d53fc38e <unknown>\nE       #9 0x5654d53fdb51 <unknown>\nE       #10 0x5654d58bb76b <unknown>\nE       #11 0x5654d58bf6f2 <unknown>\nE       #12 0x5654d58a78fc <unknown>\nE       #13 0x5654d58c02e4 <unknown>\nE       #14 0x5654d588b9cf <unknown>\nE       #15 0x5654d58e0cd8 <unknown>\nE       #16 0x5654d58e0eb6 <unknown>\nE       #17 0x5654d58f0f16 <unknown>\nE       #18 0x7fd93a29caa4 <unknown>\nE       #19 0x7fd93a329c3c <unknown>\n\n/opt/hostedtoolcache/Python/3.12.9/x64/lib/python3.12/site-packages/selenium/webdriver/support/wait.py:95: TimeoutException",
    "steps" : [ {
      "name" : "select_group",
      "time" : {
        "start" : 1740517075404,
        "stop" : 1740517095561,
        "duration" : 20157
      },
      "status" : "broken",
      "statusMessage" : "selenium.common.exceptions.TimeoutException: Message: Can't find element by locator ('xpath', '//button[@data-test-active-link=\"Similar phrases\"]')\nStacktrace:\n#0 0x5654d58f209a <unknown>\n#1 0x5654d53b98b0 <unknown>\n#2 0x5654d540ab99 <unknown>\n#3 0x5654d540ad21 <unknown>\n#4 0x5654d5459854 <unknown>\n#5 0x5654d54309ad <unknown>\n#6 0x5654d5456b8b <unknown>\n#7 0x5654d5430753 <unknown>\n#8 0x5654d53fc38e <unknown>\n#9 0x5654d53fdb51 <unknown>\n#10 0x5654d58bb76b <unknown>\n#11 0x5654d58bf6f2 <unknown>\n#12 0x5654d58a78fc <unknown>\n#13 0x5654d58c02e4 <unknown>\n#14 0x5654d588b9cf <unknown>\n#15 0x5654d58e0cd8 <unknown>\n#16 0x5654d58e0eb6 <unknown>\n#17 0x5654d58f0f16 <unknown>\n#18 0x7fd93a29caa4 <unknown>\n#19 0x7fd93a329c3c <unknown>\n\n",
      "statusTrace" : "  File \"/opt/hostedtoolcache/Python/3.12.9/x64/lib/python3.12/site-packages/allure_commons/_allure.py\", line 192, in impl\n    return func(*a, **kw)\n           ^^^^^^^^^^^^^^\n  File \"/home/runner/work/auto-tests-python/auto-tests-python/pages/speech_exercises_page_en.py\", line 18, in select_group\n    text_of_the_button = self.element_is_present_and_clickable(selector_for_sub_group)\n                         ^^^^^^^^^^^^^^^^^^^^^^^^^^^^^^^^^^^^^^^^^^^^^^^^^^^^^^^^^^^^^\n  File \"/home/runner/work/auto-tests-python/auto-tests-python/pages/base_page.py\", line 40, in element_is_present_and_clickable\n    return (Wait(self.driver, self.timeout).until(\n            ^^^^^^^^^^^^^^^^^^^^^^^^^^^^^^^^^^^^^^\n  File \"/opt/hostedtoolcache/Python/3.12.9/x64/lib/python3.12/site-packages/selenium/webdriver/support/wait.py\", line 95, in until\n    raise TimeoutException(message, screen, stacktrace)\n",
      "steps" : [ {
        "name" : "Select Russian language. Click \"EN\" button.",
        "time" : {
          "start" : 1740517075404,
          "stop" : 1740517075478,
          "duration" : 74
        },
        "status" : "passed",
        "steps" : [ ],
        "attachments" : [ ],
        "parameters" : [ ],
        "shouldDisplayMessage" : false,
        "hasContent" : false,
        "stepsCount" : 0,
        "attachmentsCount" : 0
      }, {
        "name" : "Click button \"SPEECH EXERCISES\".",
        "time" : {
          "start" : 1740517075478,
          "stop" : 1740517075555,
          "duration" : 77
        },
        "status" : "passed",
        "steps" : [ ],
        "attachments" : [ ],
        "parameters" : [ ],
        "shouldDisplayMessage" : false,
        "hasContent" : false,
        "stepsCount" : 0,
        "attachmentsCount" : 0
      } ],
      "attachments" : [ ],
      "parameters" : [ {
        "name" : "selector_for_sub_group",
        "value" : "('xpath', '//button[@data-test-active-link=\"Similar phrases\"]')"
      } ],
      "shouldDisplayMessage" : true,
      "hasContent" : true,
      "stepsCount" : 2,
      "attachmentsCount" : 0
    } ],
    "attachments" : [ ],
    "parameters" : [ ],
    "shouldDisplayMessage" : true,
    "hasContent" : true,
    "stepsCount" : 3,
    "attachmentsCount" : 0
  },
  "afterStages" : [ {
    "name" : "driver::0",
    "time" : {
      "start" : 1740517095572,
      "stop" : 1740517095640,
      "duration" : 68
    },
    "status" : "passed",
    "steps" : [ ],
    "attachments" : [ ],
    "parameters" : [ ],
    "shouldDisplayMessage" : false,
    "hasContent" : false,
    "stepsCount" : 0,
    "attachmentsCount" : 0
  } ],
  "labels" : [ {
    "name" : "epic",
    "value" : "Speech exercises."
  }, {
    "name" : "suite",
    "value" : "Speech exercises EN."
  }, {
    "name" : "tag",
    "value" : "@pytest.mark.xfail"
  }, {
    "name" : "parentSuite",
    "value" : "tests"
  }, {
    "name" : "subSuite",
    "value" : "TestCardsEN"
  }, {
    "name" : "host",
    "value" : "fv-az788-223"
  }, {
    "name" : "thread",
    "value" : "2423-MainThread"
  }, {
    "name" : "framework",
    "value" : "pytest"
  }, {
    "name" : "language",
    "value" : "cpython3"
  }, {
    "name" : "package",
    "value" : "tests.test_speech_exercises_en"
  }, {
    "name" : "resultFormat",
    "value" : "allure2"
  } ],
  "parameters" : [ ],
  "links" : [ ],
  "hidden" : false,
  "retry" : false,
  "extra" : {
    "severity" : "normal",
    "retries" : [ ],
    "categories" : [ ],
    "history" : {
      "statistic" : {
        "failed" : 0,
        "broken" : 0,
        "skipped" : 202,
        "passed" : 1,
        "unknown" : 0,
        "total" : 203
      },
      "items" : [ {
        "uid" : "ad3744dc610df8a7",
        "reportUrl" : "https://Brain-up.github.io/auto-tests-python/286//#testresult/ad3744dc610df8a7",
        "status" : "skipped",
        "statusDetails" : "XFAIL\n\nselenium.common.exceptions.TimeoutException: Message: Can't find element by locator ('xpath', '//button[@data-test-active-link=\"Similar phrases\"]')\nStacktrace:\n#0 0x55c13e1f809a <unknown>\n#1 0x55c13dcbf8b0 <unknown>\n#2 0x55c13dd10b99 <unknown>\n#3 0x55c13dd10d21 <unknown>\n#4 0x55c13dd5f854 <unknown>\n#5 0x55c13dd369ad <unknown>\n#6 0x55c13dd5cb8b <unknown>\n#7 0x55c13dd36753 <unknown>\n#8 0x55c13dd0238e <unknown>\n#9 0x55c13dd03b51 <unknown>\n#10 0x55c13e1c176b <unknown>\n#11 0x55c13e1c56f2 <unknown>\n#12 0x55c13e1ad8fc <unknown>\n#13 0x55c13e1c62e4 <unknown>\n#14 0x55c13e1919cf <unknown>\n#15 0x55c13e1e6cd8 <unknown>\n#16 0x55c13e1e6eb6 <unknown>\n#17 0x55c13e1f6f16 <unknown>\n#18 0x7f2a46c9caa4 <unknown>\n#19 0x7f2a46d29c3c <unknown>",
        "time" : {
          "start" : 1740446457899,
          "stop" : 1740446478550,
          "duration" : 20651
        }
      }, {
        "uid" : "32ccd6475f36c261",
        "reportUrl" : "https://Brain-up.github.io/auto-tests-python/489//#testresult/32ccd6475f36c261",
        "status" : "skipped",
        "statusDetails" : "XFAIL\n\nselenium.common.exceptions.TimeoutException: Message: Can't find element by locator ('xpath', '//button[@data-test-active-link=\"Similar phrases\"]')\nStacktrace:\n#0 0x56487620e09a <unknown>\n#1 0x564875cd58b0 <unknown>\n#2 0x564875d26b99 <unknown>\n#3 0x564875d26d21 <unknown>\n#4 0x564875d75854 <unknown>\n#5 0x564875d4c9ad <unknown>\n#6 0x564875d72b8b <unknown>\n#7 0x564875d4c753 <unknown>\n#8 0x564875d1838e <unknown>\n#9 0x564875d19b51 <unknown>\n#10 0x5648761d776b <unknown>\n#11 0x5648761db6f2 <unknown>\n#12 0x5648761c38fc <unknown>\n#13 0x5648761dc2e4 <unknown>\n#14 0x5648761a79cf <unknown>\n#15 0x5648761fccd8 <unknown>\n#16 0x5648761fceb6 <unknown>\n#17 0x56487620cf16 <unknown>\n#18 0x7f023869caa4 <unknown>\n#19 0x7f0238729c3c <unknown>",
        "time" : {
          "start" : 1740390165180,
          "stop" : 1740390185336,
          "duration" : 20156
        }
      }, {
        "uid" : "c8de07d92ca1fefa",
        "reportUrl" : "https://Brain-up.github.io/auto-tests-python/285//#testresult/c8de07d92ca1fefa",
        "status" : "skipped",
        "statusDetails" : "XFAIL\n\nselenium.common.exceptions.TimeoutException: Message: Can't find element by locator ('xpath', '//button[@data-test-active-link=\"Similar phrases\"]')\nStacktrace:\n#0 0x55c0e5f3209a <unknown>\n#1 0x55c0e59f98b0 <unknown>\n#2 0x55c0e5a4ab99 <unknown>\n#3 0x55c0e5a4ad21 <unknown>\n#4 0x55c0e5a99854 <unknown>\n#5 0x55c0e5a709ad <unknown>\n#6 0x55c0e5a96b8b <unknown>\n#7 0x55c0e5a70753 <unknown>\n#8 0x55c0e5a3c38e <unknown>\n#9 0x55c0e5a3db51 <unknown>\n#10 0x55c0e5efb76b <unknown>\n#11 0x55c0e5eff6f2 <unknown>\n#12 0x55c0e5ee78fc <unknown>\n#13 0x55c0e5f002e4 <unknown>\n#14 0x55c0e5ecb9cf <unknown>\n#15 0x55c0e5f20cd8 <unknown>\n#16 0x55c0e5f20eb6 <unknown>\n#17 0x55c0e5f30f16 <unknown>\n#18 0x7f39e409caa4 <unknown>\n#19 0x7f39e4129c3c <unknown>",
        "time" : {
          "start" : 1740359920331,
          "stop" : 1740359940536,
          "duration" : 20205
        }
      }, {
        "uid" : "363365ccd8c11c59",
        "reportUrl" : "https://Brain-up.github.io/auto-tests-python/488//#testresult/363365ccd8c11c59",
        "status" : "skipped",
        "statusDetails" : "XFAIL\n\nselenium.common.exceptions.TimeoutException: Message: Can't find element by locator ('xpath', '//button[@data-test-active-link=\"Similar phrases\"]')\nStacktrace:\n#0 0x5618f0ed809a <unknown>\n#1 0x5618f099f8b0 <unknown>\n#2 0x5618f09f0b99 <unknown>\n#3 0x5618f09f0d21 <unknown>\n#4 0x5618f0a3f854 <unknown>\n#5 0x5618f0a169ad <unknown>\n#6 0x5618f0a3cb8b <unknown>\n#7 0x5618f0a16753 <unknown>\n#8 0x5618f09e238e <unknown>\n#9 0x5618f09e3b51 <unknown>\n#10 0x5618f0ea176b <unknown>\n#11 0x5618f0ea56f2 <unknown>\n#12 0x5618f0e8d8fc <unknown>\n#13 0x5618f0ea62e4 <unknown>\n#14 0x5618f0e719cf <unknown>\n#15 0x5618f0ec6cd8 <unknown>\n#16 0x5618f0ec6eb6 <unknown>\n#17 0x5618f0ed6f16 <unknown>\n#18 0x7fb059c9caa4 <unknown>\n#19 0x7fb059d29c3c <unknown>",
        "time" : {
          "start" : 1740342771111,
          "stop" : 1740342791275,
          "duration" : 20164
        }
      }, {
        "uid" : "83af674fd70f15ab",
        "reportUrl" : "https://Brain-up.github.io/auto-tests-python/284//#testresult/83af674fd70f15ab",
        "status" : "skipped",
        "statusDetails" : "XFAIL\n\nselenium.common.exceptions.TimeoutException: Message: Can't find element by locator ('xpath', '//button[@data-test-active-link=\"Similar phrases\"]')\nStacktrace:\n#0 0x55e7fddff09a <unknown>\n#1 0x55e7fd8c68b0 <unknown>\n#2 0x55e7fd917b99 <unknown>\n#3 0x55e7fd917d21 <unknown>\n#4 0x55e7fd966854 <unknown>\n#5 0x55e7fd93d9ad <unknown>\n#6 0x55e7fd963b8b <unknown>\n#7 0x55e7fd93d753 <unknown>\n#8 0x55e7fd90938e <unknown>\n#9 0x55e7fd90ab51 <unknown>\n#10 0x55e7fddc876b <unknown>\n#11 0x55e7fddcc6f2 <unknown>\n#12 0x55e7fddb48fc <unknown>\n#13 0x55e7fddcd2e4 <unknown>\n#14 0x55e7fdd989cf <unknown>\n#15 0x55e7fddedcd8 <unknown>\n#16 0x55e7fddedeb6 <unknown>\n#17 0x55e7fddfdf16 <unknown>\n#18 0x7fdb2de9caa4 <unknown>\n#19 0x7fdb2df29c3c <unknown>",
        "time" : {
          "start" : 1740273911943,
          "stop" : 1740273932591,
          "duration" : 20648
        }
      }, {
        "uid" : "4b0e80fc09096316",
        "reportUrl" : "https://Brain-up.github.io/auto-tests-python/487//#testresult/4b0e80fc09096316",
        "status" : "skipped",
        "statusDetails" : "XFAIL\n\nselenium.common.exceptions.TimeoutException: Message: Can't find element by locator ('xpath', '//button[@data-test-active-link=\"Similar phrases\"]')\nStacktrace:\n#0 0x563c92c7d09a <unknown>\n#1 0x563c927448b0 <unknown>\n#2 0x563c92795b99 <unknown>\n#3 0x563c92795d21 <unknown>\n#4 0x563c927e4854 <unknown>\n#5 0x563c927bb9ad <unknown>\n#6 0x563c927e1b8b <unknown>\n#7 0x563c927bb753 <unknown>\n#8 0x563c9278738e <unknown>\n#9 0x563c92788b51 <unknown>\n#10 0x563c92c4676b <unknown>\n#11 0x563c92c4a6f2 <unknown>\n#12 0x563c92c328fc <unknown>\n#13 0x563c92c4b2e4 <unknown>\n#14 0x563c92c169cf <unknown>\n#15 0x563c92c6bcd8 <unknown>\n#16 0x563c92c6beb6 <unknown>\n#17 0x563c92c7bf16 <unknown>\n#18 0x7f90a349caa4 <unknown>\n#19 0x7f90a3529c3c <unknown>",
        "time" : {
          "start" : 1740213313563,
          "stop" : 1740213333733,
          "duration" : 20170
        }
      }, {
        "uid" : "c5ece32a6df4ae2c",
        "reportUrl" : "https://Brain-up.github.io/auto-tests-python/283//#testresult/c5ece32a6df4ae2c",
        "status" : "skipped",
        "statusDetails" : "XFAIL\n\nselenium.common.exceptions.TimeoutException: Message: Can't find element by locator ('xpath', '//button[@data-test-active-link=\"Similar phrases\"]')\nStacktrace:\n#0 0x5654e523009a <unknown>\n#1 0x5654e4cf78b0 <unknown>\n#2 0x5654e4d48b99 <unknown>\n#3 0x5654e4d48d21 <unknown>\n#4 0x5654e4d97854 <unknown>\n#5 0x5654e4d6e9ad <unknown>\n#6 0x5654e4d94b8b <unknown>\n#7 0x5654e4d6e753 <unknown>\n#8 0x5654e4d3a38e <unknown>\n#9 0x5654e4d3bb51 <unknown>\n#10 0x5654e51f976b <unknown>\n#11 0x5654e51fd6f2 <unknown>\n#12 0x5654e51e58fc <unknown>\n#13 0x5654e51fe2e4 <unknown>\n#14 0x5654e51c99cf <unknown>\n#15 0x5654e521ecd8 <unknown>\n#16 0x5654e521eeb6 <unknown>\n#17 0x5654e522ef16 <unknown>\n#18 0x7fa187c9caa4 <unknown>\n#19 0x7fa187d29c3c <unknown>",
        "time" : {
          "start" : 1740186900691,
          "stop" : 1740186920842,
          "duration" : 20151
        }
      }, {
        "uid" : "9a178a0574783975",
        "reportUrl" : "https://Brain-up.github.io/auto-tests-python/486//#testresult/9a178a0574783975",
        "status" : "skipped",
        "statusDetails" : "XFAIL\n\nselenium.common.exceptions.TimeoutException: Message: Can't find element by locator ('xpath', '//button[@data-test-active-link=\"Similar phrases\"]')\nStacktrace:\n#0 0x55d7c7e0209a <unknown>\n#1 0x55d7c78c98b0 <unknown>\n#2 0x55d7c791ab99 <unknown>\n#3 0x55d7c791ad21 <unknown>\n#4 0x55d7c7969854 <unknown>\n#5 0x55d7c79409ad <unknown>\n#6 0x55d7c7966b8b <unknown>\n#7 0x55d7c7940753 <unknown>\n#8 0x55d7c790c38e <unknown>\n#9 0x55d7c790db51 <unknown>\n#10 0x55d7c7dcb76b <unknown>\n#11 0x55d7c7dcf6f2 <unknown>\n#12 0x55d7c7db78fc <unknown>\n#13 0x55d7c7dd02e4 <unknown>\n#14 0x55d7c7d9b9cf <unknown>\n#15 0x55d7c7df0cd8 <unknown>\n#16 0x55d7c7df0eb6 <unknown>\n#17 0x55d7c7e00f16 <unknown>\n#18 0x7f80ccc9caa4 <unknown>\n#19 0x7f80ccd29c3c <unknown>",
        "time" : {
          "start" : 1740170464603,
          "stop" : 1740170485253,
          "duration" : 20650
        }
      }, {
        "uid" : "dc9b0f2f204b7272",
        "reportUrl" : "https://Brain-up.github.io/auto-tests-python/282//#testresult/dc9b0f2f204b7272",
        "status" : "skipped",
        "statusDetails" : "XFAIL\n\nselenium.common.exceptions.TimeoutException: Message: Can't find element by locator ('xpath', '//button[@data-test-active-link=\"Similar phrases\"]')\nStacktrace:\n#0 0x558592e6909a <unknown>\n#1 0x5585929308b0 <unknown>\n#2 0x558592981b99 <unknown>\n#3 0x558592981d21 <unknown>\n#4 0x5585929d0854 <unknown>\n#5 0x5585929a79ad <unknown>\n#6 0x5585929cdb8b <unknown>\n#7 0x5585929a7753 <unknown>\n#8 0x55859297338e <unknown>\n#9 0x558592974b51 <unknown>\n#10 0x558592e3276b <unknown>\n#11 0x558592e366f2 <unknown>\n#12 0x558592e1e8fc <unknown>\n#13 0x558592e372e4 <unknown>\n#14 0x558592e029cf <unknown>\n#15 0x558592e57cd8 <unknown>\n#16 0x558592e57eb6 <unknown>\n#17 0x558592e67f16 <unknown>\n#18 0x7f8b6689caa4 <unknown>\n#19 0x7f8b66929c3c <unknown>",
        "time" : {
          "start" : 1740100542929,
          "stop" : 1740100563146,
          "duration" : 20217
        }
      }, {
        "uid" : "258ceb38e61702c",
        "reportUrl" : "https://Brain-up.github.io/auto-tests-python/485//#testresult/258ceb38e61702c",
        "status" : "skipped",
        "statusDetails" : "XFAIL\n\nselenium.common.exceptions.TimeoutException: Message: Can't find element by locator ('xpath', '//button[@data-test-active-link=\"Similar phrases\"]')\nStacktrace:\n#0 0x559d6e86309a <unknown>\n#1 0x559d6e32a8b0 <unknown>\n#2 0x559d6e37bb99 <unknown>\n#3 0x559d6e37bd21 <unknown>\n#4 0x559d6e3ca854 <unknown>\n#5 0x559d6e3a19ad <unknown>\n#6 0x559d6e3c7b8b <unknown>\n#7 0x559d6e3a1753 <unknown>\n#8 0x559d6e36d38e <unknown>\n#9 0x559d6e36eb51 <unknown>\n#10 0x559d6e82c76b <unknown>\n#11 0x559d6e8306f2 <unknown>\n#12 0x559d6e8188fc <unknown>\n#13 0x559d6e8312e4 <unknown>\n#14 0x559d6e7fc9cf <unknown>\n#15 0x559d6e851cd8 <unknown>\n#16 0x559d6e851eb6 <unknown>\n#17 0x559d6e861f16 <unknown>\n#18 0x7f395409caa4 <unknown>\n#19 0x7f3954129c3c <unknown>",
        "time" : {
          "start" : 1740040386367,
          "stop" : 1740040406605,
          "duration" : 20238
        }
      }, {
        "uid" : "9da4626a20d47796",
        "reportUrl" : "https://Brain-up.github.io/auto-tests-python/281//#testresult/9da4626a20d47796",
        "status" : "skipped",
        "statusDetails" : "XFAIL\n\nselenium.common.exceptions.TimeoutException: Message: Can't find element by locator ('xpath', '//button[@data-test-active-link=\"Similar phrases\"]')\nStacktrace:\n#0 0x562b0694409a <unknown>\n#1 0x562b0640b8b0 <unknown>\n#2 0x562b0645cb99 <unknown>\n#3 0x562b0645cd21 <unknown>\n#4 0x562b064ab854 <unknown>\n#5 0x562b064829ad <unknown>\n#6 0x562b064a8b8b <unknown>\n#7 0x562b06482753 <unknown>\n#8 0x562b0644e38e <unknown>\n#9 0x562b0644fb51 <unknown>\n#10 0x562b0690d76b <unknown>\n#11 0x562b069116f2 <unknown>\n#12 0x562b068f98fc <unknown>\n#13 0x562b069122e4 <unknown>\n#14 0x562b068dd9cf <unknown>\n#15 0x562b06932cd8 <unknown>\n#16 0x562b06932eb6 <unknown>\n#17 0x562b06942f16 <unknown>\n#18 0x7f7e1cc9caa4 <unknown>\n#19 0x7f7e1cd29c3c <unknown>",
        "time" : {
          "start" : 1740014195834,
          "stop" : 1740014215983,
          "duration" : 20149
        }
      }, {
        "uid" : "4d1efaff15f6710f",
        "reportUrl" : "https://Brain-up.github.io/auto-tests-python/484//#testresult/4d1efaff15f6710f",
        "status" : "skipped",
        "statusDetails" : "XFAIL\n\nselenium.common.exceptions.TimeoutException: Message: Can't find element by locator ('xpath', '//button[@data-test-active-link=\"Similar phrases\"]')\nStacktrace:\n#0 0x55996311809a <unknown>\n#1 0x559962bdf8b0 <unknown>\n#2 0x559962c30b99 <unknown>\n#3 0x559962c30d21 <unknown>\n#4 0x559962c7f854 <unknown>\n#5 0x559962c569ad <unknown>\n#6 0x559962c7cb8b <unknown>\n#7 0x559962c56753 <unknown>\n#8 0x559962c2238e <unknown>\n#9 0x559962c23b51 <unknown>\n#10 0x5599630e176b <unknown>\n#11 0x5599630e56f2 <unknown>\n#12 0x5599630cd8fc <unknown>\n#13 0x5599630e62e4 <unknown>\n#14 0x5599630b19cf <unknown>\n#15 0x559963106cd8 <unknown>\n#16 0x559963106eb6 <unknown>\n#17 0x559963116f16 <unknown>\n#18 0x7f3b0b69caa4 <unknown>\n#19 0x7f3b0b729c3c <unknown>",
        "time" : {
          "start" : 1739997328046,
          "stop" : 1739997348382,
          "duration" : 20336
        }
      }, {
        "uid" : "5ac6678321e5a372",
        "reportUrl" : "https://Brain-up.github.io/auto-tests-python/280//#testresult/5ac6678321e5a372",
        "status" : "skipped",
        "statusDetails" : "XFAIL\n\nselenium.common.exceptions.TimeoutException: Message: Can't find element by locator ('xpath', '//button[@data-test-active-link=\"Similar phrases\"]')\nStacktrace:\n#0 0x55c528a4509a <unknown>\n#1 0x55c52850c8b0 <unknown>\n#2 0x55c52855db99 <unknown>\n#3 0x55c52855dd21 <unknown>\n#4 0x55c5285ac854 <unknown>\n#5 0x55c5285839ad <unknown>\n#6 0x55c5285a9b8b <unknown>\n#7 0x55c528583753 <unknown>\n#8 0x55c52854f38e <unknown>\n#9 0x55c528550b51 <unknown>\n#10 0x55c528a0e76b <unknown>\n#11 0x55c528a126f2 <unknown>\n#12 0x55c5289fa8fc <unknown>\n#13 0x55c528a132e4 <unknown>\n#14 0x55c5289de9cf <unknown>\n#15 0x55c528a33cd8 <unknown>\n#16 0x55c528a33eb6 <unknown>\n#17 0x55c528a43f16 <unknown>\n#18 0x7f5913e9caa4 <unknown>\n#19 0x7f5913f29c3c <unknown>",
        "time" : {
          "start" : 1739927989971,
          "stop" : 1739928010128,
          "duration" : 20157
        }
      }, {
        "uid" : "4370572568c5d636",
        "reportUrl" : "https://Brain-up.github.io/auto-tests-python/279//#testresult/4370572568c5d636",
        "status" : "skipped",
        "statusDetails" : "XFAIL\n\nselenium.common.exceptions.TimeoutException: Message: Can't find element by locator ('xpath', '//button[@data-test-active-link=\"Similar phrases\"]')\nStacktrace:\n#0 0x5645a5a7b09a <unknown>\n#1 0x5645a55428b0 <unknown>\n#2 0x5645a5593b99 <unknown>\n#3 0x5645a5593d21 <unknown>\n#4 0x5645a55e2854 <unknown>\n#5 0x5645a55b99ad <unknown>\n#6 0x5645a55dfb8b <unknown>\n#7 0x5645a55b9753 <unknown>\n#8 0x5645a558538e <unknown>\n#9 0x5645a5586b51 <unknown>\n#10 0x5645a5a4476b <unknown>\n#11 0x5645a5a486f2 <unknown>\n#12 0x5645a5a308fc <unknown>\n#13 0x5645a5a492e4 <unknown>\n#14 0x5645a5a149cf <unknown>\n#15 0x5645a5a69cd8 <unknown>\n#16 0x5645a5a69eb6 <unknown>\n#17 0x5645a5a79f16 <unknown>\n#18 0x7f3ca229caa4 <unknown>\n#19 0x7f3ca2329c3c <unknown>",
        "time" : {
          "start" : 1739841325746,
          "stop" : 1739841345947,
          "duration" : 20201
        }
      }, {
        "uid" : "81c8012cd95c7a18",
        "reportUrl" : "https://Brain-up.github.io/auto-tests-python/483//#testresult/81c8012cd95c7a18",
        "status" : "skipped",
        "statusDetails" : "XFAIL\n\nselenium.common.exceptions.TimeoutException: Message: Can't find element by locator ('xpath', '//button[@data-test-active-link=\"Similar phrases\"]')\nStacktrace:\n#0 0x5601d156309a <unknown>\n#1 0x5601d102a8b0 <unknown>\n#2 0x5601d107bb99 <unknown>\n#3 0x5601d107bd21 <unknown>\n#4 0x5601d10ca854 <unknown>\n#5 0x5601d10a19ad <unknown>\n#6 0x5601d10c7b8b <unknown>\n#7 0x5601d10a1753 <unknown>\n#8 0x5601d106d38e <unknown>\n#9 0x5601d106eb51 <unknown>\n#10 0x5601d152c76b <unknown>\n#11 0x5601d15306f2 <unknown>\n#12 0x5601d15188fc <unknown>\n#13 0x5601d15312e4 <unknown>\n#14 0x5601d14fc9cf <unknown>\n#15 0x5601d1551cd8 <unknown>\n#16 0x5601d1551eb6 <unknown>\n#17 0x5601d1561f16 <unknown>\n#18 0x7f820809caa4 <unknown>\n#19 0x7f8208129c3c <unknown>",
        "time" : {
          "start" : 1739831249732,
          "stop" : 1739831270360,
          "duration" : 20628
        }
      }, {
        "uid" : "68e3393e45debf38",
        "reportUrl" : "https://Brain-up.github.io/auto-tests-python/482//#testresult/68e3393e45debf38",
        "status" : "skipped",
        "statusDetails" : "XFAIL\n\nselenium.common.exceptions.TimeoutException: Message: Can't find element by locator ('xpath', '//button[@data-test-active-link=\"Similar phrases\"]')\nStacktrace:\n#0 0x5591e2de409a <unknown>\n#1 0x5591e28ab8b0 <unknown>\n#2 0x5591e28fcb99 <unknown>\n#3 0x5591e28fcd21 <unknown>\n#4 0x5591e294b854 <unknown>\n#5 0x5591e29229ad <unknown>\n#6 0x5591e2948b8b <unknown>\n#7 0x5591e2922753 <unknown>\n#8 0x5591e28ee38e <unknown>\n#9 0x5591e28efb51 <unknown>\n#10 0x5591e2dad76b <unknown>\n#11 0x5591e2db16f2 <unknown>\n#12 0x5591e2d998fc <unknown>\n#13 0x5591e2db22e4 <unknown>\n#14 0x5591e2d7d9cf <unknown>\n#15 0x5591e2dd2cd8 <unknown>\n#16 0x5591e2dd2eb6 <unknown>\n#17 0x5591e2de2f16 <unknown>\n#18 0x7f995749caa4 <unknown>\n#19 0x7f9957529c3c <unknown>",
        "time" : {
          "start" : 1739824927642,
          "stop" : 1739824947791,
          "duration" : 20149
        }
      }, {
        "uid" : "cfea647617591608",
        "reportUrl" : "https://Brain-up.github.io/auto-tests-python/278//#testresult/cfea647617591608",
        "status" : "skipped",
        "statusDetails" : "XFAIL\n\nselenium.common.exceptions.TimeoutException: Message: Can't find element by locator ('xpath', '//button[@data-test-active-link=\"Similar phrases\"]')\nStacktrace:\n#0 0x557c0fb8009a <unknown>\n#1 0x557c0f6478b0 <unknown>\n#2 0x557c0f698b99 <unknown>\n#3 0x557c0f698d21 <unknown>\n#4 0x557c0f6e7854 <unknown>\n#5 0x557c0f6be9ad <unknown>\n#6 0x557c0f6e4b8b <unknown>\n#7 0x557c0f6be753 <unknown>\n#8 0x557c0f68a38e <unknown>\n#9 0x557c0f68bb51 <unknown>\n#10 0x557c0fb4976b <unknown>\n#11 0x557c0fb4d6f2 <unknown>\n#12 0x557c0fb358fc <unknown>\n#13 0x557c0fb4e2e4 <unknown>\n#14 0x557c0fb199cf <unknown>\n#15 0x557c0fb6ecd8 <unknown>\n#16 0x557c0fb6eeb6 <unknown>\n#17 0x557c0fb7ef16 <unknown>\n#18 0x7f156f09caa4 <unknown>\n#19 0x7f156f129c3c <unknown>",
        "time" : {
          "start" : 1739755093217,
          "stop" : 1739755113433,
          "duration" : 20216
        }
      }, {
        "uid" : "7a313f2f41e8d439",
        "reportUrl" : "https://Brain-up.github.io/auto-tests-python/277//#testresult/7a313f2f41e8d439",
        "status" : "skipped",
        "statusDetails" : "XFAIL\n\nselenium.common.exceptions.TimeoutException: Message: Can't find element by locator ('xpath', '//button[@data-test-active-link=\"Similar phrases\"]')\nStacktrace:\n#0 0x563ebb1cd09a <unknown>\n#1 0x563ebac948b0 <unknown>\n#2 0x563ebace5b99 <unknown>\n#3 0x563ebace5d21 <unknown>\n#4 0x563ebad34854 <unknown>\n#5 0x563ebad0b9ad <unknown>\n#6 0x563ebad31b8b <unknown>\n#7 0x563ebad0b753 <unknown>\n#8 0x563ebacd738e <unknown>\n#9 0x563ebacd8b51 <unknown>\n#10 0x563ebb19676b <unknown>\n#11 0x563ebb19a6f2 <unknown>\n#12 0x563ebb1828fc <unknown>\n#13 0x563ebb19b2e4 <unknown>\n#14 0x563ebb1669cf <unknown>\n#15 0x563ebb1bbcd8 <unknown>\n#16 0x563ebb1bbeb6 <unknown>\n#17 0x563ebb1cbf16 <unknown>\n#18 0x7f366f29caa4 <unknown>\n#19 0x7f366f329c3c <unknown>",
        "time" : {
          "start" : 1739668824417,
          "stop" : 1739668845045,
          "duration" : 20628
        }
      }, {
        "uid" : "8b11769545cbf072",
        "reportUrl" : "https://Brain-up.github.io/auto-tests-python/481//#testresult/8b11769545cbf072",
        "status" : "skipped",
        "statusDetails" : "XFAIL\n\nselenium.common.exceptions.TimeoutException: Message: Can't find element by locator ('xpath', '//button[@data-test-active-link=\"Similar phrases\"]')\nStacktrace:\n#0 0x556e332ff09a <unknown>\n#1 0x556e32dc68b0 <unknown>\n#2 0x556e32e17b99 <unknown>\n#3 0x556e32e17d21 <unknown>\n#4 0x556e32e66854 <unknown>\n#5 0x556e32e3d9ad <unknown>\n#6 0x556e32e63b8b <unknown>\n#7 0x556e32e3d753 <unknown>\n#8 0x556e32e0938e <unknown>\n#9 0x556e32e0ab51 <unknown>\n#10 0x556e332c876b <unknown>\n#11 0x556e332cc6f2 <unknown>\n#12 0x556e332b48fc <unknown>\n#13 0x556e332cd2e4 <unknown>\n#14 0x556e332989cf <unknown>\n#15 0x556e332edcd8 <unknown>\n#16 0x556e332edeb6 <unknown>\n#17 0x556e332fdf16 <unknown>\n#18 0x7eff87a9caa4 <unknown>\n#19 0x7eff87b29c3c <unknown>",
        "time" : {
          "start" : 1739655279682,
          "stop" : 1739655300328,
          "duration" : 20646
        }
      }, {
        "uid" : "db72464e30aa99a5",
        "reportUrl" : "https://Brain-up.github.io/auto-tests-python/480//#testresult/db72464e30aa99a5",
        "status" : "skipped",
        "statusDetails" : "XFAIL\n\nselenium.common.exceptions.TimeoutException: Message: Can't find element by locator ('xpath', '//button[@data-test-active-link=\"Similar phrases\"]')\nStacktrace:\n#0 0x555b1d34f09a <unknown>\n#1 0x555b1ce168b0 <unknown>\n#2 0x555b1ce67b99 <unknown>\n#3 0x555b1ce67d21 <unknown>\n#4 0x555b1ceb6854 <unknown>\n#5 0x555b1ce8d9ad <unknown>\n#6 0x555b1ceb3b8b <unknown>\n#7 0x555b1ce8d753 <unknown>\n#8 0x555b1ce5938e <unknown>\n#9 0x555b1ce5ab51 <unknown>\n#10 0x555b1d31876b <unknown>\n#11 0x555b1d31c6f2 <unknown>\n#12 0x555b1d3048fc <unknown>\n#13 0x555b1d31d2e4 <unknown>\n#14 0x555b1d2e89cf <unknown>\n#15 0x555b1d33dcd8 <unknown>\n#16 0x555b1d33deb6 <unknown>\n#17 0x555b1d34df16 <unknown>\n#18 0x7fd7cf29caa4 <unknown>\n#19 0x7fd7cf329c3c <unknown>",
        "time" : {
          "start" : 1739653168088,
          "stop" : 1739653188752,
          "duration" : 20664
        }
      } ]
    },
    "tags" : [ "@pytest.mark.xfail" ]
  },
  "source" : "a4562bbed3476b52.json",
  "parameterValues" : [ ]
}