{
  "uid" : "235e01522fe4b143",
  "name" : "Verify attribute values of images in contributors cards in grids",
  "fullName" : "tests.contributors_page_test.TestContributorCardImages#test_cnp_04_01_verify_image_attributes_in_cards",
  "historyId" : "44a2ecb2ac65aaf007fadad5b756b71a",
  "time" : {
    "start" : 1728221154653,
    "stop" : 1728221174901,
    "duration" : 20248
  },
  "status" : "broken",
  "statusMessage" : "selenium.common.exceptions.TimeoutException: Message: Can't find elements by locator ('css selector', '.team-member img')",
  "statusTrace" : "self = <tests.contributors_page_test.TestContributorsPage.TestContributorCardImages object at 0x7f668be585f0>\ndriver = <selenium.webdriver.chrome.webdriver.WebDriver (session=\"96dff3a29041b0a294f9787171659289\")>\ncontributors_page_open = None\n\n    @allure.title(\"Verify attribute values of images in contributors cards in grids\")\n    def test_cnp_04_01_verify_image_attributes_in_cards(self, driver, contributors_page_open):\n        page = ContributorsPage(driver)\n>       images_src = page.get_images_src()\n\ntests/contributors_page_test.py:135: \n_ _ _ _ _ _ _ _ _ _ _ _ _ _ _ _ _ _ _ _ _ _ _ _ _ _ _ _ _ _ _ _ _ _ _ _ _ _ _ _ \npages/contributors_page.py:175: in get_images_src\n    return [image.get_attribute('src') for image in self.get_list_of_card_images()]\npages/contributors_page.py:110: in get_list_of_card_images\n    return self.elements_are_present(self.locators.CARD_IMAGES)\npages/base_page.py:55: in elements_are_present\n    return Wait(self.driver, self.timeout).until(\n_ _ _ _ _ _ _ _ _ _ _ _ _ _ _ _ _ _ _ _ _ _ _ _ _ _ _ _ _ _ _ _ _ _ _ _ _ _ _ _ \n\nself = <selenium.webdriver.support.wait.WebDriverWait (session=\"96dff3a29041b0a294f9787171659289\")>\nmethod = <function presence_of_all_elements_located.<locals>._predicate at 0x7f668bafa660>\nmessage = \"Can't find elements by locator ('css selector', '.team-member img')\"\n\n    def until(self, method, message: str = \"\"):\n        \"\"\"Calls the method provided with the driver as an argument until the \\\n        return value does not evaluate to ``False``.\n    \n        :param method: callable(WebDriver)\n        :param message: optional message for :exc:`TimeoutException`\n        :returns: the result of the last call to `method`\n        :raises: :exc:`selenium.common.exceptions.TimeoutException` if timeout occurs\n        \"\"\"\n        screen = None\n        stacktrace = None\n    \n        end_time = time.monotonic() + self._timeout\n        while True:\n            try:\n                value = method(self._driver)\n                if value:\n                    return value\n            except self._ignored_exceptions as exc:\n                screen = getattr(exc, \"screen\", None)\n                stacktrace = getattr(exc, \"stacktrace\", None)\n            time.sleep(self._poll)\n            if time.monotonic() > end_time:\n                break\n>       raise TimeoutException(message, screen, stacktrace)\nE       selenium.common.exceptions.TimeoutException: Message: Can't find elements by locator ('css selector', '.team-member img')\n\n/opt/hostedtoolcache/Python/3.12.6/x64/lib/python3.12/site-packages/selenium/webdriver/support/wait.py:95: TimeoutException",
  "flaky" : false,
  "newFailed" : false,
  "beforeStages" : [ {
    "name" : "contributors_page_open",
    "time" : {
      "start" : 1728221151657,
      "stop" : 1728221154652,
      "duration" : 2995
    },
    "status" : "passed",
    "steps" : [ {
      "name" : "Open page: https://brainup.site/contributors",
      "time" : {
        "start" : 1728221151657,
        "stop" : 1728221154652,
        "duration" : 2995
      },
      "status" : "passed",
      "steps" : [ ],
      "attachments" : [ ],
      "parameters" : [ {
        "name" : "driver",
        "value" : "<selenium.webdriver.chrome.webdriver.WebDriver (session=\"96dff3a29041b0a294f9787171659289\")>"
      } ],
      "stepsCount" : 0,
      "attachmentsCount" : 0,
      "shouldDisplayMessage" : false,
      "hasContent" : true
    } ],
    "attachments" : [ ],
    "parameters" : [ ],
    "stepsCount" : 1,
    "attachmentsCount" : 0,
    "shouldDisplayMessage" : false,
    "hasContent" : true
  }, {
    "name" : "driver",
    "time" : {
      "start" : 1728221150905,
      "stop" : 1728221151657,
      "duration" : 752
    },
    "status" : "passed",
    "steps" : [ ],
    "attachments" : [ ],
    "parameters" : [ ],
    "stepsCount" : 0,
    "attachmentsCount" : 0,
    "shouldDisplayMessage" : false,
    "hasContent" : false
  }, {
    "name" : "clear_allure_results_folder",
    "time" : {
      "start" : 1728220890169,
      "stop" : 1728220890169,
      "duration" : 0
    },
    "status" : "passed",
    "steps" : [ ],
    "attachments" : [ ],
    "parameters" : [ ],
    "stepsCount" : 0,
    "attachmentsCount" : 0,
    "shouldDisplayMessage" : false,
    "hasContent" : false
  } ],
  "testStage" : {
    "status" : "broken",
    "statusMessage" : "selenium.common.exceptions.TimeoutException: Message: Can't find elements by locator ('css selector', '.team-member img')",
    "statusTrace" : "self = <tests.contributors_page_test.TestContributorsPage.TestContributorCardImages object at 0x7f668be585f0>\ndriver = <selenium.webdriver.chrome.webdriver.WebDriver (session=\"96dff3a29041b0a294f9787171659289\")>\ncontributors_page_open = None\n\n    @allure.title(\"Verify attribute values of images in contributors cards in grids\")\n    def test_cnp_04_01_verify_image_attributes_in_cards(self, driver, contributors_page_open):\n        page = ContributorsPage(driver)\n>       images_src = page.get_images_src()\n\ntests/contributors_page_test.py:135: \n_ _ _ _ _ _ _ _ _ _ _ _ _ _ _ _ _ _ _ _ _ _ _ _ _ _ _ _ _ _ _ _ _ _ _ _ _ _ _ _ \npages/contributors_page.py:175: in get_images_src\n    return [image.get_attribute('src') for image in self.get_list_of_card_images()]\npages/contributors_page.py:110: in get_list_of_card_images\n    return self.elements_are_present(self.locators.CARD_IMAGES)\npages/base_page.py:55: in elements_are_present\n    return Wait(self.driver, self.timeout).until(\n_ _ _ _ _ _ _ _ _ _ _ _ _ _ _ _ _ _ _ _ _ _ _ _ _ _ _ _ _ _ _ _ _ _ _ _ _ _ _ _ \n\nself = <selenium.webdriver.support.wait.WebDriverWait (session=\"96dff3a29041b0a294f9787171659289\")>\nmethod = <function presence_of_all_elements_located.<locals>._predicate at 0x7f668bafa660>\nmessage = \"Can't find elements by locator ('css selector', '.team-member img')\"\n\n    def until(self, method, message: str = \"\"):\n        \"\"\"Calls the method provided with the driver as an argument until the \\\n        return value does not evaluate to ``False``.\n    \n        :param method: callable(WebDriver)\n        :param message: optional message for :exc:`TimeoutException`\n        :returns: the result of the last call to `method`\n        :raises: :exc:`selenium.common.exceptions.TimeoutException` if timeout occurs\n        \"\"\"\n        screen = None\n        stacktrace = None\n    \n        end_time = time.monotonic() + self._timeout\n        while True:\n            try:\n                value = method(self._driver)\n                if value:\n                    return value\n            except self._ignored_exceptions as exc:\n                screen = getattr(exc, \"screen\", None)\n                stacktrace = getattr(exc, \"stacktrace\", None)\n            time.sleep(self._poll)\n            if time.monotonic() > end_time:\n                break\n>       raise TimeoutException(message, screen, stacktrace)\nE       selenium.common.exceptions.TimeoutException: Message: Can't find elements by locator ('css selector', '.team-member img')\n\n/opt/hostedtoolcache/Python/3.12.6/x64/lib/python3.12/site-packages/selenium/webdriver/support/wait.py:95: TimeoutException",
    "steps" : [ {
      "name" : "Get the list of attribute 'src' values of images in contributor cards",
      "time" : {
        "start" : 1728221154653,
        "stop" : 1728221174901,
        "duration" : 20248
      },
      "status" : "broken",
      "statusMessage" : "selenium.common.exceptions.TimeoutException: Message: Can't find elements by locator ('css selector', '.team-member img')\n\n",
      "statusTrace" : "  File \"/opt/hostedtoolcache/Python/3.12.6/x64/lib/python3.12/site-packages/allure_commons/_allure.py\", line 192, in impl\n    return func(*a, **kw)\n           ^^^^^^^^^^^^^^\n  File \"/home/runner/work/auto-tests-python/auto-tests-python/pages/contributors_page.py\", line 175, in get_images_src\n    return [image.get_attribute('src') for image in self.get_list_of_card_images()]\n                                                    ^^^^^^^^^^^^^^^^^^^^^^^^^^^^^^\n  File \"/opt/hostedtoolcache/Python/3.12.6/x64/lib/python3.12/site-packages/allure_commons/_allure.py\", line 192, in impl\n    return func(*a, **kw)\n           ^^^^^^^^^^^^^^\n  File \"/home/runner/work/auto-tests-python/auto-tests-python/pages/contributors_page.py\", line 110, in get_list_of_card_images\n    return self.elements_are_present(self.locators.CARD_IMAGES)\n           ^^^^^^^^^^^^^^^^^^^^^^^^^^^^^^^^^^^^^^^^^^^^^^^^^^^^\n  File \"/home/runner/work/auto-tests-python/auto-tests-python/pages/base_page.py\", line 55, in elements_are_present\n    return Wait(self.driver, self.timeout).until(\n           ^^^^^^^^^^^^^^^^^^^^^^^^^^^^^^^^^^^^^^\n  File \"/opt/hostedtoolcache/Python/3.12.6/x64/lib/python3.12/site-packages/selenium/webdriver/support/wait.py\", line 95, in until\n    raise TimeoutException(message, screen, stacktrace)\n",
      "steps" : [ {
        "name" : "Get the list of images in cards on the 5th level of nesting on the page",
        "time" : {
          "start" : 1728221154653,
          "stop" : 1728221174900,
          "duration" : 20247
        },
        "status" : "broken",
        "statusMessage" : "selenium.common.exceptions.TimeoutException: Message: Can't find elements by locator ('css selector', '.team-member img')\n\n",
        "statusTrace" : "  File \"/opt/hostedtoolcache/Python/3.12.6/x64/lib/python3.12/site-packages/allure_commons/_allure.py\", line 192, in impl\n    return func(*a, **kw)\n           ^^^^^^^^^^^^^^\n  File \"/home/runner/work/auto-tests-python/auto-tests-python/pages/contributors_page.py\", line 110, in get_list_of_card_images\n    return self.elements_are_present(self.locators.CARD_IMAGES)\n           ^^^^^^^^^^^^^^^^^^^^^^^^^^^^^^^^^^^^^^^^^^^^^^^^^^^^\n  File \"/home/runner/work/auto-tests-python/auto-tests-python/pages/base_page.py\", line 55, in elements_are_present\n    return Wait(self.driver, self.timeout).until(\n           ^^^^^^^^^^^^^^^^^^^^^^^^^^^^^^^^^^^^^^\n  File \"/opt/hostedtoolcache/Python/3.12.6/x64/lib/python3.12/site-packages/selenium/webdriver/support/wait.py\", line 95, in until\n    raise TimeoutException(message, screen, stacktrace)\n",
        "steps" : [ ],
        "attachments" : [ ],
        "parameters" : [ ],
        "stepsCount" : 0,
        "attachmentsCount" : 0,
        "shouldDisplayMessage" : true,
        "hasContent" : true
      } ],
      "attachments" : [ ],
      "parameters" : [ ],
      "stepsCount" : 1,
      "attachmentsCount" : 0,
      "shouldDisplayMessage" : false,
      "hasContent" : true
    } ],
    "attachments" : [ {
      "uid" : "816f2ea74a30c094",
      "name" : "Screenshot 2024-10-06 13:26:15.005859",
      "source" : "816f2ea74a30c094.png",
      "type" : "image/png",
      "size" : 46511
    } ],
    "parameters" : [ ],
    "stepsCount" : 2,
    "attachmentsCount" : 1,
    "shouldDisplayMessage" : true,
    "hasContent" : true
  },
  "afterStages" : [ {
    "name" : "driver::0",
    "time" : {
      "start" : 1728221175007,
      "stop" : 1728221175094,
      "duration" : 87
    },
    "status" : "passed",
    "steps" : [ ],
    "attachments" : [ ],
    "parameters" : [ ],
    "stepsCount" : 0,
    "attachmentsCount" : 0,
    "shouldDisplayMessage" : false,
    "hasContent" : false
  } ],
  "labels" : [ {
    "name" : "epic",
    "value" : "The Contributors Page"
  }, {
    "name" : "parentSuite",
    "value" : "tests"
  }, {
    "name" : "suite",
    "value" : "contributors_page_test"
  }, {
    "name" : "subSuite",
    "value" : "TestContributorsPage"
  }, {
    "name" : "host",
    "value" : "fv-az1144-128"
  }, {
    "name" : "thread",
    "value" : "2272-MainThread"
  }, {
    "name" : "framework",
    "value" : "pytest"
  }, {
    "name" : "language",
    "value" : "cpython3"
  }, {
    "name" : "package",
    "value" : "tests.contributors_page_test"
  }, {
    "name" : "resultFormat",
    "value" : "allure2"
  } ],
  "parameters" : [ ],
  "links" : [ ],
  "hidden" : false,
  "retry" : false,
  "extra" : {
    "severity" : "normal",
    "retries" : [ ],
    "categories" : [ {
      "name" : "Test defects",
      "matchedStatuses" : [ ],
      "flaky" : false
    } ],
    "history" : {
      "statistic" : {
        "failed" : 0,
        "broken" : 6,
        "skipped" : 0,
        "passed" : 245,
        "unknown" : 0,
        "total" : 251
      },
      "items" : [ {
        "uid" : "3a218fedd11e54f3",
        "reportUrl" : "https://Brain-up.github.io/auto-tests-python/144//#testresult/3a218fedd11e54f3",
        "status" : "passed",
        "time" : {
          "start" : 1728176529729,
          "stop" : 1728176530552,
          "duration" : 823
        }
      }, {
        "uid" : "66582231d7417b19",
        "reportUrl" : "https://Brain-up.github.io/auto-tests-python/311//#testresult/66582231d7417b19",
        "status" : "passed",
        "time" : {
          "start" : 1728117203058,
          "stop" : 1728117203907,
          "duration" : 849
        }
      }, {
        "uid" : "8d55d6e5b3f5f33c",
        "reportUrl" : "https://Brain-up.github.io/auto-tests-python/310//#testresult/8d55d6e5b3f5f33c",
        "status" : "passed",
        "time" : {
          "start" : 1728108609993,
          "stop" : 1728108610825,
          "duration" : 832
        }
      }, {
        "uid" : "92c54e9883788990",
        "reportUrl" : "https://Brain-up.github.io/auto-tests-python/143//#testresult/92c54e9883788990",
        "status" : "passed",
        "time" : {
          "start" : 1728089868023,
          "stop" : 1728089868802,
          "duration" : 779
        }
      }, {
        "uid" : "e28ca50a473c1cc",
        "reportUrl" : "https://Brain-up.github.io/auto-tests-python/142//#testresult/e28ca50a473c1cc",
        "status" : "passed",
        "time" : {
          "start" : 1728003459133,
          "stop" : 1728003459907,
          "duration" : 774
        }
      }, {
        "uid" : "3accd3736482dc40",
        "reportUrl" : "https://Brain-up.github.io/auto-tests-python/309//#testresult/3accd3736482dc40",
        "status" : "passed",
        "time" : {
          "start" : 1727944765623,
          "stop" : 1727944766410,
          "duration" : 787
        }
      }, {
        "uid" : "719eeb27d8295b13",
        "reportUrl" : "https://Brain-up.github.io/auto-tests-python/308//#testresult/719eeb27d8295b13",
        "status" : "passed",
        "time" : {
          "start" : 1727942432068,
          "stop" : 1727942432882,
          "duration" : 814
        }
      }, {
        "uid" : "b8447f81d67a497d",
        "reportUrl" : "https://Brain-up.github.io/auto-tests-python/141//#testresult/b8447f81d67a497d",
        "status" : "passed",
        "time" : {
          "start" : 1727917143038,
          "stop" : 1727917143845,
          "duration" : 807
        }
      }, {
        "uid" : "99b2531c127c31f6",
        "reportUrl" : "https://Brain-up.github.io/auto-tests-python/307//#testresult/99b2531c127c31f6",
        "status" : "passed",
        "time" : {
          "start" : 1727864412443,
          "stop" : 1727864413294,
          "duration" : 851
        }
      }, {
        "uid" : "e9fa218b23c9170",
        "reportUrl" : "https://Brain-up.github.io/auto-tests-python/306//#testresult/e9fa218b23c9170",
        "status" : "passed",
        "time" : {
          "start" : 1727862522911,
          "stop" : 1727862523792,
          "duration" : 881
        }
      }, {
        "uid" : "65f7a2a7994fadd2",
        "reportUrl" : "https://Brain-up.github.io/auto-tests-python/306//#testresult/65f7a2a7994fadd2",
        "status" : "passed",
        "time" : {
          "start" : 1727860893046,
          "stop" : 1727860893871,
          "duration" : 825
        }
      }, {
        "uid" : "aa4c6dbe898aff85",
        "reportUrl" : "https://Brain-up.github.io/auto-tests-python/140//#testresult/aa4c6dbe898aff85",
        "status" : "passed",
        "time" : {
          "start" : 1727830659429,
          "stop" : 1727830660346,
          "duration" : 917
        }
      }, {
        "uid" : "d39f2c1111e1911f",
        "reportUrl" : "https://Brain-up.github.io/auto-tests-python/305//#testresult/d39f2c1111e1911f",
        "status" : "passed",
        "time" : {
          "start" : 1727775462352,
          "stop" : 1727775463271,
          "duration" : 919
        }
      }, {
        "uid" : "9256d6bbf0ba5892",
        "reportUrl" : "https://Brain-up.github.io/auto-tests-python/304//#testresult/9256d6bbf0ba5892",
        "status" : "passed",
        "time" : {
          "start" : 1727772371912,
          "stop" : 1727772372842,
          "duration" : 930
        }
      }, {
        "uid" : "bf16e9dd5815042",
        "reportUrl" : "https://Brain-up.github.io/auto-tests-python/139//#testresult/bf16e9dd5815042",
        "status" : "passed",
        "time" : {
          "start" : 1727744610991,
          "stop" : 1727744611834,
          "duration" : 843
        }
      }, {
        "uid" : "c508aedab04de108",
        "reportUrl" : "https://Brain-up.github.io/auto-tests-python/303//#testresult/c508aedab04de108",
        "status" : "passed",
        "time" : {
          "start" : 1727686224392,
          "stop" : 1727686225214,
          "duration" : 822
        }
      }, {
        "uid" : "344d11920879f2df",
        "reportUrl" : "https://Brain-up.github.io/auto-tests-python/302//#testresult/344d11920879f2df",
        "status" : "passed",
        "time" : {
          "start" : 1727683737498,
          "stop" : 1727683738325,
          "duration" : 827
        }
      }, {
        "uid" : "94886aa5736a1249",
        "reportUrl" : "https://Brain-up.github.io/auto-tests-python/302//#testresult/94886aa5736a1249",
        "status" : "passed",
        "time" : {
          "start" : 1727682152527,
          "stop" : 1727682153345,
          "duration" : 818
        }
      }, {
        "uid" : "7d629f0999029939",
        "reportUrl" : "https://Brain-up.github.io/auto-tests-python/138//#testresult/7d629f0999029939",
        "status" : "broken",
        "statusDetails" : "selenium.common.exceptions.TimeoutException: Message: Can't find elements by locator ('css selector', '.team-member img')",
        "time" : {
          "start" : 1727658004553,
          "stop" : 1727658024970,
          "duration" : 20417
        }
      }, {
        "uid" : "b40f50fd615df573",
        "reportUrl" : "https://Brain-up.github.io/auto-tests-python/301//#testresult/b40f50fd615df573",
        "status" : "passed",
        "time" : {
          "start" : 1727597983660,
          "stop" : 1727597984490,
          "duration" : 830
        }
      } ]
    },
    "tags" : [ ]
  },
  "source" : "235e01522fe4b143.json",
  "parameterValues" : [ ]
}