{
  "uid" : "37a15aa2a76c7604",
  "name" : "Select a random card from \"Similar phrases\" group and compare UI vs BACKEND data",
  "fullName" : "tests.test_speech_exercises_en.TestCardsEN#test_random_cards_in_similar_phrases_en",
  "historyId" : "106afe14e1824ad4b55b346a52794d4b",
  "time" : {
    "start" : 1728222134266,
    "stop" : 1728222134266,
    "duration" : 0
  },
  "status" : "skipped",
  "statusMessage" : "XFAIL\n\nselenium.common.exceptions.TimeoutException: Message: Can't find element by locator https://brainup.site/groups",
  "statusTrace" : "self = <pages.base_page.BasePage object at 0x7f668b7fd1c0>\nurl = 'https://brainup.site/groups'\n\n    def check_expected_link(self, url):\n        with allure.step(f'Check url is present: {url}'):\n            try:\n>               return Wait(self.driver, self.timeout).until(\n                    ec.url_to_be(url), message=f\"Can't find element by locator {url}\")\n\npages/base_page.py:68: \n_ _ _ _ _ _ _ _ _ _ _ _ _ _ _ _ _ _ _ _ _ _ _ _ _ _ _ _ _ _ _ _ _ _ _ _ _ _ _ _ \n\nself = <selenium.webdriver.support.wait.WebDriverWait (session=\"d05f669a3b272fdfd93eefd30d1455d8\")>\nmethod = <function url_to_be.<locals>._predicate at 0x7f668b7b9800>\nmessage = \"Can't find element by locator https://brainup.site/groups\"\n\n    def until(self, method, message: str = \"\"):\n        \"\"\"Calls the method provided with the driver as an argument until the \\\n        return value does not evaluate to ``False``.\n    \n        :param method: callable(WebDriver)\n        :param message: optional message for :exc:`TimeoutException`\n        :returns: the result of the last call to `method`\n        :raises: :exc:`selenium.common.exceptions.TimeoutException` if timeout occurs\n        \"\"\"\n        screen = None\n        stacktrace = None\n    \n        end_time = time.monotonic() + self._timeout\n        while True:\n            try:\n                value = method(self._driver)\n                if value:\n                    return value\n            except self._ignored_exceptions as exc:\n                screen = getattr(exc, \"screen\", None)\n                stacktrace = getattr(exc, \"stacktrace\", None)\n            time.sleep(self._poll)\n            if time.monotonic() > end_time:\n                break\n>       raise TimeoutException(message, screen, stacktrace)\nE       selenium.common.exceptions.TimeoutException: Message: Can't find element by locator https://brainup.site/groups\n\n/opt/hostedtoolcache/Python/3.12.6/x64/lib/python3.12/site-packages/selenium/webdriver/support/wait.py:95: TimeoutException\n\nDuring handling of the above exception, another exception occurred:\n\ndriver = <selenium.webdriver.chrome.webdriver.WebDriver (session=\"d05f669a3b272fdfd93eefd30d1455d8\")>\nmain_page_open = None\n\n    @pytest.fixture()\n    @allure.step('USER specialist authorized')\n    def specialist_user_authorized(driver, main_page_open):\n        page = BasePage(driver)\n        page.element_is_present_and_clickable(MainPageLocators.LOGIN_BUTTON).click()\n        page.element_is_visible(LoginPageLocators.INPUT_LOGIN).send_keys(os.environ[\"SPECIALIST_LOGIN\"])\n        page.element_is_visible(LoginPageLocators.INPUT_PASSWORD).send_keys(os.environ[\"PASSWORD\"])\n        page.element_is_present_and_clickable(LoginPageLocators.SIGN_IN_BUTTON).click()\n>       page.check_expected_link(MainPageLinks.URL_GROUPS_PAGE)\n\ntests/conftest.py:93: \n_ _ _ _ _ _ _ _ _ _ _ _ _ _ _ _ _ _ _ _ _ _ _ _ _ _ _ _ _ _ _ _ _ _ _ _ _ _ _ _ \npages/base_page.py:72: in check_expected_link\n    return Wait(self.driver, self.timeout).until(\n_ _ _ _ _ _ _ _ _ _ _ _ _ _ _ _ _ _ _ _ _ _ _ _ _ _ _ _ _ _ _ _ _ _ _ _ _ _ _ _ \n\nself = <selenium.webdriver.support.wait.WebDriverWait (session=\"d05f669a3b272fdfd93eefd30d1455d8\")>\nmethod = <function url_to_be.<locals>._predicate at 0x7f668b7bac00>\nmessage = \"Can't find element by locator https://brainup.site/groups\"\n\n    def until(self, method, message: str = \"\"):\n        \"\"\"Calls the method provided with the driver as an argument until the \\\n        return value does not evaluate to ``False``.\n    \n        :param method: callable(WebDriver)\n        :param message: optional message for :exc:`TimeoutException`\n        :returns: the result of the last call to `method`\n        :raises: :exc:`selenium.common.exceptions.TimeoutException` if timeout occurs\n        \"\"\"\n        screen = None\n        stacktrace = None\n    \n        end_time = time.monotonic() + self._timeout\n        while True:\n            try:\n                value = method(self._driver)\n                if value:\n                    return value\n            except self._ignored_exceptions as exc:\n                screen = getattr(exc, \"screen\", None)\n                stacktrace = getattr(exc, \"stacktrace\", None)\n            time.sleep(self._poll)\n            if time.monotonic() > end_time:\n                break\n>       raise TimeoutException(message, screen, stacktrace)\nE       selenium.common.exceptions.TimeoutException: Message: Can't find element by locator https://brainup.site/groups\n\n/opt/hostedtoolcache/Python/3.12.6/x64/lib/python3.12/site-packages/selenium/webdriver/support/wait.py:95: TimeoutException",
  "flaky" : false,
  "newFailed" : false,
  "beforeStages" : [ {
    "name" : "main_page_open",
    "time" : {
      "start" : 1728222135035,
      "stop" : 1728222138102,
      "duration" : 3067
    },
    "status" : "passed",
    "steps" : [ {
      "name" : "Open page: https://brainup.site/",
      "time" : {
        "start" : 1728222135035,
        "stop" : 1728222138102,
        "duration" : 3067
      },
      "status" : "passed",
      "steps" : [ ],
      "attachments" : [ ],
      "parameters" : [ {
        "name" : "driver",
        "value" : "<selenium.webdriver.chrome.webdriver.WebDriver (session=\"d05f669a3b272fdfd93eefd30d1455d8\")>"
      } ],
      "stepsCount" : 0,
      "attachmentsCount" : 0,
      "shouldDisplayMessage" : false,
      "hasContent" : true
    } ],
    "attachments" : [ ],
    "parameters" : [ ],
    "stepsCount" : 1,
    "attachmentsCount" : 0,
    "shouldDisplayMessage" : false,
    "hasContent" : true
  }, {
    "name" : "specialist_user_authorized",
    "time" : {
      "start" : 1728222138102,
      "stop" : 1728222178785,
      "duration" : 40683
    },
    "status" : "broken",
    "statusMessage" : "selenium.common.exceptions.TimeoutException: Message: Can't find element by locator https://brainup.site/groups\n\n",
    "statusTrace" : "  File \"/opt/hostedtoolcache/Python/3.12.6/x64/lib/python3.12/site-packages/pluggy/_callers.py\", line 103, in _multicall\n    res = hook_impl.function(*args)\n          ^^^^^^^^^^^^^^^^^^^^^^^^^\n  File \"/opt/hostedtoolcache/Python/3.12.6/x64/lib/python3.12/site-packages/_pytest/fixtures.py\", line 1123, in pytest_fixture_setup\n    result = call_fixture_func(fixturefunc, request, kwargs)\n             ^^^^^^^^^^^^^^^^^^^^^^^^^^^^^^^^^^^^^^^^^^^^^^^\n  File \"/opt/hostedtoolcache/Python/3.12.6/x64/lib/python3.12/site-packages/_pytest/fixtures.py\", line 902, in call_fixture_func\n    fixture_result = fixturefunc(**kwargs)\n                     ^^^^^^^^^^^^^^^^^^^^^\n  File \"/opt/hostedtoolcache/Python/3.12.6/x64/lib/python3.12/site-packages/allure_commons/_allure.py\", line 192, in impl\n    return func(*a, **kw)\n           ^^^^^^^^^^^^^^\n  File \"/home/runner/work/auto-tests-python/auto-tests-python/tests/conftest.py\", line 93, in specialist_user_authorized\n    page.check_expected_link(MainPageLinks.URL_GROUPS_PAGE)\n  File \"/home/runner/work/auto-tests-python/auto-tests-python/pages/base_page.py\", line 72, in check_expected_link\n    return Wait(self.driver, self.timeout).until(\n           ^^^^^^^^^^^^^^^^^^^^^^^^^^^^^^^^^^^^^^\n  File \"/opt/hostedtoolcache/Python/3.12.6/x64/lib/python3.12/site-packages/selenium/webdriver/support/wait.py\", line 95, in until\n    raise TimeoutException(message, screen, stacktrace)\n",
    "steps" : [ {
      "name" : "USER specialist authorized",
      "time" : {
        "start" : 1728222138103,
        "stop" : 1728222178785,
        "duration" : 40682
      },
      "status" : "broken",
      "statusMessage" : "selenium.common.exceptions.TimeoutException: Message: Can't find element by locator https://brainup.site/groups\n\n",
      "statusTrace" : "  File \"/opt/hostedtoolcache/Python/3.12.6/x64/lib/python3.12/site-packages/allure_commons/_allure.py\", line 192, in impl\n    return func(*a, **kw)\n           ^^^^^^^^^^^^^^\n  File \"/home/runner/work/auto-tests-python/auto-tests-python/tests/conftest.py\", line 93, in specialist_user_authorized\n    page.check_expected_link(MainPageLinks.URL_GROUPS_PAGE)\n  File \"/home/runner/work/auto-tests-python/auto-tests-python/pages/base_page.py\", line 72, in check_expected_link\n    return Wait(self.driver, self.timeout).until(\n           ^^^^^^^^^^^^^^^^^^^^^^^^^^^^^^^^^^^^^^\n  File \"/opt/hostedtoolcache/Python/3.12.6/x64/lib/python3.12/site-packages/selenium/webdriver/support/wait.py\", line 95, in until\n    raise TimeoutException(message, screen, stacktrace)\n",
      "steps" : [ {
        "name" : "Check url is present: https://brainup.site/groups",
        "time" : {
          "start" : 1728222138501,
          "stop" : 1728222178785,
          "duration" : 40284
        },
        "status" : "broken",
        "statusMessage" : "selenium.common.exceptions.TimeoutException: Message: Can't find element by locator https://brainup.site/groups\n\n",
        "statusTrace" : "  File \"/home/runner/work/auto-tests-python/auto-tests-python/pages/base_page.py\", line 72, in check_expected_link\n    return Wait(self.driver, self.timeout).until(\n           ^^^^^^^^^^^^^^^^^^^^^^^^^^^^^^^^^^^^^^\n  File \"/opt/hostedtoolcache/Python/3.12.6/x64/lib/python3.12/site-packages/selenium/webdriver/support/wait.py\", line 95, in until\n    raise TimeoutException(message, screen, stacktrace)\n",
        "steps" : [ ],
        "attachments" : [ ],
        "parameters" : [ ],
        "stepsCount" : 0,
        "attachmentsCount" : 0,
        "shouldDisplayMessage" : true,
        "hasContent" : true
      } ],
      "attachments" : [ ],
      "parameters" : [ {
        "name" : "driver",
        "value" : "<selenium.webdriver.chrome.webdriver.WebDriver (session=\"d05f669a3b272fdfd93eefd30d1455d8\")>"
      }, {
        "name" : "main_page_open",
        "value" : "None"
      } ],
      "stepsCount" : 1,
      "attachmentsCount" : 0,
      "shouldDisplayMessage" : false,
      "hasContent" : true
    } ],
    "attachments" : [ ],
    "parameters" : [ ],
    "stepsCount" : 2,
    "attachmentsCount" : 0,
    "shouldDisplayMessage" : false,
    "hasContent" : true
  }, {
    "name" : "driver",
    "time" : {
      "start" : 1728222134266,
      "stop" : 1728222135035,
      "duration" : 769
    },
    "status" : "passed",
    "steps" : [ ],
    "attachments" : [ ],
    "parameters" : [ ],
    "stepsCount" : 0,
    "attachmentsCount" : 0,
    "shouldDisplayMessage" : false,
    "hasContent" : false
  }, {
    "name" : "clear_allure_results_folder",
    "time" : {
      "start" : 1728220890169,
      "stop" : 1728220890169,
      "duration" : 0
    },
    "status" : "passed",
    "steps" : [ ],
    "attachments" : [ ],
    "parameters" : [ ],
    "stepsCount" : 0,
    "attachmentsCount" : 0,
    "shouldDisplayMessage" : false,
    "hasContent" : false
  } ],
  "afterStages" : [ {
    "name" : "driver::0",
    "time" : {
      "start" : 1728222178801,
      "stop" : 1728222178890,
      "duration" : 89
    },
    "status" : "passed",
    "steps" : [ ],
    "attachments" : [ ],
    "parameters" : [ ],
    "stepsCount" : 0,
    "attachmentsCount" : 0,
    "shouldDisplayMessage" : false,
    "hasContent" : false
  } ],
  "labels" : [ {
    "name" : "suite",
    "value" : "Speech exercises EN."
  }, {
    "name" : "epic",
    "value" : "Speech exercises."
  }, {
    "name" : "tag",
    "value" : "@pytest.mark.xfail"
  }, {
    "name" : "parentSuite",
    "value" : "tests"
  }, {
    "name" : "subSuite",
    "value" : "TestCardsEN"
  }, {
    "name" : "host",
    "value" : "fv-az1144-128"
  }, {
    "name" : "thread",
    "value" : "2272-MainThread"
  }, {
    "name" : "framework",
    "value" : "pytest"
  }, {
    "name" : "language",
    "value" : "cpython3"
  }, {
    "name" : "package",
    "value" : "tests.test_speech_exercises_en"
  }, {
    "name" : "resultFormat",
    "value" : "allure2"
  } ],
  "parameters" : [ ],
  "links" : [ ],
  "hidden" : false,
  "retry" : false,
  "extra" : {
    "severity" : "normal",
    "retries" : [ ],
    "categories" : [ ],
    "history" : {
      "statistic" : {
        "failed" : 0,
        "broken" : 0,
        "skipped" : 33,
        "passed" : 449,
        "unknown" : 0,
        "total" : 482
      },
      "items" : [ {
        "uid" : "68601a16d6c96fdc",
        "reportUrl" : "https://Brain-up.github.io/auto-tests-python/144//#testresult/68601a16d6c96fdc",
        "status" : "skipped",
        "statusDetails" : "XFAIL\n\nKeyError: 5",
        "time" : {
          "start" : 1728177182174,
          "stop" : 1728177206884,
          "duration" : 24710
        }
      }, {
        "uid" : "c2bf052da6c23483",
        "reportUrl" : "https://Brain-up.github.io/auto-tests-python/311//#testresult/c2bf052da6c23483",
        "status" : "passed",
        "statusDetails" : "XPASS",
        "time" : {
          "start" : 1728117811758,
          "stop" : 1728117820958,
          "duration" : 9200
        }
      }, {
        "uid" : "6dfe5b48a5326f90",
        "reportUrl" : "https://Brain-up.github.io/auto-tests-python/310//#testresult/6dfe5b48a5326f90",
        "status" : "skipped",
        "statusDetails" : "XFAIL\n\nselenium.common.exceptions.TimeoutException: Message: Can't find element by locator https://brainup.site/groups",
        "time" : {
          "start" : 1728109178326,
          "stop" : 1728109178326,
          "duration" : 0
        }
      }, {
        "uid" : "39fd576508ee68b0",
        "reportUrl" : "https://Brain-up.github.io/auto-tests-python/143//#testresult/39fd576508ee68b0",
        "status" : "passed",
        "statusDetails" : "XPASS",
        "time" : {
          "start" : 1728090444588,
          "stop" : 1728090453753,
          "duration" : 9165
        }
      }, {
        "uid" : "88c6f32ab9fd6495",
        "reportUrl" : "https://Brain-up.github.io/auto-tests-python/142//#testresult/88c6f32ab9fd6495",
        "status" : "passed",
        "statusDetails" : "XPASS",
        "time" : {
          "start" : 1728004071104,
          "stop" : 1728004080451,
          "duration" : 9347
        }
      }, {
        "uid" : "4ad5c3694e2dc0ae",
        "reportUrl" : "https://Brain-up.github.io/auto-tests-python/309//#testresult/4ad5c3694e2dc0ae",
        "status" : "skipped",
        "statusDetails" : "XFAIL\n\nselenium.common.exceptions.TimeoutException: Message: Url: https://brainup.site/groups/4/series/10/subgroup/111/exercise/3152 has not been changed!!!",
        "time" : {
          "start" : 1727945580732,
          "stop" : 1727945607481,
          "duration" : 26749
        }
      }, {
        "uid" : "87febcf69f55d88a",
        "reportUrl" : "https://Brain-up.github.io/auto-tests-python/308//#testresult/87febcf69f55d88a",
        "status" : "passed",
        "statusDetails" : "XPASS",
        "time" : {
          "start" : 1727943223647,
          "stop" : 1727943247159,
          "duration" : 23512
        }
      }, {
        "uid" : "850eaee61730b6be",
        "reportUrl" : "https://Brain-up.github.io/auto-tests-python/141//#testresult/850eaee61730b6be",
        "status" : "passed",
        "statusDetails" : "XPASS",
        "time" : {
          "start" : 1727917914313,
          "stop" : 1727917963838,
          "duration" : 49525
        }
      }, {
        "uid" : "131b956f7fe2b026",
        "reportUrl" : "https://Brain-up.github.io/auto-tests-python/307//#testresult/131b956f7fe2b026",
        "status" : "passed",
        "statusDetails" : "XPASS",
        "time" : {
          "start" : 1727865253872,
          "stop" : 1727865319164,
          "duration" : 65292
        }
      }, {
        "uid" : "f5fa78d04b6eea10",
        "reportUrl" : "https://Brain-up.github.io/auto-tests-python/306//#testresult/f5fa78d04b6eea10",
        "status" : "passed",
        "statusDetails" : "XPASS",
        "time" : {
          "start" : 1727863342451,
          "stop" : 1727863360385,
          "duration" : 17934
        }
      }, {
        "uid" : "bd278428c4409256",
        "reportUrl" : "https://Brain-up.github.io/auto-tests-python/306//#testresult/bd278428c4409256",
        "status" : "passed",
        "statusDetails" : "XPASS",
        "time" : {
          "start" : 1727861634862,
          "stop" : 1727861680483,
          "duration" : 45621
        }
      }, {
        "uid" : "dbb4b02adde7a41",
        "reportUrl" : "https://Brain-up.github.io/auto-tests-python/140//#testresult/dbb4b02adde7a41",
        "status" : "passed",
        "statusDetails" : "XPASS",
        "time" : {
          "start" : 1727831391948,
          "stop" : 1727831441335,
          "duration" : 49387
        }
      }, {
        "uid" : "ee81d185af2e54dc",
        "reportUrl" : "https://Brain-up.github.io/auto-tests-python/305//#testresult/ee81d185af2e54dc",
        "status" : "passed",
        "statusDetails" : "XPASS",
        "time" : {
          "start" : 1727776319996,
          "stop" : 1727776355151,
          "duration" : 35155
        }
      }, {
        "uid" : "81d363cc2d2343b2",
        "reportUrl" : "https://Brain-up.github.io/auto-tests-python/304//#testresult/81d363cc2d2343b2",
        "status" : "passed",
        "statusDetails" : "XPASS",
        "time" : {
          "start" : 1727773053991,
          "stop" : 1727773064718,
          "duration" : 10727
        }
      }, {
        "uid" : "3dcec29b7c97b377",
        "reportUrl" : "https://Brain-up.github.io/auto-tests-python/139//#testresult/3dcec29b7c97b377",
        "status" : "skipped",
        "statusDetails" : "XFAIL\n\nselenium.common.exceptions.TimeoutException: Message: Url: https://brainup.site/groups/4/series/10/subgroup/111/exercise/3110 has not been changed!!!",
        "time" : {
          "start" : 1727745393846,
          "stop" : 1727745420845,
          "duration" : 26999
        }
      }, {
        "uid" : "436ea6adfa6c4e45",
        "reportUrl" : "https://Brain-up.github.io/auto-tests-python/303//#testresult/436ea6adfa6c4e45",
        "status" : "skipped",
        "statusDetails" : "XFAIL\n\nKeyError: 0",
        "time" : {
          "start" : 1727686948417,
          "stop" : 1727686967845,
          "duration" : 19428
        }
      }, {
        "uid" : "b6e1c3c04afcab41",
        "reportUrl" : "https://Brain-up.github.io/auto-tests-python/302//#testresult/b6e1c3c04afcab41",
        "status" : "skipped",
        "statusDetails" : "XFAIL\n\nKeyError: 1",
        "time" : {
          "start" : 1727684455978,
          "stop" : 1727684477154,
          "duration" : 21176
        }
      }, {
        "uid" : "335348c06a1c72d5",
        "reportUrl" : "https://Brain-up.github.io/auto-tests-python/302//#testresult/335348c06a1c72d5",
        "status" : "skipped",
        "statusDetails" : "XFAIL\n\nselenium.common.exceptions.TimeoutException: Message: Url: https://brainup.site/groups/4/series/10/subgroup/110/exercise/3037 has not been changed!!!",
        "time" : {
          "start" : 1727682865039,
          "stop" : 1727682918073,
          "duration" : 53034
        }
      }, {
        "uid" : "92c9fde568276853",
        "reportUrl" : "https://Brain-up.github.io/auto-tests-python/138//#testresult/92c9fde568276853",
        "status" : "passed",
        "statusDetails" : "XPASS",
        "time" : {
          "start" : 1727658704701,
          "stop" : 1727658715063,
          "duration" : 10362
        }
      }, {
        "uid" : "201fb1fe9387902d",
        "reportUrl" : "https://Brain-up.github.io/auto-tests-python/301//#testresult/201fb1fe9387902d",
        "status" : "skipped",
        "statusDetails" : "XFAIL\n\nselenium.common.exceptions.TimeoutException: Message: Url: https://brainup.site/groups/4/series/10/subgroup/110/exercise/3049 has not been changed!!!",
        "time" : {
          "start" : 1727598764420,
          "stop" : 1727598790710,
          "duration" : 26290
        }
      } ]
    },
    "tags" : [ "@pytest.mark.xfail" ]
  },
  "source" : "37a15aa2a76c7604.json",
  "parameterValues" : [ ]
}