{
  "uid" : "ace3c6ce389fd290",
  "name" : "Verify text in card links and the 'All Team' link",
  "fullName" : "tests.contributors_page_test.TestContributorsPageText#test_cnp_02_05_verify_text_in_card_links",
  "historyId" : "9150555d641b04e0f158b79bfaae40fd",
  "time" : {
    "start" : 1728221102243,
    "stop" : 1728221122485,
    "duration" : 20242
  },
  "status" : "broken",
  "statusMessage" : "selenium.common.exceptions.TimeoutException: Message: Can't find elements by locator ('css selector', 'a.mb-1')",
  "statusTrace" : "self = <tests.contributors_page_test.TestContributorsPage.TestContributorsPageText object at 0x7f668bf13d10>\ndriver = <selenium.webdriver.chrome.webdriver.WebDriver (session=\"ebd602090a3c31a07bcd2349c0e0d3f7\")>\ncontributors_page_open = None\n\n    @allure.title(\"Verify text in card links and the 'All Team' link\")\n    def test_cnp_02_05_verify_text_in_card_links(self, driver, contributors_page_open):\n        page = ContributorsPage(driver)\n>       card_links_text = page.check_text_in_card_links()\n\ntests/contributors_page_test.py:105: \n_ _ _ _ _ _ _ _ _ _ _ _ _ _ _ _ _ _ _ _ _ _ _ _ _ _ _ _ _ _ _ _ _ _ _ _ _ _ _ _ \npages/contributors_page.py:144: in check_text_in_card_links\n    values = [link.text for link in self.elements_are_present(self.locators.CARD_LINKS)]\npages/base_page.py:55: in elements_are_present\n    return Wait(self.driver, self.timeout).until(\n_ _ _ _ _ _ _ _ _ _ _ _ _ _ _ _ _ _ _ _ _ _ _ _ _ _ _ _ _ _ _ _ _ _ _ _ _ _ _ _ \n\nself = <selenium.webdriver.support.wait.WebDriverWait (session=\"ebd602090a3c31a07bcd2349c0e0d3f7\")>\nmethod = <function presence_of_all_elements_located.<locals>._predicate at 0x7f668bafa7a0>\nmessage = \"Can't find elements by locator ('css selector', 'a.mb-1')\"\n\n    def until(self, method, message: str = \"\"):\n        \"\"\"Calls the method provided with the driver as an argument until the \\\n        return value does not evaluate to ``False``.\n    \n        :param method: callable(WebDriver)\n        :param message: optional message for :exc:`TimeoutException`\n        :returns: the result of the last call to `method`\n        :raises: :exc:`selenium.common.exceptions.TimeoutException` if timeout occurs\n        \"\"\"\n        screen = None\n        stacktrace = None\n    \n        end_time = time.monotonic() + self._timeout\n        while True:\n            try:\n                value = method(self._driver)\n                if value:\n                    return value\n            except self._ignored_exceptions as exc:\n                screen = getattr(exc, \"screen\", None)\n                stacktrace = getattr(exc, \"stacktrace\", None)\n            time.sleep(self._poll)\n            if time.monotonic() > end_time:\n                break\n>       raise TimeoutException(message, screen, stacktrace)\nE       selenium.common.exceptions.TimeoutException: Message: Can't find elements by locator ('css selector', 'a.mb-1')\n\n/opt/hostedtoolcache/Python/3.12.6/x64/lib/python3.12/site-packages/selenium/webdriver/support/wait.py:95: TimeoutException",
  "flaky" : false,
  "newFailed" : false,
  "beforeStages" : [ {
    "name" : "contributors_page_open",
    "time" : {
      "start" : 1728221099324,
      "stop" : 1728221102243,
      "duration" : 2919
    },
    "status" : "passed",
    "steps" : [ {
      "name" : "Open page: https://brainup.site/contributors",
      "time" : {
        "start" : 1728221099324,
        "stop" : 1728221102242,
        "duration" : 2918
      },
      "status" : "passed",
      "steps" : [ ],
      "attachments" : [ ],
      "parameters" : [ {
        "name" : "driver",
        "value" : "<selenium.webdriver.chrome.webdriver.WebDriver (session=\"ebd602090a3c31a07bcd2349c0e0d3f7\")>"
      } ],
      "stepsCount" : 0,
      "attachmentsCount" : 0,
      "shouldDisplayMessage" : false,
      "hasContent" : true
    } ],
    "attachments" : [ ],
    "parameters" : [ ],
    "stepsCount" : 1,
    "attachmentsCount" : 0,
    "shouldDisplayMessage" : false,
    "hasContent" : true
  }, {
    "name" : "driver",
    "time" : {
      "start" : 1728221098562,
      "stop" : 1728221099324,
      "duration" : 762
    },
    "status" : "passed",
    "steps" : [ ],
    "attachments" : [ ],
    "parameters" : [ ],
    "stepsCount" : 0,
    "attachmentsCount" : 0,
    "shouldDisplayMessage" : false,
    "hasContent" : false
  }, {
    "name" : "clear_allure_results_folder",
    "time" : {
      "start" : 1728220890169,
      "stop" : 1728220890169,
      "duration" : 0
    },
    "status" : "passed",
    "steps" : [ ],
    "attachments" : [ ],
    "parameters" : [ ],
    "stepsCount" : 0,
    "attachmentsCount" : 0,
    "shouldDisplayMessage" : false,
    "hasContent" : false
  } ],
  "testStage" : {
    "status" : "broken",
    "statusMessage" : "selenium.common.exceptions.TimeoutException: Message: Can't find elements by locator ('css selector', 'a.mb-1')",
    "statusTrace" : "self = <tests.contributors_page_test.TestContributorsPage.TestContributorsPageText object at 0x7f668bf13d10>\ndriver = <selenium.webdriver.chrome.webdriver.WebDriver (session=\"ebd602090a3c31a07bcd2349c0e0d3f7\")>\ncontributors_page_open = None\n\n    @allure.title(\"Verify text in card links and the 'All Team' link\")\n    def test_cnp_02_05_verify_text_in_card_links(self, driver, contributors_page_open):\n        page = ContributorsPage(driver)\n>       card_links_text = page.check_text_in_card_links()\n\ntests/contributors_page_test.py:105: \n_ _ _ _ _ _ _ _ _ _ _ _ _ _ _ _ _ _ _ _ _ _ _ _ _ _ _ _ _ _ _ _ _ _ _ _ _ _ _ _ \npages/contributors_page.py:144: in check_text_in_card_links\n    values = [link.text for link in self.elements_are_present(self.locators.CARD_LINKS)]\npages/base_page.py:55: in elements_are_present\n    return Wait(self.driver, self.timeout).until(\n_ _ _ _ _ _ _ _ _ _ _ _ _ _ _ _ _ _ _ _ _ _ _ _ _ _ _ _ _ _ _ _ _ _ _ _ _ _ _ _ \n\nself = <selenium.webdriver.support.wait.WebDriverWait (session=\"ebd602090a3c31a07bcd2349c0e0d3f7\")>\nmethod = <function presence_of_all_elements_located.<locals>._predicate at 0x7f668bafa7a0>\nmessage = \"Can't find elements by locator ('css selector', 'a.mb-1')\"\n\n    def until(self, method, message: str = \"\"):\n        \"\"\"Calls the method provided with the driver as an argument until the \\\n        return value does not evaluate to ``False``.\n    \n        :param method: callable(WebDriver)\n        :param message: optional message for :exc:`TimeoutException`\n        :returns: the result of the last call to `method`\n        :raises: :exc:`selenium.common.exceptions.TimeoutException` if timeout occurs\n        \"\"\"\n        screen = None\n        stacktrace = None\n    \n        end_time = time.monotonic() + self._timeout\n        while True:\n            try:\n                value = method(self._driver)\n                if value:\n                    return value\n            except self._ignored_exceptions as exc:\n                screen = getattr(exc, \"screen\", None)\n                stacktrace = getattr(exc, \"stacktrace\", None)\n            time.sleep(self._poll)\n            if time.monotonic() > end_time:\n                break\n>       raise TimeoutException(message, screen, stacktrace)\nE       selenium.common.exceptions.TimeoutException: Message: Can't find elements by locator ('css selector', 'a.mb-1')\n\n/opt/hostedtoolcache/Python/3.12.6/x64/lib/python3.12/site-packages/selenium/webdriver/support/wait.py:95: TimeoutException",
    "steps" : [ {
      "name" : "Check text in links in cards",
      "time" : {
        "start" : 1728221102243,
        "stop" : 1728221122485,
        "duration" : 20242
      },
      "status" : "broken",
      "statusMessage" : "selenium.common.exceptions.TimeoutException: Message: Can't find elements by locator ('css selector', 'a.mb-1')\n\n",
      "statusTrace" : "  File \"/opt/hostedtoolcache/Python/3.12.6/x64/lib/python3.12/site-packages/allure_commons/_allure.py\", line 192, in impl\n    return func(*a, **kw)\n           ^^^^^^^^^^^^^^\n  File \"/home/runner/work/auto-tests-python/auto-tests-python/pages/contributors_page.py\", line 144, in check_text_in_card_links\n    values = [link.text for link in self.elements_are_present(self.locators.CARD_LINKS)]\n                                    ^^^^^^^^^^^^^^^^^^^^^^^^^^^^^^^^^^^^^^^^^^^^^^^^^^^\n  File \"/home/runner/work/auto-tests-python/auto-tests-python/pages/base_page.py\", line 55, in elements_are_present\n    return Wait(self.driver, self.timeout).until(\n           ^^^^^^^^^^^^^^^^^^^^^^^^^^^^^^^^^^^^^^\n  File \"/opt/hostedtoolcache/Python/3.12.6/x64/lib/python3.12/site-packages/selenium/webdriver/support/wait.py\", line 95, in until\n    raise TimeoutException(message, screen, stacktrace)\n",
      "steps" : [ ],
      "attachments" : [ ],
      "parameters" : [ ],
      "stepsCount" : 0,
      "attachmentsCount" : 0,
      "shouldDisplayMessage" : true,
      "hasContent" : true
    } ],
    "attachments" : [ {
      "uid" : "3b8f7cee66d36081",
      "name" : "Screenshot 2024-10-06 13:25:22.575432",
      "source" : "3b8f7cee66d36081.png",
      "type" : "image/png",
      "size" : 46511
    } ],
    "parameters" : [ ],
    "stepsCount" : 1,
    "attachmentsCount" : 1,
    "shouldDisplayMessage" : true,
    "hasContent" : true
  },
  "afterStages" : [ {
    "name" : "driver::0",
    "time" : {
      "start" : 1728221122576,
      "stop" : 1728221122662,
      "duration" : 86
    },
    "status" : "passed",
    "steps" : [ ],
    "attachments" : [ ],
    "parameters" : [ ],
    "stepsCount" : 0,
    "attachmentsCount" : 0,
    "shouldDisplayMessage" : false,
    "hasContent" : false
  } ],
  "labels" : [ {
    "name" : "epic",
    "value" : "The Contributors Page"
  }, {
    "name" : "parentSuite",
    "value" : "tests"
  }, {
    "name" : "suite",
    "value" : "contributors_page_test"
  }, {
    "name" : "subSuite",
    "value" : "TestContributorsPage"
  }, {
    "name" : "host",
    "value" : "fv-az1144-128"
  }, {
    "name" : "thread",
    "value" : "2272-MainThread"
  }, {
    "name" : "framework",
    "value" : "pytest"
  }, {
    "name" : "language",
    "value" : "cpython3"
  }, {
    "name" : "package",
    "value" : "tests.contributors_page_test"
  }, {
    "name" : "resultFormat",
    "value" : "allure2"
  } ],
  "parameters" : [ ],
  "links" : [ ],
  "hidden" : false,
  "retry" : false,
  "extra" : {
    "severity" : "normal",
    "retries" : [ ],
    "categories" : [ {
      "name" : "Test defects",
      "matchedStatuses" : [ ],
      "flaky" : false
    } ],
    "history" : {
      "statistic" : {
        "failed" : 4,
        "broken" : 8,
        "skipped" : 0,
        "passed" : 470,
        "unknown" : 0,
        "total" : 482
      },
      "items" : [ {
        "uid" : "71862648977d3c83",
        "reportUrl" : "https://Brain-up.github.io/auto-tests-python/144//#testresult/71862648977d3c83",
        "status" : "passed",
        "time" : {
          "start" : 1728176515924,
          "stop" : 1728176516351,
          "duration" : 427
        }
      }, {
        "uid" : "4c915ce5b9fe6595",
        "reportUrl" : "https://Brain-up.github.io/auto-tests-python/311//#testresult/4c915ce5b9fe6595",
        "status" : "passed",
        "time" : {
          "start" : 1728117189697,
          "stop" : 1728117190142,
          "duration" : 445
        }
      }, {
        "uid" : "3a6d471ffa36a287",
        "reportUrl" : "https://Brain-up.github.io/auto-tests-python/310//#testresult/3a6d471ffa36a287",
        "status" : "passed",
        "time" : {
          "start" : 1728108597577,
          "stop" : 1728108598021,
          "duration" : 444
        }
      }, {
        "uid" : "646ce7d9ba0dfd06",
        "reportUrl" : "https://Brain-up.github.io/auto-tests-python/143//#testresult/646ce7d9ba0dfd06",
        "status" : "passed",
        "time" : {
          "start" : 1728089855692,
          "stop" : 1728089856124,
          "duration" : 432
        }
      }, {
        "uid" : "751930ce06bfa740",
        "reportUrl" : "https://Brain-up.github.io/auto-tests-python/142//#testresult/751930ce06bfa740",
        "status" : "passed",
        "time" : {
          "start" : 1728003446345,
          "stop" : 1728003446742,
          "duration" : 397
        }
      }, {
        "uid" : "e3de5b6f97fce3bd",
        "reportUrl" : "https://Brain-up.github.io/auto-tests-python/309//#testresult/e3de5b6f97fce3bd",
        "status" : "passed",
        "time" : {
          "start" : 1727944748615,
          "stop" : 1727944749007,
          "duration" : 392
        }
      }, {
        "uid" : "5d97f412342ccdc",
        "reportUrl" : "https://Brain-up.github.io/auto-tests-python/308//#testresult/5d97f412342ccdc",
        "status" : "passed",
        "time" : {
          "start" : 1727942418864,
          "stop" : 1727942419290,
          "duration" : 426
        }
      }, {
        "uid" : "cd87dadcf9c23c86",
        "reportUrl" : "https://Brain-up.github.io/auto-tests-python/141//#testresult/cd87dadcf9c23c86",
        "status" : "passed",
        "time" : {
          "start" : 1727917129727,
          "stop" : 1727917130159,
          "duration" : 432
        }
      }, {
        "uid" : "fa79dc36c5a94b49",
        "reportUrl" : "https://Brain-up.github.io/auto-tests-python/307//#testresult/fa79dc36c5a94b49",
        "status" : "passed",
        "time" : {
          "start" : 1727864396110,
          "stop" : 1727864396566,
          "duration" : 456
        }
      }, {
        "uid" : "f737acda7027666f",
        "reportUrl" : "https://Brain-up.github.io/auto-tests-python/306//#testresult/f737acda7027666f",
        "status" : "passed",
        "time" : {
          "start" : 1727862506465,
          "stop" : 1727862506909,
          "duration" : 444
        }
      }, {
        "uid" : "671e385cfe3226a0",
        "reportUrl" : "https://Brain-up.github.io/auto-tests-python/306//#testresult/671e385cfe3226a0",
        "status" : "passed",
        "time" : {
          "start" : 1727860880075,
          "stop" : 1727860880507,
          "duration" : 432
        }
      }, {
        "uid" : "e4acaf9fb29fb7da",
        "reportUrl" : "https://Brain-up.github.io/auto-tests-python/140//#testresult/e4acaf9fb29fb7da",
        "status" : "passed",
        "time" : {
          "start" : 1727830646278,
          "stop" : 1727830646728,
          "duration" : 450
        }
      }, {
        "uid" : "df773a4a04c4f5b0",
        "reportUrl" : "https://Brain-up.github.io/auto-tests-python/305//#testresult/df773a4a04c4f5b0",
        "status" : "passed",
        "time" : {
          "start" : 1727775445963,
          "stop" : 1727775446466,
          "duration" : 503
        }
      }, {
        "uid" : "304c778367ae52be",
        "reportUrl" : "https://Brain-up.github.io/auto-tests-python/304//#testresult/304c778367ae52be",
        "status" : "passed",
        "time" : {
          "start" : 1727772358577,
          "stop" : 1727772359024,
          "duration" : 447
        }
      }, {
        "uid" : "c270ad8d7e03bb8d",
        "reportUrl" : "https://Brain-up.github.io/auto-tests-python/139//#testresult/c270ad8d7e03bb8d",
        "status" : "passed",
        "time" : {
          "start" : 1727744595196,
          "stop" : 1727744595636,
          "duration" : 440
        }
      }, {
        "uid" : "1e6cb1a06b640ba9",
        "reportUrl" : "https://Brain-up.github.io/auto-tests-python/303//#testresult/1e6cb1a06b640ba9",
        "status" : "passed",
        "time" : {
          "start" : 1727686211690,
          "stop" : 1727686212122,
          "duration" : 432
        }
      }, {
        "uid" : "204e17a658f9733e",
        "reportUrl" : "https://Brain-up.github.io/auto-tests-python/302//#testresult/204e17a658f9733e",
        "status" : "passed",
        "time" : {
          "start" : 1727683724438,
          "stop" : 1727683724882,
          "duration" : 444
        }
      }, {
        "uid" : "d6638cfcf2b9d347",
        "reportUrl" : "https://Brain-up.github.io/auto-tests-python/302//#testresult/d6638cfcf2b9d347",
        "status" : "passed",
        "time" : {
          "start" : 1727682139898,
          "stop" : 1727682140334,
          "duration" : 436
        }
      }, {
        "uid" : "c8b84c5fba76427b",
        "reportUrl" : "https://Brain-up.github.io/auto-tests-python/138//#testresult/c8b84c5fba76427b",
        "status" : "passed",
        "time" : {
          "start" : 1727657991703,
          "stop" : 1727657992170,
          "duration" : 467
        }
      }, {
        "uid" : "d8b4d8feb91557ce",
        "reportUrl" : "https://Brain-up.github.io/auto-tests-python/301//#testresult/d8b4d8feb91557ce",
        "status" : "passed",
        "time" : {
          "start" : 1727597966883,
          "stop" : 1727597967314,
          "duration" : 431
        }
      } ]
    },
    "tags" : [ ]
  },
  "source" : "ace3c6ce389fd290.json",
  "parameterValues" : [ ]
}