{
  "uid" : "c82c07eda27bc504",
  "name" : "Verify presence, visibility and attributes of the profile avatar in the Header \n               for an authorized user",
  "fullName" : "tests.header_test.TestAuthHeaderPageImages#test_hpa_04_04_verify_auth_profile_avatar",
  "historyId" : "d004c08b92f3ab9d7c020fc1fecef92f",
  "time" : {
    "start" : 1728221440328,
    "stop" : 1728221440328,
    "duration" : 0
  },
  "status" : "skipped",
  "statusMessage" : "Skipped: unsupported preconditions",
  "statusTrace" : "('/home/runner/work/auto-tests-python/auto-tests-python/tests/header_test.py', 406, 'Skipped: unsupported preconditions')",
  "flaky" : false,
  "newFailed" : false,
  "beforeStages" : [ {
    "name" : "main_page_open",
    "time" : {
      "start" : 1728221441080,
      "stop" : 1728221444098,
      "duration" : 3018
    },
    "status" : "passed",
    "steps" : [ {
      "name" : "Open page: https://brainup.site/",
      "time" : {
        "start" : 1728221441080,
        "stop" : 1728221444098,
        "duration" : 3018
      },
      "status" : "passed",
      "steps" : [ ],
      "attachments" : [ ],
      "parameters" : [ {
        "name" : "driver",
        "value" : "<selenium.webdriver.chrome.webdriver.WebDriver (session=\"8d2b7e13c8495309bca56fb7da3af33d\")>"
      } ],
      "stepsCount" : 0,
      "attachmentsCount" : 0,
      "shouldDisplayMessage" : false,
      "hasContent" : true
    } ],
    "attachments" : [ ],
    "parameters" : [ ],
    "stepsCount" : 1,
    "attachmentsCount" : 0,
    "shouldDisplayMessage" : false,
    "hasContent" : true
  }, {
    "name" : "auto_test_user_authorized",
    "time" : {
      "start" : 1728221444098,
      "stop" : 1728221484752,
      "duration" : 40654
    },
    "status" : "broken",
    "statusMessage" : "selenium.common.exceptions.TimeoutException: Message: Can't find element by locator https://brainup.site/groups\n\n",
    "statusTrace" : "  File \"/opt/hostedtoolcache/Python/3.12.6/x64/lib/python3.12/site-packages/pluggy/_callers.py\", line 103, in _multicall\n    res = hook_impl.function(*args)\n          ^^^^^^^^^^^^^^^^^^^^^^^^^\n  File \"/opt/hostedtoolcache/Python/3.12.6/x64/lib/python3.12/site-packages/_pytest/fixtures.py\", line 1123, in pytest_fixture_setup\n    result = call_fixture_func(fixturefunc, request, kwargs)\n             ^^^^^^^^^^^^^^^^^^^^^^^^^^^^^^^^^^^^^^^^^^^^^^^\n  File \"/opt/hostedtoolcache/Python/3.12.6/x64/lib/python3.12/site-packages/_pytest/fixtures.py\", line 902, in call_fixture_func\n    fixture_result = fixturefunc(**kwargs)\n                     ^^^^^^^^^^^^^^^^^^^^^\n  File \"/opt/hostedtoolcache/Python/3.12.6/x64/lib/python3.12/site-packages/allure_commons/_allure.py\", line 192, in impl\n    return func(*a, **kw)\n           ^^^^^^^^^^^^^^\n  File \"/home/runner/work/auto-tests-python/auto-tests-python/tests/conftest.py\", line 80, in auto_test_user_authorized\n    page.check_expected_link(MainPageLinks.URL_GROUPS_PAGE)\n  File \"/home/runner/work/auto-tests-python/auto-tests-python/pages/base_page.py\", line 72, in check_expected_link\n    return Wait(self.driver, self.timeout).until(\n           ^^^^^^^^^^^^^^^^^^^^^^^^^^^^^^^^^^^^^^\n  File \"/opt/hostedtoolcache/Python/3.12.6/x64/lib/python3.12/site-packages/selenium/webdriver/support/wait.py\", line 95, in until\n    raise TimeoutException(message, screen, stacktrace)\n",
    "steps" : [ {
      "name" : "Auto test user authorized",
      "time" : {
        "start" : 1728221444099,
        "stop" : 1728221484751,
        "duration" : 40652
      },
      "status" : "broken",
      "statusMessage" : "selenium.common.exceptions.TimeoutException: Message: Can't find element by locator https://brainup.site/groups\n\n",
      "statusTrace" : "  File \"/opt/hostedtoolcache/Python/3.12.6/x64/lib/python3.12/site-packages/allure_commons/_allure.py\", line 192, in impl\n    return func(*a, **kw)\n           ^^^^^^^^^^^^^^\n  File \"/home/runner/work/auto-tests-python/auto-tests-python/tests/conftest.py\", line 80, in auto_test_user_authorized\n    page.check_expected_link(MainPageLinks.URL_GROUPS_PAGE)\n  File \"/home/runner/work/auto-tests-python/auto-tests-python/pages/base_page.py\", line 72, in check_expected_link\n    return Wait(self.driver, self.timeout).until(\n           ^^^^^^^^^^^^^^^^^^^^^^^^^^^^^^^^^^^^^^\n  File \"/opt/hostedtoolcache/Python/3.12.6/x64/lib/python3.12/site-packages/selenium/webdriver/support/wait.py\", line 95, in until\n    raise TimeoutException(message, screen, stacktrace)\n",
      "steps" : [ {
        "name" : "Check url is present: https://brainup.site/groups",
        "time" : {
          "start" : 1728221444465,
          "stop" : 1728221484751,
          "duration" : 40286
        },
        "status" : "broken",
        "statusMessage" : "selenium.common.exceptions.TimeoutException: Message: Can't find element by locator https://brainup.site/groups\n\n",
        "statusTrace" : "  File \"/home/runner/work/auto-tests-python/auto-tests-python/pages/base_page.py\", line 72, in check_expected_link\n    return Wait(self.driver, self.timeout).until(\n           ^^^^^^^^^^^^^^^^^^^^^^^^^^^^^^^^^^^^^^\n  File \"/opt/hostedtoolcache/Python/3.12.6/x64/lib/python3.12/site-packages/selenium/webdriver/support/wait.py\", line 95, in until\n    raise TimeoutException(message, screen, stacktrace)\n",
        "steps" : [ ],
        "attachments" : [ ],
        "parameters" : [ ],
        "stepsCount" : 0,
        "attachmentsCount" : 0,
        "shouldDisplayMessage" : true,
        "hasContent" : true
      } ],
      "attachments" : [ ],
      "parameters" : [ {
        "name" : "driver",
        "value" : "<selenium.webdriver.chrome.webdriver.WebDriver (session=\"8d2b7e13c8495309bca56fb7da3af33d\")>"
      }, {
        "name" : "main_page_open",
        "value" : "None"
      } ],
      "stepsCount" : 1,
      "attachmentsCount" : 0,
      "shouldDisplayMessage" : false,
      "hasContent" : true
    } ],
    "attachments" : [ ],
    "parameters" : [ ],
    "stepsCount" : 2,
    "attachmentsCount" : 0,
    "shouldDisplayMessage" : false,
    "hasContent" : true
  }, {
    "name" : "driver",
    "time" : {
      "start" : 1728221440329,
      "stop" : 1728221441080,
      "duration" : 751
    },
    "status" : "passed",
    "steps" : [ ],
    "attachments" : [ ],
    "parameters" : [ ],
    "stepsCount" : 0,
    "attachmentsCount" : 0,
    "shouldDisplayMessage" : false,
    "hasContent" : false
  }, {
    "name" : "clear_allure_results_folder",
    "time" : {
      "start" : 1728220890169,
      "stop" : 1728220890169,
      "duration" : 0
    },
    "status" : "passed",
    "steps" : [ ],
    "attachments" : [ ],
    "parameters" : [ ],
    "stepsCount" : 0,
    "attachmentsCount" : 0,
    "shouldDisplayMessage" : false,
    "hasContent" : false
  } ],
  "afterStages" : [ {
    "name" : "driver::0",
    "time" : {
      "start" : 1728221484767,
      "stop" : 1728221484852,
      "duration" : 85
    },
    "status" : "passed",
    "steps" : [ ],
    "attachments" : [ ],
    "parameters" : [ ],
    "stepsCount" : 0,
    "attachmentsCount" : 0,
    "shouldDisplayMessage" : false,
    "hasContent" : false
  } ],
  "labels" : [ {
    "name" : "epic",
    "value" : "Test Header"
  }, {
    "name" : "tag",
    "value" : "@pytest.mark.skip(reason='unsupported preconditions')"
  }, {
    "name" : "parentSuite",
    "value" : "tests"
  }, {
    "name" : "suite",
    "value" : "header_test"
  }, {
    "name" : "subSuite",
    "value" : "TestHeaderPage"
  }, {
    "name" : "host",
    "value" : "fv-az1144-128"
  }, {
    "name" : "thread",
    "value" : "2272-MainThread"
  }, {
    "name" : "framework",
    "value" : "pytest"
  }, {
    "name" : "language",
    "value" : "cpython3"
  }, {
    "name" : "package",
    "value" : "tests.header_test"
  }, {
    "name" : "resultFormat",
    "value" : "allure2"
  } ],
  "parameters" : [ ],
  "links" : [ ],
  "hidden" : false,
  "retry" : false,
  "extra" : {
    "severity" : "normal",
    "retries" : [ ],
    "categories" : [ ],
    "history" : {
      "statistic" : {
        "failed" : 0,
        "broken" : 4,
        "skipped" : 1,
        "passed" : 14,
        "unknown" : 0,
        "total" : 19
      },
      "items" : [ {
        "uid" : "c88842ea14a30d1d",
        "reportUrl" : "https://Brain-up.github.io/auto-tests-python/144//#testresult/c88842ea14a30d1d",
        "status" : "passed",
        "time" : {
          "start" : 1728176883155,
          "stop" : 1728176883225,
          "duration" : 70
        }
      }, {
        "uid" : "a7d20c479369df9e",
        "reportUrl" : "https://Brain-up.github.io/auto-tests-python/311//#testresult/a7d20c479369df9e",
        "status" : "passed",
        "time" : {
          "start" : 1728117518926,
          "stop" : 1728117518980,
          "duration" : 54
        }
      }, {
        "uid" : "ae06262c1c7a3d6b",
        "reportUrl" : "https://Brain-up.github.io/auto-tests-python/310//#testresult/ae06262c1c7a3d6b",
        "status" : "passed",
        "time" : {
          "start" : 1728108906461,
          "stop" : 1728108906515,
          "duration" : 54
        }
      }, {
        "uid" : "2227c7304511c0e7",
        "reportUrl" : "https://Brain-up.github.io/auto-tests-python/143//#testresult/2227c7304511c0e7",
        "status" : "passed",
        "time" : {
          "start" : 1728090163063,
          "stop" : 1728090163128,
          "duration" : 65
        }
      }, {
        "uid" : "b5616132e559e835",
        "reportUrl" : "https://Brain-up.github.io/auto-tests-python/142//#testresult/b5616132e559e835",
        "status" : "passed",
        "time" : {
          "start" : 1728003775610,
          "stop" : 1728003775660,
          "duration" : 50
        }
      }, {
        "uid" : "d4eeb6e959e519f6",
        "reportUrl" : "https://Brain-up.github.io/auto-tests-python/309//#testresult/d4eeb6e959e519f6",
        "status" : "passed",
        "time" : {
          "start" : 1727945188321,
          "stop" : 1727945188377,
          "duration" : 56
        }
      }, {
        "uid" : "ef85c4ffd6588f84",
        "reportUrl" : "https://Brain-up.github.io/auto-tests-python/308//#testresult/ef85c4ffd6588f84",
        "status" : "passed",
        "time" : {
          "start" : 1727942832930,
          "stop" : 1727942832984,
          "duration" : 54
        }
      }, {
        "uid" : "4f78a478983f36d9",
        "reportUrl" : "https://Brain-up.github.io/auto-tests-python/141//#testresult/4f78a478983f36d9",
        "status" : "passed",
        "time" : {
          "start" : 1727917564977,
          "stop" : 1727917565033,
          "duration" : 56
        }
      }, {
        "uid" : "4e5ee9d1b1fbe3aa",
        "reportUrl" : "https://Brain-up.github.io/auto-tests-python/307//#testresult/4e5ee9d1b1fbe3aa",
        "status" : "broken",
        "statusDetails" : "selenium.common.exceptions.TimeoutException: Message: Can't find element by locator https://brainup.site/groups",
        "time" : {
          "start" : 1727864819808,
          "stop" : 1727864819808,
          "duration" : 0
        }
      }, {
        "uid" : "cd78775655d360a5",
        "reportUrl" : "https://Brain-up.github.io/auto-tests-python/306//#testresult/cd78775655d360a5",
        "status" : "passed",
        "time" : {
          "start" : 1727862941371,
          "stop" : 1727862941425,
          "duration" : 54
        }
      }, {
        "uid" : "5b4cddeea7eb675d",
        "reportUrl" : "https://Brain-up.github.io/auto-tests-python/306//#testresult/5b4cddeea7eb675d",
        "status" : "passed",
        "time" : {
          "start" : 1727861281092,
          "stop" : 1727861281147,
          "duration" : 55
        }
      }, {
        "uid" : "e641d46201f4f295",
        "reportUrl" : "https://Brain-up.github.io/auto-tests-python/140//#testresult/e641d46201f4f295",
        "status" : "passed",
        "time" : {
          "start" : 1727831056312,
          "stop" : 1727831056372,
          "duration" : 60
        }
      }, {
        "uid" : "50aa0ec30bd00e64",
        "reportUrl" : "https://Brain-up.github.io/auto-tests-python/305//#testresult/50aa0ec30bd00e64",
        "status" : "broken",
        "statusDetails" : "selenium.common.exceptions.TimeoutException: Message: Can't find element by locator https://brainup.site/groups",
        "time" : {
          "start" : 1727775863003,
          "stop" : 1727775863003,
          "duration" : 0
        }
      }, {
        "uid" : "b2df632c86ce2a10",
        "reportUrl" : "https://Brain-up.github.io/auto-tests-python/304//#testresult/b2df632c86ce2a10",
        "status" : "passed",
        "time" : {
          "start" : 1727772722795,
          "stop" : 1727772722850,
          "duration" : 55
        }
      }, {
        "uid" : "b3a1746cc88cedbc",
        "reportUrl" : "https://Brain-up.github.io/auto-tests-python/139//#testresult/b3a1746cc88cedbc",
        "status" : "passed",
        "time" : {
          "start" : 1727745004149,
          "stop" : 1727745004204,
          "duration" : 55
        }
      }, {
        "uid" : "bfc1c9488a8cc8e3",
        "reportUrl" : "https://Brain-up.github.io/auto-tests-python/303//#testresult/bfc1c9488a8cc8e3",
        "status" : "broken",
        "statusDetails" : "selenium.common.exceptions.TimeoutException: Message: Can't find element by locator https://brainup.site/groups",
        "time" : {
          "start" : 1727686555367,
          "stop" : 1727686555367,
          "duration" : 0
        }
      }, {
        "uid" : "eb77f52a3cfc772d",
        "reportUrl" : "https://Brain-up.github.io/auto-tests-python/302//#testresult/eb77f52a3cfc772d",
        "status" : "passed",
        "time" : {
          "start" : 1727684086515,
          "stop" : 1727684086571,
          "duration" : 56
        }
      }, {
        "uid" : "8b00e127f51baa13",
        "reportUrl" : "https://Brain-up.github.io/auto-tests-python/302//#testresult/8b00e127f51baa13",
        "status" : "broken",
        "statusDetails" : "selenium.common.exceptions.TimeoutException: Message: Can't find element by locator https://brainup.site/groups",
        "time" : {
          "start" : 1727682479868,
          "stop" : 1727682479868,
          "duration" : 0
        }
      } ]
    },
    "tags" : [ "@pytest.mark.skip(reason='unsupported preconditions')" ]
  },
  "source" : "c82c07eda27bc504.json",
  "parameterValues" : [ ]
}