{
  "uid" : "8ff441bec2eb0448",
  "name" : "Select a random card from \"Similar phrases\" group and compare UI vs BACKEND data",
  "fullName" : "tests.test_speech_exercises_en.TestCardsEN#test_random_cards_in_similar_phrases_en",
  "historyId" : "106afe14e1824ad4b55b346a52794d4b",
  "time" : {
    "start" : 1752675210967,
    "stop" : 1752675221371,
    "duration" : 10404
  },
  "status" : "skipped",
  "statusMessage" : "XFAIL\n\nselenium.common.exceptions.TimeoutException: Message: Can't find element by locator ('xpath', '//button[@data-test-active-link=\"Similar phrases\"]')\nStacktrace:\n#0 0x560d7a1e723a <unknown>\n#1 0x560d79c91ab0 <unknown>\n#2 0x560d79ce36f0 <unknown>\n#3 0x560d79ce38e1 <unknown>\n#4 0x560d79d31b94 <unknown>\n#5 0x560d79d091cd <unknown>\n#6 0x560d79d2efee <unknown>\n#7 0x560d79d08f73 <unknown>\n#8 0x560d79cd5aeb <unknown>\n#9 0x560d79cd6751 <unknown>\n#10 0x560d7a1abb4b <unknown>\n#11 0x560d7a1af929 <unknown>\n#12 0x560d7a192929 <unknown>\n#13 0x560d7a1b04e8 <unknown>\n#14 0x560d7a1770df <unknown>\n#15 0x560d7a1d48e8 <unknown>\n#16 0x560d7a1d4ac6 <unknown>\n#17 0x560d7a1e6556 <unknown>\n#18 0x7fa8c309caa4 <unknown>\n#19 0x7fa8c3129c3c <unknown>",
  "statusTrace" : "self = <tests.test_speech_exercises_en.TestCardsEN object at 0x7f516b65da90>\ndriver = <selenium.webdriver.chrome.webdriver.WebDriver (session=\"0ab985c3a227a6b04566ebc1eef1b361\")>\nspecialist_user_authorized = None\n\n    @pytest.mark.xfail\n    @allure.suite(\"Speech exercises EN.\")\n    @allure.title('Select a random card from \"Similar phrases\" group and compare UI vs BACKEND data')\n    def test_random_cards_in_similar_phrases_en(self, driver, specialist_user_authorized):\n        page = SpeechExercisesPage(driver)\n>       page.select_group(SpeechExercisesPageLocators.SIMILAR_PHRASES_EN)\n\ntests/test_speech_exercises_en.py:57: \n_ _ _ _ _ _ _ _ _ _ _ _ _ _ _ _ _ _ _ _ _ _ _ _ _ _ _ _ _ _ _ _ _ _ _ _ _ _ _ _ \npages/speech_exercises_page_en.py:18: in select_group\n    text_of_the_button = self.element_is_present_and_clickable(selector_for_sub_group)\npages/base_page.py:40: in element_is_present_and_clickable\n    return (Wait(self.driver, self.timeout).until(\n_ _ _ _ _ _ _ _ _ _ _ _ _ _ _ _ _ _ _ _ _ _ _ _ _ _ _ _ _ _ _ _ _ _ _ _ _ _ _ _ \n\nself = <selenium.webdriver.support.wait.WebDriverWait (session=\"0ab985c3a227a6b04566ebc1eef1b361\")>\nmethod = <function visibility_of_element_located.<locals>._predicate at 0x7f516b4ed9e0>\nmessage = 'Can\\'t find element by locator (\\'xpath\\', \\'//button[@data-test-active-link=\"Similar phrases\"]\\')'\n\n    def until(self, method, message: str = \"\"):\n        \"\"\"Calls the method provided with the driver as an argument until the \\\n        return value does not evaluate to ``False``.\n    \n        :param method: callable(WebDriver)\n        :param message: optional message for :exc:`TimeoutException`\n        :returns: the result of the last call to `method`\n        :raises: :exc:`selenium.common.exceptions.TimeoutException` if timeout occurs\n        \"\"\"\n        screen = None\n        stacktrace = None\n    \n        end_time = time.monotonic() + self._timeout\n        while True:\n            try:\n                value = method(self._driver)\n                if value:\n                    return value\n            except self._ignored_exceptions as exc:\n                screen = getattr(exc, \"screen\", None)\n                stacktrace = getattr(exc, \"stacktrace\", None)\n            time.sleep(self._poll)\n            if time.monotonic() > end_time:\n                break\n>       raise TimeoutException(message, screen, stacktrace)\nE       selenium.common.exceptions.TimeoutException: Message: Can't find element by locator ('xpath', '//button[@data-test-active-link=\"Similar phrases\"]')\nE       Stacktrace:\nE       #0 0x560d7a1e723a <unknown>\nE       #1 0x560d79c91ab0 <unknown>\nE       #2 0x560d79ce36f0 <unknown>\nE       #3 0x560d79ce38e1 <unknown>\nE       #4 0x560d79d31b94 <unknown>\nE       #5 0x560d79d091cd <unknown>\nE       #6 0x560d79d2efee <unknown>\nE       #7 0x560d79d08f73 <unknown>\nE       #8 0x560d79cd5aeb <unknown>\nE       #9 0x560d79cd6751 <unknown>\nE       #10 0x560d7a1abb4b <unknown>\nE       #11 0x560d7a1af929 <unknown>\nE       #12 0x560d7a192929 <unknown>\nE       #13 0x560d7a1b04e8 <unknown>\nE       #14 0x560d7a1770df <unknown>\nE       #15 0x560d7a1d48e8 <unknown>\nE       #16 0x560d7a1d4ac6 <unknown>\nE       #17 0x560d7a1e6556 <unknown>\nE       #18 0x7fa8c309caa4 <unknown>\nE       #19 0x7fa8c3129c3c <unknown>\n\n/opt/hostedtoolcache/Python/3.12.11/x64/lib/python3.12/site-packages/selenium/webdriver/support/wait.py:95: TimeoutException",
  "flaky" : false,
  "newFailed" : false,
  "beforeStages" : [ {
    "name" : "clear_allure_results_folder",
    "time" : {
      "start" : 1752673923008,
      "stop" : 1752673923008,
      "duration" : 0
    },
    "status" : "passed",
    "steps" : [ ],
    "attachments" : [ ],
    "parameters" : [ ],
    "stepsCount" : 0,
    "attachmentsCount" : 0,
    "shouldDisplayMessage" : false,
    "hasContent" : false
  }, {
    "name" : "main_page_open",
    "time" : {
      "start" : 1752675204402,
      "stop" : 1752675207508,
      "duration" : 3106
    },
    "status" : "passed",
    "steps" : [ {
      "name" : "Open page: https://www.brainup.site/",
      "time" : {
        "start" : 1752675204403,
        "stop" : 1752675207508,
        "duration" : 3105
      },
      "status" : "passed",
      "steps" : [ ],
      "attachments" : [ ],
      "parameters" : [ {
        "name" : "driver",
        "value" : "<selenium.webdriver.chrome.webdriver.WebDriver (session=\"0ab985c3a227a6b04566ebc1eef1b361\")>"
      } ],
      "stepsCount" : 0,
      "attachmentsCount" : 0,
      "shouldDisplayMessage" : false,
      "hasContent" : true
    } ],
    "attachments" : [ ],
    "parameters" : [ ],
    "stepsCount" : 1,
    "attachmentsCount" : 0,
    "shouldDisplayMessage" : false,
    "hasContent" : true
  }, {
    "name" : "driver",
    "time" : {
      "start" : 1752675203585,
      "stop" : 1752675204402,
      "duration" : 817
    },
    "status" : "passed",
    "steps" : [ ],
    "attachments" : [ ],
    "parameters" : [ ],
    "stepsCount" : 0,
    "attachmentsCount" : 0,
    "shouldDisplayMessage" : false,
    "hasContent" : false
  }, {
    "name" : "specialist_user_authorized",
    "time" : {
      "start" : 1752675207508,
      "stop" : 1752675210966,
      "duration" : 3458
    },
    "status" : "passed",
    "steps" : [ {
      "name" : "USER specialist authorized",
      "time" : {
        "start" : 1752675207508,
        "stop" : 1752675210966,
        "duration" : 3458
      },
      "status" : "passed",
      "steps" : [ {
        "name" : "Check url is present: https://www.brainup.site/groups",
        "time" : {
          "start" : 1752675207911,
          "stop" : 1752675210944,
          "duration" : 3033
        },
        "status" : "passed",
        "steps" : [ ],
        "attachments" : [ ],
        "parameters" : [ ],
        "stepsCount" : 0,
        "attachmentsCount" : 0,
        "shouldDisplayMessage" : false,
        "hasContent" : false
      }, {
        "name" : "Loader checking",
        "time" : {
          "start" : 1752675210944,
          "stop" : 1752675210966,
          "duration" : 22
        },
        "status" : "passed",
        "steps" : [ ],
        "attachments" : [ ],
        "parameters" : [ ],
        "stepsCount" : 0,
        "attachmentsCount" : 0,
        "shouldDisplayMessage" : false,
        "hasContent" : false
      } ],
      "attachments" : [ ],
      "parameters" : [ {
        "name" : "driver",
        "value" : "<selenium.webdriver.chrome.webdriver.WebDriver (session=\"0ab985c3a227a6b04566ebc1eef1b361\")>"
      }, {
        "name" : "main_page_open",
        "value" : "None"
      } ],
      "stepsCount" : 2,
      "attachmentsCount" : 0,
      "shouldDisplayMessage" : false,
      "hasContent" : true
    } ],
    "attachments" : [ ],
    "parameters" : [ ],
    "stepsCount" : 3,
    "attachmentsCount" : 0,
    "shouldDisplayMessage" : false,
    "hasContent" : true
  } ],
  "testStage" : {
    "status" : "skipped",
    "statusMessage" : "XFAIL\n\nselenium.common.exceptions.TimeoutException: Message: Can't find element by locator ('xpath', '//button[@data-test-active-link=\"Similar phrases\"]')\nStacktrace:\n#0 0x560d7a1e723a <unknown>\n#1 0x560d79c91ab0 <unknown>\n#2 0x560d79ce36f0 <unknown>\n#3 0x560d79ce38e1 <unknown>\n#4 0x560d79d31b94 <unknown>\n#5 0x560d79d091cd <unknown>\n#6 0x560d79d2efee <unknown>\n#7 0x560d79d08f73 <unknown>\n#8 0x560d79cd5aeb <unknown>\n#9 0x560d79cd6751 <unknown>\n#10 0x560d7a1abb4b <unknown>\n#11 0x560d7a1af929 <unknown>\n#12 0x560d7a192929 <unknown>\n#13 0x560d7a1b04e8 <unknown>\n#14 0x560d7a1770df <unknown>\n#15 0x560d7a1d48e8 <unknown>\n#16 0x560d7a1d4ac6 <unknown>\n#17 0x560d7a1e6556 <unknown>\n#18 0x7fa8c309caa4 <unknown>\n#19 0x7fa8c3129c3c <unknown>",
    "statusTrace" : "self = <tests.test_speech_exercises_en.TestCardsEN object at 0x7f516b65da90>\ndriver = <selenium.webdriver.chrome.webdriver.WebDriver (session=\"0ab985c3a227a6b04566ebc1eef1b361\")>\nspecialist_user_authorized = None\n\n    @pytest.mark.xfail\n    @allure.suite(\"Speech exercises EN.\")\n    @allure.title('Select a random card from \"Similar phrases\" group and compare UI vs BACKEND data')\n    def test_random_cards_in_similar_phrases_en(self, driver, specialist_user_authorized):\n        page = SpeechExercisesPage(driver)\n>       page.select_group(SpeechExercisesPageLocators.SIMILAR_PHRASES_EN)\n\ntests/test_speech_exercises_en.py:57: \n_ _ _ _ _ _ _ _ _ _ _ _ _ _ _ _ _ _ _ _ _ _ _ _ _ _ _ _ _ _ _ _ _ _ _ _ _ _ _ _ \npages/speech_exercises_page_en.py:18: in select_group\n    text_of_the_button = self.element_is_present_and_clickable(selector_for_sub_group)\npages/base_page.py:40: in element_is_present_and_clickable\n    return (Wait(self.driver, self.timeout).until(\n_ _ _ _ _ _ _ _ _ _ _ _ _ _ _ _ _ _ _ _ _ _ _ _ _ _ _ _ _ _ _ _ _ _ _ _ _ _ _ _ \n\nself = <selenium.webdriver.support.wait.WebDriverWait (session=\"0ab985c3a227a6b04566ebc1eef1b361\")>\nmethod = <function visibility_of_element_located.<locals>._predicate at 0x7f516b4ed9e0>\nmessage = 'Can\\'t find element by locator (\\'xpath\\', \\'//button[@data-test-active-link=\"Similar phrases\"]\\')'\n\n    def until(self, method, message: str = \"\"):\n        \"\"\"Calls the method provided with the driver as an argument until the \\\n        return value does not evaluate to ``False``.\n    \n        :param method: callable(WebDriver)\n        :param message: optional message for :exc:`TimeoutException`\n        :returns: the result of the last call to `method`\n        :raises: :exc:`selenium.common.exceptions.TimeoutException` if timeout occurs\n        \"\"\"\n        screen = None\n        stacktrace = None\n    \n        end_time = time.monotonic() + self._timeout\n        while True:\n            try:\n                value = method(self._driver)\n                if value:\n                    return value\n            except self._ignored_exceptions as exc:\n                screen = getattr(exc, \"screen\", None)\n                stacktrace = getattr(exc, \"stacktrace\", None)\n            time.sleep(self._poll)\n            if time.monotonic() > end_time:\n                break\n>       raise TimeoutException(message, screen, stacktrace)\nE       selenium.common.exceptions.TimeoutException: Message: Can't find element by locator ('xpath', '//button[@data-test-active-link=\"Similar phrases\"]')\nE       Stacktrace:\nE       #0 0x560d7a1e723a <unknown>\nE       #1 0x560d79c91ab0 <unknown>\nE       #2 0x560d79ce36f0 <unknown>\nE       #3 0x560d79ce38e1 <unknown>\nE       #4 0x560d79d31b94 <unknown>\nE       #5 0x560d79d091cd <unknown>\nE       #6 0x560d79d2efee <unknown>\nE       #7 0x560d79d08f73 <unknown>\nE       #8 0x560d79cd5aeb <unknown>\nE       #9 0x560d79cd6751 <unknown>\nE       #10 0x560d7a1abb4b <unknown>\nE       #11 0x560d7a1af929 <unknown>\nE       #12 0x560d7a192929 <unknown>\nE       #13 0x560d7a1b04e8 <unknown>\nE       #14 0x560d7a1770df <unknown>\nE       #15 0x560d7a1d48e8 <unknown>\nE       #16 0x560d7a1d4ac6 <unknown>\nE       #17 0x560d7a1e6556 <unknown>\nE       #18 0x7fa8c309caa4 <unknown>\nE       #19 0x7fa8c3129c3c <unknown>\n\n/opt/hostedtoolcache/Python/3.12.11/x64/lib/python3.12/site-packages/selenium/webdriver/support/wait.py:95: TimeoutException",
    "steps" : [ {
      "name" : "select_group",
      "time" : {
        "start" : 1752675210967,
        "stop" : 1752675221370,
        "duration" : 10403
      },
      "status" : "broken",
      "statusMessage" : "selenium.common.exceptions.TimeoutException: Message: Can't find element by locator ('xpath', '//button[@data-test-active-link=\"Similar phrases\"]')\nStacktrace:\n#0 0x560d7a1e723a <unknown>\n#1 0x560d79c91ab0 <unknown>\n#2 0x560d79ce36f0 <unknown>\n#3 0x560d79ce38e1 <unknown>\n#4 0x560d79d31b94 <unknown>\n#5 0x560d79d091cd <unknown>\n#6 0x560d79d2efee <unknown>\n#7 0x560d79d08f73 <unknown>\n#8 0x560d79cd5aeb <unknown>\n#9 0x560d79cd6751 <unknown>\n#10 0x560d7a1abb4b <unknown>\n#11 0x560d7a1af929 <unknown>\n#12 0x560d7a192929 <unknown>\n#13 0x560d7a1b04e8 <unknown>\n#14 0x560d7a1770df <unknown>\n#15 0x560d7a1d48e8 <unknown>\n#16 0x560d7a1d4ac6 <unknown>\n#17 0x560d7a1e6556 <unknown>\n#18 0x7fa8c309caa4 <unknown>\n#19 0x7fa8c3129c3c <unknown>\n\n",
      "statusTrace" : "  File \"/opt/hostedtoolcache/Python/3.12.11/x64/lib/python3.12/site-packages/allure_commons/_allure.py\", line 192, in impl\n    return func(*a, **kw)\n           ^^^^^^^^^^^^^^\n  File \"/home/runner/work/auto-tests-python/auto-tests-python/pages/speech_exercises_page_en.py\", line 18, in select_group\n    text_of_the_button = self.element_is_present_and_clickable(selector_for_sub_group)\n                         ^^^^^^^^^^^^^^^^^^^^^^^^^^^^^^^^^^^^^^^^^^^^^^^^^^^^^^^^^^^^^\n  File \"/home/runner/work/auto-tests-python/auto-tests-python/pages/base_page.py\", line 40, in element_is_present_and_clickable\n    return (Wait(self.driver, self.timeout).until(\n            ^^^^^^^^^^^^^^^^^^^^^^^^^^^^^^^^^^^^^^\n  File \"/opt/hostedtoolcache/Python/3.12.11/x64/lib/python3.12/site-packages/selenium/webdriver/support/wait.py\", line 95, in until\n    raise TimeoutException(message, screen, stacktrace)\n",
      "steps" : [ {
        "name" : "Select Russian language. Click \"EN\" button.",
        "time" : {
          "start" : 1752675210967,
          "stop" : 1752675211041,
          "duration" : 74
        },
        "status" : "passed",
        "steps" : [ ],
        "attachments" : [ ],
        "parameters" : [ ],
        "stepsCount" : 0,
        "attachmentsCount" : 0,
        "shouldDisplayMessage" : false,
        "hasContent" : false
      }, {
        "name" : "Click button \"SPEECH EXERCISES\".",
        "time" : {
          "start" : 1752675211041,
          "stop" : 1752675211115,
          "duration" : 74
        },
        "status" : "passed",
        "steps" : [ ],
        "attachments" : [ ],
        "parameters" : [ ],
        "stepsCount" : 0,
        "attachmentsCount" : 0,
        "shouldDisplayMessage" : false,
        "hasContent" : false
      } ],
      "attachments" : [ ],
      "parameters" : [ {
        "name" : "selector_for_sub_group",
        "value" : "('xpath', '//button[@data-test-active-link=\"Similar phrases\"]')"
      } ],
      "stepsCount" : 2,
      "attachmentsCount" : 0,
      "shouldDisplayMessage" : true,
      "hasContent" : true
    } ],
    "attachments" : [ ],
    "parameters" : [ ],
    "stepsCount" : 3,
    "attachmentsCount" : 0,
    "shouldDisplayMessage" : true,
    "hasContent" : true
  },
  "afterStages" : [ {
    "name" : "driver::0",
    "time" : {
      "start" : 1752675221382,
      "stop" : 1752675221453,
      "duration" : 71
    },
    "status" : "passed",
    "steps" : [ ],
    "attachments" : [ ],
    "parameters" : [ ],
    "stepsCount" : 0,
    "attachmentsCount" : 0,
    "shouldDisplayMessage" : false,
    "hasContent" : false
  } ],
  "labels" : [ {
    "name" : "suite",
    "value" : "Speech exercises EN."
  }, {
    "name" : "epic",
    "value" : "Speech exercises."
  }, {
    "name" : "tag",
    "value" : "@pytest.mark.xfail"
  }, {
    "name" : "parentSuite",
    "value" : "tests"
  }, {
    "name" : "subSuite",
    "value" : "TestCardsEN"
  }, {
    "name" : "host",
    "value" : "pkrvmq0rgcvqdmg"
  }, {
    "name" : "thread",
    "value" : "2525-MainThread"
  }, {
    "name" : "framework",
    "value" : "pytest"
  }, {
    "name" : "language",
    "value" : "cpython3"
  }, {
    "name" : "package",
    "value" : "tests.test_speech_exercises_en"
  }, {
    "name" : "resultFormat",
    "value" : "allure2"
  } ],
  "parameters" : [ ],
  "links" : [ ],
  "hidden" : false,
  "retry" : false,
  "extra" : {
    "severity" : "normal",
    "retries" : [ ],
    "categories" : [ ],
    "history" : {
      "statistic" : {
        "failed" : 0,
        "broken" : 0,
        "skipped" : 261,
        "passed" : 1,
        "unknown" : 0,
        "total" : 262
      },
      "items" : [ {
        "uid" : "c05bcfdac067fa7f",
        "reportUrl" : "https://Brain-up.github.io/auto-tests-python/629//#testresult/c05bcfdac067fa7f",
        "status" : "skipped",
        "statusDetails" : "XFAIL\n\nselenium.common.exceptions.TimeoutException: Message: Can't find element by locator ('xpath', '//button[@data-test-active-link=\"Similar phrases\"]')\nStacktrace:\n#0 0x55d6b081b23a <unknown>\n#1 0x55d6b02c5ab0 <unknown>\n#2 0x55d6b03176f0 <unknown>\n#3 0x55d6b03178e1 <unknown>\n#4 0x55d6b0365b94 <unknown>\n#5 0x55d6b033d1cd <unknown>\n#6 0x55d6b0362fee <unknown>\n#7 0x55d6b033cf73 <unknown>\n#8 0x55d6b0309aeb <unknown>\n#9 0x55d6b030a751 <unknown>\n#10 0x55d6b07dfb4b <unknown>\n#11 0x55d6b07e3929 <unknown>\n#12 0x55d6b07c6929 <unknown>\n#13 0x55d6b07e44e8 <unknown>\n#14 0x55d6b07ab0df <unknown>\n#15 0x55d6b08088e8 <unknown>\n#16 0x55d6b0808ac6 <unknown>\n#17 0x55d6b081a556 <unknown>\n#18 0x7f5ccae9caa4 <unknown>\n#19 0x7f5ccaf29c3c <unknown>",
        "time" : {
          "start" : 1752571872922,
          "stop" : 1752571883330,
          "duration" : 10408
        }
      }, {
        "uid" : "30deea2cf86b2928",
        "reportUrl" : "https://Brain-up.github.io/auto-tests-python/628//#testresult/30deea2cf86b2928",
        "status" : "skipped",
        "statusDetails" : "XFAIL\n\nselenium.common.exceptions.TimeoutException: Message: Can't find element by locator ('xpath', '//button[@data-test-active-link=\"Similar phrases\"]')\nStacktrace:\n#0 0x5651e37a223a <unknown>\n#1 0x5651e324cab0 <unknown>\n#2 0x5651e329e6f0 <unknown>\n#3 0x5651e329e8e1 <unknown>\n#4 0x5651e32ecb94 <unknown>\n#5 0x5651e32c41cd <unknown>\n#6 0x5651e32e9fee <unknown>\n#7 0x5651e32c3f73 <unknown>\n#8 0x5651e3290aeb <unknown>\n#9 0x5651e3291751 <unknown>\n#10 0x5651e3766b4b <unknown>\n#11 0x5651e376a929 <unknown>\n#12 0x5651e374d929 <unknown>\n#13 0x5651e376b4e8 <unknown>\n#14 0x5651e37320df <unknown>\n#15 0x5651e378f8e8 <unknown>\n#16 0x5651e378fac6 <unknown>\n#17 0x5651e37a1556 <unknown>\n#18 0x7f325dc9caa4 <unknown>\n#19 0x7f325dd29c3c <unknown>",
        "time" : {
          "start" : 1752485427896,
          "stop" : 1752485438317,
          "duration" : 10421
        }
      }, {
        "uid" : "d52bd4a538f181b8",
        "reportUrl" : "https://Brain-up.github.io/auto-tests-python/627//#testresult/d52bd4a538f181b8",
        "status" : "skipped",
        "statusDetails" : "XFAIL\n\nselenium.common.exceptions.TimeoutException: Message: Can't find element by locator ('xpath', '//button[@data-test-active-link=\"Similar phrases\"]')\nStacktrace:\n#0 0x56314dc8a23a <unknown>\n#1 0x56314d734ab0 <unknown>\n#2 0x56314d7866f0 <unknown>\n#3 0x56314d7868e1 <unknown>\n#4 0x56314d7d4b94 <unknown>\n#5 0x56314d7ac1cd <unknown>\n#6 0x56314d7d1fee <unknown>\n#7 0x56314d7abf73 <unknown>\n#8 0x56314d778aeb <unknown>\n#9 0x56314d779751 <unknown>\n#10 0x56314dc4eb4b <unknown>\n#11 0x56314dc52929 <unknown>\n#12 0x56314dc35929 <unknown>\n#13 0x56314dc534e8 <unknown>\n#14 0x56314dc1a0df <unknown>\n#15 0x56314dc778e8 <unknown>\n#16 0x56314dc77ac6 <unknown>\n#17 0x56314dc89556 <unknown>\n#18 0x7ff66b29caa4 <unknown>\n#19 0x7ff66b329c3c <unknown>",
        "time" : {
          "start" : 1752402512446,
          "stop" : 1752402522871,
          "duration" : 10425
        }
      }, {
        "uid" : "b765a57a30f02a5a",
        "reportUrl" : "https://Brain-up.github.io/auto-tests-python/626//#testresult/b765a57a30f02a5a",
        "status" : "skipped",
        "statusDetails" : "XFAIL\n\nselenium.common.exceptions.TimeoutException: Message: Can't find element by locator ('xpath', '//button[@data-test-active-link=\"Similar phrases\"]')\nStacktrace:\n#0 0x556a7b57823a <unknown>\n#1 0x556a7b022ab0 <unknown>\n#2 0x556a7b0746f0 <unknown>\n#3 0x556a7b0748e1 <unknown>\n#4 0x556a7b0c2b94 <unknown>\n#5 0x556a7b09a1cd <unknown>\n#6 0x556a7b0bffee <unknown>\n#7 0x556a7b099f73 <unknown>\n#8 0x556a7b066aeb <unknown>\n#9 0x556a7b067751 <unknown>\n#10 0x556a7b53cb4b <unknown>\n#11 0x556a7b540929 <unknown>\n#12 0x556a7b523929 <unknown>\n#13 0x556a7b5414e8 <unknown>\n#14 0x556a7b5080df <unknown>\n#15 0x556a7b5658e8 <unknown>\n#16 0x556a7b565ac6 <unknown>\n#17 0x556a7b577556 <unknown>\n#18 0x7f63dbe9caa4 <unknown>\n#19 0x7f63dbf29c3c <unknown>",
        "time" : {
          "start" : 1752301405216,
          "stop" : 1752301415701,
          "duration" : 10485
        }
      }, {
        "uid" : "a0856c4e8f9036e5",
        "reportUrl" : "https://Brain-up.github.io/auto-tests-python/625//#testresult/a0856c4e8f9036e5",
        "status" : "skipped",
        "statusDetails" : "XFAIL\n\nselenium.common.exceptions.TimeoutException: Message: Can't find element by locator ('xpath', '//button[@data-test-active-link=\"Similar phrases\"]')\nStacktrace:\n#0 0x560dd37e626a <unknown>\n#1 0x560dd3290ab0 <unknown>\n#2 0x560dd32e26f0 <unknown>\n#3 0x560dd32e28e1 <unknown>\n#4 0x560dd3330b94 <unknown>\n#5 0x560dd33081cd <unknown>\n#6 0x560dd332dfee <unknown>\n#7 0x560dd3307f73 <unknown>\n#8 0x560dd32d4aeb <unknown>\n#9 0x560dd32d5751 <unknown>\n#10 0x560dd37aab7b <unknown>\n#11 0x560dd37ae959 <unknown>\n#12 0x560dd3791959 <unknown>\n#13 0x560dd37af518 <unknown>\n#14 0x560dd377610f <unknown>\n#15 0x560dd37d3918 <unknown>\n#16 0x560dd37d3af6 <unknown>\n#17 0x560dd37e5586 <unknown>\n#18 0x7facc5e9caa4 <unknown>\n#19 0x7facc5f29c3c <unknown>",
        "time" : {
          "start" : 1752216675518,
          "stop" : 1752216685918,
          "duration" : 10400
        }
      }, {
        "uid" : "e8f4d7273d756087",
        "reportUrl" : "https://Brain-up.github.io/auto-tests-python/624//#testresult/e8f4d7273d756087",
        "status" : "skipped",
        "statusDetails" : "XFAIL\n\nselenium.common.exceptions.TimeoutException: Message: Can't find element by locator ('xpath', '//button[@data-test-active-link=\"Similar phrases\"]')\nStacktrace:\n#0 0x561f46ba526a <unknown>\n#1 0x561f4664fab0 <unknown>\n#2 0x561f466a16f0 <unknown>\n#3 0x561f466a18e1 <unknown>\n#4 0x561f466efb94 <unknown>\n#5 0x561f466c71cd <unknown>\n#6 0x561f466ecfee <unknown>\n#7 0x561f466c6f73 <unknown>\n#8 0x561f46693aeb <unknown>\n#9 0x561f46694751 <unknown>\n#10 0x561f46b69b7b <unknown>\n#11 0x561f46b6d959 <unknown>\n#12 0x561f46b50959 <unknown>\n#13 0x561f46b6e518 <unknown>\n#14 0x561f46b3510f <unknown>\n#15 0x561f46b92918 <unknown>\n#16 0x561f46b92af6 <unknown>\n#17 0x561f46ba4586 <unknown>\n#18 0x7face1a9caa4 <unknown>\n#19 0x7face1b29c3c <unknown>",
        "time" : {
          "start" : 1752173541014,
          "stop" : 1752173551444,
          "duration" : 10430
        }
      }, {
        "uid" : "22f7cddc5a1cc759",
        "reportUrl" : "https://Brain-up.github.io/auto-tests-python/623//#testresult/22f7cddc5a1cc759",
        "status" : "skipped",
        "statusDetails" : "XFAIL\n\nselenium.common.exceptions.TimeoutException: Message: Can't find element by locator ('xpath', '//button[@data-test-active-link=\"Similar phrases\"]')\nStacktrace:\n#0 0x555e8fa5726a <unknown>\n#1 0x555e8f501ab0 <unknown>\n#2 0x555e8f5536f0 <unknown>\n#3 0x555e8f5538e1 <unknown>\n#4 0x555e8f5a1b94 <unknown>\n#5 0x555e8f5791cd <unknown>\n#6 0x555e8f59efee <unknown>\n#7 0x555e8f578f73 <unknown>\n#8 0x555e8f545aeb <unknown>\n#9 0x555e8f546751 <unknown>\n#10 0x555e8fa1bb7b <unknown>\n#11 0x555e8fa1f959 <unknown>\n#12 0x555e8fa02959 <unknown>\n#13 0x555e8fa20518 <unknown>\n#14 0x555e8f9e710f <unknown>\n#15 0x555e8fa44918 <unknown>\n#16 0x555e8fa44af6 <unknown>\n#17 0x555e8fa56586 <unknown>\n#18 0x7fb68d29caa4 <unknown>\n#19 0x7fb68d329c3c <unknown>",
        "time" : {
          "start" : 1752035878609,
          "stop" : 1752035889024,
          "duration" : 10415
        }
      }, {
        "uid" : "61fd01184f8244e3",
        "reportUrl" : "https://Brain-up.github.io/auto-tests-python/622//#testresult/61fd01184f8244e3",
        "status" : "skipped",
        "statusDetails" : "XFAIL\n\nselenium.common.exceptions.TimeoutException: Message: Can't find element by locator ('xpath', '//button[@data-test-active-link=\"Similar phrases\"]')\nStacktrace:\n#0 0x55bc60c9445a <unknown>\n#1 0x55bc60739760 <unknown>\n#2 0x55bc6078b127 <unknown>\n#3 0x55bc6078b321 <unknown>\n#4 0x55bc607d9e94 <unknown>\n#5 0x55bc607b0e7d <unknown>\n#6 0x55bc607d730b <unknown>\n#7 0x55bc607b0c23 <unknown>\n#8 0x55bc6077d4a5 <unknown>\n#9 0x55bc6077e111 <unknown>\n#10 0x55bc60c58f1b <unknown>\n#11 0x55bc60c5ce19 <unknown>\n#12 0x55bc60c3fac9 <unknown>\n#13 0x55bc60c5d9c8 <unknown>\n#14 0x55bc60c2434f <unknown>\n#15 0x55bc60c81a28 <unknown>\n#16 0x55bc60c81c06 <unknown>\n#17 0x55bc60c93336 <unknown>\n#18 0x7f1b38c9caa4 <unknown>\n#19 0x7f1b38d29c3c <unknown>",
        "time" : {
          "start" : 1752002776141,
          "stop" : 1752002786581,
          "duration" : 10440
        }
      }, {
        "uid" : "a386647ec44762cf",
        "reportUrl" : "https://Brain-up.github.io/auto-tests-python/621//#testresult/a386647ec44762cf",
        "status" : "skipped",
        "statusDetails" : "XFAIL\n\nselenium.common.exceptions.TimeoutException: Message: Can't find element by locator ('xpath', '//button[@data-test-active-link=\"Similar phrases\"]')\nStacktrace:\n#0 0x56102caa045a <unknown>\n#1 0x56102c545760 <unknown>\n#2 0x56102c597127 <unknown>\n#3 0x56102c597321 <unknown>\n#4 0x56102c5e5e94 <unknown>\n#5 0x56102c5bce7d <unknown>\n#6 0x56102c5e330b <unknown>\n#7 0x56102c5bcc23 <unknown>\n#8 0x56102c5894a5 <unknown>\n#9 0x56102c58a111 <unknown>\n#10 0x56102ca64f1b <unknown>\n#11 0x56102ca68e19 <unknown>\n#12 0x56102ca4bac9 <unknown>\n#13 0x56102ca699c8 <unknown>\n#14 0x56102ca3034f <unknown>\n#15 0x56102ca8da28 <unknown>\n#16 0x56102ca8dc06 <unknown>\n#17 0x56102ca9f336 <unknown>\n#18 0x7f336fa9caa4 <unknown>\n#19 0x7f336fb29c3c <unknown>",
        "time" : {
          "start" : 1751905982362,
          "stop" : 1751905992760,
          "duration" : 10398
        }
      }, {
        "uid" : "5e7a1dd7b35c9ded",
        "reportUrl" : "https://Brain-up.github.io/auto-tests-python/620//#testresult/5e7a1dd7b35c9ded",
        "status" : "skipped",
        "statusDetails" : "XFAIL\n\nselenium.common.exceptions.TimeoutException: Message: Can't find element by locator ('xpath', '//button[@data-test-active-link=\"Similar phrases\"]')\nStacktrace:\n#0 0x55d401f3f45a <unknown>\n#1 0x55d4019e4760 <unknown>\n#2 0x55d401a36127 <unknown>\n#3 0x55d401a36321 <unknown>\n#4 0x55d401a84e94 <unknown>\n#5 0x55d401a5be7d <unknown>\n#6 0x55d401a8230b <unknown>\n#7 0x55d401a5bc23 <unknown>\n#8 0x55d401a284a5 <unknown>\n#9 0x55d401a29111 <unknown>\n#10 0x55d401f03f1b <unknown>\n#11 0x55d401f07e19 <unknown>\n#12 0x55d401eeaac9 <unknown>\n#13 0x55d401f089c8 <unknown>\n#14 0x55d401ecf34f <unknown>\n#15 0x55d401f2ca28 <unknown>\n#16 0x55d401f2cc06 <unknown>\n#17 0x55d401f3e336 <unknown>\n#18 0x7f304649caa4 <unknown>\n#19 0x7f3046529c3c <unknown>",
        "time" : {
          "start" : 1751783991085,
          "stop" : 1751784001499,
          "duration" : 10414
        }
      }, {
        "uid" : "36c6fa546fcf2590",
        "reportUrl" : "https://Brain-up.github.io/auto-tests-python/619//#testresult/36c6fa546fcf2590",
        "status" : "skipped",
        "statusDetails" : "XFAIL\n\nselenium.common.exceptions.TimeoutException: Message: Can't find element by locator ('xpath', '//button[@data-test-active-link=\"Similar phrases\"]')\nStacktrace:\n#0 0x563735fef45a <unknown>\n#1 0x563735a94760 <unknown>\n#2 0x563735ae6127 <unknown>\n#3 0x563735ae6321 <unknown>\n#4 0x563735b34e94 <unknown>\n#5 0x563735b0be7d <unknown>\n#6 0x563735b3230b <unknown>\n#7 0x563735b0bc23 <unknown>\n#8 0x563735ad84a5 <unknown>\n#9 0x563735ad9111 <unknown>\n#10 0x563735fb3f1b <unknown>\n#11 0x563735fb7e19 <unknown>\n#12 0x563735f9aac9 <unknown>\n#13 0x563735fb89c8 <unknown>\n#14 0x563735f7f34f <unknown>\n#15 0x563735fdca28 <unknown>\n#16 0x563735fdcc06 <unknown>\n#17 0x563735fee336 <unknown>\n#18 0x7f1edac9caa4 <unknown>\n#19 0x7f1edad29c3c <unknown>",
        "time" : {
          "start" : 1751625643792,
          "stop" : 1751625654228,
          "duration" : 10436
        }
      }, {
        "uid" : "9a4606044056d70a",
        "reportUrl" : "https://Brain-up.github.io/auto-tests-python/618//#testresult/9a4606044056d70a",
        "status" : "skipped",
        "statusDetails" : "XFAIL\n\nselenium.common.exceptions.TimeoutException: Message: Can't find element by locator ('xpath', '//button[@data-test-active-link=\"Similar phrases\"]')\nStacktrace:\n#0 0x55db47cf945a <unknown>\n#1 0x55db4779e760 <unknown>\n#2 0x55db477f0127 <unknown>\n#3 0x55db477f0321 <unknown>\n#4 0x55db4783ee94 <unknown>\n#5 0x55db47815e7d <unknown>\n#6 0x55db4783c30b <unknown>\n#7 0x55db47815c23 <unknown>\n#8 0x55db477e24a5 <unknown>\n#9 0x55db477e3111 <unknown>\n#10 0x55db47cbdf1b <unknown>\n#11 0x55db47cc1e19 <unknown>\n#12 0x55db47ca4ac9 <unknown>\n#13 0x55db47cc29c8 <unknown>\n#14 0x55db47c8934f <unknown>\n#15 0x55db47ce6a28 <unknown>\n#16 0x55db47ce6c06 <unknown>\n#17 0x55db47cf8336 <unknown>\n#18 0x7f7c90a9caa4 <unknown>\n#19 0x7f7c90b29c3c <unknown>",
        "time" : {
          "start" : 1751521521328,
          "stop" : 1751521531792,
          "duration" : 10464
        }
      }, {
        "uid" : "8f46f4642efe4336",
        "reportUrl" : "https://Brain-up.github.io/auto-tests-python/617//#testresult/8f46f4642efe4336",
        "status" : "skipped",
        "statusDetails" : "XFAIL\n\nselenium.common.exceptions.TimeoutException: Message: Can't find element by locator ('xpath', '//button[@data-test-active-link=\"Similar phrases\"]')\nStacktrace:\n#0 0x555a0440545a <unknown>\n#1 0x555a03eaa760 <unknown>\n#2 0x555a03efc127 <unknown>\n#3 0x555a03efc321 <unknown>\n#4 0x555a03f4ae94 <unknown>\n#5 0x555a03f21e7d <unknown>\n#6 0x555a03f4830b <unknown>\n#7 0x555a03f21c23 <unknown>\n#8 0x555a03eee4a5 <unknown>\n#9 0x555a03eef111 <unknown>\n#10 0x555a043c9f1b <unknown>\n#11 0x555a043cde19 <unknown>\n#12 0x555a043b0ac9 <unknown>\n#13 0x555a043ce9c8 <unknown>\n#14 0x555a0439534f <unknown>\n#15 0x555a043f2a28 <unknown>\n#16 0x555a043f2c06 <unknown>\n#17 0x555a04404336 <unknown>\n#18 0x7f8a2669caa4 <unknown>\n#19 0x7f8a26729c3c <unknown>",
        "time" : {
          "start" : 1751458962747,
          "stop" : 1751458973169,
          "duration" : 10422
        }
      }, {
        "uid" : "71fce77a14918192",
        "reportUrl" : "https://Brain-up.github.io/auto-tests-python/616//#testresult/71fce77a14918192",
        "status" : "skipped",
        "statusDetails" : "XFAIL\n\nselenium.common.exceptions.TimeoutException: Message: Can't find element by locator ('xpath', '//button[@data-test-active-link=\"Similar phrases\"]')\nStacktrace:\n#0 0x55ac8e36345a <unknown>\n#1 0x55ac8de08760 <unknown>\n#2 0x55ac8de5a127 <unknown>\n#3 0x55ac8de5a321 <unknown>\n#4 0x55ac8dea8e94 <unknown>\n#5 0x55ac8de7fe7d <unknown>\n#6 0x55ac8dea630b <unknown>\n#7 0x55ac8de7fc23 <unknown>\n#8 0x55ac8de4c4a5 <unknown>\n#9 0x55ac8de4d111 <unknown>\n#10 0x55ac8e327f1b <unknown>\n#11 0x55ac8e32be19 <unknown>\n#12 0x55ac8e30eac9 <unknown>\n#13 0x55ac8e32c9c8 <unknown>\n#14 0x55ac8e2f334f <unknown>\n#15 0x55ac8e350a28 <unknown>\n#16 0x55ac8e350c06 <unknown>\n#17 0x55ac8e362336 <unknown>\n#18 0x7fe385c9caa4 <unknown>\n#19 0x7fe385d29c3c <unknown>",
        "time" : {
          "start" : 1751382019612,
          "stop" : 1751382039786,
          "duration" : 20174
        }
      }, {
        "uid" : "69c7c7cc5ce56539",
        "reportUrl" : "https://Brain-up.github.io/auto-tests-python/615//#testresult/69c7c7cc5ce56539",
        "status" : "skipped",
        "statusDetails" : "XFAIL\n\nselenium.common.exceptions.TimeoutException: Message: Can't find element by locator ('xpath', '//button[@data-test-active-link=\"Similar phrases\"]')\nStacktrace:\n#0 0x5566146c145a <unknown>\n#1 0x556614166760 <unknown>\n#2 0x5566141b8127 <unknown>\n#3 0x5566141b8321 <unknown>\n#4 0x556614206e94 <unknown>\n#5 0x5566141dde7d <unknown>\n#6 0x55661420430b <unknown>\n#7 0x5566141ddc23 <unknown>\n#8 0x5566141aa4a5 <unknown>\n#9 0x5566141ab111 <unknown>\n#10 0x556614685f1b <unknown>\n#11 0x556614689e19 <unknown>\n#12 0x55661466cac9 <unknown>\n#13 0x55661468a9c8 <unknown>\n#14 0x55661465134f <unknown>\n#15 0x5566146aea28 <unknown>\n#16 0x5566146aec06 <unknown>\n#17 0x5566146c0336 <unknown>\n#18 0x7fa30889caa4 <unknown>\n#19 0x7fa308929c3c <unknown>",
        "time" : {
          "start" : 1751369370623,
          "stop" : 1751369381043,
          "duration" : 10420
        }
      }, {
        "uid" : "e9353e4aaaf670b7",
        "reportUrl" : "https://Brain-up.github.io/auto-tests-python/412//#testresult/e9353e4aaaf670b7",
        "status" : "skipped",
        "statusDetails" : "XFAIL\n\nselenium.common.exceptions.TimeoutException: Message: Can't find element by locator ('xpath', '//button[@data-test-active-link=\"Similar phrases\"]')\nStacktrace:\n#0 0x55eb81bfa45a <unknown>\n#1 0x55eb8169f760 <unknown>\n#2 0x55eb816f1127 <unknown>\n#3 0x55eb816f1321 <unknown>\n#4 0x55eb8173fe94 <unknown>\n#5 0x55eb81716e7d <unknown>\n#6 0x55eb8173d30b <unknown>\n#7 0x55eb81716c23 <unknown>\n#8 0x55eb816e34a5 <unknown>\n#9 0x55eb816e4111 <unknown>\n#10 0x55eb81bbef1b <unknown>\n#11 0x55eb81bc2e19 <unknown>\n#12 0x55eb81ba5ac9 <unknown>\n#13 0x55eb81bc39c8 <unknown>\n#14 0x55eb81b8a34f <unknown>\n#15 0x55eb81be7a28 <unknown>\n#16 0x55eb81be7c06 <unknown>\n#17 0x55eb81bf9336 <unknown>\n#18 0x7fe89569caa4 <unknown>\n#19 0x7fe895729c3c <unknown>",
        "time" : {
          "start" : 1751333830580,
          "stop" : 1751333850737,
          "duration" : 20157
        }
      }, {
        "uid" : "8e713283b92dc25e",
        "reportUrl" : "https://Brain-up.github.io/auto-tests-python/614//#testresult/8e713283b92dc25e",
        "status" : "skipped",
        "statusDetails" : "XFAIL\n\nselenium.common.exceptions.TimeoutException: Message: Can't find element by locator ('xpath', '//button[@data-test-active-link=\"Similar phrases\"]')\nStacktrace:\n#0 0x560ee45fb45a <unknown>\n#1 0x560ee40a0760 <unknown>\n#2 0x560ee40f2127 <unknown>\n#3 0x560ee40f2321 <unknown>\n#4 0x560ee4140e94 <unknown>\n#5 0x560ee4117e7d <unknown>\n#6 0x560ee413e30b <unknown>\n#7 0x560ee4117c23 <unknown>\n#8 0x560ee40e44a5 <unknown>\n#9 0x560ee40e5111 <unknown>\n#10 0x560ee45bff1b <unknown>\n#11 0x560ee45c3e19 <unknown>\n#12 0x560ee45a6ac9 <unknown>\n#13 0x560ee45c49c8 <unknown>\n#14 0x560ee458b34f <unknown>\n#15 0x560ee45e8a28 <unknown>\n#16 0x560ee45e8c06 <unknown>\n#17 0x560ee45fa336 <unknown>\n#18 0x7ff2ce09caa4 <unknown>\n#19 0x7ff2ce129c3c <unknown>",
        "time" : {
          "start" : 1751275970414,
          "stop" : 1751275991076,
          "duration" : 20662
        }
      }, {
        "uid" : "97f972218400aa1c",
        "reportUrl" : "https://Brain-up.github.io/auto-tests-python/411//#testresult/97f972218400aa1c",
        "status" : "skipped",
        "statusDetails" : "XFAIL\n\nselenium.common.exceptions.TimeoutException: Message: Can't find element by locator ('xpath', '//button[@data-test-active-link=\"Similar phrases\"]')\nStacktrace:\n#0 0x55c9cc55b45a <unknown>\n#1 0x55c9cc000760 <unknown>\n#2 0x55c9cc052127 <unknown>\n#3 0x55c9cc052321 <unknown>\n#4 0x55c9cc0a0e94 <unknown>\n#5 0x55c9cc077e7d <unknown>\n#6 0x55c9cc09e30b <unknown>\n#7 0x55c9cc077c23 <unknown>\n#8 0x55c9cc0444a5 <unknown>\n#9 0x55c9cc045111 <unknown>\n#10 0x55c9cc51ff1b <unknown>\n#11 0x55c9cc523e19 <unknown>\n#12 0x55c9cc506ac9 <unknown>\n#13 0x55c9cc5249c8 <unknown>\n#14 0x55c9cc4eb34f <unknown>\n#15 0x55c9cc548a28 <unknown>\n#16 0x55c9cc548c06 <unknown>\n#17 0x55c9cc55a336 <unknown>\n#18 0x7fa31de9caa4 <unknown>\n#19 0x7fa31df29c3c <unknown>",
        "time" : {
          "start" : 1751247230014,
          "stop" : 1751247250678,
          "duration" : 20664
        }
      }, {
        "uid" : "885c4f68eb648f0d",
        "reportUrl" : "https://Brain-up.github.io/auto-tests-python/613//#testresult/885c4f68eb648f0d",
        "status" : "skipped",
        "statusDetails" : "XFAIL\n\nselenium.common.exceptions.TimeoutException: Message: Can't find element by locator ('xpath', '//button[@data-test-active-link=\"Similar phrases\"]')\nStacktrace:\n#0 0x556b33e8e45a <unknown>\n#1 0x556b33933760 <unknown>\n#2 0x556b33985127 <unknown>\n#3 0x556b33985321 <unknown>\n#4 0x556b339d3e94 <unknown>\n#5 0x556b339aae7d <unknown>\n#6 0x556b339d130b <unknown>\n#7 0x556b339aac23 <unknown>\n#8 0x556b339774a5 <unknown>\n#9 0x556b33978111 <unknown>\n#10 0x556b33e52f1b <unknown>\n#11 0x556b33e56e19 <unknown>\n#12 0x556b33e39ac9 <unknown>\n#13 0x556b33e579c8 <unknown>\n#14 0x556b33e1e34f <unknown>\n#15 0x556b33e7ba28 <unknown>\n#16 0x556b33e7bc06 <unknown>\n#17 0x556b33e8d336 <unknown>\n#18 0x7fa0c289caa4 <unknown>\n#19 0x7fa0c2929c3c <unknown>",
        "time" : {
          "start" : 1751201253254,
          "stop" : 1751201273921,
          "duration" : 20667
        }
      }, {
        "uid" : "c5fa7035bf28bd36",
        "reportUrl" : "https://Brain-up.github.io/auto-tests-python/410//#testresult/c5fa7035bf28bd36",
        "status" : "skipped",
        "statusDetails" : "XFAIL\n\nselenium.common.exceptions.TimeoutException: Message: Can't find element by locator ('xpath', '//button[@data-test-active-link=\"Similar phrases\"]')\nStacktrace:\n#0 0x5585d561945a <unknown>\n#1 0x5585d50be760 <unknown>\n#2 0x5585d5110127 <unknown>\n#3 0x5585d5110321 <unknown>\n#4 0x5585d515ee94 <unknown>\n#5 0x5585d5135e7d <unknown>\n#6 0x5585d515c30b <unknown>\n#7 0x5585d5135c23 <unknown>\n#8 0x5585d51024a5 <unknown>\n#9 0x5585d5103111 <unknown>\n#10 0x5585d55ddf1b <unknown>\n#11 0x5585d55e1e19 <unknown>\n#12 0x5585d55c4ac9 <unknown>\n#13 0x5585d55e29c8 <unknown>\n#14 0x5585d55a934f <unknown>\n#15 0x5585d5606a28 <unknown>\n#16 0x5585d5606c06 <unknown>\n#17 0x5585d5618336 <unknown>\n#18 0x7f7625e9caa4 <unknown>\n#19 0x7f7625f29c3c <unknown>",
        "time" : {
          "start" : 1751161043037,
          "stop" : 1751161063198,
          "duration" : 20161
        }
      } ]
    },
    "tags" : [ "@pytest.mark.xfail" ]
  },
  "source" : "8ff441bec2eb0448.json",
  "parameterValues" : [ ]
}