{
  "uid" : "14f09d1b4ee2767",
  "name" : "Solutions to a random task in the \"Слова\" .",
  "fullName" : "tests.test_speech_exercises_ru.TestCardsRU#test_solve_word_cards_ru",
  "historyId" : "97a1dfc93de55b98f3507f18d0af26f8",
  "time" : {
    "start" : 1759441073626,
    "stop" : 1759441083907,
    "duration" : 10281
  },
  "status" : "skipped",
  "statusMessage" : "XFAIL\n\nselenium.common.exceptions.TimeoutException: Message: Can't find element by locator ('xpath', '//a[text()=\"Упражнения\"]')\nStacktrace:\n#0 0x55fc8dc59cba <unknown>\n#1 0x55fc8d6ce8e0 <unknown>\n#2 0x55fc8d720580 <unknown>\n#3 0x55fc8d720771 <unknown>\n#4 0x55fc8d76e864 <unknown>\n#5 0x55fc8d74609d <unknown>\n#6 0x55fc8d76bc63 <unknown>\n#7 0x55fc8d745e43 <unknown>\n#8 0x55fc8d7129a8 <unknown>\n#9 0x55fc8d713621 <unknown>\n#10 0x55fc8dc1d8b8 <unknown>\n#11 0x55fc8dc215e2 <unknown>\n#12 0x55fc8dc04683 <unknown>\n#13 0x55fc8dc22135 <unknown>\n#14 0x55fc8dbe980f <unknown>\n#15 0x55fc8dc464c8 <unknown>\n#16 0x55fc8dc466a2 <unknown>\n#17 0x55fc8dc58dc3 <unknown>\n#18 0x7f299309caa4 <unknown>\n#19 0x7f2993129c6c <unknown>",
  "statusTrace" : "self = <tests.test_speech_exercises_ru.TestCardsRU object at 0x7f2a0cb8c890>\ndriver = <selenium.webdriver.chrome.webdriver.WebDriver (session=\"42504e4c3add500a1058bfe8c299572c\")>\ndefault_user_authorized = None\n\n    @pytest.mark.xfail\n    @allure.suite(\"Речевые упражнения.\")\n    @allure.title('Solutions to a random task in the \"Слова\" .')\n    def test_solve_word_cards_ru(self, driver, default_user_authorized):\n        page = SpeechExercisesPageRU(driver)\n>       page.click_button_exercises()\n\ntests/test_speech_exercises_ru.py:124: \n_ _ _ _ _ _ _ _ _ _ _ _ _ _ _ _ _ _ _ _ _ _ _ _ _ _ _ _ _ _ _ _ _ _ _ _ _ _ _ _ \npages/speech_exercises_page_ru.py:199: in click_button_exercises\n    button = self.element_is_present_and_clickable(self.locators.AuthorizedUserHomePageLocators.BUTTON_EXERCISES_RU)\npages/base_page.py:40: in element_is_present_and_clickable\n    return (Wait(self.driver, self.timeout).until(\n_ _ _ _ _ _ _ _ _ _ _ _ _ _ _ _ _ _ _ _ _ _ _ _ _ _ _ _ _ _ _ _ _ _ _ _ _ _ _ _ \n\nself = <selenium.webdriver.support.wait.WebDriverWait (session=\"42504e4c3add500a1058bfe8c299572c\")>\nmethod = <function visibility_of_element_located.<locals>._predicate at 0x7f2a0cae3740>\nmessage = 'Can\\'t find element by locator (\\'xpath\\', \\'//a[text()=\"Упражнения\"]\\')'\n\n    def until(self, method, message: str = \"\"):\n        \"\"\"Calls the method provided with the driver as an argument until the \\\n        return value does not evaluate to ``False``.\n    \n        :param method: callable(WebDriver)\n        :param message: optional message for :exc:`TimeoutException`\n        :returns: the result of the last call to `method`\n        :raises: :exc:`selenium.common.exceptions.TimeoutException` if timeout occurs\n        \"\"\"\n        screen = None\n        stacktrace = None\n    \n        end_time = time.monotonic() + self._timeout\n        while True:\n            try:\n                value = method(self._driver)\n                if value:\n                    return value\n            except self._ignored_exceptions as exc:\n                screen = getattr(exc, \"screen\", None)\n                stacktrace = getattr(exc, \"stacktrace\", None)\n            time.sleep(self._poll)\n            if time.monotonic() > end_time:\n                break\n>       raise TimeoutException(message, screen, stacktrace)\nE       selenium.common.exceptions.TimeoutException: Message: Can't find element by locator ('xpath', '//a[text()=\"Упражнения\"]')\nE       Stacktrace:\nE       #0 0x55fc8dc59cba <unknown>\nE       #1 0x55fc8d6ce8e0 <unknown>\nE       #2 0x55fc8d720580 <unknown>\nE       #3 0x55fc8d720771 <unknown>\nE       #4 0x55fc8d76e864 <unknown>\nE       #5 0x55fc8d74609d <unknown>\nE       #6 0x55fc8d76bc63 <unknown>\nE       #7 0x55fc8d745e43 <unknown>\nE       #8 0x55fc8d7129a8 <unknown>\nE       #9 0x55fc8d713621 <unknown>\nE       #10 0x55fc8dc1d8b8 <unknown>\nE       #11 0x55fc8dc215e2 <unknown>\nE       #12 0x55fc8dc04683 <unknown>\nE       #13 0x55fc8dc22135 <unknown>\nE       #14 0x55fc8dbe980f <unknown>\nE       #15 0x55fc8dc464c8 <unknown>\nE       #16 0x55fc8dc466a2 <unknown>\nE       #17 0x55fc8dc58dc3 <unknown>\nE       #18 0x7f299309caa4 <unknown>\nE       #19 0x7f2993129c6c <unknown>\n\n/opt/hostedtoolcache/Python/3.12.11/x64/lib/python3.12/site-packages/selenium/webdriver/support/wait.py:95: TimeoutException",
  "flaky" : false,
  "newFailed" : false,
  "beforeStages" : [ {
    "name" : "clear_allure_results_folder",
    "time" : {
      "start" : 1759439699770,
      "stop" : 1759439699770,
      "duration" : 0
    },
    "status" : "passed",
    "steps" : [ ],
    "attachments" : [ ],
    "parameters" : [ ],
    "stepsCount" : 0,
    "attachmentsCount" : 0,
    "shouldDisplayMessage" : false,
    "hasContent" : false
  }, {
    "name" : "driver",
    "time" : {
      "start" : 1759441067608,
      "stop" : 1759441068380,
      "duration" : 772
    },
    "status" : "passed",
    "steps" : [ ],
    "attachments" : [ ],
    "parameters" : [ ],
    "stepsCount" : 0,
    "attachmentsCount" : 0,
    "shouldDisplayMessage" : false,
    "hasContent" : false
  }, {
    "name" : "main_page_open",
    "time" : {
      "start" : 1759441068380,
      "stop" : 1759441071200,
      "duration" : 2820
    },
    "status" : "passed",
    "steps" : [ {
      "name" : "Open page: https://www.brainup.site/",
      "time" : {
        "start" : 1759441068380,
        "stop" : 1759441071200,
        "duration" : 2820
      },
      "status" : "passed",
      "steps" : [ ],
      "attachments" : [ ],
      "parameters" : [ {
        "name" : "driver",
        "value" : "<selenium.webdriver.chrome.webdriver.WebDriver (session=\"42504e4c3add500a1058bfe8c299572c\")>"
      } ],
      "stepsCount" : 0,
      "attachmentsCount" : 0,
      "shouldDisplayMessage" : false,
      "hasContent" : true
    } ],
    "attachments" : [ ],
    "parameters" : [ ],
    "stepsCount" : 1,
    "attachmentsCount" : 0,
    "shouldDisplayMessage" : false,
    "hasContent" : true
  }, {
    "name" : "default_user_authorized",
    "time" : {
      "start" : 1759441071200,
      "stop" : 1759441073626,
      "duration" : 2426
    },
    "status" : "passed",
    "steps" : [ {
      "name" : "DEFAULT user authorized",
      "time" : {
        "start" : 1759441071201,
        "stop" : 1759441073626,
        "duration" : 2425
      },
      "status" : "passed",
      "steps" : [ {
        "name" : "Check url is present: https://www.brainup.site/groups",
        "time" : {
          "start" : 1759441071584,
          "stop" : 1759441073603,
          "duration" : 2019
        },
        "status" : "passed",
        "steps" : [ ],
        "attachments" : [ ],
        "parameters" : [ ],
        "stepsCount" : 0,
        "attachmentsCount" : 0,
        "shouldDisplayMessage" : false,
        "hasContent" : false
      }, {
        "name" : "Loader checking",
        "time" : {
          "start" : 1759441073603,
          "stop" : 1759441073626,
          "duration" : 23
        },
        "status" : "passed",
        "steps" : [ ],
        "attachments" : [ ],
        "parameters" : [ ],
        "stepsCount" : 0,
        "attachmentsCount" : 0,
        "shouldDisplayMessage" : false,
        "hasContent" : false
      } ],
      "attachments" : [ ],
      "parameters" : [ {
        "name" : "driver",
        "value" : "<selenium.webdriver.chrome.webdriver.WebDriver (session=\"42504e4c3add500a1058bfe8c299572c\")>"
      }, {
        "name" : "main_page_open",
        "value" : "None"
      } ],
      "stepsCount" : 2,
      "attachmentsCount" : 0,
      "shouldDisplayMessage" : false,
      "hasContent" : true
    } ],
    "attachments" : [ ],
    "parameters" : [ ],
    "stepsCount" : 3,
    "attachmentsCount" : 0,
    "shouldDisplayMessage" : false,
    "hasContent" : true
  } ],
  "testStage" : {
    "status" : "skipped",
    "statusMessage" : "XFAIL\n\nselenium.common.exceptions.TimeoutException: Message: Can't find element by locator ('xpath', '//a[text()=\"Упражнения\"]')\nStacktrace:\n#0 0x55fc8dc59cba <unknown>\n#1 0x55fc8d6ce8e0 <unknown>\n#2 0x55fc8d720580 <unknown>\n#3 0x55fc8d720771 <unknown>\n#4 0x55fc8d76e864 <unknown>\n#5 0x55fc8d74609d <unknown>\n#6 0x55fc8d76bc63 <unknown>\n#7 0x55fc8d745e43 <unknown>\n#8 0x55fc8d7129a8 <unknown>\n#9 0x55fc8d713621 <unknown>\n#10 0x55fc8dc1d8b8 <unknown>\n#11 0x55fc8dc215e2 <unknown>\n#12 0x55fc8dc04683 <unknown>\n#13 0x55fc8dc22135 <unknown>\n#14 0x55fc8dbe980f <unknown>\n#15 0x55fc8dc464c8 <unknown>\n#16 0x55fc8dc466a2 <unknown>\n#17 0x55fc8dc58dc3 <unknown>\n#18 0x7f299309caa4 <unknown>\n#19 0x7f2993129c6c <unknown>",
    "statusTrace" : "self = <tests.test_speech_exercises_ru.TestCardsRU object at 0x7f2a0cb8c890>\ndriver = <selenium.webdriver.chrome.webdriver.WebDriver (session=\"42504e4c3add500a1058bfe8c299572c\")>\ndefault_user_authorized = None\n\n    @pytest.mark.xfail\n    @allure.suite(\"Речевые упражнения.\")\n    @allure.title('Solutions to a random task in the \"Слова\" .')\n    def test_solve_word_cards_ru(self, driver, default_user_authorized):\n        page = SpeechExercisesPageRU(driver)\n>       page.click_button_exercises()\n\ntests/test_speech_exercises_ru.py:124: \n_ _ _ _ _ _ _ _ _ _ _ _ _ _ _ _ _ _ _ _ _ _ _ _ _ _ _ _ _ _ _ _ _ _ _ _ _ _ _ _ \npages/speech_exercises_page_ru.py:199: in click_button_exercises\n    button = self.element_is_present_and_clickable(self.locators.AuthorizedUserHomePageLocators.BUTTON_EXERCISES_RU)\npages/base_page.py:40: in element_is_present_and_clickable\n    return (Wait(self.driver, self.timeout).until(\n_ _ _ _ _ _ _ _ _ _ _ _ _ _ _ _ _ _ _ _ _ _ _ _ _ _ _ _ _ _ _ _ _ _ _ _ _ _ _ _ \n\nself = <selenium.webdriver.support.wait.WebDriverWait (session=\"42504e4c3add500a1058bfe8c299572c\")>\nmethod = <function visibility_of_element_located.<locals>._predicate at 0x7f2a0cae3740>\nmessage = 'Can\\'t find element by locator (\\'xpath\\', \\'//a[text()=\"Упражнения\"]\\')'\n\n    def until(self, method, message: str = \"\"):\n        \"\"\"Calls the method provided with the driver as an argument until the \\\n        return value does not evaluate to ``False``.\n    \n        :param method: callable(WebDriver)\n        :param message: optional message for :exc:`TimeoutException`\n        :returns: the result of the last call to `method`\n        :raises: :exc:`selenium.common.exceptions.TimeoutException` if timeout occurs\n        \"\"\"\n        screen = None\n        stacktrace = None\n    \n        end_time = time.monotonic() + self._timeout\n        while True:\n            try:\n                value = method(self._driver)\n                if value:\n                    return value\n            except self._ignored_exceptions as exc:\n                screen = getattr(exc, \"screen\", None)\n                stacktrace = getattr(exc, \"stacktrace\", None)\n            time.sleep(self._poll)\n            if time.monotonic() > end_time:\n                break\n>       raise TimeoutException(message, screen, stacktrace)\nE       selenium.common.exceptions.TimeoutException: Message: Can't find element by locator ('xpath', '//a[text()=\"Упражнения\"]')\nE       Stacktrace:\nE       #0 0x55fc8dc59cba <unknown>\nE       #1 0x55fc8d6ce8e0 <unknown>\nE       #2 0x55fc8d720580 <unknown>\nE       #3 0x55fc8d720771 <unknown>\nE       #4 0x55fc8d76e864 <unknown>\nE       #5 0x55fc8d74609d <unknown>\nE       #6 0x55fc8d76bc63 <unknown>\nE       #7 0x55fc8d745e43 <unknown>\nE       #8 0x55fc8d7129a8 <unknown>\nE       #9 0x55fc8d713621 <unknown>\nE       #10 0x55fc8dc1d8b8 <unknown>\nE       #11 0x55fc8dc215e2 <unknown>\nE       #12 0x55fc8dc04683 <unknown>\nE       #13 0x55fc8dc22135 <unknown>\nE       #14 0x55fc8dbe980f <unknown>\nE       #15 0x55fc8dc464c8 <unknown>\nE       #16 0x55fc8dc466a2 <unknown>\nE       #17 0x55fc8dc58dc3 <unknown>\nE       #18 0x7f299309caa4 <unknown>\nE       #19 0x7f2993129c6c <unknown>\n\n/opt/hostedtoolcache/Python/3.12.11/x64/lib/python3.12/site-packages/selenium/webdriver/support/wait.py:95: TimeoutException",
    "steps" : [ {
      "name" : "Click button \"Упражнения\".",
      "time" : {
        "start" : 1759441073627,
        "stop" : 1759441083907,
        "duration" : 10280
      },
      "status" : "broken",
      "statusMessage" : "selenium.common.exceptions.TimeoutException: Message: Can't find element by locator ('xpath', '//a[text()=\"Упражнения\"]')\nStacktrace:\n#0 0x55fc8dc59cba <unknown>\n#1 0x55fc8d6ce8e0 <unknown>\n#2 0x55fc8d720580 <unknown>\n#3 0x55fc8d720771 <unknown>\n#4 0x55fc8d76e864 <unknown>\n#5 0x55fc8d74609d <unknown>\n#6 0x55fc8d76bc63 <unknown>\n#7 0x55fc8d745e43 <unknown>\n#8 0x55fc8d7129a8 <unknown>\n#9 0x55fc8d713621 <unknown>\n#10 0x55fc8dc1d8b8 <unknown>\n#11 0x55fc8dc215e2 <unknown>\n#12 0x55fc8dc04683 <unknown>\n#13 0x55fc8dc22135 <unknown>\n#14 0x55fc8dbe980f <unknown>\n#15 0x55fc8dc464c8 <unknown>\n#16 0x55fc8dc466a2 <unknown>\n#17 0x55fc8dc58dc3 <unknown>\n#18 0x7f299309caa4 <unknown>\n#19 0x7f2993129c6c <unknown>\n\n",
      "statusTrace" : "  File \"/opt/hostedtoolcache/Python/3.12.11/x64/lib/python3.12/site-packages/allure_commons/_allure.py\", line 192, in impl\n    return func(*a, **kw)\n           ^^^^^^^^^^^^^^\n  File \"/home/runner/work/auto-tests-python/auto-tests-python/pages/speech_exercises_page_ru.py\", line 199, in click_button_exercises\n    button = self.element_is_present_and_clickable(self.locators.AuthorizedUserHomePageLocators.BUTTON_EXERCISES_RU)\n             ^^^^^^^^^^^^^^^^^^^^^^^^^^^^^^^^^^^^^^^^^^^^^^^^^^^^^^^^^^^^^^^^^^^^^^^^^^^^^^^^^^^^^^^^^^^^^^^^^^^^^^^\n  File \"/home/runner/work/auto-tests-python/auto-tests-python/pages/base_page.py\", line 40, in element_is_present_and_clickable\n    return (Wait(self.driver, self.timeout).until(\n            ^^^^^^^^^^^^^^^^^^^^^^^^^^^^^^^^^^^^^^\n  File \"/opt/hostedtoolcache/Python/3.12.11/x64/lib/python3.12/site-packages/selenium/webdriver/support/wait.py\", line 95, in until\n    raise TimeoutException(message, screen, stacktrace)\n",
      "steps" : [ {
        "name" : "Click button \"RU\".",
        "time" : {
          "start" : 1759441073627,
          "stop" : 1759441073699,
          "duration" : 72
        },
        "status" : "passed",
        "steps" : [ ],
        "attachments" : [ ],
        "parameters" : [ ],
        "stepsCount" : 0,
        "attachmentsCount" : 0,
        "shouldDisplayMessage" : false,
        "hasContent" : false
      } ],
      "attachments" : [ ],
      "parameters" : [ ],
      "stepsCount" : 1,
      "attachmentsCount" : 0,
      "shouldDisplayMessage" : true,
      "hasContent" : true
    } ],
    "attachments" : [ ],
    "parameters" : [ ],
    "stepsCount" : 2,
    "attachmentsCount" : 0,
    "shouldDisplayMessage" : true,
    "hasContent" : true
  },
  "afterStages" : [ {
    "name" : "driver::0",
    "time" : {
      "start" : 1759441083924,
      "stop" : 1759441083992,
      "duration" : 68
    },
    "status" : "passed",
    "steps" : [ ],
    "attachments" : [ ],
    "parameters" : [ ],
    "stepsCount" : 0,
    "attachmentsCount" : 0,
    "shouldDisplayMessage" : false,
    "hasContent" : false
  } ],
  "labels" : [ {
    "name" : "epic",
    "value" : "Speech exercises."
  }, {
    "name" : "suite",
    "value" : "Речевые упражнения."
  }, {
    "name" : "tag",
    "value" : "@pytest.mark.xfail"
  }, {
    "name" : "parentSuite",
    "value" : "tests"
  }, {
    "name" : "subSuite",
    "value" : "TestCardsRU"
  }, {
    "name" : "host",
    "value" : "runnervm3ublj"
  }, {
    "name" : "thread",
    "value" : "2527-MainThread"
  }, {
    "name" : "framework",
    "value" : "pytest"
  }, {
    "name" : "language",
    "value" : "cpython3"
  }, {
    "name" : "package",
    "value" : "tests.test_speech_exercises_ru"
  }, {
    "name" : "resultFormat",
    "value" : "allure2"
  } ],
  "parameters" : [ ],
  "links" : [ ],
  "hidden" : false,
  "retry" : false,
  "extra" : {
    "severity" : "normal",
    "retries" : [ ],
    "categories" : [ ],
    "history" : {
      "statistic" : {
        "failed" : 0,
        "broken" : 0,
        "skipped" : 235,
        "passed" : 99,
        "unknown" : 0,
        "total" : 334
      },
      "items" : [ {
        "uid" : "d19f3588e39f29ca",
        "reportUrl" : "https://Brain-up.github.io/auto-tests-python/700//#testresult/d19f3588e39f29ca",
        "status" : "passed",
        "statusDetails" : "XPASS",
        "time" : {
          "start" : 1759421763436,
          "stop" : 1759421812928,
          "duration" : 49492
        }
      }, {
        "uid" : "62d11375cfc92c7c",
        "reportUrl" : "https://Brain-up.github.io/auto-tests-python/699//#testresult/62d11375cfc92c7c",
        "status" : "passed",
        "statusDetails" : "XPASS",
        "time" : {
          "start" : 1759320440474,
          "stop" : 1759320469510,
          "duration" : 29036
        }
      }, {
        "uid" : "815e92816cbc5bf8",
        "reportUrl" : "https://Brain-up.github.io/auto-tests-python/698//#testresult/815e92816cbc5bf8",
        "status" : "skipped",
        "statusDetails" : "XFAIL\n\nselenium.common.exceptions.TimeoutException: Message: Can't find element by locator ('xpath', '//a[text()=\"Упражнения\"]')\nStacktrace:\n#0 0x55eb3202ccba <unknown>\n#1 0x55eb31aa18e0 <unknown>\n#2 0x55eb31af3580 <unknown>\n#3 0x55eb31af3771 <unknown>\n#4 0x55eb31b41864 <unknown>\n#5 0x55eb31b1909d <unknown>\n#6 0x55eb31b3ec63 <unknown>\n#7 0x55eb31b18e43 <unknown>\n#8 0x55eb31ae59a8 <unknown>\n#9 0x55eb31ae6621 <unknown>\n#10 0x55eb31ff08b8 <unknown>\n#11 0x55eb31ff45e2 <unknown>\n#12 0x55eb31fd7683 <unknown>\n#13 0x55eb31ff5135 <unknown>\n#14 0x55eb31fbc80f <unknown>\n#15 0x55eb320194c8 <unknown>\n#16 0x55eb320196a2 <unknown>\n#17 0x55eb3202bdc3 <unknown>\n#18 0x7faca0e9caa4 <unknown>\n#19 0x7faca0f29c6c <unknown>",
        "time" : {
          "start" : 1759266164412,
          "stop" : 1759266174708,
          "duration" : 10296
        }
      }, {
        "uid" : "73343ed93ce78e2b",
        "reportUrl" : "https://Brain-up.github.io/auto-tests-python/697//#testresult/73343ed93ce78e2b",
        "status" : "skipped",
        "statusDetails" : "XFAIL\n\nselenium.common.exceptions.TimeoutException: Message: Can't find element by locator ('xpath', '//a[text()=\"Упражнения\"]')\nStacktrace:\n#0 0x55bd4e8fecba <unknown>\n#1 0x55bd4e3738e0 <unknown>\n#2 0x55bd4e3c5580 <unknown>\n#3 0x55bd4e3c5771 <unknown>\n#4 0x55bd4e413864 <unknown>\n#5 0x55bd4e3eb09d <unknown>\n#6 0x55bd4e410c63 <unknown>\n#7 0x55bd4e3eae43 <unknown>\n#8 0x55bd4e3b79a8 <unknown>\n#9 0x55bd4e3b8621 <unknown>\n#10 0x55bd4e8c28b8 <unknown>\n#11 0x55bd4e8c65e2 <unknown>\n#12 0x55bd4e8a9683 <unknown>\n#13 0x55bd4e8c7135 <unknown>\n#14 0x55bd4e88e80f <unknown>\n#15 0x55bd4e8eb4c8 <unknown>\n#16 0x55bd4e8eb6a2 <unknown>\n#17 0x55bd4e8fddc3 <unknown>\n#18 0x7ff5eb29caa4 <unknown>\n#19 0x7ff5eb329c6c <unknown>",
        "time" : {
          "start" : 1759070254584,
          "stop" : 1759070264859,
          "duration" : 10275
        }
      }, {
        "uid" : "7559d7be483a3652",
        "reportUrl" : "https://Brain-up.github.io/auto-tests-python/696//#testresult/7559d7be483a3652",
        "status" : "skipped",
        "statusDetails" : "XFAIL\n\nselenium.common.exceptions.TimeoutException: Message: Can't find element by locator ('xpath', '//a[text()=\"Упражнения\"]')\nStacktrace:\n#0 0x55e46333ecba <unknown>\n#1 0x55e462db38e0 <unknown>\n#2 0x55e462e05580 <unknown>\n#3 0x55e462e05771 <unknown>\n#4 0x55e462e53864 <unknown>\n#5 0x55e462e2b09d <unknown>\n#6 0x55e462e50c63 <unknown>\n#7 0x55e462e2ae43 <unknown>\n#8 0x55e462df79a8 <unknown>\n#9 0x55e462df8621 <unknown>\n#10 0x55e4633028b8 <unknown>\n#11 0x55e4633065e2 <unknown>\n#12 0x55e4632e9683 <unknown>\n#13 0x55e463307135 <unknown>\n#14 0x55e4632ce80f <unknown>\n#15 0x55e46332b4c8 <unknown>\n#16 0x55e46332b6a2 <unknown>\n#17 0x55e46333ddc3 <unknown>\n#18 0x7f69e0c9caa4 <unknown>\n#19 0x7f69e0d29c6c <unknown>",
        "time" : {
          "start" : 1758970611088,
          "stop" : 1758970621364,
          "duration" : 10276
        }
      }, {
        "uid" : "2ce6719d74d10813",
        "reportUrl" : "https://Brain-up.github.io/auto-tests-python/695//#testresult/2ce6719d74d10813",
        "status" : "skipped",
        "statusDetails" : "XFAIL\n\nselenium.common.exceptions.TimeoutException: Message: Can't find element by locator ('xpath', '//a[text()=\"Упражнения\"]')\nStacktrace:\n#0 0x558dbd067cba <unknown>\n#1 0x558dbcadc8e0 <unknown>\n#2 0x558dbcb2e580 <unknown>\n#3 0x558dbcb2e771 <unknown>\n#4 0x558dbcb7c864 <unknown>\n#5 0x558dbcb5409d <unknown>\n#6 0x558dbcb79c63 <unknown>\n#7 0x558dbcb53e43 <unknown>\n#8 0x558dbcb209a8 <unknown>\n#9 0x558dbcb21621 <unknown>\n#10 0x558dbd02b8b8 <unknown>\n#11 0x558dbd02f5e2 <unknown>\n#12 0x558dbd012683 <unknown>\n#13 0x558dbd030135 <unknown>\n#14 0x558dbcff780f <unknown>\n#15 0x558dbd0544c8 <unknown>\n#16 0x558dbd0546a2 <unknown>\n#17 0x558dbd066dc3 <unknown>\n#18 0x7f3a5329caa4 <unknown>\n#19 0x7f3a53329c6c <unknown>",
        "time" : {
          "start" : 1758752834873,
          "stop" : 1758752845170,
          "duration" : 10297
        }
      }, {
        "uid" : "b04ad19c47dc46b5",
        "reportUrl" : "https://Brain-up.github.io/auto-tests-python/694//#testresult/b04ad19c47dc46b5",
        "status" : "skipped",
        "statusDetails" : "XFAIL\n\nselenium.common.exceptions.TimeoutException: Message: Can't find element by locator ('xpath', '//a[text()=\"Упражнения\"]')\nStacktrace:\n#0 0x556d90a7394a <unknown>\n#1 0x556d904e88a0 <unknown>\n#2 0x556d9053a540 <unknown>\n#3 0x556d9053a731 <unknown>\n#4 0x556d90588824 <unknown>\n#5 0x556d9056005d <unknown>\n#6 0x556d90585c23 <unknown>\n#7 0x556d9055fe03 <unknown>\n#8 0x556d9052c968 <unknown>\n#9 0x556d9052d5e1 <unknown>\n#10 0x556d90a37548 <unknown>\n#11 0x556d90a3b272 <unknown>\n#12 0x556d90a1e313 <unknown>\n#13 0x556d90a3bdc5 <unknown>\n#14 0x556d90a0349f <unknown>\n#15 0x556d90a60158 <unknown>\n#16 0x556d90a60332 <unknown>\n#17 0x556d90a72a53 <unknown>\n#18 0x7fd21429caa4 <unknown>\n#19 0x7fd214329c3c <unknown>",
        "time" : {
          "start" : 1758748748883,
          "stop" : 1758748759102,
          "duration" : 10219
        }
      }, {
        "uid" : "e7bd015c8d61c2c9",
        "reportUrl" : "https://Brain-up.github.io/auto-tests-python/693//#testresult/e7bd015c8d61c2c9",
        "status" : "passed",
        "statusDetails" : "XPASS",
        "time" : {
          "start" : 1758620681144,
          "stop" : 1758620728173,
          "duration" : 47029
        }
      }, {
        "uid" : "c381d4721892208e",
        "reportUrl" : "https://Brain-up.github.io/auto-tests-python/692//#testresult/c381d4721892208e",
        "status" : "skipped",
        "statusDetails" : "XFAIL\n\nselenium.common.exceptions.TimeoutException: Message: Can't find element by locator ('xpath', '//a[text()=\"Упражнения\"]')\nStacktrace:\n#0 0x5574253b794a <unknown>\n#1 0x557424e2c8a0 <unknown>\n#2 0x557424e7e540 <unknown>\n#3 0x557424e7e731 <unknown>\n#4 0x557424ecc824 <unknown>\n#5 0x557424ea405d <unknown>\n#6 0x557424ec9c23 <unknown>\n#7 0x557424ea3e03 <unknown>\n#8 0x557424e70968 <unknown>\n#9 0x557424e715e1 <unknown>\n#10 0x55742537b548 <unknown>\n#11 0x55742537f272 <unknown>\n#12 0x557425362313 <unknown>\n#13 0x55742537fdc5 <unknown>\n#14 0x55742534749f <unknown>\n#15 0x5574253a4158 <unknown>\n#16 0x5574253a4332 <unknown>\n#17 0x5574253b6a53 <unknown>\n#18 0x7fbb9049caa4 <unknown>\n#19 0x7fbb90529c3c <unknown>",
        "time" : {
          "start" : 1758575504845,
          "stop" : 1758575515132,
          "duration" : 10287
        }
      }, {
        "uid" : "de0459da2dcd626f",
        "reportUrl" : "https://Brain-up.github.io/auto-tests-python/691//#testresult/de0459da2dcd626f",
        "status" : "skipped",
        "statusDetails" : "XFAIL\n\nselenium.common.exceptions.TimeoutException: Message: Can't find element by locator ('xpath', '//a[text()=\"Упражнения\"]')\nStacktrace:\n#0 0x557f597e894a <unknown>\n#1 0x557f5925d8a0 <unknown>\n#2 0x557f592af540 <unknown>\n#3 0x557f592af731 <unknown>\n#4 0x557f592fd824 <unknown>\n#5 0x557f592d505d <unknown>\n#6 0x557f592fac23 <unknown>\n#7 0x557f592d4e03 <unknown>\n#8 0x557f592a1968 <unknown>\n#9 0x557f592a25e1 <unknown>\n#10 0x557f597ac548 <unknown>\n#11 0x557f597b0272 <unknown>\n#12 0x557f59793313 <unknown>\n#13 0x557f597b0dc5 <unknown>\n#14 0x557f5977849f <unknown>\n#15 0x557f597d5158 <unknown>\n#16 0x557f597d5332 <unknown>\n#17 0x557f597e7a53 <unknown>\n#18 0x7f871d29caa4 <unknown>\n#19 0x7f871d329c3c <unknown>",
        "time" : {
          "start" : 1758454902526,
          "stop" : 1758454912816,
          "duration" : 10290
        }
      }, {
        "uid" : "bf8fdd401f3487e9",
        "reportUrl" : "https://Brain-up.github.io/auto-tests-python/690//#testresult/bf8fdd401f3487e9",
        "status" : "skipped",
        "statusDetails" : "XFAIL\n\nselenium.common.exceptions.TimeoutException: Message: Can't find element by locator ('xpath', '//a[text()=\"Упражнения\"]')\nStacktrace:\n#0 0x5598a2f0a94a <unknown>\n#1 0x5598a297f8a0 <unknown>\n#2 0x5598a29d1540 <unknown>\n#3 0x5598a29d1731 <unknown>\n#4 0x5598a2a1f824 <unknown>\n#5 0x5598a29f705d <unknown>\n#6 0x5598a2a1cc23 <unknown>\n#7 0x5598a29f6e03 <unknown>\n#8 0x5598a29c3968 <unknown>\n#9 0x5598a29c45e1 <unknown>\n#10 0x5598a2ece548 <unknown>\n#11 0x5598a2ed2272 <unknown>\n#12 0x5598a2eb5313 <unknown>\n#13 0x5598a2ed2dc5 <unknown>\n#14 0x5598a2e9a49f <unknown>\n#15 0x5598a2ef7158 <unknown>\n#16 0x5598a2ef7332 <unknown>\n#17 0x5598a2f09a53 <unknown>\n#18 0x7fcbfe69caa4 <unknown>\n#19 0x7fcbfe729c3c <unknown>",
        "time" : {
          "start" : 1758392372816,
          "stop" : 1758392383069,
          "duration" : 10253
        }
      }, {
        "uid" : "51baad8f9aa052b3",
        "reportUrl" : "https://Brain-up.github.io/auto-tests-python/689//#testresult/51baad8f9aa052b3",
        "status" : "skipped",
        "statusDetails" : "XFAIL\n\nselenium.common.exceptions.TimeoutException: Message: Can't find element by locator ('xpath', '//a[text()=\"Упражнения\"]')\nStacktrace:\n#0 0x5597615dd94a <unknown>\n#1 0x5597610528a0 <unknown>\n#2 0x5597610a4540 <unknown>\n#3 0x5597610a4731 <unknown>\n#4 0x5597610f2824 <unknown>\n#5 0x5597610ca05d <unknown>\n#6 0x5597610efc23 <unknown>\n#7 0x5597610c9e03 <unknown>\n#8 0x559761096968 <unknown>\n#9 0x5597610975e1 <unknown>\n#10 0x5597615a1548 <unknown>\n#11 0x5597615a5272 <unknown>\n#12 0x559761588313 <unknown>\n#13 0x5597615a5dc5 <unknown>\n#14 0x55976156d49f <unknown>\n#15 0x5597615ca158 <unknown>\n#16 0x5597615ca332 <unknown>\n#17 0x5597615dca53 <unknown>\n#18 0x7fd68669caa4 <unknown>\n#19 0x7fd686729c3c <unknown>",
        "time" : {
          "start" : 1758279790013,
          "stop" : 1758279800293,
          "duration" : 10280
        }
      }, {
        "uid" : "c9233a2df7a5b88e",
        "reportUrl" : "https://Brain-up.github.io/auto-tests-python/688//#testresult/c9233a2df7a5b88e",
        "status" : "skipped",
        "statusDetails" : "XFAIL\n\nselenium.common.exceptions.TimeoutException: Message: Can't find element by locator ('xpath', '//a[text()=\"Упражнения\"]')\nStacktrace:\n#0 0x55745818594a <unknown>\n#1 0x557457bfa8a0 <unknown>\n#2 0x557457c4c540 <unknown>\n#3 0x557457c4c731 <unknown>\n#4 0x557457c9a824 <unknown>\n#5 0x557457c7205d <unknown>\n#6 0x557457c97c23 <unknown>\n#7 0x557457c71e03 <unknown>\n#8 0x557457c3e968 <unknown>\n#9 0x557457c3f5e1 <unknown>\n#10 0x557458149548 <unknown>\n#11 0x55745814d272 <unknown>\n#12 0x557458130313 <unknown>\n#13 0x55745814ddc5 <unknown>\n#14 0x55745811549f <unknown>\n#15 0x557458172158 <unknown>\n#16 0x557458172332 <unknown>\n#17 0x557458184a53 <unknown>\n#18 0x7f8947e9caa4 <unknown>\n#19 0x7f8947f29c3c <unknown>",
        "time" : {
          "start" : 1758224130581,
          "stop" : 1758224140866,
          "duration" : 10285
        }
      }, {
        "uid" : "16344dae40e41b23",
        "reportUrl" : "https://Brain-up.github.io/auto-tests-python/687//#testresult/16344dae40e41b23",
        "status" : "passed",
        "statusDetails" : "XPASS",
        "time" : {
          "start" : 1758117383626,
          "stop" : 1758117431268,
          "duration" : 47642
        }
      }, {
        "uid" : "d91c9c11a7ae1840",
        "reportUrl" : "https://Brain-up.github.io/auto-tests-python/686//#testresult/d91c9c11a7ae1840",
        "status" : "skipped",
        "statusDetails" : "XFAIL\n\nselenium.common.exceptions.TimeoutException: Message: Can't find element by locator ('xpath', '//a[text()=\"Упражнения\"]')\nStacktrace:\n#0 0x56468109394a <unknown>\n#1 0x564680b088a0 <unknown>\n#2 0x564680b5a540 <unknown>\n#3 0x564680b5a731 <unknown>\n#4 0x564680ba8824 <unknown>\n#5 0x564680b8005d <unknown>\n#6 0x564680ba5c23 <unknown>\n#7 0x564680b7fe03 <unknown>\n#8 0x564680b4c968 <unknown>\n#9 0x564680b4d5e1 <unknown>\n#10 0x564681057548 <unknown>\n#11 0x56468105b272 <unknown>\n#12 0x56468103e313 <unknown>\n#13 0x56468105bdc5 <unknown>\n#14 0x56468102349f <unknown>\n#15 0x564681080158 <unknown>\n#16 0x564681080332 <unknown>\n#17 0x564681092a53 <unknown>\n#18 0x7f661b69caa4 <unknown>\n#19 0x7f661b729c3c <unknown>",
        "time" : {
          "start" : 1758043044320,
          "stop" : 1758043054587,
          "duration" : 10267
        }
      }, {
        "uid" : "cc605073328e5a1a",
        "reportUrl" : "https://Brain-up.github.io/auto-tests-python/685//#testresult/cc605073328e5a1a",
        "status" : "skipped",
        "statusDetails" : "XFAIL\n\nselenium.common.exceptions.TimeoutException: Message: Can't find element by locator ('xpath', '//a[text()=\"Упражнения\"]')\nStacktrace:\n#0 0x55ed63bb194a <unknown>\n#1 0x55ed636268a0 <unknown>\n#2 0x55ed63678540 <unknown>\n#3 0x55ed63678731 <unknown>\n#4 0x55ed636c6824 <unknown>\n#5 0x55ed6369e05d <unknown>\n#6 0x55ed636c3c23 <unknown>\n#7 0x55ed6369de03 <unknown>\n#8 0x55ed6366a968 <unknown>\n#9 0x55ed6366b5e1 <unknown>\n#10 0x55ed63b75548 <unknown>\n#11 0x55ed63b79272 <unknown>\n#12 0x55ed63b5c313 <unknown>\n#13 0x55ed63b79dc5 <unknown>\n#14 0x55ed63b4149f <unknown>\n#15 0x55ed63b9e158 <unknown>\n#16 0x55ed63b9e332 <unknown>\n#17 0x55ed63bb0a53 <unknown>\n#18 0x7f8041a9caa4 <unknown>\n#19 0x7f8041b29c3c <unknown>",
        "time" : {
          "start" : 1757927616696,
          "stop" : 1757927627035,
          "duration" : 10339
        }
      }, {
        "uid" : "dba41d774427265d",
        "reportUrl" : "https://Brain-up.github.io/auto-tests-python/684//#testresult/dba41d774427265d",
        "status" : "skipped",
        "statusDetails" : "XFAIL\n\nselenium.common.exceptions.TimeoutException: Message: Can't find element by locator ('xpath', '//a[text()=\"Упражнения\"]')\nStacktrace:\n#0 0x55fd9b59e94a <unknown>\n#1 0x55fd9b0138a0 <unknown>\n#2 0x55fd9b065540 <unknown>\n#3 0x55fd9b065731 <unknown>\n#4 0x55fd9b0b3824 <unknown>\n#5 0x55fd9b08b05d <unknown>\n#6 0x55fd9b0b0c23 <unknown>\n#7 0x55fd9b08ae03 <unknown>\n#8 0x55fd9b057968 <unknown>\n#9 0x55fd9b0585e1 <unknown>\n#10 0x55fd9b562548 <unknown>\n#11 0x55fd9b566272 <unknown>\n#12 0x55fd9b549313 <unknown>\n#13 0x55fd9b566dc5 <unknown>\n#14 0x55fd9b52e49f <unknown>\n#15 0x55fd9b58b158 <unknown>\n#16 0x55fd9b58b332 <unknown>\n#17 0x55fd9b59da53 <unknown>\n#18 0x7f279ac9caa4 <unknown>\n#19 0x7f279ad29c3c <unknown>",
        "time" : {
          "start" : 1757880454271,
          "stop" : 1757880464541,
          "duration" : 10270
        }
      }, {
        "uid" : "3e426aaa48a7f823",
        "reportUrl" : "https://Brain-up.github.io/auto-tests-python/683//#testresult/3e426aaa48a7f823",
        "status" : "skipped",
        "statusDetails" : "XFAIL\n\nselenium.common.exceptions.TimeoutException: Message: Can't find element by locator ('xpath', '//a[text()=\"Упражнения\"]')\nStacktrace:\n#0 0x55a8914d894a <unknown>\n#1 0x55a890f4d8a0 <unknown>\n#2 0x55a890f9f540 <unknown>\n#3 0x55a890f9f731 <unknown>\n#4 0x55a890fed824 <unknown>\n#5 0x55a890fc505d <unknown>\n#6 0x55a890feac23 <unknown>\n#7 0x55a890fc4e03 <unknown>\n#8 0x55a890f91968 <unknown>\n#9 0x55a890f925e1 <unknown>\n#10 0x55a89149c548 <unknown>\n#11 0x55a8914a0272 <unknown>\n#12 0x55a891483313 <unknown>\n#13 0x55a8914a0dc5 <unknown>\n#14 0x55a89146849f <unknown>\n#15 0x55a8914c5158 <unknown>\n#16 0x55a8914c5332 <unknown>\n#17 0x55a8914d7a53 <unknown>\n#18 0x7fcb2c89caa4 <unknown>\n#19 0x7fcb2c929c3c <unknown>",
        "time" : {
          "start" : 1757717817711,
          "stop" : 1757717827985,
          "duration" : 10274
        }
      }, {
        "uid" : "8ba73b13f4fb6c2",
        "reportUrl" : "https://Brain-up.github.io/auto-tests-python/682//#testresult/8ba73b13f4fb6c2",
        "status" : "skipped",
        "statusDetails" : "XFAIL\n\nselenium.common.exceptions.TimeoutException: Message: Can't find element by locator ('xpath', '//a[text()=\"Упражнения\"]')\nStacktrace:\n#0 0x55ff3617994a <unknown>\n#1 0x55ff35bee8a0 <unknown>\n#2 0x55ff35c40540 <unknown>\n#3 0x55ff35c40731 <unknown>\n#4 0x55ff35c8e824 <unknown>\n#5 0x55ff35c6605d <unknown>\n#6 0x55ff35c8bc23 <unknown>\n#7 0x55ff35c65e03 <unknown>\n#8 0x55ff35c32968 <unknown>\n#9 0x55ff35c335e1 <unknown>\n#10 0x55ff3613d548 <unknown>\n#11 0x55ff36141272 <unknown>\n#12 0x55ff36124313 <unknown>\n#13 0x55ff36141dc5 <unknown>\n#14 0x55ff3610949f <unknown>\n#15 0x55ff36166158 <unknown>\n#16 0x55ff36166332 <unknown>\n#17 0x55ff36178a53 <unknown>\n#18 0x7f15b949caa4 <unknown>\n#19 0x7f15b9529c3c <unknown>",
        "time" : {
          "start" : 1757709019400,
          "stop" : 1757709029693,
          "duration" : 10293
        }
      }, {
        "uid" : "ee52b7133c6d754d",
        "reportUrl" : "https://Brain-up.github.io/auto-tests-python/681//#testresult/ee52b7133c6d754d",
        "status" : "skipped",
        "statusDetails" : "XFAIL\n\nselenium.common.exceptions.TimeoutException: Message: Can't find element by locator ('xpath', '//a[text()=\"Упражнения\"]')\nStacktrace:\n#0 0x55d656af294a <unknown>\n#1 0x55d6565678a0 <unknown>\n#2 0x55d6565b9540 <unknown>\n#3 0x55d6565b9731 <unknown>\n#4 0x55d656607824 <unknown>\n#5 0x55d6565df05d <unknown>\n#6 0x55d656604c23 <unknown>\n#7 0x55d6565dee03 <unknown>\n#8 0x55d6565ab968 <unknown>\n#9 0x55d6565ac5e1 <unknown>\n#10 0x55d656ab6548 <unknown>\n#11 0x55d656aba272 <unknown>\n#12 0x55d656a9d313 <unknown>\n#13 0x55d656abadc5 <unknown>\n#14 0x55d656a8249f <unknown>\n#15 0x55d656adf158 <unknown>\n#16 0x55d656adf332 <unknown>\n#17 0x55d656af1a53 <unknown>\n#18 0x7fd05a29caa4 <unknown>\n#19 0x7fd05a329c3c <unknown>",
        "time" : {
          "start" : 1757540352362,
          "stop" : 1757540362626,
          "duration" : 10264
        }
      } ]
    },
    "tags" : [ "@pytest.mark.xfail" ]
  },
  "source" : "14f09d1b4ee2767.json",
  "parameterValues" : [ ]
}