{
  "uid" : "9c49667d2c27ae79",
  "name" : "Solutions to a random task in the \"Слова Королёвой\" .",
  "fullName" : "tests.test_speech_exercises_ru.TestCardsRU#test_solve_koroleva_cards_ru",
  "historyId" : "c9fe4fbd9394e2fb5a6898be66ba433b",
  "time" : {
    "start" : 1758392389612,
    "stop" : 1758392399866,
    "duration" : 10254
  },
  "status" : "skipped",
  "statusMessage" : "XFAIL\n\nselenium.common.exceptions.TimeoutException: Message: Can't find element by locator ('xpath', '//a[text()=\"Упражнения\"]')\nStacktrace:\n#0 0x5610d2bd494a <unknown>\n#1 0x5610d26498a0 <unknown>\n#2 0x5610d269b540 <unknown>\n#3 0x5610d269b731 <unknown>\n#4 0x5610d26e9824 <unknown>\n#5 0x5610d26c105d <unknown>\n#6 0x5610d26e6c23 <unknown>\n#7 0x5610d26c0e03 <unknown>\n#8 0x5610d268d968 <unknown>\n#9 0x5610d268e5e1 <unknown>\n#10 0x5610d2b98548 <unknown>\n#11 0x5610d2b9c272 <unknown>\n#12 0x5610d2b7f313 <unknown>\n#13 0x5610d2b9cdc5 <unknown>\n#14 0x5610d2b6449f <unknown>\n#15 0x5610d2bc1158 <unknown>\n#16 0x5610d2bc1332 <unknown>\n#17 0x5610d2bd3a53 <unknown>\n#18 0x7f4d9c29caa4 <unknown>\n#19 0x7f4d9c329c3c <unknown>",
  "statusTrace" : "self = <tests.test_speech_exercises_ru.TestCardsRU object at 0x7f3734f98050>\ndriver = <selenium.webdriver.chrome.webdriver.WebDriver (session=\"ea64f2b567c1d9841ece66f6451881f7\")>\ndefault_user_authorized = None\n\n    @pytest.mark.xfail\n    @allure.suite(\"Речевые упражнения.\")\n    @allure.title('Solutions to a random task in the \"Слова Королёвой\" .')\n    def test_solve_koroleva_cards_ru(self, driver, default_user_authorized):\n        page = SpeechExercisesPageRU(driver)\n>       page.click_button_exercises()\n\ntests/test_speech_exercises_ru.py:144: \n_ _ _ _ _ _ _ _ _ _ _ _ _ _ _ _ _ _ _ _ _ _ _ _ _ _ _ _ _ _ _ _ _ _ _ _ _ _ _ _ \npages/speech_exercises_page_ru.py:199: in click_button_exercises\n    button = self.element_is_present_and_clickable(self.locators.AuthorizedUserHomePageLocators.BUTTON_EXERCISES_RU)\npages/base_page.py:40: in element_is_present_and_clickable\n    return (Wait(self.driver, self.timeout).until(\n_ _ _ _ _ _ _ _ _ _ _ _ _ _ _ _ _ _ _ _ _ _ _ _ _ _ _ _ _ _ _ _ _ _ _ _ _ _ _ _ \n\nself = <selenium.webdriver.support.wait.WebDriverWait (session=\"ea64f2b567c1d9841ece66f6451881f7\")>\nmethod = <function visibility_of_element_located.<locals>._predicate at 0x7f3734f36de0>\nmessage = 'Can\\'t find element by locator (\\'xpath\\', \\'//a[text()=\"Упражнения\"]\\')'\n\n    def until(self, method, message: str = \"\"):\n        \"\"\"Calls the method provided with the driver as an argument until the \\\n        return value does not evaluate to ``False``.\n    \n        :param method: callable(WebDriver)\n        :param message: optional message for :exc:`TimeoutException`\n        :returns: the result of the last call to `method`\n        :raises: :exc:`selenium.common.exceptions.TimeoutException` if timeout occurs\n        \"\"\"\n        screen = None\n        stacktrace = None\n    \n        end_time = time.monotonic() + self._timeout\n        while True:\n            try:\n                value = method(self._driver)\n                if value:\n                    return value\n            except self._ignored_exceptions as exc:\n                screen = getattr(exc, \"screen\", None)\n                stacktrace = getattr(exc, \"stacktrace\", None)\n            time.sleep(self._poll)\n            if time.monotonic() > end_time:\n                break\n>       raise TimeoutException(message, screen, stacktrace)\nE       selenium.common.exceptions.TimeoutException: Message: Can't find element by locator ('xpath', '//a[text()=\"Упражнения\"]')\nE       Stacktrace:\nE       #0 0x5610d2bd494a <unknown>\nE       #1 0x5610d26498a0 <unknown>\nE       #2 0x5610d269b540 <unknown>\nE       #3 0x5610d269b731 <unknown>\nE       #4 0x5610d26e9824 <unknown>\nE       #5 0x5610d26c105d <unknown>\nE       #6 0x5610d26e6c23 <unknown>\nE       #7 0x5610d26c0e03 <unknown>\nE       #8 0x5610d268d968 <unknown>\nE       #9 0x5610d268e5e1 <unknown>\nE       #10 0x5610d2b98548 <unknown>\nE       #11 0x5610d2b9c272 <unknown>\nE       #12 0x5610d2b7f313 <unknown>\nE       #13 0x5610d2b9cdc5 <unknown>\nE       #14 0x5610d2b6449f <unknown>\nE       #15 0x5610d2bc1158 <unknown>\nE       #16 0x5610d2bc1332 <unknown>\nE       #17 0x5610d2bd3a53 <unknown>\nE       #18 0x7f4d9c29caa4 <unknown>\nE       #19 0x7f4d9c329c3c <unknown>\n\n/opt/hostedtoolcache/Python/3.12.11/x64/lib/python3.12/site-packages/selenium/webdriver/support/wait.py:95: TimeoutException",
  "flaky" : false,
  "newFailed" : false,
  "beforeStages" : [ {
    "name" : "driver",
    "time" : {
      "start" : 1758392383154,
      "stop" : 1758392383899,
      "duration" : 745
    },
    "status" : "passed",
    "steps" : [ ],
    "attachments" : [ ],
    "parameters" : [ ],
    "stepsCount" : 0,
    "attachmentsCount" : 0,
    "shouldDisplayMessage" : false,
    "hasContent" : false
  }, {
    "name" : "clear_allure_results_folder",
    "time" : {
      "start" : 1758391133608,
      "stop" : 1758391133608,
      "duration" : 0
    },
    "status" : "passed",
    "steps" : [ ],
    "attachments" : [ ],
    "parameters" : [ ],
    "stepsCount" : 0,
    "attachmentsCount" : 0,
    "shouldDisplayMessage" : false,
    "hasContent" : false
  }, {
    "name" : "main_page_open",
    "time" : {
      "start" : 1758392383900,
      "stop" : 1758392387179,
      "duration" : 3279
    },
    "status" : "passed",
    "steps" : [ {
      "name" : "Open page: https://www.brainup.site/",
      "time" : {
        "start" : 1758392383900,
        "stop" : 1758392387179,
        "duration" : 3279
      },
      "status" : "passed",
      "steps" : [ ],
      "attachments" : [ ],
      "parameters" : [ {
        "name" : "driver",
        "value" : "<selenium.webdriver.chrome.webdriver.WebDriver (session=\"ea64f2b567c1d9841ece66f6451881f7\")>"
      } ],
      "stepsCount" : 0,
      "attachmentsCount" : 0,
      "shouldDisplayMessage" : false,
      "hasContent" : true
    } ],
    "attachments" : [ ],
    "parameters" : [ ],
    "stepsCount" : 1,
    "attachmentsCount" : 0,
    "shouldDisplayMessage" : false,
    "hasContent" : true
  }, {
    "name" : "default_user_authorized",
    "time" : {
      "start" : 1758392387179,
      "stop" : 1758392389611,
      "duration" : 2432
    },
    "status" : "passed",
    "steps" : [ {
      "name" : "DEFAULT user authorized",
      "time" : {
        "start" : 1758392387179,
        "stop" : 1758392389611,
        "duration" : 2432
      },
      "status" : "passed",
      "steps" : [ {
        "name" : "Check url is present: https://www.brainup.site/groups",
        "time" : {
          "start" : 1758392387570,
          "stop" : 1758392389589,
          "duration" : 2019
        },
        "status" : "passed",
        "steps" : [ ],
        "attachments" : [ ],
        "parameters" : [ ],
        "stepsCount" : 0,
        "attachmentsCount" : 0,
        "shouldDisplayMessage" : false,
        "hasContent" : false
      }, {
        "name" : "Loader checking",
        "time" : {
          "start" : 1758392389589,
          "stop" : 1758392389611,
          "duration" : 22
        },
        "status" : "passed",
        "steps" : [ ],
        "attachments" : [ ],
        "parameters" : [ ],
        "stepsCount" : 0,
        "attachmentsCount" : 0,
        "shouldDisplayMessage" : false,
        "hasContent" : false
      } ],
      "attachments" : [ ],
      "parameters" : [ {
        "name" : "driver",
        "value" : "<selenium.webdriver.chrome.webdriver.WebDriver (session=\"ea64f2b567c1d9841ece66f6451881f7\")>"
      }, {
        "name" : "main_page_open",
        "value" : "None"
      } ],
      "stepsCount" : 2,
      "attachmentsCount" : 0,
      "shouldDisplayMessage" : false,
      "hasContent" : true
    } ],
    "attachments" : [ ],
    "parameters" : [ ],
    "stepsCount" : 3,
    "attachmentsCount" : 0,
    "shouldDisplayMessage" : false,
    "hasContent" : true
  } ],
  "testStage" : {
    "status" : "skipped",
    "statusMessage" : "XFAIL\n\nselenium.common.exceptions.TimeoutException: Message: Can't find element by locator ('xpath', '//a[text()=\"Упражнения\"]')\nStacktrace:\n#0 0x5610d2bd494a <unknown>\n#1 0x5610d26498a0 <unknown>\n#2 0x5610d269b540 <unknown>\n#3 0x5610d269b731 <unknown>\n#4 0x5610d26e9824 <unknown>\n#5 0x5610d26c105d <unknown>\n#6 0x5610d26e6c23 <unknown>\n#7 0x5610d26c0e03 <unknown>\n#8 0x5610d268d968 <unknown>\n#9 0x5610d268e5e1 <unknown>\n#10 0x5610d2b98548 <unknown>\n#11 0x5610d2b9c272 <unknown>\n#12 0x5610d2b7f313 <unknown>\n#13 0x5610d2b9cdc5 <unknown>\n#14 0x5610d2b6449f <unknown>\n#15 0x5610d2bc1158 <unknown>\n#16 0x5610d2bc1332 <unknown>\n#17 0x5610d2bd3a53 <unknown>\n#18 0x7f4d9c29caa4 <unknown>\n#19 0x7f4d9c329c3c <unknown>",
    "statusTrace" : "self = <tests.test_speech_exercises_ru.TestCardsRU object at 0x7f3734f98050>\ndriver = <selenium.webdriver.chrome.webdriver.WebDriver (session=\"ea64f2b567c1d9841ece66f6451881f7\")>\ndefault_user_authorized = None\n\n    @pytest.mark.xfail\n    @allure.suite(\"Речевые упражнения.\")\n    @allure.title('Solutions to a random task in the \"Слова Королёвой\" .')\n    def test_solve_koroleva_cards_ru(self, driver, default_user_authorized):\n        page = SpeechExercisesPageRU(driver)\n>       page.click_button_exercises()\n\ntests/test_speech_exercises_ru.py:144: \n_ _ _ _ _ _ _ _ _ _ _ _ _ _ _ _ _ _ _ _ _ _ _ _ _ _ _ _ _ _ _ _ _ _ _ _ _ _ _ _ \npages/speech_exercises_page_ru.py:199: in click_button_exercises\n    button = self.element_is_present_and_clickable(self.locators.AuthorizedUserHomePageLocators.BUTTON_EXERCISES_RU)\npages/base_page.py:40: in element_is_present_and_clickable\n    return (Wait(self.driver, self.timeout).until(\n_ _ _ _ _ _ _ _ _ _ _ _ _ _ _ _ _ _ _ _ _ _ _ _ _ _ _ _ _ _ _ _ _ _ _ _ _ _ _ _ \n\nself = <selenium.webdriver.support.wait.WebDriverWait (session=\"ea64f2b567c1d9841ece66f6451881f7\")>\nmethod = <function visibility_of_element_located.<locals>._predicate at 0x7f3734f36de0>\nmessage = 'Can\\'t find element by locator (\\'xpath\\', \\'//a[text()=\"Упражнения\"]\\')'\n\n    def until(self, method, message: str = \"\"):\n        \"\"\"Calls the method provided with the driver as an argument until the \\\n        return value does not evaluate to ``False``.\n    \n        :param method: callable(WebDriver)\n        :param message: optional message for :exc:`TimeoutException`\n        :returns: the result of the last call to `method`\n        :raises: :exc:`selenium.common.exceptions.TimeoutException` if timeout occurs\n        \"\"\"\n        screen = None\n        stacktrace = None\n    \n        end_time = time.monotonic() + self._timeout\n        while True:\n            try:\n                value = method(self._driver)\n                if value:\n                    return value\n            except self._ignored_exceptions as exc:\n                screen = getattr(exc, \"screen\", None)\n                stacktrace = getattr(exc, \"stacktrace\", None)\n            time.sleep(self._poll)\n            if time.monotonic() > end_time:\n                break\n>       raise TimeoutException(message, screen, stacktrace)\nE       selenium.common.exceptions.TimeoutException: Message: Can't find element by locator ('xpath', '//a[text()=\"Упражнения\"]')\nE       Stacktrace:\nE       #0 0x5610d2bd494a <unknown>\nE       #1 0x5610d26498a0 <unknown>\nE       #2 0x5610d269b540 <unknown>\nE       #3 0x5610d269b731 <unknown>\nE       #4 0x5610d26e9824 <unknown>\nE       #5 0x5610d26c105d <unknown>\nE       #6 0x5610d26e6c23 <unknown>\nE       #7 0x5610d26c0e03 <unknown>\nE       #8 0x5610d268d968 <unknown>\nE       #9 0x5610d268e5e1 <unknown>\nE       #10 0x5610d2b98548 <unknown>\nE       #11 0x5610d2b9c272 <unknown>\nE       #12 0x5610d2b7f313 <unknown>\nE       #13 0x5610d2b9cdc5 <unknown>\nE       #14 0x5610d2b6449f <unknown>\nE       #15 0x5610d2bc1158 <unknown>\nE       #16 0x5610d2bc1332 <unknown>\nE       #17 0x5610d2bd3a53 <unknown>\nE       #18 0x7f4d9c29caa4 <unknown>\nE       #19 0x7f4d9c329c3c <unknown>\n\n/opt/hostedtoolcache/Python/3.12.11/x64/lib/python3.12/site-packages/selenium/webdriver/support/wait.py:95: TimeoutException",
    "steps" : [ {
      "name" : "Click button \"Упражнения\".",
      "time" : {
        "start" : 1758392389612,
        "stop" : 1758392399866,
        "duration" : 10254
      },
      "status" : "broken",
      "statusMessage" : "selenium.common.exceptions.TimeoutException: Message: Can't find element by locator ('xpath', '//a[text()=\"Упражнения\"]')\nStacktrace:\n#0 0x5610d2bd494a <unknown>\n#1 0x5610d26498a0 <unknown>\n#2 0x5610d269b540 <unknown>\n#3 0x5610d269b731 <unknown>\n#4 0x5610d26e9824 <unknown>\n#5 0x5610d26c105d <unknown>\n#6 0x5610d26e6c23 <unknown>\n#7 0x5610d26c0e03 <unknown>\n#8 0x5610d268d968 <unknown>\n#9 0x5610d268e5e1 <unknown>\n#10 0x5610d2b98548 <unknown>\n#11 0x5610d2b9c272 <unknown>\n#12 0x5610d2b7f313 <unknown>\n#13 0x5610d2b9cdc5 <unknown>\n#14 0x5610d2b6449f <unknown>\n#15 0x5610d2bc1158 <unknown>\n#16 0x5610d2bc1332 <unknown>\n#17 0x5610d2bd3a53 <unknown>\n#18 0x7f4d9c29caa4 <unknown>\n#19 0x7f4d9c329c3c <unknown>\n\n",
      "statusTrace" : "  File \"/opt/hostedtoolcache/Python/3.12.11/x64/lib/python3.12/site-packages/allure_commons/_allure.py\", line 192, in impl\n    return func(*a, **kw)\n           ^^^^^^^^^^^^^^\n  File \"/home/runner/work/auto-tests-python/auto-tests-python/pages/speech_exercises_page_ru.py\", line 199, in click_button_exercises\n    button = self.element_is_present_and_clickable(self.locators.AuthorizedUserHomePageLocators.BUTTON_EXERCISES_RU)\n             ^^^^^^^^^^^^^^^^^^^^^^^^^^^^^^^^^^^^^^^^^^^^^^^^^^^^^^^^^^^^^^^^^^^^^^^^^^^^^^^^^^^^^^^^^^^^^^^^^^^^^^^\n  File \"/home/runner/work/auto-tests-python/auto-tests-python/pages/base_page.py\", line 40, in element_is_present_and_clickable\n    return (Wait(self.driver, self.timeout).until(\n            ^^^^^^^^^^^^^^^^^^^^^^^^^^^^^^^^^^^^^^\n  File \"/opt/hostedtoolcache/Python/3.12.11/x64/lib/python3.12/site-packages/selenium/webdriver/support/wait.py\", line 95, in until\n    raise TimeoutException(message, screen, stacktrace)\n",
      "steps" : [ {
        "name" : "Click button \"RU\".",
        "time" : {
          "start" : 1758392389612,
          "stop" : 1758392389679,
          "duration" : 67
        },
        "status" : "passed",
        "steps" : [ ],
        "attachments" : [ ],
        "parameters" : [ ],
        "stepsCount" : 0,
        "attachmentsCount" : 0,
        "shouldDisplayMessage" : false,
        "hasContent" : false
      } ],
      "attachments" : [ ],
      "parameters" : [ ],
      "stepsCount" : 1,
      "attachmentsCount" : 0,
      "shouldDisplayMessage" : true,
      "hasContent" : true
    } ],
    "attachments" : [ ],
    "parameters" : [ ],
    "stepsCount" : 2,
    "attachmentsCount" : 0,
    "shouldDisplayMessage" : true,
    "hasContent" : true
  },
  "afterStages" : [ {
    "name" : "driver::0",
    "time" : {
      "start" : 1758392399881,
      "stop" : 1758392399951,
      "duration" : 70
    },
    "status" : "passed",
    "steps" : [ ],
    "attachments" : [ ],
    "parameters" : [ ],
    "stepsCount" : 0,
    "attachmentsCount" : 0,
    "shouldDisplayMessage" : false,
    "hasContent" : false
  } ],
  "labels" : [ {
    "name" : "suite",
    "value" : "Речевые упражнения."
  }, {
    "name" : "epic",
    "value" : "Speech exercises."
  }, {
    "name" : "tag",
    "value" : "@pytest.mark.xfail"
  }, {
    "name" : "parentSuite",
    "value" : "tests"
  }, {
    "name" : "subSuite",
    "value" : "TestCardsRU"
  }, {
    "name" : "host",
    "value" : "runnervmf4ws1"
  }, {
    "name" : "thread",
    "value" : "2604-MainThread"
  }, {
    "name" : "framework",
    "value" : "pytest"
  }, {
    "name" : "language",
    "value" : "cpython3"
  }, {
    "name" : "package",
    "value" : "tests.test_speech_exercises_ru"
  }, {
    "name" : "resultFormat",
    "value" : "allure2"
  } ],
  "parameters" : [ ],
  "links" : [ ],
  "hidden" : false,
  "retry" : false,
  "extra" : {
    "severity" : "normal",
    "retries" : [ ],
    "categories" : [ ],
    "history" : {
      "statistic" : {
        "failed" : 0,
        "broken" : 0,
        "skipped" : 222,
        "passed" : 101,
        "unknown" : 0,
        "total" : 323
      },
      "items" : [ {
        "uid" : "31f514b21f893539",
        "reportUrl" : "https://Brain-up.github.io/auto-tests-python/689//#testresult/31f514b21f893539",
        "status" : "skipped",
        "statusDetails" : "XFAIL\n\nselenium.common.exceptions.TimeoutException: Message: Can't find element by locator ('xpath', '//a[text()=\"Упражнения\"]')\nStacktrace:\n#0 0x5634fb80694a <unknown>\n#1 0x5634fb27b8a0 <unknown>\n#2 0x5634fb2cd540 <unknown>\n#3 0x5634fb2cd731 <unknown>\n#4 0x5634fb31b824 <unknown>\n#5 0x5634fb2f305d <unknown>\n#6 0x5634fb318c23 <unknown>\n#7 0x5634fb2f2e03 <unknown>\n#8 0x5634fb2bf968 <unknown>\n#9 0x5634fb2c05e1 <unknown>\n#10 0x5634fb7ca548 <unknown>\n#11 0x5634fb7ce272 <unknown>\n#12 0x5634fb7b1313 <unknown>\n#13 0x5634fb7cedc5 <unknown>\n#14 0x5634fb79649f <unknown>\n#15 0x5634fb7f3158 <unknown>\n#16 0x5634fb7f3332 <unknown>\n#17 0x5634fb805a53 <unknown>\n#18 0x7f1644e9caa4 <unknown>\n#19 0x7f1644f29c3c <unknown>",
        "time" : {
          "start" : 1758279807748,
          "stop" : 1758279818027,
          "duration" : 10279
        }
      }, {
        "uid" : "12e633ca98da4ec",
        "reportUrl" : "https://Brain-up.github.io/auto-tests-python/688//#testresult/12e633ca98da4ec",
        "status" : "skipped",
        "statusDetails" : "XFAIL\n\nselenium.common.exceptions.TimeoutException: Message: Can't find element by locator ('xpath', '//a[text()=\"Упражнения\"]')\nStacktrace:\n#0 0x5630efa6694a <unknown>\n#1 0x5630ef4db8a0 <unknown>\n#2 0x5630ef52d540 <unknown>\n#3 0x5630ef52d731 <unknown>\n#4 0x5630ef57b824 <unknown>\n#5 0x5630ef55305d <unknown>\n#6 0x5630ef578c23 <unknown>\n#7 0x5630ef552e03 <unknown>\n#8 0x5630ef51f968 <unknown>\n#9 0x5630ef5205e1 <unknown>\n#10 0x5630efa2a548 <unknown>\n#11 0x5630efa2e272 <unknown>\n#12 0x5630efa11313 <unknown>\n#13 0x5630efa2edc5 <unknown>\n#14 0x5630ef9f649f <unknown>\n#15 0x5630efa53158 <unknown>\n#16 0x5630efa53332 <unknown>\n#17 0x5630efa65a53 <unknown>\n#18 0x7efd6109caa4 <unknown>\n#19 0x7efd61129c3c <unknown>",
        "time" : {
          "start" : 1758224147100,
          "stop" : 1758224157395,
          "duration" : 10295
        }
      }, {
        "uid" : "a2b6b678b092e078",
        "reportUrl" : "https://Brain-up.github.io/auto-tests-python/687//#testresult/a2b6b678b092e078",
        "status" : "passed",
        "statusDetails" : "XPASS",
        "time" : {
          "start" : 1758117438259,
          "stop" : 1758117463592,
          "duration" : 25333
        }
      }, {
        "uid" : "9ba4c07d85ebf320",
        "reportUrl" : "https://Brain-up.github.io/auto-tests-python/686//#testresult/9ba4c07d85ebf320",
        "status" : "skipped",
        "statusDetails" : "XFAIL\n\nselenium.common.exceptions.TimeoutException: Message: Can't find element by locator ('xpath', '//a[text()=\"Упражнения\"]')\nStacktrace:\n#0 0x5561e2b9c94a <unknown>\n#1 0x5561e26118a0 <unknown>\n#2 0x5561e2663540 <unknown>\n#3 0x5561e2663731 <unknown>\n#4 0x5561e26b1824 <unknown>\n#5 0x5561e268905d <unknown>\n#6 0x5561e26aec23 <unknown>\n#7 0x5561e2688e03 <unknown>\n#8 0x5561e2655968 <unknown>\n#9 0x5561e26565e1 <unknown>\n#10 0x5561e2b60548 <unknown>\n#11 0x5561e2b64272 <unknown>\n#12 0x5561e2b47313 <unknown>\n#13 0x5561e2b64dc5 <unknown>\n#14 0x5561e2b2c49f <unknown>\n#15 0x5561e2b89158 <unknown>\n#16 0x5561e2b89332 <unknown>\n#17 0x5561e2b9ba53 <unknown>\n#18 0x7f11ad09caa4 <unknown>\n#19 0x7f11ad129c3c <unknown>",
        "time" : {
          "start" : 1758043062882,
          "stop" : 1758043073146,
          "duration" : 10264
        }
      }, {
        "uid" : "2be1fa9218bb460c",
        "reportUrl" : "https://Brain-up.github.io/auto-tests-python/685//#testresult/2be1fa9218bb460c",
        "status" : "skipped",
        "statusDetails" : "XFAIL\n\nselenium.common.exceptions.TimeoutException: Message: Can't find element by locator ('xpath', '//a[text()=\"Упражнения\"]')\nStacktrace:\n#0 0x55784822594a <unknown>\n#1 0x557847c9a8a0 <unknown>\n#2 0x557847cec540 <unknown>\n#3 0x557847cec731 <unknown>\n#4 0x557847d3a824 <unknown>\n#5 0x557847d1205d <unknown>\n#6 0x557847d37c23 <unknown>\n#7 0x557847d11e03 <unknown>\n#8 0x557847cde968 <unknown>\n#9 0x557847cdf5e1 <unknown>\n#10 0x5578481e9548 <unknown>\n#11 0x5578481ed272 <unknown>\n#12 0x5578481d0313 <unknown>\n#13 0x5578481eddc5 <unknown>\n#14 0x5578481b549f <unknown>\n#15 0x557848212158 <unknown>\n#16 0x557848212332 <unknown>\n#17 0x557848224a53 <unknown>\n#18 0x7fc957a9caa4 <unknown>\n#19 0x7fc957b29c3c <unknown>",
        "time" : {
          "start" : 1757927634074,
          "stop" : 1757927644411,
          "duration" : 10337
        }
      }, {
        "uid" : "1b0db97d04f973d8",
        "reportUrl" : "https://Brain-up.github.io/auto-tests-python/684//#testresult/1b0db97d04f973d8",
        "status" : "skipped",
        "statusDetails" : "XFAIL\n\nselenium.common.exceptions.TimeoutException: Message: Can't find element by locator ('xpath', '//a[text()=\"Упражнения\"]')\nStacktrace:\n#0 0x55662022b94a <unknown>\n#1 0x55661fca08a0 <unknown>\n#2 0x55661fcf2540 <unknown>\n#3 0x55661fcf2731 <unknown>\n#4 0x55661fd40824 <unknown>\n#5 0x55661fd1805d <unknown>\n#6 0x55661fd3dc23 <unknown>\n#7 0x55661fd17e03 <unknown>\n#8 0x55661fce4968 <unknown>\n#9 0x55661fce55e1 <unknown>\n#10 0x5566201ef548 <unknown>\n#11 0x5566201f3272 <unknown>\n#12 0x5566201d6313 <unknown>\n#13 0x5566201f3dc5 <unknown>\n#14 0x5566201bb49f <unknown>\n#15 0x556620218158 <unknown>\n#16 0x556620218332 <unknown>\n#17 0x55662022aa53 <unknown>\n#18 0x7ffba8c9caa4 <unknown>\n#19 0x7ffba8d29c3c <unknown>",
        "time" : {
          "start" : 1757880470710,
          "stop" : 1757880480975,
          "duration" : 10265
        }
      }, {
        "uid" : "6216bc9e06b62d7b",
        "reportUrl" : "https://Brain-up.github.io/auto-tests-python/683//#testresult/6216bc9e06b62d7b",
        "status" : "skipped",
        "statusDetails" : "XFAIL\n\nselenium.common.exceptions.TimeoutException: Message: Can't find element by locator ('xpath', '//a[text()=\"Упражнения\"]')\nStacktrace:\n#0 0x55e17f08294a <unknown>\n#1 0x55e17eaf78a0 <unknown>\n#2 0x55e17eb49540 <unknown>\n#3 0x55e17eb49731 <unknown>\n#4 0x55e17eb97824 <unknown>\n#5 0x55e17eb6f05d <unknown>\n#6 0x55e17eb94c23 <unknown>\n#7 0x55e17eb6ee03 <unknown>\n#8 0x55e17eb3b968 <unknown>\n#9 0x55e17eb3c5e1 <unknown>\n#10 0x55e17f046548 <unknown>\n#11 0x55e17f04a272 <unknown>\n#12 0x55e17f02d313 <unknown>\n#13 0x55e17f04adc5 <unknown>\n#14 0x55e17f01249f <unknown>\n#15 0x55e17f06f158 <unknown>\n#16 0x55e17f06f332 <unknown>\n#17 0x55e17f081a53 <unknown>\n#18 0x7fdea0a9caa4 <unknown>\n#19 0x7fdea0b29c3c <unknown>",
        "time" : {
          "start" : 1757717834714,
          "stop" : 1757717844993,
          "duration" : 10279
        }
      }, {
        "uid" : "d370ebcdc088743a",
        "reportUrl" : "https://Brain-up.github.io/auto-tests-python/682//#testresult/d370ebcdc088743a",
        "status" : "skipped",
        "statusDetails" : "XFAIL\n\nselenium.common.exceptions.TimeoutException: Message: Can't find element by locator ('xpath', '//a[text()=\"Упражнения\"]')\nStacktrace:\n#0 0x564196ae594a <unknown>\n#1 0x56419655a8a0 <unknown>\n#2 0x5641965ac540 <unknown>\n#3 0x5641965ac731 <unknown>\n#4 0x5641965fa824 <unknown>\n#5 0x5641965d205d <unknown>\n#6 0x5641965f7c23 <unknown>\n#7 0x5641965d1e03 <unknown>\n#8 0x56419659e968 <unknown>\n#9 0x56419659f5e1 <unknown>\n#10 0x564196aa9548 <unknown>\n#11 0x564196aad272 <unknown>\n#12 0x564196a90313 <unknown>\n#13 0x564196aaddc5 <unknown>\n#14 0x564196a7549f <unknown>\n#15 0x564196ad2158 <unknown>\n#16 0x564196ad2332 <unknown>\n#17 0x564196ae4a53 <unknown>\n#18 0x7f8004a9caa4 <unknown>\n#19 0x7f8004b29c3c <unknown>",
        "time" : {
          "start" : 1757709036445,
          "stop" : 1757709046746,
          "duration" : 10301
        }
      }, {
        "uid" : "894d751c0bcdd762",
        "reportUrl" : "https://Brain-up.github.io/auto-tests-python/681//#testresult/894d751c0bcdd762",
        "status" : "skipped",
        "statusDetails" : "XFAIL\n\nselenium.common.exceptions.TimeoutException: Message: Can't find element by locator ('xpath', '//a[text()=\"Упражнения\"]')\nStacktrace:\n#0 0x5636e359694a <unknown>\n#1 0x5636e300b8a0 <unknown>\n#2 0x5636e305d540 <unknown>\n#3 0x5636e305d731 <unknown>\n#4 0x5636e30ab824 <unknown>\n#5 0x5636e308305d <unknown>\n#6 0x5636e30a8c23 <unknown>\n#7 0x5636e3082e03 <unknown>\n#8 0x5636e304f968 <unknown>\n#9 0x5636e30505e1 <unknown>\n#10 0x5636e355a548 <unknown>\n#11 0x5636e355e272 <unknown>\n#12 0x5636e3541313 <unknown>\n#13 0x5636e355edc5 <unknown>\n#14 0x5636e352649f <unknown>\n#15 0x5636e3583158 <unknown>\n#16 0x5636e3583332 <unknown>\n#17 0x5636e3595a53 <unknown>\n#18 0x7f1cb769caa4 <unknown>\n#19 0x7f1cb7729c3c <unknown>",
        "time" : {
          "start" : 1757540368583,
          "stop" : 1757540378859,
          "duration" : 10276
        }
      }, {
        "uid" : "cff20bf188f44d9",
        "reportUrl" : "https://Brain-up.github.io/auto-tests-python/680//#testresult/cff20bf188f44d9",
        "status" : "skipped",
        "statusDetails" : "XFAIL\n\nselenium.common.exceptions.TimeoutException: Message: Can't find element by locator ('xpath', '//a[text()=\"Упражнения\"]')\nStacktrace:\n#0 0x556d37c8a94a <unknown>\n#1 0x556d376ff8a0 <unknown>\n#2 0x556d37751540 <unknown>\n#3 0x556d37751731 <unknown>\n#4 0x556d3779f824 <unknown>\n#5 0x556d3777705d <unknown>\n#6 0x556d3779cc23 <unknown>\n#7 0x556d37776e03 <unknown>\n#8 0x556d37743968 <unknown>\n#9 0x556d377445e1 <unknown>\n#10 0x556d37c4e548 <unknown>\n#11 0x556d37c52272 <unknown>\n#12 0x556d37c35313 <unknown>\n#13 0x556d37c52dc5 <unknown>\n#14 0x556d37c1a49f <unknown>\n#15 0x556d37c77158 <unknown>\n#16 0x556d37c77332 <unknown>\n#17 0x556d37c89a53 <unknown>\n#18 0x7fb13169caa4 <unknown>\n#19 0x7fb131729c3c <unknown>",
        "time" : {
          "start" : 1757537930694,
          "stop" : 1757537940965,
          "duration" : 10271
        }
      }, {
        "uid" : "2d7e939b25050c58",
        "reportUrl" : "https://Brain-up.github.io/auto-tests-python/679//#testresult/2d7e939b25050c58",
        "status" : "skipped",
        "statusDetails" : "XFAIL\n\nselenium.common.exceptions.TimeoutException: Message: Can't find element by locator ('xpath', '//a[text()=\"Упражнения\"]')\nStacktrace:\n#0 0x555b0717808a <unknown>\n#1 0x555b06c17a70 <unknown>\n#2 0x555b06c69907 <unknown>\n#3 0x555b06c69b01 <unknown>\n#4 0x555b06cb7d54 <unknown>\n#5 0x555b06c8f40d <unknown>\n#6 0x555b06cb514f <unknown>\n#7 0x555b06c8f1b3 <unknown>\n#8 0x555b06c5b59b <unknown>\n#9 0x555b06c5c971 <unknown>\n#10 0x555b0713d25b <unknown>\n#11 0x555b07140fa9 <unknown>\n#12 0x555b07124339 <unknown>\n#13 0x555b07141b58 <unknown>\n#14 0x555b07108c1f <unknown>\n#15 0x555b07165118 <unknown>\n#16 0x555b071652f6 <unknown>\n#17 0x555b07177066 <unknown>\n#18 0x7f1dc649caa4 <unknown>\n#19 0x7f1dc6529c3c <unknown>",
        "time" : {
          "start" : 1757367274438,
          "stop" : 1757367284797,
          "duration" : 10359
        }
      }, {
        "uid" : "802a851cf50ca80d",
        "reportUrl" : "https://Brain-up.github.io/auto-tests-python/678//#testresult/802a851cf50ca80d",
        "status" : "skipped",
        "statusDetails" : "XFAIL\n\nselenium.common.exceptions.TimeoutException: Message: Can't find element by locator ('xpath', '//a[text()=\"Упражнения\"]')\nStacktrace:\n#0 0x55b9daa8b08a <unknown>\n#1 0x55b9da52aa70 <unknown>\n#2 0x55b9da57c907 <unknown>\n#3 0x55b9da57cb01 <unknown>\n#4 0x55b9da5cad54 <unknown>\n#5 0x55b9da5a240d <unknown>\n#6 0x55b9da5c814f <unknown>\n#7 0x55b9da5a21b3 <unknown>\n#8 0x55b9da56e59b <unknown>\n#9 0x55b9da56f971 <unknown>\n#10 0x55b9daa5025b <unknown>\n#11 0x55b9daa53fa9 <unknown>\n#12 0x55b9daa37339 <unknown>\n#13 0x55b9daa54b58 <unknown>\n#14 0x55b9daa1bc1f <unknown>\n#15 0x55b9daa78118 <unknown>\n#16 0x55b9daa782f6 <unknown>\n#17 0x55b9daa8a066 <unknown>\n#18 0x7f7af889caa4 <unknown>\n#19 0x7f7af8929c3c <unknown>",
        "time" : {
          "start" : 1757363059438,
          "stop" : 1757363069800,
          "duration" : 10362
        }
      }, {
        "uid" : "efefcf93edf055cf",
        "reportUrl" : "https://Brain-up.github.io/auto-tests-python/677//#testresult/efefcf93edf055cf",
        "status" : "skipped",
        "statusDetails" : "XFAIL\n\nselenium.common.exceptions.TimeoutException: Message: Can't find element by locator ('xpath', '//a[text()=\"Упражнения\"]')\nStacktrace:\n#0 0x55db75c9c08a <unknown>\n#1 0x55db7573ba70 <unknown>\n#2 0x55db7578d907 <unknown>\n#3 0x55db7578db01 <unknown>\n#4 0x55db757dbd54 <unknown>\n#5 0x55db757b340d <unknown>\n#6 0x55db757d914f <unknown>\n#7 0x55db757b31b3 <unknown>\n#8 0x55db7577f59b <unknown>\n#9 0x55db75780971 <unknown>\n#10 0x55db75c6125b <unknown>\n#11 0x55db75c64fa9 <unknown>\n#12 0x55db75c48339 <unknown>\n#13 0x55db75c65b58 <unknown>\n#14 0x55db75c2cc1f <unknown>\n#15 0x55db75c89118 <unknown>\n#16 0x55db75c892f6 <unknown>\n#17 0x55db75c9b066 <unknown>\n#18 0x7f99b829caa4 <unknown>\n#19 0x7f99b8329c3c <unknown>",
        "time" : {
          "start" : 1757239092700,
          "stop" : 1757239103040,
          "duration" : 10340
        }
      }, {
        "uid" : "fe60fcca63111dcf",
        "reportUrl" : "https://Brain-up.github.io/auto-tests-python/676//#testresult/fe60fcca63111dcf",
        "status" : "skipped",
        "statusDetails" : "XFAIL\n\nselenium.common.exceptions.TimeoutException: Message: Can't find element by locator ('xpath', '//a[text()=\"Упражнения\"]')\nStacktrace:\n#0 0x558a9667508a <unknown>\n#1 0x558a96114a70 <unknown>\n#2 0x558a96166907 <unknown>\n#3 0x558a96166b01 <unknown>\n#4 0x558a961b4d54 <unknown>\n#5 0x558a9618c40d <unknown>\n#6 0x558a961b214f <unknown>\n#7 0x558a9618c1b3 <unknown>\n#8 0x558a9615859b <unknown>\n#9 0x558a96159971 <unknown>\n#10 0x558a9663a25b <unknown>\n#11 0x558a9663dfa9 <unknown>\n#12 0x558a96621339 <unknown>\n#13 0x558a9663eb58 <unknown>\n#14 0x558a96605c1f <unknown>\n#15 0x558a96662118 <unknown>\n#16 0x558a966622f6 <unknown>\n#17 0x558a96674066 <unknown>\n#18 0x7faddd09caa4 <unknown>\n#19 0x7faddd129c3c <unknown>",
        "time" : {
          "start" : 1757192502083,
          "stop" : 1757192512457,
          "duration" : 10374
        }
      }, {
        "uid" : "ee75f3e321bf70c6",
        "reportUrl" : "https://Brain-up.github.io/auto-tests-python/675//#testresult/ee75f3e321bf70c6",
        "status" : "skipped",
        "statusDetails" : "XFAIL\n\nselenium.common.exceptions.TimeoutException: Message: Can't find element by locator ('xpath', '//a[text()=\"Упражнения\"]')\nStacktrace:\n#0 0x5613165e808a <unknown>\n#1 0x561316087a70 <unknown>\n#2 0x5613160d9907 <unknown>\n#3 0x5613160d9b01 <unknown>\n#4 0x561316127d54 <unknown>\n#5 0x5613160ff40d <unknown>\n#6 0x56131612514f <unknown>\n#7 0x5613160ff1b3 <unknown>\n#8 0x5613160cb59b <unknown>\n#9 0x5613160cc971 <unknown>\n#10 0x5613165ad25b <unknown>\n#11 0x5613165b0fa9 <unknown>\n#12 0x561316594339 <unknown>\n#13 0x5613165b1b58 <unknown>\n#14 0x561316578c1f <unknown>\n#15 0x5613165d5118 <unknown>\n#16 0x5613165d52f6 <unknown>\n#17 0x5613165e7066 <unknown>\n#18 0x7f297929caa4 <unknown>\n#19 0x7f2979329c3c <unknown>",
        "time" : {
          "start" : 1757067745053,
          "stop" : 1757067755398,
          "duration" : 10345
        }
      }, {
        "uid" : "14cbc9d66643361",
        "reportUrl" : "https://Brain-up.github.io/auto-tests-python/674//#testresult/14cbc9d66643361",
        "status" : "skipped",
        "statusDetails" : "XFAIL\n\nselenium.common.exceptions.TimeoutException: Message: Can't find element by locator ('xpath', '//a[text()=\"Упражнения\"]')\nStacktrace:\n#0 0x5588af38b02a <unknown>\n#1 0x5588aee2aa70 <unknown>\n#2 0x5588aee7c907 <unknown>\n#3 0x5588aee7cb01 <unknown>\n#4 0x5588aeecad54 <unknown>\n#5 0x5588aeea240d <unknown>\n#6 0x5588aeec814f <unknown>\n#7 0x5588aeea21b3 <unknown>\n#8 0x5588aee6e59b <unknown>\n#9 0x5588aee6f971 <unknown>\n#10 0x5588af3501fb <unknown>\n#11 0x5588af353f49 <unknown>\n#12 0x5588af3372d9 <unknown>\n#13 0x5588af354af8 <unknown>\n#14 0x5588af31bbbf <unknown>\n#15 0x5588af3780b8 <unknown>\n#16 0x5588af378296 <unknown>\n#17 0x5588af38a006 <unknown>\n#18 0x7f677b89caa4 <unknown>\n#19 0x7f677b929c3c <unknown>",
        "time" : {
          "start" : 1756809732747,
          "stop" : 1756809743078,
          "duration" : 10331
        }
      }, {
        "uid" : "ba0119295ba06392",
        "reportUrl" : "https://Brain-up.github.io/auto-tests-python/673//#testresult/ba0119295ba06392",
        "status" : "skipped",
        "statusDetails" : "XFAIL\n\nselenium.common.exceptions.TimeoutException: Message: Can't find element by locator ('xpath', '//a[text()=\"Упражнения\"]')\nStacktrace:\n#0 0x5625e1ecb02a <unknown>\n#1 0x5625e196aa70 <unknown>\n#2 0x5625e19bc907 <unknown>\n#3 0x5625e19bcb01 <unknown>\n#4 0x5625e1a0ad54 <unknown>\n#5 0x5625e19e240d <unknown>\n#6 0x5625e1a0814f <unknown>\n#7 0x5625e19e21b3 <unknown>\n#8 0x5625e19ae59b <unknown>\n#9 0x5625e19af971 <unknown>\n#10 0x5625e1e901fb <unknown>\n#11 0x5625e1e93f49 <unknown>\n#12 0x5625e1e772d9 <unknown>\n#13 0x5625e1e94af8 <unknown>\n#14 0x5625e1e5bbbf <unknown>\n#15 0x5625e1eb80b8 <unknown>\n#16 0x5625e1eb8296 <unknown>\n#17 0x5625e1eca006 <unknown>\n#18 0x7fd5d9c9caa4 <unknown>\n#19 0x7fd5d9d29c3c <unknown>",
        "time" : {
          "start" : 1756757454005,
          "stop" : 1756757464342,
          "duration" : 10337
        }
      }, {
        "uid" : "482002589aa7c0bc",
        "reportUrl" : "https://Brain-up.github.io/auto-tests-python/672//#testresult/482002589aa7c0bc",
        "status" : "skipped",
        "statusDetails" : "XFAIL\n\nselenium.common.exceptions.TimeoutException: Message: Can't find element by locator ('xpath', '//a[text()=\"Упражнения\"]')\nStacktrace:\n#0 0x56171ff7002a <unknown>\n#1 0x56171fa0fa70 <unknown>\n#2 0x56171fa61907 <unknown>\n#3 0x56171fa61b01 <unknown>\n#4 0x56171faafd54 <unknown>\n#5 0x56171fa8740d <unknown>\n#6 0x56171faad14f <unknown>\n#7 0x56171fa871b3 <unknown>\n#8 0x56171fa5359b <unknown>\n#9 0x56171fa54971 <unknown>\n#10 0x56171ff351fb <unknown>\n#11 0x56171ff38f49 <unknown>\n#12 0x56171ff1c2d9 <unknown>\n#13 0x56171ff39af8 <unknown>\n#14 0x56171ff00bbf <unknown>\n#15 0x56171ff5d0b8 <unknown>\n#16 0x56171ff5d296 <unknown>\n#17 0x56171ff6f006 <unknown>\n#18 0x7efea749caa4 <unknown>\n#19 0x7efea7529c3c <unknown>",
        "time" : {
          "start" : 1756648749588,
          "stop" : 1756648759975,
          "duration" : 10387
        }
      }, {
        "uid" : "7f32dbca8b4f886c",
        "reportUrl" : "https://Brain-up.github.io/auto-tests-python/671//#testresult/7f32dbca8b4f886c",
        "status" : "skipped",
        "statusDetails" : "XFAIL\n\nselenium.common.exceptions.TimeoutException: Message: Can't find element by locator ('xpath', '//a[text()=\"Упражнения\"]')\nStacktrace:\n#0 0x55f4a784f02a <unknown>\n#1 0x55f4a72eea70 <unknown>\n#2 0x55f4a7340907 <unknown>\n#3 0x55f4a7340b01 <unknown>\n#4 0x55f4a738ed54 <unknown>\n#5 0x55f4a736640d <unknown>\n#6 0x55f4a738c14f <unknown>\n#7 0x55f4a73661b3 <unknown>\n#8 0x55f4a733259b <unknown>\n#9 0x55f4a7333971 <unknown>\n#10 0x55f4a78141fb <unknown>\n#11 0x55f4a7817f49 <unknown>\n#12 0x55f4a77fb2d9 <unknown>\n#13 0x55f4a7818af8 <unknown>\n#14 0x55f4a77dfbbf <unknown>\n#15 0x55f4a783c0b8 <unknown>\n#16 0x55f4a783c296 <unknown>\n#17 0x55f4a784e006 <unknown>\n#18 0x7f7da849caa4 <unknown>\n#19 0x7f7da8529c3c <unknown>",
        "time" : {
          "start" : 1756547850267,
          "stop" : 1756547860611,
          "duration" : 10344
        }
      }, {
        "uid" : "24b3e5f2de4631a",
        "reportUrl" : "https://Brain-up.github.io/auto-tests-python/670//#testresult/24b3e5f2de4631a",
        "status" : "skipped",
        "statusDetails" : "XFAIL\n\nselenium.common.exceptions.TimeoutException: Message: Can't find element by locator ('xpath', '//a[text()=\"Упражнения\"]')\nStacktrace:\n#0 0x56362250002a <unknown>\n#1 0x563621f9fa70 <unknown>\n#2 0x563621ff1907 <unknown>\n#3 0x563621ff1b01 <unknown>\n#4 0x56362203fd54 <unknown>\n#5 0x56362201740d <unknown>\n#6 0x56362203d14f <unknown>\n#7 0x5636220171b3 <unknown>\n#8 0x563621fe359b <unknown>\n#9 0x563621fe4971 <unknown>\n#10 0x5636224c51fb <unknown>\n#11 0x5636224c8f49 <unknown>\n#12 0x5636224ac2d9 <unknown>\n#13 0x5636224c9af8 <unknown>\n#14 0x563622490bbf <unknown>\n#15 0x5636224ed0b8 <unknown>\n#16 0x5636224ed296 <unknown>\n#17 0x5636224ff006 <unknown>\n#18 0x7f9cc789caa4 <unknown>\n#19 0x7f9cc7929c3c <unknown>",
        "time" : {
          "start" : 1756490221322,
          "stop" : 1756490231666,
          "duration" : 10344
        }
      } ]
    },
    "tags" : [ "@pytest.mark.xfail" ]
  },
  "source" : "9c49667d2c27ae79.json",
  "parameterValues" : [ ]
}