{
  "uid" : "675bdc0b07ca1aa5",
  "name" : "Verify value of the title of the tab",
  "fullName" : "tests.contributors_page_test.TestContributorsPageText#test_cnp_02_01_verify_tab_title",
  "historyId" : "4645df0b4dcf02e2e0de7317f6971701",
  "time" : {
    "start" : 1754803766723,
    "stop" : 1754803766723,
    "duration" : 0
  },
  "status" : "broken",
  "statusMessage" : "selenium.common.exceptions.TimeoutException: Message: Can't find element by locator ('tag name', 'h2')\nStacktrace:\n#0 0x558437b322ca <unknown>\n#1 0x5584375d9550 <unknown>\n#2 0x55843762b0f0 <unknown>\n#3 0x55843762b2e1 <unknown>\n#4 0x5584376795e4 <unknown>\n#5 0x558437650bed <unknown>\n#6 0x5584376769e6 <unknown>\n#7 0x558437650993 <unknown>\n#8 0x55843761cd6b <unknown>\n#9 0x55843761e141 <unknown>\n#10 0x558437af72ab <unknown>\n#11 0x558437afb0b9 <unknown>\n#12 0x558437ade139 <unknown>\n#13 0x558437afbc68 <unknown>\n#14 0x558437ac260f <unknown>\n#15 0x558437b201f8 <unknown>\n#16 0x558437b203d6 <unknown>\n#17 0x558437b315e6 <unknown>\n#18 0x7fb8cdc9caa4 <unknown>\n#19 0x7fb8cdd29c3c <unknown>",
  "statusTrace" : "driver = <selenium.webdriver.chrome.webdriver.WebDriver (session=\"48f49ebc12cb651dbb588c5363848fd6\")>\n\n    @pytest.fixture()\n    @allure.step(f'Open page: {MainPageLinks.URL_CONTRIBUTORS_PAGE}')\n    def contributors_page_open(driver):\n        driver.get(MainPageLinks.URL_CONTRIBUTORS_PAGE)\n        page = ContributorsPage(driver)\n>       page.element_is_present(ContributorsPageLocators.PAGE_TITLE)\n\ntests/conftest.py:40: \n_ _ _ _ _ _ _ _ _ _ _ _ _ _ _ _ _ _ _ _ _ _ _ _ _ _ _ _ _ _ _ _ _ _ _ _ _ _ _ _ \npages/base_page.py:32: in element_is_present\n    return Wait(self.driver, self.timeout).until(\n_ _ _ _ _ _ _ _ _ _ _ _ _ _ _ _ _ _ _ _ _ _ _ _ _ _ _ _ _ _ _ _ _ _ _ _ _ _ _ _ \n\nself = <selenium.webdriver.support.wait.WebDriverWait (session=\"48f49ebc12cb651dbb588c5363848fd6\")>\nmethod = <function presence_of_element_located.<locals>._predicate at 0x7f22f222a0c0>\nmessage = \"Can't find element by locator ('tag name', 'h2')\"\n\n    def until(self, method, message: str = \"\"):\n        \"\"\"Calls the method provided with the driver as an argument until the \\\n        return value does not evaluate to ``False``.\n    \n        :param method: callable(WebDriver)\n        :param message: optional message for :exc:`TimeoutException`\n        :returns: the result of the last call to `method`\n        :raises: :exc:`selenium.common.exceptions.TimeoutException` if timeout occurs\n        \"\"\"\n        screen = None\n        stacktrace = None\n    \n        end_time = time.monotonic() + self._timeout\n        while True:\n            try:\n                value = method(self._driver)\n                if value:\n                    return value\n            except self._ignored_exceptions as exc:\n                screen = getattr(exc, \"screen\", None)\n                stacktrace = getattr(exc, \"stacktrace\", None)\n            time.sleep(self._poll)\n            if time.monotonic() > end_time:\n                break\n>       raise TimeoutException(message, screen, stacktrace)\nE       selenium.common.exceptions.TimeoutException: Message: Can't find element by locator ('tag name', 'h2')\nE       Stacktrace:\nE       #0 0x558437b322ca <unknown>\nE       #1 0x5584375d9550 <unknown>\nE       #2 0x55843762b0f0 <unknown>\nE       #3 0x55843762b2e1 <unknown>\nE       #4 0x5584376795e4 <unknown>\nE       #5 0x558437650bed <unknown>\nE       #6 0x5584376769e6 <unknown>\nE       #7 0x558437650993 <unknown>\nE       #8 0x55843761cd6b <unknown>\nE       #9 0x55843761e141 <unknown>\nE       #10 0x558437af72ab <unknown>\nE       #11 0x558437afb0b9 <unknown>\nE       #12 0x558437ade139 <unknown>\nE       #13 0x558437afbc68 <unknown>\nE       #14 0x558437ac260f <unknown>\nE       #15 0x558437b201f8 <unknown>\nE       #16 0x558437b203d6 <unknown>\nE       #17 0x558437b315e6 <unknown>\nE       #18 0x7fb8cdc9caa4 <unknown>\nE       #19 0x7fb8cdd29c3c <unknown>\n\n/opt/hostedtoolcache/Python/3.12.11/x64/lib/python3.12/site-packages/selenium/webdriver/support/wait.py:95: TimeoutException",
  "flaky" : false,
  "newFailed" : false,
  "beforeStages" : [ {
    "name" : "contributors_page_open",
    "time" : {
      "start" : 1754803767541,
      "stop" : 1754803781022,
      "duration" : 13481
    },
    "status" : "broken",
    "statusMessage" : "selenium.common.exceptions.TimeoutException: Message: Can't find element by locator ('tag name', 'h2')\nStacktrace:\n#0 0x558437b322ca <unknown>\n#1 0x5584375d9550 <unknown>\n#2 0x55843762b0f0 <unknown>\n#3 0x55843762b2e1 <unknown>\n#4 0x5584376795e4 <unknown>\n#5 0x558437650bed <unknown>\n#6 0x5584376769e6 <unknown>\n#7 0x558437650993 <unknown>\n#8 0x55843761cd6b <unknown>\n#9 0x55843761e141 <unknown>\n#10 0x558437af72ab <unknown>\n#11 0x558437afb0b9 <unknown>\n#12 0x558437ade139 <unknown>\n#13 0x558437afbc68 <unknown>\n#14 0x558437ac260f <unknown>\n#15 0x558437b201f8 <unknown>\n#16 0x558437b203d6 <unknown>\n#17 0x558437b315e6 <unknown>\n#18 0x7fb8cdc9caa4 <unknown>\n#19 0x7fb8cdd29c3c <unknown>\n\n",
    "statusTrace" : "  File \"/opt/hostedtoolcache/Python/3.12.11/x64/lib/python3.12/site-packages/pluggy/_callers.py\", line 38, in run_old_style_hookwrapper\n    res = yield\n          ^^^^^\n  File \"/opt/hostedtoolcache/Python/3.12.11/x64/lib/python3.12/site-packages/pluggy/_callers.py\", line 139, in _multicall\n    teardown.throw(exception)\n  File \"/opt/hostedtoolcache/Python/3.12.11/x64/lib/python3.12/site-packages/pluggy/_callers.py\", line 53, in run_old_style_hookwrapper\n    return result.get_result()\n           ^^^^^^^^^^^^^^^^^^^\n  File \"/opt/hostedtoolcache/Python/3.12.11/x64/lib/python3.12/site-packages/pluggy/_result.py\", line 103, in get_result\n    raise exc.with_traceback(tb)\n  File \"/opt/hostedtoolcache/Python/3.12.11/x64/lib/python3.12/site-packages/pluggy/_callers.py\", line 38, in run_old_style_hookwrapper\n    res = yield\n          ^^^^^\n  File \"/opt/hostedtoolcache/Python/3.12.11/x64/lib/python3.12/site-packages/pluggy/_callers.py\", line 121, in _multicall\n    res = hook_impl.function(*args)\n          ^^^^^^^^^^^^^^^^^^^^^^^^^\n  File \"/opt/hostedtoolcache/Python/3.12.11/x64/lib/python3.12/site-packages/_pytest/fixtures.py\", line 1123, in pytest_fixture_setup\n    result = call_fixture_func(fixturefunc, request, kwargs)\n             ^^^^^^^^^^^^^^^^^^^^^^^^^^^^^^^^^^^^^^^^^^^^^^^\n  File \"/opt/hostedtoolcache/Python/3.12.11/x64/lib/python3.12/site-packages/_pytest/fixtures.py\", line 902, in call_fixture_func\n    fixture_result = fixturefunc(**kwargs)\n                     ^^^^^^^^^^^^^^^^^^^^^\n  File \"/opt/hostedtoolcache/Python/3.12.11/x64/lib/python3.12/site-packages/allure_commons/_allure.py\", line 192, in impl\n    return func(*a, **kw)\n           ^^^^^^^^^^^^^^\n  File \"/home/runner/work/auto-tests-python/auto-tests-python/tests/conftest.py\", line 40, in contributors_page_open\n    page.element_is_present(ContributorsPageLocators.PAGE_TITLE)\n  File \"/home/runner/work/auto-tests-python/auto-tests-python/pages/base_page.py\", line 32, in element_is_present\n    return Wait(self.driver, self.timeout).until(\n           ^^^^^^^^^^^^^^^^^^^^^^^^^^^^^^^^^^^^^^\n  File \"/opt/hostedtoolcache/Python/3.12.11/x64/lib/python3.12/site-packages/selenium/webdriver/support/wait.py\", line 95, in until\n    raise TimeoutException(message, screen, stacktrace)\n",
    "steps" : [ {
      "name" : "Open page: https://www.brainup.site/contributors",
      "time" : {
        "start" : 1754803767541,
        "stop" : 1754803781021,
        "duration" : 13480
      },
      "status" : "broken",
      "statusMessage" : "selenium.common.exceptions.TimeoutException: Message: Can't find element by locator ('tag name', 'h2')\nStacktrace:\n#0 0x558437b322ca <unknown>\n#1 0x5584375d9550 <unknown>\n#2 0x55843762b0f0 <unknown>\n#3 0x55843762b2e1 <unknown>\n#4 0x5584376795e4 <unknown>\n#5 0x558437650bed <unknown>\n#6 0x5584376769e6 <unknown>\n#7 0x558437650993 <unknown>\n#8 0x55843761cd6b <unknown>\n#9 0x55843761e141 <unknown>\n#10 0x558437af72ab <unknown>\n#11 0x558437afb0b9 <unknown>\n#12 0x558437ade139 <unknown>\n#13 0x558437afbc68 <unknown>\n#14 0x558437ac260f <unknown>\n#15 0x558437b201f8 <unknown>\n#16 0x558437b203d6 <unknown>\n#17 0x558437b315e6 <unknown>\n#18 0x7fb8cdc9caa4 <unknown>\n#19 0x7fb8cdd29c3c <unknown>\n\n",
      "statusTrace" : "  File \"/opt/hostedtoolcache/Python/3.12.11/x64/lib/python3.12/site-packages/allure_commons/_allure.py\", line 192, in impl\n    return func(*a, **kw)\n           ^^^^^^^^^^^^^^\n  File \"/home/runner/work/auto-tests-python/auto-tests-python/tests/conftest.py\", line 40, in contributors_page_open\n    page.element_is_present(ContributorsPageLocators.PAGE_TITLE)\n  File \"/home/runner/work/auto-tests-python/auto-tests-python/pages/base_page.py\", line 32, in element_is_present\n    return Wait(self.driver, self.timeout).until(\n           ^^^^^^^^^^^^^^^^^^^^^^^^^^^^^^^^^^^^^^\n  File \"/opt/hostedtoolcache/Python/3.12.11/x64/lib/python3.12/site-packages/selenium/webdriver/support/wait.py\", line 95, in until\n    raise TimeoutException(message, screen, stacktrace)\n",
      "steps" : [ ],
      "attachments" : [ ],
      "parameters" : [ {
        "name" : "driver",
        "value" : "<selenium.webdriver.chrome.webdriver.WebDriver (session=\"48f49ebc12cb651dbb588c5363848fd6\")>"
      } ],
      "stepsCount" : 0,
      "attachmentsCount" : 0,
      "shouldDisplayMessage" : true,
      "hasContent" : true
    } ],
    "attachments" : [ ],
    "parameters" : [ ],
    "stepsCount" : 1,
    "attachmentsCount" : 0,
    "shouldDisplayMessage" : false,
    "hasContent" : true
  }, {
    "name" : "driver",
    "time" : {
      "start" : 1754803766723,
      "stop" : 1754803767541,
      "duration" : 818
    },
    "status" : "passed",
    "steps" : [ ],
    "attachments" : [ ],
    "parameters" : [ ],
    "stepsCount" : 0,
    "attachmentsCount" : 0,
    "shouldDisplayMessage" : false,
    "hasContent" : false
  }, {
    "name" : "clear_allure_results_folder",
    "time" : {
      "start" : 1754803683072,
      "stop" : 1754803683072,
      "duration" : 0
    },
    "status" : "passed",
    "steps" : [ ],
    "attachments" : [ ],
    "parameters" : [ ],
    "stepsCount" : 0,
    "attachmentsCount" : 0,
    "shouldDisplayMessage" : false,
    "hasContent" : false
  } ],
  "afterStages" : [ {
    "name" : "driver::0",
    "time" : {
      "start" : 1754803781063,
      "stop" : 1754803781130,
      "duration" : 67
    },
    "status" : "passed",
    "steps" : [ ],
    "attachments" : [ ],
    "parameters" : [ ],
    "stepsCount" : 0,
    "attachmentsCount" : 0,
    "shouldDisplayMessage" : false,
    "hasContent" : false
  } ],
  "labels" : [ {
    "name" : "epic",
    "value" : "The Contributors Page"
  }, {
    "name" : "parentSuite",
    "value" : "tests"
  }, {
    "name" : "suite",
    "value" : "contributors_page_test"
  }, {
    "name" : "subSuite",
    "value" : "TestContributorsPage"
  }, {
    "name" : "host",
    "value" : "pkrvmsl9tci6h6u"
  }, {
    "name" : "thread",
    "value" : "2613-MainThread"
  }, {
    "name" : "framework",
    "value" : "pytest"
  }, {
    "name" : "language",
    "value" : "cpython3"
  }, {
    "name" : "package",
    "value" : "tests.contributors_page_test"
  }, {
    "name" : "resultFormat",
    "value" : "allure2"
  } ],
  "parameters" : [ ],
  "links" : [ ],
  "hidden" : false,
  "retry" : false,
  "extra" : {
    "severity" : "normal",
    "retries" : [ ],
    "categories" : [ {
      "name" : "Test defects",
      "matchedStatuses" : [ ],
      "flaky" : false
    } ],
    "history" : {
      "statistic" : {
        "failed" : 3,
        "broken" : 2,
        "skipped" : 0,
        "passed" : 283,
        "unknown" : 0,
        "total" : 288
      },
      "items" : [ {
        "uid" : "16417f65a6cdde22",
        "reportUrl" : "https://Brain-up.github.io/auto-tests-python/652//#testresult/16417f65a6cdde22",
        "status" : "passed",
        "time" : {
          "start" : 1754734291167,
          "stop" : 1754734291178,
          "duration" : 11
        }
      }, {
        "uid" : "8467dd36a5b2abc2",
        "reportUrl" : "https://Brain-up.github.io/auto-tests-python/651//#testresult/8467dd36a5b2abc2",
        "status" : "passed",
        "time" : {
          "start" : 1754655551075,
          "stop" : 1754655551086,
          "duration" : 11
        }
      }, {
        "uid" : "e729c8208f699044",
        "reportUrl" : "https://Brain-up.github.io/auto-tests-python/650//#testresult/e729c8208f699044",
        "status" : "passed",
        "time" : {
          "start" : 1754565973554,
          "stop" : 1754565973565,
          "duration" : 11
        }
      }, {
        "uid" : "a4a20457510df223",
        "reportUrl" : "https://Brain-up.github.io/auto-tests-python/649//#testresult/a4a20457510df223",
        "status" : "passed",
        "time" : {
          "start" : 1754470740312,
          "stop" : 1754470740325,
          "duration" : 13
        }
      }, {
        "uid" : "f3ce1686b12c3dc2",
        "reportUrl" : "https://Brain-up.github.io/auto-tests-python/648//#testresult/f3ce1686b12c3dc2",
        "status" : "passed",
        "time" : {
          "start" : 1754423167263,
          "stop" : 1754423167275,
          "duration" : 12
        }
      }, {
        "uid" : "a168d2381cf43b79",
        "reportUrl" : "https://Brain-up.github.io/auto-tests-python/647//#testresult/a168d2381cf43b79",
        "status" : "broken",
        "statusDetails" : "selenium.common.exceptions.TimeoutException: Message: Can't find element by locator ('tag name', 'h2')\nStacktrace:\n#0 0x55e5d7fe287a <unknown>\n#1 0x55e5d7a872e0 <unknown>\n#2 0x55e5d7ad8e00 <unknown>\n#3 0x55e5d7ad8ff1 <unknown>\n#4 0x55e5d7b27324 <unknown>\n#5 0x55e5d7afe8dd <unknown>\n#6 0x55e5d7b2471c <unknown>\n#7 0x55e5d7afe683 <unknown>\n#8 0x55e5d7acab5b <unknown>\n#9 0x55e5d7acbf31 <unknown>\n#10 0x55e5d7fa77cb <unknown>\n#11 0x55e5d7fab5d4 <unknown>\n#12 0x55e5d7f8e2c9 <unknown>\n#13 0x55e5d7fac178 <unknown>\n#14 0x55e5d7f726bf <unknown>\n#15 0x55e5d7fcfe78 <unknown>\n#16 0x55e5d7fd0056 <unknown>\n#17 0x55e5d7fe1b96 <unknown>\n#18 0x7fe5dce9caa4 <unknown>\n#19 0x7fe5dcf29c3c <unknown>",
        "time" : {
          "start" : 1754288287562,
          "stop" : 1754288287562,
          "duration" : 0
        }
      }, {
        "uid" : "3e148ea6df841929",
        "reportUrl" : "https://Brain-up.github.io/auto-tests-python/646//#testresult/3e148ea6df841929",
        "status" : "passed",
        "time" : {
          "start" : 1754224586340,
          "stop" : 1754224586351,
          "duration" : 11
        }
      }, {
        "uid" : "ce29624417d99f3f",
        "reportUrl" : "https://Brain-up.github.io/auto-tests-python/645//#testresult/ce29624417d99f3f",
        "status" : "passed",
        "time" : {
          "start" : 1754128004407,
          "stop" : 1754128004418,
          "duration" : 11
        }
      }, {
        "uid" : "6f7eab7bfbb3f629",
        "reportUrl" : "https://Brain-up.github.io/auto-tests-python/644//#testresult/6f7eab7bfbb3f629",
        "status" : "passed",
        "time" : {
          "start" : 1754033364173,
          "stop" : 1754033364185,
          "duration" : 12
        }
      }, {
        "uid" : "613a2aa55b17c2bc",
        "reportUrl" : "https://Brain-up.github.io/auto-tests-python/643//#testresult/613a2aa55b17c2bc",
        "status" : "passed",
        "time" : {
          "start" : 1753946673465,
          "stop" : 1753946673477,
          "duration" : 12
        }
      }, {
        "uid" : "e6a33b2bcdfe9c20",
        "reportUrl" : "https://Brain-up.github.io/auto-tests-python/642//#testresult/e6a33b2bcdfe9c20",
        "status" : "passed",
        "time" : {
          "start" : 1753877623603,
          "stop" : 1753877623614,
          "duration" : 11
        }
      }, {
        "uid" : "8c4d0be7b44b80ed",
        "reportUrl" : "https://Brain-up.github.io/auto-tests-python/641//#testresult/8c4d0be7b44b80ed",
        "status" : "passed",
        "time" : {
          "start" : 1753776525554,
          "stop" : 1753776525566,
          "duration" : 12
        }
      }, {
        "uid" : "7a231707418d8661",
        "reportUrl" : "https://Brain-up.github.io/auto-tests-python/640//#testresult/7a231707418d8661",
        "status" : "passed",
        "time" : {
          "start" : 1753686349636,
          "stop" : 1753686349648,
          "duration" : 12
        }
      }, {
        "uid" : "4b05537888bbe5a3",
        "reportUrl" : "https://Brain-up.github.io/auto-tests-python/639//#testresult/4b05537888bbe5a3",
        "status" : "passed",
        "time" : {
          "start" : 1753562486941,
          "stop" : 1753562486952,
          "duration" : 11
        }
      }, {
        "uid" : "8e05fec6e13699e7",
        "reportUrl" : "https://Brain-up.github.io/auto-tests-python/638//#testresult/8e05fec6e13699e7",
        "status" : "passed",
        "time" : {
          "start" : 1753438455532,
          "stop" : 1753438455544,
          "duration" : 12
        }
      }, {
        "uid" : "77f3d1197ff0d6fe",
        "reportUrl" : "https://Brain-up.github.io/auto-tests-python/637//#testresult/77f3d1197ff0d6fe",
        "status" : "passed",
        "time" : {
          "start" : 1753356701442,
          "stop" : 1753356701453,
          "duration" : 11
        }
      }, {
        "uid" : "ecb04d0c70ee753",
        "reportUrl" : "https://Brain-up.github.io/auto-tests-python/636//#testresult/ecb04d0c70ee753",
        "status" : "passed",
        "time" : {
          "start" : 1753261811649,
          "stop" : 1753261811660,
          "duration" : 11
        }
      }, {
        "uid" : "47d7912f6cdd0737",
        "reportUrl" : "https://Brain-up.github.io/auto-tests-python/635//#testresult/47d7912f6cdd0737",
        "status" : "passed",
        "time" : {
          "start" : 1753178987254,
          "stop" : 1753178987265,
          "duration" : 11
        }
      }, {
        "uid" : "fd048c3eda22c57a",
        "reportUrl" : "https://Brain-up.github.io/auto-tests-python/633//#testresult/fd048c3eda22c57a",
        "status" : "passed",
        "time" : {
          "start" : 1753175018413,
          "stop" : 1753175018424,
          "duration" : 11
        }
      }, {
        "uid" : "bd7eeea914fd69f8",
        "reportUrl" : "https://Brain-up.github.io/auto-tests-python/634//#testresult/bd7eeea914fd69f8",
        "status" : "passed",
        "time" : {
          "start" : 1753172974106,
          "stop" : 1753172974118,
          "duration" : 12
        }
      } ]
    },
    "tags" : [ ]
  },
  "source" : "675bdc0b07ca1aa5.json",
  "parameterValues" : [ ]
}