{
  "uid" : "1be21b5ba019b9e",
  "name" : "Check statistic table.",
  "fullName" : "tests.test_speech_exercises_ru.TestCardsRU#test_get_statistic_data",
  "historyId" : "15df626f86a935fbcd917f7ea4002a26",
  "time" : {
    "start" : 1727658997674,
    "stop" : 1727659017767,
    "duration" : 20093
  },
  "status" : "skipped",
  "statusMessage" : "XFAIL\n\nselenium.common.exceptions.TimeoutException: Message: Can't find element by locator ('xpath', '//div[@class=\"__51e19\"]')\nStacktrace:\n#0 0x55a5059fa13a <unknown>\n#1 0x55a5056e05e0 <unknown>\n#2 0x55a50572fbe8 <unknown>\n#3 0x55a50572fe81 <unknown>\n#4 0x55a5057768c4 <unknown>\n#5 0x55a505754b4d <unknown>\n#6 0x55a505773d7d <unknown>\n#7 0x55a5057548c3 <unknown>\n#8 0x55a5057226b3 <unknown>\n#9 0x55a50572368e <unknown>\n#10 0x55a5059c4b3b <unknown>\n#11 0x55a5059c8ac1 <unknown>\n#12 0x55a5059b1335 <unknown>\n#13 0x55a5059c9642 <unknown>\n#14 0x55a50599649f <unknown>\n#15 0x55a5059e9038 <unknown>\n#16 0x55a5059e9203 <unknown>\n#17 0x55a5059f8f8c <unknown>\n#18 0x7fd1f7a94ac3 <unknown>",
  "statusTrace" : "self = <tests.test_speech_exercises_ru.TestCardsRU object at 0x7fe3e3110ad0>\ndriver = <selenium.webdriver.chrome.webdriver.WebDriver (session=\"6f9aabbf0b3255b825e3e3acc9b75457\")>\ndefault_user_authorized = None\n\n    @pytest.mark.xfail\n    @allure.suite('Statistic.')\n    @allure.title('Check statistic table.')\n    def test_get_statistic_data(self, driver, default_user_authorized):\n        page = SpeechExercisesPageRU(driver)\n>       table = page.get_statistic_data()\n\ntests/test_speech_exercises_ru.py:192: \n_ _ _ _ _ _ _ _ _ _ _ _ _ _ _ _ _ _ _ _ _ _ _ _ _ _ _ _ _ _ _ _ _ _ _ _ _ _ _ _ \npages/speech_exercises_page_ru.py:175: in get_statistic_data\n    table = self.element_is_present(self.locators.AuthorizedUserHomePageLocators.STATISTIC_TABLE)\npages/base_page.py:51: in element_is_present\n    return Wait(self.driver, self.timeout).until(\n_ _ _ _ _ _ _ _ _ _ _ _ _ _ _ _ _ _ _ _ _ _ _ _ _ _ _ _ _ _ _ _ _ _ _ _ _ _ _ _ \n\nself = <selenium.webdriver.support.wait.WebDriverWait (session=\"6f9aabbf0b3255b825e3e3acc9b75457\")>\nmethod = <function presence_of_element_located.<locals>._predicate at 0x7fe3e2ee8fe0>\nmessage = 'Can\\'t find element by locator (\\'xpath\\', \\'//div[@class=\"__51e19\"]\\')'\n\n    def until(self, method, message: str = \"\"):\n        \"\"\"Calls the method provided with the driver as an argument until the \\\n        return value does not evaluate to ``False``.\n    \n        :param method: callable(WebDriver)\n        :param message: optional message for :exc:`TimeoutException`\n        :returns: the result of the last call to `method`\n        :raises: :exc:`selenium.common.exceptions.TimeoutException` if timeout occurs\n        \"\"\"\n        screen = None\n        stacktrace = None\n    \n        end_time = time.monotonic() + self._timeout\n        while True:\n            try:\n                value = method(self._driver)\n                if value:\n                    return value\n            except self._ignored_exceptions as exc:\n                screen = getattr(exc, \"screen\", None)\n                stacktrace = getattr(exc, \"stacktrace\", None)\n            time.sleep(self._poll)\n            if time.monotonic() > end_time:\n                break\n>       raise TimeoutException(message, screen, stacktrace)\nE       selenium.common.exceptions.TimeoutException: Message: Can't find element by locator ('xpath', '//div[@class=\"__51e19\"]')\nE       Stacktrace:\nE       #0 0x55a5059fa13a <unknown>\nE       #1 0x55a5056e05e0 <unknown>\nE       #2 0x55a50572fbe8 <unknown>\nE       #3 0x55a50572fe81 <unknown>\nE       #4 0x55a5057768c4 <unknown>\nE       #5 0x55a505754b4d <unknown>\nE       #6 0x55a505773d7d <unknown>\nE       #7 0x55a5057548c3 <unknown>\nE       #8 0x55a5057226b3 <unknown>\nE       #9 0x55a50572368e <unknown>\nE       #10 0x55a5059c4b3b <unknown>\nE       #11 0x55a5059c8ac1 <unknown>\nE       #12 0x55a5059b1335 <unknown>\nE       #13 0x55a5059c9642 <unknown>\nE       #14 0x55a50599649f <unknown>\nE       #15 0x55a5059e9038 <unknown>\nE       #16 0x55a5059e9203 <unknown>\nE       #17 0x55a5059f8f8c <unknown>\nE       #18 0x7fd1f7a94ac3 <unknown>\n\n/opt/hostedtoolcache/Python/3.12.6/x64/lib/python3.12/site-packages/selenium/webdriver/support/wait.py:95: TimeoutException",
  "flaky" : false,
  "newFailed" : false,
  "beforeStages" : [ {
    "name" : "driver",
    "time" : {
      "start" : 1727658974378,
      "stop" : 1727658975136,
      "duration" : 758
    },
    "status" : "passed",
    "steps" : [ ],
    "attachments" : [ ],
    "parameters" : [ ],
    "attachmentsCount" : 0,
    "shouldDisplayMessage" : false,
    "hasContent" : false,
    "stepsCount" : 0
  }, {
    "name" : "default_user_authorized",
    "time" : {
      "start" : 1727658978157,
      "stop" : 1727658997673,
      "duration" : 19516
    },
    "status" : "passed",
    "steps" : [ {
      "name" : "DEFAULT user authorized",
      "time" : {
        "start" : 1727658978157,
        "stop" : 1727658997673,
        "duration" : 19516
      },
      "status" : "passed",
      "steps" : [ {
        "name" : "Check url is present: https://brainup.site/groups",
        "time" : {
          "start" : 1727658978513,
          "stop" : 1727658997651,
          "duration" : 19138
        },
        "status" : "passed",
        "steps" : [ ],
        "attachments" : [ ],
        "parameters" : [ ],
        "attachmentsCount" : 0,
        "shouldDisplayMessage" : false,
        "hasContent" : false,
        "stepsCount" : 0
      }, {
        "name" : "Loader checking",
        "time" : {
          "start" : 1727658997651,
          "stop" : 1727658997673,
          "duration" : 22
        },
        "status" : "passed",
        "steps" : [ ],
        "attachments" : [ ],
        "parameters" : [ ],
        "attachmentsCount" : 0,
        "shouldDisplayMessage" : false,
        "hasContent" : false,
        "stepsCount" : 0
      } ],
      "attachments" : [ ],
      "parameters" : [ {
        "name" : "driver",
        "value" : "<selenium.webdriver.chrome.webdriver.WebDriver (session=\"6f9aabbf0b3255b825e3e3acc9b75457\")>"
      }, {
        "name" : "main_page_open",
        "value" : "None"
      } ],
      "attachmentsCount" : 0,
      "shouldDisplayMessage" : false,
      "hasContent" : true,
      "stepsCount" : 2
    } ],
    "attachments" : [ ],
    "parameters" : [ ],
    "attachmentsCount" : 0,
    "shouldDisplayMessage" : false,
    "hasContent" : true,
    "stepsCount" : 3
  }, {
    "name" : "main_page_open",
    "time" : {
      "start" : 1727658975136,
      "stop" : 1727658978157,
      "duration" : 3021
    },
    "status" : "passed",
    "steps" : [ {
      "name" : "Open page: https://brainup.site/",
      "time" : {
        "start" : 1727658975136,
        "stop" : 1727658978157,
        "duration" : 3021
      },
      "status" : "passed",
      "steps" : [ ],
      "attachments" : [ ],
      "parameters" : [ {
        "name" : "driver",
        "value" : "<selenium.webdriver.chrome.webdriver.WebDriver (session=\"6f9aabbf0b3255b825e3e3acc9b75457\")>"
      } ],
      "attachmentsCount" : 0,
      "shouldDisplayMessage" : false,
      "hasContent" : true,
      "stepsCount" : 0
    } ],
    "attachments" : [ ],
    "parameters" : [ ],
    "attachmentsCount" : 0,
    "shouldDisplayMessage" : false,
    "hasContent" : true,
    "stepsCount" : 1
  }, {
    "name" : "clear_allure_results_folder",
    "time" : {
      "start" : 1727657860187,
      "stop" : 1727657860187,
      "duration" : 0
    },
    "status" : "passed",
    "steps" : [ ],
    "attachments" : [ ],
    "parameters" : [ ],
    "attachmentsCount" : 0,
    "shouldDisplayMessage" : false,
    "hasContent" : false,
    "stepsCount" : 0
  } ],
  "testStage" : {
    "status" : "skipped",
    "statusMessage" : "XFAIL\n\nselenium.common.exceptions.TimeoutException: Message: Can't find element by locator ('xpath', '//div[@class=\"__51e19\"]')\nStacktrace:\n#0 0x55a5059fa13a <unknown>\n#1 0x55a5056e05e0 <unknown>\n#2 0x55a50572fbe8 <unknown>\n#3 0x55a50572fe81 <unknown>\n#4 0x55a5057768c4 <unknown>\n#5 0x55a505754b4d <unknown>\n#6 0x55a505773d7d <unknown>\n#7 0x55a5057548c3 <unknown>\n#8 0x55a5057226b3 <unknown>\n#9 0x55a50572368e <unknown>\n#10 0x55a5059c4b3b <unknown>\n#11 0x55a5059c8ac1 <unknown>\n#12 0x55a5059b1335 <unknown>\n#13 0x55a5059c9642 <unknown>\n#14 0x55a50599649f <unknown>\n#15 0x55a5059e9038 <unknown>\n#16 0x55a5059e9203 <unknown>\n#17 0x55a5059f8f8c <unknown>\n#18 0x7fd1f7a94ac3 <unknown>",
    "statusTrace" : "self = <tests.test_speech_exercises_ru.TestCardsRU object at 0x7fe3e3110ad0>\ndriver = <selenium.webdriver.chrome.webdriver.WebDriver (session=\"6f9aabbf0b3255b825e3e3acc9b75457\")>\ndefault_user_authorized = None\n\n    @pytest.mark.xfail\n    @allure.suite('Statistic.')\n    @allure.title('Check statistic table.')\n    def test_get_statistic_data(self, driver, default_user_authorized):\n        page = SpeechExercisesPageRU(driver)\n>       table = page.get_statistic_data()\n\ntests/test_speech_exercises_ru.py:192: \n_ _ _ _ _ _ _ _ _ _ _ _ _ _ _ _ _ _ _ _ _ _ _ _ _ _ _ _ _ _ _ _ _ _ _ _ _ _ _ _ \npages/speech_exercises_page_ru.py:175: in get_statistic_data\n    table = self.element_is_present(self.locators.AuthorizedUserHomePageLocators.STATISTIC_TABLE)\npages/base_page.py:51: in element_is_present\n    return Wait(self.driver, self.timeout).until(\n_ _ _ _ _ _ _ _ _ _ _ _ _ _ _ _ _ _ _ _ _ _ _ _ _ _ _ _ _ _ _ _ _ _ _ _ _ _ _ _ \n\nself = <selenium.webdriver.support.wait.WebDriverWait (session=\"6f9aabbf0b3255b825e3e3acc9b75457\")>\nmethod = <function presence_of_element_located.<locals>._predicate at 0x7fe3e2ee8fe0>\nmessage = 'Can\\'t find element by locator (\\'xpath\\', \\'//div[@class=\"__51e19\"]\\')'\n\n    def until(self, method, message: str = \"\"):\n        \"\"\"Calls the method provided with the driver as an argument until the \\\n        return value does not evaluate to ``False``.\n    \n        :param method: callable(WebDriver)\n        :param message: optional message for :exc:`TimeoutException`\n        :returns: the result of the last call to `method`\n        :raises: :exc:`selenium.common.exceptions.TimeoutException` if timeout occurs\n        \"\"\"\n        screen = None\n        stacktrace = None\n    \n        end_time = time.monotonic() + self._timeout\n        while True:\n            try:\n                value = method(self._driver)\n                if value:\n                    return value\n            except self._ignored_exceptions as exc:\n                screen = getattr(exc, \"screen\", None)\n                stacktrace = getattr(exc, \"stacktrace\", None)\n            time.sleep(self._poll)\n            if time.monotonic() > end_time:\n                break\n>       raise TimeoutException(message, screen, stacktrace)\nE       selenium.common.exceptions.TimeoutException: Message: Can't find element by locator ('xpath', '//div[@class=\"__51e19\"]')\nE       Stacktrace:\nE       #0 0x55a5059fa13a <unknown>\nE       #1 0x55a5056e05e0 <unknown>\nE       #2 0x55a50572fbe8 <unknown>\nE       #3 0x55a50572fe81 <unknown>\nE       #4 0x55a5057768c4 <unknown>\nE       #5 0x55a505754b4d <unknown>\nE       #6 0x55a505773d7d <unknown>\nE       #7 0x55a5057548c3 <unknown>\nE       #8 0x55a5057226b3 <unknown>\nE       #9 0x55a50572368e <unknown>\nE       #10 0x55a5059c4b3b <unknown>\nE       #11 0x55a5059c8ac1 <unknown>\nE       #12 0x55a5059b1335 <unknown>\nE       #13 0x55a5059c9642 <unknown>\nE       #14 0x55a50599649f <unknown>\nE       #15 0x55a5059e9038 <unknown>\nE       #16 0x55a5059e9203 <unknown>\nE       #17 0x55a5059f8f8c <unknown>\nE       #18 0x7fd1f7a94ac3 <unknown>\n\n/opt/hostedtoolcache/Python/3.12.6/x64/lib/python3.12/site-packages/selenium/webdriver/support/wait.py:95: TimeoutException",
    "steps" : [ {
      "name" : "get_statistic_data",
      "time" : {
        "start" : 1727658997674,
        "stop" : 1727659017766,
        "duration" : 20092
      },
      "status" : "broken",
      "statusMessage" : "selenium.common.exceptions.TimeoutException: Message: Can't find element by locator ('xpath', '//div[@class=\"__51e19\"]')\nStacktrace:\n#0 0x55a5059fa13a <unknown>\n#1 0x55a5056e05e0 <unknown>\n#2 0x55a50572fbe8 <unknown>\n#3 0x55a50572fe81 <unknown>\n#4 0x55a5057768c4 <unknown>\n#5 0x55a505754b4d <unknown>\n#6 0x55a505773d7d <unknown>\n#7 0x55a5057548c3 <unknown>\n#8 0x55a5057226b3 <unknown>\n#9 0x55a50572368e <unknown>\n#10 0x55a5059c4b3b <unknown>\n#11 0x55a5059c8ac1 <unknown>\n#12 0x55a5059b1335 <unknown>\n#13 0x55a5059c9642 <unknown>\n#14 0x55a50599649f <unknown>\n#15 0x55a5059e9038 <unknown>\n#16 0x55a5059e9203 <unknown>\n#17 0x55a5059f8f8c <unknown>\n#18 0x7fd1f7a94ac3 <unknown>\n\n",
      "statusTrace" : "  File \"/opt/hostedtoolcache/Python/3.12.6/x64/lib/python3.12/site-packages/allure_commons/_allure.py\", line 192, in impl\n    return func(*a, **kw)\n           ^^^^^^^^^^^^^^\n  File \"/home/runner/work/auto-tests-python/auto-tests-python/pages/speech_exercises_page_ru.py\", line 175, in get_statistic_data\n    table = self.element_is_present(self.locators.AuthorizedUserHomePageLocators.STATISTIC_TABLE)\n            ^^^^^^^^^^^^^^^^^^^^^^^^^^^^^^^^^^^^^^^^^^^^^^^^^^^^^^^^^^^^^^^^^^^^^^^^^^^^^^^^^^^^^\n  File \"/home/runner/work/auto-tests-python/auto-tests-python/pages/base_page.py\", line 51, in element_is_present\n    return Wait(self.driver, self.timeout).until(\n           ^^^^^^^^^^^^^^^^^^^^^^^^^^^^^^^^^^^^^^\n  File \"/opt/hostedtoolcache/Python/3.12.6/x64/lib/python3.12/site-packages/selenium/webdriver/support/wait.py\", line 95, in until\n    raise TimeoutException(message, screen, stacktrace)\n",
      "steps" : [ {
        "name" : "Click button \"Статистика\"\".",
        "time" : {
          "start" : 1727658997674,
          "stop" : 1727658997758,
          "duration" : 84
        },
        "status" : "passed",
        "steps" : [ ],
        "attachments" : [ ],
        "parameters" : [ ],
        "attachmentsCount" : 0,
        "shouldDisplayMessage" : false,
        "hasContent" : false,
        "stepsCount" : 0
      }, {
        "name" : "Check statistic table is present and scroll to table",
        "time" : {
          "start" : 1727658997758,
          "stop" : 1727659017766,
          "duration" : 20008
        },
        "status" : "broken",
        "statusMessage" : "selenium.common.exceptions.TimeoutException: Message: Can't find element by locator ('xpath', '//div[@class=\"__51e19\"]')\nStacktrace:\n#0 0x55a5059fa13a <unknown>\n#1 0x55a5056e05e0 <unknown>\n#2 0x55a50572fbe8 <unknown>\n#3 0x55a50572fe81 <unknown>\n#4 0x55a5057768c4 <unknown>\n#5 0x55a505754b4d <unknown>\n#6 0x55a505773d7d <unknown>\n#7 0x55a5057548c3 <unknown>\n#8 0x55a5057226b3 <unknown>\n#9 0x55a50572368e <unknown>\n#10 0x55a5059c4b3b <unknown>\n#11 0x55a5059c8ac1 <unknown>\n#12 0x55a5059b1335 <unknown>\n#13 0x55a5059c9642 <unknown>\n#14 0x55a50599649f <unknown>\n#15 0x55a5059e9038 <unknown>\n#16 0x55a5059e9203 <unknown>\n#17 0x55a5059f8f8c <unknown>\n#18 0x7fd1f7a94ac3 <unknown>\n\n",
        "statusTrace" : "  File \"/home/runner/work/auto-tests-python/auto-tests-python/pages/speech_exercises_page_ru.py\", line 175, in get_statistic_data\n    table = self.element_is_present(self.locators.AuthorizedUserHomePageLocators.STATISTIC_TABLE)\n            ^^^^^^^^^^^^^^^^^^^^^^^^^^^^^^^^^^^^^^^^^^^^^^^^^^^^^^^^^^^^^^^^^^^^^^^^^^^^^^^^^^^^^\n  File \"/home/runner/work/auto-tests-python/auto-tests-python/pages/base_page.py\", line 51, in element_is_present\n    return Wait(self.driver, self.timeout).until(\n           ^^^^^^^^^^^^^^^^^^^^^^^^^^^^^^^^^^^^^^\n  File \"/opt/hostedtoolcache/Python/3.12.6/x64/lib/python3.12/site-packages/selenium/webdriver/support/wait.py\", line 95, in until\n    raise TimeoutException(message, screen, stacktrace)\n",
        "steps" : [ ],
        "attachments" : [ ],
        "parameters" : [ ],
        "attachmentsCount" : 0,
        "shouldDisplayMessage" : true,
        "hasContent" : true,
        "stepsCount" : 0
      } ],
      "attachments" : [ ],
      "parameters" : [ ],
      "attachmentsCount" : 0,
      "shouldDisplayMessage" : false,
      "hasContent" : true,
      "stepsCount" : 2
    } ],
    "attachments" : [ ],
    "parameters" : [ ],
    "attachmentsCount" : 0,
    "shouldDisplayMessage" : true,
    "hasContent" : true,
    "stepsCount" : 3
  },
  "afterStages" : [ {
    "name" : "driver::0",
    "time" : {
      "start" : 1727659017783,
      "stop" : 1727659017870,
      "duration" : 87
    },
    "status" : "passed",
    "steps" : [ ],
    "attachments" : [ ],
    "parameters" : [ ],
    "attachmentsCount" : 0,
    "shouldDisplayMessage" : false,
    "hasContent" : false,
    "stepsCount" : 0
  } ],
  "labels" : [ {
    "name" : "suite",
    "value" : "Statistic."
  }, {
    "name" : "epic",
    "value" : "Speech exercises."
  }, {
    "name" : "tag",
    "value" : "@pytest.mark.xfail"
  }, {
    "name" : "parentSuite",
    "value" : "tests"
  }, {
    "name" : "subSuite",
    "value" : "TestCardsRU"
  }, {
    "name" : "host",
    "value" : "fv-az2031-705"
  }, {
    "name" : "thread",
    "value" : "2334-MainThread"
  }, {
    "name" : "framework",
    "value" : "pytest"
  }, {
    "name" : "language",
    "value" : "cpython3"
  }, {
    "name" : "package",
    "value" : "tests.test_speech_exercises_ru"
  }, {
    "name" : "resultFormat",
    "value" : "allure2"
  } ],
  "parameters" : [ ],
  "links" : [ ],
  "hidden" : false,
  "retry" : false,
  "extra" : {
    "severity" : "normal",
    "retries" : [ ],
    "categories" : [ ],
    "history" : {
      "statistic" : {
        "failed" : 0,
        "broken" : 0,
        "skipped" : 30,
        "passed" : 433,
        "unknown" : 0,
        "total" : 463
      },
      "items" : [ {
        "uid" : "7e1224dfddfdb7ff",
        "reportUrl" : "https://Brain-up.github.io/auto-tests-python/301//#testresult/7e1224dfddfdb7ff",
        "status" : "skipped",
        "statusDetails" : "XFAIL\n\nselenium.common.exceptions.TimeoutException: Message: Can't find element by locator https://brainup.site/groups",
        "time" : {
          "start" : 1727599097437,
          "stop" : 1727599097437,
          "duration" : 0
        }
      }, {
        "uid" : "7bf10dc2e660f152",
        "reportUrl" : "https://Brain-up.github.io/auto-tests-python/300//#testresult/7bf10dc2e660f152",
        "status" : "passed",
        "statusDetails" : "XPASS",
        "time" : {
          "start" : 1727596944451,
          "stop" : 1727596947348,
          "duration" : 2897
        }
      }, {
        "uid" : "16eaeaf6d65074dd",
        "reportUrl" : "https://Brain-up.github.io/auto-tests-python/137//#testresult/16eaeaf6d65074dd",
        "status" : "passed",
        "statusDetails" : "XPASS",
        "time" : {
          "start" : 1727572728315,
          "stop" : 1727572730699,
          "duration" : 2384
        }
      }, {
        "uid" : "9b6abb41fa722592",
        "reportUrl" : "https://Brain-up.github.io/auto-tests-python/299//#testresult/9b6abb41fa722592",
        "status" : "passed",
        "statusDetails" : "XPASS",
        "time" : {
          "start" : 1727515029930,
          "stop" : 1727515031779,
          "duration" : 1849
        }
      }, {
        "uid" : "1771362c03740941",
        "reportUrl" : "https://Brain-up.github.io/auto-tests-python/298//#testresult/1771362c03740941",
        "status" : "skipped",
        "statusDetails" : "XFAIL\n\nselenium.common.exceptions.TimeoutException: Message: Can't find element by locator https://brainup.site/groups",
        "time" : {
          "start" : 1727511450632,
          "stop" : 1727511450632,
          "duration" : 0
        }
      }, {
        "uid" : "60446b614c90cbf2",
        "reportUrl" : "https://Brain-up.github.io/auto-tests-python/136//#testresult/60446b614c90cbf2",
        "status" : "skipped",
        "statusDetails" : "XFAIL\n\nselenium.common.exceptions.TimeoutException: Message: Can't find element by locator https://brainup.site/groups",
        "time" : {
          "start" : 1727486019557,
          "stop" : 1727486019557,
          "duration" : 0
        }
      }, {
        "uid" : "41de3c40e0e0e4eb",
        "reportUrl" : "https://Brain-up.github.io/auto-tests-python/297//#testresult/41de3c40e0e0e4eb",
        "status" : "passed",
        "statusDetails" : "XPASS",
        "time" : {
          "start" : 1727428980513,
          "stop" : 1727428982414,
          "duration" : 1901
        }
      }, {
        "uid" : "d3a45d8bd0ceb4b5",
        "reportUrl" : "https://Brain-up.github.io/auto-tests-python/296//#testresult/d3a45d8bd0ceb4b5",
        "status" : "skipped",
        "statusDetails" : "XFAIL\n\nselenium.common.exceptions.TimeoutException: Message: Can't find element by locator https://brainup.site/groups",
        "time" : {
          "start" : 1727426089181,
          "stop" : 1727426089181,
          "duration" : 0
        }
      }, {
        "uid" : "f6e765f64507e3f6",
        "reportUrl" : "https://Brain-up.github.io/auto-tests-python/135//#testresult/f6e765f64507e3f6",
        "status" : "passed",
        "statusDetails" : "XPASS",
        "time" : {
          "start" : 1727400142257,
          "stop" : 1727400150190,
          "duration" : 7933
        }
      }, {
        "uid" : "4713506a71e024c5",
        "reportUrl" : "https://Brain-up.github.io/auto-tests-python/295//#testresult/4713506a71e024c5",
        "status" : "skipped",
        "statusDetails" : "XFAIL\n\nselenium.common.exceptions.TimeoutException: Message: Can't find element by locator https://brainup.site/groups",
        "time" : {
          "start" : 1727347784322,
          "stop" : 1727347784322,
          "duration" : 0
        }
      }, {
        "uid" : "8dcd3cb5fb3d171",
        "reportUrl" : "https://Brain-up.github.io/auto-tests-python/294//#testresult/8dcd3cb5fb3d171",
        "status" : "skipped",
        "statusDetails" : "XFAIL\n\nselenium.common.exceptions.TimeoutException: Message: Can't find element by locator https://brainup.site/groups",
        "time" : {
          "start" : 1727346154286,
          "stop" : 1727346154286,
          "duration" : 0
        }
      }, {
        "uid" : "e4c081763a4499c9",
        "reportUrl" : "https://Brain-up.github.io/auto-tests-python/293//#testresult/e4c081763a4499c9",
        "status" : "passed",
        "statusDetails" : "XPASS",
        "time" : {
          "start" : 1727342451532,
          "stop" : 1727342454468,
          "duration" : 2936
        }
      }, {
        "uid" : "2aaaef7c982a783a",
        "reportUrl" : "https://Brain-up.github.io/auto-tests-python/293//#testresult/2aaaef7c982a783a",
        "status" : "skipped",
        "statusDetails" : "XFAIL\n\nselenium.common.exceptions.TimeoutException: Message: Can't find element by locator https://brainup.site/groups",
        "time" : {
          "start" : 1727340677908,
          "stop" : 1727340677908,
          "duration" : 0
        }
      }, {
        "uid" : "aedee37a1c1a7753",
        "reportUrl" : "https://Brain-up.github.io/auto-tests-python/292//#testresult/aedee37a1c1a7753",
        "status" : "passed",
        "statusDetails" : "XPASS",
        "time" : {
          "start" : 1727340187302,
          "stop" : 1727340202399,
          "duration" : 15097
        }
      }, {
        "uid" : "1a2e2d2477798f75",
        "reportUrl" : "https://Brain-up.github.io/auto-tests-python/134//#testresult/1a2e2d2477798f75",
        "status" : "passed",
        "statusDetails" : "XPASS",
        "time" : {
          "start" : 1727313427081,
          "stop" : 1727313429366,
          "duration" : 2285
        }
      }, {
        "uid" : "b68e816a7974152a",
        "reportUrl" : "https://Brain-up.github.io/auto-tests-python/291//#testresult/b68e816a7974152a",
        "status" : "passed",
        "statusDetails" : "XPASS",
        "time" : {
          "start" : 1727256823146,
          "stop" : 1727256826580,
          "duration" : 3434
        }
      }, {
        "uid" : "52b634b773fdf306",
        "reportUrl" : "https://Brain-up.github.io/auto-tests-python/290//#testresult/52b634b773fdf306",
        "status" : "skipped",
        "statusDetails" : "XFAIL\n\nselenium.common.exceptions.TimeoutException: Message: Can't find element by locator ('xpath', '//div[@class=\"__51e19\"]')\nStacktrace:\n#0 0x559f0b2042da <unknown>\n#1 0x559f0aed2200 <unknown>\n#2 0x559f0af21aa2 <unknown>\n#3 0x559f0af21d41 <unknown>\n#4 0x559f0af67964 <unknown>\n#5 0x559f0af468fd <unknown>\n#6 0x559f0af64dfd <unknown>\n#7 0x559f0af46673 <unknown>\n#8 0x559f0af14473 <unknown>\n#9 0x559f0af1547e <unknown>\n#10 0x559f0b1cb0db <unknown>\n#11 0x559f0b1cf071 <unknown>\n#12 0x559f0b1b79d5 <unknown>\n#13 0x559f0b1cfbf2 <unknown>\n#14 0x559f0b19cb6f <unknown>\n#15 0x559f0b1f3248 <unknown>\n#16 0x559f0b1f3417 <unknown>\n#17 0x559f0b2030cc <unknown>\n#18 0x7fe226894ac3 <unknown>",
        "time" : {
          "start" : 1727254004109,
          "stop" : 1727254024246,
          "duration" : 20137
        }
      }, {
        "uid" : "c092b8afbdac2f9f",
        "reportUrl" : "https://Brain-up.github.io/auto-tests-python/290//#testresult/c092b8afbdac2f9f",
        "status" : "skipped",
        "statusDetails" : "XFAIL\n\nselenium.common.exceptions.TimeoutException: Message: Can't find element by locator https://brainup.site/groups",
        "time" : {
          "start" : 1727248621245,
          "stop" : 1727248621245,
          "duration" : 0
        }
      }, {
        "uid" : "3707d0fdb3e40752",
        "reportUrl" : "https://Brain-up.github.io/auto-tests-python/133//#testresult/3707d0fdb3e40752",
        "status" : "skipped",
        "statusDetails" : "XFAIL\n\nselenium.common.exceptions.TimeoutException: Message: Can't find element by locator https://brainup.site/groups",
        "time" : {
          "start" : 1727226998018,
          "stop" : 1727226998018,
          "duration" : 0
        }
      }, {
        "uid" : "6722b8abaf386916",
        "reportUrl" : "https://Brain-up.github.io/auto-tests-python/289//#testresult/6722b8abaf386916",
        "status" : "skipped",
        "statusDetails" : "XFAIL\n\nselenium.common.exceptions.TimeoutException: Message: Can't find element by locator https://brainup.site/groups",
        "time" : {
          "start" : 1727173746778,
          "stop" : 1727173746778,
          "duration" : 0
        }
      } ]
    },
    "tags" : [ "@pytest.mark.xfail" ]
  },
  "source" : "1be21b5ba019b9e.json",
  "parameterValues" : [ ]
}