{
  "uid" : "bfa95091aa6a4352",
  "name" : "Solutions to a random task in the \"Слова\" group and comparison of statics.",
  "fullName" : "tests.test_speech_exercises_ru.TestCardsRU#test_solve_word_cards_with_statistic_ru",
  "historyId" : "0fb6881b2015244903bd7785af7503a6",
  "time" : {
    "start" : 1752485604811,
    "stop" : 1752485615210,
    "duration" : 10399
  },
  "status" : "skipped",
  "statusMessage" : "XFAIL\n\nselenium.common.exceptions.TimeoutException: Message: Can't find element by locator ('xpath', '//div[@class=\"__51e19\"]')\nStacktrace:\n#0 0x55fefe75a23a <unknown>\n#1 0x55fefe204ab0 <unknown>\n#2 0x55fefe2566f0 <unknown>\n#3 0x55fefe2568e1 <unknown>\n#4 0x55fefe2a4b94 <unknown>\n#5 0x55fefe27c1cd <unknown>\n#6 0x55fefe2a1fee <unknown>\n#7 0x55fefe27bf73 <unknown>\n#8 0x55fefe248aeb <unknown>\n#9 0x55fefe249751 <unknown>\n#10 0x55fefe71eb4b <unknown>\n#11 0x55fefe722929 <unknown>\n#12 0x55fefe705929 <unknown>\n#13 0x55fefe7234e8 <unknown>\n#14 0x55fefe6ea0df <unknown>\n#15 0x55fefe7478e8 <unknown>\n#16 0x55fefe747ac6 <unknown>\n#17 0x55fefe759556 <unknown>\n#18 0x7efd7249caa4 <unknown>\n#19 0x7efd72529c3c <unknown>",
  "statusTrace" : "self = <tests.test_speech_exercises_ru.TestCardsRU object at 0x7f78d97839b0>\ndriver = <selenium.webdriver.chrome.webdriver.WebDriver (session=\"6b47e9ab89edf31cebd9d329b72b22c8\")>\ndefault_user_authorized = None\n\n    @pytest.mark.xfail\n    @allure.suite(\"Речевые упражнения.\")\n    @allure.title('Solutions to a random task in the \"Слова\" group and comparison of statics.')\n    def test_solve_word_cards_with_statistic_ru(self, driver, default_user_authorized):\n        page = SpeechExercisesPageRU(driver)\n        page.click_button_ru()\n>       table = page.get_statistic_data()\n\ntests/test_speech_exercises_ru.py:165: \n_ _ _ _ _ _ _ _ _ _ _ _ _ _ _ _ _ _ _ _ _ _ _ _ _ _ _ _ _ _ _ _ _ _ _ _ _ _ _ _ \npages/speech_exercises_page_ru.py:174: in get_statistic_data\n    table = self.element_is_present(self.locators.AuthorizedUserHomePageLocators.STATISTIC_TABLE)\npages/base_page.py:32: in element_is_present\n    return Wait(self.driver, self.timeout).until(\n_ _ _ _ _ _ _ _ _ _ _ _ _ _ _ _ _ _ _ _ _ _ _ _ _ _ _ _ _ _ _ _ _ _ _ _ _ _ _ _ \n\nself = <selenium.webdriver.support.wait.WebDriverWait (session=\"6b47e9ab89edf31cebd9d329b72b22c8\")>\nmethod = <function presence_of_element_located.<locals>._predicate at 0x7f78d95faf20>\nmessage = 'Can\\'t find element by locator (\\'xpath\\', \\'//div[@class=\"__51e19\"]\\')'\n\n    def until(self, method, message: str = \"\"):\n        \"\"\"Calls the method provided with the driver as an argument until the \\\n        return value does not evaluate to ``False``.\n    \n        :param method: callable(WebDriver)\n        :param message: optional message for :exc:`TimeoutException`\n        :returns: the result of the last call to `method`\n        :raises: :exc:`selenium.common.exceptions.TimeoutException` if timeout occurs\n        \"\"\"\n        screen = None\n        stacktrace = None\n    \n        end_time = time.monotonic() + self._timeout\n        while True:\n            try:\n                value = method(self._driver)\n                if value:\n                    return value\n            except self._ignored_exceptions as exc:\n                screen = getattr(exc, \"screen\", None)\n                stacktrace = getattr(exc, \"stacktrace\", None)\n            time.sleep(self._poll)\n            if time.monotonic() > end_time:\n                break\n>       raise TimeoutException(message, screen, stacktrace)\nE       selenium.common.exceptions.TimeoutException: Message: Can't find element by locator ('xpath', '//div[@class=\"__51e19\"]')\nE       Stacktrace:\nE       #0 0x55fefe75a23a <unknown>\nE       #1 0x55fefe204ab0 <unknown>\nE       #2 0x55fefe2566f0 <unknown>\nE       #3 0x55fefe2568e1 <unknown>\nE       #4 0x55fefe2a4b94 <unknown>\nE       #5 0x55fefe27c1cd <unknown>\nE       #6 0x55fefe2a1fee <unknown>\nE       #7 0x55fefe27bf73 <unknown>\nE       #8 0x55fefe248aeb <unknown>\nE       #9 0x55fefe249751 <unknown>\nE       #10 0x55fefe71eb4b <unknown>\nE       #11 0x55fefe722929 <unknown>\nE       #12 0x55fefe705929 <unknown>\nE       #13 0x55fefe7234e8 <unknown>\nE       #14 0x55fefe6ea0df <unknown>\nE       #15 0x55fefe7478e8 <unknown>\nE       #16 0x55fefe747ac6 <unknown>\nE       #17 0x55fefe759556 <unknown>\nE       #18 0x7efd7249caa4 <unknown>\nE       #19 0x7efd72529c3c <unknown>\n\n/opt/hostedtoolcache/Python/3.12.11/x64/lib/python3.12/site-packages/selenium/webdriver/support/wait.py:95: TimeoutException",
  "flaky" : false,
  "newFailed" : false,
  "beforeStages" : [ {
    "name" : "clear_allure_results_folder",
    "time" : {
      "start" : 1752484042726,
      "stop" : 1752484042726,
      "duration" : 0
    },
    "status" : "passed",
    "steps" : [ ],
    "attachments" : [ ],
    "parameters" : [ ],
    "stepsCount" : 0,
    "attachmentsCount" : 0,
    "shouldDisplayMessage" : false,
    "hasContent" : false
  }, {
    "name" : "default_user_authorized",
    "time" : {
      "start" : 1752485602383,
      "stop" : 1752485604811,
      "duration" : 2428
    },
    "status" : "passed",
    "steps" : [ {
      "name" : "DEFAULT user authorized",
      "time" : {
        "start" : 1752485602383,
        "stop" : 1752485604811,
        "duration" : 2428
      },
      "status" : "passed",
      "steps" : [ {
        "name" : "Check url is present: https://www.brainup.site/groups",
        "time" : {
          "start" : 1752485602760,
          "stop" : 1752485604788,
          "duration" : 2028
        },
        "status" : "passed",
        "steps" : [ ],
        "attachments" : [ ],
        "parameters" : [ ],
        "stepsCount" : 0,
        "attachmentsCount" : 0,
        "shouldDisplayMessage" : false,
        "hasContent" : false
      }, {
        "name" : "Loader checking",
        "time" : {
          "start" : 1752485604788,
          "stop" : 1752485604811,
          "duration" : 23
        },
        "status" : "passed",
        "steps" : [ ],
        "attachments" : [ ],
        "parameters" : [ ],
        "stepsCount" : 0,
        "attachmentsCount" : 0,
        "shouldDisplayMessage" : false,
        "hasContent" : false
      } ],
      "attachments" : [ ],
      "parameters" : [ {
        "name" : "driver",
        "value" : "<selenium.webdriver.chrome.webdriver.WebDriver (session=\"6b47e9ab89edf31cebd9d329b72b22c8\")>"
      }, {
        "name" : "main_page_open",
        "value" : "None"
      } ],
      "stepsCount" : 2,
      "attachmentsCount" : 0,
      "shouldDisplayMessage" : false,
      "hasContent" : true
    } ],
    "attachments" : [ ],
    "parameters" : [ ],
    "stepsCount" : 3,
    "attachmentsCount" : 0,
    "shouldDisplayMessage" : false,
    "hasContent" : true
  }, {
    "name" : "main_page_open",
    "time" : {
      "start" : 1752485599312,
      "stop" : 1752485602383,
      "duration" : 3071
    },
    "status" : "passed",
    "steps" : [ {
      "name" : "Open page: https://www.brainup.site/",
      "time" : {
        "start" : 1752485599312,
        "stop" : 1752485602383,
        "duration" : 3071
      },
      "status" : "passed",
      "steps" : [ ],
      "attachments" : [ ],
      "parameters" : [ {
        "name" : "driver",
        "value" : "<selenium.webdriver.chrome.webdriver.WebDriver (session=\"6b47e9ab89edf31cebd9d329b72b22c8\")>"
      } ],
      "stepsCount" : 0,
      "attachmentsCount" : 0,
      "shouldDisplayMessage" : false,
      "hasContent" : true
    } ],
    "attachments" : [ ],
    "parameters" : [ ],
    "stepsCount" : 1,
    "attachmentsCount" : 0,
    "shouldDisplayMessage" : false,
    "hasContent" : true
  }, {
    "name" : "driver",
    "time" : {
      "start" : 1752485598490,
      "stop" : 1752485599312,
      "duration" : 822
    },
    "status" : "passed",
    "steps" : [ ],
    "attachments" : [ ],
    "parameters" : [ ],
    "stepsCount" : 0,
    "attachmentsCount" : 0,
    "shouldDisplayMessage" : false,
    "hasContent" : false
  } ],
  "testStage" : {
    "status" : "skipped",
    "statusMessage" : "XFAIL\n\nselenium.common.exceptions.TimeoutException: Message: Can't find element by locator ('xpath', '//div[@class=\"__51e19\"]')\nStacktrace:\n#0 0x55fefe75a23a <unknown>\n#1 0x55fefe204ab0 <unknown>\n#2 0x55fefe2566f0 <unknown>\n#3 0x55fefe2568e1 <unknown>\n#4 0x55fefe2a4b94 <unknown>\n#5 0x55fefe27c1cd <unknown>\n#6 0x55fefe2a1fee <unknown>\n#7 0x55fefe27bf73 <unknown>\n#8 0x55fefe248aeb <unknown>\n#9 0x55fefe249751 <unknown>\n#10 0x55fefe71eb4b <unknown>\n#11 0x55fefe722929 <unknown>\n#12 0x55fefe705929 <unknown>\n#13 0x55fefe7234e8 <unknown>\n#14 0x55fefe6ea0df <unknown>\n#15 0x55fefe7478e8 <unknown>\n#16 0x55fefe747ac6 <unknown>\n#17 0x55fefe759556 <unknown>\n#18 0x7efd7249caa4 <unknown>\n#19 0x7efd72529c3c <unknown>",
    "statusTrace" : "self = <tests.test_speech_exercises_ru.TestCardsRU object at 0x7f78d97839b0>\ndriver = <selenium.webdriver.chrome.webdriver.WebDriver (session=\"6b47e9ab89edf31cebd9d329b72b22c8\")>\ndefault_user_authorized = None\n\n    @pytest.mark.xfail\n    @allure.suite(\"Речевые упражнения.\")\n    @allure.title('Solutions to a random task in the \"Слова\" group and comparison of statics.')\n    def test_solve_word_cards_with_statistic_ru(self, driver, default_user_authorized):\n        page = SpeechExercisesPageRU(driver)\n        page.click_button_ru()\n>       table = page.get_statistic_data()\n\ntests/test_speech_exercises_ru.py:165: \n_ _ _ _ _ _ _ _ _ _ _ _ _ _ _ _ _ _ _ _ _ _ _ _ _ _ _ _ _ _ _ _ _ _ _ _ _ _ _ _ \npages/speech_exercises_page_ru.py:174: in get_statistic_data\n    table = self.element_is_present(self.locators.AuthorizedUserHomePageLocators.STATISTIC_TABLE)\npages/base_page.py:32: in element_is_present\n    return Wait(self.driver, self.timeout).until(\n_ _ _ _ _ _ _ _ _ _ _ _ _ _ _ _ _ _ _ _ _ _ _ _ _ _ _ _ _ _ _ _ _ _ _ _ _ _ _ _ \n\nself = <selenium.webdriver.support.wait.WebDriverWait (session=\"6b47e9ab89edf31cebd9d329b72b22c8\")>\nmethod = <function presence_of_element_located.<locals>._predicate at 0x7f78d95faf20>\nmessage = 'Can\\'t find element by locator (\\'xpath\\', \\'//div[@class=\"__51e19\"]\\')'\n\n    def until(self, method, message: str = \"\"):\n        \"\"\"Calls the method provided with the driver as an argument until the \\\n        return value does not evaluate to ``False``.\n    \n        :param method: callable(WebDriver)\n        :param message: optional message for :exc:`TimeoutException`\n        :returns: the result of the last call to `method`\n        :raises: :exc:`selenium.common.exceptions.TimeoutException` if timeout occurs\n        \"\"\"\n        screen = None\n        stacktrace = None\n    \n        end_time = time.monotonic() + self._timeout\n        while True:\n            try:\n                value = method(self._driver)\n                if value:\n                    return value\n            except self._ignored_exceptions as exc:\n                screen = getattr(exc, \"screen\", None)\n                stacktrace = getattr(exc, \"stacktrace\", None)\n            time.sleep(self._poll)\n            if time.monotonic() > end_time:\n                break\n>       raise TimeoutException(message, screen, stacktrace)\nE       selenium.common.exceptions.TimeoutException: Message: Can't find element by locator ('xpath', '//div[@class=\"__51e19\"]')\nE       Stacktrace:\nE       #0 0x55fefe75a23a <unknown>\nE       #1 0x55fefe204ab0 <unknown>\nE       #2 0x55fefe2566f0 <unknown>\nE       #3 0x55fefe2568e1 <unknown>\nE       #4 0x55fefe2a4b94 <unknown>\nE       #5 0x55fefe27c1cd <unknown>\nE       #6 0x55fefe2a1fee <unknown>\nE       #7 0x55fefe27bf73 <unknown>\nE       #8 0x55fefe248aeb <unknown>\nE       #9 0x55fefe249751 <unknown>\nE       #10 0x55fefe71eb4b <unknown>\nE       #11 0x55fefe722929 <unknown>\nE       #12 0x55fefe705929 <unknown>\nE       #13 0x55fefe7234e8 <unknown>\nE       #14 0x55fefe6ea0df <unknown>\nE       #15 0x55fefe7478e8 <unknown>\nE       #16 0x55fefe747ac6 <unknown>\nE       #17 0x55fefe759556 <unknown>\nE       #18 0x7efd7249caa4 <unknown>\nE       #19 0x7efd72529c3c <unknown>\n\n/opt/hostedtoolcache/Python/3.12.11/x64/lib/python3.12/site-packages/selenium/webdriver/support/wait.py:95: TimeoutException",
    "steps" : [ {
      "name" : "click_button RU",
      "time" : {
        "start" : 1752485604811,
        "stop" : 1752485604879,
        "duration" : 68
      },
      "status" : "passed",
      "steps" : [ {
        "name" : "Click button \"RU\".",
        "time" : {
          "start" : 1752485604811,
          "stop" : 1752485604879,
          "duration" : 68
        },
        "status" : "passed",
        "steps" : [ ],
        "attachments" : [ ],
        "parameters" : [ ],
        "stepsCount" : 0,
        "attachmentsCount" : 0,
        "shouldDisplayMessage" : false,
        "hasContent" : false
      } ],
      "attachments" : [ ],
      "parameters" : [ ],
      "stepsCount" : 1,
      "attachmentsCount" : 0,
      "shouldDisplayMessage" : false,
      "hasContent" : true
    }, {
      "name" : "get_statistic_data",
      "time" : {
        "start" : 1752485604880,
        "stop" : 1752485615210,
        "duration" : 10330
      },
      "status" : "broken",
      "statusMessage" : "selenium.common.exceptions.TimeoutException: Message: Can't find element by locator ('xpath', '//div[@class=\"__51e19\"]')\nStacktrace:\n#0 0x55fefe75a23a <unknown>\n#1 0x55fefe204ab0 <unknown>\n#2 0x55fefe2566f0 <unknown>\n#3 0x55fefe2568e1 <unknown>\n#4 0x55fefe2a4b94 <unknown>\n#5 0x55fefe27c1cd <unknown>\n#6 0x55fefe2a1fee <unknown>\n#7 0x55fefe27bf73 <unknown>\n#8 0x55fefe248aeb <unknown>\n#9 0x55fefe249751 <unknown>\n#10 0x55fefe71eb4b <unknown>\n#11 0x55fefe722929 <unknown>\n#12 0x55fefe705929 <unknown>\n#13 0x55fefe7234e8 <unknown>\n#14 0x55fefe6ea0df <unknown>\n#15 0x55fefe7478e8 <unknown>\n#16 0x55fefe747ac6 <unknown>\n#17 0x55fefe759556 <unknown>\n#18 0x7efd7249caa4 <unknown>\n#19 0x7efd72529c3c <unknown>\n\n",
      "statusTrace" : "  File \"/opt/hostedtoolcache/Python/3.12.11/x64/lib/python3.12/site-packages/allure_commons/_allure.py\", line 192, in impl\n    return func(*a, **kw)\n           ^^^^^^^^^^^^^^\n  File \"/home/runner/work/auto-tests-python/auto-tests-python/pages/speech_exercises_page_ru.py\", line 174, in get_statistic_data\n    table = self.element_is_present(self.locators.AuthorizedUserHomePageLocators.STATISTIC_TABLE)\n            ^^^^^^^^^^^^^^^^^^^^^^^^^^^^^^^^^^^^^^^^^^^^^^^^^^^^^^^^^^^^^^^^^^^^^^^^^^^^^^^^^^^^^\n  File \"/home/runner/work/auto-tests-python/auto-tests-python/pages/base_page.py\", line 32, in element_is_present\n    return Wait(self.driver, self.timeout).until(\n           ^^^^^^^^^^^^^^^^^^^^^^^^^^^^^^^^^^^^^^\n  File \"/opt/hostedtoolcache/Python/3.12.11/x64/lib/python3.12/site-packages/selenium/webdriver/support/wait.py\", line 95, in until\n    raise TimeoutException(message, screen, stacktrace)\n",
      "steps" : [ {
        "name" : "Click button \"Статистика\"\".",
        "time" : {
          "start" : 1752485604880,
          "stop" : 1752485604950,
          "duration" : 70
        },
        "status" : "passed",
        "steps" : [ ],
        "attachments" : [ ],
        "parameters" : [ ],
        "stepsCount" : 0,
        "attachmentsCount" : 0,
        "shouldDisplayMessage" : false,
        "hasContent" : false
      }, {
        "name" : "Check statistic table is present and scroll to table",
        "time" : {
          "start" : 1752485604950,
          "stop" : 1752485615209,
          "duration" : 10259
        },
        "status" : "broken",
        "statusMessage" : "selenium.common.exceptions.TimeoutException: Message: Can't find element by locator ('xpath', '//div[@class=\"__51e19\"]')\nStacktrace:\n#0 0x55fefe75a23a <unknown>\n#1 0x55fefe204ab0 <unknown>\n#2 0x55fefe2566f0 <unknown>\n#3 0x55fefe2568e1 <unknown>\n#4 0x55fefe2a4b94 <unknown>\n#5 0x55fefe27c1cd <unknown>\n#6 0x55fefe2a1fee <unknown>\n#7 0x55fefe27bf73 <unknown>\n#8 0x55fefe248aeb <unknown>\n#9 0x55fefe249751 <unknown>\n#10 0x55fefe71eb4b <unknown>\n#11 0x55fefe722929 <unknown>\n#12 0x55fefe705929 <unknown>\n#13 0x55fefe7234e8 <unknown>\n#14 0x55fefe6ea0df <unknown>\n#15 0x55fefe7478e8 <unknown>\n#16 0x55fefe747ac6 <unknown>\n#17 0x55fefe759556 <unknown>\n#18 0x7efd7249caa4 <unknown>\n#19 0x7efd72529c3c <unknown>\n\n",
        "statusTrace" : "  File \"/home/runner/work/auto-tests-python/auto-tests-python/pages/speech_exercises_page_ru.py\", line 174, in get_statistic_data\n    table = self.element_is_present(self.locators.AuthorizedUserHomePageLocators.STATISTIC_TABLE)\n            ^^^^^^^^^^^^^^^^^^^^^^^^^^^^^^^^^^^^^^^^^^^^^^^^^^^^^^^^^^^^^^^^^^^^^^^^^^^^^^^^^^^^^\n  File \"/home/runner/work/auto-tests-python/auto-tests-python/pages/base_page.py\", line 32, in element_is_present\n    return Wait(self.driver, self.timeout).until(\n           ^^^^^^^^^^^^^^^^^^^^^^^^^^^^^^^^^^^^^^\n  File \"/opt/hostedtoolcache/Python/3.12.11/x64/lib/python3.12/site-packages/selenium/webdriver/support/wait.py\", line 95, in until\n    raise TimeoutException(message, screen, stacktrace)\n",
        "steps" : [ ],
        "attachments" : [ ],
        "parameters" : [ ],
        "stepsCount" : 0,
        "attachmentsCount" : 0,
        "shouldDisplayMessage" : true,
        "hasContent" : true
      } ],
      "attachments" : [ ],
      "parameters" : [ ],
      "stepsCount" : 2,
      "attachmentsCount" : 0,
      "shouldDisplayMessage" : false,
      "hasContent" : true
    } ],
    "attachments" : [ ],
    "parameters" : [ ],
    "stepsCount" : 5,
    "attachmentsCount" : 0,
    "shouldDisplayMessage" : true,
    "hasContent" : true
  },
  "afterStages" : [ {
    "name" : "driver::0",
    "time" : {
      "start" : 1752485615225,
      "stop" : 1752485615296,
      "duration" : 71
    },
    "status" : "passed",
    "steps" : [ ],
    "attachments" : [ ],
    "parameters" : [ ],
    "stepsCount" : 0,
    "attachmentsCount" : 0,
    "shouldDisplayMessage" : false,
    "hasContent" : false
  } ],
  "labels" : [ {
    "name" : "epic",
    "value" : "Speech exercises."
  }, {
    "name" : "suite",
    "value" : "Речевые упражнения."
  }, {
    "name" : "tag",
    "value" : "@pytest.mark.xfail"
  }, {
    "name" : "parentSuite",
    "value" : "tests"
  }, {
    "name" : "subSuite",
    "value" : "TestCardsRU"
  }, {
    "name" : "host",
    "value" : "pkrvmq0rgcvqdmg"
  }, {
    "name" : "thread",
    "value" : "2584-MainThread"
  }, {
    "name" : "framework",
    "value" : "pytest"
  }, {
    "name" : "language",
    "value" : "cpython3"
  }, {
    "name" : "package",
    "value" : "tests.test_speech_exercises_ru"
  }, {
    "name" : "resultFormat",
    "value" : "allure2"
  } ],
  "parameters" : [ ],
  "links" : [ ],
  "hidden" : false,
  "retry" : false,
  "extra" : {
    "severity" : "normal",
    "retries" : [ ],
    "categories" : [ ],
    "history" : {
      "statistic" : {
        "failed" : 0,
        "broken" : 0,
        "skipped" : 260,
        "passed" : 0,
        "unknown" : 0,
        "total" : 260
      },
      "items" : [ {
        "uid" : "41be3977f1e5d0f6",
        "reportUrl" : "https://Brain-up.github.io/auto-tests-python/627//#testresult/41be3977f1e5d0f6",
        "status" : "skipped",
        "statusDetails" : "XFAIL\n\nselenium.common.exceptions.TimeoutException: Message: Can't find element by locator ('xpath', '//div[@class=\"__51e19\"]')\nStacktrace:\n#0 0x564bd36fa23a <unknown>\n#1 0x564bd31a4ab0 <unknown>\n#2 0x564bd31f66f0 <unknown>\n#3 0x564bd31f68e1 <unknown>\n#4 0x564bd3244b94 <unknown>\n#5 0x564bd321c1cd <unknown>\n#6 0x564bd3241fee <unknown>\n#7 0x564bd321bf73 <unknown>\n#8 0x564bd31e8aeb <unknown>\n#9 0x564bd31e9751 <unknown>\n#10 0x564bd36beb4b <unknown>\n#11 0x564bd36c2929 <unknown>\n#12 0x564bd36a5929 <unknown>\n#13 0x564bd36c34e8 <unknown>\n#14 0x564bd368a0df <unknown>\n#15 0x564bd36e78e8 <unknown>\n#16 0x564bd36e7ac6 <unknown>\n#17 0x564bd36f9556 <unknown>\n#18 0x7ff36a49caa4 <unknown>\n#19 0x7ff36a529c3c <unknown>",
        "time" : {
          "start" : 1752402656450,
          "stop" : 1752402666848,
          "duration" : 10398
        }
      }, {
        "uid" : "f1c814ca01d55012",
        "reportUrl" : "https://Brain-up.github.io/auto-tests-python/626//#testresult/f1c814ca01d55012",
        "status" : "skipped",
        "statusDetails" : "XFAIL\n\nselenium.common.exceptions.TimeoutException: Message: Can't find element by locator ('xpath', '//div[@class=\"__51e19\"]')\nStacktrace:\n#0 0x56457289823a <unknown>\n#1 0x564572342ab0 <unknown>\n#2 0x5645723946f0 <unknown>\n#3 0x5645723948e1 <unknown>\n#4 0x5645723e2b94 <unknown>\n#5 0x5645723ba1cd <unknown>\n#6 0x5645723dffee <unknown>\n#7 0x5645723b9f73 <unknown>\n#8 0x564572386aeb <unknown>\n#9 0x564572387751 <unknown>\n#10 0x56457285cb4b <unknown>\n#11 0x564572860929 <unknown>\n#12 0x564572843929 <unknown>\n#13 0x5645728614e8 <unknown>\n#14 0x5645728280df <unknown>\n#15 0x5645728858e8 <unknown>\n#16 0x564572885ac6 <unknown>\n#17 0x564572897556 <unknown>\n#18 0x7ff6ec49caa4 <unknown>\n#19 0x7ff6ec529c3c <unknown>",
        "time" : {
          "start" : 1752301560987,
          "stop" : 1752301571377,
          "duration" : 10390
        }
      }, {
        "uid" : "68f5a12db9d0e240",
        "reportUrl" : "https://Brain-up.github.io/auto-tests-python/625//#testresult/68f5a12db9d0e240",
        "status" : "skipped",
        "statusDetails" : "XFAIL\n\nselenium.common.exceptions.TimeoutException: Message: Can't find element by locator ('xpath', '//div[@class=\"__51e19\"]')\nStacktrace:\n#0 0x56140251e26a <unknown>\n#1 0x561401fc8ab0 <unknown>\n#2 0x56140201a6f0 <unknown>\n#3 0x56140201a8e1 <unknown>\n#4 0x561402068b94 <unknown>\n#5 0x5614020401cd <unknown>\n#6 0x561402065fee <unknown>\n#7 0x56140203ff73 <unknown>\n#8 0x56140200caeb <unknown>\n#9 0x56140200d751 <unknown>\n#10 0x5614024e2b7b <unknown>\n#11 0x5614024e6959 <unknown>\n#12 0x5614024c9959 <unknown>\n#13 0x5614024e7518 <unknown>\n#14 0x5614024ae10f <unknown>\n#15 0x56140250b918 <unknown>\n#16 0x56140250baf6 <unknown>\n#17 0x56140251d586 <unknown>\n#18 0x7fbe07c9caa4 <unknown>\n#19 0x7fbe07d29c3c <unknown>",
        "time" : {
          "start" : 1752216828312,
          "stop" : 1752216838696,
          "duration" : 10384
        }
      }, {
        "uid" : "265a28d8c2bca7b0",
        "reportUrl" : "https://Brain-up.github.io/auto-tests-python/624//#testresult/265a28d8c2bca7b0",
        "status" : "skipped",
        "statusDetails" : "XFAIL\n\nselenium.common.exceptions.TimeoutException: Message: Can't find element by locator ('xpath', '//div[@class=\"__51e19\"]')\nStacktrace:\n#0 0x55750139026a <unknown>\n#1 0x557500e3aab0 <unknown>\n#2 0x557500e8c6f0 <unknown>\n#3 0x557500e8c8e1 <unknown>\n#4 0x557500edab94 <unknown>\n#5 0x557500eb21cd <unknown>\n#6 0x557500ed7fee <unknown>\n#7 0x557500eb1f73 <unknown>\n#8 0x557500e7eaeb <unknown>\n#9 0x557500e7f751 <unknown>\n#10 0x557501354b7b <unknown>\n#11 0x557501358959 <unknown>\n#12 0x55750133b959 <unknown>\n#13 0x557501359518 <unknown>\n#14 0x55750132010f <unknown>\n#15 0x55750137d918 <unknown>\n#16 0x55750137daf6 <unknown>\n#17 0x55750138f586 <unknown>\n#18 0x7f6bfc09caa4 <unknown>\n#19 0x7f6bfc129c3c <unknown>",
        "time" : {
          "start" : 1752173709631,
          "stop" : 1752173720060,
          "duration" : 10429
        }
      }, {
        "uid" : "49922e6ad1e7060d",
        "reportUrl" : "https://Brain-up.github.io/auto-tests-python/623//#testresult/49922e6ad1e7060d",
        "status" : "skipped",
        "statusDetails" : "XFAIL\n\nselenium.common.exceptions.TimeoutException: Message: Can't find element by locator ('xpath', '//div[@class=\"__51e19\"]')\nStacktrace:\n#0 0x55577ce4526a <unknown>\n#1 0x55577c8efab0 <unknown>\n#2 0x55577c9416f0 <unknown>\n#3 0x55577c9418e1 <unknown>\n#4 0x55577c98fb94 <unknown>\n#5 0x55577c9671cd <unknown>\n#6 0x55577c98cfee <unknown>\n#7 0x55577c966f73 <unknown>\n#8 0x55577c933aeb <unknown>\n#9 0x55577c934751 <unknown>\n#10 0x55577ce09b7b <unknown>\n#11 0x55577ce0d959 <unknown>\n#12 0x55577cdf0959 <unknown>\n#13 0x55577ce0e518 <unknown>\n#14 0x55577cdd510f <unknown>\n#15 0x55577ce32918 <unknown>\n#16 0x55577ce32af6 <unknown>\n#17 0x55577ce44586 <unknown>\n#18 0x7f3aac49caa4 <unknown>\n#19 0x7f3aac529c3c <unknown>",
        "time" : {
          "start" : 1752036023090,
          "stop" : 1752036033494,
          "duration" : 10404
        }
      }, {
        "uid" : "e24c1d439a5115a5",
        "reportUrl" : "https://Brain-up.github.io/auto-tests-python/622//#testresult/e24c1d439a5115a5",
        "status" : "skipped",
        "statusDetails" : "XFAIL\n\nselenium.common.exceptions.TimeoutException: Message: Can't find element by locator ('xpath', '//div[@class=\"__51e19\"]')\nStacktrace:\n#0 0x55fd1622045a <unknown>\n#1 0x55fd15cc5760 <unknown>\n#2 0x55fd15d17127 <unknown>\n#3 0x55fd15d17321 <unknown>\n#4 0x55fd15d65e94 <unknown>\n#5 0x55fd15d3ce7d <unknown>\n#6 0x55fd15d6330b <unknown>\n#7 0x55fd15d3cc23 <unknown>\n#8 0x55fd15d094a5 <unknown>\n#9 0x55fd15d0a111 <unknown>\n#10 0x55fd161e4f1b <unknown>\n#11 0x55fd161e8e19 <unknown>\n#12 0x55fd161cbac9 <unknown>\n#13 0x55fd161e99c8 <unknown>\n#14 0x55fd161b034f <unknown>\n#15 0x55fd1620da28 <unknown>\n#16 0x55fd1620dc06 <unknown>\n#17 0x55fd1621f336 <unknown>\n#18 0x7fb316c9caa4 <unknown>\n#19 0x7fb316d29c3c <unknown>",
        "time" : {
          "start" : 1752002920489,
          "stop" : 1752002930915,
          "duration" : 10426
        }
      }, {
        "uid" : "e522fcf0c54749fb",
        "reportUrl" : "https://Brain-up.github.io/auto-tests-python/621//#testresult/e522fcf0c54749fb",
        "status" : "skipped",
        "statusDetails" : "XFAIL\n\nselenium.common.exceptions.TimeoutException: Message: Can't find element by locator ('xpath', '//div[@class=\"__51e19\"]')\nStacktrace:\n#0 0x56359d70845a <unknown>\n#1 0x56359d1ad760 <unknown>\n#2 0x56359d1ff127 <unknown>\n#3 0x56359d1ff321 <unknown>\n#4 0x56359d24de94 <unknown>\n#5 0x56359d224e7d <unknown>\n#6 0x56359d24b30b <unknown>\n#7 0x56359d224c23 <unknown>\n#8 0x56359d1f14a5 <unknown>\n#9 0x56359d1f2111 <unknown>\n#10 0x56359d6ccf1b <unknown>\n#11 0x56359d6d0e19 <unknown>\n#12 0x56359d6b3ac9 <unknown>\n#13 0x56359d6d19c8 <unknown>\n#14 0x56359d69834f <unknown>\n#15 0x56359d6f5a28 <unknown>\n#16 0x56359d6f5c06 <unknown>\n#17 0x56359d707336 <unknown>\n#18 0x7f214089caa4 <unknown>\n#19 0x7f2140929c3c <unknown>",
        "time" : {
          "start" : 1751906179618,
          "stop" : 1751906190015,
          "duration" : 10397
        }
      }, {
        "uid" : "30fa710ccec109f4",
        "reportUrl" : "https://Brain-up.github.io/auto-tests-python/620//#testresult/30fa710ccec109f4",
        "status" : "skipped",
        "statusDetails" : "XFAIL\n\nselenium.common.exceptions.TimeoutException: Message: Can't find element by locator ('xpath', '//div[@class=\"__51e19\"]')\nStacktrace:\n#0 0x55a8d5ebf45a <unknown>\n#1 0x55a8d5964760 <unknown>\n#2 0x55a8d59b6127 <unknown>\n#3 0x55a8d59b6321 <unknown>\n#4 0x55a8d5a04e94 <unknown>\n#5 0x55a8d59dbe7d <unknown>\n#6 0x55a8d5a0230b <unknown>\n#7 0x55a8d59dbc23 <unknown>\n#8 0x55a8d59a84a5 <unknown>\n#9 0x55a8d59a9111 <unknown>\n#10 0x55a8d5e83f1b <unknown>\n#11 0x55a8d5e87e19 <unknown>\n#12 0x55a8d5e6aac9 <unknown>\n#13 0x55a8d5e889c8 <unknown>\n#14 0x55a8d5e4f34f <unknown>\n#15 0x55a8d5eaca28 <unknown>\n#16 0x55a8d5eacc06 <unknown>\n#17 0x55a8d5ebe336 <unknown>\n#18 0x7fe55a89caa4 <unknown>\n#19 0x7fe55a929c3c <unknown>",
        "time" : {
          "start" : 1751784146251,
          "stop" : 1751784156655,
          "duration" : 10404
        }
      }, {
        "uid" : "1641341629e237d",
        "reportUrl" : "https://Brain-up.github.io/auto-tests-python/619//#testresult/1641341629e237d",
        "status" : "skipped",
        "statusDetails" : "XFAIL\n\nselenium.common.exceptions.TimeoutException: Message: Can't find element by locator ('xpath', '//div[@class=\"__51e19\"]')\nStacktrace:\n#0 0x55a88392a45a <unknown>\n#1 0x55a8833cf760 <unknown>\n#2 0x55a883421127 <unknown>\n#3 0x55a883421321 <unknown>\n#4 0x55a88346fe94 <unknown>\n#5 0x55a883446e7d <unknown>\n#6 0x55a88346d30b <unknown>\n#7 0x55a883446c23 <unknown>\n#8 0x55a8834134a5 <unknown>\n#9 0x55a883414111 <unknown>\n#10 0x55a8838eef1b <unknown>\n#11 0x55a8838f2e19 <unknown>\n#12 0x55a8838d5ac9 <unknown>\n#13 0x55a8838f39c8 <unknown>\n#14 0x55a8838ba34f <unknown>\n#15 0x55a883917a28 <unknown>\n#16 0x55a883917c06 <unknown>\n#17 0x55a883929336 <unknown>\n#18 0x7f9e1669caa4 <unknown>\n#19 0x7f9e16729c3c <unknown>",
        "time" : {
          "start" : 1751625859962,
          "stop" : 1751625870366,
          "duration" : 10404
        }
      }, {
        "uid" : "317e754999222fe1",
        "reportUrl" : "https://Brain-up.github.io/auto-tests-python/618//#testresult/317e754999222fe1",
        "status" : "skipped",
        "statusDetails" : "XFAIL\n\nselenium.common.exceptions.TimeoutException: Message: Can't find element by locator ('xpath', '//div[@class=\"__51e19\"]')\nStacktrace:\n#0 0x558009c5d45a <unknown>\n#1 0x558009702760 <unknown>\n#2 0x558009754127 <unknown>\n#3 0x558009754321 <unknown>\n#4 0x5580097a2e94 <unknown>\n#5 0x558009779e7d <unknown>\n#6 0x5580097a030b <unknown>\n#7 0x558009779c23 <unknown>\n#8 0x5580097464a5 <unknown>\n#9 0x558009747111 <unknown>\n#10 0x558009c21f1b <unknown>\n#11 0x558009c25e19 <unknown>\n#12 0x558009c08ac9 <unknown>\n#13 0x558009c269c8 <unknown>\n#14 0x558009bed34f <unknown>\n#15 0x558009c4aa28 <unknown>\n#16 0x558009c4ac06 <unknown>\n#17 0x558009c5c336 <unknown>\n#18 0x7fdc1bc9caa4 <unknown>\n#19 0x7fdc1bd29c3c <unknown>",
        "time" : {
          "start" : 1751521746283,
          "stop" : 1751521756751,
          "duration" : 10468
        }
      }, {
        "uid" : "9c1dc980504c55b3",
        "reportUrl" : "https://Brain-up.github.io/auto-tests-python/617//#testresult/9c1dc980504c55b3",
        "status" : "skipped",
        "statusDetails" : "XFAIL\n\nselenium.common.exceptions.TimeoutException: Message: Can't find element by locator ('xpath', '//div[@class=\"__51e19\"]')\nStacktrace:\n#0 0x5618f1c5e45a <unknown>\n#1 0x5618f1703760 <unknown>\n#2 0x5618f1755127 <unknown>\n#3 0x5618f1755321 <unknown>\n#4 0x5618f17a3e94 <unknown>\n#5 0x5618f177ae7d <unknown>\n#6 0x5618f17a130b <unknown>\n#7 0x5618f177ac23 <unknown>\n#8 0x5618f17474a5 <unknown>\n#9 0x5618f1748111 <unknown>\n#10 0x5618f1c22f1b <unknown>\n#11 0x5618f1c26e19 <unknown>\n#12 0x5618f1c09ac9 <unknown>\n#13 0x5618f1c279c8 <unknown>\n#14 0x5618f1bee34f <unknown>\n#15 0x5618f1c4ba28 <unknown>\n#16 0x5618f1c4bc06 <unknown>\n#17 0x5618f1c5d336 <unknown>\n#18 0x7ffbdc49caa4 <unknown>\n#19 0x7ffbdc529c3c <unknown>",
        "time" : {
          "start" : 1751459126599,
          "stop" : 1751459136991,
          "duration" : 10392
        }
      }, {
        "uid" : "8ee30fca75e21089",
        "reportUrl" : "https://Brain-up.github.io/auto-tests-python/616//#testresult/8ee30fca75e21089",
        "status" : "skipped",
        "statusDetails" : "XFAIL\n\nselenium.common.exceptions.TimeoutException: Message: Can't find element by locator ('xpath', '//div[@class=\"__51e19\"]')\nStacktrace:\n#0 0x562a62b4f45a <unknown>\n#1 0x562a625f4760 <unknown>\n#2 0x562a62646127 <unknown>\n#3 0x562a62646321 <unknown>\n#4 0x562a62694e94 <unknown>\n#5 0x562a6266be7d <unknown>\n#6 0x562a6269230b <unknown>\n#7 0x562a6266bc23 <unknown>\n#8 0x562a626384a5 <unknown>\n#9 0x562a62639111 <unknown>\n#10 0x562a62b13f1b <unknown>\n#11 0x562a62b17e19 <unknown>\n#12 0x562a62afaac9 <unknown>\n#13 0x562a62b189c8 <unknown>\n#14 0x562a62adf34f <unknown>\n#15 0x562a62b3ca28 <unknown>\n#16 0x562a62b3cc06 <unknown>\n#17 0x562a62b4e336 <unknown>\n#18 0x7f189709caa4 <unknown>\n#19 0x7f1897129c3c <unknown>",
        "time" : {
          "start" : 1751382229637,
          "stop" : 1751382250289,
          "duration" : 20652
        }
      }, {
        "uid" : "6f69d59f57be33aa",
        "reportUrl" : "https://Brain-up.github.io/auto-tests-python/615//#testresult/6f69d59f57be33aa",
        "status" : "skipped",
        "statusDetails" : "XFAIL\n\nselenium.common.exceptions.TimeoutException: Message: Can't find element by locator ('xpath', '//div[@class=\"__51e19\"]')\nStacktrace:\n#0 0x556625c9045a <unknown>\n#1 0x556625735760 <unknown>\n#2 0x556625787127 <unknown>\n#3 0x556625787321 <unknown>\n#4 0x5566257d5e94 <unknown>\n#5 0x5566257ace7d <unknown>\n#6 0x5566257d330b <unknown>\n#7 0x5566257acc23 <unknown>\n#8 0x5566257794a5 <unknown>\n#9 0x55662577a111 <unknown>\n#10 0x556625c54f1b <unknown>\n#11 0x556625c58e19 <unknown>\n#12 0x556625c3bac9 <unknown>\n#13 0x556625c599c8 <unknown>\n#14 0x556625c2034f <unknown>\n#15 0x556625c7da28 <unknown>\n#16 0x556625c7dc06 <unknown>\n#17 0x556625c8f336 <unknown>\n#18 0x7fae8269caa4 <unknown>\n#19 0x7fae82729c3c <unknown>",
        "time" : {
          "start" : 1751369521982,
          "stop" : 1751369532397,
          "duration" : 10415
        }
      }, {
        "uid" : "57bdd9cd48f85942",
        "reportUrl" : "https://Brain-up.github.io/auto-tests-python/412//#testresult/57bdd9cd48f85942",
        "status" : "skipped",
        "statusDetails" : "XFAIL\n\nselenium.common.exceptions.TimeoutException: Message: Can't find element by locator ('xpath', '//div[@class=\"__51e19\"]')\nStacktrace:\n#0 0x5632da81245a <unknown>\n#1 0x5632da2b7760 <unknown>\n#2 0x5632da309127 <unknown>\n#3 0x5632da309321 <unknown>\n#4 0x5632da357e94 <unknown>\n#5 0x5632da32ee7d <unknown>\n#6 0x5632da35530b <unknown>\n#7 0x5632da32ec23 <unknown>\n#8 0x5632da2fb4a5 <unknown>\n#9 0x5632da2fc111 <unknown>\n#10 0x5632da7d6f1b <unknown>\n#11 0x5632da7dae19 <unknown>\n#12 0x5632da7bdac9 <unknown>\n#13 0x5632da7db9c8 <unknown>\n#14 0x5632da7a234f <unknown>\n#15 0x5632da7ffa28 <unknown>\n#16 0x5632da7ffc06 <unknown>\n#17 0x5632da811336 <unknown>\n#18 0x7fb40049caa4 <unknown>\n#19 0x7fb400529c3c <unknown>",
        "time" : {
          "start" : 1751334026908,
          "stop" : 1751334047548,
          "duration" : 20640
        }
      }, {
        "uid" : "a249d5376b7c1218",
        "reportUrl" : "https://Brain-up.github.io/auto-tests-python/614//#testresult/a249d5376b7c1218",
        "status" : "skipped",
        "statusDetails" : "XFAIL\n\nselenium.common.exceptions.TimeoutException: Message: Can't find element by locator ('xpath', '//div[@class=\"__51e19\"]')\nStacktrace:\n#0 0x564ca0b3445a <unknown>\n#1 0x564ca05d9760 <unknown>\n#2 0x564ca062b127 <unknown>\n#3 0x564ca062b321 <unknown>\n#4 0x564ca0679e94 <unknown>\n#5 0x564ca0650e7d <unknown>\n#6 0x564ca067730b <unknown>\n#7 0x564ca0650c23 <unknown>\n#8 0x564ca061d4a5 <unknown>\n#9 0x564ca061e111 <unknown>\n#10 0x564ca0af8f1b <unknown>\n#11 0x564ca0afce19 <unknown>\n#12 0x564ca0adfac9 <unknown>\n#13 0x564ca0afd9c8 <unknown>\n#14 0x564ca0ac434f <unknown>\n#15 0x564ca0b21a28 <unknown>\n#16 0x564ca0b21c06 <unknown>\n#17 0x564ca0b33336 <unknown>\n#18 0x7f5bce09caa4 <unknown>\n#19 0x7f5bce129c3c <unknown>",
        "time" : {
          "start" : 1751276168188,
          "stop" : 1751276188837,
          "duration" : 20649
        }
      }, {
        "uid" : "e89a5735b5e330a1",
        "reportUrl" : "https://Brain-up.github.io/auto-tests-python/411//#testresult/e89a5735b5e330a1",
        "status" : "skipped",
        "statusDetails" : "XFAIL\n\nselenium.common.exceptions.TimeoutException: Message: Can't find element by locator ('xpath', '//div[@class=\"__51e19\"]')\nStacktrace:\n#0 0x562c40aa845a <unknown>\n#1 0x562c4054d760 <unknown>\n#2 0x562c4059f127 <unknown>\n#3 0x562c4059f321 <unknown>\n#4 0x562c405ede94 <unknown>\n#5 0x562c405c4e7d <unknown>\n#6 0x562c405eb30b <unknown>\n#7 0x562c405c4c23 <unknown>\n#8 0x562c405914a5 <unknown>\n#9 0x562c40592111 <unknown>\n#10 0x562c40a6cf1b <unknown>\n#11 0x562c40a70e19 <unknown>\n#12 0x562c40a53ac9 <unknown>\n#13 0x562c40a719c8 <unknown>\n#14 0x562c40a3834f <unknown>\n#15 0x562c40a95a28 <unknown>\n#16 0x562c40a95c06 <unknown>\n#17 0x562c40aa7336 <unknown>\n#18 0x7f008909caa4 <unknown>\n#19 0x7f0089129c3c <unknown>",
        "time" : {
          "start" : 1751247427682,
          "stop" : 1751247447859,
          "duration" : 20177
        }
      }, {
        "uid" : "a977584eb3b7e5ae",
        "reportUrl" : "https://Brain-up.github.io/auto-tests-python/613//#testresult/a977584eb3b7e5ae",
        "status" : "skipped",
        "statusDetails" : "XFAIL\n\nselenium.common.exceptions.TimeoutException: Message: Can't find element by locator ('xpath', '//div[@class=\"__51e19\"]')\nStacktrace:\n#0 0x55755a05d45a <unknown>\n#1 0x557559b02760 <unknown>\n#2 0x557559b54127 <unknown>\n#3 0x557559b54321 <unknown>\n#4 0x557559ba2e94 <unknown>\n#5 0x557559b79e7d <unknown>\n#6 0x557559ba030b <unknown>\n#7 0x557559b79c23 <unknown>\n#8 0x557559b464a5 <unknown>\n#9 0x557559b47111 <unknown>\n#10 0x55755a021f1b <unknown>\n#11 0x55755a025e19 <unknown>\n#12 0x55755a008ac9 <unknown>\n#13 0x55755a0269c8 <unknown>\n#14 0x557559fed34f <unknown>\n#15 0x55755a04aa28 <unknown>\n#16 0x55755a04ac06 <unknown>\n#17 0x55755a05c336 <unknown>\n#18 0x7fdb55a9caa4 <unknown>\n#19 0x7fdb55b29c3c <unknown>",
        "time" : {
          "start" : 1751201516051,
          "stop" : 1751201536218,
          "duration" : 20167
        }
      }, {
        "uid" : "64b4cc328a235b0a",
        "reportUrl" : "https://Brain-up.github.io/auto-tests-python/410//#testresult/64b4cc328a235b0a",
        "status" : "skipped",
        "statusDetails" : "XFAIL\n\nselenium.common.exceptions.TimeoutException: Message: Can't find element by locator ('xpath', '//div[@class=\"__51e19\"]')\nStacktrace:\n#0 0x5622b36e745a <unknown>\n#1 0x5622b318c760 <unknown>\n#2 0x5622b31de127 <unknown>\n#3 0x5622b31de321 <unknown>\n#4 0x5622b322ce94 <unknown>\n#5 0x5622b3203e7d <unknown>\n#6 0x5622b322a30b <unknown>\n#7 0x5622b3203c23 <unknown>\n#8 0x5622b31d04a5 <unknown>\n#9 0x5622b31d1111 <unknown>\n#10 0x5622b36abf1b <unknown>\n#11 0x5622b36afe19 <unknown>\n#12 0x5622b3692ac9 <unknown>\n#13 0x5622b36b09c8 <unknown>\n#14 0x5622b367734f <unknown>\n#15 0x5622b36d4a28 <unknown>\n#16 0x5622b36d4c06 <unknown>\n#17 0x5622b36e6336 <unknown>\n#18 0x7fdd7369caa4 <unknown>\n#19 0x7fdd73729c3c <unknown>",
        "time" : {
          "start" : 1751161238338,
          "stop" : 1751161258497,
          "duration" : 20159
        }
      }, {
        "uid" : "58ccb1857e63870e",
        "reportUrl" : "https://Brain-up.github.io/auto-tests-python/612//#testresult/58ccb1857e63870e",
        "status" : "skipped",
        "statusDetails" : "XFAIL\n\nselenium.common.exceptions.TimeoutException: Message: Can't find element by locator ('xpath', '//div[@class=\"__51e19\"]')\nStacktrace:\n#0 0x562c6f0e345a <unknown>\n#1 0x562c6eb88760 <unknown>\n#2 0x562c6ebda127 <unknown>\n#3 0x562c6ebda321 <unknown>\n#4 0x562c6ec28e94 <unknown>\n#5 0x562c6ebffe7d <unknown>\n#6 0x562c6ec2630b <unknown>\n#7 0x562c6ebffc23 <unknown>\n#8 0x562c6ebcc4a5 <unknown>\n#9 0x562c6ebcd111 <unknown>\n#10 0x562c6f0a7f1b <unknown>\n#11 0x562c6f0abe19 <unknown>\n#12 0x562c6f08eac9 <unknown>\n#13 0x562c6f0ac9c8 <unknown>\n#14 0x562c6f07334f <unknown>\n#15 0x562c6f0d0a28 <unknown>\n#16 0x562c6f0d0c06 <unknown>\n#17 0x562c6f0e2336 <unknown>\n#18 0x7f3deae9caa4 <unknown>\n#19 0x7f3deaf29c3c <unknown>",
        "time" : {
          "start" : 1751090559854,
          "stop" : 1751090580508,
          "duration" : 20654
        }
      }, {
        "uid" : "fa3c75d1dffc9418",
        "reportUrl" : "https://Brain-up.github.io/auto-tests-python/409//#testresult/fa3c75d1dffc9418",
        "status" : "skipped",
        "statusDetails" : "XFAIL\n\nselenium.common.exceptions.TimeoutException: Message: Can't find element by locator ('xpath', '//div[@class=\"__51e19\"]')\nStacktrace:\n#0 0x55d9d599f45a <unknown>\n#1 0x55d9d5444760 <unknown>\n#2 0x55d9d5496127 <unknown>\n#3 0x55d9d5496321 <unknown>\n#4 0x55d9d54e4e94 <unknown>\n#5 0x55d9d54bbe7d <unknown>\n#6 0x55d9d54e230b <unknown>\n#7 0x55d9d54bbc23 <unknown>\n#8 0x55d9d54884a5 <unknown>\n#9 0x55d9d5489111 <unknown>\n#10 0x55d9d5963f1b <unknown>\n#11 0x55d9d5967e19 <unknown>\n#12 0x55d9d594aac9 <unknown>\n#13 0x55d9d59689c8 <unknown>\n#14 0x55d9d592f34f <unknown>\n#15 0x55d9d598ca28 <unknown>\n#16 0x55d9d598cc06 <unknown>\n#17 0x55d9d599e336 <unknown>\n#18 0x7fb61509caa4 <unknown>\n#19 0x7fb615129c3c <unknown>",
        "time" : {
          "start" : 1751074300425,
          "stop" : 1751074321075,
          "duration" : 20650
        }
      } ]
    },
    "tags" : [ "@pytest.mark.xfail" ]
  },
  "source" : "bfa95091aa6a4352.json",
  "parameterValues" : [ ]
}