{
  "uid" : "c15204fc3d69d34c",
  "name" : "Select a random card from \"Similar phrases\" group and compare UI vs BACKEND data",
  "fullName" : "tests.test_speech_exercises_en.TestCardsEN#test_random_cards_in_similar_phrases_en",
  "historyId" : "106afe14e1824ad4b55b346a52794d4b",
  "time" : {
    "start" : 1733275142355,
    "stop" : 1733275162564,
    "duration" : 20209
  },
  "status" : "skipped",
  "statusMessage" : "XFAIL\n\nselenium.common.exceptions.TimeoutException: Message: Can't find element by locator ('xpath', '//button[@data-test-active-link=\"Similar phrases\"]')\nStacktrace:\n#0 0x55edf6bd231a <unknown>\n#1 0x55edf66e86e0 <unknown>\n#2 0x55edf67373e6 <unknown>\n#3 0x55edf6737681 <unknown>\n#4 0x55edf677cb04 <unknown>\n#5 0x55edf675b48d <unknown>\n#6 0x55edf6779ed7 <unknown>\n#7 0x55edf675b203 <unknown>\n#8 0x55edf6729cc0 <unknown>\n#9 0x55edf672ac9e <unknown>\n#10 0x55edf6b9fd0b <unknown>\n#11 0x55edf6ba3c92 <unknown>\n#12 0x55edf6b8cb3c <unknown>\n#13 0x55edf6ba4807 <unknown>\n#14 0x55edf6b720df <unknown>\n#15 0x55edf6bc1578 <unknown>\n#16 0x55edf6bc1740 <unknown>\n#17 0x55edf6bd1196 <unknown>\n#18 0x7f3e05a94ac3 <unknown>",
  "statusTrace" : "self = <tests.test_speech_exercises_en.TestCardsEN object at 0x7facf7a7fa10>\ndriver = <selenium.webdriver.chrome.webdriver.WebDriver (session=\"14dd52b94addd60208727ce0f3d74dc3\")>\nspecialist_user_authorized = None\n\n    @pytest.mark.xfail\n    @allure.suite(\"Speech exercises EN.\")\n    @allure.title('Select a random card from \"Similar phrases\" group and compare UI vs BACKEND data')\n    def test_random_cards_in_similar_phrases_en(self, driver, specialist_user_authorized):\n        page = SpeechExercisesPage(driver)\n>       page.select_group(SpeechExercisesPageLocators.SIMILAR_PHRASES_EN)\n\ntests/test_speech_exercises_en.py:57: \n_ _ _ _ _ _ _ _ _ _ _ _ _ _ _ _ _ _ _ _ _ _ _ _ _ _ _ _ _ _ _ _ _ _ _ _ _ _ _ _ \npages/speech_exercises_page_en.py:18: in select_group\n    text_of_the_button = self.element_is_present_and_clickable(selector_for_sub_group)\npages/base_page.py:32: in element_is_present_and_clickable\n    return (Wait(self.driver, self.timeout).until(\n_ _ _ _ _ _ _ _ _ _ _ _ _ _ _ _ _ _ _ _ _ _ _ _ _ _ _ _ _ _ _ _ _ _ _ _ _ _ _ _ \n\nself = <selenium.webdriver.support.wait.WebDriverWait (session=\"14dd52b94addd60208727ce0f3d74dc3\")>\nmethod = <function visibility_of_element_located.<locals>._predicate at 0x7facf7be5f80>\nmessage = 'Can\\'t find element by locator (\\'xpath\\', \\'//button[@data-test-active-link=\"Similar phrases\"]\\')'\n\n    def until(self, method, message: str = \"\"):\n        \"\"\"Calls the method provided with the driver as an argument until the \\\n        return value does not evaluate to ``False``.\n    \n        :param method: callable(WebDriver)\n        :param message: optional message for :exc:`TimeoutException`\n        :returns: the result of the last call to `method`\n        :raises: :exc:`selenium.common.exceptions.TimeoutException` if timeout occurs\n        \"\"\"\n        screen = None\n        stacktrace = None\n    \n        end_time = time.monotonic() + self._timeout\n        while True:\n            try:\n                value = method(self._driver)\n                if value:\n                    return value\n            except self._ignored_exceptions as exc:\n                screen = getattr(exc, \"screen\", None)\n                stacktrace = getattr(exc, \"stacktrace\", None)\n            time.sleep(self._poll)\n            if time.monotonic() > end_time:\n                break\n>       raise TimeoutException(message, screen, stacktrace)\nE       selenium.common.exceptions.TimeoutException: Message: Can't find element by locator ('xpath', '//button[@data-test-active-link=\"Similar phrases\"]')\nE       Stacktrace:\nE       #0 0x55edf6bd231a <unknown>\nE       #1 0x55edf66e86e0 <unknown>\nE       #2 0x55edf67373e6 <unknown>\nE       #3 0x55edf6737681 <unknown>\nE       #4 0x55edf677cb04 <unknown>\nE       #5 0x55edf675b48d <unknown>\nE       #6 0x55edf6779ed7 <unknown>\nE       #7 0x55edf675b203 <unknown>\nE       #8 0x55edf6729cc0 <unknown>\nE       #9 0x55edf672ac9e <unknown>\nE       #10 0x55edf6b9fd0b <unknown>\nE       #11 0x55edf6ba3c92 <unknown>\nE       #12 0x55edf6b8cb3c <unknown>\nE       #13 0x55edf6ba4807 <unknown>\nE       #14 0x55edf6b720df <unknown>\nE       #15 0x55edf6bc1578 <unknown>\nE       #16 0x55edf6bc1740 <unknown>\nE       #17 0x55edf6bd1196 <unknown>\nE       #18 0x7f3e05a94ac3 <unknown>\n\n/opt/hostedtoolcache/Python/3.12.7/x64/lib/python3.12/site-packages/selenium/webdriver/support/wait.py:95: TimeoutException",
  "flaky" : false,
  "newFailed" : false,
  "beforeStages" : [ {
    "name" : "main_page_open",
    "time" : {
      "start" : 1733275134214,
      "stop" : 1733275136889,
      "duration" : 2675
    },
    "status" : "passed",
    "steps" : [ {
      "name" : "Open page: https://www.brainup.site/",
      "time" : {
        "start" : 1733275134214,
        "stop" : 1733275136888,
        "duration" : 2674
      },
      "status" : "passed",
      "steps" : [ ],
      "attachments" : [ ],
      "parameters" : [ {
        "name" : "driver",
        "value" : "<selenium.webdriver.chrome.webdriver.WebDriver (session=\"14dd52b94addd60208727ce0f3d74dc3\")>"
      } ],
      "stepsCount" : 0,
      "attachmentsCount" : 0,
      "shouldDisplayMessage" : false,
      "hasContent" : true
    } ],
    "attachments" : [ ],
    "parameters" : [ ],
    "stepsCount" : 1,
    "attachmentsCount" : 0,
    "shouldDisplayMessage" : false,
    "hasContent" : true
  }, {
    "name" : "specialist_user_authorized",
    "time" : {
      "start" : 1733275136889,
      "stop" : 1733275142354,
      "duration" : 5465
    },
    "status" : "passed",
    "steps" : [ {
      "name" : "USER specialist authorized",
      "time" : {
        "start" : 1733275136889,
        "stop" : 1733275142354,
        "duration" : 5465
      },
      "status" : "passed",
      "steps" : [ {
        "name" : "Check url is present: https://www.brainup.site/groups",
        "time" : {
          "start" : 1733275137295,
          "stop" : 1733275142332,
          "duration" : 5037
        },
        "status" : "passed",
        "steps" : [ ],
        "attachments" : [ ],
        "parameters" : [ ],
        "stepsCount" : 0,
        "attachmentsCount" : 0,
        "shouldDisplayMessage" : false,
        "hasContent" : false
      }, {
        "name" : "Loader checking",
        "time" : {
          "start" : 1733275142333,
          "stop" : 1733275142354,
          "duration" : 21
        },
        "status" : "passed",
        "steps" : [ ],
        "attachments" : [ ],
        "parameters" : [ ],
        "stepsCount" : 0,
        "attachmentsCount" : 0,
        "shouldDisplayMessage" : false,
        "hasContent" : false
      } ],
      "attachments" : [ ],
      "parameters" : [ {
        "name" : "driver",
        "value" : "<selenium.webdriver.chrome.webdriver.WebDriver (session=\"14dd52b94addd60208727ce0f3d74dc3\")>"
      }, {
        "name" : "main_page_open",
        "value" : "None"
      } ],
      "stepsCount" : 2,
      "attachmentsCount" : 0,
      "shouldDisplayMessage" : false,
      "hasContent" : true
    } ],
    "attachments" : [ ],
    "parameters" : [ ],
    "stepsCount" : 3,
    "attachmentsCount" : 0,
    "shouldDisplayMessage" : false,
    "hasContent" : true
  }, {
    "name" : "clear_allure_results_folder",
    "time" : {
      "start" : 1733274102999,
      "stop" : 1733274102999,
      "duration" : 0
    },
    "status" : "passed",
    "steps" : [ ],
    "attachments" : [ ],
    "parameters" : [ ],
    "stepsCount" : 0,
    "attachmentsCount" : 0,
    "shouldDisplayMessage" : false,
    "hasContent" : false
  }, {
    "name" : "driver",
    "time" : {
      "start" : 1733275133443,
      "stop" : 1733275134214,
      "duration" : 771
    },
    "status" : "passed",
    "steps" : [ ],
    "attachments" : [ ],
    "parameters" : [ ],
    "stepsCount" : 0,
    "attachmentsCount" : 0,
    "shouldDisplayMessage" : false,
    "hasContent" : false
  } ],
  "testStage" : {
    "status" : "skipped",
    "statusMessage" : "XFAIL\n\nselenium.common.exceptions.TimeoutException: Message: Can't find element by locator ('xpath', '//button[@data-test-active-link=\"Similar phrases\"]')\nStacktrace:\n#0 0x55edf6bd231a <unknown>\n#1 0x55edf66e86e0 <unknown>\n#2 0x55edf67373e6 <unknown>\n#3 0x55edf6737681 <unknown>\n#4 0x55edf677cb04 <unknown>\n#5 0x55edf675b48d <unknown>\n#6 0x55edf6779ed7 <unknown>\n#7 0x55edf675b203 <unknown>\n#8 0x55edf6729cc0 <unknown>\n#9 0x55edf672ac9e <unknown>\n#10 0x55edf6b9fd0b <unknown>\n#11 0x55edf6ba3c92 <unknown>\n#12 0x55edf6b8cb3c <unknown>\n#13 0x55edf6ba4807 <unknown>\n#14 0x55edf6b720df <unknown>\n#15 0x55edf6bc1578 <unknown>\n#16 0x55edf6bc1740 <unknown>\n#17 0x55edf6bd1196 <unknown>\n#18 0x7f3e05a94ac3 <unknown>",
    "statusTrace" : "self = <tests.test_speech_exercises_en.TestCardsEN object at 0x7facf7a7fa10>\ndriver = <selenium.webdriver.chrome.webdriver.WebDriver (session=\"14dd52b94addd60208727ce0f3d74dc3\")>\nspecialist_user_authorized = None\n\n    @pytest.mark.xfail\n    @allure.suite(\"Speech exercises EN.\")\n    @allure.title('Select a random card from \"Similar phrases\" group and compare UI vs BACKEND data')\n    def test_random_cards_in_similar_phrases_en(self, driver, specialist_user_authorized):\n        page = SpeechExercisesPage(driver)\n>       page.select_group(SpeechExercisesPageLocators.SIMILAR_PHRASES_EN)\n\ntests/test_speech_exercises_en.py:57: \n_ _ _ _ _ _ _ _ _ _ _ _ _ _ _ _ _ _ _ _ _ _ _ _ _ _ _ _ _ _ _ _ _ _ _ _ _ _ _ _ \npages/speech_exercises_page_en.py:18: in select_group\n    text_of_the_button = self.element_is_present_and_clickable(selector_for_sub_group)\npages/base_page.py:32: in element_is_present_and_clickable\n    return (Wait(self.driver, self.timeout).until(\n_ _ _ _ _ _ _ _ _ _ _ _ _ _ _ _ _ _ _ _ _ _ _ _ _ _ _ _ _ _ _ _ _ _ _ _ _ _ _ _ \n\nself = <selenium.webdriver.support.wait.WebDriverWait (session=\"14dd52b94addd60208727ce0f3d74dc3\")>\nmethod = <function visibility_of_element_located.<locals>._predicate at 0x7facf7be5f80>\nmessage = 'Can\\'t find element by locator (\\'xpath\\', \\'//button[@data-test-active-link=\"Similar phrases\"]\\')'\n\n    def until(self, method, message: str = \"\"):\n        \"\"\"Calls the method provided with the driver as an argument until the \\\n        return value does not evaluate to ``False``.\n    \n        :param method: callable(WebDriver)\n        :param message: optional message for :exc:`TimeoutException`\n        :returns: the result of the last call to `method`\n        :raises: :exc:`selenium.common.exceptions.TimeoutException` if timeout occurs\n        \"\"\"\n        screen = None\n        stacktrace = None\n    \n        end_time = time.monotonic() + self._timeout\n        while True:\n            try:\n                value = method(self._driver)\n                if value:\n                    return value\n            except self._ignored_exceptions as exc:\n                screen = getattr(exc, \"screen\", None)\n                stacktrace = getattr(exc, \"stacktrace\", None)\n            time.sleep(self._poll)\n            if time.monotonic() > end_time:\n                break\n>       raise TimeoutException(message, screen, stacktrace)\nE       selenium.common.exceptions.TimeoutException: Message: Can't find element by locator ('xpath', '//button[@data-test-active-link=\"Similar phrases\"]')\nE       Stacktrace:\nE       #0 0x55edf6bd231a <unknown>\nE       #1 0x55edf66e86e0 <unknown>\nE       #2 0x55edf67373e6 <unknown>\nE       #3 0x55edf6737681 <unknown>\nE       #4 0x55edf677cb04 <unknown>\nE       #5 0x55edf675b48d <unknown>\nE       #6 0x55edf6779ed7 <unknown>\nE       #7 0x55edf675b203 <unknown>\nE       #8 0x55edf6729cc0 <unknown>\nE       #9 0x55edf672ac9e <unknown>\nE       #10 0x55edf6b9fd0b <unknown>\nE       #11 0x55edf6ba3c92 <unknown>\nE       #12 0x55edf6b8cb3c <unknown>\nE       #13 0x55edf6ba4807 <unknown>\nE       #14 0x55edf6b720df <unknown>\nE       #15 0x55edf6bc1578 <unknown>\nE       #16 0x55edf6bc1740 <unknown>\nE       #17 0x55edf6bd1196 <unknown>\nE       #18 0x7f3e05a94ac3 <unknown>\n\n/opt/hostedtoolcache/Python/3.12.7/x64/lib/python3.12/site-packages/selenium/webdriver/support/wait.py:95: TimeoutException",
    "steps" : [ {
      "name" : "select_group",
      "time" : {
        "start" : 1733275142355,
        "stop" : 1733275162563,
        "duration" : 20208
      },
      "status" : "broken",
      "statusMessage" : "selenium.common.exceptions.TimeoutException: Message: Can't find element by locator ('xpath', '//button[@data-test-active-link=\"Similar phrases\"]')\nStacktrace:\n#0 0x55edf6bd231a <unknown>\n#1 0x55edf66e86e0 <unknown>\n#2 0x55edf67373e6 <unknown>\n#3 0x55edf6737681 <unknown>\n#4 0x55edf677cb04 <unknown>\n#5 0x55edf675b48d <unknown>\n#6 0x55edf6779ed7 <unknown>\n#7 0x55edf675b203 <unknown>\n#8 0x55edf6729cc0 <unknown>\n#9 0x55edf672ac9e <unknown>\n#10 0x55edf6b9fd0b <unknown>\n#11 0x55edf6ba3c92 <unknown>\n#12 0x55edf6b8cb3c <unknown>\n#13 0x55edf6ba4807 <unknown>\n#14 0x55edf6b720df <unknown>\n#15 0x55edf6bc1578 <unknown>\n#16 0x55edf6bc1740 <unknown>\n#17 0x55edf6bd1196 <unknown>\n#18 0x7f3e05a94ac3 <unknown>\n\n",
      "statusTrace" : "  File \"/opt/hostedtoolcache/Python/3.12.7/x64/lib/python3.12/site-packages/allure_commons/_allure.py\", line 192, in impl\n    return func(*a, **kw)\n           ^^^^^^^^^^^^^^\n  File \"/home/runner/work/auto-tests-python/auto-tests-python/pages/speech_exercises_page_en.py\", line 18, in select_group\n    text_of_the_button = self.element_is_present_and_clickable(selector_for_sub_group)\n                         ^^^^^^^^^^^^^^^^^^^^^^^^^^^^^^^^^^^^^^^^^^^^^^^^^^^^^^^^^^^^^\n  File \"/home/runner/work/auto-tests-python/auto-tests-python/pages/base_page.py\", line 32, in element_is_present_and_clickable\n    return (Wait(self.driver, self.timeout).until(\n            ^^^^^^^^^^^^^^^^^^^^^^^^^^^^^^^^^^^^^^\n  File \"/opt/hostedtoolcache/Python/3.12.7/x64/lib/python3.12/site-packages/selenium/webdriver/support/wait.py\", line 95, in until\n    raise TimeoutException(message, screen, stacktrace)\n",
      "steps" : [ {
        "name" : "Select Russian language. Click \"EN\" button.",
        "time" : {
          "start" : 1733275142355,
          "stop" : 1733275142424,
          "duration" : 69
        },
        "status" : "passed",
        "steps" : [ ],
        "attachments" : [ ],
        "parameters" : [ ],
        "stepsCount" : 0,
        "attachmentsCount" : 0,
        "shouldDisplayMessage" : false,
        "hasContent" : false
      }, {
        "name" : "Click button \"SPEECH EXERCISES\".",
        "time" : {
          "start" : 1733275142424,
          "stop" : 1733275142505,
          "duration" : 81
        },
        "status" : "passed",
        "steps" : [ ],
        "attachments" : [ ],
        "parameters" : [ ],
        "stepsCount" : 0,
        "attachmentsCount" : 0,
        "shouldDisplayMessage" : false,
        "hasContent" : false
      } ],
      "attachments" : [ ],
      "parameters" : [ {
        "name" : "selector_for_sub_group",
        "value" : "('xpath', '//button[@data-test-active-link=\"Similar phrases\"]')"
      } ],
      "stepsCount" : 2,
      "attachmentsCount" : 0,
      "shouldDisplayMessage" : true,
      "hasContent" : true
    } ],
    "attachments" : [ ],
    "parameters" : [ ],
    "stepsCount" : 3,
    "attachmentsCount" : 0,
    "shouldDisplayMessage" : true,
    "hasContent" : true
  },
  "afterStages" : [ {
    "name" : "driver::0",
    "time" : {
      "start" : 1733275162586,
      "stop" : 1733275162659,
      "duration" : 73
    },
    "status" : "passed",
    "steps" : [ ],
    "attachments" : [ ],
    "parameters" : [ ],
    "stepsCount" : 0,
    "attachmentsCount" : 0,
    "shouldDisplayMessage" : false,
    "hasContent" : false
  } ],
  "labels" : [ {
    "name" : "suite",
    "value" : "Speech exercises EN."
  }, {
    "name" : "epic",
    "value" : "Speech exercises."
  }, {
    "name" : "tag",
    "value" : "@pytest.mark.xfail"
  }, {
    "name" : "parentSuite",
    "value" : "tests"
  }, {
    "name" : "subSuite",
    "value" : "TestCardsEN"
  }, {
    "name" : "host",
    "value" : "fv-az1024-394"
  }, {
    "name" : "thread",
    "value" : "2251-MainThread"
  }, {
    "name" : "framework",
    "value" : "pytest"
  }, {
    "name" : "language",
    "value" : "cpython3"
  }, {
    "name" : "package",
    "value" : "tests.test_speech_exercises_en"
  }, {
    "name" : "resultFormat",
    "value" : "allure2"
  } ],
  "parameters" : [ ],
  "links" : [ ],
  "hidden" : false,
  "retry" : false,
  "extra" : {
    "severity" : "normal",
    "retries" : [ ],
    "categories" : [ ],
    "history" : {
      "statistic" : {
        "failed" : 0,
        "broken" : 0,
        "skipped" : 35,
        "passed" : 1,
        "unknown" : 0,
        "total" : 36
      },
      "items" : [ {
        "uid" : "a74bfffa32c67f2",
        "reportUrl" : "https://Brain-up.github.io/auto-tests-python/202//#testresult/a74bfffa32c67f2",
        "status" : "skipped",
        "statusDetails" : "XFAIL\n\nselenium.common.exceptions.TimeoutException: Message: Can't find element by locator ('xpath', '//button[@data-test-active-link=\"Similar phrases\"]')\nStacktrace:\n#0 0x5569c1d6931a <unknown>\n#1 0x5569c187f6e0 <unknown>\n#2 0x5569c18ce3e6 <unknown>\n#3 0x5569c18ce681 <unknown>\n#4 0x5569c1913b04 <unknown>\n#5 0x5569c18f248d <unknown>\n#6 0x5569c1910ed7 <unknown>\n#7 0x5569c18f2203 <unknown>\n#8 0x5569c18c0cc0 <unknown>\n#9 0x5569c18c1c9e <unknown>\n#10 0x5569c1d36d0b <unknown>\n#11 0x5569c1d3ac92 <unknown>\n#12 0x5569c1d23b3c <unknown>\n#13 0x5569c1d3b807 <unknown>\n#14 0x5569c1d090df <unknown>\n#15 0x5569c1d58578 <unknown>\n#16 0x5569c1d58740 <unknown>\n#17 0x5569c1d68196 <unknown>\n#18 0x7f000c094ac3 <unknown>",
        "time" : {
          "start" : 1733188720982,
          "stop" : 1733188741237,
          "duration" : 20255
        }
      }, {
        "uid" : "a5b40ce8636f16c0",
        "reportUrl" : "https://Brain-up.github.io/auto-tests-python/201//#testresult/a5b40ce8636f16c0",
        "status" : "passed",
        "statusDetails" : "XPASS",
        "time" : {
          "start" : 1733102558649,
          "stop" : 1733102577436,
          "duration" : 18787
        }
      }, {
        "uid" : "26dd3b874b6dcda1",
        "reportUrl" : "https://Brain-up.github.io/auto-tests-python/405//#testresult/26dd3b874b6dcda1",
        "status" : "skipped",
        "statusDetails" : "XFAIL\n\nselenium.common.exceptions.TimeoutException: Message: Can't find element by locator ('xpath', '//button[@data-test-active-link=\"Similar phrases\"]')\nStacktrace:\n#0 0x564fadf1231a <unknown>\n#1 0x564fada286e0 <unknown>\n#2 0x564fada773e6 <unknown>\n#3 0x564fada77681 <unknown>\n#4 0x564fadabcb04 <unknown>\n#5 0x564fada9b48d <unknown>\n#6 0x564fadab9ed7 <unknown>\n#7 0x564fada9b203 <unknown>\n#8 0x564fada69cc0 <unknown>\n#9 0x564fada6ac9e <unknown>\n#10 0x564fadedfd0b <unknown>\n#11 0x564fadee3c92 <unknown>\n#12 0x564fadeccb3c <unknown>\n#13 0x564fadee4807 <unknown>\n#14 0x564fadeb20df <unknown>\n#15 0x564fadf01578 <unknown>\n#16 0x564fadf01740 <unknown>\n#17 0x564fadf11196 <unknown>\n#18 0x7f183aa94ac3 <unknown>",
        "time" : {
          "start" : 1733090196936,
          "stop" : 1733090217140,
          "duration" : 20204
        }
      }, {
        "uid" : "d2f45a34d52d9f50",
        "reportUrl" : "https://Brain-up.github.io/auto-tests-python/404//#testresult/d2f45a34d52d9f50",
        "status" : "skipped",
        "statusDetails" : "XFAIL\n\nselenium.common.exceptions.TimeoutException: Message: Can't find element by locator ('xpath', '//button[@data-test-active-link=\"Similar phrases\"]')\nStacktrace:\n#0 0x5586e19b131a <unknown>\n#1 0x5586e14c76e0 <unknown>\n#2 0x5586e15163e6 <unknown>\n#3 0x5586e1516681 <unknown>\n#4 0x5586e155bb04 <unknown>\n#5 0x5586e153a48d <unknown>\n#6 0x5586e1558ed7 <unknown>\n#7 0x5586e153a203 <unknown>\n#8 0x5586e1508cc0 <unknown>\n#9 0x5586e1509c9e <unknown>\n#10 0x5586e197ed0b <unknown>\n#11 0x5586e1982c92 <unknown>\n#12 0x5586e196bb3c <unknown>\n#13 0x5586e1983807 <unknown>\n#14 0x5586e19510df <unknown>\n#15 0x5586e19a0578 <unknown>\n#16 0x5586e19a0740 <unknown>\n#17 0x5586e19b0196 <unknown>\n#18 0x7fdd9a694ac3 <unknown>",
        "time" : {
          "start" : 1733087910001,
          "stop" : 1733087930206,
          "duration" : 20205
        }
      }, {
        "uid" : "75562e93ea61a853",
        "reportUrl" : "https://Brain-up.github.io/auto-tests-python/200//#testresult/75562e93ea61a853",
        "status" : "skipped",
        "statusDetails" : "XFAIL\n\nselenium.common.exceptions.TimeoutException: Message: Can't find element by locator ('xpath', '//button[@data-test-active-link=\"Similar phrases\"]')\nStacktrace:\n#0 0x558256a3931a <unknown>\n#1 0x55825654f6e0 <unknown>\n#2 0x55825659e3e6 <unknown>\n#3 0x55825659e681 <unknown>\n#4 0x5582565e3b04 <unknown>\n#5 0x5582565c248d <unknown>\n#6 0x5582565e0ed7 <unknown>\n#7 0x5582565c2203 <unknown>\n#8 0x558256590cc0 <unknown>\n#9 0x558256591c9e <unknown>\n#10 0x558256a06d0b <unknown>\n#11 0x558256a0ac92 <unknown>\n#12 0x5582569f3b3c <unknown>\n#13 0x558256a0b807 <unknown>\n#14 0x5582569d90df <unknown>\n#15 0x558256a28578 <unknown>\n#16 0x558256a28740 <unknown>\n#17 0x558256a38196 <unknown>\n#18 0x7f2f99a94ac3 <unknown>",
        "time" : {
          "start" : 1733016694205,
          "stop" : 1733016714473,
          "duration" : 20268
        }
      }, {
        "uid" : "8ad5c249ac24261c",
        "reportUrl" : "https://Brain-up.github.io/auto-tests-python/199//#testresult/8ad5c249ac24261c",
        "status" : "skipped",
        "statusDetails" : "XFAIL\n\nselenium.common.exceptions.TimeoutException: Message: Can't find element by locator ('xpath', '//button[@data-test-active-link=\"Similar phrases\"]')\nStacktrace:\n#0 0x5647c4f5e31a <unknown>\n#1 0x5647c4a746e0 <unknown>\n#2 0x5647c4ac33e6 <unknown>\n#3 0x5647c4ac3681 <unknown>\n#4 0x5647c4b08b04 <unknown>\n#5 0x5647c4ae748d <unknown>\n#6 0x5647c4b05ed7 <unknown>\n#7 0x5647c4ae7203 <unknown>\n#8 0x5647c4ab5cc0 <unknown>\n#9 0x5647c4ab6c9e <unknown>\n#10 0x5647c4f2bd0b <unknown>\n#11 0x5647c4f2fc92 <unknown>\n#12 0x5647c4f18b3c <unknown>\n#13 0x5647c4f30807 <unknown>\n#14 0x5647c4efe0df <unknown>\n#15 0x5647c4f4d578 <unknown>\n#16 0x5647c4f4d740 <unknown>\n#17 0x5647c4f5d196 <unknown>\n#18 0x7faa60494ac3 <unknown>",
        "time" : {
          "start" : 1732929406368,
          "stop" : 1732929426569,
          "duration" : 20201
        }
      }, {
        "uid" : "e3e3357ed6adf078",
        "reportUrl" : "https://Brain-up.github.io/auto-tests-python/198//#testresult/e3e3357ed6adf078",
        "status" : "skipped",
        "statusDetails" : "XFAIL\n\nselenium.common.exceptions.TimeoutException: Message: Can't find element by locator ('xpath', '//button[@data-test-active-link=\"Similar phrases\"]')\nStacktrace:\n#0 0x55e69dd1631a <unknown>\n#1 0x55e69d82c6e0 <unknown>\n#2 0x55e69d87b3e6 <unknown>\n#3 0x55e69d87b681 <unknown>\n#4 0x55e69d8c0b04 <unknown>\n#5 0x55e69d89f48d <unknown>\n#6 0x55e69d8bded7 <unknown>\n#7 0x55e69d89f203 <unknown>\n#8 0x55e69d86dcc0 <unknown>\n#9 0x55e69d86ec9e <unknown>\n#10 0x55e69dce3d0b <unknown>\n#11 0x55e69dce7c92 <unknown>\n#12 0x55e69dcd0b3c <unknown>\n#13 0x55e69dce8807 <unknown>\n#14 0x55e69dcb60df <unknown>\n#15 0x55e69dd05578 <unknown>\n#16 0x55e69dd05740 <unknown>\n#17 0x55e69dd15196 <unknown>\n#18 0x7f6f54694ac3 <unknown>",
        "time" : {
          "start" : 1732843091967,
          "stop" : 1732843112161,
          "duration" : 20194
        }
      }, {
        "uid" : "112120fcdbb121a0",
        "reportUrl" : "https://Brain-up.github.io/auto-tests-python/403//#testresult/112120fcdbb121a0",
        "status" : "skipped",
        "statusDetails" : "XFAIL\n\nselenium.common.exceptions.TimeoutException: Message: Can't find element by locator ('xpath', '//button[@data-test-active-link=\"Similar phrases\"]')\nStacktrace:\n#0 0x55892b5dc31a <unknown>\n#1 0x55892b0f26e0 <unknown>\n#2 0x55892b1413e6 <unknown>\n#3 0x55892b141681 <unknown>\n#4 0x55892b186b04 <unknown>\n#5 0x55892b16548d <unknown>\n#6 0x55892b183ed7 <unknown>\n#7 0x55892b165203 <unknown>\n#8 0x55892b133cc0 <unknown>\n#9 0x55892b134c9e <unknown>\n#10 0x55892b5a9d0b <unknown>\n#11 0x55892b5adc92 <unknown>\n#12 0x55892b596b3c <unknown>\n#13 0x55892b5ae807 <unknown>\n#14 0x55892b57c0df <unknown>\n#15 0x55892b5cb578 <unknown>\n#16 0x55892b5cb740 <unknown>\n#17 0x55892b5db196 <unknown>\n#18 0x7f8081094ac3 <unknown>",
        "time" : {
          "start" : 1732831372601,
          "stop" : 1732831392840,
          "duration" : 20239
        }
      }, {
        "uid" : "994be3b17068d31c",
        "reportUrl" : "https://Brain-up.github.io/auto-tests-python/402//#testresult/994be3b17068d31c",
        "status" : "skipped",
        "statusDetails" : "XFAIL\n\nselenium.common.exceptions.TimeoutException: Message: Can't find element by locator ('xpath', '//button[@data-test-active-link=\"Similar phrases\"]')\nStacktrace:\n#0 0x557fc620031a <unknown>\n#1 0x557fc5d166e0 <unknown>\n#2 0x557fc5d653e6 <unknown>\n#3 0x557fc5d65681 <unknown>\n#4 0x557fc5daab04 <unknown>\n#5 0x557fc5d8948d <unknown>\n#6 0x557fc5da7ed7 <unknown>\n#7 0x557fc5d89203 <unknown>\n#8 0x557fc5d57cc0 <unknown>\n#9 0x557fc5d58c9e <unknown>\n#10 0x557fc61cdd0b <unknown>\n#11 0x557fc61d1c92 <unknown>\n#12 0x557fc61bab3c <unknown>\n#13 0x557fc61d2807 <unknown>\n#14 0x557fc61a00df <unknown>\n#15 0x557fc61ef578 <unknown>\n#16 0x557fc61ef740 <unknown>\n#17 0x557fc61ff196 <unknown>\n#18 0x7fe4d0c94ac3 <unknown>",
        "time" : {
          "start" : 1732828112003,
          "stop" : 1732828132214,
          "duration" : 20211
        }
      }, {
        "uid" : "a33438eaffde60",
        "reportUrl" : "https://Brain-up.github.io/auto-tests-python/197//#testresult/a33438eaffde60",
        "status" : "skipped",
        "statusDetails" : "XFAIL\n\nselenium.common.exceptions.TimeoutException: Message: Can't find element by locator ('xpath', '//button[@data-test-active-link=\"Similar phrases\"]')\nStacktrace:\n#0 0x55aeb384331a <unknown>\n#1 0x55aeb33596e0 <unknown>\n#2 0x55aeb33a83e6 <unknown>\n#3 0x55aeb33a8681 <unknown>\n#4 0x55aeb33edb04 <unknown>\n#5 0x55aeb33cc48d <unknown>\n#6 0x55aeb33eaed7 <unknown>\n#7 0x55aeb33cc203 <unknown>\n#8 0x55aeb339acc0 <unknown>\n#9 0x55aeb339bc9e <unknown>\n#10 0x55aeb3810d0b <unknown>\n#11 0x55aeb3814c92 <unknown>\n#12 0x55aeb37fdb3c <unknown>\n#13 0x55aeb3815807 <unknown>\n#14 0x55aeb37e30df <unknown>\n#15 0x55aeb3832578 <unknown>\n#16 0x55aeb3832740 <unknown>\n#17 0x55aeb3842196 <unknown>\n#18 0x7f2de0094ac3 <unknown>",
        "time" : {
          "start" : 1732756708133,
          "stop" : 1732756728438,
          "duration" : 20305
        }
      }, {
        "uid" : "b3dea9d11bae204d",
        "reportUrl" : "https://Brain-up.github.io/auto-tests-python/196//#testresult/b3dea9d11bae204d",
        "status" : "skipped",
        "statusDetails" : "XFAIL\n\nselenium.common.exceptions.TimeoutException: Message: Can't find element by locator ('xpath', '//button[@data-test-active-link=\"Similar phrases\"]')\nStacktrace:\n#0 0x562f5f86e31a <unknown>\n#1 0x562f5f3846e0 <unknown>\n#2 0x562f5f3d33e6 <unknown>\n#3 0x562f5f3d3681 <unknown>\n#4 0x562f5f418b04 <unknown>\n#5 0x562f5f3f748d <unknown>\n#6 0x562f5f415ed7 <unknown>\n#7 0x562f5f3f7203 <unknown>\n#8 0x562f5f3c5cc0 <unknown>\n#9 0x562f5f3c6c9e <unknown>\n#10 0x562f5f83bd0b <unknown>\n#11 0x562f5f83fc92 <unknown>\n#12 0x562f5f828b3c <unknown>\n#13 0x562f5f840807 <unknown>\n#14 0x562f5f80e0df <unknown>\n#15 0x562f5f85d578 <unknown>\n#16 0x562f5f85d740 <unknown>\n#17 0x562f5f86d196 <unknown>\n#18 0x7f4460694ac3 <unknown>",
        "time" : {
          "start" : 1732670253555,
          "stop" : 1732670273765,
          "duration" : 20210
        }
      }, {
        "uid" : "6e752298dbea51df",
        "reportUrl" : "https://Brain-up.github.io/auto-tests-python/195//#testresult/6e752298dbea51df",
        "status" : "skipped",
        "statusDetails" : "XFAIL\n\nselenium.common.exceptions.TimeoutException: Message: Can't find element by locator ('xpath', '//button[@data-test-active-link=\"Similar phrases\"]')\nStacktrace:\n#0 0x563afeb764ca <unknown>\n#1 0x563afe689620 <unknown>\n#2 0x563afe6d8306 <unknown>\n#3 0x563afe6d85a1 <unknown>\n#4 0x563afe71da04 <unknown>\n#5 0x563afe6fc39d <unknown>\n#6 0x563afe71ade0 <unknown>\n#7 0x563afe6fc113 <unknown>\n#8 0x563afe6cabe0 <unknown>\n#9 0x563afe6cbbbe <unknown>\n#10 0x563afeb42e4b <unknown>\n#11 0x563afeb46de2 <unknown>\n#12 0x563afeb2fd2c <unknown>\n#13 0x563afeb47957 <unknown>\n#14 0x563afeb154bf <unknown>\n#15 0x563afeb65348 <unknown>\n#16 0x563afeb65510 <unknown>\n#17 0x563afeb75346 <unknown>\n#18 0x7f6c8fe94ac3 <unknown>",
        "time" : {
          "start" : 1732583846070,
          "stop" : 1732583866296,
          "duration" : 20226
        }
      }, {
        "uid" : "924a9e0e73e506f6",
        "reportUrl" : "https://Brain-up.github.io/auto-tests-python/401//#testresult/924a9e0e73e506f6",
        "status" : "skipped",
        "statusDetails" : "XFAIL\n\nselenium.common.exceptions.TimeoutException: Message: Can't find element by locator ('xpath', '//button[@data-test-active-link=\"Similar phrases\"]')\nStacktrace:\n#0 0x5592c1b1a4ca <unknown>\n#1 0x5592c162d620 <unknown>\n#2 0x5592c167c306 <unknown>\n#3 0x5592c167c5a1 <unknown>\n#4 0x5592c16c1a04 <unknown>\n#5 0x5592c16a039d <unknown>\n#6 0x5592c16bede0 <unknown>\n#7 0x5592c16a0113 <unknown>\n#8 0x5592c166ebe0 <unknown>\n#9 0x5592c166fbbe <unknown>\n#10 0x5592c1ae6e4b <unknown>\n#11 0x5592c1aeade2 <unknown>\n#12 0x5592c1ad3d2c <unknown>\n#13 0x5592c1aeb957 <unknown>\n#14 0x5592c1ab94bf <unknown>\n#15 0x5592c1b09348 <unknown>\n#16 0x5592c1b09510 <unknown>\n#17 0x5592c1b19346 <unknown>\n#18 0x7f475fe94ac3 <unknown>",
        "time" : {
          "start" : 1732573845967,
          "stop" : 1732573866219,
          "duration" : 20252
        }
      }, {
        "uid" : "708074ea870d23e5",
        "reportUrl" : "https://Brain-up.github.io/auto-tests-python/400//#testresult/708074ea870d23e5",
        "status" : "skipped",
        "statusDetails" : "XFAIL\n\nselenium.common.exceptions.TimeoutException: Message: Can't find element by locator ('xpath', '//button[@data-test-active-link=\"Similar phrases\"]')\nStacktrace:\n#0 0x561f0f7b54ca <unknown>\n#1 0x561f0f2c8620 <unknown>\n#2 0x561f0f317306 <unknown>\n#3 0x561f0f3175a1 <unknown>\n#4 0x561f0f35ca04 <unknown>\n#5 0x561f0f33b39d <unknown>\n#6 0x561f0f359de0 <unknown>\n#7 0x561f0f33b113 <unknown>\n#8 0x561f0f309be0 <unknown>\n#9 0x561f0f30abbe <unknown>\n#10 0x561f0f781e4b <unknown>\n#11 0x561f0f785de2 <unknown>\n#12 0x561f0f76ed2c <unknown>\n#13 0x561f0f786957 <unknown>\n#14 0x561f0f7544bf <unknown>\n#15 0x561f0f7a4348 <unknown>\n#16 0x561f0f7a4510 <unknown>\n#17 0x561f0f7b4346 <unknown>\n#18 0x7f6574894ac3 <unknown>",
        "time" : {
          "start" : 1732568133685,
          "stop" : 1732568153929,
          "duration" : 20244
        }
      }, {
        "uid" : "2a5c121d8a3f0252",
        "reportUrl" : "https://Brain-up.github.io/auto-tests-python/194//#testresult/2a5c121d8a3f0252",
        "status" : "skipped",
        "statusDetails" : "XFAIL\n\nselenium.common.exceptions.TimeoutException: Message: Can't find element by locator https://www.brainup.site/groups",
        "time" : {
          "start" : 1732499070013,
          "stop" : 1732499070013,
          "duration" : 0
        }
      }, {
        "uid" : "880186fcb86e5656",
        "reportUrl" : "https://Brain-up.github.io/auto-tests-python/193//#testresult/880186fcb86e5656",
        "status" : "skipped",
        "statusDetails" : "XFAIL\n\nselenium.common.exceptions.TimeoutException: Message: Can't find element by locator https://www.brainup.site/groups",
        "time" : {
          "start" : 1732412865070,
          "stop" : 1732412865070,
          "duration" : 0
        }
      }, {
        "uid" : "600657879e1ba5e6",
        "reportUrl" : "https://Brain-up.github.io/auto-tests-python/192//#testresult/600657879e1ba5e6",
        "status" : "skipped",
        "statusDetails" : "XFAIL\n\nselenium.common.exceptions.TimeoutException: Message: Can't find element by locator ('xpath', '//button[@data-test-active-link=\"Similar phrases\"]')\nStacktrace:\n#0 0x562c60fb14ca <unknown>\n#1 0x562c60ac4620 <unknown>\n#2 0x562c60b13306 <unknown>\n#3 0x562c60b135a1 <unknown>\n#4 0x562c60b58a04 <unknown>\n#5 0x562c60b3739d <unknown>\n#6 0x562c60b55de0 <unknown>\n#7 0x562c60b37113 <unknown>\n#8 0x562c60b05be0 <unknown>\n#9 0x562c60b06bbe <unknown>\n#10 0x562c60f7de4b <unknown>\n#11 0x562c60f81de2 <unknown>\n#12 0x562c60f6ad2c <unknown>\n#13 0x562c60f82957 <unknown>\n#14 0x562c60f504bf <unknown>\n#15 0x562c60fa0348 <unknown>\n#16 0x562c60fa0510 <unknown>\n#17 0x562c60fb0346 <unknown>\n#18 0x7f72ea294ac3 <unknown>",
        "time" : {
          "start" : 1732324637770,
          "stop" : 1732324657977,
          "duration" : 20207
        }
      }, {
        "uid" : "59e8f505ed1eefa3",
        "reportUrl" : "https://Brain-up.github.io/auto-tests-python/399//#testresult/59e8f505ed1eefa3",
        "status" : "skipped",
        "statusDetails" : "XFAIL\n\nselenium.common.exceptions.TimeoutException: Message: Can't find element by locator ('xpath', '//button[@data-test-active-link=\"Similar phrases\"]')\nStacktrace:\n#0 0x55bc4c3774ca <unknown>\n#1 0x55bc4be8a620 <unknown>\n#2 0x55bc4bed9306 <unknown>\n#3 0x55bc4bed95a1 <unknown>\n#4 0x55bc4bf1ea04 <unknown>\n#5 0x55bc4befd39d <unknown>\n#6 0x55bc4bf1bde0 <unknown>\n#7 0x55bc4befd113 <unknown>\n#8 0x55bc4becbbe0 <unknown>\n#9 0x55bc4beccbbe <unknown>\n#10 0x55bc4c343e4b <unknown>\n#11 0x55bc4c347de2 <unknown>\n#12 0x55bc4c330d2c <unknown>\n#13 0x55bc4c348957 <unknown>\n#14 0x55bc4c3164bf <unknown>\n#15 0x55bc4c366348 <unknown>\n#16 0x55bc4c366510 <unknown>\n#17 0x55bc4c376346 <unknown>\n#18 0x7fa291094ac3 <unknown>",
        "time" : {
          "start" : 1732315094628,
          "stop" : 1732315114826,
          "duration" : 20198
        }
      }, {
        "uid" : "f73e414c75d6706a",
        "reportUrl" : "https://Brain-up.github.io/auto-tests-python/398//#testresult/f73e414c75d6706a",
        "status" : "skipped",
        "statusDetails" : "XFAIL\n\nselenium.common.exceptions.TimeoutException: Message: Can't find element by locator ('xpath', '//button[@data-test-active-link=\"Similar phrases\"]')\nStacktrace:\n#0 0x5561a60464ca <unknown>\n#1 0x5561a5b59620 <unknown>\n#2 0x5561a5ba8306 <unknown>\n#3 0x5561a5ba85a1 <unknown>\n#4 0x5561a5beda04 <unknown>\n#5 0x5561a5bcc39d <unknown>\n#6 0x5561a5beade0 <unknown>\n#7 0x5561a5bcc113 <unknown>\n#8 0x5561a5b9abe0 <unknown>\n#9 0x5561a5b9bbbe <unknown>\n#10 0x5561a6012e4b <unknown>\n#11 0x5561a6016de2 <unknown>\n#12 0x5561a5fffd2c <unknown>\n#13 0x5561a6017957 <unknown>\n#14 0x5561a5fe54bf <unknown>\n#15 0x5561a6035348 <unknown>\n#16 0x5561a6035510 <unknown>\n#17 0x5561a6045346 <unknown>\n#18 0x7f100b294ac3 <unknown>",
        "time" : {
          "start" : 1732310600953,
          "stop" : 1732310621267,
          "duration" : 20314
        }
      }, {
        "uid" : "120f0489a1f8b959",
        "reportUrl" : "https://Brain-up.github.io/auto-tests-python/398//#testresult/120f0489a1f8b959",
        "status" : "skipped",
        "statusDetails" : "XFAIL\n\nselenium.common.exceptions.TimeoutException: Message: Can't find element by locator ('xpath', '//button[@data-test-active-link=\"Similar phrases\"]')\nStacktrace:\n#0 0x5650a3c1c4ca <unknown>\n#1 0x5650a372f620 <unknown>\n#2 0x5650a377e306 <unknown>\n#3 0x5650a377e5a1 <unknown>\n#4 0x5650a37c3a04 <unknown>\n#5 0x5650a37a239d <unknown>\n#6 0x5650a37c0de0 <unknown>\n#7 0x5650a37a2113 <unknown>\n#8 0x5650a3770be0 <unknown>\n#9 0x5650a3771bbe <unknown>\n#10 0x5650a3be8e4b <unknown>\n#11 0x5650a3becde2 <unknown>\n#12 0x5650a3bd5d2c <unknown>\n#13 0x5650a3bed957 <unknown>\n#14 0x5650a3bbb4bf <unknown>\n#15 0x5650a3c0b348 <unknown>\n#16 0x5650a3c0b510 <unknown>\n#17 0x5650a3c1b346 <unknown>\n#18 0x7ffb87494ac3 <unknown>",
        "time" : {
          "start" : 1732308743201,
          "stop" : 1732308763406,
          "duration" : 20205
        }
      } ]
    },
    "tags" : [ "@pytest.mark.xfail" ]
  },
  "source" : "c15204fc3d69d34c.json",
  "parameterValues" : [ ]
}