{
  "uid" : "f0b7360ca517a96d",
  "name" : "Solutions to a random task in the \"Слова\" group and comparison of statics.",
  "fullName" : "tests.test_speech_exercises_ru.TestCardsRU#test_solve_word_cards_with_statistic_ru",
  "historyId" : "0fb6881b2015244903bd7785af7503a6",
  "time" : {
    "start" : 1733275481621,
    "stop" : 1733275503584,
    "duration" : 21963
  },
  "status" : "skipped",
  "statusMessage" : "XFAIL\n\nselenium.common.exceptions.TimeoutException: Message: Can't find elements by locator ('xpath', '//tbody/tr')",
  "statusTrace" : "self = <tests.test_speech_exercises_ru.TestCardsRU object at 0x7facf7aa6360>\ndriver = <selenium.webdriver.chrome.webdriver.WebDriver (session=\"ba99d7807d8b96fd1baecb4593d3420f\")>\ndefault_user_authorized = None\n\n    @pytest.mark.xfail\n    @allure.suite(\"Речевые упражнения.\")\n    @allure.title('Solutions to a random task in the \"Слова\" group and comparison of statics.')\n    def test_solve_word_cards_with_statistic_ru(self, driver, default_user_authorized):\n        page = SpeechExercisesPageRU(driver)\n        page.click_button_ru()\n>       table = page.get_statistic_data()\n\ntests/test_speech_exercises_ru.py:165: \n_ _ _ _ _ _ _ _ _ _ _ _ _ _ _ _ _ _ _ _ _ _ _ _ _ _ _ _ _ _ _ _ _ _ _ _ _ _ _ _ \npages/speech_exercises_page_ru.py:177: in get_statistic_data\n    lens = len(self.elements_are_present((By.XPATH, \"//tbody/tr\")))\npages/base_page.py:55: in elements_are_present\n    return Wait(self.driver, self.timeout).until(\n_ _ _ _ _ _ _ _ _ _ _ _ _ _ _ _ _ _ _ _ _ _ _ _ _ _ _ _ _ _ _ _ _ _ _ _ _ _ _ _ \n\nself = <selenium.webdriver.support.wait.WebDriverWait (session=\"ba99d7807d8b96fd1baecb4593d3420f\")>\nmethod = <function presence_of_all_elements_located.<locals>._predicate at 0x7facf7984fe0>\nmessage = \"Can't find elements by locator ('xpath', '//tbody/tr')\"\n\n    def until(self, method, message: str = \"\"):\n        \"\"\"Calls the method provided with the driver as an argument until the \\\n        return value does not evaluate to ``False``.\n    \n        :param method: callable(WebDriver)\n        :param message: optional message for :exc:`TimeoutException`\n        :returns: the result of the last call to `method`\n        :raises: :exc:`selenium.common.exceptions.TimeoutException` if timeout occurs\n        \"\"\"\n        screen = None\n        stacktrace = None\n    \n        end_time = time.monotonic() + self._timeout\n        while True:\n            try:\n                value = method(self._driver)\n                if value:\n                    return value\n            except self._ignored_exceptions as exc:\n                screen = getattr(exc, \"screen\", None)\n                stacktrace = getattr(exc, \"stacktrace\", None)\n            time.sleep(self._poll)\n            if time.monotonic() > end_time:\n                break\n>       raise TimeoutException(message, screen, stacktrace)\nE       selenium.common.exceptions.TimeoutException: Message: Can't find elements by locator ('xpath', '//tbody/tr')\n\n/opt/hostedtoolcache/Python/3.12.7/x64/lib/python3.12/site-packages/selenium/webdriver/support/wait.py:95: TimeoutException",
  "flaky" : false,
  "newFailed" : false,
  "beforeStages" : [ {
    "name" : "main_page_open",
    "time" : {
      "start" : 1733275473364,
      "stop" : 1733275476180,
      "duration" : 2816
    },
    "status" : "passed",
    "steps" : [ {
      "name" : "Open page: https://www.brainup.site/",
      "time" : {
        "start" : 1733275473365,
        "stop" : 1733275476180,
        "duration" : 2815
      },
      "status" : "passed",
      "steps" : [ ],
      "attachments" : [ ],
      "parameters" : [ {
        "name" : "driver",
        "value" : "<selenium.webdriver.chrome.webdriver.WebDriver (session=\"ba99d7807d8b96fd1baecb4593d3420f\")>"
      } ],
      "stepsCount" : 0,
      "attachmentsCount" : 0,
      "shouldDisplayMessage" : false,
      "hasContent" : true
    } ],
    "attachments" : [ ],
    "parameters" : [ ],
    "stepsCount" : 1,
    "attachmentsCount" : 0,
    "shouldDisplayMessage" : false,
    "hasContent" : true
  }, {
    "name" : "default_user_authorized",
    "time" : {
      "start" : 1733275476180,
      "stop" : 1733275481621,
      "duration" : 5441
    },
    "status" : "passed",
    "steps" : [ {
      "name" : "DEFAULT user authorized",
      "time" : {
        "start" : 1733275476180,
        "stop" : 1733275481621,
        "duration" : 5441
      },
      "status" : "passed",
      "steps" : [ {
        "name" : "Check url is present: https://www.brainup.site/groups",
        "time" : {
          "start" : 1733275476562,
          "stop" : 1733275481599,
          "duration" : 5037
        },
        "status" : "passed",
        "steps" : [ ],
        "attachments" : [ ],
        "parameters" : [ ],
        "stepsCount" : 0,
        "attachmentsCount" : 0,
        "shouldDisplayMessage" : false,
        "hasContent" : false
      }, {
        "name" : "Loader checking",
        "time" : {
          "start" : 1733275481599,
          "stop" : 1733275481621,
          "duration" : 22
        },
        "status" : "passed",
        "steps" : [ ],
        "attachments" : [ ],
        "parameters" : [ ],
        "stepsCount" : 0,
        "attachmentsCount" : 0,
        "shouldDisplayMessage" : false,
        "hasContent" : false
      } ],
      "attachments" : [ ],
      "parameters" : [ {
        "name" : "driver",
        "value" : "<selenium.webdriver.chrome.webdriver.WebDriver (session=\"ba99d7807d8b96fd1baecb4593d3420f\")>"
      }, {
        "name" : "main_page_open",
        "value" : "None"
      } ],
      "stepsCount" : 2,
      "attachmentsCount" : 0,
      "shouldDisplayMessage" : false,
      "hasContent" : true
    } ],
    "attachments" : [ ],
    "parameters" : [ ],
    "stepsCount" : 3,
    "attachmentsCount" : 0,
    "shouldDisplayMessage" : false,
    "hasContent" : true
  }, {
    "name" : "clear_allure_results_folder",
    "time" : {
      "start" : 1733274102999,
      "stop" : 1733274102999,
      "duration" : 0
    },
    "status" : "passed",
    "steps" : [ ],
    "attachments" : [ ],
    "parameters" : [ ],
    "stepsCount" : 0,
    "attachmentsCount" : 0,
    "shouldDisplayMessage" : false,
    "hasContent" : false
  }, {
    "name" : "driver",
    "time" : {
      "start" : 1733275472598,
      "stop" : 1733275473364,
      "duration" : 766
    },
    "status" : "passed",
    "steps" : [ ],
    "attachments" : [ ],
    "parameters" : [ ],
    "stepsCount" : 0,
    "attachmentsCount" : 0,
    "shouldDisplayMessage" : false,
    "hasContent" : false
  } ],
  "testStage" : {
    "status" : "skipped",
    "statusMessage" : "XFAIL\n\nselenium.common.exceptions.TimeoutException: Message: Can't find elements by locator ('xpath', '//tbody/tr')",
    "statusTrace" : "self = <tests.test_speech_exercises_ru.TestCardsRU object at 0x7facf7aa6360>\ndriver = <selenium.webdriver.chrome.webdriver.WebDriver (session=\"ba99d7807d8b96fd1baecb4593d3420f\")>\ndefault_user_authorized = None\n\n    @pytest.mark.xfail\n    @allure.suite(\"Речевые упражнения.\")\n    @allure.title('Solutions to a random task in the \"Слова\" group and comparison of statics.')\n    def test_solve_word_cards_with_statistic_ru(self, driver, default_user_authorized):\n        page = SpeechExercisesPageRU(driver)\n        page.click_button_ru()\n>       table = page.get_statistic_data()\n\ntests/test_speech_exercises_ru.py:165: \n_ _ _ _ _ _ _ _ _ _ _ _ _ _ _ _ _ _ _ _ _ _ _ _ _ _ _ _ _ _ _ _ _ _ _ _ _ _ _ _ \npages/speech_exercises_page_ru.py:177: in get_statistic_data\n    lens = len(self.elements_are_present((By.XPATH, \"//tbody/tr\")))\npages/base_page.py:55: in elements_are_present\n    return Wait(self.driver, self.timeout).until(\n_ _ _ _ _ _ _ _ _ _ _ _ _ _ _ _ _ _ _ _ _ _ _ _ _ _ _ _ _ _ _ _ _ _ _ _ _ _ _ _ \n\nself = <selenium.webdriver.support.wait.WebDriverWait (session=\"ba99d7807d8b96fd1baecb4593d3420f\")>\nmethod = <function presence_of_all_elements_located.<locals>._predicate at 0x7facf7984fe0>\nmessage = \"Can't find elements by locator ('xpath', '//tbody/tr')\"\n\n    def until(self, method, message: str = \"\"):\n        \"\"\"Calls the method provided with the driver as an argument until the \\\n        return value does not evaluate to ``False``.\n    \n        :param method: callable(WebDriver)\n        :param message: optional message for :exc:`TimeoutException`\n        :returns: the result of the last call to `method`\n        :raises: :exc:`selenium.common.exceptions.TimeoutException` if timeout occurs\n        \"\"\"\n        screen = None\n        stacktrace = None\n    \n        end_time = time.monotonic() + self._timeout\n        while True:\n            try:\n                value = method(self._driver)\n                if value:\n                    return value\n            except self._ignored_exceptions as exc:\n                screen = getattr(exc, \"screen\", None)\n                stacktrace = getattr(exc, \"stacktrace\", None)\n            time.sleep(self._poll)\n            if time.monotonic() > end_time:\n                break\n>       raise TimeoutException(message, screen, stacktrace)\nE       selenium.common.exceptions.TimeoutException: Message: Can't find elements by locator ('xpath', '//tbody/tr')\n\n/opt/hostedtoolcache/Python/3.12.7/x64/lib/python3.12/site-packages/selenium/webdriver/support/wait.py:95: TimeoutException",
    "steps" : [ {
      "name" : "click_button RU",
      "time" : {
        "start" : 1733275481621,
        "stop" : 1733275481698,
        "duration" : 77
      },
      "status" : "passed",
      "steps" : [ {
        "name" : "Click button \"RU\".",
        "time" : {
          "start" : 1733275481621,
          "stop" : 1733275481697,
          "duration" : 76
        },
        "status" : "passed",
        "steps" : [ ],
        "attachments" : [ ],
        "parameters" : [ ],
        "stepsCount" : 0,
        "attachmentsCount" : 0,
        "shouldDisplayMessage" : false,
        "hasContent" : false
      } ],
      "attachments" : [ ],
      "parameters" : [ ],
      "stepsCount" : 1,
      "attachmentsCount" : 0,
      "shouldDisplayMessage" : false,
      "hasContent" : true
    }, {
      "name" : "get_statistic_data",
      "time" : {
        "start" : 1733275481698,
        "stop" : 1733275503583,
        "duration" : 21885
      },
      "status" : "broken",
      "statusMessage" : "selenium.common.exceptions.TimeoutException: Message: Can't find elements by locator ('xpath', '//tbody/tr')\n\n",
      "statusTrace" : "  File \"/opt/hostedtoolcache/Python/3.12.7/x64/lib/python3.12/site-packages/allure_commons/_allure.py\", line 192, in impl\n    return func(*a, **kw)\n           ^^^^^^^^^^^^^^\n  File \"/home/runner/work/auto-tests-python/auto-tests-python/pages/speech_exercises_page_ru.py\", line 177, in get_statistic_data\n    lens = len(self.elements_are_present((By.XPATH, \"//tbody/tr\")))\n               ^^^^^^^^^^^^^^^^^^^^^^^^^^^^^^^^^^^^^^^^^^^^^^^^^^^\n  File \"/home/runner/work/auto-tests-python/auto-tests-python/pages/base_page.py\", line 55, in elements_are_present\n    return Wait(self.driver, self.timeout).until(\n           ^^^^^^^^^^^^^^^^^^^^^^^^^^^^^^^^^^^^^^\n  File \"/opt/hostedtoolcache/Python/3.12.7/x64/lib/python3.12/site-packages/selenium/webdriver/support/wait.py\", line 95, in until\n    raise TimeoutException(message, screen, stacktrace)\n",
      "steps" : [ {
        "name" : "Click button \"Статистика\"\".",
        "time" : {
          "start" : 1733275481698,
          "stop" : 1733275481797,
          "duration" : 99
        },
        "status" : "passed",
        "steps" : [ ],
        "attachments" : [ ],
        "parameters" : [ ],
        "stepsCount" : 0,
        "attachmentsCount" : 0,
        "shouldDisplayMessage" : false,
        "hasContent" : false
      }, {
        "name" : "Check statistic table is present and scroll to table",
        "time" : {
          "start" : 1733275481797,
          "stop" : 1733275483361,
          "duration" : 1564
        },
        "status" : "passed",
        "steps" : [ ],
        "attachments" : [ ],
        "parameters" : [ ],
        "stepsCount" : 0,
        "attachmentsCount" : 0,
        "shouldDisplayMessage" : false,
        "hasContent" : false
      }, {
        "name" : "Get data from the table.",
        "time" : {
          "start" : 1733275483361,
          "stop" : 1733275503583,
          "duration" : 20222
        },
        "status" : "broken",
        "statusMessage" : "selenium.common.exceptions.TimeoutException: Message: Can't find elements by locator ('xpath', '//tbody/tr')\n\n",
        "statusTrace" : "  File \"/home/runner/work/auto-tests-python/auto-tests-python/pages/speech_exercises_page_ru.py\", line 177, in get_statistic_data\n    lens = len(self.elements_are_present((By.XPATH, \"//tbody/tr\")))\n               ^^^^^^^^^^^^^^^^^^^^^^^^^^^^^^^^^^^^^^^^^^^^^^^^^^^\n  File \"/home/runner/work/auto-tests-python/auto-tests-python/pages/base_page.py\", line 55, in elements_are_present\n    return Wait(self.driver, self.timeout).until(\n           ^^^^^^^^^^^^^^^^^^^^^^^^^^^^^^^^^^^^^^\n  File \"/opt/hostedtoolcache/Python/3.12.7/x64/lib/python3.12/site-packages/selenium/webdriver/support/wait.py\", line 95, in until\n    raise TimeoutException(message, screen, stacktrace)\n",
        "steps" : [ ],
        "attachments" : [ ],
        "parameters" : [ ],
        "stepsCount" : 0,
        "attachmentsCount" : 0,
        "shouldDisplayMessage" : true,
        "hasContent" : true
      } ],
      "attachments" : [ ],
      "parameters" : [ ],
      "stepsCount" : 3,
      "attachmentsCount" : 0,
      "shouldDisplayMessage" : false,
      "hasContent" : true
    } ],
    "attachments" : [ ],
    "parameters" : [ ],
    "stepsCount" : 6,
    "attachmentsCount" : 0,
    "shouldDisplayMessage" : true,
    "hasContent" : true
  },
  "afterStages" : [ {
    "name" : "driver::0",
    "time" : {
      "start" : 1733275503601,
      "stop" : 1733275503671,
      "duration" : 70
    },
    "status" : "passed",
    "steps" : [ ],
    "attachments" : [ ],
    "parameters" : [ ],
    "stepsCount" : 0,
    "attachmentsCount" : 0,
    "shouldDisplayMessage" : false,
    "hasContent" : false
  } ],
  "labels" : [ {
    "name" : "suite",
    "value" : "Речевые упражнения."
  }, {
    "name" : "epic",
    "value" : "Speech exercises."
  }, {
    "name" : "tag",
    "value" : "@pytest.mark.xfail"
  }, {
    "name" : "parentSuite",
    "value" : "tests"
  }, {
    "name" : "subSuite",
    "value" : "TestCardsRU"
  }, {
    "name" : "host",
    "value" : "fv-az1024-394"
  }, {
    "name" : "thread",
    "value" : "2251-MainThread"
  }, {
    "name" : "framework",
    "value" : "pytest"
  }, {
    "name" : "language",
    "value" : "cpython3"
  }, {
    "name" : "package",
    "value" : "tests.test_speech_exercises_ru"
  }, {
    "name" : "resultFormat",
    "value" : "allure2"
  } ],
  "parameters" : [ ],
  "links" : [ ],
  "hidden" : false,
  "retry" : false,
  "extra" : {
    "severity" : "normal",
    "retries" : [ ],
    "categories" : [ ],
    "history" : {
      "statistic" : {
        "failed" : 0,
        "broken" : 0,
        "skipped" : 36,
        "passed" : 0,
        "unknown" : 0,
        "total" : 36
      },
      "items" : [ {
        "uid" : "580f17c729197a86",
        "reportUrl" : "https://Brain-up.github.io/auto-tests-python/202//#testresult/580f17c729197a86",
        "status" : "skipped",
        "statusDetails" : "XFAIL\n\nKeyError: 7",
        "time" : {
          "start" : 1733189139984,
          "stop" : 1733189152937,
          "duration" : 12953
        }
      }, {
        "uid" : "76b61b541005636f",
        "reportUrl" : "https://Brain-up.github.io/auto-tests-python/201//#testresult/76b61b541005636f",
        "status" : "skipped",
        "statusDetails" : "XFAIL\n\nKeyError: 31",
        "time" : {
          "start" : 1733102951556,
          "stop" : 1733102965685,
          "duration" : 14129
        }
      }, {
        "uid" : "16edd79537c1d90b",
        "reportUrl" : "https://Brain-up.github.io/auto-tests-python/405//#testresult/16edd79537c1d90b",
        "status" : "skipped",
        "statusDetails" : "XFAIL\n\nKeyError: 19",
        "time" : {
          "start" : 1733090561098,
          "stop" : 1733090573327,
          "duration" : 12229
        }
      }, {
        "uid" : "3ad34ab2f6328623",
        "reportUrl" : "https://Brain-up.github.io/auto-tests-python/404//#testresult/3ad34ab2f6328623",
        "status" : "skipped",
        "statusDetails" : "XFAIL\n\nKeyError: 23",
        "time" : {
          "start" : 1733088276747,
          "stop" : 1733088288997,
          "duration" : 12250
        }
      }, {
        "uid" : "4dd1da00bdbd9457",
        "reportUrl" : "https://Brain-up.github.io/auto-tests-python/200//#testresult/4dd1da00bdbd9457",
        "status" : "skipped",
        "statusDetails" : "XFAIL\n\nKeyError: 15",
        "time" : {
          "start" : 1733017205488,
          "stop" : 1733017222172,
          "duration" : 16684
        }
      }, {
        "uid" : "c2b7e5062bec1a4c",
        "reportUrl" : "https://Brain-up.github.io/auto-tests-python/199//#testresult/c2b7e5062bec1a4c",
        "status" : "skipped",
        "statusDetails" : "XFAIL\n\nKeyError: 0",
        "time" : {
          "start" : 1732929755461,
          "stop" : 1732929767804,
          "duration" : 12343
        }
      }, {
        "uid" : "a3d49528155a4a5c",
        "reportUrl" : "https://Brain-up.github.io/auto-tests-python/198//#testresult/a3d49528155a4a5c",
        "status" : "skipped",
        "statusDetails" : "XFAIL\n\nKeyError: 32",
        "time" : {
          "start" : 1732843437484,
          "stop" : 1732843449785,
          "duration" : 12301
        }
      }, {
        "uid" : "4d2b4c48465c3a9a",
        "reportUrl" : "https://Brain-up.github.io/auto-tests-python/403//#testresult/4d2b4c48465c3a9a",
        "status" : "skipped",
        "statusDetails" : "XFAIL\n\nKeyError: 0",
        "time" : {
          "start" : 1732831861726,
          "stop" : 1732831876682,
          "duration" : 14956
        }
      }, {
        "uid" : "2d26217d2860660e",
        "reportUrl" : "https://Brain-up.github.io/auto-tests-python/402//#testresult/2d26217d2860660e",
        "status" : "skipped",
        "statusDetails" : "XFAIL\n\nselenium.common.exceptions.TimeoutException: Message: Can't find elements by locator ('xpath', '//tbody/tr')",
        "time" : {
          "start" : 1732828552396,
          "stop" : 1732828574891,
          "duration" : 22495
        }
      }, {
        "uid" : "7e062d609f2228f",
        "reportUrl" : "https://Brain-up.github.io/auto-tests-python/197//#testresult/7e062d609f2228f",
        "status" : "skipped",
        "statusDetails" : "XFAIL\n\nselenium.common.exceptions.TimeoutException: Message: Can't find elements by locator ('xpath', '//tbody/tr')",
        "time" : {
          "start" : 1732757204158,
          "stop" : 1732757226231,
          "duration" : 22073
        }
      }, {
        "uid" : "60fbd54298719546",
        "reportUrl" : "https://Brain-up.github.io/auto-tests-python/196//#testresult/60fbd54298719546",
        "status" : "skipped",
        "statusDetails" : "XFAIL\n\nKeyError: 4",
        "time" : {
          "start" : 1732670584222,
          "stop" : 1732670597390,
          "duration" : 13168
        }
      }, {
        "uid" : "126d99b8bafe6974",
        "reportUrl" : "https://Brain-up.github.io/auto-tests-python/195//#testresult/126d99b8bafe6974",
        "status" : "skipped",
        "statusDetails" : "XFAIL\n\nKeyError: 10",
        "time" : {
          "start" : 1732584200054,
          "stop" : 1732584213583,
          "duration" : 13529
        }
      }, {
        "uid" : "21e668dfc1480026",
        "reportUrl" : "https://Brain-up.github.io/auto-tests-python/401//#testresult/21e668dfc1480026",
        "status" : "skipped",
        "statusDetails" : "XFAIL\n\nKeyError: 28",
        "time" : {
          "start" : 1732574190806,
          "stop" : 1732574204148,
          "duration" : 13342
        }
      }, {
        "uid" : "dff5c9c3d711b4f0",
        "reportUrl" : "https://Brain-up.github.io/auto-tests-python/400//#testresult/dff5c9c3d711b4f0",
        "status" : "skipped",
        "statusDetails" : "XFAIL\n\nKeyError: 36",
        "time" : {
          "start" : 1732568625740,
          "stop" : 1732568638393,
          "duration" : 12653
        }
      }, {
        "uid" : "45924f135cda2667",
        "reportUrl" : "https://Brain-up.github.io/auto-tests-python/194//#testresult/45924f135cda2667",
        "status" : "skipped",
        "statusDetails" : "XFAIL\n\nselenium.common.exceptions.TimeoutException: Message: Can't find element by locator https://www.brainup.site/groups",
        "time" : {
          "start" : 1732499478300,
          "stop" : 1732499478300,
          "duration" : 0
        }
      }, {
        "uid" : "a04a1e544e64a5a",
        "reportUrl" : "https://Brain-up.github.io/auto-tests-python/193//#testresult/a04a1e544e64a5a",
        "status" : "skipped",
        "statusDetails" : "XFAIL\n\nselenium.common.exceptions.TimeoutException: Message: Can't find element by locator https://www.brainup.site/groups",
        "time" : {
          "start" : 1732413273010,
          "stop" : 1732413273010,
          "duration" : 0
        }
      }, {
        "uid" : "42e7dde5faf8b462",
        "reportUrl" : "https://Brain-up.github.io/auto-tests-python/192//#testresult/42e7dde5faf8b462",
        "status" : "skipped",
        "statusDetails" : "XFAIL\n\nKeyError: 5",
        "time" : {
          "start" : 1732324987628,
          "stop" : 1732324999923,
          "duration" : 12295
        }
      }, {
        "uid" : "d66ffb79e55bebd1",
        "reportUrl" : "https://Brain-up.github.io/auto-tests-python/399//#testresult/d66ffb79e55bebd1",
        "status" : "skipped",
        "statusDetails" : "XFAIL\n\nKeyError: 22",
        "time" : {
          "start" : 1732315524124,
          "stop" : 1732315536354,
          "duration" : 12230
        }
      }, {
        "uid" : "75f32dbfff6317b",
        "reportUrl" : "https://Brain-up.github.io/auto-tests-python/398//#testresult/75f32dbfff6317b",
        "status" : "skipped",
        "statusDetails" : "XFAIL\n\nKeyError: 0",
        "time" : {
          "start" : 1732311120444,
          "stop" : 1732311132913,
          "duration" : 12469
        }
      }, {
        "uid" : "27168749ac7d6b01",
        "reportUrl" : "https://Brain-up.github.io/auto-tests-python/398//#testresult/27168749ac7d6b01",
        "status" : "skipped",
        "statusDetails" : "XFAIL\n\nKeyError: 5",
        "time" : {
          "start" : 1732309087179,
          "stop" : 1732309100351,
          "duration" : 13172
        }
      } ]
    },
    "tags" : [ "@pytest.mark.xfail" ]
  },
  "source" : "f0b7360ca517a96d.json",
  "parameterValues" : [ ]
}