{
  "uid" : "ff43061b125f8c83",
  "name" : "Solutions to a random task in the \"Слова\" .",
  "fullName" : "tests.test_speech_exercises_ru.TestCardsRU#test_solve_word_cards_ru",
  "historyId" : "97a1dfc93de55b98f3507f18d0af26f8",
  "time" : {
    "start" : 1747963775272,
    "stop" : 1747963795348,
    "duration" : 20076
  },
  "status" : "skipped",
  "statusMessage" : "XFAIL\n\nselenium.common.exceptions.TimeoutException: Message: Can't find element by locator ('xpath', '//a[text()=\"Упражнения\"]')\nStacktrace:\n#0 0x555af588d78a <unknown>\n#1 0x555af53300a0 <unknown>\n#2 0x555af53819b0 <unknown>\n#3 0x555af5381ba1 <unknown>\n#4 0x555af53cfea4 <unknown>\n#5 0x555af53a73cd <unknown>\n#6 0x555af53cd2a0 <unknown>\n#7 0x555af53a7173 <unknown>\n#8 0x555af5373d4b <unknown>\n#9 0x555af53749b1 <unknown>\n#10 0x555af585293b <unknown>\n#11 0x555af585683a <unknown>\n#12 0x555af583a692 <unknown>\n#13 0x555af58573c4 <unknown>\n#14 0x555af581f4cf <unknown>\n#15 0x555af587b568 <unknown>\n#16 0x555af587b746 <unknown>\n#17 0x555af588c5f6 <unknown>\n#18 0x7fcb6d29caa4 <unknown>\n#19 0x7fcb6d329c3c <unknown>",
  "statusTrace" : "self = <tests.test_speech_exercises_ru.TestCardsRU object at 0x7f6436877f50>\ndriver = <selenium.webdriver.chrome.webdriver.WebDriver (session=\"ab1273ffd5131e89495113a30b31c4e6\")>\ndefault_user_authorized = None\n\n    @pytest.mark.xfail\n    @allure.suite(\"Речевые упражнения.\")\n    @allure.title('Solutions to a random task in the \"Слова\" .')\n    def test_solve_word_cards_ru(self, driver, default_user_authorized):\n        page = SpeechExercisesPageRU(driver)\n>       page.click_button_exercises()\n\ntests/test_speech_exercises_ru.py:124: \n_ _ _ _ _ _ _ _ _ _ _ _ _ _ _ _ _ _ _ _ _ _ _ _ _ _ _ _ _ _ _ _ _ _ _ _ _ _ _ _ \npages/speech_exercises_page_ru.py:199: in click_button_exercises\n    button = self.element_is_present_and_clickable(self.locators.AuthorizedUserHomePageLocators.BUTTON_EXERCISES_RU)\npages/base_page.py:40: in element_is_present_and_clickable\n    return (Wait(self.driver, self.timeout).until(\n_ _ _ _ _ _ _ _ _ _ _ _ _ _ _ _ _ _ _ _ _ _ _ _ _ _ _ _ _ _ _ _ _ _ _ _ _ _ _ _ \n\nself = <selenium.webdriver.support.wait.WebDriverWait (session=\"ab1273ffd5131e89495113a30b31c4e6\")>\nmethod = <function visibility_of_element_located.<locals>._predicate at 0x7f6436849c60>\nmessage = 'Can\\'t find element by locator (\\'xpath\\', \\'//a[text()=\"Упражнения\"]\\')'\n\n    def until(self, method, message: str = \"\"):\n        \"\"\"Calls the method provided with the driver as an argument until the \\\n        return value does not evaluate to ``False``.\n    \n        :param method: callable(WebDriver)\n        :param message: optional message for :exc:`TimeoutException`\n        :returns: the result of the last call to `method`\n        :raises: :exc:`selenium.common.exceptions.TimeoutException` if timeout occurs\n        \"\"\"\n        screen = None\n        stacktrace = None\n    \n        end_time = time.monotonic() + self._timeout\n        while True:\n            try:\n                value = method(self._driver)\n                if value:\n                    return value\n            except self._ignored_exceptions as exc:\n                screen = getattr(exc, \"screen\", None)\n                stacktrace = getattr(exc, \"stacktrace\", None)\n            time.sleep(self._poll)\n            if time.monotonic() > end_time:\n                break\n>       raise TimeoutException(message, screen, stacktrace)\nE       selenium.common.exceptions.TimeoutException: Message: Can't find element by locator ('xpath', '//a[text()=\"Упражнения\"]')\nE       Stacktrace:\nE       #0 0x555af588d78a <unknown>\nE       #1 0x555af53300a0 <unknown>\nE       #2 0x555af53819b0 <unknown>\nE       #3 0x555af5381ba1 <unknown>\nE       #4 0x555af53cfea4 <unknown>\nE       #5 0x555af53a73cd <unknown>\nE       #6 0x555af53cd2a0 <unknown>\nE       #7 0x555af53a7173 <unknown>\nE       #8 0x555af5373d4b <unknown>\nE       #9 0x555af53749b1 <unknown>\nE       #10 0x555af585293b <unknown>\nE       #11 0x555af585683a <unknown>\nE       #12 0x555af583a692 <unknown>\nE       #13 0x555af58573c4 <unknown>\nE       #14 0x555af581f4cf <unknown>\nE       #15 0x555af587b568 <unknown>\nE       #16 0x555af587b746 <unknown>\nE       #17 0x555af588c5f6 <unknown>\nE       #18 0x7fcb6d29caa4 <unknown>\nE       #19 0x7fcb6d329c3c <unknown>\n\n/opt/hostedtoolcache/Python/3.12.10/x64/lib/python3.12/site-packages/selenium/webdriver/support/wait.py:95: TimeoutException",
  "flaky" : false,
  "newFailed" : false,
  "beforeStages" : [ {
    "name" : "default_user_authorized",
    "time" : {
      "start" : 1747963772337,
      "stop" : 1747963775272,
      "duration" : 2935
    },
    "status" : "passed",
    "steps" : [ {
      "name" : "DEFAULT user authorized",
      "time" : {
        "start" : 1747963772338,
        "stop" : 1747963775272,
        "duration" : 2934
      },
      "status" : "passed",
      "steps" : [ {
        "name" : "Check url is present: https://www.brainup.site/groups",
        "time" : {
          "start" : 1747963772729,
          "stop" : 1747963775250,
          "duration" : 2521
        },
        "status" : "passed",
        "steps" : [ ],
        "attachments" : [ ],
        "parameters" : [ ],
        "stepsCount" : 0,
        "attachmentsCount" : 0,
        "shouldDisplayMessage" : false,
        "hasContent" : false
      }, {
        "name" : "Loader checking",
        "time" : {
          "start" : 1747963775250,
          "stop" : 1747963775272,
          "duration" : 22
        },
        "status" : "passed",
        "steps" : [ ],
        "attachments" : [ ],
        "parameters" : [ ],
        "stepsCount" : 0,
        "attachmentsCount" : 0,
        "shouldDisplayMessage" : false,
        "hasContent" : false
      } ],
      "attachments" : [ ],
      "parameters" : [ {
        "name" : "driver",
        "value" : "<selenium.webdriver.chrome.webdriver.WebDriver (session=\"ab1273ffd5131e89495113a30b31c4e6\")>"
      }, {
        "name" : "main_page_open",
        "value" : "None"
      } ],
      "stepsCount" : 2,
      "attachmentsCount" : 0,
      "shouldDisplayMessage" : false,
      "hasContent" : true
    } ],
    "attachments" : [ ],
    "parameters" : [ ],
    "stepsCount" : 3,
    "attachmentsCount" : 0,
    "shouldDisplayMessage" : false,
    "hasContent" : true
  }, {
    "name" : "main_page_open",
    "time" : {
      "start" : 1747963769139,
      "stop" : 1747963772337,
      "duration" : 3198
    },
    "status" : "passed",
    "steps" : [ {
      "name" : "Open page: https://www.brainup.site/",
      "time" : {
        "start" : 1747963769139,
        "stop" : 1747963772337,
        "duration" : 3198
      },
      "status" : "passed",
      "steps" : [ ],
      "attachments" : [ ],
      "parameters" : [ {
        "name" : "driver",
        "value" : "<selenium.webdriver.chrome.webdriver.WebDriver (session=\"ab1273ffd5131e89495113a30b31c4e6\")>"
      } ],
      "stepsCount" : 0,
      "attachmentsCount" : 0,
      "shouldDisplayMessage" : false,
      "hasContent" : true
    } ],
    "attachments" : [ ],
    "parameters" : [ ],
    "stepsCount" : 1,
    "attachmentsCount" : 0,
    "shouldDisplayMessage" : false,
    "hasContent" : true
  }, {
    "name" : "driver",
    "time" : {
      "start" : 1747963768312,
      "stop" : 1747963769139,
      "duration" : 827
    },
    "status" : "passed",
    "steps" : [ ],
    "attachments" : [ ],
    "parameters" : [ ],
    "stepsCount" : 0,
    "attachmentsCount" : 0,
    "shouldDisplayMessage" : false,
    "hasContent" : false
  }, {
    "name" : "clear_allure_results_folder",
    "time" : {
      "start" : 1747962301800,
      "stop" : 1747962301800,
      "duration" : 0
    },
    "status" : "passed",
    "steps" : [ ],
    "attachments" : [ ],
    "parameters" : [ ],
    "stepsCount" : 0,
    "attachmentsCount" : 0,
    "shouldDisplayMessage" : false,
    "hasContent" : false
  } ],
  "testStage" : {
    "status" : "skipped",
    "statusMessage" : "XFAIL\n\nselenium.common.exceptions.TimeoutException: Message: Can't find element by locator ('xpath', '//a[text()=\"Упражнения\"]')\nStacktrace:\n#0 0x555af588d78a <unknown>\n#1 0x555af53300a0 <unknown>\n#2 0x555af53819b0 <unknown>\n#3 0x555af5381ba1 <unknown>\n#4 0x555af53cfea4 <unknown>\n#5 0x555af53a73cd <unknown>\n#6 0x555af53cd2a0 <unknown>\n#7 0x555af53a7173 <unknown>\n#8 0x555af5373d4b <unknown>\n#9 0x555af53749b1 <unknown>\n#10 0x555af585293b <unknown>\n#11 0x555af585683a <unknown>\n#12 0x555af583a692 <unknown>\n#13 0x555af58573c4 <unknown>\n#14 0x555af581f4cf <unknown>\n#15 0x555af587b568 <unknown>\n#16 0x555af587b746 <unknown>\n#17 0x555af588c5f6 <unknown>\n#18 0x7fcb6d29caa4 <unknown>\n#19 0x7fcb6d329c3c <unknown>",
    "statusTrace" : "self = <tests.test_speech_exercises_ru.TestCardsRU object at 0x7f6436877f50>\ndriver = <selenium.webdriver.chrome.webdriver.WebDriver (session=\"ab1273ffd5131e89495113a30b31c4e6\")>\ndefault_user_authorized = None\n\n    @pytest.mark.xfail\n    @allure.suite(\"Речевые упражнения.\")\n    @allure.title('Solutions to a random task in the \"Слова\" .')\n    def test_solve_word_cards_ru(self, driver, default_user_authorized):\n        page = SpeechExercisesPageRU(driver)\n>       page.click_button_exercises()\n\ntests/test_speech_exercises_ru.py:124: \n_ _ _ _ _ _ _ _ _ _ _ _ _ _ _ _ _ _ _ _ _ _ _ _ _ _ _ _ _ _ _ _ _ _ _ _ _ _ _ _ \npages/speech_exercises_page_ru.py:199: in click_button_exercises\n    button = self.element_is_present_and_clickable(self.locators.AuthorizedUserHomePageLocators.BUTTON_EXERCISES_RU)\npages/base_page.py:40: in element_is_present_and_clickable\n    return (Wait(self.driver, self.timeout).until(\n_ _ _ _ _ _ _ _ _ _ _ _ _ _ _ _ _ _ _ _ _ _ _ _ _ _ _ _ _ _ _ _ _ _ _ _ _ _ _ _ \n\nself = <selenium.webdriver.support.wait.WebDriverWait (session=\"ab1273ffd5131e89495113a30b31c4e6\")>\nmethod = <function visibility_of_element_located.<locals>._predicate at 0x7f6436849c60>\nmessage = 'Can\\'t find element by locator (\\'xpath\\', \\'//a[text()=\"Упражнения\"]\\')'\n\n    def until(self, method, message: str = \"\"):\n        \"\"\"Calls the method provided with the driver as an argument until the \\\n        return value does not evaluate to ``False``.\n    \n        :param method: callable(WebDriver)\n        :param message: optional message for :exc:`TimeoutException`\n        :returns: the result of the last call to `method`\n        :raises: :exc:`selenium.common.exceptions.TimeoutException` if timeout occurs\n        \"\"\"\n        screen = None\n        stacktrace = None\n    \n        end_time = time.monotonic() + self._timeout\n        while True:\n            try:\n                value = method(self._driver)\n                if value:\n                    return value\n            except self._ignored_exceptions as exc:\n                screen = getattr(exc, \"screen\", None)\n                stacktrace = getattr(exc, \"stacktrace\", None)\n            time.sleep(self._poll)\n            if time.monotonic() > end_time:\n                break\n>       raise TimeoutException(message, screen, stacktrace)\nE       selenium.common.exceptions.TimeoutException: Message: Can't find element by locator ('xpath', '//a[text()=\"Упражнения\"]')\nE       Stacktrace:\nE       #0 0x555af588d78a <unknown>\nE       #1 0x555af53300a0 <unknown>\nE       #2 0x555af53819b0 <unknown>\nE       #3 0x555af5381ba1 <unknown>\nE       #4 0x555af53cfea4 <unknown>\nE       #5 0x555af53a73cd <unknown>\nE       #6 0x555af53cd2a0 <unknown>\nE       #7 0x555af53a7173 <unknown>\nE       #8 0x555af5373d4b <unknown>\nE       #9 0x555af53749b1 <unknown>\nE       #10 0x555af585293b <unknown>\nE       #11 0x555af585683a <unknown>\nE       #12 0x555af583a692 <unknown>\nE       #13 0x555af58573c4 <unknown>\nE       #14 0x555af581f4cf <unknown>\nE       #15 0x555af587b568 <unknown>\nE       #16 0x555af587b746 <unknown>\nE       #17 0x555af588c5f6 <unknown>\nE       #18 0x7fcb6d29caa4 <unknown>\nE       #19 0x7fcb6d329c3c <unknown>\n\n/opt/hostedtoolcache/Python/3.12.10/x64/lib/python3.12/site-packages/selenium/webdriver/support/wait.py:95: TimeoutException",
    "steps" : [ {
      "name" : "Click button \"Упражнения\".",
      "time" : {
        "start" : 1747963775273,
        "stop" : 1747963795348,
        "duration" : 20075
      },
      "status" : "broken",
      "statusMessage" : "selenium.common.exceptions.TimeoutException: Message: Can't find element by locator ('xpath', '//a[text()=\"Упражнения\"]')\nStacktrace:\n#0 0x555af588d78a <unknown>\n#1 0x555af53300a0 <unknown>\n#2 0x555af53819b0 <unknown>\n#3 0x555af5381ba1 <unknown>\n#4 0x555af53cfea4 <unknown>\n#5 0x555af53a73cd <unknown>\n#6 0x555af53cd2a0 <unknown>\n#7 0x555af53a7173 <unknown>\n#8 0x555af5373d4b <unknown>\n#9 0x555af53749b1 <unknown>\n#10 0x555af585293b <unknown>\n#11 0x555af585683a <unknown>\n#12 0x555af583a692 <unknown>\n#13 0x555af58573c4 <unknown>\n#14 0x555af581f4cf <unknown>\n#15 0x555af587b568 <unknown>\n#16 0x555af587b746 <unknown>\n#17 0x555af588c5f6 <unknown>\n#18 0x7fcb6d29caa4 <unknown>\n#19 0x7fcb6d329c3c <unknown>\n\n",
      "statusTrace" : "  File \"/opt/hostedtoolcache/Python/3.12.10/x64/lib/python3.12/site-packages/allure_commons/_allure.py\", line 192, in impl\n    return func(*a, **kw)\n           ^^^^^^^^^^^^^^\n  File \"/home/runner/work/auto-tests-python/auto-tests-python/pages/speech_exercises_page_ru.py\", line 199, in click_button_exercises\n    button = self.element_is_present_and_clickable(self.locators.AuthorizedUserHomePageLocators.BUTTON_EXERCISES_RU)\n             ^^^^^^^^^^^^^^^^^^^^^^^^^^^^^^^^^^^^^^^^^^^^^^^^^^^^^^^^^^^^^^^^^^^^^^^^^^^^^^^^^^^^^^^^^^^^^^^^^^^^^^^\n  File \"/home/runner/work/auto-tests-python/auto-tests-python/pages/base_page.py\", line 40, in element_is_present_and_clickable\n    return (Wait(self.driver, self.timeout).until(\n            ^^^^^^^^^^^^^^^^^^^^^^^^^^^^^^^^^^^^^^\n  File \"/opt/hostedtoolcache/Python/3.12.10/x64/lib/python3.12/site-packages/selenium/webdriver/support/wait.py\", line 95, in until\n    raise TimeoutException(message, screen, stacktrace)\n",
      "steps" : [ {
        "name" : "Click button \"RU\".",
        "time" : {
          "start" : 1747963775273,
          "stop" : 1747963775341,
          "duration" : 68
        },
        "status" : "passed",
        "steps" : [ ],
        "attachments" : [ ],
        "parameters" : [ ],
        "stepsCount" : 0,
        "attachmentsCount" : 0,
        "shouldDisplayMessage" : false,
        "hasContent" : false
      } ],
      "attachments" : [ ],
      "parameters" : [ ],
      "stepsCount" : 1,
      "attachmentsCount" : 0,
      "shouldDisplayMessage" : true,
      "hasContent" : true
    } ],
    "attachments" : [ ],
    "parameters" : [ ],
    "stepsCount" : 2,
    "attachmentsCount" : 0,
    "shouldDisplayMessage" : true,
    "hasContent" : true
  },
  "afterStages" : [ {
    "name" : "driver::0",
    "time" : {
      "start" : 1747963795362,
      "stop" : 1747963795428,
      "duration" : 66
    },
    "status" : "passed",
    "steps" : [ ],
    "attachments" : [ ],
    "parameters" : [ ],
    "stepsCount" : 0,
    "attachmentsCount" : 0,
    "shouldDisplayMessage" : false,
    "hasContent" : false
  } ],
  "labels" : [ {
    "name" : "epic",
    "value" : "Speech exercises."
  }, {
    "name" : "suite",
    "value" : "Речевые упражнения."
  }, {
    "name" : "tag",
    "value" : "@pytest.mark.xfail"
  }, {
    "name" : "parentSuite",
    "value" : "tests"
  }, {
    "name" : "subSuite",
    "value" : "TestCardsRU"
  }, {
    "name" : "host",
    "value" : "pkrvmf6wy0o8zjz"
  }, {
    "name" : "thread",
    "value" : "2526-MainThread"
  }, {
    "name" : "framework",
    "value" : "pytest"
  }, {
    "name" : "language",
    "value" : "cpython3"
  }, {
    "name" : "package",
    "value" : "tests.test_speech_exercises_ru"
  }, {
    "name" : "resultFormat",
    "value" : "allure2"
  } ],
  "parameters" : [ ],
  "links" : [ ],
  "hidden" : false,
  "retry" : false,
  "extra" : {
    "severity" : "normal",
    "retries" : [ ],
    "categories" : [ ],
    "history" : {
      "statistic" : {
        "failed" : 0,
        "broken" : 0,
        "skipped" : 78,
        "passed" : 92,
        "unknown" : 0,
        "total" : 170
      },
      "items" : [ {
        "uid" : "c064df9c1d46561c",
        "reportUrl" : "https://Brain-up.github.io/auto-tests-python/577//#testresult/c064df9c1d46561c",
        "status" : "skipped",
        "statusDetails" : "XFAIL\n\nselenium.common.exceptions.TimeoutException: Message: Can't find element by locator ('xpath', '//a[text()=\"Упражнения\"]')\nStacktrace:\n#0 0x5623b493f78a <unknown>\n#1 0x5623b43e20a0 <unknown>\n#2 0x5623b44339b0 <unknown>\n#3 0x5623b4433ba1 <unknown>\n#4 0x5623b4481ea4 <unknown>\n#5 0x5623b44593cd <unknown>\n#6 0x5623b447f2a0 <unknown>\n#7 0x5623b4459173 <unknown>\n#8 0x5623b4425d4b <unknown>\n#9 0x5623b44269b1 <unknown>\n#10 0x5623b490493b <unknown>\n#11 0x5623b490883a <unknown>\n#12 0x5623b48ec692 <unknown>\n#13 0x5623b49093c4 <unknown>\n#14 0x5623b48d14cf <unknown>\n#15 0x5623b492d568 <unknown>\n#16 0x5623b492d746 <unknown>\n#17 0x5623b493e5f6 <unknown>\n#18 0x7f89ea89caa4 <unknown>\n#19 0x7f89ea929c3c <unknown>",
        "time" : {
          "start" : 1747944038413,
          "stop" : 1747944058512,
          "duration" : 20099
        }
      }, {
        "uid" : "91c2533a8438b9f9",
        "reportUrl" : "https://Brain-up.github.io/auto-tests-python/372//#testresult/91c2533a8438b9f9",
        "status" : "skipped",
        "statusDetails" : "XFAIL\n\nselenium.common.exceptions.TimeoutException: Message: Can't find element by locator ('xpath', '//a[text()=\"Упражнения\"]')\nStacktrace:\n#0 0x56452104e78a <unknown>\n#1 0x564520af10a0 <unknown>\n#2 0x564520b429b0 <unknown>\n#3 0x564520b42ba1 <unknown>\n#4 0x564520b90ea4 <unknown>\n#5 0x564520b683cd <unknown>\n#6 0x564520b8e2a0 <unknown>\n#7 0x564520b68173 <unknown>\n#8 0x564520b34d4b <unknown>\n#9 0x564520b359b1 <unknown>\n#10 0x56452101393b <unknown>\n#11 0x56452101783a <unknown>\n#12 0x564520ffb692 <unknown>\n#13 0x5645210183c4 <unknown>\n#14 0x564520fe04cf <unknown>\n#15 0x56452103c568 <unknown>\n#16 0x56452103c746 <unknown>\n#17 0x56452104d5f6 <unknown>\n#18 0x7f475829caa4 <unknown>\n#19 0x7f4758329c3c <unknown>",
        "time" : {
          "start" : 1747877391592,
          "stop" : 1747877411670,
          "duration" : 20078
        }
      }, {
        "uid" : "3f9ab15747e996d9",
        "reportUrl" : "https://Brain-up.github.io/auto-tests-python/576//#testresult/3f9ab15747e996d9",
        "status" : "skipped",
        "statusDetails" : "XFAIL\n\nselenium.common.exceptions.TimeoutException: Message: Can't find element by locator ('xpath', '//a[text()=\"Упражнения\"]')\nStacktrace:\n#0 0x5650302a878a <unknown>\n#1 0x56502fd4b0a0 <unknown>\n#2 0x56502fd9c9b0 <unknown>\n#3 0x56502fd9cba1 <unknown>\n#4 0x56502fdeaea4 <unknown>\n#5 0x56502fdc23cd <unknown>\n#6 0x56502fde82a0 <unknown>\n#7 0x56502fdc2173 <unknown>\n#8 0x56502fd8ed4b <unknown>\n#9 0x56502fd8f9b1 <unknown>\n#10 0x56503026d93b <unknown>\n#11 0x56503027183a <unknown>\n#12 0x565030255692 <unknown>\n#13 0x5650302723c4 <unknown>\n#14 0x56503023a4cf <unknown>\n#15 0x565030296568 <unknown>\n#16 0x565030296746 <unknown>\n#17 0x5650302a75f6 <unknown>\n#18 0x7f85de69caa4 <unknown>\n#19 0x7f85de729c3c <unknown>",
        "time" : {
          "start" : 1747853086411,
          "stop" : 1747853106517,
          "duration" : 20106
        }
      }, {
        "uid" : "5dbafc2ce4b49be4",
        "reportUrl" : "https://Brain-up.github.io/auto-tests-python/371//#testresult/5dbafc2ce4b49be4",
        "status" : "skipped",
        "statusDetails" : "XFAIL\n\nselenium.common.exceptions.TimeoutException: Message: Can't find element by locator ('xpath', '//a[text()=\"Упражнения\"]')\nStacktrace:\n#0 0x55a07c56f78a <unknown>\n#1 0x55a07c0120a0 <unknown>\n#2 0x55a07c0639b0 <unknown>\n#3 0x55a07c063ba1 <unknown>\n#4 0x55a07c0b1ea4 <unknown>\n#5 0x55a07c0893cd <unknown>\n#6 0x55a07c0af2a0 <unknown>\n#7 0x55a07c089173 <unknown>\n#8 0x55a07c055d4b <unknown>\n#9 0x55a07c0569b1 <unknown>\n#10 0x55a07c53493b <unknown>\n#11 0x55a07c53883a <unknown>\n#12 0x55a07c51c692 <unknown>\n#13 0x55a07c5393c4 <unknown>\n#14 0x55a07c5014cf <unknown>\n#15 0x55a07c55d568 <unknown>\n#16 0x55a07c55d746 <unknown>\n#17 0x55a07c56e5f6 <unknown>\n#18 0x7f9b5f69caa4 <unknown>\n#19 0x7f9b5f729c3c <unknown>",
        "time" : {
          "start" : 1747791153149,
          "stop" : 1747791173725,
          "duration" : 20576
        }
      }, {
        "uid" : "d6ad85bc315242af",
        "reportUrl" : "https://Brain-up.github.io/auto-tests-python/575//#testresult/d6ad85bc315242af",
        "status" : "skipped",
        "statusDetails" : "XFAIL\n\nselenium.common.exceptions.TimeoutException: Message: Can't find element by locator ('xpath', '//a[text()=\"Упражнения\"]')\nStacktrace:\n#0 0x55ab09dfb78a <unknown>\n#1 0x55ab0989e0a0 <unknown>\n#2 0x55ab098ef9b0 <unknown>\n#3 0x55ab098efba1 <unknown>\n#4 0x55ab0993dea4 <unknown>\n#5 0x55ab099153cd <unknown>\n#6 0x55ab0993b2a0 <unknown>\n#7 0x55ab09915173 <unknown>\n#8 0x55ab098e1d4b <unknown>\n#9 0x55ab098e29b1 <unknown>\n#10 0x55ab09dc093b <unknown>\n#11 0x55ab09dc483a <unknown>\n#12 0x55ab09da8692 <unknown>\n#13 0x55ab09dc53c4 <unknown>\n#14 0x55ab09d8d4cf <unknown>\n#15 0x55ab09de9568 <unknown>\n#16 0x55ab09de9746 <unknown>\n#17 0x55ab09dfa5f6 <unknown>\n#18 0x7f8bde89caa4 <unknown>\n#19 0x7f8bde929c3c <unknown>",
        "time" : {
          "start" : 1747772289832,
          "stop" : 1747772309933,
          "duration" : 20101
        }
      }, {
        "uid" : "1636fc6cabdfeb14",
        "reportUrl" : "https://Brain-up.github.io/auto-tests-python/370//#testresult/1636fc6cabdfeb14",
        "status" : "skipped",
        "statusDetails" : "XFAIL\n\nselenium.common.exceptions.TimeoutException: Message: Can't find element by locator ('xpath', '//a[text()=\"Упражнения\"]')\nStacktrace:\n#0 0x55aac2e7f78a <unknown>\n#1 0x55aac29220a0 <unknown>\n#2 0x55aac29739b0 <unknown>\n#3 0x55aac2973ba1 <unknown>\n#4 0x55aac29c1ea4 <unknown>\n#5 0x55aac29993cd <unknown>\n#6 0x55aac29bf2a0 <unknown>\n#7 0x55aac2999173 <unknown>\n#8 0x55aac2965d4b <unknown>\n#9 0x55aac29669b1 <unknown>\n#10 0x55aac2e4493b <unknown>\n#11 0x55aac2e4883a <unknown>\n#12 0x55aac2e2c692 <unknown>\n#13 0x55aac2e493c4 <unknown>\n#14 0x55aac2e114cf <unknown>\n#15 0x55aac2e6d568 <unknown>\n#16 0x55aac2e6d746 <unknown>\n#17 0x55aac2e7e5f6 <unknown>\n#18 0x7f34b9c9caa4 <unknown>\n#19 0x7f34b9d29c3c <unknown>",
        "time" : {
          "start" : 1747704551969,
          "stop" : 1747704572557,
          "duration" : 20588
        }
      }, {
        "uid" : "1bf864f5870c791c",
        "reportUrl" : "https://Brain-up.github.io/auto-tests-python/574//#testresult/1bf864f5870c791c",
        "status" : "skipped",
        "statusDetails" : "XFAIL\n\nselenium.common.exceptions.TimeoutException: Message: Can't find element by locator ('xpath', '//a[text()=\"Упражнения\"]')\nStacktrace:\n#0 0x557a2254578a <unknown>\n#1 0x557a21fe80a0 <unknown>\n#2 0x557a220399b0 <unknown>\n#3 0x557a22039ba1 <unknown>\n#4 0x557a22087ea4 <unknown>\n#5 0x557a2205f3cd <unknown>\n#6 0x557a220852a0 <unknown>\n#7 0x557a2205f173 <unknown>\n#8 0x557a2202bd4b <unknown>\n#9 0x557a2202c9b1 <unknown>\n#10 0x557a2250a93b <unknown>\n#11 0x557a2250e83a <unknown>\n#12 0x557a224f2692 <unknown>\n#13 0x557a2250f3c4 <unknown>\n#14 0x557a224d74cf <unknown>\n#15 0x557a22533568 <unknown>\n#16 0x557a22533746 <unknown>\n#17 0x557a225445f6 <unknown>\n#18 0x7f67fa29caa4 <unknown>\n#19 0x7f67fa329c3c <unknown>",
        "time" : {
          "start" : 1747644245312,
          "stop" : 1747644265415,
          "duration" : 20103
        }
      }, {
        "uid" : "59d84d2d2b97a851",
        "reportUrl" : "https://Brain-up.github.io/auto-tests-python/369//#testresult/59d84d2d2b97a851",
        "status" : "skipped",
        "statusDetails" : "XFAIL\n\nselenium.common.exceptions.TimeoutException: Message: Can't find element by locator ('xpath', '//a[text()=\"Упражнения\"]')\nStacktrace:\n#0 0x55f708e6a78a <unknown>\n#1 0x55f70890d0a0 <unknown>\n#2 0x55f70895e9b0 <unknown>\n#3 0x55f70895eba1 <unknown>\n#4 0x55f7089acea4 <unknown>\n#5 0x55f7089843cd <unknown>\n#6 0x55f7089aa2a0 <unknown>\n#7 0x55f708984173 <unknown>\n#8 0x55f708950d4b <unknown>\n#9 0x55f7089519b1 <unknown>\n#10 0x55f708e2f93b <unknown>\n#11 0x55f708e3383a <unknown>\n#12 0x55f708e17692 <unknown>\n#13 0x55f708e343c4 <unknown>\n#14 0x55f708dfc4cf <unknown>\n#15 0x55f708e58568 <unknown>\n#16 0x55f708e58746 <unknown>\n#17 0x55f708e695f6 <unknown>\n#18 0x7f460649caa4 <unknown>\n#19 0x7f4606529c3c <unknown>",
        "time" : {
          "start" : 1747618432987,
          "stop" : 1747618453087,
          "duration" : 20100
        }
      }, {
        "uid" : "9aa7e6261d2851e9",
        "reportUrl" : "https://Brain-up.github.io/auto-tests-python/573//#testresult/9aa7e6261d2851e9",
        "status" : "skipped",
        "statusDetails" : "XFAIL\n\nselenium.common.exceptions.TimeoutException: Message: Can't find element by locator ('xpath', '//a[text()=\"Упражнения\"]')\nStacktrace:\n#0 0x55c8ecb2378a <unknown>\n#1 0x55c8ec5c60a0 <unknown>\n#2 0x55c8ec6179b0 <unknown>\n#3 0x55c8ec617ba1 <unknown>\n#4 0x55c8ec665ea4 <unknown>\n#5 0x55c8ec63d3cd <unknown>\n#6 0x55c8ec6632a0 <unknown>\n#7 0x55c8ec63d173 <unknown>\n#8 0x55c8ec609d4b <unknown>\n#9 0x55c8ec60a9b1 <unknown>\n#10 0x55c8ecae893b <unknown>\n#11 0x55c8ecaec83a <unknown>\n#12 0x55c8ecad0692 <unknown>\n#13 0x55c8ecaed3c4 <unknown>\n#14 0x55c8ecab54cf <unknown>\n#15 0x55c8ecb11568 <unknown>\n#16 0x55c8ecb11746 <unknown>\n#17 0x55c8ecb225f6 <unknown>\n#18 0x7fcbf529caa4 <unknown>\n#19 0x7fcbf5329c3c <unknown>",
        "time" : {
          "start" : 1747593452765,
          "stop" : 1747593472848,
          "duration" : 20083
        }
      }, {
        "uid" : "e5e3c22a9e3fd077",
        "reportUrl" : "https://Brain-up.github.io/auto-tests-python/368//#testresult/e5e3c22a9e3fd077",
        "status" : "skipped",
        "statusDetails" : "XFAIL\n\nselenium.common.exceptions.TimeoutException: Message: Can't find element by locator ('xpath', '//a[text()=\"Упражнения\"]')\nStacktrace:\n#0 0x55741cacb78a <unknown>\n#1 0x55741c56e0a0 <unknown>\n#2 0x55741c5bf9b0 <unknown>\n#3 0x55741c5bfba1 <unknown>\n#4 0x55741c60dea4 <unknown>\n#5 0x55741c5e53cd <unknown>\n#6 0x55741c60b2a0 <unknown>\n#7 0x55741c5e5173 <unknown>\n#8 0x55741c5b1d4b <unknown>\n#9 0x55741c5b29b1 <unknown>\n#10 0x55741ca9093b <unknown>\n#11 0x55741ca9483a <unknown>\n#12 0x55741ca78692 <unknown>\n#13 0x55741ca953c4 <unknown>\n#14 0x55741ca5d4cf <unknown>\n#15 0x55741cab9568 <unknown>\n#16 0x55741cab9746 <unknown>\n#17 0x55741caca5f6 <unknown>\n#18 0x7f90ff89caa4 <unknown>\n#19 0x7f90ff929c3c <unknown>",
        "time" : {
          "start" : 1747532041785,
          "stop" : 1747532061899,
          "duration" : 20114
        }
      }, {
        "uid" : "bb3a243d455e570b",
        "reportUrl" : "https://Brain-up.github.io/auto-tests-python/572//#testresult/bb3a243d455e570b",
        "status" : "skipped",
        "statusDetails" : "XFAIL\n\nselenium.common.exceptions.TimeoutException: Message: Can't find element by locator ('xpath', '//a[text()=\"Упражнения\"]')\nStacktrace:\n#0 0x55774d87e78a <unknown>\n#1 0x55774d3210a0 <unknown>\n#2 0x55774d3729b0 <unknown>\n#3 0x55774d372ba1 <unknown>\n#4 0x55774d3c0ea4 <unknown>\n#5 0x55774d3983cd <unknown>\n#6 0x55774d3be2a0 <unknown>\n#7 0x55774d398173 <unknown>\n#8 0x55774d364d4b <unknown>\n#9 0x55774d3659b1 <unknown>\n#10 0x55774d84393b <unknown>\n#11 0x55774d84783a <unknown>\n#12 0x55774d82b692 <unknown>\n#13 0x55774d8483c4 <unknown>\n#14 0x55774d8104cf <unknown>\n#15 0x55774d86c568 <unknown>\n#16 0x55774d86c746 <unknown>\n#17 0x55774d87d5f6 <unknown>\n#18 0x7f6c8ec9caa4 <unknown>\n#19 0x7f6c8ed29c3c <unknown>",
        "time" : {
          "start" : 1747469357145,
          "stop" : 1747469377238,
          "duration" : 20093
        }
      }, {
        "uid" : "837ba2fe6fe7f2c1",
        "reportUrl" : "https://Brain-up.github.io/auto-tests-python/367//#testresult/837ba2fe6fe7f2c1",
        "status" : "skipped",
        "statusDetails" : "XFAIL\n\nselenium.common.exceptions.TimeoutException: Message: Can't find element by locator ('xpath', '//a[text()=\"Упражнения\"]')\nStacktrace:\n#0 0x5569e344878a <unknown>\n#1 0x5569e2eeb0a0 <unknown>\n#2 0x5569e2f3c9b0 <unknown>\n#3 0x5569e2f3cba1 <unknown>\n#4 0x5569e2f8aea4 <unknown>\n#5 0x5569e2f623cd <unknown>\n#6 0x5569e2f882a0 <unknown>\n#7 0x5569e2f62173 <unknown>\n#8 0x5569e2f2ed4b <unknown>\n#9 0x5569e2f2f9b1 <unknown>\n#10 0x5569e340d93b <unknown>\n#11 0x5569e341183a <unknown>\n#12 0x5569e33f5692 <unknown>\n#13 0x5569e34123c4 <unknown>\n#14 0x5569e33da4cf <unknown>\n#15 0x5569e3436568 <unknown>\n#16 0x5569e3436746 <unknown>\n#17 0x5569e34475f6 <unknown>\n#18 0x7f683889caa4 <unknown>\n#19 0x7f6838929c3c <unknown>",
        "time" : {
          "start" : 1747445390593,
          "stop" : 1747445410692,
          "duration" : 20099
        }
      }, {
        "uid" : "6fe811acf8aadf75",
        "reportUrl" : "https://Brain-up.github.io/auto-tests-python/571//#testresult/6fe811acf8aadf75",
        "status" : "passed",
        "statusDetails" : "XPASS",
        "time" : {
          "start" : 1747413234216,
          "stop" : 1747413281228,
          "duration" : 47012
        }
      }, {
        "uid" : "74eb3e2050f6aeb7",
        "reportUrl" : "https://Brain-up.github.io/auto-tests-python/366//#testresult/74eb3e2050f6aeb7",
        "status" : "skipped",
        "statusDetails" : "XFAIL\n\nselenium.common.exceptions.TimeoutException: Message: Can't find element by locator ('xpath', '//a[text()=\"Упражнения\"]')\nStacktrace:\n#0 0x56265395e75a <unknown>\n#1 0x5626534114b0 <unknown>\n#2 0x5626534629b3 <unknown>\n#3 0x562653462ba1 <unknown>\n#4 0x5626534b11f4 <unknown>\n#5 0x5626534885bd <unknown>\n#6 0x5626534ae5e0 <unknown>\n#7 0x562653488363 <unknown>\n#8 0x562653454d63 <unknown>\n#9 0x5626534559c1 <unknown>\n#10 0x562653923a6b <unknown>\n#11 0x562653927951 <unknown>\n#12 0x56265390bb62 <unknown>\n#13 0x5626539284c4 <unknown>\n#14 0x5626538f013f <unknown>\n#15 0x56265394c6f8 <unknown>\n#16 0x56265394c8d6 <unknown>\n#17 0x56265395d5a6 <unknown>\n#18 0x7f6936e9caa4 <unknown>\n#19 0x7f6936f29c3c <unknown>",
        "time" : {
          "start" : 1747359021159,
          "stop" : 1747359041241,
          "duration" : 20082
        }
      }, {
        "uid" : "a28a3de615089bf3",
        "reportUrl" : "https://Brain-up.github.io/auto-tests-python/570//#testresult/a28a3de615089bf3",
        "status" : "skipped",
        "statusDetails" : "XFAIL\n\nselenium.common.exceptions.TimeoutException: Message: Can't find element by locator ('xpath', '//a[text()=\"Упражнения\"]')\nStacktrace:\n#0 0x557ed241475a <unknown>\n#1 0x557ed1ec74b0 <unknown>\n#2 0x557ed1f189b3 <unknown>\n#3 0x557ed1f18ba1 <unknown>\n#4 0x557ed1f671f4 <unknown>\n#5 0x557ed1f3e5bd <unknown>\n#6 0x557ed1f645e0 <unknown>\n#7 0x557ed1f3e363 <unknown>\n#8 0x557ed1f0ad63 <unknown>\n#9 0x557ed1f0b9c1 <unknown>\n#10 0x557ed23d9a6b <unknown>\n#11 0x557ed23dd951 <unknown>\n#12 0x557ed23c1b62 <unknown>\n#13 0x557ed23de4c4 <unknown>\n#14 0x557ed23a613f <unknown>\n#15 0x557ed24026f8 <unknown>\n#16 0x557ed24028d6 <unknown>\n#17 0x557ed24135a6 <unknown>\n#18 0x7fcfa809caa4 <unknown>\n#19 0x7fcfa8129c3c <unknown>",
        "time" : {
          "start" : 1747296613964,
          "stop" : 1747296634044,
          "duration" : 20080
        }
      }, {
        "uid" : "cc7147726d8465da",
        "reportUrl" : "https://Brain-up.github.io/auto-tests-python/365//#testresult/cc7147726d8465da",
        "status" : "skipped",
        "statusDetails" : "XFAIL\n\nselenium.common.exceptions.TimeoutException: Message: Can't find element by locator ('xpath', '//a[text()=\"Упражнения\"]')\nStacktrace:\n#0 0x56006fd2475a <unknown>\n#1 0x56006f7d74b0 <unknown>\n#2 0x56006f8289b3 <unknown>\n#3 0x56006f828ba1 <unknown>\n#4 0x56006f8771f4 <unknown>\n#5 0x56006f84e5bd <unknown>\n#6 0x56006f8745e0 <unknown>\n#7 0x56006f84e363 <unknown>\n#8 0x56006f81ad63 <unknown>\n#9 0x56006f81b9c1 <unknown>\n#10 0x56006fce9a6b <unknown>\n#11 0x56006fced951 <unknown>\n#12 0x56006fcd1b62 <unknown>\n#13 0x56006fcee4c4 <unknown>\n#14 0x56006fcb613f <unknown>\n#15 0x56006fd126f8 <unknown>\n#16 0x56006fd128d6 <unknown>\n#17 0x56006fd235a6 <unknown>\n#18 0x7f2737c9caa4 <unknown>\n#19 0x7f2737d29c3c <unknown>",
        "time" : {
          "start" : 1747272344542,
          "stop" : 1747272364617,
          "duration" : 20075
        }
      }, {
        "uid" : "bc4e37ec615e8c0b",
        "reportUrl" : "https://Brain-up.github.io/auto-tests-python/569//#testresult/bc4e37ec615e8c0b",
        "status" : "skipped",
        "statusDetails" : "XFAIL\n\nselenium.common.exceptions.TimeoutException: Message: Can't find element by locator ('xpath', '//a[text()=\"Упражнения\"]')\nStacktrace:\n#0 0x5641f3b3675a <unknown>\n#1 0x5641f35e94b0 <unknown>\n#2 0x5641f363a9b3 <unknown>\n#3 0x5641f363aba1 <unknown>\n#4 0x5641f36891f4 <unknown>\n#5 0x5641f36605bd <unknown>\n#6 0x5641f36865e0 <unknown>\n#7 0x5641f3660363 <unknown>\n#8 0x5641f362cd63 <unknown>\n#9 0x5641f362d9c1 <unknown>\n#10 0x5641f3afba6b <unknown>\n#11 0x5641f3aff951 <unknown>\n#12 0x5641f3ae3b62 <unknown>\n#13 0x5641f3b004c4 <unknown>\n#14 0x5641f3ac813f <unknown>\n#15 0x5641f3b246f8 <unknown>\n#16 0x5641f3b248d6 <unknown>\n#17 0x5641f3b355a6 <unknown>\n#18 0x7f1860a9caa4 <unknown>\n#19 0x7f1860b29c3c <unknown>",
        "time" : {
          "start" : 1747247379895,
          "stop" : 1747247400002,
          "duration" : 20107
        }
      }, {
        "uid" : "19633d3cfe0e02c8",
        "reportUrl" : "https://Brain-up.github.io/auto-tests-python/364//#testresult/19633d3cfe0e02c8",
        "status" : "skipped",
        "statusDetails" : "XFAIL\n\nselenium.common.exceptions.TimeoutException: Message: Can't find element by locator ('xpath', '//a[text()=\"Упражнения\"]')\nStacktrace:\n#0 0x5575a45af75a <unknown>\n#1 0x5575a40624b0 <unknown>\n#2 0x5575a40b39b3 <unknown>\n#3 0x5575a40b3ba1 <unknown>\n#4 0x5575a41021f4 <unknown>\n#5 0x5575a40d95bd <unknown>\n#6 0x5575a40ff5e0 <unknown>\n#7 0x5575a40d9363 <unknown>\n#8 0x5575a40a5d63 <unknown>\n#9 0x5575a40a69c1 <unknown>\n#10 0x5575a4574a6b <unknown>\n#11 0x5575a4578951 <unknown>\n#12 0x5575a455cb62 <unknown>\n#13 0x5575a45794c4 <unknown>\n#14 0x5575a454113f <unknown>\n#15 0x5575a459d6f8 <unknown>\n#16 0x5575a459d8d6 <unknown>\n#17 0x5575a45ae5a6 <unknown>\n#18 0x7efd2f89caa4 <unknown>\n#19 0x7efd2f929c3c <unknown>",
        "time" : {
          "start" : 1747186369697,
          "stop" : 1747186389774,
          "duration" : 20077
        }
      }, {
        "uid" : "b79e8d285573f4fa",
        "reportUrl" : "https://Brain-up.github.io/auto-tests-python/568//#testresult/b79e8d285573f4fa",
        "status" : "skipped",
        "statusDetails" : "XFAIL\n\nselenium.common.exceptions.TimeoutException: Message: Can't find element by locator ('xpath', '//a[text()=\"Упражнения\"]')\nStacktrace:\n#0 0x55d4774a87fa <unknown>\n#1 0x55d476f4ce90 <unknown>\n#2 0x55d476f9e870 <unknown>\n#3 0x55d476f9ea61 <unknown>\n#4 0x55d476feccb4 <unknown>\n#5 0x55d476fc426d <unknown>\n#6 0x55d476fea135 <unknown>\n#7 0x55d476fc4013 <unknown>\n#8 0x55d476f90b3b <unknown>\n#9 0x55d476f917a1 <unknown>\n#10 0x55d47746db9b <unknown>\n#11 0x55d477471a8a <unknown>\n#12 0x55d477455912 <unknown>\n#13 0x55d477472604 <unknown>\n#14 0x55d47743a74f <unknown>\n#15 0x55d477496678 <unknown>\n#16 0x55d477496856 <unknown>\n#17 0x55d4774a7666 <unknown>\n#18 0x7fb43409caa4 <unknown>\n#19 0x7fb434129c3c <unknown>",
        "time" : {
          "start" : 1747144276647,
          "stop" : 1747144296733,
          "duration" : 20086
        }
      }, {
        "uid" : "11402a7474b1b733",
        "reportUrl" : "https://Brain-up.github.io/auto-tests-python/363//#testresult/11402a7474b1b733",
        "status" : "skipped",
        "statusDetails" : "XFAIL\n\nselenium.common.exceptions.TimeoutException: Message: Can't find element by locator ('xpath', '//a[text()=\"Упражнения\"]')\nStacktrace:\n#0 0x564445b1575a <unknown>\n#1 0x5644455c84b0 <unknown>\n#2 0x5644456199b3 <unknown>\n#3 0x564445619ba1 <unknown>\n#4 0x5644456681f4 <unknown>\n#5 0x56444563f5bd <unknown>\n#6 0x5644456655e0 <unknown>\n#7 0x56444563f363 <unknown>\n#8 0x56444560bd63 <unknown>\n#9 0x56444560c9c1 <unknown>\n#10 0x564445adaa6b <unknown>\n#11 0x564445ade951 <unknown>\n#12 0x564445ac2b62 <unknown>\n#13 0x564445adf4c4 <unknown>\n#14 0x564445aa713f <unknown>\n#15 0x564445b036f8 <unknown>\n#16 0x564445b038d6 <unknown>\n#17 0x564445b145a6 <unknown>\n#18 0x7f2ac1e9caa4 <unknown>\n#19 0x7f2ac1f29c3c <unknown>",
        "time" : {
          "start" : 1747099725632,
          "stop" : 1747099745724,
          "duration" : 20092
        }
      } ]
    },
    "tags" : [ "@pytest.mark.xfail" ]
  },
  "source" : "ff43061b125f8c83.json",
  "parameterValues" : [ ]
}