{
  "uid" : "e2cab030b1e495f6",
  "name" : "Select random card from \"Word\" group and compare UI vs BACKEND data",
  "fullName" : "tests.test_speech_exercises_en.TestCardsEN#test_random_word_cards_en",
  "historyId" : "84999af5e98c6318908a9abbfe6fc3a3",
  "time" : {
    "start" : 1744721351610,
    "stop" : 1744721371921,
    "duration" : 20311
  },
  "status" : "skipped",
  "statusMessage" : "XFAIL\n\nselenium.common.exceptions.TimeoutException: Message: Can't find element by locator ('xpath', '//button[@data-test-active-link=\"Words\"]')\nStacktrace:\n#0 0x55a915dc6e6a <unknown>\n#1 0x55a915878640 <unknown>\n#2 0x55a9158c9b5a <unknown>\n#3 0x55a9158c9d51 <unknown>\n#4 0x55a915918344 <unknown>\n#5 0x55a9158ef77d <unknown>\n#6 0x55a9159157b5 <unknown>\n#7 0x55a9158ef523 <unknown>\n#8 0x55a9158bbef3 <unknown>\n#9 0x55a9158bcb51 <unknown>\n#10 0x55a915d8bd2b <unknown>\n#11 0x55a915d8fc01 <unknown>\n#12 0x55a915d73512 <unknown>\n#13 0x55a915d90774 <unknown>\n#14 0x55a915d5790f <unknown>\n#15 0x55a915db4fb8 <unknown>\n#16 0x55a915db5196 <unknown>\n#17 0x55a915dc5cb6 <unknown>\n#18 0x7f8e73a9caa4 <unknown>\n#19 0x7f8e73b29c3c <unknown>",
  "statusTrace" : "self = <tests.test_speech_exercises_en.TestCardsEN object at 0x7f87b332e4e0>\ndriver = <selenium.webdriver.chrome.webdriver.WebDriver (session=\"3c03702141a70ed6ad4bb6d051e37e4d\")>\nspecialist_user_authorized = None\n\n    @pytest.mark.xfail\n    @allure.suite(\"Speech exercises EN.\")\n    @allure.title('Select random card from \"Word\" group and compare UI vs BACKEND data')\n    def test_random_word_cards_en(self, driver, specialist_user_authorized):\n        page = SpeechExercisesPage(driver)\n>       page.select_group(SpeechExercisesPageLocators.WORDS_BUTTON_EN)\n\ntests/test_speech_exercises_en.py:16: \n_ _ _ _ _ _ _ _ _ _ _ _ _ _ _ _ _ _ _ _ _ _ _ _ _ _ _ _ _ _ _ _ _ _ _ _ _ _ _ _ \npages/speech_exercises_page_en.py:18: in select_group\n    text_of_the_button = self.element_is_present_and_clickable(selector_for_sub_group)\npages/base_page.py:40: in element_is_present_and_clickable\n    return (Wait(self.driver, self.timeout).until(\n_ _ _ _ _ _ _ _ _ _ _ _ _ _ _ _ _ _ _ _ _ _ _ _ _ _ _ _ _ _ _ _ _ _ _ _ _ _ _ _ \n\nself = <selenium.webdriver.support.wait.WebDriverWait (session=\"3c03702141a70ed6ad4bb6d051e37e4d\")>\nmethod = <function visibility_of_element_located.<locals>._predicate at 0x7f87b32e9580>\nmessage = 'Can\\'t find element by locator (\\'xpath\\', \\'//button[@data-test-active-link=\"Words\"]\\')'\n\n    def until(self, method, message: str = \"\"):\n        \"\"\"Calls the method provided with the driver as an argument until the \\\n        return value does not evaluate to ``False``.\n    \n        :param method: callable(WebDriver)\n        :param message: optional message for :exc:`TimeoutException`\n        :returns: the result of the last call to `method`\n        :raises: :exc:`selenium.common.exceptions.TimeoutException` if timeout occurs\n        \"\"\"\n        screen = None\n        stacktrace = None\n    \n        end_time = time.monotonic() + self._timeout\n        while True:\n            try:\n                value = method(self._driver)\n                if value:\n                    return value\n            except self._ignored_exceptions as exc:\n                screen = getattr(exc, \"screen\", None)\n                stacktrace = getattr(exc, \"stacktrace\", None)\n            time.sleep(self._poll)\n            if time.monotonic() > end_time:\n                break\n>       raise TimeoutException(message, screen, stacktrace)\nE       selenium.common.exceptions.TimeoutException: Message: Can't find element by locator ('xpath', '//button[@data-test-active-link=\"Words\"]')\nE       Stacktrace:\nE       #0 0x55a915dc6e6a <unknown>\nE       #1 0x55a915878640 <unknown>\nE       #2 0x55a9158c9b5a <unknown>\nE       #3 0x55a9158c9d51 <unknown>\nE       #4 0x55a915918344 <unknown>\nE       #5 0x55a9158ef77d <unknown>\nE       #6 0x55a9159157b5 <unknown>\nE       #7 0x55a9158ef523 <unknown>\nE       #8 0x55a9158bbef3 <unknown>\nE       #9 0x55a9158bcb51 <unknown>\nE       #10 0x55a915d8bd2b <unknown>\nE       #11 0x55a915d8fc01 <unknown>\nE       #12 0x55a915d73512 <unknown>\nE       #13 0x55a915d90774 <unknown>\nE       #14 0x55a915d5790f <unknown>\nE       #15 0x55a915db4fb8 <unknown>\nE       #16 0x55a915db5196 <unknown>\nE       #17 0x55a915dc5cb6 <unknown>\nE       #18 0x7f8e73a9caa4 <unknown>\nE       #19 0x7f8e73b29c3c <unknown>\n\n/opt/hostedtoolcache/Python/3.12.9/x64/lib/python3.12/site-packages/selenium/webdriver/support/wait.py:95: TimeoutException",
  "flaky" : false,
  "newFailed" : false,
  "beforeStages" : [ {
    "name" : "main_page_open",
    "time" : {
      "start" : 1744721345867,
      "stop" : 1744721349002,
      "duration" : 3135
    },
    "status" : "passed",
    "steps" : [ {
      "name" : "Open page: https://www.brainup.site/",
      "time" : {
        "start" : 1744721345867,
        "stop" : 1744721349002,
        "duration" : 3135
      },
      "status" : "passed",
      "steps" : [ ],
      "attachments" : [ ],
      "parameters" : [ {
        "name" : "driver",
        "value" : "<selenium.webdriver.chrome.webdriver.WebDriver (session=\"3c03702141a70ed6ad4bb6d051e37e4d\")>"
      } ],
      "stepsCount" : 0,
      "attachmentsCount" : 0,
      "shouldDisplayMessage" : false,
      "hasContent" : true
    } ],
    "attachments" : [ ],
    "parameters" : [ ],
    "stepsCount" : 1,
    "attachmentsCount" : 0,
    "shouldDisplayMessage" : false,
    "hasContent" : true
  }, {
    "name" : "clear_allure_results_folder",
    "time" : {
      "start" : 1744718773600,
      "stop" : 1744718773600,
      "duration" : 0
    },
    "status" : "passed",
    "steps" : [ ],
    "attachments" : [ ],
    "parameters" : [ ],
    "stepsCount" : 0,
    "attachmentsCount" : 0,
    "shouldDisplayMessage" : false,
    "hasContent" : false
  }, {
    "name" : "driver",
    "time" : {
      "start" : 1744721345015,
      "stop" : 1744721345867,
      "duration" : 852
    },
    "status" : "passed",
    "steps" : [ ],
    "attachments" : [ ],
    "parameters" : [ ],
    "stepsCount" : 0,
    "attachmentsCount" : 0,
    "shouldDisplayMessage" : false,
    "hasContent" : false
  }, {
    "name" : "specialist_user_authorized",
    "time" : {
      "start" : 1744721349002,
      "stop" : 1744721351609,
      "duration" : 2607
    },
    "status" : "passed",
    "steps" : [ {
      "name" : "USER specialist authorized",
      "time" : {
        "start" : 1744721349002,
        "stop" : 1744721351609,
        "duration" : 2607
      },
      "status" : "passed",
      "steps" : [ {
        "name" : "Check url is present: https://www.brainup.site/groups",
        "time" : {
          "start" : 1744721349559,
          "stop" : 1744721351582,
          "duration" : 2023
        },
        "status" : "passed",
        "steps" : [ ],
        "attachments" : [ ],
        "parameters" : [ ],
        "stepsCount" : 0,
        "attachmentsCount" : 0,
        "shouldDisplayMessage" : false,
        "hasContent" : false
      }, {
        "name" : "Loader checking",
        "time" : {
          "start" : 1744721351582,
          "stop" : 1744721351609,
          "duration" : 27
        },
        "status" : "passed",
        "steps" : [ ],
        "attachments" : [ ],
        "parameters" : [ ],
        "stepsCount" : 0,
        "attachmentsCount" : 0,
        "shouldDisplayMessage" : false,
        "hasContent" : false
      } ],
      "attachments" : [ ],
      "parameters" : [ {
        "name" : "driver",
        "value" : "<selenium.webdriver.chrome.webdriver.WebDriver (session=\"3c03702141a70ed6ad4bb6d051e37e4d\")>"
      }, {
        "name" : "main_page_open",
        "value" : "None"
      } ],
      "stepsCount" : 2,
      "attachmentsCount" : 0,
      "shouldDisplayMessage" : false,
      "hasContent" : true
    } ],
    "attachments" : [ ],
    "parameters" : [ ],
    "stepsCount" : 3,
    "attachmentsCount" : 0,
    "shouldDisplayMessage" : false,
    "hasContent" : true
  } ],
  "testStage" : {
    "status" : "skipped",
    "statusMessage" : "XFAIL\n\nselenium.common.exceptions.TimeoutException: Message: Can't find element by locator ('xpath', '//button[@data-test-active-link=\"Words\"]')\nStacktrace:\n#0 0x55a915dc6e6a <unknown>\n#1 0x55a915878640 <unknown>\n#2 0x55a9158c9b5a <unknown>\n#3 0x55a9158c9d51 <unknown>\n#4 0x55a915918344 <unknown>\n#5 0x55a9158ef77d <unknown>\n#6 0x55a9159157b5 <unknown>\n#7 0x55a9158ef523 <unknown>\n#8 0x55a9158bbef3 <unknown>\n#9 0x55a9158bcb51 <unknown>\n#10 0x55a915d8bd2b <unknown>\n#11 0x55a915d8fc01 <unknown>\n#12 0x55a915d73512 <unknown>\n#13 0x55a915d90774 <unknown>\n#14 0x55a915d5790f <unknown>\n#15 0x55a915db4fb8 <unknown>\n#16 0x55a915db5196 <unknown>\n#17 0x55a915dc5cb6 <unknown>\n#18 0x7f8e73a9caa4 <unknown>\n#19 0x7f8e73b29c3c <unknown>",
    "statusTrace" : "self = <tests.test_speech_exercises_en.TestCardsEN object at 0x7f87b332e4e0>\ndriver = <selenium.webdriver.chrome.webdriver.WebDriver (session=\"3c03702141a70ed6ad4bb6d051e37e4d\")>\nspecialist_user_authorized = None\n\n    @pytest.mark.xfail\n    @allure.suite(\"Speech exercises EN.\")\n    @allure.title('Select random card from \"Word\" group and compare UI vs BACKEND data')\n    def test_random_word_cards_en(self, driver, specialist_user_authorized):\n        page = SpeechExercisesPage(driver)\n>       page.select_group(SpeechExercisesPageLocators.WORDS_BUTTON_EN)\n\ntests/test_speech_exercises_en.py:16: \n_ _ _ _ _ _ _ _ _ _ _ _ _ _ _ _ _ _ _ _ _ _ _ _ _ _ _ _ _ _ _ _ _ _ _ _ _ _ _ _ \npages/speech_exercises_page_en.py:18: in select_group\n    text_of_the_button = self.element_is_present_and_clickable(selector_for_sub_group)\npages/base_page.py:40: in element_is_present_and_clickable\n    return (Wait(self.driver, self.timeout).until(\n_ _ _ _ _ _ _ _ _ _ _ _ _ _ _ _ _ _ _ _ _ _ _ _ _ _ _ _ _ _ _ _ _ _ _ _ _ _ _ _ \n\nself = <selenium.webdriver.support.wait.WebDriverWait (session=\"3c03702141a70ed6ad4bb6d051e37e4d\")>\nmethod = <function visibility_of_element_located.<locals>._predicate at 0x7f87b32e9580>\nmessage = 'Can\\'t find element by locator (\\'xpath\\', \\'//button[@data-test-active-link=\"Words\"]\\')'\n\n    def until(self, method, message: str = \"\"):\n        \"\"\"Calls the method provided with the driver as an argument until the \\\n        return value does not evaluate to ``False``.\n    \n        :param method: callable(WebDriver)\n        :param message: optional message for :exc:`TimeoutException`\n        :returns: the result of the last call to `method`\n        :raises: :exc:`selenium.common.exceptions.TimeoutException` if timeout occurs\n        \"\"\"\n        screen = None\n        stacktrace = None\n    \n        end_time = time.monotonic() + self._timeout\n        while True:\n            try:\n                value = method(self._driver)\n                if value:\n                    return value\n            except self._ignored_exceptions as exc:\n                screen = getattr(exc, \"screen\", None)\n                stacktrace = getattr(exc, \"stacktrace\", None)\n            time.sleep(self._poll)\n            if time.monotonic() > end_time:\n                break\n>       raise TimeoutException(message, screen, stacktrace)\nE       selenium.common.exceptions.TimeoutException: Message: Can't find element by locator ('xpath', '//button[@data-test-active-link=\"Words\"]')\nE       Stacktrace:\nE       #0 0x55a915dc6e6a <unknown>\nE       #1 0x55a915878640 <unknown>\nE       #2 0x55a9158c9b5a <unknown>\nE       #3 0x55a9158c9d51 <unknown>\nE       #4 0x55a915918344 <unknown>\nE       #5 0x55a9158ef77d <unknown>\nE       #6 0x55a9159157b5 <unknown>\nE       #7 0x55a9158ef523 <unknown>\nE       #8 0x55a9158bbef3 <unknown>\nE       #9 0x55a9158bcb51 <unknown>\nE       #10 0x55a915d8bd2b <unknown>\nE       #11 0x55a915d8fc01 <unknown>\nE       #12 0x55a915d73512 <unknown>\nE       #13 0x55a915d90774 <unknown>\nE       #14 0x55a915d5790f <unknown>\nE       #15 0x55a915db4fb8 <unknown>\nE       #16 0x55a915db5196 <unknown>\nE       #17 0x55a915dc5cb6 <unknown>\nE       #18 0x7f8e73a9caa4 <unknown>\nE       #19 0x7f8e73b29c3c <unknown>\n\n/opt/hostedtoolcache/Python/3.12.9/x64/lib/python3.12/site-packages/selenium/webdriver/support/wait.py:95: TimeoutException",
    "steps" : [ {
      "name" : "select_group",
      "time" : {
        "start" : 1744721351610,
        "stop" : 1744721371920,
        "duration" : 20310
      },
      "status" : "broken",
      "statusMessage" : "selenium.common.exceptions.TimeoutException: Message: Can't find element by locator ('xpath', '//button[@data-test-active-link=\"Words\"]')\nStacktrace:\n#0 0x55a915dc6e6a <unknown>\n#1 0x55a915878640 <unknown>\n#2 0x55a9158c9b5a <unknown>\n#3 0x55a9158c9d51 <unknown>\n#4 0x55a915918344 <unknown>\n#5 0x55a9158ef77d <unknown>\n#6 0x55a9159157b5 <unknown>\n#7 0x55a9158ef523 <unknown>\n#8 0x55a9158bbef3 <unknown>\n#9 0x55a9158bcb51 <unknown>\n#10 0x55a915d8bd2b <unknown>\n#11 0x55a915d8fc01 <unknown>\n#12 0x55a915d73512 <unknown>\n#13 0x55a915d90774 <unknown>\n#14 0x55a915d5790f <unknown>\n#15 0x55a915db4fb8 <unknown>\n#16 0x55a915db5196 <unknown>\n#17 0x55a915dc5cb6 <unknown>\n#18 0x7f8e73a9caa4 <unknown>\n#19 0x7f8e73b29c3c <unknown>\n\n",
      "statusTrace" : "  File \"/opt/hostedtoolcache/Python/3.12.9/x64/lib/python3.12/site-packages/allure_commons/_allure.py\", line 192, in impl\n    return func(*a, **kw)\n           ^^^^^^^^^^^^^^\n  File \"/home/runner/work/auto-tests-python/auto-tests-python/pages/speech_exercises_page_en.py\", line 18, in select_group\n    text_of_the_button = self.element_is_present_and_clickable(selector_for_sub_group)\n                         ^^^^^^^^^^^^^^^^^^^^^^^^^^^^^^^^^^^^^^^^^^^^^^^^^^^^^^^^^^^^^\n  File \"/home/runner/work/auto-tests-python/auto-tests-python/pages/base_page.py\", line 40, in element_is_present_and_clickable\n    return (Wait(self.driver, self.timeout).until(\n            ^^^^^^^^^^^^^^^^^^^^^^^^^^^^^^^^^^^^^^\n  File \"/opt/hostedtoolcache/Python/3.12.9/x64/lib/python3.12/site-packages/selenium/webdriver/support/wait.py\", line 95, in until\n    raise TimeoutException(message, screen, stacktrace)\n",
      "steps" : [ {
        "name" : "Select Russian language. Click \"EN\" button.",
        "time" : {
          "start" : 1744721351610,
          "stop" : 1744721351699,
          "duration" : 89
        },
        "status" : "passed",
        "steps" : [ ],
        "attachments" : [ ],
        "parameters" : [ ],
        "stepsCount" : 0,
        "attachmentsCount" : 0,
        "shouldDisplayMessage" : false,
        "hasContent" : false
      }, {
        "name" : "Click button \"SPEECH EXERCISES\".",
        "time" : {
          "start" : 1744721351699,
          "stop" : 1744721351791,
          "duration" : 92
        },
        "status" : "passed",
        "steps" : [ ],
        "attachments" : [ ],
        "parameters" : [ ],
        "stepsCount" : 0,
        "attachmentsCount" : 0,
        "shouldDisplayMessage" : false,
        "hasContent" : false
      } ],
      "attachments" : [ ],
      "parameters" : [ {
        "name" : "selector_for_sub_group",
        "value" : "('xpath', '//button[@data-test-active-link=\"Words\"]')"
      } ],
      "stepsCount" : 2,
      "attachmentsCount" : 0,
      "shouldDisplayMessage" : true,
      "hasContent" : true
    } ],
    "attachments" : [ ],
    "parameters" : [ ],
    "stepsCount" : 3,
    "attachmentsCount" : 0,
    "shouldDisplayMessage" : true,
    "hasContent" : true
  },
  "afterStages" : [ {
    "name" : "driver::0",
    "time" : {
      "start" : 1744721371931,
      "stop" : 1744721372000,
      "duration" : 69
    },
    "status" : "passed",
    "steps" : [ ],
    "attachments" : [ ],
    "parameters" : [ ],
    "stepsCount" : 0,
    "attachmentsCount" : 0,
    "shouldDisplayMessage" : false,
    "hasContent" : false
  } ],
  "labels" : [ {
    "name" : "epic",
    "value" : "Speech exercises."
  }, {
    "name" : "suite",
    "value" : "Speech exercises EN."
  }, {
    "name" : "tag",
    "value" : "@pytest.mark.xfail"
  }, {
    "name" : "parentSuite",
    "value" : "tests"
  }, {
    "name" : "subSuite",
    "value" : "TestCardsEN"
  }, {
    "name" : "host",
    "value" : "fv-az1043-919"
  }, {
    "name" : "thread",
    "value" : "2498-MainThread"
  }, {
    "name" : "framework",
    "value" : "pytest"
  }, {
    "name" : "language",
    "value" : "cpython3"
  }, {
    "name" : "package",
    "value" : "tests.test_speech_exercises_en"
  }, {
    "name" : "resultFormat",
    "value" : "allure2"
  } ],
  "parameters" : [ ],
  "links" : [ ],
  "hidden" : false,
  "retry" : false,
  "extra" : {
    "severity" : "normal",
    "retries" : [ ],
    "categories" : [ ],
    "history" : {
      "statistic" : {
        "failed" : 0,
        "broken" : 0,
        "skipped" : 97,
        "passed" : 1,
        "unknown" : 0,
        "total" : 98
      },
      "items" : [ {
        "uid" : "5b7dd4be786057e",
        "reportUrl" : "https://Brain-up.github.io/auto-tests-python/335//#testresult/5b7dd4be786057e",
        "status" : "skipped",
        "statusDetails" : "XFAIL\n\nselenium.common.exceptions.TimeoutException: Message: Can't find element by locator ('xpath', '//button[@data-test-active-link=\"Words\"]')\nStacktrace:\n#0 0x56109eb65e6a <unknown>\n#1 0x56109e617640 <unknown>\n#2 0x56109e668b5a <unknown>\n#3 0x56109e668d51 <unknown>\n#4 0x56109e6b7344 <unknown>\n#5 0x56109e68e77d <unknown>\n#6 0x56109e6b47b5 <unknown>\n#7 0x56109e68e523 <unknown>\n#8 0x56109e65aef3 <unknown>\n#9 0x56109e65bb51 <unknown>\n#10 0x56109eb2ad2b <unknown>\n#11 0x56109eb2ec01 <unknown>\n#12 0x56109eb12512 <unknown>\n#13 0x56109eb2f774 <unknown>\n#14 0x56109eaf690f <unknown>\n#15 0x56109eb53fb8 <unknown>\n#16 0x56109eb54196 <unknown>\n#17 0x56109eb64cb6 <unknown>\n#18 0x7f0f6de9caa4 <unknown>\n#19 0x7f0f6df29c3c <unknown>",
        "time" : {
          "start" : 1744680571234,
          "stop" : 1744680591387,
          "duration" : 20153
        }
      }, {
        "uid" : "686e8d8390fe1b75",
        "reportUrl" : "https://Brain-up.github.io/auto-tests-python/539//#testresult/686e8d8390fe1b75",
        "status" : "skipped",
        "statusDetails" : "XFAIL\n\nselenium.common.exceptions.TimeoutException: Message: Can't find element by locator ('xpath', '//button[@data-test-active-link=\"Words\"]')\nStacktrace:\n#0 0x55b20395ee6a <unknown>\n#1 0x55b203410640 <unknown>\n#2 0x55b203461b5a <unknown>\n#3 0x55b203461d51 <unknown>\n#4 0x55b2034b0344 <unknown>\n#5 0x55b20348777d <unknown>\n#6 0x55b2034ad7b5 <unknown>\n#7 0x55b203487523 <unknown>\n#8 0x55b203453ef3 <unknown>\n#9 0x55b203454b51 <unknown>\n#10 0x55b203923d2b <unknown>\n#11 0x55b203927c01 <unknown>\n#12 0x55b20390b512 <unknown>\n#13 0x55b203928774 <unknown>\n#14 0x55b2038ef90f <unknown>\n#15 0x55b20394cfb8 <unknown>\n#16 0x55b20394d196 <unknown>\n#17 0x55b20395dcb6 <unknown>\n#18 0x7ff79209caa4 <unknown>\n#19 0x7ff792129c3c <unknown>",
        "time" : {
          "start" : 1744664906058,
          "stop" : 1744664926292,
          "duration" : 20234
        }
      }, {
        "uid" : "5edfb809634fc920",
        "reportUrl" : "https://Brain-up.github.io/auto-tests-python/334//#testresult/5edfb809634fc920",
        "status" : "skipped",
        "statusDetails" : "XFAIL\n\nselenium.common.exceptions.TimeoutException: Message: Can't find element by locator ('xpath', '//button[@data-test-active-link=\"Words\"]')\nStacktrace:\n#0 0x560e37487e6a <unknown>\n#1 0x560e36f39640 <unknown>\n#2 0x560e36f8ab5a <unknown>\n#3 0x560e36f8ad51 <unknown>\n#4 0x560e36fd9344 <unknown>\n#5 0x560e36fb077d <unknown>\n#6 0x560e36fd67b5 <unknown>\n#7 0x560e36fb0523 <unknown>\n#8 0x560e36f7cef3 <unknown>\n#9 0x560e36f7db51 <unknown>\n#10 0x560e3744cd2b <unknown>\n#11 0x560e37450c01 <unknown>\n#12 0x560e37434512 <unknown>\n#13 0x560e37451774 <unknown>\n#14 0x560e3741890f <unknown>\n#15 0x560e37475fb8 <unknown>\n#16 0x560e37476196 <unknown>\n#17 0x560e37486cb6 <unknown>\n#18 0x7fb338a9caa4 <unknown>\n#19 0x7fb338b29c3c <unknown>",
        "time" : {
          "start" : 1744594027500,
          "stop" : 1744594048143,
          "duration" : 20643
        }
      }, {
        "uid" : "ba9e09682d2cafcc",
        "reportUrl" : "https://Brain-up.github.io/auto-tests-python/333//#testresult/ba9e09682d2cafcc",
        "status" : "skipped",
        "statusDetails" : "XFAIL\n\nselenium.common.exceptions.TimeoutException: Message: Can't find element by locator ('xpath', '//button[@data-test-active-link=\"Words\"]')\nStacktrace:\n#0 0x55da71005e6a <unknown>\n#1 0x55da70ab7640 <unknown>\n#2 0x55da70b08b5a <unknown>\n#3 0x55da70b08d51 <unknown>\n#4 0x55da70b57344 <unknown>\n#5 0x55da70b2e77d <unknown>\n#6 0x55da70b547b5 <unknown>\n#7 0x55da70b2e523 <unknown>\n#8 0x55da70afaef3 <unknown>\n#9 0x55da70afbb51 <unknown>\n#10 0x55da70fcad2b <unknown>\n#11 0x55da70fcec01 <unknown>\n#12 0x55da70fb2512 <unknown>\n#13 0x55da70fcf774 <unknown>\n#14 0x55da70f9690f <unknown>\n#15 0x55da70ff3fb8 <unknown>\n#16 0x55da70ff4196 <unknown>\n#17 0x55da71004cb6 <unknown>\n#18 0x7fe09e09caa4 <unknown>\n#19 0x7fe09e129c3c <unknown>",
        "time" : {
          "start" : 1744512718045,
          "stop" : 1744512738215,
          "duration" : 20170
        }
      }, {
        "uid" : "402c49d9e511ba19",
        "reportUrl" : "https://Brain-up.github.io/auto-tests-python/537//#testresult/402c49d9e511ba19",
        "status" : "skipped",
        "statusDetails" : "XFAIL\n\nselenium.common.exceptions.TimeoutException: Message: Can't find element by locator ('xpath', '//button[@data-test-active-link=\"Words\"]')\nStacktrace:\n#0 0x55b31b256e6a <unknown>\n#1 0x55b31ad08640 <unknown>\n#2 0x55b31ad59b5a <unknown>\n#3 0x55b31ad59d51 <unknown>\n#4 0x55b31ada8344 <unknown>\n#5 0x55b31ad7f77d <unknown>\n#6 0x55b31ada57b5 <unknown>\n#7 0x55b31ad7f523 <unknown>\n#8 0x55b31ad4bef3 <unknown>\n#9 0x55b31ad4cb51 <unknown>\n#10 0x55b31b21bd2b <unknown>\n#11 0x55b31b21fc01 <unknown>\n#12 0x55b31b203512 <unknown>\n#13 0x55b31b220774 <unknown>\n#14 0x55b31b1e790f <unknown>\n#15 0x55b31b244fb8 <unknown>\n#16 0x55b31b245196 <unknown>\n#17 0x55b31b255cb6 <unknown>\n#18 0x7f062149caa4 <unknown>\n#19 0x7f0621529c3c <unknown>",
        "time" : {
          "start" : 1744486979558,
          "stop" : 1744487000223,
          "duration" : 20665
        }
      }, {
        "uid" : "11034ec50e80bd29",
        "reportUrl" : "https://Brain-up.github.io/auto-tests-python/332//#testresult/11034ec50e80bd29",
        "status" : "skipped",
        "statusDetails" : "XFAIL\n\nselenium.common.exceptions.TimeoutException: Message: Can't find element by locator ('xpath', '//button[@data-test-active-link=\"Words\"]')\nStacktrace:\n#0 0x560a7a0a7e6a <unknown>\n#1 0x560a79b59640 <unknown>\n#2 0x560a79baab5a <unknown>\n#3 0x560a79baad51 <unknown>\n#4 0x560a79bf9344 <unknown>\n#5 0x560a79bd077d <unknown>\n#6 0x560a79bf67b5 <unknown>\n#7 0x560a79bd0523 <unknown>\n#8 0x560a79b9cef3 <unknown>\n#9 0x560a79b9db51 <unknown>\n#10 0x560a7a06cd2b <unknown>\n#11 0x560a7a070c01 <unknown>\n#12 0x560a7a054512 <unknown>\n#13 0x560a7a071774 <unknown>\n#14 0x560a7a03890f <unknown>\n#15 0x560a7a095fb8 <unknown>\n#16 0x560a7a096196 <unknown>\n#17 0x560a7a0a6cb6 <unknown>\n#18 0x7fb56ce9caa4 <unknown>\n#19 0x7fb56cf29c3c <unknown>",
        "time" : {
          "start" : 1744420961558,
          "stop" : 1744420981740,
          "duration" : 20182
        }
      }, {
        "uid" : "61d8ee2c1047f8bc",
        "reportUrl" : "https://Brain-up.github.io/auto-tests-python/536//#testresult/61d8ee2c1047f8bc",
        "status" : "skipped",
        "statusDetails" : "XFAIL\n\nselenium.common.exceptions.TimeoutException: Message: Can't find element by locator ('xpath', '//button[@data-test-active-link=\"Words\"]')\nStacktrace:\n#0 0x563af94aae6a <unknown>\n#1 0x563af8f5c640 <unknown>\n#2 0x563af8fadb5a <unknown>\n#3 0x563af8fadd51 <unknown>\n#4 0x563af8ffc344 <unknown>\n#5 0x563af8fd377d <unknown>\n#6 0x563af8ff97b5 <unknown>\n#7 0x563af8fd3523 <unknown>\n#8 0x563af8f9fef3 <unknown>\n#9 0x563af8fa0b51 <unknown>\n#10 0x563af946fd2b <unknown>\n#11 0x563af9473c01 <unknown>\n#12 0x563af9457512 <unknown>\n#13 0x563af9474774 <unknown>\n#14 0x563af943b90f <unknown>\n#15 0x563af9498fb8 <unknown>\n#16 0x563af9499196 <unknown>\n#17 0x563af94a9cb6 <unknown>\n#18 0x7fd3c5e9caa4 <unknown>\n#19 0x7fd3c5f29c3c <unknown>",
        "time" : {
          "start" : 1744398034798,
          "stop" : 1744398055455,
          "duration" : 20657
        }
      }, {
        "uid" : "8e4ba1fd494b4522",
        "reportUrl" : "https://Brain-up.github.io/auto-tests-python/331//#testresult/8e4ba1fd494b4522",
        "status" : "skipped",
        "statusDetails" : "XFAIL\n\nselenium.common.exceptions.TimeoutException: Message: Can't find element by locator ('xpath', '//button[@data-test-active-link=\"Words\"]')\nStacktrace:\n#0 0x561f4a872e6a <unknown>\n#1 0x561f4a324640 <unknown>\n#2 0x561f4a375b5a <unknown>\n#3 0x561f4a375d51 <unknown>\n#4 0x561f4a3c4344 <unknown>\n#5 0x561f4a39b77d <unknown>\n#6 0x561f4a3c17b5 <unknown>\n#7 0x561f4a39b523 <unknown>\n#8 0x561f4a367ef3 <unknown>\n#9 0x561f4a368b51 <unknown>\n#10 0x561f4a837d2b <unknown>\n#11 0x561f4a83bc01 <unknown>\n#12 0x561f4a81f512 <unknown>\n#13 0x561f4a83c774 <unknown>\n#14 0x561f4a80390f <unknown>\n#15 0x561f4a860fb8 <unknown>\n#16 0x561f4a861196 <unknown>\n#17 0x561f4a871cb6 <unknown>\n#18 0x7ff14029caa4 <unknown>\n#19 0x7ff140329c3c <unknown>",
        "time" : {
          "start" : 1744334511393,
          "stop" : 1744334531635,
          "duration" : 20242
        }
      }, {
        "uid" : "391afd3e526d92ad",
        "reportUrl" : "https://Brain-up.github.io/auto-tests-python/535//#testresult/391afd3e526d92ad",
        "status" : "skipped",
        "statusDetails" : "XFAIL\n\nselenium.common.exceptions.TimeoutException: Message: Can't find element by locator ('xpath', '//button[@data-test-active-link=\"Words\"]')\nStacktrace:\n#0 0x555baf8a2a1a <unknown>\n#1 0x555baf35a390 <unknown>\n#2 0x555baf3abc85 <unknown>\n#3 0x555baf3abeb1 <unknown>\n#4 0x555baf3fad64 <unknown>\n#5 0x555baf3d1bfd <unknown>\n#6 0x555baf3f807b <unknown>\n#7 0x555baf3d19a3 <unknown>\n#8 0x555baf39d60e <unknown>\n#9 0x555baf39edd1 <unknown>\n#10 0x555baf868ddb <unknown>\n#11 0x555baf86ccbc <unknown>\n#12 0x555baf850392 <unknown>\n#13 0x555baf86d834 <unknown>\n#14 0x555baf8341ef <unknown>\n#15 0x555baf891038 <unknown>\n#16 0x555baf891216 <unknown>\n#17 0x555baf8a1896 <unknown>\n#18 0x7f2ab3a9caa4 <unknown>\n#19 0x7f2ab3b29c3c <unknown>",
        "time" : {
          "start" : 1744308036176,
          "stop" : 1744308056838,
          "duration" : 20662
        }
      }, {
        "uid" : "7b571af278ca98af",
        "reportUrl" : "https://Brain-up.github.io/auto-tests-python/330//#testresult/7b571af278ca98af",
        "status" : "skipped",
        "statusDetails" : "XFAIL\n\nselenium.common.exceptions.TimeoutException: Message: Can't find element by locator ('xpath', '//button[@data-test-active-link=\"Words\"]')\nStacktrace:\n#0 0x56085ec45e6a <unknown>\n#1 0x56085e6f7640 <unknown>\n#2 0x56085e748b5a <unknown>\n#3 0x56085e748d51 <unknown>\n#4 0x56085e797344 <unknown>\n#5 0x56085e76e77d <unknown>\n#6 0x56085e7947b5 <unknown>\n#7 0x56085e76e523 <unknown>\n#8 0x56085e73aef3 <unknown>\n#9 0x56085e73bb51 <unknown>\n#10 0x56085ec0ad2b <unknown>\n#11 0x56085ec0ec01 <unknown>\n#12 0x56085ebf2512 <unknown>\n#13 0x56085ec0f774 <unknown>\n#14 0x56085ebd690f <unknown>\n#15 0x56085ec33fb8 <unknown>\n#16 0x56085ec34196 <unknown>\n#17 0x56085ec44cb6 <unknown>\n#18 0x7f6ca729caa4 <unknown>\n#19 0x7f6ca7329c3c <unknown>",
        "time" : {
          "start" : 1744248085252,
          "stop" : 1744248105915,
          "duration" : 20663
        }
      }, {
        "uid" : "1dbb3367aae433e7",
        "reportUrl" : "https://Brain-up.github.io/auto-tests-python/534//#testresult/1dbb3367aae433e7",
        "status" : "skipped",
        "statusDetails" : "XFAIL\n\nselenium.common.exceptions.TimeoutException: Message: Can't find element by locator ('xpath', '//button[@data-test-active-link=\"Words\"]')\nStacktrace:\n#0 0x5647a44ebffa <unknown>\n#1 0x5647a3faa970 <unknown>\n#2 0x5647a3ffc385 <unknown>\n#3 0x5647a3ffc5b1 <unknown>\n#4 0x5647a404b3c4 <unknown>\n#5 0x5647a40222bd <unknown>\n#6 0x5647a404870c <unknown>\n#7 0x5647a4022063 <unknown>\n#8 0x5647a3fee328 <unknown>\n#9 0x5647a3fef491 <unknown>\n#10 0x5647a44b342b <unknown>\n#11 0x5647a44b72ec <unknown>\n#12 0x5647a449aa22 <unknown>\n#13 0x5647a44b7e64 <unknown>\n#14 0x5647a447ebef <unknown>\n#15 0x5647a44da558 <unknown>\n#16 0x5647a44da736 <unknown>\n#17 0x5647a44eae76 <unknown>\n#18 0x7f0ba729caa4 <unknown>\n#19 0x7f0ba7329c3c <unknown>",
        "time" : {
          "start" : 1744198814293,
          "stop" : 1744198834480,
          "duration" : 20187
        }
      }, {
        "uid" : "f13d98fe15880118",
        "reportUrl" : "https://Brain-up.github.io/auto-tests-python/329//#testresult/f13d98fe15880118",
        "status" : "skipped",
        "statusDetails" : "XFAIL\n\nselenium.common.exceptions.TimeoutException: Message: Can't find element by locator ('xpath', '//button[@data-test-active-link=\"Words\"]')\nStacktrace:\n#0 0x5599d8573ffa <unknown>\n#1 0x5599d8032970 <unknown>\n#2 0x5599d8084385 <unknown>\n#3 0x5599d80845b1 <unknown>\n#4 0x5599d80d33c4 <unknown>\n#5 0x5599d80aa2bd <unknown>\n#6 0x5599d80d070c <unknown>\n#7 0x5599d80aa063 <unknown>\n#8 0x5599d8076328 <unknown>\n#9 0x5599d8077491 <unknown>\n#10 0x5599d853b42b <unknown>\n#11 0x5599d853f2ec <unknown>\n#12 0x5599d8522a22 <unknown>\n#13 0x5599d853fe64 <unknown>\n#14 0x5599d8506bef <unknown>\n#15 0x5599d8562558 <unknown>\n#16 0x5599d8562736 <unknown>\n#17 0x5599d8572e76 <unknown>\n#18 0x7fc23609caa4 <unknown>\n#19 0x7fc236129c3c <unknown>",
        "time" : {
          "start" : 1744161872269,
          "stop" : 1744161892424,
          "duration" : 20155
        }
      }, {
        "uid" : "b053f86ce564d44f",
        "reportUrl" : "https://Brain-up.github.io/auto-tests-python/533//#testresult/b053f86ce564d44f",
        "status" : "skipped",
        "statusDetails" : "XFAIL\n\nselenium.common.exceptions.TimeoutException: Message: Can't find element by locator ('xpath', '//button[@data-test-active-link=\"Words\"]')\nStacktrace:\n#0 0x5600bd6a8ffa <unknown>\n#1 0x5600bd167970 <unknown>\n#2 0x5600bd1b9385 <unknown>\n#3 0x5600bd1b95b1 <unknown>\n#4 0x5600bd2083c4 <unknown>\n#5 0x5600bd1df2bd <unknown>\n#6 0x5600bd20570c <unknown>\n#7 0x5600bd1df063 <unknown>\n#8 0x5600bd1ab328 <unknown>\n#9 0x5600bd1ac491 <unknown>\n#10 0x5600bd67042b <unknown>\n#11 0x5600bd6742ec <unknown>\n#12 0x5600bd657a22 <unknown>\n#13 0x5600bd674e64 <unknown>\n#14 0x5600bd63bbef <unknown>\n#15 0x5600bd697558 <unknown>\n#16 0x5600bd697736 <unknown>\n#17 0x5600bd6a7e76 <unknown>\n#18 0x7fe96769caa4 <unknown>\n#19 0x7fe967729c3c <unknown>",
        "time" : {
          "start" : 1744148353394,
          "stop" : 1744148373899,
          "duration" : 20505
        }
      }, {
        "uid" : "3df9cd4ac76f50b0",
        "reportUrl" : "https://Brain-up.github.io/auto-tests-python/328//#testresult/3df9cd4ac76f50b0",
        "status" : "skipped",
        "statusDetails" : "XFAIL\n\nselenium.common.exceptions.TimeoutException: Message: Can't find element by locator ('xpath', '//button[@data-test-active-link=\"Words\"]')\nStacktrace:\n#0 0x55ba54fa9ffa <unknown>\n#1 0x55ba54a68970 <unknown>\n#2 0x55ba54aba385 <unknown>\n#3 0x55ba54aba5b1 <unknown>\n#4 0x55ba54b093c4 <unknown>\n#5 0x55ba54ae02bd <unknown>\n#6 0x55ba54b0670c <unknown>\n#7 0x55ba54ae0063 <unknown>\n#8 0x55ba54aac328 <unknown>\n#9 0x55ba54aad491 <unknown>\n#10 0x55ba54f7142b <unknown>\n#11 0x55ba54f752ec <unknown>\n#12 0x55ba54f58a22 <unknown>\n#13 0x55ba54f75e64 <unknown>\n#14 0x55ba54f3cbef <unknown>\n#15 0x55ba54f98558 <unknown>\n#16 0x55ba54f98736 <unknown>\n#17 0x55ba54fa8e76 <unknown>\n#18 0x7ffbe5a9caa4 <unknown>\n#19 0x7ffbe5b29c3c <unknown>",
        "time" : {
          "start" : 1744075226720,
          "stop" : 1744075246885,
          "duration" : 20165
        }
      }, {
        "uid" : "dfba6b79929726e5",
        "reportUrl" : "https://Brain-up.github.io/auto-tests-python/532//#testresult/dfba6b79929726e5",
        "status" : "skipped",
        "statusDetails" : "XFAIL\n\nselenium.common.exceptions.TimeoutException: Message: Can't find element by locator ('xpath', '//button[@data-test-active-link=\"Words\"]')\nStacktrace:\n#0 0x55c260dd1ffa <unknown>\n#1 0x55c260890970 <unknown>\n#2 0x55c2608e2385 <unknown>\n#3 0x55c2608e25b1 <unknown>\n#4 0x55c2609313c4 <unknown>\n#5 0x55c2609082bd <unknown>\n#6 0x55c26092e70c <unknown>\n#7 0x55c260908063 <unknown>\n#8 0x55c2608d4328 <unknown>\n#9 0x55c2608d5491 <unknown>\n#10 0x55c260d9942b <unknown>\n#11 0x55c260d9d2ec <unknown>\n#12 0x55c260d80a22 <unknown>\n#13 0x55c260d9de64 <unknown>\n#14 0x55c260d64bef <unknown>\n#15 0x55c260dc0558 <unknown>\n#16 0x55c260dc0736 <unknown>\n#17 0x55c260dd0e76 <unknown>\n#18 0x7efcdda9caa4 <unknown>\n#19 0x7efcddb29c3c <unknown>",
        "time" : {
          "start" : 1744021942390,
          "stop" : 1744021962675,
          "duration" : 20285
        }
      }, {
        "uid" : "3134b3edf731ad96",
        "reportUrl" : "https://Brain-up.github.io/auto-tests-python/327//#testresult/3134b3edf731ad96",
        "status" : "skipped",
        "statusDetails" : "XFAIL\n\nselenium.common.exceptions.TimeoutException: Message: Can't find element by locator ('xpath', '//button[@data-test-active-link=\"Words\"]')\nStacktrace:\n#0 0x562991911ffa <unknown>\n#1 0x5629913d0970 <unknown>\n#2 0x562991422385 <unknown>\n#3 0x5629914225b1 <unknown>\n#4 0x5629914713c4 <unknown>\n#5 0x5629914482bd <unknown>\n#6 0x56299146e70c <unknown>\n#7 0x562991448063 <unknown>\n#8 0x562991414328 <unknown>\n#9 0x562991415491 <unknown>\n#10 0x5629918d942b <unknown>\n#11 0x5629918dd2ec <unknown>\n#12 0x5629918c0a22 <unknown>\n#13 0x5629918dde64 <unknown>\n#14 0x5629918a4bef <unknown>\n#15 0x562991900558 <unknown>\n#16 0x562991900736 <unknown>\n#17 0x562991910e76 <unknown>\n#18 0x7f4dbb29caa4 <unknown>\n#19 0x7f4dbb329c3c <unknown>",
        "time" : {
          "start" : 1743989235480,
          "stop" : 1743989256132,
          "duration" : 20652
        }
      }, {
        "uid" : "f405d53b67727d6",
        "reportUrl" : "https://Brain-up.github.io/auto-tests-python/531//#testresult/f405d53b67727d6",
        "status" : "skipped",
        "statusDetails" : "XFAIL\n\nselenium.common.exceptions.TimeoutException: Message: Can't find element by locator ('xpath', '//button[@data-test-active-link=\"Words\"]')\nStacktrace:\n#0 0x55f924ffbffa <unknown>\n#1 0x55f924aba970 <unknown>\n#2 0x55f924b0c385 <unknown>\n#3 0x55f924b0c5b1 <unknown>\n#4 0x55f924b5b3c4 <unknown>\n#5 0x55f924b322bd <unknown>\n#6 0x55f924b5870c <unknown>\n#7 0x55f924b32063 <unknown>\n#8 0x55f924afe328 <unknown>\n#9 0x55f924aff491 <unknown>\n#10 0x55f924fc342b <unknown>\n#11 0x55f924fc72ec <unknown>\n#12 0x55f924faaa22 <unknown>\n#13 0x55f924fc7e64 <unknown>\n#14 0x55f924f8ebef <unknown>\n#15 0x55f924fea558 <unknown>\n#16 0x55f924fea736 <unknown>\n#17 0x55f924ffae76 <unknown>\n#18 0x7fd039a9caa4 <unknown>\n#19 0x7fd039b29c3c <unknown>",
        "time" : {
          "start" : 1743970409055,
          "stop" : 1743970429284,
          "duration" : 20229
        }
      }, {
        "uid" : "c8eef29c5ab7b08d",
        "reportUrl" : "https://Brain-up.github.io/auto-tests-python/326//#testresult/c8eef29c5ab7b08d",
        "status" : "skipped",
        "statusDetails" : "XFAIL\n\nselenium.common.exceptions.TimeoutException: Message: Can't find element by locator ('xpath', '//button[@data-test-active-link=\"Words\"]')\nStacktrace:\n#0 0x55789dc74ffa <unknown>\n#1 0x55789d733970 <unknown>\n#2 0x55789d785385 <unknown>\n#3 0x55789d7855b1 <unknown>\n#4 0x55789d7d43c4 <unknown>\n#5 0x55789d7ab2bd <unknown>\n#6 0x55789d7d170c <unknown>\n#7 0x55789d7ab063 <unknown>\n#8 0x55789d777328 <unknown>\n#9 0x55789d778491 <unknown>\n#10 0x55789dc3c42b <unknown>\n#11 0x55789dc402ec <unknown>\n#12 0x55789dc23a22 <unknown>\n#13 0x55789dc40e64 <unknown>\n#14 0x55789dc07bef <unknown>\n#15 0x55789dc63558 <unknown>\n#16 0x55789dc63736 <unknown>\n#17 0x55789dc73e76 <unknown>\n#18 0x7f7c8c09caa4 <unknown>\n#19 0x7f7c8c129c3c <unknown>",
        "time" : {
          "start" : 1743902696620,
          "stop" : 1743902717277,
          "duration" : 20657
        }
      }, {
        "uid" : "ab4c182a6b70b51c",
        "reportUrl" : "https://Brain-up.github.io/auto-tests-python/530//#testresult/ab4c182a6b70b51c",
        "status" : "skipped",
        "statusDetails" : "XFAIL\n\nselenium.common.exceptions.TimeoutException: Message: Can't find element by locator ('xpath', '//button[@data-test-active-link=\"Words\"]')\nStacktrace:\n#0 0x5618fe400ffa <unknown>\n#1 0x5618fdebf970 <unknown>\n#2 0x5618fdf11385 <unknown>\n#3 0x5618fdf115b1 <unknown>\n#4 0x5618fdf603c4 <unknown>\n#5 0x5618fdf372bd <unknown>\n#6 0x5618fdf5d70c <unknown>\n#7 0x5618fdf37063 <unknown>\n#8 0x5618fdf03328 <unknown>\n#9 0x5618fdf04491 <unknown>\n#10 0x5618fe3c842b <unknown>\n#11 0x5618fe3cc2ec <unknown>\n#12 0x5618fe3afa22 <unknown>\n#13 0x5618fe3cce64 <unknown>\n#14 0x5618fe393bef <unknown>\n#15 0x5618fe3ef558 <unknown>\n#16 0x5618fe3ef736 <unknown>\n#17 0x5618fe3ffe76 <unknown>\n#18 0x7f6d2ee9caa4 <unknown>\n#19 0x7f6d2ef29c3c <unknown>",
        "time" : {
          "start" : 1743844926911,
          "stop" : 1743844947552,
          "duration" : 20641
        }
      }, {
        "uid" : "763c2530e45ca137",
        "reportUrl" : "https://Brain-up.github.io/auto-tests-python/325//#testresult/763c2530e45ca137",
        "status" : "skipped",
        "statusDetails" : "XFAIL\n\nselenium.common.exceptions.TimeoutException: Message: Can't find element by locator ('xpath', '//button[@data-test-active-link=\"Words\"]')\nStacktrace:\n#0 0x55c9a032affa <unknown>\n#1 0x55c99fde9970 <unknown>\n#2 0x55c99fe3b385 <unknown>\n#3 0x55c99fe3b5b1 <unknown>\n#4 0x55c99fe8a3c4 <unknown>\n#5 0x55c99fe612bd <unknown>\n#6 0x55c99fe8770c <unknown>\n#7 0x55c99fe61063 <unknown>\n#8 0x55c99fe2d328 <unknown>\n#9 0x55c99fe2e491 <unknown>\n#10 0x55c9a02f242b <unknown>\n#11 0x55c9a02f62ec <unknown>\n#12 0x55c9a02d9a22 <unknown>\n#13 0x55c9a02f6e64 <unknown>\n#14 0x55c9a02bdbef <unknown>\n#15 0x55c9a0319558 <unknown>\n#16 0x55c9a0319736 <unknown>\n#17 0x55c9a0329e76 <unknown>\n#18 0x7f1135a9caa4 <unknown>\n#19 0x7f1135b29c3c <unknown>",
        "time" : {
          "start" : 1743815968803,
          "stop" : 1743815989469,
          "duration" : 20666
        }
      } ]
    },
    "tags" : [ "@pytest.mark.xfail" ]
  },
  "source" : "e2cab030b1e495f6.json",
  "parameterValues" : [ ]
}