{
  "uid" : "b35affcf83bfa0e8",
  "name" : "Solutions to a random task in the \"Слова\" group and comparison of statics.",
  "fullName" : "tests.test_speech_exercises_ru.TestCardsRU#test_solve_word_cards_with_statistic_ru",
  "historyId" : "0fb6881b2015244903bd7785af7503a6",
  "time" : {
    "start" : 1745877833359,
    "stop" : 1745877854005,
    "duration" : 20646
  },
  "status" : "skipped",
  "statusMessage" : "XFAIL\n\nselenium.common.exceptions.TimeoutException: Message: Can't find element by locator ('xpath', '//div[@class=\"__51e19\"]')\nStacktrace:\n#0 0x559abc04875a <unknown>\n#1 0x559abbafb4b0 <unknown>\n#2 0x559abbb4c9b3 <unknown>\n#3 0x559abbb4cba1 <unknown>\n#4 0x559abbb9b1f4 <unknown>\n#5 0x559abbb725bd <unknown>\n#6 0x559abbb985e0 <unknown>\n#7 0x559abbb72363 <unknown>\n#8 0x559abbb3ed63 <unknown>\n#9 0x559abbb3f9c1 <unknown>\n#10 0x559abc00da6b <unknown>\n#11 0x559abc011951 <unknown>\n#12 0x559abbff5b62 <unknown>\n#13 0x559abc0124c4 <unknown>\n#14 0x559abbfda13f <unknown>\n#15 0x559abc0366f8 <unknown>\n#16 0x559abc0368d6 <unknown>\n#17 0x559abc0475a6 <unknown>\n#18 0x7f302c09caa4 <unknown>\n#19 0x7f302c129c3c <unknown>",
  "statusTrace" : "self = <tests.test_speech_exercises_ru.TestCardsRU object at 0x7fa05c59f560>\ndriver = <selenium.webdriver.chrome.webdriver.WebDriver (session=\"07675e734c18e5834085df1edaba704e\")>\ndefault_user_authorized = None\n\n    @pytest.mark.xfail\n    @allure.suite(\"Речевые упражнения.\")\n    @allure.title('Solutions to a random task in the \"Слова\" group and comparison of statics.')\n    def test_solve_word_cards_with_statistic_ru(self, driver, default_user_authorized):\n        page = SpeechExercisesPageRU(driver)\n        page.click_button_ru()\n>       table = page.get_statistic_data()\n\ntests/test_speech_exercises_ru.py:165: \n_ _ _ _ _ _ _ _ _ _ _ _ _ _ _ _ _ _ _ _ _ _ _ _ _ _ _ _ _ _ _ _ _ _ _ _ _ _ _ _ \npages/speech_exercises_page_ru.py:174: in get_statistic_data\n    table = self.element_is_present(self.locators.AuthorizedUserHomePageLocators.STATISTIC_TABLE)\npages/base_page.py:32: in element_is_present\n    return Wait(self.driver, self.timeout).until(\n_ _ _ _ _ _ _ _ _ _ _ _ _ _ _ _ _ _ _ _ _ _ _ _ _ _ _ _ _ _ _ _ _ _ _ _ _ _ _ _ \n\nself = <selenium.webdriver.support.wait.WebDriverWait (session=\"07675e734c18e5834085df1edaba704e\")>\nmethod = <function presence_of_element_located.<locals>._predicate at 0x7fa05c46a700>\nmessage = 'Can\\'t find element by locator (\\'xpath\\', \\'//div[@class=\"__51e19\"]\\')'\n\n    def until(self, method, message: str = \"\"):\n        \"\"\"Calls the method provided with the driver as an argument until the \\\n        return value does not evaluate to ``False``.\n    \n        :param method: callable(WebDriver)\n        :param message: optional message for :exc:`TimeoutException`\n        :returns: the result of the last call to `method`\n        :raises: :exc:`selenium.common.exceptions.TimeoutException` if timeout occurs\n        \"\"\"\n        screen = None\n        stacktrace = None\n    \n        end_time = time.monotonic() + self._timeout\n        while True:\n            try:\n                value = method(self._driver)\n                if value:\n                    return value\n            except self._ignored_exceptions as exc:\n                screen = getattr(exc, \"screen\", None)\n                stacktrace = getattr(exc, \"stacktrace\", None)\n            time.sleep(self._poll)\n            if time.monotonic() > end_time:\n                break\n>       raise TimeoutException(message, screen, stacktrace)\nE       selenium.common.exceptions.TimeoutException: Message: Can't find element by locator ('xpath', '//div[@class=\"__51e19\"]')\nE       Stacktrace:\nE       #0 0x559abc04875a <unknown>\nE       #1 0x559abbafb4b0 <unknown>\nE       #2 0x559abbb4c9b3 <unknown>\nE       #3 0x559abbb4cba1 <unknown>\nE       #4 0x559abbb9b1f4 <unknown>\nE       #5 0x559abbb725bd <unknown>\nE       #6 0x559abbb985e0 <unknown>\nE       #7 0x559abbb72363 <unknown>\nE       #8 0x559abbb3ed63 <unknown>\nE       #9 0x559abbb3f9c1 <unknown>\nE       #10 0x559abc00da6b <unknown>\nE       #11 0x559abc011951 <unknown>\nE       #12 0x559abbff5b62 <unknown>\nE       #13 0x559abc0124c4 <unknown>\nE       #14 0x559abbfda13f <unknown>\nE       #15 0x559abc0366f8 <unknown>\nE       #16 0x559abc0368d6 <unknown>\nE       #17 0x559abc0475a6 <unknown>\nE       #18 0x7f302c09caa4 <unknown>\nE       #19 0x7f302c129c3c <unknown>\n\n/opt/hostedtoolcache/Python/3.12.10/x64/lib/python3.12/site-packages/selenium/webdriver/support/wait.py:95: TimeoutException",
  "flaky" : false,
  "newFailed" : false,
  "beforeStages" : [ {
    "name" : "main_page_open",
    "time" : {
      "start" : 1745877827555,
      "stop" : 1745877830453,
      "duration" : 2898
    },
    "status" : "passed",
    "steps" : [ {
      "name" : "Open page: https://www.brainup.site/",
      "time" : {
        "start" : 1745877827555,
        "stop" : 1745877830453,
        "duration" : 2898
      },
      "status" : "passed",
      "steps" : [ ],
      "attachments" : [ ],
      "parameters" : [ {
        "name" : "driver",
        "value" : "<selenium.webdriver.chrome.webdriver.WebDriver (session=\"07675e734c18e5834085df1edaba704e\")>"
      } ],
      "stepsCount" : 0,
      "attachmentsCount" : 0,
      "shouldDisplayMessage" : false,
      "hasContent" : true
    } ],
    "attachments" : [ ],
    "parameters" : [ ],
    "stepsCount" : 1,
    "attachmentsCount" : 0,
    "shouldDisplayMessage" : false,
    "hasContent" : true
  }, {
    "name" : "driver",
    "time" : {
      "start" : 1745877826737,
      "stop" : 1745877827555,
      "duration" : 818
    },
    "status" : "passed",
    "steps" : [ ],
    "attachments" : [ ],
    "parameters" : [ ],
    "stepsCount" : 0,
    "attachmentsCount" : 0,
    "shouldDisplayMessage" : false,
    "hasContent" : false
  }, {
    "name" : "clear_allure_results_folder",
    "time" : {
      "start" : 1745876216563,
      "stop" : 1745876216563,
      "duration" : 0
    },
    "status" : "passed",
    "steps" : [ ],
    "attachments" : [ ],
    "parameters" : [ ],
    "stepsCount" : 0,
    "attachmentsCount" : 0,
    "shouldDisplayMessage" : false,
    "hasContent" : false
  }, {
    "name" : "default_user_authorized",
    "time" : {
      "start" : 1745877830453,
      "stop" : 1745877833359,
      "duration" : 2906
    },
    "status" : "passed",
    "steps" : [ {
      "name" : "DEFAULT user authorized",
      "time" : {
        "start" : 1745877830453,
        "stop" : 1745877833359,
        "duration" : 2906
      },
      "status" : "passed",
      "steps" : [ {
        "name" : "Check url is present: https://www.brainup.site/groups",
        "time" : {
          "start" : 1745877830814,
          "stop" : 1745877833337,
          "duration" : 2523
        },
        "status" : "passed",
        "steps" : [ ],
        "attachments" : [ ],
        "parameters" : [ ],
        "stepsCount" : 0,
        "attachmentsCount" : 0,
        "shouldDisplayMessage" : false,
        "hasContent" : false
      }, {
        "name" : "Loader checking",
        "time" : {
          "start" : 1745877833337,
          "stop" : 1745877833359,
          "duration" : 22
        },
        "status" : "passed",
        "steps" : [ ],
        "attachments" : [ ],
        "parameters" : [ ],
        "stepsCount" : 0,
        "attachmentsCount" : 0,
        "shouldDisplayMessage" : false,
        "hasContent" : false
      } ],
      "attachments" : [ ],
      "parameters" : [ {
        "name" : "driver",
        "value" : "<selenium.webdriver.chrome.webdriver.WebDriver (session=\"07675e734c18e5834085df1edaba704e\")>"
      }, {
        "name" : "main_page_open",
        "value" : "None"
      } ],
      "stepsCount" : 2,
      "attachmentsCount" : 0,
      "shouldDisplayMessage" : false,
      "hasContent" : true
    } ],
    "attachments" : [ ],
    "parameters" : [ ],
    "stepsCount" : 3,
    "attachmentsCount" : 0,
    "shouldDisplayMessage" : false,
    "hasContent" : true
  } ],
  "testStage" : {
    "status" : "skipped",
    "statusMessage" : "XFAIL\n\nselenium.common.exceptions.TimeoutException: Message: Can't find element by locator ('xpath', '//div[@class=\"__51e19\"]')\nStacktrace:\n#0 0x559abc04875a <unknown>\n#1 0x559abbafb4b0 <unknown>\n#2 0x559abbb4c9b3 <unknown>\n#3 0x559abbb4cba1 <unknown>\n#4 0x559abbb9b1f4 <unknown>\n#5 0x559abbb725bd <unknown>\n#6 0x559abbb985e0 <unknown>\n#7 0x559abbb72363 <unknown>\n#8 0x559abbb3ed63 <unknown>\n#9 0x559abbb3f9c1 <unknown>\n#10 0x559abc00da6b <unknown>\n#11 0x559abc011951 <unknown>\n#12 0x559abbff5b62 <unknown>\n#13 0x559abc0124c4 <unknown>\n#14 0x559abbfda13f <unknown>\n#15 0x559abc0366f8 <unknown>\n#16 0x559abc0368d6 <unknown>\n#17 0x559abc0475a6 <unknown>\n#18 0x7f302c09caa4 <unknown>\n#19 0x7f302c129c3c <unknown>",
    "statusTrace" : "self = <tests.test_speech_exercises_ru.TestCardsRU object at 0x7fa05c59f560>\ndriver = <selenium.webdriver.chrome.webdriver.WebDriver (session=\"07675e734c18e5834085df1edaba704e\")>\ndefault_user_authorized = None\n\n    @pytest.mark.xfail\n    @allure.suite(\"Речевые упражнения.\")\n    @allure.title('Solutions to a random task in the \"Слова\" group and comparison of statics.')\n    def test_solve_word_cards_with_statistic_ru(self, driver, default_user_authorized):\n        page = SpeechExercisesPageRU(driver)\n        page.click_button_ru()\n>       table = page.get_statistic_data()\n\ntests/test_speech_exercises_ru.py:165: \n_ _ _ _ _ _ _ _ _ _ _ _ _ _ _ _ _ _ _ _ _ _ _ _ _ _ _ _ _ _ _ _ _ _ _ _ _ _ _ _ \npages/speech_exercises_page_ru.py:174: in get_statistic_data\n    table = self.element_is_present(self.locators.AuthorizedUserHomePageLocators.STATISTIC_TABLE)\npages/base_page.py:32: in element_is_present\n    return Wait(self.driver, self.timeout).until(\n_ _ _ _ _ _ _ _ _ _ _ _ _ _ _ _ _ _ _ _ _ _ _ _ _ _ _ _ _ _ _ _ _ _ _ _ _ _ _ _ \n\nself = <selenium.webdriver.support.wait.WebDriverWait (session=\"07675e734c18e5834085df1edaba704e\")>\nmethod = <function presence_of_element_located.<locals>._predicate at 0x7fa05c46a700>\nmessage = 'Can\\'t find element by locator (\\'xpath\\', \\'//div[@class=\"__51e19\"]\\')'\n\n    def until(self, method, message: str = \"\"):\n        \"\"\"Calls the method provided with the driver as an argument until the \\\n        return value does not evaluate to ``False``.\n    \n        :param method: callable(WebDriver)\n        :param message: optional message for :exc:`TimeoutException`\n        :returns: the result of the last call to `method`\n        :raises: :exc:`selenium.common.exceptions.TimeoutException` if timeout occurs\n        \"\"\"\n        screen = None\n        stacktrace = None\n    \n        end_time = time.monotonic() + self._timeout\n        while True:\n            try:\n                value = method(self._driver)\n                if value:\n                    return value\n            except self._ignored_exceptions as exc:\n                screen = getattr(exc, \"screen\", None)\n                stacktrace = getattr(exc, \"stacktrace\", None)\n            time.sleep(self._poll)\n            if time.monotonic() > end_time:\n                break\n>       raise TimeoutException(message, screen, stacktrace)\nE       selenium.common.exceptions.TimeoutException: Message: Can't find element by locator ('xpath', '//div[@class=\"__51e19\"]')\nE       Stacktrace:\nE       #0 0x559abc04875a <unknown>\nE       #1 0x559abbafb4b0 <unknown>\nE       #2 0x559abbb4c9b3 <unknown>\nE       #3 0x559abbb4cba1 <unknown>\nE       #4 0x559abbb9b1f4 <unknown>\nE       #5 0x559abbb725bd <unknown>\nE       #6 0x559abbb985e0 <unknown>\nE       #7 0x559abbb72363 <unknown>\nE       #8 0x559abbb3ed63 <unknown>\nE       #9 0x559abbb3f9c1 <unknown>\nE       #10 0x559abc00da6b <unknown>\nE       #11 0x559abc011951 <unknown>\nE       #12 0x559abbff5b62 <unknown>\nE       #13 0x559abc0124c4 <unknown>\nE       #14 0x559abbfda13f <unknown>\nE       #15 0x559abc0366f8 <unknown>\nE       #16 0x559abc0368d6 <unknown>\nE       #17 0x559abc0475a6 <unknown>\nE       #18 0x7f302c09caa4 <unknown>\nE       #19 0x7f302c129c3c <unknown>\n\n/opt/hostedtoolcache/Python/3.12.10/x64/lib/python3.12/site-packages/selenium/webdriver/support/wait.py:95: TimeoutException",
    "steps" : [ {
      "name" : "click_button RU",
      "time" : {
        "start" : 1745877833359,
        "stop" : 1745877833426,
        "duration" : 67
      },
      "status" : "passed",
      "steps" : [ {
        "name" : "Click button \"RU\".",
        "time" : {
          "start" : 1745877833359,
          "stop" : 1745877833426,
          "duration" : 67
        },
        "status" : "passed",
        "steps" : [ ],
        "attachments" : [ ],
        "parameters" : [ ],
        "stepsCount" : 0,
        "attachmentsCount" : 0,
        "shouldDisplayMessage" : false,
        "hasContent" : false
      } ],
      "attachments" : [ ],
      "parameters" : [ ],
      "stepsCount" : 1,
      "attachmentsCount" : 0,
      "shouldDisplayMessage" : false,
      "hasContent" : true
    }, {
      "name" : "get_statistic_data",
      "time" : {
        "start" : 1745877833426,
        "stop" : 1745877854004,
        "duration" : 20578
      },
      "status" : "broken",
      "statusMessage" : "selenium.common.exceptions.TimeoutException: Message: Can't find element by locator ('xpath', '//div[@class=\"__51e19\"]')\nStacktrace:\n#0 0x559abc04875a <unknown>\n#1 0x559abbafb4b0 <unknown>\n#2 0x559abbb4c9b3 <unknown>\n#3 0x559abbb4cba1 <unknown>\n#4 0x559abbb9b1f4 <unknown>\n#5 0x559abbb725bd <unknown>\n#6 0x559abbb985e0 <unknown>\n#7 0x559abbb72363 <unknown>\n#8 0x559abbb3ed63 <unknown>\n#9 0x559abbb3f9c1 <unknown>\n#10 0x559abc00da6b <unknown>\n#11 0x559abc011951 <unknown>\n#12 0x559abbff5b62 <unknown>\n#13 0x559abc0124c4 <unknown>\n#14 0x559abbfda13f <unknown>\n#15 0x559abc0366f8 <unknown>\n#16 0x559abc0368d6 <unknown>\n#17 0x559abc0475a6 <unknown>\n#18 0x7f302c09caa4 <unknown>\n#19 0x7f302c129c3c <unknown>\n\n",
      "statusTrace" : "  File \"/opt/hostedtoolcache/Python/3.12.10/x64/lib/python3.12/site-packages/allure_commons/_allure.py\", line 192, in impl\n    return func(*a, **kw)\n           ^^^^^^^^^^^^^^\n  File \"/home/runner/work/auto-tests-python/auto-tests-python/pages/speech_exercises_page_ru.py\", line 174, in get_statistic_data\n    table = self.element_is_present(self.locators.AuthorizedUserHomePageLocators.STATISTIC_TABLE)\n            ^^^^^^^^^^^^^^^^^^^^^^^^^^^^^^^^^^^^^^^^^^^^^^^^^^^^^^^^^^^^^^^^^^^^^^^^^^^^^^^^^^^^^\n  File \"/home/runner/work/auto-tests-python/auto-tests-python/pages/base_page.py\", line 32, in element_is_present\n    return Wait(self.driver, self.timeout).until(\n           ^^^^^^^^^^^^^^^^^^^^^^^^^^^^^^^^^^^^^^\n  File \"/opt/hostedtoolcache/Python/3.12.10/x64/lib/python3.12/site-packages/selenium/webdriver/support/wait.py\", line 95, in until\n    raise TimeoutException(message, screen, stacktrace)\n",
      "steps" : [ {
        "name" : "Click button \"Статистика\"\".",
        "time" : {
          "start" : 1745877833426,
          "stop" : 1745877833494,
          "duration" : 68
        },
        "status" : "passed",
        "steps" : [ ],
        "attachments" : [ ],
        "parameters" : [ ],
        "stepsCount" : 0,
        "attachmentsCount" : 0,
        "shouldDisplayMessage" : false,
        "hasContent" : false
      }, {
        "name" : "Check statistic table is present and scroll to table",
        "time" : {
          "start" : 1745877833494,
          "stop" : 1745877854004,
          "duration" : 20510
        },
        "status" : "broken",
        "statusMessage" : "selenium.common.exceptions.TimeoutException: Message: Can't find element by locator ('xpath', '//div[@class=\"__51e19\"]')\nStacktrace:\n#0 0x559abc04875a <unknown>\n#1 0x559abbafb4b0 <unknown>\n#2 0x559abbb4c9b3 <unknown>\n#3 0x559abbb4cba1 <unknown>\n#4 0x559abbb9b1f4 <unknown>\n#5 0x559abbb725bd <unknown>\n#6 0x559abbb985e0 <unknown>\n#7 0x559abbb72363 <unknown>\n#8 0x559abbb3ed63 <unknown>\n#9 0x559abbb3f9c1 <unknown>\n#10 0x559abc00da6b <unknown>\n#11 0x559abc011951 <unknown>\n#12 0x559abbff5b62 <unknown>\n#13 0x559abc0124c4 <unknown>\n#14 0x559abbfda13f <unknown>\n#15 0x559abc0366f8 <unknown>\n#16 0x559abc0368d6 <unknown>\n#17 0x559abc0475a6 <unknown>\n#18 0x7f302c09caa4 <unknown>\n#19 0x7f302c129c3c <unknown>\n\n",
        "statusTrace" : "  File \"/home/runner/work/auto-tests-python/auto-tests-python/pages/speech_exercises_page_ru.py\", line 174, in get_statistic_data\n    table = self.element_is_present(self.locators.AuthorizedUserHomePageLocators.STATISTIC_TABLE)\n            ^^^^^^^^^^^^^^^^^^^^^^^^^^^^^^^^^^^^^^^^^^^^^^^^^^^^^^^^^^^^^^^^^^^^^^^^^^^^^^^^^^^^^\n  File \"/home/runner/work/auto-tests-python/auto-tests-python/pages/base_page.py\", line 32, in element_is_present\n    return Wait(self.driver, self.timeout).until(\n           ^^^^^^^^^^^^^^^^^^^^^^^^^^^^^^^^^^^^^^\n  File \"/opt/hostedtoolcache/Python/3.12.10/x64/lib/python3.12/site-packages/selenium/webdriver/support/wait.py\", line 95, in until\n    raise TimeoutException(message, screen, stacktrace)\n",
        "steps" : [ ],
        "attachments" : [ ],
        "parameters" : [ ],
        "stepsCount" : 0,
        "attachmentsCount" : 0,
        "shouldDisplayMessage" : true,
        "hasContent" : true
      } ],
      "attachments" : [ ],
      "parameters" : [ ],
      "stepsCount" : 2,
      "attachmentsCount" : 0,
      "shouldDisplayMessage" : false,
      "hasContent" : true
    } ],
    "attachments" : [ ],
    "parameters" : [ ],
    "stepsCount" : 5,
    "attachmentsCount" : 0,
    "shouldDisplayMessage" : true,
    "hasContent" : true
  },
  "afterStages" : [ {
    "name" : "driver::0",
    "time" : {
      "start" : 1745877854018,
      "stop" : 1745877854085,
      "duration" : 67
    },
    "status" : "passed",
    "steps" : [ ],
    "attachments" : [ ],
    "parameters" : [ ],
    "stepsCount" : 0,
    "attachmentsCount" : 0,
    "shouldDisplayMessage" : false,
    "hasContent" : false
  } ],
  "labels" : [ {
    "name" : "epic",
    "value" : "Speech exercises."
  }, {
    "name" : "suite",
    "value" : "Речевые упражнения."
  }, {
    "name" : "tag",
    "value" : "@pytest.mark.xfail"
  }, {
    "name" : "parentSuite",
    "value" : "tests"
  }, {
    "name" : "subSuite",
    "value" : "TestCardsRU"
  }, {
    "name" : "host",
    "value" : "fv-az1338-142"
  }, {
    "name" : "thread",
    "value" : "2407-MainThread"
  }, {
    "name" : "framework",
    "value" : "pytest"
  }, {
    "name" : "language",
    "value" : "cpython3"
  }, {
    "name" : "package",
    "value" : "tests.test_speech_exercises_ru"
  }, {
    "name" : "resultFormat",
    "value" : "allure2"
  } ],
  "parameters" : [ ],
  "links" : [ ],
  "hidden" : false,
  "retry" : false,
  "extra" : {
    "severity" : "normal",
    "retries" : [ ],
    "categories" : [ ],
    "history" : {
      "statistic" : {
        "failed" : 0,
        "broken" : 0,
        "skipped" : 122,
        "passed" : 0,
        "unknown" : 0,
        "total" : 122
      },
      "items" : [ {
        "uid" : "237846666cc2340",
        "reportUrl" : "https://Brain-up.github.io/auto-tests-python/553//#testresult/237846666cc2340",
        "status" : "skipped",
        "statusDetails" : "XFAIL\n\nselenium.common.exceptions.TimeoutException: Message: Can't find element by locator ('xpath', '//div[@class=\"__51e19\"]')\nStacktrace:\n#0 0x56009dac7cea <unknown>\n#1 0x56009d5785f0 <unknown>\n#2 0x56009d5c9a33 <unknown>\n#3 0x56009d5c9c21 <unknown>\n#4 0x56009d618274 <unknown>\n#5 0x56009d5ef68d <unknown>\n#6 0x56009d615660 <unknown>\n#7 0x56009d5ef433 <unknown>\n#8 0x56009d5bbea3 <unknown>\n#9 0x56009d5bcb01 <unknown>\n#10 0x56009da8cb3b <unknown>\n#11 0x56009da90a21 <unknown>\n#12 0x56009da73c32 <unknown>\n#13 0x56009da91594 <unknown>\n#14 0x56009da57eef <unknown>\n#15 0x56009dab5d98 <unknown>\n#16 0x56009dab5f76 <unknown>\n#17 0x56009dac6b36 <unknown>\n#18 0x7fa0d6a9caa4 <unknown>\n#19 0x7fa0d6b29c3c <unknown>",
        "time" : {
          "start" : 1745866725463,
          "stop" : 1745866745628,
          "duration" : 20165
        }
      }, {
        "uid" : "e93d937c0178b370",
        "reportUrl" : "https://Brain-up.github.io/auto-tests-python/348//#testresult/e93d937c0178b370",
        "status" : "skipped",
        "statusDetails" : "XFAIL\n\nselenium.common.exceptions.TimeoutException: Message: Can't find element by locator ('xpath', '//div[@class=\"__51e19\"]')\nStacktrace:\n#0 0x55cd1ae16cea <unknown>\n#1 0x55cd1a8c75f0 <unknown>\n#2 0x55cd1a918a33 <unknown>\n#3 0x55cd1a918c21 <unknown>\n#4 0x55cd1a967274 <unknown>\n#5 0x55cd1a93e68d <unknown>\n#6 0x55cd1a964660 <unknown>\n#7 0x55cd1a93e433 <unknown>\n#8 0x55cd1a90aea3 <unknown>\n#9 0x55cd1a90bb01 <unknown>\n#10 0x55cd1addbb3b <unknown>\n#11 0x55cd1addfa21 <unknown>\n#12 0x55cd1adc2c32 <unknown>\n#13 0x55cd1ade0594 <unknown>\n#14 0x55cd1ada6eef <unknown>\n#15 0x55cd1ae04d98 <unknown>\n#16 0x55cd1ae04f76 <unknown>\n#17 0x55cd1ae15b36 <unknown>\n#18 0x7f733429caa4 <unknown>\n#19 0x7f7334329c3c <unknown>",
        "time" : {
          "start" : 1745804277065,
          "stop" : 1745804297696,
          "duration" : 20631
        }
      }, {
        "uid" : "cf3f90b8f653d99a",
        "reportUrl" : "https://Brain-up.github.io/auto-tests-python/552//#testresult/cf3f90b8f653d99a",
        "status" : "skipped",
        "statusDetails" : "XFAIL\n\nselenium.common.exceptions.TimeoutException: Message: Can't find element by locator ('xpath', '//div[@class=\"__51e19\"]')\nStacktrace:\n#0 0x55804ca44cea <unknown>\n#1 0x55804c4f55f0 <unknown>\n#2 0x55804c546a33 <unknown>\n#3 0x55804c546c21 <unknown>\n#4 0x55804c595274 <unknown>\n#5 0x55804c56c68d <unknown>\n#6 0x55804c592660 <unknown>\n#7 0x55804c56c433 <unknown>\n#8 0x55804c538ea3 <unknown>\n#9 0x55804c539b01 <unknown>\n#10 0x55804ca09b3b <unknown>\n#11 0x55804ca0da21 <unknown>\n#12 0x55804c9f0c32 <unknown>\n#13 0x55804ca0e594 <unknown>\n#14 0x55804c9d4eef <unknown>\n#15 0x55804ca32d98 <unknown>\n#16 0x55804ca32f76 <unknown>\n#17 0x55804ca43b36 <unknown>\n#18 0x7f5a4049caa4 <unknown>\n#19 0x7f5a40529c3c <unknown>",
        "time" : {
          "start" : 1745773973425,
          "stop" : 1745773994072,
          "duration" : 20647
        }
      }, {
        "uid" : "c5627a155132e206",
        "reportUrl" : "https://Brain-up.github.io/auto-tests-python/347//#testresult/c5627a155132e206",
        "status" : "skipped",
        "statusDetails" : "XFAIL\n\nselenium.common.exceptions.TimeoutException: Message: Can't find element by locator ('xpath', '//div[@class=\"__51e19\"]')\nStacktrace:\n#0 0x55da75b6fcea <unknown>\n#1 0x55da756205f0 <unknown>\n#2 0x55da75671a33 <unknown>\n#3 0x55da75671c21 <unknown>\n#4 0x55da756c0274 <unknown>\n#5 0x55da7569768d <unknown>\n#6 0x55da756bd660 <unknown>\n#7 0x55da75697433 <unknown>\n#8 0x55da75663ea3 <unknown>\n#9 0x55da75664b01 <unknown>\n#10 0x55da75b34b3b <unknown>\n#11 0x55da75b38a21 <unknown>\n#12 0x55da75b1bc32 <unknown>\n#13 0x55da75b39594 <unknown>\n#14 0x55da75affeef <unknown>\n#15 0x55da75b5dd98 <unknown>\n#16 0x55da75b5df76 <unknown>\n#17 0x55da75b6eb36 <unknown>\n#18 0x7f338589caa4 <unknown>\n#19 0x7f3385929c3c <unknown>",
        "time" : {
          "start" : 1745717771446,
          "stop" : 1745717791589,
          "duration" : 20143
        }
      }, {
        "uid" : "ab69dbb783f20fb8",
        "reportUrl" : "https://Brain-up.github.io/auto-tests-python/551//#testresult/ab69dbb783f20fb8",
        "status" : "skipped",
        "statusDetails" : "XFAIL\n\nselenium.common.exceptions.TimeoutException: Message: Can't find element by locator ('xpath', '//div[@class=\"__51e19\"]')\nStacktrace:\n#0 0x55ecd1e6dcea <unknown>\n#1 0x55ecd191e5f0 <unknown>\n#2 0x55ecd196fa33 <unknown>\n#3 0x55ecd196fc21 <unknown>\n#4 0x55ecd19be274 <unknown>\n#5 0x55ecd199568d <unknown>\n#6 0x55ecd19bb660 <unknown>\n#7 0x55ecd1995433 <unknown>\n#8 0x55ecd1961ea3 <unknown>\n#9 0x55ecd1962b01 <unknown>\n#10 0x55ecd1e32b3b <unknown>\n#11 0x55ecd1e36a21 <unknown>\n#12 0x55ecd1e19c32 <unknown>\n#13 0x55ecd1e37594 <unknown>\n#14 0x55ecd1dfdeef <unknown>\n#15 0x55ecd1e5bd98 <unknown>\n#16 0x55ecd1e5bf76 <unknown>\n#17 0x55ecd1e6cb36 <unknown>\n#18 0x7f38dd69caa4 <unknown>\n#19 0x7f38dd729c3c <unknown>",
        "time" : {
          "start" : 1745701891480,
          "stop" : 1745701911624,
          "duration" : 20144
        }
      }, {
        "uid" : "cb0ec97cd742759d",
        "reportUrl" : "https://Brain-up.github.io/auto-tests-python/346//#testresult/cb0ec97cd742759d",
        "status" : "skipped",
        "statusDetails" : "XFAIL\n\nselenium.common.exceptions.TimeoutException: Message: Can't find element by locator ('xpath', '//div[@class=\"__51e19\"]')\nStacktrace:\n#0 0x55a7608becea <unknown>\n#1 0x55a76036f5f0 <unknown>\n#2 0x55a7603c0a33 <unknown>\n#3 0x55a7603c0c21 <unknown>\n#4 0x55a76040f274 <unknown>\n#5 0x55a7603e668d <unknown>\n#6 0x55a76040c660 <unknown>\n#7 0x55a7603e6433 <unknown>\n#8 0x55a7603b2ea3 <unknown>\n#9 0x55a7603b3b01 <unknown>\n#10 0x55a760883b3b <unknown>\n#11 0x55a760887a21 <unknown>\n#12 0x55a76086ac32 <unknown>\n#13 0x55a760888594 <unknown>\n#14 0x55a76084eeef <unknown>\n#15 0x55a7608acd98 <unknown>\n#16 0x55a7608acf76 <unknown>\n#17 0x55a7608bdb36 <unknown>\n#18 0x7f29ea89caa4 <unknown>\n#19 0x7f29ea929c3c <unknown>",
        "time" : {
          "start" : 1745630764337,
          "stop" : 1745630784961,
          "duration" : 20624
        }
      }, {
        "uid" : "3b2e9431206902e8",
        "reportUrl" : "https://Brain-up.github.io/auto-tests-python/550//#testresult/3b2e9431206902e8",
        "status" : "skipped",
        "statusDetails" : "XFAIL\n\nselenium.common.exceptions.TimeoutException: Message: Can't find element by locator ('xpath', '//div[@class=\"__51e19\"]')\nStacktrace:\n#0 0x559a8c44bcea <unknown>\n#1 0x559a8befc5f0 <unknown>\n#2 0x559a8bf4da33 <unknown>\n#3 0x559a8bf4dc21 <unknown>\n#4 0x559a8bf9c274 <unknown>\n#5 0x559a8bf7368d <unknown>\n#6 0x559a8bf99660 <unknown>\n#7 0x559a8bf73433 <unknown>\n#8 0x559a8bf3fea3 <unknown>\n#9 0x559a8bf40b01 <unknown>\n#10 0x559a8c410b3b <unknown>\n#11 0x559a8c414a21 <unknown>\n#12 0x559a8c3f7c32 <unknown>\n#13 0x559a8c415594 <unknown>\n#14 0x559a8c3dbeef <unknown>\n#15 0x559a8c439d98 <unknown>\n#16 0x559a8c439f76 <unknown>\n#17 0x559a8c44ab36 <unknown>\n#18 0x7fa2a209caa4 <unknown>\n#19 0x7fa2a2129c3c <unknown>",
        "time" : {
          "start" : 1745565453283,
          "stop" : 1745565473436,
          "duration" : 20153
        }
      }, {
        "uid" : "b1527e06e8d0af7",
        "reportUrl" : "https://Brain-up.github.io/auto-tests-python/345//#testresult/b1527e06e8d0af7",
        "status" : "skipped",
        "statusDetails" : "XFAIL\n\nselenium.common.exceptions.TimeoutException: Message: Can't find element by locator ('xpath', '//div[@class=\"__51e19\"]')\nStacktrace:\n#0 0x55b445517cea <unknown>\n#1 0x55b444fc85f0 <unknown>\n#2 0x55b445019a33 <unknown>\n#3 0x55b445019c21 <unknown>\n#4 0x55b445068274 <unknown>\n#5 0x55b44503f68d <unknown>\n#6 0x55b445065660 <unknown>\n#7 0x55b44503f433 <unknown>\n#8 0x55b44500bea3 <unknown>\n#9 0x55b44500cb01 <unknown>\n#10 0x55b4454dcb3b <unknown>\n#11 0x55b4454e0a21 <unknown>\n#12 0x55b4454c3c32 <unknown>\n#13 0x55b4454e1594 <unknown>\n#14 0x55b4454a7eef <unknown>\n#15 0x55b445505d98 <unknown>\n#16 0x55b445505f76 <unknown>\n#17 0x55b445516b36 <unknown>\n#18 0x7f50fe29caa4 <unknown>\n#19 0x7f50fe329c3c <unknown>",
        "time" : {
          "start" : 1745544630388,
          "stop" : 1745544651040,
          "duration" : 20652
        }
      }, {
        "uid" : "224e808f29d48c25",
        "reportUrl" : "https://Brain-up.github.io/auto-tests-python/549//#testresult/224e808f29d48c25",
        "status" : "skipped",
        "statusDetails" : "XFAIL\n\nselenium.common.exceptions.TimeoutException: Message: Can't find element by locator ('xpath', '//div[@class=\"__51e19\"]')\nStacktrace:\n#0 0x5620d401ecea <unknown>\n#1 0x5620d3acf5f0 <unknown>\n#2 0x5620d3b20a33 <unknown>\n#3 0x5620d3b20c21 <unknown>\n#4 0x5620d3b6f274 <unknown>\n#5 0x5620d3b4668d <unknown>\n#6 0x5620d3b6c660 <unknown>\n#7 0x5620d3b46433 <unknown>\n#8 0x5620d3b12ea3 <unknown>\n#9 0x5620d3b13b01 <unknown>\n#10 0x5620d3fe3b3b <unknown>\n#11 0x5620d3fe7a21 <unknown>\n#12 0x5620d3fcac32 <unknown>\n#13 0x5620d3fe8594 <unknown>\n#14 0x5620d3faeeef <unknown>\n#15 0x5620d400cd98 <unknown>\n#16 0x5620d400cf76 <unknown>\n#17 0x5620d401db36 <unknown>\n#18 0x7fbbef29caa4 <unknown>\n#19 0x7fbbef329c3c <unknown>",
        "time" : {
          "start" : 1745519595485,
          "stop" : 1745519616142,
          "duration" : 20657
        }
      }, {
        "uid" : "23c8926cf0983730",
        "reportUrl" : "https://Brain-up.github.io/auto-tests-python/344//#testresult/23c8926cf0983730",
        "status" : "skipped",
        "statusDetails" : "XFAIL\n\nselenium.common.exceptions.TimeoutException: Message: Can't find element by locator ('xpath', '//div[@class=\"__51e19\"]')\nStacktrace:\n#0 0x557a68391cea <unknown>\n#1 0x557a67e425f0 <unknown>\n#2 0x557a67e93a33 <unknown>\n#3 0x557a67e93c21 <unknown>\n#4 0x557a67ee2274 <unknown>\n#5 0x557a67eb968d <unknown>\n#6 0x557a67edf660 <unknown>\n#7 0x557a67eb9433 <unknown>\n#8 0x557a67e85ea3 <unknown>\n#9 0x557a67e86b01 <unknown>\n#10 0x557a68356b3b <unknown>\n#11 0x557a6835aa21 <unknown>\n#12 0x557a6833dc32 <unknown>\n#13 0x557a6835b594 <unknown>\n#14 0x557a68321eef <unknown>\n#15 0x557a6837fd98 <unknown>\n#16 0x557a6837ff76 <unknown>\n#17 0x557a68390b36 <unknown>\n#18 0x7f4cd889caa4 <unknown>\n#19 0x7f4cd8929c3c <unknown>",
        "time" : {
          "start" : 1745458166935,
          "stop" : 1745458187085,
          "duration" : 20150
        }
      }, {
        "uid" : "a2f7cddd4f03a5fb",
        "reportUrl" : "https://Brain-up.github.io/auto-tests-python/548//#testresult/a2f7cddd4f03a5fb",
        "status" : "skipped",
        "statusDetails" : "XFAIL\n\nKeyError: 4",
        "time" : {
          "start" : 1745427817621,
          "stop" : 1745427824407,
          "duration" : 6786
        }
      }, {
        "uid" : "ccc321421d8a024c",
        "reportUrl" : "https://Brain-up.github.io/auto-tests-python/343//#testresult/ccc321421d8a024c",
        "status" : "skipped",
        "statusDetails" : "XFAIL\n\nselenium.common.exceptions.TimeoutException: Message: Can't find element by locator ('xpath', '//div[@class=\"__51e19\"]')\nStacktrace:\n#0 0x564807861d0a <unknown>\n#1 0x5648073125f0 <unknown>\n#2 0x564807363a33 <unknown>\n#3 0x564807363c21 <unknown>\n#4 0x5648073b2274 <unknown>\n#5 0x56480738968d <unknown>\n#6 0x5648073af660 <unknown>\n#7 0x564807389433 <unknown>\n#8 0x564807355ea3 <unknown>\n#9 0x564807356b01 <unknown>\n#10 0x564807826b5b <unknown>\n#11 0x56480782aa41 <unknown>\n#12 0x56480780dc52 <unknown>\n#13 0x56480782b5b4 <unknown>\n#14 0x5648077f1f0f <unknown>\n#15 0x56480784fdb8 <unknown>\n#16 0x56480784ff96 <unknown>\n#17 0x564807860b56 <unknown>\n#18 0x7f0ff089caa4 <unknown>\n#19 0x7f0ff0929c3c <unknown>",
        "time" : {
          "start" : 1745371980717,
          "stop" : 1745372001333,
          "duration" : 20616
        }
      }, {
        "uid" : "1eed1f8c47f50ff1",
        "reportUrl" : "https://Brain-up.github.io/auto-tests-python/547//#testresult/1eed1f8c47f50ff1",
        "status" : "skipped",
        "statusDetails" : "XFAIL\n\nselenium.common.exceptions.TimeoutException: Message: Can't find element by locator ('xpath', '//div[@class=\"__51e19\"]')\nStacktrace:\n#0 0x55d583438d0a <unknown>\n#1 0x55d582ee95f0 <unknown>\n#2 0x55d582f3aa33 <unknown>\n#3 0x55d582f3ac21 <unknown>\n#4 0x55d582f89274 <unknown>\n#5 0x55d582f6068d <unknown>\n#6 0x55d582f86660 <unknown>\n#7 0x55d582f60433 <unknown>\n#8 0x55d582f2cea3 <unknown>\n#9 0x55d582f2db01 <unknown>\n#10 0x55d5833fdb5b <unknown>\n#11 0x55d583401a41 <unknown>\n#12 0x55d5833e4c52 <unknown>\n#13 0x55d5834025b4 <unknown>\n#14 0x55d5833c8f0f <unknown>\n#15 0x55d583426db8 <unknown>\n#16 0x55d583426f96 <unknown>\n#17 0x55d583437b56 <unknown>\n#18 0x7f280909caa4 <unknown>\n#19 0x7f2809129c3c <unknown>",
        "time" : {
          "start" : 1745349367635,
          "stop" : 1745349388289,
          "duration" : 20654
        }
      }, {
        "uid" : "e558197eeacb8e22",
        "reportUrl" : "https://Brain-up.github.io/auto-tests-python/342//#testresult/e558197eeacb8e22",
        "status" : "skipped",
        "statusDetails" : "XFAIL\n\nselenium.common.exceptions.TimeoutException: Message: Can't find element by locator ('xpath', '//div[@class=\"__51e19\"]')\nStacktrace:\n#0 0x55907cdcdd0a <unknown>\n#1 0x55907c87e5f0 <unknown>\n#2 0x55907c8cfa33 <unknown>\n#3 0x55907c8cfc21 <unknown>\n#4 0x55907c91e274 <unknown>\n#5 0x55907c8f568d <unknown>\n#6 0x55907c91b660 <unknown>\n#7 0x55907c8f5433 <unknown>\n#8 0x55907c8c1ea3 <unknown>\n#9 0x55907c8c2b01 <unknown>\n#10 0x55907cd92b5b <unknown>\n#11 0x55907cd96a41 <unknown>\n#12 0x55907cd79c52 <unknown>\n#13 0x55907cd975b4 <unknown>\n#14 0x55907cd5df0f <unknown>\n#15 0x55907cdbbdb8 <unknown>\n#16 0x55907cdbbf96 <unknown>\n#17 0x55907cdccb56 <unknown>\n#18 0x7fcea229caa4 <unknown>\n#19 0x7fcea2329c3c <unknown>",
        "time" : {
          "start" : 1745285581684,
          "stop" : 1745285601880,
          "duration" : 20196
        }
      }, {
        "uid" : "539710ec5cdbe43b",
        "reportUrl" : "https://Brain-up.github.io/auto-tests-python/546//#testresult/539710ec5cdbe43b",
        "status" : "skipped",
        "statusDetails" : "XFAIL\n\nselenium.common.exceptions.TimeoutException: Message: Can't find element by locator ('xpath', '//div[@class=\"__51e19\"]')\nStacktrace:\n#0 0x5614420e1d0a <unknown>\n#1 0x561441b925f0 <unknown>\n#2 0x561441be3a33 <unknown>\n#3 0x561441be3c21 <unknown>\n#4 0x561441c32274 <unknown>\n#5 0x561441c0968d <unknown>\n#6 0x561441c2f660 <unknown>\n#7 0x561441c09433 <unknown>\n#8 0x561441bd5ea3 <unknown>\n#9 0x561441bd6b01 <unknown>\n#10 0x5614420a6b5b <unknown>\n#11 0x5614420aaa41 <unknown>\n#12 0x56144208dc52 <unknown>\n#13 0x5614420ab5b4 <unknown>\n#14 0x561442071f0f <unknown>\n#15 0x5614420cfdb8 <unknown>\n#16 0x5614420cff96 <unknown>\n#17 0x5614420e0b56 <unknown>\n#18 0x7f6efa29caa4 <unknown>\n#19 0x7f6efa329c3c <unknown>",
        "time" : {
          "start" : 1745260442518,
          "stop" : 1745260462660,
          "duration" : 20142
        }
      }, {
        "uid" : "9e1bcdfbb28bc38d",
        "reportUrl" : "https://Brain-up.github.io/auto-tests-python/545//#testresult/9e1bcdfbb28bc38d",
        "status" : "skipped",
        "statusDetails" : "XFAIL\n\nselenium.common.exceptions.TimeoutException: Message: Can't find element by locator ('xpath', '//div[@class=\"__51e19\"]')\nStacktrace:\n#0 0x564c39852d0a <unknown>\n#1 0x564c393035f0 <unknown>\n#2 0x564c39354a33 <unknown>\n#3 0x564c39354c21 <unknown>\n#4 0x564c393a3274 <unknown>\n#5 0x564c3937a68d <unknown>\n#6 0x564c393a0660 <unknown>\n#7 0x564c3937a433 <unknown>\n#8 0x564c39346ea3 <unknown>\n#9 0x564c39347b01 <unknown>\n#10 0x564c39817b5b <unknown>\n#11 0x564c3981ba41 <unknown>\n#12 0x564c397fec52 <unknown>\n#13 0x564c3981c5b4 <unknown>\n#14 0x564c397e2f0f <unknown>\n#15 0x564c39840db8 <unknown>\n#16 0x564c39840f96 <unknown>\n#17 0x564c39851b56 <unknown>\n#18 0x7f0af6a9caa4 <unknown>\n#19 0x7f0af6b29c3c <unknown>",
        "time" : {
          "start" : 1745191066520,
          "stop" : 1745191086680,
          "duration" : 20160
        }
      }, {
        "uid" : "434b44327f2ad8c7",
        "reportUrl" : "https://Brain-up.github.io/auto-tests-python/340//#testresult/434b44327f2ad8c7",
        "status" : "skipped",
        "statusDetails" : "XFAIL\n\nselenium.common.exceptions.TimeoutException: Message: Can't find element by locator ('xpath', '//div[@class=\"__51e19\"]')\nStacktrace:\n#0 0x5558d2fabd0a <unknown>\n#1 0x5558d2a5c5f0 <unknown>\n#2 0x5558d2aada33 <unknown>\n#3 0x5558d2aadc21 <unknown>\n#4 0x5558d2afc274 <unknown>\n#5 0x5558d2ad368d <unknown>\n#6 0x5558d2af9660 <unknown>\n#7 0x5558d2ad3433 <unknown>\n#8 0x5558d2a9fea3 <unknown>\n#9 0x5558d2aa0b01 <unknown>\n#10 0x5558d2f70b5b <unknown>\n#11 0x5558d2f74a41 <unknown>\n#12 0x5558d2f57c52 <unknown>\n#13 0x5558d2f755b4 <unknown>\n#14 0x5558d2f3bf0f <unknown>\n#15 0x5558d2f99db8 <unknown>\n#16 0x5558d2f99f96 <unknown>\n#17 0x5558d2faab56 <unknown>\n#18 0x7ffa8c69caa4 <unknown>\n#19 0x7ffa8c729c3c <unknown>",
        "time" : {
          "start" : 1745112762373,
          "stop" : 1745112782529,
          "duration" : 20156
        }
      }, {
        "uid" : "c0e4cb22d3f8f1c2",
        "reportUrl" : "https://Brain-up.github.io/auto-tests-python/339//#testresult/c0e4cb22d3f8f1c2",
        "status" : "skipped",
        "statusDetails" : "XFAIL\n\nselenium.common.exceptions.TimeoutException: Message: Can't find element by locator ('xpath', '//div[@class=\"__51e19\"]')\nStacktrace:\n#0 0x56064d056d0a <unknown>\n#1 0x56064cb075f0 <unknown>\n#2 0x56064cb58a33 <unknown>\n#3 0x56064cb58c21 <unknown>\n#4 0x56064cba7274 <unknown>\n#5 0x56064cb7e68d <unknown>\n#6 0x56064cba4660 <unknown>\n#7 0x56064cb7e433 <unknown>\n#8 0x56064cb4aea3 <unknown>\n#9 0x56064cb4bb01 <unknown>\n#10 0x56064d01bb5b <unknown>\n#11 0x56064d01fa41 <unknown>\n#12 0x56064d002c52 <unknown>\n#13 0x56064d0205b4 <unknown>\n#14 0x56064cfe6f0f <unknown>\n#15 0x56064d044db8 <unknown>\n#16 0x56064d044f96 <unknown>\n#17 0x56064d055b56 <unknown>\n#18 0x7faf7409caa4 <unknown>\n#19 0x7faf74129c3c <unknown>",
        "time" : {
          "start" : 1745025955603,
          "stop" : 1745025976218,
          "duration" : 20615
        }
      }, {
        "uid" : "f251d9c5c357d8fe",
        "reportUrl" : "https://Brain-up.github.io/auto-tests-python/544//#testresult/f251d9c5c357d8fe",
        "status" : "skipped",
        "statusDetails" : "XFAIL\n\nselenium.common.exceptions.TimeoutException: Message: Can't find element by locator ('xpath', '//div[@class=\"__51e19\"]')\nStacktrace:\n#0 0x55c91a56cd0a <unknown>\n#1 0x55c91a01d5f0 <unknown>\n#2 0x55c91a06ea33 <unknown>\n#3 0x55c91a06ec21 <unknown>\n#4 0x55c91a0bd274 <unknown>\n#5 0x55c91a09468d <unknown>\n#6 0x55c91a0ba660 <unknown>\n#7 0x55c91a094433 <unknown>\n#8 0x55c91a060ea3 <unknown>\n#9 0x55c91a061b01 <unknown>\n#10 0x55c91a531b5b <unknown>\n#11 0x55c91a535a41 <unknown>\n#12 0x55c91a518c52 <unknown>\n#13 0x55c91a5365b4 <unknown>\n#14 0x55c91a4fcf0f <unknown>\n#15 0x55c91a55adb8 <unknown>\n#16 0x55c91a55af96 <unknown>\n#17 0x55c91a56bb56 <unknown>\n#18 0x7face009caa4 <unknown>\n#19 0x7face0129c3c <unknown>",
        "time" : {
          "start" : 1745012125984,
          "stop" : 1745012146621,
          "duration" : 20637
        }
      }, {
        "uid" : "4e836fa5a15398a",
        "reportUrl" : "https://Brain-up.github.io/auto-tests-python/543//#testresult/4e836fa5a15398a",
        "status" : "skipped",
        "statusDetails" : "XFAIL\n\nselenium.common.exceptions.TimeoutException: Message: Can't find element by locator ('xpath', '//div[@class=\"__51e19\"]')\nStacktrace:\n#0 0x56520858cd0a <unknown>\n#1 0x56520803d5f0 <unknown>\n#2 0x56520808ea33 <unknown>\n#3 0x56520808ec21 <unknown>\n#4 0x5652080dd274 <unknown>\n#5 0x5652080b468d <unknown>\n#6 0x5652080da660 <unknown>\n#7 0x5652080b4433 <unknown>\n#8 0x565208080ea3 <unknown>\n#9 0x565208081b01 <unknown>\n#10 0x565208551b5b <unknown>\n#11 0x565208555a41 <unknown>\n#12 0x565208538c52 <unknown>\n#13 0x5652085565b4 <unknown>\n#14 0x56520851cf0f <unknown>\n#15 0x56520857adb8 <unknown>\n#16 0x56520857af96 <unknown>\n#17 0x56520858bb56 <unknown>\n#18 0x7f796e49caa4 <unknown>\n#19 0x7f796e529c3c <unknown>",
        "time" : {
          "start" : 1745005267918,
          "stop" : 1745005288568,
          "duration" : 20650
        }
      } ]
    },
    "tags" : [ "@pytest.mark.xfail" ]
  },
  "source" : "b35affcf83bfa0e8.json",
  "parameterValues" : [ ]
}