{
  "uid" : "c7f95b28a0e277db",
  "name" : "Verify if subgroup links 1-4 lead to correct pages after clicking",
  "fullName" : "tests.exercises_ru_words_page_test.TestExRuWordsPageLinks#test_erw_03_06_verify_subgroup_links_lead_to_correct_pages",
  "historyId" : "be5252214076120520c630b3a755f745",
  "time" : {
    "start" : 1749086109639,
    "stop" : 1749086135093,
    "duration" : 25454
  },
  "status" : "broken",
  "statusMessage" : "selenium.common.exceptions.TimeoutException: Message: Can't find element by locator ('xpath', '(//div[contains(@class, \"series-page\")]//a)[2]')\nStacktrace:\n#0 0x55f16ad2678a <unknown>\n#1 0x55f16a7c90a0 <unknown>\n#2 0x55f16a81a9b0 <unknown>\n#3 0x55f16a81aba1 <unknown>\n#4 0x55f16a868ea4 <unknown>\n#5 0x55f16a8403cd <unknown>\n#6 0x55f16a8662a0 <unknown>\n#7 0x55f16a840173 <unknown>\n#8 0x55f16a80cd4b <unknown>\n#9 0x55f16a80d9b1 <unknown>\n#10 0x55f16aceb93b <unknown>\n#11 0x55f16acef83a <unknown>\n#12 0x55f16acd3692 <unknown>\n#13 0x55f16acf03c4 <unknown>\n#14 0x55f16acb84cf <unknown>\n#15 0x55f16ad14568 <unknown>\n#16 0x55f16ad14746 <unknown>\n#17 0x55f16ad255f6 <unknown>\n#18 0x7fa5f3c9caa4 <unknown>\n#19 0x7fa5f3d29c3c <unknown>",
  "statusTrace" : "self = <tests.exercises_ru_words_page_test.TestExercisesRuWordsPage.TestExRuWordsPageLinks object at 0x7fc179216e10>\ndriver = <selenium.webdriver.chrome.webdriver.WebDriver (session=\"e772abd257844e69f05dc1bf01946398\")>\nexercises_ru_words_page_open = None\n\n    @allure.title(\"Verify if subgroup links 1-4 lead to correct pages after clicking\")\n    def test_erw_03_06_verify_subgroup_links_lead_to_correct_pages(self, driver, exercises_ru_words_page_open):\n        page = erwPage(driver)\n        opened_page1 = page.click_on_subgroup_link_family()\n>       opened_pages2_4 = page.click_on_subgroup_link_beloved_home_food_clothes()\n\ntests/exercises_ru_words_page_test.py:178: \n_ _ _ _ _ _ _ _ _ _ _ _ _ _ _ _ _ _ _ _ _ _ _ _ _ _ _ _ _ _ _ _ _ _ _ _ _ _ _ _ \npages/exercises_ru_words_page.py:286: in click_on_subgroup_link_beloved_home_food_clothes\n    self.element_is_present_and_clickable(self.locators.PAGE_LIST3_2).click()\npages/base_page.py:40: in element_is_present_and_clickable\n    return (Wait(self.driver, self.timeout).until(\n_ _ _ _ _ _ _ _ _ _ _ _ _ _ _ _ _ _ _ _ _ _ _ _ _ _ _ _ _ _ _ _ _ _ _ _ _ _ _ _ \n\nself = <selenium.webdriver.support.wait.WebDriverWait (session=\"e772abd257844e69f05dc1bf01946398\")>\nmethod = <function visibility_of_element_located.<locals>._predicate at 0x7fc178f10ae0>\nmessage = 'Can\\'t find element by locator (\\'xpath\\', \\'(//div[contains(@class, \"series-page\")]//a)[2]\\')'\n\n    def until(self, method, message: str = \"\"):\n        \"\"\"Calls the method provided with the driver as an argument until the \\\n        return value does not evaluate to ``False``.\n    \n        :param method: callable(WebDriver)\n        :param message: optional message for :exc:`TimeoutException`\n        :returns: the result of the last call to `method`\n        :raises: :exc:`selenium.common.exceptions.TimeoutException` if timeout occurs\n        \"\"\"\n        screen = None\n        stacktrace = None\n    \n        end_time = time.monotonic() + self._timeout\n        while True:\n            try:\n                value = method(self._driver)\n                if value:\n                    return value\n            except self._ignored_exceptions as exc:\n                screen = getattr(exc, \"screen\", None)\n                stacktrace = getattr(exc, \"stacktrace\", None)\n            time.sleep(self._poll)\n            if time.monotonic() > end_time:\n                break\n>       raise TimeoutException(message, screen, stacktrace)\nE       selenium.common.exceptions.TimeoutException: Message: Can't find element by locator ('xpath', '(//div[contains(@class, \"series-page\")]//a)[2]')\nE       Stacktrace:\nE       #0 0x55f16ad2678a <unknown>\nE       #1 0x55f16a7c90a0 <unknown>\nE       #2 0x55f16a81a9b0 <unknown>\nE       #3 0x55f16a81aba1 <unknown>\nE       #4 0x55f16a868ea4 <unknown>\nE       #5 0x55f16a8403cd <unknown>\nE       #6 0x55f16a8662a0 <unknown>\nE       #7 0x55f16a840173 <unknown>\nE       #8 0x55f16a80cd4b <unknown>\nE       #9 0x55f16a80d9b1 <unknown>\nE       #10 0x55f16aceb93b <unknown>\nE       #11 0x55f16acef83a <unknown>\nE       #12 0x55f16acd3692 <unknown>\nE       #13 0x55f16acf03c4 <unknown>\nE       #14 0x55f16acb84cf <unknown>\nE       #15 0x55f16ad14568 <unknown>\nE       #16 0x55f16ad14746 <unknown>\nE       #17 0x55f16ad255f6 <unknown>\nE       #18 0x7fa5f3c9caa4 <unknown>\nE       #19 0x7fa5f3d29c3c <unknown>\n\n/opt/hostedtoolcache/Python/3.12.10/x64/lib/python3.12/site-packages/selenium/webdriver/support/wait.py:95: TimeoutException",
  "flaky" : false,
  "newFailed" : false,
  "beforeStages" : [ {
    "name" : "groups_ru_page_open",
    "time" : {
      "start" : 1749086106221,
      "stop" : 1749086106339,
      "duration" : 118
    },
    "status" : "passed",
    "steps" : [ {
      "name" : "Open page: https://www.brainup.site/groups",
      "time" : {
        "start" : 1749086106221,
        "stop" : 1749086106339,
        "duration" : 118
      },
      "status" : "passed",
      "steps" : [ {
        "name" : "Check url is present: https://www.brainup.site/groups",
        "time" : {
          "start" : 1749086106325,
          "stop" : 1749086106328,
          "duration" : 3
        },
        "status" : "passed",
        "steps" : [ ],
        "attachments" : [ ],
        "parameters" : [ ],
        "stepsCount" : 0,
        "attachmentsCount" : 0,
        "shouldDisplayMessage" : false,
        "hasContent" : false
      }, {
        "name" : "Loader checking",
        "time" : {
          "start" : 1749086106328,
          "stop" : 1749086106339,
          "duration" : 11
        },
        "status" : "passed",
        "steps" : [ ],
        "attachments" : [ ],
        "parameters" : [ ],
        "stepsCount" : 0,
        "attachmentsCount" : 0,
        "shouldDisplayMessage" : false,
        "hasContent" : false
      } ],
      "attachments" : [ ],
      "parameters" : [ {
        "name" : "driver",
        "value" : "<selenium.webdriver.chrome.webdriver.WebDriver (session=\"e772abd257844e69f05dc1bf01946398\")>"
      }, {
        "name" : "auto_test_user_authorized",
        "value" : "None"
      } ],
      "stepsCount" : 2,
      "attachmentsCount" : 0,
      "shouldDisplayMessage" : false,
      "hasContent" : true
    } ],
    "attachments" : [ ],
    "parameters" : [ ],
    "stepsCount" : 3,
    "attachmentsCount" : 0,
    "shouldDisplayMessage" : false,
    "hasContent" : true
  }, {
    "name" : "exercises_ru_words_page_open",
    "time" : {
      "start" : 1749086106339,
      "stop" : 1749086109638,
      "duration" : 3299
    },
    "status" : "passed",
    "steps" : [ {
      "name" : "Open page: https://www.brainup.site/groups/2/series/1",
      "time" : {
        "start" : 1749086106339,
        "stop" : 1749086109638,
        "duration" : 3299
      },
      "status" : "passed",
      "steps" : [ ],
      "attachments" : [ ],
      "parameters" : [ {
        "name" : "driver",
        "value" : "<selenium.webdriver.chrome.webdriver.WebDriver (session=\"e772abd257844e69f05dc1bf01946398\")>"
      }, {
        "name" : "groups_ru_page_open",
        "value" : "None"
      } ],
      "stepsCount" : 0,
      "attachmentsCount" : 0,
      "shouldDisplayMessage" : false,
      "hasContent" : true
    } ],
    "attachments" : [ ],
    "parameters" : [ ],
    "stepsCount" : 1,
    "attachmentsCount" : 0,
    "shouldDisplayMessage" : false,
    "hasContent" : true
  }, {
    "name" : "driver",
    "time" : {
      "start" : 1749086098280,
      "stop" : 1749086099117,
      "duration" : 837
    },
    "status" : "passed",
    "steps" : [ ],
    "attachments" : [ ],
    "parameters" : [ ],
    "stepsCount" : 0,
    "attachmentsCount" : 0,
    "shouldDisplayMessage" : false,
    "hasContent" : false
  }, {
    "name" : "main_page_open",
    "time" : {
      "start" : 1749086099118,
      "stop" : 1749086102776,
      "duration" : 3658
    },
    "status" : "passed",
    "steps" : [ {
      "name" : "Open page: https://www.brainup.site/",
      "time" : {
        "start" : 1749086099118,
        "stop" : 1749086102776,
        "duration" : 3658
      },
      "status" : "passed",
      "steps" : [ ],
      "attachments" : [ ],
      "parameters" : [ {
        "name" : "driver",
        "value" : "<selenium.webdriver.chrome.webdriver.WebDriver (session=\"e772abd257844e69f05dc1bf01946398\")>"
      } ],
      "stepsCount" : 0,
      "attachmentsCount" : 0,
      "shouldDisplayMessage" : false,
      "hasContent" : true
    } ],
    "attachments" : [ ],
    "parameters" : [ ],
    "stepsCount" : 1,
    "attachmentsCount" : 0,
    "shouldDisplayMessage" : false,
    "hasContent" : true
  }, {
    "name" : "clear_allure_results_folder",
    "time" : {
      "start" : 1749085553222,
      "stop" : 1749085553222,
      "duration" : 0
    },
    "status" : "passed",
    "steps" : [ ],
    "attachments" : [ ],
    "parameters" : [ ],
    "stepsCount" : 0,
    "attachmentsCount" : 0,
    "shouldDisplayMessage" : false,
    "hasContent" : false
  }, {
    "name" : "auto_test_user_authorized",
    "time" : {
      "start" : 1749086102776,
      "stop" : 1749086106221,
      "duration" : 3445
    },
    "status" : "passed",
    "steps" : [ {
      "name" : "Auto test user authorized",
      "time" : {
        "start" : 1749086102776,
        "stop" : 1749086106221,
        "duration" : 3445
      },
      "status" : "passed",
      "steps" : [ {
        "name" : "Check url is present: https://www.brainup.site/groups",
        "time" : {
          "start" : 1749086103172,
          "stop" : 1749086106197,
          "duration" : 3025
        },
        "status" : "passed",
        "steps" : [ ],
        "attachments" : [ ],
        "parameters" : [ ],
        "stepsCount" : 0,
        "attachmentsCount" : 0,
        "shouldDisplayMessage" : false,
        "hasContent" : false
      }, {
        "name" : "Loader checking",
        "time" : {
          "start" : 1749086106198,
          "stop" : 1749086106221,
          "duration" : 23
        },
        "status" : "passed",
        "steps" : [ ],
        "attachments" : [ ],
        "parameters" : [ ],
        "stepsCount" : 0,
        "attachmentsCount" : 0,
        "shouldDisplayMessage" : false,
        "hasContent" : false
      } ],
      "attachments" : [ ],
      "parameters" : [ {
        "name" : "driver",
        "value" : "<selenium.webdriver.chrome.webdriver.WebDriver (session=\"e772abd257844e69f05dc1bf01946398\")>"
      }, {
        "name" : "main_page_open",
        "value" : "None"
      } ],
      "stepsCount" : 2,
      "attachmentsCount" : 0,
      "shouldDisplayMessage" : false,
      "hasContent" : true
    } ],
    "attachments" : [ ],
    "parameters" : [ ],
    "stepsCount" : 3,
    "attachmentsCount" : 0,
    "shouldDisplayMessage" : false,
    "hasContent" : true
  } ],
  "testStage" : {
    "status" : "broken",
    "statusMessage" : "selenium.common.exceptions.TimeoutException: Message: Can't find element by locator ('xpath', '(//div[contains(@class, \"series-page\")]//a)[2]')\nStacktrace:\n#0 0x55f16ad2678a <unknown>\n#1 0x55f16a7c90a0 <unknown>\n#2 0x55f16a81a9b0 <unknown>\n#3 0x55f16a81aba1 <unknown>\n#4 0x55f16a868ea4 <unknown>\n#5 0x55f16a8403cd <unknown>\n#6 0x55f16a8662a0 <unknown>\n#7 0x55f16a840173 <unknown>\n#8 0x55f16a80cd4b <unknown>\n#9 0x55f16a80d9b1 <unknown>\n#10 0x55f16aceb93b <unknown>\n#11 0x55f16acef83a <unknown>\n#12 0x55f16acd3692 <unknown>\n#13 0x55f16acf03c4 <unknown>\n#14 0x55f16acb84cf <unknown>\n#15 0x55f16ad14568 <unknown>\n#16 0x55f16ad14746 <unknown>\n#17 0x55f16ad255f6 <unknown>\n#18 0x7fa5f3c9caa4 <unknown>\n#19 0x7fa5f3d29c3c <unknown>",
    "statusTrace" : "self = <tests.exercises_ru_words_page_test.TestExercisesRuWordsPage.TestExRuWordsPageLinks object at 0x7fc179216e10>\ndriver = <selenium.webdriver.chrome.webdriver.WebDriver (session=\"e772abd257844e69f05dc1bf01946398\")>\nexercises_ru_words_page_open = None\n\n    @allure.title(\"Verify if subgroup links 1-4 lead to correct pages after clicking\")\n    def test_erw_03_06_verify_subgroup_links_lead_to_correct_pages(self, driver, exercises_ru_words_page_open):\n        page = erwPage(driver)\n        opened_page1 = page.click_on_subgroup_link_family()\n>       opened_pages2_4 = page.click_on_subgroup_link_beloved_home_food_clothes()\n\ntests/exercises_ru_words_page_test.py:178: \n_ _ _ _ _ _ _ _ _ _ _ _ _ _ _ _ _ _ _ _ _ _ _ _ _ _ _ _ _ _ _ _ _ _ _ _ _ _ _ _ \npages/exercises_ru_words_page.py:286: in click_on_subgroup_link_beloved_home_food_clothes\n    self.element_is_present_and_clickable(self.locators.PAGE_LIST3_2).click()\npages/base_page.py:40: in element_is_present_and_clickable\n    return (Wait(self.driver, self.timeout).until(\n_ _ _ _ _ _ _ _ _ _ _ _ _ _ _ _ _ _ _ _ _ _ _ _ _ _ _ _ _ _ _ _ _ _ _ _ _ _ _ _ \n\nself = <selenium.webdriver.support.wait.WebDriverWait (session=\"e772abd257844e69f05dc1bf01946398\")>\nmethod = <function visibility_of_element_located.<locals>._predicate at 0x7fc178f10ae0>\nmessage = 'Can\\'t find element by locator (\\'xpath\\', \\'(//div[contains(@class, \"series-page\")]//a)[2]\\')'\n\n    def until(self, method, message: str = \"\"):\n        \"\"\"Calls the method provided with the driver as an argument until the \\\n        return value does not evaluate to ``False``.\n    \n        :param method: callable(WebDriver)\n        :param message: optional message for :exc:`TimeoutException`\n        :returns: the result of the last call to `method`\n        :raises: :exc:`selenium.common.exceptions.TimeoutException` if timeout occurs\n        \"\"\"\n        screen = None\n        stacktrace = None\n    \n        end_time = time.monotonic() + self._timeout\n        while True:\n            try:\n                value = method(self._driver)\n                if value:\n                    return value\n            except self._ignored_exceptions as exc:\n                screen = getattr(exc, \"screen\", None)\n                stacktrace = getattr(exc, \"stacktrace\", None)\n            time.sleep(self._poll)\n            if time.monotonic() > end_time:\n                break\n>       raise TimeoutException(message, screen, stacktrace)\nE       selenium.common.exceptions.TimeoutException: Message: Can't find element by locator ('xpath', '(//div[contains(@class, \"series-page\")]//a)[2]')\nE       Stacktrace:\nE       #0 0x55f16ad2678a <unknown>\nE       #1 0x55f16a7c90a0 <unknown>\nE       #2 0x55f16a81a9b0 <unknown>\nE       #3 0x55f16a81aba1 <unknown>\nE       #4 0x55f16a868ea4 <unknown>\nE       #5 0x55f16a8403cd <unknown>\nE       #6 0x55f16a8662a0 <unknown>\nE       #7 0x55f16a840173 <unknown>\nE       #8 0x55f16a80cd4b <unknown>\nE       #9 0x55f16a80d9b1 <unknown>\nE       #10 0x55f16aceb93b <unknown>\nE       #11 0x55f16acef83a <unknown>\nE       #12 0x55f16acd3692 <unknown>\nE       #13 0x55f16acf03c4 <unknown>\nE       #14 0x55f16acb84cf <unknown>\nE       #15 0x55f16ad14568 <unknown>\nE       #16 0x55f16ad14746 <unknown>\nE       #17 0x55f16ad255f6 <unknown>\nE       #18 0x7fa5f3c9caa4 <unknown>\nE       #19 0x7fa5f3d29c3c <unknown>\n\n/opt/hostedtoolcache/Python/3.12.10/x64/lib/python3.12/site-packages/selenium/webdriver/support/wait.py:95: TimeoutException",
    "steps" : [ {
      "name" : "Click on subgroup link 'Family' and thereby open corresponding web pages in the same tab",
      "time" : {
        "start" : 1749086109639,
        "stop" : 1749086113046,
        "duration" : 3407
      },
      "status" : "passed",
      "steps" : [ ],
      "attachments" : [ ],
      "parameters" : [ ],
      "stepsCount" : 0,
      "attachmentsCount" : 0,
      "shouldDisplayMessage" : false,
      "hasContent" : false
    }, {
      "name" : "Click on subgroup links 'Beloved Home', 'Food', 'Clothes' \n    and thereby open corresponding web pages in the same tab",
      "time" : {
        "start" : 1749086113046,
        "stop" : 1749086135092,
        "duration" : 22046
      },
      "status" : "broken",
      "statusMessage" : "selenium.common.exceptions.TimeoutException: Message: Can't find element by locator ('xpath', '(//div[contains(@class, \"series-page\")]//a)[2]')\nStacktrace:\n#0 0x55f16ad2678a <unknown>\n#1 0x55f16a7c90a0 <unknown>\n#2 0x55f16a81a9b0 <unknown>\n#3 0x55f16a81aba1 <unknown>\n#4 0x55f16a868ea4 <unknown>\n#5 0x55f16a8403cd <unknown>\n#6 0x55f16a8662a0 <unknown>\n#7 0x55f16a840173 <unknown>\n#8 0x55f16a80cd4b <unknown>\n#9 0x55f16a80d9b1 <unknown>\n#10 0x55f16aceb93b <unknown>\n#11 0x55f16acef83a <unknown>\n#12 0x55f16acd3692 <unknown>\n#13 0x55f16acf03c4 <unknown>\n#14 0x55f16acb84cf <unknown>\n#15 0x55f16ad14568 <unknown>\n#16 0x55f16ad14746 <unknown>\n#17 0x55f16ad255f6 <unknown>\n#18 0x7fa5f3c9caa4 <unknown>\n#19 0x7fa5f3d29c3c <unknown>\n\n",
      "statusTrace" : "  File \"/opt/hostedtoolcache/Python/3.12.10/x64/lib/python3.12/site-packages/allure_commons/_allure.py\", line 192, in impl\n    return func(*a, **kw)\n           ^^^^^^^^^^^^^^\n  File \"/home/runner/work/auto-tests-python/auto-tests-python/pages/exercises_ru_words_page.py\", line 286, in click_on_subgroup_link_beloved_home_food_clothes\n    self.element_is_present_and_clickable(self.locators.PAGE_LIST3_2).click()\n    ^^^^^^^^^^^^^^^^^^^^^^^^^^^^^^^^^^^^^^^^^^^^^^^^^^^^^^^^^^^^^^^^^\n  File \"/home/runner/work/auto-tests-python/auto-tests-python/pages/base_page.py\", line 40, in element_is_present_and_clickable\n    return (Wait(self.driver, self.timeout).until(\n            ^^^^^^^^^^^^^^^^^^^^^^^^^^^^^^^^^^^^^^\n  File \"/opt/hostedtoolcache/Python/3.12.10/x64/lib/python3.12/site-packages/selenium/webdriver/support/wait.py\", line 95, in until\n    raise TimeoutException(message, screen, stacktrace)\n",
      "steps" : [ ],
      "attachments" : [ ],
      "parameters" : [ ],
      "stepsCount" : 0,
      "attachmentsCount" : 0,
      "shouldDisplayMessage" : true,
      "hasContent" : true
    } ],
    "attachments" : [ {
      "uid" : "c5d19ae1f0a3fc8c",
      "name" : "Screenshot 2025-06-05 01:15:35.205243",
      "source" : "c5d19ae1f0a3fc8c.png",
      "type" : "image/png",
      "size" : 129265
    } ],
    "parameters" : [ ],
    "stepsCount" : 2,
    "attachmentsCount" : 1,
    "shouldDisplayMessage" : true,
    "hasContent" : true
  },
  "afterStages" : [ {
    "name" : "driver::0",
    "time" : {
      "start" : 1749086135207,
      "stop" : 1749086135278,
      "duration" : 71
    },
    "status" : "passed",
    "steps" : [ ],
    "attachments" : [ ],
    "parameters" : [ ],
    "stepsCount" : 0,
    "attachmentsCount" : 0,
    "shouldDisplayMessage" : false,
    "hasContent" : false
  } ],
  "labels" : [ {
    "name" : "epic",
    "value" : "The Exercises 'Words' Page on the 'ru' local"
  }, {
    "name" : "parentSuite",
    "value" : "tests"
  }, {
    "name" : "suite",
    "value" : "exercises_ru_words_page_test"
  }, {
    "name" : "subSuite",
    "value" : "TestExercisesRuWordsPage"
  }, {
    "name" : "host",
    "value" : "pkrvmf6wy0o8zjz"
  }, {
    "name" : "thread",
    "value" : "2536-MainThread"
  }, {
    "name" : "framework",
    "value" : "pytest"
  }, {
    "name" : "language",
    "value" : "cpython3"
  }, {
    "name" : "package",
    "value" : "tests.exercises_ru_words_page_test"
  }, {
    "name" : "resultFormat",
    "value" : "allure2"
  } ],
  "parameters" : [ ],
  "links" : [ ],
  "hidden" : false,
  "retry" : false,
  "extra" : {
    "severity" : "normal",
    "retries" : [ ],
    "categories" : [ {
      "name" : "Test defects",
      "matchedStatuses" : [ ],
      "flaky" : false
    } ],
    "history" : {
      "statistic" : {
        "failed" : 2,
        "broken" : 42,
        "skipped" : 0,
        "passed" : 151,
        "unknown" : 0,
        "total" : 195
      },
      "items" : [ {
        "uid" : "d854fada82c091cd",
        "reportUrl" : "https://Brain-up.github.io/auto-tests-python/588//#testresult/d854fada82c091cd",
        "status" : "passed",
        "time" : {
          "start" : 1749019860730,
          "stop" : 1749019878353,
          "duration" : 17623
        }
      }, {
        "uid" : "faa21b3a03cac347",
        "reportUrl" : "https://Brain-up.github.io/auto-tests-python/385//#testresult/faa21b3a03cac347",
        "status" : "passed",
        "time" : {
          "start" : 1748999690892,
          "stop" : 1748999709072,
          "duration" : 18180
        }
      }, {
        "uid" : "a9f83ec95d639f4a",
        "reportUrl" : "https://Brain-up.github.io/auto-tests-python/587//#testresult/a9f83ec95d639f4a",
        "status" : "passed",
        "time" : {
          "start" : 1748945548541,
          "stop" : 1748945566203,
          "duration" : 17662
        }
      }, {
        "uid" : "e73d7cfb01dc08ee",
        "reportUrl" : "https://Brain-up.github.io/auto-tests-python/384//#testresult/e73d7cfb01dc08ee",
        "status" : "passed",
        "time" : {
          "start" : 1748913301460,
          "stop" : 1748913319105,
          "duration" : 17645
        }
      }, {
        "uid" : "c509e253f5022c76",
        "reportUrl" : "https://Brain-up.github.io/auto-tests-python/383//#testresult/c509e253f5022c76",
        "status" : "passed",
        "time" : {
          "start" : 1748826984712,
          "stop" : 1748827002715,
          "duration" : 18003
        }
      }, {
        "uid" : "58b8d50665237f2b",
        "reportUrl" : "https://Brain-up.github.io/auto-tests-python/382//#testresult/58b8d50665237f2b",
        "status" : "passed",
        "time" : {
          "start" : 1748741166361,
          "stop" : 1748741184504,
          "duration" : 18143
        }
      }, {
        "uid" : "cee6ae216946c6f3",
        "reportUrl" : "https://Brain-up.github.io/auto-tests-python/586//#testresult/cee6ae216946c6f3",
        "status" : "passed",
        "time" : {
          "start" : 1748682242342,
          "stop" : 1748682260435,
          "duration" : 18093
        }
      }, {
        "uid" : "331d86d24d49eb7e",
        "reportUrl" : "https://Brain-up.github.io/auto-tests-python/381//#testresult/331d86d24d49eb7e",
        "status" : "broken",
        "statusDetails" : "selenium.common.exceptions.TimeoutException: Message: Can't find element by locator ('xpath', '(//div[contains(@class, \"series-page\")]//a)[2]')\nStacktrace:\n#0 0x555583a7678a <unknown>\n#1 0x5555835190a0 <unknown>\n#2 0x55558356a9b0 <unknown>\n#3 0x55558356aba1 <unknown>\n#4 0x5555835b8ea4 <unknown>\n#5 0x5555835903cd <unknown>\n#6 0x5555835b62a0 <unknown>\n#7 0x555583590173 <unknown>\n#8 0x55558355cd4b <unknown>\n#9 0x55558355d9b1 <unknown>\n#10 0x555583a3b93b <unknown>\n#11 0x555583a3f83a <unknown>\n#12 0x555583a23692 <unknown>\n#13 0x555583a403c4 <unknown>\n#14 0x555583a084cf <unknown>\n#15 0x555583a64568 <unknown>\n#16 0x555583a64746 <unknown>\n#17 0x555583a755f6 <unknown>\n#18 0x7f73d049caa4 <unknown>\n#19 0x7f73d0529c3c <unknown>",
        "time" : {
          "start" : 1748654028081,
          "stop" : 1748654054147,
          "duration" : 26066
        }
      }, {
        "uid" : "2a3cf669e3ea7c98",
        "reportUrl" : "https://Brain-up.github.io/auto-tests-python/585//#testresult/2a3cf669e3ea7c98",
        "status" : "passed",
        "time" : {
          "start" : 1748638016802,
          "stop" : 1748638034625,
          "duration" : 17823
        }
      }, {
        "uid" : "5e5af286b4302027",
        "reportUrl" : "https://Brain-up.github.io/auto-tests-python/380//#testresult/5e5af286b4302027",
        "status" : "passed",
        "time" : {
          "start" : 1748567492473,
          "stop" : 1748567510183,
          "duration" : 17710
        }
      }, {
        "uid" : "39d977f13527f628",
        "reportUrl" : "https://Brain-up.github.io/auto-tests-python/584//#testresult/39d977f13527f628",
        "status" : "passed",
        "time" : {
          "start" : 1748512788219,
          "stop" : 1748512805866,
          "duration" : 17647
        }
      }, {
        "uid" : "b4a53d97100c34cb",
        "reportUrl" : "https://Brain-up.github.io/auto-tests-python/379//#testresult/b4a53d97100c34cb",
        "status" : "passed",
        "time" : {
          "start" : 1748481243095,
          "stop" : 1748481261137,
          "duration" : 18042
        }
      }, {
        "uid" : "adee72d0199041a9",
        "reportUrl" : "https://Brain-up.github.io/auto-tests-python/583//#testresult/adee72d0199041a9",
        "status" : "passed",
        "time" : {
          "start" : 1748451878990,
          "stop" : 1748451897085,
          "duration" : 18095
        }
      }, {
        "uid" : "46127207dede24d7",
        "reportUrl" : "https://Brain-up.github.io/auto-tests-python/378//#testresult/46127207dede24d7",
        "status" : "passed",
        "time" : {
          "start" : 1748394826047,
          "stop" : 1748394844046,
          "duration" : 17999
        }
      }, {
        "uid" : "3cad9170e23672a9",
        "reportUrl" : "https://Brain-up.github.io/auto-tests-python/582//#testresult/3cad9170e23672a9",
        "status" : "passed",
        "time" : {
          "start" : 1748335791626,
          "stop" : 1748335809221,
          "duration" : 17595
        }
      }, {
        "uid" : "5ed7ef9296b58a11",
        "reportUrl" : "https://Brain-up.github.io/auto-tests-python/377//#testresult/5ed7ef9296b58a11",
        "status" : "broken",
        "statusDetails" : "selenium.common.exceptions.TimeoutException: Message: Can't find element by locator ('xpath', '(//div[contains(@class, \"series-page\")]//a)[2]')\nStacktrace:\n#0 0x562b98ff778a <unknown>\n#1 0x562b98a9a0a0 <unknown>\n#2 0x562b98aeb9b0 <unknown>\n#3 0x562b98aebba1 <unknown>\n#4 0x562b98b39ea4 <unknown>\n#5 0x562b98b113cd <unknown>\n#6 0x562b98b372a0 <unknown>\n#7 0x562b98b11173 <unknown>\n#8 0x562b98addd4b <unknown>\n#9 0x562b98ade9b1 <unknown>\n#10 0x562b98fbc93b <unknown>\n#11 0x562b98fc083a <unknown>\n#12 0x562b98fa4692 <unknown>\n#13 0x562b98fc13c4 <unknown>\n#14 0x562b98f894cf <unknown>\n#15 0x562b98fe5568 <unknown>\n#16 0x562b98fe5746 <unknown>\n#17 0x562b98ff65f6 <unknown>\n#18 0x7f30e7a9caa4 <unknown>\n#19 0x7f30e7b29c3c <unknown>",
        "time" : {
          "start" : 1748308371531,
          "stop" : 1748308397724,
          "duration" : 26193
        }
      }, {
        "uid" : "d54c4d7a45208c0d",
        "reportUrl" : "https://Brain-up.github.io/auto-tests-python/581//#testresult/d54c4d7a45208c0d",
        "status" : "passed",
        "time" : {
          "start" : 1748274683359,
          "stop" : 1748274701073,
          "duration" : 17714
        }
      }, {
        "uid" : "3afeb17e5c3e05c4",
        "reportUrl" : "https://Brain-up.github.io/auto-tests-python/376//#testresult/3afeb17e5c3e05c4",
        "status" : "broken",
        "statusDetails" : "selenium.common.exceptions.TimeoutException: Message: Can't find element by locator ('xpath', '(//div[contains(@class, \"series-page\")]//a)[2]')\nStacktrace:\n#0 0x56309043178a <unknown>\n#1 0x56308fed40a0 <unknown>\n#2 0x56308ff259b0 <unknown>\n#3 0x56308ff25ba1 <unknown>\n#4 0x56308ff73ea4 <unknown>\n#5 0x56308ff4b3cd <unknown>\n#6 0x56308ff712a0 <unknown>\n#7 0x56308ff4b173 <unknown>\n#8 0x56308ff17d4b <unknown>\n#9 0x56308ff189b1 <unknown>\n#10 0x5630903f693b <unknown>\n#11 0x5630903fa83a <unknown>\n#12 0x5630903de692 <unknown>\n#13 0x5630903fb3c4 <unknown>\n#14 0x5630903c34cf <unknown>\n#15 0x56309041f568 <unknown>\n#16 0x56309041f746 <unknown>\n#17 0x5630904305f6 <unknown>\n#18 0x7fad6b69caa4 <unknown>\n#19 0x7fad6b729c3c <unknown>",
        "time" : {
          "start" : 1748222164379,
          "stop" : 1748222190085,
          "duration" : 25706
        }
      }, {
        "uid" : "c6d16d88a411413a",
        "reportUrl" : "https://Brain-up.github.io/auto-tests-python/580//#testresult/c6d16d88a411413a",
        "status" : "passed",
        "time" : {
          "start" : 1748160210524,
          "stop" : 1748160228421,
          "duration" : 17897
        }
      }, {
        "uid" : "ca3e266c5beb52c8",
        "reportUrl" : "https://Brain-up.github.io/auto-tests-python/375//#testresult/ca3e266c5beb52c8",
        "status" : "passed",
        "time" : {
          "start" : 1748135899152,
          "stop" : 1748135916813,
          "duration" : 17661
        }
      } ]
    },
    "tags" : [ ]
  },
  "source" : "c7f95b28a0e277db.json",
  "parameterValues" : [ ]
}