{
  "uid" : "2d4f80080c9df2e9",
  "name" : "Test for authorization customer.",
  "fullName" : "tests.login_page_test.TestLoginPage#test_logining_user",
  "historyId" : "8258fdee58153c5b5e4927cdad00af1a",
  "time" : {
    "start" : 1727172883241,
    "stop" : 1727172883241,
    "duration" : 0
  },
  "status" : "broken",
  "statusMessage" : "selenium.common.exceptions.TimeoutException: Message: Can't find element by locator https://brainup.site/groups",
  "statusTrace" : "self = <pages.base_page.BasePage object at 0x7feb7bc08200>\nurl = 'https://brainup.site/groups'\n\n    def check_expected_link(self, url):\n        with allure.step(f'Check url is present: {url}'):\n            try:\n>               return Wait(self.driver, self.timeout).until(\n                    ec.url_to_be(url), message=f\"Can't find element by locator {url}\")\n\npages/base_page.py:68: \n_ _ _ _ _ _ _ _ _ _ _ _ _ _ _ _ _ _ _ _ _ _ _ _ _ _ _ _ _ _ _ _ _ _ _ _ _ _ _ _ \n\nself = <selenium.webdriver.support.wait.WebDriverWait (session=\"367f9a3df6e6adec2857704f4b928fdd\")>\nmethod = <function url_to_be.<locals>._predicate at 0x7feb7bc11440>\nmessage = \"Can't find element by locator https://brainup.site/groups\"\n\n    def until(self, method, message: str = \"\"):\n        \"\"\"Calls the method provided with the driver as an argument until the \\\n        return value does not evaluate to ``False``.\n    \n        :param method: callable(WebDriver)\n        :param message: optional message for :exc:`TimeoutException`\n        :returns: the result of the last call to `method`\n        :raises: :exc:`selenium.common.exceptions.TimeoutException` if timeout occurs\n        \"\"\"\n        screen = None\n        stacktrace = None\n    \n        end_time = time.monotonic() + self._timeout\n        while True:\n            try:\n                value = method(self._driver)\n                if value:\n                    return value\n            except self._ignored_exceptions as exc:\n                screen = getattr(exc, \"screen\", None)\n                stacktrace = getattr(exc, \"stacktrace\", None)\n            time.sleep(self._poll)\n            if time.monotonic() > end_time:\n                break\n>       raise TimeoutException(message, screen, stacktrace)\nE       selenium.common.exceptions.TimeoutException: Message: Can't find element by locator https://brainup.site/groups\n\n/opt/hostedtoolcache/Python/3.12.6/x64/lib/python3.12/site-packages/selenium/webdriver/support/wait.py:95: TimeoutException\n\nDuring handling of the above exception, another exception occurred:\n\ndriver = <selenium.webdriver.chrome.webdriver.WebDriver (session=\"367f9a3df6e6adec2857704f4b928fdd\")>\nmain_page_open = None\n\n    @pytest.fixture()\n    @allure.step('Auto test user authorized')\n    def auto_test_user_authorized(driver, main_page_open):\n        page = BasePage(driver)\n        page.element_is_present_and_clickable(MainPageLocators.LOGIN_BUTTON).click()\n        page.element_is_visible(LoginPageLocators.INPUT_LOGIN).send_keys(os.environ[\"LOGIN\"])\n        page.element_is_visible(LoginPageLocators.INPUT_PASSWORD).send_keys(os.environ[\"PASSWORD\"])\n        page.element_is_present_and_clickable(LoginPageLocators.SIGN_IN_BUTTON).click()\n>       page.check_expected_link(MainPageLinks.URL_GROUPS_PAGE)\n\ntests/conftest.py:71: \n_ _ _ _ _ _ _ _ _ _ _ _ _ _ _ _ _ _ _ _ _ _ _ _ _ _ _ _ _ _ _ _ _ _ _ _ _ _ _ _ \npages/base_page.py:72: in check_expected_link\n    return Wait(self.driver, self.timeout).until(\n_ _ _ _ _ _ _ _ _ _ _ _ _ _ _ _ _ _ _ _ _ _ _ _ _ _ _ _ _ _ _ _ _ _ _ _ _ _ _ _ \n\nself = <selenium.webdriver.support.wait.WebDriverWait (session=\"367f9a3df6e6adec2857704f4b928fdd\")>\nmethod = <function url_to_be.<locals>._predicate at 0x7feb7bc11580>\nmessage = \"Can't find element by locator https://brainup.site/groups\"\n\n    def until(self, method, message: str = \"\"):\n        \"\"\"Calls the method provided with the driver as an argument until the \\\n        return value does not evaluate to ``False``.\n    \n        :param method: callable(WebDriver)\n        :param message: optional message for :exc:`TimeoutException`\n        :returns: the result of the last call to `method`\n        :raises: :exc:`selenium.common.exceptions.TimeoutException` if timeout occurs\n        \"\"\"\n        screen = None\n        stacktrace = None\n    \n        end_time = time.monotonic() + self._timeout\n        while True:\n            try:\n                value = method(self._driver)\n                if value:\n                    return value\n            except self._ignored_exceptions as exc:\n                screen = getattr(exc, \"screen\", None)\n                stacktrace = getattr(exc, \"stacktrace\", None)\n            time.sleep(self._poll)\n            if time.monotonic() > end_time:\n                break\n>       raise TimeoutException(message, screen, stacktrace)\nE       selenium.common.exceptions.TimeoutException: Message: Can't find element by locator https://brainup.site/groups\n\n/opt/hostedtoolcache/Python/3.12.6/x64/lib/python3.12/site-packages/selenium/webdriver/support/wait.py:95: TimeoutException",
  "flaky" : false,
  "newFailed" : false,
  "beforeStages" : [ {
    "name" : "clear_allure_results_folder",
    "time" : {
      "start" : 1727172437955,
      "stop" : 1727172437955,
      "duration" : 0
    },
    "status" : "passed",
    "steps" : [ ],
    "attachments" : [ ],
    "parameters" : [ ],
    "stepsCount" : 0,
    "attachmentsCount" : 0,
    "shouldDisplayMessage" : false,
    "hasContent" : false
  }, {
    "name" : "main_page_open",
    "time" : {
      "start" : 1727172883999,
      "stop" : 1727172887778,
      "duration" : 3779
    },
    "status" : "passed",
    "steps" : [ {
      "name" : "Open page: https://brainup.site/",
      "time" : {
        "start" : 1727172883999,
        "stop" : 1727172887778,
        "duration" : 3779
      },
      "status" : "passed",
      "steps" : [ ],
      "attachments" : [ ],
      "parameters" : [ {
        "name" : "driver",
        "value" : "<selenium.webdriver.chrome.webdriver.WebDriver (session=\"367f9a3df6e6adec2857704f4b928fdd\")>"
      } ],
      "stepsCount" : 0,
      "attachmentsCount" : 0,
      "shouldDisplayMessage" : false,
      "hasContent" : true
    } ],
    "attachments" : [ ],
    "parameters" : [ ],
    "stepsCount" : 1,
    "attachmentsCount" : 0,
    "shouldDisplayMessage" : false,
    "hasContent" : true
  }, {
    "name" : "driver",
    "time" : {
      "start" : 1727172883241,
      "stop" : 1727172883998,
      "duration" : 757
    },
    "status" : "passed",
    "steps" : [ ],
    "attachments" : [ ],
    "parameters" : [ ],
    "stepsCount" : 0,
    "attachmentsCount" : 0,
    "shouldDisplayMessage" : false,
    "hasContent" : false
  }, {
    "name" : "auto_test_user_authorized",
    "time" : {
      "start" : 1727172887779,
      "stop" : 1727172928449,
      "duration" : 40670
    },
    "status" : "broken",
    "statusMessage" : "selenium.common.exceptions.TimeoutException: Message: Can't find element by locator https://brainup.site/groups\n\n",
    "statusTrace" : "  File \"/opt/hostedtoolcache/Python/3.12.6/x64/lib/python3.12/site-packages/pluggy/_callers.py\", line 103, in _multicall\n    res = hook_impl.function(*args)\n          ^^^^^^^^^^^^^^^^^^^^^^^^^\n  File \"/opt/hostedtoolcache/Python/3.12.6/x64/lib/python3.12/site-packages/_pytest/fixtures.py\", line 1123, in pytest_fixture_setup\n    result = call_fixture_func(fixturefunc, request, kwargs)\n             ^^^^^^^^^^^^^^^^^^^^^^^^^^^^^^^^^^^^^^^^^^^^^^^\n  File \"/opt/hostedtoolcache/Python/3.12.6/x64/lib/python3.12/site-packages/_pytest/fixtures.py\", line 902, in call_fixture_func\n    fixture_result = fixturefunc(**kwargs)\n                     ^^^^^^^^^^^^^^^^^^^^^\n  File \"/opt/hostedtoolcache/Python/3.12.6/x64/lib/python3.12/site-packages/allure_commons/_allure.py\", line 192, in impl\n    return func(*a, **kw)\n           ^^^^^^^^^^^^^^\n  File \"/home/runner/work/auto-tests-python/auto-tests-python/tests/conftest.py\", line 71, in auto_test_user_authorized\n    page.check_expected_link(MainPageLinks.URL_GROUPS_PAGE)\n  File \"/home/runner/work/auto-tests-python/auto-tests-python/pages/base_page.py\", line 72, in check_expected_link\n    return Wait(self.driver, self.timeout).until(\n           ^^^^^^^^^^^^^^^^^^^^^^^^^^^^^^^^^^^^^^\n  File \"/opt/hostedtoolcache/Python/3.12.6/x64/lib/python3.12/site-packages/selenium/webdriver/support/wait.py\", line 95, in until\n    raise TimeoutException(message, screen, stacktrace)\n",
    "steps" : [ {
      "name" : "Auto test user authorized",
      "time" : {
        "start" : 1727172887779,
        "stop" : 1727172928449,
        "duration" : 40670
      },
      "status" : "broken",
      "statusMessage" : "selenium.common.exceptions.TimeoutException: Message: Can't find element by locator https://brainup.site/groups\n\n",
      "statusTrace" : "  File \"/opt/hostedtoolcache/Python/3.12.6/x64/lib/python3.12/site-packages/allure_commons/_allure.py\", line 192, in impl\n    return func(*a, **kw)\n           ^^^^^^^^^^^^^^\n  File \"/home/runner/work/auto-tests-python/auto-tests-python/tests/conftest.py\", line 71, in auto_test_user_authorized\n    page.check_expected_link(MainPageLinks.URL_GROUPS_PAGE)\n  File \"/home/runner/work/auto-tests-python/auto-tests-python/pages/base_page.py\", line 72, in check_expected_link\n    return Wait(self.driver, self.timeout).until(\n           ^^^^^^^^^^^^^^^^^^^^^^^^^^^^^^^^^^^^^^\n  File \"/opt/hostedtoolcache/Python/3.12.6/x64/lib/python3.12/site-packages/selenium/webdriver/support/wait.py\", line 95, in until\n    raise TimeoutException(message, screen, stacktrace)\n",
      "steps" : [ {
        "name" : "Check url is present: https://brainup.site/groups",
        "time" : {
          "start" : 1727172888163,
          "stop" : 1727172928448,
          "duration" : 40285
        },
        "status" : "broken",
        "statusMessage" : "selenium.common.exceptions.TimeoutException: Message: Can't find element by locator https://brainup.site/groups\n\n",
        "statusTrace" : "  File \"/home/runner/work/auto-tests-python/auto-tests-python/pages/base_page.py\", line 72, in check_expected_link\n    return Wait(self.driver, self.timeout).until(\n           ^^^^^^^^^^^^^^^^^^^^^^^^^^^^^^^^^^^^^^\n  File \"/opt/hostedtoolcache/Python/3.12.6/x64/lib/python3.12/site-packages/selenium/webdriver/support/wait.py\", line 95, in until\n    raise TimeoutException(message, screen, stacktrace)\n",
        "steps" : [ ],
        "attachments" : [ ],
        "parameters" : [ ],
        "stepsCount" : 0,
        "attachmentsCount" : 0,
        "shouldDisplayMessage" : true,
        "hasContent" : true
      } ],
      "attachments" : [ ],
      "parameters" : [ {
        "name" : "driver",
        "value" : "<selenium.webdriver.chrome.webdriver.WebDriver (session=\"367f9a3df6e6adec2857704f4b928fdd\")>"
      }, {
        "name" : "main_page_open",
        "value" : "None"
      } ],
      "stepsCount" : 1,
      "attachmentsCount" : 0,
      "shouldDisplayMessage" : false,
      "hasContent" : true
    } ],
    "attachments" : [ ],
    "parameters" : [ ],
    "stepsCount" : 2,
    "attachmentsCount" : 0,
    "shouldDisplayMessage" : false,
    "hasContent" : true
  } ],
  "afterStages" : [ {
    "name" : "driver::0",
    "time" : {
      "start" : 1727172928498,
      "stop" : 1727172928587,
      "duration" : 89
    },
    "status" : "passed",
    "steps" : [ ],
    "attachments" : [ ],
    "parameters" : [ ],
    "stepsCount" : 0,
    "attachmentsCount" : 0,
    "shouldDisplayMessage" : false,
    "hasContent" : false
  } ],
  "labels" : [ {
    "name" : "epic",
    "value" : "Login Page."
  }, {
    "name" : "parentSuite",
    "value" : "tests"
  }, {
    "name" : "suite",
    "value" : "login_page_test"
  }, {
    "name" : "subSuite",
    "value" : "TestLoginPage"
  }, {
    "name" : "host",
    "value" : "fv-az1456-997"
  }, {
    "name" : "thread",
    "value" : "2259-MainThread"
  }, {
    "name" : "framework",
    "value" : "pytest"
  }, {
    "name" : "language",
    "value" : "cpython3"
  }, {
    "name" : "package",
    "value" : "tests.login_page_test"
  }, {
    "name" : "resultFormat",
    "value" : "allure2"
  } ],
  "parameters" : [ ],
  "links" : [ ],
  "hidden" : false,
  "retry" : false,
  "extra" : {
    "severity" : "normal",
    "retries" : [ ],
    "categories" : [ {
      "name" : "Test defects",
      "matchedStatuses" : [ ],
      "flaky" : false
    } ],
    "history" : {
      "statistic" : {
        "failed" : 0,
        "broken" : 9,
        "skipped" : 0,
        "passed" : 434,
        "unknown" : 0,
        "total" : 443
      },
      "items" : [ {
        "uid" : "ac02ef80ce59eb09",
        "reportUrl" : "https://Brain-up.github.io/auto-tests-python/288//#testresult/ac02ef80ce59eb09",
        "status" : "broken",
        "statusDetails" : "selenium.common.exceptions.TimeoutException: Message: Can't find element by locator https://brainup.site/groups",
        "time" : {
          "start" : 1727170798402,
          "stop" : 1727170798402,
          "duration" : 0
        }
      }, {
        "uid" : "aa0ff8ecfbb0a0b6",
        "reportUrl" : "https://Brain-up.github.io/auto-tests-python/288//#testresult/aa0ff8ecfbb0a0b6",
        "status" : "passed",
        "time" : {
          "start" : 1727168475352,
          "stop" : 1727168475355,
          "duration" : 3
        }
      }, {
        "uid" : "e6c721ac34d15905",
        "reportUrl" : "https://Brain-up.github.io/auto-tests-python/288//#testresult/e6c721ac34d15905",
        "status" : "passed",
        "time" : {
          "start" : 1727165607151,
          "stop" : 1727165607154,
          "duration" : 3
        }
      }, {
        "uid" : "701efb219bf8dd5f",
        "reportUrl" : "https://Brain-up.github.io/auto-tests-python/288//#testresult/701efb219bf8dd5f",
        "status" : "passed",
        "time" : {
          "start" : 1727163890099,
          "stop" : 1727163890102,
          "duration" : 3
        }
      }, {
        "uid" : "caff3a67b0114ae4",
        "reportUrl" : "https://Brain-up.github.io/auto-tests-python/132//#testresult/caff3a67b0114ae4",
        "status" : "passed",
        "time" : {
          "start" : 1727139776455,
          "stop" : 1727139776457,
          "duration" : 2
        }
      }, {
        "uid" : "9ef8937c8d1eca11",
        "reportUrl" : "https://Brain-up.github.io/auto-tests-python/287//#testresult/9ef8937c8d1eca11",
        "status" : "passed",
        "time" : {
          "start" : 1727085052825,
          "stop" : 1727085052828,
          "duration" : 3
        }
      }, {
        "uid" : "f3ad20056c5571af",
        "reportUrl" : "https://Brain-up.github.io/auto-tests-python/286//#testresult/f3ad20056c5571af",
        "status" : "passed",
        "time" : {
          "start" : 1727083551384,
          "stop" : 1727083551386,
          "duration" : 2
        }
      }, {
        "uid" : "4522b0f650c4ae56",
        "reportUrl" : "https://Brain-up.github.io/auto-tests-python/131//#testresult/4522b0f650c4ae56",
        "status" : "passed",
        "time" : {
          "start" : 1727053432121,
          "stop" : 1727053432123,
          "duration" : 2
        }
      }, {
        "uid" : "acb6577a88c14428",
        "reportUrl" : "https://Brain-up.github.io/auto-tests-python/285//#testresult/acb6577a88c14428",
        "status" : "passed",
        "time" : {
          "start" : 1726998419526,
          "stop" : 1726998419529,
          "duration" : 3
        }
      }, {
        "uid" : "75b67652fb291ab3",
        "reportUrl" : "https://Brain-up.github.io/auto-tests-python/284//#testresult/75b67652fb291ab3",
        "status" : "passed",
        "time" : {
          "start" : 1726996783121,
          "stop" : 1726996783123,
          "duration" : 2
        }
      }, {
        "uid" : "541f9551c64694b7",
        "reportUrl" : "https://Brain-up.github.io/auto-tests-python/284//#testresult/541f9551c64694b7",
        "status" : "passed",
        "time" : {
          "start" : 1726995362568,
          "stop" : 1726995362571,
          "duration" : 3
        }
      }, {
        "uid" : "3204b25672870a72",
        "reportUrl" : "https://Brain-up.github.io/auto-tests-python/130//#testresult/3204b25672870a72",
        "status" : "passed",
        "time" : {
          "start" : 1726967193171,
          "stop" : 1726967193173,
          "duration" : 2
        }
      }, {
        "uid" : "c69aab174b41da09",
        "reportUrl" : "https://Brain-up.github.io/auto-tests-python/283//#testresult/c69aab174b41da09",
        "status" : "passed",
        "time" : {
          "start" : 1726912708730,
          "stop" : 1726912708744,
          "duration" : 14
        }
      }, {
        "uid" : "6d0a7cb10525c3ea",
        "reportUrl" : "https://Brain-up.github.io/auto-tests-python/282//#testresult/6d0a7cb10525c3ea",
        "status" : "passed",
        "time" : {
          "start" : 1726910931969,
          "stop" : 1726910931971,
          "duration" : 2
        }
      }, {
        "uid" : "132898373d0a4e",
        "reportUrl" : "https://Brain-up.github.io/auto-tests-python/281//#testresult/132898373d0a4e",
        "status" : "passed",
        "time" : {
          "start" : 1726908703483,
          "stop" : 1726908703486,
          "duration" : 3
        }
      }, {
        "uid" : "2695533793fbb37b",
        "reportUrl" : "https://Brain-up.github.io/auto-tests-python/129//#testresult/2695533793fbb37b",
        "status" : "passed",
        "time" : {
          "start" : 1726880426028,
          "stop" : 1726880426030,
          "duration" : 2
        }
      }, {
        "uid" : "812cf9ca245aeea0",
        "reportUrl" : "https://Brain-up.github.io/auto-tests-python/280//#testresult/812cf9ca245aeea0",
        "status" : "passed",
        "time" : {
          "start" : 1726821278641,
          "stop" : 1726821278644,
          "duration" : 3
        }
      }, {
        "uid" : "14a0f9c45678d538",
        "reportUrl" : "https://Brain-up.github.io/auto-tests-python/279//#testresult/14a0f9c45678d538",
        "status" : "passed",
        "time" : {
          "start" : 1726818619592,
          "stop" : 1726818619595,
          "duration" : 3
        }
      }, {
        "uid" : "6eee823b8694ee8b",
        "reportUrl" : "https://Brain-up.github.io/auto-tests-python/128//#testresult/6eee823b8694ee8b",
        "status" : "passed",
        "time" : {
          "start" : 1726794060253,
          "stop" : 1726794060255,
          "duration" : 2
        }
      }, {
        "uid" : "37d4be72a401f7ae",
        "reportUrl" : "https://Brain-up.github.io/auto-tests-python/278//#testresult/37d4be72a401f7ae",
        "status" : "passed",
        "time" : {
          "start" : 1726734445038,
          "stop" : 1726734445041,
          "duration" : 3
        }
      } ]
    },
    "tags" : [ ]
  },
  "source" : "2d4f80080c9df2e9.json",
  "parameterValues" : [ ]
}