{
  "uid" : "72b5da3062642f05",
  "name" : "Verify if subgroup links 1-4 lead to correct pages after clicking",
  "fullName" : "tests.exercises_ru_words_page_test.TestExRuWordsPageLinks#test_erw_03_06_verify_subgroup_links_lead_to_correct_pages",
  "historyId" : "be5252214076120520c630b3a755f745",
  "time" : {
    "start" : 1740704732811,
    "stop" : 1740704754226,
    "duration" : 21415
  },
  "status" : "broken",
  "statusMessage" : "selenium.common.exceptions.TimeoutException: Message: Can't find element by locator ('xpath', '(//div[contains(@class, \"series-page\")]//a)[2]')\nStacktrace:\n#0 0x562519e47bea <unknown>\n#1 0x5625198e57d0 <unknown>\n#2 0x562519936cc0 <unknown>\n#3 0x562519936e41 <unknown>\n#4 0x562519985984 <unknown>\n#5 0x56251995cabd <unknown>\n#6 0x562519982d0c <unknown>\n#7 0x56251995c863 <unknown>\n#8 0x562519928ac8 <unknown>\n#9 0x562519929c31 <unknown>\n#10 0x562519e1118b <unknown>\n#11 0x562519e15112 <unknown>\n#12 0x562519dfe04c <unknown>\n#13 0x562519e15d04 <unknown>\n#14 0x562519de24bf <unknown>\n#15 0x562519e36528 <unknown>\n#16 0x562519e366f9 <unknown>\n#17 0x562519e46a66 <unknown>\n#18 0x7f21c4e9caa4 <unknown>\n#19 0x7f21c4f29c3c <unknown>",
  "statusTrace" : "self = <tests.exercises_ru_words_page_test.TestExercisesRuWordsPage.TestExRuWordsPageLinks object at 0x7f58321dd250>\ndriver = <selenium.webdriver.chrome.webdriver.WebDriver (session=\"5c08b4e7e2276d5768b103bf04b61d45\")>\nexercises_ru_words_page_open = None\n\n    @allure.title(\"Verify if subgroup links 1-4 lead to correct pages after clicking\")\n    def test_erw_03_06_verify_subgroup_links_lead_to_correct_pages(self, driver, exercises_ru_words_page_open):\n        page = ExercisesRuWordsPage(driver)\n        opened_page1 = page.click_on_subgroup_link_family()\n>       opened_pages2_4 = page.click_on_subgroup_link_beloved_home_food_clothes()\n\ntests/exercises_ru_words_page_test.py:165: \n_ _ _ _ _ _ _ _ _ _ _ _ _ _ _ _ _ _ _ _ _ _ _ _ _ _ _ _ _ _ _ _ _ _ _ _ _ _ _ _ \npages/exercises_ru_words_page.py:258: in click_on_subgroup_link_beloved_home_food_clothes\n    self.element_is_present_and_clickable(self.locators.PAGE_LIST3_2).click()\npages/base_page.py:40: in element_is_present_and_clickable\n    return (Wait(self.driver, self.timeout).until(\n_ _ _ _ _ _ _ _ _ _ _ _ _ _ _ _ _ _ _ _ _ _ _ _ _ _ _ _ _ _ _ _ _ _ _ _ _ _ _ _ \n\nself = <selenium.webdriver.support.wait.WebDriverWait (session=\"5c08b4e7e2276d5768b103bf04b61d45\")>\nmethod = <function visibility_of_element_located.<locals>._predicate at 0x7f5831e640e0>\nmessage = 'Can\\'t find element by locator (\\'xpath\\', \\'(//div[contains(@class, \"series-page\")]//a)[2]\\')'\n\n    def until(self, method, message: str = \"\"):\n        \"\"\"Calls the method provided with the driver as an argument until the \\\n        return value does not evaluate to ``False``.\n    \n        :param method: callable(WebDriver)\n        :param message: optional message for :exc:`TimeoutException`\n        :returns: the result of the last call to `method`\n        :raises: :exc:`selenium.common.exceptions.TimeoutException` if timeout occurs\n        \"\"\"\n        screen = None\n        stacktrace = None\n    \n        end_time = time.monotonic() + self._timeout\n        while True:\n            try:\n                value = method(self._driver)\n                if value:\n                    return value\n            except self._ignored_exceptions as exc:\n                screen = getattr(exc, \"screen\", None)\n                stacktrace = getattr(exc, \"stacktrace\", None)\n            time.sleep(self._poll)\n            if time.monotonic() > end_time:\n                break\n>       raise TimeoutException(message, screen, stacktrace)\nE       selenium.common.exceptions.TimeoutException: Message: Can't find element by locator ('xpath', '(//div[contains(@class, \"series-page\")]//a)[2]')\nE       Stacktrace:\nE       #0 0x562519e47bea <unknown>\nE       #1 0x5625198e57d0 <unknown>\nE       #2 0x562519936cc0 <unknown>\nE       #3 0x562519936e41 <unknown>\nE       #4 0x562519985984 <unknown>\nE       #5 0x56251995cabd <unknown>\nE       #6 0x562519982d0c <unknown>\nE       #7 0x56251995c863 <unknown>\nE       #8 0x562519928ac8 <unknown>\nE       #9 0x562519929c31 <unknown>\nE       #10 0x562519e1118b <unknown>\nE       #11 0x562519e15112 <unknown>\nE       #12 0x562519dfe04c <unknown>\nE       #13 0x562519e15d04 <unknown>\nE       #14 0x562519de24bf <unknown>\nE       #15 0x562519e36528 <unknown>\nE       #16 0x562519e366f9 <unknown>\nE       #17 0x562519e46a66 <unknown>\nE       #18 0x7f21c4e9caa4 <unknown>\nE       #19 0x7f21c4f29c3c <unknown>\n\n/opt/hostedtoolcache/Python/3.12.9/x64/lib/python3.12/site-packages/selenium/webdriver/support/wait.py:95: TimeoutException",
  "flaky" : false,
  "newFailed" : false,
  "beforeStages" : [ {
    "name" : "main_page_open",
    "time" : {
      "start" : 1740704723533,
      "stop" : 1740704726529,
      "duration" : 2996
    },
    "status" : "passed",
    "steps" : [ {
      "name" : "Open page: https://www.brainup.site/",
      "time" : {
        "start" : 1740704723533,
        "stop" : 1740704726529,
        "duration" : 2996
      },
      "status" : "passed",
      "steps" : [ ],
      "attachments" : [ ],
      "parameters" : [ {
        "name" : "driver",
        "value" : "<selenium.webdriver.chrome.webdriver.WebDriver (session=\"5c08b4e7e2276d5768b103bf04b61d45\")>"
      } ],
      "stepsCount" : 0,
      "attachmentsCount" : 0,
      "shouldDisplayMessage" : false,
      "hasContent" : true
    } ],
    "attachments" : [ ],
    "parameters" : [ ],
    "stepsCount" : 1,
    "attachmentsCount" : 0,
    "shouldDisplayMessage" : false,
    "hasContent" : true
  }, {
    "name" : "exercises_ru_words_page_open",
    "time" : {
      "start" : 1740704729547,
      "stop" : 1740704732810,
      "duration" : 3263
    },
    "status" : "passed",
    "steps" : [ {
      "name" : "Open page: https://www.brainup.site/groups/2/series/1",
      "time" : {
        "start" : 1740704729547,
        "stop" : 1740704732810,
        "duration" : 3263
      },
      "status" : "passed",
      "steps" : [ ],
      "attachments" : [ ],
      "parameters" : [ {
        "name" : "driver",
        "value" : "<selenium.webdriver.chrome.webdriver.WebDriver (session=\"5c08b4e7e2276d5768b103bf04b61d45\")>"
      }, {
        "name" : "exercises_ru_page_open",
        "value" : "None"
      } ],
      "stepsCount" : 0,
      "attachmentsCount" : 0,
      "shouldDisplayMessage" : false,
      "hasContent" : true
    } ],
    "attachments" : [ ],
    "parameters" : [ ],
    "stepsCount" : 1,
    "attachmentsCount" : 0,
    "shouldDisplayMessage" : false,
    "hasContent" : true
  }, {
    "name" : "clear_allure_results_folder",
    "time" : {
      "start" : 1740704291240,
      "stop" : 1740704291240,
      "duration" : 0
    },
    "status" : "passed",
    "steps" : [ ],
    "attachments" : [ ],
    "parameters" : [ ],
    "stepsCount" : 0,
    "attachmentsCount" : 0,
    "shouldDisplayMessage" : false,
    "hasContent" : false
  }, {
    "name" : "exercises_ru_page_open",
    "time" : {
      "start" : 1740704729463,
      "stop" : 1740704729547,
      "duration" : 84
    },
    "status" : "passed",
    "steps" : [ {
      "name" : "Open page: https://www.brainup.site/groups",
      "time" : {
        "start" : 1740704729464,
        "stop" : 1740704729547,
        "duration" : 83
      },
      "status" : "passed",
      "steps" : [ ],
      "attachments" : [ ],
      "parameters" : [ {
        "name" : "driver",
        "value" : "<selenium.webdriver.chrome.webdriver.WebDriver (session=\"5c08b4e7e2276d5768b103bf04b61d45\")>"
      }, {
        "name" : "auto_test_user_authorized",
        "value" : "None"
      } ],
      "stepsCount" : 0,
      "attachmentsCount" : 0,
      "shouldDisplayMessage" : false,
      "hasContent" : true
    } ],
    "attachments" : [ ],
    "parameters" : [ ],
    "stepsCount" : 1,
    "attachmentsCount" : 0,
    "shouldDisplayMessage" : false,
    "hasContent" : true
  }, {
    "name" : "auto_test_user_authorized",
    "time" : {
      "start" : 1740704726529,
      "stop" : 1740704729463,
      "duration" : 2934
    },
    "status" : "passed",
    "steps" : [ {
      "name" : "Auto test user authorized",
      "time" : {
        "start" : 1740704726529,
        "stop" : 1740704729463,
        "duration" : 2934
      },
      "status" : "passed",
      "steps" : [ {
        "name" : "Check url is present: https://www.brainup.site/groups",
        "time" : {
          "start" : 1740704726919,
          "stop" : 1740704729441,
          "duration" : 2522
        },
        "status" : "passed",
        "steps" : [ ],
        "attachments" : [ ],
        "parameters" : [ ],
        "stepsCount" : 0,
        "attachmentsCount" : 0,
        "shouldDisplayMessage" : false,
        "hasContent" : false
      }, {
        "name" : "Loader checking",
        "time" : {
          "start" : 1740704729441,
          "stop" : 1740704729463,
          "duration" : 22
        },
        "status" : "passed",
        "steps" : [ ],
        "attachments" : [ ],
        "parameters" : [ ],
        "stepsCount" : 0,
        "attachmentsCount" : 0,
        "shouldDisplayMessage" : false,
        "hasContent" : false
      } ],
      "attachments" : [ ],
      "parameters" : [ {
        "name" : "driver",
        "value" : "<selenium.webdriver.chrome.webdriver.WebDriver (session=\"5c08b4e7e2276d5768b103bf04b61d45\")>"
      }, {
        "name" : "main_page_open",
        "value" : "None"
      } ],
      "stepsCount" : 2,
      "attachmentsCount" : 0,
      "shouldDisplayMessage" : false,
      "hasContent" : true
    } ],
    "attachments" : [ ],
    "parameters" : [ ],
    "stepsCount" : 3,
    "attachmentsCount" : 0,
    "shouldDisplayMessage" : false,
    "hasContent" : true
  }, {
    "name" : "driver",
    "time" : {
      "start" : 1740704722718,
      "stop" : 1740704723533,
      "duration" : 815
    },
    "status" : "passed",
    "steps" : [ ],
    "attachments" : [ ],
    "parameters" : [ ],
    "stepsCount" : 0,
    "attachmentsCount" : 0,
    "shouldDisplayMessage" : false,
    "hasContent" : false
  } ],
  "testStage" : {
    "status" : "broken",
    "statusMessage" : "selenium.common.exceptions.TimeoutException: Message: Can't find element by locator ('xpath', '(//div[contains(@class, \"series-page\")]//a)[2]')\nStacktrace:\n#0 0x562519e47bea <unknown>\n#1 0x5625198e57d0 <unknown>\n#2 0x562519936cc0 <unknown>\n#3 0x562519936e41 <unknown>\n#4 0x562519985984 <unknown>\n#5 0x56251995cabd <unknown>\n#6 0x562519982d0c <unknown>\n#7 0x56251995c863 <unknown>\n#8 0x562519928ac8 <unknown>\n#9 0x562519929c31 <unknown>\n#10 0x562519e1118b <unknown>\n#11 0x562519e15112 <unknown>\n#12 0x562519dfe04c <unknown>\n#13 0x562519e15d04 <unknown>\n#14 0x562519de24bf <unknown>\n#15 0x562519e36528 <unknown>\n#16 0x562519e366f9 <unknown>\n#17 0x562519e46a66 <unknown>\n#18 0x7f21c4e9caa4 <unknown>\n#19 0x7f21c4f29c3c <unknown>",
    "statusTrace" : "self = <tests.exercises_ru_words_page_test.TestExercisesRuWordsPage.TestExRuWordsPageLinks object at 0x7f58321dd250>\ndriver = <selenium.webdriver.chrome.webdriver.WebDriver (session=\"5c08b4e7e2276d5768b103bf04b61d45\")>\nexercises_ru_words_page_open = None\n\n    @allure.title(\"Verify if subgroup links 1-4 lead to correct pages after clicking\")\n    def test_erw_03_06_verify_subgroup_links_lead_to_correct_pages(self, driver, exercises_ru_words_page_open):\n        page = ExercisesRuWordsPage(driver)\n        opened_page1 = page.click_on_subgroup_link_family()\n>       opened_pages2_4 = page.click_on_subgroup_link_beloved_home_food_clothes()\n\ntests/exercises_ru_words_page_test.py:165: \n_ _ _ _ _ _ _ _ _ _ _ _ _ _ _ _ _ _ _ _ _ _ _ _ _ _ _ _ _ _ _ _ _ _ _ _ _ _ _ _ \npages/exercises_ru_words_page.py:258: in click_on_subgroup_link_beloved_home_food_clothes\n    self.element_is_present_and_clickable(self.locators.PAGE_LIST3_2).click()\npages/base_page.py:40: in element_is_present_and_clickable\n    return (Wait(self.driver, self.timeout).until(\n_ _ _ _ _ _ _ _ _ _ _ _ _ _ _ _ _ _ _ _ _ _ _ _ _ _ _ _ _ _ _ _ _ _ _ _ _ _ _ _ \n\nself = <selenium.webdriver.support.wait.WebDriverWait (session=\"5c08b4e7e2276d5768b103bf04b61d45\")>\nmethod = <function visibility_of_element_located.<locals>._predicate at 0x7f5831e640e0>\nmessage = 'Can\\'t find element by locator (\\'xpath\\', \\'(//div[contains(@class, \"series-page\")]//a)[2]\\')'\n\n    def until(self, method, message: str = \"\"):\n        \"\"\"Calls the method provided with the driver as an argument until the \\\n        return value does not evaluate to ``False``.\n    \n        :param method: callable(WebDriver)\n        :param message: optional message for :exc:`TimeoutException`\n        :returns: the result of the last call to `method`\n        :raises: :exc:`selenium.common.exceptions.TimeoutException` if timeout occurs\n        \"\"\"\n        screen = None\n        stacktrace = None\n    \n        end_time = time.monotonic() + self._timeout\n        while True:\n            try:\n                value = method(self._driver)\n                if value:\n                    return value\n            except self._ignored_exceptions as exc:\n                screen = getattr(exc, \"screen\", None)\n                stacktrace = getattr(exc, \"stacktrace\", None)\n            time.sleep(self._poll)\n            if time.monotonic() > end_time:\n                break\n>       raise TimeoutException(message, screen, stacktrace)\nE       selenium.common.exceptions.TimeoutException: Message: Can't find element by locator ('xpath', '(//div[contains(@class, \"series-page\")]//a)[2]')\nE       Stacktrace:\nE       #0 0x562519e47bea <unknown>\nE       #1 0x5625198e57d0 <unknown>\nE       #2 0x562519936cc0 <unknown>\nE       #3 0x562519936e41 <unknown>\nE       #4 0x562519985984 <unknown>\nE       #5 0x56251995cabd <unknown>\nE       #6 0x562519982d0c <unknown>\nE       #7 0x56251995c863 <unknown>\nE       #8 0x562519928ac8 <unknown>\nE       #9 0x562519929c31 <unknown>\nE       #10 0x562519e1118b <unknown>\nE       #11 0x562519e15112 <unknown>\nE       #12 0x562519dfe04c <unknown>\nE       #13 0x562519e15d04 <unknown>\nE       #14 0x562519de24bf <unknown>\nE       #15 0x562519e36528 <unknown>\nE       #16 0x562519e366f9 <unknown>\nE       #17 0x562519e46a66 <unknown>\nE       #18 0x7f21c4e9caa4 <unknown>\nE       #19 0x7f21c4f29c3c <unknown>\n\n/opt/hostedtoolcache/Python/3.12.9/x64/lib/python3.12/site-packages/selenium/webdriver/support/wait.py:95: TimeoutException",
    "steps" : [ {
      "name" : "Click on subgroup link 'Family' and thereby open corresponding web pages in the same tab",
      "time" : {
        "start" : 1740704732811,
        "stop" : 1740704734180,
        "duration" : 1369
      },
      "status" : "passed",
      "steps" : [ ],
      "attachments" : [ ],
      "parameters" : [ ],
      "stepsCount" : 0,
      "attachmentsCount" : 0,
      "shouldDisplayMessage" : false,
      "hasContent" : false
    }, {
      "name" : "Click on subgroup links 'Beloved Home', 'Food', 'Clothes' \n    and thereby open corresponding web pages in the same tab",
      "time" : {
        "start" : 1740704734181,
        "stop" : 1740704754225,
        "duration" : 20044
      },
      "status" : "broken",
      "statusMessage" : "selenium.common.exceptions.TimeoutException: Message: Can't find element by locator ('xpath', '(//div[contains(@class, \"series-page\")]//a)[2]')\nStacktrace:\n#0 0x562519e47bea <unknown>\n#1 0x5625198e57d0 <unknown>\n#2 0x562519936cc0 <unknown>\n#3 0x562519936e41 <unknown>\n#4 0x562519985984 <unknown>\n#5 0x56251995cabd <unknown>\n#6 0x562519982d0c <unknown>\n#7 0x56251995c863 <unknown>\n#8 0x562519928ac8 <unknown>\n#9 0x562519929c31 <unknown>\n#10 0x562519e1118b <unknown>\n#11 0x562519e15112 <unknown>\n#12 0x562519dfe04c <unknown>\n#13 0x562519e15d04 <unknown>\n#14 0x562519de24bf <unknown>\n#15 0x562519e36528 <unknown>\n#16 0x562519e366f9 <unknown>\n#17 0x562519e46a66 <unknown>\n#18 0x7f21c4e9caa4 <unknown>\n#19 0x7f21c4f29c3c <unknown>\n\n",
      "statusTrace" : "  File \"/opt/hostedtoolcache/Python/3.12.9/x64/lib/python3.12/site-packages/allure_commons/_allure.py\", line 192, in impl\n    return func(*a, **kw)\n           ^^^^^^^^^^^^^^\n  File \"/home/runner/work/auto-tests-python/auto-tests-python/pages/exercises_ru_words_page.py\", line 258, in click_on_subgroup_link_beloved_home_food_clothes\n    self.element_is_present_and_clickable(self.locators.PAGE_LIST3_2).click()\n    ^^^^^^^^^^^^^^^^^^^^^^^^^^^^^^^^^^^^^^^^^^^^^^^^^^^^^^^^^^^^^^^^^\n  File \"/home/runner/work/auto-tests-python/auto-tests-python/pages/base_page.py\", line 40, in element_is_present_and_clickable\n    return (Wait(self.driver, self.timeout).until(\n            ^^^^^^^^^^^^^^^^^^^^^^^^^^^^^^^^^^^^^^\n  File \"/opt/hostedtoolcache/Python/3.12.9/x64/lib/python3.12/site-packages/selenium/webdriver/support/wait.py\", line 95, in until\n    raise TimeoutException(message, screen, stacktrace)\n",
      "steps" : [ ],
      "attachments" : [ ],
      "parameters" : [ ],
      "stepsCount" : 0,
      "attachmentsCount" : 0,
      "shouldDisplayMessage" : true,
      "hasContent" : true
    } ],
    "attachments" : [ {
      "uid" : "ac77fb7dd938e832",
      "name" : "Screenshot 2025-02-28 01:05:54.334195",
      "source" : "ac77fb7dd938e832.png",
      "type" : "image/png",
      "size" : 129307
    } ],
    "parameters" : [ ],
    "stepsCount" : 2,
    "attachmentsCount" : 1,
    "shouldDisplayMessage" : true,
    "hasContent" : true
  },
  "afterStages" : [ {
    "name" : "driver::0",
    "time" : {
      "start" : 1740704754336,
      "stop" : 1740704754412,
      "duration" : 76
    },
    "status" : "passed",
    "steps" : [ ],
    "attachments" : [ ],
    "parameters" : [ ],
    "stepsCount" : 0,
    "attachmentsCount" : 0,
    "shouldDisplayMessage" : false,
    "hasContent" : false
  } ],
  "labels" : [ {
    "name" : "epic",
    "value" : "The Exercises 'Words' Page on the 'ru' local"
  }, {
    "name" : "parentSuite",
    "value" : "tests"
  }, {
    "name" : "suite",
    "value" : "exercises_ru_words_page_test"
  }, {
    "name" : "subSuite",
    "value" : "TestExercisesRuWordsPage"
  }, {
    "name" : "host",
    "value" : "fv-az1691-282"
  }, {
    "name" : "thread",
    "value" : "2404-MainThread"
  }, {
    "name" : "framework",
    "value" : "pytest"
  }, {
    "name" : "language",
    "value" : "cpython3"
  }, {
    "name" : "package",
    "value" : "tests.exercises_ru_words_page_test"
  }, {
    "name" : "resultFormat",
    "value" : "allure2"
  } ],
  "parameters" : [ ],
  "links" : [ ],
  "hidden" : false,
  "retry" : false,
  "extra" : {
    "severity" : "normal",
    "retries" : [ ],
    "categories" : [ {
      "name" : "Test defects",
      "matchedStatuses" : [ ],
      "flaky" : false
    } ],
    "history" : {
      "statistic" : {
        "failed" : 0,
        "broken" : 2,
        "skipped" : 0,
        "passed" : 3,
        "unknown" : 0,
        "total" : 5
      },
      "items" : [ {
        "uid" : "202730201b25c5",
        "reportUrl" : "https://Brain-up.github.io/auto-tests-python/493//#testresult/202730201b25c5",
        "status" : "broken",
        "statusDetails" : "selenium.common.exceptions.TimeoutException: Message: Can't find element by locator ('xpath', '(//div[contains(@class, \"series-page\")]//a)[3]')\nStacktrace:\n#0 0x5636cd292bea <unknown>\n#1 0x5636ccd307d0 <unknown>\n#2 0x5636ccd81cc0 <unknown>\n#3 0x5636ccd81e41 <unknown>\n#4 0x5636ccdd0984 <unknown>\n#5 0x5636ccda7abd <unknown>\n#6 0x5636ccdcdd0c <unknown>\n#7 0x5636ccda7863 <unknown>\n#8 0x5636ccd73ac8 <unknown>\n#9 0x5636ccd74c31 <unknown>\n#10 0x5636cd25c18b <unknown>\n#11 0x5636cd260112 <unknown>\n#12 0x5636cd24904c <unknown>\n#13 0x5636cd260d04 <unknown>\n#14 0x5636cd22d4bf <unknown>\n#15 0x5636cd281528 <unknown>\n#16 0x5636cd2816f9 <unknown>\n#17 0x5636cd291a66 <unknown>\n#18 0x7f568589caa4 <unknown>\n#19 0x7f5685929c3c <unknown>",
        "time" : {
          "start" : 1740687199945,
          "stop" : 1740687223747,
          "duration" : 23802
        }
      }, {
        "uid" : "4e9cc53a8c859d44",
        "reportUrl" : "https://Brain-up.github.io/auto-tests-python/492//#testresult/4e9cc53a8c859d44",
        "status" : "passed",
        "time" : {
          "start" : 1740686990353,
          "stop" : 1740686998503,
          "duration" : 8150
        }
      }, {
        "uid" : "9f652c430ba2c68a",
        "reportUrl" : "https://Brain-up.github.io/auto-tests-python/288//#testresult/9f652c430ba2c68a",
        "status" : "passed",
        "time" : {
          "start" : 1740618264184,
          "stop" : 1740618272346,
          "duration" : 8162
        }
      }, {
        "uid" : "c6723531d2a031a0",
        "reportUrl" : "https://Brain-up.github.io/auto-tests-python/491//#testresult/c6723531d2a031a0",
        "status" : "passed",
        "time" : {
          "start" : 1740565474793,
          "stop" : 1740565483052,
          "duration" : 8259
        }
      } ]
    },
    "tags" : [ ]
  },
  "source" : "72b5da3062642f05.json",
  "parameterValues" : [ ]
}