{
  "uid" : "6b357c3c170aec21",
  "name" : "Check progres-bar and buttons.",
  "fullName" : "tests.test_speech_exercises_en.TestCardsEN#test_progress_bar_is_present_en",
  "historyId" : "efb827312bdd34b296637645e49b0897",
  "time" : {
    "start" : 1740273883129,
    "stop" : 1740273903781,
    "duration" : 20652
  },
  "status" : "skipped",
  "statusMessage" : "XFAIL\n\nselenium.common.exceptions.TimeoutException: Message: Can't find element by locator ('xpath', '//button[@data-test-active-link=\"Words\"]')\nStacktrace:\n#0 0x56533cf3509a <unknown>\n#1 0x56533c9fc8b0 <unknown>\n#2 0x56533ca4db99 <unknown>\n#3 0x56533ca4dd21 <unknown>\n#4 0x56533ca9c854 <unknown>\n#5 0x56533ca739ad <unknown>\n#6 0x56533ca99b8b <unknown>\n#7 0x56533ca73753 <unknown>\n#8 0x56533ca3f38e <unknown>\n#9 0x56533ca40b51 <unknown>\n#10 0x56533cefe76b <unknown>\n#11 0x56533cf026f2 <unknown>\n#12 0x56533ceea8fc <unknown>\n#13 0x56533cf032e4 <unknown>\n#14 0x56533cece9cf <unknown>\n#15 0x56533cf23cd8 <unknown>\n#16 0x56533cf23eb6 <unknown>\n#17 0x56533cf33f16 <unknown>\n#18 0x7f2d09c9caa4 <unknown>\n#19 0x7f2d09d29c3c <unknown>",
  "statusTrace" : "self = <tests.test_speech_exercises_en.TestCardsEN object at 0x7fedc99981a0>\ndriver = <selenium.webdriver.chrome.webdriver.WebDriver (session=\"f3ae27599689e77acb41884fe5ef589a\")>\nspecialist_user_authorized = None\n\n    @pytest.mark.xfail\n    @allure.suite(\"Speech exercises EN.\")\n    @allure.title('Check progres-bar and buttons.')\n    def test_progress_bar_is_present_en(self, driver, specialist_user_authorized):\n        page = SpeechExercisesPage(driver)\n>       page.select_group(SpeechExercisesPageLocators.WORDS_BUTTON_EN)\n\ntests/test_speech_exercises_en.py:34: \n_ _ _ _ _ _ _ _ _ _ _ _ _ _ _ _ _ _ _ _ _ _ _ _ _ _ _ _ _ _ _ _ _ _ _ _ _ _ _ _ \npages/speech_exercises_page_en.py:18: in select_group\n    text_of_the_button = self.element_is_present_and_clickable(selector_for_sub_group)\npages/base_page.py:40: in element_is_present_and_clickable\n    return (Wait(self.driver, self.timeout).until(\n_ _ _ _ _ _ _ _ _ _ _ _ _ _ _ _ _ _ _ _ _ _ _ _ _ _ _ _ _ _ _ _ _ _ _ _ _ _ _ _ \n\nself = <selenium.webdriver.support.wait.WebDriverWait (session=\"f3ae27599689e77acb41884fe5ef589a\")>\nmethod = <function visibility_of_element_located.<locals>._predicate at 0x7fedc993c040>\nmessage = 'Can\\'t find element by locator (\\'xpath\\', \\'//button[@data-test-active-link=\"Words\"]\\')'\n\n    def until(self, method, message: str = \"\"):\n        \"\"\"Calls the method provided with the driver as an argument until the \\\n        return value does not evaluate to ``False``.\n    \n        :param method: callable(WebDriver)\n        :param message: optional message for :exc:`TimeoutException`\n        :returns: the result of the last call to `method`\n        :raises: :exc:`selenium.common.exceptions.TimeoutException` if timeout occurs\n        \"\"\"\n        screen = None\n        stacktrace = None\n    \n        end_time = time.monotonic() + self._timeout\n        while True:\n            try:\n                value = method(self._driver)\n                if value:\n                    return value\n            except self._ignored_exceptions as exc:\n                screen = getattr(exc, \"screen\", None)\n                stacktrace = getattr(exc, \"stacktrace\", None)\n            time.sleep(self._poll)\n            if time.monotonic() > end_time:\n                break\n>       raise TimeoutException(message, screen, stacktrace)\nE       selenium.common.exceptions.TimeoutException: Message: Can't find element by locator ('xpath', '//button[@data-test-active-link=\"Words\"]')\nE       Stacktrace:\nE       #0 0x56533cf3509a <unknown>\nE       #1 0x56533c9fc8b0 <unknown>\nE       #2 0x56533ca4db99 <unknown>\nE       #3 0x56533ca4dd21 <unknown>\nE       #4 0x56533ca9c854 <unknown>\nE       #5 0x56533ca739ad <unknown>\nE       #6 0x56533ca99b8b <unknown>\nE       #7 0x56533ca73753 <unknown>\nE       #8 0x56533ca3f38e <unknown>\nE       #9 0x56533ca40b51 <unknown>\nE       #10 0x56533cefe76b <unknown>\nE       #11 0x56533cf026f2 <unknown>\nE       #12 0x56533ceea8fc <unknown>\nE       #13 0x56533cf032e4 <unknown>\nE       #14 0x56533cece9cf <unknown>\nE       #15 0x56533cf23cd8 <unknown>\nE       #16 0x56533cf23eb6 <unknown>\nE       #17 0x56533cf33f16 <unknown>\nE       #18 0x7f2d09c9caa4 <unknown>\nE       #19 0x7f2d09d29c3c <unknown>\n\n/opt/hostedtoolcache/Python/3.12.9/x64/lib/python3.12/site-packages/selenium/webdriver/support/wait.py:95: TimeoutException",
  "flaky" : false,
  "newFailed" : false,
  "beforeStages" : [ {
    "name" : "main_page_open",
    "time" : {
      "start" : 1740273875845,
      "stop" : 1740273879722,
      "duration" : 3877
    },
    "status" : "passed",
    "steps" : [ {
      "name" : "Open page: https://www.brainup.site/",
      "time" : {
        "start" : 1740273875845,
        "stop" : 1740273879722,
        "duration" : 3877
      },
      "status" : "passed",
      "steps" : [ ],
      "attachments" : [ ],
      "parameters" : [ {
        "name" : "driver",
        "value" : "<selenium.webdriver.chrome.webdriver.WebDriver (session=\"f3ae27599689e77acb41884fe5ef589a\")>"
      } ],
      "stepsCount" : 0,
      "attachmentsCount" : 0,
      "shouldDisplayMessage" : false,
      "hasContent" : true
    } ],
    "attachments" : [ ],
    "parameters" : [ ],
    "stepsCount" : 1,
    "attachmentsCount" : 0,
    "shouldDisplayMessage" : false,
    "hasContent" : true
  }, {
    "name" : "driver",
    "time" : {
      "start" : 1740273875016,
      "stop" : 1740273875845,
      "duration" : 829
    },
    "status" : "passed",
    "steps" : [ ],
    "attachments" : [ ],
    "parameters" : [ ],
    "stepsCount" : 0,
    "attachmentsCount" : 0,
    "shouldDisplayMessage" : false,
    "hasContent" : false
  }, {
    "name" : "clear_allure_results_folder",
    "time" : {
      "start" : 1740272458208,
      "stop" : 1740272458208,
      "duration" : 0
    },
    "status" : "passed",
    "steps" : [ ],
    "attachments" : [ ],
    "parameters" : [ ],
    "stepsCount" : 0,
    "attachmentsCount" : 0,
    "shouldDisplayMessage" : false,
    "hasContent" : false
  }, {
    "name" : "specialist_user_authorized",
    "time" : {
      "start" : 1740273879722,
      "stop" : 1740273883129,
      "duration" : 3407
    },
    "status" : "passed",
    "steps" : [ {
      "name" : "USER specialist authorized",
      "time" : {
        "start" : 1740273879722,
        "stop" : 1740273883129,
        "duration" : 3407
      },
      "status" : "passed",
      "steps" : [ {
        "name" : "Check url is present: https://www.brainup.site/groups",
        "time" : {
          "start" : 1740273880082,
          "stop" : 1740273883106,
          "duration" : 3024
        },
        "status" : "passed",
        "steps" : [ ],
        "attachments" : [ ],
        "parameters" : [ ],
        "stepsCount" : 0,
        "attachmentsCount" : 0,
        "shouldDisplayMessage" : false,
        "hasContent" : false
      }, {
        "name" : "Loader checking",
        "time" : {
          "start" : 1740273883107,
          "stop" : 1740273883129,
          "duration" : 22
        },
        "status" : "passed",
        "steps" : [ ],
        "attachments" : [ ],
        "parameters" : [ ],
        "stepsCount" : 0,
        "attachmentsCount" : 0,
        "shouldDisplayMessage" : false,
        "hasContent" : false
      } ],
      "attachments" : [ ],
      "parameters" : [ {
        "name" : "driver",
        "value" : "<selenium.webdriver.chrome.webdriver.WebDriver (session=\"f3ae27599689e77acb41884fe5ef589a\")>"
      }, {
        "name" : "main_page_open",
        "value" : "None"
      } ],
      "stepsCount" : 2,
      "attachmentsCount" : 0,
      "shouldDisplayMessage" : false,
      "hasContent" : true
    } ],
    "attachments" : [ ],
    "parameters" : [ ],
    "stepsCount" : 3,
    "attachmentsCount" : 0,
    "shouldDisplayMessage" : false,
    "hasContent" : true
  } ],
  "testStage" : {
    "status" : "skipped",
    "statusMessage" : "XFAIL\n\nselenium.common.exceptions.TimeoutException: Message: Can't find element by locator ('xpath', '//button[@data-test-active-link=\"Words\"]')\nStacktrace:\n#0 0x56533cf3509a <unknown>\n#1 0x56533c9fc8b0 <unknown>\n#2 0x56533ca4db99 <unknown>\n#3 0x56533ca4dd21 <unknown>\n#4 0x56533ca9c854 <unknown>\n#5 0x56533ca739ad <unknown>\n#6 0x56533ca99b8b <unknown>\n#7 0x56533ca73753 <unknown>\n#8 0x56533ca3f38e <unknown>\n#9 0x56533ca40b51 <unknown>\n#10 0x56533cefe76b <unknown>\n#11 0x56533cf026f2 <unknown>\n#12 0x56533ceea8fc <unknown>\n#13 0x56533cf032e4 <unknown>\n#14 0x56533cece9cf <unknown>\n#15 0x56533cf23cd8 <unknown>\n#16 0x56533cf23eb6 <unknown>\n#17 0x56533cf33f16 <unknown>\n#18 0x7f2d09c9caa4 <unknown>\n#19 0x7f2d09d29c3c <unknown>",
    "statusTrace" : "self = <tests.test_speech_exercises_en.TestCardsEN object at 0x7fedc99981a0>\ndriver = <selenium.webdriver.chrome.webdriver.WebDriver (session=\"f3ae27599689e77acb41884fe5ef589a\")>\nspecialist_user_authorized = None\n\n    @pytest.mark.xfail\n    @allure.suite(\"Speech exercises EN.\")\n    @allure.title('Check progres-bar and buttons.')\n    def test_progress_bar_is_present_en(self, driver, specialist_user_authorized):\n        page = SpeechExercisesPage(driver)\n>       page.select_group(SpeechExercisesPageLocators.WORDS_BUTTON_EN)\n\ntests/test_speech_exercises_en.py:34: \n_ _ _ _ _ _ _ _ _ _ _ _ _ _ _ _ _ _ _ _ _ _ _ _ _ _ _ _ _ _ _ _ _ _ _ _ _ _ _ _ \npages/speech_exercises_page_en.py:18: in select_group\n    text_of_the_button = self.element_is_present_and_clickable(selector_for_sub_group)\npages/base_page.py:40: in element_is_present_and_clickable\n    return (Wait(self.driver, self.timeout).until(\n_ _ _ _ _ _ _ _ _ _ _ _ _ _ _ _ _ _ _ _ _ _ _ _ _ _ _ _ _ _ _ _ _ _ _ _ _ _ _ _ \n\nself = <selenium.webdriver.support.wait.WebDriverWait (session=\"f3ae27599689e77acb41884fe5ef589a\")>\nmethod = <function visibility_of_element_located.<locals>._predicate at 0x7fedc993c040>\nmessage = 'Can\\'t find element by locator (\\'xpath\\', \\'//button[@data-test-active-link=\"Words\"]\\')'\n\n    def until(self, method, message: str = \"\"):\n        \"\"\"Calls the method provided with the driver as an argument until the \\\n        return value does not evaluate to ``False``.\n    \n        :param method: callable(WebDriver)\n        :param message: optional message for :exc:`TimeoutException`\n        :returns: the result of the last call to `method`\n        :raises: :exc:`selenium.common.exceptions.TimeoutException` if timeout occurs\n        \"\"\"\n        screen = None\n        stacktrace = None\n    \n        end_time = time.monotonic() + self._timeout\n        while True:\n            try:\n                value = method(self._driver)\n                if value:\n                    return value\n            except self._ignored_exceptions as exc:\n                screen = getattr(exc, \"screen\", None)\n                stacktrace = getattr(exc, \"stacktrace\", None)\n            time.sleep(self._poll)\n            if time.monotonic() > end_time:\n                break\n>       raise TimeoutException(message, screen, stacktrace)\nE       selenium.common.exceptions.TimeoutException: Message: Can't find element by locator ('xpath', '//button[@data-test-active-link=\"Words\"]')\nE       Stacktrace:\nE       #0 0x56533cf3509a <unknown>\nE       #1 0x56533c9fc8b0 <unknown>\nE       #2 0x56533ca4db99 <unknown>\nE       #3 0x56533ca4dd21 <unknown>\nE       #4 0x56533ca9c854 <unknown>\nE       #5 0x56533ca739ad <unknown>\nE       #6 0x56533ca99b8b <unknown>\nE       #7 0x56533ca73753 <unknown>\nE       #8 0x56533ca3f38e <unknown>\nE       #9 0x56533ca40b51 <unknown>\nE       #10 0x56533cefe76b <unknown>\nE       #11 0x56533cf026f2 <unknown>\nE       #12 0x56533ceea8fc <unknown>\nE       #13 0x56533cf032e4 <unknown>\nE       #14 0x56533cece9cf <unknown>\nE       #15 0x56533cf23cd8 <unknown>\nE       #16 0x56533cf23eb6 <unknown>\nE       #17 0x56533cf33f16 <unknown>\nE       #18 0x7f2d09c9caa4 <unknown>\nE       #19 0x7f2d09d29c3c <unknown>\n\n/opt/hostedtoolcache/Python/3.12.9/x64/lib/python3.12/site-packages/selenium/webdriver/support/wait.py:95: TimeoutException",
    "steps" : [ {
      "name" : "select_group",
      "time" : {
        "start" : 1740273883129,
        "stop" : 1740273903780,
        "duration" : 20651
      },
      "status" : "broken",
      "statusMessage" : "selenium.common.exceptions.TimeoutException: Message: Can't find element by locator ('xpath', '//button[@data-test-active-link=\"Words\"]')\nStacktrace:\n#0 0x56533cf3509a <unknown>\n#1 0x56533c9fc8b0 <unknown>\n#2 0x56533ca4db99 <unknown>\n#3 0x56533ca4dd21 <unknown>\n#4 0x56533ca9c854 <unknown>\n#5 0x56533ca739ad <unknown>\n#6 0x56533ca99b8b <unknown>\n#7 0x56533ca73753 <unknown>\n#8 0x56533ca3f38e <unknown>\n#9 0x56533ca40b51 <unknown>\n#10 0x56533cefe76b <unknown>\n#11 0x56533cf026f2 <unknown>\n#12 0x56533ceea8fc <unknown>\n#13 0x56533cf032e4 <unknown>\n#14 0x56533cece9cf <unknown>\n#15 0x56533cf23cd8 <unknown>\n#16 0x56533cf23eb6 <unknown>\n#17 0x56533cf33f16 <unknown>\n#18 0x7f2d09c9caa4 <unknown>\n#19 0x7f2d09d29c3c <unknown>\n\n",
      "statusTrace" : "  File \"/opt/hostedtoolcache/Python/3.12.9/x64/lib/python3.12/site-packages/allure_commons/_allure.py\", line 192, in impl\n    return func(*a, **kw)\n           ^^^^^^^^^^^^^^\n  File \"/home/runner/work/auto-tests-python/auto-tests-python/pages/speech_exercises_page_en.py\", line 18, in select_group\n    text_of_the_button = self.element_is_present_and_clickable(selector_for_sub_group)\n                         ^^^^^^^^^^^^^^^^^^^^^^^^^^^^^^^^^^^^^^^^^^^^^^^^^^^^^^^^^^^^^\n  File \"/home/runner/work/auto-tests-python/auto-tests-python/pages/base_page.py\", line 40, in element_is_present_and_clickable\n    return (Wait(self.driver, self.timeout).until(\n            ^^^^^^^^^^^^^^^^^^^^^^^^^^^^^^^^^^^^^^\n  File \"/opt/hostedtoolcache/Python/3.12.9/x64/lib/python3.12/site-packages/selenium/webdriver/support/wait.py\", line 95, in until\n    raise TimeoutException(message, screen, stacktrace)\n",
      "steps" : [ {
        "name" : "Select Russian language. Click \"EN\" button.",
        "time" : {
          "start" : 1740273883130,
          "stop" : 1740273883201,
          "duration" : 71
        },
        "status" : "passed",
        "steps" : [ ],
        "attachments" : [ ],
        "parameters" : [ ],
        "stepsCount" : 0,
        "attachmentsCount" : 0,
        "shouldDisplayMessage" : false,
        "hasContent" : false
      }, {
        "name" : "Click button \"SPEECH EXERCISES\".",
        "time" : {
          "start" : 1740273883201,
          "stop" : 1740273883274,
          "duration" : 73
        },
        "status" : "passed",
        "steps" : [ ],
        "attachments" : [ ],
        "parameters" : [ ],
        "stepsCount" : 0,
        "attachmentsCount" : 0,
        "shouldDisplayMessage" : false,
        "hasContent" : false
      } ],
      "attachments" : [ ],
      "parameters" : [ {
        "name" : "selector_for_sub_group",
        "value" : "('xpath', '//button[@data-test-active-link=\"Words\"]')"
      } ],
      "stepsCount" : 2,
      "attachmentsCount" : 0,
      "shouldDisplayMessage" : true,
      "hasContent" : true
    } ],
    "attachments" : [ ],
    "parameters" : [ ],
    "stepsCount" : 3,
    "attachmentsCount" : 0,
    "shouldDisplayMessage" : true,
    "hasContent" : true
  },
  "afterStages" : [ {
    "name" : "driver::0",
    "time" : {
      "start" : 1740273903790,
      "stop" : 1740273903858,
      "duration" : 68
    },
    "status" : "passed",
    "steps" : [ ],
    "attachments" : [ ],
    "parameters" : [ ],
    "stepsCount" : 0,
    "attachmentsCount" : 0,
    "shouldDisplayMessage" : false,
    "hasContent" : false
  } ],
  "labels" : [ {
    "name" : "suite",
    "value" : "Speech exercises EN."
  }, {
    "name" : "epic",
    "value" : "Speech exercises."
  }, {
    "name" : "tag",
    "value" : "@pytest.mark.xfail"
  }, {
    "name" : "parentSuite",
    "value" : "tests"
  }, {
    "name" : "subSuite",
    "value" : "TestCardsEN"
  }, {
    "name" : "host",
    "value" : "fv-az1774-299"
  }, {
    "name" : "thread",
    "value" : "2413-MainThread"
  }, {
    "name" : "framework",
    "value" : "pytest"
  }, {
    "name" : "language",
    "value" : "cpython3"
  }, {
    "name" : "package",
    "value" : "tests.test_speech_exercises_en"
  }, {
    "name" : "resultFormat",
    "value" : "allure2"
  } ],
  "parameters" : [ ],
  "links" : [ ],
  "hidden" : false,
  "retry" : false,
  "extra" : {
    "severity" : "normal",
    "retries" : [ ],
    "categories" : [ ],
    "history" : {
      "statistic" : {
        "failed" : 0,
        "broken" : 0,
        "skipped" : 198,
        "passed" : 0,
        "unknown" : 0,
        "total" : 198
      },
      "items" : [ {
        "uid" : "c79e1dcdd7758a0",
        "reportUrl" : "https://Brain-up.github.io/auto-tests-python/487//#testresult/c79e1dcdd7758a0",
        "status" : "skipped",
        "statusDetails" : "XFAIL\n\nselenium.common.exceptions.TimeoutException: Message: Can't find element by locator ('xpath', '//button[@data-test-active-link=\"Words\"]')\nStacktrace:\n#0 0x560e5935909a <unknown>\n#1 0x560e58e208b0 <unknown>\n#2 0x560e58e71b99 <unknown>\n#3 0x560e58e71d21 <unknown>\n#4 0x560e58ec0854 <unknown>\n#5 0x560e58e979ad <unknown>\n#6 0x560e58ebdb8b <unknown>\n#7 0x560e58e97753 <unknown>\n#8 0x560e58e6338e <unknown>\n#9 0x560e58e64b51 <unknown>\n#10 0x560e5932276b <unknown>\n#11 0x560e593266f2 <unknown>\n#12 0x560e5930e8fc <unknown>\n#13 0x560e593272e4 <unknown>\n#14 0x560e592f29cf <unknown>\n#15 0x560e59347cd8 <unknown>\n#16 0x560e59347eb6 <unknown>\n#17 0x560e59357f16 <unknown>\n#18 0x7f003049caa4 <unknown>\n#19 0x7f0030529c3c <unknown>",
        "time" : {
          "start" : 1740213286773,
          "stop" : 1740213306989,
          "duration" : 20216
        }
      }, {
        "uid" : "d61a0136f3b82a7c",
        "reportUrl" : "https://Brain-up.github.io/auto-tests-python/283//#testresult/d61a0136f3b82a7c",
        "status" : "skipped",
        "statusDetails" : "XFAIL\n\nselenium.common.exceptions.TimeoutException: Message: Can't find element by locator ('xpath', '//button[@data-test-active-link=\"Words\"]')\nStacktrace:\n#0 0x55aa0f28f09a <unknown>\n#1 0x55aa0ed568b0 <unknown>\n#2 0x55aa0eda7b99 <unknown>\n#3 0x55aa0eda7d21 <unknown>\n#4 0x55aa0edf6854 <unknown>\n#5 0x55aa0edcd9ad <unknown>\n#6 0x55aa0edf3b8b <unknown>\n#7 0x55aa0edcd753 <unknown>\n#8 0x55aa0ed9938e <unknown>\n#9 0x55aa0ed9ab51 <unknown>\n#10 0x55aa0f25876b <unknown>\n#11 0x55aa0f25c6f2 <unknown>\n#12 0x55aa0f2448fc <unknown>\n#13 0x55aa0f25d2e4 <unknown>\n#14 0x55aa0f2289cf <unknown>\n#15 0x55aa0f27dcd8 <unknown>\n#16 0x55aa0f27deb6 <unknown>\n#17 0x55aa0f28df16 <unknown>\n#18 0x7f95d309caa4 <unknown>\n#19 0x7f95d3129c3c <unknown>",
        "time" : {
          "start" : 1740186873195,
          "stop" : 1740186893850,
          "duration" : 20655
        }
      }, {
        "uid" : "31431848fb713ff2",
        "reportUrl" : "https://Brain-up.github.io/auto-tests-python/486//#testresult/31431848fb713ff2",
        "status" : "skipped",
        "statusDetails" : "XFAIL\n\nselenium.common.exceptions.TimeoutException: Message: Can't find element by locator ('xpath', '//button[@data-test-active-link=\"Words\"]')\nStacktrace:\n#0 0x55c8fb85909a <unknown>\n#1 0x55c8fb3208b0 <unknown>\n#2 0x55c8fb371b99 <unknown>\n#3 0x55c8fb371d21 <unknown>\n#4 0x55c8fb3c0854 <unknown>\n#5 0x55c8fb3979ad <unknown>\n#6 0x55c8fb3bdb8b <unknown>\n#7 0x55c8fb397753 <unknown>\n#8 0x55c8fb36338e <unknown>\n#9 0x55c8fb364b51 <unknown>\n#10 0x55c8fb82276b <unknown>\n#11 0x55c8fb8266f2 <unknown>\n#12 0x55c8fb80e8fc <unknown>\n#13 0x55c8fb8272e4 <unknown>\n#14 0x55c8fb7f29cf <unknown>\n#15 0x55c8fb847cd8 <unknown>\n#16 0x55c8fb847eb6 <unknown>\n#17 0x55c8fb857f16 <unknown>\n#18 0x7fd743e9caa4 <unknown>\n#19 0x7fd743f29c3c <unknown>",
        "time" : {
          "start" : 1740170437411,
          "stop" : 1740170458062,
          "duration" : 20651
        }
      }, {
        "uid" : "6b09c331c03f2511",
        "reportUrl" : "https://Brain-up.github.io/auto-tests-python/282//#testresult/6b09c331c03f2511",
        "status" : "skipped",
        "statusDetails" : "XFAIL\n\nselenium.common.exceptions.TimeoutException: Message: Can't find element by locator ('xpath', '//button[@data-test-active-link=\"Words\"]')\nStacktrace:\n#0 0x5573003c409a <unknown>\n#1 0x5572ffe8b8b0 <unknown>\n#2 0x5572ffedcb99 <unknown>\n#3 0x5572ffedcd21 <unknown>\n#4 0x5572fff2b854 <unknown>\n#5 0x5572fff029ad <unknown>\n#6 0x5572fff28b8b <unknown>\n#7 0x5572fff02753 <unknown>\n#8 0x5572ffece38e <unknown>\n#9 0x5572ffecfb51 <unknown>\n#10 0x55730038d76b <unknown>\n#11 0x5573003916f2 <unknown>\n#12 0x5573003798fc <unknown>\n#13 0x5573003922e4 <unknown>\n#14 0x55730035d9cf <unknown>\n#15 0x5573003b2cd8 <unknown>\n#16 0x5573003b2eb6 <unknown>\n#17 0x5573003c2f16 <unknown>\n#18 0x7f6a5909caa4 <unknown>\n#19 0x7f6a59129c3c <unknown>",
        "time" : {
          "start" : 1740100516122,
          "stop" : 1740100536320,
          "duration" : 20198
        }
      }, {
        "uid" : "b3f02819c7293c3e",
        "reportUrl" : "https://Brain-up.github.io/auto-tests-python/485//#testresult/b3f02819c7293c3e",
        "status" : "skipped",
        "statusDetails" : "XFAIL\n\nselenium.common.exceptions.TimeoutException: Message: Can't find element by locator ('xpath', '//button[@data-test-active-link=\"Words\"]')\nStacktrace:\n#0 0x5559a67b509a <unknown>\n#1 0x5559a627c8b0 <unknown>\n#2 0x5559a62cdb99 <unknown>\n#3 0x5559a62cdd21 <unknown>\n#4 0x5559a631c854 <unknown>\n#5 0x5559a62f39ad <unknown>\n#6 0x5559a6319b8b <unknown>\n#7 0x5559a62f3753 <unknown>\n#8 0x5559a62bf38e <unknown>\n#9 0x5559a62c0b51 <unknown>\n#10 0x5559a677e76b <unknown>\n#11 0x5559a67826f2 <unknown>\n#12 0x5559a676a8fc <unknown>\n#13 0x5559a67832e4 <unknown>\n#14 0x5559a674e9cf <unknown>\n#15 0x5559a67a3cd8 <unknown>\n#16 0x5559a67a3eb6 <unknown>\n#17 0x5559a67b3f16 <unknown>\n#18 0x7f3f9209caa4 <unknown>\n#19 0x7f3f92129c3c <unknown>",
        "time" : {
          "start" : 1740040359537,
          "stop" : 1740040379748,
          "duration" : 20211
        }
      }, {
        "uid" : "4f61807b2a0ca720",
        "reportUrl" : "https://Brain-up.github.io/auto-tests-python/281//#testresult/4f61807b2a0ca720",
        "status" : "skipped",
        "statusDetails" : "XFAIL\n\nselenium.common.exceptions.TimeoutException: Message: Can't find element by locator ('xpath', '//button[@data-test-active-link=\"Words\"]')\nStacktrace:\n#0 0x56274569a09a <unknown>\n#1 0x5627451618b0 <unknown>\n#2 0x5627451b2b99 <unknown>\n#3 0x5627451b2d21 <unknown>\n#4 0x562745201854 <unknown>\n#5 0x5627451d89ad <unknown>\n#6 0x5627451feb8b <unknown>\n#7 0x5627451d8753 <unknown>\n#8 0x5627451a438e <unknown>\n#9 0x5627451a5b51 <unknown>\n#10 0x56274566376b <unknown>\n#11 0x5627456676f2 <unknown>\n#12 0x56274564f8fc <unknown>\n#13 0x5627456682e4 <unknown>\n#14 0x5627456339cf <unknown>\n#15 0x562745688cd8 <unknown>\n#16 0x562745688eb6 <unknown>\n#17 0x562745698f16 <unknown>\n#18 0x7fa9ee49caa4 <unknown>\n#19 0x7fa9ee529c3c <unknown>",
        "time" : {
          "start" : 1740014168323,
          "stop" : 1740014188985,
          "duration" : 20662
        }
      }, {
        "uid" : "204e66e94cd1979e",
        "reportUrl" : "https://Brain-up.github.io/auto-tests-python/484//#testresult/204e66e94cd1979e",
        "status" : "skipped",
        "statusDetails" : "XFAIL\n\nselenium.common.exceptions.TimeoutException: Message: Can't find element by locator ('xpath', '//button[@data-test-active-link=\"Words\"]')\nStacktrace:\n#0 0x55dcac9d809a <unknown>\n#1 0x55dcac49f8b0 <unknown>\n#2 0x55dcac4f0b99 <unknown>\n#3 0x55dcac4f0d21 <unknown>\n#4 0x55dcac53f854 <unknown>\n#5 0x55dcac5169ad <unknown>\n#6 0x55dcac53cb8b <unknown>\n#7 0x55dcac516753 <unknown>\n#8 0x55dcac4e238e <unknown>\n#9 0x55dcac4e3b51 <unknown>\n#10 0x55dcac9a176b <unknown>\n#11 0x55dcac9a56f2 <unknown>\n#12 0x55dcac98d8fc <unknown>\n#13 0x55dcac9a62e4 <unknown>\n#14 0x55dcac9719cf <unknown>\n#15 0x55dcac9c6cd8 <unknown>\n#16 0x55dcac9c6eb6 <unknown>\n#17 0x55dcac9d6f16 <unknown>\n#18 0x7f4f7929caa4 <unknown>\n#19 0x7f4f79329c3c <unknown>",
        "time" : {
          "start" : 1739997300477,
          "stop" : 1739997320811,
          "duration" : 20334
        }
      }, {
        "uid" : "261ff3675cd53b62",
        "reportUrl" : "https://Brain-up.github.io/auto-tests-python/280//#testresult/261ff3675cd53b62",
        "status" : "skipped",
        "statusDetails" : "XFAIL\n\nselenium.common.exceptions.TimeoutException: Message: Can't find element by locator ('xpath', '//button[@data-test-active-link=\"Words\"]')\nStacktrace:\n#0 0x564a7251909a <unknown>\n#1 0x564a71fe08b0 <unknown>\n#2 0x564a72031b99 <unknown>\n#3 0x564a72031d21 <unknown>\n#4 0x564a72080854 <unknown>\n#5 0x564a720579ad <unknown>\n#6 0x564a7207db8b <unknown>\n#7 0x564a72057753 <unknown>\n#8 0x564a7202338e <unknown>\n#9 0x564a72024b51 <unknown>\n#10 0x564a724e276b <unknown>\n#11 0x564a724e66f2 <unknown>\n#12 0x564a724ce8fc <unknown>\n#13 0x564a724e72e4 <unknown>\n#14 0x564a724b29cf <unknown>\n#15 0x564a72507cd8 <unknown>\n#16 0x564a72507eb6 <unknown>\n#17 0x564a72517f16 <unknown>\n#18 0x7f2da6c9caa4 <unknown>\n#19 0x7f2da6d29c3c <unknown>",
        "time" : {
          "start" : 1739927961488,
          "stop" : 1739927981668,
          "duration" : 20180
        }
      }, {
        "uid" : "151b243eb82e9d2a",
        "reportUrl" : "https://Brain-up.github.io/auto-tests-python/279//#testresult/151b243eb82e9d2a",
        "status" : "skipped",
        "statusDetails" : "XFAIL\n\nselenium.common.exceptions.TimeoutException: Message: Can't find element by locator ('xpath', '//button[@data-test-active-link=\"Words\"]')\nStacktrace:\n#0 0x56393fce009a <unknown>\n#1 0x56393f7a78b0 <unknown>\n#2 0x56393f7f8b99 <unknown>\n#3 0x56393f7f8d21 <unknown>\n#4 0x56393f847854 <unknown>\n#5 0x56393f81e9ad <unknown>\n#6 0x56393f844b8b <unknown>\n#7 0x56393f81e753 <unknown>\n#8 0x56393f7ea38e <unknown>\n#9 0x56393f7ebb51 <unknown>\n#10 0x56393fca976b <unknown>\n#11 0x56393fcad6f2 <unknown>\n#12 0x56393fc958fc <unknown>\n#13 0x56393fcae2e4 <unknown>\n#14 0x56393fc799cf <unknown>\n#15 0x56393fccecd8 <unknown>\n#16 0x56393fcceeb6 <unknown>\n#17 0x56393fcdef16 <unknown>\n#18 0x7f047ea9caa4 <unknown>\n#19 0x7f047eb29c3c <unknown>",
        "time" : {
          "start" : 1739841298984,
          "stop" : 1739841319163,
          "duration" : 20179
        }
      }, {
        "uid" : "d1582674975e3720",
        "reportUrl" : "https://Brain-up.github.io/auto-tests-python/483//#testresult/d1582674975e3720",
        "status" : "skipped",
        "statusDetails" : "XFAIL\n\nselenium.common.exceptions.TimeoutException: Message: Can't find element by locator ('xpath', '//button[@data-test-active-link=\"Words\"]')\nStacktrace:\n#0 0x55a11c1c409a <unknown>\n#1 0x55a11bc8b8b0 <unknown>\n#2 0x55a11bcdcb99 <unknown>\n#3 0x55a11bcdcd21 <unknown>\n#4 0x55a11bd2b854 <unknown>\n#5 0x55a11bd029ad <unknown>\n#6 0x55a11bd28b8b <unknown>\n#7 0x55a11bd02753 <unknown>\n#8 0x55a11bcce38e <unknown>\n#9 0x55a11bccfb51 <unknown>\n#10 0x55a11c18d76b <unknown>\n#11 0x55a11c1916f2 <unknown>\n#12 0x55a11c1798fc <unknown>\n#13 0x55a11c1922e4 <unknown>\n#14 0x55a11c15d9cf <unknown>\n#15 0x55a11c1b2cd8 <unknown>\n#16 0x55a11c1b2eb6 <unknown>\n#17 0x55a11c1c2f16 <unknown>\n#18 0x7f5a89c9caa4 <unknown>\n#19 0x7f5a89d29c3c <unknown>",
        "time" : {
          "start" : 1739831223032,
          "stop" : 1739831243240,
          "duration" : 20208
        }
      }, {
        "uid" : "d6a73f350862a378",
        "reportUrl" : "https://Brain-up.github.io/auto-tests-python/482//#testresult/d6a73f350862a378",
        "status" : "skipped",
        "statusDetails" : "XFAIL\n\nselenium.common.exceptions.TimeoutException: Message: Can't find element by locator ('xpath', '//button[@data-test-active-link=\"Words\"]')\nStacktrace:\n#0 0x5649fab5a09a <unknown>\n#1 0x5649fa6218b0 <unknown>\n#2 0x5649fa672b99 <unknown>\n#3 0x5649fa672d21 <unknown>\n#4 0x5649fa6c1854 <unknown>\n#5 0x5649fa6989ad <unknown>\n#6 0x5649fa6beb8b <unknown>\n#7 0x5649fa698753 <unknown>\n#8 0x5649fa66438e <unknown>\n#9 0x5649fa665b51 <unknown>\n#10 0x5649fab2376b <unknown>\n#11 0x5649fab276f2 <unknown>\n#12 0x5649fab0f8fc <unknown>\n#13 0x5649fab282e4 <unknown>\n#14 0x5649faaf39cf <unknown>\n#15 0x5649fab48cd8 <unknown>\n#16 0x5649fab48eb6 <unknown>\n#17 0x5649fab58f16 <unknown>\n#18 0x7fe6ba29caa4 <unknown>\n#19 0x7fe6ba329c3c <unknown>",
        "time" : {
          "start" : 1739824899277,
          "stop" : 1739824919429,
          "duration" : 20152
        }
      }, {
        "uid" : "96781b9e2fb95b2c",
        "reportUrl" : "https://Brain-up.github.io/auto-tests-python/278//#testresult/96781b9e2fb95b2c",
        "status" : "skipped",
        "statusDetails" : "XFAIL\n\nselenium.common.exceptions.TimeoutException: Message: Can't find element by locator ('xpath', '//button[@data-test-active-link=\"Words\"]')\nStacktrace:\n#0 0x5641d3c8809a <unknown>\n#1 0x5641d374f8b0 <unknown>\n#2 0x5641d37a0b99 <unknown>\n#3 0x5641d37a0d21 <unknown>\n#4 0x5641d37ef854 <unknown>\n#5 0x5641d37c69ad <unknown>\n#6 0x5641d37ecb8b <unknown>\n#7 0x5641d37c6753 <unknown>\n#8 0x5641d379238e <unknown>\n#9 0x5641d3793b51 <unknown>\n#10 0x5641d3c5176b <unknown>\n#11 0x5641d3c556f2 <unknown>\n#12 0x5641d3c3d8fc <unknown>\n#13 0x5641d3c562e4 <unknown>\n#14 0x5641d3c219cf <unknown>\n#15 0x5641d3c76cd8 <unknown>\n#16 0x5641d3c76eb6 <unknown>\n#17 0x5641d3c86f16 <unknown>\n#18 0x7f5b1049caa4 <unknown>\n#19 0x7f5b10529c3c <unknown>",
        "time" : {
          "start" : 1739755066373,
          "stop" : 1739755086581,
          "duration" : 20208
        }
      }, {
        "uid" : "d735280c16069b52",
        "reportUrl" : "https://Brain-up.github.io/auto-tests-python/277//#testresult/d735280c16069b52",
        "status" : "skipped",
        "statusDetails" : "XFAIL\n\nselenium.common.exceptions.TimeoutException: Message: Can't find element by locator ('xpath', '//button[@data-test-active-link=\"Words\"]')\nStacktrace:\n#0 0x564843cfc09a <unknown>\n#1 0x5648437c38b0 <unknown>\n#2 0x564843814b99 <unknown>\n#3 0x564843814d21 <unknown>\n#4 0x564843863854 <unknown>\n#5 0x56484383a9ad <unknown>\n#6 0x564843860b8b <unknown>\n#7 0x56484383a753 <unknown>\n#8 0x56484380638e <unknown>\n#9 0x564843807b51 <unknown>\n#10 0x564843cc576b <unknown>\n#11 0x564843cc96f2 <unknown>\n#12 0x564843cb18fc <unknown>\n#13 0x564843cca2e4 <unknown>\n#14 0x564843c959cf <unknown>\n#15 0x564843ceacd8 <unknown>\n#16 0x564843ceaeb6 <unknown>\n#17 0x564843cfaf16 <unknown>\n#18 0x7fd5dc89caa4 <unknown>\n#19 0x7fd5dc929c3c <unknown>",
        "time" : {
          "start" : 1739668797059,
          "stop" : 1739668817697,
          "duration" : 20638
        }
      }, {
        "uid" : "ce255a0533a1fd4c",
        "reportUrl" : "https://Brain-up.github.io/auto-tests-python/481//#testresult/ce255a0533a1fd4c",
        "status" : "skipped",
        "statusDetails" : "XFAIL\n\nselenium.common.exceptions.TimeoutException: Message: Can't find element by locator ('xpath', '//button[@data-test-active-link=\"Words\"]')\nStacktrace:\n#0 0x555fc840309a <unknown>\n#1 0x555fc7eca8b0 <unknown>\n#2 0x555fc7f1bb99 <unknown>\n#3 0x555fc7f1bd21 <unknown>\n#4 0x555fc7f6a854 <unknown>\n#5 0x555fc7f419ad <unknown>\n#6 0x555fc7f67b8b <unknown>\n#7 0x555fc7f41753 <unknown>\n#8 0x555fc7f0d38e <unknown>\n#9 0x555fc7f0eb51 <unknown>\n#10 0x555fc83cc76b <unknown>\n#11 0x555fc83d06f2 <unknown>\n#12 0x555fc83b88fc <unknown>\n#13 0x555fc83d12e4 <unknown>\n#14 0x555fc839c9cf <unknown>\n#15 0x555fc83f1cd8 <unknown>\n#16 0x555fc83f1eb6 <unknown>\n#17 0x555fc8401f16 <unknown>\n#18 0x7f66f589caa4 <unknown>\n#19 0x7f66f5929c3c <unknown>",
        "time" : {
          "start" : 1739655252423,
          "stop" : 1739655273081,
          "duration" : 20658
        }
      }, {
        "uid" : "8a2010948a36843a",
        "reportUrl" : "https://Brain-up.github.io/auto-tests-python/480//#testresult/8a2010948a36843a",
        "status" : "skipped",
        "statusDetails" : "XFAIL\n\nselenium.common.exceptions.TimeoutException: Message: Can't find element by locator ('xpath', '//button[@data-test-active-link=\"Words\"]')\nStacktrace:\n#0 0x56356ec3209a <unknown>\n#1 0x56356e6f98b0 <unknown>\n#2 0x56356e74ab99 <unknown>\n#3 0x56356e74ad21 <unknown>\n#4 0x56356e799854 <unknown>\n#5 0x56356e7709ad <unknown>\n#6 0x56356e796b8b <unknown>\n#7 0x56356e770753 <unknown>\n#8 0x56356e73c38e <unknown>\n#9 0x56356e73db51 <unknown>\n#10 0x56356ebfb76b <unknown>\n#11 0x56356ebff6f2 <unknown>\n#12 0x56356ebe78fc <unknown>\n#13 0x56356ec002e4 <unknown>\n#14 0x56356ebcb9cf <unknown>\n#15 0x56356ec20cd8 <unknown>\n#16 0x56356ec20eb6 <unknown>\n#17 0x56356ec30f16 <unknown>\n#18 0x7f85ace9caa4 <unknown>\n#19 0x7f85acf29c3c <unknown>",
        "time" : {
          "start" : 1739653141140,
          "stop" : 1739653161777,
          "duration" : 20637
        }
      }, {
        "uid" : "6d34fa563a868c2",
        "reportUrl" : "https://Brain-up.github.io/auto-tests-python/276//#testresult/6d34fa563a868c2",
        "status" : "skipped",
        "statusDetails" : "XFAIL\n\nselenium.common.exceptions.TimeoutException: Message: Can't find element by locator ('xpath', '//button[@data-test-active-link=\"Words\"]')\nStacktrace:\n#0 0x55edf18c309a <unknown>\n#1 0x55edf138a8b0 <unknown>\n#2 0x55edf13dbb99 <unknown>\n#3 0x55edf13dbd21 <unknown>\n#4 0x55edf142a854 <unknown>\n#5 0x55edf14019ad <unknown>\n#6 0x55edf1427b8b <unknown>\n#7 0x55edf1401753 <unknown>\n#8 0x55edf13cd38e <unknown>\n#9 0x55edf13ceb51 <unknown>\n#10 0x55edf188c76b <unknown>\n#11 0x55edf18906f2 <unknown>\n#12 0x55edf18788fc <unknown>\n#13 0x55edf18912e4 <unknown>\n#14 0x55edf185c9cf <unknown>\n#15 0x55edf18b1cd8 <unknown>\n#16 0x55edf18b1eb6 <unknown>\n#17 0x55edf18c1f16 <unknown>\n#18 0x7fe951a9caa4 <unknown>\n#19 0x7fe951b29c3c <unknown>",
        "time" : {
          "start" : 1739582013737,
          "stop" : 1739582034391,
          "duration" : 20654
        }
      }, {
        "uid" : "4afde6fd28e1055e",
        "reportUrl" : "https://Brain-up.github.io/auto-tests-python/479//#testresult/4afde6fd28e1055e",
        "status" : "skipped",
        "statusDetails" : "XFAIL\n\nselenium.common.exceptions.TimeoutException: Message: Can't find element by locator ('xpath', '//button[@data-test-active-link=\"Words\"]')\nStacktrace:\n#0 0x55da1c03909a <unknown>\n#1 0x55da1bb008b0 <unknown>\n#2 0x55da1bb51b99 <unknown>\n#3 0x55da1bb51d21 <unknown>\n#4 0x55da1bba0854 <unknown>\n#5 0x55da1bb779ad <unknown>\n#6 0x55da1bb9db8b <unknown>\n#7 0x55da1bb77753 <unknown>\n#8 0x55da1bb4338e <unknown>\n#9 0x55da1bb44b51 <unknown>\n#10 0x55da1c00276b <unknown>\n#11 0x55da1c0066f2 <unknown>\n#12 0x55da1bfee8fc <unknown>\n#13 0x55da1c0072e4 <unknown>\n#14 0x55da1bfd29cf <unknown>\n#15 0x55da1c027cd8 <unknown>\n#16 0x55da1c027eb6 <unknown>\n#17 0x55da1c037f16 <unknown>\n#18 0x7fe66929caa4 <unknown>\n#19 0x7fe669329c3c <unknown>",
        "time" : {
          "start" : 1739518344929,
          "stop" : 1739518365097,
          "duration" : 20168
        }
      }, {
        "uid" : "1aeabf53d8478991",
        "reportUrl" : "https://Brain-up.github.io/auto-tests-python/275//#testresult/1aeabf53d8478991",
        "status" : "skipped",
        "statusDetails" : "XFAIL\n\nselenium.common.exceptions.TimeoutException: Message: Can't find element by locator ('xpath', '//button[@data-test-active-link=\"Words\"]')\nStacktrace:\n#0 0x55f11a16d09a <unknown>\n#1 0x55f119c348b0 <unknown>\n#2 0x55f119c85b99 <unknown>\n#3 0x55f119c85d21 <unknown>\n#4 0x55f119cd4854 <unknown>\n#5 0x55f119cab9ad <unknown>\n#6 0x55f119cd1b8b <unknown>\n#7 0x55f119cab753 <unknown>\n#8 0x55f119c7738e <unknown>\n#9 0x55f119c78b51 <unknown>\n#10 0x55f11a13676b <unknown>\n#11 0x55f11a13a6f2 <unknown>\n#12 0x55f11a1228fc <unknown>\n#13 0x55f11a13b2e4 <unknown>\n#14 0x55f11a1069cf <unknown>\n#15 0x55f11a15bcd8 <unknown>\n#16 0x55f11a15beb6 <unknown>\n#17 0x55f11a16bf16 <unknown>\n#18 0x7ff98be9caa4 <unknown>\n#19 0x7ff98bf29c3c <unknown>",
        "time" : {
          "start" : 1739495691643,
          "stop" : 1739495711802,
          "duration" : 20159
        }
      }, {
        "uid" : "6951eb4bc930a894",
        "reportUrl" : "https://Brain-up.github.io/auto-tests-python/478//#testresult/6951eb4bc930a894",
        "status" : "skipped",
        "statusDetails" : "XFAIL\n\nselenium.common.exceptions.TimeoutException: Message: Can't find element by locator ('xpath', '//button[@data-test-active-link=\"Words\"]')\nStacktrace:\n#0 0x5581e3b2c09a <unknown>\n#1 0x5581e35f38b0 <unknown>\n#2 0x5581e3644b99 <unknown>\n#3 0x5581e3644d21 <unknown>\n#4 0x5581e3693854 <unknown>\n#5 0x5581e366a9ad <unknown>\n#6 0x5581e3690b8b <unknown>\n#7 0x5581e366a753 <unknown>\n#8 0x5581e363638e <unknown>\n#9 0x5581e3637b51 <unknown>\n#10 0x5581e3af576b <unknown>\n#11 0x5581e3af96f2 <unknown>\n#12 0x5581e3ae18fc <unknown>\n#13 0x5581e3afa2e4 <unknown>\n#14 0x5581e3ac59cf <unknown>\n#15 0x5581e3b1acd8 <unknown>\n#16 0x5581e3b1aeb6 <unknown>\n#17 0x5581e3b2af16 <unknown>\n#18 0x7f7a0ce9caa4 <unknown>\n#19 0x7f7a0cf29c3c <unknown>",
        "time" : {
          "start" : 1739478784823,
          "stop" : 1739478805461,
          "duration" : 20638
        }
      }, {
        "uid" : "f3b90e7046a2eb01",
        "reportUrl" : "https://Brain-up.github.io/auto-tests-python/274//#testresult/f3b90e7046a2eb01",
        "status" : "skipped",
        "statusDetails" : "XFAIL\n\nselenium.common.exceptions.TimeoutException: Message: Can't find element by locator ('xpath', '//button[@data-test-active-link=\"Words\"]')\nStacktrace:\n#0 0x55d2debfe09a <unknown>\n#1 0x55d2de6c58b0 <unknown>\n#2 0x55d2de716b99 <unknown>\n#3 0x55d2de716d21 <unknown>\n#4 0x55d2de765854 <unknown>\n#5 0x55d2de73c9ad <unknown>\n#6 0x55d2de762b8b <unknown>\n#7 0x55d2de73c753 <unknown>\n#8 0x55d2de70838e <unknown>\n#9 0x55d2de709b51 <unknown>\n#10 0x55d2debc776b <unknown>\n#11 0x55d2debcb6f2 <unknown>\n#12 0x55d2debb38fc <unknown>\n#13 0x55d2debcc2e4 <unknown>\n#14 0x55d2deb979cf <unknown>\n#15 0x55d2debeccd8 <unknown>\n#16 0x55d2debeceb6 <unknown>\n#17 0x55d2debfcf16 <unknown>\n#18 0x7fc53bc9caa4 <unknown>\n#19 0x7fc53bd29c3c <unknown>",
        "time" : {
          "start" : 1739409363697,
          "stop" : 1739409383862,
          "duration" : 20165
        }
      } ]
    },
    "tags" : [ "@pytest.mark.xfail" ]
  },
  "source" : "6b357c3c170aec21.json",
  "parameterValues" : [ ]
}