{
  "uid" : "b89bc0363864776a",
  "name" : "Check progres-bar and buttons.",
  "fullName" : "tests.test_speech_exercises_en.TestCardsEN#test_progress_bar_is_present_en",
  "historyId" : "efb827312bdd34b296637645e49b0897",
  "time" : {
    "start" : 1761992763870,
    "stop" : 1761992774219,
    "duration" : 10349
  },
  "status" : "skipped",
  "statusMessage" : "XFAIL\n\nselenium.common.exceptions.TimeoutException: Message: Can't find element by locator ('xpath', '//button[@data-test-active-link=\"Words\"]')\nStacktrace:\n#0 0x557dc3ae7aea <unknown>\n#1 0x557dc3533cdb <unknown>\n#2 0x557dc35866c4 <unknown>\n#3 0x557dc3586901 <unknown>\n#4 0x557dc35d58b4 <unknown>\n#5 0x557dc35d2c87 <unknown>\n#6 0x557dc3578aca <unknown>\n#7 0x557dc35797d1 <unknown>\n#8 0x557dc3aaeab9 <unknown>\n#9 0x557dc3ab1a8c <unknown>\n#10 0x557dc3a97d49 <unknown>\n#11 0x557dc3ab2685 <unknown>\n#12 0x557dc3a7f6c3 <unknown>\n#13 0x557dc3ad47d8 <unknown>\n#14 0x557dc3ad49b3 <unknown>\n#15 0x557dc3ae6a83 <unknown>\n#16 0x7f116cc9caa4 <unknown>\n#17 0x7f116cd29c6c <unknown>",
  "statusTrace" : "self = <tests.test_speech_exercises_en.TestCardsEN object at 0x7f458e0e2f00>\ndriver = <selenium.webdriver.chrome.webdriver.WebDriver (session=\"af9139594c678927b3a0d4c15ea332cc\")>\nspecialist_user_authorized = None\n\n    @pytest.mark.xfail\n    @allure.suite(\"Speech exercises EN.\")\n    @allure.title('Check progres-bar and buttons.')\n    def test_progress_bar_is_present_en(self, driver, specialist_user_authorized):\n        page = SpeechExercisesPage(driver)\n>       page.select_group(SpeechExercisesPageLocators.WORDS_BUTTON_EN)\n\ntests/test_speech_exercises_en.py:34: \n_ _ _ _ _ _ _ _ _ _ _ _ _ _ _ _ _ _ _ _ _ _ _ _ _ _ _ _ _ _ _ _ _ _ _ _ _ _ _ _ \npages/speech_exercises_page_en.py:18: in select_group\n    text_of_the_button = self.element_is_present_and_clickable(selector_for_sub_group)\npages/base_page.py:40: in element_is_present_and_clickable\n    return (Wait(self.driver, self.timeout).until(\n_ _ _ _ _ _ _ _ _ _ _ _ _ _ _ _ _ _ _ _ _ _ _ _ _ _ _ _ _ _ _ _ _ _ _ _ _ _ _ _ \n\nself = <selenium.webdriver.support.wait.WebDriverWait (session=\"af9139594c678927b3a0d4c15ea332cc\")>\nmethod = <function visibility_of_element_located.<locals>._predicate at 0x7f458df62480>\nmessage = 'Can\\'t find element by locator (\\'xpath\\', \\'//button[@data-test-active-link=\"Words\"]\\')'\n\n    def until(self, method, message: str = \"\"):\n        \"\"\"Calls the method provided with the driver as an argument until the \\\n        return value does not evaluate to ``False``.\n    \n        :param method: callable(WebDriver)\n        :param message: optional message for :exc:`TimeoutException`\n        :returns: the result of the last call to `method`\n        :raises: :exc:`selenium.common.exceptions.TimeoutException` if timeout occurs\n        \"\"\"\n        screen = None\n        stacktrace = None\n    \n        end_time = time.monotonic() + self._timeout\n        while True:\n            try:\n                value = method(self._driver)\n                if value:\n                    return value\n            except self._ignored_exceptions as exc:\n                screen = getattr(exc, \"screen\", None)\n                stacktrace = getattr(exc, \"stacktrace\", None)\n            time.sleep(self._poll)\n            if time.monotonic() > end_time:\n                break\n>       raise TimeoutException(message, screen, stacktrace)\nE       selenium.common.exceptions.TimeoutException: Message: Can't find element by locator ('xpath', '//button[@data-test-active-link=\"Words\"]')\nE       Stacktrace:\nE       #0 0x557dc3ae7aea <unknown>\nE       #1 0x557dc3533cdb <unknown>\nE       #2 0x557dc35866c4 <unknown>\nE       #3 0x557dc3586901 <unknown>\nE       #4 0x557dc35d58b4 <unknown>\nE       #5 0x557dc35d2c87 <unknown>\nE       #6 0x557dc3578aca <unknown>\nE       #7 0x557dc35797d1 <unknown>\nE       #8 0x557dc3aaeab9 <unknown>\nE       #9 0x557dc3ab1a8c <unknown>\nE       #10 0x557dc3a97d49 <unknown>\nE       #11 0x557dc3ab2685 <unknown>\nE       #12 0x557dc3a7f6c3 <unknown>\nE       #13 0x557dc3ad47d8 <unknown>\nE       #14 0x557dc3ad49b3 <unknown>\nE       #15 0x557dc3ae6a83 <unknown>\nE       #16 0x7f116cc9caa4 <unknown>\nE       #17 0x7f116cd29c6c <unknown>\n\n/opt/hostedtoolcache/Python/3.12.12/x64/lib/python3.12/site-packages/selenium/webdriver/support/wait.py:95: TimeoutException",
  "flaky" : false,
  "newFailed" : false,
  "beforeStages" : [ {
    "name" : "main_page_open",
    "time" : {
      "start" : 1761992758696,
      "stop" : 1761992761443,
      "duration" : 2747
    },
    "status" : "passed",
    "steps" : [ {
      "name" : "Open page: https://www.brainup.site/",
      "time" : {
        "start" : 1761992758696,
        "stop" : 1761992761443,
        "duration" : 2747
      },
      "status" : "passed",
      "steps" : [ ],
      "attachments" : [ ],
      "parameters" : [ {
        "name" : "driver",
        "value" : "<selenium.webdriver.chrome.webdriver.WebDriver (session=\"af9139594c678927b3a0d4c15ea332cc\")>"
      } ],
      "stepsCount" : 0,
      "attachmentsCount" : 0,
      "shouldDisplayMessage" : false,
      "hasContent" : true
    } ],
    "attachments" : [ ],
    "parameters" : [ ],
    "stepsCount" : 1,
    "attachmentsCount" : 0,
    "shouldDisplayMessage" : false,
    "hasContent" : true
  }, {
    "name" : "specialist_user_authorized",
    "time" : {
      "start" : 1761992761443,
      "stop" : 1761992763869,
      "duration" : 2426
    },
    "status" : "passed",
    "steps" : [ {
      "name" : "USER specialist authorized",
      "time" : {
        "start" : 1761992761443,
        "stop" : 1761992763869,
        "duration" : 2426
      },
      "status" : "passed",
      "steps" : [ {
        "name" : "Check url is present: https://www.brainup.site/groups",
        "time" : {
          "start" : 1761992761829,
          "stop" : 1761992763847,
          "duration" : 2018
        },
        "status" : "passed",
        "steps" : [ ],
        "attachments" : [ ],
        "parameters" : [ ],
        "stepsCount" : 0,
        "attachmentsCount" : 0,
        "shouldDisplayMessage" : false,
        "hasContent" : false
      }, {
        "name" : "Loader checking",
        "time" : {
          "start" : 1761992763847,
          "stop" : 1761992763869,
          "duration" : 22
        },
        "status" : "passed",
        "steps" : [ ],
        "attachments" : [ ],
        "parameters" : [ ],
        "stepsCount" : 0,
        "attachmentsCount" : 0,
        "shouldDisplayMessage" : false,
        "hasContent" : false
      } ],
      "attachments" : [ ],
      "parameters" : [ {
        "name" : "driver",
        "value" : "<selenium.webdriver.chrome.webdriver.WebDriver (session=\"af9139594c678927b3a0d4c15ea332cc\")>"
      }, {
        "name" : "main_page_open",
        "value" : "None"
      } ],
      "stepsCount" : 2,
      "attachmentsCount" : 0,
      "shouldDisplayMessage" : false,
      "hasContent" : true
    } ],
    "attachments" : [ ],
    "parameters" : [ ],
    "stepsCount" : 3,
    "attachmentsCount" : 0,
    "shouldDisplayMessage" : false,
    "hasContent" : true
  }, {
    "name" : "clear_allure_results_folder",
    "time" : {
      "start" : 1761991662433,
      "stop" : 1761991662433,
      "duration" : 0
    },
    "status" : "passed",
    "steps" : [ ],
    "attachments" : [ ],
    "parameters" : [ ],
    "stepsCount" : 0,
    "attachmentsCount" : 0,
    "shouldDisplayMessage" : false,
    "hasContent" : false
  }, {
    "name" : "driver",
    "time" : {
      "start" : 1761992757947,
      "stop" : 1761992758696,
      "duration" : 749
    },
    "status" : "passed",
    "steps" : [ ],
    "attachments" : [ ],
    "parameters" : [ ],
    "stepsCount" : 0,
    "attachmentsCount" : 0,
    "shouldDisplayMessage" : false,
    "hasContent" : false
  } ],
  "testStage" : {
    "status" : "skipped",
    "statusMessage" : "XFAIL\n\nselenium.common.exceptions.TimeoutException: Message: Can't find element by locator ('xpath', '//button[@data-test-active-link=\"Words\"]')\nStacktrace:\n#0 0x557dc3ae7aea <unknown>\n#1 0x557dc3533cdb <unknown>\n#2 0x557dc35866c4 <unknown>\n#3 0x557dc3586901 <unknown>\n#4 0x557dc35d58b4 <unknown>\n#5 0x557dc35d2c87 <unknown>\n#6 0x557dc3578aca <unknown>\n#7 0x557dc35797d1 <unknown>\n#8 0x557dc3aaeab9 <unknown>\n#9 0x557dc3ab1a8c <unknown>\n#10 0x557dc3a97d49 <unknown>\n#11 0x557dc3ab2685 <unknown>\n#12 0x557dc3a7f6c3 <unknown>\n#13 0x557dc3ad47d8 <unknown>\n#14 0x557dc3ad49b3 <unknown>\n#15 0x557dc3ae6a83 <unknown>\n#16 0x7f116cc9caa4 <unknown>\n#17 0x7f116cd29c6c <unknown>",
    "statusTrace" : "self = <tests.test_speech_exercises_en.TestCardsEN object at 0x7f458e0e2f00>\ndriver = <selenium.webdriver.chrome.webdriver.WebDriver (session=\"af9139594c678927b3a0d4c15ea332cc\")>\nspecialist_user_authorized = None\n\n    @pytest.mark.xfail\n    @allure.suite(\"Speech exercises EN.\")\n    @allure.title('Check progres-bar and buttons.')\n    def test_progress_bar_is_present_en(self, driver, specialist_user_authorized):\n        page = SpeechExercisesPage(driver)\n>       page.select_group(SpeechExercisesPageLocators.WORDS_BUTTON_EN)\n\ntests/test_speech_exercises_en.py:34: \n_ _ _ _ _ _ _ _ _ _ _ _ _ _ _ _ _ _ _ _ _ _ _ _ _ _ _ _ _ _ _ _ _ _ _ _ _ _ _ _ \npages/speech_exercises_page_en.py:18: in select_group\n    text_of_the_button = self.element_is_present_and_clickable(selector_for_sub_group)\npages/base_page.py:40: in element_is_present_and_clickable\n    return (Wait(self.driver, self.timeout).until(\n_ _ _ _ _ _ _ _ _ _ _ _ _ _ _ _ _ _ _ _ _ _ _ _ _ _ _ _ _ _ _ _ _ _ _ _ _ _ _ _ \n\nself = <selenium.webdriver.support.wait.WebDriverWait (session=\"af9139594c678927b3a0d4c15ea332cc\")>\nmethod = <function visibility_of_element_located.<locals>._predicate at 0x7f458df62480>\nmessage = 'Can\\'t find element by locator (\\'xpath\\', \\'//button[@data-test-active-link=\"Words\"]\\')'\n\n    def until(self, method, message: str = \"\"):\n        \"\"\"Calls the method provided with the driver as an argument until the \\\n        return value does not evaluate to ``False``.\n    \n        :param method: callable(WebDriver)\n        :param message: optional message for :exc:`TimeoutException`\n        :returns: the result of the last call to `method`\n        :raises: :exc:`selenium.common.exceptions.TimeoutException` if timeout occurs\n        \"\"\"\n        screen = None\n        stacktrace = None\n    \n        end_time = time.monotonic() + self._timeout\n        while True:\n            try:\n                value = method(self._driver)\n                if value:\n                    return value\n            except self._ignored_exceptions as exc:\n                screen = getattr(exc, \"screen\", None)\n                stacktrace = getattr(exc, \"stacktrace\", None)\n            time.sleep(self._poll)\n            if time.monotonic() > end_time:\n                break\n>       raise TimeoutException(message, screen, stacktrace)\nE       selenium.common.exceptions.TimeoutException: Message: Can't find element by locator ('xpath', '//button[@data-test-active-link=\"Words\"]')\nE       Stacktrace:\nE       #0 0x557dc3ae7aea <unknown>\nE       #1 0x557dc3533cdb <unknown>\nE       #2 0x557dc35866c4 <unknown>\nE       #3 0x557dc3586901 <unknown>\nE       #4 0x557dc35d58b4 <unknown>\nE       #5 0x557dc35d2c87 <unknown>\nE       #6 0x557dc3578aca <unknown>\nE       #7 0x557dc35797d1 <unknown>\nE       #8 0x557dc3aaeab9 <unknown>\nE       #9 0x557dc3ab1a8c <unknown>\nE       #10 0x557dc3a97d49 <unknown>\nE       #11 0x557dc3ab2685 <unknown>\nE       #12 0x557dc3a7f6c3 <unknown>\nE       #13 0x557dc3ad47d8 <unknown>\nE       #14 0x557dc3ad49b3 <unknown>\nE       #15 0x557dc3ae6a83 <unknown>\nE       #16 0x7f116cc9caa4 <unknown>\nE       #17 0x7f116cd29c6c <unknown>\n\n/opt/hostedtoolcache/Python/3.12.12/x64/lib/python3.12/site-packages/selenium/webdriver/support/wait.py:95: TimeoutException",
    "steps" : [ {
      "name" : "select_group",
      "time" : {
        "start" : 1761992763870,
        "stop" : 1761992774218,
        "duration" : 10348
      },
      "status" : "broken",
      "statusMessage" : "selenium.common.exceptions.TimeoutException: Message: Can't find element by locator ('xpath', '//button[@data-test-active-link=\"Words\"]')\nStacktrace:\n#0 0x557dc3ae7aea <unknown>\n#1 0x557dc3533cdb <unknown>\n#2 0x557dc35866c4 <unknown>\n#3 0x557dc3586901 <unknown>\n#4 0x557dc35d58b4 <unknown>\n#5 0x557dc35d2c87 <unknown>\n#6 0x557dc3578aca <unknown>\n#7 0x557dc35797d1 <unknown>\n#8 0x557dc3aaeab9 <unknown>\n#9 0x557dc3ab1a8c <unknown>\n#10 0x557dc3a97d49 <unknown>\n#11 0x557dc3ab2685 <unknown>\n#12 0x557dc3a7f6c3 <unknown>\n#13 0x557dc3ad47d8 <unknown>\n#14 0x557dc3ad49b3 <unknown>\n#15 0x557dc3ae6a83 <unknown>\n#16 0x7f116cc9caa4 <unknown>\n#17 0x7f116cd29c6c <unknown>\n\n",
      "statusTrace" : "  File \"/opt/hostedtoolcache/Python/3.12.12/x64/lib/python3.12/site-packages/allure_commons/_allure.py\", line 192, in impl\n    return func(*a, **kw)\n           ^^^^^^^^^^^^^^\n  File \"/home/runner/work/auto-tests-python/auto-tests-python/pages/speech_exercises_page_en.py\", line 18, in select_group\n    text_of_the_button = self.element_is_present_and_clickable(selector_for_sub_group)\n                         ^^^^^^^^^^^^^^^^^^^^^^^^^^^^^^^^^^^^^^^^^^^^^^^^^^^^^^^^^^^^^\n  File \"/home/runner/work/auto-tests-python/auto-tests-python/pages/base_page.py\", line 40, in element_is_present_and_clickable\n    return (Wait(self.driver, self.timeout).until(\n            ^^^^^^^^^^^^^^^^^^^^^^^^^^^^^^^^^^^^^^\n  File \"/opt/hostedtoolcache/Python/3.12.12/x64/lib/python3.12/site-packages/selenium/webdriver/support/wait.py\", line 95, in until\n    raise TimeoutException(message, screen, stacktrace)\n",
      "steps" : [ {
        "name" : "Select Russian language. Click \"EN\" button.",
        "time" : {
          "start" : 1761992763870,
          "stop" : 1761992763949,
          "duration" : 79
        },
        "status" : "passed",
        "steps" : [ ],
        "attachments" : [ ],
        "parameters" : [ ],
        "stepsCount" : 0,
        "attachmentsCount" : 0,
        "shouldDisplayMessage" : false,
        "hasContent" : false
      }, {
        "name" : "Click button \"SPEECH EXERCISES\".",
        "time" : {
          "start" : 1761992763949,
          "stop" : 1761992764027,
          "duration" : 78
        },
        "status" : "passed",
        "steps" : [ ],
        "attachments" : [ ],
        "parameters" : [ ],
        "stepsCount" : 0,
        "attachmentsCount" : 0,
        "shouldDisplayMessage" : false,
        "hasContent" : false
      } ],
      "attachments" : [ ],
      "parameters" : [ {
        "name" : "selector_for_sub_group",
        "value" : "('xpath', '//button[@data-test-active-link=\"Words\"]')"
      } ],
      "stepsCount" : 2,
      "attachmentsCount" : 0,
      "shouldDisplayMessage" : true,
      "hasContent" : true
    } ],
    "attachments" : [ ],
    "parameters" : [ ],
    "stepsCount" : 3,
    "attachmentsCount" : 0,
    "shouldDisplayMessage" : true,
    "hasContent" : true
  },
  "afterStages" : [ {
    "name" : "driver::0",
    "time" : {
      "start" : 1761992774229,
      "stop" : 1761992774295,
      "duration" : 66
    },
    "status" : "passed",
    "steps" : [ ],
    "attachments" : [ ],
    "parameters" : [ ],
    "stepsCount" : 0,
    "attachmentsCount" : 0,
    "shouldDisplayMessage" : false,
    "hasContent" : false
  } ],
  "labels" : [ {
    "name" : "epic",
    "value" : "Speech exercises."
  }, {
    "name" : "suite",
    "value" : "Speech exercises EN."
  }, {
    "name" : "tag",
    "value" : "@pytest.mark.xfail"
  }, {
    "name" : "parentSuite",
    "value" : "tests"
  }, {
    "name" : "subSuite",
    "value" : "TestCardsEN"
  }, {
    "name" : "host",
    "value" : "runnervmf2e7y"
  }, {
    "name" : "thread",
    "value" : "2528-MainThread"
  }, {
    "name" : "framework",
    "value" : "pytest"
  }, {
    "name" : "language",
    "value" : "cpython3"
  }, {
    "name" : "package",
    "value" : "tests.test_speech_exercises_en"
  }, {
    "name" : "resultFormat",
    "value" : "allure2"
  } ],
  "parameters" : [ ],
  "links" : [ ],
  "hidden" : false,
  "retry" : false,
  "extra" : {
    "severity" : "normal",
    "retries" : [ ],
    "categories" : [ ],
    "history" : {
      "statistic" : {
        "failed" : 0,
        "broken" : 0,
        "skipped" : 356,
        "passed" : 7,
        "unknown" : 0,
        "total" : 363
      },
      "items" : [ {
        "uid" : "f79bae9de441ffc4",
        "reportUrl" : "https://Brain-up.github.io/auto-tests-python/729//#testresult/f79bae9de441ffc4",
        "status" : "skipped",
        "statusDetails" : "XFAIL\n\nselenium.common.exceptions.TimeoutException: Message: Can't find element by locator ('xpath', '//button[@data-test-active-link=\"Words\"]')\nStacktrace:\n#0 0x5565b4fb8fba <unknown>\n#1 0x5565b4a3d6d0 <unknown>\n#2 0x5565b4a8f2aa <unknown>\n#3 0x5565b4a8f541 <unknown>\n#4 0x5565b4add6c4 <unknown>\n#5 0x5565b4ab4e5d <unknown>\n#6 0x5565b4adab54 <unknown>\n#7 0x5565b4ab4c03 <unknown>\n#8 0x5565b4a817a8 <unknown>\n#9 0x5565b4a82421 <unknown>\n#10 0x5565b4f7db28 <unknown>\n#11 0x5565b4f8187f <unknown>\n#12 0x5565b4f65c49 <unknown>\n#13 0x5565b4f82405 <unknown>\n#14 0x5565b4f4b4ff <unknown>\n#15 0x5565b4fa6258 <unknown>\n#16 0x5565b4fa6432 <unknown>\n#17 0x5565b4fb7fa3 <unknown>\n#18 0x7fc92369caa4 <unknown>\n#19 0x7fc923729c6c <unknown>",
        "time" : {
          "start" : 1761907538337,
          "stop" : 1761907548696,
          "duration" : 10359
        }
      }, {
        "uid" : "fd6b9c8b1de2cf9b",
        "reportUrl" : "https://Brain-up.github.io/auto-tests-python/728//#testresult/fd6b9c8b1de2cf9b",
        "status" : "skipped",
        "statusDetails" : "XFAIL\n\nselenium.common.exceptions.TimeoutException: Message: Can't find element by locator ('xpath', '//button[@data-test-active-link=\"Words\"]')\nStacktrace:\n#0 0x560a0766afba <unknown>\n#1 0x560a070ef6d0 <unknown>\n#2 0x560a071412aa <unknown>\n#3 0x560a07141541 <unknown>\n#4 0x560a0718f6c4 <unknown>\n#5 0x560a07166e5d <unknown>\n#6 0x560a0718cb54 <unknown>\n#7 0x560a07166c03 <unknown>\n#8 0x560a071337a8 <unknown>\n#9 0x560a07134421 <unknown>\n#10 0x560a0762fb28 <unknown>\n#11 0x560a0763387f <unknown>\n#12 0x560a07617c49 <unknown>\n#13 0x560a07634405 <unknown>\n#14 0x560a075fd4ff <unknown>\n#15 0x560a07658258 <unknown>\n#16 0x560a07658432 <unknown>\n#17 0x560a07669fa3 <unknown>\n#18 0x7fc69a09caa4 <unknown>\n#19 0x7fc69a129c6c <unknown>",
        "time" : {
          "start" : 1761816899422,
          "stop" : 1761816909774,
          "duration" : 10352
        }
      }, {
        "uid" : "4eb1b091528518c5",
        "reportUrl" : "https://Brain-up.github.io/auto-tests-python/727//#testresult/4eb1b091528518c5",
        "status" : "skipped",
        "statusDetails" : "XFAIL\n\nselenium.common.exceptions.TimeoutException: Message: Can't find element by locator ('xpath', '//button[@data-test-active-link=\"Words\"]')\nStacktrace:\n#0 0x55e5e03dffba <unknown>\n#1 0x55e5dfe646d0 <unknown>\n#2 0x55e5dfeb62aa <unknown>\n#3 0x55e5dfeb6541 <unknown>\n#4 0x55e5dff046c4 <unknown>\n#5 0x55e5dfedbe5d <unknown>\n#6 0x55e5dff01b54 <unknown>\n#7 0x55e5dfedbc03 <unknown>\n#8 0x55e5dfea87a8 <unknown>\n#9 0x55e5dfea9421 <unknown>\n#10 0x55e5e03a4b28 <unknown>\n#11 0x55e5e03a887f <unknown>\n#12 0x55e5e038cc49 <unknown>\n#13 0x55e5e03a9405 <unknown>\n#14 0x55e5e03724ff <unknown>\n#15 0x55e5e03cd258 <unknown>\n#16 0x55e5e03cd432 <unknown>\n#17 0x55e5e03defa3 <unknown>\n#18 0x7fb6d449caa4 <unknown>\n#19 0x7fb6d4529c6c <unknown>",
        "time" : {
          "start" : 1761731166418,
          "stop" : 1761731176756,
          "duration" : 10338
        }
      }, {
        "uid" : "effa8f9ada623211",
        "reportUrl" : "https://Brain-up.github.io/auto-tests-python/726//#testresult/effa8f9ada623211",
        "status" : "skipped",
        "statusDetails" : "XFAIL\n\nselenium.common.exceptions.TimeoutException: Message: Can't find element by locator ('xpath', '//button[@data-test-active-link=\"Words\"]')\nStacktrace:\n#0 0x55d186055fba <unknown>\n#1 0x55d185ada6d0 <unknown>\n#2 0x55d185b2c2aa <unknown>\n#3 0x55d185b2c541 <unknown>\n#4 0x55d185b7a6c4 <unknown>\n#5 0x55d185b51e5d <unknown>\n#6 0x55d185b77b54 <unknown>\n#7 0x55d185b51c03 <unknown>\n#8 0x55d185b1e7a8 <unknown>\n#9 0x55d185b1f421 <unknown>\n#10 0x55d18601ab28 <unknown>\n#11 0x55d18601e87f <unknown>\n#12 0x55d186002c49 <unknown>\n#13 0x55d18601f405 <unknown>\n#14 0x55d185fe84ff <unknown>\n#15 0x55d186043258 <unknown>\n#16 0x55d186043432 <unknown>\n#17 0x55d186054fa3 <unknown>\n#18 0x7fe24aa9caa4 <unknown>\n#19 0x7fe24ab29c6c <unknown>",
        "time" : {
          "start" : 1761650267191,
          "stop" : 1761650277538,
          "duration" : 10347
        }
      }, {
        "uid" : "4b67f39a98f2ecec",
        "reportUrl" : "https://Brain-up.github.io/auto-tests-python/725//#testresult/4b67f39a98f2ecec",
        "status" : "skipped",
        "statusDetails" : "XFAIL\n\nselenium.common.exceptions.TimeoutException: Message: Can't find element by locator ('xpath', '//button[@data-test-active-link=\"Words\"]')\nStacktrace:\n#0 0x56425578ffba <unknown>\n#1 0x5642552146d0 <unknown>\n#2 0x5642552662aa <unknown>\n#3 0x564255266541 <unknown>\n#4 0x5642552b46c4 <unknown>\n#5 0x56425528be5d <unknown>\n#6 0x5642552b1b54 <unknown>\n#7 0x56425528bc03 <unknown>\n#8 0x5642552587a8 <unknown>\n#9 0x564255259421 <unknown>\n#10 0x564255754b28 <unknown>\n#11 0x56425575887f <unknown>\n#12 0x56425573cc49 <unknown>\n#13 0x564255759405 <unknown>\n#14 0x5642557224ff <unknown>\n#15 0x56425577d258 <unknown>\n#16 0x56425577d432 <unknown>\n#17 0x56425578efa3 <unknown>\n#18 0x7fa27be9caa4 <unknown>\n#19 0x7fa27bf29c6c <unknown>",
        "time" : {
          "start" : 1761585361133,
          "stop" : 1761585371432,
          "duration" : 10299
        }
      }, {
        "uid" : "7b48195129f2ea77",
        "reportUrl" : "https://Brain-up.github.io/auto-tests-python/724//#testresult/7b48195129f2ea77",
        "status" : "skipped",
        "statusDetails" : "XFAIL\n\nselenium.common.exceptions.TimeoutException: Message: Can't find element by locator ('xpath', '//button[@data-test-active-link=\"Words\"]')\nStacktrace:\n#0 0x5575e79c7fba <unknown>\n#1 0x5575e744c6d0 <unknown>\n#2 0x5575e749e2aa <unknown>\n#3 0x5575e749e541 <unknown>\n#4 0x5575e74ec6c4 <unknown>\n#5 0x5575e74c3e5d <unknown>\n#6 0x5575e74e9b54 <unknown>\n#7 0x5575e74c3c03 <unknown>\n#8 0x5575e74907a8 <unknown>\n#9 0x5575e7491421 <unknown>\n#10 0x5575e798cb28 <unknown>\n#11 0x5575e799087f <unknown>\n#12 0x5575e7974c49 <unknown>\n#13 0x5575e7991405 <unknown>\n#14 0x5575e795a4ff <unknown>\n#15 0x5575e79b5258 <unknown>\n#16 0x5575e79b5432 <unknown>\n#17 0x5575e79c6fa3 <unknown>\n#18 0x7fad0249caa4 <unknown>\n#19 0x7fad02529c6c <unknown>",
        "time" : {
          "start" : 1761478652110,
          "stop" : 1761478662441,
          "duration" : 10331
        }
      }, {
        "uid" : "29ac5cf562d95812",
        "reportUrl" : "https://Brain-up.github.io/auto-tests-python/723//#testresult/29ac5cf562d95812",
        "status" : "skipped",
        "statusDetails" : "XFAIL\n\nselenium.common.exceptions.TimeoutException: Message: Can't find element by locator ('xpath', '//button[@data-test-active-link=\"Words\"]')\nStacktrace:\n#0 0x5644531cafba <unknown>\n#1 0x564452c4f6d0 <unknown>\n#2 0x564452ca12aa <unknown>\n#3 0x564452ca1541 <unknown>\n#4 0x564452cef6c4 <unknown>\n#5 0x564452cc6e5d <unknown>\n#6 0x564452cecb54 <unknown>\n#7 0x564452cc6c03 <unknown>\n#8 0x564452c937a8 <unknown>\n#9 0x564452c94421 <unknown>\n#10 0x56445318fb28 <unknown>\n#11 0x56445319387f <unknown>\n#12 0x564453177c49 <unknown>\n#13 0x564453194405 <unknown>\n#14 0x56445315d4ff <unknown>\n#15 0x5644531b8258 <unknown>\n#16 0x5644531b8432 <unknown>\n#17 0x5644531c9fa3 <unknown>\n#18 0x7f5002c9caa4 <unknown>\n#19 0x7f5002d29c6c <unknown>",
        "time" : {
          "start" : 1761344405591,
          "stop" : 1761344415927,
          "duration" : 10336
        }
      }, {
        "uid" : "61412b036be691cd",
        "reportUrl" : "https://Brain-up.github.io/auto-tests-python/722//#testresult/61412b036be691cd",
        "status" : "skipped",
        "statusDetails" : "XFAIL\n\nselenium.common.exceptions.TimeoutException: Message: Can't find element by locator ('xpath', '//button[@data-test-active-link=\"Words\"]')\nStacktrace:\n#0 0x563440145fba <unknown>\n#1 0x56343fbca6d0 <unknown>\n#2 0x56343fc1c2aa <unknown>\n#3 0x56343fc1c541 <unknown>\n#4 0x56343fc6a6c4 <unknown>\n#5 0x56343fc41e5d <unknown>\n#6 0x56343fc67b54 <unknown>\n#7 0x56343fc41c03 <unknown>\n#8 0x56343fc0e7a8 <unknown>\n#9 0x56343fc0f421 <unknown>\n#10 0x56344010ab28 <unknown>\n#11 0x56344010e87f <unknown>\n#12 0x5634400f2c49 <unknown>\n#13 0x56344010f405 <unknown>\n#14 0x5634400d84ff <unknown>\n#15 0x563440133258 <unknown>\n#16 0x563440133432 <unknown>\n#17 0x563440144fa3 <unknown>\n#18 0x7fa10509caa4 <unknown>\n#19 0x7fa105129c6c <unknown>",
        "time" : {
          "start" : 1761339230767,
          "stop" : 1761339241111,
          "duration" : 10344
        }
      }, {
        "uid" : "704fd46db058b272",
        "reportUrl" : "https://Brain-up.github.io/auto-tests-python/721//#testresult/704fd46db058b272",
        "status" : "skipped",
        "statusDetails" : "XFAIL\n\nselenium.common.exceptions.TimeoutException: Message: Can't find element by locator ('xpath', '//button[@data-test-active-link=\"Words\"]')\nStacktrace:\n#0 0x55d4b0fcbfba <unknown>\n#1 0x55d4b0a506d0 <unknown>\n#2 0x55d4b0aa22aa <unknown>\n#3 0x55d4b0aa2541 <unknown>\n#4 0x55d4b0af06c4 <unknown>\n#5 0x55d4b0ac7e5d <unknown>\n#6 0x55d4b0aedb54 <unknown>\n#7 0x55d4b0ac7c03 <unknown>\n#8 0x55d4b0a947a8 <unknown>\n#9 0x55d4b0a95421 <unknown>\n#10 0x55d4b0f90b28 <unknown>\n#11 0x55d4b0f9487f <unknown>\n#12 0x55d4b0f78c49 <unknown>\n#13 0x55d4b0f95405 <unknown>\n#14 0x55d4b0f5e4ff <unknown>\n#15 0x55d4b0fb9258 <unknown>\n#16 0x55d4b0fb9432 <unknown>\n#17 0x55d4b0fcafa3 <unknown>\n#18 0x7f1b68c9caa4 <unknown>\n#19 0x7f1b68d29c6c <unknown>",
        "time" : {
          "start" : 1761206441832,
          "stop" : 1761206452145,
          "duration" : 10313
        }
      }, {
        "uid" : "4f96279560e6c4f4",
        "reportUrl" : "https://Brain-up.github.io/auto-tests-python/720//#testresult/4f96279560e6c4f4",
        "status" : "skipped",
        "statusDetails" : "XFAIL\n\nselenium.common.exceptions.TimeoutException: Message: Can't find element by locator ('xpath', '//button[@data-test-active-link=\"Words\"]')\nStacktrace:\n#0 0x55cf6650cfba <unknown>\n#1 0x55cf65f916d0 <unknown>\n#2 0x55cf65fe32aa <unknown>\n#3 0x55cf65fe3541 <unknown>\n#4 0x55cf660316c4 <unknown>\n#5 0x55cf66008e5d <unknown>\n#6 0x55cf6602eb54 <unknown>\n#7 0x55cf66008c03 <unknown>\n#8 0x55cf65fd57a8 <unknown>\n#9 0x55cf65fd6421 <unknown>\n#10 0x55cf664d1b28 <unknown>\n#11 0x55cf664d587f <unknown>\n#12 0x55cf664b9c49 <unknown>\n#13 0x55cf664d6405 <unknown>\n#14 0x55cf6649f4ff <unknown>\n#15 0x55cf664fa258 <unknown>\n#16 0x55cf664fa432 <unknown>\n#17 0x55cf6650bfa3 <unknown>\n#18 0x7f909389caa4 <unknown>\n#19 0x7f9093929c6c <unknown>",
        "time" : {
          "start" : 1761131455214,
          "stop" : 1761131465613,
          "duration" : 10399
        }
      }, {
        "uid" : "5a90a71df61881d4",
        "reportUrl" : "https://Brain-up.github.io/auto-tests-python/719//#testresult/5a90a71df61881d4",
        "status" : "skipped",
        "statusDetails" : "XFAIL\n\nselenium.common.exceptions.TimeoutException: Message: Can't find element by locator ('xpath', '//button[@data-test-active-link=\"Words\"]')\nStacktrace:\n#0 0x55f830817fba <unknown>\n#1 0x55f83029c6d0 <unknown>\n#2 0x55f8302ee2aa <unknown>\n#3 0x55f8302ee541 <unknown>\n#4 0x55f83033c6c4 <unknown>\n#5 0x55f830313e5d <unknown>\n#6 0x55f830339b54 <unknown>\n#7 0x55f830313c03 <unknown>\n#8 0x55f8302e07a8 <unknown>\n#9 0x55f8302e1421 <unknown>\n#10 0x55f8307dcb28 <unknown>\n#11 0x55f8307e087f <unknown>\n#12 0x55f8307c4c49 <unknown>\n#13 0x55f8307e1405 <unknown>\n#14 0x55f8307aa4ff <unknown>\n#15 0x55f830805258 <unknown>\n#16 0x55f830805432 <unknown>\n#17 0x55f830816fa3 <unknown>\n#18 0x7ff1b309caa4 <unknown>\n#19 0x7ff1b3129c6c <unknown>",
        "time" : {
          "start" : 1761040026695,
          "stop" : 1761040037101,
          "duration" : 10406
        }
      }, {
        "uid" : "6ef856dbb7345fc2",
        "reportUrl" : "https://Brain-up.github.io/auto-tests-python/718//#testresult/6ef856dbb7345fc2",
        "status" : "skipped",
        "statusDetails" : "XFAIL\n\nselenium.common.exceptions.TimeoutException: Message: Can't find element by locator ('xpath', '//button[@data-test-active-link=\"Words\"]')\nStacktrace:\n#0 0x556f9b6e667a <unknown>\n#1 0x556f9b165566 <unknown>\n#2 0x556f9b1b768d <unknown>\n#3 0x556f9b1b7921 <unknown>\n#4 0x556f9b205e94 <unknown>\n#5 0x556f9b1dd65d <unknown>\n#6 0x556f9b203328 <unknown>\n#7 0x556f9b1dd403 <unknown>\n#8 0x556f9b1a9b02 <unknown>\n#9 0x556f9b1aa7c1 <unknown>\n#10 0x556f9b6aa448 <unknown>\n#11 0x556f9b6ae2af <unknown>\n#12 0x556f9b6918d9 <unknown>\n#13 0x556f9b6aee55 <unknown>\n#14 0x556f9b67713f <unknown>\n#15 0x556f9b6d34b8 <unknown>\n#16 0x556f9b6d3693 <unknown>\n#17 0x556f9b6e5613 <unknown>\n#18 0x7fe91ae9caa4 <unknown>\n#19 0x7fe91af29c6c <unknown>",
        "time" : {
          "start" : 1760956721982,
          "stop" : 1760956732350,
          "duration" : 10368
        }
      }, {
        "uid" : "1b962947b9407b34",
        "reportUrl" : "https://Brain-up.github.io/auto-tests-python/717//#testresult/1b962947b9407b34",
        "status" : "skipped",
        "statusDetails" : "XFAIL\n\nselenium.common.exceptions.TimeoutException: Message: Can't find element by locator ('xpath', '//button[@data-test-active-link=\"Words\"]')\nStacktrace:\n#0 0x561a6151967a <unknown>\n#1 0x561a60f98566 <unknown>\n#2 0x561a60fea68d <unknown>\n#3 0x561a60fea921 <unknown>\n#4 0x561a61038e94 <unknown>\n#5 0x561a6101065d <unknown>\n#6 0x561a61036328 <unknown>\n#7 0x561a61010403 <unknown>\n#8 0x561a60fdcb02 <unknown>\n#9 0x561a60fdd7c1 <unknown>\n#10 0x561a614dd448 <unknown>\n#11 0x561a614e12af <unknown>\n#12 0x561a614c48d9 <unknown>\n#13 0x561a614e1e55 <unknown>\n#14 0x561a614aa13f <unknown>\n#15 0x561a615064b8 <unknown>\n#16 0x561a61506693 <unknown>\n#17 0x561a61518613 <unknown>\n#18 0x7fd02e09caa4 <unknown>\n#19 0x7fd02e129c6c <unknown>",
        "time" : {
          "start" : 1760876803783,
          "stop" : 1760876816053,
          "duration" : 12270
        }
      }, {
        "uid" : "2c0d63269f242c32",
        "reportUrl" : "https://Brain-up.github.io/auto-tests-python/716//#testresult/2c0d63269f242c32",
        "status" : "skipped",
        "statusDetails" : "XFAIL\n\nselenium.common.exceptions.TimeoutException: Message: Can't find element by locator ('xpath', '//button[@data-test-active-link=\"Words\"]')\nStacktrace:\n#0 0x55a109e2967a <unknown>\n#1 0x55a1098a8566 <unknown>\n#2 0x55a1098fa68d <unknown>\n#3 0x55a1098fa921 <unknown>\n#4 0x55a109948e94 <unknown>\n#5 0x55a10992065d <unknown>\n#6 0x55a109946328 <unknown>\n#7 0x55a109920403 <unknown>\n#8 0x55a1098ecb02 <unknown>\n#9 0x55a1098ed7c1 <unknown>\n#10 0x55a109ded448 <unknown>\n#11 0x55a109df12af <unknown>\n#12 0x55a109dd48d9 <unknown>\n#13 0x55a109df1e55 <unknown>\n#14 0x55a109dba13f <unknown>\n#15 0x55a109e164b8 <unknown>\n#16 0x55a109e16693 <unknown>\n#17 0x55a109e28613 <unknown>\n#18 0x7f0c55c9caa4 <unknown>\n#19 0x7f0c55d29c6c <unknown>",
        "time" : {
          "start" : 1760786205236,
          "stop" : 1760786215625,
          "duration" : 10389
        }
      }, {
        "uid" : "db9f537c28522fda",
        "reportUrl" : "https://Brain-up.github.io/auto-tests-python/715//#testresult/db9f537c28522fda",
        "status" : "skipped",
        "statusDetails" : "XFAIL\n\nselenium.common.exceptions.TimeoutException: Message: Can't find element by locator ('xpath', '//button[@data-test-active-link=\"Words\"]')\nStacktrace:\n#0 0x5654e5fcafba <unknown>\n#1 0x5654e5a4f6d0 <unknown>\n#2 0x5654e5aa12aa <unknown>\n#3 0x5654e5aa1541 <unknown>\n#4 0x5654e5aef6c4 <unknown>\n#5 0x5654e5ac6e5d <unknown>\n#6 0x5654e5aecb54 <unknown>\n#7 0x5654e5ac6c03 <unknown>\n#8 0x5654e5a937a8 <unknown>\n#9 0x5654e5a94421 <unknown>\n#10 0x5654e5f8fb28 <unknown>\n#11 0x5654e5f9387f <unknown>\n#12 0x5654e5f77c49 <unknown>\n#13 0x5654e5f94405 <unknown>\n#14 0x5654e5f5d4ff <unknown>\n#15 0x5654e5fb8258 <unknown>\n#16 0x5654e5fb8432 <unknown>\n#17 0x5654e5fc9fa3 <unknown>\n#18 0x7ff73ba9caa4 <unknown>\n#19 0x7ff73bb29c6c <unknown>",
        "time" : {
          "start" : 1760651924060,
          "stop" : 1760651934406,
          "duration" : 10346
        }
      }, {
        "uid" : "bb926d159936cdcc",
        "reportUrl" : "https://Brain-up.github.io/auto-tests-python/714//#testresult/bb926d159936cdcc",
        "status" : "skipped",
        "statusDetails" : "XFAIL\n\nselenium.common.exceptions.TimeoutException: Message: Can't find element by locator ('xpath', '//button[@data-test-active-link=\"Words\"]')\nStacktrace:\n#0 0x556d1cb5a67a <unknown>\n#1 0x556d1c5d9566 <unknown>\n#2 0x556d1c62b68d <unknown>\n#3 0x556d1c62b921 <unknown>\n#4 0x556d1c679e94 <unknown>\n#5 0x556d1c65165d <unknown>\n#6 0x556d1c677328 <unknown>\n#7 0x556d1c651403 <unknown>\n#8 0x556d1c61db02 <unknown>\n#9 0x556d1c61e7c1 <unknown>\n#10 0x556d1cb1e448 <unknown>\n#11 0x556d1cb222af <unknown>\n#12 0x556d1cb058d9 <unknown>\n#13 0x556d1cb22e55 <unknown>\n#14 0x556d1caeb13f <unknown>\n#15 0x556d1cb474b8 <unknown>\n#16 0x556d1cb47693 <unknown>\n#17 0x556d1cb59613 <unknown>\n#18 0x7ff301a9caa4 <unknown>\n#19 0x7ff301b29c6c <unknown>",
        "time" : {
          "start" : 1760647378527,
          "stop" : 1760647388871,
          "duration" : 10344
        }
      }, {
        "uid" : "16eada13c4bb111a",
        "reportUrl" : "https://Brain-up.github.io/auto-tests-python/713//#testresult/16eada13c4bb111a",
        "status" : "skipped",
        "statusDetails" : "XFAIL\n\nselenium.common.exceptions.TimeoutException: Message: Can't find element by locator ('xpath', '//button[@data-test-active-link=\"Words\"]')\nStacktrace:\n#0 0x5592aa535fba <unknown>\n#1 0x5592a9fba6d0 <unknown>\n#2 0x5592aa00c2aa <unknown>\n#3 0x5592aa00c541 <unknown>\n#4 0x5592aa05a6c4 <unknown>\n#5 0x5592aa031e5d <unknown>\n#6 0x5592aa057b54 <unknown>\n#7 0x5592aa031c03 <unknown>\n#8 0x5592a9ffe7a8 <unknown>\n#9 0x5592a9fff421 <unknown>\n#10 0x5592aa4fab28 <unknown>\n#11 0x5592aa4fe87f <unknown>\n#12 0x5592aa4e2c49 <unknown>\n#13 0x5592aa4ff405 <unknown>\n#14 0x5592aa4c84ff <unknown>\n#15 0x5592aa523258 <unknown>\n#16 0x5592aa523432 <unknown>\n#17 0x5592aa534fa3 <unknown>\n#18 0x7f5a2e29caa4 <unknown>\n#19 0x7f5a2e329c6c <unknown>",
        "time" : {
          "start" : 1760525446704,
          "stop" : 1760525457064,
          "duration" : 10360
        }
      }, {
        "uid" : "66e823ba322d921b",
        "reportUrl" : "https://Brain-up.github.io/auto-tests-python/712//#testresult/66e823ba322d921b",
        "status" : "skipped",
        "statusDetails" : "XFAIL\n\nselenium.common.exceptions.TimeoutException: Message: Can't find element by locator ('xpath', '//button[@data-test-active-link=\"Words\"]')\nStacktrace:\n#0 0x55ba9eefdfba <unknown>\n#1 0x55ba9e9826d0 <unknown>\n#2 0x55ba9e9d42aa <unknown>\n#3 0x55ba9e9d4541 <unknown>\n#4 0x55ba9ea226c4 <unknown>\n#5 0x55ba9e9f9e5d <unknown>\n#6 0x55ba9ea1fb54 <unknown>\n#7 0x55ba9e9f9c03 <unknown>\n#8 0x55ba9e9c67a8 <unknown>\n#9 0x55ba9e9c7421 <unknown>\n#10 0x55ba9eec2b28 <unknown>\n#11 0x55ba9eec687f <unknown>\n#12 0x55ba9eeaac49 <unknown>\n#13 0x55ba9eec7405 <unknown>\n#14 0x55ba9ee904ff <unknown>\n#15 0x55ba9eeeb258 <unknown>\n#16 0x55ba9eeeb432 <unknown>\n#17 0x55ba9eefcfa3 <unknown>\n#18 0x7fd83029caa4 <unknown>\n#19 0x7fd830329c6c <unknown>",
        "time" : {
          "start" : 1760437486820,
          "stop" : 1760437497192,
          "duration" : 10372
        }
      }, {
        "uid" : "a1057187663d0a47",
        "reportUrl" : "https://Brain-up.github.io/auto-tests-python/711//#testresult/a1057187663d0a47",
        "status" : "skipped",
        "statusDetails" : "XFAIL\n\nselenium.common.exceptions.TimeoutException: Message: Can't find element by locator ('xpath', '//button[@data-test-active-link=\"Words\"]')\nStacktrace:\n#0 0x55d1b973cfba <unknown>\n#1 0x55d1b91c16d0 <unknown>\n#2 0x55d1b92132aa <unknown>\n#3 0x55d1b9213541 <unknown>\n#4 0x55d1b92616c4 <unknown>\n#5 0x55d1b9238e5d <unknown>\n#6 0x55d1b925eb54 <unknown>\n#7 0x55d1b9238c03 <unknown>\n#8 0x55d1b92057a8 <unknown>\n#9 0x55d1b9206421 <unknown>\n#10 0x55d1b9701b28 <unknown>\n#11 0x55d1b970587f <unknown>\n#12 0x55d1b96e9c49 <unknown>\n#13 0x55d1b9706405 <unknown>\n#14 0x55d1b96cf4ff <unknown>\n#15 0x55d1b972a258 <unknown>\n#16 0x55d1b972a432 <unknown>\n#17 0x55d1b973bfa3 <unknown>\n#18 0x7f5a2729caa4 <unknown>\n#19 0x7f5a27329c6c <unknown>",
        "time" : {
          "start" : 1760305197130,
          "stop" : 1760305207561,
          "duration" : 10431
        }
      }, {
        "uid" : "c21d26ec255330b1",
        "reportUrl" : "https://Brain-up.github.io/auto-tests-python/710//#testresult/c21d26ec255330b1",
        "status" : "skipped",
        "statusDetails" : "XFAIL\n\nselenium.common.exceptions.TimeoutException: Message: Can't find element by locator ('xpath', '//button[@data-test-active-link=\"Words\"]')\nStacktrace:\n#0 0x55f3148dffba <unknown>\n#1 0x55f3143646d0 <unknown>\n#2 0x55f3143b62aa <unknown>\n#3 0x55f3143b6541 <unknown>\n#4 0x55f3144046c4 <unknown>\n#5 0x55f3143dbe5d <unknown>\n#6 0x55f314401b54 <unknown>\n#7 0x55f3143dbc03 <unknown>\n#8 0x55f3143a87a8 <unknown>\n#9 0x55f3143a9421 <unknown>\n#10 0x55f3148a4b28 <unknown>\n#11 0x55f3148a887f <unknown>\n#12 0x55f31488cc49 <unknown>\n#13 0x55f3148a9405 <unknown>\n#14 0x55f3148724ff <unknown>\n#15 0x55f3148cd258 <unknown>\n#16 0x55f3148cd432 <unknown>\n#17 0x55f3148defa3 <unknown>\n#18 0x7f161ec9caa4 <unknown>\n#19 0x7f161ed29c6c <unknown>",
        "time" : {
          "start" : 1760298458802,
          "stop" : 1760298469150,
          "duration" : 10348
        }
      } ]
    },
    "tags" : [ "@pytest.mark.xfail" ]
  },
  "source" : "b89bc0363864776a.json",
  "parameterValues" : [ ]
}