{
  "uid" : "1eab6c606cd9d377",
  "name" : "Verify content of the text on the page",
  "fullName" : "tests.contributors_page_test.TestContributorsPageText#test_cnp_02_03_verify_page_text",
  "historyId" : "fb3765b3b9cbccc8d3b872d250e108b4",
  "time" : {
    "start" : 1731459718008,
    "stop" : 1731459738466,
    "duration" : 20458
  },
  "status" : "broken",
  "statusMessage" : "selenium.common.exceptions.TimeoutException: Message: Can't find element by locator ('css selector', '.mb-16')\nStacktrace:\n#0 0x558cd2b4413a <unknown>\n#1 0x558cd265f460 <unknown>\n#2 0x558cd26abf96 <unknown>\n#3 0x558cd26ac221 <unknown>\n#4 0x558cd26f15d4 <unknown>\n#5 0x558cd26d003d <unknown>\n#6 0x558cd26eeaf6 <unknown>\n#7 0x558cd26cfdb3 <unknown>\n#8 0x558cd269ec10 <unknown>\n#9 0x558cd269fbee <unknown>\n#10 0x558cd2b103cb <unknown>\n#11 0x558cd2b14368 <unknown>\n#12 0x558cd2afdeec <unknown>\n#13 0x558cd2b14ee7 <unknown>\n#14 0x558cd2ae313f <unknown>\n#15 0x558cd2b32858 <unknown>\n#16 0x558cd2b32a20 <unknown>\n#17 0x558cd2b42fb6 <unknown>\n#18 0x7ff55b894ac3 <unknown>",
  "statusTrace" : "self = <tests.contributors_page_test.TestContributorsPage.TestContributorsPageText object at 0x7ffbde4bfb90>\ndriver = <selenium.webdriver.chrome.webdriver.WebDriver (session=\"c50b9bafe8b58b3391faa519d5cc99f9\")>\ncontributors_page_open = None\n\n    @allure.title(\"Verify content of the text on the page\")\n    def test_cnp_02_03_verify_page_text(self, driver, contributors_page_open):\n        page = ContributorsPage(driver)\n>       text_content = page.get_text_content_on_page()\n\ntests/contributors_page_test.py:94: \n_ _ _ _ _ _ _ _ _ _ _ _ _ _ _ _ _ _ _ _ _ _ _ _ _ _ _ _ _ _ _ _ _ _ _ _ _ _ _ _ \npages/contributors_page.py:131: in get_text_content_on_page\n    return self.element_is_present(self.locators.PAGE_TEXT).text\npages/base_page.py:51: in element_is_present\n    return Wait(self.driver, self.timeout).until(\n_ _ _ _ _ _ _ _ _ _ _ _ _ _ _ _ _ _ _ _ _ _ _ _ _ _ _ _ _ _ _ _ _ _ _ _ _ _ _ _ \n\nself = <selenium.webdriver.support.wait.WebDriverWait (session=\"c50b9bafe8b58b3391faa519d5cc99f9\")>\nmethod = <function presence_of_element_located.<locals>._predicate at 0x7ffbde0c1e40>\nmessage = \"Can't find element by locator ('css selector', '.mb-16')\"\n\n    def until(self, method, message: str = \"\"):\n        \"\"\"Calls the method provided with the driver as an argument until the \\\n        return value does not evaluate to ``False``.\n    \n        :param method: callable(WebDriver)\n        :param message: optional message for :exc:`TimeoutException`\n        :returns: the result of the last call to `method`\n        :raises: :exc:`selenium.common.exceptions.TimeoutException` if timeout occurs\n        \"\"\"\n        screen = None\n        stacktrace = None\n    \n        end_time = time.monotonic() + self._timeout\n        while True:\n            try:\n                value = method(self._driver)\n                if value:\n                    return value\n            except self._ignored_exceptions as exc:\n                screen = getattr(exc, \"screen\", None)\n                stacktrace = getattr(exc, \"stacktrace\", None)\n            time.sleep(self._poll)\n            if time.monotonic() > end_time:\n                break\n>       raise TimeoutException(message, screen, stacktrace)\nE       selenium.common.exceptions.TimeoutException: Message: Can't find element by locator ('css selector', '.mb-16')\nE       Stacktrace:\nE       #0 0x558cd2b4413a <unknown>\nE       #1 0x558cd265f460 <unknown>\nE       #2 0x558cd26abf96 <unknown>\nE       #3 0x558cd26ac221 <unknown>\nE       #4 0x558cd26f15d4 <unknown>\nE       #5 0x558cd26d003d <unknown>\nE       #6 0x558cd26eeaf6 <unknown>\nE       #7 0x558cd26cfdb3 <unknown>\nE       #8 0x558cd269ec10 <unknown>\nE       #9 0x558cd269fbee <unknown>\nE       #10 0x558cd2b103cb <unknown>\nE       #11 0x558cd2b14368 <unknown>\nE       #12 0x558cd2afdeec <unknown>\nE       #13 0x558cd2b14ee7 <unknown>\nE       #14 0x558cd2ae313f <unknown>\nE       #15 0x558cd2b32858 <unknown>\nE       #16 0x558cd2b32a20 <unknown>\nE       #17 0x558cd2b42fb6 <unknown>\nE       #18 0x7ff55b894ac3 <unknown>\n\n/opt/hostedtoolcache/Python/3.12.7/x64/lib/python3.12/site-packages/selenium/webdriver/support/wait.py:95: TimeoutException",
  "flaky" : false,
  "newFailed" : false,
  "beforeStages" : [ {
    "name" : "contributors_page_open",
    "time" : {
      "start" : 1731459717685,
      "stop" : 1731459718008,
      "duration" : 323
    },
    "status" : "passed",
    "steps" : [ {
      "name" : "Open page: https://brainup.site/contributors",
      "time" : {
        "start" : 1731459717686,
        "stop" : 1731459718008,
        "duration" : 322
      },
      "status" : "passed",
      "steps" : [ ],
      "attachments" : [ ],
      "parameters" : [ {
        "name" : "driver",
        "value" : "<selenium.webdriver.chrome.webdriver.WebDriver (session=\"c50b9bafe8b58b3391faa519d5cc99f9\")>"
      } ],
      "stepsCount" : 0,
      "attachmentsCount" : 0,
      "shouldDisplayMessage" : false,
      "hasContent" : true
    } ],
    "attachments" : [ ],
    "parameters" : [ ],
    "stepsCount" : 1,
    "attachmentsCount" : 0,
    "shouldDisplayMessage" : false,
    "hasContent" : true
  }, {
    "name" : "driver",
    "time" : {
      "start" : 1731459716911,
      "stop" : 1731459717685,
      "duration" : 774
    },
    "status" : "passed",
    "steps" : [ ],
    "attachments" : [ ],
    "parameters" : [ ],
    "stepsCount" : 0,
    "attachmentsCount" : 0,
    "shouldDisplayMessage" : false,
    "hasContent" : false
  }, {
    "name" : "clear_allure_results_folder",
    "time" : {
      "start" : 1731459346241,
      "stop" : 1731459346241,
      "duration" : 0
    },
    "status" : "passed",
    "steps" : [ ],
    "attachments" : [ ],
    "parameters" : [ ],
    "stepsCount" : 0,
    "attachmentsCount" : 0,
    "shouldDisplayMessage" : false,
    "hasContent" : false
  } ],
  "testStage" : {
    "status" : "broken",
    "statusMessage" : "selenium.common.exceptions.TimeoutException: Message: Can't find element by locator ('css selector', '.mb-16')\nStacktrace:\n#0 0x558cd2b4413a <unknown>\n#1 0x558cd265f460 <unknown>\n#2 0x558cd26abf96 <unknown>\n#3 0x558cd26ac221 <unknown>\n#4 0x558cd26f15d4 <unknown>\n#5 0x558cd26d003d <unknown>\n#6 0x558cd26eeaf6 <unknown>\n#7 0x558cd26cfdb3 <unknown>\n#8 0x558cd269ec10 <unknown>\n#9 0x558cd269fbee <unknown>\n#10 0x558cd2b103cb <unknown>\n#11 0x558cd2b14368 <unknown>\n#12 0x558cd2afdeec <unknown>\n#13 0x558cd2b14ee7 <unknown>\n#14 0x558cd2ae313f <unknown>\n#15 0x558cd2b32858 <unknown>\n#16 0x558cd2b32a20 <unknown>\n#17 0x558cd2b42fb6 <unknown>\n#18 0x7ff55b894ac3 <unknown>",
    "statusTrace" : "self = <tests.contributors_page_test.TestContributorsPage.TestContributorsPageText object at 0x7ffbde4bfb90>\ndriver = <selenium.webdriver.chrome.webdriver.WebDriver (session=\"c50b9bafe8b58b3391faa519d5cc99f9\")>\ncontributors_page_open = None\n\n    @allure.title(\"Verify content of the text on the page\")\n    def test_cnp_02_03_verify_page_text(self, driver, contributors_page_open):\n        page = ContributorsPage(driver)\n>       text_content = page.get_text_content_on_page()\n\ntests/contributors_page_test.py:94: \n_ _ _ _ _ _ _ _ _ _ _ _ _ _ _ _ _ _ _ _ _ _ _ _ _ _ _ _ _ _ _ _ _ _ _ _ _ _ _ _ \npages/contributors_page.py:131: in get_text_content_on_page\n    return self.element_is_present(self.locators.PAGE_TEXT).text\npages/base_page.py:51: in element_is_present\n    return Wait(self.driver, self.timeout).until(\n_ _ _ _ _ _ _ _ _ _ _ _ _ _ _ _ _ _ _ _ _ _ _ _ _ _ _ _ _ _ _ _ _ _ _ _ _ _ _ _ \n\nself = <selenium.webdriver.support.wait.WebDriverWait (session=\"c50b9bafe8b58b3391faa519d5cc99f9\")>\nmethod = <function presence_of_element_located.<locals>._predicate at 0x7ffbde0c1e40>\nmessage = \"Can't find element by locator ('css selector', '.mb-16')\"\n\n    def until(self, method, message: str = \"\"):\n        \"\"\"Calls the method provided with the driver as an argument until the \\\n        return value does not evaluate to ``False``.\n    \n        :param method: callable(WebDriver)\n        :param message: optional message for :exc:`TimeoutException`\n        :returns: the result of the last call to `method`\n        :raises: :exc:`selenium.common.exceptions.TimeoutException` if timeout occurs\n        \"\"\"\n        screen = None\n        stacktrace = None\n    \n        end_time = time.monotonic() + self._timeout\n        while True:\n            try:\n                value = method(self._driver)\n                if value:\n                    return value\n            except self._ignored_exceptions as exc:\n                screen = getattr(exc, \"screen\", None)\n                stacktrace = getattr(exc, \"stacktrace\", None)\n            time.sleep(self._poll)\n            if time.monotonic() > end_time:\n                break\n>       raise TimeoutException(message, screen, stacktrace)\nE       selenium.common.exceptions.TimeoutException: Message: Can't find element by locator ('css selector', '.mb-16')\nE       Stacktrace:\nE       #0 0x558cd2b4413a <unknown>\nE       #1 0x558cd265f460 <unknown>\nE       #2 0x558cd26abf96 <unknown>\nE       #3 0x558cd26ac221 <unknown>\nE       #4 0x558cd26f15d4 <unknown>\nE       #5 0x558cd26d003d <unknown>\nE       #6 0x558cd26eeaf6 <unknown>\nE       #7 0x558cd26cfdb3 <unknown>\nE       #8 0x558cd269ec10 <unknown>\nE       #9 0x558cd269fbee <unknown>\nE       #10 0x558cd2b103cb <unknown>\nE       #11 0x558cd2b14368 <unknown>\nE       #12 0x558cd2afdeec <unknown>\nE       #13 0x558cd2b14ee7 <unknown>\nE       #14 0x558cd2ae313f <unknown>\nE       #15 0x558cd2b32858 <unknown>\nE       #16 0x558cd2b32a20 <unknown>\nE       #17 0x558cd2b42fb6 <unknown>\nE       #18 0x7ff55b894ac3 <unknown>\n\n/opt/hostedtoolcache/Python/3.12.7/x64/lib/python3.12/site-packages/selenium/webdriver/support/wait.py:95: TimeoutException",
    "steps" : [ {
      "name" : "Get content of the text on the page",
      "time" : {
        "start" : 1731459718008,
        "stop" : 1731459738465,
        "duration" : 20457
      },
      "status" : "broken",
      "statusMessage" : "selenium.common.exceptions.TimeoutException: Message: Can't find element by locator ('css selector', '.mb-16')\nStacktrace:\n#0 0x558cd2b4413a <unknown>\n#1 0x558cd265f460 <unknown>\n#2 0x558cd26abf96 <unknown>\n#3 0x558cd26ac221 <unknown>\n#4 0x558cd26f15d4 <unknown>\n#5 0x558cd26d003d <unknown>\n#6 0x558cd26eeaf6 <unknown>\n#7 0x558cd26cfdb3 <unknown>\n#8 0x558cd269ec10 <unknown>\n#9 0x558cd269fbee <unknown>\n#10 0x558cd2b103cb <unknown>\n#11 0x558cd2b14368 <unknown>\n#12 0x558cd2afdeec <unknown>\n#13 0x558cd2b14ee7 <unknown>\n#14 0x558cd2ae313f <unknown>\n#15 0x558cd2b32858 <unknown>\n#16 0x558cd2b32a20 <unknown>\n#17 0x558cd2b42fb6 <unknown>\n#18 0x7ff55b894ac3 <unknown>\n\n",
      "statusTrace" : "  File \"/opt/hostedtoolcache/Python/3.12.7/x64/lib/python3.12/site-packages/allure_commons/_allure.py\", line 192, in impl\n    return func(*a, **kw)\n           ^^^^^^^^^^^^^^\n  File \"/home/runner/work/auto-tests-python/auto-tests-python/pages/contributors_page.py\", line 131, in get_text_content_on_page\n    return self.element_is_present(self.locators.PAGE_TEXT).text\n           ^^^^^^^^^^^^^^^^^^^^^^^^^^^^^^^^^^^^^^^^^^^^^^^^\n  File \"/home/runner/work/auto-tests-python/auto-tests-python/pages/base_page.py\", line 51, in element_is_present\n    return Wait(self.driver, self.timeout).until(\n           ^^^^^^^^^^^^^^^^^^^^^^^^^^^^^^^^^^^^^^\n  File \"/opt/hostedtoolcache/Python/3.12.7/x64/lib/python3.12/site-packages/selenium/webdriver/support/wait.py\", line 95, in until\n    raise TimeoutException(message, screen, stacktrace)\n",
      "steps" : [ ],
      "attachments" : [ ],
      "parameters" : [ ],
      "stepsCount" : 0,
      "attachmentsCount" : 0,
      "shouldDisplayMessage" : true,
      "hasContent" : true
    } ],
    "attachments" : [ {
      "uid" : "c7544313e9caf399",
      "name" : "Screenshot 2024-11-13 01:02:18.558279",
      "source" : "c7544313e9caf399.png",
      "type" : "image/png",
      "size" : 48838
    } ],
    "parameters" : [ ],
    "stepsCount" : 1,
    "attachmentsCount" : 1,
    "shouldDisplayMessage" : true,
    "hasContent" : true
  },
  "afterStages" : [ {
    "name" : "driver::0",
    "time" : {
      "start" : 1731459738559,
      "stop" : 1731459738641,
      "duration" : 82
    },
    "status" : "passed",
    "steps" : [ ],
    "attachments" : [ ],
    "parameters" : [ ],
    "stepsCount" : 0,
    "attachmentsCount" : 0,
    "shouldDisplayMessage" : false,
    "hasContent" : false
  } ],
  "labels" : [ {
    "name" : "epic",
    "value" : "The Contributors Page"
  }, {
    "name" : "parentSuite",
    "value" : "tests"
  }, {
    "name" : "suite",
    "value" : "contributors_page_test"
  }, {
    "name" : "subSuite",
    "value" : "TestContributorsPage"
  }, {
    "name" : "host",
    "value" : "fv-az1446-12"
  }, {
    "name" : "thread",
    "value" : "2313-MainThread"
  }, {
    "name" : "framework",
    "value" : "pytest"
  }, {
    "name" : "language",
    "value" : "cpython3"
  }, {
    "name" : "package",
    "value" : "tests.contributors_page_test"
  }, {
    "name" : "resultFormat",
    "value" : "allure2"
  } ],
  "parameters" : [ ],
  "links" : [ ],
  "hidden" : false,
  "retry" : false,
  "extra" : {
    "severity" : "normal",
    "retries" : [ ],
    "categories" : [ {
      "name" : "Test defects",
      "matchedStatuses" : [ ],
      "flaky" : false
    } ],
    "history" : {
      "statistic" : {
        "failed" : 0,
        "broken" : 9,
        "skipped" : 21,
        "passed" : 348,
        "unknown" : 0,
        "total" : 378
      },
      "items" : [ {
        "uid" : "913137e42679b8c",
        "reportUrl" : "https://Brain-up.github.io/auto-tests-python/383//#testresult/913137e42679b8c",
        "status" : "passed",
        "time" : {
          "start" : 1731412636624,
          "stop" : 1731412636643,
          "duration" : 19
        }
      }, {
        "uid" : "8b6855900d5a52f9",
        "reportUrl" : "https://Brain-up.github.io/auto-tests-python/382//#testresult/8b6855900d5a52f9",
        "status" : "passed",
        "time" : {
          "start" : 1731410192920,
          "stop" : 1731410192939,
          "duration" : 19
        }
      }, {
        "uid" : "2d6f11e456e8752b",
        "reportUrl" : "https://Brain-up.github.io/auto-tests-python/381//#testresult/2d6f11e456e8752b",
        "status" : "passed",
        "time" : {
          "start" : 1731408117613,
          "stop" : 1731408117633,
          "duration" : 20
        }
      }, {
        "uid" : "110e3e664f92e6a8",
        "reportUrl" : "https://Brain-up.github.io/auto-tests-python/181//#testresult/110e3e664f92e6a8",
        "status" : "passed",
        "time" : {
          "start" : 1731373001379,
          "stop" : 1731373001398,
          "duration" : 19
        }
      }, {
        "uid" : "cc73eee018e3a451",
        "reportUrl" : "https://Brain-up.github.io/auto-tests-python/380//#testresult/cc73eee018e3a451",
        "status" : "passed",
        "time" : {
          "start" : 1731355690115,
          "stop" : 1731355690134,
          "duration" : 19
        }
      }, {
        "uid" : "fd9d2aec2538d1cf",
        "reportUrl" : "https://Brain-up.github.io/auto-tests-python/379//#testresult/fd9d2aec2538d1cf",
        "status" : "passed",
        "time" : {
          "start" : 1731353611783,
          "stop" : 1731353611802,
          "duration" : 19
        }
      }, {
        "uid" : "5ec8b2304be9f3f5",
        "reportUrl" : "https://Brain-up.github.io/auto-tests-python/180//#testresult/5ec8b2304be9f3f5",
        "status" : "passed",
        "time" : {
          "start" : 1731286731504,
          "stop" : 1731286731524,
          "duration" : 20
        }
      }, {
        "uid" : "225eafb801c91b3e",
        "reportUrl" : "https://Brain-up.github.io/auto-tests-python/179//#testresult/225eafb801c91b3e",
        "status" : "passed",
        "time" : {
          "start" : 1731200450023,
          "stop" : 1731200450042,
          "duration" : 19
        }
      }, {
        "uid" : "f99f6f85b491083f",
        "reportUrl" : "https://Brain-up.github.io/auto-tests-python/178//#testresult/f99f6f85b491083f",
        "status" : "passed",
        "time" : {
          "start" : 1731113707092,
          "stop" : 1731113707145,
          "duration" : 53
        }
      }, {
        "uid" : "cb05fd7edbde9016",
        "reportUrl" : "https://Brain-up.github.io/auto-tests-python/378//#testresult/cb05fd7edbde9016",
        "status" : "passed",
        "time" : {
          "start" : 1731063471442,
          "stop" : 1731063471461,
          "duration" : 19
        }
      }, {
        "uid" : "7a5f5c6d31836989",
        "reportUrl" : "https://Brain-up.github.io/auto-tests-python/377//#testresult/7a5f5c6d31836989",
        "status" : "passed",
        "time" : {
          "start" : 1731060083669,
          "stop" : 1731060083688,
          "duration" : 19
        }
      }, {
        "uid" : "1afbf9f25154c0dc",
        "reportUrl" : "https://Brain-up.github.io/auto-tests-python/177//#testresult/1afbf9f25154c0dc",
        "status" : "passed",
        "time" : {
          "start" : 1731027412918,
          "stop" : 1731027412937,
          "duration" : 19
        }
      }, {
        "uid" : "ae26e39bab2482b9",
        "reportUrl" : "https://Brain-up.github.io/auto-tests-python/376//#testresult/ae26e39bab2482b9",
        "status" : "passed",
        "time" : {
          "start" : 1730968486968,
          "stop" : 1730968486989,
          "duration" : 21
        }
      }, {
        "uid" : "b8b4be9963903c52",
        "reportUrl" : "https://Brain-up.github.io/auto-tests-python/375//#testresult/b8b4be9963903c52",
        "status" : "passed",
        "time" : {
          "start" : 1730967018322,
          "stop" : 1730967018342,
          "duration" : 20
        }
      }, {
        "uid" : "44226bded67ce578",
        "reportUrl" : "https://Brain-up.github.io/auto-tests-python/176//#testresult/44226bded67ce578",
        "status" : "passed",
        "time" : {
          "start" : 1730941146434,
          "stop" : 1730941146454,
          "duration" : 20
        }
      }, {
        "uid" : "18ffb9ced2837dd0",
        "reportUrl" : "https://Brain-up.github.io/auto-tests-python/374//#testresult/18ffb9ced2837dd0",
        "status" : "passed",
        "time" : {
          "start" : 1730889550713,
          "stop" : 1730889550733,
          "duration" : 20
        }
      }, {
        "uid" : "d6787de26089e02e",
        "reportUrl" : "https://Brain-up.github.io/auto-tests-python/373//#testresult/d6787de26089e02e",
        "status" : "passed",
        "time" : {
          "start" : 1730888152376,
          "stop" : 1730888152398,
          "duration" : 22
        }
      }, {
        "uid" : "79e67a5af14f64f5",
        "reportUrl" : "https://Brain-up.github.io/auto-tests-python/175//#testresult/79e67a5af14f64f5",
        "status" : "passed",
        "time" : {
          "start" : 1730854612338,
          "stop" : 1730854612358,
          "duration" : 20
        }
      }, {
        "uid" : "308ddde463b17fd4",
        "reportUrl" : "https://Brain-up.github.io/auto-tests-python/372//#testresult/308ddde463b17fd4",
        "status" : "passed",
        "time" : {
          "start" : 1730799586716,
          "stop" : 1730799586735,
          "duration" : 19
        }
      }, {
        "uid" : "8ae6e86d8b60caad",
        "reportUrl" : "https://Brain-up.github.io/auto-tests-python/371//#testresult/8ae6e86d8b60caad",
        "status" : "passed",
        "time" : {
          "start" : 1730797699566,
          "stop" : 1730797699586,
          "duration" : 20
        }
      } ]
    },
    "tags" : [ ]
  },
  "source" : "1eab6c606cd9d377.json",
  "parameterValues" : [ ]
}