{
  "uid" : "323b5d7a04a52b9a",
  "name" : "Verify value of the title and subtitles on the page",
  "fullName" : "tests.groups_page_test.TestGroupsPageText#test_gp_02_02_verify_page_title_and_subtitles",
  "historyId" : "491840f502fdcb50b2d4fe78bed672c1",
  "time" : {
    "start" : 1731460390815,
    "stop" : 1731460390815,
    "duration" : 0
  },
  "status" : "broken",
  "statusMessage" : "selenium.common.exceptions.TimeoutException: Message: Can't find element by locator ('xpath', '//a[@id=\"ember11\"]')\nStacktrace:\n#0 0x562407e9e13a <unknown>\n#1 0x5624079b9460 <unknown>\n#2 0x562407a05f96 <unknown>\n#3 0x562407a06221 <unknown>\n#4 0x562407a4b5d4 <unknown>\n#5 0x562407a2a03d <unknown>\n#6 0x562407a48af6 <unknown>\n#7 0x562407a29db3 <unknown>\n#8 0x5624079f8c10 <unknown>\n#9 0x5624079f9bee <unknown>\n#10 0x562407e6a3cb <unknown>\n#11 0x562407e6e368 <unknown>\n#12 0x562407e57eec <unknown>\n#13 0x562407e6eee7 <unknown>\n#14 0x562407e3d13f <unknown>\n#15 0x562407e8c858 <unknown>\n#16 0x562407e8ca20 <unknown>\n#17 0x562407e9cfb6 <unknown>\n#18 0x7fa4f5294ac3 <unknown>",
  "statusTrace" : "driver = <selenium.webdriver.chrome.webdriver.WebDriver (session=\"0dcf1420b41964a2268d22bfecc9114f\")>\nmain_page_open = None\n\n    @pytest.fixture()\n    @allure.step('Auto test user authorized')\n    def auto_test_user_authorized(driver, main_page_open):\n        page = BasePage(driver)\n>       page.element_is_present_and_clickable(MainPageLocators.LOGIN_BUTTON).click()\n\ntests/conftest.py:87: \n_ _ _ _ _ _ _ _ _ _ _ _ _ _ _ _ _ _ _ _ _ _ _ _ _ _ _ _ _ _ _ _ _ _ _ _ _ _ _ _ \npages/base_page.py:32: in element_is_present_and_clickable\n    return (Wait(self.driver, self.timeout).until(\n_ _ _ _ _ _ _ _ _ _ _ _ _ _ _ _ _ _ _ _ _ _ _ _ _ _ _ _ _ _ _ _ _ _ _ _ _ _ _ _ \n\nself = <selenium.webdriver.support.wait.WebDriverWait (session=\"0dcf1420b41964a2268d22bfecc9114f\")>\nmethod = <function visibility_of_element_located.<locals>._predicate at 0x7ffbddf1f240>\nmessage = 'Can\\'t find element by locator (\\'xpath\\', \\'//a[@id=\"ember11\"]\\')'\n\n    def until(self, method, message: str = \"\"):\n        \"\"\"Calls the method provided with the driver as an argument until the \\\n        return value does not evaluate to ``False``.\n    \n        :param method: callable(WebDriver)\n        :param message: optional message for :exc:`TimeoutException`\n        :returns: the result of the last call to `method`\n        :raises: :exc:`selenium.common.exceptions.TimeoutException` if timeout occurs\n        \"\"\"\n        screen = None\n        stacktrace = None\n    \n        end_time = time.monotonic() + self._timeout\n        while True:\n            try:\n                value = method(self._driver)\n                if value:\n                    return value\n            except self._ignored_exceptions as exc:\n                screen = getattr(exc, \"screen\", None)\n                stacktrace = getattr(exc, \"stacktrace\", None)\n            time.sleep(self._poll)\n            if time.monotonic() > end_time:\n                break\n>       raise TimeoutException(message, screen, stacktrace)\nE       selenium.common.exceptions.TimeoutException: Message: Can't find element by locator ('xpath', '//a[@id=\"ember11\"]')\nE       Stacktrace:\nE       #0 0x562407e9e13a <unknown>\nE       #1 0x5624079b9460 <unknown>\nE       #2 0x562407a05f96 <unknown>\nE       #3 0x562407a06221 <unknown>\nE       #4 0x562407a4b5d4 <unknown>\nE       #5 0x562407a2a03d <unknown>\nE       #6 0x562407a48af6 <unknown>\nE       #7 0x562407a29db3 <unknown>\nE       #8 0x5624079f8c10 <unknown>\nE       #9 0x5624079f9bee <unknown>\nE       #10 0x562407e6a3cb <unknown>\nE       #11 0x562407e6e368 <unknown>\nE       #12 0x562407e57eec <unknown>\nE       #13 0x562407e6eee7 <unknown>\nE       #14 0x562407e3d13f <unknown>\nE       #15 0x562407e8c858 <unknown>\nE       #16 0x562407e8ca20 <unknown>\nE       #17 0x562407e9cfb6 <unknown>\nE       #18 0x7fa4f5294ac3 <unknown>\n\n/opt/hostedtoolcache/Python/3.12.7/x64/lib/python3.12/site-packages/selenium/webdriver/support/wait.py:95: TimeoutException",
  "flaky" : false,
  "newFailed" : false,
  "beforeStages" : [ {
    "name" : "driver",
    "time" : {
      "start" : 1731460390816,
      "stop" : 1731460391582,
      "duration" : 766
    },
    "status" : "passed",
    "steps" : [ ],
    "attachments" : [ ],
    "parameters" : [ ],
    "stepsCount" : 0,
    "attachmentsCount" : 0,
    "shouldDisplayMessage" : false,
    "hasContent" : false
  }, {
    "name" : "auto_test_user_authorized",
    "time" : {
      "start" : 1731460391920,
      "stop" : 1731460412388,
      "duration" : 20468
    },
    "status" : "broken",
    "statusMessage" : "selenium.common.exceptions.TimeoutException: Message: Can't find element by locator ('xpath', '//a[@id=\"ember11\"]')\nStacktrace:\n#0 0x562407e9e13a <unknown>\n#1 0x5624079b9460 <unknown>\n#2 0x562407a05f96 <unknown>\n#3 0x562407a06221 <unknown>\n#4 0x562407a4b5d4 <unknown>\n#5 0x562407a2a03d <unknown>\n#6 0x562407a48af6 <unknown>\n#7 0x562407a29db3 <unknown>\n#8 0x5624079f8c10 <unknown>\n#9 0x5624079f9bee <unknown>\n#10 0x562407e6a3cb <unknown>\n#11 0x562407e6e368 <unknown>\n#12 0x562407e57eec <unknown>\n#13 0x562407e6eee7 <unknown>\n#14 0x562407e3d13f <unknown>\n#15 0x562407e8c858 <unknown>\n#16 0x562407e8ca20 <unknown>\n#17 0x562407e9cfb6 <unknown>\n#18 0x7fa4f5294ac3 <unknown>\n\n",
    "statusTrace" : "  File \"/opt/hostedtoolcache/Python/3.12.7/x64/lib/python3.12/site-packages/pluggy/_callers.py\", line 103, in _multicall\n    res = hook_impl.function(*args)\n          ^^^^^^^^^^^^^^^^^^^^^^^^^\n  File \"/opt/hostedtoolcache/Python/3.12.7/x64/lib/python3.12/site-packages/_pytest/fixtures.py\", line 1123, in pytest_fixture_setup\n    result = call_fixture_func(fixturefunc, request, kwargs)\n             ^^^^^^^^^^^^^^^^^^^^^^^^^^^^^^^^^^^^^^^^^^^^^^^\n  File \"/opt/hostedtoolcache/Python/3.12.7/x64/lib/python3.12/site-packages/_pytest/fixtures.py\", line 902, in call_fixture_func\n    fixture_result = fixturefunc(**kwargs)\n                     ^^^^^^^^^^^^^^^^^^^^^\n  File \"/opt/hostedtoolcache/Python/3.12.7/x64/lib/python3.12/site-packages/allure_commons/_allure.py\", line 192, in impl\n    return func(*a, **kw)\n           ^^^^^^^^^^^^^^\n  File \"/home/runner/work/auto-tests-python/auto-tests-python/tests/conftest.py\", line 87, in auto_test_user_authorized\n    page.element_is_present_and_clickable(MainPageLocators.LOGIN_BUTTON).click()\n    ^^^^^^^^^^^^^^^^^^^^^^^^^^^^^^^^^^^^^^^^^^^^^^^^^^^^^^^^^^^^^^^^^^^^\n  File \"/home/runner/work/auto-tests-python/auto-tests-python/pages/base_page.py\", line 32, in element_is_present_and_clickable\n    return (Wait(self.driver, self.timeout).until(\n            ^^^^^^^^^^^^^^^^^^^^^^^^^^^^^^^^^^^^^^\n  File \"/opt/hostedtoolcache/Python/3.12.7/x64/lib/python3.12/site-packages/selenium/webdriver/support/wait.py\", line 95, in until\n    raise TimeoutException(message, screen, stacktrace)\n",
    "steps" : [ {
      "name" : "Auto test user authorized",
      "time" : {
        "start" : 1731460391920,
        "stop" : 1731460412388,
        "duration" : 20468
      },
      "status" : "broken",
      "statusMessage" : "selenium.common.exceptions.TimeoutException: Message: Can't find element by locator ('xpath', '//a[@id=\"ember11\"]')\nStacktrace:\n#0 0x562407e9e13a <unknown>\n#1 0x5624079b9460 <unknown>\n#2 0x562407a05f96 <unknown>\n#3 0x562407a06221 <unknown>\n#4 0x562407a4b5d4 <unknown>\n#5 0x562407a2a03d <unknown>\n#6 0x562407a48af6 <unknown>\n#7 0x562407a29db3 <unknown>\n#8 0x5624079f8c10 <unknown>\n#9 0x5624079f9bee <unknown>\n#10 0x562407e6a3cb <unknown>\n#11 0x562407e6e368 <unknown>\n#12 0x562407e57eec <unknown>\n#13 0x562407e6eee7 <unknown>\n#14 0x562407e3d13f <unknown>\n#15 0x562407e8c858 <unknown>\n#16 0x562407e8ca20 <unknown>\n#17 0x562407e9cfb6 <unknown>\n#18 0x7fa4f5294ac3 <unknown>\n\n",
      "statusTrace" : "  File \"/opt/hostedtoolcache/Python/3.12.7/x64/lib/python3.12/site-packages/allure_commons/_allure.py\", line 192, in impl\n    return func(*a, **kw)\n           ^^^^^^^^^^^^^^\n  File \"/home/runner/work/auto-tests-python/auto-tests-python/tests/conftest.py\", line 87, in auto_test_user_authorized\n    page.element_is_present_and_clickable(MainPageLocators.LOGIN_BUTTON).click()\n    ^^^^^^^^^^^^^^^^^^^^^^^^^^^^^^^^^^^^^^^^^^^^^^^^^^^^^^^^^^^^^^^^^^^^\n  File \"/home/runner/work/auto-tests-python/auto-tests-python/pages/base_page.py\", line 32, in element_is_present_and_clickable\n    return (Wait(self.driver, self.timeout).until(\n            ^^^^^^^^^^^^^^^^^^^^^^^^^^^^^^^^^^^^^^\n  File \"/opt/hostedtoolcache/Python/3.12.7/x64/lib/python3.12/site-packages/selenium/webdriver/support/wait.py\", line 95, in until\n    raise TimeoutException(message, screen, stacktrace)\n",
      "steps" : [ ],
      "attachments" : [ ],
      "parameters" : [ {
        "name" : "driver",
        "value" : "<selenium.webdriver.chrome.webdriver.WebDriver (session=\"0dcf1420b41964a2268d22bfecc9114f\")>"
      }, {
        "name" : "main_page_open",
        "value" : "None"
      } ],
      "stepsCount" : 0,
      "attachmentsCount" : 0,
      "shouldDisplayMessage" : true,
      "hasContent" : true
    } ],
    "attachments" : [ ],
    "parameters" : [ ],
    "stepsCount" : 1,
    "attachmentsCount" : 0,
    "shouldDisplayMessage" : false,
    "hasContent" : true
  }, {
    "name" : "main_page_open",
    "time" : {
      "start" : 1731460391582,
      "stop" : 1731460391920,
      "duration" : 338
    },
    "status" : "passed",
    "steps" : [ {
      "name" : "Open page: https://brainup.site/",
      "time" : {
        "start" : 1731460391583,
        "stop" : 1731460391919,
        "duration" : 336
      },
      "status" : "passed",
      "steps" : [ ],
      "attachments" : [ ],
      "parameters" : [ {
        "name" : "driver",
        "value" : "<selenium.webdriver.chrome.webdriver.WebDriver (session=\"0dcf1420b41964a2268d22bfecc9114f\")>"
      } ],
      "stepsCount" : 0,
      "attachmentsCount" : 0,
      "shouldDisplayMessage" : false,
      "hasContent" : true
    } ],
    "attachments" : [ ],
    "parameters" : [ ],
    "stepsCount" : 1,
    "attachmentsCount" : 0,
    "shouldDisplayMessage" : false,
    "hasContent" : true
  }, {
    "name" : "clear_allure_results_folder",
    "time" : {
      "start" : 1731459346241,
      "stop" : 1731459346241,
      "duration" : 0
    },
    "status" : "passed",
    "steps" : [ ],
    "attachments" : [ ],
    "parameters" : [ ],
    "stepsCount" : 0,
    "attachmentsCount" : 0,
    "shouldDisplayMessage" : false,
    "hasContent" : false
  } ],
  "afterStages" : [ {
    "name" : "driver::0",
    "time" : {
      "start" : 1731460412415,
      "stop" : 1731460412497,
      "duration" : 82
    },
    "status" : "passed",
    "steps" : [ ],
    "attachments" : [ ],
    "parameters" : [ ],
    "stepsCount" : 0,
    "attachmentsCount" : 0,
    "shouldDisplayMessage" : false,
    "hasContent" : false
  } ],
  "labels" : [ {
    "name" : "epic",
    "value" : "The Groups Page"
  }, {
    "name" : "parentSuite",
    "value" : "tests"
  }, {
    "name" : "suite",
    "value" : "groups_page_test"
  }, {
    "name" : "subSuite",
    "value" : "TestGroupsPage"
  }, {
    "name" : "host",
    "value" : "fv-az1446-12"
  }, {
    "name" : "thread",
    "value" : "2313-MainThread"
  }, {
    "name" : "framework",
    "value" : "pytest"
  }, {
    "name" : "language",
    "value" : "cpython3"
  }, {
    "name" : "package",
    "value" : "tests.groups_page_test"
  }, {
    "name" : "resultFormat",
    "value" : "allure2"
  } ],
  "parameters" : [ ],
  "links" : [ ],
  "hidden" : false,
  "retry" : false,
  "extra" : {
    "severity" : "normal",
    "retries" : [ ],
    "categories" : [ {
      "name" : "Test defects",
      "matchedStatuses" : [ ],
      "flaky" : false
    } ],
    "history" : {
      "statistic" : {
        "failed" : 4,
        "broken" : 1,
        "skipped" : 0,
        "passed" : 72,
        "unknown" : 0,
        "total" : 77
      },
      "items" : [ {
        "uid" : "61f2e567074870ba",
        "reportUrl" : "https://Brain-up.github.io/auto-tests-python/383//#testresult/61f2e567074870ba",
        "status" : "passed",
        "time" : {
          "start" : 1731412850702,
          "stop" : 1731412867030,
          "duration" : 16328
        }
      }, {
        "uid" : "a21ee332a68a908a",
        "reportUrl" : "https://Brain-up.github.io/auto-tests-python/382//#testresult/a21ee332a68a908a",
        "status" : "passed",
        "time" : {
          "start" : 1731410406740,
          "stop" : 1731410423069,
          "duration" : 16329
        }
      }, {
        "uid" : "7b818e04f1634d78",
        "reportUrl" : "https://Brain-up.github.io/auto-tests-python/381//#testresult/7b818e04f1634d78",
        "status" : "passed",
        "time" : {
          "start" : 1731408380303,
          "stop" : 1731408396631,
          "duration" : 16328
        }
      }, {
        "uid" : "913046ffa1deb8e2",
        "reportUrl" : "https://Brain-up.github.io/auto-tests-python/181//#testresult/913046ffa1deb8e2",
        "status" : "failed",
        "statusDetails" : "AssertionError: Subtitles mismatch any valid values on the 'ru' local\nassert False\n +  where False = all(<generator object TestGroupsPage.TestGroupsPageText.test_gp_02_02_verify_page_title_and_subtitles.<locals>.<genexpr> at 0x7fe53d7db030>)",
        "time" : {
          "start" : 1731373261322,
          "stop" : 1731373269651,
          "duration" : 8329
        }
      }, {
        "uid" : "9b78a546dafdc109",
        "reportUrl" : "https://Brain-up.github.io/auto-tests-python/380//#testresult/9b78a546dafdc109",
        "status" : "failed",
        "statusDetails" : "AssertionError: Subtitles mismatch any valid values on the 'ru' local\nassert False\n +  where False = all(<generator object TestGroupsPage.TestGroupsPageText.test_gp_02_02_verify_page_title_and_subtitles.<locals>.<genexpr> at 0x7fb571df9d80>)",
        "time" : {
          "start" : 1731355899858,
          "stop" : 1731355912201,
          "duration" : 12343
        }
      }, {
        "uid" : "40cdfdca33e685ed",
        "reportUrl" : "https://Brain-up.github.io/auto-tests-python/379//#testresult/40cdfdca33e685ed",
        "status" : "failed",
        "statusDetails" : "AssertionError: Subtitles mismatch any valid values on the 'ru' local\nassert False\n +  where False = all(<generator object TestGroupsPage.TestGroupsPageText.test_gp_02_02_verify_page_title_and_subtitles.<locals>.<genexpr> at 0x7f2c85433ed0>)",
        "time" : {
          "start" : 1731353827246,
          "stop" : 1731353835609,
          "duration" : 8363
        }
      }, {
        "uid" : "6344f6caf7afea63",
        "reportUrl" : "https://Brain-up.github.io/auto-tests-python/180//#testresult/6344f6caf7afea63",
        "status" : "passed",
        "time" : {
          "start" : 1731286913141,
          "stop" : 1731286921465,
          "duration" : 8324
        }
      }, {
        "uid" : "5ea8f55ae15046cc",
        "reportUrl" : "https://Brain-up.github.io/auto-tests-python/179//#testresult/5ea8f55ae15046cc",
        "status" : "passed",
        "time" : {
          "start" : 1731200677085,
          "stop" : 1731200685434,
          "duration" : 8349
        }
      }, {
        "uid" : "fdc2e4b09323c684",
        "reportUrl" : "https://Brain-up.github.io/auto-tests-python/178//#testresult/fdc2e4b09323c684",
        "status" : "passed",
        "time" : {
          "start" : 1731113923735,
          "stop" : 1731113932068,
          "duration" : 8333
        }
      }, {
        "uid" : "8d5af7d532e7013e",
        "reportUrl" : "https://Brain-up.github.io/auto-tests-python/378//#testresult/8d5af7d532e7013e",
        "status" : "passed",
        "time" : {
          "start" : 1731063700438,
          "stop" : 1731063708778,
          "duration" : 8340
        }
      }, {
        "uid" : "e9d580b4ecf9e96c",
        "reportUrl" : "https://Brain-up.github.io/auto-tests-python/377//#testresult/e9d580b4ecf9e96c",
        "status" : "passed",
        "time" : {
          "start" : 1731060265327,
          "stop" : 1731060273665,
          "duration" : 8338
        }
      }, {
        "uid" : "8d62dc7b9765234c",
        "reportUrl" : "https://Brain-up.github.io/auto-tests-python/177//#testresult/8d62dc7b9765234c",
        "status" : "passed",
        "time" : {
          "start" : 1731027660730,
          "stop" : 1731027669099,
          "duration" : 8369
        }
      }, {
        "uid" : "9cbee8486f4df810",
        "reportUrl" : "https://Brain-up.github.io/auto-tests-python/376//#testresult/9cbee8486f4df810",
        "status" : "passed",
        "time" : {
          "start" : 1730968652571,
          "stop" : 1730968660989,
          "duration" : 8418
        }
      }, {
        "uid" : "d01189853bfa266e",
        "reportUrl" : "https://Brain-up.github.io/auto-tests-python/375//#testresult/d01189853bfa266e",
        "status" : "passed",
        "time" : {
          "start" : 1730967200689,
          "stop" : 1730967209023,
          "duration" : 8334
        }
      }, {
        "uid" : "33cc0ed293e6f0fd",
        "reportUrl" : "https://Brain-up.github.io/auto-tests-python/176//#testresult/33cc0ed293e6f0fd",
        "status" : "passed",
        "time" : {
          "start" : 1730941359980,
          "stop" : 1730941368329,
          "duration" : 8349
        }
      }, {
        "uid" : "467be596464909cc",
        "reportUrl" : "https://Brain-up.github.io/auto-tests-python/374//#testresult/467be596464909cc",
        "status" : "passed",
        "time" : {
          "start" : 1730889735375,
          "stop" : 1730889743722,
          "duration" : 8347
        }
      }, {
        "uid" : "7addfa030ce136cf",
        "reportUrl" : "https://Brain-up.github.io/auto-tests-python/373//#testresult/7addfa030ce136cf",
        "status" : "passed",
        "time" : {
          "start" : 1730888321164,
          "stop" : 1730888329529,
          "duration" : 8365
        }
      }, {
        "uid" : "38c983c166bbb28e",
        "reportUrl" : "https://Brain-up.github.io/auto-tests-python/175//#testresult/38c983c166bbb28e",
        "status" : "passed",
        "time" : {
          "start" : 1730854793509,
          "stop" : 1730854801848,
          "duration" : 8339
        }
      }, {
        "uid" : "42512482e1055f7b",
        "reportUrl" : "https://Brain-up.github.io/auto-tests-python/372//#testresult/42512482e1055f7b",
        "status" : "passed",
        "time" : {
          "start" : 1730799743843,
          "stop" : 1730799752164,
          "duration" : 8321
        }
      }, {
        "uid" : "a31e2e43db4f1744",
        "reportUrl" : "https://Brain-up.github.io/auto-tests-python/371//#testresult/a31e2e43db4f1744",
        "status" : "passed",
        "time" : {
          "start" : 1730797857928,
          "stop" : 1730797866262,
          "duration" : 8334
        }
      } ]
    },
    "tags" : [ ]
  },
  "source" : "323b5d7a04a52b9a.json",
  "parameterValues" : [ ]
}