{
  "uid" : "4834c3494b481f64",
  "name" : "Verify presence, visibility, clickability, href, status code \n                         of the 'Login' link in the section 1",
  "fullName" : "tests.start_unauthorized_page_test.TestStartUnauthorizedPageLinks#test_su_03_01_verify_login_link",
  "historyId" : "c97456d3938f7be35b662f54dc730fcd",
  "time" : {
    "start" : 1731461999597,
    "stop" : 1731462020067,
    "duration" : 20470
  },
  "status" : "broken",
  "statusMessage" : "selenium.common.exceptions.TimeoutException: Message: Can't find element by locator ('xpath', '//section//a')\nStacktrace:\n#0 0x5617cb83f13a <unknown>\n#1 0x5617cb35a460 <unknown>\n#2 0x5617cb3a6f96 <unknown>\n#3 0x5617cb3a7221 <unknown>\n#4 0x5617cb3ec5d4 <unknown>\n#5 0x5617cb3cb03d <unknown>\n#6 0x5617cb3e9af6 <unknown>\n#7 0x5617cb3cadb3 <unknown>\n#8 0x5617cb399c10 <unknown>\n#9 0x5617cb39abee <unknown>\n#10 0x5617cb80b3cb <unknown>\n#11 0x5617cb80f368 <unknown>\n#12 0x5617cb7f8eec <unknown>\n#13 0x5617cb80fee7 <unknown>\n#14 0x5617cb7de13f <unknown>\n#15 0x5617cb82d858 <unknown>\n#16 0x5617cb82da20 <unknown>\n#17 0x5617cb83dfb6 <unknown>\n#18 0x7f80d2294ac3 <unknown>",
  "statusTrace" : "self = <tests.start_unauthorized_page_test.TestStartUnauthorizedPage.TestStartUnauthorizedPageLinks object at 0x7ffbddff90a0>\ndriver = <selenium.webdriver.chrome.webdriver.WebDriver (session=\"a53e3550d6cc362d02e53c6ff0b9ff86\")>\nmain_page_open = None\n\n    @allure.title(\"\"\"Verify presence, visibility, clickability, href, status code\n                     of the 'Login' link in the section 1\"\"\")\n    def test_su_03_01_verify_login_link(self, driver, main_page_open):\n        page = StartUnauthorizedPage(driver)\n>       link_presence = page.check_login_link_presence()\n\ntests/start_unauthorized_page_test.py:108: \n_ _ _ _ _ _ _ _ _ _ _ _ _ _ _ _ _ _ _ _ _ _ _ _ _ _ _ _ _ _ _ _ _ _ _ _ _ _ _ _ \npages/start_unauthorized_page.py:132: in check_login_link_presence\n    return self.element_is_present(self.locators.SECTION_1_LINK_LOGIN)\npages/base_page.py:51: in element_is_present\n    return Wait(self.driver, self.timeout).until(\n_ _ _ _ _ _ _ _ _ _ _ _ _ _ _ _ _ _ _ _ _ _ _ _ _ _ _ _ _ _ _ _ _ _ _ _ _ _ _ _ \n\nself = <selenium.webdriver.support.wait.WebDriverWait (session=\"a53e3550d6cc362d02e53c6ff0b9ff86\")>\nmethod = <function presence_of_element_located.<locals>._predicate at 0x7ffbddd9ca40>\nmessage = \"Can't find element by locator ('xpath', '//section//a')\"\n\n    def until(self, method, message: str = \"\"):\n        \"\"\"Calls the method provided with the driver as an argument until the \\\n        return value does not evaluate to ``False``.\n    \n        :param method: callable(WebDriver)\n        :param message: optional message for :exc:`TimeoutException`\n        :returns: the result of the last call to `method`\n        :raises: :exc:`selenium.common.exceptions.TimeoutException` if timeout occurs\n        \"\"\"\n        screen = None\n        stacktrace = None\n    \n        end_time = time.monotonic() + self._timeout\n        while True:\n            try:\n                value = method(self._driver)\n                if value:\n                    return value\n            except self._ignored_exceptions as exc:\n                screen = getattr(exc, \"screen\", None)\n                stacktrace = getattr(exc, \"stacktrace\", None)\n            time.sleep(self._poll)\n            if time.monotonic() > end_time:\n                break\n>       raise TimeoutException(message, screen, stacktrace)\nE       selenium.common.exceptions.TimeoutException: Message: Can't find element by locator ('xpath', '//section//a')\nE       Stacktrace:\nE       #0 0x5617cb83f13a <unknown>\nE       #1 0x5617cb35a460 <unknown>\nE       #2 0x5617cb3a6f96 <unknown>\nE       #3 0x5617cb3a7221 <unknown>\nE       #4 0x5617cb3ec5d4 <unknown>\nE       #5 0x5617cb3cb03d <unknown>\nE       #6 0x5617cb3e9af6 <unknown>\nE       #7 0x5617cb3cadb3 <unknown>\nE       #8 0x5617cb399c10 <unknown>\nE       #9 0x5617cb39abee <unknown>\nE       #10 0x5617cb80b3cb <unknown>\nE       #11 0x5617cb80f368 <unknown>\nE       #12 0x5617cb7f8eec <unknown>\nE       #13 0x5617cb80fee7 <unknown>\nE       #14 0x5617cb7de13f <unknown>\nE       #15 0x5617cb82d858 <unknown>\nE       #16 0x5617cb82da20 <unknown>\nE       #17 0x5617cb83dfb6 <unknown>\nE       #18 0x7f80d2294ac3 <unknown>\n\n/opt/hostedtoolcache/Python/3.12.7/x64/lib/python3.12/site-packages/selenium/webdriver/support/wait.py:95: TimeoutException",
  "flaky" : false,
  "newFailed" : false,
  "beforeStages" : [ {
    "name" : "clear_allure_results_folder",
    "time" : {
      "start" : 1731459346241,
      "stop" : 1731459346241,
      "duration" : 0
    },
    "status" : "passed",
    "steps" : [ ],
    "attachments" : [ ],
    "parameters" : [ ],
    "stepsCount" : 0,
    "attachmentsCount" : 0,
    "shouldDisplayMessage" : false,
    "hasContent" : false
  }, {
    "name" : "main_page_open",
    "time" : {
      "start" : 1731461999261,
      "stop" : 1731461999596,
      "duration" : 335
    },
    "status" : "passed",
    "steps" : [ {
      "name" : "Open page: https://brainup.site/",
      "time" : {
        "start" : 1731461999261,
        "stop" : 1731461999596,
        "duration" : 335
      },
      "status" : "passed",
      "steps" : [ ],
      "attachments" : [ ],
      "parameters" : [ {
        "name" : "driver",
        "value" : "<selenium.webdriver.chrome.webdriver.WebDriver (session=\"a53e3550d6cc362d02e53c6ff0b9ff86\")>"
      } ],
      "stepsCount" : 0,
      "attachmentsCount" : 0,
      "shouldDisplayMessage" : false,
      "hasContent" : true
    } ],
    "attachments" : [ ],
    "parameters" : [ ],
    "stepsCount" : 1,
    "attachmentsCount" : 0,
    "shouldDisplayMessage" : false,
    "hasContent" : true
  }, {
    "name" : "driver",
    "time" : {
      "start" : 1731461998486,
      "stop" : 1731461999261,
      "duration" : 775
    },
    "status" : "passed",
    "steps" : [ ],
    "attachments" : [ ],
    "parameters" : [ ],
    "stepsCount" : 0,
    "attachmentsCount" : 0,
    "shouldDisplayMessage" : false,
    "hasContent" : false
  } ],
  "testStage" : {
    "status" : "broken",
    "statusMessage" : "selenium.common.exceptions.TimeoutException: Message: Can't find element by locator ('xpath', '//section//a')\nStacktrace:\n#0 0x5617cb83f13a <unknown>\n#1 0x5617cb35a460 <unknown>\n#2 0x5617cb3a6f96 <unknown>\n#3 0x5617cb3a7221 <unknown>\n#4 0x5617cb3ec5d4 <unknown>\n#5 0x5617cb3cb03d <unknown>\n#6 0x5617cb3e9af6 <unknown>\n#7 0x5617cb3cadb3 <unknown>\n#8 0x5617cb399c10 <unknown>\n#9 0x5617cb39abee <unknown>\n#10 0x5617cb80b3cb <unknown>\n#11 0x5617cb80f368 <unknown>\n#12 0x5617cb7f8eec <unknown>\n#13 0x5617cb80fee7 <unknown>\n#14 0x5617cb7de13f <unknown>\n#15 0x5617cb82d858 <unknown>\n#16 0x5617cb82da20 <unknown>\n#17 0x5617cb83dfb6 <unknown>\n#18 0x7f80d2294ac3 <unknown>",
    "statusTrace" : "self = <tests.start_unauthorized_page_test.TestStartUnauthorizedPage.TestStartUnauthorizedPageLinks object at 0x7ffbddff90a0>\ndriver = <selenium.webdriver.chrome.webdriver.WebDriver (session=\"a53e3550d6cc362d02e53c6ff0b9ff86\")>\nmain_page_open = None\n\n    @allure.title(\"\"\"Verify presence, visibility, clickability, href, status code\n                     of the 'Login' link in the section 1\"\"\")\n    def test_su_03_01_verify_login_link(self, driver, main_page_open):\n        page = StartUnauthorizedPage(driver)\n>       link_presence = page.check_login_link_presence()\n\ntests/start_unauthorized_page_test.py:108: \n_ _ _ _ _ _ _ _ _ _ _ _ _ _ _ _ _ _ _ _ _ _ _ _ _ _ _ _ _ _ _ _ _ _ _ _ _ _ _ _ \npages/start_unauthorized_page.py:132: in check_login_link_presence\n    return self.element_is_present(self.locators.SECTION_1_LINK_LOGIN)\npages/base_page.py:51: in element_is_present\n    return Wait(self.driver, self.timeout).until(\n_ _ _ _ _ _ _ _ _ _ _ _ _ _ _ _ _ _ _ _ _ _ _ _ _ _ _ _ _ _ _ _ _ _ _ _ _ _ _ _ \n\nself = <selenium.webdriver.support.wait.WebDriverWait (session=\"a53e3550d6cc362d02e53c6ff0b9ff86\")>\nmethod = <function presence_of_element_located.<locals>._predicate at 0x7ffbddd9ca40>\nmessage = \"Can't find element by locator ('xpath', '//section//a')\"\n\n    def until(self, method, message: str = \"\"):\n        \"\"\"Calls the method provided with the driver as an argument until the \\\n        return value does not evaluate to ``False``.\n    \n        :param method: callable(WebDriver)\n        :param message: optional message for :exc:`TimeoutException`\n        :returns: the result of the last call to `method`\n        :raises: :exc:`selenium.common.exceptions.TimeoutException` if timeout occurs\n        \"\"\"\n        screen = None\n        stacktrace = None\n    \n        end_time = time.monotonic() + self._timeout\n        while True:\n            try:\n                value = method(self._driver)\n                if value:\n                    return value\n            except self._ignored_exceptions as exc:\n                screen = getattr(exc, \"screen\", None)\n                stacktrace = getattr(exc, \"stacktrace\", None)\n            time.sleep(self._poll)\n            if time.monotonic() > end_time:\n                break\n>       raise TimeoutException(message, screen, stacktrace)\nE       selenium.common.exceptions.TimeoutException: Message: Can't find element by locator ('xpath', '//section//a')\nE       Stacktrace:\nE       #0 0x5617cb83f13a <unknown>\nE       #1 0x5617cb35a460 <unknown>\nE       #2 0x5617cb3a6f96 <unknown>\nE       #3 0x5617cb3a7221 <unknown>\nE       #4 0x5617cb3ec5d4 <unknown>\nE       #5 0x5617cb3cb03d <unknown>\nE       #6 0x5617cb3e9af6 <unknown>\nE       #7 0x5617cb3cadb3 <unknown>\nE       #8 0x5617cb399c10 <unknown>\nE       #9 0x5617cb39abee <unknown>\nE       #10 0x5617cb80b3cb <unknown>\nE       #11 0x5617cb80f368 <unknown>\nE       #12 0x5617cb7f8eec <unknown>\nE       #13 0x5617cb80fee7 <unknown>\nE       #14 0x5617cb7de13f <unknown>\nE       #15 0x5617cb82d858 <unknown>\nE       #16 0x5617cb82da20 <unknown>\nE       #17 0x5617cb83dfb6 <unknown>\nE       #18 0x7f80d2294ac3 <unknown>\n\n/opt/hostedtoolcache/Python/3.12.7/x64/lib/python3.12/site-packages/selenium/webdriver/support/wait.py:95: TimeoutException",
    "steps" : [ {
      "name" : "Check the 'Login' link is present in DOM",
      "time" : {
        "start" : 1731461999597,
        "stop" : 1731462020067,
        "duration" : 20470
      },
      "status" : "broken",
      "statusMessage" : "selenium.common.exceptions.TimeoutException: Message: Can't find element by locator ('xpath', '//section//a')\nStacktrace:\n#0 0x5617cb83f13a <unknown>\n#1 0x5617cb35a460 <unknown>\n#2 0x5617cb3a6f96 <unknown>\n#3 0x5617cb3a7221 <unknown>\n#4 0x5617cb3ec5d4 <unknown>\n#5 0x5617cb3cb03d <unknown>\n#6 0x5617cb3e9af6 <unknown>\n#7 0x5617cb3cadb3 <unknown>\n#8 0x5617cb399c10 <unknown>\n#9 0x5617cb39abee <unknown>\n#10 0x5617cb80b3cb <unknown>\n#11 0x5617cb80f368 <unknown>\n#12 0x5617cb7f8eec <unknown>\n#13 0x5617cb80fee7 <unknown>\n#14 0x5617cb7de13f <unknown>\n#15 0x5617cb82d858 <unknown>\n#16 0x5617cb82da20 <unknown>\n#17 0x5617cb83dfb6 <unknown>\n#18 0x7f80d2294ac3 <unknown>\n\n",
      "statusTrace" : "  File \"/opt/hostedtoolcache/Python/3.12.7/x64/lib/python3.12/site-packages/allure_commons/_allure.py\", line 192, in impl\n    return func(*a, **kw)\n           ^^^^^^^^^^^^^^\n  File \"/home/runner/work/auto-tests-python/auto-tests-python/pages/start_unauthorized_page.py\", line 132, in check_login_link_presence\n    return self.element_is_present(self.locators.SECTION_1_LINK_LOGIN)\n           ^^^^^^^^^^^^^^^^^^^^^^^^^^^^^^^^^^^^^^^^^^^^^^^^^^^^^^^^^^^\n  File \"/home/runner/work/auto-tests-python/auto-tests-python/pages/base_page.py\", line 51, in element_is_present\n    return Wait(self.driver, self.timeout).until(\n           ^^^^^^^^^^^^^^^^^^^^^^^^^^^^^^^^^^^^^^\n  File \"/opt/hostedtoolcache/Python/3.12.7/x64/lib/python3.12/site-packages/selenium/webdriver/support/wait.py\", line 95, in until\n    raise TimeoutException(message, screen, stacktrace)\n",
      "steps" : [ ],
      "attachments" : [ ],
      "parameters" : [ ],
      "stepsCount" : 0,
      "attachmentsCount" : 0,
      "shouldDisplayMessage" : true,
      "hasContent" : true
    } ],
    "attachments" : [ {
      "uid" : "4c421b0339293aeb",
      "name" : "Screenshot 2024-11-13 01:40:20.166809",
      "source" : "4c421b0339293aeb.png",
      "type" : "image/png",
      "size" : 48838
    } ],
    "parameters" : [ ],
    "stepsCount" : 1,
    "attachmentsCount" : 1,
    "shouldDisplayMessage" : true,
    "hasContent" : true
  },
  "afterStages" : [ {
    "name" : "driver::0",
    "time" : {
      "start" : 1731462020168,
      "stop" : 1731462020250,
      "duration" : 82
    },
    "status" : "passed",
    "steps" : [ ],
    "attachments" : [ ],
    "parameters" : [ ],
    "stepsCount" : 0,
    "attachmentsCount" : 0,
    "shouldDisplayMessage" : false,
    "hasContent" : false
  } ],
  "labels" : [ {
    "name" : "epic",
    "value" : "The Start Unauthorized Page"
  }, {
    "name" : "parentSuite",
    "value" : "tests"
  }, {
    "name" : "suite",
    "value" : "start_unauthorized_page_test"
  }, {
    "name" : "subSuite",
    "value" : "TestStartUnauthorizedPage"
  }, {
    "name" : "host",
    "value" : "fv-az1446-12"
  }, {
    "name" : "thread",
    "value" : "2313-MainThread"
  }, {
    "name" : "framework",
    "value" : "pytest"
  }, {
    "name" : "language",
    "value" : "cpython3"
  }, {
    "name" : "package",
    "value" : "tests.start_unauthorized_page_test"
  }, {
    "name" : "resultFormat",
    "value" : "allure2"
  } ],
  "parameters" : [ ],
  "links" : [ ],
  "hidden" : false,
  "retry" : false,
  "extra" : {
    "severity" : "normal",
    "retries" : [ ],
    "categories" : [ {
      "name" : "Test defects",
      "matchedStatuses" : [ ],
      "flaky" : false
    } ],
    "history" : {
      "statistic" : {
        "failed" : 0,
        "broken" : 7,
        "skipped" : 0,
        "passed" : 483,
        "unknown" : 0,
        "total" : 490
      },
      "items" : [ {
        "uid" : "be4f29fa11ba5af6",
        "reportUrl" : "https://Brain-up.github.io/auto-tests-python/383//#testresult/be4f29fa11ba5af6",
        "status" : "passed",
        "time" : {
          "start" : 1731413486650,
          "stop" : 1731413487281,
          "duration" : 631
        }
      }, {
        "uid" : "ac537b304d5433",
        "reportUrl" : "https://Brain-up.github.io/auto-tests-python/382//#testresult/ac537b304d5433",
        "status" : "passed",
        "time" : {
          "start" : 1731411039249,
          "stop" : 1731411039840,
          "duration" : 591
        }
      }, {
        "uid" : "8bfe334b46930e4f",
        "reportUrl" : "https://Brain-up.github.io/auto-tests-python/381//#testresult/8bfe334b46930e4f",
        "status" : "passed",
        "time" : {
          "start" : 1731409164020,
          "stop" : 1731409164707,
          "duration" : 687
        }
      }, {
        "uid" : "62bced944b9d802",
        "reportUrl" : "https://Brain-up.github.io/auto-tests-python/181//#testresult/62bced944b9d802",
        "status" : "passed",
        "time" : {
          "start" : 1731373984507,
          "stop" : 1731373985390,
          "duration" : 883
        }
      }, {
        "uid" : "f26477d236d3ce41",
        "reportUrl" : "https://Brain-up.github.io/auto-tests-python/380//#testresult/f26477d236d3ce41",
        "status" : "passed",
        "time" : {
          "start" : 1731356527723,
          "stop" : 1731356528345,
          "duration" : 622
        }
      }, {
        "uid" : "a911beb2d365ec4c",
        "reportUrl" : "https://Brain-up.github.io/auto-tests-python/379//#testresult/a911beb2d365ec4c",
        "status" : "passed",
        "time" : {
          "start" : 1731354439879,
          "stop" : 1731354440520,
          "duration" : 641
        }
      }, {
        "uid" : "d88120fd2edc05c1",
        "reportUrl" : "https://Brain-up.github.io/auto-tests-python/180//#testresult/d88120fd2edc05c1",
        "status" : "passed",
        "time" : {
          "start" : 1731287435295,
          "stop" : 1731287435923,
          "duration" : 628
        }
      }, {
        "uid" : "20a310b29fb4ebc4",
        "reportUrl" : "https://Brain-up.github.io/auto-tests-python/179//#testresult/20a310b29fb4ebc4",
        "status" : "passed",
        "time" : {
          "start" : 1731201326067,
          "stop" : 1731201326858,
          "duration" : 791
        }
      }, {
        "uid" : "7cace4e95b9b2331",
        "reportUrl" : "https://Brain-up.github.io/auto-tests-python/178//#testresult/7cace4e95b9b2331",
        "status" : "passed",
        "time" : {
          "start" : 1731114456273,
          "stop" : 1731114456884,
          "duration" : 611
        }
      }, {
        "uid" : "5ec6daed82000748",
        "reportUrl" : "https://Brain-up.github.io/auto-tests-python/378//#testresult/5ec6daed82000748",
        "status" : "passed",
        "time" : {
          "start" : 1731064345629,
          "stop" : 1731064346507,
          "duration" : 878
        }
      }, {
        "uid" : "3fe62b0449857a02",
        "reportUrl" : "https://Brain-up.github.io/auto-tests-python/377//#testresult/3fe62b0449857a02",
        "status" : "passed",
        "time" : {
          "start" : 1731060801254,
          "stop" : 1731060801862,
          "duration" : 608
        }
      }, {
        "uid" : "6d7d6d94c6b26ca4",
        "reportUrl" : "https://Brain-up.github.io/auto-tests-python/177//#testresult/6d7d6d94c6b26ca4",
        "status" : "passed",
        "time" : {
          "start" : 1731028287727,
          "stop" : 1731028288528,
          "duration" : 801
        }
      }, {
        "uid" : "4c889bd0b5166bc9",
        "reportUrl" : "https://Brain-up.github.io/auto-tests-python/376//#testresult/4c889bd0b5166bc9",
        "status" : "passed",
        "time" : {
          "start" : 1730969171725,
          "stop" : 1730969172359,
          "duration" : 634
        }
      }, {
        "uid" : "b72b8b92a97da4a1",
        "reportUrl" : "https://Brain-up.github.io/auto-tests-python/375//#testresult/b72b8b92a97da4a1",
        "status" : "passed",
        "time" : {
          "start" : 1730967745160,
          "stop" : 1730967745840,
          "duration" : 680
        }
      }, {
        "uid" : "a35f48680c4f80ac",
        "reportUrl" : "https://Brain-up.github.io/auto-tests-python/176//#testresult/a35f48680c4f80ac",
        "status" : "passed",
        "time" : {
          "start" : 1730941892808,
          "stop" : 1730941893440,
          "duration" : 632
        }
      }, {
        "uid" : "28a65b5e27e6b71f",
        "reportUrl" : "https://Brain-up.github.io/auto-tests-python/374//#testresult/28a65b5e27e6b71f",
        "status" : "passed",
        "time" : {
          "start" : 1730890282300,
          "stop" : 1730890282988,
          "duration" : 688
        }
      }, {
        "uid" : "3fe0af086b21621e",
        "reportUrl" : "https://Brain-up.github.io/auto-tests-python/373//#testresult/3fe0af086b21621e",
        "status" : "passed",
        "time" : {
          "start" : 1730888841640,
          "stop" : 1730888842245,
          "duration" : 605
        }
      }, {
        "uid" : "55de4805ceae56f4",
        "reportUrl" : "https://Brain-up.github.io/auto-tests-python/175//#testresult/55de4805ceae56f4",
        "status" : "passed",
        "time" : {
          "start" : 1730855337543,
          "stop" : 1730855338219,
          "duration" : 676
        }
      }, {
        "uid" : "17862b011d6d1d62",
        "reportUrl" : "https://Brain-up.github.io/auto-tests-python/372//#testresult/17862b011d6d1d62",
        "status" : "passed",
        "time" : {
          "start" : 1730800254856,
          "stop" : 1730800255473,
          "duration" : 617
        }
      }, {
        "uid" : "b047ce36c443e9c5",
        "reportUrl" : "https://Brain-up.github.io/auto-tests-python/371//#testresult/b047ce36c443e9c5",
        "status" : "passed",
        "time" : {
          "start" : 1730798379645,
          "stop" : 1730798380249,
          "duration" : 604
        }
      } ]
    },
    "tags" : [ ]
  },
  "source" : "4834c3494b481f64.json",
  "parameterValues" : [ ]
}