{
  "uid" : "493d898b4ed2decf",
  "name" : "Verify values of titles and subtitles with tags h2, h4 on the page",
  "fullName" : "tests.start_unauthorized_page_test.TestStartUnauthorizedPageText#test_su_02_02_verify_page_titles_and_subtitles",
  "historyId" : "a83db36a76553994260784ebcde16106",
  "time" : {
    "start" : 1731461934428,
    "stop" : 1731461954669,
    "duration" : 20241
  },
  "status" : "broken",
  "statusMessage" : "selenium.common.exceptions.TimeoutException: Message: Can't find elements by locator ('tag name', 'h2')",
  "statusTrace" : "self = <tests.start_unauthorized_page_test.TestStartUnauthorizedPage.TestStartUnauthorizedPageText object at 0x7ffbddff8f80>\ndriver = <selenium.webdriver.chrome.webdriver.WebDriver (session=\"d10db5430c7952dc7b47214cbec90f26\")>\nmain_page_open = None\n\n    @allure.title(\"Verify values of titles and subtitles with tags h2, h4 on the page\")\n    def test_su_02_02_verify_page_titles_and_subtitles(self, driver, main_page_open):\n        page = StartUnauthorizedPage(driver)\n>       title_values = page.get_values_of_titles()\n\ntests/start_unauthorized_page_test.py:75: \n_ _ _ _ _ _ _ _ _ _ _ _ _ _ _ _ _ _ _ _ _ _ _ _ _ _ _ _ _ _ _ _ _ _ _ _ _ _ _ _ \npages/start_unauthorized_page.py:103: in get_values_of_titles\n    return [title.text for title in self.get_list_of_titles()]\npages/start_unauthorized_page.py:99: in get_list_of_titles\n    return self.elements_are_present(self.locators.PAGE_TITLES)\npages/base_page.py:55: in elements_are_present\n    return Wait(self.driver, self.timeout).until(\n_ _ _ _ _ _ _ _ _ _ _ _ _ _ _ _ _ _ _ _ _ _ _ _ _ _ _ _ _ _ _ _ _ _ _ _ _ _ _ _ \n\nself = <selenium.webdriver.support.wait.WebDriverWait (session=\"d10db5430c7952dc7b47214cbec90f26\")>\nmethod = <function presence_of_all_elements_located.<locals>._predicate at 0x7ffbddd998a0>\nmessage = \"Can't find elements by locator ('tag name', 'h2')\"\n\n    def until(self, method, message: str = \"\"):\n        \"\"\"Calls the method provided with the driver as an argument until the \\\n        return value does not evaluate to ``False``.\n    \n        :param method: callable(WebDriver)\n        :param message: optional message for :exc:`TimeoutException`\n        :returns: the result of the last call to `method`\n        :raises: :exc:`selenium.common.exceptions.TimeoutException` if timeout occurs\n        \"\"\"\n        screen = None\n        stacktrace = None\n    \n        end_time = time.monotonic() + self._timeout\n        while True:\n            try:\n                value = method(self._driver)\n                if value:\n                    return value\n            except self._ignored_exceptions as exc:\n                screen = getattr(exc, \"screen\", None)\n                stacktrace = getattr(exc, \"stacktrace\", None)\n            time.sleep(self._poll)\n            if time.monotonic() > end_time:\n                break\n>       raise TimeoutException(message, screen, stacktrace)\nE       selenium.common.exceptions.TimeoutException: Message: Can't find elements by locator ('tag name', 'h2')\n\n/opt/hostedtoolcache/Python/3.12.7/x64/lib/python3.12/site-packages/selenium/webdriver/support/wait.py:95: TimeoutException",
  "flaky" : false,
  "newFailed" : false,
  "beforeStages" : [ {
    "name" : "main_page_open",
    "time" : {
      "start" : 1731461934113,
      "stop" : 1731461934427,
      "duration" : 314
    },
    "status" : "passed",
    "steps" : [ {
      "name" : "Open page: https://brainup.site/",
      "time" : {
        "start" : 1731461934113,
        "stop" : 1731461934427,
        "duration" : 314
      },
      "status" : "passed",
      "steps" : [ ],
      "attachments" : [ ],
      "parameters" : [ {
        "name" : "driver",
        "value" : "<selenium.webdriver.chrome.webdriver.WebDriver (session=\"d10db5430c7952dc7b47214cbec90f26\")>"
      } ],
      "stepsCount" : 0,
      "attachmentsCount" : 0,
      "shouldDisplayMessage" : false,
      "hasContent" : true
    } ],
    "attachments" : [ ],
    "parameters" : [ ],
    "stepsCount" : 1,
    "attachmentsCount" : 0,
    "shouldDisplayMessage" : false,
    "hasContent" : true
  }, {
    "name" : "clear_allure_results_folder",
    "time" : {
      "start" : 1731459346241,
      "stop" : 1731459346241,
      "duration" : 0
    },
    "status" : "passed",
    "steps" : [ ],
    "attachments" : [ ],
    "parameters" : [ ],
    "stepsCount" : 0,
    "attachmentsCount" : 0,
    "shouldDisplayMessage" : false,
    "hasContent" : false
  }, {
    "name" : "driver",
    "time" : {
      "start" : 1731461933336,
      "stop" : 1731461934112,
      "duration" : 776
    },
    "status" : "passed",
    "steps" : [ ],
    "attachments" : [ ],
    "parameters" : [ ],
    "stepsCount" : 0,
    "attachmentsCount" : 0,
    "shouldDisplayMessage" : false,
    "hasContent" : false
  } ],
  "testStage" : {
    "status" : "broken",
    "statusMessage" : "selenium.common.exceptions.TimeoutException: Message: Can't find elements by locator ('tag name', 'h2')",
    "statusTrace" : "self = <tests.start_unauthorized_page_test.TestStartUnauthorizedPage.TestStartUnauthorizedPageText object at 0x7ffbddff8f80>\ndriver = <selenium.webdriver.chrome.webdriver.WebDriver (session=\"d10db5430c7952dc7b47214cbec90f26\")>\nmain_page_open = None\n\n    @allure.title(\"Verify values of titles and subtitles with tags h2, h4 on the page\")\n    def test_su_02_02_verify_page_titles_and_subtitles(self, driver, main_page_open):\n        page = StartUnauthorizedPage(driver)\n>       title_values = page.get_values_of_titles()\n\ntests/start_unauthorized_page_test.py:75: \n_ _ _ _ _ _ _ _ _ _ _ _ _ _ _ _ _ _ _ _ _ _ _ _ _ _ _ _ _ _ _ _ _ _ _ _ _ _ _ _ \npages/start_unauthorized_page.py:103: in get_values_of_titles\n    return [title.text for title in self.get_list_of_titles()]\npages/start_unauthorized_page.py:99: in get_list_of_titles\n    return self.elements_are_present(self.locators.PAGE_TITLES)\npages/base_page.py:55: in elements_are_present\n    return Wait(self.driver, self.timeout).until(\n_ _ _ _ _ _ _ _ _ _ _ _ _ _ _ _ _ _ _ _ _ _ _ _ _ _ _ _ _ _ _ _ _ _ _ _ _ _ _ _ \n\nself = <selenium.webdriver.support.wait.WebDriverWait (session=\"d10db5430c7952dc7b47214cbec90f26\")>\nmethod = <function presence_of_all_elements_located.<locals>._predicate at 0x7ffbddd998a0>\nmessage = \"Can't find elements by locator ('tag name', 'h2')\"\n\n    def until(self, method, message: str = \"\"):\n        \"\"\"Calls the method provided with the driver as an argument until the \\\n        return value does not evaluate to ``False``.\n    \n        :param method: callable(WebDriver)\n        :param message: optional message for :exc:`TimeoutException`\n        :returns: the result of the last call to `method`\n        :raises: :exc:`selenium.common.exceptions.TimeoutException` if timeout occurs\n        \"\"\"\n        screen = None\n        stacktrace = None\n    \n        end_time = time.monotonic() + self._timeout\n        while True:\n            try:\n                value = method(self._driver)\n                if value:\n                    return value\n            except self._ignored_exceptions as exc:\n                screen = getattr(exc, \"screen\", None)\n                stacktrace = getattr(exc, \"stacktrace\", None)\n            time.sleep(self._poll)\n            if time.monotonic() > end_time:\n                break\n>       raise TimeoutException(message, screen, stacktrace)\nE       selenium.common.exceptions.TimeoutException: Message: Can't find elements by locator ('tag name', 'h2')\n\n/opt/hostedtoolcache/Python/3.12.7/x64/lib/python3.12/site-packages/selenium/webdriver/support/wait.py:95: TimeoutException",
    "steps" : [ {
      "name" : "Get the list of title values",
      "time" : {
        "start" : 1731461934428,
        "stop" : 1731461954668,
        "duration" : 20240
      },
      "status" : "broken",
      "statusMessage" : "selenium.common.exceptions.TimeoutException: Message: Can't find elements by locator ('tag name', 'h2')\n\n",
      "statusTrace" : "  File \"/opt/hostedtoolcache/Python/3.12.7/x64/lib/python3.12/site-packages/allure_commons/_allure.py\", line 192, in impl\n    return func(*a, **kw)\n           ^^^^^^^^^^^^^^\n  File \"/home/runner/work/auto-tests-python/auto-tests-python/pages/start_unauthorized_page.py\", line 103, in get_values_of_titles\n    return [title.text for title in self.get_list_of_titles()]\n                                    ^^^^^^^^^^^^^^^^^^^^^^^^^\n  File \"/opt/hostedtoolcache/Python/3.12.7/x64/lib/python3.12/site-packages/allure_commons/_allure.py\", line 192, in impl\n    return func(*a, **kw)\n           ^^^^^^^^^^^^^^\n  File \"/home/runner/work/auto-tests-python/auto-tests-python/pages/start_unauthorized_page.py\", line 99, in get_list_of_titles\n    return self.elements_are_present(self.locators.PAGE_TITLES)\n           ^^^^^^^^^^^^^^^^^^^^^^^^^^^^^^^^^^^^^^^^^^^^^^^^^^^^\n  File \"/home/runner/work/auto-tests-python/auto-tests-python/pages/base_page.py\", line 55, in elements_are_present\n    return Wait(self.driver, self.timeout).until(\n           ^^^^^^^^^^^^^^^^^^^^^^^^^^^^^^^^^^^^^^\n  File \"/opt/hostedtoolcache/Python/3.12.7/x64/lib/python3.12/site-packages/selenium/webdriver/support/wait.py\", line 95, in until\n    raise TimeoutException(message, screen, stacktrace)\n",
      "steps" : [ {
        "name" : "Get the list of titles h2 on the page",
        "time" : {
          "start" : 1731461934428,
          "stop" : 1731461954668,
          "duration" : 20240
        },
        "status" : "broken",
        "statusMessage" : "selenium.common.exceptions.TimeoutException: Message: Can't find elements by locator ('tag name', 'h2')\n\n",
        "statusTrace" : "  File \"/opt/hostedtoolcache/Python/3.12.7/x64/lib/python3.12/site-packages/allure_commons/_allure.py\", line 192, in impl\n    return func(*a, **kw)\n           ^^^^^^^^^^^^^^\n  File \"/home/runner/work/auto-tests-python/auto-tests-python/pages/start_unauthorized_page.py\", line 99, in get_list_of_titles\n    return self.elements_are_present(self.locators.PAGE_TITLES)\n           ^^^^^^^^^^^^^^^^^^^^^^^^^^^^^^^^^^^^^^^^^^^^^^^^^^^^\n  File \"/home/runner/work/auto-tests-python/auto-tests-python/pages/base_page.py\", line 55, in elements_are_present\n    return Wait(self.driver, self.timeout).until(\n           ^^^^^^^^^^^^^^^^^^^^^^^^^^^^^^^^^^^^^^\n  File \"/opt/hostedtoolcache/Python/3.12.7/x64/lib/python3.12/site-packages/selenium/webdriver/support/wait.py\", line 95, in until\n    raise TimeoutException(message, screen, stacktrace)\n",
        "steps" : [ ],
        "attachments" : [ ],
        "parameters" : [ ],
        "stepsCount" : 0,
        "attachmentsCount" : 0,
        "shouldDisplayMessage" : true,
        "hasContent" : true
      } ],
      "attachments" : [ ],
      "parameters" : [ ],
      "stepsCount" : 1,
      "attachmentsCount" : 0,
      "shouldDisplayMessage" : false,
      "hasContent" : true
    } ],
    "attachments" : [ {
      "uid" : "cf59a0e04cadab95",
      "name" : "Screenshot 2024-11-13 01:39:14.771788",
      "source" : "cf59a0e04cadab95.png",
      "type" : "image/png",
      "size" : 48838
    } ],
    "parameters" : [ ],
    "stepsCount" : 2,
    "attachmentsCount" : 1,
    "shouldDisplayMessage" : true,
    "hasContent" : true
  },
  "afterStages" : [ {
    "name" : "driver::0",
    "time" : {
      "start" : 1731461954773,
      "stop" : 1731461954855,
      "duration" : 82
    },
    "status" : "passed",
    "steps" : [ ],
    "attachments" : [ ],
    "parameters" : [ ],
    "stepsCount" : 0,
    "attachmentsCount" : 0,
    "shouldDisplayMessage" : false,
    "hasContent" : false
  } ],
  "labels" : [ {
    "name" : "epic",
    "value" : "The Start Unauthorized Page"
  }, {
    "name" : "parentSuite",
    "value" : "tests"
  }, {
    "name" : "suite",
    "value" : "start_unauthorized_page_test"
  }, {
    "name" : "subSuite",
    "value" : "TestStartUnauthorizedPage"
  }, {
    "name" : "host",
    "value" : "fv-az1446-12"
  }, {
    "name" : "thread",
    "value" : "2313-MainThread"
  }, {
    "name" : "framework",
    "value" : "pytest"
  }, {
    "name" : "language",
    "value" : "cpython3"
  }, {
    "name" : "package",
    "value" : "tests.start_unauthorized_page_test"
  }, {
    "name" : "resultFormat",
    "value" : "allure2"
  } ],
  "parameters" : [ ],
  "links" : [ ],
  "hidden" : false,
  "retry" : false,
  "extra" : {
    "severity" : "normal",
    "retries" : [ ],
    "categories" : [ {
      "name" : "Test defects",
      "matchedStatuses" : [ ],
      "flaky" : false
    } ],
    "history" : {
      "statistic" : {
        "failed" : 0,
        "broken" : 7,
        "skipped" : 0,
        "passed" : 491,
        "unknown" : 0,
        "total" : 498
      },
      "items" : [ {
        "uid" : "d4c1d6a61f76eee6",
        "reportUrl" : "https://Brain-up.github.io/auto-tests-python/383//#testresult/d4c1d6a61f76eee6",
        "status" : "passed",
        "time" : {
          "start" : 1731413475747,
          "stop" : 1731413475808,
          "duration" : 61
        }
      }, {
        "uid" : "63e8469740408454",
        "reportUrl" : "https://Brain-up.github.io/auto-tests-python/382//#testresult/63e8469740408454",
        "status" : "passed",
        "time" : {
          "start" : 1731411028478,
          "stop" : 1731411028527,
          "duration" : 49
        }
      }, {
        "uid" : "1e64aad0957f969d",
        "reportUrl" : "https://Brain-up.github.io/auto-tests-python/381//#testresult/1e64aad0957f969d",
        "status" : "passed",
        "time" : {
          "start" : 1731409149670,
          "stop" : 1731409149717,
          "duration" : 47
        }
      }, {
        "uid" : "a0bbe49da52f8799",
        "reportUrl" : "https://Brain-up.github.io/auto-tests-python/181//#testresult/a0bbe49da52f8799",
        "status" : "passed",
        "time" : {
          "start" : 1731373969798,
          "stop" : 1731373969849,
          "duration" : 51
        }
      }, {
        "uid" : "b48d619106066f82",
        "reportUrl" : "https://Brain-up.github.io/auto-tests-python/380//#testresult/b48d619106066f82",
        "status" : "passed",
        "time" : {
          "start" : 1731356516453,
          "stop" : 1731356516502,
          "duration" : 49
        }
      }, {
        "uid" : "c0add8078a012dae",
        "reportUrl" : "https://Brain-up.github.io/auto-tests-python/379//#testresult/c0add8078a012dae",
        "status" : "passed",
        "time" : {
          "start" : 1731354428313,
          "stop" : 1731354428363,
          "duration" : 50
        }
      }, {
        "uid" : "b18cd11deb10a4e5",
        "reportUrl" : "https://Brain-up.github.io/auto-tests-python/180//#testresult/b18cd11deb10a4e5",
        "status" : "passed",
        "time" : {
          "start" : 1731287424410,
          "stop" : 1731287424459,
          "duration" : 49
        }
      }, {
        "uid" : "d69a86f38235a5ab",
        "reportUrl" : "https://Brain-up.github.io/auto-tests-python/179//#testresult/d69a86f38235a5ab",
        "status" : "passed",
        "time" : {
          "start" : 1731201312055,
          "stop" : 1731201312102,
          "duration" : 47
        }
      }, {
        "uid" : "8d1f1caa36b3a84e",
        "reportUrl" : "https://Brain-up.github.io/auto-tests-python/178//#testresult/8d1f1caa36b3a84e",
        "status" : "passed",
        "time" : {
          "start" : 1731114444860,
          "stop" : 1731114444927,
          "duration" : 67
        }
      }, {
        "uid" : "848aa22709aa2f9a",
        "reportUrl" : "https://Brain-up.github.io/auto-tests-python/378//#testresult/848aa22709aa2f9a",
        "status" : "passed",
        "time" : {
          "start" : 1731064331319,
          "stop" : 1731064331377,
          "duration" : 58
        }
      }, {
        "uid" : "2682a9f215d38cc7",
        "reportUrl" : "https://Brain-up.github.io/auto-tests-python/377//#testresult/2682a9f215d38cc7",
        "status" : "passed",
        "time" : {
          "start" : 1731060790136,
          "stop" : 1731060790200,
          "duration" : 64
        }
      }, {
        "uid" : "8b80ccc4d60292dc",
        "reportUrl" : "https://Brain-up.github.io/auto-tests-python/177//#testresult/8b80ccc4d60292dc",
        "status" : "passed",
        "time" : {
          "start" : 1731028273869,
          "stop" : 1731028273917,
          "duration" : 48
        }
      }, {
        "uid" : "55539c2d9a4f4144",
        "reportUrl" : "https://Brain-up.github.io/auto-tests-python/376//#testresult/55539c2d9a4f4144",
        "status" : "passed",
        "time" : {
          "start" : 1730969161049,
          "stop" : 1730969161107,
          "duration" : 58
        }
      }, {
        "uid" : "d175e89f98b082eb",
        "reportUrl" : "https://Brain-up.github.io/auto-tests-python/375//#testresult/d175e89f98b082eb",
        "status" : "passed",
        "time" : {
          "start" : 1730967733346,
          "stop" : 1730967733396,
          "duration" : 50
        }
      }, {
        "uid" : "c82c8454194da643",
        "reportUrl" : "https://Brain-up.github.io/auto-tests-python/176//#testresult/c82c8454194da643",
        "status" : "passed",
        "time" : {
          "start" : 1730941881888,
          "stop" : 1730941881949,
          "duration" : 61
        }
      }, {
        "uid" : "8dd0713bd5b61913",
        "reportUrl" : "https://Brain-up.github.io/auto-tests-python/374//#testresult/8dd0713bd5b61913",
        "status" : "passed",
        "time" : {
          "start" : 1730890270433,
          "stop" : 1730890270483,
          "duration" : 50
        }
      }, {
        "uid" : "ee8b741ea8c32b5a",
        "reportUrl" : "https://Brain-up.github.io/auto-tests-python/373//#testresult/ee8b741ea8c32b5a",
        "status" : "passed",
        "time" : {
          "start" : 1730888830529,
          "stop" : 1730888830589,
          "duration" : 60
        }
      }, {
        "uid" : "5c7828b303b31d1",
        "reportUrl" : "https://Brain-up.github.io/auto-tests-python/175//#testresult/5c7828b303b31d1",
        "status" : "passed",
        "time" : {
          "start" : 1730855325784,
          "stop" : 1730855325843,
          "duration" : 59
        }
      }, {
        "uid" : "636cf8f381e2b77c",
        "reportUrl" : "https://Brain-up.github.io/auto-tests-python/372//#testresult/636cf8f381e2b77c",
        "status" : "passed",
        "time" : {
          "start" : 1730800244400,
          "stop" : 1730800244449,
          "duration" : 49
        }
      }, {
        "uid" : "f8f8197c360d6931",
        "reportUrl" : "https://Brain-up.github.io/auto-tests-python/371//#testresult/f8f8197c360d6931",
        "status" : "passed",
        "time" : {
          "start" : 1730798368851,
          "stop" : 1730798368902,
          "duration" : 51
        }
      } ]
    },
    "tags" : [ ]
  },
  "source" : "493d898b4ed2decf.json",
  "parameterValues" : [ ]
}