{
  "uid" : "57323274f3b25dd8",
  "name" : "Verify user logout after clicking the 'Logout' button in the Header for an authorized user",
  "fullName" : "tests.header_test.TestAuthHeaderPageLinks#test_hpa_03_07_verify_auth_user_logout_by_logout_button_click",
  "historyId" : "f91fc5210d043f01173213de978371f2",
  "time" : {
    "start" : 1731460998363,
    "stop" : 1731460998363,
    "duration" : 0
  },
  "status" : "broken",
  "statusMessage" : "selenium.common.exceptions.TimeoutException: Message: Can't find element by locator ('xpath', '//a[@id=\"ember11\"]')\nStacktrace:\n#0 0x5578fdde613a <unknown>\n#1 0x5578fd901460 <unknown>\n#2 0x5578fd94df96 <unknown>\n#3 0x5578fd94e221 <unknown>\n#4 0x5578fd9935d4 <unknown>\n#5 0x5578fd97203d <unknown>\n#6 0x5578fd990af6 <unknown>\n#7 0x5578fd971db3 <unknown>\n#8 0x5578fd940c10 <unknown>\n#9 0x5578fd941bee <unknown>\n#10 0x5578fddb23cb <unknown>\n#11 0x5578fddb6368 <unknown>\n#12 0x5578fdd9feec <unknown>\n#13 0x5578fddb6ee7 <unknown>\n#14 0x5578fdd8513f <unknown>\n#15 0x5578fddd4858 <unknown>\n#16 0x5578fddd4a20 <unknown>\n#17 0x5578fdde4fb6 <unknown>\n#18 0x7f970be94ac3 <unknown>",
  "statusTrace" : "driver = <selenium.webdriver.chrome.webdriver.WebDriver (session=\"596e37be7f38a4b2e992e09bf524bd0b\")>\nmain_page_open = None\n\n    @pytest.fixture()\n    @allure.step('Auto test user authorized')\n    def auto_test_user_authorized(driver, main_page_open):\n        page = BasePage(driver)\n>       page.element_is_present_and_clickable(MainPageLocators.LOGIN_BUTTON).click()\n\ntests/conftest.py:87: \n_ _ _ _ _ _ _ _ _ _ _ _ _ _ _ _ _ _ _ _ _ _ _ _ _ _ _ _ _ _ _ _ _ _ _ _ _ _ _ _ \npages/base_page.py:32: in element_is_present_and_clickable\n    return (Wait(self.driver, self.timeout).until(\n_ _ _ _ _ _ _ _ _ _ _ _ _ _ _ _ _ _ _ _ _ _ _ _ _ _ _ _ _ _ _ _ _ _ _ _ _ _ _ _ \n\nself = <selenium.webdriver.support.wait.WebDriverWait (session=\"596e37be7f38a4b2e992e09bf524bd0b\")>\nmethod = <function visibility_of_element_located.<locals>._predicate at 0x7ffbddec18a0>\nmessage = 'Can\\'t find element by locator (\\'xpath\\', \\'//a[@id=\"ember11\"]\\')'\n\n    def until(self, method, message: str = \"\"):\n        \"\"\"Calls the method provided with the driver as an argument until the \\\n        return value does not evaluate to ``False``.\n    \n        :param method: callable(WebDriver)\n        :param message: optional message for :exc:`TimeoutException`\n        :returns: the result of the last call to `method`\n        :raises: :exc:`selenium.common.exceptions.TimeoutException` if timeout occurs\n        \"\"\"\n        screen = None\n        stacktrace = None\n    \n        end_time = time.monotonic() + self._timeout\n        while True:\n            try:\n                value = method(self._driver)\n                if value:\n                    return value\n            except self._ignored_exceptions as exc:\n                screen = getattr(exc, \"screen\", None)\n                stacktrace = getattr(exc, \"stacktrace\", None)\n            time.sleep(self._poll)\n            if time.monotonic() > end_time:\n                break\n>       raise TimeoutException(message, screen, stacktrace)\nE       selenium.common.exceptions.TimeoutException: Message: Can't find element by locator ('xpath', '//a[@id=\"ember11\"]')\nE       Stacktrace:\nE       #0 0x5578fdde613a <unknown>\nE       #1 0x5578fd901460 <unknown>\nE       #2 0x5578fd94df96 <unknown>\nE       #3 0x5578fd94e221 <unknown>\nE       #4 0x5578fd9935d4 <unknown>\nE       #5 0x5578fd97203d <unknown>\nE       #6 0x5578fd990af6 <unknown>\nE       #7 0x5578fd971db3 <unknown>\nE       #8 0x5578fd940c10 <unknown>\nE       #9 0x5578fd941bee <unknown>\nE       #10 0x5578fddb23cb <unknown>\nE       #11 0x5578fddb6368 <unknown>\nE       #12 0x5578fdd9feec <unknown>\nE       #13 0x5578fddb6ee7 <unknown>\nE       #14 0x5578fdd8513f <unknown>\nE       #15 0x5578fddd4858 <unknown>\nE       #16 0x5578fddd4a20 <unknown>\nE       #17 0x5578fdde4fb6 <unknown>\nE       #18 0x7f970be94ac3 <unknown>\n\n/opt/hostedtoolcache/Python/3.12.7/x64/lib/python3.12/site-packages/selenium/webdriver/support/wait.py:95: TimeoutException",
  "flaky" : false,
  "newFailed" : false,
  "beforeStages" : [ {
    "name" : "clear_allure_results_folder",
    "time" : {
      "start" : 1731459346241,
      "stop" : 1731459346241,
      "duration" : 0
    },
    "status" : "passed",
    "steps" : [ ],
    "attachments" : [ ],
    "parameters" : [ ],
    "stepsCount" : 0,
    "attachmentsCount" : 0,
    "shouldDisplayMessage" : false,
    "hasContent" : false
  }, {
    "name" : "driver",
    "time" : {
      "start" : 1731460998363,
      "stop" : 1731460999141,
      "duration" : 778
    },
    "status" : "passed",
    "steps" : [ ],
    "attachments" : [ ],
    "parameters" : [ ],
    "stepsCount" : 0,
    "attachmentsCount" : 0,
    "shouldDisplayMessage" : false,
    "hasContent" : false
  }, {
    "name" : "auto_test_user_authorized",
    "time" : {
      "start" : 1731460999476,
      "stop" : 1731461019941,
      "duration" : 20465
    },
    "status" : "broken",
    "statusMessage" : "selenium.common.exceptions.TimeoutException: Message: Can't find element by locator ('xpath', '//a[@id=\"ember11\"]')\nStacktrace:\n#0 0x5578fdde613a <unknown>\n#1 0x5578fd901460 <unknown>\n#2 0x5578fd94df96 <unknown>\n#3 0x5578fd94e221 <unknown>\n#4 0x5578fd9935d4 <unknown>\n#5 0x5578fd97203d <unknown>\n#6 0x5578fd990af6 <unknown>\n#7 0x5578fd971db3 <unknown>\n#8 0x5578fd940c10 <unknown>\n#9 0x5578fd941bee <unknown>\n#10 0x5578fddb23cb <unknown>\n#11 0x5578fddb6368 <unknown>\n#12 0x5578fdd9feec <unknown>\n#13 0x5578fddb6ee7 <unknown>\n#14 0x5578fdd8513f <unknown>\n#15 0x5578fddd4858 <unknown>\n#16 0x5578fddd4a20 <unknown>\n#17 0x5578fdde4fb6 <unknown>\n#18 0x7f970be94ac3 <unknown>\n\n",
    "statusTrace" : "  File \"/opt/hostedtoolcache/Python/3.12.7/x64/lib/python3.12/site-packages/pluggy/_callers.py\", line 103, in _multicall\n    res = hook_impl.function(*args)\n          ^^^^^^^^^^^^^^^^^^^^^^^^^\n  File \"/opt/hostedtoolcache/Python/3.12.7/x64/lib/python3.12/site-packages/_pytest/fixtures.py\", line 1123, in pytest_fixture_setup\n    result = call_fixture_func(fixturefunc, request, kwargs)\n             ^^^^^^^^^^^^^^^^^^^^^^^^^^^^^^^^^^^^^^^^^^^^^^^\n  File \"/opt/hostedtoolcache/Python/3.12.7/x64/lib/python3.12/site-packages/_pytest/fixtures.py\", line 902, in call_fixture_func\n    fixture_result = fixturefunc(**kwargs)\n                     ^^^^^^^^^^^^^^^^^^^^^\n  File \"/opt/hostedtoolcache/Python/3.12.7/x64/lib/python3.12/site-packages/allure_commons/_allure.py\", line 192, in impl\n    return func(*a, **kw)\n           ^^^^^^^^^^^^^^\n  File \"/home/runner/work/auto-tests-python/auto-tests-python/tests/conftest.py\", line 87, in auto_test_user_authorized\n    page.element_is_present_and_clickable(MainPageLocators.LOGIN_BUTTON).click()\n    ^^^^^^^^^^^^^^^^^^^^^^^^^^^^^^^^^^^^^^^^^^^^^^^^^^^^^^^^^^^^^^^^^^^^\n  File \"/home/runner/work/auto-tests-python/auto-tests-python/pages/base_page.py\", line 32, in element_is_present_and_clickable\n    return (Wait(self.driver, self.timeout).until(\n            ^^^^^^^^^^^^^^^^^^^^^^^^^^^^^^^^^^^^^^\n  File \"/opt/hostedtoolcache/Python/3.12.7/x64/lib/python3.12/site-packages/selenium/webdriver/support/wait.py\", line 95, in until\n    raise TimeoutException(message, screen, stacktrace)\n",
    "steps" : [ {
      "name" : "Auto test user authorized",
      "time" : {
        "start" : 1731460999476,
        "stop" : 1731461019940,
        "duration" : 20464
      },
      "status" : "broken",
      "statusMessage" : "selenium.common.exceptions.TimeoutException: Message: Can't find element by locator ('xpath', '//a[@id=\"ember11\"]')\nStacktrace:\n#0 0x5578fdde613a <unknown>\n#1 0x5578fd901460 <unknown>\n#2 0x5578fd94df96 <unknown>\n#3 0x5578fd94e221 <unknown>\n#4 0x5578fd9935d4 <unknown>\n#5 0x5578fd97203d <unknown>\n#6 0x5578fd990af6 <unknown>\n#7 0x5578fd971db3 <unknown>\n#8 0x5578fd940c10 <unknown>\n#9 0x5578fd941bee <unknown>\n#10 0x5578fddb23cb <unknown>\n#11 0x5578fddb6368 <unknown>\n#12 0x5578fdd9feec <unknown>\n#13 0x5578fddb6ee7 <unknown>\n#14 0x5578fdd8513f <unknown>\n#15 0x5578fddd4858 <unknown>\n#16 0x5578fddd4a20 <unknown>\n#17 0x5578fdde4fb6 <unknown>\n#18 0x7f970be94ac3 <unknown>\n\n",
      "statusTrace" : "  File \"/opt/hostedtoolcache/Python/3.12.7/x64/lib/python3.12/site-packages/allure_commons/_allure.py\", line 192, in impl\n    return func(*a, **kw)\n           ^^^^^^^^^^^^^^\n  File \"/home/runner/work/auto-tests-python/auto-tests-python/tests/conftest.py\", line 87, in auto_test_user_authorized\n    page.element_is_present_and_clickable(MainPageLocators.LOGIN_BUTTON).click()\n    ^^^^^^^^^^^^^^^^^^^^^^^^^^^^^^^^^^^^^^^^^^^^^^^^^^^^^^^^^^^^^^^^^^^^\n  File \"/home/runner/work/auto-tests-python/auto-tests-python/pages/base_page.py\", line 32, in element_is_present_and_clickable\n    return (Wait(self.driver, self.timeout).until(\n            ^^^^^^^^^^^^^^^^^^^^^^^^^^^^^^^^^^^^^^\n  File \"/opt/hostedtoolcache/Python/3.12.7/x64/lib/python3.12/site-packages/selenium/webdriver/support/wait.py\", line 95, in until\n    raise TimeoutException(message, screen, stacktrace)\n",
      "steps" : [ ],
      "attachments" : [ ],
      "parameters" : [ {
        "name" : "driver",
        "value" : "<selenium.webdriver.chrome.webdriver.WebDriver (session=\"596e37be7f38a4b2e992e09bf524bd0b\")>"
      }, {
        "name" : "main_page_open",
        "value" : "None"
      } ],
      "stepsCount" : 0,
      "attachmentsCount" : 0,
      "shouldDisplayMessage" : true,
      "hasContent" : true
    } ],
    "attachments" : [ ],
    "parameters" : [ ],
    "stepsCount" : 1,
    "attachmentsCount" : 0,
    "shouldDisplayMessage" : false,
    "hasContent" : true
  }, {
    "name" : "main_page_open",
    "time" : {
      "start" : 1731460999141,
      "stop" : 1731460999476,
      "duration" : 335
    },
    "status" : "passed",
    "steps" : [ {
      "name" : "Open page: https://brainup.site/",
      "time" : {
        "start" : 1731460999141,
        "stop" : 1731460999476,
        "duration" : 335
      },
      "status" : "passed",
      "steps" : [ ],
      "attachments" : [ ],
      "parameters" : [ {
        "name" : "driver",
        "value" : "<selenium.webdriver.chrome.webdriver.WebDriver (session=\"596e37be7f38a4b2e992e09bf524bd0b\")>"
      } ],
      "stepsCount" : 0,
      "attachmentsCount" : 0,
      "shouldDisplayMessage" : false,
      "hasContent" : true
    } ],
    "attachments" : [ ],
    "parameters" : [ ],
    "stepsCount" : 1,
    "attachmentsCount" : 0,
    "shouldDisplayMessage" : false,
    "hasContent" : true
  } ],
  "afterStages" : [ {
    "name" : "driver::0",
    "time" : {
      "start" : 1731461019953,
      "stop" : 1731461020034,
      "duration" : 81
    },
    "status" : "passed",
    "steps" : [ ],
    "attachments" : [ ],
    "parameters" : [ ],
    "stepsCount" : 0,
    "attachmentsCount" : 0,
    "shouldDisplayMessage" : false,
    "hasContent" : false
  } ],
  "labels" : [ {
    "name" : "epic",
    "value" : "Test Header"
  }, {
    "name" : "parentSuite",
    "value" : "tests"
  }, {
    "name" : "suite",
    "value" : "header_test"
  }, {
    "name" : "subSuite",
    "value" : "TestHeaderPage"
  }, {
    "name" : "host",
    "value" : "fv-az1446-12"
  }, {
    "name" : "thread",
    "value" : "2313-MainThread"
  }, {
    "name" : "framework",
    "value" : "pytest"
  }, {
    "name" : "language",
    "value" : "cpython3"
  }, {
    "name" : "package",
    "value" : "tests.header_test"
  }, {
    "name" : "resultFormat",
    "value" : "allure2"
  } ],
  "parameters" : [ ],
  "links" : [ ],
  "hidden" : false,
  "retry" : false,
  "extra" : {
    "severity" : "normal",
    "retries" : [ ],
    "categories" : [ {
      "name" : "Test defects",
      "matchedStatuses" : [ ],
      "flaky" : false
    } ],
    "history" : {
      "statistic" : {
        "failed" : 0,
        "broken" : 6,
        "skipped" : 13,
        "passed" : 124,
        "unknown" : 0,
        "total" : 143
      },
      "items" : [ {
        "uid" : "46c246ce56c18cfc",
        "reportUrl" : "https://Brain-up.github.io/auto-tests-python/383//#testresult/46c246ce56c18cfc",
        "status" : "passed",
        "time" : {
          "start" : 1731413196899,
          "stop" : 1731413197266,
          "duration" : 367
        }
      }, {
        "uid" : "4fea94afeae4514d",
        "reportUrl" : "https://Brain-up.github.io/auto-tests-python/382//#testresult/4fea94afeae4514d",
        "status" : "passed",
        "time" : {
          "start" : 1731410753157,
          "stop" : 1731410753536,
          "duration" : 379
        }
      }, {
        "uid" : "aa6ea2fa9eee644",
        "reportUrl" : "https://Brain-up.github.io/auto-tests-python/381//#testresult/aa6ea2fa9eee644",
        "status" : "passed",
        "time" : {
          "start" : 1731408809139,
          "stop" : 1731408809574,
          "duration" : 435
        }
      }, {
        "uid" : "a02f3444408b39ca",
        "reportUrl" : "https://Brain-up.github.io/auto-tests-python/181//#testresult/a02f3444408b39ca",
        "status" : "passed",
        "time" : {
          "start" : 1731373631494,
          "stop" : 1731373631935,
          "duration" : 441
        }
      }, {
        "uid" : "6e180b791117b20f",
        "reportUrl" : "https://Brain-up.github.io/auto-tests-python/380//#testresult/6e180b791117b20f",
        "status" : "passed",
        "time" : {
          "start" : 1731356235493,
          "stop" : 1731356235893,
          "duration" : 400
        }
      }, {
        "uid" : "a6d741f8f8234ef0",
        "reportUrl" : "https://Brain-up.github.io/auto-tests-python/379//#testresult/a6d741f8f8234ef0",
        "status" : "passed",
        "time" : {
          "start" : 1731354148891,
          "stop" : 1731354149258,
          "duration" : 367
        }
      }, {
        "uid" : "96a47f492c214e75",
        "reportUrl" : "https://Brain-up.github.io/auto-tests-python/180//#testresult/96a47f492c214e75",
        "status" : "passed",
        "time" : {
          "start" : 1731287176748,
          "stop" : 1731287177100,
          "duration" : 352
        }
      }, {
        "uid" : "3640e54453112836",
        "reportUrl" : "https://Brain-up.github.io/auto-tests-python/179//#testresult/3640e54453112836",
        "status" : "passed",
        "time" : {
          "start" : 1731201009071,
          "stop" : 1731201009483,
          "duration" : 412
        }
      }, {
        "uid" : "c4f2d2925a7ec520",
        "reportUrl" : "https://Brain-up.github.io/auto-tests-python/178//#testresult/c4f2d2925a7ec520",
        "status" : "passed",
        "time" : {
          "start" : 1731114193556,
          "stop" : 1731114193917,
          "duration" : 361
        }
      }, {
        "uid" : "b03d9eaacad8e24",
        "reportUrl" : "https://Brain-up.github.io/auto-tests-python/378//#testresult/b03d9eaacad8e24",
        "status" : "passed",
        "time" : {
          "start" : 1731064019650,
          "stop" : 1731064020082,
          "duration" : 432
        }
      }, {
        "uid" : "25567d76ed33b455",
        "reportUrl" : "https://Brain-up.github.io/auto-tests-python/377//#testresult/25567d76ed33b455",
        "status" : "passed",
        "time" : {
          "start" : 1731060538875,
          "stop" : 1731060539242,
          "duration" : 367
        }
      }, {
        "uid" : "a9506fa1ed3d5786",
        "reportUrl" : "https://Brain-up.github.io/auto-tests-python/177//#testresult/a9506fa1ed3d5786",
        "status" : "passed",
        "time" : {
          "start" : 1731027972445,
          "stop" : 1731027972862,
          "duration" : 417
        }
      }, {
        "uid" : "e86ed5b305a1b741",
        "reportUrl" : "https://Brain-up.github.io/auto-tests-python/376//#testresult/e86ed5b305a1b741",
        "status" : "passed",
        "time" : {
          "start" : 1730968916748,
          "stop" : 1730968917112,
          "duration" : 364
        }
      }, {
        "uid" : "63737a46a7fac826",
        "reportUrl" : "https://Brain-up.github.io/auto-tests-python/375//#testresult/63737a46a7fac826",
        "status" : "passed",
        "time" : {
          "start" : 1730967473717,
          "stop" : 1730967474096,
          "duration" : 379
        }
      }, {
        "uid" : "26aaed7054c8860c",
        "reportUrl" : "https://Brain-up.github.io/auto-tests-python/176//#testresult/26aaed7054c8860c",
        "status" : "passed",
        "time" : {
          "start" : 1730941630541,
          "stop" : 1730941630912,
          "duration" : 371
        }
      }, {
        "uid" : "ae1c21c79094dfd",
        "reportUrl" : "https://Brain-up.github.io/auto-tests-python/374//#testresult/ae1c21c79094dfd",
        "status" : "passed",
        "time" : {
          "start" : 1730890009416,
          "stop" : 1730890009796,
          "duration" : 380
        }
      }, {
        "uid" : "877c4e0d96f7f9d3",
        "reportUrl" : "https://Brain-up.github.io/auto-tests-python/373//#testresult/877c4e0d96f7f9d3",
        "status" : "passed",
        "time" : {
          "start" : 1730888584569,
          "stop" : 1730888584935,
          "duration" : 366
        }
      }, {
        "uid" : "803cf098564fe198",
        "reportUrl" : "https://Brain-up.github.io/auto-tests-python/175//#testresult/803cf098564fe198",
        "status" : "passed",
        "time" : {
          "start" : 1730855066579,
          "stop" : 1730855066951,
          "duration" : 372
        }
      }, {
        "uid" : "a1a6a8ec13810d47",
        "reportUrl" : "https://Brain-up.github.io/auto-tests-python/372//#testresult/a1a6a8ec13810d47",
        "status" : "passed",
        "time" : {
          "start" : 1730800003403,
          "stop" : 1730800003763,
          "duration" : 360
        }
      }, {
        "uid" : "daf8bf681270ef37",
        "reportUrl" : "https://Brain-up.github.io/auto-tests-python/371//#testresult/daf8bf681270ef37",
        "status" : "passed",
        "time" : {
          "start" : 1730798121720,
          "stop" : 1730798122078,
          "duration" : 358
        }
      } ]
    },
    "tags" : [ ]
  },
  "source" : "57323274f3b25dd8.json",
  "parameterValues" : [ ]
}