{
  "uid" : "64349b880dc4509b",
  "name" : "Verify text in the 'Login' link in the section 1",
  "fullName" : "tests.start_unauthorized_page_test.TestStartUnauthorizedPageText#test_su_02_04_verify_text_in_links",
  "historyId" : "2177faf98b2c4547520de14e3dd5f839",
  "time" : {
    "start" : 1731461977834,
    "stop" : 1731461998305,
    "duration" : 20471
  },
  "status" : "broken",
  "statusMessage" : "selenium.common.exceptions.TimeoutException: Message: Can't find element by locator ('xpath', '//section//a')\nStacktrace:\n#0 0x55e892f8b13a <unknown>\n#1 0x55e892aa6460 <unknown>\n#2 0x55e892af2f96 <unknown>\n#3 0x55e892af3221 <unknown>\n#4 0x55e892b385d4 <unknown>\n#5 0x55e892b1703d <unknown>\n#6 0x55e892b35af6 <unknown>\n#7 0x55e892b16db3 <unknown>\n#8 0x55e892ae5c10 <unknown>\n#9 0x55e892ae6bee <unknown>\n#10 0x55e892f573cb <unknown>\n#11 0x55e892f5b368 <unknown>\n#12 0x55e892f44eec <unknown>\n#13 0x55e892f5bee7 <unknown>\n#14 0x55e892f2a13f <unknown>\n#15 0x55e892f79858 <unknown>\n#16 0x55e892f79a20 <unknown>\n#17 0x55e892f89fb6 <unknown>\n#18 0x7ff292494ac3 <unknown>",
  "statusTrace" : "self = <tests.start_unauthorized_page_test.TestStartUnauthorizedPage.TestStartUnauthorizedPageText object at 0x7ffbddff9280>\ndriver = <selenium.webdriver.chrome.webdriver.WebDriver (session=\"c34517eaa76b8626d8e8ef503a39ece7\")>\nmain_page_open = None\n\n    @allure.title(\"Verify text in the 'Login' link in the section 1\")\n    def test_su_02_04_verify_text_in_links(self, driver, main_page_open):\n        page = StartUnauthorizedPage(driver)\n>       link_text = page.get_text_in_login_link()\n\ntests/start_unauthorized_page_test.py:99: \n_ _ _ _ _ _ _ _ _ _ _ _ _ _ _ _ _ _ _ _ _ _ _ _ _ _ _ _ _ _ _ _ _ _ _ _ _ _ _ _ \npages/start_unauthorized_page.py:127: in get_text_in_login_link\n    return self.get_text(self.locators.SECTION_1_LINK_LOGIN)\npages/base_page.py:87: in get_text\n    return self.element_is_visible(locator).text\npages/base_page.py:37: in element_is_visible\n    self.go_to_element(self.element_is_present(locator))\npages/base_page.py:51: in element_is_present\n    return Wait(self.driver, self.timeout).until(\n_ _ _ _ _ _ _ _ _ _ _ _ _ _ _ _ _ _ _ _ _ _ _ _ _ _ _ _ _ _ _ _ _ _ _ _ _ _ _ _ \n\nself = <selenium.webdriver.support.wait.WebDriverWait (session=\"c34517eaa76b8626d8e8ef503a39ece7\")>\nmethod = <function presence_of_element_located.<locals>._predicate at 0x7ffbddd9c2c0>\nmessage = \"Can't find element by locator ('xpath', '//section//a')\"\n\n    def until(self, method, message: str = \"\"):\n        \"\"\"Calls the method provided with the driver as an argument until the \\\n        return value does not evaluate to ``False``.\n    \n        :param method: callable(WebDriver)\n        :param message: optional message for :exc:`TimeoutException`\n        :returns: the result of the last call to `method`\n        :raises: :exc:`selenium.common.exceptions.TimeoutException` if timeout occurs\n        \"\"\"\n        screen = None\n        stacktrace = None\n    \n        end_time = time.monotonic() + self._timeout\n        while True:\n            try:\n                value = method(self._driver)\n                if value:\n                    return value\n            except self._ignored_exceptions as exc:\n                screen = getattr(exc, \"screen\", None)\n                stacktrace = getattr(exc, \"stacktrace\", None)\n            time.sleep(self._poll)\n            if time.monotonic() > end_time:\n                break\n>       raise TimeoutException(message, screen, stacktrace)\nE       selenium.common.exceptions.TimeoutException: Message: Can't find element by locator ('xpath', '//section//a')\nE       Stacktrace:\nE       #0 0x55e892f8b13a <unknown>\nE       #1 0x55e892aa6460 <unknown>\nE       #2 0x55e892af2f96 <unknown>\nE       #3 0x55e892af3221 <unknown>\nE       #4 0x55e892b385d4 <unknown>\nE       #5 0x55e892b1703d <unknown>\nE       #6 0x55e892b35af6 <unknown>\nE       #7 0x55e892b16db3 <unknown>\nE       #8 0x55e892ae5c10 <unknown>\nE       #9 0x55e892ae6bee <unknown>\nE       #10 0x55e892f573cb <unknown>\nE       #11 0x55e892f5b368 <unknown>\nE       #12 0x55e892f44eec <unknown>\nE       #13 0x55e892f5bee7 <unknown>\nE       #14 0x55e892f2a13f <unknown>\nE       #15 0x55e892f79858 <unknown>\nE       #16 0x55e892f79a20 <unknown>\nE       #17 0x55e892f89fb6 <unknown>\nE       #18 0x7ff292494ac3 <unknown>\n\n/opt/hostedtoolcache/Python/3.12.7/x64/lib/python3.12/site-packages/selenium/webdriver/support/wait.py:95: TimeoutException",
  "flaky" : false,
  "newFailed" : false,
  "beforeStages" : [ {
    "name" : "driver",
    "time" : {
      "start" : 1731461976603,
      "stop" : 1731461977369,
      "duration" : 766
    },
    "status" : "passed",
    "steps" : [ ],
    "attachments" : [ ],
    "parameters" : [ ],
    "stepsCount" : 0,
    "attachmentsCount" : 0,
    "shouldDisplayMessage" : false,
    "hasContent" : false
  }, {
    "name" : "clear_allure_results_folder",
    "time" : {
      "start" : 1731459346241,
      "stop" : 1731459346241,
      "duration" : 0
    },
    "status" : "passed",
    "steps" : [ ],
    "attachments" : [ ],
    "parameters" : [ ],
    "stepsCount" : 0,
    "attachmentsCount" : 0,
    "shouldDisplayMessage" : false,
    "hasContent" : false
  }, {
    "name" : "main_page_open",
    "time" : {
      "start" : 1731461977369,
      "stop" : 1731461977833,
      "duration" : 464
    },
    "status" : "passed",
    "steps" : [ {
      "name" : "Open page: https://brainup.site/",
      "time" : {
        "start" : 1731461977369,
        "stop" : 1731461977833,
        "duration" : 464
      },
      "status" : "passed",
      "steps" : [ ],
      "attachments" : [ ],
      "parameters" : [ {
        "name" : "driver",
        "value" : "<selenium.webdriver.chrome.webdriver.WebDriver (session=\"c34517eaa76b8626d8e8ef503a39ece7\")>"
      } ],
      "stepsCount" : 0,
      "attachmentsCount" : 0,
      "shouldDisplayMessage" : false,
      "hasContent" : true
    } ],
    "attachments" : [ ],
    "parameters" : [ ],
    "stepsCount" : 1,
    "attachmentsCount" : 0,
    "shouldDisplayMessage" : false,
    "hasContent" : true
  } ],
  "testStage" : {
    "status" : "broken",
    "statusMessage" : "selenium.common.exceptions.TimeoutException: Message: Can't find element by locator ('xpath', '//section//a')\nStacktrace:\n#0 0x55e892f8b13a <unknown>\n#1 0x55e892aa6460 <unknown>\n#2 0x55e892af2f96 <unknown>\n#3 0x55e892af3221 <unknown>\n#4 0x55e892b385d4 <unknown>\n#5 0x55e892b1703d <unknown>\n#6 0x55e892b35af6 <unknown>\n#7 0x55e892b16db3 <unknown>\n#8 0x55e892ae5c10 <unknown>\n#9 0x55e892ae6bee <unknown>\n#10 0x55e892f573cb <unknown>\n#11 0x55e892f5b368 <unknown>\n#12 0x55e892f44eec <unknown>\n#13 0x55e892f5bee7 <unknown>\n#14 0x55e892f2a13f <unknown>\n#15 0x55e892f79858 <unknown>\n#16 0x55e892f79a20 <unknown>\n#17 0x55e892f89fb6 <unknown>\n#18 0x7ff292494ac3 <unknown>",
    "statusTrace" : "self = <tests.start_unauthorized_page_test.TestStartUnauthorizedPage.TestStartUnauthorizedPageText object at 0x7ffbddff9280>\ndriver = <selenium.webdriver.chrome.webdriver.WebDriver (session=\"c34517eaa76b8626d8e8ef503a39ece7\")>\nmain_page_open = None\n\n    @allure.title(\"Verify text in the 'Login' link in the section 1\")\n    def test_su_02_04_verify_text_in_links(self, driver, main_page_open):\n        page = StartUnauthorizedPage(driver)\n>       link_text = page.get_text_in_login_link()\n\ntests/start_unauthorized_page_test.py:99: \n_ _ _ _ _ _ _ _ _ _ _ _ _ _ _ _ _ _ _ _ _ _ _ _ _ _ _ _ _ _ _ _ _ _ _ _ _ _ _ _ \npages/start_unauthorized_page.py:127: in get_text_in_login_link\n    return self.get_text(self.locators.SECTION_1_LINK_LOGIN)\npages/base_page.py:87: in get_text\n    return self.element_is_visible(locator).text\npages/base_page.py:37: in element_is_visible\n    self.go_to_element(self.element_is_present(locator))\npages/base_page.py:51: in element_is_present\n    return Wait(self.driver, self.timeout).until(\n_ _ _ _ _ _ _ _ _ _ _ _ _ _ _ _ _ _ _ _ _ _ _ _ _ _ _ _ _ _ _ _ _ _ _ _ _ _ _ _ \n\nself = <selenium.webdriver.support.wait.WebDriverWait (session=\"c34517eaa76b8626d8e8ef503a39ece7\")>\nmethod = <function presence_of_element_located.<locals>._predicate at 0x7ffbddd9c2c0>\nmessage = \"Can't find element by locator ('xpath', '//section//a')\"\n\n    def until(self, method, message: str = \"\"):\n        \"\"\"Calls the method provided with the driver as an argument until the \\\n        return value does not evaluate to ``False``.\n    \n        :param method: callable(WebDriver)\n        :param message: optional message for :exc:`TimeoutException`\n        :returns: the result of the last call to `method`\n        :raises: :exc:`selenium.common.exceptions.TimeoutException` if timeout occurs\n        \"\"\"\n        screen = None\n        stacktrace = None\n    \n        end_time = time.monotonic() + self._timeout\n        while True:\n            try:\n                value = method(self._driver)\n                if value:\n                    return value\n            except self._ignored_exceptions as exc:\n                screen = getattr(exc, \"screen\", None)\n                stacktrace = getattr(exc, \"stacktrace\", None)\n            time.sleep(self._poll)\n            if time.monotonic() > end_time:\n                break\n>       raise TimeoutException(message, screen, stacktrace)\nE       selenium.common.exceptions.TimeoutException: Message: Can't find element by locator ('xpath', '//section//a')\nE       Stacktrace:\nE       #0 0x55e892f8b13a <unknown>\nE       #1 0x55e892aa6460 <unknown>\nE       #2 0x55e892af2f96 <unknown>\nE       #3 0x55e892af3221 <unknown>\nE       #4 0x55e892b385d4 <unknown>\nE       #5 0x55e892b1703d <unknown>\nE       #6 0x55e892b35af6 <unknown>\nE       #7 0x55e892b16db3 <unknown>\nE       #8 0x55e892ae5c10 <unknown>\nE       #9 0x55e892ae6bee <unknown>\nE       #10 0x55e892f573cb <unknown>\nE       #11 0x55e892f5b368 <unknown>\nE       #12 0x55e892f44eec <unknown>\nE       #13 0x55e892f5bee7 <unknown>\nE       #14 0x55e892f2a13f <unknown>\nE       #15 0x55e892f79858 <unknown>\nE       #16 0x55e892f79a20 <unknown>\nE       #17 0x55e892f89fb6 <unknown>\nE       #18 0x7ff292494ac3 <unknown>\n\n/opt/hostedtoolcache/Python/3.12.7/x64/lib/python3.12/site-packages/selenium/webdriver/support/wait.py:95: TimeoutException",
    "steps" : [ {
      "name" : "Get text in the 'Login' link in the section 1",
      "time" : {
        "start" : 1731461977834,
        "stop" : 1731461998305,
        "duration" : 20471
      },
      "status" : "broken",
      "statusMessage" : "selenium.common.exceptions.TimeoutException: Message: Can't find element by locator ('xpath', '//section//a')\nStacktrace:\n#0 0x55e892f8b13a <unknown>\n#1 0x55e892aa6460 <unknown>\n#2 0x55e892af2f96 <unknown>\n#3 0x55e892af3221 <unknown>\n#4 0x55e892b385d4 <unknown>\n#5 0x55e892b1703d <unknown>\n#6 0x55e892b35af6 <unknown>\n#7 0x55e892b16db3 <unknown>\n#8 0x55e892ae5c10 <unknown>\n#9 0x55e892ae6bee <unknown>\n#10 0x55e892f573cb <unknown>\n#11 0x55e892f5b368 <unknown>\n#12 0x55e892f44eec <unknown>\n#13 0x55e892f5bee7 <unknown>\n#14 0x55e892f2a13f <unknown>\n#15 0x55e892f79858 <unknown>\n#16 0x55e892f79a20 <unknown>\n#17 0x55e892f89fb6 <unknown>\n#18 0x7ff292494ac3 <unknown>\n\n",
      "statusTrace" : "  File \"/opt/hostedtoolcache/Python/3.12.7/x64/lib/python3.12/site-packages/allure_commons/_allure.py\", line 192, in impl\n    return func(*a, **kw)\n           ^^^^^^^^^^^^^^\n  File \"/home/runner/work/auto-tests-python/auto-tests-python/pages/start_unauthorized_page.py\", line 127, in get_text_in_login_link\n    return self.get_text(self.locators.SECTION_1_LINK_LOGIN)\n           ^^^^^^^^^^^^^^^^^^^^^^^^^^^^^^^^^^^^^^^^^^^^^^^^^\n  File \"/home/runner/work/auto-tests-python/auto-tests-python/pages/base_page.py\", line 87, in get_text\n    return self.element_is_visible(locator).text\n           ^^^^^^^^^^^^^^^^^^^^^^^^^^^^^^^^\n  File \"/home/runner/work/auto-tests-python/auto-tests-python/pages/base_page.py\", line 37, in element_is_visible\n    self.go_to_element(self.element_is_present(locator))\n                       ^^^^^^^^^^^^^^^^^^^^^^^^^^^^^^^^\n  File \"/home/runner/work/auto-tests-python/auto-tests-python/pages/base_page.py\", line 51, in element_is_present\n    return Wait(self.driver, self.timeout).until(\n           ^^^^^^^^^^^^^^^^^^^^^^^^^^^^^^^^^^^^^^\n  File \"/opt/hostedtoolcache/Python/3.12.7/x64/lib/python3.12/site-packages/selenium/webdriver/support/wait.py\", line 95, in until\n    raise TimeoutException(message, screen, stacktrace)\n",
      "steps" : [ {
        "name" : "Get text in the element: ('xpath', '//section//a')",
        "time" : {
          "start" : 1731461977834,
          "stop" : 1731461998304,
          "duration" : 20470
        },
        "status" : "broken",
        "statusMessage" : "selenium.common.exceptions.TimeoutException: Message: Can't find element by locator ('xpath', '//section//a')\nStacktrace:\n#0 0x55e892f8b13a <unknown>\n#1 0x55e892aa6460 <unknown>\n#2 0x55e892af2f96 <unknown>\n#3 0x55e892af3221 <unknown>\n#4 0x55e892b385d4 <unknown>\n#5 0x55e892b1703d <unknown>\n#6 0x55e892b35af6 <unknown>\n#7 0x55e892b16db3 <unknown>\n#8 0x55e892ae5c10 <unknown>\n#9 0x55e892ae6bee <unknown>\n#10 0x55e892f573cb <unknown>\n#11 0x55e892f5b368 <unknown>\n#12 0x55e892f44eec <unknown>\n#13 0x55e892f5bee7 <unknown>\n#14 0x55e892f2a13f <unknown>\n#15 0x55e892f79858 <unknown>\n#16 0x55e892f79a20 <unknown>\n#17 0x55e892f89fb6 <unknown>\n#18 0x7ff292494ac3 <unknown>\n\n",
        "statusTrace" : "  File \"/home/runner/work/auto-tests-python/auto-tests-python/pages/base_page.py\", line 87, in get_text\n    return self.element_is_visible(locator).text\n           ^^^^^^^^^^^^^^^^^^^^^^^^^^^^^^^^\n  File \"/home/runner/work/auto-tests-python/auto-tests-python/pages/base_page.py\", line 37, in element_is_visible\n    self.go_to_element(self.element_is_present(locator))\n                       ^^^^^^^^^^^^^^^^^^^^^^^^^^^^^^^^\n  File \"/home/runner/work/auto-tests-python/auto-tests-python/pages/base_page.py\", line 51, in element_is_present\n    return Wait(self.driver, self.timeout).until(\n           ^^^^^^^^^^^^^^^^^^^^^^^^^^^^^^^^^^^^^^\n  File \"/opt/hostedtoolcache/Python/3.12.7/x64/lib/python3.12/site-packages/selenium/webdriver/support/wait.py\", line 95, in until\n    raise TimeoutException(message, screen, stacktrace)\n",
        "steps" : [ ],
        "attachments" : [ ],
        "parameters" : [ ],
        "stepsCount" : 0,
        "attachmentsCount" : 0,
        "shouldDisplayMessage" : true,
        "hasContent" : true
      } ],
      "attachments" : [ ],
      "parameters" : [ ],
      "stepsCount" : 1,
      "attachmentsCount" : 0,
      "shouldDisplayMessage" : false,
      "hasContent" : true
    } ],
    "attachments" : [ {
      "uid" : "92b3a92ef6e21d7b",
      "name" : "Screenshot 2024-11-13 01:39:58.401663",
      "source" : "92b3a92ef6e21d7b.png",
      "type" : "image/png",
      "size" : 48838
    } ],
    "parameters" : [ ],
    "stepsCount" : 2,
    "attachmentsCount" : 1,
    "shouldDisplayMessage" : true,
    "hasContent" : true
  },
  "afterStages" : [ {
    "name" : "driver::0",
    "time" : {
      "start" : 1731461998403,
      "stop" : 1731461998485,
      "duration" : 82
    },
    "status" : "passed",
    "steps" : [ ],
    "attachments" : [ ],
    "parameters" : [ ],
    "stepsCount" : 0,
    "attachmentsCount" : 0,
    "shouldDisplayMessage" : false,
    "hasContent" : false
  } ],
  "labels" : [ {
    "name" : "epic",
    "value" : "The Start Unauthorized Page"
  }, {
    "name" : "parentSuite",
    "value" : "tests"
  }, {
    "name" : "suite",
    "value" : "start_unauthorized_page_test"
  }, {
    "name" : "subSuite",
    "value" : "TestStartUnauthorizedPage"
  }, {
    "name" : "host",
    "value" : "fv-az1446-12"
  }, {
    "name" : "thread",
    "value" : "2313-MainThread"
  }, {
    "name" : "framework",
    "value" : "pytest"
  }, {
    "name" : "language",
    "value" : "cpython3"
  }, {
    "name" : "package",
    "value" : "tests.start_unauthorized_page_test"
  }, {
    "name" : "resultFormat",
    "value" : "allure2"
  } ],
  "parameters" : [ ],
  "links" : [ ],
  "hidden" : false,
  "retry" : false,
  "extra" : {
    "severity" : "normal",
    "retries" : [ ],
    "categories" : [ {
      "name" : "Test defects",
      "matchedStatuses" : [ ],
      "flaky" : false
    } ],
    "history" : {
      "statistic" : {
        "failed" : 0,
        "broken" : 7,
        "skipped" : 0,
        "passed" : 483,
        "unknown" : 0,
        "total" : 490
      },
      "items" : [ {
        "uid" : "eded7b0d2f323dfc",
        "reportUrl" : "https://Brain-up.github.io/auto-tests-python/383//#testresult/eded7b0d2f323dfc",
        "status" : "passed",
        "time" : {
          "start" : 1731413482994,
          "stop" : 1731413483036,
          "duration" : 42
        }
      }, {
        "uid" : "9bedb7751ac7ef53",
        "reportUrl" : "https://Brain-up.github.io/auto-tests-python/382//#testresult/9bedb7751ac7ef53",
        "status" : "passed",
        "time" : {
          "start" : 1731411035492,
          "stop" : 1731411035531,
          "duration" : 39
        }
      }, {
        "uid" : "29f2783400245b5c",
        "reportUrl" : "https://Brain-up.github.io/auto-tests-python/381//#testresult/29f2783400245b5c",
        "status" : "passed",
        "time" : {
          "start" : 1731409159363,
          "stop" : 1731409159402,
          "duration" : 39
        }
      }, {
        "uid" : "22fd6778e5b804f9",
        "reportUrl" : "https://Brain-up.github.io/auto-tests-python/181//#testresult/22fd6778e5b804f9",
        "status" : "passed",
        "time" : {
          "start" : 1731373979564,
          "stop" : 1731373979608,
          "duration" : 44
        }
      }, {
        "uid" : "3a9678c5fa474e81",
        "reportUrl" : "https://Brain-up.github.io/auto-tests-python/380//#testresult/3a9678c5fa474e81",
        "status" : "passed",
        "time" : {
          "start" : 1731356523905,
          "stop" : 1731356523945,
          "duration" : 40
        }
      }, {
        "uid" : "e4fecb99f30d0ced",
        "reportUrl" : "https://Brain-up.github.io/auto-tests-python/379//#testresult/e4fecb99f30d0ced",
        "status" : "passed",
        "time" : {
          "start" : 1731354435750,
          "stop" : 1731354435803,
          "duration" : 53
        }
      }, {
        "uid" : "7ffa65b29a332d8a",
        "reportUrl" : "https://Brain-up.github.io/auto-tests-python/180//#testresult/7ffa65b29a332d8a",
        "status" : "passed",
        "time" : {
          "start" : 1731287431648,
          "stop" : 1731287431686,
          "duration" : 38
        }
      }, {
        "uid" : "b0339f709332b87e",
        "reportUrl" : "https://Brain-up.github.io/auto-tests-python/179//#testresult/b0339f709332b87e",
        "status" : "passed",
        "time" : {
          "start" : 1731201321395,
          "stop" : 1731201321433,
          "duration" : 38
        }
      }, {
        "uid" : "43a4a3a768d93e26",
        "reportUrl" : "https://Brain-up.github.io/auto-tests-python/178//#testresult/43a4a3a768d93e26",
        "status" : "passed",
        "time" : {
          "start" : 1731114452250,
          "stop" : 1731114452293,
          "duration" : 43
        }
      }, {
        "uid" : "c6d4ecf2377587aa",
        "reportUrl" : "https://Brain-up.github.io/auto-tests-python/378//#testresult/c6d4ecf2377587aa",
        "status" : "passed",
        "time" : {
          "start" : 1731064340801,
          "stop" : 1731064340840,
          "duration" : 39
        }
      }, {
        "uid" : "c5fa98de753662b1",
        "reportUrl" : "https://Brain-up.github.io/auto-tests-python/377//#testresult/c5fa98de753662b1",
        "status" : "passed",
        "time" : {
          "start" : 1731060797634,
          "stop" : 1731060797675,
          "duration" : 41
        }
      }, {
        "uid" : "5d2f4bb01531ef63",
        "reportUrl" : "https://Brain-up.github.io/auto-tests-python/177//#testresult/5d2f4bb01531ef63",
        "status" : "passed",
        "time" : {
          "start" : 1731028283095,
          "stop" : 1731028283136,
          "duration" : 41
        }
      }, {
        "uid" : "fc1a2e810c3af293",
        "reportUrl" : "https://Brain-up.github.io/auto-tests-python/376//#testresult/fc1a2e810c3af293",
        "status" : "passed",
        "time" : {
          "start" : 1730969168200,
          "stop" : 1730969168239,
          "duration" : 39
        }
      }, {
        "uid" : "a23c18a8b2f5d407",
        "reportUrl" : "https://Brain-up.github.io/auto-tests-python/375//#testresult/a23c18a8b2f5d407",
        "status" : "passed",
        "time" : {
          "start" : 1730967741214,
          "stop" : 1730967741254,
          "duration" : 40
        }
      }, {
        "uid" : "514aa1c689c8d67",
        "reportUrl" : "https://Brain-up.github.io/auto-tests-python/176//#testresult/514aa1c689c8d67",
        "status" : "passed",
        "time" : {
          "start" : 1730941889091,
          "stop" : 1730941889143,
          "duration" : 52
        }
      }, {
        "uid" : "8941568c3fbd90cb",
        "reportUrl" : "https://Brain-up.github.io/auto-tests-python/374//#testresult/8941568c3fbd90cb",
        "status" : "passed",
        "time" : {
          "start" : 1730890278396,
          "stop" : 1730890278438,
          "duration" : 42
        }
      }, {
        "uid" : "79e0aea8195f7fb7",
        "reportUrl" : "https://Brain-up.github.io/auto-tests-python/373//#testresult/79e0aea8195f7fb7",
        "status" : "passed",
        "time" : {
          "start" : 1730888837775,
          "stop" : 1730888837815,
          "duration" : 40
        }
      }, {
        "uid" : "c7937af281826d6a",
        "reportUrl" : "https://Brain-up.github.io/auto-tests-python/175//#testresult/c7937af281826d6a",
        "status" : "passed",
        "time" : {
          "start" : 1730855333771,
          "stop" : 1730855333810,
          "duration" : 39
        }
      }, {
        "uid" : "a2c1cb80d6c98ae2",
        "reportUrl" : "https://Brain-up.github.io/auto-tests-python/372//#testresult/a2c1cb80d6c98ae2",
        "status" : "passed",
        "time" : {
          "start" : 1730800251451,
          "stop" : 1730800251489,
          "duration" : 38
        }
      }, {
        "uid" : "deb6eaa95317050c",
        "reportUrl" : "https://Brain-up.github.io/auto-tests-python/371//#testresult/deb6eaa95317050c",
        "status" : "passed",
        "time" : {
          "start" : 1730798375987,
          "stop" : 1730798376026,
          "duration" : 39
        }
      } ]
    },
    "tags" : [ ]
  },
  "source" : "64349b880dc4509b.json",
  "parameterValues" : [ ]
}