{
  "uid" : "67c738b43ae00098",
  "name" : "Check registration with new email and empty email",
  "fullName" : "tests.registration_page_test.TestRegistrationPage#test_registration_negative",
  "historyId" : "7654a6336a95948e803d722bc140853e",
  "time" : {
    "start" : 1731461499670,
    "stop" : 1731461520130,
    "duration" : 20460
  },
  "status" : "broken",
  "statusMessage" : "selenium.common.exceptions.TimeoutException: Message: Can't find element by locator ('xpath', '//a[@href=\"/registration\"]')\nStacktrace:\n#0 0x56130e45913a <unknown>\n#1 0x56130df74460 <unknown>\n#2 0x56130dfc0f96 <unknown>\n#3 0x56130dfc1221 <unknown>\n#4 0x56130e0065d4 <unknown>\n#5 0x56130dfe503d <unknown>\n#6 0x56130e003af6 <unknown>\n#7 0x56130dfe4db3 <unknown>\n#8 0x56130dfb3c10 <unknown>\n#9 0x56130dfb4bee <unknown>\n#10 0x56130e4253cb <unknown>\n#11 0x56130e429368 <unknown>\n#12 0x56130e412eec <unknown>\n#13 0x56130e429ee7 <unknown>\n#14 0x56130e3f813f <unknown>\n#15 0x56130e447858 <unknown>\n#16 0x56130e447a20 <unknown>\n#17 0x56130e457fb6 <unknown>\n#18 0x7f1e75c94ac3 <unknown>",
  "statusTrace" : "self = <tests.registration_page_test.TestRegistrationPage object at 0x7ffbde1dc4a0>\ndriver = <selenium.webdriver.chrome.webdriver.WebDriver (session=\"8ab5d755e6249efd54770a884a2c8352\")>\nmain_page_open = None, title = 'new email and empty email'\nfirst_name = 'Auto Test', birthday = 1957, email = '', password = 'password'\nconfirm_password = 'password'\nerror_message = ['Please enter your login and password', 'Пожалуйста, введите логин и пароль.']\n\n    @pytest.mark.parametrize(Registration.test_data, Registration.DATA_REGISTRATION)\n    def test_registration_negative(self, driver, main_page_open, title, first_name, birthday, email, password,\n                                   confirm_password, error_message):\n        allure.dynamic.title(f'Check registration with {title}')\n        page = RegistrationPage(driver)\n>       page.open_registration_page()\n\ntests/registration_page_test.py:55: \n_ _ _ _ _ _ _ _ _ _ _ _ _ _ _ _ _ _ _ _ _ _ _ _ _ _ _ _ _ _ _ _ _ _ _ _ _ _ _ _ \npages/registration_page.py:15: in open_registration_page\n    self.element_is_present_and_clickable(MainPageLocators.REGISTRATION_BUTTON).click()\npages/base_page.py:32: in element_is_present_and_clickable\n    return (Wait(self.driver, self.timeout).until(\n_ _ _ _ _ _ _ _ _ _ _ _ _ _ _ _ _ _ _ _ _ _ _ _ _ _ _ _ _ _ _ _ _ _ _ _ _ _ _ _ \n\nself = <selenium.webdriver.support.wait.WebDriverWait (session=\"8ab5d755e6249efd54770a884a2c8352\")>\nmethod = <function visibility_of_element_located.<locals>._predicate at 0x7ffbddd99580>\nmessage = 'Can\\'t find element by locator (\\'xpath\\', \\'//a[@href=\"/registration\"]\\')'\n\n    def until(self, method, message: str = \"\"):\n        \"\"\"Calls the method provided with the driver as an argument until the \\\n        return value does not evaluate to ``False``.\n    \n        :param method: callable(WebDriver)\n        :param message: optional message for :exc:`TimeoutException`\n        :returns: the result of the last call to `method`\n        :raises: :exc:`selenium.common.exceptions.TimeoutException` if timeout occurs\n        \"\"\"\n        screen = None\n        stacktrace = None\n    \n        end_time = time.monotonic() + self._timeout\n        while True:\n            try:\n                value = method(self._driver)\n                if value:\n                    return value\n            except self._ignored_exceptions as exc:\n                screen = getattr(exc, \"screen\", None)\n                stacktrace = getattr(exc, \"stacktrace\", None)\n            time.sleep(self._poll)\n            if time.monotonic() > end_time:\n                break\n>       raise TimeoutException(message, screen, stacktrace)\nE       selenium.common.exceptions.TimeoutException: Message: Can't find element by locator ('xpath', '//a[@href=\"/registration\"]')\nE       Stacktrace:\nE       #0 0x56130e45913a <unknown>\nE       #1 0x56130df74460 <unknown>\nE       #2 0x56130dfc0f96 <unknown>\nE       #3 0x56130dfc1221 <unknown>\nE       #4 0x56130e0065d4 <unknown>\nE       #5 0x56130dfe503d <unknown>\nE       #6 0x56130e003af6 <unknown>\nE       #7 0x56130dfe4db3 <unknown>\nE       #8 0x56130dfb3c10 <unknown>\nE       #9 0x56130dfb4bee <unknown>\nE       #10 0x56130e4253cb <unknown>\nE       #11 0x56130e429368 <unknown>\nE       #12 0x56130e412eec <unknown>\nE       #13 0x56130e429ee7 <unknown>\nE       #14 0x56130e3f813f <unknown>\nE       #15 0x56130e447858 <unknown>\nE       #16 0x56130e447a20 <unknown>\nE       #17 0x56130e457fb6 <unknown>\nE       #18 0x7f1e75c94ac3 <unknown>\n\n/opt/hostedtoolcache/Python/3.12.7/x64/lib/python3.12/site-packages/selenium/webdriver/support/wait.py:95: TimeoutException",
  "flaky" : false,
  "newFailed" : false,
  "beforeStages" : [ {
    "name" : "clear_allure_results_folder",
    "time" : {
      "start" : 1731459346241,
      "stop" : 1731459346241,
      "duration" : 0
    },
    "status" : "passed",
    "steps" : [ ],
    "attachments" : [ ],
    "parameters" : [ ],
    "stepsCount" : 0,
    "attachmentsCount" : 0,
    "shouldDisplayMessage" : false,
    "hasContent" : false
  }, {
    "name" : "main_page_open",
    "time" : {
      "start" : 1731461499350,
      "stop" : 1731461499668,
      "duration" : 318
    },
    "status" : "passed",
    "steps" : [ {
      "name" : "Open page: https://brainup.site/",
      "time" : {
        "start" : 1731461499350,
        "stop" : 1731461499668,
        "duration" : 318
      },
      "status" : "passed",
      "steps" : [ ],
      "attachments" : [ ],
      "parameters" : [ {
        "name" : "driver",
        "value" : "<selenium.webdriver.chrome.webdriver.WebDriver (session=\"8ab5d755e6249efd54770a884a2c8352\")>"
      } ],
      "stepsCount" : 0,
      "attachmentsCount" : 0,
      "shouldDisplayMessage" : false,
      "hasContent" : true
    } ],
    "attachments" : [ ],
    "parameters" : [ ],
    "stepsCount" : 1,
    "attachmentsCount" : 0,
    "shouldDisplayMessage" : false,
    "hasContent" : true
  }, {
    "name" : "driver",
    "time" : {
      "start" : 1731461498576,
      "stop" : 1731461499350,
      "duration" : 774
    },
    "status" : "passed",
    "steps" : [ ],
    "attachments" : [ ],
    "parameters" : [ ],
    "stepsCount" : 0,
    "attachmentsCount" : 0,
    "shouldDisplayMessage" : false,
    "hasContent" : false
  } ],
  "testStage" : {
    "status" : "broken",
    "statusMessage" : "selenium.common.exceptions.TimeoutException: Message: Can't find element by locator ('xpath', '//a[@href=\"/registration\"]')\nStacktrace:\n#0 0x56130e45913a <unknown>\n#1 0x56130df74460 <unknown>\n#2 0x56130dfc0f96 <unknown>\n#3 0x56130dfc1221 <unknown>\n#4 0x56130e0065d4 <unknown>\n#5 0x56130dfe503d <unknown>\n#6 0x56130e003af6 <unknown>\n#7 0x56130dfe4db3 <unknown>\n#8 0x56130dfb3c10 <unknown>\n#9 0x56130dfb4bee <unknown>\n#10 0x56130e4253cb <unknown>\n#11 0x56130e429368 <unknown>\n#12 0x56130e412eec <unknown>\n#13 0x56130e429ee7 <unknown>\n#14 0x56130e3f813f <unknown>\n#15 0x56130e447858 <unknown>\n#16 0x56130e447a20 <unknown>\n#17 0x56130e457fb6 <unknown>\n#18 0x7f1e75c94ac3 <unknown>",
    "statusTrace" : "self = <tests.registration_page_test.TestRegistrationPage object at 0x7ffbde1dc4a0>\ndriver = <selenium.webdriver.chrome.webdriver.WebDriver (session=\"8ab5d755e6249efd54770a884a2c8352\")>\nmain_page_open = None, title = 'new email and empty email'\nfirst_name = 'Auto Test', birthday = 1957, email = '', password = 'password'\nconfirm_password = 'password'\nerror_message = ['Please enter your login and password', 'Пожалуйста, введите логин и пароль.']\n\n    @pytest.mark.parametrize(Registration.test_data, Registration.DATA_REGISTRATION)\n    def test_registration_negative(self, driver, main_page_open, title, first_name, birthday, email, password,\n                                   confirm_password, error_message):\n        allure.dynamic.title(f'Check registration with {title}')\n        page = RegistrationPage(driver)\n>       page.open_registration_page()\n\ntests/registration_page_test.py:55: \n_ _ _ _ _ _ _ _ _ _ _ _ _ _ _ _ _ _ _ _ _ _ _ _ _ _ _ _ _ _ _ _ _ _ _ _ _ _ _ _ \npages/registration_page.py:15: in open_registration_page\n    self.element_is_present_and_clickable(MainPageLocators.REGISTRATION_BUTTON).click()\npages/base_page.py:32: in element_is_present_and_clickable\n    return (Wait(self.driver, self.timeout).until(\n_ _ _ _ _ _ _ _ _ _ _ _ _ _ _ _ _ _ _ _ _ _ _ _ _ _ _ _ _ _ _ _ _ _ _ _ _ _ _ _ \n\nself = <selenium.webdriver.support.wait.WebDriverWait (session=\"8ab5d755e6249efd54770a884a2c8352\")>\nmethod = <function visibility_of_element_located.<locals>._predicate at 0x7ffbddd99580>\nmessage = 'Can\\'t find element by locator (\\'xpath\\', \\'//a[@href=\"/registration\"]\\')'\n\n    def until(self, method, message: str = \"\"):\n        \"\"\"Calls the method provided with the driver as an argument until the \\\n        return value does not evaluate to ``False``.\n    \n        :param method: callable(WebDriver)\n        :param message: optional message for :exc:`TimeoutException`\n        :returns: the result of the last call to `method`\n        :raises: :exc:`selenium.common.exceptions.TimeoutException` if timeout occurs\n        \"\"\"\n        screen = None\n        stacktrace = None\n    \n        end_time = time.monotonic() + self._timeout\n        while True:\n            try:\n                value = method(self._driver)\n                if value:\n                    return value\n            except self._ignored_exceptions as exc:\n                screen = getattr(exc, \"screen\", None)\n                stacktrace = getattr(exc, \"stacktrace\", None)\n            time.sleep(self._poll)\n            if time.monotonic() > end_time:\n                break\n>       raise TimeoutException(message, screen, stacktrace)\nE       selenium.common.exceptions.TimeoutException: Message: Can't find element by locator ('xpath', '//a[@href=\"/registration\"]')\nE       Stacktrace:\nE       #0 0x56130e45913a <unknown>\nE       #1 0x56130df74460 <unknown>\nE       #2 0x56130dfc0f96 <unknown>\nE       #3 0x56130dfc1221 <unknown>\nE       #4 0x56130e0065d4 <unknown>\nE       #5 0x56130dfe503d <unknown>\nE       #6 0x56130e003af6 <unknown>\nE       #7 0x56130dfe4db3 <unknown>\nE       #8 0x56130dfb3c10 <unknown>\nE       #9 0x56130dfb4bee <unknown>\nE       #10 0x56130e4253cb <unknown>\nE       #11 0x56130e429368 <unknown>\nE       #12 0x56130e412eec <unknown>\nE       #13 0x56130e429ee7 <unknown>\nE       #14 0x56130e3f813f <unknown>\nE       #15 0x56130e447858 <unknown>\nE       #16 0x56130e447a20 <unknown>\nE       #17 0x56130e457fb6 <unknown>\nE       #18 0x7f1e75c94ac3 <unknown>\n\n/opt/hostedtoolcache/Python/3.12.7/x64/lib/python3.12/site-packages/selenium/webdriver/support/wait.py:95: TimeoutException",
    "steps" : [ {
      "name" : "Open registration page",
      "time" : {
        "start" : 1731461499670,
        "stop" : 1731461520129,
        "duration" : 20459
      },
      "status" : "broken",
      "statusMessage" : "selenium.common.exceptions.TimeoutException: Message: Can't find element by locator ('xpath', '//a[@href=\"/registration\"]')\nStacktrace:\n#0 0x56130e45913a <unknown>\n#1 0x56130df74460 <unknown>\n#2 0x56130dfc0f96 <unknown>\n#3 0x56130dfc1221 <unknown>\n#4 0x56130e0065d4 <unknown>\n#5 0x56130dfe503d <unknown>\n#6 0x56130e003af6 <unknown>\n#7 0x56130dfe4db3 <unknown>\n#8 0x56130dfb3c10 <unknown>\n#9 0x56130dfb4bee <unknown>\n#10 0x56130e4253cb <unknown>\n#11 0x56130e429368 <unknown>\n#12 0x56130e412eec <unknown>\n#13 0x56130e429ee7 <unknown>\n#14 0x56130e3f813f <unknown>\n#15 0x56130e447858 <unknown>\n#16 0x56130e447a20 <unknown>\n#17 0x56130e457fb6 <unknown>\n#18 0x7f1e75c94ac3 <unknown>\n\n",
      "statusTrace" : "  File \"/opt/hostedtoolcache/Python/3.12.7/x64/lib/python3.12/site-packages/allure_commons/_allure.py\", line 192, in impl\n    return func(*a, **kw)\n           ^^^^^^^^^^^^^^\n  File \"/home/runner/work/auto-tests-python/auto-tests-python/pages/registration_page.py\", line 15, in open_registration_page\n    self.element_is_present_and_clickable(MainPageLocators.REGISTRATION_BUTTON).click()\n    ^^^^^^^^^^^^^^^^^^^^^^^^^^^^^^^^^^^^^^^^^^^^^^^^^^^^^^^^^^^^^^^^^^^^^^^^^^^\n  File \"/home/runner/work/auto-tests-python/auto-tests-python/pages/base_page.py\", line 32, in element_is_present_and_clickable\n    return (Wait(self.driver, self.timeout).until(\n            ^^^^^^^^^^^^^^^^^^^^^^^^^^^^^^^^^^^^^^\n  File \"/opt/hostedtoolcache/Python/3.12.7/x64/lib/python3.12/site-packages/selenium/webdriver/support/wait.py\", line 95, in until\n    raise TimeoutException(message, screen, stacktrace)\n",
      "steps" : [ ],
      "attachments" : [ ],
      "parameters" : [ ],
      "stepsCount" : 0,
      "attachmentsCount" : 0,
      "shouldDisplayMessage" : true,
      "hasContent" : true
    } ],
    "attachments" : [ {
      "uid" : "9baacbb974e3ebe5",
      "name" : "Screenshot 2024-11-13 01:32:00.219609",
      "source" : "9baacbb974e3ebe5.png",
      "type" : "image/png",
      "size" : 48838
    } ],
    "parameters" : [ ],
    "stepsCount" : 1,
    "attachmentsCount" : 1,
    "shouldDisplayMessage" : true,
    "hasContent" : true
  },
  "afterStages" : [ {
    "name" : "driver::0",
    "time" : {
      "start" : 1731461520222,
      "stop" : 1731461520304,
      "duration" : 82
    },
    "status" : "passed",
    "steps" : [ ],
    "attachments" : [ ],
    "parameters" : [ ],
    "stepsCount" : 0,
    "attachmentsCount" : 0,
    "shouldDisplayMessage" : false,
    "hasContent" : false
  } ],
  "labels" : [ {
    "name" : "epic",
    "value" : "Test Registration Page"
  }, {
    "name" : "parentSuite",
    "value" : "tests"
  }, {
    "name" : "suite",
    "value" : "registration_page_test"
  }, {
    "name" : "subSuite",
    "value" : "TestRegistrationPage"
  }, {
    "name" : "host",
    "value" : "fv-az1446-12"
  }, {
    "name" : "thread",
    "value" : "2313-MainThread"
  }, {
    "name" : "framework",
    "value" : "pytest"
  }, {
    "name" : "language",
    "value" : "cpython3"
  }, {
    "name" : "package",
    "value" : "tests.registration_page_test"
  }, {
    "name" : "resultFormat",
    "value" : "allure2"
  } ],
  "parameters" : [ {
    "name" : "birthday",
    "value" : "1957"
  }, {
    "name" : "confirm_password",
    "value" : "'password'"
  }, {
    "name" : "email",
    "value" : "''"
  }, {
    "name" : "error_message",
    "value" : "['Please enter your login and password', 'Пожалуйста, введите логин и пароль.']"
  }, {
    "name" : "first_name",
    "value" : "'Auto Test'"
  }, {
    "name" : "password",
    "value" : "'password'"
  }, {
    "name" : "title",
    "value" : "'new email and empty email'"
  } ],
  "links" : [ ],
  "hidden" : false,
  "retry" : false,
  "extra" : {
    "severity" : "normal",
    "retries" : [ ],
    "categories" : [ {
      "name" : "Test defects",
      "matchedStatuses" : [ ],
      "flaky" : false
    } ],
    "history" : {
      "statistic" : {
        "failed" : 0,
        "broken" : 1,
        "skipped" : 0,
        "passed" : 8,
        "unknown" : 0,
        "total" : 9
      },
      "items" : [ {
        "uid" : "a3ae6abd2630a468",
        "reportUrl" : "https://Brain-up.github.io/auto-tests-python/361//#testresult/a3ae6abd2630a468",
        "status" : "passed",
        "time" : {
          "start" : 1730277654330,
          "stop" : 1730277655005,
          "duration" : 675
        }
      }, {
        "uid" : "d9a0a7c262fdf02b",
        "reportUrl" : "https://Brain-up.github.io/auto-tests-python/105//#testresult/d9a0a7c262fdf02b",
        "status" : "passed",
        "time" : {
          "start" : 1724806795139,
          "stop" : 1724806795756,
          "duration" : 617
        }
      }, {
        "uid" : "c837713a4b9af2dd",
        "reportUrl" : "https://Brain-up.github.io/auto-tests-python/73//#testresult/c837713a4b9af2dd",
        "status" : "passed",
        "time" : {
          "start" : 1722041813968,
          "stop" : 1722041814567,
          "duration" : 599
        }
      }, {
        "uid" : "40d5ad279ae9a8eb",
        "reportUrl" : "https://Brain-up.github.io/auto-tests-python/71//#testresult/40d5ad279ae9a8eb",
        "status" : "passed",
        "time" : {
          "start" : 1721869001249,
          "stop" : 1721869001843,
          "duration" : 594
        }
      }, {
        "uid" : "ecc740f65416e9e",
        "reportUrl" : "https://Brain-up.github.io/auto-tests-python/54//#testresult/ecc740f65416e9e",
        "status" : "passed",
        "time" : {
          "start" : 1720400280321,
          "stop" : 1720400280921,
          "duration" : 600
        }
      }, {
        "uid" : "9f3f89afca143863",
        "reportUrl" : "https://Brain-up.github.io/auto-tests-python/90//#testresult/9f3f89afca143863",
        "status" : "passed",
        "time" : {
          "start" : 1719645723911,
          "stop" : 1719645724511,
          "duration" : 600
        }
      }, {
        "uid" : "361d2db75c3868a9",
        "reportUrl" : "https://Brain-up.github.io/auto-tests-python/26//#testresult/361d2db75c3868a9",
        "status" : "passed",
        "time" : {
          "start" : 1717231701738,
          "stop" : 1717231702338,
          "duration" : 600
        }
      }, {
        "uid" : "f02b0fbb8b74dc09",
        "reportUrl" : "https://Brain-up.github.io/auto-tests-python/21//#testresult/f02b0fbb8b74dc09",
        "status" : "passed",
        "time" : {
          "start" : 1716975076131,
          "stop" : 1716975076743,
          "duration" : 612
        }
      } ]
    },
    "tags" : [ ]
  },
  "source" : "67c738b43ae00098.json",
  "parameterValues" : [ "1957", "'password'", "''", "['Please enter your login and password', 'Пожалуйста, введите логин и пароль.']", "'Auto Test'", "'password'", "'new email and empty email'" ]
}