{
  "uid" : "69e32fd9e327e70",
  "name" : "Verify sizes of images in links on the page",
  "fullName" : "tests.groups_page_test.TestGroupsPageImages#test_gp_04_02_verify_images_sizes",
  "historyId" : "dbf362fb5024a235f8cf4ea832790fce",
  "time" : {
    "start" : 1731460499122,
    "stop" : 1731460499122,
    "duration" : 0
  },
  "status" : "broken",
  "statusMessage" : "selenium.common.exceptions.TimeoutException: Message: Can't find element by locator ('xpath', '//a[@id=\"ember11\"]')\nStacktrace:\n#0 0x55717361b13a <unknown>\n#1 0x557173136460 <unknown>\n#2 0x557173182f96 <unknown>\n#3 0x557173183221 <unknown>\n#4 0x5571731c85d4 <unknown>\n#5 0x5571731a703d <unknown>\n#6 0x5571731c5af6 <unknown>\n#7 0x5571731a6db3 <unknown>\n#8 0x557173175c10 <unknown>\n#9 0x557173176bee <unknown>\n#10 0x5571735e73cb <unknown>\n#11 0x5571735eb368 <unknown>\n#12 0x5571735d4eec <unknown>\n#13 0x5571735ebee7 <unknown>\n#14 0x5571735ba13f <unknown>\n#15 0x557173609858 <unknown>\n#16 0x557173609a20 <unknown>\n#17 0x557173619fb6 <unknown>\n#18 0x7fb206a94ac3 <unknown>",
  "statusTrace" : "driver = <selenium.webdriver.chrome.webdriver.WebDriver (session=\"59a576c2483793377473c35e7c15f471\")>\nmain_page_open = None\n\n    @pytest.fixture()\n    @allure.step('Auto test user authorized')\n    def auto_test_user_authorized(driver, main_page_open):\n        page = BasePage(driver)\n>       page.element_is_present_and_clickable(MainPageLocators.LOGIN_BUTTON).click()\n\ntests/conftest.py:87: \n_ _ _ _ _ _ _ _ _ _ _ _ _ _ _ _ _ _ _ _ _ _ _ _ _ _ _ _ _ _ _ _ _ _ _ _ _ _ _ _ \npages/base_page.py:32: in element_is_present_and_clickable\n    return (Wait(self.driver, self.timeout).until(\n_ _ _ _ _ _ _ _ _ _ _ _ _ _ _ _ _ _ _ _ _ _ _ _ _ _ _ _ _ _ _ _ _ _ _ _ _ _ _ _ \n\nself = <selenium.webdriver.support.wait.WebDriverWait (session=\"59a576c2483793377473c35e7c15f471\")>\nmethod = <function visibility_of_element_located.<locals>._predicate at 0x7ffbddf1f740>\nmessage = 'Can\\'t find element by locator (\\'xpath\\', \\'//a[@id=\"ember11\"]\\')'\n\n    def until(self, method, message: str = \"\"):\n        \"\"\"Calls the method provided with the driver as an argument until the \\\n        return value does not evaluate to ``False``.\n    \n        :param method: callable(WebDriver)\n        :param message: optional message for :exc:`TimeoutException`\n        :returns: the result of the last call to `method`\n        :raises: :exc:`selenium.common.exceptions.TimeoutException` if timeout occurs\n        \"\"\"\n        screen = None\n        stacktrace = None\n    \n        end_time = time.monotonic() + self._timeout\n        while True:\n            try:\n                value = method(self._driver)\n                if value:\n                    return value\n            except self._ignored_exceptions as exc:\n                screen = getattr(exc, \"screen\", None)\n                stacktrace = getattr(exc, \"stacktrace\", None)\n            time.sleep(self._poll)\n            if time.monotonic() > end_time:\n                break\n>       raise TimeoutException(message, screen, stacktrace)\nE       selenium.common.exceptions.TimeoutException: Message: Can't find element by locator ('xpath', '//a[@id=\"ember11\"]')\nE       Stacktrace:\nE       #0 0x55717361b13a <unknown>\nE       #1 0x557173136460 <unknown>\nE       #2 0x557173182f96 <unknown>\nE       #3 0x557173183221 <unknown>\nE       #4 0x5571731c85d4 <unknown>\nE       #5 0x5571731a703d <unknown>\nE       #6 0x5571731c5af6 <unknown>\nE       #7 0x5571731a6db3 <unknown>\nE       #8 0x557173175c10 <unknown>\nE       #9 0x557173176bee <unknown>\nE       #10 0x5571735e73cb <unknown>\nE       #11 0x5571735eb368 <unknown>\nE       #12 0x5571735d4eec <unknown>\nE       #13 0x5571735ebee7 <unknown>\nE       #14 0x5571735ba13f <unknown>\nE       #15 0x557173609858 <unknown>\nE       #16 0x557173609a20 <unknown>\nE       #17 0x557173619fb6 <unknown>\nE       #18 0x7fb206a94ac3 <unknown>\n\n/opt/hostedtoolcache/Python/3.12.7/x64/lib/python3.12/site-packages/selenium/webdriver/support/wait.py:95: TimeoutException",
  "flaky" : false,
  "newFailed" : false,
  "beforeStages" : [ {
    "name" : "clear_allure_results_folder",
    "time" : {
      "start" : 1731459346241,
      "stop" : 1731459346241,
      "duration" : 0
    },
    "status" : "passed",
    "steps" : [ ],
    "attachments" : [ ],
    "parameters" : [ ],
    "stepsCount" : 0,
    "attachmentsCount" : 0,
    "shouldDisplayMessage" : false,
    "hasContent" : false
  }, {
    "name" : "auto_test_user_authorized",
    "time" : {
      "start" : 1731460500268,
      "stop" : 1731460520732,
      "duration" : 20464
    },
    "status" : "broken",
    "statusMessage" : "selenium.common.exceptions.TimeoutException: Message: Can't find element by locator ('xpath', '//a[@id=\"ember11\"]')\nStacktrace:\n#0 0x55717361b13a <unknown>\n#1 0x557173136460 <unknown>\n#2 0x557173182f96 <unknown>\n#3 0x557173183221 <unknown>\n#4 0x5571731c85d4 <unknown>\n#5 0x5571731a703d <unknown>\n#6 0x5571731c5af6 <unknown>\n#7 0x5571731a6db3 <unknown>\n#8 0x557173175c10 <unknown>\n#9 0x557173176bee <unknown>\n#10 0x5571735e73cb <unknown>\n#11 0x5571735eb368 <unknown>\n#12 0x5571735d4eec <unknown>\n#13 0x5571735ebee7 <unknown>\n#14 0x5571735ba13f <unknown>\n#15 0x557173609858 <unknown>\n#16 0x557173609a20 <unknown>\n#17 0x557173619fb6 <unknown>\n#18 0x7fb206a94ac3 <unknown>\n\n",
    "statusTrace" : "  File \"/opt/hostedtoolcache/Python/3.12.7/x64/lib/python3.12/site-packages/pluggy/_callers.py\", line 103, in _multicall\n    res = hook_impl.function(*args)\n          ^^^^^^^^^^^^^^^^^^^^^^^^^\n  File \"/opt/hostedtoolcache/Python/3.12.7/x64/lib/python3.12/site-packages/_pytest/fixtures.py\", line 1123, in pytest_fixture_setup\n    result = call_fixture_func(fixturefunc, request, kwargs)\n             ^^^^^^^^^^^^^^^^^^^^^^^^^^^^^^^^^^^^^^^^^^^^^^^\n  File \"/opt/hostedtoolcache/Python/3.12.7/x64/lib/python3.12/site-packages/_pytest/fixtures.py\", line 902, in call_fixture_func\n    fixture_result = fixturefunc(**kwargs)\n                     ^^^^^^^^^^^^^^^^^^^^^\n  File \"/opt/hostedtoolcache/Python/3.12.7/x64/lib/python3.12/site-packages/allure_commons/_allure.py\", line 192, in impl\n    return func(*a, **kw)\n           ^^^^^^^^^^^^^^\n  File \"/home/runner/work/auto-tests-python/auto-tests-python/tests/conftest.py\", line 87, in auto_test_user_authorized\n    page.element_is_present_and_clickable(MainPageLocators.LOGIN_BUTTON).click()\n    ^^^^^^^^^^^^^^^^^^^^^^^^^^^^^^^^^^^^^^^^^^^^^^^^^^^^^^^^^^^^^^^^^^^^\n  File \"/home/runner/work/auto-tests-python/auto-tests-python/pages/base_page.py\", line 32, in element_is_present_and_clickable\n    return (Wait(self.driver, self.timeout).until(\n            ^^^^^^^^^^^^^^^^^^^^^^^^^^^^^^^^^^^^^^\n  File \"/opt/hostedtoolcache/Python/3.12.7/x64/lib/python3.12/site-packages/selenium/webdriver/support/wait.py\", line 95, in until\n    raise TimeoutException(message, screen, stacktrace)\n",
    "steps" : [ {
      "name" : "Auto test user authorized",
      "time" : {
        "start" : 1731460500269,
        "stop" : 1731460520732,
        "duration" : 20463
      },
      "status" : "broken",
      "statusMessage" : "selenium.common.exceptions.TimeoutException: Message: Can't find element by locator ('xpath', '//a[@id=\"ember11\"]')\nStacktrace:\n#0 0x55717361b13a <unknown>\n#1 0x557173136460 <unknown>\n#2 0x557173182f96 <unknown>\n#3 0x557173183221 <unknown>\n#4 0x5571731c85d4 <unknown>\n#5 0x5571731a703d <unknown>\n#6 0x5571731c5af6 <unknown>\n#7 0x5571731a6db3 <unknown>\n#8 0x557173175c10 <unknown>\n#9 0x557173176bee <unknown>\n#10 0x5571735e73cb <unknown>\n#11 0x5571735eb368 <unknown>\n#12 0x5571735d4eec <unknown>\n#13 0x5571735ebee7 <unknown>\n#14 0x5571735ba13f <unknown>\n#15 0x557173609858 <unknown>\n#16 0x557173609a20 <unknown>\n#17 0x557173619fb6 <unknown>\n#18 0x7fb206a94ac3 <unknown>\n\n",
      "statusTrace" : "  File \"/opt/hostedtoolcache/Python/3.12.7/x64/lib/python3.12/site-packages/allure_commons/_allure.py\", line 192, in impl\n    return func(*a, **kw)\n           ^^^^^^^^^^^^^^\n  File \"/home/runner/work/auto-tests-python/auto-tests-python/tests/conftest.py\", line 87, in auto_test_user_authorized\n    page.element_is_present_and_clickable(MainPageLocators.LOGIN_BUTTON).click()\n    ^^^^^^^^^^^^^^^^^^^^^^^^^^^^^^^^^^^^^^^^^^^^^^^^^^^^^^^^^^^^^^^^^^^^\n  File \"/home/runner/work/auto-tests-python/auto-tests-python/pages/base_page.py\", line 32, in element_is_present_and_clickable\n    return (Wait(self.driver, self.timeout).until(\n            ^^^^^^^^^^^^^^^^^^^^^^^^^^^^^^^^^^^^^^\n  File \"/opt/hostedtoolcache/Python/3.12.7/x64/lib/python3.12/site-packages/selenium/webdriver/support/wait.py\", line 95, in until\n    raise TimeoutException(message, screen, stacktrace)\n",
      "steps" : [ ],
      "attachments" : [ ],
      "parameters" : [ {
        "name" : "driver",
        "value" : "<selenium.webdriver.chrome.webdriver.WebDriver (session=\"59a576c2483793377473c35e7c15f471\")>"
      }, {
        "name" : "main_page_open",
        "value" : "None"
      } ],
      "stepsCount" : 0,
      "attachmentsCount" : 0,
      "shouldDisplayMessage" : true,
      "hasContent" : true
    } ],
    "attachments" : [ ],
    "parameters" : [ ],
    "stepsCount" : 1,
    "attachmentsCount" : 0,
    "shouldDisplayMessage" : false,
    "hasContent" : true
  }, {
    "name" : "driver",
    "time" : {
      "start" : 1731460499122,
      "stop" : 1731460499896,
      "duration" : 774
    },
    "status" : "passed",
    "steps" : [ ],
    "attachments" : [ ],
    "parameters" : [ ],
    "stepsCount" : 0,
    "attachmentsCount" : 0,
    "shouldDisplayMessage" : false,
    "hasContent" : false
  }, {
    "name" : "main_page_open",
    "time" : {
      "start" : 1731460499896,
      "stop" : 1731460500268,
      "duration" : 372
    },
    "status" : "passed",
    "steps" : [ {
      "name" : "Open page: https://brainup.site/",
      "time" : {
        "start" : 1731460499896,
        "stop" : 1731460500268,
        "duration" : 372
      },
      "status" : "passed",
      "steps" : [ ],
      "attachments" : [ ],
      "parameters" : [ {
        "name" : "driver",
        "value" : "<selenium.webdriver.chrome.webdriver.WebDriver (session=\"59a576c2483793377473c35e7c15f471\")>"
      } ],
      "stepsCount" : 0,
      "attachmentsCount" : 0,
      "shouldDisplayMessage" : false,
      "hasContent" : true
    } ],
    "attachments" : [ ],
    "parameters" : [ ],
    "stepsCount" : 1,
    "attachmentsCount" : 0,
    "shouldDisplayMessage" : false,
    "hasContent" : true
  } ],
  "afterStages" : [ {
    "name" : "driver::0",
    "time" : {
      "start" : 1731460520744,
      "stop" : 1731460520827,
      "duration" : 83
    },
    "status" : "passed",
    "steps" : [ ],
    "attachments" : [ ],
    "parameters" : [ ],
    "stepsCount" : 0,
    "attachmentsCount" : 0,
    "shouldDisplayMessage" : false,
    "hasContent" : false
  } ],
  "labels" : [ {
    "name" : "epic",
    "value" : "The Groups Page"
  }, {
    "name" : "parentSuite",
    "value" : "tests"
  }, {
    "name" : "suite",
    "value" : "groups_page_test"
  }, {
    "name" : "subSuite",
    "value" : "TestGroupsPage"
  }, {
    "name" : "host",
    "value" : "fv-az1446-12"
  }, {
    "name" : "thread",
    "value" : "2313-MainThread"
  }, {
    "name" : "framework",
    "value" : "pytest"
  }, {
    "name" : "language",
    "value" : "cpython3"
  }, {
    "name" : "package",
    "value" : "tests.groups_page_test"
  }, {
    "name" : "resultFormat",
    "value" : "allure2"
  } ],
  "parameters" : [ ],
  "links" : [ ],
  "hidden" : false,
  "retry" : false,
  "extra" : {
    "severity" : "normal",
    "retries" : [ ],
    "categories" : [ {
      "name" : "Test defects",
      "matchedStatuses" : [ ],
      "flaky" : false
    } ],
    "history" : {
      "statistic" : {
        "failed" : 0,
        "broken" : 1,
        "skipped" : 0,
        "passed" : 46,
        "unknown" : 0,
        "total" : 47
      },
      "items" : [ {
        "uid" : "18828f49bf7844f",
        "reportUrl" : "https://Brain-up.github.io/auto-tests-python/383//#testresult/18828f49bf7844f",
        "status" : "passed",
        "time" : {
          "start" : 1731412980861,
          "stop" : 1731412986929,
          "duration" : 6068
        }
      }, {
        "uid" : "a87701380fffe554",
        "reportUrl" : "https://Brain-up.github.io/auto-tests-python/382//#testresult/a87701380fffe554",
        "status" : "passed",
        "time" : {
          "start" : 1731410537835,
          "stop" : 1731410543903,
          "duration" : 6068
        }
      }, {
        "uid" : "844f813a9a17400f",
        "reportUrl" : "https://Brain-up.github.io/auto-tests-python/381//#testresult/844f813a9a17400f",
        "status" : "passed",
        "time" : {
          "start" : 1731408518390,
          "stop" : 1731408524453,
          "duration" : 6063
        }
      }, {
        "uid" : "e177ae642e489472",
        "reportUrl" : "https://Brain-up.github.io/auto-tests-python/181//#testresult/e177ae642e489472",
        "status" : "passed",
        "time" : {
          "start" : 1731373372009,
          "stop" : 1731373378072,
          "duration" : 6063
        }
      }, {
        "uid" : "4683bcfbe06c5611",
        "reportUrl" : "https://Brain-up.github.io/auto-tests-python/380//#testresult/4683bcfbe06c5611",
        "status" : "passed",
        "time" : {
          "start" : 1731356018413,
          "stop" : 1731356024478,
          "duration" : 6065
        }
      }, {
        "uid" : "7735735458f9f87e",
        "reportUrl" : "https://Brain-up.github.io/auto-tests-python/379//#testresult/7735735458f9f87e",
        "status" : "passed",
        "time" : {
          "start" : 1731353929101,
          "stop" : 1731353935170,
          "duration" : 6069
        }
      }, {
        "uid" : "c9858e95e77ed70f",
        "reportUrl" : "https://Brain-up.github.io/auto-tests-python/180//#testresult/c9858e95e77ed70f",
        "status" : "passed",
        "time" : {
          "start" : 1731286999647,
          "stop" : 1731287005716,
          "duration" : 6069
        }
      }, {
        "uid" : "708f36a1235e2fe2",
        "reportUrl" : "https://Brain-up.github.io/auto-tests-python/179//#testresult/708f36a1235e2fe2",
        "status" : "passed",
        "time" : {
          "start" : 1731200772810,
          "stop" : 1731200778879,
          "duration" : 6069
        }
      }, {
        "uid" : "226e0f7066c539cf",
        "reportUrl" : "https://Brain-up.github.io/auto-tests-python/178//#testresult/226e0f7066c539cf",
        "status" : "passed",
        "time" : {
          "start" : 1731114011852,
          "stop" : 1731114017917,
          "duration" : 6065
        }
      }, {
        "uid" : "d864dfc4c7046ca",
        "reportUrl" : "https://Brain-up.github.io/auto-tests-python/378//#testresult/d864dfc4c7046ca",
        "status" : "passed",
        "time" : {
          "start" : 1731063797772,
          "stop" : 1731063803837,
          "duration" : 6065
        }
      }, {
        "uid" : "52c46ce1ccafca6e",
        "reportUrl" : "https://Brain-up.github.io/auto-tests-python/377//#testresult/52c46ce1ccafca6e",
        "status" : "passed",
        "time" : {
          "start" : 1731060353686,
          "stop" : 1731060359753,
          "duration" : 6067
        }
      }, {
        "uid" : "25921fd698bc0cad",
        "reportUrl" : "https://Brain-up.github.io/auto-tests-python/177//#testresult/25921fd698bc0cad",
        "status" : "passed",
        "time" : {
          "start" : 1731027756954,
          "stop" : 1731027763020,
          "duration" : 6066
        }
      }, {
        "uid" : "a92a95de953bebfa",
        "reportUrl" : "https://Brain-up.github.io/auto-tests-python/376//#testresult/a92a95de953bebfa",
        "status" : "passed",
        "time" : {
          "start" : 1730968737572,
          "stop" : 1730968743635,
          "duration" : 6063
        }
      }, {
        "uid" : "8171d2aea234db2",
        "reportUrl" : "https://Brain-up.github.io/auto-tests-python/375//#testresult/8171d2aea234db2",
        "status" : "passed",
        "time" : {
          "start" : 1730967288439,
          "stop" : 1730967294503,
          "duration" : 6064
        }
      }, {
        "uid" : "27e7f7f342d5c539",
        "reportUrl" : "https://Brain-up.github.io/auto-tests-python/176//#testresult/27e7f7f342d5c539",
        "status" : "passed",
        "time" : {
          "start" : 1730941446735,
          "stop" : 1730941452801,
          "duration" : 6066
        }
      }, {
        "uid" : "6514f0c7549fcc73",
        "reportUrl" : "https://Brain-up.github.io/auto-tests-python/374//#testresult/6514f0c7549fcc73",
        "status" : "passed",
        "time" : {
          "start" : 1730889822810,
          "stop" : 1730889828873,
          "duration" : 6063
        }
      }, {
        "uid" : "7deae0537cad7a5b",
        "reportUrl" : "https://Brain-up.github.io/auto-tests-python/373//#testresult/7deae0537cad7a5b",
        "status" : "passed",
        "time" : {
          "start" : 1730888407094,
          "stop" : 1730888413161,
          "duration" : 6067
        }
      }, {
        "uid" : "223841ba5fdd48dc",
        "reportUrl" : "https://Brain-up.github.io/auto-tests-python/175//#testresult/223841ba5fdd48dc",
        "status" : "passed",
        "time" : {
          "start" : 1730854881630,
          "stop" : 1730854887695,
          "duration" : 6065
        }
      }, {
        "uid" : "3e5bfc815e52af6d",
        "reportUrl" : "https://Brain-up.github.io/auto-tests-python/372//#testresult/3e5bfc815e52af6d",
        "status" : "passed",
        "time" : {
          "start" : 1730799828937,
          "stop" : 1730799835001,
          "duration" : 6064
        }
      }, {
        "uid" : "898c8ab72ac8943a",
        "reportUrl" : "https://Brain-up.github.io/auto-tests-python/371//#testresult/898c8ab72ac8943a",
        "status" : "passed",
        "time" : {
          "start" : 1730797943785,
          "stop" : 1730797949852,
          "duration" : 6067
        }
      } ]
    },
    "tags" : [ ]
  },
  "source" : "69e32fd9e327e70.json",
  "parameterValues" : [ ]
}