{
  "uid" : "a8bae54dbcd6807c",
  "name" : "Verify redirection to telegram page not authorized user.",
  "fullName" : "tests.description_page_test.TestDescriptionPage#test_dp_02_verify_redirection_to_telegram_page",
  "historyId" : "815fbc448cb350014cc259b99d8c0dea",
  "time" : {
    "start" : 1731459871309,
    "stop" : 1731459891787,
    "duration" : 20478
  },
  "status" : "broken",
  "statusMessage" : "selenium.common.exceptions.TimeoutException: Message: Can't find element by locator ('xpath', \"//*[contains(text(),'Telegram')]\")\nStacktrace:\n#0 0x55569e58713a <unknown>\n#1 0x55569e0a2460 <unknown>\n#2 0x55569e0eef96 <unknown>\n#3 0x55569e0ef221 <unknown>\n#4 0x55569e1345d4 <unknown>\n#5 0x55569e11303d <unknown>\n#6 0x55569e131af6 <unknown>\n#7 0x55569e112db3 <unknown>\n#8 0x55569e0e1c10 <unknown>\n#9 0x55569e0e2bee <unknown>\n#10 0x55569e5533cb <unknown>\n#11 0x55569e557368 <unknown>\n#12 0x55569e540eec <unknown>\n#13 0x55569e557ee7 <unknown>\n#14 0x55569e52613f <unknown>\n#15 0x55569e575858 <unknown>\n#16 0x55569e575a20 <unknown>\n#17 0x55569e585fb6 <unknown>\n#18 0x7fdb8b294ac3 <unknown>",
  "statusTrace" : "self = <tests.description_page_test.TestDescriptionPage object at 0x7ffbde5fd6d0>\ndriver = <selenium.webdriver.chrome.webdriver.WebDriver (session=\"b79e1d0616de6d2feacbc86c45ea70c0\")>\ndescription_page_open = None\n\n    @allure.title(\"Verify redirection to telegram page not authorized user.\")\n    def test_dp_02_verify_redirection_to_telegram_page(self, driver, description_page_open):\n        page = DescriptionPage(driver)\n>       telegram_url = page.transition_telegram_page()\n\ntests/description_page_test.py:18: \n_ _ _ _ _ _ _ _ _ _ _ _ _ _ _ _ _ _ _ _ _ _ _ _ _ _ _ _ _ _ _ _ _ _ _ _ _ _ _ _ \npages/description_page.py:19: in transition_telegram_page\n    self.element_is_clickable(self.locators.TELEGRAM_PAGE).click()\npages/base_page.py:59: in element_is_clickable\n    return Wait(self.driver, self.timeout).until(\n_ _ _ _ _ _ _ _ _ _ _ _ _ _ _ _ _ _ _ _ _ _ _ _ _ _ _ _ _ _ _ _ _ _ _ _ _ _ _ _ \n\nself = <selenium.webdriver.support.wait.WebDriverWait (session=\"b79e1d0616de6d2feacbc86c45ea70c0\")>\nmethod = <function element_to_be_clickable.<locals>._predicate at 0x7ffbde0c0cc0>\nmessage = 'Can\\'t find element by locator (\\'xpath\\', \"//*[contains(text(),\\'Telegram\\')]\")'\n\n    def until(self, method, message: str = \"\"):\n        \"\"\"Calls the method provided with the driver as an argument until the \\\n        return value does not evaluate to ``False``.\n    \n        :param method: callable(WebDriver)\n        :param message: optional message for :exc:`TimeoutException`\n        :returns: the result of the last call to `method`\n        :raises: :exc:`selenium.common.exceptions.TimeoutException` if timeout occurs\n        \"\"\"\n        screen = None\n        stacktrace = None\n    \n        end_time = time.monotonic() + self._timeout\n        while True:\n            try:\n                value = method(self._driver)\n                if value:\n                    return value\n            except self._ignored_exceptions as exc:\n                screen = getattr(exc, \"screen\", None)\n                stacktrace = getattr(exc, \"stacktrace\", None)\n            time.sleep(self._poll)\n            if time.monotonic() > end_time:\n                break\n>       raise TimeoutException(message, screen, stacktrace)\nE       selenium.common.exceptions.TimeoutException: Message: Can't find element by locator ('xpath', \"//*[contains(text(),'Telegram')]\")\nE       Stacktrace:\nE       #0 0x55569e58713a <unknown>\nE       #1 0x55569e0a2460 <unknown>\nE       #2 0x55569e0eef96 <unknown>\nE       #3 0x55569e0ef221 <unknown>\nE       #4 0x55569e1345d4 <unknown>\nE       #5 0x55569e11303d <unknown>\nE       #6 0x55569e131af6 <unknown>\nE       #7 0x55569e112db3 <unknown>\nE       #8 0x55569e0e1c10 <unknown>\nE       #9 0x55569e0e2bee <unknown>\nE       #10 0x55569e5533cb <unknown>\nE       #11 0x55569e557368 <unknown>\nE       #12 0x55569e540eec <unknown>\nE       #13 0x55569e557ee7 <unknown>\nE       #14 0x55569e52613f <unknown>\nE       #15 0x55569e575858 <unknown>\nE       #16 0x55569e575a20 <unknown>\nE       #17 0x55569e585fb6 <unknown>\nE       #18 0x7fdb8b294ac3 <unknown>\n\n/opt/hostedtoolcache/Python/3.12.7/x64/lib/python3.12/site-packages/selenium/webdriver/support/wait.py:95: TimeoutException",
  "flaky" : false,
  "newFailed" : false,
  "beforeStages" : [ {
    "name" : "clear_allure_results_folder",
    "time" : {
      "start" : 1731459346241,
      "stop" : 1731459346241,
      "duration" : 0
    },
    "status" : "passed",
    "steps" : [ ],
    "attachments" : [ ],
    "parameters" : [ ],
    "stepsCount" : 0,
    "attachmentsCount" : 0,
    "shouldDisplayMessage" : false,
    "hasContent" : false
  }, {
    "name" : "driver",
    "time" : {
      "start" : 1731459870220,
      "stop" : 1731459870990,
      "duration" : 770
    },
    "status" : "passed",
    "steps" : [ ],
    "attachments" : [ ],
    "parameters" : [ ],
    "stepsCount" : 0,
    "attachmentsCount" : 0,
    "shouldDisplayMessage" : false,
    "hasContent" : false
  }, {
    "name" : "description_page_open",
    "time" : {
      "start" : 1731459870990,
      "stop" : 1731459871308,
      "duration" : 318
    },
    "status" : "passed",
    "steps" : [ {
      "name" : "Open page: https://brainup.site/description",
      "time" : {
        "start" : 1731459870990,
        "stop" : 1731459871308,
        "duration" : 318
      },
      "status" : "passed",
      "steps" : [ ],
      "attachments" : [ ],
      "parameters" : [ {
        "name" : "driver",
        "value" : "<selenium.webdriver.chrome.webdriver.WebDriver (session=\"b79e1d0616de6d2feacbc86c45ea70c0\")>"
      } ],
      "stepsCount" : 0,
      "attachmentsCount" : 0,
      "shouldDisplayMessage" : false,
      "hasContent" : true
    } ],
    "attachments" : [ ],
    "parameters" : [ ],
    "stepsCount" : 1,
    "attachmentsCount" : 0,
    "shouldDisplayMessage" : false,
    "hasContent" : true
  } ],
  "testStage" : {
    "status" : "broken",
    "statusMessage" : "selenium.common.exceptions.TimeoutException: Message: Can't find element by locator ('xpath', \"//*[contains(text(),'Telegram')]\")\nStacktrace:\n#0 0x55569e58713a <unknown>\n#1 0x55569e0a2460 <unknown>\n#2 0x55569e0eef96 <unknown>\n#3 0x55569e0ef221 <unknown>\n#4 0x55569e1345d4 <unknown>\n#5 0x55569e11303d <unknown>\n#6 0x55569e131af6 <unknown>\n#7 0x55569e112db3 <unknown>\n#8 0x55569e0e1c10 <unknown>\n#9 0x55569e0e2bee <unknown>\n#10 0x55569e5533cb <unknown>\n#11 0x55569e557368 <unknown>\n#12 0x55569e540eec <unknown>\n#13 0x55569e557ee7 <unknown>\n#14 0x55569e52613f <unknown>\n#15 0x55569e575858 <unknown>\n#16 0x55569e575a20 <unknown>\n#17 0x55569e585fb6 <unknown>\n#18 0x7fdb8b294ac3 <unknown>",
    "statusTrace" : "self = <tests.description_page_test.TestDescriptionPage object at 0x7ffbde5fd6d0>\ndriver = <selenium.webdriver.chrome.webdriver.WebDriver (session=\"b79e1d0616de6d2feacbc86c45ea70c0\")>\ndescription_page_open = None\n\n    @allure.title(\"Verify redirection to telegram page not authorized user.\")\n    def test_dp_02_verify_redirection_to_telegram_page(self, driver, description_page_open):\n        page = DescriptionPage(driver)\n>       telegram_url = page.transition_telegram_page()\n\ntests/description_page_test.py:18: \n_ _ _ _ _ _ _ _ _ _ _ _ _ _ _ _ _ _ _ _ _ _ _ _ _ _ _ _ _ _ _ _ _ _ _ _ _ _ _ _ \npages/description_page.py:19: in transition_telegram_page\n    self.element_is_clickable(self.locators.TELEGRAM_PAGE).click()\npages/base_page.py:59: in element_is_clickable\n    return Wait(self.driver, self.timeout).until(\n_ _ _ _ _ _ _ _ _ _ _ _ _ _ _ _ _ _ _ _ _ _ _ _ _ _ _ _ _ _ _ _ _ _ _ _ _ _ _ _ \n\nself = <selenium.webdriver.support.wait.WebDriverWait (session=\"b79e1d0616de6d2feacbc86c45ea70c0\")>\nmethod = <function element_to_be_clickable.<locals>._predicate at 0x7ffbde0c0cc0>\nmessage = 'Can\\'t find element by locator (\\'xpath\\', \"//*[contains(text(),\\'Telegram\\')]\")'\n\n    def until(self, method, message: str = \"\"):\n        \"\"\"Calls the method provided with the driver as an argument until the \\\n        return value does not evaluate to ``False``.\n    \n        :param method: callable(WebDriver)\n        :param message: optional message for :exc:`TimeoutException`\n        :returns: the result of the last call to `method`\n        :raises: :exc:`selenium.common.exceptions.TimeoutException` if timeout occurs\n        \"\"\"\n        screen = None\n        stacktrace = None\n    \n        end_time = time.monotonic() + self._timeout\n        while True:\n            try:\n                value = method(self._driver)\n                if value:\n                    return value\n            except self._ignored_exceptions as exc:\n                screen = getattr(exc, \"screen\", None)\n                stacktrace = getattr(exc, \"stacktrace\", None)\n            time.sleep(self._poll)\n            if time.monotonic() > end_time:\n                break\n>       raise TimeoutException(message, screen, stacktrace)\nE       selenium.common.exceptions.TimeoutException: Message: Can't find element by locator ('xpath', \"//*[contains(text(),'Telegram')]\")\nE       Stacktrace:\nE       #0 0x55569e58713a <unknown>\nE       #1 0x55569e0a2460 <unknown>\nE       #2 0x55569e0eef96 <unknown>\nE       #3 0x55569e0ef221 <unknown>\nE       #4 0x55569e1345d4 <unknown>\nE       #5 0x55569e11303d <unknown>\nE       #6 0x55569e131af6 <unknown>\nE       #7 0x55569e112db3 <unknown>\nE       #8 0x55569e0e1c10 <unknown>\nE       #9 0x55569e0e2bee <unknown>\nE       #10 0x55569e5533cb <unknown>\nE       #11 0x55569e557368 <unknown>\nE       #12 0x55569e540eec <unknown>\nE       #13 0x55569e557ee7 <unknown>\nE       #14 0x55569e52613f <unknown>\nE       #15 0x55569e575858 <unknown>\nE       #16 0x55569e575a20 <unknown>\nE       #17 0x55569e585fb6 <unknown>\nE       #18 0x7fdb8b294ac3 <unknown>\n\n/opt/hostedtoolcache/Python/3.12.7/x64/lib/python3.12/site-packages/selenium/webdriver/support/wait.py:95: TimeoutException",
    "steps" : [ {
      "name" : "Open telegram page",
      "time" : {
        "start" : 1731459871309,
        "stop" : 1731459891787,
        "duration" : 20478
      },
      "status" : "broken",
      "statusMessage" : "selenium.common.exceptions.TimeoutException: Message: Can't find element by locator ('xpath', \"//*[contains(text(),'Telegram')]\")\nStacktrace:\n#0 0x55569e58713a <unknown>\n#1 0x55569e0a2460 <unknown>\n#2 0x55569e0eef96 <unknown>\n#3 0x55569e0ef221 <unknown>\n#4 0x55569e1345d4 <unknown>\n#5 0x55569e11303d <unknown>\n#6 0x55569e131af6 <unknown>\n#7 0x55569e112db3 <unknown>\n#8 0x55569e0e1c10 <unknown>\n#9 0x55569e0e2bee <unknown>\n#10 0x55569e5533cb <unknown>\n#11 0x55569e557368 <unknown>\n#12 0x55569e540eec <unknown>\n#13 0x55569e557ee7 <unknown>\n#14 0x55569e52613f <unknown>\n#15 0x55569e575858 <unknown>\n#16 0x55569e575a20 <unknown>\n#17 0x55569e585fb6 <unknown>\n#18 0x7fdb8b294ac3 <unknown>\n\n",
      "statusTrace" : "  File \"/opt/hostedtoolcache/Python/3.12.7/x64/lib/python3.12/site-packages/allure_commons/_allure.py\", line 192, in impl\n    return func(*a, **kw)\n           ^^^^^^^^^^^^^^\n  File \"/home/runner/work/auto-tests-python/auto-tests-python/pages/description_page.py\", line 19, in transition_telegram_page\n    self.element_is_clickable(self.locators.TELEGRAM_PAGE).click()\n    ^^^^^^^^^^^^^^^^^^^^^^^^^^^^^^^^^^^^^^^^^^^^^^^^^^^^^^\n  File \"/home/runner/work/auto-tests-python/auto-tests-python/pages/base_page.py\", line 59, in element_is_clickable\n    return Wait(self.driver, self.timeout).until(\n           ^^^^^^^^^^^^^^^^^^^^^^^^^^^^^^^^^^^^^^\n  File \"/opt/hostedtoolcache/Python/3.12.7/x64/lib/python3.12/site-packages/selenium/webdriver/support/wait.py\", line 95, in until\n    raise TimeoutException(message, screen, stacktrace)\n",
      "steps" : [ ],
      "attachments" : [ ],
      "parameters" : [ ],
      "stepsCount" : 0,
      "attachmentsCount" : 0,
      "shouldDisplayMessage" : true,
      "hasContent" : true
    } ],
    "attachments" : [ {
      "uid" : "a88d2e18d84968b2",
      "name" : "Screenshot 2024-11-13 01:04:51.884741",
      "source" : "a88d2e18d84968b2.png",
      "type" : "image/png",
      "size" : 48845
    } ],
    "parameters" : [ ],
    "stepsCount" : 1,
    "attachmentsCount" : 1,
    "shouldDisplayMessage" : true,
    "hasContent" : true
  },
  "afterStages" : [ {
    "name" : "driver::0",
    "time" : {
      "start" : 1731459891886,
      "stop" : 1731459891968,
      "duration" : 82
    },
    "status" : "passed",
    "steps" : [ ],
    "attachments" : [ ],
    "parameters" : [ ],
    "stepsCount" : 0,
    "attachmentsCount" : 0,
    "shouldDisplayMessage" : false,
    "hasContent" : false
  } ],
  "labels" : [ {
    "name" : "epic",
    "value" : "Description Page."
  }, {
    "name" : "parentSuite",
    "value" : "tests"
  }, {
    "name" : "suite",
    "value" : "description_page_test"
  }, {
    "name" : "subSuite",
    "value" : "TestDescriptionPage"
  }, {
    "name" : "host",
    "value" : "fv-az1446-12"
  }, {
    "name" : "thread",
    "value" : "2313-MainThread"
  }, {
    "name" : "framework",
    "value" : "pytest"
  }, {
    "name" : "language",
    "value" : "cpython3"
  }, {
    "name" : "package",
    "value" : "tests.description_page_test"
  }, {
    "name" : "resultFormat",
    "value" : "allure2"
  } ],
  "parameters" : [ ],
  "links" : [ ],
  "hidden" : false,
  "retry" : false,
  "extra" : {
    "severity" : "normal",
    "retries" : [ ],
    "categories" : [ {
      "name" : "Test defects",
      "matchedStatuses" : [ ],
      "flaky" : false
    } ],
    "history" : {
      "statistic" : {
        "failed" : 0,
        "broken" : 7,
        "skipped" : 0,
        "passed" : 584,
        "unknown" : 0,
        "total" : 591
      },
      "items" : [ {
        "uid" : "2a992ea2b34f326",
        "reportUrl" : "https://Brain-up.github.io/auto-tests-python/383//#testresult/2a992ea2b34f326",
        "status" : "passed",
        "time" : {
          "start" : 1731412670756,
          "stop" : 1731412671863,
          "duration" : 1107
        }
      }, {
        "uid" : "23eafb6ca1bb8dcf",
        "reportUrl" : "https://Brain-up.github.io/auto-tests-python/382//#testresult/23eafb6ca1bb8dcf",
        "status" : "passed",
        "time" : {
          "start" : 1731410227049,
          "stop" : 1731410228267,
          "duration" : 1218
        }
      }, {
        "uid" : "fcfdcae36e44c8d6",
        "reportUrl" : "https://Brain-up.github.io/auto-tests-python/381//#testresult/fcfdcae36e44c8d6",
        "status" : "passed",
        "time" : {
          "start" : 1731408163367,
          "stop" : 1731408165282,
          "duration" : 1915
        }
      }, {
        "uid" : "3a82fc5813218adf",
        "reportUrl" : "https://Brain-up.github.io/auto-tests-python/181//#testresult/3a82fc5813218adf",
        "status" : "passed",
        "time" : {
          "start" : 1731373046288,
          "stop" : 1731373048031,
          "duration" : 1743
        }
      }, {
        "uid" : "c54df09e282fedbc",
        "reportUrl" : "https://Brain-up.github.io/auto-tests-python/380//#testresult/c54df09e282fedbc",
        "status" : "passed",
        "time" : {
          "start" : 1731355724426,
          "stop" : 1731355725613,
          "duration" : 1187
        }
      }, {
        "uid" : "6f461904f3c54d72",
        "reportUrl" : "https://Brain-up.github.io/auto-tests-python/379//#testresult/6f461904f3c54d72",
        "status" : "passed",
        "time" : {
          "start" : 1731353646656,
          "stop" : 1731353647837,
          "duration" : 1181
        }
      }, {
        "uid" : "af7405898cc39bd3",
        "reportUrl" : "https://Brain-up.github.io/auto-tests-python/180//#testresult/af7405898cc39bd3",
        "status" : "passed",
        "time" : {
          "start" : 1731286765858,
          "stop" : 1731286766981,
          "duration" : 1123
        }
      }, {
        "uid" : "a8ffe7833cd87889",
        "reportUrl" : "https://Brain-up.github.io/auto-tests-python/179//#testresult/a8ffe7833cd87889",
        "status" : "passed",
        "time" : {
          "start" : 1731200492254,
          "stop" : 1731200494039,
          "duration" : 1785
        }
      }, {
        "uid" : "25b2f0f517d5107e",
        "reportUrl" : "https://Brain-up.github.io/auto-tests-python/178//#testresult/25b2f0f517d5107e",
        "status" : "passed",
        "time" : {
          "start" : 1731113741241,
          "stop" : 1731113742312,
          "duration" : 1071
        }
      }, {
        "uid" : "c8bff5e94f510afb",
        "reportUrl" : "https://Brain-up.github.io/auto-tests-python/378//#testresult/c8bff5e94f510afb",
        "status" : "passed",
        "time" : {
          "start" : 1731063516814,
          "stop" : 1731063518803,
          "duration" : 1989
        }
      }, {
        "uid" : "dcceeb450bfe1aa6",
        "reportUrl" : "https://Brain-up.github.io/auto-tests-python/377//#testresult/dcceeb450bfe1aa6",
        "status" : "passed",
        "time" : {
          "start" : 1731060117969,
          "stop" : 1731060119089,
          "duration" : 1120
        }
      }, {
        "uid" : "e9500a4ecd848310",
        "reportUrl" : "https://Brain-up.github.io/auto-tests-python/177//#testresult/e9500a4ecd848310",
        "status" : "passed",
        "time" : {
          "start" : 1731027476598,
          "stop" : 1731027478409,
          "duration" : 1811
        }
      }, {
        "uid" : "7d7b4d1155ed133b",
        "reportUrl" : "https://Brain-up.github.io/auto-tests-python/376//#testresult/7d7b4d1155ed133b",
        "status" : "passed",
        "time" : {
          "start" : 1730968520690,
          "stop" : 1730968521817,
          "duration" : 1127
        }
      }, {
        "uid" : "eb308f997cb7064d",
        "reportUrl" : "https://Brain-up.github.io/auto-tests-python/375//#testresult/eb308f997cb7064d",
        "status" : "passed",
        "time" : {
          "start" : 1730967054845,
          "stop" : 1730967056135,
          "duration" : 1290
        }
      }, {
        "uid" : "4bea185cce82750c",
        "reportUrl" : "https://Brain-up.github.io/auto-tests-python/176//#testresult/4bea185cce82750c",
        "status" : "passed",
        "time" : {
          "start" : 1730941181463,
          "stop" : 1730941182645,
          "duration" : 1182
        }
      }, {
        "uid" : "af59f61f6f7bea2f",
        "reportUrl" : "https://Brain-up.github.io/auto-tests-python/374//#testresult/af59f61f6f7bea2f",
        "status" : "passed",
        "time" : {
          "start" : 1730889587685,
          "stop" : 1730889589112,
          "duration" : 1427
        }
      }, {
        "uid" : "ac364ae2ddc3bbd9",
        "reportUrl" : "https://Brain-up.github.io/auto-tests-python/373//#testresult/ac364ae2ddc3bbd9",
        "status" : "passed",
        "time" : {
          "start" : 1730888186443,
          "stop" : 1730888187604,
          "duration" : 1161
        }
      }, {
        "uid" : "a5148ca6336a8eb5",
        "reportUrl" : "https://Brain-up.github.io/auto-tests-python/175//#testresult/a5148ca6336a8eb5",
        "status" : "passed",
        "time" : {
          "start" : 1730854648833,
          "stop" : 1730854650121,
          "duration" : 1288
        }
      }, {
        "uid" : "3dbe55b2adf4d4c9",
        "reportUrl" : "https://Brain-up.github.io/auto-tests-python/372//#testresult/3dbe55b2adf4d4c9",
        "status" : "passed",
        "time" : {
          "start" : 1730799620221,
          "stop" : 1730799621299,
          "duration" : 1078
        }
      }, {
        "uid" : "56b97dad5fe3e603",
        "reportUrl" : "https://Brain-up.github.io/auto-tests-python/371//#testresult/56b97dad5fe3e603",
        "status" : "passed",
        "time" : {
          "start" : 1730797734178,
          "stop" : 1730797735343,
          "duration" : 1165
        }
      } ]
    },
    "tags" : [ ]
  },
  "source" : "a8bae54dbcd6807c.json",
  "parameterValues" : [ ]
}