{
  "uid" : "aef03dad4d73824",
  "name" : "Verify redirection to telegram page not authorized user.",
  "fullName" : "tests.main_page_test.TestMainPage#test_mp_02_verify_redirection_to_telegram_page",
  "historyId" : "d786a1c87c257d847f81151257654bfc",
  "time" : {
    "start" : 1731461151489,
    "stop" : 1731461171962,
    "duration" : 20473
  },
  "status" : "broken",
  "statusMessage" : "selenium.common.exceptions.TimeoutException: Message: Can't find element by locator ('xpath', \"//*[contains(text(),'Telegram')]\")\nStacktrace:\n#0 0x55bc2313713a <unknown>\n#1 0x55bc22c52460 <unknown>\n#2 0x55bc22c9ef96 <unknown>\n#3 0x55bc22c9f221 <unknown>\n#4 0x55bc22ce45d4 <unknown>\n#5 0x55bc22cc303d <unknown>\n#6 0x55bc22ce1af6 <unknown>\n#7 0x55bc22cc2db3 <unknown>\n#8 0x55bc22c91c10 <unknown>\n#9 0x55bc22c92bee <unknown>\n#10 0x55bc231033cb <unknown>\n#11 0x55bc23107368 <unknown>\n#12 0x55bc230f0eec <unknown>\n#13 0x55bc23107ee7 <unknown>\n#14 0x55bc230d613f <unknown>\n#15 0x55bc23125858 <unknown>\n#16 0x55bc23125a20 <unknown>\n#17 0x55bc23135fb6 <unknown>\n#18 0x7f01cce94ac3 <unknown>",
  "statusTrace" : "self = <tests.main_page_test.TestMainPage object at 0x7ffbde1a50d0>\ndriver = <selenium.webdriver.chrome.webdriver.WebDriver (session=\"444cff3300118500d44af6b9dccb2f6f\")>\nmain_page_open = None\n\n    @allure.title(\"Verify redirection to telegram page not authorized user.\")\n    def test_mp_02_verify_redirection_to_telegram_page(self, driver, main_page_open):\n        page = MainPage(driver)\n>       telegram_url = page.open_telegram_page()\n\ntests/main_page_test.py:19: \n_ _ _ _ _ _ _ _ _ _ _ _ _ _ _ _ _ _ _ _ _ _ _ _ _ _ _ _ _ _ _ _ _ _ _ _ _ _ _ _ \npages/main_page.py:19: in open_telegram_page\n    self.element_is_present_and_clickable(self.locators.TELEGRAM_PAGE).click()\npages/base_page.py:32: in element_is_present_and_clickable\n    return (Wait(self.driver, self.timeout).until(\n_ _ _ _ _ _ _ _ _ _ _ _ _ _ _ _ _ _ _ _ _ _ _ _ _ _ _ _ _ _ _ _ _ _ _ _ _ _ _ _ \n\nself = <selenium.webdriver.support.wait.WebDriverWait (session=\"444cff3300118500d44af6b9dccb2f6f\")>\nmethod = <function visibility_of_element_located.<locals>._predicate at 0x7ffbddec2200>\nmessage = 'Can\\'t find element by locator (\\'xpath\\', \"//*[contains(text(),\\'Telegram\\')]\")'\n\n    def until(self, method, message: str = \"\"):\n        \"\"\"Calls the method provided with the driver as an argument until the \\\n        return value does not evaluate to ``False``.\n    \n        :param method: callable(WebDriver)\n        :param message: optional message for :exc:`TimeoutException`\n        :returns: the result of the last call to `method`\n        :raises: :exc:`selenium.common.exceptions.TimeoutException` if timeout occurs\n        \"\"\"\n        screen = None\n        stacktrace = None\n    \n        end_time = time.monotonic() + self._timeout\n        while True:\n            try:\n                value = method(self._driver)\n                if value:\n                    return value\n            except self._ignored_exceptions as exc:\n                screen = getattr(exc, \"screen\", None)\n                stacktrace = getattr(exc, \"stacktrace\", None)\n            time.sleep(self._poll)\n            if time.monotonic() > end_time:\n                break\n>       raise TimeoutException(message, screen, stacktrace)\nE       selenium.common.exceptions.TimeoutException: Message: Can't find element by locator ('xpath', \"//*[contains(text(),'Telegram')]\")\nE       Stacktrace:\nE       #0 0x55bc2313713a <unknown>\nE       #1 0x55bc22c52460 <unknown>\nE       #2 0x55bc22c9ef96 <unknown>\nE       #3 0x55bc22c9f221 <unknown>\nE       #4 0x55bc22ce45d4 <unknown>\nE       #5 0x55bc22cc303d <unknown>\nE       #6 0x55bc22ce1af6 <unknown>\nE       #7 0x55bc22cc2db3 <unknown>\nE       #8 0x55bc22c91c10 <unknown>\nE       #9 0x55bc22c92bee <unknown>\nE       #10 0x55bc231033cb <unknown>\nE       #11 0x55bc23107368 <unknown>\nE       #12 0x55bc230f0eec <unknown>\nE       #13 0x55bc23107ee7 <unknown>\nE       #14 0x55bc230d613f <unknown>\nE       #15 0x55bc23125858 <unknown>\nE       #16 0x55bc23125a20 <unknown>\nE       #17 0x55bc23135fb6 <unknown>\nE       #18 0x7f01cce94ac3 <unknown>\n\n/opt/hostedtoolcache/Python/3.12.7/x64/lib/python3.12/site-packages/selenium/webdriver/support/wait.py:95: TimeoutException",
  "flaky" : false,
  "newFailed" : false,
  "beforeStages" : [ {
    "name" : "clear_allure_results_folder",
    "time" : {
      "start" : 1731459346241,
      "stop" : 1731459346241,
      "duration" : 0
    },
    "status" : "passed",
    "steps" : [ ],
    "attachments" : [ ],
    "parameters" : [ ],
    "stepsCount" : 0,
    "attachmentsCount" : 0,
    "shouldDisplayMessage" : false,
    "hasContent" : false
  }, {
    "name" : "driver",
    "time" : {
      "start" : 1731461150253,
      "stop" : 1731461151023,
      "duration" : 770
    },
    "status" : "passed",
    "steps" : [ ],
    "attachments" : [ ],
    "parameters" : [ ],
    "stepsCount" : 0,
    "attachmentsCount" : 0,
    "shouldDisplayMessage" : false,
    "hasContent" : false
  }, {
    "name" : "main_page_open",
    "time" : {
      "start" : 1731461151023,
      "stop" : 1731461151489,
      "duration" : 466
    },
    "status" : "passed",
    "steps" : [ {
      "name" : "Open page: https://brainup.site/",
      "time" : {
        "start" : 1731461151023,
        "stop" : 1731461151489,
        "duration" : 466
      },
      "status" : "passed",
      "steps" : [ ],
      "attachments" : [ ],
      "parameters" : [ {
        "name" : "driver",
        "value" : "<selenium.webdriver.chrome.webdriver.WebDriver (session=\"444cff3300118500d44af6b9dccb2f6f\")>"
      } ],
      "stepsCount" : 0,
      "attachmentsCount" : 0,
      "shouldDisplayMessage" : false,
      "hasContent" : true
    } ],
    "attachments" : [ ],
    "parameters" : [ ],
    "stepsCount" : 1,
    "attachmentsCount" : 0,
    "shouldDisplayMessage" : false,
    "hasContent" : true
  } ],
  "testStage" : {
    "status" : "broken",
    "statusMessage" : "selenium.common.exceptions.TimeoutException: Message: Can't find element by locator ('xpath', \"//*[contains(text(),'Telegram')]\")\nStacktrace:\n#0 0x55bc2313713a <unknown>\n#1 0x55bc22c52460 <unknown>\n#2 0x55bc22c9ef96 <unknown>\n#3 0x55bc22c9f221 <unknown>\n#4 0x55bc22ce45d4 <unknown>\n#5 0x55bc22cc303d <unknown>\n#6 0x55bc22ce1af6 <unknown>\n#7 0x55bc22cc2db3 <unknown>\n#8 0x55bc22c91c10 <unknown>\n#9 0x55bc22c92bee <unknown>\n#10 0x55bc231033cb <unknown>\n#11 0x55bc23107368 <unknown>\n#12 0x55bc230f0eec <unknown>\n#13 0x55bc23107ee7 <unknown>\n#14 0x55bc230d613f <unknown>\n#15 0x55bc23125858 <unknown>\n#16 0x55bc23125a20 <unknown>\n#17 0x55bc23135fb6 <unknown>\n#18 0x7f01cce94ac3 <unknown>",
    "statusTrace" : "self = <tests.main_page_test.TestMainPage object at 0x7ffbde1a50d0>\ndriver = <selenium.webdriver.chrome.webdriver.WebDriver (session=\"444cff3300118500d44af6b9dccb2f6f\")>\nmain_page_open = None\n\n    @allure.title(\"Verify redirection to telegram page not authorized user.\")\n    def test_mp_02_verify_redirection_to_telegram_page(self, driver, main_page_open):\n        page = MainPage(driver)\n>       telegram_url = page.open_telegram_page()\n\ntests/main_page_test.py:19: \n_ _ _ _ _ _ _ _ _ _ _ _ _ _ _ _ _ _ _ _ _ _ _ _ _ _ _ _ _ _ _ _ _ _ _ _ _ _ _ _ \npages/main_page.py:19: in open_telegram_page\n    self.element_is_present_and_clickable(self.locators.TELEGRAM_PAGE).click()\npages/base_page.py:32: in element_is_present_and_clickable\n    return (Wait(self.driver, self.timeout).until(\n_ _ _ _ _ _ _ _ _ _ _ _ _ _ _ _ _ _ _ _ _ _ _ _ _ _ _ _ _ _ _ _ _ _ _ _ _ _ _ _ \n\nself = <selenium.webdriver.support.wait.WebDriverWait (session=\"444cff3300118500d44af6b9dccb2f6f\")>\nmethod = <function visibility_of_element_located.<locals>._predicate at 0x7ffbddec2200>\nmessage = 'Can\\'t find element by locator (\\'xpath\\', \"//*[contains(text(),\\'Telegram\\')]\")'\n\n    def until(self, method, message: str = \"\"):\n        \"\"\"Calls the method provided with the driver as an argument until the \\\n        return value does not evaluate to ``False``.\n    \n        :param method: callable(WebDriver)\n        :param message: optional message for :exc:`TimeoutException`\n        :returns: the result of the last call to `method`\n        :raises: :exc:`selenium.common.exceptions.TimeoutException` if timeout occurs\n        \"\"\"\n        screen = None\n        stacktrace = None\n    \n        end_time = time.monotonic() + self._timeout\n        while True:\n            try:\n                value = method(self._driver)\n                if value:\n                    return value\n            except self._ignored_exceptions as exc:\n                screen = getattr(exc, \"screen\", None)\n                stacktrace = getattr(exc, \"stacktrace\", None)\n            time.sleep(self._poll)\n            if time.monotonic() > end_time:\n                break\n>       raise TimeoutException(message, screen, stacktrace)\nE       selenium.common.exceptions.TimeoutException: Message: Can't find element by locator ('xpath', \"//*[contains(text(),'Telegram')]\")\nE       Stacktrace:\nE       #0 0x55bc2313713a <unknown>\nE       #1 0x55bc22c52460 <unknown>\nE       #2 0x55bc22c9ef96 <unknown>\nE       #3 0x55bc22c9f221 <unknown>\nE       #4 0x55bc22ce45d4 <unknown>\nE       #5 0x55bc22cc303d <unknown>\nE       #6 0x55bc22ce1af6 <unknown>\nE       #7 0x55bc22cc2db3 <unknown>\nE       #8 0x55bc22c91c10 <unknown>\nE       #9 0x55bc22c92bee <unknown>\nE       #10 0x55bc231033cb <unknown>\nE       #11 0x55bc23107368 <unknown>\nE       #12 0x55bc230f0eec <unknown>\nE       #13 0x55bc23107ee7 <unknown>\nE       #14 0x55bc230d613f <unknown>\nE       #15 0x55bc23125858 <unknown>\nE       #16 0x55bc23125a20 <unknown>\nE       #17 0x55bc23135fb6 <unknown>\nE       #18 0x7f01cce94ac3 <unknown>\n\n/opt/hostedtoolcache/Python/3.12.7/x64/lib/python3.12/site-packages/selenium/webdriver/support/wait.py:95: TimeoutException",
    "steps" : [ {
      "name" : "Open telegram page",
      "time" : {
        "start" : 1731461151489,
        "stop" : 1731461171962,
        "duration" : 20473
      },
      "status" : "broken",
      "statusMessage" : "selenium.common.exceptions.TimeoutException: Message: Can't find element by locator ('xpath', \"//*[contains(text(),'Telegram')]\")\nStacktrace:\n#0 0x55bc2313713a <unknown>\n#1 0x55bc22c52460 <unknown>\n#2 0x55bc22c9ef96 <unknown>\n#3 0x55bc22c9f221 <unknown>\n#4 0x55bc22ce45d4 <unknown>\n#5 0x55bc22cc303d <unknown>\n#6 0x55bc22ce1af6 <unknown>\n#7 0x55bc22cc2db3 <unknown>\n#8 0x55bc22c91c10 <unknown>\n#9 0x55bc22c92bee <unknown>\n#10 0x55bc231033cb <unknown>\n#11 0x55bc23107368 <unknown>\n#12 0x55bc230f0eec <unknown>\n#13 0x55bc23107ee7 <unknown>\n#14 0x55bc230d613f <unknown>\n#15 0x55bc23125858 <unknown>\n#16 0x55bc23125a20 <unknown>\n#17 0x55bc23135fb6 <unknown>\n#18 0x7f01cce94ac3 <unknown>\n\n",
      "statusTrace" : "  File \"/opt/hostedtoolcache/Python/3.12.7/x64/lib/python3.12/site-packages/allure_commons/_allure.py\", line 192, in impl\n    return func(*a, **kw)\n           ^^^^^^^^^^^^^^\n  File \"/home/runner/work/auto-tests-python/auto-tests-python/pages/main_page.py\", line 19, in open_telegram_page\n    self.element_is_present_and_clickable(self.locators.TELEGRAM_PAGE).click()\n    ^^^^^^^^^^^^^^^^^^^^^^^^^^^^^^^^^^^^^^^^^^^^^^^^^^^^^^^^^^^^^^^^^^\n  File \"/home/runner/work/auto-tests-python/auto-tests-python/pages/base_page.py\", line 32, in element_is_present_and_clickable\n    return (Wait(self.driver, self.timeout).until(\n            ^^^^^^^^^^^^^^^^^^^^^^^^^^^^^^^^^^^^^^\n  File \"/opt/hostedtoolcache/Python/3.12.7/x64/lib/python3.12/site-packages/selenium/webdriver/support/wait.py\", line 95, in until\n    raise TimeoutException(message, screen, stacktrace)\n",
      "steps" : [ ],
      "attachments" : [ ],
      "parameters" : [ ],
      "stepsCount" : 0,
      "attachmentsCount" : 0,
      "shouldDisplayMessage" : true,
      "hasContent" : true
    } ],
    "attachments" : [ {
      "uid" : "1946fba43e89bfb1",
      "name" : "Screenshot 2024-11-13 01:26:12.050211",
      "source" : "1946fba43e89bfb1.png",
      "type" : "image/png",
      "size" : 48845
    } ],
    "parameters" : [ ],
    "stepsCount" : 1,
    "attachmentsCount" : 1,
    "shouldDisplayMessage" : true,
    "hasContent" : true
  },
  "afterStages" : [ {
    "name" : "driver::0",
    "time" : {
      "start" : 1731461172051,
      "stop" : 1731461172133,
      "duration" : 82
    },
    "status" : "passed",
    "steps" : [ ],
    "attachments" : [ ],
    "parameters" : [ ],
    "stepsCount" : 0,
    "attachmentsCount" : 0,
    "shouldDisplayMessage" : false,
    "hasContent" : false
  } ],
  "labels" : [ {
    "name" : "epic",
    "value" : "Main Page."
  }, {
    "name" : "parentSuite",
    "value" : "tests"
  }, {
    "name" : "suite",
    "value" : "main_page_test"
  }, {
    "name" : "subSuite",
    "value" : "TestMainPage"
  }, {
    "name" : "host",
    "value" : "fv-az1446-12"
  }, {
    "name" : "thread",
    "value" : "2313-MainThread"
  }, {
    "name" : "framework",
    "value" : "pytest"
  }, {
    "name" : "language",
    "value" : "cpython3"
  }, {
    "name" : "package",
    "value" : "tests.main_page_test"
  }, {
    "name" : "resultFormat",
    "value" : "allure2"
  } ],
  "parameters" : [ ],
  "links" : [ ],
  "hidden" : false,
  "retry" : false,
  "extra" : {
    "severity" : "normal",
    "retries" : [ ],
    "categories" : [ {
      "name" : "Test defects",
      "matchedStatuses" : [ ],
      "flaky" : false
    } ],
    "history" : {
      "statistic" : {
        "failed" : 0,
        "broken" : 7,
        "skipped" : 0,
        "passed" : 584,
        "unknown" : 0,
        "total" : 591
      },
      "items" : [ {
        "uid" : "50e41a51ec8a18c8",
        "reportUrl" : "https://Brain-up.github.io/auto-tests-python/383//#testresult/50e41a51ec8a18c8",
        "status" : "passed",
        "time" : {
          "start" : 1731413250559,
          "stop" : 1731413251769,
          "duration" : 1210
        }
      }, {
        "uid" : "880f5e0c16f8c5ed",
        "reportUrl" : "https://Brain-up.github.io/auto-tests-python/382//#testresult/880f5e0c16f8c5ed",
        "status" : "passed",
        "time" : {
          "start" : 1731410806869,
          "stop" : 1731410808079,
          "duration" : 1210
        }
      }, {
        "uid" : "bec51d6f1f3a464f",
        "reportUrl" : "https://Brain-up.github.io/auto-tests-python/381//#testresult/bec51d6f1f3a464f",
        "status" : "passed",
        "time" : {
          "start" : 1731408874564,
          "stop" : 1731408876537,
          "duration" : 1973
        }
      }, {
        "uid" : "deeac749a3ee8739",
        "reportUrl" : "https://Brain-up.github.io/auto-tests-python/181//#testresult/deeac749a3ee8739",
        "status" : "passed",
        "time" : {
          "start" : 1731373697885,
          "stop" : 1731373699817,
          "duration" : 1932
        }
      }, {
        "uid" : "a50729470459d1ba",
        "reportUrl" : "https://Brain-up.github.io/auto-tests-python/380//#testresult/a50729470459d1ba",
        "status" : "passed",
        "time" : {
          "start" : 1731356288431,
          "stop" : 1731356289666,
          "duration" : 1235
        }
      }, {
        "uid" : "5f27e92325b05431",
        "reportUrl" : "https://Brain-up.github.io/auto-tests-python/379//#testresult/5f27e92325b05431",
        "status" : "passed",
        "time" : {
          "start" : 1731354202652,
          "stop" : 1731354203913,
          "duration" : 1261
        }
      }, {
        "uid" : "e8c30421f7fbd111",
        "reportUrl" : "https://Brain-up.github.io/auto-tests-python/180//#testresult/e8c30421f7fbd111",
        "status" : "passed",
        "time" : {
          "start" : 1731287214722,
          "stop" : 1731287215857,
          "duration" : 1135
        }
      }, {
        "uid" : "2d7f62664f09932a",
        "reportUrl" : "https://Brain-up.github.io/auto-tests-python/179//#testresult/2d7f62664f09932a",
        "status" : "passed",
        "time" : {
          "start" : 1731201057440,
          "stop" : 1731201059230,
          "duration" : 1790
        }
      }, {
        "uid" : "5f5ec06d4e05aff3",
        "reportUrl" : "https://Brain-up.github.io/auto-tests-python/178//#testresult/5f5ec06d4e05aff3",
        "status" : "passed",
        "time" : {
          "start" : 1731114234150,
          "stop" : 1731114235212,
          "duration" : 1062
        }
      }, {
        "uid" : "3e7dd489e0666e44",
        "reportUrl" : "https://Brain-up.github.io/auto-tests-python/378//#testresult/3e7dd489e0666e44",
        "status" : "passed",
        "time" : {
          "start" : 1731064070678,
          "stop" : 1731064072767,
          "duration" : 2089
        }
      }, {
        "uid" : "11790726168e46ad",
        "reportUrl" : "https://Brain-up.github.io/auto-tests-python/377//#testresult/11790726168e46ad",
        "status" : "passed",
        "time" : {
          "start" : 1731060578784,
          "stop" : 1731060579862,
          "duration" : 1078
        }
      }, {
        "uid" : "e698f2b5928081fe",
        "reportUrl" : "https://Brain-up.github.io/auto-tests-python/177//#testresult/e698f2b5928081fe",
        "status" : "passed",
        "time" : {
          "start" : 1731028021643,
          "stop" : 1731028023384,
          "duration" : 1741
        }
      }, {
        "uid" : "cf827def8c1cd7d6",
        "reportUrl" : "https://Brain-up.github.io/auto-tests-python/376//#testresult/cf827def8c1cd7d6",
        "status" : "passed",
        "time" : {
          "start" : 1730968955911,
          "stop" : 1730968957058,
          "duration" : 1147
        }
      }, {
        "uid" : "72ea436a6fa5a82b",
        "reportUrl" : "https://Brain-up.github.io/auto-tests-python/375//#testresult/72ea436a6fa5a82b",
        "status" : "passed",
        "time" : {
          "start" : 1730967514227,
          "stop" : 1730967515494,
          "duration" : 1267
        }
      }, {
        "uid" : "643a63119ab4f739",
        "reportUrl" : "https://Brain-up.github.io/auto-tests-python/176//#testresult/643a63119ab4f739",
        "status" : "passed",
        "time" : {
          "start" : 1730941668843,
          "stop" : 1730941670043,
          "duration" : 1200
        }
      }, {
        "uid" : "fe7d4758bdc5418c",
        "reportUrl" : "https://Brain-up.github.io/auto-tests-python/374//#testresult/fe7d4758bdc5418c",
        "status" : "passed",
        "time" : {
          "start" : 1730890050355,
          "stop" : 1730890051735,
          "duration" : 1380
        }
      }, {
        "uid" : "726f60f7efae513c",
        "reportUrl" : "https://Brain-up.github.io/auto-tests-python/373//#testresult/726f60f7efae513c",
        "status" : "passed",
        "time" : {
          "start" : 1730888622519,
          "stop" : 1730888623659,
          "duration" : 1140
        }
      }, {
        "uid" : "ade0425064b4b100",
        "reportUrl" : "https://Brain-up.github.io/auto-tests-python/175//#testresult/ade0425064b4b100",
        "status" : "passed",
        "time" : {
          "start" : 1730855106462,
          "stop" : 1730855107834,
          "duration" : 1372
        }
      }, {
        "uid" : "ba242cf78d59d23e",
        "reportUrl" : "https://Brain-up.github.io/auto-tests-python/372//#testresult/ba242cf78d59d23e",
        "status" : "passed",
        "time" : {
          "start" : 1730800041032,
          "stop" : 1730800042176,
          "duration" : 1144
        }
      }, {
        "uid" : "10f54fb8a4ec9309",
        "reportUrl" : "https://Brain-up.github.io/auto-tests-python/371//#testresult/10f54fb8a4ec9309",
        "status" : "passed",
        "time" : {
          "start" : 1730798160560,
          "stop" : 1730798161657,
          "duration" : 1097
        }
      } ]
    },
    "tags" : [ ]
  },
  "source" : "aef03dad4d73824.json",
  "parameterValues" : [ ]
}