{
  "uid" : "d689dd0497ec096f",
  "name" : "Verify if links on the 'en' local lead to correct pages after clicking",
  "fullName" : "tests.groups_page_test.TestGroupsPageLinks#test_gp_03_03_verify_en_links_lead_to_proper_pages",
  "historyId" : "d01f53f0a33aa177c7e6b3b235ce77a2",
  "time" : {
    "start" : 1731460455812,
    "stop" : 1731460455812,
    "duration" : 0
  },
  "status" : "broken",
  "statusMessage" : "selenium.common.exceptions.TimeoutException: Message: Can't find element by locator ('xpath', '//a[@id=\"ember11\"]')\nStacktrace:\n#0 0x5645f7ce213a <unknown>\n#1 0x5645f77fd460 <unknown>\n#2 0x5645f7849f96 <unknown>\n#3 0x5645f784a221 <unknown>\n#4 0x5645f788f5d4 <unknown>\n#5 0x5645f786e03d <unknown>\n#6 0x5645f788caf6 <unknown>\n#7 0x5645f786ddb3 <unknown>\n#8 0x5645f783cc10 <unknown>\n#9 0x5645f783dbee <unknown>\n#10 0x5645f7cae3cb <unknown>\n#11 0x5645f7cb2368 <unknown>\n#12 0x5645f7c9beec <unknown>\n#13 0x5645f7cb2ee7 <unknown>\n#14 0x5645f7c8113f <unknown>\n#15 0x5645f7cd0858 <unknown>\n#16 0x5645f7cd0a20 <unknown>\n#17 0x5645f7ce0fb6 <unknown>\n#18 0x7f7aca094ac3 <unknown>",
  "statusTrace" : "driver = <selenium.webdriver.chrome.webdriver.WebDriver (session=\"db182eff9067be8f844417d2f9304dde\")>\nmain_page_open = None\n\n    @pytest.fixture()\n    @allure.step('Auto test user authorized')\n    def auto_test_user_authorized(driver, main_page_open):\n        page = BasePage(driver)\n>       page.element_is_present_and_clickable(MainPageLocators.LOGIN_BUTTON).click()\n\ntests/conftest.py:87: \n_ _ _ _ _ _ _ _ _ _ _ _ _ _ _ _ _ _ _ _ _ _ _ _ _ _ _ _ _ _ _ _ _ _ _ _ _ _ _ _ \npages/base_page.py:32: in element_is_present_and_clickable\n    return (Wait(self.driver, self.timeout).until(\n_ _ _ _ _ _ _ _ _ _ _ _ _ _ _ _ _ _ _ _ _ _ _ _ _ _ _ _ _ _ _ _ _ _ _ _ _ _ _ _ \n\nself = <selenium.webdriver.support.wait.WebDriverWait (session=\"db182eff9067be8f844417d2f9304dde\")>\nmethod = <function visibility_of_element_located.<locals>._predicate at 0x7ffbddf1f600>\nmessage = 'Can\\'t find element by locator (\\'xpath\\', \\'//a[@id=\"ember11\"]\\')'\n\n    def until(self, method, message: str = \"\"):\n        \"\"\"Calls the method provided with the driver as an argument until the \\\n        return value does not evaluate to ``False``.\n    \n        :param method: callable(WebDriver)\n        :param message: optional message for :exc:`TimeoutException`\n        :returns: the result of the last call to `method`\n        :raises: :exc:`selenium.common.exceptions.TimeoutException` if timeout occurs\n        \"\"\"\n        screen = None\n        stacktrace = None\n    \n        end_time = time.monotonic() + self._timeout\n        while True:\n            try:\n                value = method(self._driver)\n                if value:\n                    return value\n            except self._ignored_exceptions as exc:\n                screen = getattr(exc, \"screen\", None)\n                stacktrace = getattr(exc, \"stacktrace\", None)\n            time.sleep(self._poll)\n            if time.monotonic() > end_time:\n                break\n>       raise TimeoutException(message, screen, stacktrace)\nE       selenium.common.exceptions.TimeoutException: Message: Can't find element by locator ('xpath', '//a[@id=\"ember11\"]')\nE       Stacktrace:\nE       #0 0x5645f7ce213a <unknown>\nE       #1 0x5645f77fd460 <unknown>\nE       #2 0x5645f7849f96 <unknown>\nE       #3 0x5645f784a221 <unknown>\nE       #4 0x5645f788f5d4 <unknown>\nE       #5 0x5645f786e03d <unknown>\nE       #6 0x5645f788caf6 <unknown>\nE       #7 0x5645f786ddb3 <unknown>\nE       #8 0x5645f783cc10 <unknown>\nE       #9 0x5645f783dbee <unknown>\nE       #10 0x5645f7cae3cb <unknown>\nE       #11 0x5645f7cb2368 <unknown>\nE       #12 0x5645f7c9beec <unknown>\nE       #13 0x5645f7cb2ee7 <unknown>\nE       #14 0x5645f7c8113f <unknown>\nE       #15 0x5645f7cd0858 <unknown>\nE       #16 0x5645f7cd0a20 <unknown>\nE       #17 0x5645f7ce0fb6 <unknown>\nE       #18 0x7f7aca094ac3 <unknown>\n\n/opt/hostedtoolcache/Python/3.12.7/x64/lib/python3.12/site-packages/selenium/webdriver/support/wait.py:95: TimeoutException",
  "flaky" : false,
  "newFailed" : false,
  "beforeStages" : [ {
    "name" : "auto_test_user_authorized",
    "time" : {
      "start" : 1731460456902,
      "stop" : 1731460477373,
      "duration" : 20471
    },
    "status" : "broken",
    "statusMessage" : "selenium.common.exceptions.TimeoutException: Message: Can't find element by locator ('xpath', '//a[@id=\"ember11\"]')\nStacktrace:\n#0 0x5645f7ce213a <unknown>\n#1 0x5645f77fd460 <unknown>\n#2 0x5645f7849f96 <unknown>\n#3 0x5645f784a221 <unknown>\n#4 0x5645f788f5d4 <unknown>\n#5 0x5645f786e03d <unknown>\n#6 0x5645f788caf6 <unknown>\n#7 0x5645f786ddb3 <unknown>\n#8 0x5645f783cc10 <unknown>\n#9 0x5645f783dbee <unknown>\n#10 0x5645f7cae3cb <unknown>\n#11 0x5645f7cb2368 <unknown>\n#12 0x5645f7c9beec <unknown>\n#13 0x5645f7cb2ee7 <unknown>\n#14 0x5645f7c8113f <unknown>\n#15 0x5645f7cd0858 <unknown>\n#16 0x5645f7cd0a20 <unknown>\n#17 0x5645f7ce0fb6 <unknown>\n#18 0x7f7aca094ac3 <unknown>\n\n",
    "statusTrace" : "  File \"/opt/hostedtoolcache/Python/3.12.7/x64/lib/python3.12/site-packages/pluggy/_callers.py\", line 103, in _multicall\n    res = hook_impl.function(*args)\n          ^^^^^^^^^^^^^^^^^^^^^^^^^\n  File \"/opt/hostedtoolcache/Python/3.12.7/x64/lib/python3.12/site-packages/_pytest/fixtures.py\", line 1123, in pytest_fixture_setup\n    result = call_fixture_func(fixturefunc, request, kwargs)\n             ^^^^^^^^^^^^^^^^^^^^^^^^^^^^^^^^^^^^^^^^^^^^^^^\n  File \"/opt/hostedtoolcache/Python/3.12.7/x64/lib/python3.12/site-packages/_pytest/fixtures.py\", line 902, in call_fixture_func\n    fixture_result = fixturefunc(**kwargs)\n                     ^^^^^^^^^^^^^^^^^^^^^\n  File \"/opt/hostedtoolcache/Python/3.12.7/x64/lib/python3.12/site-packages/allure_commons/_allure.py\", line 192, in impl\n    return func(*a, **kw)\n           ^^^^^^^^^^^^^^\n  File \"/home/runner/work/auto-tests-python/auto-tests-python/tests/conftest.py\", line 87, in auto_test_user_authorized\n    page.element_is_present_and_clickable(MainPageLocators.LOGIN_BUTTON).click()\n    ^^^^^^^^^^^^^^^^^^^^^^^^^^^^^^^^^^^^^^^^^^^^^^^^^^^^^^^^^^^^^^^^^^^^\n  File \"/home/runner/work/auto-tests-python/auto-tests-python/pages/base_page.py\", line 32, in element_is_present_and_clickable\n    return (Wait(self.driver, self.timeout).until(\n            ^^^^^^^^^^^^^^^^^^^^^^^^^^^^^^^^^^^^^^\n  File \"/opt/hostedtoolcache/Python/3.12.7/x64/lib/python3.12/site-packages/selenium/webdriver/support/wait.py\", line 95, in until\n    raise TimeoutException(message, screen, stacktrace)\n",
    "steps" : [ {
      "name" : "Auto test user authorized",
      "time" : {
        "start" : 1731460456902,
        "stop" : 1731460477372,
        "duration" : 20470
      },
      "status" : "broken",
      "statusMessage" : "selenium.common.exceptions.TimeoutException: Message: Can't find element by locator ('xpath', '//a[@id=\"ember11\"]')\nStacktrace:\n#0 0x5645f7ce213a <unknown>\n#1 0x5645f77fd460 <unknown>\n#2 0x5645f7849f96 <unknown>\n#3 0x5645f784a221 <unknown>\n#4 0x5645f788f5d4 <unknown>\n#5 0x5645f786e03d <unknown>\n#6 0x5645f788caf6 <unknown>\n#7 0x5645f786ddb3 <unknown>\n#8 0x5645f783cc10 <unknown>\n#9 0x5645f783dbee <unknown>\n#10 0x5645f7cae3cb <unknown>\n#11 0x5645f7cb2368 <unknown>\n#12 0x5645f7c9beec <unknown>\n#13 0x5645f7cb2ee7 <unknown>\n#14 0x5645f7c8113f <unknown>\n#15 0x5645f7cd0858 <unknown>\n#16 0x5645f7cd0a20 <unknown>\n#17 0x5645f7ce0fb6 <unknown>\n#18 0x7f7aca094ac3 <unknown>\n\n",
      "statusTrace" : "  File \"/opt/hostedtoolcache/Python/3.12.7/x64/lib/python3.12/site-packages/allure_commons/_allure.py\", line 192, in impl\n    return func(*a, **kw)\n           ^^^^^^^^^^^^^^\n  File \"/home/runner/work/auto-tests-python/auto-tests-python/tests/conftest.py\", line 87, in auto_test_user_authorized\n    page.element_is_present_and_clickable(MainPageLocators.LOGIN_BUTTON).click()\n    ^^^^^^^^^^^^^^^^^^^^^^^^^^^^^^^^^^^^^^^^^^^^^^^^^^^^^^^^^^^^^^^^^^^^\n  File \"/home/runner/work/auto-tests-python/auto-tests-python/pages/base_page.py\", line 32, in element_is_present_and_clickable\n    return (Wait(self.driver, self.timeout).until(\n            ^^^^^^^^^^^^^^^^^^^^^^^^^^^^^^^^^^^^^^\n  File \"/opt/hostedtoolcache/Python/3.12.7/x64/lib/python3.12/site-packages/selenium/webdriver/support/wait.py\", line 95, in until\n    raise TimeoutException(message, screen, stacktrace)\n",
      "steps" : [ ],
      "attachments" : [ ],
      "parameters" : [ {
        "name" : "driver",
        "value" : "<selenium.webdriver.chrome.webdriver.WebDriver (session=\"db182eff9067be8f844417d2f9304dde\")>"
      }, {
        "name" : "main_page_open",
        "value" : "None"
      } ],
      "stepsCount" : 0,
      "attachmentsCount" : 0,
      "shouldDisplayMessage" : true,
      "hasContent" : true
    } ],
    "attachments" : [ ],
    "parameters" : [ ],
    "stepsCount" : 1,
    "attachmentsCount" : 0,
    "shouldDisplayMessage" : false,
    "hasContent" : true
  }, {
    "name" : "clear_allure_results_folder",
    "time" : {
      "start" : 1731459346241,
      "stop" : 1731459346241,
      "duration" : 0
    },
    "status" : "passed",
    "steps" : [ ],
    "attachments" : [ ],
    "parameters" : [ ],
    "stepsCount" : 0,
    "attachmentsCount" : 0,
    "shouldDisplayMessage" : false,
    "hasContent" : false
  }, {
    "name" : "main_page_open",
    "time" : {
      "start" : 1731460456588,
      "stop" : 1731460456902,
      "duration" : 314
    },
    "status" : "passed",
    "steps" : [ {
      "name" : "Open page: https://brainup.site/",
      "time" : {
        "start" : 1731460456589,
        "stop" : 1731460456902,
        "duration" : 313
      },
      "status" : "passed",
      "steps" : [ ],
      "attachments" : [ ],
      "parameters" : [ {
        "name" : "driver",
        "value" : "<selenium.webdriver.chrome.webdriver.WebDriver (session=\"db182eff9067be8f844417d2f9304dde\")>"
      } ],
      "stepsCount" : 0,
      "attachmentsCount" : 0,
      "shouldDisplayMessage" : false,
      "hasContent" : true
    } ],
    "attachments" : [ ],
    "parameters" : [ ],
    "stepsCount" : 1,
    "attachmentsCount" : 0,
    "shouldDisplayMessage" : false,
    "hasContent" : true
  }, {
    "name" : "driver",
    "time" : {
      "start" : 1731460455812,
      "stop" : 1731460456588,
      "duration" : 776
    },
    "status" : "passed",
    "steps" : [ ],
    "attachments" : [ ],
    "parameters" : [ ],
    "stepsCount" : 0,
    "attachmentsCount" : 0,
    "shouldDisplayMessage" : false,
    "hasContent" : false
  } ],
  "afterStages" : [ {
    "name" : "driver::0",
    "time" : {
      "start" : 1731460477385,
      "stop" : 1731460477467,
      "duration" : 82
    },
    "status" : "passed",
    "steps" : [ ],
    "attachments" : [ ],
    "parameters" : [ ],
    "stepsCount" : 0,
    "attachmentsCount" : 0,
    "shouldDisplayMessage" : false,
    "hasContent" : false
  } ],
  "labels" : [ {
    "name" : "epic",
    "value" : "The Groups Page"
  }, {
    "name" : "parentSuite",
    "value" : "tests"
  }, {
    "name" : "suite",
    "value" : "groups_page_test"
  }, {
    "name" : "subSuite",
    "value" : "TestGroupsPage"
  }, {
    "name" : "host",
    "value" : "fv-az1446-12"
  }, {
    "name" : "thread",
    "value" : "2313-MainThread"
  }, {
    "name" : "framework",
    "value" : "pytest"
  }, {
    "name" : "language",
    "value" : "cpython3"
  }, {
    "name" : "package",
    "value" : "tests.groups_page_test"
  }, {
    "name" : "resultFormat",
    "value" : "allure2"
  } ],
  "parameters" : [ ],
  "links" : [ ],
  "hidden" : false,
  "retry" : false,
  "extra" : {
    "severity" : "normal",
    "retries" : [ ],
    "categories" : [ {
      "name" : "Test defects",
      "matchedStatuses" : [ ],
      "flaky" : false
    } ],
    "history" : {
      "statistic" : {
        "failed" : 4,
        "broken" : 1,
        "skipped" : 0,
        "passed" : 54,
        "unknown" : 0,
        "total" : 59
      },
      "items" : [ {
        "uid" : "87944dc3b7d6064",
        "reportUrl" : "https://Brain-up.github.io/auto-tests-python/383//#testresult/87944dc3b7d6064",
        "status" : "passed",
        "time" : {
          "start" : 1731412939395,
          "stop" : 1731412954592,
          "duration" : 15197
        }
      }, {
        "uid" : "c8d570b783523335",
        "reportUrl" : "https://Brain-up.github.io/auto-tests-python/382//#testresult/c8d570b783523335",
        "status" : "passed",
        "time" : {
          "start" : 1731410495680,
          "stop" : 1731410510892,
          "duration" : 15212
        }
      }, {
        "uid" : "7cf1ca1345580048",
        "reportUrl" : "https://Brain-up.github.io/auto-tests-python/381//#testresult/7cf1ca1345580048",
        "status" : "passed",
        "time" : {
          "start" : 1731408473734,
          "stop" : 1731408488944,
          "duration" : 15210
        }
      }, {
        "uid" : "8fd903b8c3d0a2b8",
        "reportUrl" : "https://Brain-up.github.io/auto-tests-python/181//#testresult/8fd903b8c3d0a2b8",
        "status" : "failed",
        "statusDetails" : "AssertionError: Some of links lead to incorrect pages after clicking\nassert False\n +  where False = all(<generator object TestGroupsPage.TestGroupsPageLinks.test_gp_03_03_verify_en_links_lead_to_proper_pages.<locals>.<genexpr> at 0x7fe53d555150>)",
        "time" : {
          "start" : 1731373333393,
          "stop" : 1731373345593,
          "duration" : 12200
        }
      }, {
        "uid" : "ad11a0213050471f",
        "reportUrl" : "https://Brain-up.github.io/auto-tests-python/380//#testresult/ad11a0213050471f",
        "status" : "failed",
        "statusDetails" : "AssertionError: Some of links lead to incorrect pages after clicking\nassert False\n +  where False = all(<generator object TestGroupsPage.TestGroupsPageLinks.test_gp_03_03_verify_en_links_lead_to_proper_pages.<locals>.<genexpr> at 0x7fb571dc5cb0>)",
        "time" : {
          "start" : 1731355978767,
          "stop" : 1731355991968,
          "duration" : 13201
        }
      }, {
        "uid" : "cb8888753851c70c",
        "reportUrl" : "https://Brain-up.github.io/auto-tests-python/379//#testresult/cb8888753851c70c",
        "status" : "failed",
        "statusDetails" : "AssertionError: Some of links lead to incorrect pages after clicking\nassert False\n +  where False = all(<generator object TestGroupsPage.TestGroupsPageLinks.test_gp_03_03_verify_en_links_lead_to_proper_pages.<locals>.<genexpr> at 0x7f2c85369e50>)",
        "time" : {
          "start" : 1731353894276,
          "stop" : 1731353906474,
          "duration" : 12198
        }
      }, {
        "uid" : "6853418818033e42",
        "reportUrl" : "https://Brain-up.github.io/auto-tests-python/180//#testresult/6853418818033e42",
        "status" : "passed",
        "time" : {
          "start" : 1731286971345,
          "stop" : 1731286983553,
          "duration" : 12208
        }
      }, {
        "uid" : "ad6c5f039a031cb9",
        "reportUrl" : "https://Brain-up.github.io/auto-tests-python/179//#testresult/ad6c5f039a031cb9",
        "status" : "passed",
        "time" : {
          "start" : 1731200740583,
          "stop" : 1731200752784,
          "duration" : 12201
        }
      }, {
        "uid" : "ae9634b0920b05cd",
        "reportUrl" : "https://Brain-up.github.io/auto-tests-python/178//#testresult/ae9634b0920b05cd",
        "status" : "passed",
        "time" : {
          "start" : 1731113982530,
          "stop" : 1731113994732,
          "duration" : 12202
        }
      }, {
        "uid" : "7d17e846eb674302",
        "reportUrl" : "https://Brain-up.github.io/auto-tests-python/378//#testresult/7d17e846eb674302",
        "status" : "passed",
        "time" : {
          "start" : 1731063764977,
          "stop" : 1731063777181,
          "duration" : 12204
        }
      }, {
        "uid" : "d3c532a98694bee8",
        "reportUrl" : "https://Brain-up.github.io/auto-tests-python/377//#testresult/d3c532a98694bee8",
        "status" : "passed",
        "time" : {
          "start" : 1731060324352,
          "stop" : 1731060336575,
          "duration" : 12223
        }
      }, {
        "uid" : "df3073f87e8c17fa",
        "reportUrl" : "https://Brain-up.github.io/auto-tests-python/177//#testresult/df3073f87e8c17fa",
        "status" : "passed",
        "time" : {
          "start" : 1731027724337,
          "stop" : 1731027736558,
          "duration" : 12221
        }
      }, {
        "uid" : "e21b741db311cbfd",
        "reportUrl" : "https://Brain-up.github.io/auto-tests-python/376//#testresult/e21b741db311cbfd",
        "status" : "passed",
        "time" : {
          "start" : 1730968709465,
          "stop" : 1730968721671,
          "duration" : 12206
        }
      }, {
        "uid" : "f10b401388f176e2",
        "reportUrl" : "https://Brain-up.github.io/auto-tests-python/375//#testresult/f10b401388f176e2",
        "status" : "passed",
        "time" : {
          "start" : 1730967259293,
          "stop" : 1730967271504,
          "duration" : 12211
        }
      }, {
        "uid" : "55e1f46fc88e3783",
        "reportUrl" : "https://Brain-up.github.io/auto-tests-python/176//#testresult/55e1f46fc88e3783",
        "status" : "passed",
        "time" : {
          "start" : 1730941417941,
          "stop" : 1730941430158,
          "duration" : 12217
        }
      }, {
        "uid" : "ffc1bc11f13b954",
        "reportUrl" : "https://Brain-up.github.io/auto-tests-python/374//#testresult/ffc1bc11f13b954",
        "status" : "passed",
        "time" : {
          "start" : 1730889793805,
          "stop" : 1730889806010,
          "duration" : 12205
        }
      }, {
        "uid" : "2d3b2a996fc44634",
        "reportUrl" : "https://Brain-up.github.io/auto-tests-python/373//#testresult/2d3b2a996fc44634",
        "status" : "passed",
        "time" : {
          "start" : 1730888378648,
          "stop" : 1730888390852,
          "duration" : 12204
        }
      }, {
        "uid" : "bafe57f3f2941208",
        "reportUrl" : "https://Brain-up.github.io/auto-tests-python/175//#testresult/bafe57f3f2941208",
        "status" : "passed",
        "time" : {
          "start" : 1730854852684,
          "stop" : 1730854864885,
          "duration" : 12201
        }
      }, {
        "uid" : "b2e31ca64ec65570",
        "reportUrl" : "https://Brain-up.github.io/auto-tests-python/372//#testresult/b2e31ca64ec65570",
        "status" : "passed",
        "time" : {
          "start" : 1730799800681,
          "stop" : 1730799812887,
          "duration" : 12206
        }
      }, {
        "uid" : "17f1a8682e769adb",
        "reportUrl" : "https://Brain-up.github.io/auto-tests-python/371//#testresult/17f1a8682e769adb",
        "status" : "passed",
        "time" : {
          "start" : 1730797915161,
          "stop" : 1730797927371,
          "duration" : 12210
        }
      } ]
    },
    "tags" : [ ]
  },
  "source" : "d689dd0497ec096f.json",
  "parameterValues" : [ ]
}