{
  "uid" : "dbe5ca4b5cd6618d",
  "name" : "Verify values of the text in links, buttons in the Header for an authorized user",
  "fullName" : "tests.header_test.TestAuthHeaderPageText#test_hpa_02_01_verify_auth_text_in_links_and_buttons",
  "historyId" : "e5ed3e46e5dddd9c32f1828ba725082c",
  "time" : {
    "start" : 1731460824993,
    "stop" : 1731460824993,
    "duration" : 0
  },
  "status" : "broken",
  "statusMessage" : "selenium.common.exceptions.TimeoutException: Message: Can't find element by locator ('xpath', '//a[@id=\"ember11\"]')\nStacktrace:\n#0 0x55e8b78ea13a <unknown>\n#1 0x55e8b7405460 <unknown>\n#2 0x55e8b7451f96 <unknown>\n#3 0x55e8b7452221 <unknown>\n#4 0x55e8b74975d4 <unknown>\n#5 0x55e8b747603d <unknown>\n#6 0x55e8b7494af6 <unknown>\n#7 0x55e8b7475db3 <unknown>\n#8 0x55e8b7444c10 <unknown>\n#9 0x55e8b7445bee <unknown>\n#10 0x55e8b78b63cb <unknown>\n#11 0x55e8b78ba368 <unknown>\n#12 0x55e8b78a3eec <unknown>\n#13 0x55e8b78baee7 <unknown>\n#14 0x55e8b788913f <unknown>\n#15 0x55e8b78d8858 <unknown>\n#16 0x55e8b78d8a20 <unknown>\n#17 0x55e8b78e8fb6 <unknown>\n#18 0x7f5033c94ac3 <unknown>",
  "statusTrace" : "driver = <selenium.webdriver.chrome.webdriver.WebDriver (session=\"fdd3d095c1482a9475a77176ae89020f\")>\nmain_page_open = None\n\n    @pytest.fixture()\n    @allure.step('Auto test user authorized')\n    def auto_test_user_authorized(driver, main_page_open):\n        page = BasePage(driver)\n>       page.element_is_present_and_clickable(MainPageLocators.LOGIN_BUTTON).click()\n\ntests/conftest.py:87: \n_ _ _ _ _ _ _ _ _ _ _ _ _ _ _ _ _ _ _ _ _ _ _ _ _ _ _ _ _ _ _ _ _ _ _ _ _ _ _ _ \npages/base_page.py:32: in element_is_present_and_clickable\n    return (Wait(self.driver, self.timeout).until(\n_ _ _ _ _ _ _ _ _ _ _ _ _ _ _ _ _ _ _ _ _ _ _ _ _ _ _ _ _ _ _ _ _ _ _ _ _ _ _ _ \n\nself = <selenium.webdriver.support.wait.WebDriverWait (session=\"fdd3d095c1482a9475a77176ae89020f\")>\nmethod = <function visibility_of_element_located.<locals>._predicate at 0x7ffbddec09a0>\nmessage = 'Can\\'t find element by locator (\\'xpath\\', \\'//a[@id=\"ember11\"]\\')'\n\n    def until(self, method, message: str = \"\"):\n        \"\"\"Calls the method provided with the driver as an argument until the \\\n        return value does not evaluate to ``False``.\n    \n        :param method: callable(WebDriver)\n        :param message: optional message for :exc:`TimeoutException`\n        :returns: the result of the last call to `method`\n        :raises: :exc:`selenium.common.exceptions.TimeoutException` if timeout occurs\n        \"\"\"\n        screen = None\n        stacktrace = None\n    \n        end_time = time.monotonic() + self._timeout\n        while True:\n            try:\n                value = method(self._driver)\n                if value:\n                    return value\n            except self._ignored_exceptions as exc:\n                screen = getattr(exc, \"screen\", None)\n                stacktrace = getattr(exc, \"stacktrace\", None)\n            time.sleep(self._poll)\n            if time.monotonic() > end_time:\n                break\n>       raise TimeoutException(message, screen, stacktrace)\nE       selenium.common.exceptions.TimeoutException: Message: Can't find element by locator ('xpath', '//a[@id=\"ember11\"]')\nE       Stacktrace:\nE       #0 0x55e8b78ea13a <unknown>\nE       #1 0x55e8b7405460 <unknown>\nE       #2 0x55e8b7451f96 <unknown>\nE       #3 0x55e8b7452221 <unknown>\nE       #4 0x55e8b74975d4 <unknown>\nE       #5 0x55e8b747603d <unknown>\nE       #6 0x55e8b7494af6 <unknown>\nE       #7 0x55e8b7475db3 <unknown>\nE       #8 0x55e8b7444c10 <unknown>\nE       #9 0x55e8b7445bee <unknown>\nE       #10 0x55e8b78b63cb <unknown>\nE       #11 0x55e8b78ba368 <unknown>\nE       #12 0x55e8b78a3eec <unknown>\nE       #13 0x55e8b78baee7 <unknown>\nE       #14 0x55e8b788913f <unknown>\nE       #15 0x55e8b78d8858 <unknown>\nE       #16 0x55e8b78d8a20 <unknown>\nE       #17 0x55e8b78e8fb6 <unknown>\nE       #18 0x7f5033c94ac3 <unknown>\n\n/opt/hostedtoolcache/Python/3.12.7/x64/lib/python3.12/site-packages/selenium/webdriver/support/wait.py:95: TimeoutException",
  "flaky" : false,
  "newFailed" : false,
  "beforeStages" : [ {
    "name" : "auto_test_user_authorized",
    "time" : {
      "start" : 1731460826089,
      "stop" : 1731460846545,
      "duration" : 20456
    },
    "status" : "broken",
    "statusMessage" : "selenium.common.exceptions.TimeoutException: Message: Can't find element by locator ('xpath', '//a[@id=\"ember11\"]')\nStacktrace:\n#0 0x55e8b78ea13a <unknown>\n#1 0x55e8b7405460 <unknown>\n#2 0x55e8b7451f96 <unknown>\n#3 0x55e8b7452221 <unknown>\n#4 0x55e8b74975d4 <unknown>\n#5 0x55e8b747603d <unknown>\n#6 0x55e8b7494af6 <unknown>\n#7 0x55e8b7475db3 <unknown>\n#8 0x55e8b7444c10 <unknown>\n#9 0x55e8b7445bee <unknown>\n#10 0x55e8b78b63cb <unknown>\n#11 0x55e8b78ba368 <unknown>\n#12 0x55e8b78a3eec <unknown>\n#13 0x55e8b78baee7 <unknown>\n#14 0x55e8b788913f <unknown>\n#15 0x55e8b78d8858 <unknown>\n#16 0x55e8b78d8a20 <unknown>\n#17 0x55e8b78e8fb6 <unknown>\n#18 0x7f5033c94ac3 <unknown>\n\n",
    "statusTrace" : "  File \"/opt/hostedtoolcache/Python/3.12.7/x64/lib/python3.12/site-packages/pluggy/_callers.py\", line 103, in _multicall\n    res = hook_impl.function(*args)\n          ^^^^^^^^^^^^^^^^^^^^^^^^^\n  File \"/opt/hostedtoolcache/Python/3.12.7/x64/lib/python3.12/site-packages/_pytest/fixtures.py\", line 1123, in pytest_fixture_setup\n    result = call_fixture_func(fixturefunc, request, kwargs)\n             ^^^^^^^^^^^^^^^^^^^^^^^^^^^^^^^^^^^^^^^^^^^^^^^\n  File \"/opt/hostedtoolcache/Python/3.12.7/x64/lib/python3.12/site-packages/_pytest/fixtures.py\", line 902, in call_fixture_func\n    fixture_result = fixturefunc(**kwargs)\n                     ^^^^^^^^^^^^^^^^^^^^^\n  File \"/opt/hostedtoolcache/Python/3.12.7/x64/lib/python3.12/site-packages/allure_commons/_allure.py\", line 192, in impl\n    return func(*a, **kw)\n           ^^^^^^^^^^^^^^\n  File \"/home/runner/work/auto-tests-python/auto-tests-python/tests/conftest.py\", line 87, in auto_test_user_authorized\n    page.element_is_present_and_clickable(MainPageLocators.LOGIN_BUTTON).click()\n    ^^^^^^^^^^^^^^^^^^^^^^^^^^^^^^^^^^^^^^^^^^^^^^^^^^^^^^^^^^^^^^^^^^^^\n  File \"/home/runner/work/auto-tests-python/auto-tests-python/pages/base_page.py\", line 32, in element_is_present_and_clickable\n    return (Wait(self.driver, self.timeout).until(\n            ^^^^^^^^^^^^^^^^^^^^^^^^^^^^^^^^^^^^^^\n  File \"/opt/hostedtoolcache/Python/3.12.7/x64/lib/python3.12/site-packages/selenium/webdriver/support/wait.py\", line 95, in until\n    raise TimeoutException(message, screen, stacktrace)\n",
    "steps" : [ {
      "name" : "Auto test user authorized",
      "time" : {
        "start" : 1731460826089,
        "stop" : 1731460846545,
        "duration" : 20456
      },
      "status" : "broken",
      "statusMessage" : "selenium.common.exceptions.TimeoutException: Message: Can't find element by locator ('xpath', '//a[@id=\"ember11\"]')\nStacktrace:\n#0 0x55e8b78ea13a <unknown>\n#1 0x55e8b7405460 <unknown>\n#2 0x55e8b7451f96 <unknown>\n#3 0x55e8b7452221 <unknown>\n#4 0x55e8b74975d4 <unknown>\n#5 0x55e8b747603d <unknown>\n#6 0x55e8b7494af6 <unknown>\n#7 0x55e8b7475db3 <unknown>\n#8 0x55e8b7444c10 <unknown>\n#9 0x55e8b7445bee <unknown>\n#10 0x55e8b78b63cb <unknown>\n#11 0x55e8b78ba368 <unknown>\n#12 0x55e8b78a3eec <unknown>\n#13 0x55e8b78baee7 <unknown>\n#14 0x55e8b788913f <unknown>\n#15 0x55e8b78d8858 <unknown>\n#16 0x55e8b78d8a20 <unknown>\n#17 0x55e8b78e8fb6 <unknown>\n#18 0x7f5033c94ac3 <unknown>\n\n",
      "statusTrace" : "  File \"/opt/hostedtoolcache/Python/3.12.7/x64/lib/python3.12/site-packages/allure_commons/_allure.py\", line 192, in impl\n    return func(*a, **kw)\n           ^^^^^^^^^^^^^^\n  File \"/home/runner/work/auto-tests-python/auto-tests-python/tests/conftest.py\", line 87, in auto_test_user_authorized\n    page.element_is_present_and_clickable(MainPageLocators.LOGIN_BUTTON).click()\n    ^^^^^^^^^^^^^^^^^^^^^^^^^^^^^^^^^^^^^^^^^^^^^^^^^^^^^^^^^^^^^^^^^^^^\n  File \"/home/runner/work/auto-tests-python/auto-tests-python/pages/base_page.py\", line 32, in element_is_present_and_clickable\n    return (Wait(self.driver, self.timeout).until(\n            ^^^^^^^^^^^^^^^^^^^^^^^^^^^^^^^^^^^^^^\n  File \"/opt/hostedtoolcache/Python/3.12.7/x64/lib/python3.12/site-packages/selenium/webdriver/support/wait.py\", line 95, in until\n    raise TimeoutException(message, screen, stacktrace)\n",
      "steps" : [ ],
      "attachments" : [ ],
      "parameters" : [ {
        "name" : "driver",
        "value" : "<selenium.webdriver.chrome.webdriver.WebDriver (session=\"fdd3d095c1482a9475a77176ae89020f\")>"
      }, {
        "name" : "main_page_open",
        "value" : "None"
      } ],
      "stepsCount" : 0,
      "attachmentsCount" : 0,
      "shouldDisplayMessage" : true,
      "hasContent" : true
    } ],
    "attachments" : [ ],
    "parameters" : [ ],
    "stepsCount" : 1,
    "attachmentsCount" : 0,
    "shouldDisplayMessage" : false,
    "hasContent" : true
  }, {
    "name" : "main_page_open",
    "time" : {
      "start" : 1731460825765,
      "stop" : 1731460826089,
      "duration" : 324
    },
    "status" : "passed",
    "steps" : [ {
      "name" : "Open page: https://brainup.site/",
      "time" : {
        "start" : 1731460825765,
        "stop" : 1731460826089,
        "duration" : 324
      },
      "status" : "passed",
      "steps" : [ ],
      "attachments" : [ ],
      "parameters" : [ {
        "name" : "driver",
        "value" : "<selenium.webdriver.chrome.webdriver.WebDriver (session=\"fdd3d095c1482a9475a77176ae89020f\")>"
      } ],
      "stepsCount" : 0,
      "attachmentsCount" : 0,
      "shouldDisplayMessage" : false,
      "hasContent" : true
    } ],
    "attachments" : [ ],
    "parameters" : [ ],
    "stepsCount" : 1,
    "attachmentsCount" : 0,
    "shouldDisplayMessage" : false,
    "hasContent" : true
  }, {
    "name" : "clear_allure_results_folder",
    "time" : {
      "start" : 1731459346241,
      "stop" : 1731459346241,
      "duration" : 0
    },
    "status" : "passed",
    "steps" : [ ],
    "attachments" : [ ],
    "parameters" : [ ],
    "stepsCount" : 0,
    "attachmentsCount" : 0,
    "shouldDisplayMessage" : false,
    "hasContent" : false
  }, {
    "name" : "driver",
    "time" : {
      "start" : 1731460824993,
      "stop" : 1731460825765,
      "duration" : 772
    },
    "status" : "passed",
    "steps" : [ ],
    "attachments" : [ ],
    "parameters" : [ ],
    "stepsCount" : 0,
    "attachmentsCount" : 0,
    "shouldDisplayMessage" : false,
    "hasContent" : false
  } ],
  "afterStages" : [ {
    "name" : "driver::0",
    "time" : {
      "start" : 1731460846557,
      "stop" : 1731460846639,
      "duration" : 82
    },
    "status" : "passed",
    "steps" : [ ],
    "attachments" : [ ],
    "parameters" : [ ],
    "stepsCount" : 0,
    "attachmentsCount" : 0,
    "shouldDisplayMessage" : false,
    "hasContent" : false
  } ],
  "labels" : [ {
    "name" : "epic",
    "value" : "Test Header"
  }, {
    "name" : "parentSuite",
    "value" : "tests"
  }, {
    "name" : "suite",
    "value" : "header_test"
  }, {
    "name" : "subSuite",
    "value" : "TestHeaderPage"
  }, {
    "name" : "host",
    "value" : "fv-az1446-12"
  }, {
    "name" : "thread",
    "value" : "2313-MainThread"
  }, {
    "name" : "framework",
    "value" : "pytest"
  }, {
    "name" : "language",
    "value" : "cpython3"
  }, {
    "name" : "package",
    "value" : "tests.header_test"
  }, {
    "name" : "resultFormat",
    "value" : "allure2"
  } ],
  "parameters" : [ ],
  "links" : [ ],
  "hidden" : false,
  "retry" : false,
  "extra" : {
    "severity" : "normal",
    "retries" : [ ],
    "categories" : [ {
      "name" : "Test defects",
      "matchedStatuses" : [ ],
      "flaky" : false
    } ],
    "history" : {
      "statistic" : {
        "failed" : 0,
        "broken" : 5,
        "skipped" : 13,
        "passed" : 153,
        "unknown" : 0,
        "total" : 171
      },
      "items" : [ {
        "uid" : "25a415cf7773d810",
        "reportUrl" : "https://Brain-up.github.io/auto-tests-python/383//#testresult/25a415cf7773d810",
        "status" : "passed",
        "time" : {
          "start" : 1731413100493,
          "stop" : 1731413100683,
          "duration" : 190
        }
      }, {
        "uid" : "60abb8337c249a9a",
        "reportUrl" : "https://Brain-up.github.io/auto-tests-python/382//#testresult/60abb8337c249a9a",
        "status" : "passed",
        "time" : {
          "start" : 1731410658915,
          "stop" : 1731410659112,
          "duration" : 197
        }
      }, {
        "uid" : "c78515b83eaf6c58",
        "reportUrl" : "https://Brain-up.github.io/auto-tests-python/381//#testresult/c78515b83eaf6c58",
        "status" : "broken",
        "statusDetails" : "selenium.common.exceptions.TimeoutException: Message: Can't find element by locator https://brainup.site/groups",
        "time" : {
          "start" : 1731408650799,
          "stop" : 1731408650799,
          "duration" : 0
        }
      }, {
        "uid" : "25596bf586d43d08",
        "reportUrl" : "https://Brain-up.github.io/auto-tests-python/181//#testresult/25596bf586d43d08",
        "status" : "passed",
        "time" : {
          "start" : 1731373513880,
          "stop" : 1731373514066,
          "duration" : 186
        }
      }, {
        "uid" : "521c9bd72c829dfc",
        "reportUrl" : "https://Brain-up.github.io/auto-tests-python/380//#testresult/521c9bd72c829dfc",
        "status" : "passed",
        "time" : {
          "start" : 1731356139817,
          "stop" : 1731356140021,
          "duration" : 204
        }
      }, {
        "uid" : "f966a709dd78909b",
        "reportUrl" : "https://Brain-up.github.io/auto-tests-python/379//#testresult/f966a709dd78909b",
        "status" : "passed",
        "time" : {
          "start" : 1731354051296,
          "stop" : 1731354051503,
          "duration" : 207
        }
      }, {
        "uid" : "ee91c2b88b78e758",
        "reportUrl" : "https://Brain-up.github.io/auto-tests-python/180//#testresult/ee91c2b88b78e758",
        "status" : "passed",
        "time" : {
          "start" : 1731287106837,
          "stop" : 1731287107026,
          "duration" : 189
        }
      }, {
        "uid" : "7a18c07d4d4485d5",
        "reportUrl" : "https://Brain-up.github.io/auto-tests-python/179//#testresult/7a18c07d4d4485d5",
        "status" : "passed",
        "time" : {
          "start" : 1731200901403,
          "stop" : 1731200901578,
          "duration" : 175
        }
      }, {
        "uid" : "7b627cfebbf708b",
        "reportUrl" : "https://Brain-up.github.io/auto-tests-python/178//#testresult/7b627cfebbf708b",
        "status" : "passed",
        "time" : {
          "start" : 1731114119936,
          "stop" : 1731114120138,
          "duration" : 202
        }
      }, {
        "uid" : "3872a36c48b4d2fa",
        "reportUrl" : "https://Brain-up.github.io/auto-tests-python/378//#testresult/3872a36c48b4d2fa",
        "status" : "passed",
        "time" : {
          "start" : 1731063929137,
          "stop" : 1731063929312,
          "duration" : 175
        }
      }, {
        "uid" : "4bca2491bee6fd10",
        "reportUrl" : "https://Brain-up.github.io/auto-tests-python/377//#testresult/4bca2491bee6fd10",
        "status" : "passed",
        "time" : {
          "start" : 1731060464650,
          "stop" : 1731060464834,
          "duration" : 184
        }
      }, {
        "uid" : "56b98e3e06d0abab",
        "reportUrl" : "https://Brain-up.github.io/auto-tests-python/177//#testresult/56b98e3e06d0abab",
        "status" : "passed",
        "time" : {
          "start" : 1731027884912,
          "stop" : 1731027885136,
          "duration" : 224
        }
      }, {
        "uid" : "fb844144806370f5",
        "reportUrl" : "https://Brain-up.github.io/auto-tests-python/376//#testresult/fb844144806370f5",
        "status" : "passed",
        "time" : {
          "start" : 1730968844315,
          "stop" : 1730968844505,
          "duration" : 190
        }
      }, {
        "uid" : "3696edbe978c6997",
        "reportUrl" : "https://Brain-up.github.io/auto-tests-python/375//#testresult/3696edbe978c6997",
        "status" : "passed",
        "time" : {
          "start" : 1730967400981,
          "stop" : 1730967401177,
          "duration" : 196
        }
      }, {
        "uid" : "ed2c675e133b675c",
        "reportUrl" : "https://Brain-up.github.io/auto-tests-python/176//#testresult/ed2c675e133b675c",
        "status" : "passed",
        "time" : {
          "start" : 1730941560160,
          "stop" : 1730941560373,
          "duration" : 213
        }
      }, {
        "uid" : "bf65499d92450799",
        "reportUrl" : "https://Brain-up.github.io/auto-tests-python/374//#testresult/bf65499d92450799",
        "status" : "passed",
        "time" : {
          "start" : 1730889936155,
          "stop" : 1730889936346,
          "duration" : 191
        }
      }, {
        "uid" : "7412ebd6f05619de",
        "reportUrl" : "https://Brain-up.github.io/auto-tests-python/373//#testresult/7412ebd6f05619de",
        "status" : "passed",
        "time" : {
          "start" : 1730888514162,
          "stop" : 1730888514371,
          "duration" : 209
        }
      }, {
        "uid" : "9b89c46d73f7284a",
        "reportUrl" : "https://Brain-up.github.io/auto-tests-python/175//#testresult/9b89c46d73f7284a",
        "status" : "passed",
        "time" : {
          "start" : 1730854992756,
          "stop" : 1730854992944,
          "duration" : 188
        }
      }, {
        "uid" : "fdb37af88549d51e",
        "reportUrl" : "https://Brain-up.github.io/auto-tests-python/372//#testresult/fdb37af88549d51e",
        "status" : "passed",
        "time" : {
          "start" : 1730799934212,
          "stop" : 1730799934418,
          "duration" : 206
        }
      }, {
        "uid" : "e9f2cb0d5a523cd4",
        "reportUrl" : "https://Brain-up.github.io/auto-tests-python/371//#testresult/e9f2cb0d5a523cd4",
        "status" : "passed",
        "time" : {
          "start" : 1730798051915,
          "stop" : 1730798052107,
          "duration" : 192
        }
      } ]
    },
    "tags" : [ ]
  },
  "source" : "dbe5ca4b5cd6618d.json",
  "parameterValues" : [ ]
}