{
  "uid" : "fdb2477bc7fa2735",
  "name" : "Check registration with new email and empty birthday",
  "fullName" : "tests.registration_page_test.TestRegistrationPage#test_registration_negative",
  "historyId" : "da01f6990f8589977044a4211be68951",
  "time" : {
    "start" : 1731461477926,
    "stop" : 1731461498403,
    "duration" : 20477
  },
  "status" : "broken",
  "statusMessage" : "selenium.common.exceptions.TimeoutException: Message: Can't find element by locator ('xpath', '//a[@href=\"/registration\"]')\nStacktrace:\n#0 0x562a82cf613a <unknown>\n#1 0x562a82811460 <unknown>\n#2 0x562a8285df96 <unknown>\n#3 0x562a8285e221 <unknown>\n#4 0x562a828a35d4 <unknown>\n#5 0x562a8288203d <unknown>\n#6 0x562a828a0af6 <unknown>\n#7 0x562a82881db3 <unknown>\n#8 0x562a82850c10 <unknown>\n#9 0x562a82851bee <unknown>\n#10 0x562a82cc23cb <unknown>\n#11 0x562a82cc6368 <unknown>\n#12 0x562a82cafeec <unknown>\n#13 0x562a82cc6ee7 <unknown>\n#14 0x562a82c9513f <unknown>\n#15 0x562a82ce4858 <unknown>\n#16 0x562a82ce4a20 <unknown>\n#17 0x562a82cf4fb6 <unknown>\n#18 0x7fc9ece94ac3 <unknown>",
  "statusTrace" : "self = <tests.registration_page_test.TestRegistrationPage object at 0x7ffbde1dc410>\ndriver = <selenium.webdriver.chrome.webdriver.WebDriver (session=\"2bb39d8039674607e1dd7e6f4dcbc6ab\")>\nmain_page_open = None, title = 'new email and empty birthday'\nfirst_name = 'Auto Test', birthday = ''\nemail = 'autotestuser_n@17314593456495879.com', password = 'password'\nconfirm_password = 'password'\nerror_message = ['Invalid date', 'Некорректная дата']\n\n    @pytest.mark.parametrize(Registration.test_data, Registration.DATA_REGISTRATION)\n    def test_registration_negative(self, driver, main_page_open, title, first_name, birthday, email, password,\n                                   confirm_password, error_message):\n        allure.dynamic.title(f'Check registration with {title}')\n        page = RegistrationPage(driver)\n>       page.open_registration_page()\n\ntests/registration_page_test.py:55: \n_ _ _ _ _ _ _ _ _ _ _ _ _ _ _ _ _ _ _ _ _ _ _ _ _ _ _ _ _ _ _ _ _ _ _ _ _ _ _ _ \npages/registration_page.py:15: in open_registration_page\n    self.element_is_present_and_clickable(MainPageLocators.REGISTRATION_BUTTON).click()\npages/base_page.py:32: in element_is_present_and_clickable\n    return (Wait(self.driver, self.timeout).until(\n_ _ _ _ _ _ _ _ _ _ _ _ _ _ _ _ _ _ _ _ _ _ _ _ _ _ _ _ _ _ _ _ _ _ _ _ _ _ _ _ \n\nself = <selenium.webdriver.support.wait.WebDriverWait (session=\"2bb39d8039674607e1dd7e6f4dcbc6ab\")>\nmethod = <function visibility_of_element_located.<locals>._predicate at 0x7ffbddd99260>\nmessage = 'Can\\'t find element by locator (\\'xpath\\', \\'//a[@href=\"/registration\"]\\')'\n\n    def until(self, method, message: str = \"\"):\n        \"\"\"Calls the method provided with the driver as an argument until the \\\n        return value does not evaluate to ``False``.\n    \n        :param method: callable(WebDriver)\n        :param message: optional message for :exc:`TimeoutException`\n        :returns: the result of the last call to `method`\n        :raises: :exc:`selenium.common.exceptions.TimeoutException` if timeout occurs\n        \"\"\"\n        screen = None\n        stacktrace = None\n    \n        end_time = time.monotonic() + self._timeout\n        while True:\n            try:\n                value = method(self._driver)\n                if value:\n                    return value\n            except self._ignored_exceptions as exc:\n                screen = getattr(exc, \"screen\", None)\n                stacktrace = getattr(exc, \"stacktrace\", None)\n            time.sleep(self._poll)\n            if time.monotonic() > end_time:\n                break\n>       raise TimeoutException(message, screen, stacktrace)\nE       selenium.common.exceptions.TimeoutException: Message: Can't find element by locator ('xpath', '//a[@href=\"/registration\"]')\nE       Stacktrace:\nE       #0 0x562a82cf613a <unknown>\nE       #1 0x562a82811460 <unknown>\nE       #2 0x562a8285df96 <unknown>\nE       #3 0x562a8285e221 <unknown>\nE       #4 0x562a828a35d4 <unknown>\nE       #5 0x562a8288203d <unknown>\nE       #6 0x562a828a0af6 <unknown>\nE       #7 0x562a82881db3 <unknown>\nE       #8 0x562a82850c10 <unknown>\nE       #9 0x562a82851bee <unknown>\nE       #10 0x562a82cc23cb <unknown>\nE       #11 0x562a82cc6368 <unknown>\nE       #12 0x562a82cafeec <unknown>\nE       #13 0x562a82cc6ee7 <unknown>\nE       #14 0x562a82c9513f <unknown>\nE       #15 0x562a82ce4858 <unknown>\nE       #16 0x562a82ce4a20 <unknown>\nE       #17 0x562a82cf4fb6 <unknown>\nE       #18 0x7fc9ece94ac3 <unknown>\n\n/opt/hostedtoolcache/Python/3.12.7/x64/lib/python3.12/site-packages/selenium/webdriver/support/wait.py:95: TimeoutException",
  "flaky" : false,
  "newFailed" : false,
  "beforeStages" : [ {
    "name" : "main_page_open",
    "time" : {
      "start" : 1731461477605,
      "stop" : 1731461477924,
      "duration" : 319
    },
    "status" : "passed",
    "steps" : [ {
      "name" : "Open page: https://brainup.site/",
      "time" : {
        "start" : 1731461477605,
        "stop" : 1731461477924,
        "duration" : 319
      },
      "status" : "passed",
      "steps" : [ ],
      "attachments" : [ ],
      "parameters" : [ {
        "name" : "driver",
        "value" : "<selenium.webdriver.chrome.webdriver.WebDriver (session=\"2bb39d8039674607e1dd7e6f4dcbc6ab\")>"
      } ],
      "stepsCount" : 0,
      "attachmentsCount" : 0,
      "shouldDisplayMessage" : false,
      "hasContent" : true
    } ],
    "attachments" : [ ],
    "parameters" : [ ],
    "stepsCount" : 1,
    "attachmentsCount" : 0,
    "shouldDisplayMessage" : false,
    "hasContent" : true
  }, {
    "name" : "clear_allure_results_folder",
    "time" : {
      "start" : 1731459346241,
      "stop" : 1731459346241,
      "duration" : 0
    },
    "status" : "passed",
    "steps" : [ ],
    "attachments" : [ ],
    "parameters" : [ ],
    "stepsCount" : 0,
    "attachmentsCount" : 0,
    "shouldDisplayMessage" : false,
    "hasContent" : false
  }, {
    "name" : "driver",
    "time" : {
      "start" : 1731461476825,
      "stop" : 1731461477605,
      "duration" : 780
    },
    "status" : "passed",
    "steps" : [ ],
    "attachments" : [ ],
    "parameters" : [ ],
    "stepsCount" : 0,
    "attachmentsCount" : 0,
    "shouldDisplayMessage" : false,
    "hasContent" : false
  } ],
  "testStage" : {
    "status" : "broken",
    "statusMessage" : "selenium.common.exceptions.TimeoutException: Message: Can't find element by locator ('xpath', '//a[@href=\"/registration\"]')\nStacktrace:\n#0 0x562a82cf613a <unknown>\n#1 0x562a82811460 <unknown>\n#2 0x562a8285df96 <unknown>\n#3 0x562a8285e221 <unknown>\n#4 0x562a828a35d4 <unknown>\n#5 0x562a8288203d <unknown>\n#6 0x562a828a0af6 <unknown>\n#7 0x562a82881db3 <unknown>\n#8 0x562a82850c10 <unknown>\n#9 0x562a82851bee <unknown>\n#10 0x562a82cc23cb <unknown>\n#11 0x562a82cc6368 <unknown>\n#12 0x562a82cafeec <unknown>\n#13 0x562a82cc6ee7 <unknown>\n#14 0x562a82c9513f <unknown>\n#15 0x562a82ce4858 <unknown>\n#16 0x562a82ce4a20 <unknown>\n#17 0x562a82cf4fb6 <unknown>\n#18 0x7fc9ece94ac3 <unknown>",
    "statusTrace" : "self = <tests.registration_page_test.TestRegistrationPage object at 0x7ffbde1dc410>\ndriver = <selenium.webdriver.chrome.webdriver.WebDriver (session=\"2bb39d8039674607e1dd7e6f4dcbc6ab\")>\nmain_page_open = None, title = 'new email and empty birthday'\nfirst_name = 'Auto Test', birthday = ''\nemail = 'autotestuser_n@17314593456495879.com', password = 'password'\nconfirm_password = 'password'\nerror_message = ['Invalid date', 'Некорректная дата']\n\n    @pytest.mark.parametrize(Registration.test_data, Registration.DATA_REGISTRATION)\n    def test_registration_negative(self, driver, main_page_open, title, first_name, birthday, email, password,\n                                   confirm_password, error_message):\n        allure.dynamic.title(f'Check registration with {title}')\n        page = RegistrationPage(driver)\n>       page.open_registration_page()\n\ntests/registration_page_test.py:55: \n_ _ _ _ _ _ _ _ _ _ _ _ _ _ _ _ _ _ _ _ _ _ _ _ _ _ _ _ _ _ _ _ _ _ _ _ _ _ _ _ \npages/registration_page.py:15: in open_registration_page\n    self.element_is_present_and_clickable(MainPageLocators.REGISTRATION_BUTTON).click()\npages/base_page.py:32: in element_is_present_and_clickable\n    return (Wait(self.driver, self.timeout).until(\n_ _ _ _ _ _ _ _ _ _ _ _ _ _ _ _ _ _ _ _ _ _ _ _ _ _ _ _ _ _ _ _ _ _ _ _ _ _ _ _ \n\nself = <selenium.webdriver.support.wait.WebDriverWait (session=\"2bb39d8039674607e1dd7e6f4dcbc6ab\")>\nmethod = <function visibility_of_element_located.<locals>._predicate at 0x7ffbddd99260>\nmessage = 'Can\\'t find element by locator (\\'xpath\\', \\'//a[@href=\"/registration\"]\\')'\n\n    def until(self, method, message: str = \"\"):\n        \"\"\"Calls the method provided with the driver as an argument until the \\\n        return value does not evaluate to ``False``.\n    \n        :param method: callable(WebDriver)\n        :param message: optional message for :exc:`TimeoutException`\n        :returns: the result of the last call to `method`\n        :raises: :exc:`selenium.common.exceptions.TimeoutException` if timeout occurs\n        \"\"\"\n        screen = None\n        stacktrace = None\n    \n        end_time = time.monotonic() + self._timeout\n        while True:\n            try:\n                value = method(self._driver)\n                if value:\n                    return value\n            except self._ignored_exceptions as exc:\n                screen = getattr(exc, \"screen\", None)\n                stacktrace = getattr(exc, \"stacktrace\", None)\n            time.sleep(self._poll)\n            if time.monotonic() > end_time:\n                break\n>       raise TimeoutException(message, screen, stacktrace)\nE       selenium.common.exceptions.TimeoutException: Message: Can't find element by locator ('xpath', '//a[@href=\"/registration\"]')\nE       Stacktrace:\nE       #0 0x562a82cf613a <unknown>\nE       #1 0x562a82811460 <unknown>\nE       #2 0x562a8285df96 <unknown>\nE       #3 0x562a8285e221 <unknown>\nE       #4 0x562a828a35d4 <unknown>\nE       #5 0x562a8288203d <unknown>\nE       #6 0x562a828a0af6 <unknown>\nE       #7 0x562a82881db3 <unknown>\nE       #8 0x562a82850c10 <unknown>\nE       #9 0x562a82851bee <unknown>\nE       #10 0x562a82cc23cb <unknown>\nE       #11 0x562a82cc6368 <unknown>\nE       #12 0x562a82cafeec <unknown>\nE       #13 0x562a82cc6ee7 <unknown>\nE       #14 0x562a82c9513f <unknown>\nE       #15 0x562a82ce4858 <unknown>\nE       #16 0x562a82ce4a20 <unknown>\nE       #17 0x562a82cf4fb6 <unknown>\nE       #18 0x7fc9ece94ac3 <unknown>\n\n/opt/hostedtoolcache/Python/3.12.7/x64/lib/python3.12/site-packages/selenium/webdriver/support/wait.py:95: TimeoutException",
    "steps" : [ {
      "name" : "Open registration page",
      "time" : {
        "start" : 1731461477926,
        "stop" : 1731461498402,
        "duration" : 20476
      },
      "status" : "broken",
      "statusMessage" : "selenium.common.exceptions.TimeoutException: Message: Can't find element by locator ('xpath', '//a[@href=\"/registration\"]')\nStacktrace:\n#0 0x562a82cf613a <unknown>\n#1 0x562a82811460 <unknown>\n#2 0x562a8285df96 <unknown>\n#3 0x562a8285e221 <unknown>\n#4 0x562a828a35d4 <unknown>\n#5 0x562a8288203d <unknown>\n#6 0x562a828a0af6 <unknown>\n#7 0x562a82881db3 <unknown>\n#8 0x562a82850c10 <unknown>\n#9 0x562a82851bee <unknown>\n#10 0x562a82cc23cb <unknown>\n#11 0x562a82cc6368 <unknown>\n#12 0x562a82cafeec <unknown>\n#13 0x562a82cc6ee7 <unknown>\n#14 0x562a82c9513f <unknown>\n#15 0x562a82ce4858 <unknown>\n#16 0x562a82ce4a20 <unknown>\n#17 0x562a82cf4fb6 <unknown>\n#18 0x7fc9ece94ac3 <unknown>\n\n",
      "statusTrace" : "  File \"/opt/hostedtoolcache/Python/3.12.7/x64/lib/python3.12/site-packages/allure_commons/_allure.py\", line 192, in impl\n    return func(*a, **kw)\n           ^^^^^^^^^^^^^^\n  File \"/home/runner/work/auto-tests-python/auto-tests-python/pages/registration_page.py\", line 15, in open_registration_page\n    self.element_is_present_and_clickable(MainPageLocators.REGISTRATION_BUTTON).click()\n    ^^^^^^^^^^^^^^^^^^^^^^^^^^^^^^^^^^^^^^^^^^^^^^^^^^^^^^^^^^^^^^^^^^^^^^^^^^^\n  File \"/home/runner/work/auto-tests-python/auto-tests-python/pages/base_page.py\", line 32, in element_is_present_and_clickable\n    return (Wait(self.driver, self.timeout).until(\n            ^^^^^^^^^^^^^^^^^^^^^^^^^^^^^^^^^^^^^^\n  File \"/opt/hostedtoolcache/Python/3.12.7/x64/lib/python3.12/site-packages/selenium/webdriver/support/wait.py\", line 95, in until\n    raise TimeoutException(message, screen, stacktrace)\n",
      "steps" : [ ],
      "attachments" : [ ],
      "parameters" : [ ],
      "stepsCount" : 0,
      "attachmentsCount" : 0,
      "shouldDisplayMessage" : true,
      "hasContent" : true
    } ],
    "attachments" : [ {
      "uid" : "bcf10c672176388e",
      "name" : "Screenshot 2024-11-13 01:31:38.489276",
      "source" : "bcf10c672176388e.png",
      "type" : "image/png",
      "size" : 48838
    } ],
    "parameters" : [ ],
    "stepsCount" : 1,
    "attachmentsCount" : 1,
    "shouldDisplayMessage" : true,
    "hasContent" : true
  },
  "afterStages" : [ {
    "name" : "driver::0",
    "time" : {
      "start" : 1731461498492,
      "stop" : 1731461498574,
      "duration" : 82
    },
    "status" : "passed",
    "steps" : [ ],
    "attachments" : [ ],
    "parameters" : [ ],
    "stepsCount" : 0,
    "attachmentsCount" : 0,
    "shouldDisplayMessage" : false,
    "hasContent" : false
  } ],
  "labels" : [ {
    "name" : "epic",
    "value" : "Test Registration Page"
  }, {
    "name" : "parentSuite",
    "value" : "tests"
  }, {
    "name" : "suite",
    "value" : "registration_page_test"
  }, {
    "name" : "subSuite",
    "value" : "TestRegistrationPage"
  }, {
    "name" : "host",
    "value" : "fv-az1446-12"
  }, {
    "name" : "thread",
    "value" : "2313-MainThread"
  }, {
    "name" : "framework",
    "value" : "pytest"
  }, {
    "name" : "language",
    "value" : "cpython3"
  }, {
    "name" : "package",
    "value" : "tests.registration_page_test"
  }, {
    "name" : "resultFormat",
    "value" : "allure2"
  } ],
  "parameters" : [ {
    "name" : "birthday",
    "value" : "''"
  }, {
    "name" : "confirm_password",
    "value" : "'password'"
  }, {
    "name" : "email",
    "value" : "'autotestuser_n@17314593456495879.com'"
  }, {
    "name" : "error_message",
    "value" : "['Invalid date', 'Некорректная дата']"
  }, {
    "name" : "first_name",
    "value" : "'Auto Test'"
  }, {
    "name" : "password",
    "value" : "'password'"
  }, {
    "name" : "title",
    "value" : "'new email and empty birthday'"
  } ],
  "links" : [ ],
  "hidden" : false,
  "retry" : false,
  "extra" : {
    "severity" : "normal",
    "retries" : [ ],
    "categories" : [ {
      "name" : "Test defects",
      "matchedStatuses" : [ ],
      "flaky" : false
    } ],
    "tags" : [ ]
  },
  "source" : "fdb2477bc7fa2735.json",
  "parameterValues" : [ "''", "'password'", "'autotestuser_n@17314593456495879.com'", "['Invalid date', 'Некорректная дата']", "'Auto Test'", "'password'", "'new email and empty birthday'" ]
}