{
  "uid" : "42e44a1aeee86eb4",
  "name" : "Solutions to a random task in the \"Слова\" .",
  "fullName" : "tests.test_speech_exercises_ru.TestCardsRU#test_solve_word_cards_ru",
  "historyId" : "97a1dfc93de55b98f3507f18d0af26f8",
  "time" : {
    "start" : 1749519264330,
    "stop" : 1749519284889,
    "duration" : 20559
  },
  "status" : "skipped",
  "statusMessage" : "XFAIL\n\nselenium.common.exceptions.TimeoutException: Message: Can't find element by locator ('xpath', '//a[text()=\"Упражнения\"]')\nStacktrace:\n#0 0x56108f68278a <unknown>\n#1 0x56108f1250a0 <unknown>\n#2 0x56108f1769b0 <unknown>\n#3 0x56108f176ba1 <unknown>\n#4 0x56108f1c4ea4 <unknown>\n#5 0x56108f19c3cd <unknown>\n#6 0x56108f1c22a0 <unknown>\n#7 0x56108f19c173 <unknown>\n#8 0x56108f168d4b <unknown>\n#9 0x56108f1699b1 <unknown>\n#10 0x56108f64793b <unknown>\n#11 0x56108f64b83a <unknown>\n#12 0x56108f62f692 <unknown>\n#13 0x56108f64c3c4 <unknown>\n#14 0x56108f6144cf <unknown>\n#15 0x56108f670568 <unknown>\n#16 0x56108f670746 <unknown>\n#17 0x56108f6815f6 <unknown>\n#18 0x7f7b35c9caa4 <unknown>\n#19 0x7f7b35d29c3c <unknown>",
  "statusTrace" : "self = <tests.test_speech_exercises_ru.TestCardsRU object at 0x7f332f877e00>\ndriver = <selenium.webdriver.chrome.webdriver.WebDriver (session=\"6685b29271597be27b6655ccd3d571fc\")>\ndefault_user_authorized = None\n\n    @pytest.mark.xfail\n    @allure.suite(\"Речевые упражнения.\")\n    @allure.title('Solutions to a random task in the \"Слова\" .')\n    def test_solve_word_cards_ru(self, driver, default_user_authorized):\n        page = SpeechExercisesPageRU(driver)\n>       page.click_button_exercises()\n\ntests/test_speech_exercises_ru.py:124: \n_ _ _ _ _ _ _ _ _ _ _ _ _ _ _ _ _ _ _ _ _ _ _ _ _ _ _ _ _ _ _ _ _ _ _ _ _ _ _ _ \npages/speech_exercises_page_ru.py:199: in click_button_exercises\n    button = self.element_is_present_and_clickable(self.locators.AuthorizedUserHomePageLocators.BUTTON_EXERCISES_RU)\npages/base_page.py:40: in element_is_present_and_clickable\n    return (Wait(self.driver, self.timeout).until(\n_ _ _ _ _ _ _ _ _ _ _ _ _ _ _ _ _ _ _ _ _ _ _ _ _ _ _ _ _ _ _ _ _ _ _ _ _ _ _ _ \n\nself = <selenium.webdriver.support.wait.WebDriverWait (session=\"6685b29271597be27b6655ccd3d571fc\")>\nmethod = <function visibility_of_element_located.<locals>._predicate at 0x7f332f809300>\nmessage = 'Can\\'t find element by locator (\\'xpath\\', \\'//a[text()=\"Упражнения\"]\\')'\n\n    def until(self, method, message: str = \"\"):\n        \"\"\"Calls the method provided with the driver as an argument until the \\\n        return value does not evaluate to ``False``.\n    \n        :param method: callable(WebDriver)\n        :param message: optional message for :exc:`TimeoutException`\n        :returns: the result of the last call to `method`\n        :raises: :exc:`selenium.common.exceptions.TimeoutException` if timeout occurs\n        \"\"\"\n        screen = None\n        stacktrace = None\n    \n        end_time = time.monotonic() + self._timeout\n        while True:\n            try:\n                value = method(self._driver)\n                if value:\n                    return value\n            except self._ignored_exceptions as exc:\n                screen = getattr(exc, \"screen\", None)\n                stacktrace = getattr(exc, \"stacktrace\", None)\n            time.sleep(self._poll)\n            if time.monotonic() > end_time:\n                break\n>       raise TimeoutException(message, screen, stacktrace)\nE       selenium.common.exceptions.TimeoutException: Message: Can't find element by locator ('xpath', '//a[text()=\"Упражнения\"]')\nE       Stacktrace:\nE       #0 0x56108f68278a <unknown>\nE       #1 0x56108f1250a0 <unknown>\nE       #2 0x56108f1769b0 <unknown>\nE       #3 0x56108f176ba1 <unknown>\nE       #4 0x56108f1c4ea4 <unknown>\nE       #5 0x56108f19c3cd <unknown>\nE       #6 0x56108f1c22a0 <unknown>\nE       #7 0x56108f19c173 <unknown>\nE       #8 0x56108f168d4b <unknown>\nE       #9 0x56108f1699b1 <unknown>\nE       #10 0x56108f64793b <unknown>\nE       #11 0x56108f64b83a <unknown>\nE       #12 0x56108f62f692 <unknown>\nE       #13 0x56108f64c3c4 <unknown>\nE       #14 0x56108f6144cf <unknown>\nE       #15 0x56108f670568 <unknown>\nE       #16 0x56108f670746 <unknown>\nE       #17 0x56108f6815f6 <unknown>\nE       #18 0x7f7b35c9caa4 <unknown>\nE       #19 0x7f7b35d29c3c <unknown>\n\n/opt/hostedtoolcache/Python/3.12.10/x64/lib/python3.12/site-packages/selenium/webdriver/support/wait.py:95: TimeoutException",
  "flaky" : false,
  "newFailed" : false,
  "beforeStages" : [ {
    "name" : "main_page_open",
    "time" : {
      "start" : 1749519257369,
      "stop" : 1749519260895,
      "duration" : 3526
    },
    "status" : "passed",
    "steps" : [ {
      "name" : "Open page: https://www.brainup.site/",
      "time" : {
        "start" : 1749519257369,
        "stop" : 1749519260895,
        "duration" : 3526
      },
      "status" : "passed",
      "steps" : [ ],
      "attachments" : [ ],
      "parameters" : [ {
        "name" : "driver",
        "value" : "<selenium.webdriver.chrome.webdriver.WebDriver (session=\"6685b29271597be27b6655ccd3d571fc\")>"
      } ],
      "shouldDisplayMessage" : false,
      "hasContent" : true,
      "stepsCount" : 0,
      "attachmentsCount" : 0
    } ],
    "attachments" : [ ],
    "parameters" : [ ],
    "shouldDisplayMessage" : false,
    "hasContent" : true,
    "stepsCount" : 1,
    "attachmentsCount" : 0
  }, {
    "name" : "driver",
    "time" : {
      "start" : 1749519256558,
      "stop" : 1749519257369,
      "duration" : 811
    },
    "status" : "passed",
    "steps" : [ ],
    "attachments" : [ ],
    "parameters" : [ ],
    "shouldDisplayMessage" : false,
    "hasContent" : false,
    "stepsCount" : 0,
    "attachmentsCount" : 0
  }, {
    "name" : "default_user_authorized",
    "time" : {
      "start" : 1749519260895,
      "stop" : 1749519264330,
      "duration" : 3435
    },
    "status" : "passed",
    "steps" : [ {
      "name" : "DEFAULT user authorized",
      "time" : {
        "start" : 1749519260895,
        "stop" : 1749519264330,
        "duration" : 3435
      },
      "status" : "passed",
      "steps" : [ {
        "name" : "Check url is present: https://www.brainup.site/groups",
        "time" : {
          "start" : 1749519261283,
          "stop" : 1749519264308,
          "duration" : 3025
        },
        "status" : "passed",
        "steps" : [ ],
        "attachments" : [ ],
        "parameters" : [ ],
        "shouldDisplayMessage" : false,
        "hasContent" : false,
        "stepsCount" : 0,
        "attachmentsCount" : 0
      }, {
        "name" : "Loader checking",
        "time" : {
          "start" : 1749519264308,
          "stop" : 1749519264330,
          "duration" : 22
        },
        "status" : "passed",
        "steps" : [ ],
        "attachments" : [ ],
        "parameters" : [ ],
        "shouldDisplayMessage" : false,
        "hasContent" : false,
        "stepsCount" : 0,
        "attachmentsCount" : 0
      } ],
      "attachments" : [ ],
      "parameters" : [ {
        "name" : "driver",
        "value" : "<selenium.webdriver.chrome.webdriver.WebDriver (session=\"6685b29271597be27b6655ccd3d571fc\")>"
      }, {
        "name" : "main_page_open",
        "value" : "None"
      } ],
      "shouldDisplayMessage" : false,
      "hasContent" : true,
      "stepsCount" : 2,
      "attachmentsCount" : 0
    } ],
    "attachments" : [ ],
    "parameters" : [ ],
    "shouldDisplayMessage" : false,
    "hasContent" : true,
    "stepsCount" : 3,
    "attachmentsCount" : 0
  }, {
    "name" : "clear_allure_results_folder",
    "time" : {
      "start" : 1749517648954,
      "stop" : 1749517648954,
      "duration" : 0
    },
    "status" : "passed",
    "steps" : [ ],
    "attachments" : [ ],
    "parameters" : [ ],
    "shouldDisplayMessage" : false,
    "hasContent" : false,
    "stepsCount" : 0,
    "attachmentsCount" : 0
  } ],
  "testStage" : {
    "status" : "skipped",
    "statusMessage" : "XFAIL\n\nselenium.common.exceptions.TimeoutException: Message: Can't find element by locator ('xpath', '//a[text()=\"Упражнения\"]')\nStacktrace:\n#0 0x56108f68278a <unknown>\n#1 0x56108f1250a0 <unknown>\n#2 0x56108f1769b0 <unknown>\n#3 0x56108f176ba1 <unknown>\n#4 0x56108f1c4ea4 <unknown>\n#5 0x56108f19c3cd <unknown>\n#6 0x56108f1c22a0 <unknown>\n#7 0x56108f19c173 <unknown>\n#8 0x56108f168d4b <unknown>\n#9 0x56108f1699b1 <unknown>\n#10 0x56108f64793b <unknown>\n#11 0x56108f64b83a <unknown>\n#12 0x56108f62f692 <unknown>\n#13 0x56108f64c3c4 <unknown>\n#14 0x56108f6144cf <unknown>\n#15 0x56108f670568 <unknown>\n#16 0x56108f670746 <unknown>\n#17 0x56108f6815f6 <unknown>\n#18 0x7f7b35c9caa4 <unknown>\n#19 0x7f7b35d29c3c <unknown>",
    "statusTrace" : "self = <tests.test_speech_exercises_ru.TestCardsRU object at 0x7f332f877e00>\ndriver = <selenium.webdriver.chrome.webdriver.WebDriver (session=\"6685b29271597be27b6655ccd3d571fc\")>\ndefault_user_authorized = None\n\n    @pytest.mark.xfail\n    @allure.suite(\"Речевые упражнения.\")\n    @allure.title('Solutions to a random task in the \"Слова\" .')\n    def test_solve_word_cards_ru(self, driver, default_user_authorized):\n        page = SpeechExercisesPageRU(driver)\n>       page.click_button_exercises()\n\ntests/test_speech_exercises_ru.py:124: \n_ _ _ _ _ _ _ _ _ _ _ _ _ _ _ _ _ _ _ _ _ _ _ _ _ _ _ _ _ _ _ _ _ _ _ _ _ _ _ _ \npages/speech_exercises_page_ru.py:199: in click_button_exercises\n    button = self.element_is_present_and_clickable(self.locators.AuthorizedUserHomePageLocators.BUTTON_EXERCISES_RU)\npages/base_page.py:40: in element_is_present_and_clickable\n    return (Wait(self.driver, self.timeout).until(\n_ _ _ _ _ _ _ _ _ _ _ _ _ _ _ _ _ _ _ _ _ _ _ _ _ _ _ _ _ _ _ _ _ _ _ _ _ _ _ _ \n\nself = <selenium.webdriver.support.wait.WebDriverWait (session=\"6685b29271597be27b6655ccd3d571fc\")>\nmethod = <function visibility_of_element_located.<locals>._predicate at 0x7f332f809300>\nmessage = 'Can\\'t find element by locator (\\'xpath\\', \\'//a[text()=\"Упражнения\"]\\')'\n\n    def until(self, method, message: str = \"\"):\n        \"\"\"Calls the method provided with the driver as an argument until the \\\n        return value does not evaluate to ``False``.\n    \n        :param method: callable(WebDriver)\n        :param message: optional message for :exc:`TimeoutException`\n        :returns: the result of the last call to `method`\n        :raises: :exc:`selenium.common.exceptions.TimeoutException` if timeout occurs\n        \"\"\"\n        screen = None\n        stacktrace = None\n    \n        end_time = time.monotonic() + self._timeout\n        while True:\n            try:\n                value = method(self._driver)\n                if value:\n                    return value\n            except self._ignored_exceptions as exc:\n                screen = getattr(exc, \"screen\", None)\n                stacktrace = getattr(exc, \"stacktrace\", None)\n            time.sleep(self._poll)\n            if time.monotonic() > end_time:\n                break\n>       raise TimeoutException(message, screen, stacktrace)\nE       selenium.common.exceptions.TimeoutException: Message: Can't find element by locator ('xpath', '//a[text()=\"Упражнения\"]')\nE       Stacktrace:\nE       #0 0x56108f68278a <unknown>\nE       #1 0x56108f1250a0 <unknown>\nE       #2 0x56108f1769b0 <unknown>\nE       #3 0x56108f176ba1 <unknown>\nE       #4 0x56108f1c4ea4 <unknown>\nE       #5 0x56108f19c3cd <unknown>\nE       #6 0x56108f1c22a0 <unknown>\nE       #7 0x56108f19c173 <unknown>\nE       #8 0x56108f168d4b <unknown>\nE       #9 0x56108f1699b1 <unknown>\nE       #10 0x56108f64793b <unknown>\nE       #11 0x56108f64b83a <unknown>\nE       #12 0x56108f62f692 <unknown>\nE       #13 0x56108f64c3c4 <unknown>\nE       #14 0x56108f6144cf <unknown>\nE       #15 0x56108f670568 <unknown>\nE       #16 0x56108f670746 <unknown>\nE       #17 0x56108f6815f6 <unknown>\nE       #18 0x7f7b35c9caa4 <unknown>\nE       #19 0x7f7b35d29c3c <unknown>\n\n/opt/hostedtoolcache/Python/3.12.10/x64/lib/python3.12/site-packages/selenium/webdriver/support/wait.py:95: TimeoutException",
    "steps" : [ {
      "name" : "Click button \"Упражнения\".",
      "time" : {
        "start" : 1749519264330,
        "stop" : 1749519284888,
        "duration" : 20558
      },
      "status" : "broken",
      "statusMessage" : "selenium.common.exceptions.TimeoutException: Message: Can't find element by locator ('xpath', '//a[text()=\"Упражнения\"]')\nStacktrace:\n#0 0x56108f68278a <unknown>\n#1 0x56108f1250a0 <unknown>\n#2 0x56108f1769b0 <unknown>\n#3 0x56108f176ba1 <unknown>\n#4 0x56108f1c4ea4 <unknown>\n#5 0x56108f19c3cd <unknown>\n#6 0x56108f1c22a0 <unknown>\n#7 0x56108f19c173 <unknown>\n#8 0x56108f168d4b <unknown>\n#9 0x56108f1699b1 <unknown>\n#10 0x56108f64793b <unknown>\n#11 0x56108f64b83a <unknown>\n#12 0x56108f62f692 <unknown>\n#13 0x56108f64c3c4 <unknown>\n#14 0x56108f6144cf <unknown>\n#15 0x56108f670568 <unknown>\n#16 0x56108f670746 <unknown>\n#17 0x56108f6815f6 <unknown>\n#18 0x7f7b35c9caa4 <unknown>\n#19 0x7f7b35d29c3c <unknown>\n\n",
      "statusTrace" : "  File \"/opt/hostedtoolcache/Python/3.12.10/x64/lib/python3.12/site-packages/allure_commons/_allure.py\", line 192, in impl\n    return func(*a, **kw)\n           ^^^^^^^^^^^^^^\n  File \"/home/runner/work/auto-tests-python/auto-tests-python/pages/speech_exercises_page_ru.py\", line 199, in click_button_exercises\n    button = self.element_is_present_and_clickable(self.locators.AuthorizedUserHomePageLocators.BUTTON_EXERCISES_RU)\n             ^^^^^^^^^^^^^^^^^^^^^^^^^^^^^^^^^^^^^^^^^^^^^^^^^^^^^^^^^^^^^^^^^^^^^^^^^^^^^^^^^^^^^^^^^^^^^^^^^^^^^^^\n  File \"/home/runner/work/auto-tests-python/auto-tests-python/pages/base_page.py\", line 40, in element_is_present_and_clickable\n    return (Wait(self.driver, self.timeout).until(\n            ^^^^^^^^^^^^^^^^^^^^^^^^^^^^^^^^^^^^^^\n  File \"/opt/hostedtoolcache/Python/3.12.10/x64/lib/python3.12/site-packages/selenium/webdriver/support/wait.py\", line 95, in until\n    raise TimeoutException(message, screen, stacktrace)\n",
      "steps" : [ {
        "name" : "Click button \"RU\".",
        "time" : {
          "start" : 1749519264331,
          "stop" : 1749519264398,
          "duration" : 67
        },
        "status" : "passed",
        "steps" : [ ],
        "attachments" : [ ],
        "parameters" : [ ],
        "shouldDisplayMessage" : false,
        "hasContent" : false,
        "stepsCount" : 0,
        "attachmentsCount" : 0
      } ],
      "attachments" : [ ],
      "parameters" : [ ],
      "shouldDisplayMessage" : true,
      "hasContent" : true,
      "stepsCount" : 1,
      "attachmentsCount" : 0
    } ],
    "attachments" : [ ],
    "parameters" : [ ],
    "shouldDisplayMessage" : true,
    "hasContent" : true,
    "stepsCount" : 2,
    "attachmentsCount" : 0
  },
  "afterStages" : [ {
    "name" : "driver::0",
    "time" : {
      "start" : 1749519284903,
      "stop" : 1749519284971,
      "duration" : 68
    },
    "status" : "passed",
    "steps" : [ ],
    "attachments" : [ ],
    "parameters" : [ ],
    "shouldDisplayMessage" : false,
    "hasContent" : false,
    "stepsCount" : 0,
    "attachmentsCount" : 0
  } ],
  "labels" : [ {
    "name" : "suite",
    "value" : "Речевые упражнения."
  }, {
    "name" : "epic",
    "value" : "Speech exercises."
  }, {
    "name" : "tag",
    "value" : "@pytest.mark.xfail"
  }, {
    "name" : "parentSuite",
    "value" : "tests"
  }, {
    "name" : "subSuite",
    "value" : "TestCardsRU"
  }, {
    "name" : "host",
    "value" : "pkrvmf6wy0o8zjz"
  }, {
    "name" : "thread",
    "value" : "2533-MainThread"
  }, {
    "name" : "framework",
    "value" : "pytest"
  }, {
    "name" : "language",
    "value" : "cpython3"
  }, {
    "name" : "package",
    "value" : "tests.test_speech_exercises_ru"
  }, {
    "name" : "resultFormat",
    "value" : "allure2"
  } ],
  "parameters" : [ ],
  "links" : [ ],
  "hidden" : false,
  "retry" : false,
  "extra" : {
    "severity" : "normal",
    "retries" : [ ],
    "categories" : [ ],
    "history" : {
      "statistic" : {
        "failed" : 0,
        "broken" : 0,
        "skipped" : 112,
        "passed" : 92,
        "unknown" : 0,
        "total" : 204
      },
      "items" : [ {
        "uid" : "8133b7ed079b2fdf",
        "reportUrl" : "https://Brain-up.github.io/auto-tests-python/593//#testresult/8133b7ed079b2fdf",
        "status" : "skipped",
        "statusDetails" : "XFAIL\n\nselenium.common.exceptions.TimeoutException: Message: Can't find element by locator ('xpath', '//a[text()=\"Упражнения\"]')\nStacktrace:\n#0 0x55d8838ab78a <unknown>\n#1 0x55d88334e0a0 <unknown>\n#2 0x55d88339f9b0 <unknown>\n#3 0x55d88339fba1 <unknown>\n#4 0x55d8833edea4 <unknown>\n#5 0x55d8833c53cd <unknown>\n#6 0x55d8833eb2a0 <unknown>\n#7 0x55d8833c5173 <unknown>\n#8 0x55d883391d4b <unknown>\n#9 0x55d8833929b1 <unknown>\n#10 0x55d88387093b <unknown>\n#11 0x55d88387483a <unknown>\n#12 0x55d883858692 <unknown>\n#13 0x55d8838753c4 <unknown>\n#14 0x55d88383d4cf <unknown>\n#15 0x55d883899568 <unknown>\n#16 0x55d883899746 <unknown>\n#17 0x55d8838aa5f6 <unknown>\n#18 0x7f9cb569caa4 <unknown>\n#19 0x7f9cb5729c3c <unknown>",
        "time" : {
          "start" : 1749479809948,
          "stop" : 1749479830150,
          "duration" : 20202
        }
      }, {
        "uid" : "30451b7352025a78",
        "reportUrl" : "https://Brain-up.github.io/auto-tests-python/390//#testresult/30451b7352025a78",
        "status" : "skipped",
        "statusDetails" : "XFAIL\n\nselenium.common.exceptions.TimeoutException: Message: Can't find element by locator ('xpath', '//a[text()=\"Упражнения\"]')\nStacktrace:\n#0 0x55729e9d678a <unknown>\n#1 0x55729e4790a0 <unknown>\n#2 0x55729e4ca9b0 <unknown>\n#3 0x55729e4caba1 <unknown>\n#4 0x55729e518ea4 <unknown>\n#5 0x55729e4f03cd <unknown>\n#6 0x55729e5162a0 <unknown>\n#7 0x55729e4f0173 <unknown>\n#8 0x55729e4bcd4b <unknown>\n#9 0x55729e4bd9b1 <unknown>\n#10 0x55729e99b93b <unknown>\n#11 0x55729e99f83a <unknown>\n#12 0x55729e983692 <unknown>\n#13 0x55729e9a03c4 <unknown>\n#14 0x55729e9684cf <unknown>\n#15 0x55729e9c4568 <unknown>\n#16 0x55729e9c4746 <unknown>\n#17 0x55729e9d55f6 <unknown>\n#18 0x7f84f349caa4 <unknown>\n#19 0x7f84f3529c3c <unknown>",
        "time" : {
          "start" : 1749432877217,
          "stop" : 1749432897305,
          "duration" : 20088
        }
      }, {
        "uid" : "ead1f48dc75eb284",
        "reportUrl" : "https://Brain-up.github.io/auto-tests-python/592//#testresult/ead1f48dc75eb284",
        "status" : "skipped",
        "statusDetails" : "XFAIL\n\nselenium.common.exceptions.TimeoutException: Message: Can't find element by locator ('xpath', '//a[text()=\"Упражнения\"]')\nStacktrace:\n#0 0x55b74843178a <unknown>\n#1 0x55b747ed40a0 <unknown>\n#2 0x55b747f259b0 <unknown>\n#3 0x55b747f25ba1 <unknown>\n#4 0x55b747f73ea4 <unknown>\n#5 0x55b747f4b3cd <unknown>\n#6 0x55b747f712a0 <unknown>\n#7 0x55b747f4b173 <unknown>\n#8 0x55b747f17d4b <unknown>\n#9 0x55b747f189b1 <unknown>\n#10 0x55b7483f693b <unknown>\n#11 0x55b7483fa83a <unknown>\n#12 0x55b7483de692 <unknown>\n#13 0x55b7483fb3c4 <unknown>\n#14 0x55b7483c34cf <unknown>\n#15 0x55b74841f568 <unknown>\n#16 0x55b74841f746 <unknown>\n#17 0x55b7484305f6 <unknown>\n#18 0x7f6be149caa4 <unknown>\n#19 0x7f6be1529c3c <unknown>",
        "time" : {
          "start" : 1749363151108,
          "stop" : 1749363171191,
          "duration" : 20083
        }
      }, {
        "uid" : "e37aba81e86d286b",
        "reportUrl" : "https://Brain-up.github.io/auto-tests-python/389//#testresult/e37aba81e86d286b",
        "status" : "skipped",
        "statusDetails" : "XFAIL\n\nselenium.common.exceptions.TimeoutException: Message: Can't find element by locator ('xpath', '//a[text()=\"Упражнения\"]')\nStacktrace:\n#0 0x561aedfbb78a <unknown>\n#1 0x561aeda5e0a0 <unknown>\n#2 0x561aedaaf9b0 <unknown>\n#3 0x561aedaafba1 <unknown>\n#4 0x561aedafdea4 <unknown>\n#5 0x561aedad53cd <unknown>\n#6 0x561aedafb2a0 <unknown>\n#7 0x561aedad5173 <unknown>\n#8 0x561aedaa1d4b <unknown>\n#9 0x561aedaa29b1 <unknown>\n#10 0x561aedf8093b <unknown>\n#11 0x561aedf8483a <unknown>\n#12 0x561aedf68692 <unknown>\n#13 0x561aedf853c4 <unknown>\n#14 0x561aedf4d4cf <unknown>\n#15 0x561aedfa9568 <unknown>\n#16 0x561aedfa9746 <unknown>\n#17 0x561aedfba5f6 <unknown>\n#18 0x7f397fe9caa4 <unknown>\n#19 0x7f397ff29c3c <unknown>",
        "time" : {
          "start" : 1749346630070,
          "stop" : 1749346650146,
          "duration" : 20076
        }
      }, {
        "uid" : "14a81c3f3af935e",
        "reportUrl" : "https://Brain-up.github.io/auto-tests-python/591//#testresult/14a81c3f3af935e",
        "status" : "skipped",
        "statusDetails" : "XFAIL\n\nselenium.common.exceptions.TimeoutException: Message: Can't find element by locator ('xpath', '//a[text()=\"Упражнения\"]')\nStacktrace:\n#0 0x5632e3e3f78a <unknown>\n#1 0x5632e38e20a0 <unknown>\n#2 0x5632e39339b0 <unknown>\n#3 0x5632e3933ba1 <unknown>\n#4 0x5632e3981ea4 <unknown>\n#5 0x5632e39593cd <unknown>\n#6 0x5632e397f2a0 <unknown>\n#7 0x5632e3959173 <unknown>\n#8 0x5632e3925d4b <unknown>\n#9 0x5632e39269b1 <unknown>\n#10 0x5632e3e0493b <unknown>\n#11 0x5632e3e0883a <unknown>\n#12 0x5632e3dec692 <unknown>\n#13 0x5632e3e093c4 <unknown>\n#14 0x5632e3dd14cf <unknown>\n#15 0x5632e3e2d568 <unknown>\n#16 0x5632e3e2d746 <unknown>\n#17 0x5632e3e3e5f6 <unknown>\n#18 0x7fc3c5e9caa4 <unknown>\n#19 0x7fc3c5f29c3c <unknown>",
        "time" : {
          "start" : 1749303037492,
          "stop" : 1749303057567,
          "duration" : 20075
        }
      }, {
        "uid" : "43add2104bb54a35",
        "reportUrl" : "https://Brain-up.github.io/auto-tests-python/388//#testresult/43add2104bb54a35",
        "status" : "skipped",
        "statusDetails" : "XFAIL\n\nselenium.common.exceptions.TimeoutException: Message: Can't find element by locator ('xpath', '//a[text()=\"Упражнения\"]')\nStacktrace:\n#0 0x5560d9bc778a <unknown>\n#1 0x5560d966a0a0 <unknown>\n#2 0x5560d96bb9b0 <unknown>\n#3 0x5560d96bbba1 <unknown>\n#4 0x5560d9709ea4 <unknown>\n#5 0x5560d96e13cd <unknown>\n#6 0x5560d97072a0 <unknown>\n#7 0x5560d96e1173 <unknown>\n#8 0x5560d96add4b <unknown>\n#9 0x5560d96ae9b1 <unknown>\n#10 0x5560d9b8c93b <unknown>\n#11 0x5560d9b9083a <unknown>\n#12 0x5560d9b74692 <unknown>\n#13 0x5560d9b913c4 <unknown>\n#14 0x5560d9b594cf <unknown>\n#15 0x5560d9bb5568 <unknown>\n#16 0x5560d9bb5746 <unknown>\n#17 0x5560d9bc65f6 <unknown>\n#18 0x7fd9a249caa4 <unknown>\n#19 0x7fd9a2529c3c <unknown>",
        "time" : {
          "start" : 1749260088491,
          "stop" : 1749260108595,
          "duration" : 20104
        }
      }, {
        "uid" : "a737c09d3164e67f",
        "reportUrl" : "https://Brain-up.github.io/auto-tests-python/590//#testresult/a737c09d3164e67f",
        "status" : "skipped",
        "statusDetails" : "XFAIL\n\nselenium.common.exceptions.TimeoutException: Message: Can't find element by locator ('xpath', '//a[text()=\"Упражнения\"]')\nStacktrace:\n#0 0x55f7f401f78a <unknown>\n#1 0x55f7f3ac20a0 <unknown>\n#2 0x55f7f3b139b0 <unknown>\n#3 0x55f7f3b13ba1 <unknown>\n#4 0x55f7f3b61ea4 <unknown>\n#5 0x55f7f3b393cd <unknown>\n#6 0x55f7f3b5f2a0 <unknown>\n#7 0x55f7f3b39173 <unknown>\n#8 0x55f7f3b05d4b <unknown>\n#9 0x55f7f3b069b1 <unknown>\n#10 0x55f7f3fe493b <unknown>\n#11 0x55f7f3fe883a <unknown>\n#12 0x55f7f3fcc692 <unknown>\n#13 0x55f7f3fe93c4 <unknown>\n#14 0x55f7f3fb14cf <unknown>\n#15 0x55f7f400d568 <unknown>\n#16 0x55f7f400d746 <unknown>\n#17 0x55f7f401e5f6 <unknown>\n#18 0x7f8b89e9caa4 <unknown>\n#19 0x7f8b89f29c3c <unknown>",
        "time" : {
          "start" : 1749213495511,
          "stop" : 1749213515686,
          "duration" : 20175
        }
      }, {
        "uid" : "b7dea42eafebd417",
        "reportUrl" : "https://Brain-up.github.io/auto-tests-python/387//#testresult/b7dea42eafebd417",
        "status" : "skipped",
        "statusDetails" : "XFAIL\n\nselenium.common.exceptions.TimeoutException: Message: Can't find element by locator ('xpath', '//a[text()=\"Упражнения\"]')\nStacktrace:\n#0 0x55b16f19978a <unknown>\n#1 0x55b16ec3c0a0 <unknown>\n#2 0x55b16ec8d9b0 <unknown>\n#3 0x55b16ec8dba1 <unknown>\n#4 0x55b16ecdbea4 <unknown>\n#5 0x55b16ecb33cd <unknown>\n#6 0x55b16ecd92a0 <unknown>\n#7 0x55b16ecb3173 <unknown>\n#8 0x55b16ec7fd4b <unknown>\n#9 0x55b16ec809b1 <unknown>\n#10 0x55b16f15e93b <unknown>\n#11 0x55b16f16283a <unknown>\n#12 0x55b16f146692 <unknown>\n#13 0x55b16f1633c4 <unknown>\n#14 0x55b16f12b4cf <unknown>\n#15 0x55b16f187568 <unknown>\n#16 0x55b16f187746 <unknown>\n#17 0x55b16f1985f6 <unknown>\n#18 0x7fdfb2c9caa4 <unknown>\n#19 0x7fdfb2d29c3c <unknown>",
        "time" : {
          "start" : 1749173440488,
          "stop" : 1749173460565,
          "duration" : 20077
        }
      }, {
        "uid" : "f146bc1e02acb4ae",
        "reportUrl" : "https://Brain-up.github.io/auto-tests-python/589//#testresult/f146bc1e02acb4ae",
        "status" : "skipped",
        "statusDetails" : "XFAIL\n\nselenium.common.exceptions.TimeoutException: Message: Can't find element by locator ('xpath', '//a[text()=\"Упражнения\"]')\nStacktrace:\n#0 0x556253cf678a <unknown>\n#1 0x5562537990a0 <unknown>\n#2 0x5562537ea9b0 <unknown>\n#3 0x5562537eaba1 <unknown>\n#4 0x556253838ea4 <unknown>\n#5 0x5562538103cd <unknown>\n#6 0x5562538362a0 <unknown>\n#7 0x556253810173 <unknown>\n#8 0x5562537dcd4b <unknown>\n#9 0x5562537dd9b1 <unknown>\n#10 0x556253cbb93b <unknown>\n#11 0x556253cbf83a <unknown>\n#12 0x556253ca3692 <unknown>\n#13 0x556253cc03c4 <unknown>\n#14 0x556253c884cf <unknown>\n#15 0x556253ce4568 <unknown>\n#16 0x556253ce4746 <unknown>\n#17 0x556253cf55f6 <unknown>\n#18 0x7fa7d1a9caa4 <unknown>\n#19 0x7fa7d1b29c3c <unknown>",
        "time" : {
          "start" : 1749127476726,
          "stop" : 1749127496799,
          "duration" : 20073
        }
      }, {
        "uid" : "63387417abe6a0c7",
        "reportUrl" : "https://Brain-up.github.io/auto-tests-python/386//#testresult/63387417abe6a0c7",
        "status" : "skipped",
        "statusDetails" : "XFAIL\n\nselenium.common.exceptions.TimeoutException: Message: Can't find element by locator ('xpath', '//a[text()=\"Упражнения\"]')\nStacktrace:\n#0 0x55a88d2bd78a <unknown>\n#1 0x55a88cd600a0 <unknown>\n#2 0x55a88cdb19b0 <unknown>\n#3 0x55a88cdb1ba1 <unknown>\n#4 0x55a88cdffea4 <unknown>\n#5 0x55a88cdd73cd <unknown>\n#6 0x55a88cdfd2a0 <unknown>\n#7 0x55a88cdd7173 <unknown>\n#8 0x55a88cda3d4b <unknown>\n#9 0x55a88cda49b1 <unknown>\n#10 0x55a88d28293b <unknown>\n#11 0x55a88d28683a <unknown>\n#12 0x55a88d26a692 <unknown>\n#13 0x55a88d2873c4 <unknown>\n#14 0x55a88d24f4cf <unknown>\n#15 0x55a88d2ab568 <unknown>\n#16 0x55a88d2ab746 <unknown>\n#17 0x55a88d2bc5f6 <unknown>\n#18 0x7fb9ce09caa4 <unknown>\n#19 0x7fb9ce129c3c <unknown>",
        "time" : {
          "start" : 1749087316446,
          "stop" : 1749087336529,
          "duration" : 20083
        }
      }, {
        "uid" : "7d8ac8aa15ffbaf",
        "reportUrl" : "https://Brain-up.github.io/auto-tests-python/588//#testresult/7d8ac8aa15ffbaf",
        "status" : "skipped",
        "statusDetails" : "XFAIL\n\nselenium.common.exceptions.TimeoutException: Message: Can't find element by locator ('xpath', '//a[text()=\"Упражнения\"]')\nStacktrace:\n#0 0x55dde89f778a <unknown>\n#1 0x55dde849a0a0 <unknown>\n#2 0x55dde84eb9b0 <unknown>\n#3 0x55dde84ebba1 <unknown>\n#4 0x55dde8539ea4 <unknown>\n#5 0x55dde85113cd <unknown>\n#6 0x55dde85372a0 <unknown>\n#7 0x55dde8511173 <unknown>\n#8 0x55dde84ddd4b <unknown>\n#9 0x55dde84de9b1 <unknown>\n#10 0x55dde89bc93b <unknown>\n#11 0x55dde89c083a <unknown>\n#12 0x55dde89a4692 <unknown>\n#13 0x55dde89c13c4 <unknown>\n#14 0x55dde89894cf <unknown>\n#15 0x55dde89e5568 <unknown>\n#16 0x55dde89e5746 <unknown>\n#17 0x55dde89f65f6 <unknown>\n#18 0x7f02ef49caa4 <unknown>\n#19 0x7f02ef529c3c <unknown>",
        "time" : {
          "start" : 1749020940757,
          "stop" : 1749020960833,
          "duration" : 20076
        }
      }, {
        "uid" : "9d67cccaaa53cc82",
        "reportUrl" : "https://Brain-up.github.io/auto-tests-python/385//#testresult/9d67cccaaa53cc82",
        "status" : "skipped",
        "statusDetails" : "XFAIL\n\nselenium.common.exceptions.TimeoutException: Message: Can't find element by locator ('xpath', '//a[text()=\"Упражнения\"]')\nStacktrace:\n#0 0x5615b890678a <unknown>\n#1 0x5615b83a90a0 <unknown>\n#2 0x5615b83fa9b0 <unknown>\n#3 0x5615b83faba1 <unknown>\n#4 0x5615b8448ea4 <unknown>\n#5 0x5615b84203cd <unknown>\n#6 0x5615b84462a0 <unknown>\n#7 0x5615b8420173 <unknown>\n#8 0x5615b83ecd4b <unknown>\n#9 0x5615b83ed9b1 <unknown>\n#10 0x5615b88cb93b <unknown>\n#11 0x5615b88cf83a <unknown>\n#12 0x5615b88b3692 <unknown>\n#13 0x5615b88d03c4 <unknown>\n#14 0x5615b88984cf <unknown>\n#15 0x5615b88f4568 <unknown>\n#16 0x5615b88f4746 <unknown>\n#17 0x5615b89055f6 <unknown>\n#18 0x7f7206c9caa4 <unknown>\n#19 0x7f7206d29c3c <unknown>",
        "time" : {
          "start" : 1749000802091,
          "stop" : 1749000822172,
          "duration" : 20081
        }
      }, {
        "uid" : "d5f9111a8cbb0780",
        "reportUrl" : "https://Brain-up.github.io/auto-tests-python/587//#testresult/d5f9111a8cbb0780",
        "status" : "skipped",
        "statusDetails" : "XFAIL\n\nselenium.common.exceptions.TimeoutException: Message: Can't find element by locator ('xpath', '//a[text()=\"Упражнения\"]')\nStacktrace:\n#0 0x55f311e1478a <unknown>\n#1 0x55f3118b70a0 <unknown>\n#2 0x55f3119089b0 <unknown>\n#3 0x55f311908ba1 <unknown>\n#4 0x55f311956ea4 <unknown>\n#5 0x55f31192e3cd <unknown>\n#6 0x55f3119542a0 <unknown>\n#7 0x55f31192e173 <unknown>\n#8 0x55f3118fad4b <unknown>\n#9 0x55f3118fb9b1 <unknown>\n#10 0x55f311dd993b <unknown>\n#11 0x55f311ddd83a <unknown>\n#12 0x55f311dc1692 <unknown>\n#13 0x55f311dde3c4 <unknown>\n#14 0x55f311da64cf <unknown>\n#15 0x55f311e02568 <unknown>\n#16 0x55f311e02746 <unknown>\n#17 0x55f311e135f6 <unknown>\n#18 0x7f3ced29caa4 <unknown>\n#19 0x7f3ced329c3c <unknown>",
        "time" : {
          "start" : 1748946539110,
          "stop" : 1748946559676,
          "duration" : 20566
        }
      }, {
        "uid" : "c1a418e63848b6df",
        "reportUrl" : "https://Brain-up.github.io/auto-tests-python/384//#testresult/c1a418e63848b6df",
        "status" : "skipped",
        "statusDetails" : "XFAIL\n\nselenium.common.exceptions.TimeoutException: Message: Can't find element by locator ('xpath', '//a[text()=\"Упражнения\"]')\nStacktrace:\n#0 0x55b905be278a <unknown>\n#1 0x55b9056850a0 <unknown>\n#2 0x55b9056d69b0 <unknown>\n#3 0x55b9056d6ba1 <unknown>\n#4 0x55b905724ea4 <unknown>\n#5 0x55b9056fc3cd <unknown>\n#6 0x55b9057222a0 <unknown>\n#7 0x55b9056fc173 <unknown>\n#8 0x55b9056c8d4b <unknown>\n#9 0x55b9056c99b1 <unknown>\n#10 0x55b905ba793b <unknown>\n#11 0x55b905bab83a <unknown>\n#12 0x55b905b8f692 <unknown>\n#13 0x55b905bac3c4 <unknown>\n#14 0x55b905b744cf <unknown>\n#15 0x55b905bd0568 <unknown>\n#16 0x55b905bd0746 <unknown>\n#17 0x55b905be15f6 <unknown>\n#18 0x7f47be29caa4 <unknown>\n#19 0x7f47be329c3c <unknown>",
        "time" : {
          "start" : 1748914308473,
          "stop" : 1748914329045,
          "duration" : 20572
        }
      }, {
        "uid" : "621e5e37ced93bd0",
        "reportUrl" : "https://Brain-up.github.io/auto-tests-python/383//#testresult/621e5e37ced93bd0",
        "status" : "skipped",
        "statusDetails" : "XFAIL\n\nselenium.common.exceptions.TimeoutException: Message: Can't find element by locator ('xpath', '//a[text()=\"Упражнения\"]')\nStacktrace:\n#0 0x55f05632a78a <unknown>\n#1 0x55f055dcd0a0 <unknown>\n#2 0x55f055e1e9b0 <unknown>\n#3 0x55f055e1eba1 <unknown>\n#4 0x55f055e6cea4 <unknown>\n#5 0x55f055e443cd <unknown>\n#6 0x55f055e6a2a0 <unknown>\n#7 0x55f055e44173 <unknown>\n#8 0x55f055e10d4b <unknown>\n#9 0x55f055e119b1 <unknown>\n#10 0x55f0562ef93b <unknown>\n#11 0x55f0562f383a <unknown>\n#12 0x55f0562d7692 <unknown>\n#13 0x55f0562f43c4 <unknown>\n#14 0x55f0562bc4cf <unknown>\n#15 0x55f056318568 <unknown>\n#16 0x55f056318746 <unknown>\n#17 0x55f0563295f6 <unknown>\n#18 0x7f986809caa4 <unknown>\n#19 0x7f9868129c3c <unknown>",
        "time" : {
          "start" : 1748827929651,
          "stop" : 1748827949725,
          "duration" : 20074
        }
      }, {
        "uid" : "d76c0151c643a284",
        "reportUrl" : "https://Brain-up.github.io/auto-tests-python/382//#testresult/d76c0151c643a284",
        "status" : "skipped",
        "statusDetails" : "XFAIL\n\nselenium.common.exceptions.TimeoutException: Message: Can't find element by locator ('xpath', '//a[text()=\"Упражнения\"]')\nStacktrace:\n#0 0x560e9e27a78a <unknown>\n#1 0x560e9dd1d0a0 <unknown>\n#2 0x560e9dd6e9b0 <unknown>\n#3 0x560e9dd6eba1 <unknown>\n#4 0x560e9ddbcea4 <unknown>\n#5 0x560e9dd943cd <unknown>\n#6 0x560e9ddba2a0 <unknown>\n#7 0x560e9dd94173 <unknown>\n#8 0x560e9dd60d4b <unknown>\n#9 0x560e9dd619b1 <unknown>\n#10 0x560e9e23f93b <unknown>\n#11 0x560e9e24383a <unknown>\n#12 0x560e9e227692 <unknown>\n#13 0x560e9e2443c4 <unknown>\n#14 0x560e9e20c4cf <unknown>\n#15 0x560e9e268568 <unknown>\n#16 0x560e9e268746 <unknown>\n#17 0x560e9e2795f6 <unknown>\n#18 0x7f76eca9caa4 <unknown>\n#19 0x7f76ecb29c3c <unknown>",
        "time" : {
          "start" : 1748742093323,
          "stop" : 1748742113422,
          "duration" : 20099
        }
      }, {
        "uid" : "20ca9df3093e2dfb",
        "reportUrl" : "https://Brain-up.github.io/auto-tests-python/586//#testresult/20ca9df3093e2dfb",
        "status" : "skipped",
        "statusDetails" : "XFAIL\n\nselenium.common.exceptions.TimeoutException: Message: Can't find element by locator ('xpath', '//a[text()=\"Упражнения\"]')\nStacktrace:\n#0 0x557315a0c78a <unknown>\n#1 0x5573154af0a0 <unknown>\n#2 0x5573155009b0 <unknown>\n#3 0x557315500ba1 <unknown>\n#4 0x55731554eea4 <unknown>\n#5 0x5573155263cd <unknown>\n#6 0x55731554c2a0 <unknown>\n#7 0x557315526173 <unknown>\n#8 0x5573154f2d4b <unknown>\n#9 0x5573154f39b1 <unknown>\n#10 0x5573159d193b <unknown>\n#11 0x5573159d583a <unknown>\n#12 0x5573159b9692 <unknown>\n#13 0x5573159d63c4 <unknown>\n#14 0x55731599e4cf <unknown>\n#15 0x5573159fa568 <unknown>\n#16 0x5573159fa746 <unknown>\n#17 0x557315a0b5f6 <unknown>\n#18 0x7fa6bc69caa4 <unknown>\n#19 0x7fa6bc729c3c <unknown>",
        "time" : {
          "start" : 1748683162064,
          "stop" : 1748683182136,
          "duration" : 20072
        }
      }, {
        "uid" : "ec46e5fd6bab20ce",
        "reportUrl" : "https://Brain-up.github.io/auto-tests-python/381//#testresult/ec46e5fd6bab20ce",
        "status" : "skipped",
        "statusDetails" : "XFAIL\n\nselenium.common.exceptions.TimeoutException: Message: Can't find element by locator ('xpath', '//a[text()=\"Упражнения\"]')\nStacktrace:\n#0 0x562e10c2478a <unknown>\n#1 0x562e106c70a0 <unknown>\n#2 0x562e107189b0 <unknown>\n#3 0x562e10718ba1 <unknown>\n#4 0x562e10766ea4 <unknown>\n#5 0x562e1073e3cd <unknown>\n#6 0x562e107642a0 <unknown>\n#7 0x562e1073e173 <unknown>\n#8 0x562e1070ad4b <unknown>\n#9 0x562e1070b9b1 <unknown>\n#10 0x562e10be993b <unknown>\n#11 0x562e10bed83a <unknown>\n#12 0x562e10bd1692 <unknown>\n#13 0x562e10bee3c4 <unknown>\n#14 0x562e10bb64cf <unknown>\n#15 0x562e10c12568 <unknown>\n#16 0x562e10c12746 <unknown>\n#17 0x562e10c235f6 <unknown>\n#18 0x7f480b09caa4 <unknown>\n#19 0x7f480b129c3c <unknown>",
        "time" : {
          "start" : 1748655077804,
          "stop" : 1748655097896,
          "duration" : 20092
        }
      }, {
        "uid" : "64d0bc8084d83189",
        "reportUrl" : "https://Brain-up.github.io/auto-tests-python/585//#testresult/64d0bc8084d83189",
        "status" : "skipped",
        "statusDetails" : "XFAIL\n\nselenium.common.exceptions.TimeoutException: Message: Can't find element by locator ('xpath', '//a[text()=\"Упражнения\"]')\nStacktrace:\n#0 0x559b3dc5878a <unknown>\n#1 0x559b3d6fb0a0 <unknown>\n#2 0x559b3d74c9b0 <unknown>\n#3 0x559b3d74cba1 <unknown>\n#4 0x559b3d79aea4 <unknown>\n#5 0x559b3d7723cd <unknown>\n#6 0x559b3d7982a0 <unknown>\n#7 0x559b3d772173 <unknown>\n#8 0x559b3d73ed4b <unknown>\n#9 0x559b3d73f9b1 <unknown>\n#10 0x559b3dc1d93b <unknown>\n#11 0x559b3dc2183a <unknown>\n#12 0x559b3dc05692 <unknown>\n#13 0x559b3dc223c4 <unknown>\n#14 0x559b3dbea4cf <unknown>\n#15 0x559b3dc46568 <unknown>\n#16 0x559b3dc46746 <unknown>\n#17 0x559b3dc575f6 <unknown>\n#18 0x7f2bc9a9caa4 <unknown>\n#19 0x7f2bc9b29c3c <unknown>",
        "time" : {
          "start" : 1748639150573,
          "stop" : 1748639170690,
          "duration" : 20117
        }
      }, {
        "uid" : "27016174d8d3f792",
        "reportUrl" : "https://Brain-up.github.io/auto-tests-python/380//#testresult/27016174d8d3f792",
        "status" : "skipped",
        "statusDetails" : "XFAIL\n\nselenium.common.exceptions.TimeoutException: Message: Can't find element by locator ('xpath', '//a[text()=\"Упражнения\"]')\nStacktrace:\n#0 0x556490edf78a <unknown>\n#1 0x5564909820a0 <unknown>\n#2 0x5564909d39b0 <unknown>\n#3 0x5564909d3ba1 <unknown>\n#4 0x556490a21ea4 <unknown>\n#5 0x5564909f93cd <unknown>\n#6 0x556490a1f2a0 <unknown>\n#7 0x5564909f9173 <unknown>\n#8 0x5564909c5d4b <unknown>\n#9 0x5564909c69b1 <unknown>\n#10 0x556490ea493b <unknown>\n#11 0x556490ea883a <unknown>\n#12 0x556490e8c692 <unknown>\n#13 0x556490ea93c4 <unknown>\n#14 0x556490e714cf <unknown>\n#15 0x556490ecd568 <unknown>\n#16 0x556490ecd746 <unknown>\n#17 0x556490ede5f6 <unknown>\n#18 0x7f983de9caa4 <unknown>\n#19 0x7f983df29c3c <unknown>",
        "time" : {
          "start" : 1748568385196,
          "stop" : 1748568405769,
          "duration" : 20573
        }
      } ]
    },
    "tags" : [ "@pytest.mark.xfail" ]
  },
  "source" : "42e44a1aeee86eb4.json",
  "parameterValues" : [ ]
}