{
  "uid" : "5ffd18966e96cbb1",
  "name" : "Select a random card from \"Similar phrases\" group and compare UI vs BACKEND data",
  "fullName" : "tests.test_speech_exercises_en.TestCardsEN#test_random_cards_in_similar_phrases_en",
  "historyId" : "106afe14e1824ad4b55b346a52794d4b",
  "time" : {
    "start" : 1749666649953,
    "stop" : 1749666670109,
    "duration" : 20156
  },
  "status" : "skipped",
  "statusMessage" : "XFAIL\n\nselenium.common.exceptions.TimeoutException: Message: Can't find element by locator ('xpath', '//button[@data-test-active-link=\"Similar phrases\"]')\nStacktrace:\n#0 0x5623ca2c229a <unknown>\n#1 0x5623c9d2e040 <unknown>\n#2 0x5623c9d7f990 <unknown>\n#3 0x5623c9d7fb81 <unknown>\n#4 0x5623c9dce664 <unknown>\n#5 0x5623c9da56bd <unknown>\n#6 0x5623c9dcbace <unknown>\n#7 0x5623c9da5463 <unknown>\n#8 0x5623c9d71c55 <unknown>\n#9 0x5623c9d728c1 <unknown>\n#10 0x5623ca2871bb <unknown>\n#11 0x5623ca28b0c9 <unknown>\n#12 0x5623ca26fa39 <unknown>\n#13 0x5623ca28bc78 <unknown>\n#14 0x5623ca2546bf <unknown>\n#15 0x5623ca2af948 <unknown>\n#16 0x5623ca2afb26 <unknown>\n#17 0x5623ca2c1176 <unknown>\n#18 0x7f0821e9caa4 <unknown>\n#19 0x7f0821f29c3c <unknown>",
  "statusTrace" : "self = <tests.test_speech_exercises_en.TestCardsEN object at 0x7f6cba4909b0>\ndriver = <selenium.webdriver.chrome.webdriver.WebDriver (session=\"187aa2c9c4c3fb359a3e0a16952af4f5\")>\nspecialist_user_authorized = None\n\n    @pytest.mark.xfail\n    @allure.suite(\"Speech exercises EN.\")\n    @allure.title('Select a random card from \"Similar phrases\" group and compare UI vs BACKEND data')\n    def test_random_cards_in_similar_phrases_en(self, driver, specialist_user_authorized):\n        page = SpeechExercisesPage(driver)\n>       page.select_group(SpeechExercisesPageLocators.SIMILAR_PHRASES_EN)\n\ntests/test_speech_exercises_en.py:57: \n_ _ _ _ _ _ _ _ _ _ _ _ _ _ _ _ _ _ _ _ _ _ _ _ _ _ _ _ _ _ _ _ _ _ _ _ _ _ _ _ \npages/speech_exercises_page_en.py:18: in select_group\n    text_of_the_button = self.element_is_present_and_clickable(selector_for_sub_group)\npages/base_page.py:40: in element_is_present_and_clickable\n    return (Wait(self.driver, self.timeout).until(\n_ _ _ _ _ _ _ _ _ _ _ _ _ _ _ _ _ _ _ _ _ _ _ _ _ _ _ _ _ _ _ _ _ _ _ _ _ _ _ _ \n\nself = <selenium.webdriver.support.wait.WebDriverWait (session=\"187aa2c9c4c3fb359a3e0a16952af4f5\")>\nmethod = <function visibility_of_element_located.<locals>._predicate at 0x7f6cba2fd1c0>\nmessage = 'Can\\'t find element by locator (\\'xpath\\', \\'//button[@data-test-active-link=\"Similar phrases\"]\\')'\n\n    def until(self, method, message: str = \"\"):\n        \"\"\"Calls the method provided with the driver as an argument until the \\\n        return value does not evaluate to ``False``.\n    \n        :param method: callable(WebDriver)\n        :param message: optional message for :exc:`TimeoutException`\n        :returns: the result of the last call to `method`\n        :raises: :exc:`selenium.common.exceptions.TimeoutException` if timeout occurs\n        \"\"\"\n        screen = None\n        stacktrace = None\n    \n        end_time = time.monotonic() + self._timeout\n        while True:\n            try:\n                value = method(self._driver)\n                if value:\n                    return value\n            except self._ignored_exceptions as exc:\n                screen = getattr(exc, \"screen\", None)\n                stacktrace = getattr(exc, \"stacktrace\", None)\n            time.sleep(self._poll)\n            if time.monotonic() > end_time:\n                break\n>       raise TimeoutException(message, screen, stacktrace)\nE       selenium.common.exceptions.TimeoutException: Message: Can't find element by locator ('xpath', '//button[@data-test-active-link=\"Similar phrases\"]')\nE       Stacktrace:\nE       #0 0x5623ca2c229a <unknown>\nE       #1 0x5623c9d2e040 <unknown>\nE       #2 0x5623c9d7f990 <unknown>\nE       #3 0x5623c9d7fb81 <unknown>\nE       #4 0x5623c9dce664 <unknown>\nE       #5 0x5623c9da56bd <unknown>\nE       #6 0x5623c9dcbace <unknown>\nE       #7 0x5623c9da5463 <unknown>\nE       #8 0x5623c9d71c55 <unknown>\nE       #9 0x5623c9d728c1 <unknown>\nE       #10 0x5623ca2871bb <unknown>\nE       #11 0x5623ca28b0c9 <unknown>\nE       #12 0x5623ca26fa39 <unknown>\nE       #13 0x5623ca28bc78 <unknown>\nE       #14 0x5623ca2546bf <unknown>\nE       #15 0x5623ca2af948 <unknown>\nE       #16 0x5623ca2afb26 <unknown>\nE       #17 0x5623ca2c1176 <unknown>\nE       #18 0x7f0821e9caa4 <unknown>\nE       #19 0x7f0821f29c3c <unknown>\n\n/opt/hostedtoolcache/Python/3.12.10/x64/lib/python3.12/site-packages/selenium/webdriver/support/wait.py:95: TimeoutException",
  "flaky" : false,
  "newFailed" : false,
  "beforeStages" : [ {
    "name" : "driver",
    "time" : {
      "start" : 1749666642423,
      "stop" : 1749666643280,
      "duration" : 857
    },
    "status" : "passed",
    "steps" : [ ],
    "attachments" : [ ],
    "parameters" : [ ],
    "stepsCount" : 0,
    "attachmentsCount" : 0,
    "shouldDisplayMessage" : false,
    "hasContent" : false
  }, {
    "name" : "clear_allure_results_folder",
    "time" : {
      "start" : 1749665218776,
      "stop" : 1749665218776,
      "duration" : 0
    },
    "status" : "passed",
    "steps" : [ ],
    "attachments" : [ ],
    "parameters" : [ ],
    "stepsCount" : 0,
    "attachmentsCount" : 0,
    "shouldDisplayMessage" : false,
    "hasContent" : false
  }, {
    "name" : "main_page_open",
    "time" : {
      "start" : 1749666643280,
      "stop" : 1749666646464,
      "duration" : 3184
    },
    "status" : "passed",
    "steps" : [ {
      "name" : "Open page: https://www.brainup.site/",
      "time" : {
        "start" : 1749666643280,
        "stop" : 1749666646464,
        "duration" : 3184
      },
      "status" : "passed",
      "steps" : [ ],
      "attachments" : [ ],
      "parameters" : [ {
        "name" : "driver",
        "value" : "<selenium.webdriver.chrome.webdriver.WebDriver (session=\"187aa2c9c4c3fb359a3e0a16952af4f5\")>"
      } ],
      "stepsCount" : 0,
      "attachmentsCount" : 0,
      "shouldDisplayMessage" : false,
      "hasContent" : true
    } ],
    "attachments" : [ ],
    "parameters" : [ ],
    "stepsCount" : 1,
    "attachmentsCount" : 0,
    "shouldDisplayMessage" : false,
    "hasContent" : true
  }, {
    "name" : "specialist_user_authorized",
    "time" : {
      "start" : 1749666646464,
      "stop" : 1749666649952,
      "duration" : 3488
    },
    "status" : "passed",
    "steps" : [ {
      "name" : "USER specialist authorized",
      "time" : {
        "start" : 1749666646464,
        "stop" : 1749666649952,
        "duration" : 3488
      },
      "status" : "passed",
      "steps" : [ {
        "name" : "Check url is present: https://www.brainup.site/groups",
        "time" : {
          "start" : 1749666646903,
          "stop" : 1749666649929,
          "duration" : 3026
        },
        "status" : "passed",
        "steps" : [ ],
        "attachments" : [ ],
        "parameters" : [ ],
        "stepsCount" : 0,
        "attachmentsCount" : 0,
        "shouldDisplayMessage" : false,
        "hasContent" : false
      }, {
        "name" : "Loader checking",
        "time" : {
          "start" : 1749666649929,
          "stop" : 1749666649952,
          "duration" : 23
        },
        "status" : "passed",
        "steps" : [ ],
        "attachments" : [ ],
        "parameters" : [ ],
        "stepsCount" : 0,
        "attachmentsCount" : 0,
        "shouldDisplayMessage" : false,
        "hasContent" : false
      } ],
      "attachments" : [ ],
      "parameters" : [ {
        "name" : "driver",
        "value" : "<selenium.webdriver.chrome.webdriver.WebDriver (session=\"187aa2c9c4c3fb359a3e0a16952af4f5\")>"
      }, {
        "name" : "main_page_open",
        "value" : "None"
      } ],
      "stepsCount" : 2,
      "attachmentsCount" : 0,
      "shouldDisplayMessage" : false,
      "hasContent" : true
    } ],
    "attachments" : [ ],
    "parameters" : [ ],
    "stepsCount" : 3,
    "attachmentsCount" : 0,
    "shouldDisplayMessage" : false,
    "hasContent" : true
  } ],
  "testStage" : {
    "status" : "skipped",
    "statusMessage" : "XFAIL\n\nselenium.common.exceptions.TimeoutException: Message: Can't find element by locator ('xpath', '//button[@data-test-active-link=\"Similar phrases\"]')\nStacktrace:\n#0 0x5623ca2c229a <unknown>\n#1 0x5623c9d2e040 <unknown>\n#2 0x5623c9d7f990 <unknown>\n#3 0x5623c9d7fb81 <unknown>\n#4 0x5623c9dce664 <unknown>\n#5 0x5623c9da56bd <unknown>\n#6 0x5623c9dcbace <unknown>\n#7 0x5623c9da5463 <unknown>\n#8 0x5623c9d71c55 <unknown>\n#9 0x5623c9d728c1 <unknown>\n#10 0x5623ca2871bb <unknown>\n#11 0x5623ca28b0c9 <unknown>\n#12 0x5623ca26fa39 <unknown>\n#13 0x5623ca28bc78 <unknown>\n#14 0x5623ca2546bf <unknown>\n#15 0x5623ca2af948 <unknown>\n#16 0x5623ca2afb26 <unknown>\n#17 0x5623ca2c1176 <unknown>\n#18 0x7f0821e9caa4 <unknown>\n#19 0x7f0821f29c3c <unknown>",
    "statusTrace" : "self = <tests.test_speech_exercises_en.TestCardsEN object at 0x7f6cba4909b0>\ndriver = <selenium.webdriver.chrome.webdriver.WebDriver (session=\"187aa2c9c4c3fb359a3e0a16952af4f5\")>\nspecialist_user_authorized = None\n\n    @pytest.mark.xfail\n    @allure.suite(\"Speech exercises EN.\")\n    @allure.title('Select a random card from \"Similar phrases\" group and compare UI vs BACKEND data')\n    def test_random_cards_in_similar_phrases_en(self, driver, specialist_user_authorized):\n        page = SpeechExercisesPage(driver)\n>       page.select_group(SpeechExercisesPageLocators.SIMILAR_PHRASES_EN)\n\ntests/test_speech_exercises_en.py:57: \n_ _ _ _ _ _ _ _ _ _ _ _ _ _ _ _ _ _ _ _ _ _ _ _ _ _ _ _ _ _ _ _ _ _ _ _ _ _ _ _ \npages/speech_exercises_page_en.py:18: in select_group\n    text_of_the_button = self.element_is_present_and_clickable(selector_for_sub_group)\npages/base_page.py:40: in element_is_present_and_clickable\n    return (Wait(self.driver, self.timeout).until(\n_ _ _ _ _ _ _ _ _ _ _ _ _ _ _ _ _ _ _ _ _ _ _ _ _ _ _ _ _ _ _ _ _ _ _ _ _ _ _ _ \n\nself = <selenium.webdriver.support.wait.WebDriverWait (session=\"187aa2c9c4c3fb359a3e0a16952af4f5\")>\nmethod = <function visibility_of_element_located.<locals>._predicate at 0x7f6cba2fd1c0>\nmessage = 'Can\\'t find element by locator (\\'xpath\\', \\'//button[@data-test-active-link=\"Similar phrases\"]\\')'\n\n    def until(self, method, message: str = \"\"):\n        \"\"\"Calls the method provided with the driver as an argument until the \\\n        return value does not evaluate to ``False``.\n    \n        :param method: callable(WebDriver)\n        :param message: optional message for :exc:`TimeoutException`\n        :returns: the result of the last call to `method`\n        :raises: :exc:`selenium.common.exceptions.TimeoutException` if timeout occurs\n        \"\"\"\n        screen = None\n        stacktrace = None\n    \n        end_time = time.monotonic() + self._timeout\n        while True:\n            try:\n                value = method(self._driver)\n                if value:\n                    return value\n            except self._ignored_exceptions as exc:\n                screen = getattr(exc, \"screen\", None)\n                stacktrace = getattr(exc, \"stacktrace\", None)\n            time.sleep(self._poll)\n            if time.monotonic() > end_time:\n                break\n>       raise TimeoutException(message, screen, stacktrace)\nE       selenium.common.exceptions.TimeoutException: Message: Can't find element by locator ('xpath', '//button[@data-test-active-link=\"Similar phrases\"]')\nE       Stacktrace:\nE       #0 0x5623ca2c229a <unknown>\nE       #1 0x5623c9d2e040 <unknown>\nE       #2 0x5623c9d7f990 <unknown>\nE       #3 0x5623c9d7fb81 <unknown>\nE       #4 0x5623c9dce664 <unknown>\nE       #5 0x5623c9da56bd <unknown>\nE       #6 0x5623c9dcbace <unknown>\nE       #7 0x5623c9da5463 <unknown>\nE       #8 0x5623c9d71c55 <unknown>\nE       #9 0x5623c9d728c1 <unknown>\nE       #10 0x5623ca2871bb <unknown>\nE       #11 0x5623ca28b0c9 <unknown>\nE       #12 0x5623ca26fa39 <unknown>\nE       #13 0x5623ca28bc78 <unknown>\nE       #14 0x5623ca2546bf <unknown>\nE       #15 0x5623ca2af948 <unknown>\nE       #16 0x5623ca2afb26 <unknown>\nE       #17 0x5623ca2c1176 <unknown>\nE       #18 0x7f0821e9caa4 <unknown>\nE       #19 0x7f0821f29c3c <unknown>\n\n/opt/hostedtoolcache/Python/3.12.10/x64/lib/python3.12/site-packages/selenium/webdriver/support/wait.py:95: TimeoutException",
    "steps" : [ {
      "name" : "select_group",
      "time" : {
        "start" : 1749666649953,
        "stop" : 1749666670109,
        "duration" : 20156
      },
      "status" : "broken",
      "statusMessage" : "selenium.common.exceptions.TimeoutException: Message: Can't find element by locator ('xpath', '//button[@data-test-active-link=\"Similar phrases\"]')\nStacktrace:\n#0 0x5623ca2c229a <unknown>\n#1 0x5623c9d2e040 <unknown>\n#2 0x5623c9d7f990 <unknown>\n#3 0x5623c9d7fb81 <unknown>\n#4 0x5623c9dce664 <unknown>\n#5 0x5623c9da56bd <unknown>\n#6 0x5623c9dcbace <unknown>\n#7 0x5623c9da5463 <unknown>\n#8 0x5623c9d71c55 <unknown>\n#9 0x5623c9d728c1 <unknown>\n#10 0x5623ca2871bb <unknown>\n#11 0x5623ca28b0c9 <unknown>\n#12 0x5623ca26fa39 <unknown>\n#13 0x5623ca28bc78 <unknown>\n#14 0x5623ca2546bf <unknown>\n#15 0x5623ca2af948 <unknown>\n#16 0x5623ca2afb26 <unknown>\n#17 0x5623ca2c1176 <unknown>\n#18 0x7f0821e9caa4 <unknown>\n#19 0x7f0821f29c3c <unknown>\n\n",
      "statusTrace" : "  File \"/opt/hostedtoolcache/Python/3.12.10/x64/lib/python3.12/site-packages/allure_commons/_allure.py\", line 192, in impl\n    return func(*a, **kw)\n           ^^^^^^^^^^^^^^\n  File \"/home/runner/work/auto-tests-python/auto-tests-python/pages/speech_exercises_page_en.py\", line 18, in select_group\n    text_of_the_button = self.element_is_present_and_clickable(selector_for_sub_group)\n                         ^^^^^^^^^^^^^^^^^^^^^^^^^^^^^^^^^^^^^^^^^^^^^^^^^^^^^^^^^^^^^\n  File \"/home/runner/work/auto-tests-python/auto-tests-python/pages/base_page.py\", line 40, in element_is_present_and_clickable\n    return (Wait(self.driver, self.timeout).until(\n            ^^^^^^^^^^^^^^^^^^^^^^^^^^^^^^^^^^^^^^\n  File \"/opt/hostedtoolcache/Python/3.12.10/x64/lib/python3.12/site-packages/selenium/webdriver/support/wait.py\", line 95, in until\n    raise TimeoutException(message, screen, stacktrace)\n",
      "steps" : [ {
        "name" : "Select Russian language. Click \"EN\" button.",
        "time" : {
          "start" : 1749666649953,
          "stop" : 1749666650030,
          "duration" : 77
        },
        "status" : "passed",
        "steps" : [ ],
        "attachments" : [ ],
        "parameters" : [ ],
        "stepsCount" : 0,
        "attachmentsCount" : 0,
        "shouldDisplayMessage" : false,
        "hasContent" : false
      }, {
        "name" : "Click button \"SPEECH EXERCISES\".",
        "time" : {
          "start" : 1749666650030,
          "stop" : 1749666650107,
          "duration" : 77
        },
        "status" : "passed",
        "steps" : [ ],
        "attachments" : [ ],
        "parameters" : [ ],
        "stepsCount" : 0,
        "attachmentsCount" : 0,
        "shouldDisplayMessage" : false,
        "hasContent" : false
      } ],
      "attachments" : [ ],
      "parameters" : [ {
        "name" : "selector_for_sub_group",
        "value" : "('xpath', '//button[@data-test-active-link=\"Similar phrases\"]')"
      } ],
      "stepsCount" : 2,
      "attachmentsCount" : 0,
      "shouldDisplayMessage" : true,
      "hasContent" : true
    } ],
    "attachments" : [ ],
    "parameters" : [ ],
    "stepsCount" : 3,
    "attachmentsCount" : 0,
    "shouldDisplayMessage" : true,
    "hasContent" : true
  },
  "afterStages" : [ {
    "name" : "driver::0",
    "time" : {
      "start" : 1749666670120,
      "stop" : 1749666670188,
      "duration" : 68
    },
    "status" : "passed",
    "steps" : [ ],
    "attachments" : [ ],
    "parameters" : [ ],
    "stepsCount" : 0,
    "attachmentsCount" : 0,
    "shouldDisplayMessage" : false,
    "hasContent" : false
  } ],
  "labels" : [ {
    "name" : "suite",
    "value" : "Speech exercises EN."
  }, {
    "name" : "epic",
    "value" : "Speech exercises."
  }, {
    "name" : "tag",
    "value" : "@pytest.mark.xfail"
  }, {
    "name" : "parentSuite",
    "value" : "tests"
  }, {
    "name" : "subSuite",
    "value" : "TestCardsEN"
  }, {
    "name" : "host",
    "value" : "pkrvmxyh4eaekms"
  }, {
    "name" : "thread",
    "value" : "2518-MainThread"
  }, {
    "name" : "framework",
    "value" : "pytest"
  }, {
    "name" : "language",
    "value" : "cpython3"
  }, {
    "name" : "package",
    "value" : "tests.test_speech_exercises_en"
  }, {
    "name" : "resultFormat",
    "value" : "allure2"
  } ],
  "parameters" : [ ],
  "links" : [ ],
  "hidden" : false,
  "retry" : false,
  "extra" : {
    "severity" : "normal",
    "retries" : [ ],
    "categories" : [ ],
    "history" : {
      "statistic" : {
        "failed" : 0,
        "broken" : 0,
        "skipped" : 206,
        "passed" : 1,
        "unknown" : 0,
        "total" : 207
      },
      "items" : [ {
        "uid" : "ea2bfe24e9dc1b6c",
        "reportUrl" : "https://Brain-up.github.io/auto-tests-python/392//#testresult/ea2bfe24e9dc1b6c",
        "status" : "skipped",
        "statusDetails" : "XFAIL\n\nselenium.common.exceptions.TimeoutException: Message: Can't find element by locator ('xpath', '//button[@data-test-active-link=\"Similar phrases\"]')\nStacktrace:\n#0 0x557505b4029a <unknown>\n#1 0x5575055ac040 <unknown>\n#2 0x5575055fd990 <unknown>\n#3 0x5575055fdb81 <unknown>\n#4 0x55750564c664 <unknown>\n#5 0x5575056236bd <unknown>\n#6 0x557505649ace <unknown>\n#7 0x557505623463 <unknown>\n#8 0x5575055efc55 <unknown>\n#9 0x5575055f08c1 <unknown>\n#10 0x557505b051bb <unknown>\n#11 0x557505b090c9 <unknown>\n#12 0x557505aeda39 <unknown>\n#13 0x557505b09c78 <unknown>\n#14 0x557505ad26bf <unknown>\n#15 0x557505b2d948 <unknown>\n#16 0x557505b2db26 <unknown>\n#17 0x557505b3f176 <unknown>\n#18 0x7f291c69caa4 <unknown>\n#19 0x7f291c729c3c <unknown>",
        "time" : {
          "start" : 1749605364749,
          "stop" : 1749605384912,
          "duration" : 20163
        }
      }, {
        "uid" : "842160646dfc39a6",
        "reportUrl" : "https://Brain-up.github.io/auto-tests-python/594//#testresult/842160646dfc39a6",
        "status" : "skipped",
        "statusDetails" : "XFAIL\n\nselenium.common.exceptions.TimeoutException: Message: Can't find element by locator ('xpath', '//button[@data-test-active-link=\"Similar phrases\"]')\nStacktrace:\n#0 0x5580bb75029a <unknown>\n#1 0x5580bb1bc040 <unknown>\n#2 0x5580bb20d990 <unknown>\n#3 0x5580bb20db81 <unknown>\n#4 0x5580bb25c664 <unknown>\n#5 0x5580bb2336bd <unknown>\n#6 0x5580bb259ace <unknown>\n#7 0x5580bb233463 <unknown>\n#8 0x5580bb1ffc55 <unknown>\n#9 0x5580bb2008c1 <unknown>\n#10 0x5580bb7151bb <unknown>\n#11 0x5580bb7190c9 <unknown>\n#12 0x5580bb6fda39 <unknown>\n#13 0x5580bb719c78 <unknown>\n#14 0x5580bb6e26bf <unknown>\n#15 0x5580bb73d948 <unknown>\n#16 0x5580bb73db26 <unknown>\n#17 0x5580bb74f176 <unknown>\n#18 0x7f5fc8a9caa4 <unknown>\n#19 0x7f5fc8b29c3c <unknown>",
        "time" : {
          "start" : 1749581640122,
          "stop" : 1749581660362,
          "duration" : 20240
        }
      }, {
        "uid" : "3a530f0636fc3258",
        "reportUrl" : "https://Brain-up.github.io/auto-tests-python/391//#testresult/3a530f0636fc3258",
        "status" : "skipped",
        "statusDetails" : "XFAIL\n\nselenium.common.exceptions.TimeoutException: Message: Can't find element by locator ('xpath', '//button[@data-test-active-link=\"Similar phrases\"]')\nStacktrace:\n#0 0x5625487a678a <unknown>\n#1 0x5625482490a0 <unknown>\n#2 0x56254829a9b0 <unknown>\n#3 0x56254829aba1 <unknown>\n#4 0x5625482e8ea4 <unknown>\n#5 0x5625482c03cd <unknown>\n#6 0x5625482e62a0 <unknown>\n#7 0x5625482c0173 <unknown>\n#8 0x56254828cd4b <unknown>\n#9 0x56254828d9b1 <unknown>\n#10 0x56254876b93b <unknown>\n#11 0x56254876f83a <unknown>\n#12 0x562548753692 <unknown>\n#13 0x5625487703c4 <unknown>\n#14 0x5625487384cf <unknown>\n#15 0x562548794568 <unknown>\n#16 0x562548794746 <unknown>\n#17 0x5625487a55f6 <unknown>\n#18 0x7f9bb509caa4 <unknown>\n#19 0x7f9bb5129c3c <unknown>",
        "time" : {
          "start" : 1749519101045,
          "stop" : 1749519121669,
          "duration" : 20624
        }
      }, {
        "uid" : "1c944659fa1aa8c7",
        "reportUrl" : "https://Brain-up.github.io/auto-tests-python/593//#testresult/1c944659fa1aa8c7",
        "status" : "skipped",
        "statusDetails" : "XFAIL\n\nselenium.common.exceptions.TimeoutException: Message: Can't find element by locator ('xpath', '//button[@data-test-active-link=\"Similar phrases\"]')\nStacktrace:\n#0 0x56057cd7578a <unknown>\n#1 0x56057c8180a0 <unknown>\n#2 0x56057c8699b0 <unknown>\n#3 0x56057c869ba1 <unknown>\n#4 0x56057c8b7ea4 <unknown>\n#5 0x56057c88f3cd <unknown>\n#6 0x56057c8b52a0 <unknown>\n#7 0x56057c88f173 <unknown>\n#8 0x56057c85bd4b <unknown>\n#9 0x56057c85c9b1 <unknown>\n#10 0x56057cd3a93b <unknown>\n#11 0x56057cd3e83a <unknown>\n#12 0x56057cd22692 <unknown>\n#13 0x56057cd3f3c4 <unknown>\n#14 0x56057cd074cf <unknown>\n#15 0x56057cd63568 <unknown>\n#16 0x56057cd63746 <unknown>\n#17 0x56057cd745f6 <unknown>\n#18 0x7fec4f69caa4 <unknown>\n#19 0x7fec4f729c3c <unknown>",
        "time" : {
          "start" : 1749479636053,
          "stop" : 1749479656714,
          "duration" : 20661
        }
      }, {
        "uid" : "7f798de385029a3a",
        "reportUrl" : "https://Brain-up.github.io/auto-tests-python/390//#testresult/7f798de385029a3a",
        "status" : "skipped",
        "statusDetails" : "XFAIL\n\nselenium.common.exceptions.TimeoutException: Message: Can't find element by locator ('xpath', '//button[@data-test-active-link=\"Similar phrases\"]')\nStacktrace:\n#0 0x565252d2478a <unknown>\n#1 0x5652527c70a0 <unknown>\n#2 0x5652528189b0 <unknown>\n#3 0x565252818ba1 <unknown>\n#4 0x565252866ea4 <unknown>\n#5 0x56525283e3cd <unknown>\n#6 0x5652528642a0 <unknown>\n#7 0x56525283e173 <unknown>\n#8 0x56525280ad4b <unknown>\n#9 0x56525280b9b1 <unknown>\n#10 0x565252ce993b <unknown>\n#11 0x565252ced83a <unknown>\n#12 0x565252cd1692 <unknown>\n#13 0x565252cee3c4 <unknown>\n#14 0x565252cb64cf <unknown>\n#15 0x565252d12568 <unknown>\n#16 0x565252d12746 <unknown>\n#17 0x565252d235f6 <unknown>\n#18 0x7fb452e9caa4 <unknown>\n#19 0x7fb452f29c3c <unknown>",
        "time" : {
          "start" : 1749432722045,
          "stop" : 1749432742245,
          "duration" : 20200
        }
      }, {
        "uid" : "bfac411bb227ba71",
        "reportUrl" : "https://Brain-up.github.io/auto-tests-python/592//#testresult/bfac411bb227ba71",
        "status" : "skipped",
        "statusDetails" : "XFAIL\n\nselenium.common.exceptions.TimeoutException: Message: Can't find element by locator ('xpath', '//button[@data-test-active-link=\"Similar phrases\"]')\nStacktrace:\n#0 0x55f27ac1f78a <unknown>\n#1 0x55f27a6c20a0 <unknown>\n#2 0x55f27a7139b0 <unknown>\n#3 0x55f27a713ba1 <unknown>\n#4 0x55f27a761ea4 <unknown>\n#5 0x55f27a7393cd <unknown>\n#6 0x55f27a75f2a0 <unknown>\n#7 0x55f27a739173 <unknown>\n#8 0x55f27a705d4b <unknown>\n#9 0x55f27a7069b1 <unknown>\n#10 0x55f27abe493b <unknown>\n#11 0x55f27abe883a <unknown>\n#12 0x55f27abcc692 <unknown>\n#13 0x55f27abe93c4 <unknown>\n#14 0x55f27abb14cf <unknown>\n#15 0x55f27ac0d568 <unknown>\n#16 0x55f27ac0d746 <unknown>\n#17 0x55f27ac1e5f6 <unknown>\n#18 0x7fa96789caa4 <unknown>\n#19 0x7fa967929c3c <unknown>",
        "time" : {
          "start" : 1749362991869,
          "stop" : 1749363012513,
          "duration" : 20644
        }
      }, {
        "uid" : "3644674a5cf7d784",
        "reportUrl" : "https://Brain-up.github.io/auto-tests-python/389//#testresult/3644674a5cf7d784",
        "status" : "skipped",
        "statusDetails" : "XFAIL\n\nselenium.common.exceptions.TimeoutException: Message: Can't find element by locator ('xpath', '//button[@data-test-active-link=\"Similar phrases\"]')\nStacktrace:\n#0 0x56502597178a <unknown>\n#1 0x5650254140a0 <unknown>\n#2 0x5650254659b0 <unknown>\n#3 0x565025465ba1 <unknown>\n#4 0x5650254b3ea4 <unknown>\n#5 0x56502548b3cd <unknown>\n#6 0x5650254b12a0 <unknown>\n#7 0x56502548b173 <unknown>\n#8 0x565025457d4b <unknown>\n#9 0x5650254589b1 <unknown>\n#10 0x56502593693b <unknown>\n#11 0x56502593a83a <unknown>\n#12 0x56502591e692 <unknown>\n#13 0x56502593b3c4 <unknown>\n#14 0x5650259034cf <unknown>\n#15 0x56502595f568 <unknown>\n#16 0x56502595f746 <unknown>\n#17 0x5650259705f6 <unknown>\n#18 0x7f261489caa4 <unknown>\n#19 0x7f2614929c3c <unknown>",
        "time" : {
          "start" : 1749346473712,
          "stop" : 1749346493882,
          "duration" : 20170
        }
      }, {
        "uid" : "e3c13548f2e2ff0d",
        "reportUrl" : "https://Brain-up.github.io/auto-tests-python/591//#testresult/e3c13548f2e2ff0d",
        "status" : "skipped",
        "statusDetails" : "XFAIL\n\nselenium.common.exceptions.TimeoutException: Message: Can't find element by locator ('xpath', '//button[@data-test-active-link=\"Similar phrases\"]')\nStacktrace:\n#0 0x55fdc0e2578a <unknown>\n#1 0x55fdc08c80a0 <unknown>\n#2 0x55fdc09199b0 <unknown>\n#3 0x55fdc0919ba1 <unknown>\n#4 0x55fdc0967ea4 <unknown>\n#5 0x55fdc093f3cd <unknown>\n#6 0x55fdc09652a0 <unknown>\n#7 0x55fdc093f173 <unknown>\n#8 0x55fdc090bd4b <unknown>\n#9 0x55fdc090c9b1 <unknown>\n#10 0x55fdc0dea93b <unknown>\n#11 0x55fdc0dee83a <unknown>\n#12 0x55fdc0dd2692 <unknown>\n#13 0x55fdc0def3c4 <unknown>\n#14 0x55fdc0db74cf <unknown>\n#15 0x55fdc0e13568 <unknown>\n#16 0x55fdc0e13746 <unknown>\n#17 0x55fdc0e245f6 <unknown>\n#18 0x7f296a09caa4 <unknown>\n#19 0x7f296a129c3c <unknown>",
        "time" : {
          "start" : 1749302879997,
          "stop" : 1749302900177,
          "duration" : 20180
        }
      }, {
        "uid" : "cd347e8cd473090c",
        "reportUrl" : "https://Brain-up.github.io/auto-tests-python/388//#testresult/cd347e8cd473090c",
        "status" : "skipped",
        "statusDetails" : "XFAIL\n\nselenium.common.exceptions.TimeoutException: Message: Can't find element by locator ('xpath', '//button[@data-test-active-link=\"Similar phrases\"]')\nStacktrace:\n#0 0x562ff1fc078a <unknown>\n#1 0x562ff1a630a0 <unknown>\n#2 0x562ff1ab49b0 <unknown>\n#3 0x562ff1ab4ba1 <unknown>\n#4 0x562ff1b02ea4 <unknown>\n#5 0x562ff1ada3cd <unknown>\n#6 0x562ff1b002a0 <unknown>\n#7 0x562ff1ada173 <unknown>\n#8 0x562ff1aa6d4b <unknown>\n#9 0x562ff1aa79b1 <unknown>\n#10 0x562ff1f8593b <unknown>\n#11 0x562ff1f8983a <unknown>\n#12 0x562ff1f6d692 <unknown>\n#13 0x562ff1f8a3c4 <unknown>\n#14 0x562ff1f524cf <unknown>\n#15 0x562ff1fae568 <unknown>\n#16 0x562ff1fae746 <unknown>\n#17 0x562ff1fbf5f6 <unknown>\n#18 0x7fd6a289caa4 <unknown>\n#19 0x7fd6a2929c3c <unknown>",
        "time" : {
          "start" : 1749259912990,
          "stop" : 1749259933645,
          "duration" : 20655
        }
      }, {
        "uid" : "25486710f3cf20d9",
        "reportUrl" : "https://Brain-up.github.io/auto-tests-python/590//#testresult/25486710f3cf20d9",
        "status" : "skipped",
        "statusDetails" : "XFAIL\n\nselenium.common.exceptions.TimeoutException: Message: Can't find element by locator ('xpath', '//button[@data-test-active-link=\"Similar phrases\"]')\nStacktrace:\n#0 0x55d5c9b8278a <unknown>\n#1 0x55d5c96250a0 <unknown>\n#2 0x55d5c96769b0 <unknown>\n#3 0x55d5c9676ba1 <unknown>\n#4 0x55d5c96c4ea4 <unknown>\n#5 0x55d5c969c3cd <unknown>\n#6 0x55d5c96c22a0 <unknown>\n#7 0x55d5c969c173 <unknown>\n#8 0x55d5c9668d4b <unknown>\n#9 0x55d5c96699b1 <unknown>\n#10 0x55d5c9b4793b <unknown>\n#11 0x55d5c9b4b83a <unknown>\n#12 0x55d5c9b2f692 <unknown>\n#13 0x55d5c9b4c3c4 <unknown>\n#14 0x55d5c9b144cf <unknown>\n#15 0x55d5c9b70568 <unknown>\n#16 0x55d5c9b70746 <unknown>\n#17 0x55d5c9b815f6 <unknown>\n#18 0x7f6bbca9caa4 <unknown>\n#19 0x7f6bbcb29c3c <unknown>",
        "time" : {
          "start" : 1749212923230,
          "stop" : 1749212943879,
          "duration" : 20649
        }
      }, {
        "uid" : "7d89ac70e6fe600",
        "reportUrl" : "https://Brain-up.github.io/auto-tests-python/387//#testresult/7d89ac70e6fe600",
        "status" : "skipped",
        "statusDetails" : "XFAIL\n\nselenium.common.exceptions.TimeoutException: Message: Can't find element by locator ('xpath', '//button[@data-test-active-link=\"Similar phrases\"]')\nStacktrace:\n#0 0x555939ef878a <unknown>\n#1 0x55593999b0a0 <unknown>\n#2 0x5559399ec9b0 <unknown>\n#3 0x5559399ecba1 <unknown>\n#4 0x555939a3aea4 <unknown>\n#5 0x555939a123cd <unknown>\n#6 0x555939a382a0 <unknown>\n#7 0x555939a12173 <unknown>\n#8 0x5559399ded4b <unknown>\n#9 0x5559399df9b1 <unknown>\n#10 0x555939ebd93b <unknown>\n#11 0x555939ec183a <unknown>\n#12 0x555939ea5692 <unknown>\n#13 0x555939ec23c4 <unknown>\n#14 0x555939e8a4cf <unknown>\n#15 0x555939ee6568 <unknown>\n#16 0x555939ee6746 <unknown>\n#17 0x555939ef75f6 <unknown>\n#18 0x7f2ff889caa4 <unknown>\n#19 0x7f2ff8929c3c <unknown>",
        "time" : {
          "start" : 1749173284165,
          "stop" : 1749173304369,
          "duration" : 20204
        }
      }, {
        "uid" : "e20185914d9d82fe",
        "reportUrl" : "https://Brain-up.github.io/auto-tests-python/589//#testresult/e20185914d9d82fe",
        "status" : "skipped",
        "statusDetails" : "XFAIL\n\nselenium.common.exceptions.TimeoutException: Message: Can't find element by locator ('xpath', '//button[@data-test-active-link=\"Similar phrases\"]')\nStacktrace:\n#0 0x55c44026578a <unknown>\n#1 0x55c43fd080a0 <unknown>\n#2 0x55c43fd599b0 <unknown>\n#3 0x55c43fd59ba1 <unknown>\n#4 0x55c43fda7ea4 <unknown>\n#5 0x55c43fd7f3cd <unknown>\n#6 0x55c43fda52a0 <unknown>\n#7 0x55c43fd7f173 <unknown>\n#8 0x55c43fd4bd4b <unknown>\n#9 0x55c43fd4c9b1 <unknown>\n#10 0x55c44022a93b <unknown>\n#11 0x55c44022e83a <unknown>\n#12 0x55c440212692 <unknown>\n#13 0x55c44022f3c4 <unknown>\n#14 0x55c4401f74cf <unknown>\n#15 0x55c440253568 <unknown>\n#16 0x55c440253746 <unknown>\n#17 0x55c4402645f6 <unknown>\n#18 0x7fb5c409caa4 <unknown>\n#19 0x7fb5c4129c3c <unknown>",
        "time" : {
          "start" : 1749127316550,
          "stop" : 1749127336706,
          "duration" : 20156
        }
      }, {
        "uid" : "f6f5f889c26f2c53",
        "reportUrl" : "https://Brain-up.github.io/auto-tests-python/386//#testresult/f6f5f889c26f2c53",
        "status" : "skipped",
        "statusDetails" : "XFAIL\n\nselenium.common.exceptions.TimeoutException: Message: Can't find element by locator ('xpath', '//button[@data-test-active-link=\"Similar phrases\"]')\nStacktrace:\n#0 0x561764f5478a <unknown>\n#1 0x5617649f70a0 <unknown>\n#2 0x561764a489b0 <unknown>\n#3 0x561764a48ba1 <unknown>\n#4 0x561764a96ea4 <unknown>\n#5 0x561764a6e3cd <unknown>\n#6 0x561764a942a0 <unknown>\n#7 0x561764a6e173 <unknown>\n#8 0x561764a3ad4b <unknown>\n#9 0x561764a3b9b1 <unknown>\n#10 0x561764f1993b <unknown>\n#11 0x561764f1d83a <unknown>\n#12 0x561764f01692 <unknown>\n#13 0x561764f1e3c4 <unknown>\n#14 0x561764ee64cf <unknown>\n#15 0x561764f42568 <unknown>\n#16 0x561764f42746 <unknown>\n#17 0x561764f535f6 <unknown>\n#18 0x7f28caa9caa4 <unknown>\n#19 0x7f28cab29c3c <unknown>",
        "time" : {
          "start" : 1749087086962,
          "stop" : 1749087107198,
          "duration" : 20236
        }
      }, {
        "uid" : "dbfcc33994449c90",
        "reportUrl" : "https://Brain-up.github.io/auto-tests-python/588//#testresult/dbfcc33994449c90",
        "status" : "skipped",
        "statusDetails" : "XFAIL\n\nselenium.common.exceptions.TimeoutException: Message: Can't find element by locator ('xpath', '//button[@data-test-active-link=\"Similar phrases\"]')\nStacktrace:\n#0 0x563d2327278a <unknown>\n#1 0x563d22d150a0 <unknown>\n#2 0x563d22d669b0 <unknown>\n#3 0x563d22d66ba1 <unknown>\n#4 0x563d22db4ea4 <unknown>\n#5 0x563d22d8c3cd <unknown>\n#6 0x563d22db22a0 <unknown>\n#7 0x563d22d8c173 <unknown>\n#8 0x563d22d58d4b <unknown>\n#9 0x563d22d599b1 <unknown>\n#10 0x563d2323793b <unknown>\n#11 0x563d2323b83a <unknown>\n#12 0x563d2321f692 <unknown>\n#13 0x563d2323c3c4 <unknown>\n#14 0x563d232044cf <unknown>\n#15 0x563d23260568 <unknown>\n#16 0x563d23260746 <unknown>\n#17 0x563d232715f6 <unknown>\n#18 0x7fec0d29caa4 <unknown>\n#19 0x7fec0d329c3c <unknown>",
        "time" : {
          "start" : 1749020738625,
          "stop" : 1749020759277,
          "duration" : 20652
        }
      }, {
        "uid" : "735ebeebbc88eeb8",
        "reportUrl" : "https://Brain-up.github.io/auto-tests-python/385//#testresult/735ebeebbc88eeb8",
        "status" : "skipped",
        "statusDetails" : "XFAIL\n\nselenium.common.exceptions.TimeoutException: Message: Can't find element by locator ('xpath', '//button[@data-test-active-link=\"Similar phrases\"]')\nStacktrace:\n#0 0x563afb87878a <unknown>\n#1 0x563afb31b0a0 <unknown>\n#2 0x563afb36c9b0 <unknown>\n#3 0x563afb36cba1 <unknown>\n#4 0x563afb3baea4 <unknown>\n#5 0x563afb3923cd <unknown>\n#6 0x563afb3b82a0 <unknown>\n#7 0x563afb392173 <unknown>\n#8 0x563afb35ed4b <unknown>\n#9 0x563afb35f9b1 <unknown>\n#10 0x563afb83d93b <unknown>\n#11 0x563afb84183a <unknown>\n#12 0x563afb825692 <unknown>\n#13 0x563afb8423c4 <unknown>\n#14 0x563afb80a4cf <unknown>\n#15 0x563afb866568 <unknown>\n#16 0x563afb866746 <unknown>\n#17 0x563afb8775f6 <unknown>\n#18 0x7f460769caa4 <unknown>\n#19 0x7f4607729c3c <unknown>",
        "time" : {
          "start" : 1749000539788,
          "stop" : 1749000559954,
          "duration" : 20166
        }
      }, {
        "uid" : "86398b1eb610a5cf",
        "reportUrl" : "https://Brain-up.github.io/auto-tests-python/587//#testresult/86398b1eb610a5cf",
        "status" : "skipped",
        "statusDetails" : "XFAIL\n\nselenium.common.exceptions.TimeoutException: Message: Can't find element by locator ('xpath', '//button[@data-test-active-link=\"Similar phrases\"]')\nStacktrace:\n#0 0x5611287c978a <unknown>\n#1 0x56112826c0a0 <unknown>\n#2 0x5611282bd9b0 <unknown>\n#3 0x5611282bdba1 <unknown>\n#4 0x56112830bea4 <unknown>\n#5 0x5611282e33cd <unknown>\n#6 0x5611283092a0 <unknown>\n#7 0x5611282e3173 <unknown>\n#8 0x5611282afd4b <unknown>\n#9 0x5611282b09b1 <unknown>\n#10 0x56112878e93b <unknown>\n#11 0x56112879283a <unknown>\n#12 0x561128776692 <unknown>\n#13 0x5611287933c4 <unknown>\n#14 0x56112875b4cf <unknown>\n#15 0x5611287b7568 <unknown>\n#16 0x5611287b7746 <unknown>\n#17 0x5611287c85f6 <unknown>\n#18 0x7f64afe9caa4 <unknown>\n#19 0x7f64aff29c3c <unknown>",
        "time" : {
          "start" : 1748946377354,
          "stop" : 1748946397972,
          "duration" : 20618
        }
      }, {
        "uid" : "bd05d997c8ae540f",
        "reportUrl" : "https://Brain-up.github.io/auto-tests-python/384//#testresult/bd05d997c8ae540f",
        "status" : "skipped",
        "statusDetails" : "XFAIL\n\nselenium.common.exceptions.TimeoutException: Message: Can't find element by locator ('xpath', '//button[@data-test-active-link=\"Similar phrases\"]')\nStacktrace:\n#0 0x564bcf52478a <unknown>\n#1 0x564bcefc70a0 <unknown>\n#2 0x564bcf0189b0 <unknown>\n#3 0x564bcf018ba1 <unknown>\n#4 0x564bcf066ea4 <unknown>\n#5 0x564bcf03e3cd <unknown>\n#6 0x564bcf0642a0 <unknown>\n#7 0x564bcf03e173 <unknown>\n#8 0x564bcf00ad4b <unknown>\n#9 0x564bcf00b9b1 <unknown>\n#10 0x564bcf4e993b <unknown>\n#11 0x564bcf4ed83a <unknown>\n#12 0x564bcf4d1692 <unknown>\n#13 0x564bcf4ee3c4 <unknown>\n#14 0x564bcf4b64cf <unknown>\n#15 0x564bcf512568 <unknown>\n#16 0x564bcf512746 <unknown>\n#17 0x564bcf5235f6 <unknown>\n#18 0x7f46e089caa4 <unknown>\n#19 0x7f46e0929c3c <unknown>",
        "time" : {
          "start" : 1748914144563,
          "stop" : 1748914165187,
          "duration" : 20624
        }
      }, {
        "uid" : "a972d58b08592953",
        "reportUrl" : "https://Brain-up.github.io/auto-tests-python/383//#testresult/a972d58b08592953",
        "status" : "skipped",
        "statusDetails" : "XFAIL\n\nselenium.common.exceptions.TimeoutException: Message: Can't find element by locator ('xpath', '//button[@data-test-active-link=\"Similar phrases\"]')\nStacktrace:\n#0 0x55f08b64378a <unknown>\n#1 0x55f08b0e60a0 <unknown>\n#2 0x55f08b1379b0 <unknown>\n#3 0x55f08b137ba1 <unknown>\n#4 0x55f08b185ea4 <unknown>\n#5 0x55f08b15d3cd <unknown>\n#6 0x55f08b1832a0 <unknown>\n#7 0x55f08b15d173 <unknown>\n#8 0x55f08b129d4b <unknown>\n#9 0x55f08b12a9b1 <unknown>\n#10 0x55f08b60893b <unknown>\n#11 0x55f08b60c83a <unknown>\n#12 0x55f08b5f0692 <unknown>\n#13 0x55f08b60d3c4 <unknown>\n#14 0x55f08b5d54cf <unknown>\n#15 0x55f08b631568 <unknown>\n#16 0x55f08b631746 <unknown>\n#17 0x55f08b6425f6 <unknown>\n#18 0x7f921e09caa4 <unknown>\n#19 0x7f921e129c3c <unknown>",
        "time" : {
          "start" : 1748827772674,
          "stop" : 1748827792879,
          "duration" : 20205
        }
      }, {
        "uid" : "d647b90142b7bae",
        "reportUrl" : "https://Brain-up.github.io/auto-tests-python/382//#testresult/d647b90142b7bae",
        "status" : "skipped",
        "statusDetails" : "XFAIL\n\nselenium.common.exceptions.TimeoutException: Message: Can't find element by locator ('xpath', '//button[@data-test-active-link=\"Similar phrases\"]')\nStacktrace:\n#0 0x55c7f51e578a <unknown>\n#1 0x55c7f4c880a0 <unknown>\n#2 0x55c7f4cd99b0 <unknown>\n#3 0x55c7f4cd9ba1 <unknown>\n#4 0x55c7f4d27ea4 <unknown>\n#5 0x55c7f4cff3cd <unknown>\n#6 0x55c7f4d252a0 <unknown>\n#7 0x55c7f4cff173 <unknown>\n#8 0x55c7f4ccbd4b <unknown>\n#9 0x55c7f4ccc9b1 <unknown>\n#10 0x55c7f51aa93b <unknown>\n#11 0x55c7f51ae83a <unknown>\n#12 0x55c7f5192692 <unknown>\n#13 0x55c7f51af3c4 <unknown>\n#14 0x55c7f51774cf <unknown>\n#15 0x55c7f51d3568 <unknown>\n#16 0x55c7f51d3746 <unknown>\n#17 0x55c7f51e45f6 <unknown>\n#18 0x7f87fbe9caa4 <unknown>\n#19 0x7f87fbf29c3c <unknown>",
        "time" : {
          "start" : 1748741936029,
          "stop" : 1748741956192,
          "duration" : 20163
        }
      }, {
        "uid" : "e2dce0155b261cf7",
        "reportUrl" : "https://Brain-up.github.io/auto-tests-python/586//#testresult/e2dce0155b261cf7",
        "status" : "skipped",
        "statusDetails" : "XFAIL\n\nselenium.common.exceptions.TimeoutException: Message: Can't find element by locator ('xpath', '//button[@data-test-active-link=\"Similar phrases\"]')\nStacktrace:\n#0 0x55aefc13378a <unknown>\n#1 0x55aefbbd60a0 <unknown>\n#2 0x55aefbc279b0 <unknown>\n#3 0x55aefbc27ba1 <unknown>\n#4 0x55aefbc75ea4 <unknown>\n#5 0x55aefbc4d3cd <unknown>\n#6 0x55aefbc732a0 <unknown>\n#7 0x55aefbc4d173 <unknown>\n#8 0x55aefbc19d4b <unknown>\n#9 0x55aefbc1a9b1 <unknown>\n#10 0x55aefc0f893b <unknown>\n#11 0x55aefc0fc83a <unknown>\n#12 0x55aefc0e0692 <unknown>\n#13 0x55aefc0fd3c4 <unknown>\n#14 0x55aefc0c54cf <unknown>\n#15 0x55aefc121568 <unknown>\n#16 0x55aefc121746 <unknown>\n#17 0x55aefc1325f6 <unknown>\n#18 0x7f9470c9caa4 <unknown>\n#19 0x7f9470d29c3c <unknown>",
        "time" : {
          "start" : 1748683005576,
          "stop" : 1748683026232,
          "duration" : 20656
        }
      } ]
    },
    "tags" : [ "@pytest.mark.xfail" ]
  },
  "source" : "5ffd18966e96cbb1.json",
  "parameterValues" : [ ]
}