{
  "uid" : "ab7ebb34f81ecb5d",
  "name" : "Solutions to a random task in the \"Слова Королёвой\" .",
  "fullName" : "tests.test_speech_exercises_ru.TestCardsRU#test_solve_koroleva_cards_ru",
  "historyId" : "c9fe4fbd9394e2fb5a6898be66ba433b",
  "time" : {
    "start" : 1755153667787,
    "stop" : 1755153678203,
    "duration" : 10416
  },
  "status" : "skipped",
  "statusMessage" : "XFAIL\n\nselenium.common.exceptions.TimeoutException: Message: Can't find element by locator ('xpath', '//a[text()=\"Упражнения\"]')\nStacktrace:\n#0 0x5612f014e2ca <unknown>\n#1 0x5612efbf5550 <unknown>\n#2 0x5612efc470f0 <unknown>\n#3 0x5612efc472e1 <unknown>\n#4 0x5612efc955e4 <unknown>\n#5 0x5612efc6cbed <unknown>\n#6 0x5612efc929e6 <unknown>\n#7 0x5612efc6c993 <unknown>\n#8 0x5612efc38d6b <unknown>\n#9 0x5612efc3a141 <unknown>\n#10 0x5612f01132ab <unknown>\n#11 0x5612f01170b9 <unknown>\n#12 0x5612f00fa139 <unknown>\n#13 0x5612f0117c68 <unknown>\n#14 0x5612f00de60f <unknown>\n#15 0x5612f013c1f8 <unknown>\n#16 0x5612f013c3d6 <unknown>\n#17 0x5612f014d5e6 <unknown>\n#18 0x7f522089caa4 <unknown>\n#19 0x7f5220929c3c <unknown>",
  "statusTrace" : "self = <tests.test_speech_exercises_ru.TestCardsRU object at 0x7fae0997f5f0>\ndriver = <selenium.webdriver.chrome.webdriver.WebDriver (session=\"842e87640c7c30ba413d33116240129b\")>\ndefault_user_authorized = None\n\n    @pytest.mark.xfail\n    @allure.suite(\"Речевые упражнения.\")\n    @allure.title('Solutions to a random task in the \"Слова Королёвой\" .')\n    def test_solve_koroleva_cards_ru(self, driver, default_user_authorized):\n        page = SpeechExercisesPageRU(driver)\n>       page.click_button_exercises()\n\ntests/test_speech_exercises_ru.py:144: \n_ _ _ _ _ _ _ _ _ _ _ _ _ _ _ _ _ _ _ _ _ _ _ _ _ _ _ _ _ _ _ _ _ _ _ _ _ _ _ _ \npages/speech_exercises_page_ru.py:199: in click_button_exercises\n    button = self.element_is_present_and_clickable(self.locators.AuthorizedUserHomePageLocators.BUTTON_EXERCISES_RU)\npages/base_page.py:40: in element_is_present_and_clickable\n    return (Wait(self.driver, self.timeout).until(\n_ _ _ _ _ _ _ _ _ _ _ _ _ _ _ _ _ _ _ _ _ _ _ _ _ _ _ _ _ _ _ _ _ _ _ _ _ _ _ _ \n\nself = <selenium.webdriver.support.wait.WebDriverWait (session=\"842e87640c7c30ba413d33116240129b\")>\nmethod = <function visibility_of_element_located.<locals>._predicate at 0x7fae098e4cc0>\nmessage = 'Can\\'t find element by locator (\\'xpath\\', \\'//a[text()=\"Упражнения\"]\\')'\n\n    def until(self, method, message: str = \"\"):\n        \"\"\"Calls the method provided with the driver as an argument until the \\\n        return value does not evaluate to ``False``.\n    \n        :param method: callable(WebDriver)\n        :param message: optional message for :exc:`TimeoutException`\n        :returns: the result of the last call to `method`\n        :raises: :exc:`selenium.common.exceptions.TimeoutException` if timeout occurs\n        \"\"\"\n        screen = None\n        stacktrace = None\n    \n        end_time = time.monotonic() + self._timeout\n        while True:\n            try:\n                value = method(self._driver)\n                if value:\n                    return value\n            except self._ignored_exceptions as exc:\n                screen = getattr(exc, \"screen\", None)\n                stacktrace = getattr(exc, \"stacktrace\", None)\n            time.sleep(self._poll)\n            if time.monotonic() > end_time:\n                break\n>       raise TimeoutException(message, screen, stacktrace)\nE       selenium.common.exceptions.TimeoutException: Message: Can't find element by locator ('xpath', '//a[text()=\"Упражнения\"]')\nE       Stacktrace:\nE       #0 0x5612f014e2ca <unknown>\nE       #1 0x5612efbf5550 <unknown>\nE       #2 0x5612efc470f0 <unknown>\nE       #3 0x5612efc472e1 <unknown>\nE       #4 0x5612efc955e4 <unknown>\nE       #5 0x5612efc6cbed <unknown>\nE       #6 0x5612efc929e6 <unknown>\nE       #7 0x5612efc6c993 <unknown>\nE       #8 0x5612efc38d6b <unknown>\nE       #9 0x5612efc3a141 <unknown>\nE       #10 0x5612f01132ab <unknown>\nE       #11 0x5612f01170b9 <unknown>\nE       #12 0x5612f00fa139 <unknown>\nE       #13 0x5612f0117c68 <unknown>\nE       #14 0x5612f00de60f <unknown>\nE       #15 0x5612f013c1f8 <unknown>\nE       #16 0x5612f013c3d6 <unknown>\nE       #17 0x5612f014d5e6 <unknown>\nE       #18 0x7f522089caa4 <unknown>\nE       #19 0x7f5220929c3c <unknown>\n\n/opt/hostedtoolcache/Python/3.12.11/x64/lib/python3.12/site-packages/selenium/webdriver/support/wait.py:95: TimeoutException",
  "flaky" : false,
  "newFailed" : false,
  "beforeStages" : [ {
    "name" : "driver",
    "time" : {
      "start" : 1755153660025,
      "stop" : 1755153660844,
      "duration" : 819
    },
    "status" : "passed",
    "steps" : [ ],
    "attachments" : [ ],
    "parameters" : [ ],
    "stepsCount" : 0,
    "attachmentsCount" : 0,
    "shouldDisplayMessage" : false,
    "hasContent" : false
  }, {
    "name" : "default_user_authorized",
    "time" : {
      "start" : 1755153665332,
      "stop" : 1755153667787,
      "duration" : 2455
    },
    "status" : "passed",
    "steps" : [ {
      "name" : "DEFAULT user authorized",
      "time" : {
        "start" : 1755153665332,
        "stop" : 1755153667787,
        "duration" : 2455
      },
      "status" : "passed",
      "steps" : [ {
        "name" : "Check url is present: https://www.brainup.site/groups",
        "time" : {
          "start" : 1755153665739,
          "stop" : 1755153667762,
          "duration" : 2023
        },
        "status" : "passed",
        "steps" : [ ],
        "attachments" : [ ],
        "parameters" : [ ],
        "stepsCount" : 0,
        "attachmentsCount" : 0,
        "shouldDisplayMessage" : false,
        "hasContent" : false
      }, {
        "name" : "Loader checking",
        "time" : {
          "start" : 1755153667762,
          "stop" : 1755153667787,
          "duration" : 25
        },
        "status" : "passed",
        "steps" : [ ],
        "attachments" : [ ],
        "parameters" : [ ],
        "stepsCount" : 0,
        "attachmentsCount" : 0,
        "shouldDisplayMessage" : false,
        "hasContent" : false
      } ],
      "attachments" : [ ],
      "parameters" : [ {
        "name" : "driver",
        "value" : "<selenium.webdriver.chrome.webdriver.WebDriver (session=\"842e87640c7c30ba413d33116240129b\")>"
      }, {
        "name" : "main_page_open",
        "value" : "None"
      } ],
      "stepsCount" : 2,
      "attachmentsCount" : 0,
      "shouldDisplayMessage" : false,
      "hasContent" : true
    } ],
    "attachments" : [ ],
    "parameters" : [ ],
    "stepsCount" : 3,
    "attachmentsCount" : 0,
    "shouldDisplayMessage" : false,
    "hasContent" : true
  }, {
    "name" : "main_page_open",
    "time" : {
      "start" : 1755153660844,
      "stop" : 1755153665332,
      "duration" : 4488
    },
    "status" : "passed",
    "steps" : [ {
      "name" : "Open page: https://www.brainup.site/",
      "time" : {
        "start" : 1755153660844,
        "stop" : 1755153665332,
        "duration" : 4488
      },
      "status" : "passed",
      "steps" : [ ],
      "attachments" : [ ],
      "parameters" : [ {
        "name" : "driver",
        "value" : "<selenium.webdriver.chrome.webdriver.WebDriver (session=\"842e87640c7c30ba413d33116240129b\")>"
      } ],
      "stepsCount" : 0,
      "attachmentsCount" : 0,
      "shouldDisplayMessage" : false,
      "hasContent" : true
    } ],
    "attachments" : [ ],
    "parameters" : [ ],
    "stepsCount" : 1,
    "attachmentsCount" : 0,
    "shouldDisplayMessage" : false,
    "hasContent" : true
  }, {
    "name" : "clear_allure_results_folder",
    "time" : {
      "start" : 1755152240970,
      "stop" : 1755152240971,
      "duration" : 1
    },
    "status" : "passed",
    "steps" : [ ],
    "attachments" : [ ],
    "parameters" : [ ],
    "stepsCount" : 0,
    "attachmentsCount" : 0,
    "shouldDisplayMessage" : false,
    "hasContent" : false
  } ],
  "testStage" : {
    "status" : "skipped",
    "statusMessage" : "XFAIL\n\nselenium.common.exceptions.TimeoutException: Message: Can't find element by locator ('xpath', '//a[text()=\"Упражнения\"]')\nStacktrace:\n#0 0x5612f014e2ca <unknown>\n#1 0x5612efbf5550 <unknown>\n#2 0x5612efc470f0 <unknown>\n#3 0x5612efc472e1 <unknown>\n#4 0x5612efc955e4 <unknown>\n#5 0x5612efc6cbed <unknown>\n#6 0x5612efc929e6 <unknown>\n#7 0x5612efc6c993 <unknown>\n#8 0x5612efc38d6b <unknown>\n#9 0x5612efc3a141 <unknown>\n#10 0x5612f01132ab <unknown>\n#11 0x5612f01170b9 <unknown>\n#12 0x5612f00fa139 <unknown>\n#13 0x5612f0117c68 <unknown>\n#14 0x5612f00de60f <unknown>\n#15 0x5612f013c1f8 <unknown>\n#16 0x5612f013c3d6 <unknown>\n#17 0x5612f014d5e6 <unknown>\n#18 0x7f522089caa4 <unknown>\n#19 0x7f5220929c3c <unknown>",
    "statusTrace" : "self = <tests.test_speech_exercises_ru.TestCardsRU object at 0x7fae0997f5f0>\ndriver = <selenium.webdriver.chrome.webdriver.WebDriver (session=\"842e87640c7c30ba413d33116240129b\")>\ndefault_user_authorized = None\n\n    @pytest.mark.xfail\n    @allure.suite(\"Речевые упражнения.\")\n    @allure.title('Solutions to a random task in the \"Слова Королёвой\" .')\n    def test_solve_koroleva_cards_ru(self, driver, default_user_authorized):\n        page = SpeechExercisesPageRU(driver)\n>       page.click_button_exercises()\n\ntests/test_speech_exercises_ru.py:144: \n_ _ _ _ _ _ _ _ _ _ _ _ _ _ _ _ _ _ _ _ _ _ _ _ _ _ _ _ _ _ _ _ _ _ _ _ _ _ _ _ \npages/speech_exercises_page_ru.py:199: in click_button_exercises\n    button = self.element_is_present_and_clickable(self.locators.AuthorizedUserHomePageLocators.BUTTON_EXERCISES_RU)\npages/base_page.py:40: in element_is_present_and_clickable\n    return (Wait(self.driver, self.timeout).until(\n_ _ _ _ _ _ _ _ _ _ _ _ _ _ _ _ _ _ _ _ _ _ _ _ _ _ _ _ _ _ _ _ _ _ _ _ _ _ _ _ \n\nself = <selenium.webdriver.support.wait.WebDriverWait (session=\"842e87640c7c30ba413d33116240129b\")>\nmethod = <function visibility_of_element_located.<locals>._predicate at 0x7fae098e4cc0>\nmessage = 'Can\\'t find element by locator (\\'xpath\\', \\'//a[text()=\"Упражнения\"]\\')'\n\n    def until(self, method, message: str = \"\"):\n        \"\"\"Calls the method provided with the driver as an argument until the \\\n        return value does not evaluate to ``False``.\n    \n        :param method: callable(WebDriver)\n        :param message: optional message for :exc:`TimeoutException`\n        :returns: the result of the last call to `method`\n        :raises: :exc:`selenium.common.exceptions.TimeoutException` if timeout occurs\n        \"\"\"\n        screen = None\n        stacktrace = None\n    \n        end_time = time.monotonic() + self._timeout\n        while True:\n            try:\n                value = method(self._driver)\n                if value:\n                    return value\n            except self._ignored_exceptions as exc:\n                screen = getattr(exc, \"screen\", None)\n                stacktrace = getattr(exc, \"stacktrace\", None)\n            time.sleep(self._poll)\n            if time.monotonic() > end_time:\n                break\n>       raise TimeoutException(message, screen, stacktrace)\nE       selenium.common.exceptions.TimeoutException: Message: Can't find element by locator ('xpath', '//a[text()=\"Упражнения\"]')\nE       Stacktrace:\nE       #0 0x5612f014e2ca <unknown>\nE       #1 0x5612efbf5550 <unknown>\nE       #2 0x5612efc470f0 <unknown>\nE       #3 0x5612efc472e1 <unknown>\nE       #4 0x5612efc955e4 <unknown>\nE       #5 0x5612efc6cbed <unknown>\nE       #6 0x5612efc929e6 <unknown>\nE       #7 0x5612efc6c993 <unknown>\nE       #8 0x5612efc38d6b <unknown>\nE       #9 0x5612efc3a141 <unknown>\nE       #10 0x5612f01132ab <unknown>\nE       #11 0x5612f01170b9 <unknown>\nE       #12 0x5612f00fa139 <unknown>\nE       #13 0x5612f0117c68 <unknown>\nE       #14 0x5612f00de60f <unknown>\nE       #15 0x5612f013c1f8 <unknown>\nE       #16 0x5612f013c3d6 <unknown>\nE       #17 0x5612f014d5e6 <unknown>\nE       #18 0x7f522089caa4 <unknown>\nE       #19 0x7f5220929c3c <unknown>\n\n/opt/hostedtoolcache/Python/3.12.11/x64/lib/python3.12/site-packages/selenium/webdriver/support/wait.py:95: TimeoutException",
    "steps" : [ {
      "name" : "Click button \"Упражнения\".",
      "time" : {
        "start" : 1755153667787,
        "stop" : 1755153678203,
        "duration" : 10416
      },
      "status" : "broken",
      "statusMessage" : "selenium.common.exceptions.TimeoutException: Message: Can't find element by locator ('xpath', '//a[text()=\"Упражнения\"]')\nStacktrace:\n#0 0x5612f014e2ca <unknown>\n#1 0x5612efbf5550 <unknown>\n#2 0x5612efc470f0 <unknown>\n#3 0x5612efc472e1 <unknown>\n#4 0x5612efc955e4 <unknown>\n#5 0x5612efc6cbed <unknown>\n#6 0x5612efc929e6 <unknown>\n#7 0x5612efc6c993 <unknown>\n#8 0x5612efc38d6b <unknown>\n#9 0x5612efc3a141 <unknown>\n#10 0x5612f01132ab <unknown>\n#11 0x5612f01170b9 <unknown>\n#12 0x5612f00fa139 <unknown>\n#13 0x5612f0117c68 <unknown>\n#14 0x5612f00de60f <unknown>\n#15 0x5612f013c1f8 <unknown>\n#16 0x5612f013c3d6 <unknown>\n#17 0x5612f014d5e6 <unknown>\n#18 0x7f522089caa4 <unknown>\n#19 0x7f5220929c3c <unknown>\n\n",
      "statusTrace" : "  File \"/opt/hostedtoolcache/Python/3.12.11/x64/lib/python3.12/site-packages/allure_commons/_allure.py\", line 192, in impl\n    return func(*a, **kw)\n           ^^^^^^^^^^^^^^\n  File \"/home/runner/work/auto-tests-python/auto-tests-python/pages/speech_exercises_page_ru.py\", line 199, in click_button_exercises\n    button = self.element_is_present_and_clickable(self.locators.AuthorizedUserHomePageLocators.BUTTON_EXERCISES_RU)\n             ^^^^^^^^^^^^^^^^^^^^^^^^^^^^^^^^^^^^^^^^^^^^^^^^^^^^^^^^^^^^^^^^^^^^^^^^^^^^^^^^^^^^^^^^^^^^^^^^^^^^^^^\n  File \"/home/runner/work/auto-tests-python/auto-tests-python/pages/base_page.py\", line 40, in element_is_present_and_clickable\n    return (Wait(self.driver, self.timeout).until(\n            ^^^^^^^^^^^^^^^^^^^^^^^^^^^^^^^^^^^^^^\n  File \"/opt/hostedtoolcache/Python/3.12.11/x64/lib/python3.12/site-packages/selenium/webdriver/support/wait.py\", line 95, in until\n    raise TimeoutException(message, screen, stacktrace)\n",
      "steps" : [ {
        "name" : "Click button \"RU\".",
        "time" : {
          "start" : 1755153667787,
          "stop" : 1755153667874,
          "duration" : 87
        },
        "status" : "passed",
        "steps" : [ ],
        "attachments" : [ ],
        "parameters" : [ ],
        "stepsCount" : 0,
        "attachmentsCount" : 0,
        "shouldDisplayMessage" : false,
        "hasContent" : false
      } ],
      "attachments" : [ ],
      "parameters" : [ ],
      "stepsCount" : 1,
      "attachmentsCount" : 0,
      "shouldDisplayMessage" : true,
      "hasContent" : true
    } ],
    "attachments" : [ ],
    "parameters" : [ ],
    "stepsCount" : 2,
    "attachmentsCount" : 0,
    "shouldDisplayMessage" : true,
    "hasContent" : true
  },
  "afterStages" : [ {
    "name" : "driver::0",
    "time" : {
      "start" : 1755153678219,
      "stop" : 1755153678291,
      "duration" : 72
    },
    "status" : "passed",
    "steps" : [ ],
    "attachments" : [ ],
    "parameters" : [ ],
    "stepsCount" : 0,
    "attachmentsCount" : 0,
    "shouldDisplayMessage" : false,
    "hasContent" : false
  } ],
  "labels" : [ {
    "name" : "epic",
    "value" : "Speech exercises."
  }, {
    "name" : "suite",
    "value" : "Речевые упражнения."
  }, {
    "name" : "tag",
    "value" : "@pytest.mark.xfail"
  }, {
    "name" : "parentSuite",
    "value" : "tests"
  }, {
    "name" : "subSuite",
    "value" : "TestCardsRU"
  }, {
    "name" : "host",
    "value" : "pkrvmsl9tci6h6u"
  }, {
    "name" : "thread",
    "value" : "2573-MainThread"
  }, {
    "name" : "framework",
    "value" : "pytest"
  }, {
    "name" : "language",
    "value" : "cpython3"
  }, {
    "name" : "package",
    "value" : "tests.test_speech_exercises_ru"
  }, {
    "name" : "resultFormat",
    "value" : "allure2"
  } ],
  "parameters" : [ ],
  "links" : [ ],
  "hidden" : false,
  "retry" : false,
  "extra" : {
    "severity" : "normal",
    "retries" : [ ],
    "categories" : [ ],
    "history" : {
      "statistic" : {
        "failed" : 0,
        "broken" : 0,
        "skipped" : 189,
        "passed" : 100,
        "unknown" : 0,
        "total" : 289
      },
      "items" : [ {
        "uid" : "9f0780bc9c09300a",
        "reportUrl" : "https://Brain-up.github.io/auto-tests-python/656//#testresult/9f0780bc9c09300a",
        "status" : "skipped",
        "statusDetails" : "XFAIL\n\nselenium.common.exceptions.TimeoutException: Message: Can't find element by locator ('xpath', '//a[text()=\"Упражнения\"]')\nStacktrace:\n#0 0x558beb7f42ca <unknown>\n#1 0x558beb29b550 <unknown>\n#2 0x558beb2ed0f0 <unknown>\n#3 0x558beb2ed2e1 <unknown>\n#4 0x558beb33b5e4 <unknown>\n#5 0x558beb312bed <unknown>\n#6 0x558beb3389e6 <unknown>\n#7 0x558beb312993 <unknown>\n#8 0x558beb2ded6b <unknown>\n#9 0x558beb2e0141 <unknown>\n#10 0x558beb7b92ab <unknown>\n#11 0x558beb7bd0b9 <unknown>\n#12 0x558beb7a0139 <unknown>\n#13 0x558beb7bdc68 <unknown>\n#14 0x558beb78460f <unknown>\n#15 0x558beb7e21f8 <unknown>\n#16 0x558beb7e23d6 <unknown>\n#17 0x558beb7f35e6 <unknown>\n#18 0x7f6ffec9caa4 <unknown>\n#19 0x7f6ffed29c3c <unknown>",
        "time" : {
          "start" : 1755075249028,
          "stop" : 1755075259421,
          "duration" : 10393
        }
      }, {
        "uid" : "edc495285b401989",
        "reportUrl" : "https://Brain-up.github.io/auto-tests-python/655//#testresult/edc495285b401989",
        "status" : "skipped",
        "statusDetails" : "XFAIL\n\nselenium.common.exceptions.TimeoutException: Message: Can't find element by locator ('xpath', '//a[text()=\"Упражнения\"]')\nStacktrace:\n#0 0x55c4591432ca <unknown>\n#1 0x55c458bea550 <unknown>\n#2 0x55c458c3c0f0 <unknown>\n#3 0x55c458c3c2e1 <unknown>\n#4 0x55c458c8a5e4 <unknown>\n#5 0x55c458c61bed <unknown>\n#6 0x55c458c879e6 <unknown>\n#7 0x55c458c61993 <unknown>\n#8 0x55c458c2dd6b <unknown>\n#9 0x55c458c2f141 <unknown>\n#10 0x55c4591082ab <unknown>\n#11 0x55c45910c0b9 <unknown>\n#12 0x55c4590ef139 <unknown>\n#13 0x55c45910cc68 <unknown>\n#14 0x55c4590d360f <unknown>\n#15 0x55c4591311f8 <unknown>\n#16 0x55c4591313d6 <unknown>\n#17 0x55c4591425e6 <unknown>\n#18 0x7f5fb0a9caa4 <unknown>\n#19 0x7f5fb0b29c3c <unknown>",
        "time" : {
          "start" : 1754986912500,
          "stop" : 1754986922850,
          "duration" : 10350
        }
      }, {
        "uid" : "e7df3f98ff6b534e",
        "reportUrl" : "https://Brain-up.github.io/auto-tests-python/654//#testresult/e7df3f98ff6b534e",
        "status" : "skipped",
        "statusDetails" : "XFAIL\n\nselenium.common.exceptions.TimeoutException: Message: Can't find element by locator ('xpath', '//a[text()=\"Упражнения\"]')\nStacktrace:\n#0 0x5604e22ad2ca <unknown>\n#1 0x5604e1d54550 <unknown>\n#2 0x5604e1da60f0 <unknown>\n#3 0x5604e1da62e1 <unknown>\n#4 0x5604e1df45e4 <unknown>\n#5 0x5604e1dcbbed <unknown>\n#6 0x5604e1df19e6 <unknown>\n#7 0x5604e1dcb993 <unknown>\n#8 0x5604e1d97d6b <unknown>\n#9 0x5604e1d99141 <unknown>\n#10 0x5604e22722ab <unknown>\n#11 0x5604e22760b9 <unknown>\n#12 0x5604e2259139 <unknown>\n#13 0x5604e2276c68 <unknown>\n#14 0x5604e223d60f <unknown>\n#15 0x5604e229b1f8 <unknown>\n#16 0x5604e229b3d6 <unknown>\n#17 0x5604e22ac5e6 <unknown>\n#18 0x7f60fbe9caa4 <unknown>\n#19 0x7f60fbf29c3c <unknown>",
        "time" : {
          "start" : 1754908114714,
          "stop" : 1754908125134,
          "duration" : 10420
        }
      }, {
        "uid" : "b030acfadffcc3c2",
        "reportUrl" : "https://Brain-up.github.io/auto-tests-python/653//#testresult/b030acfadffcc3c2",
        "status" : "skipped",
        "statusDetails" : "XFAIL\n\nselenium.common.exceptions.TimeoutException: Message: Can't find element by locator ('xpath', '//a[text()=\"Упражнения\"]')\nStacktrace:\n#0 0x55640ee062ca <unknown>\n#1 0x55640e8ad550 <unknown>\n#2 0x55640e8ff0f0 <unknown>\n#3 0x55640e8ff2e1 <unknown>\n#4 0x55640e94d5e4 <unknown>\n#5 0x55640e924bed <unknown>\n#6 0x55640e94a9e6 <unknown>\n#7 0x55640e924993 <unknown>\n#8 0x55640e8f0d6b <unknown>\n#9 0x55640e8f2141 <unknown>\n#10 0x55640edcb2ab <unknown>\n#11 0x55640edcf0b9 <unknown>\n#12 0x55640edb2139 <unknown>\n#13 0x55640edcfc68 <unknown>\n#14 0x55640ed9660f <unknown>\n#15 0x55640edf41f8 <unknown>\n#16 0x55640edf43d6 <unknown>\n#17 0x55640ee055e6 <unknown>\n#18 0x7ff68de9caa4 <unknown>\n#19 0x7ff68df29c3c <unknown>",
        "time" : {
          "start" : 1754804975183,
          "stop" : 1754804985524,
          "duration" : 10341
        }
      }, {
        "uid" : "b48c3a59131d3480",
        "reportUrl" : "https://Brain-up.github.io/auto-tests-python/652//#testresult/b48c3a59131d3480",
        "status" : "skipped",
        "statusDetails" : "XFAIL\n\nselenium.common.exceptions.TimeoutException: Message: Can't find element by locator ('xpath', '//a[text()=\"Упражнения\"]')\nStacktrace:\n#0 0x55cdeb72c2ca <unknown>\n#1 0x55cdeb1d3550 <unknown>\n#2 0x55cdeb2250f0 <unknown>\n#3 0x55cdeb2252e1 <unknown>\n#4 0x55cdeb2735e4 <unknown>\n#5 0x55cdeb24abed <unknown>\n#6 0x55cdeb2709e6 <unknown>\n#7 0x55cdeb24a993 <unknown>\n#8 0x55cdeb216d6b <unknown>\n#9 0x55cdeb218141 <unknown>\n#10 0x55cdeb6f12ab <unknown>\n#11 0x55cdeb6f50b9 <unknown>\n#12 0x55cdeb6d8139 <unknown>\n#13 0x55cdeb6f5c68 <unknown>\n#14 0x55cdeb6bc60f <unknown>\n#15 0x55cdeb71a1f8 <unknown>\n#16 0x55cdeb71a3d6 <unknown>\n#17 0x55cdeb72b5e6 <unknown>\n#18 0x7f020b49caa4 <unknown>\n#19 0x7f020b529c3c <unknown>",
        "time" : {
          "start" : 1754735399723,
          "stop" : 1754735410070,
          "duration" : 10347
        }
      }, {
        "uid" : "79ff9a3f7f6194b7",
        "reportUrl" : "https://Brain-up.github.io/auto-tests-python/651//#testresult/79ff9a3f7f6194b7",
        "status" : "skipped",
        "statusDetails" : "XFAIL\n\nselenium.common.exceptions.TimeoutException: Message: Can't find element by locator ('xpath', '//a[text()=\"Упражнения\"]')\nStacktrace:\n#0 0x55727826787a <unknown>\n#1 0x557277d0c2e0 <unknown>\n#2 0x557277d5de00 <unknown>\n#3 0x557277d5dff1 <unknown>\n#4 0x557277dac324 <unknown>\n#5 0x557277d838dd <unknown>\n#6 0x557277da971c <unknown>\n#7 0x557277d83683 <unknown>\n#8 0x557277d4fb5b <unknown>\n#9 0x557277d50f31 <unknown>\n#10 0x55727822c7cb <unknown>\n#11 0x5572782305d4 <unknown>\n#12 0x5572782132c9 <unknown>\n#13 0x557278231178 <unknown>\n#14 0x5572781f76bf <unknown>\n#15 0x557278254e78 <unknown>\n#16 0x557278255056 <unknown>\n#17 0x557278266b96 <unknown>\n#18 0x7fa6c429caa4 <unknown>\n#19 0x7fa6c4329c3c <unknown>",
        "time" : {
          "start" : 1754656804273,
          "stop" : 1754656814603,
          "duration" : 10330
        }
      }, {
        "uid" : "174744b0bb73c69b",
        "reportUrl" : "https://Brain-up.github.io/auto-tests-python/650//#testresult/174744b0bb73c69b",
        "status" : "skipped",
        "statusDetails" : "XFAIL\n\nselenium.common.exceptions.TimeoutException: Message: Can't find element by locator ('xpath', '//a[text()=\"Упражнения\"]')\nStacktrace:\n#0 0x5627c357c87a <unknown>\n#1 0x5627c30212e0 <unknown>\n#2 0x5627c3072e00 <unknown>\n#3 0x5627c3072ff1 <unknown>\n#4 0x5627c30c1324 <unknown>\n#5 0x5627c30988dd <unknown>\n#6 0x5627c30be71c <unknown>\n#7 0x5627c3098683 <unknown>\n#8 0x5627c3064b5b <unknown>\n#9 0x5627c3065f31 <unknown>\n#10 0x5627c35417cb <unknown>\n#11 0x5627c35455d4 <unknown>\n#12 0x5627c35282c9 <unknown>\n#13 0x5627c3546178 <unknown>\n#14 0x5627c350c6bf <unknown>\n#15 0x5627c3569e78 <unknown>\n#16 0x5627c356a056 <unknown>\n#17 0x5627c357bb96 <unknown>\n#18 0x7febf929caa4 <unknown>\n#19 0x7febf9329c3c <unknown>",
        "time" : {
          "start" : 1754567241295,
          "stop" : 1754567251645,
          "duration" : 10350
        }
      }, {
        "uid" : "be6aeb67afcd2741",
        "reportUrl" : "https://Brain-up.github.io/auto-tests-python/649//#testresult/be6aeb67afcd2741",
        "status" : "skipped",
        "statusDetails" : "XFAIL\n\nselenium.common.exceptions.TimeoutException: Message: Can't find element by locator ('xpath', '//a[text()=\"Упражнения\"]')\nStacktrace:\n#0 0x55ab604b687a <unknown>\n#1 0x55ab5ff5b2e0 <unknown>\n#2 0x55ab5fface00 <unknown>\n#3 0x55ab5ffacff1 <unknown>\n#4 0x55ab5fffb324 <unknown>\n#5 0x55ab5ffd28dd <unknown>\n#6 0x55ab5fff871c <unknown>\n#7 0x55ab5ffd2683 <unknown>\n#8 0x55ab5ff9eb5b <unknown>\n#9 0x55ab5ff9ff31 <unknown>\n#10 0x55ab6047b7cb <unknown>\n#11 0x55ab6047f5d4 <unknown>\n#12 0x55ab604622c9 <unknown>\n#13 0x55ab60480178 <unknown>\n#14 0x55ab604466bf <unknown>\n#15 0x55ab604a3e78 <unknown>\n#16 0x55ab604a4056 <unknown>\n#17 0x55ab604b5b96 <unknown>\n#18 0x7f0ec009caa4 <unknown>\n#19 0x7f0ec0129c3c <unknown>",
        "time" : {
          "start" : 1754472042123,
          "stop" : 1754472052494,
          "duration" : 10371
        }
      }, {
        "uid" : "c3978e9e35fcaee9",
        "reportUrl" : "https://Brain-up.github.io/auto-tests-python/648//#testresult/c3978e9e35fcaee9",
        "status" : "skipped",
        "statusDetails" : "XFAIL\n\nselenium.common.exceptions.TimeoutException: Message: Can't find element by locator ('xpath', '//a[text()=\"Упражнения\"]')\nStacktrace:\n#0 0x55e130ae787a <unknown>\n#1 0x55e13058c2e0 <unknown>\n#2 0x55e1305dde00 <unknown>\n#3 0x55e1305ddff1 <unknown>\n#4 0x55e13062c324 <unknown>\n#5 0x55e1306038dd <unknown>\n#6 0x55e13062971c <unknown>\n#7 0x55e130603683 <unknown>\n#8 0x55e1305cfb5b <unknown>\n#9 0x55e1305d0f31 <unknown>\n#10 0x55e130aac7cb <unknown>\n#11 0x55e130ab05d4 <unknown>\n#12 0x55e130a932c9 <unknown>\n#13 0x55e130ab1178 <unknown>\n#14 0x55e130a776bf <unknown>\n#15 0x55e130ad4e78 <unknown>\n#16 0x55e130ad5056 <unknown>\n#17 0x55e130ae6b96 <unknown>\n#18 0x7fc82049caa4 <unknown>\n#19 0x7fc820529c3c <unknown>",
        "time" : {
          "start" : 1754424607398,
          "stop" : 1754424617736,
          "duration" : 10338
        }
      }, {
        "uid" : "932d0caaec0c5853",
        "reportUrl" : "https://Brain-up.github.io/auto-tests-python/647//#testresult/932d0caaec0c5853",
        "status" : "skipped",
        "statusDetails" : "XFAIL\n\nselenium.common.exceptions.TimeoutException: Message: Can't find element by locator ('xpath', '//a[text()=\"Упражнения\"]')\nStacktrace:\n#0 0x55d06c0d987a <unknown>\n#1 0x55d06bb7e2e0 <unknown>\n#2 0x55d06bbcfe00 <unknown>\n#3 0x55d06bbcfff1 <unknown>\n#4 0x55d06bc1e324 <unknown>\n#5 0x55d06bbf58dd <unknown>\n#6 0x55d06bc1b71c <unknown>\n#7 0x55d06bbf5683 <unknown>\n#8 0x55d06bbc1b5b <unknown>\n#9 0x55d06bbc2f31 <unknown>\n#10 0x55d06c09e7cb <unknown>\n#11 0x55d06c0a25d4 <unknown>\n#12 0x55d06c0852c9 <unknown>\n#13 0x55d06c0a3178 <unknown>\n#14 0x55d06c0696bf <unknown>\n#15 0x55d06c0c6e78 <unknown>\n#16 0x55d06c0c7056 <unknown>\n#17 0x55d06c0d8b96 <unknown>\n#18 0x7f856d49caa4 <unknown>\n#19 0x7f856d529c3c <unknown>",
        "time" : {
          "start" : 1754289592146,
          "stop" : 1754289602506,
          "duration" : 10360
        }
      }, {
        "uid" : "e742b9fc482b3ec1",
        "reportUrl" : "https://Brain-up.github.io/auto-tests-python/646//#testresult/e742b9fc482b3ec1",
        "status" : "skipped",
        "statusDetails" : "XFAIL\n\nselenium.common.exceptions.TimeoutException: Message: Can't find element by locator ('xpath', '//a[text()=\"Упражнения\"]')\nStacktrace:\n#0 0x55613f3aa87a <unknown>\n#1 0x55613ee4f2e0 <unknown>\n#2 0x55613eea0e00 <unknown>\n#3 0x55613eea0ff1 <unknown>\n#4 0x55613eeef324 <unknown>\n#5 0x55613eec68dd <unknown>\n#6 0x55613eeec71c <unknown>\n#7 0x55613eec6683 <unknown>\n#8 0x55613ee92b5b <unknown>\n#9 0x55613ee93f31 <unknown>\n#10 0x55613f36f7cb <unknown>\n#11 0x55613f3735d4 <unknown>\n#12 0x55613f3562c9 <unknown>\n#13 0x55613f374178 <unknown>\n#14 0x55613f33a6bf <unknown>\n#15 0x55613f397e78 <unknown>\n#16 0x55613f398056 <unknown>\n#17 0x55613f3a9b96 <unknown>\n#18 0x7f045de9caa4 <unknown>\n#19 0x7f045df29c3c <unknown>",
        "time" : {
          "start" : 1754226026605,
          "stop" : 1754226036940,
          "duration" : 10335
        }
      }, {
        "uid" : "2856b67f666c934",
        "reportUrl" : "https://Brain-up.github.io/auto-tests-python/645//#testresult/2856b67f666c934",
        "status" : "skipped",
        "statusDetails" : "XFAIL\n\nselenium.common.exceptions.TimeoutException: Message: Can't find element by locator ('xpath', '//a[text()=\"Упражнения\"]')\nStacktrace:\n#0 0x55f19ede287a <unknown>\n#1 0x55f19e8872e0 <unknown>\n#2 0x55f19e8d8e00 <unknown>\n#3 0x55f19e8d8ff1 <unknown>\n#4 0x55f19e927324 <unknown>\n#5 0x55f19e8fe8dd <unknown>\n#6 0x55f19e92471c <unknown>\n#7 0x55f19e8fe683 <unknown>\n#8 0x55f19e8cab5b <unknown>\n#9 0x55f19e8cbf31 <unknown>\n#10 0x55f19eda77cb <unknown>\n#11 0x55f19edab5d4 <unknown>\n#12 0x55f19ed8e2c9 <unknown>\n#13 0x55f19edac178 <unknown>\n#14 0x55f19ed726bf <unknown>\n#15 0x55f19edcfe78 <unknown>\n#16 0x55f19edd0056 <unknown>\n#17 0x55f19ede1b96 <unknown>\n#18 0x7f822f69caa4 <unknown>\n#19 0x7f822f729c3c <unknown>",
        "time" : {
          "start" : 1754129449308,
          "stop" : 1754129459690,
          "duration" : 10382
        }
      }, {
        "uid" : "b7d4213aed688431",
        "reportUrl" : "https://Brain-up.github.io/auto-tests-python/644//#testresult/b7d4213aed688431",
        "status" : "skipped",
        "statusDetails" : "XFAIL\n\nselenium.common.exceptions.TimeoutException: Message: Can't find element by locator ('xpath', '//a[text()=\"Упражнения\"]')\nStacktrace:\n#0 0x5633e7c5b87a <unknown>\n#1 0x5633e77002e0 <unknown>\n#2 0x5633e7751e00 <unknown>\n#3 0x5633e7751ff1 <unknown>\n#4 0x5633e77a0324 <unknown>\n#5 0x5633e77778dd <unknown>\n#6 0x5633e779d71c <unknown>\n#7 0x5633e7777683 <unknown>\n#8 0x5633e7743b5b <unknown>\n#9 0x5633e7744f31 <unknown>\n#10 0x5633e7c207cb <unknown>\n#11 0x5633e7c245d4 <unknown>\n#12 0x5633e7c072c9 <unknown>\n#13 0x5633e7c25178 <unknown>\n#14 0x5633e7beb6bf <unknown>\n#15 0x5633e7c48e78 <unknown>\n#16 0x5633e7c49056 <unknown>\n#17 0x5633e7c5ab96 <unknown>\n#18 0x7fd45529caa4 <unknown>\n#19 0x7fd455329c3c <unknown>",
        "time" : {
          "start" : 1754034810939,
          "stop" : 1754034821290,
          "duration" : 10351
        }
      }, {
        "uid" : "7d110bd86dae2a0",
        "reportUrl" : "https://Brain-up.github.io/auto-tests-python/643//#testresult/7d110bd86dae2a0",
        "status" : "skipped",
        "statusDetails" : "XFAIL\n\nselenium.common.exceptions.TimeoutException: Message: Can't find element by locator ('xpath', '//a[text()=\"Упражнения\"]')\nStacktrace:\n#0 0x55e5df7dd87a <unknown>\n#1 0x55e5df2822e0 <unknown>\n#2 0x55e5df2d3e00 <unknown>\n#3 0x55e5df2d3ff1 <unknown>\n#4 0x55e5df322324 <unknown>\n#5 0x55e5df2f98dd <unknown>\n#6 0x55e5df31f71c <unknown>\n#7 0x55e5df2f9683 <unknown>\n#8 0x55e5df2c5b5b <unknown>\n#9 0x55e5df2c6f31 <unknown>\n#10 0x55e5df7a27cb <unknown>\n#11 0x55e5df7a65d4 <unknown>\n#12 0x55e5df7892c9 <unknown>\n#13 0x55e5df7a7178 <unknown>\n#14 0x55e5df76d6bf <unknown>\n#15 0x55e5df7cae78 <unknown>\n#16 0x55e5df7cb056 <unknown>\n#17 0x55e5df7dcb96 <unknown>\n#18 0x7f052729caa4 <unknown>\n#19 0x7f0527329c3c <unknown>",
        "time" : {
          "start" : 1753948130612,
          "stop" : 1753948141005,
          "duration" : 10393
        }
      }, {
        "uid" : "88dce5c6f6577de0",
        "reportUrl" : "https://Brain-up.github.io/auto-tests-python/642//#testresult/88dce5c6f6577de0",
        "status" : "skipped",
        "statusDetails" : "XFAIL\n\nselenium.common.exceptions.TimeoutException: Message: Can't find element by locator ('xpath', '//a[text()=\"Упражнения\"]')\nStacktrace:\n#0 0x558ffe29387a <unknown>\n#1 0x558ffdd382e0 <unknown>\n#2 0x558ffdd89e00 <unknown>\n#3 0x558ffdd89ff1 <unknown>\n#4 0x558ffddd8324 <unknown>\n#5 0x558ffddaf8dd <unknown>\n#6 0x558ffddd571c <unknown>\n#7 0x558ffddaf683 <unknown>\n#8 0x558ffdd7bb5b <unknown>\n#9 0x558ffdd7cf31 <unknown>\n#10 0x558ffe2587cb <unknown>\n#11 0x558ffe25c5d4 <unknown>\n#12 0x558ffe23f2c9 <unknown>\n#13 0x558ffe25d178 <unknown>\n#14 0x558ffe2236bf <unknown>\n#15 0x558ffe280e78 <unknown>\n#16 0x558ffe281056 <unknown>\n#17 0x558ffe292b96 <unknown>\n#18 0x7fab3089caa4 <unknown>\n#19 0x7fab30929c3c <unknown>",
        "time" : {
          "start" : 1753879585674,
          "stop" : 1753879596029,
          "duration" : 10355
        }
      }, {
        "uid" : "1cb034ee5fdb25a5",
        "reportUrl" : "https://Brain-up.github.io/auto-tests-python/641//#testresult/1cb034ee5fdb25a5",
        "status" : "skipped",
        "statusDetails" : "XFAIL\n\nselenium.common.exceptions.TimeoutException: Message: Can't find element by locator ('xpath', '//a[text()=\"Упражнения\"]')\nStacktrace:\n#0 0x55da3fb467da <unknown>\n#1 0x55da3f5eb2e0 <unknown>\n#2 0x55da3f63ce00 <unknown>\n#3 0x55da3f63cff1 <unknown>\n#4 0x55da3f68b324 <unknown>\n#5 0x55da3f6628dd <unknown>\n#6 0x55da3f68871c <unknown>\n#7 0x55da3f662683 <unknown>\n#8 0x55da3f62eb5b <unknown>\n#9 0x55da3f62ff31 <unknown>\n#10 0x55da3fb0b72b <unknown>\n#11 0x55da3fb0f534 <unknown>\n#12 0x55da3faf2229 <unknown>\n#13 0x55da3fb100d8 <unknown>\n#14 0x55da3fad661f <unknown>\n#15 0x55da3fb33dd8 <unknown>\n#16 0x55da3fb33fb6 <unknown>\n#17 0x55da3fb45af6 <unknown>\n#18 0x7f8d1b69caa4 <unknown>\n#19 0x7f8d1b729c3c <unknown>",
        "time" : {
          "start" : 1753777909739,
          "stop" : 1753777920078,
          "duration" : 10339
        }
      }, {
        "uid" : "6ee230f251e84035",
        "reportUrl" : "https://Brain-up.github.io/auto-tests-python/640//#testresult/6ee230f251e84035",
        "status" : "skipped",
        "statusDetails" : "XFAIL\n\nselenium.common.exceptions.TimeoutException: Message: Can't find element by locator ('xpath', '//a[text()=\"Упражнения\"]')\nStacktrace:\n#0 0x55ef578e37da <unknown>\n#1 0x55ef573882e0 <unknown>\n#2 0x55ef573d9e00 <unknown>\n#3 0x55ef573d9ff1 <unknown>\n#4 0x55ef57428324 <unknown>\n#5 0x55ef573ff8dd <unknown>\n#6 0x55ef5742571c <unknown>\n#7 0x55ef573ff683 <unknown>\n#8 0x55ef573cbb5b <unknown>\n#9 0x55ef573ccf31 <unknown>\n#10 0x55ef578a872b <unknown>\n#11 0x55ef578ac534 <unknown>\n#12 0x55ef5788f229 <unknown>\n#13 0x55ef578ad0d8 <unknown>\n#14 0x55ef5787361f <unknown>\n#15 0x55ef578d0dd8 <unknown>\n#16 0x55ef578d0fb6 <unknown>\n#17 0x55ef578e2af6 <unknown>\n#18 0x7fec2689caa4 <unknown>\n#19 0x7fec26929c3c <unknown>",
        "time" : {
          "start" : 1753687816497,
          "stop" : 1753687826842,
          "duration" : 10345
        }
      }, {
        "uid" : "b3eefb6d4e29f02c",
        "reportUrl" : "https://Brain-up.github.io/auto-tests-python/639//#testresult/b3eefb6d4e29f02c",
        "status" : "skipped",
        "statusDetails" : "XFAIL\n\nselenium.common.exceptions.TimeoutException: Message: Can't find element by locator ('xpath', '//a[text()=\"Упражнения\"]')\nStacktrace:\n#0 0x55b281f9f7da <unknown>\n#1 0x55b281a442e0 <unknown>\n#2 0x55b281a95e00 <unknown>\n#3 0x55b281a95ff1 <unknown>\n#4 0x55b281ae4324 <unknown>\n#5 0x55b281abb8dd <unknown>\n#6 0x55b281ae171c <unknown>\n#7 0x55b281abb683 <unknown>\n#8 0x55b281a87b5b <unknown>\n#9 0x55b281a88f31 <unknown>\n#10 0x55b281f6472b <unknown>\n#11 0x55b281f68534 <unknown>\n#12 0x55b281f4b229 <unknown>\n#13 0x55b281f690d8 <unknown>\n#14 0x55b281f2f61f <unknown>\n#15 0x55b281f8cdd8 <unknown>\n#16 0x55b281f8cfb6 <unknown>\n#17 0x55b281f9eaf6 <unknown>\n#18 0x7fcaa529caa4 <unknown>\n#19 0x7fcaa5329c3c <unknown>",
        "time" : {
          "start" : 1753563795791,
          "stop" : 1753563806119,
          "duration" : 10328
        }
      }, {
        "uid" : "aa05e878287477b1",
        "reportUrl" : "https://Brain-up.github.io/auto-tests-python/638//#testresult/aa05e878287477b1",
        "status" : "skipped",
        "statusDetails" : "XFAIL\n\nselenium.common.exceptions.TimeoutException: Message: Can't find element by locator ('xpath', '//a[text()=\"Упражнения\"]')\nStacktrace:\n#0 0x55a1de3177da <unknown>\n#1 0x55a1dddbc2e0 <unknown>\n#2 0x55a1dde0de00 <unknown>\n#3 0x55a1dde0dff1 <unknown>\n#4 0x55a1dde5c324 <unknown>\n#5 0x55a1dde338dd <unknown>\n#6 0x55a1dde5971c <unknown>\n#7 0x55a1dde33683 <unknown>\n#8 0x55a1dddffb5b <unknown>\n#9 0x55a1dde00f31 <unknown>\n#10 0x55a1de2dc72b <unknown>\n#11 0x55a1de2e0534 <unknown>\n#12 0x55a1de2c3229 <unknown>\n#13 0x55a1de2e10d8 <unknown>\n#14 0x55a1de2a761f <unknown>\n#15 0x55a1de304dd8 <unknown>\n#16 0x55a1de304fb6 <unknown>\n#17 0x55a1de316af6 <unknown>\n#18 0x7f392fa9caa4 <unknown>\n#19 0x7f392fb29c3c <unknown>",
        "time" : {
          "start" : 1753439771913,
          "stop" : 1753439782328,
          "duration" : 10415
        }
      }, {
        "uid" : "c2186576fdc4dddc",
        "reportUrl" : "https://Brain-up.github.io/auto-tests-python/637//#testresult/c2186576fdc4dddc",
        "status" : "skipped",
        "statusDetails" : "XFAIL\n\nselenium.common.exceptions.TimeoutException: Message: Can't find element by locator ('xpath', '//a[text()=\"Упражнения\"]')\nStacktrace:\n#0 0x55ac7d1b67da <unknown>\n#1 0x55ac7cc5b2e0 <unknown>\n#2 0x55ac7ccace00 <unknown>\n#3 0x55ac7ccacff1 <unknown>\n#4 0x55ac7ccfb324 <unknown>\n#5 0x55ac7ccd28dd <unknown>\n#6 0x55ac7ccf871c <unknown>\n#7 0x55ac7ccd2683 <unknown>\n#8 0x55ac7cc9eb5b <unknown>\n#9 0x55ac7cc9ff31 <unknown>\n#10 0x55ac7d17b72b <unknown>\n#11 0x55ac7d17f534 <unknown>\n#12 0x55ac7d162229 <unknown>\n#13 0x55ac7d1800d8 <unknown>\n#14 0x55ac7d14661f <unknown>\n#15 0x55ac7d1a3dd8 <unknown>\n#16 0x55ac7d1a3fb6 <unknown>\n#17 0x55ac7d1b5af6 <unknown>\n#18 0x7fd255c9caa4 <unknown>\n#19 0x7fd255d29c3c <unknown>",
        "time" : {
          "start" : 1753357998798,
          "stop" : 1753358009140,
          "duration" : 10342
        }
      } ]
    },
    "tags" : [ "@pytest.mark.xfail" ]
  },
  "source" : "ab7ebb34f81ecb5d.json",
  "parameterValues" : [ ]
}