{
  "uid" : "71fa43024ab88eba",
  "name" : "Select random card from \"Word\" group and compare UI vs BACKEND data",
  "fullName" : "tests.test_speech_exercises_en.TestCardsEN#test_random_word_cards_en",
  "historyId" : "84999af5e98c6318908a9abbfe6fc3a3",
  "time" : {
    "start" : 1753174124352,
    "stop" : 1753174134779,
    "duration" : 10427
  },
  "status" : "skipped",
  "statusMessage" : "XFAIL\n\nselenium.common.exceptions.TimeoutException: Message: Can't find element by locator ('xpath', '//button[@data-test-active-link=\"Words\"]')\nStacktrace:\n#0 0x5574b0c0a23a <unknown>\n#1 0x5574b06b4ab0 <unknown>\n#2 0x5574b07066f0 <unknown>\n#3 0x5574b07068e1 <unknown>\n#4 0x5574b0754b94 <unknown>\n#5 0x5574b072c1cd <unknown>\n#6 0x5574b0751fee <unknown>\n#7 0x5574b072bf73 <unknown>\n#8 0x5574b06f8aeb <unknown>\n#9 0x5574b06f9751 <unknown>\n#10 0x5574b0bceb4b <unknown>\n#11 0x5574b0bd2929 <unknown>\n#12 0x5574b0bb5929 <unknown>\n#13 0x5574b0bd34e8 <unknown>\n#14 0x5574b0b9a0df <unknown>\n#15 0x5574b0bf78e8 <unknown>\n#16 0x5574b0bf7ac6 <unknown>\n#17 0x5574b0c09556 <unknown>\n#18 0x7fb87429caa4 <unknown>\n#19 0x7fb874329c3c <unknown>",
  "statusTrace" : "self = <tests.test_speech_exercises_en.TestCardsEN object at 0x7f19c8a50740>\ndriver = <selenium.webdriver.chrome.webdriver.WebDriver (session=\"aed0df26add4038c3bc4281434b05a02\")>\nspecialist_user_authorized = None\n\n    @pytest.mark.xfail\n    @allure.suite(\"Speech exercises EN.\")\n    @allure.title('Select random card from \"Word\" group and compare UI vs BACKEND data')\n    def test_random_word_cards_en(self, driver, specialist_user_authorized):\n        page = SpeechExercisesPage(driver)\n>       page.select_group(SpeechExercisesPageLocators.WORDS_BUTTON_EN)\n\ntests/test_speech_exercises_en.py:16: \n_ _ _ _ _ _ _ _ _ _ _ _ _ _ _ _ _ _ _ _ _ _ _ _ _ _ _ _ _ _ _ _ _ _ _ _ _ _ _ _ \npages/speech_exercises_page_en.py:18: in select_group\n    text_of_the_button = self.element_is_present_and_clickable(selector_for_sub_group)\npages/base_page.py:40: in element_is_present_and_clickable\n    return (Wait(self.driver, self.timeout).until(\n_ _ _ _ _ _ _ _ _ _ _ _ _ _ _ _ _ _ _ _ _ _ _ _ _ _ _ _ _ _ _ _ _ _ _ _ _ _ _ _ \n\nself = <selenium.webdriver.support.wait.WebDriverWait (session=\"aed0df26add4038c3bc4281434b05a02\")>\nmethod = <function visibility_of_element_located.<locals>._predicate at 0x7f19c893ff60>\nmessage = 'Can\\'t find element by locator (\\'xpath\\', \\'//button[@data-test-active-link=\"Words\"]\\')'\n\n    def until(self, method, message: str = \"\"):\n        \"\"\"Calls the method provided with the driver as an argument until the \\\n        return value does not evaluate to ``False``.\n    \n        :param method: callable(WebDriver)\n        :param message: optional message for :exc:`TimeoutException`\n        :returns: the result of the last call to `method`\n        :raises: :exc:`selenium.common.exceptions.TimeoutException` if timeout occurs\n        \"\"\"\n        screen = None\n        stacktrace = None\n    \n        end_time = time.monotonic() + self._timeout\n        while True:\n            try:\n                value = method(self._driver)\n                if value:\n                    return value\n            except self._ignored_exceptions as exc:\n                screen = getattr(exc, \"screen\", None)\n                stacktrace = getattr(exc, \"stacktrace\", None)\n            time.sleep(self._poll)\n            if time.monotonic() > end_time:\n                break\n>       raise TimeoutException(message, screen, stacktrace)\nE       selenium.common.exceptions.TimeoutException: Message: Can't find element by locator ('xpath', '//button[@data-test-active-link=\"Words\"]')\nE       Stacktrace:\nE       #0 0x5574b0c0a23a <unknown>\nE       #1 0x5574b06b4ab0 <unknown>\nE       #2 0x5574b07066f0 <unknown>\nE       #3 0x5574b07068e1 <unknown>\nE       #4 0x5574b0754b94 <unknown>\nE       #5 0x5574b072c1cd <unknown>\nE       #6 0x5574b0751fee <unknown>\nE       #7 0x5574b072bf73 <unknown>\nE       #8 0x5574b06f8aeb <unknown>\nE       #9 0x5574b06f9751 <unknown>\nE       #10 0x5574b0bceb4b <unknown>\nE       #11 0x5574b0bd2929 <unknown>\nE       #12 0x5574b0bb5929 <unknown>\nE       #13 0x5574b0bd34e8 <unknown>\nE       #14 0x5574b0b9a0df <unknown>\nE       #15 0x5574b0bf78e8 <unknown>\nE       #16 0x5574b0bf7ac6 <unknown>\nE       #17 0x5574b0c09556 <unknown>\nE       #18 0x7fb87429caa4 <unknown>\nE       #19 0x7fb874329c3c <unknown>\n\n/opt/hostedtoolcache/Python/3.12.11/x64/lib/python3.12/site-packages/selenium/webdriver/support/wait.py:95: TimeoutException",
  "flaky" : false,
  "newFailed" : false,
  "beforeStages" : [ {
    "name" : "clear_allure_results_folder",
    "time" : {
      "start" : 1753172874756,
      "stop" : 1753172874756,
      "duration" : 0
    },
    "status" : "passed",
    "steps" : [ ],
    "attachments" : [ ],
    "parameters" : [ ],
    "stepsCount" : 0,
    "attachmentsCount" : 0,
    "shouldDisplayMessage" : false,
    "hasContent" : false
  }, {
    "name" : "specialist_user_authorized",
    "time" : {
      "start" : 1753174121412,
      "stop" : 1753174124352,
      "duration" : 2940
    },
    "status" : "passed",
    "steps" : [ {
      "name" : "USER specialist authorized",
      "time" : {
        "start" : 1753174121412,
        "stop" : 1753174124352,
        "duration" : 2940
      },
      "status" : "passed",
      "steps" : [ {
        "name" : "Check url is present: https://www.brainup.site/groups",
        "time" : {
          "start" : 1753174121795,
          "stop" : 1753174124324,
          "duration" : 2529
        },
        "status" : "passed",
        "steps" : [ ],
        "attachments" : [ ],
        "parameters" : [ ],
        "stepsCount" : 0,
        "attachmentsCount" : 0,
        "shouldDisplayMessage" : false,
        "hasContent" : false
      }, {
        "name" : "Loader checking",
        "time" : {
          "start" : 1753174124325,
          "stop" : 1753174124352,
          "duration" : 27
        },
        "status" : "passed",
        "steps" : [ ],
        "attachments" : [ ],
        "parameters" : [ ],
        "stepsCount" : 0,
        "attachmentsCount" : 0,
        "shouldDisplayMessage" : false,
        "hasContent" : false
      } ],
      "attachments" : [ ],
      "parameters" : [ {
        "name" : "driver",
        "value" : "<selenium.webdriver.chrome.webdriver.WebDriver (session=\"aed0df26add4038c3bc4281434b05a02\")>"
      }, {
        "name" : "main_page_open",
        "value" : "None"
      } ],
      "stepsCount" : 2,
      "attachmentsCount" : 0,
      "shouldDisplayMessage" : false,
      "hasContent" : true
    } ],
    "attachments" : [ ],
    "parameters" : [ ],
    "stepsCount" : 3,
    "attachmentsCount" : 0,
    "shouldDisplayMessage" : false,
    "hasContent" : true
  }, {
    "name" : "main_page_open",
    "time" : {
      "start" : 1753174117957,
      "stop" : 1753174121412,
      "duration" : 3455
    },
    "status" : "passed",
    "steps" : [ {
      "name" : "Open page: https://www.brainup.site/",
      "time" : {
        "start" : 1753174117957,
        "stop" : 1753174121412,
        "duration" : 3455
      },
      "status" : "passed",
      "steps" : [ ],
      "attachments" : [ ],
      "parameters" : [ {
        "name" : "driver",
        "value" : "<selenium.webdriver.chrome.webdriver.WebDriver (session=\"aed0df26add4038c3bc4281434b05a02\")>"
      } ],
      "stepsCount" : 0,
      "attachmentsCount" : 0,
      "shouldDisplayMessage" : false,
      "hasContent" : true
    } ],
    "attachments" : [ ],
    "parameters" : [ ],
    "stepsCount" : 1,
    "attachmentsCount" : 0,
    "shouldDisplayMessage" : false,
    "hasContent" : true
  }, {
    "name" : "driver",
    "time" : {
      "start" : 1753174117131,
      "stop" : 1753174117957,
      "duration" : 826
    },
    "status" : "passed",
    "steps" : [ ],
    "attachments" : [ ],
    "parameters" : [ ],
    "stepsCount" : 0,
    "attachmentsCount" : 0,
    "shouldDisplayMessage" : false,
    "hasContent" : false
  } ],
  "testStage" : {
    "status" : "skipped",
    "statusMessage" : "XFAIL\n\nselenium.common.exceptions.TimeoutException: Message: Can't find element by locator ('xpath', '//button[@data-test-active-link=\"Words\"]')\nStacktrace:\n#0 0x5574b0c0a23a <unknown>\n#1 0x5574b06b4ab0 <unknown>\n#2 0x5574b07066f0 <unknown>\n#3 0x5574b07068e1 <unknown>\n#4 0x5574b0754b94 <unknown>\n#5 0x5574b072c1cd <unknown>\n#6 0x5574b0751fee <unknown>\n#7 0x5574b072bf73 <unknown>\n#8 0x5574b06f8aeb <unknown>\n#9 0x5574b06f9751 <unknown>\n#10 0x5574b0bceb4b <unknown>\n#11 0x5574b0bd2929 <unknown>\n#12 0x5574b0bb5929 <unknown>\n#13 0x5574b0bd34e8 <unknown>\n#14 0x5574b0b9a0df <unknown>\n#15 0x5574b0bf78e8 <unknown>\n#16 0x5574b0bf7ac6 <unknown>\n#17 0x5574b0c09556 <unknown>\n#18 0x7fb87429caa4 <unknown>\n#19 0x7fb874329c3c <unknown>",
    "statusTrace" : "self = <tests.test_speech_exercises_en.TestCardsEN object at 0x7f19c8a50740>\ndriver = <selenium.webdriver.chrome.webdriver.WebDriver (session=\"aed0df26add4038c3bc4281434b05a02\")>\nspecialist_user_authorized = None\n\n    @pytest.mark.xfail\n    @allure.suite(\"Speech exercises EN.\")\n    @allure.title('Select random card from \"Word\" group and compare UI vs BACKEND data')\n    def test_random_word_cards_en(self, driver, specialist_user_authorized):\n        page = SpeechExercisesPage(driver)\n>       page.select_group(SpeechExercisesPageLocators.WORDS_BUTTON_EN)\n\ntests/test_speech_exercises_en.py:16: \n_ _ _ _ _ _ _ _ _ _ _ _ _ _ _ _ _ _ _ _ _ _ _ _ _ _ _ _ _ _ _ _ _ _ _ _ _ _ _ _ \npages/speech_exercises_page_en.py:18: in select_group\n    text_of_the_button = self.element_is_present_and_clickable(selector_for_sub_group)\npages/base_page.py:40: in element_is_present_and_clickable\n    return (Wait(self.driver, self.timeout).until(\n_ _ _ _ _ _ _ _ _ _ _ _ _ _ _ _ _ _ _ _ _ _ _ _ _ _ _ _ _ _ _ _ _ _ _ _ _ _ _ _ \n\nself = <selenium.webdriver.support.wait.WebDriverWait (session=\"aed0df26add4038c3bc4281434b05a02\")>\nmethod = <function visibility_of_element_located.<locals>._predicate at 0x7f19c893ff60>\nmessage = 'Can\\'t find element by locator (\\'xpath\\', \\'//button[@data-test-active-link=\"Words\"]\\')'\n\n    def until(self, method, message: str = \"\"):\n        \"\"\"Calls the method provided with the driver as an argument until the \\\n        return value does not evaluate to ``False``.\n    \n        :param method: callable(WebDriver)\n        :param message: optional message for :exc:`TimeoutException`\n        :returns: the result of the last call to `method`\n        :raises: :exc:`selenium.common.exceptions.TimeoutException` if timeout occurs\n        \"\"\"\n        screen = None\n        stacktrace = None\n    \n        end_time = time.monotonic() + self._timeout\n        while True:\n            try:\n                value = method(self._driver)\n                if value:\n                    return value\n            except self._ignored_exceptions as exc:\n                screen = getattr(exc, \"screen\", None)\n                stacktrace = getattr(exc, \"stacktrace\", None)\n            time.sleep(self._poll)\n            if time.monotonic() > end_time:\n                break\n>       raise TimeoutException(message, screen, stacktrace)\nE       selenium.common.exceptions.TimeoutException: Message: Can't find element by locator ('xpath', '//button[@data-test-active-link=\"Words\"]')\nE       Stacktrace:\nE       #0 0x5574b0c0a23a <unknown>\nE       #1 0x5574b06b4ab0 <unknown>\nE       #2 0x5574b07066f0 <unknown>\nE       #3 0x5574b07068e1 <unknown>\nE       #4 0x5574b0754b94 <unknown>\nE       #5 0x5574b072c1cd <unknown>\nE       #6 0x5574b0751fee <unknown>\nE       #7 0x5574b072bf73 <unknown>\nE       #8 0x5574b06f8aeb <unknown>\nE       #9 0x5574b06f9751 <unknown>\nE       #10 0x5574b0bceb4b <unknown>\nE       #11 0x5574b0bd2929 <unknown>\nE       #12 0x5574b0bb5929 <unknown>\nE       #13 0x5574b0bd34e8 <unknown>\nE       #14 0x5574b0b9a0df <unknown>\nE       #15 0x5574b0bf78e8 <unknown>\nE       #16 0x5574b0bf7ac6 <unknown>\nE       #17 0x5574b0c09556 <unknown>\nE       #18 0x7fb87429caa4 <unknown>\nE       #19 0x7fb874329c3c <unknown>\n\n/opt/hostedtoolcache/Python/3.12.11/x64/lib/python3.12/site-packages/selenium/webdriver/support/wait.py:95: TimeoutException",
    "steps" : [ {
      "name" : "select_group",
      "time" : {
        "start" : 1753174124352,
        "stop" : 1753174134778,
        "duration" : 10426
      },
      "status" : "broken",
      "statusMessage" : "selenium.common.exceptions.TimeoutException: Message: Can't find element by locator ('xpath', '//button[@data-test-active-link=\"Words\"]')\nStacktrace:\n#0 0x5574b0c0a23a <unknown>\n#1 0x5574b06b4ab0 <unknown>\n#2 0x5574b07066f0 <unknown>\n#3 0x5574b07068e1 <unknown>\n#4 0x5574b0754b94 <unknown>\n#5 0x5574b072c1cd <unknown>\n#6 0x5574b0751fee <unknown>\n#7 0x5574b072bf73 <unknown>\n#8 0x5574b06f8aeb <unknown>\n#9 0x5574b06f9751 <unknown>\n#10 0x5574b0bceb4b <unknown>\n#11 0x5574b0bd2929 <unknown>\n#12 0x5574b0bb5929 <unknown>\n#13 0x5574b0bd34e8 <unknown>\n#14 0x5574b0b9a0df <unknown>\n#15 0x5574b0bf78e8 <unknown>\n#16 0x5574b0bf7ac6 <unknown>\n#17 0x5574b0c09556 <unknown>\n#18 0x7fb87429caa4 <unknown>\n#19 0x7fb874329c3c <unknown>\n\n",
      "statusTrace" : "  File \"/opt/hostedtoolcache/Python/3.12.11/x64/lib/python3.12/site-packages/allure_commons/_allure.py\", line 192, in impl\n    return func(*a, **kw)\n           ^^^^^^^^^^^^^^\n  File \"/home/runner/work/auto-tests-python/auto-tests-python/pages/speech_exercises_page_en.py\", line 18, in select_group\n    text_of_the_button = self.element_is_present_and_clickable(selector_for_sub_group)\n                         ^^^^^^^^^^^^^^^^^^^^^^^^^^^^^^^^^^^^^^^^^^^^^^^^^^^^^^^^^^^^^\n  File \"/home/runner/work/auto-tests-python/auto-tests-python/pages/base_page.py\", line 40, in element_is_present_and_clickable\n    return (Wait(self.driver, self.timeout).until(\n            ^^^^^^^^^^^^^^^^^^^^^^^^^^^^^^^^^^^^^^\n  File \"/opt/hostedtoolcache/Python/3.12.11/x64/lib/python3.12/site-packages/selenium/webdriver/support/wait.py\", line 95, in until\n    raise TimeoutException(message, screen, stacktrace)\n",
      "steps" : [ {
        "name" : "Select Russian language. Click \"EN\" button.",
        "time" : {
          "start" : 1753174124352,
          "stop" : 1753174124437,
          "duration" : 85
        },
        "status" : "passed",
        "steps" : [ ],
        "attachments" : [ ],
        "parameters" : [ ],
        "stepsCount" : 0,
        "attachmentsCount" : 0,
        "shouldDisplayMessage" : false,
        "hasContent" : false
      }, {
        "name" : "Click button \"SPEECH EXERCISES\".",
        "time" : {
          "start" : 1753174124437,
          "stop" : 1753174124517,
          "duration" : 80
        },
        "status" : "passed",
        "steps" : [ ],
        "attachments" : [ ],
        "parameters" : [ ],
        "stepsCount" : 0,
        "attachmentsCount" : 0,
        "shouldDisplayMessage" : false,
        "hasContent" : false
      } ],
      "attachments" : [ ],
      "parameters" : [ {
        "name" : "selector_for_sub_group",
        "value" : "('xpath', '//button[@data-test-active-link=\"Words\"]')"
      } ],
      "stepsCount" : 2,
      "attachmentsCount" : 0,
      "shouldDisplayMessage" : true,
      "hasContent" : true
    } ],
    "attachments" : [ ],
    "parameters" : [ ],
    "stepsCount" : 3,
    "attachmentsCount" : 0,
    "shouldDisplayMessage" : true,
    "hasContent" : true
  },
  "afterStages" : [ {
    "name" : "driver::0",
    "time" : {
      "start" : 1753174134790,
      "stop" : 1753174134859,
      "duration" : 69
    },
    "status" : "passed",
    "steps" : [ ],
    "attachments" : [ ],
    "parameters" : [ ],
    "stepsCount" : 0,
    "attachmentsCount" : 0,
    "shouldDisplayMessage" : false,
    "hasContent" : false
  } ],
  "labels" : [ {
    "name" : "suite",
    "value" : "Speech exercises EN."
  }, {
    "name" : "epic",
    "value" : "Speech exercises."
  }, {
    "name" : "tag",
    "value" : "@pytest.mark.xfail"
  }, {
    "name" : "parentSuite",
    "value" : "tests"
  }, {
    "name" : "subSuite",
    "value" : "TestCardsEN"
  }, {
    "name" : "host",
    "value" : "pkrvmq0rgcvqdmg"
  }, {
    "name" : "thread",
    "value" : "2608-MainThread"
  }, {
    "name" : "framework",
    "value" : "pytest"
  }, {
    "name" : "language",
    "value" : "cpython3"
  }, {
    "name" : "package",
    "value" : "tests.test_speech_exercises_en"
  }, {
    "name" : "resultFormat",
    "value" : "allure2"
  } ],
  "parameters" : [ ],
  "links" : [ ],
  "hidden" : false,
  "retry" : false,
  "extra" : {
    "severity" : "normal",
    "retries" : [ ],
    "categories" : [ ],
    "history" : {
      "statistic" : {
        "failed" : 0,
        "broken" : 0,
        "skipped" : 264,
        "passed" : 1,
        "unknown" : 0,
        "total" : 265
      },
      "items" : [ {
        "uid" : "4840c5a1387e531c",
        "reportUrl" : "https://Brain-up.github.io/auto-tests-python/632//#testresult/4840c5a1387e531c",
        "status" : "skipped",
        "statusDetails" : "XFAIL\n\nselenium.common.exceptions.TimeoutException: Message: Can't find element by locator ('xpath', '//button[@data-test-active-link=\"Words\"]')\nStacktrace:\n#0 0x564bd7dea23a <unknown>\n#1 0x564bd7894ab0 <unknown>\n#2 0x564bd78e66f0 <unknown>\n#3 0x564bd78e68e1 <unknown>\n#4 0x564bd7934b94 <unknown>\n#5 0x564bd790c1cd <unknown>\n#6 0x564bd7931fee <unknown>\n#7 0x564bd790bf73 <unknown>\n#8 0x564bd78d8aeb <unknown>\n#9 0x564bd78d9751 <unknown>\n#10 0x564bd7daeb4b <unknown>\n#11 0x564bd7db2929 <unknown>\n#12 0x564bd7d95929 <unknown>\n#13 0x564bd7db34e8 <unknown>\n#14 0x564bd7d7a0df <unknown>\n#15 0x564bd7dd78e8 <unknown>\n#16 0x564bd7dd7ac6 <unknown>\n#17 0x564bd7de9556 <unknown>\n#18 0x7f11e349caa4 <unknown>\n#19 0x7f11e3529c3c <unknown>",
        "time" : {
          "start" : 1752870885101,
          "stop" : 1752870895558,
          "duration" : 10457
        }
      }, {
        "uid" : "4f5926d198b89727",
        "reportUrl" : "https://Brain-up.github.io/auto-tests-python/631//#testresult/4f5926d198b89727",
        "status" : "skipped",
        "statusDetails" : "XFAIL\n\nselenium.common.exceptions.TimeoutException: Message: Can't find element by locator ('xpath', '//button[@data-test-active-link=\"Words\"]')\nStacktrace:\n#0 0x563c463e423a <unknown>\n#1 0x563c45e8eab0 <unknown>\n#2 0x563c45ee06f0 <unknown>\n#3 0x563c45ee08e1 <unknown>\n#4 0x563c45f2eb94 <unknown>\n#5 0x563c45f061cd <unknown>\n#6 0x563c45f2bfee <unknown>\n#7 0x563c45f05f73 <unknown>\n#8 0x563c45ed2aeb <unknown>\n#9 0x563c45ed3751 <unknown>\n#10 0x563c463a8b4b <unknown>\n#11 0x563c463ac929 <unknown>\n#12 0x563c4638f929 <unknown>\n#13 0x563c463ad4e8 <unknown>\n#14 0x563c463740df <unknown>\n#15 0x563c463d18e8 <unknown>\n#16 0x563c463d1ac6 <unknown>\n#17 0x563c463e3556 <unknown>\n#18 0x7f2c2fe9caa4 <unknown>\n#19 0x7f2c2ff29c3c <unknown>",
        "time" : {
          "start" : 1752734690242,
          "stop" : 1752734700696,
          "duration" : 10454
        }
      }, {
        "uid" : "d2fadde879ef3090",
        "reportUrl" : "https://Brain-up.github.io/auto-tests-python/630//#testresult/d2fadde879ef3090",
        "status" : "skipped",
        "statusDetails" : "XFAIL\n\nselenium.common.exceptions.TimeoutException: Message: Can't find element by locator ('xpath', '//button[@data-test-active-link=\"Words\"]')\nStacktrace:\n#0 0x56080a76823a <unknown>\n#1 0x56080a212ab0 <unknown>\n#2 0x56080a2646f0 <unknown>\n#3 0x56080a2648e1 <unknown>\n#4 0x56080a2b2b94 <unknown>\n#5 0x56080a28a1cd <unknown>\n#6 0x56080a2affee <unknown>\n#7 0x56080a289f73 <unknown>\n#8 0x56080a256aeb <unknown>\n#9 0x56080a257751 <unknown>\n#10 0x56080a72cb4b <unknown>\n#11 0x56080a730929 <unknown>\n#12 0x56080a713929 <unknown>\n#13 0x56080a7314e8 <unknown>\n#14 0x56080a6f80df <unknown>\n#15 0x56080a7558e8 <unknown>\n#16 0x56080a755ac6 <unknown>\n#17 0x56080a767556 <unknown>\n#18 0x7fafc529caa4 <unknown>\n#19 0x7fafc5329c3c <unknown>",
        "time" : {
          "start" : 1752675175104,
          "stop" : 1752675185541,
          "duration" : 10437
        }
      }, {
        "uid" : "500cf99aa34f443f",
        "reportUrl" : "https://Brain-up.github.io/auto-tests-python/629//#testresult/500cf99aa34f443f",
        "status" : "skipped",
        "statusDetails" : "XFAIL\n\nselenium.common.exceptions.TimeoutException: Message: Can't find element by locator ('xpath', '//button[@data-test-active-link=\"Words\"]')\nStacktrace:\n#0 0x563e7a4c923a <unknown>\n#1 0x563e79f73ab0 <unknown>\n#2 0x563e79fc56f0 <unknown>\n#3 0x563e79fc58e1 <unknown>\n#4 0x563e7a013b94 <unknown>\n#5 0x563e79feb1cd <unknown>\n#6 0x563e7a010fee <unknown>\n#7 0x563e79feaf73 <unknown>\n#8 0x563e79fb7aeb <unknown>\n#9 0x563e79fb8751 <unknown>\n#10 0x563e7a48db4b <unknown>\n#11 0x563e7a491929 <unknown>\n#12 0x563e7a474929 <unknown>\n#13 0x563e7a4924e8 <unknown>\n#14 0x563e7a4590df <unknown>\n#15 0x563e7a4b68e8 <unknown>\n#16 0x563e7a4b6ac6 <unknown>\n#17 0x563e7a4c8556 <unknown>\n#18 0x7f1da789caa4 <unknown>\n#19 0x7f1da7929c3c <unknown>",
        "time" : {
          "start" : 1752571839647,
          "stop" : 1752571850118,
          "duration" : 10471
        }
      }, {
        "uid" : "8dee066b9cb5918d",
        "reportUrl" : "https://Brain-up.github.io/auto-tests-python/628//#testresult/8dee066b9cb5918d",
        "status" : "skipped",
        "statusDetails" : "XFAIL\n\nselenium.common.exceptions.TimeoutException: Message: Can't find element by locator ('xpath', '//button[@data-test-active-link=\"Words\"]')\nStacktrace:\n#0 0x55def4c5123a <unknown>\n#1 0x55def46fbab0 <unknown>\n#2 0x55def474d6f0 <unknown>\n#3 0x55def474d8e1 <unknown>\n#4 0x55def479bb94 <unknown>\n#5 0x55def47731cd <unknown>\n#6 0x55def4798fee <unknown>\n#7 0x55def4772f73 <unknown>\n#8 0x55def473faeb <unknown>\n#9 0x55def4740751 <unknown>\n#10 0x55def4c15b4b <unknown>\n#11 0x55def4c19929 <unknown>\n#12 0x55def4bfc929 <unknown>\n#13 0x55def4c1a4e8 <unknown>\n#14 0x55def4be10df <unknown>\n#15 0x55def4c3e8e8 <unknown>\n#16 0x55def4c3eac6 <unknown>\n#17 0x55def4c50556 <unknown>\n#18 0x7efd2269caa4 <unknown>\n#19 0x7efd22729c3c <unknown>",
        "time" : {
          "start" : 1752485391783,
          "stop" : 1752485402190,
          "duration" : 10407
        }
      }, {
        "uid" : "ff3300a8434e9527",
        "reportUrl" : "https://Brain-up.github.io/auto-tests-python/627//#testresult/ff3300a8434e9527",
        "status" : "skipped",
        "statusDetails" : "XFAIL\n\nselenium.common.exceptions.TimeoutException: Message: Can't find element by locator ('xpath', '//button[@data-test-active-link=\"Words\"]')\nStacktrace:\n#0 0x558c403b123a <unknown>\n#1 0x558c3fe5bab0 <unknown>\n#2 0x558c3fead6f0 <unknown>\n#3 0x558c3fead8e1 <unknown>\n#4 0x558c3fefbb94 <unknown>\n#5 0x558c3fed31cd <unknown>\n#6 0x558c3fef8fee <unknown>\n#7 0x558c3fed2f73 <unknown>\n#8 0x558c3fe9faeb <unknown>\n#9 0x558c3fea0751 <unknown>\n#10 0x558c40375b4b <unknown>\n#11 0x558c40379929 <unknown>\n#12 0x558c4035c929 <unknown>\n#13 0x558c4037a4e8 <unknown>\n#14 0x558c403410df <unknown>\n#15 0x558c4039e8e8 <unknown>\n#16 0x558c4039eac6 <unknown>\n#17 0x558c403b0556 <unknown>\n#18 0x7f0baee9caa4 <unknown>\n#19 0x7f0baef29c3c <unknown>",
        "time" : {
          "start" : 1752402479741,
          "stop" : 1752402490156,
          "duration" : 10415
        }
      }, {
        "uid" : "4123472e4e7546b6",
        "reportUrl" : "https://Brain-up.github.io/auto-tests-python/626//#testresult/4123472e4e7546b6",
        "status" : "skipped",
        "statusDetails" : "XFAIL\n\nselenium.common.exceptions.TimeoutException: Message: Can't find element by locator ('xpath', '//button[@data-test-active-link=\"Words\"]')\nStacktrace:\n#0 0x55c7afbbf23a <unknown>\n#1 0x55c7af669ab0 <unknown>\n#2 0x55c7af6bb6f0 <unknown>\n#3 0x55c7af6bb8e1 <unknown>\n#4 0x55c7af709b94 <unknown>\n#5 0x55c7af6e11cd <unknown>\n#6 0x55c7af706fee <unknown>\n#7 0x55c7af6e0f73 <unknown>\n#8 0x55c7af6adaeb <unknown>\n#9 0x55c7af6ae751 <unknown>\n#10 0x55c7afb83b4b <unknown>\n#11 0x55c7afb87929 <unknown>\n#12 0x55c7afb6a929 <unknown>\n#13 0x55c7afb884e8 <unknown>\n#14 0x55c7afb4f0df <unknown>\n#15 0x55c7afbac8e8 <unknown>\n#16 0x55c7afbacac6 <unknown>\n#17 0x55c7afbbe556 <unknown>\n#18 0x7fc383e9caa4 <unknown>\n#19 0x7fc383f29c3c <unknown>",
        "time" : {
          "start" : 1752301369619,
          "stop" : 1752301380021,
          "duration" : 10402
        }
      }, {
        "uid" : "21bfead4c6a5c70b",
        "reportUrl" : "https://Brain-up.github.io/auto-tests-python/625//#testresult/21bfead4c6a5c70b",
        "status" : "skipped",
        "statusDetails" : "XFAIL\n\nselenium.common.exceptions.TimeoutException: Message: Can't find element by locator ('xpath', '//button[@data-test-active-link=\"Words\"]')\nStacktrace:\n#0 0x55a06cab526a <unknown>\n#1 0x55a06c55fab0 <unknown>\n#2 0x55a06c5b16f0 <unknown>\n#3 0x55a06c5b18e1 <unknown>\n#4 0x55a06c5ffb94 <unknown>\n#5 0x55a06c5d71cd <unknown>\n#6 0x55a06c5fcfee <unknown>\n#7 0x55a06c5d6f73 <unknown>\n#8 0x55a06c5a3aeb <unknown>\n#9 0x55a06c5a4751 <unknown>\n#10 0x55a06ca79b7b <unknown>\n#11 0x55a06ca7d959 <unknown>\n#12 0x55a06ca60959 <unknown>\n#13 0x55a06ca7e518 <unknown>\n#14 0x55a06ca4510f <unknown>\n#15 0x55a06caa2918 <unknown>\n#16 0x55a06caa2af6 <unknown>\n#17 0x55a06cab4586 <unknown>\n#18 0x7fc10609caa4 <unknown>\n#19 0x7fc106129c3c <unknown>",
        "time" : {
          "start" : 1752216641373,
          "stop" : 1752216651780,
          "duration" : 10407
        }
      }, {
        "uid" : "c8d65ca8bb6b9fc",
        "reportUrl" : "https://Brain-up.github.io/auto-tests-python/624//#testresult/c8d65ca8bb6b9fc",
        "status" : "skipped",
        "statusDetails" : "XFAIL\n\nselenium.common.exceptions.TimeoutException: Message: Can't find element by locator ('xpath', '//button[@data-test-active-link=\"Words\"]')\nStacktrace:\n#0 0x5583f1df726a <unknown>\n#1 0x5583f18a1ab0 <unknown>\n#2 0x5583f18f36f0 <unknown>\n#3 0x5583f18f38e1 <unknown>\n#4 0x5583f1941b94 <unknown>\n#5 0x5583f19191cd <unknown>\n#6 0x5583f193efee <unknown>\n#7 0x5583f1918f73 <unknown>\n#8 0x5583f18e5aeb <unknown>\n#9 0x5583f18e6751 <unknown>\n#10 0x5583f1dbbb7b <unknown>\n#11 0x5583f1dbf959 <unknown>\n#12 0x5583f1da2959 <unknown>\n#13 0x5583f1dc0518 <unknown>\n#14 0x5583f1d8710f <unknown>\n#15 0x5583f1de4918 <unknown>\n#16 0x5583f1de4af6 <unknown>\n#17 0x5583f1df6586 <unknown>\n#18 0x7f4db9c9caa4 <unknown>\n#19 0x7f4db9d29c3c <unknown>",
        "time" : {
          "start" : 1752173507337,
          "stop" : 1752173517758,
          "duration" : 10421
        }
      }, {
        "uid" : "70496b5c1c2cab0",
        "reportUrl" : "https://Brain-up.github.io/auto-tests-python/623//#testresult/70496b5c1c2cab0",
        "status" : "skipped",
        "statusDetails" : "XFAIL\n\nselenium.common.exceptions.TimeoutException: Message: Can't find element by locator ('xpath', '//button[@data-test-active-link=\"Words\"]')\nStacktrace:\n#0 0x55ade51cd26a <unknown>\n#1 0x55ade4c77ab0 <unknown>\n#2 0x55ade4cc96f0 <unknown>\n#3 0x55ade4cc98e1 <unknown>\n#4 0x55ade4d17b94 <unknown>\n#5 0x55ade4cef1cd <unknown>\n#6 0x55ade4d14fee <unknown>\n#7 0x55ade4ceef73 <unknown>\n#8 0x55ade4cbbaeb <unknown>\n#9 0x55ade4cbc751 <unknown>\n#10 0x55ade5191b7b <unknown>\n#11 0x55ade5195959 <unknown>\n#12 0x55ade5178959 <unknown>\n#13 0x55ade5196518 <unknown>\n#14 0x55ade515d10f <unknown>\n#15 0x55ade51ba918 <unknown>\n#16 0x55ade51baaf6 <unknown>\n#17 0x55ade51cc586 <unknown>\n#18 0x7fbfe6a9caa4 <unknown>\n#19 0x7fbfe6b29c3c <unknown>",
        "time" : {
          "start" : 1752035845464,
          "stop" : 1752035855899,
          "duration" : 10435
        }
      }, {
        "uid" : "8163cc5c61d17d03",
        "reportUrl" : "https://Brain-up.github.io/auto-tests-python/622//#testresult/8163cc5c61d17d03",
        "status" : "skipped",
        "statusDetails" : "XFAIL\n\nselenium.common.exceptions.TimeoutException: Message: Can't find element by locator ('xpath', '//button[@data-test-active-link=\"Words\"]')\nStacktrace:\n#0 0x564b9d99945a <unknown>\n#1 0x564b9d43e760 <unknown>\n#2 0x564b9d490127 <unknown>\n#3 0x564b9d490321 <unknown>\n#4 0x564b9d4dee94 <unknown>\n#5 0x564b9d4b5e7d <unknown>\n#6 0x564b9d4dc30b <unknown>\n#7 0x564b9d4b5c23 <unknown>\n#8 0x564b9d4824a5 <unknown>\n#9 0x564b9d483111 <unknown>\n#10 0x564b9d95df1b <unknown>\n#11 0x564b9d961e19 <unknown>\n#12 0x564b9d944ac9 <unknown>\n#13 0x564b9d9629c8 <unknown>\n#14 0x564b9d92934f <unknown>\n#15 0x564b9d986a28 <unknown>\n#16 0x564b9d986c06 <unknown>\n#17 0x564b9d998336 <unknown>\n#18 0x7f23f9c9caa4 <unknown>\n#19 0x7f23f9d29c3c <unknown>",
        "time" : {
          "start" : 1752002742595,
          "stop" : 1752002753027,
          "duration" : 10432
        }
      }, {
        "uid" : "9a6b35fcd50d1884",
        "reportUrl" : "https://Brain-up.github.io/auto-tests-python/621//#testresult/9a6b35fcd50d1884",
        "status" : "skipped",
        "statusDetails" : "XFAIL\n\nselenium.common.exceptions.TimeoutException: Message: Can't find element by locator ('xpath', '//button[@data-test-active-link=\"Words\"]')\nStacktrace:\n#0 0x55cf4099945a <unknown>\n#1 0x55cf4043e760 <unknown>\n#2 0x55cf40490127 <unknown>\n#3 0x55cf40490321 <unknown>\n#4 0x55cf404dee94 <unknown>\n#5 0x55cf404b5e7d <unknown>\n#6 0x55cf404dc30b <unknown>\n#7 0x55cf404b5c23 <unknown>\n#8 0x55cf404824a5 <unknown>\n#9 0x55cf40483111 <unknown>\n#10 0x55cf4095df1b <unknown>\n#11 0x55cf40961e19 <unknown>\n#12 0x55cf40944ac9 <unknown>\n#13 0x55cf409629c8 <unknown>\n#14 0x55cf4092934f <unknown>\n#15 0x55cf40986a28 <unknown>\n#16 0x55cf40986c06 <unknown>\n#17 0x55cf40998336 <unknown>\n#18 0x7fad1ae9caa4 <unknown>\n#19 0x7fad1af29c3c <unknown>",
        "time" : {
          "start" : 1751905939012,
          "stop" : 1751905949469,
          "duration" : 10457
        }
      }, {
        "uid" : "7b6dcf8b13045b09",
        "reportUrl" : "https://Brain-up.github.io/auto-tests-python/620//#testresult/7b6dcf8b13045b09",
        "status" : "skipped",
        "statusDetails" : "XFAIL\n\nselenium.common.exceptions.TimeoutException: Message: Can't find element by locator ('xpath', '//button[@data-test-active-link=\"Words\"]')\nStacktrace:\n#0 0x56197011345a <unknown>\n#1 0x56196fbb8760 <unknown>\n#2 0x56196fc0a127 <unknown>\n#3 0x56196fc0a321 <unknown>\n#4 0x56196fc58e94 <unknown>\n#5 0x56196fc2fe7d <unknown>\n#6 0x56196fc5630b <unknown>\n#7 0x56196fc2fc23 <unknown>\n#8 0x56196fbfc4a5 <unknown>\n#9 0x56196fbfd111 <unknown>\n#10 0x5619700d7f1b <unknown>\n#11 0x5619700dbe19 <unknown>\n#12 0x5619700beac9 <unknown>\n#13 0x5619700dc9c8 <unknown>\n#14 0x5619700a334f <unknown>\n#15 0x561970100a28 <unknown>\n#16 0x561970100c06 <unknown>\n#17 0x561970112336 <unknown>\n#18 0x7f54e2a9caa4 <unknown>\n#19 0x7f54e2b29c3c <unknown>",
        "time" : {
          "start" : 1751783956100,
          "stop" : 1751783966503,
          "duration" : 10403
        }
      }, {
        "uid" : "32a0743052ca71d9",
        "reportUrl" : "https://Brain-up.github.io/auto-tests-python/619//#testresult/32a0743052ca71d9",
        "status" : "skipped",
        "statusDetails" : "XFAIL\n\nselenium.common.exceptions.TimeoutException: Message: Can't find element by locator ('xpath', '//button[@data-test-active-link=\"Words\"]')\nStacktrace:\n#0 0x55ad311b045a <unknown>\n#1 0x55ad30c55760 <unknown>\n#2 0x55ad30ca7127 <unknown>\n#3 0x55ad30ca7321 <unknown>\n#4 0x55ad30cf5e94 <unknown>\n#5 0x55ad30ccce7d <unknown>\n#6 0x55ad30cf330b <unknown>\n#7 0x55ad30cccc23 <unknown>\n#8 0x55ad30c994a5 <unknown>\n#9 0x55ad30c9a111 <unknown>\n#10 0x55ad31174f1b <unknown>\n#11 0x55ad31178e19 <unknown>\n#12 0x55ad3115bac9 <unknown>\n#13 0x55ad311799c8 <unknown>\n#14 0x55ad3114034f <unknown>\n#15 0x55ad3119da28 <unknown>\n#16 0x55ad3119dc06 <unknown>\n#17 0x55ad311af336 <unknown>\n#18 0x7f938249caa4 <unknown>\n#19 0x7f9382529c3c <unknown>",
        "time" : {
          "start" : 1751625610660,
          "stop" : 1751625621069,
          "duration" : 10409
        }
      }, {
        "uid" : "a0f879950e48fcc5",
        "reportUrl" : "https://Brain-up.github.io/auto-tests-python/618//#testresult/a0f879950e48fcc5",
        "status" : "skipped",
        "statusDetails" : "XFAIL\n\nselenium.common.exceptions.TimeoutException: Message: Can't find element by locator ('xpath', '//button[@data-test-active-link=\"Words\"]')\nStacktrace:\n#0 0x559e892e545a <unknown>\n#1 0x559e88d8a760 <unknown>\n#2 0x559e88ddc127 <unknown>\n#3 0x559e88ddc321 <unknown>\n#4 0x559e88e2ae94 <unknown>\n#5 0x559e88e01e7d <unknown>\n#6 0x559e88e2830b <unknown>\n#7 0x559e88e01c23 <unknown>\n#8 0x559e88dce4a5 <unknown>\n#9 0x559e88dcf111 <unknown>\n#10 0x559e892a9f1b <unknown>\n#11 0x559e892ade19 <unknown>\n#12 0x559e89290ac9 <unknown>\n#13 0x559e892ae9c8 <unknown>\n#14 0x559e8927534f <unknown>\n#15 0x559e892d2a28 <unknown>\n#16 0x559e892d2c06 <unknown>\n#17 0x559e892e4336 <unknown>\n#18 0x7f0908c9caa4 <unknown>\n#19 0x7f0908d29c3c <unknown>",
        "time" : {
          "start" : 1751521476569,
          "stop" : 1751521486990,
          "duration" : 10421
        }
      }, {
        "uid" : "fff2c4c82764647",
        "reportUrl" : "https://Brain-up.github.io/auto-tests-python/617//#testresult/fff2c4c82764647",
        "status" : "skipped",
        "statusDetails" : "XFAIL\n\nselenium.common.exceptions.TimeoutException: Message: Can't find element by locator ('xpath', '//button[@data-test-active-link=\"Words\"]')\nStacktrace:\n#0 0x5632a4bec45a <unknown>\n#1 0x5632a4691760 <unknown>\n#2 0x5632a46e3127 <unknown>\n#3 0x5632a46e3321 <unknown>\n#4 0x5632a4731e94 <unknown>\n#5 0x5632a4708e7d <unknown>\n#6 0x5632a472f30b <unknown>\n#7 0x5632a4708c23 <unknown>\n#8 0x5632a46d54a5 <unknown>\n#9 0x5632a46d6111 <unknown>\n#10 0x5632a4bb0f1b <unknown>\n#11 0x5632a4bb4e19 <unknown>\n#12 0x5632a4b97ac9 <unknown>\n#13 0x5632a4bb59c8 <unknown>\n#14 0x5632a4b7c34f <unknown>\n#15 0x5632a4bd9a28 <unknown>\n#16 0x5632a4bd9c06 <unknown>\n#17 0x5632a4beb336 <unknown>\n#18 0x7fa1b4c9caa4 <unknown>\n#19 0x7fa1b4d29c3c <unknown>",
        "time" : {
          "start" : 1751458923198,
          "stop" : 1751458933609,
          "duration" : 10411
        }
      }, {
        "uid" : "508084567fc1b96b",
        "reportUrl" : "https://Brain-up.github.io/auto-tests-python/616//#testresult/508084567fc1b96b",
        "status" : "skipped",
        "statusDetails" : "XFAIL\n\nselenium.common.exceptions.TimeoutException: Message: Can't find element by locator ('xpath', '//button[@data-test-active-link=\"Words\"]')\nStacktrace:\n#0 0x55aa2441445a <unknown>\n#1 0x55aa23eb9760 <unknown>\n#2 0x55aa23f0b127 <unknown>\n#3 0x55aa23f0b321 <unknown>\n#4 0x55aa23f59e94 <unknown>\n#5 0x55aa23f30e7d <unknown>\n#6 0x55aa23f5730b <unknown>\n#7 0x55aa23f30c23 <unknown>\n#8 0x55aa23efd4a5 <unknown>\n#9 0x55aa23efe111 <unknown>\n#10 0x55aa243d8f1b <unknown>\n#11 0x55aa243dce19 <unknown>\n#12 0x55aa243bfac9 <unknown>\n#13 0x55aa243dd9c8 <unknown>\n#14 0x55aa243a434f <unknown>\n#15 0x55aa24401a28 <unknown>\n#16 0x55aa24401c06 <unknown>\n#17 0x55aa24413336 <unknown>\n#18 0x7fbc1169caa4 <unknown>\n#19 0x7fbc11729c3c <unknown>",
        "time" : {
          "start" : 1751381975881,
          "stop" : 1751381996534,
          "duration" : 20653
        }
      }, {
        "uid" : "afb86659d16da614",
        "reportUrl" : "https://Brain-up.github.io/auto-tests-python/615//#testresult/afb86659d16da614",
        "status" : "skipped",
        "statusDetails" : "XFAIL\n\nselenium.common.exceptions.TimeoutException: Message: Can't find element by locator ('xpath', '//button[@data-test-active-link=\"Words\"]')\nStacktrace:\n#0 0x560d791b145a <unknown>\n#1 0x560d78c56760 <unknown>\n#2 0x560d78ca8127 <unknown>\n#3 0x560d78ca8321 <unknown>\n#4 0x560d78cf6e94 <unknown>\n#5 0x560d78ccde7d <unknown>\n#6 0x560d78cf430b <unknown>\n#7 0x560d78ccdc23 <unknown>\n#8 0x560d78c9a4a5 <unknown>\n#9 0x560d78c9b111 <unknown>\n#10 0x560d79175f1b <unknown>\n#11 0x560d79179e19 <unknown>\n#12 0x560d7915cac9 <unknown>\n#13 0x560d7917a9c8 <unknown>\n#14 0x560d7914134f <unknown>\n#15 0x560d7919ea28 <unknown>\n#16 0x560d7919ec06 <unknown>\n#17 0x560d791b0336 <unknown>\n#18 0x7fd67329caa4 <unknown>\n#19 0x7fd673329c3c <unknown>",
        "time" : {
          "start" : 1751369335298,
          "stop" : 1751369345929,
          "duration" : 10631
        }
      }, {
        "uid" : "100578f0733e4870",
        "reportUrl" : "https://Brain-up.github.io/auto-tests-python/412//#testresult/100578f0733e4870",
        "status" : "skipped",
        "statusDetails" : "XFAIL\n\nselenium.common.exceptions.TimeoutException: Message: Can't find element by locator ('xpath', '//button[@data-test-active-link=\"Words\"]')\nStacktrace:\n#0 0x559938cc045a <unknown>\n#1 0x559938765760 <unknown>\n#2 0x5599387b7127 <unknown>\n#3 0x5599387b7321 <unknown>\n#4 0x559938805e94 <unknown>\n#5 0x5599387dce7d <unknown>\n#6 0x55993880330b <unknown>\n#7 0x5599387dcc23 <unknown>\n#8 0x5599387a94a5 <unknown>\n#9 0x5599387aa111 <unknown>\n#10 0x559938c84f1b <unknown>\n#11 0x559938c88e19 <unknown>\n#12 0x559938c6bac9 <unknown>\n#13 0x559938c899c8 <unknown>\n#14 0x559938c5034f <unknown>\n#15 0x559938cada28 <unknown>\n#16 0x559938cadc06 <unknown>\n#17 0x559938cbf336 <unknown>\n#18 0x7f48b209caa4 <unknown>\n#19 0x7f48b2129c3c <unknown>",
        "time" : {
          "start" : 1751333776152,
          "stop" : 1751333796810,
          "duration" : 20658
        }
      }, {
        "uid" : "bc49fcfb4014eecc",
        "reportUrl" : "https://Brain-up.github.io/auto-tests-python/614//#testresult/bc49fcfb4014eecc",
        "status" : "skipped",
        "statusDetails" : "XFAIL\n\nselenium.common.exceptions.TimeoutException: Message: Can't find element by locator ('xpath', '//button[@data-test-active-link=\"Words\"]')\nStacktrace:\n#0 0x559905f0b45a <unknown>\n#1 0x5599059b0760 <unknown>\n#2 0x559905a02127 <unknown>\n#3 0x559905a02321 <unknown>\n#4 0x559905a50e94 <unknown>\n#5 0x559905a27e7d <unknown>\n#6 0x559905a4e30b <unknown>\n#7 0x559905a27c23 <unknown>\n#8 0x5599059f44a5 <unknown>\n#9 0x5599059f5111 <unknown>\n#10 0x559905ecff1b <unknown>\n#11 0x559905ed3e19 <unknown>\n#12 0x559905eb6ac9 <unknown>\n#13 0x559905ed49c8 <unknown>\n#14 0x559905e9b34f <unknown>\n#15 0x559905ef8a28 <unknown>\n#16 0x559905ef8c06 <unknown>\n#17 0x559905f0a336 <unknown>\n#18 0x7f702c69caa4 <unknown>\n#19 0x7f702c729c3c <unknown>",
        "time" : {
          "start" : 1751275916437,
          "stop" : 1751275936591,
          "duration" : 20154
        }
      } ]
    },
    "tags" : [ "@pytest.mark.xfail" ]
  },
  "source" : "71fa43024ab88eba.json",
  "parameterValues" : [ ]
}