{
  "uid" : "125251d9afc56eb6",
  "name" : "Select a random card from \"Similar phrases\" group and compare UI vs BACKEND data",
  "fullName" : "tests.test_speech_exercises_en.TestCardsEN#test_random_cards_in_similar_phrases_en",
  "historyId" : "106afe14e1824ad4b55b346a52794d4b",
  "time" : {
    "start" : 1754034653678,
    "stop" : 1754034664106,
    "duration" : 10428
  },
  "status" : "skipped",
  "statusMessage" : "XFAIL\n\nselenium.common.exceptions.TimeoutException: Message: Can't find element by locator ('xpath', '//button[@data-test-active-link=\"Similar phrases\"]')\nStacktrace:\n#0 0x56394750c87a <unknown>\n#1 0x563946fb12e0 <unknown>\n#2 0x563947002e00 <unknown>\n#3 0x563947002ff1 <unknown>\n#4 0x563947051324 <unknown>\n#5 0x5639470288dd <unknown>\n#6 0x56394704e71c <unknown>\n#7 0x563947028683 <unknown>\n#8 0x563946ff4b5b <unknown>\n#9 0x563946ff5f31 <unknown>\n#10 0x5639474d17cb <unknown>\n#11 0x5639474d55d4 <unknown>\n#12 0x5639474b82c9 <unknown>\n#13 0x5639474d6178 <unknown>\n#14 0x56394749c6bf <unknown>\n#15 0x5639474f9e78 <unknown>\n#16 0x5639474fa056 <unknown>\n#17 0x56394750bb96 <unknown>\n#18 0x7f2fff29caa4 <unknown>\n#19 0x7f2fff329c3c <unknown>",
  "statusTrace" : "self = <tests.test_speech_exercises_en.TestCardsEN object at 0x7f5171570d10>\ndriver = <selenium.webdriver.chrome.webdriver.WebDriver (session=\"c232c78be4b19cc24603778de76ae26f\")>\nspecialist_user_authorized = None\n\n    @pytest.mark.xfail\n    @allure.suite(\"Speech exercises EN.\")\n    @allure.title('Select a random card from \"Similar phrases\" group and compare UI vs BACKEND data')\n    def test_random_cards_in_similar_phrases_en(self, driver, specialist_user_authorized):\n        page = SpeechExercisesPage(driver)\n>       page.select_group(SpeechExercisesPageLocators.SIMILAR_PHRASES_EN)\n\ntests/test_speech_exercises_en.py:57: \n_ _ _ _ _ _ _ _ _ _ _ _ _ _ _ _ _ _ _ _ _ _ _ _ _ _ _ _ _ _ _ _ _ _ _ _ _ _ _ _ \npages/speech_exercises_page_en.py:18: in select_group\n    text_of_the_button = self.element_is_present_and_clickable(selector_for_sub_group)\npages/base_page.py:40: in element_is_present_and_clickable\n    return (Wait(self.driver, self.timeout).until(\n_ _ _ _ _ _ _ _ _ _ _ _ _ _ _ _ _ _ _ _ _ _ _ _ _ _ _ _ _ _ _ _ _ _ _ _ _ _ _ _ \n\nself = <selenium.webdriver.support.wait.WebDriverWait (session=\"c232c78be4b19cc24603778de76ae26f\")>\nmethod = <function visibility_of_element_located.<locals>._predicate at 0x7f517166fce0>\nmessage = 'Can\\'t find element by locator (\\'xpath\\', \\'//button[@data-test-active-link=\"Similar phrases\"]\\')'\n\n    def until(self, method, message: str = \"\"):\n        \"\"\"Calls the method provided with the driver as an argument until the \\\n        return value does not evaluate to ``False``.\n    \n        :param method: callable(WebDriver)\n        :param message: optional message for :exc:`TimeoutException`\n        :returns: the result of the last call to `method`\n        :raises: :exc:`selenium.common.exceptions.TimeoutException` if timeout occurs\n        \"\"\"\n        screen = None\n        stacktrace = None\n    \n        end_time = time.monotonic() + self._timeout\n        while True:\n            try:\n                value = method(self._driver)\n                if value:\n                    return value\n            except self._ignored_exceptions as exc:\n                screen = getattr(exc, \"screen\", None)\n                stacktrace = getattr(exc, \"stacktrace\", None)\n            time.sleep(self._poll)\n            if time.monotonic() > end_time:\n                break\n>       raise TimeoutException(message, screen, stacktrace)\nE       selenium.common.exceptions.TimeoutException: Message: Can't find element by locator ('xpath', '//button[@data-test-active-link=\"Similar phrases\"]')\nE       Stacktrace:\nE       #0 0x56394750c87a <unknown>\nE       #1 0x563946fb12e0 <unknown>\nE       #2 0x563947002e00 <unknown>\nE       #3 0x563947002ff1 <unknown>\nE       #4 0x563947051324 <unknown>\nE       #5 0x5639470288dd <unknown>\nE       #6 0x56394704e71c <unknown>\nE       #7 0x563947028683 <unknown>\nE       #8 0x563946ff4b5b <unknown>\nE       #9 0x563946ff5f31 <unknown>\nE       #10 0x5639474d17cb <unknown>\nE       #11 0x5639474d55d4 <unknown>\nE       #12 0x5639474b82c9 <unknown>\nE       #13 0x5639474d6178 <unknown>\nE       #14 0x56394749c6bf <unknown>\nE       #15 0x5639474f9e78 <unknown>\nE       #16 0x5639474fa056 <unknown>\nE       #17 0x56394750bb96 <unknown>\nE       #18 0x7f2fff29caa4 <unknown>\nE       #19 0x7f2fff329c3c <unknown>\n\n/opt/hostedtoolcache/Python/3.12.11/x64/lib/python3.12/site-packages/selenium/webdriver/support/wait.py:95: TimeoutException",
  "flaky" : false,
  "newFailed" : false,
  "beforeStages" : [ {
    "name" : "main_page_open",
    "time" : {
      "start" : 1754034647173,
      "stop" : 1754034650250,
      "duration" : 3077
    },
    "status" : "passed",
    "steps" : [ {
      "name" : "Open page: https://www.brainup.site/",
      "time" : {
        "start" : 1754034647174,
        "stop" : 1754034650250,
        "duration" : 3076
      },
      "status" : "passed",
      "steps" : [ ],
      "attachments" : [ ],
      "parameters" : [ {
        "name" : "driver",
        "value" : "<selenium.webdriver.chrome.webdriver.WebDriver (session=\"c232c78be4b19cc24603778de76ae26f\")>"
      } ],
      "stepsCount" : 0,
      "attachmentsCount" : 0,
      "shouldDisplayMessage" : false,
      "hasContent" : true
    } ],
    "attachments" : [ ],
    "parameters" : [ ],
    "stepsCount" : 1,
    "attachmentsCount" : 0,
    "shouldDisplayMessage" : false,
    "hasContent" : true
  }, {
    "name" : "specialist_user_authorized",
    "time" : {
      "start" : 1754034650251,
      "stop" : 1754034653678,
      "duration" : 3427
    },
    "status" : "passed",
    "steps" : [ {
      "name" : "USER specialist authorized",
      "time" : {
        "start" : 1754034650251,
        "stop" : 1754034653678,
        "duration" : 3427
      },
      "status" : "passed",
      "steps" : [ {
        "name" : "Check url is present: https://www.brainup.site/groups",
        "time" : {
          "start" : 1754034650623,
          "stop" : 1754034653655,
          "duration" : 3032
        },
        "status" : "passed",
        "steps" : [ ],
        "attachments" : [ ],
        "parameters" : [ ],
        "stepsCount" : 0,
        "attachmentsCount" : 0,
        "shouldDisplayMessage" : false,
        "hasContent" : false
      }, {
        "name" : "Loader checking",
        "time" : {
          "start" : 1754034653655,
          "stop" : 1754034653678,
          "duration" : 23
        },
        "status" : "passed",
        "steps" : [ ],
        "attachments" : [ ],
        "parameters" : [ ],
        "stepsCount" : 0,
        "attachmentsCount" : 0,
        "shouldDisplayMessage" : false,
        "hasContent" : false
      } ],
      "attachments" : [ ],
      "parameters" : [ {
        "name" : "driver",
        "value" : "<selenium.webdriver.chrome.webdriver.WebDriver (session=\"c232c78be4b19cc24603778de76ae26f\")>"
      }, {
        "name" : "main_page_open",
        "value" : "None"
      } ],
      "stepsCount" : 2,
      "attachmentsCount" : 0,
      "shouldDisplayMessage" : false,
      "hasContent" : true
    } ],
    "attachments" : [ ],
    "parameters" : [ ],
    "stepsCount" : 3,
    "attachmentsCount" : 0,
    "shouldDisplayMessage" : false,
    "hasContent" : true
  }, {
    "name" : "clear_allure_results_folder",
    "time" : {
      "start" : 1754033267286,
      "stop" : 1754033267286,
      "duration" : 0
    },
    "status" : "passed",
    "steps" : [ ],
    "attachments" : [ ],
    "parameters" : [ ],
    "stepsCount" : 0,
    "attachmentsCount" : 0,
    "shouldDisplayMessage" : false,
    "hasContent" : false
  }, {
    "name" : "driver",
    "time" : {
      "start" : 1754034646336,
      "stop" : 1754034647173,
      "duration" : 837
    },
    "status" : "passed",
    "steps" : [ ],
    "attachments" : [ ],
    "parameters" : [ ],
    "stepsCount" : 0,
    "attachmentsCount" : 0,
    "shouldDisplayMessage" : false,
    "hasContent" : false
  } ],
  "testStage" : {
    "status" : "skipped",
    "statusMessage" : "XFAIL\n\nselenium.common.exceptions.TimeoutException: Message: Can't find element by locator ('xpath', '//button[@data-test-active-link=\"Similar phrases\"]')\nStacktrace:\n#0 0x56394750c87a <unknown>\n#1 0x563946fb12e0 <unknown>\n#2 0x563947002e00 <unknown>\n#3 0x563947002ff1 <unknown>\n#4 0x563947051324 <unknown>\n#5 0x5639470288dd <unknown>\n#6 0x56394704e71c <unknown>\n#7 0x563947028683 <unknown>\n#8 0x563946ff4b5b <unknown>\n#9 0x563946ff5f31 <unknown>\n#10 0x5639474d17cb <unknown>\n#11 0x5639474d55d4 <unknown>\n#12 0x5639474b82c9 <unknown>\n#13 0x5639474d6178 <unknown>\n#14 0x56394749c6bf <unknown>\n#15 0x5639474f9e78 <unknown>\n#16 0x5639474fa056 <unknown>\n#17 0x56394750bb96 <unknown>\n#18 0x7f2fff29caa4 <unknown>\n#19 0x7f2fff329c3c <unknown>",
    "statusTrace" : "self = <tests.test_speech_exercises_en.TestCardsEN object at 0x7f5171570d10>\ndriver = <selenium.webdriver.chrome.webdriver.WebDriver (session=\"c232c78be4b19cc24603778de76ae26f\")>\nspecialist_user_authorized = None\n\n    @pytest.mark.xfail\n    @allure.suite(\"Speech exercises EN.\")\n    @allure.title('Select a random card from \"Similar phrases\" group and compare UI vs BACKEND data')\n    def test_random_cards_in_similar_phrases_en(self, driver, specialist_user_authorized):\n        page = SpeechExercisesPage(driver)\n>       page.select_group(SpeechExercisesPageLocators.SIMILAR_PHRASES_EN)\n\ntests/test_speech_exercises_en.py:57: \n_ _ _ _ _ _ _ _ _ _ _ _ _ _ _ _ _ _ _ _ _ _ _ _ _ _ _ _ _ _ _ _ _ _ _ _ _ _ _ _ \npages/speech_exercises_page_en.py:18: in select_group\n    text_of_the_button = self.element_is_present_and_clickable(selector_for_sub_group)\npages/base_page.py:40: in element_is_present_and_clickable\n    return (Wait(self.driver, self.timeout).until(\n_ _ _ _ _ _ _ _ _ _ _ _ _ _ _ _ _ _ _ _ _ _ _ _ _ _ _ _ _ _ _ _ _ _ _ _ _ _ _ _ \n\nself = <selenium.webdriver.support.wait.WebDriverWait (session=\"c232c78be4b19cc24603778de76ae26f\")>\nmethod = <function visibility_of_element_located.<locals>._predicate at 0x7f517166fce0>\nmessage = 'Can\\'t find element by locator (\\'xpath\\', \\'//button[@data-test-active-link=\"Similar phrases\"]\\')'\n\n    def until(self, method, message: str = \"\"):\n        \"\"\"Calls the method provided with the driver as an argument until the \\\n        return value does not evaluate to ``False``.\n    \n        :param method: callable(WebDriver)\n        :param message: optional message for :exc:`TimeoutException`\n        :returns: the result of the last call to `method`\n        :raises: :exc:`selenium.common.exceptions.TimeoutException` if timeout occurs\n        \"\"\"\n        screen = None\n        stacktrace = None\n    \n        end_time = time.monotonic() + self._timeout\n        while True:\n            try:\n                value = method(self._driver)\n                if value:\n                    return value\n            except self._ignored_exceptions as exc:\n                screen = getattr(exc, \"screen\", None)\n                stacktrace = getattr(exc, \"stacktrace\", None)\n            time.sleep(self._poll)\n            if time.monotonic() > end_time:\n                break\n>       raise TimeoutException(message, screen, stacktrace)\nE       selenium.common.exceptions.TimeoutException: Message: Can't find element by locator ('xpath', '//button[@data-test-active-link=\"Similar phrases\"]')\nE       Stacktrace:\nE       #0 0x56394750c87a <unknown>\nE       #1 0x563946fb12e0 <unknown>\nE       #2 0x563947002e00 <unknown>\nE       #3 0x563947002ff1 <unknown>\nE       #4 0x563947051324 <unknown>\nE       #5 0x5639470288dd <unknown>\nE       #6 0x56394704e71c <unknown>\nE       #7 0x563947028683 <unknown>\nE       #8 0x563946ff4b5b <unknown>\nE       #9 0x563946ff5f31 <unknown>\nE       #10 0x5639474d17cb <unknown>\nE       #11 0x5639474d55d4 <unknown>\nE       #12 0x5639474b82c9 <unknown>\nE       #13 0x5639474d6178 <unknown>\nE       #14 0x56394749c6bf <unknown>\nE       #15 0x5639474f9e78 <unknown>\nE       #16 0x5639474fa056 <unknown>\nE       #17 0x56394750bb96 <unknown>\nE       #18 0x7f2fff29caa4 <unknown>\nE       #19 0x7f2fff329c3c <unknown>\n\n/opt/hostedtoolcache/Python/3.12.11/x64/lib/python3.12/site-packages/selenium/webdriver/support/wait.py:95: TimeoutException",
    "steps" : [ {
      "name" : "select_group",
      "time" : {
        "start" : 1754034653678,
        "stop" : 1754034664106,
        "duration" : 10428
      },
      "status" : "broken",
      "statusMessage" : "selenium.common.exceptions.TimeoutException: Message: Can't find element by locator ('xpath', '//button[@data-test-active-link=\"Similar phrases\"]')\nStacktrace:\n#0 0x56394750c87a <unknown>\n#1 0x563946fb12e0 <unknown>\n#2 0x563947002e00 <unknown>\n#3 0x563947002ff1 <unknown>\n#4 0x563947051324 <unknown>\n#5 0x5639470288dd <unknown>\n#6 0x56394704e71c <unknown>\n#7 0x563947028683 <unknown>\n#8 0x563946ff4b5b <unknown>\n#9 0x563946ff5f31 <unknown>\n#10 0x5639474d17cb <unknown>\n#11 0x5639474d55d4 <unknown>\n#12 0x5639474b82c9 <unknown>\n#13 0x5639474d6178 <unknown>\n#14 0x56394749c6bf <unknown>\n#15 0x5639474f9e78 <unknown>\n#16 0x5639474fa056 <unknown>\n#17 0x56394750bb96 <unknown>\n#18 0x7f2fff29caa4 <unknown>\n#19 0x7f2fff329c3c <unknown>\n\n",
      "statusTrace" : "  File \"/opt/hostedtoolcache/Python/3.12.11/x64/lib/python3.12/site-packages/allure_commons/_allure.py\", line 192, in impl\n    return func(*a, **kw)\n           ^^^^^^^^^^^^^^\n  File \"/home/runner/work/auto-tests-python/auto-tests-python/pages/speech_exercises_page_en.py\", line 18, in select_group\n    text_of_the_button = self.element_is_present_and_clickable(selector_for_sub_group)\n                         ^^^^^^^^^^^^^^^^^^^^^^^^^^^^^^^^^^^^^^^^^^^^^^^^^^^^^^^^^^^^^\n  File \"/home/runner/work/auto-tests-python/auto-tests-python/pages/base_page.py\", line 40, in element_is_present_and_clickable\n    return (Wait(self.driver, self.timeout).until(\n            ^^^^^^^^^^^^^^^^^^^^^^^^^^^^^^^^^^^^^^\n  File \"/opt/hostedtoolcache/Python/3.12.11/x64/lib/python3.12/site-packages/selenium/webdriver/support/wait.py\", line 95, in until\n    raise TimeoutException(message, screen, stacktrace)\n",
      "steps" : [ {
        "name" : "Select Russian language. Click \"EN\" button.",
        "time" : {
          "start" : 1754034653678,
          "stop" : 1754034653756,
          "duration" : 78
        },
        "status" : "passed",
        "steps" : [ ],
        "attachments" : [ ],
        "parameters" : [ ],
        "stepsCount" : 0,
        "attachmentsCount" : 0,
        "shouldDisplayMessage" : false,
        "hasContent" : false
      }, {
        "name" : "Click button \"SPEECH EXERCISES\".",
        "time" : {
          "start" : 1754034653756,
          "stop" : 1754034653833,
          "duration" : 77
        },
        "status" : "passed",
        "steps" : [ ],
        "attachments" : [ ],
        "parameters" : [ ],
        "stepsCount" : 0,
        "attachmentsCount" : 0,
        "shouldDisplayMessage" : false,
        "hasContent" : false
      } ],
      "attachments" : [ ],
      "parameters" : [ {
        "name" : "selector_for_sub_group",
        "value" : "('xpath', '//button[@data-test-active-link=\"Similar phrases\"]')"
      } ],
      "stepsCount" : 2,
      "attachmentsCount" : 0,
      "shouldDisplayMessage" : true,
      "hasContent" : true
    } ],
    "attachments" : [ ],
    "parameters" : [ ],
    "stepsCount" : 3,
    "attachmentsCount" : 0,
    "shouldDisplayMessage" : true,
    "hasContent" : true
  },
  "afterStages" : [ {
    "name" : "driver::0",
    "time" : {
      "start" : 1754034664116,
      "stop" : 1754034664188,
      "duration" : 72
    },
    "status" : "passed",
    "steps" : [ ],
    "attachments" : [ ],
    "parameters" : [ ],
    "stepsCount" : 0,
    "attachmentsCount" : 0,
    "shouldDisplayMessage" : false,
    "hasContent" : false
  } ],
  "labels" : [ {
    "name" : "epic",
    "value" : "Speech exercises."
  }, {
    "name" : "suite",
    "value" : "Speech exercises EN."
  }, {
    "name" : "tag",
    "value" : "@pytest.mark.xfail"
  }, {
    "name" : "parentSuite",
    "value" : "tests"
  }, {
    "name" : "subSuite",
    "value" : "TestCardsEN"
  }, {
    "name" : "host",
    "value" : "pkrvmjbmru5nbw0"
  }, {
    "name" : "thread",
    "value" : "2564-MainThread"
  }, {
    "name" : "framework",
    "value" : "pytest"
  }, {
    "name" : "language",
    "value" : "cpython3"
  }, {
    "name" : "package",
    "value" : "tests.test_speech_exercises_en"
  }, {
    "name" : "resultFormat",
    "value" : "allure2"
  } ],
  "parameters" : [ ],
  "links" : [ ],
  "hidden" : false,
  "retry" : false,
  "extra" : {
    "severity" : "normal",
    "retries" : [ ],
    "categories" : [ ],
    "history" : {
      "statistic" : {
        "failed" : 0,
        "broken" : 0,
        "skipped" : 275,
        "passed" : 1,
        "unknown" : 0,
        "total" : 276
      },
      "items" : [ {
        "uid" : "61de32a48ee00da9",
        "reportUrl" : "https://Brain-up.github.io/auto-tests-python/643//#testresult/61de32a48ee00da9",
        "status" : "skipped",
        "statusDetails" : "XFAIL\n\nselenium.common.exceptions.TimeoutException: Message: Can't find element by locator ('xpath', '//button[@data-test-active-link=\"Similar phrases\"]')\nStacktrace:\n#0 0x5564a9ddb87a <unknown>\n#1 0x5564a98802e0 <unknown>\n#2 0x5564a98d1e00 <unknown>\n#3 0x5564a98d1ff1 <unknown>\n#4 0x5564a9920324 <unknown>\n#5 0x5564a98f78dd <unknown>\n#6 0x5564a991d71c <unknown>\n#7 0x5564a98f7683 <unknown>\n#8 0x5564a98c3b5b <unknown>\n#9 0x5564a98c4f31 <unknown>\n#10 0x5564a9da07cb <unknown>\n#11 0x5564a9da45d4 <unknown>\n#12 0x5564a9d872c9 <unknown>\n#13 0x5564a9da5178 <unknown>\n#14 0x5564a9d6b6bf <unknown>\n#15 0x5564a9dc8e78 <unknown>\n#16 0x5564a9dc9056 <unknown>\n#17 0x5564a9ddab96 <unknown>\n#18 0x7fac6ba9caa4 <unknown>\n#19 0x7fac6bb29c3c <unknown>",
        "time" : {
          "start" : 1753947973615,
          "stop" : 1753947984041,
          "duration" : 10426
        }
      }, {
        "uid" : "9dfdb046fa452c8b",
        "reportUrl" : "https://Brain-up.github.io/auto-tests-python/642//#testresult/9dfdb046fa452c8b",
        "status" : "skipped",
        "statusDetails" : "XFAIL\n\nselenium.common.exceptions.TimeoutException: Message: Can't find element by locator ('xpath', '//button[@data-test-active-link=\"Similar phrases\"]')\nStacktrace:\n#0 0x555ee5e3c87a <unknown>\n#1 0x555ee58e12e0 <unknown>\n#2 0x555ee5932e00 <unknown>\n#3 0x555ee5932ff1 <unknown>\n#4 0x555ee5981324 <unknown>\n#5 0x555ee59588dd <unknown>\n#6 0x555ee597e71c <unknown>\n#7 0x555ee5958683 <unknown>\n#8 0x555ee5924b5b <unknown>\n#9 0x555ee5925f31 <unknown>\n#10 0x555ee5e017cb <unknown>\n#11 0x555ee5e055d4 <unknown>\n#12 0x555ee5de82c9 <unknown>\n#13 0x555ee5e06178 <unknown>\n#14 0x555ee5dcc6bf <unknown>\n#15 0x555ee5e29e78 <unknown>\n#16 0x555ee5e2a056 <unknown>\n#17 0x555ee5e3bb96 <unknown>\n#18 0x7fa22369caa4 <unknown>\n#19 0x7fa223729c3c <unknown>",
        "time" : {
          "start" : 1753879417044,
          "stop" : 1753879427453,
          "duration" : 10409
        }
      }, {
        "uid" : "4db83a8634bd796b",
        "reportUrl" : "https://Brain-up.github.io/auto-tests-python/641//#testresult/4db83a8634bd796b",
        "status" : "skipped",
        "statusDetails" : "XFAIL\n\nselenium.common.exceptions.TimeoutException: Message: Can't find element by locator ('xpath', '//button[@data-test-active-link=\"Similar phrases\"]')\nStacktrace:\n#0 0x560b39fdb7da <unknown>\n#1 0x560b39a802e0 <unknown>\n#2 0x560b39ad1e00 <unknown>\n#3 0x560b39ad1ff1 <unknown>\n#4 0x560b39b20324 <unknown>\n#5 0x560b39af78dd <unknown>\n#6 0x560b39b1d71c <unknown>\n#7 0x560b39af7683 <unknown>\n#8 0x560b39ac3b5b <unknown>\n#9 0x560b39ac4f31 <unknown>\n#10 0x560b39fa072b <unknown>\n#11 0x560b39fa4534 <unknown>\n#12 0x560b39f87229 <unknown>\n#13 0x560b39fa50d8 <unknown>\n#14 0x560b39f6b61f <unknown>\n#15 0x560b39fc8dd8 <unknown>\n#16 0x560b39fc8fb6 <unknown>\n#17 0x560b39fdaaf6 <unknown>\n#18 0x7f13b789caa4 <unknown>\n#19 0x7f13b7929c3c <unknown>",
        "time" : {
          "start" : 1753777756345,
          "stop" : 1753777766755,
          "duration" : 10410
        }
      }, {
        "uid" : "3a4d9c6dff911a6",
        "reportUrl" : "https://Brain-up.github.io/auto-tests-python/640//#testresult/3a4d9c6dff911a6",
        "status" : "skipped",
        "statusDetails" : "XFAIL\n\nselenium.common.exceptions.TimeoutException: Message: Can't find element by locator ('xpath', '//button[@data-test-active-link=\"Similar phrases\"]')\nStacktrace:\n#0 0x561f7fa887da <unknown>\n#1 0x561f7f52d2e0 <unknown>\n#2 0x561f7f57ee00 <unknown>\n#3 0x561f7f57eff1 <unknown>\n#4 0x561f7f5cd324 <unknown>\n#5 0x561f7f5a48dd <unknown>\n#6 0x561f7f5ca71c <unknown>\n#7 0x561f7f5a4683 <unknown>\n#8 0x561f7f570b5b <unknown>\n#9 0x561f7f571f31 <unknown>\n#10 0x561f7fa4d72b <unknown>\n#11 0x561f7fa51534 <unknown>\n#12 0x561f7fa34229 <unknown>\n#13 0x561f7fa520d8 <unknown>\n#14 0x561f7fa1861f <unknown>\n#15 0x561f7fa75dd8 <unknown>\n#16 0x561f7fa75fb6 <unknown>\n#17 0x561f7fa87af6 <unknown>\n#18 0x7f16f349caa4 <unknown>\n#19 0x7f16f3529c3c <unknown>",
        "time" : {
          "start" : 1753687673037,
          "stop" : 1753687683457,
          "duration" : 10420
        }
      }, {
        "uid" : "92d78f7c77a865bd",
        "reportUrl" : "https://Brain-up.github.io/auto-tests-python/639//#testresult/92d78f7c77a865bd",
        "status" : "skipped",
        "statusDetails" : "XFAIL\n\nselenium.common.exceptions.TimeoutException: Message: Can't find element by locator ('xpath', '//button[@data-test-active-link=\"Similar phrases\"]')\nStacktrace:\n#0 0x56512ff8e7da <unknown>\n#1 0x56512fa332e0 <unknown>\n#2 0x56512fa84e00 <unknown>\n#3 0x56512fa84ff1 <unknown>\n#4 0x56512fad3324 <unknown>\n#5 0x56512faaa8dd <unknown>\n#6 0x56512fad071c <unknown>\n#7 0x56512faaa683 <unknown>\n#8 0x56512fa76b5b <unknown>\n#9 0x56512fa77f31 <unknown>\n#10 0x56512ff5372b <unknown>\n#11 0x56512ff57534 <unknown>\n#12 0x56512ff3a229 <unknown>\n#13 0x56512ff580d8 <unknown>\n#14 0x56512ff1e61f <unknown>\n#15 0x56512ff7bdd8 <unknown>\n#16 0x56512ff7bfb6 <unknown>\n#17 0x56512ff8daf6 <unknown>\n#18 0x7f96e8a9caa4 <unknown>\n#19 0x7f96e8b29c3c <unknown>",
        "time" : {
          "start" : 1753563665988,
          "stop" : 1753563676395,
          "duration" : 10407
        }
      }, {
        "uid" : "c5834cfde78febd9",
        "reportUrl" : "https://Brain-up.github.io/auto-tests-python/638//#testresult/c5834cfde78febd9",
        "status" : "skipped",
        "statusDetails" : "XFAIL\n\nselenium.common.exceptions.TimeoutException: Message: Can't find element by locator ('xpath', '//button[@data-test-active-link=\"Similar phrases\"]')\nStacktrace:\n#0 0x561a82eee7da <unknown>\n#1 0x561a829932e0 <unknown>\n#2 0x561a829e4e00 <unknown>\n#3 0x561a829e4ff1 <unknown>\n#4 0x561a82a33324 <unknown>\n#5 0x561a82a0a8dd <unknown>\n#6 0x561a82a3071c <unknown>\n#7 0x561a82a0a683 <unknown>\n#8 0x561a829d6b5b <unknown>\n#9 0x561a829d7f31 <unknown>\n#10 0x561a82eb372b <unknown>\n#11 0x561a82eb7534 <unknown>\n#12 0x561a82e9a229 <unknown>\n#13 0x561a82eb80d8 <unknown>\n#14 0x561a82e7e61f <unknown>\n#15 0x561a82edbdd8 <unknown>\n#16 0x561a82edbfb6 <unknown>\n#17 0x561a82eedaf6 <unknown>\n#18 0x7f9565c9caa4 <unknown>\n#19 0x7f9565d29c3c <unknown>",
        "time" : {
          "start" : 1753439636349,
          "stop" : 1753439646800,
          "duration" : 10451
        }
      }, {
        "uid" : "58d6acd2fe78548b",
        "reportUrl" : "https://Brain-up.github.io/auto-tests-python/637//#testresult/58d6acd2fe78548b",
        "status" : "skipped",
        "statusDetails" : "XFAIL\n\nselenium.common.exceptions.TimeoutException: Message: Can't find element by locator ('xpath', '//button[@data-test-active-link=\"Similar phrases\"]')\nStacktrace:\n#0 0x55ea40a1e7da <unknown>\n#1 0x55ea404c32e0 <unknown>\n#2 0x55ea40514e00 <unknown>\n#3 0x55ea40514ff1 <unknown>\n#4 0x55ea40563324 <unknown>\n#5 0x55ea4053a8dd <unknown>\n#6 0x55ea4056071c <unknown>\n#7 0x55ea4053a683 <unknown>\n#8 0x55ea40506b5b <unknown>\n#9 0x55ea40507f31 <unknown>\n#10 0x55ea409e372b <unknown>\n#11 0x55ea409e7534 <unknown>\n#12 0x55ea409ca229 <unknown>\n#13 0x55ea409e80d8 <unknown>\n#14 0x55ea409ae61f <unknown>\n#15 0x55ea40a0bdd8 <unknown>\n#16 0x55ea40a0bfb6 <unknown>\n#17 0x55ea40a1daf6 <unknown>\n#18 0x7f2000a9caa4 <unknown>\n#19 0x7f2000b29c3c <unknown>",
        "time" : {
          "start" : 1753357871477,
          "stop" : 1753357881887,
          "duration" : 10410
        }
      }, {
        "uid" : "20ca6352cd24301d",
        "reportUrl" : "https://Brain-up.github.io/auto-tests-python/636//#testresult/20ca6352cd24301d",
        "status" : "skipped",
        "statusDetails" : "XFAIL\n\nselenium.common.exceptions.TimeoutException: Message: Can't find element by locator ('xpath', '//button[@data-test-active-link=\"Similar phrases\"]')\nStacktrace:\n#0 0x5572c53df7da <unknown>\n#1 0x5572c4e842e0 <unknown>\n#2 0x5572c4ed5e00 <unknown>\n#3 0x5572c4ed5ff1 <unknown>\n#4 0x5572c4f24324 <unknown>\n#5 0x5572c4efb8dd <unknown>\n#6 0x5572c4f2171c <unknown>\n#7 0x5572c4efb683 <unknown>\n#8 0x5572c4ec7b5b <unknown>\n#9 0x5572c4ec8f31 <unknown>\n#10 0x5572c53a472b <unknown>\n#11 0x5572c53a8534 <unknown>\n#12 0x5572c538b229 <unknown>\n#13 0x5572c53a90d8 <unknown>\n#14 0x5572c536f61f <unknown>\n#15 0x5572c53ccdd8 <unknown>\n#16 0x5572c53ccfb6 <unknown>\n#17 0x5572c53deaf6 <unknown>\n#18 0x7f00afa9caa4 <unknown>\n#19 0x7f00afb29c3c <unknown>",
        "time" : {
          "start" : 1753262952723,
          "stop" : 1753262963138,
          "duration" : 10415
        }
      }, {
        "uid" : "ee4a2f0534d8010c",
        "reportUrl" : "https://Brain-up.github.io/auto-tests-python/635//#testresult/ee4a2f0534d8010c",
        "status" : "skipped",
        "statusDetails" : "XFAIL\n\nselenium.common.exceptions.TimeoutException: Message: Can't find element by locator ('xpath', '//button[@data-test-active-link=\"Similar phrases\"]')\nStacktrace:\n#0 0x55bcfd4a023a <unknown>\n#1 0x55bcfcf4aab0 <unknown>\n#2 0x55bcfcf9c6f0 <unknown>\n#3 0x55bcfcf9c8e1 <unknown>\n#4 0x55bcfcfeab94 <unknown>\n#5 0x55bcfcfc21cd <unknown>\n#6 0x55bcfcfe7fee <unknown>\n#7 0x55bcfcfc1f73 <unknown>\n#8 0x55bcfcf8eaeb <unknown>\n#9 0x55bcfcf8f751 <unknown>\n#10 0x55bcfd464b4b <unknown>\n#11 0x55bcfd468929 <unknown>\n#12 0x55bcfd44b929 <unknown>\n#13 0x55bcfd4694e8 <unknown>\n#14 0x55bcfd4300df <unknown>\n#15 0x55bcfd48d8e8 <unknown>\n#16 0x55bcfd48dac6 <unknown>\n#17 0x55bcfd49f556 <unknown>\n#18 0x7f3c3d29caa4 <unknown>\n#19 0x7f3c3d329c3c <unknown>",
        "time" : {
          "start" : 1753180139658,
          "stop" : 1753180150172,
          "duration" : 10514
        }
      }, {
        "uid" : "ca1ad4910faabbe",
        "reportUrl" : "https://Brain-up.github.io/auto-tests-python/633//#testresult/ca1ad4910faabbe",
        "status" : "skipped",
        "statusDetails" : "XFAIL\n\nselenium.common.exceptions.TimeoutException: Message: Can't find element by locator ('xpath', '//button[@data-test-active-link=\"Similar phrases\"]')\nStacktrace:\n#0 0x5613690b723a <unknown>\n#1 0x561368b61ab0 <unknown>\n#2 0x561368bb36f0 <unknown>\n#3 0x561368bb38e1 <unknown>\n#4 0x561368c01b94 <unknown>\n#5 0x561368bd91cd <unknown>\n#6 0x561368bfefee <unknown>\n#7 0x561368bd8f73 <unknown>\n#8 0x561368ba5aeb <unknown>\n#9 0x561368ba6751 <unknown>\n#10 0x56136907bb4b <unknown>\n#11 0x56136907f929 <unknown>\n#12 0x561369062929 <unknown>\n#13 0x5613690804e8 <unknown>\n#14 0x5613690470df <unknown>\n#15 0x5613690a48e8 <unknown>\n#16 0x5613690a4ac6 <unknown>\n#17 0x5613690b6556 <unknown>\n#18 0x7f19b929caa4 <unknown>\n#19 0x7f19b9329c3c <unknown>",
        "time" : {
          "start" : 1753176164512,
          "stop" : 1753176174929,
          "duration" : 10417
        }
      }, {
        "uid" : "179c1957971be792",
        "reportUrl" : "https://Brain-up.github.io/auto-tests-python/634//#testresult/179c1957971be792",
        "status" : "skipped",
        "statusDetails" : "XFAIL\n\nselenium.common.exceptions.TimeoutException: Message: Can't find element by locator ('xpath', '//button[@data-test-active-link=\"Similar phrases\"]')\nStacktrace:\n#0 0x5612fd2e423a <unknown>\n#1 0x5612fcd8eab0 <unknown>\n#2 0x5612fcde06f0 <unknown>\n#3 0x5612fcde08e1 <unknown>\n#4 0x5612fce2eb94 <unknown>\n#5 0x5612fce061cd <unknown>\n#6 0x5612fce2bfee <unknown>\n#7 0x5612fce05f73 <unknown>\n#8 0x5612fcdd2aeb <unknown>\n#9 0x5612fcdd3751 <unknown>\n#10 0x5612fd2a8b4b <unknown>\n#11 0x5612fd2ac929 <unknown>\n#12 0x5612fd28f929 <unknown>\n#13 0x5612fd2ad4e8 <unknown>\n#14 0x5612fd2740df <unknown>\n#15 0x5612fd2d18e8 <unknown>\n#16 0x5612fd2d1ac6 <unknown>\n#17 0x5612fd2e3556 <unknown>\n#18 0x7fe59509caa4 <unknown>\n#19 0x7fe595129c3c <unknown>",
        "time" : {
          "start" : 1753174156126,
          "stop" : 1753174166548,
          "duration" : 10422
        }
      }, {
        "uid" : "86fe5fe8e8ea4228",
        "reportUrl" : "https://Brain-up.github.io/auto-tests-python/632//#testresult/86fe5fe8e8ea4228",
        "status" : "skipped",
        "statusDetails" : "XFAIL\n\nselenium.common.exceptions.TimeoutException: Message: Can't find element by locator ('xpath', '//button[@data-test-active-link=\"Similar phrases\"]')\nStacktrace:\n#0 0x5641265bf23a <unknown>\n#1 0x564126069ab0 <unknown>\n#2 0x5641260bb6f0 <unknown>\n#3 0x5641260bb8e1 <unknown>\n#4 0x564126109b94 <unknown>\n#5 0x5641260e11cd <unknown>\n#6 0x564126106fee <unknown>\n#7 0x5641260e0f73 <unknown>\n#8 0x5641260adaeb <unknown>\n#9 0x5641260ae751 <unknown>\n#10 0x564126583b4b <unknown>\n#11 0x564126587929 <unknown>\n#12 0x56412656a929 <unknown>\n#13 0x5641265884e8 <unknown>\n#14 0x56412654f0df <unknown>\n#15 0x5641265ac8e8 <unknown>\n#16 0x5641265acac6 <unknown>\n#17 0x5641265be556 <unknown>\n#18 0x7f5ae5a9caa4 <unknown>\n#19 0x7f5ae5b29c3c <unknown>",
        "time" : {
          "start" : 1752870921622,
          "stop" : 1752870932064,
          "duration" : 10442
        }
      }, {
        "uid" : "af7908e109295998",
        "reportUrl" : "https://Brain-up.github.io/auto-tests-python/631//#testresult/af7908e109295998",
        "status" : "skipped",
        "statusDetails" : "XFAIL\n\nselenium.common.exceptions.TimeoutException: Message: Can't find element by locator ('xpath', '//button[@data-test-active-link=\"Similar phrases\"]')\nStacktrace:\n#0 0x557c0f6c623a <unknown>\n#1 0x557c0f170ab0 <unknown>\n#2 0x557c0f1c26f0 <unknown>\n#3 0x557c0f1c28e1 <unknown>\n#4 0x557c0f210b94 <unknown>\n#5 0x557c0f1e81cd <unknown>\n#6 0x557c0f20dfee <unknown>\n#7 0x557c0f1e7f73 <unknown>\n#8 0x557c0f1b4aeb <unknown>\n#9 0x557c0f1b5751 <unknown>\n#10 0x557c0f68ab4b <unknown>\n#11 0x557c0f68e929 <unknown>\n#12 0x557c0f671929 <unknown>\n#13 0x557c0f68f4e8 <unknown>\n#14 0x557c0f6560df <unknown>\n#15 0x557c0f6b38e8 <unknown>\n#16 0x557c0f6b3ac6 <unknown>\n#17 0x557c0f6c5556 <unknown>\n#18 0x7f85a369caa4 <unknown>\n#19 0x7f85a3729c3c <unknown>",
        "time" : {
          "start" : 1752734724545,
          "stop" : 1752734734978,
          "duration" : 10433
        }
      }, {
        "uid" : "8ff441bec2eb0448",
        "reportUrl" : "https://Brain-up.github.io/auto-tests-python/630//#testresult/8ff441bec2eb0448",
        "status" : "skipped",
        "statusDetails" : "XFAIL\n\nselenium.common.exceptions.TimeoutException: Message: Can't find element by locator ('xpath', '//button[@data-test-active-link=\"Similar phrases\"]')\nStacktrace:\n#0 0x560d7a1e723a <unknown>\n#1 0x560d79c91ab0 <unknown>\n#2 0x560d79ce36f0 <unknown>\n#3 0x560d79ce38e1 <unknown>\n#4 0x560d79d31b94 <unknown>\n#5 0x560d79d091cd <unknown>\n#6 0x560d79d2efee <unknown>\n#7 0x560d79d08f73 <unknown>\n#8 0x560d79cd5aeb <unknown>\n#9 0x560d79cd6751 <unknown>\n#10 0x560d7a1abb4b <unknown>\n#11 0x560d7a1af929 <unknown>\n#12 0x560d7a192929 <unknown>\n#13 0x560d7a1b04e8 <unknown>\n#14 0x560d7a1770df <unknown>\n#15 0x560d7a1d48e8 <unknown>\n#16 0x560d7a1d4ac6 <unknown>\n#17 0x560d7a1e6556 <unknown>\n#18 0x7fa8c309caa4 <unknown>\n#19 0x7fa8c3129c3c <unknown>",
        "time" : {
          "start" : 1752675210967,
          "stop" : 1752675221371,
          "duration" : 10404
        }
      }, {
        "uid" : "c05bcfdac067fa7f",
        "reportUrl" : "https://Brain-up.github.io/auto-tests-python/629//#testresult/c05bcfdac067fa7f",
        "status" : "skipped",
        "statusDetails" : "XFAIL\n\nselenium.common.exceptions.TimeoutException: Message: Can't find element by locator ('xpath', '//button[@data-test-active-link=\"Similar phrases\"]')\nStacktrace:\n#0 0x55d6b081b23a <unknown>\n#1 0x55d6b02c5ab0 <unknown>\n#2 0x55d6b03176f0 <unknown>\n#3 0x55d6b03178e1 <unknown>\n#4 0x55d6b0365b94 <unknown>\n#5 0x55d6b033d1cd <unknown>\n#6 0x55d6b0362fee <unknown>\n#7 0x55d6b033cf73 <unknown>\n#8 0x55d6b0309aeb <unknown>\n#9 0x55d6b030a751 <unknown>\n#10 0x55d6b07dfb4b <unknown>\n#11 0x55d6b07e3929 <unknown>\n#12 0x55d6b07c6929 <unknown>\n#13 0x55d6b07e44e8 <unknown>\n#14 0x55d6b07ab0df <unknown>\n#15 0x55d6b08088e8 <unknown>\n#16 0x55d6b0808ac6 <unknown>\n#17 0x55d6b081a556 <unknown>\n#18 0x7f5ccae9caa4 <unknown>\n#19 0x7f5ccaf29c3c <unknown>",
        "time" : {
          "start" : 1752571872922,
          "stop" : 1752571883330,
          "duration" : 10408
        }
      }, {
        "uid" : "30deea2cf86b2928",
        "reportUrl" : "https://Brain-up.github.io/auto-tests-python/628//#testresult/30deea2cf86b2928",
        "status" : "skipped",
        "statusDetails" : "XFAIL\n\nselenium.common.exceptions.TimeoutException: Message: Can't find element by locator ('xpath', '//button[@data-test-active-link=\"Similar phrases\"]')\nStacktrace:\n#0 0x5651e37a223a <unknown>\n#1 0x5651e324cab0 <unknown>\n#2 0x5651e329e6f0 <unknown>\n#3 0x5651e329e8e1 <unknown>\n#4 0x5651e32ecb94 <unknown>\n#5 0x5651e32c41cd <unknown>\n#6 0x5651e32e9fee <unknown>\n#7 0x5651e32c3f73 <unknown>\n#8 0x5651e3290aeb <unknown>\n#9 0x5651e3291751 <unknown>\n#10 0x5651e3766b4b <unknown>\n#11 0x5651e376a929 <unknown>\n#12 0x5651e374d929 <unknown>\n#13 0x5651e376b4e8 <unknown>\n#14 0x5651e37320df <unknown>\n#15 0x5651e378f8e8 <unknown>\n#16 0x5651e378fac6 <unknown>\n#17 0x5651e37a1556 <unknown>\n#18 0x7f325dc9caa4 <unknown>\n#19 0x7f325dd29c3c <unknown>",
        "time" : {
          "start" : 1752485427896,
          "stop" : 1752485438317,
          "duration" : 10421
        }
      }, {
        "uid" : "d52bd4a538f181b8",
        "reportUrl" : "https://Brain-up.github.io/auto-tests-python/627//#testresult/d52bd4a538f181b8",
        "status" : "skipped",
        "statusDetails" : "XFAIL\n\nselenium.common.exceptions.TimeoutException: Message: Can't find element by locator ('xpath', '//button[@data-test-active-link=\"Similar phrases\"]')\nStacktrace:\n#0 0x56314dc8a23a <unknown>\n#1 0x56314d734ab0 <unknown>\n#2 0x56314d7866f0 <unknown>\n#3 0x56314d7868e1 <unknown>\n#4 0x56314d7d4b94 <unknown>\n#5 0x56314d7ac1cd <unknown>\n#6 0x56314d7d1fee <unknown>\n#7 0x56314d7abf73 <unknown>\n#8 0x56314d778aeb <unknown>\n#9 0x56314d779751 <unknown>\n#10 0x56314dc4eb4b <unknown>\n#11 0x56314dc52929 <unknown>\n#12 0x56314dc35929 <unknown>\n#13 0x56314dc534e8 <unknown>\n#14 0x56314dc1a0df <unknown>\n#15 0x56314dc778e8 <unknown>\n#16 0x56314dc77ac6 <unknown>\n#17 0x56314dc89556 <unknown>\n#18 0x7ff66b29caa4 <unknown>\n#19 0x7ff66b329c3c <unknown>",
        "time" : {
          "start" : 1752402512446,
          "stop" : 1752402522871,
          "duration" : 10425
        }
      }, {
        "uid" : "b765a57a30f02a5a",
        "reportUrl" : "https://Brain-up.github.io/auto-tests-python/626//#testresult/b765a57a30f02a5a",
        "status" : "skipped",
        "statusDetails" : "XFAIL\n\nselenium.common.exceptions.TimeoutException: Message: Can't find element by locator ('xpath', '//button[@data-test-active-link=\"Similar phrases\"]')\nStacktrace:\n#0 0x556a7b57823a <unknown>\n#1 0x556a7b022ab0 <unknown>\n#2 0x556a7b0746f0 <unknown>\n#3 0x556a7b0748e1 <unknown>\n#4 0x556a7b0c2b94 <unknown>\n#5 0x556a7b09a1cd <unknown>\n#6 0x556a7b0bffee <unknown>\n#7 0x556a7b099f73 <unknown>\n#8 0x556a7b066aeb <unknown>\n#9 0x556a7b067751 <unknown>\n#10 0x556a7b53cb4b <unknown>\n#11 0x556a7b540929 <unknown>\n#12 0x556a7b523929 <unknown>\n#13 0x556a7b5414e8 <unknown>\n#14 0x556a7b5080df <unknown>\n#15 0x556a7b5658e8 <unknown>\n#16 0x556a7b565ac6 <unknown>\n#17 0x556a7b577556 <unknown>\n#18 0x7f63dbe9caa4 <unknown>\n#19 0x7f63dbf29c3c <unknown>",
        "time" : {
          "start" : 1752301405216,
          "stop" : 1752301415701,
          "duration" : 10485
        }
      }, {
        "uid" : "a0856c4e8f9036e5",
        "reportUrl" : "https://Brain-up.github.io/auto-tests-python/625//#testresult/a0856c4e8f9036e5",
        "status" : "skipped",
        "statusDetails" : "XFAIL\n\nselenium.common.exceptions.TimeoutException: Message: Can't find element by locator ('xpath', '//button[@data-test-active-link=\"Similar phrases\"]')\nStacktrace:\n#0 0x560dd37e626a <unknown>\n#1 0x560dd3290ab0 <unknown>\n#2 0x560dd32e26f0 <unknown>\n#3 0x560dd32e28e1 <unknown>\n#4 0x560dd3330b94 <unknown>\n#5 0x560dd33081cd <unknown>\n#6 0x560dd332dfee <unknown>\n#7 0x560dd3307f73 <unknown>\n#8 0x560dd32d4aeb <unknown>\n#9 0x560dd32d5751 <unknown>\n#10 0x560dd37aab7b <unknown>\n#11 0x560dd37ae959 <unknown>\n#12 0x560dd3791959 <unknown>\n#13 0x560dd37af518 <unknown>\n#14 0x560dd377610f <unknown>\n#15 0x560dd37d3918 <unknown>\n#16 0x560dd37d3af6 <unknown>\n#17 0x560dd37e5586 <unknown>\n#18 0x7facc5e9caa4 <unknown>\n#19 0x7facc5f29c3c <unknown>",
        "time" : {
          "start" : 1752216675518,
          "stop" : 1752216685918,
          "duration" : 10400
        }
      }, {
        "uid" : "e8f4d7273d756087",
        "reportUrl" : "https://Brain-up.github.io/auto-tests-python/624//#testresult/e8f4d7273d756087",
        "status" : "skipped",
        "statusDetails" : "XFAIL\n\nselenium.common.exceptions.TimeoutException: Message: Can't find element by locator ('xpath', '//button[@data-test-active-link=\"Similar phrases\"]')\nStacktrace:\n#0 0x561f46ba526a <unknown>\n#1 0x561f4664fab0 <unknown>\n#2 0x561f466a16f0 <unknown>\n#3 0x561f466a18e1 <unknown>\n#4 0x561f466efb94 <unknown>\n#5 0x561f466c71cd <unknown>\n#6 0x561f466ecfee <unknown>\n#7 0x561f466c6f73 <unknown>\n#8 0x561f46693aeb <unknown>\n#9 0x561f46694751 <unknown>\n#10 0x561f46b69b7b <unknown>\n#11 0x561f46b6d959 <unknown>\n#12 0x561f46b50959 <unknown>\n#13 0x561f46b6e518 <unknown>\n#14 0x561f46b3510f <unknown>\n#15 0x561f46b92918 <unknown>\n#16 0x561f46b92af6 <unknown>\n#17 0x561f46ba4586 <unknown>\n#18 0x7face1a9caa4 <unknown>\n#19 0x7face1b29c3c <unknown>",
        "time" : {
          "start" : 1752173541014,
          "stop" : 1752173551444,
          "duration" : 10430
        }
      } ]
    },
    "tags" : [ "@pytest.mark.xfail" ]
  },
  "source" : "125251d9afc56eb6.json",
  "parameterValues" : [ ]
}