{
  "uid" : "e89bd9e2c7b51def",
  "name" : "Check progres-bar and buttons.",
  "fullName" : "tests.test_speech_exercises_en.TestCardsEN#test_progress_bar_is_present_en",
  "historyId" : "efb827312bdd34b296637645e49b0897",
  "time" : {
    "start" : 1732138173155,
    "stop" : 1732138198366,
    "duration" : 25211
  },
  "status" : "skipped",
  "statusMessage" : "XFAIL\n\nselenium.common.exceptions.TimeoutException: Message: Can't find element by locator ('xpath', '//button[@data-test-active-link=\"Words\"]')\nStacktrace:\n#0 0x5636fe07c4ca <unknown>\n#1 0x5636fdb8f620 <unknown>\n#2 0x5636fdbde306 <unknown>\n#3 0x5636fdbde5a1 <unknown>\n#4 0x5636fdc23a04 <unknown>\n#5 0x5636fdc0239d <unknown>\n#6 0x5636fdc20de0 <unknown>\n#7 0x5636fdc02113 <unknown>\n#8 0x5636fdbd0be0 <unknown>\n#9 0x5636fdbd1bbe <unknown>\n#10 0x5636fe048e4b <unknown>\n#11 0x5636fe04cde2 <unknown>\n#12 0x5636fe035d2c <unknown>\n#13 0x5636fe04d957 <unknown>\n#14 0x5636fe01b4bf <unknown>\n#15 0x5636fe06b348 <unknown>\n#16 0x5636fe06b510 <unknown>\n#17 0x5636fe07b346 <unknown>\n#18 0x7faf79494ac3 <unknown>",
  "statusTrace" : "self = <tests.test_speech_exercises_en.TestCardsEN object at 0x7f07e594a240>\ndriver = <selenium.webdriver.chrome.webdriver.WebDriver (session=\"d7ab2d1ab851732b3e120c8310eebb5c\")>\nspecialist_user_authorized = None\n\n    @pytest.mark.xfail\n    @allure.suite(\"Speech exercises EN.\")\n    @allure.title('Check progres-bar and buttons.')\n    def test_progress_bar_is_present_en(self, driver, specialist_user_authorized):\n        page = SpeechExercisesPage(driver)\n        page.select_group(SpeechExercisesPageLocators.WORDS_BUTTON_EN)\n        seria_id = page.set_url_to_get_id_words_group()\n>       card_id = page.click_random_card_in_words()\n\ntests/test_speech_exercises_en.py:36: \n_ _ _ _ _ _ _ _ _ _ _ _ _ _ _ _ _ _ _ _ _ _ _ _ _ _ _ _ _ _ _ _ _ _ _ _ _ _ _ _ \npages/speech_exercises_page_en.py:42: in click_random_card_in_words\n    self.element_is_present_and_clickable(self.locators.SpeechExercisesPageLocators.WORDS_EN).click()\npages/base_page.py:32: in element_is_present_and_clickable\n    return (Wait(self.driver, self.timeout).until(\n_ _ _ _ _ _ _ _ _ _ _ _ _ _ _ _ _ _ _ _ _ _ _ _ _ _ _ _ _ _ _ _ _ _ _ _ _ _ _ _ \n\nself = <selenium.webdriver.support.wait.WebDriverWait (session=\"d7ab2d1ab851732b3e120c8310eebb5c\")>\nmethod = <function visibility_of_element_located.<locals>._predicate at 0x7f07e59e0cc0>\nmessage = 'Can\\'t find element by locator (\\'xpath\\', \\'//button[@data-test-active-link=\"Words\"]\\')'\n\n    def until(self, method, message: str = \"\"):\n        \"\"\"Calls the method provided with the driver as an argument until the \\\n        return value does not evaluate to ``False``.\n    \n        :param method: callable(WebDriver)\n        :param message: optional message for :exc:`TimeoutException`\n        :returns: the result of the last call to `method`\n        :raises: :exc:`selenium.common.exceptions.TimeoutException` if timeout occurs\n        \"\"\"\n        screen = None\n        stacktrace = None\n    \n        end_time = time.monotonic() + self._timeout\n        while True:\n            try:\n                value = method(self._driver)\n                if value:\n                    return value\n            except self._ignored_exceptions as exc:\n                screen = getattr(exc, \"screen\", None)\n                stacktrace = getattr(exc, \"stacktrace\", None)\n            time.sleep(self._poll)\n            if time.monotonic() > end_time:\n                break\n>       raise TimeoutException(message, screen, stacktrace)\nE       selenium.common.exceptions.TimeoutException: Message: Can't find element by locator ('xpath', '//button[@data-test-active-link=\"Words\"]')\nE       Stacktrace:\nE       #0 0x5636fe07c4ca <unknown>\nE       #1 0x5636fdb8f620 <unknown>\nE       #2 0x5636fdbde306 <unknown>\nE       #3 0x5636fdbde5a1 <unknown>\nE       #4 0x5636fdc23a04 <unknown>\nE       #5 0x5636fdc0239d <unknown>\nE       #6 0x5636fdc20de0 <unknown>\nE       #7 0x5636fdc02113 <unknown>\nE       #8 0x5636fdbd0be0 <unknown>\nE       #9 0x5636fdbd1bbe <unknown>\nE       #10 0x5636fe048e4b <unknown>\nE       #11 0x5636fe04cde2 <unknown>\nE       #12 0x5636fe035d2c <unknown>\nE       #13 0x5636fe04d957 <unknown>\nE       #14 0x5636fe01b4bf <unknown>\nE       #15 0x5636fe06b348 <unknown>\nE       #16 0x5636fe06b510 <unknown>\nE       #17 0x5636fe07b346 <unknown>\nE       #18 0x7faf79494ac3 <unknown>\n\n/opt/hostedtoolcache/Python/3.12.7/x64/lib/python3.12/site-packages/selenium/webdriver/support/wait.py:95: TimeoutException",
  "flaky" : false,
  "newFailed" : false,
  "beforeStages" : [ {
    "name" : "driver",
    "time" : {
      "start" : 1732138163229,
      "stop" : 1732138164007,
      "duration" : 778
    },
    "status" : "passed",
    "steps" : [ ],
    "attachments" : [ ],
    "parameters" : [ ],
    "hasContent" : false,
    "stepsCount" : 0,
    "attachmentsCount" : 0,
    "shouldDisplayMessage" : false
  }, {
    "name" : "clear_allure_results_folder",
    "time" : {
      "start" : 1732137171805,
      "stop" : 1732137171805,
      "duration" : 0
    },
    "status" : "passed",
    "steps" : [ ],
    "attachments" : [ ],
    "parameters" : [ ],
    "hasContent" : false,
    "stepsCount" : 0,
    "attachmentsCount" : 0,
    "shouldDisplayMessage" : false
  }, {
    "name" : "specialist_user_authorized",
    "time" : {
      "start" : 1732138166669,
      "stop" : 1732138173154,
      "duration" : 6485
    },
    "status" : "passed",
    "steps" : [ {
      "name" : "USER specialist authorized",
      "time" : {
        "start" : 1732138166670,
        "stop" : 1732138173154,
        "duration" : 6484
      },
      "status" : "passed",
      "steps" : [ {
        "name" : "Check url is present: https://www.brainup.site/groups",
        "time" : {
          "start" : 1732138167084,
          "stop" : 1732138173132,
          "duration" : 6048
        },
        "status" : "passed",
        "steps" : [ ],
        "attachments" : [ ],
        "parameters" : [ ],
        "hasContent" : false,
        "stepsCount" : 0,
        "attachmentsCount" : 0,
        "shouldDisplayMessage" : false
      }, {
        "name" : "Loader checking",
        "time" : {
          "start" : 1732138173132,
          "stop" : 1732138173154,
          "duration" : 22
        },
        "status" : "passed",
        "steps" : [ ],
        "attachments" : [ ],
        "parameters" : [ ],
        "hasContent" : false,
        "stepsCount" : 0,
        "attachmentsCount" : 0,
        "shouldDisplayMessage" : false
      } ],
      "attachments" : [ ],
      "parameters" : [ {
        "name" : "driver",
        "value" : "<selenium.webdriver.chrome.webdriver.WebDriver (session=\"d7ab2d1ab851732b3e120c8310eebb5c\")>"
      }, {
        "name" : "main_page_open",
        "value" : "None"
      } ],
      "hasContent" : true,
      "stepsCount" : 2,
      "attachmentsCount" : 0,
      "shouldDisplayMessage" : false
    } ],
    "attachments" : [ ],
    "parameters" : [ ],
    "hasContent" : true,
    "stepsCount" : 3,
    "attachmentsCount" : 0,
    "shouldDisplayMessage" : false
  }, {
    "name" : "main_page_open",
    "time" : {
      "start" : 1732138164007,
      "stop" : 1732138166669,
      "duration" : 2662
    },
    "status" : "passed",
    "steps" : [ {
      "name" : "Open page: https://www.brainup.site/",
      "time" : {
        "start" : 1732138164008,
        "stop" : 1732138166669,
        "duration" : 2661
      },
      "status" : "passed",
      "steps" : [ ],
      "attachments" : [ ],
      "parameters" : [ {
        "name" : "driver",
        "value" : "<selenium.webdriver.chrome.webdriver.WebDriver (session=\"d7ab2d1ab851732b3e120c8310eebb5c\")>"
      } ],
      "hasContent" : true,
      "stepsCount" : 0,
      "attachmentsCount" : 0,
      "shouldDisplayMessage" : false
    } ],
    "attachments" : [ ],
    "parameters" : [ ],
    "hasContent" : true,
    "stepsCount" : 1,
    "attachmentsCount" : 0,
    "shouldDisplayMessage" : false
  } ],
  "testStage" : {
    "status" : "skipped",
    "statusMessage" : "XFAIL\n\nselenium.common.exceptions.TimeoutException: Message: Can't find element by locator ('xpath', '//button[@data-test-active-link=\"Words\"]')\nStacktrace:\n#0 0x5636fe07c4ca <unknown>\n#1 0x5636fdb8f620 <unknown>\n#2 0x5636fdbde306 <unknown>\n#3 0x5636fdbde5a1 <unknown>\n#4 0x5636fdc23a04 <unknown>\n#5 0x5636fdc0239d <unknown>\n#6 0x5636fdc20de0 <unknown>\n#7 0x5636fdc02113 <unknown>\n#8 0x5636fdbd0be0 <unknown>\n#9 0x5636fdbd1bbe <unknown>\n#10 0x5636fe048e4b <unknown>\n#11 0x5636fe04cde2 <unknown>\n#12 0x5636fe035d2c <unknown>\n#13 0x5636fe04d957 <unknown>\n#14 0x5636fe01b4bf <unknown>\n#15 0x5636fe06b348 <unknown>\n#16 0x5636fe06b510 <unknown>\n#17 0x5636fe07b346 <unknown>\n#18 0x7faf79494ac3 <unknown>",
    "statusTrace" : "self = <tests.test_speech_exercises_en.TestCardsEN object at 0x7f07e594a240>\ndriver = <selenium.webdriver.chrome.webdriver.WebDriver (session=\"d7ab2d1ab851732b3e120c8310eebb5c\")>\nspecialist_user_authorized = None\n\n    @pytest.mark.xfail\n    @allure.suite(\"Speech exercises EN.\")\n    @allure.title('Check progres-bar and buttons.')\n    def test_progress_bar_is_present_en(self, driver, specialist_user_authorized):\n        page = SpeechExercisesPage(driver)\n        page.select_group(SpeechExercisesPageLocators.WORDS_BUTTON_EN)\n        seria_id = page.set_url_to_get_id_words_group()\n>       card_id = page.click_random_card_in_words()\n\ntests/test_speech_exercises_en.py:36: \n_ _ _ _ _ _ _ _ _ _ _ _ _ _ _ _ _ _ _ _ _ _ _ _ _ _ _ _ _ _ _ _ _ _ _ _ _ _ _ _ \npages/speech_exercises_page_en.py:42: in click_random_card_in_words\n    self.element_is_present_and_clickable(self.locators.SpeechExercisesPageLocators.WORDS_EN).click()\npages/base_page.py:32: in element_is_present_and_clickable\n    return (Wait(self.driver, self.timeout).until(\n_ _ _ _ _ _ _ _ _ _ _ _ _ _ _ _ _ _ _ _ _ _ _ _ _ _ _ _ _ _ _ _ _ _ _ _ _ _ _ _ \n\nself = <selenium.webdriver.support.wait.WebDriverWait (session=\"d7ab2d1ab851732b3e120c8310eebb5c\")>\nmethod = <function visibility_of_element_located.<locals>._predicate at 0x7f07e59e0cc0>\nmessage = 'Can\\'t find element by locator (\\'xpath\\', \\'//button[@data-test-active-link=\"Words\"]\\')'\n\n    def until(self, method, message: str = \"\"):\n        \"\"\"Calls the method provided with the driver as an argument until the \\\n        return value does not evaluate to ``False``.\n    \n        :param method: callable(WebDriver)\n        :param message: optional message for :exc:`TimeoutException`\n        :returns: the result of the last call to `method`\n        :raises: :exc:`selenium.common.exceptions.TimeoutException` if timeout occurs\n        \"\"\"\n        screen = None\n        stacktrace = None\n    \n        end_time = time.monotonic() + self._timeout\n        while True:\n            try:\n                value = method(self._driver)\n                if value:\n                    return value\n            except self._ignored_exceptions as exc:\n                screen = getattr(exc, \"screen\", None)\n                stacktrace = getattr(exc, \"stacktrace\", None)\n            time.sleep(self._poll)\n            if time.monotonic() > end_time:\n                break\n>       raise TimeoutException(message, screen, stacktrace)\nE       selenium.common.exceptions.TimeoutException: Message: Can't find element by locator ('xpath', '//button[@data-test-active-link=\"Words\"]')\nE       Stacktrace:\nE       #0 0x5636fe07c4ca <unknown>\nE       #1 0x5636fdb8f620 <unknown>\nE       #2 0x5636fdbde306 <unknown>\nE       #3 0x5636fdbde5a1 <unknown>\nE       #4 0x5636fdc23a04 <unknown>\nE       #5 0x5636fdc0239d <unknown>\nE       #6 0x5636fdc20de0 <unknown>\nE       #7 0x5636fdc02113 <unknown>\nE       #8 0x5636fdbd0be0 <unknown>\nE       #9 0x5636fdbd1bbe <unknown>\nE       #10 0x5636fe048e4b <unknown>\nE       #11 0x5636fe04cde2 <unknown>\nE       #12 0x5636fe035d2c <unknown>\nE       #13 0x5636fe04d957 <unknown>\nE       #14 0x5636fe01b4bf <unknown>\nE       #15 0x5636fe06b348 <unknown>\nE       #16 0x5636fe06b510 <unknown>\nE       #17 0x5636fe07b346 <unknown>\nE       #18 0x7faf79494ac3 <unknown>\n\n/opt/hostedtoolcache/Python/3.12.7/x64/lib/python3.12/site-packages/selenium/webdriver/support/wait.py:95: TimeoutException",
    "steps" : [ {
      "name" : "select_group",
      "time" : {
        "start" : 1732138173155,
        "stop" : 1732138176511,
        "duration" : 3356
      },
      "status" : "passed",
      "steps" : [ {
        "name" : "Select Russian language. Click \"EN\" button.",
        "time" : {
          "start" : 1732138173155,
          "stop" : 1732138173226,
          "duration" : 71
        },
        "status" : "passed",
        "steps" : [ ],
        "attachments" : [ ],
        "parameters" : [ ],
        "hasContent" : false,
        "stepsCount" : 0,
        "attachmentsCount" : 0,
        "shouldDisplayMessage" : false
      }, {
        "name" : "Click button \"SPEECH EXERCISES\".",
        "time" : {
          "start" : 1732138173226,
          "stop" : 1732138173298,
          "duration" : 72
        },
        "status" : "passed",
        "steps" : [ ],
        "attachments" : [ ],
        "parameters" : [ ],
        "hasContent" : false,
        "stepsCount" : 0,
        "attachmentsCount" : 0,
        "shouldDisplayMessage" : false
      }, {
        "name" : "Click button \"WORDS\".",
        "time" : {
          "start" : 1732138176442,
          "stop" : 1732138176511,
          "duration" : 69
        },
        "status" : "passed",
        "steps" : [ ],
        "attachments" : [ ],
        "parameters" : [ ],
        "hasContent" : false,
        "stepsCount" : 0,
        "attachmentsCount" : 0,
        "shouldDisplayMessage" : false
      } ],
      "attachments" : [ ],
      "parameters" : [ {
        "name" : "selector_for_sub_group",
        "value" : "('xpath', '//button[@data-test-active-link=\"Words\"]')"
      } ],
      "hasContent" : true,
      "stepsCount" : 3,
      "attachmentsCount" : 0,
      "shouldDisplayMessage" : false
    }, {
      "name" : "Get seria ID from URL: https://www.brainup.site/groups/4/series/9",
      "time" : {
        "start" : 1732138176511,
        "stop" : 1732138178027,
        "duration" : 1516
      },
      "status" : "passed",
      "steps" : [ {
        "name" : "Wait until url to be: https://www.brainup.site/groups/4/series/9.",
        "time" : {
          "start" : 1732138176511,
          "stop" : 1732138178024,
          "duration" : 1513
        },
        "status" : "passed",
        "steps" : [ ],
        "attachments" : [ ],
        "parameters" : [ ],
        "hasContent" : false,
        "stepsCount" : 0,
        "attachmentsCount" : 0,
        "shouldDisplayMessage" : false
      } ],
      "attachments" : [ ],
      "parameters" : [ ],
      "hasContent" : true,
      "stepsCount" : 1,
      "attachmentsCount" : 0,
      "shouldDisplayMessage" : false
    }, {
      "name" : "click_random_card_in_words",
      "time" : {
        "start" : 1732138178027,
        "stop" : 1732138198365,
        "duration" : 20338
      },
      "status" : "broken",
      "statusMessage" : "selenium.common.exceptions.TimeoutException: Message: Can't find element by locator ('xpath', '//button[@data-test-active-link=\"Words\"]')\nStacktrace:\n#0 0x5636fe07c4ca <unknown>\n#1 0x5636fdb8f620 <unknown>\n#2 0x5636fdbde306 <unknown>\n#3 0x5636fdbde5a1 <unknown>\n#4 0x5636fdc23a04 <unknown>\n#5 0x5636fdc0239d <unknown>\n#6 0x5636fdc20de0 <unknown>\n#7 0x5636fdc02113 <unknown>\n#8 0x5636fdbd0be0 <unknown>\n#9 0x5636fdbd1bbe <unknown>\n#10 0x5636fe048e4b <unknown>\n#11 0x5636fe04cde2 <unknown>\n#12 0x5636fe035d2c <unknown>\n#13 0x5636fe04d957 <unknown>\n#14 0x5636fe01b4bf <unknown>\n#15 0x5636fe06b348 <unknown>\n#16 0x5636fe06b510 <unknown>\n#17 0x5636fe07b346 <unknown>\n#18 0x7faf79494ac3 <unknown>\n\n",
      "statusTrace" : "  File \"/opt/hostedtoolcache/Python/3.12.7/x64/lib/python3.12/site-packages/allure_commons/_allure.py\", line 192, in impl\n    return func(*a, **kw)\n           ^^^^^^^^^^^^^^\n  File \"/home/runner/work/auto-tests-python/auto-tests-python/pages/speech_exercises_page_en.py\", line 42, in click_random_card_in_words\n    self.element_is_present_and_clickable(self.locators.SpeechExercisesPageLocators.WORDS_EN).click()\n    ^^^^^^^^^^^^^^^^^^^^^^^^^^^^^^^^^^^^^^^^^^^^^^^^^^^^^^^^^^^^^^^^^^^^^^^^^^^^^^^^^^^^^^^^^\n  File \"/home/runner/work/auto-tests-python/auto-tests-python/pages/base_page.py\", line 32, in element_is_present_and_clickable\n    return (Wait(self.driver, self.timeout).until(\n            ^^^^^^^^^^^^^^^^^^^^^^^^^^^^^^^^^^^^^^\n  File \"/opt/hostedtoolcache/Python/3.12.7/x64/lib/python3.12/site-packages/selenium/webdriver/support/wait.py\", line 95, in until\n    raise TimeoutException(message, screen, stacktrace)\n",
      "steps" : [ ],
      "attachments" : [ ],
      "parameters" : [ ],
      "hasContent" : true,
      "stepsCount" : 0,
      "attachmentsCount" : 0,
      "shouldDisplayMessage" : true
    } ],
    "attachments" : [ ],
    "parameters" : [ ],
    "hasContent" : true,
    "stepsCount" : 7,
    "attachmentsCount" : 0,
    "shouldDisplayMessage" : true
  },
  "afterStages" : [ {
    "name" : "driver::0",
    "time" : {
      "start" : 1732138198377,
      "stop" : 1732138198449,
      "duration" : 72
    },
    "status" : "passed",
    "steps" : [ ],
    "attachments" : [ ],
    "parameters" : [ ],
    "hasContent" : false,
    "stepsCount" : 0,
    "attachmentsCount" : 0,
    "shouldDisplayMessage" : false
  } ],
  "labels" : [ {
    "name" : "epic",
    "value" : "Speech exercises."
  }, {
    "name" : "suite",
    "value" : "Speech exercises EN."
  }, {
    "name" : "tag",
    "value" : "@pytest.mark.xfail"
  }, {
    "name" : "parentSuite",
    "value" : "tests"
  }, {
    "name" : "subSuite",
    "value" : "TestCardsEN"
  }, {
    "name" : "host",
    "value" : "fv-az1118-147"
  }, {
    "name" : "thread",
    "value" : "2242-MainThread"
  }, {
    "name" : "framework",
    "value" : "pytest"
  }, {
    "name" : "language",
    "value" : "cpython3"
  }, {
    "name" : "package",
    "value" : "tests.test_speech_exercises_en"
  }, {
    "name" : "resultFormat",
    "value" : "allure2"
  } ],
  "parameters" : [ ],
  "links" : [ ],
  "hidden" : false,
  "retry" : false,
  "extra" : {
    "severity" : "normal",
    "retries" : [ ],
    "categories" : [ ],
    "history" : {
      "statistic" : {
        "failed" : 0,
        "broken" : 0,
        "skipped" : 12,
        "passed" : 0,
        "unknown" : 0,
        "total" : 12
      },
      "items" : [ {
        "uid" : "f1a95b4623c26f82",
        "reportUrl" : "https://Brain-up.github.io/auto-tests-python/396//#testresult/f1a95b4623c26f82",
        "status" : "skipped",
        "statusDetails" : "XFAIL\n\nselenium.common.exceptions.TimeoutException: Message: Can't find element by locator ('xpath', '//button[@data-test-active-link=\"Words\"]')\nStacktrace:\n#0 0x56071dbe94ca <unknown>\n#1 0x56071d6fc620 <unknown>\n#2 0x56071d74b306 <unknown>\n#3 0x56071d74b5a1 <unknown>\n#4 0x56071d790a04 <unknown>\n#5 0x56071d76f39d <unknown>\n#6 0x56071d78dde0 <unknown>\n#7 0x56071d76f113 <unknown>\n#8 0x56071d73dbe0 <unknown>\n#9 0x56071d73ebbe <unknown>\n#10 0x56071dbb5e4b <unknown>\n#11 0x56071dbb9de2 <unknown>\n#12 0x56071dba2d2c <unknown>\n#13 0x56071dbba957 <unknown>\n#14 0x56071db884bf <unknown>\n#15 0x56071dbd8348 <unknown>\n#16 0x56071dbd8510 <unknown>\n#17 0x56071dbe8346 <unknown>\n#18 0x7fd38d894ac3 <unknown>",
        "time" : {
          "start" : 1732135057287,
          "stop" : 1732135077563,
          "duration" : 20276
        }
      }, {
        "uid" : "55cca8b70ec6a273",
        "reportUrl" : "https://Brain-up.github.io/auto-tests-python/189//#testresult/55cca8b70ec6a273",
        "status" : "skipped",
        "statusDetails" : "XFAIL\n\nselenium.common.exceptions.TimeoutException: Message: Can't find element by locator ('xpath', '//button[@data-test-active-link=\"Words\"]')\nStacktrace:\n#0 0x563dc6e9c4ca <unknown>\n#1 0x563dc69af620 <unknown>\n#2 0x563dc69fe306 <unknown>\n#3 0x563dc69fe5a1 <unknown>\n#4 0x563dc6a43a04 <unknown>\n#5 0x563dc6a2239d <unknown>\n#6 0x563dc6a40de0 <unknown>\n#7 0x563dc6a22113 <unknown>\n#8 0x563dc69f0be0 <unknown>\n#9 0x563dc69f1bbe <unknown>\n#10 0x563dc6e68e4b <unknown>\n#11 0x563dc6e6cde2 <unknown>\n#12 0x563dc6e55d2c <unknown>\n#13 0x563dc6e6d957 <unknown>\n#14 0x563dc6e3b4bf <unknown>\n#15 0x563dc6e8b348 <unknown>\n#16 0x563dc6e8b510 <unknown>\n#17 0x563dc6e9b346 <unknown>\n#18 0x7fee3c894ac3 <unknown>",
        "time" : {
          "start" : 1732065511381,
          "stop" : 1732065531611,
          "duration" : 20230
        }
      }, {
        "uid" : "bd596e91b74647e4",
        "reportUrl" : "https://Brain-up.github.io/auto-tests-python/395//#testresult/bd596e91b74647e4",
        "status" : "skipped",
        "statusDetails" : "XFAIL\n\nselenium.common.exceptions.TimeoutException: Message: Can't find element by locator ('xpath', '//button[@data-test-active-link=\"Words\"]')\nStacktrace:\n#0 0x55a0725c44ca <unknown>\n#1 0x55a0720d7620 <unknown>\n#2 0x55a072126306 <unknown>\n#3 0x55a0721265a1 <unknown>\n#4 0x55a07216ba04 <unknown>\n#5 0x55a07214a39d <unknown>\n#6 0x55a072168de0 <unknown>\n#7 0x55a07214a113 <unknown>\n#8 0x55a072118be0 <unknown>\n#9 0x55a072119bbe <unknown>\n#10 0x55a072590e4b <unknown>\n#11 0x55a072594de2 <unknown>\n#12 0x55a07257dd2c <unknown>\n#13 0x55a072595957 <unknown>\n#14 0x55a0725634bf <unknown>\n#15 0x55a0725b3348 <unknown>\n#16 0x55a0725b3510 <unknown>\n#17 0x55a0725c3346 <unknown>\n#18 0x7ffa03a94ac3 <unknown>",
        "time" : {
          "start" : 1732009017014,
          "stop" : 1732009037267,
          "duration" : 20253
        }
      }, {
        "uid" : "1959a7b18d6a3b59",
        "reportUrl" : "https://Brain-up.github.io/auto-tests-python/394//#testresult/1959a7b18d6a3b59",
        "status" : "skipped",
        "statusDetails" : "XFAIL\n\nselenium.common.exceptions.TimeoutException: Message: Can't find element by locator ('xpath', '//button[@data-test-active-link=\"Words\"]')\nStacktrace:\n#0 0x556fcbe8b4ca <unknown>\n#1 0x556fcb99e620 <unknown>\n#2 0x556fcb9ed306 <unknown>\n#3 0x556fcb9ed5a1 <unknown>\n#4 0x556fcba32a04 <unknown>\n#5 0x556fcba1139d <unknown>\n#6 0x556fcba2fde0 <unknown>\n#7 0x556fcba11113 <unknown>\n#8 0x556fcb9dfbe0 <unknown>\n#9 0x556fcb9e0bbe <unknown>\n#10 0x556fcbe57e4b <unknown>\n#11 0x556fcbe5bde2 <unknown>\n#12 0x556fcbe44d2c <unknown>\n#13 0x556fcbe5c957 <unknown>\n#14 0x556fcbe2a4bf <unknown>\n#15 0x556fcbe7a348 <unknown>\n#16 0x556fcbe7a510 <unknown>\n#17 0x556fcbe8a346 <unknown>\n#18 0x7f3705494ac3 <unknown>",
        "time" : {
          "start" : 1732006949695,
          "stop" : 1732006969896,
          "duration" : 20201
        }
      }, {
        "uid" : "a26c8dc76614bb68",
        "reportUrl" : "https://Brain-up.github.io/auto-tests-python/188//#testresult/a26c8dc76614bb68",
        "status" : "skipped",
        "statusDetails" : "XFAIL\n\nselenium.common.exceptions.TimeoutException: Message: Can't find element by locator ('xpath', '//button[@data-test-active-link=\"Words\"]')\nStacktrace:\n#0 0x556f948804ca <unknown>\n#1 0x556f94393620 <unknown>\n#2 0x556f943e2306 <unknown>\n#3 0x556f943e25a1 <unknown>\n#4 0x556f94427a04 <unknown>\n#5 0x556f9440639d <unknown>\n#6 0x556f94424de0 <unknown>\n#7 0x556f94406113 <unknown>\n#8 0x556f943d4be0 <unknown>\n#9 0x556f943d5bbe <unknown>\n#10 0x556f9484ce4b <unknown>\n#11 0x556f94850de2 <unknown>\n#12 0x556f94839d2c <unknown>\n#13 0x556f94851957 <unknown>\n#14 0x556f9481f4bf <unknown>\n#15 0x556f9486f348 <unknown>\n#16 0x556f9486f510 <unknown>\n#17 0x556f9487f346 <unknown>\n#18 0x7fc773294ac3 <unknown>",
        "time" : {
          "start" : 1731978933794,
          "stop" : 1731978954082,
          "duration" : 20288
        }
      }, {
        "uid" : "893a953dda077df4",
        "reportUrl" : "https://Brain-up.github.io/auto-tests-python/393//#testresult/893a953dda077df4",
        "status" : "skipped",
        "statusDetails" : "XFAIL\n\nselenium.common.exceptions.TimeoutException: Message: Can't find element by locator ('xpath', '//button[@data-test-active-link=\"Words\"]')\nStacktrace:\n#0 0x5650a51b04ca <unknown>\n#1 0x5650a4cc3620 <unknown>\n#2 0x5650a4d12306 <unknown>\n#3 0x5650a4d125a1 <unknown>\n#4 0x5650a4d57a04 <unknown>\n#5 0x5650a4d3639d <unknown>\n#6 0x5650a4d54de0 <unknown>\n#7 0x5650a4d36113 <unknown>\n#8 0x5650a4d04be0 <unknown>\n#9 0x5650a4d05bbe <unknown>\n#10 0x5650a517ce4b <unknown>\n#11 0x5650a5180de2 <unknown>\n#12 0x5650a5169d2c <unknown>\n#13 0x5650a5181957 <unknown>\n#14 0x5650a514f4bf <unknown>\n#15 0x5650a519f348 <unknown>\n#16 0x5650a519f510 <unknown>\n#17 0x5650a51af346 <unknown>\n#18 0x7fdfd4094ac3 <unknown>",
        "time" : {
          "start" : 1731963861105,
          "stop" : 1731963881414,
          "duration" : 20309
        }
      }, {
        "uid" : "ffdca3b46db65aba",
        "reportUrl" : "https://Brain-up.github.io/auto-tests-python/392//#testresult/ffdca3b46db65aba",
        "status" : "skipped",
        "statusDetails" : "XFAIL\n\nselenium.common.exceptions.TimeoutException: Message: Can't find element by locator ('xpath', '//button[@data-test-active-link=\"Words\"]')\nStacktrace:\n#0 0x55d3c13c24ca <unknown>\n#1 0x55d3c0ed5620 <unknown>\n#2 0x55d3c0f24306 <unknown>\n#3 0x55d3c0f245a1 <unknown>\n#4 0x55d3c0f69a04 <unknown>\n#5 0x55d3c0f4839d <unknown>\n#6 0x55d3c0f66de0 <unknown>\n#7 0x55d3c0f48113 <unknown>\n#8 0x55d3c0f16be0 <unknown>\n#9 0x55d3c0f17bbe <unknown>\n#10 0x55d3c138ee4b <unknown>\n#11 0x55d3c1392de2 <unknown>\n#12 0x55d3c137bd2c <unknown>\n#13 0x55d3c1393957 <unknown>\n#14 0x55d3c13614bf <unknown>\n#15 0x55d3c13b1348 <unknown>\n#16 0x55d3c13b1510 <unknown>\n#17 0x55d3c13c1346 <unknown>\n#18 0x7f6bcb494ac3 <unknown>",
        "time" : {
          "start" : 1731956509486,
          "stop" : 1731956529895,
          "duration" : 20409
        }
      }, {
        "uid" : "7b841bc3a9689794",
        "reportUrl" : "https://Brain-up.github.io/auto-tests-python/187//#testresult/7b841bc3a9689794",
        "status" : "skipped",
        "statusDetails" : "XFAIL\n\nselenium.common.exceptions.TimeoutException: Message: Can't find element by locator ('xpath', '//button[@data-test-active-link=\"Words\"]')\nStacktrace:\n#0 0x5618850834ca <unknown>\n#1 0x561884b96620 <unknown>\n#2 0x561884be5306 <unknown>\n#3 0x561884be55a1 <unknown>\n#4 0x561884c2aa04 <unknown>\n#5 0x561884c0939d <unknown>\n#6 0x561884c27de0 <unknown>\n#7 0x561884c09113 <unknown>\n#8 0x561884bd7be0 <unknown>\n#9 0x561884bd8bbe <unknown>\n#10 0x56188504fe4b <unknown>\n#11 0x561885053de2 <unknown>\n#12 0x56188503cd2c <unknown>\n#13 0x561885054957 <unknown>\n#14 0x5618850224bf <unknown>\n#15 0x561885072348 <unknown>\n#16 0x561885072510 <unknown>\n#17 0x561885082346 <unknown>\n#18 0x7f0150e94ac3 <unknown>",
        "time" : {
          "start" : 1731892854325,
          "stop" : 1731892874607,
          "duration" : 20282
        }
      }, {
        "uid" : "8ea79aa47b50deb3",
        "reportUrl" : "https://Brain-up.github.io/auto-tests-python/186//#testresult/8ea79aa47b50deb3",
        "status" : "skipped",
        "statusDetails" : "XFAIL\n\nrequests.exceptions.JSONDecodeError: Expecting value: line 1 column 1 (char 0)",
        "time" : {
          "start" : 1731806538216,
          "stop" : 1731806545251,
          "duration" : 7035
        }
      }, {
        "uid" : "796c71a4dd57a4a7",
        "reportUrl" : "https://Brain-up.github.io/auto-tests-python/391//#testresult/796c71a4dd57a4a7",
        "status" : "skipped",
        "statusDetails" : "XFAIL\n\nrequests.exceptions.JSONDecodeError: Expecting value: line 1 column 1 (char 0)",
        "time" : {
          "start" : 1731739664646,
          "stop" : 1731739671466,
          "duration" : 6820
        }
      }, {
        "uid" : "d2cb6c6695de080a",
        "reportUrl" : "https://Brain-up.github.io/auto-tests-python/390//#testresult/d2cb6c6695de080a",
        "status" : "skipped",
        "statusDetails" : "XFAIL\n\nrequests.exceptions.JSONDecodeError: Expecting value: line 1 column 1 (char 0)",
        "time" : {
          "start" : 1731735160037,
          "stop" : 1731735167107,
          "duration" : 7070
        }
      } ]
    },
    "tags" : [ "@pytest.mark.xfail" ]
  },
  "source" : "e89bd9e2c7b51def.json",
  "parameterValues" : [ ]
}