{
  "uid" : "9279ad312c74d91",
  "name" : "Verify clickability, href, status code of links on the page",
  "fullName" : "tests.groups_page_test.TestGroupsPageLinks#test_gp_03_01_verify_links",
  "historyId" : "f3a8621cc2eca7c863aa8f927e5c576c",
  "time" : {
    "start" : 1729904328044,
    "stop" : 1729904328044,
    "duration" : 0
  },
  "status" : "broken",
  "statusMessage" : "selenium.common.exceptions.TimeoutException: Message: Can't find element by locator https://brainup.site/groups",
  "statusTrace" : "self = <pages.base_page.BasePage object at 0x7f477d2ffe90>\nurl = 'https://brainup.site/groups'\n\n    def check_expected_link(self, url):\n        with allure.step(f'Check url is present: {url}'):\n            try:\n>               return Wait(self.driver, self.timeout).until(\n                    ec.url_to_be(url), message=f\"Can't find element by locator {url}\")\n\npages/base_page.py:68: \n_ _ _ _ _ _ _ _ _ _ _ _ _ _ _ _ _ _ _ _ _ _ _ _ _ _ _ _ _ _ _ _ _ _ _ _ _ _ _ _ \n\nself = <selenium.webdriver.support.wait.WebDriverWait (session=\"b8af80f49556813a6ff0f0568cf6f112\")>\nmethod = <function url_to_be.<locals>._predicate at 0x7f477d403880>\nmessage = \"Can't find element by locator https://brainup.site/groups\"\n\n    def until(self, method, message: str = \"\"):\n        \"\"\"Calls the method provided with the driver as an argument until the \\\n        return value does not evaluate to ``False``.\n    \n        :param method: callable(WebDriver)\n        :param message: optional message for :exc:`TimeoutException`\n        :returns: the result of the last call to `method`\n        :raises: :exc:`selenium.common.exceptions.TimeoutException` if timeout occurs\n        \"\"\"\n        screen = None\n        stacktrace = None\n    \n        end_time = time.monotonic() + self._timeout\n        while True:\n            try:\n                value = method(self._driver)\n                if value:\n                    return value\n            except self._ignored_exceptions as exc:\n                screen = getattr(exc, \"screen\", None)\n                stacktrace = getattr(exc, \"stacktrace\", None)\n            time.sleep(self._poll)\n            if time.monotonic() > end_time:\n                break\n>       raise TimeoutException(message, screen, stacktrace)\nE       selenium.common.exceptions.TimeoutException: Message: Can't find element by locator https://brainup.site/groups\n\n/opt/hostedtoolcache/Python/3.12.7/x64/lib/python3.12/site-packages/selenium/webdriver/support/wait.py:95: TimeoutException\n\nDuring handling of the above exception, another exception occurred:\n\ndriver = <selenium.webdriver.chrome.webdriver.WebDriver (session=\"b8af80f49556813a6ff0f0568cf6f112\")>\nmain_page_open = None\n\n    @pytest.fixture()\n    @allure.step('Auto test user authorized')\n    def auto_test_user_authorized(driver, main_page_open):\n        page = BasePage(driver)\n        page.element_is_present_and_clickable(MainPageLocators.LOGIN_BUTTON).click()\n        page.element_is_visible(LoginPageLocators.INPUT_LOGIN).send_keys(os.environ[\"LOGIN\"])\n        page.element_is_visible(LoginPageLocators.INPUT_PASSWORD).send_keys(os.environ[\"PASSWORD\"])\n        page.element_is_present_and_clickable(LoginPageLocators.SIGN_IN_BUTTON).click()\n>       page.check_expected_link(MainPageLinks.URL_GROUPS_PAGE)\n\ntests/conftest.py:80: \n_ _ _ _ _ _ _ _ _ _ _ _ _ _ _ _ _ _ _ _ _ _ _ _ _ _ _ _ _ _ _ _ _ _ _ _ _ _ _ _ \npages/base_page.py:72: in check_expected_link\n    return Wait(self.driver, self.timeout).until(\n_ _ _ _ _ _ _ _ _ _ _ _ _ _ _ _ _ _ _ _ _ _ _ _ _ _ _ _ _ _ _ _ _ _ _ _ _ _ _ _ \n\nself = <selenium.webdriver.support.wait.WebDriverWait (session=\"b8af80f49556813a6ff0f0568cf6f112\")>\nmethod = <function url_to_be.<locals>._predicate at 0x7f477d384a40>\nmessage = \"Can't find element by locator https://brainup.site/groups\"\n\n    def until(self, method, message: str = \"\"):\n        \"\"\"Calls the method provided with the driver as an argument until the \\\n        return value does not evaluate to ``False``.\n    \n        :param method: callable(WebDriver)\n        :param message: optional message for :exc:`TimeoutException`\n        :returns: the result of the last call to `method`\n        :raises: :exc:`selenium.common.exceptions.TimeoutException` if timeout occurs\n        \"\"\"\n        screen = None\n        stacktrace = None\n    \n        end_time = time.monotonic() + self._timeout\n        while True:\n            try:\n                value = method(self._driver)\n                if value:\n                    return value\n            except self._ignored_exceptions as exc:\n                screen = getattr(exc, \"screen\", None)\n                stacktrace = getattr(exc, \"stacktrace\", None)\n            time.sleep(self._poll)\n            if time.monotonic() > end_time:\n                break\n>       raise TimeoutException(message, screen, stacktrace)\nE       selenium.common.exceptions.TimeoutException: Message: Can't find element by locator https://brainup.site/groups\n\n/opt/hostedtoolcache/Python/3.12.7/x64/lib/python3.12/site-packages/selenium/webdriver/support/wait.py:95: TimeoutException",
  "flaky" : false,
  "newFailed" : false,
  "beforeStages" : [ {
    "name" : "auto_test_user_authorized",
    "time" : {
      "start" : 1729904331621,
      "stop" : 1729904372253,
      "duration" : 40632
    },
    "status" : "broken",
    "statusMessage" : "selenium.common.exceptions.TimeoutException: Message: Can't find element by locator https://brainup.site/groups\n\n",
    "statusTrace" : "  File \"/opt/hostedtoolcache/Python/3.12.7/x64/lib/python3.12/site-packages/pluggy/_callers.py\", line 103, in _multicall\n    res = hook_impl.function(*args)\n          ^^^^^^^^^^^^^^^^^^^^^^^^^\n  File \"/opt/hostedtoolcache/Python/3.12.7/x64/lib/python3.12/site-packages/_pytest/fixtures.py\", line 1123, in pytest_fixture_setup\n    result = call_fixture_func(fixturefunc, request, kwargs)\n             ^^^^^^^^^^^^^^^^^^^^^^^^^^^^^^^^^^^^^^^^^^^^^^^\n  File \"/opt/hostedtoolcache/Python/3.12.7/x64/lib/python3.12/site-packages/_pytest/fixtures.py\", line 902, in call_fixture_func\n    fixture_result = fixturefunc(**kwargs)\n                     ^^^^^^^^^^^^^^^^^^^^^\n  File \"/opt/hostedtoolcache/Python/3.12.7/x64/lib/python3.12/site-packages/allure_commons/_allure.py\", line 192, in impl\n    return func(*a, **kw)\n           ^^^^^^^^^^^^^^\n  File \"/home/runner/work/auto-tests-python/auto-tests-python/tests/conftest.py\", line 80, in auto_test_user_authorized\n    page.check_expected_link(MainPageLinks.URL_GROUPS_PAGE)\n  File \"/home/runner/work/auto-tests-python/auto-tests-python/pages/base_page.py\", line 72, in check_expected_link\n    return Wait(self.driver, self.timeout).until(\n           ^^^^^^^^^^^^^^^^^^^^^^^^^^^^^^^^^^^^^^\n  File \"/opt/hostedtoolcache/Python/3.12.7/x64/lib/python3.12/site-packages/selenium/webdriver/support/wait.py\", line 95, in until\n    raise TimeoutException(message, screen, stacktrace)\n",
    "steps" : [ {
      "name" : "Auto test user authorized",
      "time" : {
        "start" : 1729904331621,
        "stop" : 1729904372253,
        "duration" : 40632
      },
      "status" : "broken",
      "statusMessage" : "selenium.common.exceptions.TimeoutException: Message: Can't find element by locator https://brainup.site/groups\n\n",
      "statusTrace" : "  File \"/opt/hostedtoolcache/Python/3.12.7/x64/lib/python3.12/site-packages/allure_commons/_allure.py\", line 192, in impl\n    return func(*a, **kw)\n           ^^^^^^^^^^^^^^\n  File \"/home/runner/work/auto-tests-python/auto-tests-python/tests/conftest.py\", line 80, in auto_test_user_authorized\n    page.check_expected_link(MainPageLinks.URL_GROUPS_PAGE)\n  File \"/home/runner/work/auto-tests-python/auto-tests-python/pages/base_page.py\", line 72, in check_expected_link\n    return Wait(self.driver, self.timeout).until(\n           ^^^^^^^^^^^^^^^^^^^^^^^^^^^^^^^^^^^^^^\n  File \"/opt/hostedtoolcache/Python/3.12.7/x64/lib/python3.12/site-packages/selenium/webdriver/support/wait.py\", line 95, in until\n    raise TimeoutException(message, screen, stacktrace)\n",
      "steps" : [ {
        "name" : "Check url is present: https://brainup.site/groups",
        "time" : {
          "start" : 1729904331978,
          "stop" : 1729904372252,
          "duration" : 40274
        },
        "status" : "broken",
        "statusMessage" : "selenium.common.exceptions.TimeoutException: Message: Can't find element by locator https://brainup.site/groups\n\n",
        "statusTrace" : "  File \"/home/runner/work/auto-tests-python/auto-tests-python/pages/base_page.py\", line 72, in check_expected_link\n    return Wait(self.driver, self.timeout).until(\n           ^^^^^^^^^^^^^^^^^^^^^^^^^^^^^^^^^^^^^^\n  File \"/opt/hostedtoolcache/Python/3.12.7/x64/lib/python3.12/site-packages/selenium/webdriver/support/wait.py\", line 95, in until\n    raise TimeoutException(message, screen, stacktrace)\n",
        "steps" : [ ],
        "attachments" : [ ],
        "parameters" : [ ],
        "shouldDisplayMessage" : true,
        "hasContent" : true,
        "stepsCount" : 0,
        "attachmentsCount" : 0
      } ],
      "attachments" : [ ],
      "parameters" : [ {
        "name" : "driver",
        "value" : "<selenium.webdriver.chrome.webdriver.WebDriver (session=\"b8af80f49556813a6ff0f0568cf6f112\")>"
      }, {
        "name" : "main_page_open",
        "value" : "None"
      } ],
      "shouldDisplayMessage" : false,
      "hasContent" : true,
      "stepsCount" : 1,
      "attachmentsCount" : 0
    } ],
    "attachments" : [ ],
    "parameters" : [ ],
    "shouldDisplayMessage" : false,
    "hasContent" : true,
    "stepsCount" : 2,
    "attachmentsCount" : 0
  }, {
    "name" : "main_page_open",
    "time" : {
      "start" : 1729904328817,
      "stop" : 1729904331620,
      "duration" : 2803
    },
    "status" : "passed",
    "steps" : [ {
      "name" : "Open page: https://brainup.site/",
      "time" : {
        "start" : 1729904328818,
        "stop" : 1729904331620,
        "duration" : 2802
      },
      "status" : "passed",
      "steps" : [ ],
      "attachments" : [ ],
      "parameters" : [ {
        "name" : "driver",
        "value" : "<selenium.webdriver.chrome.webdriver.WebDriver (session=\"b8af80f49556813a6ff0f0568cf6f112\")>"
      } ],
      "shouldDisplayMessage" : false,
      "hasContent" : true,
      "stepsCount" : 0,
      "attachmentsCount" : 0
    } ],
    "attachments" : [ ],
    "parameters" : [ ],
    "shouldDisplayMessage" : false,
    "hasContent" : true,
    "stepsCount" : 1,
    "attachmentsCount" : 0
  }, {
    "name" : "clear_allure_results_folder",
    "time" : {
      "start" : 1729904076967,
      "stop" : 1729904076967,
      "duration" : 0
    },
    "status" : "passed",
    "steps" : [ ],
    "attachments" : [ ],
    "parameters" : [ ],
    "shouldDisplayMessage" : false,
    "hasContent" : false,
    "stepsCount" : 0,
    "attachmentsCount" : 0
  }, {
    "name" : "driver",
    "time" : {
      "start" : 1729904328044,
      "stop" : 1729904328817,
      "duration" : 773
    },
    "status" : "passed",
    "steps" : [ ],
    "attachments" : [ ],
    "parameters" : [ ],
    "shouldDisplayMessage" : false,
    "hasContent" : false,
    "stepsCount" : 0,
    "attachmentsCount" : 0
  } ],
  "afterStages" : [ {
    "name" : "driver::0",
    "time" : {
      "start" : 1729904372300,
      "stop" : 1729904372385,
      "duration" : 85
    },
    "status" : "passed",
    "steps" : [ ],
    "attachments" : [ ],
    "parameters" : [ ],
    "shouldDisplayMessage" : false,
    "hasContent" : false,
    "stepsCount" : 0,
    "attachmentsCount" : 0
  } ],
  "labels" : [ {
    "name" : "epic",
    "value" : "The Groups Page"
  }, {
    "name" : "parentSuite",
    "value" : "tests"
  }, {
    "name" : "suite",
    "value" : "groups_page_test"
  }, {
    "name" : "subSuite",
    "value" : "TestGroupsPage"
  }, {
    "name" : "host",
    "value" : "fv-az736-645"
  }, {
    "name" : "thread",
    "value" : "2237-MainThread"
  }, {
    "name" : "framework",
    "value" : "pytest"
  }, {
    "name" : "language",
    "value" : "cpython3"
  }, {
    "name" : "package",
    "value" : "tests.groups_page_test"
  }, {
    "name" : "resultFormat",
    "value" : "allure2"
  } ],
  "parameters" : [ ],
  "links" : [ ],
  "hidden" : false,
  "retry" : false,
  "extra" : {
    "severity" : "normal",
    "retries" : [ ],
    "categories" : [ {
      "name" : "Test defects",
      "matchedStatuses" : [ ],
      "flaky" : false
    } ],
    "history" : {
      "statistic" : {
        "failed" : 9,
        "broken" : 1,
        "skipped" : 0,
        "passed" : 13,
        "unknown" : 0,
        "total" : 23
      },
      "items" : [ {
        "uid" : "9573a2b9a438dcea",
        "reportUrl" : "https://Brain-up.github.io/auto-tests-python/350//#testresult/9573a2b9a438dcea",
        "status" : "passed",
        "time" : {
          "start" : 1729850892124,
          "stop" : 1729850896440,
          "duration" : 4316
        }
      }, {
        "uid" : "8e003711efa3c3c8",
        "reportUrl" : "https://Brain-up.github.io/auto-tests-python/349//#testresult/8e003711efa3c3c8",
        "status" : "passed",
        "time" : {
          "start" : 1729849150716,
          "stop" : 1729849155265,
          "duration" : 4549
        }
      }, {
        "uid" : "8210941da1bed2ab",
        "reportUrl" : "https://Brain-up.github.io/auto-tests-python/348//#testresult/8210941da1bed2ab",
        "status" : "passed",
        "time" : {
          "start" : 1729848922743,
          "stop" : 1729848927086,
          "duration" : 4343
        }
      }, {
        "uid" : "d1145147eb4b412",
        "reportUrl" : "https://Brain-up.github.io/auto-tests-python/163//#testresult/d1145147eb4b412",
        "status" : "passed",
        "time" : {
          "start" : 1729818057062,
          "stop" : 1729818060318,
          "duration" : 3256
        }
      }, {
        "uid" : "4698122267609299",
        "reportUrl" : "https://Brain-up.github.io/auto-tests-python/347//#testresult/4698122267609299",
        "status" : "passed",
        "time" : {
          "start" : 1729763616628,
          "stop" : 1729763619897,
          "duration" : 3269
        }
      }, {
        "uid" : "23f25d31e7b0e797",
        "reportUrl" : "https://Brain-up.github.io/auto-tests-python/346//#testresult/23f25d31e7b0e797",
        "status" : "passed",
        "time" : {
          "start" : 1729761688311,
          "stop" : 1729761691410,
          "duration" : 3099
        }
      }, {
        "uid" : "dee650161a2f5f0",
        "reportUrl" : "https://Brain-up.github.io/auto-tests-python/345//#testresult/dee650161a2f5f0",
        "status" : "passed",
        "time" : {
          "start" : 1729759841334,
          "stop" : 1729759844426,
          "duration" : 3092
        }
      }, {
        "uid" : "79ccb2b5b3a008c3",
        "reportUrl" : "https://Brain-up.github.io/auto-tests-python/162//#testresult/79ccb2b5b3a008c3",
        "status" : "passed",
        "time" : {
          "start" : 1729731626799,
          "stop" : 1729731629895,
          "duration" : 3096
        }
      }, {
        "uid" : "889188e115c414ed",
        "reportUrl" : "https://Brain-up.github.io/auto-tests-python/344//#testresult/889188e115c414ed",
        "status" : "passed",
        "time" : {
          "start" : 1729710914657,
          "stop" : 1729710917737,
          "duration" : 3080
        }
      }, {
        "uid" : "4e793d889c02ab4f",
        "reportUrl" : "https://Brain-up.github.io/auto-tests-python/343//#testresult/4e793d889c02ab4f",
        "status" : "passed",
        "time" : {
          "start" : 1729676428866,
          "stop" : 1729676432354,
          "duration" : 3488
        }
      }, {
        "uid" : "f3e0e9eaa909130f",
        "reportUrl" : "https://Brain-up.github.io/auto-tests-python/161//#testresult/f3e0e9eaa909130f",
        "status" : "passed",
        "time" : {
          "start" : 1729645238247,
          "stop" : 1729645241507,
          "duration" : 3260
        }
      }, {
        "uid" : "1eaa395857506083",
        "reportUrl" : "https://Brain-up.github.io/auto-tests-python/342//#testresult/1eaa395857506083",
        "status" : "passed",
        "time" : {
          "start" : 1729590141163,
          "stop" : 1729590144420,
          "duration" : 3257
        }
      }, {
        "uid" : "5fa863ab8a49799b",
        "reportUrl" : "https://Brain-up.github.io/auto-tests-python/341//#testresult/5fa863ab8a49799b",
        "status" : "passed",
        "time" : {
          "start" : 1729587734253,
          "stop" : 1729587737510,
          "duration" : 3257
        }
      }, {
        "uid" : "ed59d4bf6bc0ef05",
        "reportUrl" : "https://Brain-up.github.io/auto-tests-python/160//#testresult/ed59d4bf6bc0ef05",
        "status" : "failed",
        "statusDetails" : "AssertionError: Attributes 'href' of links mismatch valid values\nassert False\n +  where False = all(<generator object TestGroupsPage.TestGroupsPageLinks.test_gp_03_01_verify_links.<locals>.<genexpr> at 0x7fc75e930ba0>)",
        "time" : {
          "start" : 1729558954082,
          "stop" : 1729558957329,
          "duration" : 3247
        }
      }, {
        "uid" : "5073e14fd84c2",
        "reportUrl" : "https://Brain-up.github.io/auto-tests-python/340//#testresult/5073e14fd84c2",
        "status" : "failed",
        "statusDetails" : "AssertionError: Attributes 'href' of links mismatch valid values\nassert False\n +  where False = all(<generator object TestGroupsPage.TestGroupsPageLinks.test_gp_03_01_verify_links.<locals>.<genexpr> at 0x7f9d9e865d80>)",
        "time" : {
          "start" : 1729509216701,
          "stop" : 1729509219798,
          "duration" : 3097
        }
      }, {
        "uid" : "d4b4191f770ec9b7",
        "reportUrl" : "https://Brain-up.github.io/auto-tests-python/339//#testresult/d4b4191f770ec9b7",
        "status" : "failed",
        "statusDetails" : "AssertionError: Attributes 'href' of links mismatch valid values\nassert False\n +  where False = all(<generator object TestGroupsPage.TestGroupsPageLinks.test_gp_03_01_verify_links.<locals>.<genexpr> at 0x7f09dd4672a0>)",
        "time" : {
          "start" : 1729507221949,
          "stop" : 1729507225065,
          "duration" : 3116
        }
      }, {
        "uid" : "3b09b8a5ec895a34",
        "reportUrl" : "https://Brain-up.github.io/auto-tests-python/159//#testresult/3b09b8a5ec895a34",
        "status" : "failed",
        "statusDetails" : "AssertionError: Attributes 'href' of links mismatch valid values\nassert False\n +  where False = all(<generator object TestGroupsPage.TestGroupsPageLinks.test_gp_03_01_verify_links.<locals>.<genexpr> at 0x7fb7fdb12a80>)",
        "time" : {
          "start" : 1729472533175,
          "stop" : 1729472534472,
          "duration" : 1297
        }
      }, {
        "uid" : "34c51f61495c75ce",
        "reportUrl" : "https://Brain-up.github.io/auto-tests-python/338//#testresult/34c51f61495c75ce",
        "status" : "failed",
        "statusDetails" : "AssertionError: Attributes 'href' of links mismatch valid values\nassert False\n +  where False = all(<generator object TestGroupsPage.TestGroupsPageLinks.test_gp_03_01_verify_links.<locals>.<genexpr> at 0x7fe98d7305f0>)",
        "time" : {
          "start" : 1729418484939,
          "stop" : 1729418486048,
          "duration" : 1109
        }
      }, {
        "uid" : "990a64661bd08617",
        "reportUrl" : "https://Brain-up.github.io/auto-tests-python/337//#testresult/990a64661bd08617",
        "status" : "failed",
        "statusDetails" : "AssertionError: Attributes 'href' of links mismatch valid values\nassert False\n +  where False = all(<generator object TestGroupsPage.TestGroupsPageLinks.test_gp_03_01_verify_links.<locals>.<genexpr> at 0x7f4185b8b850>)",
        "time" : {
          "start" : 1729409689522,
          "stop" : 1729409690956,
          "duration" : 1434
        }
      }, {
        "uid" : "4891639027a37f54",
        "reportUrl" : "https://Brain-up.github.io/auto-tests-python/158//#testresult/4891639027a37f54",
        "status" : "failed",
        "statusDetails" : "AssertionError: Attributes 'href' of links do not match valid values\nassert ['https://bra...ite/groups/4'] == ['https://bra...ite/groups/2']\n  At index 0 diff: 'https://brainup.site/groups/3' != 'https://brainup.site/groups/1'\n  Full diff:\n  - ['https://brainup.site/groups/1', 'https://brainup.site/groups/2']\n  ?                               ^                                ^\n  + ['https://brainup.site/groups/3', 'https://brainup.site/groups/4']\n  ?                               ^                                ^",
        "time" : {
          "start" : 1729386398206,
          "stop" : 1729386399857,
          "duration" : 1651
        }
      } ]
    },
    "tags" : [ ]
  },
  "source" : "9279ad312c74d91.json",
  "parameterValues" : [ ]
}