{
  "uid" : "75443a391cc50db1",
  "name" : "Select a random card from \"Слова с частотной группировкой\" group and compare UI vs BACKEND data.",
  "fullName" : "tests.test_speech_exercises_ru.TestCardsRU#test_random_cards_in_words_with_frequency_grouping_ru",
  "historyId" : "27fd1e44aaf197b141c2f0bb01434dcd",
  "time" : {
    "start" : 1731526523341,
    "stop" : 1731526523341,
    "duration" : 0
  },
  "status" : "skipped",
  "statusMessage" : "XFAIL\n\nselenium.common.exceptions.TimeoutException: Message: Can't find element by locator https://brainup.site/groups",
  "statusTrace" : "self = <pages.base_page.BasePage object at 0x7fcc73b52ba0>\nurl = 'https://brainup.site/groups'\n\n    def check_expected_link(self, url):\n        with allure.step(f'Check url is present: {url}'):\n            try:\n>               return Wait(self.driver, self.timeout).until(\n                    ec.url_to_be(url), message=f\"Can't find element by locator {url}\")\n\npages/base_page.py:68: \n_ _ _ _ _ _ _ _ _ _ _ _ _ _ _ _ _ _ _ _ _ _ _ _ _ _ _ _ _ _ _ _ _ _ _ _ _ _ _ _ \n\nself = <selenium.webdriver.support.wait.WebDriverWait (session=\"212882333ad54807ceb3e11887f35a24\")>\nmethod = <function url_to_be.<locals>._predicate at 0x7fcc73a1a020>\nmessage = \"Can't find element by locator https://brainup.site/groups\"\n\n    def until(self, method, message: str = \"\"):\n        \"\"\"Calls the method provided with the driver as an argument until the \\\n        return value does not evaluate to ``False``.\n    \n        :param method: callable(WebDriver)\n        :param message: optional message for :exc:`TimeoutException`\n        :returns: the result of the last call to `method`\n        :raises: :exc:`selenium.common.exceptions.TimeoutException` if timeout occurs\n        \"\"\"\n        screen = None\n        stacktrace = None\n    \n        end_time = time.monotonic() + self._timeout\n        while True:\n            try:\n                value = method(self._driver)\n                if value:\n                    return value\n            except self._ignored_exceptions as exc:\n                screen = getattr(exc, \"screen\", None)\n                stacktrace = getattr(exc, \"stacktrace\", None)\n            time.sleep(self._poll)\n            if time.monotonic() > end_time:\n                break\n>       raise TimeoutException(message, screen, stacktrace)\nE       selenium.common.exceptions.TimeoutException: Message: Can't find element by locator https://brainup.site/groups\n\n/opt/hostedtoolcache/Python/3.12.7/x64/lib/python3.12/site-packages/selenium/webdriver/support/wait.py:95: TimeoutException\n\nDuring handling of the above exception, another exception occurred:\n\ndriver = <selenium.webdriver.chrome.webdriver.WebDriver (session=\"212882333ad54807ceb3e11887f35a24\")>\nmain_page_open = None\n\n    @pytest.fixture()\n    @allure.step('USER specialist authorized')\n    def specialist_user_authorized(driver, main_page_open):\n        page = BasePage(driver)\n        page.element_is_present_and_clickable(MainPageLocators.LOGIN_BUTTON).click()\n        page.element_is_visible(LoginPageLocators.INPUT_LOGIN).send_keys(os.environ[\"SPECIALIST_LOGIN\"])\n        page.element_is_visible(LoginPageLocators.INPUT_PASSWORD).send_keys(os.environ[\"PASSWORD\"])\n        page.element_is_present_and_clickable(LoginPageLocators.SIGN_IN_BUTTON).click()\n>       page.check_expected_link(MainPageLinks.URL_GROUPS_PAGE)\n\ntests/conftest.py:104: \n_ _ _ _ _ _ _ _ _ _ _ _ _ _ _ _ _ _ _ _ _ _ _ _ _ _ _ _ _ _ _ _ _ _ _ _ _ _ _ _ \npages/base_page.py:72: in check_expected_link\n    return Wait(self.driver, self.timeout).until(\n_ _ _ _ _ _ _ _ _ _ _ _ _ _ _ _ _ _ _ _ _ _ _ _ _ _ _ _ _ _ _ _ _ _ _ _ _ _ _ _ \n\nself = <selenium.webdriver.support.wait.WebDriverWait (session=\"212882333ad54807ceb3e11887f35a24\")>\nmethod = <function url_to_be.<locals>._predicate at 0x7fcc73a180e0>\nmessage = \"Can't find element by locator https://brainup.site/groups\"\n\n    def until(self, method, message: str = \"\"):\n        \"\"\"Calls the method provided with the driver as an argument until the \\\n        return value does not evaluate to ``False``.\n    \n        :param method: callable(WebDriver)\n        :param message: optional message for :exc:`TimeoutException`\n        :returns: the result of the last call to `method`\n        :raises: :exc:`selenium.common.exceptions.TimeoutException` if timeout occurs\n        \"\"\"\n        screen = None\n        stacktrace = None\n    \n        end_time = time.monotonic() + self._timeout\n        while True:\n            try:\n                value = method(self._driver)\n                if value:\n                    return value\n            except self._ignored_exceptions as exc:\n                screen = getattr(exc, \"screen\", None)\n                stacktrace = getattr(exc, \"stacktrace\", None)\n            time.sleep(self._poll)\n            if time.monotonic() > end_time:\n                break\n>       raise TimeoutException(message, screen, stacktrace)\nE       selenium.common.exceptions.TimeoutException: Message: Can't find element by locator https://brainup.site/groups\n\n/opt/hostedtoolcache/Python/3.12.7/x64/lib/python3.12/site-packages/selenium/webdriver/support/wait.py:95: TimeoutException",
  "flaky" : false,
  "newFailed" : false,
  "beforeStages" : [ {
    "name" : "specialist_user_authorized",
    "time" : {
      "start" : 1731526527406,
      "stop" : 1731526568059,
      "duration" : 40653
    },
    "status" : "broken",
    "statusMessage" : "selenium.common.exceptions.TimeoutException: Message: Can't find element by locator https://brainup.site/groups\n\n",
    "statusTrace" : "  File \"/opt/hostedtoolcache/Python/3.12.7/x64/lib/python3.12/site-packages/pluggy/_callers.py\", line 103, in _multicall\n    res = hook_impl.function(*args)\n          ^^^^^^^^^^^^^^^^^^^^^^^^^\n  File \"/opt/hostedtoolcache/Python/3.12.7/x64/lib/python3.12/site-packages/_pytest/fixtures.py\", line 1123, in pytest_fixture_setup\n    result = call_fixture_func(fixturefunc, request, kwargs)\n             ^^^^^^^^^^^^^^^^^^^^^^^^^^^^^^^^^^^^^^^^^^^^^^^\n  File \"/opt/hostedtoolcache/Python/3.12.7/x64/lib/python3.12/site-packages/_pytest/fixtures.py\", line 902, in call_fixture_func\n    fixture_result = fixturefunc(**kwargs)\n                     ^^^^^^^^^^^^^^^^^^^^^\n  File \"/opt/hostedtoolcache/Python/3.12.7/x64/lib/python3.12/site-packages/allure_commons/_allure.py\", line 192, in impl\n    return func(*a, **kw)\n           ^^^^^^^^^^^^^^\n  File \"/home/runner/work/auto-tests-python/auto-tests-python/tests/conftest.py\", line 104, in specialist_user_authorized\n    page.check_expected_link(MainPageLinks.URL_GROUPS_PAGE)\n  File \"/home/runner/work/auto-tests-python/auto-tests-python/pages/base_page.py\", line 72, in check_expected_link\n    return Wait(self.driver, self.timeout).until(\n           ^^^^^^^^^^^^^^^^^^^^^^^^^^^^^^^^^^^^^^\n  File \"/opt/hostedtoolcache/Python/3.12.7/x64/lib/python3.12/site-packages/selenium/webdriver/support/wait.py\", line 95, in until\n    raise TimeoutException(message, screen, stacktrace)\n",
    "steps" : [ {
      "name" : "USER specialist authorized",
      "time" : {
        "start" : 1731526527406,
        "stop" : 1731526568058,
        "duration" : 40652
      },
      "status" : "broken",
      "statusMessage" : "selenium.common.exceptions.TimeoutException: Message: Can't find element by locator https://brainup.site/groups\n\n",
      "statusTrace" : "  File \"/opt/hostedtoolcache/Python/3.12.7/x64/lib/python3.12/site-packages/allure_commons/_allure.py\", line 192, in impl\n    return func(*a, **kw)\n           ^^^^^^^^^^^^^^\n  File \"/home/runner/work/auto-tests-python/auto-tests-python/tests/conftest.py\", line 104, in specialist_user_authorized\n    page.check_expected_link(MainPageLinks.URL_GROUPS_PAGE)\n  File \"/home/runner/work/auto-tests-python/auto-tests-python/pages/base_page.py\", line 72, in check_expected_link\n    return Wait(self.driver, self.timeout).until(\n           ^^^^^^^^^^^^^^^^^^^^^^^^^^^^^^^^^^^^^^\n  File \"/opt/hostedtoolcache/Python/3.12.7/x64/lib/python3.12/site-packages/selenium/webdriver/support/wait.py\", line 95, in until\n    raise TimeoutException(message, screen, stacktrace)\n",
      "steps" : [ {
        "name" : "Check url is present: https://brainup.site/groups",
        "time" : {
          "start" : 1731526527768,
          "stop" : 1731526568058,
          "duration" : 40290
        },
        "status" : "broken",
        "statusMessage" : "selenium.common.exceptions.TimeoutException: Message: Can't find element by locator https://brainup.site/groups\n\n",
        "statusTrace" : "  File \"/home/runner/work/auto-tests-python/auto-tests-python/pages/base_page.py\", line 72, in check_expected_link\n    return Wait(self.driver, self.timeout).until(\n           ^^^^^^^^^^^^^^^^^^^^^^^^^^^^^^^^^^^^^^\n  File \"/opt/hostedtoolcache/Python/3.12.7/x64/lib/python3.12/site-packages/selenium/webdriver/support/wait.py\", line 95, in until\n    raise TimeoutException(message, screen, stacktrace)\n",
        "steps" : [ ],
        "attachments" : [ ],
        "parameters" : [ ],
        "stepsCount" : 0,
        "attachmentsCount" : 0,
        "shouldDisplayMessage" : true,
        "hasContent" : true
      } ],
      "attachments" : [ ],
      "parameters" : [ {
        "name" : "driver",
        "value" : "<selenium.webdriver.chrome.webdriver.WebDriver (session=\"212882333ad54807ceb3e11887f35a24\")>"
      }, {
        "name" : "main_page_open",
        "value" : "None"
      } ],
      "stepsCount" : 1,
      "attachmentsCount" : 0,
      "shouldDisplayMessage" : false,
      "hasContent" : true
    } ],
    "attachments" : [ ],
    "parameters" : [ ],
    "stepsCount" : 2,
    "attachmentsCount" : 0,
    "shouldDisplayMessage" : false,
    "hasContent" : true
  }, {
    "name" : "driver",
    "time" : {
      "start" : 1731526523341,
      "stop" : 1731526524121,
      "duration" : 780
    },
    "status" : "passed",
    "steps" : [ ],
    "attachments" : [ ],
    "parameters" : [ ],
    "stepsCount" : 0,
    "attachmentsCount" : 0,
    "shouldDisplayMessage" : false,
    "hasContent" : false
  }, {
    "name" : "main_page_open",
    "time" : {
      "start" : 1731526524121,
      "stop" : 1731526527406,
      "duration" : 3285
    },
    "status" : "passed",
    "steps" : [ {
      "name" : "Open page: https://brainup.site/",
      "time" : {
        "start" : 1731526524121,
        "stop" : 1731526527406,
        "duration" : 3285
      },
      "status" : "passed",
      "steps" : [ ],
      "attachments" : [ ],
      "parameters" : [ {
        "name" : "driver",
        "value" : "<selenium.webdriver.chrome.webdriver.WebDriver (session=\"212882333ad54807ceb3e11887f35a24\")>"
      } ],
      "stepsCount" : 0,
      "attachmentsCount" : 0,
      "shouldDisplayMessage" : false,
      "hasContent" : true
    } ],
    "attachments" : [ ],
    "parameters" : [ ],
    "stepsCount" : 1,
    "attachmentsCount" : 0,
    "shouldDisplayMessage" : false,
    "hasContent" : true
  }, {
    "name" : "clear_allure_results_folder",
    "time" : {
      "start" : 1731523705600,
      "stop" : 1731523705600,
      "duration" : 0
    },
    "status" : "passed",
    "steps" : [ ],
    "attachments" : [ ],
    "parameters" : [ ],
    "stepsCount" : 0,
    "attachmentsCount" : 0,
    "shouldDisplayMessage" : false,
    "hasContent" : false
  } ],
  "afterStages" : [ {
    "name" : "driver::0",
    "time" : {
      "start" : 1731526568075,
      "stop" : 1731526568161,
      "duration" : 86
    },
    "status" : "passed",
    "steps" : [ ],
    "attachments" : [ ],
    "parameters" : [ ],
    "stepsCount" : 0,
    "attachmentsCount" : 0,
    "shouldDisplayMessage" : false,
    "hasContent" : false
  } ],
  "labels" : [ {
    "name" : "epic",
    "value" : "Speech exercises."
  }, {
    "name" : "suite",
    "value" : "Речевые упражнения."
  }, {
    "name" : "tag",
    "value" : "@pytest.mark.xfail"
  }, {
    "name" : "parentSuite",
    "value" : "tests"
  }, {
    "name" : "subSuite",
    "value" : "TestCardsRU"
  }, {
    "name" : "host",
    "value" : "fv-az774-429"
  }, {
    "name" : "thread",
    "value" : "2235-MainThread"
  }, {
    "name" : "framework",
    "value" : "pytest"
  }, {
    "name" : "language",
    "value" : "cpython3"
  }, {
    "name" : "package",
    "value" : "tests.test_speech_exercises_ru"
  }, {
    "name" : "resultFormat",
    "value" : "allure2"
  } ],
  "parameters" : [ ],
  "links" : [ ],
  "hidden" : false,
  "retry" : false,
  "extra" : {
    "severity" : "normal",
    "retries" : [ ],
    "categories" : [ ],
    "history" : {
      "statistic" : {
        "failed" : 0,
        "broken" : 0,
        "skipped" : 84,
        "passed" : 508,
        "unknown" : 0,
        "total" : 592
      },
      "items" : [ {
        "uid" : "b8a07165d27805a2",
        "reportUrl" : "https://Brain-up.github.io/auto-tests-python/182//#testresult/b8a07165d27805a2",
        "status" : "skipped",
        "statusDetails" : "XFAIL\n\nselenium.common.exceptions.TimeoutException: Message: Can't find element by locator ('xpath', '//a[@id=\"ember11\"]')\nStacktrace:\n#0 0x565137a7113a <unknown>\n#1 0x56513758c460 <unknown>\n#2 0x5651375d8f96 <unknown>\n#3 0x5651375d9221 <unknown>\n#4 0x56513761e5d4 <unknown>\n#5 0x5651375fd03d <unknown>\n#6 0x56513761baf6 <unknown>\n#7 0x5651375fcdb3 <unknown>\n#8 0x5651375cbc10 <unknown>\n#9 0x5651375ccbee <unknown>\n#10 0x565137a3d3cb <unknown>\n#11 0x565137a41368 <unknown>\n#12 0x565137a2aeec <unknown>\n#13 0x565137a41ee7 <unknown>\n#14 0x565137a1013f <unknown>\n#15 0x565137a5f858 <unknown>\n#16 0x565137a5fa20 <unknown>\n#17 0x565137a6ffb6 <unknown>\n#18 0x7f3950294ac3 <unknown>",
        "time" : {
          "start" : 1731462238530,
          "stop" : 1731462238530,
          "duration" : 0
        }
      }, {
        "uid" : "200f890f1a8b71c7",
        "reportUrl" : "https://Brain-up.github.io/auto-tests-python/383//#testresult/200f890f1a8b71c7",
        "status" : "passed",
        "statusDetails" : "XPASS",
        "time" : {
          "start" : 1731413773039,
          "stop" : 1731413796754,
          "duration" : 23715
        }
      }, {
        "uid" : "60f10d70c7dfdc46",
        "reportUrl" : "https://Brain-up.github.io/auto-tests-python/382//#testresult/60f10d70c7dfdc46",
        "status" : "passed",
        "statusDetails" : "XPASS",
        "time" : {
          "start" : 1731411315129,
          "stop" : 1731411339640,
          "duration" : 24511
        }
      }, {
        "uid" : "7c5394e8f562a37d",
        "reportUrl" : "https://Brain-up.github.io/auto-tests-python/381//#testresult/7c5394e8f562a37d",
        "status" : "passed",
        "statusDetails" : "XPASS",
        "time" : {
          "start" : 1731409491677,
          "stop" : 1731409517258,
          "duration" : 25581
        }
      }, {
        "uid" : "564059e581f38d8c",
        "reportUrl" : "https://Brain-up.github.io/auto-tests-python/181//#testresult/564059e581f38d8c",
        "status" : "passed",
        "statusDetails" : "XPASS",
        "time" : {
          "start" : 1731374282531,
          "stop" : 1731374307163,
          "duration" : 24632
        }
      }, {
        "uid" : "2fbe2c74231ae3c8",
        "reportUrl" : "https://Brain-up.github.io/auto-tests-python/380//#testresult/2fbe2c74231ae3c8",
        "status" : "passed",
        "statusDetails" : "XPASS",
        "time" : {
          "start" : 1731356799716,
          "stop" : 1731356823128,
          "duration" : 23412
        }
      }, {
        "uid" : "7cc1803735b54b34",
        "reportUrl" : "https://Brain-up.github.io/auto-tests-python/379//#testresult/7cc1803735b54b34",
        "status" : "passed",
        "statusDetails" : "XPASS",
        "time" : {
          "start" : 1731354735692,
          "stop" : 1731354758950,
          "duration" : 23258
        }
      }, {
        "uid" : "e2405b4ef2280cbc",
        "reportUrl" : "https://Brain-up.github.io/auto-tests-python/180//#testresult/e2405b4ef2280cbc",
        "status" : "passed",
        "statusDetails" : "XPASS",
        "time" : {
          "start" : 1731287610761,
          "stop" : 1731287620799,
          "duration" : 10038
        }
      }, {
        "uid" : "619507e9d76a88d2",
        "reportUrl" : "https://Brain-up.github.io/auto-tests-python/179//#testresult/619507e9d76a88d2",
        "status" : "passed",
        "statusDetails" : "XPASS",
        "time" : {
          "start" : 1731201508611,
          "stop" : 1731201520893,
          "duration" : 12282
        }
      }, {
        "uid" : "d2238365caa0195d",
        "reportUrl" : "https://Brain-up.github.io/auto-tests-python/178//#testresult/d2238365caa0195d",
        "status" : "passed",
        "statusDetails" : "XPASS",
        "time" : {
          "start" : 1731114623239,
          "stop" : 1731114635463,
          "duration" : 12224
        }
      }, {
        "uid" : "a51877968136e4ed",
        "reportUrl" : "https://Brain-up.github.io/auto-tests-python/378//#testresult/a51877968136e4ed",
        "status" : "passed",
        "statusDetails" : "XPASS",
        "time" : {
          "start" : 1731064538400,
          "stop" : 1731064551794,
          "duration" : 13394
        }
      }, {
        "uid" : "59e3d274ca5867c3",
        "reportUrl" : "https://Brain-up.github.io/auto-tests-python/377//#testresult/59e3d274ca5867c3",
        "status" : "passed",
        "statusDetails" : "XPASS",
        "time" : {
          "start" : 1731060967786,
          "stop" : 1731060979865,
          "duration" : 12079
        }
      }, {
        "uid" : "9880341f83a719b7",
        "reportUrl" : "https://Brain-up.github.io/auto-tests-python/177//#testresult/9880341f83a719b7",
        "status" : "passed",
        "statusDetails" : "XPASS",
        "time" : {
          "start" : 1731028472193,
          "stop" : 1731028484884,
          "duration" : 12691
        }
      }, {
        "uid" : "5fecad4efc4eba6",
        "reportUrl" : "https://Brain-up.github.io/auto-tests-python/376//#testresult/5fecad4efc4eba6",
        "status" : "passed",
        "statusDetails" : "XPASS",
        "time" : {
          "start" : 1730969308770,
          "stop" : 1730969316865,
          "duration" : 8095
        }
      }, {
        "uid" : "cfc0e100a9e55014",
        "reportUrl" : "https://Brain-up.github.io/auto-tests-python/375//#testresult/cfc0e100a9e55014",
        "status" : "passed",
        "statusDetails" : "XPASS",
        "time" : {
          "start" : 1730967911402,
          "stop" : 1730967920829,
          "duration" : 9427
        }
      }, {
        "uid" : "8c274fcecf994f57",
        "reportUrl" : "https://Brain-up.github.io/auto-tests-python/176//#testresult/8c274fcecf994f57",
        "status" : "passed",
        "statusDetails" : "XPASS",
        "time" : {
          "start" : 1730942058340,
          "stop" : 1730942067125,
          "duration" : 8785
        }
      }, {
        "uid" : "76b82b0aea86eaf1",
        "reportUrl" : "https://Brain-up.github.io/auto-tests-python/374//#testresult/76b82b0aea86eaf1",
        "status" : "passed",
        "statusDetails" : "XPASS",
        "time" : {
          "start" : 1730890431052,
          "stop" : 1730890440174,
          "duration" : 9122
        }
      }, {
        "uid" : "da87299c800698db",
        "reportUrl" : "https://Brain-up.github.io/auto-tests-python/373//#testresult/da87299c800698db",
        "status" : "passed",
        "statusDetails" : "XPASS",
        "time" : {
          "start" : 1730888977861,
          "stop" : 1730888986816,
          "duration" : 8955
        }
      }, {
        "uid" : "a235f9db414f99ea",
        "reportUrl" : "https://Brain-up.github.io/auto-tests-python/175//#testresult/a235f9db414f99ea",
        "status" : "passed",
        "statusDetails" : "XPASS",
        "time" : {
          "start" : 1730855484110,
          "stop" : 1730855492558,
          "duration" : 8448
        }
      }, {
        "uid" : "e619761e3a219c59",
        "reportUrl" : "https://Brain-up.github.io/auto-tests-python/372//#testresult/e619761e3a219c59",
        "status" : "passed",
        "statusDetails" : "XPASS",
        "time" : {
          "start" : 1730800407166,
          "stop" : 1730800415503,
          "duration" : 8337
        }
      } ]
    },
    "tags" : [ "@pytest.mark.xfail" ]
  },
  "source" : "75443a391cc50db1.json",
  "parameterValues" : [ ]
}