{
  "uid" : "ecf56c2146a79e82",
  "name" : "Verify redirection to contributors page not authorized user.",
  "fullName" : "tests.description_page_test.TestDescriptionPage#test_dp_07_verify_redirection_to_contributors_page",
  "historyId" : "85f2b35427a7bcbc7a8256ab71746c1d",
  "time" : {
    "start" : 1731524022678,
    "stop" : 1731524063131,
    "duration" : 40453
  },
  "status" : "broken",
  "statusMessage" : "selenium.common.exceptions.TimeoutException: Message: Can't find element by locator https://brainup.site/contributors",
  "statusTrace" : "self = <pages.description_page.DescriptionPage object at 0x7fcc73d690d0>\nurl = 'https://brainup.site/contributors'\n\n    def check_expected_link(self, url):\n        with allure.step(f'Check url is present: {url}'):\n            try:\n>               return Wait(self.driver, self.timeout).until(\n                    ec.url_to_be(url), message=f\"Can't find element by locator {url}\")\n\npages/base_page.py:68: \n_ _ _ _ _ _ _ _ _ _ _ _ _ _ _ _ _ _ _ _ _ _ _ _ _ _ _ _ _ _ _ _ _ _ _ _ _ _ _ _ \n\nself = <selenium.webdriver.support.wait.WebDriverWait (session=\"b51d1111fb8386e0dc6bd9930bbf38cd\")>\nmethod = <function url_to_be.<locals>._predicate at 0x7fcc73dca340>\nmessage = \"Can't find element by locator https://brainup.site/contributors\"\n\n    def until(self, method, message: str = \"\"):\n        \"\"\"Calls the method provided with the driver as an argument until the \\\n        return value does not evaluate to ``False``.\n    \n        :param method: callable(WebDriver)\n        :param message: optional message for :exc:`TimeoutException`\n        :returns: the result of the last call to `method`\n        :raises: :exc:`selenium.common.exceptions.TimeoutException` if timeout occurs\n        \"\"\"\n        screen = None\n        stacktrace = None\n    \n        end_time = time.monotonic() + self._timeout\n        while True:\n            try:\n                value = method(self._driver)\n                if value:\n                    return value\n            except self._ignored_exceptions as exc:\n                screen = getattr(exc, \"screen\", None)\n                stacktrace = getattr(exc, \"stacktrace\", None)\n            time.sleep(self._poll)\n            if time.monotonic() > end_time:\n                break\n>       raise TimeoutException(message, screen, stacktrace)\nE       selenium.common.exceptions.TimeoutException: Message: Can't find element by locator https://brainup.site/contributors\n\n/opt/hostedtoolcache/Python/3.12.7/x64/lib/python3.12/site-packages/selenium/webdriver/support/wait.py:95: TimeoutException\n\nDuring handling of the above exception, another exception occurred:\n\nself = <tests.description_page_test.TestDescriptionPage object at 0x7fcc742b1ac0>\ndriver = <selenium.webdriver.chrome.webdriver.WebDriver (session=\"b51d1111fb8386e0dc6bd9930bbf38cd\")>\nmain_page_open = None\n\n    @allure.title(\"Verify redirection to contributors page not authorized user.\")\n    def test_dp_07_verify_redirection_to_contributors_page(self, driver, main_page_open):\n        page = DescriptionPage(driver)\n>       contributors_page_url = page.transition_contributors_page()\n\ntests/description_page_test.py:48: \n_ _ _ _ _ _ _ _ _ _ _ _ _ _ _ _ _ _ _ _ _ _ _ _ _ _ _ _ _ _ _ _ _ _ _ _ _ _ _ _ \npages/description_page.py:58: in transition_contributors_page\n    self.check_expected_link(MainPageLinks.URL_CONTRIBUTORS_PAGE)\npages/base_page.py:72: in check_expected_link\n    return Wait(self.driver, self.timeout).until(\n_ _ _ _ _ _ _ _ _ _ _ _ _ _ _ _ _ _ _ _ _ _ _ _ _ _ _ _ _ _ _ _ _ _ _ _ _ _ _ _ \n\nself = <selenium.webdriver.support.wait.WebDriverWait (session=\"b51d1111fb8386e0dc6bd9930bbf38cd\")>\nmethod = <function url_to_be.<locals>._predicate at 0x7fcc73dca480>\nmessage = \"Can't find element by locator https://brainup.site/contributors\"\n\n    def until(self, method, message: str = \"\"):\n        \"\"\"Calls the method provided with the driver as an argument until the \\\n        return value does not evaluate to ``False``.\n    \n        :param method: callable(WebDriver)\n        :param message: optional message for :exc:`TimeoutException`\n        :returns: the result of the last call to `method`\n        :raises: :exc:`selenium.common.exceptions.TimeoutException` if timeout occurs\n        \"\"\"\n        screen = None\n        stacktrace = None\n    \n        end_time = time.monotonic() + self._timeout\n        while True:\n            try:\n                value = method(self._driver)\n                if value:\n                    return value\n            except self._ignored_exceptions as exc:\n                screen = getattr(exc, \"screen\", None)\n                stacktrace = getattr(exc, \"stacktrace\", None)\n            time.sleep(self._poll)\n            if time.monotonic() > end_time:\n                break\n>       raise TimeoutException(message, screen, stacktrace)\nE       selenium.common.exceptions.TimeoutException: Message: Can't find element by locator https://brainup.site/contributors\n\n/opt/hostedtoolcache/Python/3.12.7/x64/lib/python3.12/site-packages/selenium/webdriver/support/wait.py:95: TimeoutException",
  "flaky" : false,
  "newFailed" : false,
  "beforeStages" : [ {
    "name" : "main_page_open",
    "time" : {
      "start" : 1731524019286,
      "stop" : 1731524022678,
      "duration" : 3392
    },
    "status" : "passed",
    "steps" : [ {
      "name" : "Open page: https://brainup.site/",
      "time" : {
        "start" : 1731524019286,
        "stop" : 1731524022678,
        "duration" : 3392
      },
      "status" : "passed",
      "steps" : [ ],
      "attachments" : [ ],
      "parameters" : [ {
        "name" : "driver",
        "value" : "<selenium.webdriver.chrome.webdriver.WebDriver (session=\"b51d1111fb8386e0dc6bd9930bbf38cd\")>"
      } ],
      "stepsCount" : 0,
      "attachmentsCount" : 0,
      "shouldDisplayMessage" : false,
      "hasContent" : true
    } ],
    "attachments" : [ ],
    "parameters" : [ ],
    "stepsCount" : 1,
    "attachmentsCount" : 0,
    "shouldDisplayMessage" : false,
    "hasContent" : true
  }, {
    "name" : "driver",
    "time" : {
      "start" : 1731524018510,
      "stop" : 1731524019286,
      "duration" : 776
    },
    "status" : "passed",
    "steps" : [ ],
    "attachments" : [ ],
    "parameters" : [ ],
    "stepsCount" : 0,
    "attachmentsCount" : 0,
    "shouldDisplayMessage" : false,
    "hasContent" : false
  }, {
    "name" : "clear_allure_results_folder",
    "time" : {
      "start" : 1731523705600,
      "stop" : 1731523705600,
      "duration" : 0
    },
    "status" : "passed",
    "steps" : [ ],
    "attachments" : [ ],
    "parameters" : [ ],
    "stepsCount" : 0,
    "attachmentsCount" : 0,
    "shouldDisplayMessage" : false,
    "hasContent" : false
  } ],
  "testStage" : {
    "status" : "broken",
    "statusMessage" : "selenium.common.exceptions.TimeoutException: Message: Can't find element by locator https://brainup.site/contributors",
    "statusTrace" : "self = <pages.description_page.DescriptionPage object at 0x7fcc73d690d0>\nurl = 'https://brainup.site/contributors'\n\n    def check_expected_link(self, url):\n        with allure.step(f'Check url is present: {url}'):\n            try:\n>               return Wait(self.driver, self.timeout).until(\n                    ec.url_to_be(url), message=f\"Can't find element by locator {url}\")\n\npages/base_page.py:68: \n_ _ _ _ _ _ _ _ _ _ _ _ _ _ _ _ _ _ _ _ _ _ _ _ _ _ _ _ _ _ _ _ _ _ _ _ _ _ _ _ \n\nself = <selenium.webdriver.support.wait.WebDriverWait (session=\"b51d1111fb8386e0dc6bd9930bbf38cd\")>\nmethod = <function url_to_be.<locals>._predicate at 0x7fcc73dca340>\nmessage = \"Can't find element by locator https://brainup.site/contributors\"\n\n    def until(self, method, message: str = \"\"):\n        \"\"\"Calls the method provided with the driver as an argument until the \\\n        return value does not evaluate to ``False``.\n    \n        :param method: callable(WebDriver)\n        :param message: optional message for :exc:`TimeoutException`\n        :returns: the result of the last call to `method`\n        :raises: :exc:`selenium.common.exceptions.TimeoutException` if timeout occurs\n        \"\"\"\n        screen = None\n        stacktrace = None\n    \n        end_time = time.monotonic() + self._timeout\n        while True:\n            try:\n                value = method(self._driver)\n                if value:\n                    return value\n            except self._ignored_exceptions as exc:\n                screen = getattr(exc, \"screen\", None)\n                stacktrace = getattr(exc, \"stacktrace\", None)\n            time.sleep(self._poll)\n            if time.monotonic() > end_time:\n                break\n>       raise TimeoutException(message, screen, stacktrace)\nE       selenium.common.exceptions.TimeoutException: Message: Can't find element by locator https://brainup.site/contributors\n\n/opt/hostedtoolcache/Python/3.12.7/x64/lib/python3.12/site-packages/selenium/webdriver/support/wait.py:95: TimeoutException\n\nDuring handling of the above exception, another exception occurred:\n\nself = <tests.description_page_test.TestDescriptionPage object at 0x7fcc742b1ac0>\ndriver = <selenium.webdriver.chrome.webdriver.WebDriver (session=\"b51d1111fb8386e0dc6bd9930bbf38cd\")>\nmain_page_open = None\n\n    @allure.title(\"Verify redirection to contributors page not authorized user.\")\n    def test_dp_07_verify_redirection_to_contributors_page(self, driver, main_page_open):\n        page = DescriptionPage(driver)\n>       contributors_page_url = page.transition_contributors_page()\n\ntests/description_page_test.py:48: \n_ _ _ _ _ _ _ _ _ _ _ _ _ _ _ _ _ _ _ _ _ _ _ _ _ _ _ _ _ _ _ _ _ _ _ _ _ _ _ _ \npages/description_page.py:58: in transition_contributors_page\n    self.check_expected_link(MainPageLinks.URL_CONTRIBUTORS_PAGE)\npages/base_page.py:72: in check_expected_link\n    return Wait(self.driver, self.timeout).until(\n_ _ _ _ _ _ _ _ _ _ _ _ _ _ _ _ _ _ _ _ _ _ _ _ _ _ _ _ _ _ _ _ _ _ _ _ _ _ _ _ \n\nself = <selenium.webdriver.support.wait.WebDriverWait (session=\"b51d1111fb8386e0dc6bd9930bbf38cd\")>\nmethod = <function url_to_be.<locals>._predicate at 0x7fcc73dca480>\nmessage = \"Can't find element by locator https://brainup.site/contributors\"\n\n    def until(self, method, message: str = \"\"):\n        \"\"\"Calls the method provided with the driver as an argument until the \\\n        return value does not evaluate to ``False``.\n    \n        :param method: callable(WebDriver)\n        :param message: optional message for :exc:`TimeoutException`\n        :returns: the result of the last call to `method`\n        :raises: :exc:`selenium.common.exceptions.TimeoutException` if timeout occurs\n        \"\"\"\n        screen = None\n        stacktrace = None\n    \n        end_time = time.monotonic() + self._timeout\n        while True:\n            try:\n                value = method(self._driver)\n                if value:\n                    return value\n            except self._ignored_exceptions as exc:\n                screen = getattr(exc, \"screen\", None)\n                stacktrace = getattr(exc, \"stacktrace\", None)\n            time.sleep(self._poll)\n            if time.monotonic() > end_time:\n                break\n>       raise TimeoutException(message, screen, stacktrace)\nE       selenium.common.exceptions.TimeoutException: Message: Can't find element by locator https://brainup.site/contributors\n\n/opt/hostedtoolcache/Python/3.12.7/x64/lib/python3.12/site-packages/selenium/webdriver/support/wait.py:95: TimeoutException",
    "steps" : [ {
      "name" : "Open contributors page",
      "time" : {
        "start" : 1731524022679,
        "stop" : 1731524063130,
        "duration" : 40451
      },
      "status" : "broken",
      "statusMessage" : "selenium.common.exceptions.TimeoutException: Message: Can't find element by locator https://brainup.site/contributors\n\n",
      "statusTrace" : "  File \"/opt/hostedtoolcache/Python/3.12.7/x64/lib/python3.12/site-packages/allure_commons/_allure.py\", line 192, in impl\n    return func(*a, **kw)\n           ^^^^^^^^^^^^^^\n  File \"/home/runner/work/auto-tests-python/auto-tests-python/pages/description_page.py\", line 58, in transition_contributors_page\n    self.check_expected_link(MainPageLinks.URL_CONTRIBUTORS_PAGE)\n  File \"/home/runner/work/auto-tests-python/auto-tests-python/pages/base_page.py\", line 72, in check_expected_link\n    return Wait(self.driver, self.timeout).until(\n           ^^^^^^^^^^^^^^^^^^^^^^^^^^^^^^^^^^^^^^\n  File \"/opt/hostedtoolcache/Python/3.12.7/x64/lib/python3.12/site-packages/selenium/webdriver/support/wait.py\", line 95, in until\n    raise TimeoutException(message, screen, stacktrace)\n",
      "steps" : [ {
        "name" : "Check url is present: https://brainup.site/contributors",
        "time" : {
          "start" : 1731524022836,
          "stop" : 1731524063130,
          "duration" : 40294
        },
        "status" : "broken",
        "statusMessage" : "selenium.common.exceptions.TimeoutException: Message: Can't find element by locator https://brainup.site/contributors\n\n",
        "statusTrace" : "  File \"/home/runner/work/auto-tests-python/auto-tests-python/pages/base_page.py\", line 72, in check_expected_link\n    return Wait(self.driver, self.timeout).until(\n           ^^^^^^^^^^^^^^^^^^^^^^^^^^^^^^^^^^^^^^\n  File \"/opt/hostedtoolcache/Python/3.12.7/x64/lib/python3.12/site-packages/selenium/webdriver/support/wait.py\", line 95, in until\n    raise TimeoutException(message, screen, stacktrace)\n",
        "steps" : [ ],
        "attachments" : [ ],
        "parameters" : [ ],
        "stepsCount" : 0,
        "attachmentsCount" : 0,
        "shouldDisplayMessage" : true,
        "hasContent" : true
      } ],
      "attachments" : [ ],
      "parameters" : [ ],
      "stepsCount" : 1,
      "attachmentsCount" : 0,
      "shouldDisplayMessage" : false,
      "hasContent" : true
    } ],
    "attachments" : [ {
      "uid" : "8c64a5cf1fb710ab",
      "name" : "Screenshot 2024-11-13 18:54:23.308023",
      "source" : "8c64a5cf1fb710ab.png",
      "type" : "image/png",
      "size" : 292969
    } ],
    "parameters" : [ ],
    "stepsCount" : 2,
    "attachmentsCount" : 1,
    "shouldDisplayMessage" : true,
    "hasContent" : true
  },
  "afterStages" : [ {
    "name" : "driver::0",
    "time" : {
      "start" : 1731524063309,
      "stop" : 1731524063396,
      "duration" : 87
    },
    "status" : "passed",
    "steps" : [ ],
    "attachments" : [ ],
    "parameters" : [ ],
    "stepsCount" : 0,
    "attachmentsCount" : 0,
    "shouldDisplayMessage" : false,
    "hasContent" : false
  } ],
  "labels" : [ {
    "name" : "epic",
    "value" : "Description Page."
  }, {
    "name" : "parentSuite",
    "value" : "tests"
  }, {
    "name" : "suite",
    "value" : "description_page_test"
  }, {
    "name" : "subSuite",
    "value" : "TestDescriptionPage"
  }, {
    "name" : "host",
    "value" : "fv-az774-429"
  }, {
    "name" : "thread",
    "value" : "2235-MainThread"
  }, {
    "name" : "framework",
    "value" : "pytest"
  }, {
    "name" : "language",
    "value" : "cpython3"
  }, {
    "name" : "package",
    "value" : "tests.description_page_test"
  }, {
    "name" : "resultFormat",
    "value" : "allure2"
  } ],
  "parameters" : [ ],
  "links" : [ ],
  "hidden" : false,
  "retry" : false,
  "extra" : {
    "severity" : "normal",
    "retries" : [ ],
    "categories" : [ {
      "name" : "Test defects",
      "matchedStatuses" : [ ],
      "flaky" : false
    } ],
    "history" : {
      "statistic" : {
        "failed" : 0,
        "broken" : 15,
        "skipped" : 0,
        "passed" : 577,
        "unknown" : 0,
        "total" : 592
      },
      "items" : [ {
        "uid" : "91c4e3506b9043b5",
        "reportUrl" : "https://Brain-up.github.io/auto-tests-python/182//#testresult/91c4e3506b9043b5",
        "status" : "broken",
        "statusDetails" : "selenium.common.exceptions.TimeoutException: Message: Can't find element by locator ('css selector', '#other-menu')\nStacktrace:\n#0 0x5617e24b513a <unknown>\n#1 0x5617e1fd0460 <unknown>\n#2 0x5617e201cf96 <unknown>\n#3 0x5617e201d221 <unknown>\n#4 0x5617e20625d4 <unknown>\n#5 0x5617e204103d <unknown>\n#6 0x5617e205faf6 <unknown>\n#7 0x5617e2040db3 <unknown>\n#8 0x5617e200fc10 <unknown>\n#9 0x5617e2010bee <unknown>\n#10 0x5617e24813cb <unknown>\n#11 0x5617e2485368 <unknown>\n#12 0x5617e246eeec <unknown>\n#13 0x5617e2485ee7 <unknown>\n#14 0x5617e245413f <unknown>\n#15 0x5617e24a3858 <unknown>\n#16 0x5617e24a3a20 <unknown>\n#17 0x5617e24b3fb6 <unknown>\n#18 0x7fe5cfa94ac3 <unknown>",
        "time" : {
          "start" : 1731459980289,
          "stop" : 1731460000770,
          "duration" : 20481
        }
      }, {
        "uid" : "eb36fc5e43858690",
        "reportUrl" : "https://Brain-up.github.io/auto-tests-python/383//#testresult/eb36fc5e43858690",
        "status" : "passed",
        "time" : {
          "start" : 1731412693801,
          "stop" : 1731412694462,
          "duration" : 661
        }
      }, {
        "uid" : "7c87d4cf23b25595",
        "reportUrl" : "https://Brain-up.github.io/auto-tests-python/382//#testresult/7c87d4cf23b25595",
        "status" : "passed",
        "time" : {
          "start" : 1731410250127,
          "stop" : 1731410250775,
          "duration" : 648
        }
      }, {
        "uid" : "cea4fa350b91e38a",
        "reportUrl" : "https://Brain-up.github.io/auto-tests-python/381//#testresult/cea4fa350b91e38a",
        "status" : "passed",
        "time" : {
          "start" : 1731408192747,
          "stop" : 1731408193388,
          "duration" : 641
        }
      }, {
        "uid" : "de8dc499f98a91",
        "reportUrl" : "https://Brain-up.github.io/auto-tests-python/181//#testresult/de8dc499f98a91",
        "status" : "passed",
        "time" : {
          "start" : 1731373078322,
          "stop" : 1731373078998,
          "duration" : 676
        }
      }, {
        "uid" : "1e7c2647688ebc57",
        "reportUrl" : "https://Brain-up.github.io/auto-tests-python/380//#testresult/1e7c2647688ebc57",
        "status" : "passed",
        "time" : {
          "start" : 1731355746865,
          "stop" : 1731355747508,
          "duration" : 643
        }
      }, {
        "uid" : "d41ad8e5c363b178",
        "reportUrl" : "https://Brain-up.github.io/auto-tests-python/379//#testresult/d41ad8e5c363b178",
        "status" : "passed",
        "time" : {
          "start" : 1731353669992,
          "stop" : 1731353670675,
          "duration" : 683
        }
      }, {
        "uid" : "2b71b5799bdee451",
        "reportUrl" : "https://Brain-up.github.io/auto-tests-python/180//#testresult/2b71b5799bdee451",
        "status" : "passed",
        "time" : {
          "start" : 1731286789434,
          "stop" : 1731286790085,
          "duration" : 651
        }
      }, {
        "uid" : "c48f0295a051cc1e",
        "reportUrl" : "https://Brain-up.github.io/auto-tests-python/179//#testresult/c48f0295a051cc1e",
        "status" : "passed",
        "time" : {
          "start" : 1731200523281,
          "stop" : 1731200523943,
          "duration" : 662
        }
      }, {
        "uid" : "f43071b4b8f53e3",
        "reportUrl" : "https://Brain-up.github.io/auto-tests-python/178//#testresult/f43071b4b8f53e3",
        "status" : "passed",
        "time" : {
          "start" : 1731113763573,
          "stop" : 1731113764257,
          "duration" : 684
        }
      }, {
        "uid" : "87e75c0784f8051e",
        "reportUrl" : "https://Brain-up.github.io/auto-tests-python/378//#testresult/87e75c0784f8051e",
        "status" : "passed",
        "time" : {
          "start" : 1731063546075,
          "stop" : 1731063546736,
          "duration" : 661
        }
      }, {
        "uid" : "97494e257499a50a",
        "reportUrl" : "https://Brain-up.github.io/auto-tests-python/377//#testresult/97494e257499a50a",
        "status" : "passed",
        "time" : {
          "start" : 1731060140332,
          "stop" : 1731060141022,
          "duration" : 690
        }
      }, {
        "uid" : "7cb88c1213a9a9ed",
        "reportUrl" : "https://Brain-up.github.io/auto-tests-python/177//#testresult/7cb88c1213a9a9ed",
        "status" : "passed",
        "time" : {
          "start" : 1731027505585,
          "stop" : 1731027506244,
          "duration" : 659
        }
      }, {
        "uid" : "2a4658df49ada81",
        "reportUrl" : "https://Brain-up.github.io/auto-tests-python/376//#testresult/2a4658df49ada81",
        "status" : "passed",
        "time" : {
          "start" : 1730968542825,
          "stop" : 1730968543489,
          "duration" : 664
        }
      }, {
        "uid" : "deef5d98a72dff61",
        "reportUrl" : "https://Brain-up.github.io/auto-tests-python/375//#testresult/deef5d98a72dff61",
        "status" : "passed",
        "time" : {
          "start" : 1730967079933,
          "stop" : 1730967080600,
          "duration" : 667
        }
      }, {
        "uid" : "4308bbffa99c0b9b",
        "reportUrl" : "https://Brain-up.github.io/auto-tests-python/176//#testresult/4308bbffa99c0b9b",
        "status" : "passed",
        "time" : {
          "start" : 1730941204498,
          "stop" : 1730941205170,
          "duration" : 672
        }
      }, {
        "uid" : "839ff9b7b53fb904",
        "reportUrl" : "https://Brain-up.github.io/auto-tests-python/374//#testresult/839ff9b7b53fb904",
        "status" : "passed",
        "time" : {
          "start" : 1730889612620,
          "stop" : 1730889613273,
          "duration" : 653
        }
      }, {
        "uid" : "48fd59a4dd006fef",
        "reportUrl" : "https://Brain-up.github.io/auto-tests-python/373//#testresult/48fd59a4dd006fef",
        "status" : "passed",
        "time" : {
          "start" : 1730888208869,
          "stop" : 1730888209545,
          "duration" : 676
        }
      }, {
        "uid" : "b2818584eaf21eab",
        "reportUrl" : "https://Brain-up.github.io/auto-tests-python/175//#testresult/b2818584eaf21eab",
        "status" : "passed",
        "time" : {
          "start" : 1730854672995,
          "stop" : 1730854673653,
          "duration" : 658
        }
      }, {
        "uid" : "be7ca95668101a5e",
        "reportUrl" : "https://Brain-up.github.io/auto-tests-python/372//#testresult/be7ca95668101a5e",
        "status" : "passed",
        "time" : {
          "start" : 1730799642486,
          "stop" : 1730799643131,
          "duration" : 645
        }
      } ]
    },
    "tags" : [ ]
  },
  "source" : "ecf56c2146a79e82.json",
  "parameterValues" : [ ]
}