{
  "uid" : "20be88487457e241",
  "name" : "Verify text in card links and the 'All Team' link",
  "fullName" : "tests.contributors_page_test.TestContributorsPageText#test_cnp_02_05_verify_text_in_card_links",
  "historyId" : "9150555d641b04e0f158b79bfaae40fd",
  "time" : {
    "start" : 1742864674975,
    "stop" : 1742864695196,
    "duration" : 20221
  },
  "status" : "broken",
  "statusMessage" : "selenium.common.exceptions.TimeoutException: Message: Can't find elements by locator ('css selector', 'a.mb-1')",
  "statusTrace" : "self = <tests.contributors_page_test.TestContributorsPage.TestContributorsPageText object at 0x7f3d073b5e20>\ndriver = <selenium.webdriver.chrome.webdriver.WebDriver (session=\"813787a7f6757aa8f353934a6ff0d2b7\")>\ncontributors_page_open = None\n\n    @allure.title(\"Verify text in card links and the 'All Team' link\")\n    def test_cnp_02_05_verify_text_in_card_links(self, driver, contributors_page_open):\n        page = ContributorsPage(driver)\n>       card_links_text = page.check_text_in_card_links()\n\ntests/contributors_page_test.py:106: \n_ _ _ _ _ _ _ _ _ _ _ _ _ _ _ _ _ _ _ _ _ _ _ _ _ _ _ _ _ _ _ _ _ _ _ _ _ _ _ _ \npages/contributors_page.py:143: in check_text_in_card_links\n    values = [link.text for link in self.elements_are_present(self.locators.CARD_LINKS)]\npages/base_page.py:54: in elements_are_present\n    return Wait(self.driver, self.timeout).until(\n_ _ _ _ _ _ _ _ _ _ _ _ _ _ _ _ _ _ _ _ _ _ _ _ _ _ _ _ _ _ _ _ _ _ _ _ _ _ _ _ \n\nself = <selenium.webdriver.support.wait.WebDriverWait (session=\"813787a7f6757aa8f353934a6ff0d2b7\")>\nmethod = <function presence_of_all_elements_located.<locals>._predicate at 0x7f3d0704f240>\nmessage = \"Can't find elements by locator ('css selector', 'a.mb-1')\"\n\n    def until(self, method, message: str = \"\"):\n        \"\"\"Calls the method provided with the driver as an argument until the \\\n        return value does not evaluate to ``False``.\n    \n        :param method: callable(WebDriver)\n        :param message: optional message for :exc:`TimeoutException`\n        :returns: the result of the last call to `method`\n        :raises: :exc:`selenium.common.exceptions.TimeoutException` if timeout occurs\n        \"\"\"\n        screen = None\n        stacktrace = None\n    \n        end_time = time.monotonic() + self._timeout\n        while True:\n            try:\n                value = method(self._driver)\n                if value:\n                    return value\n            except self._ignored_exceptions as exc:\n                screen = getattr(exc, \"screen\", None)\n                stacktrace = getattr(exc, \"stacktrace\", None)\n            time.sleep(self._poll)\n            if time.monotonic() > end_time:\n                break\n>       raise TimeoutException(message, screen, stacktrace)\nE       selenium.common.exceptions.TimeoutException: Message: Can't find elements by locator ('css selector', 'a.mb-1')\n\n/opt/hostedtoolcache/Python/3.12.9/x64/lib/python3.12/site-packages/selenium/webdriver/support/wait.py:95: TimeoutException",
  "flaky" : false,
  "newFailed" : false,
  "beforeStages" : [ {
    "name" : "contributors_page_open",
    "time" : {
      "start" : 1742864671886,
      "stop" : 1742864674975,
      "duration" : 3089
    },
    "status" : "passed",
    "steps" : [ {
      "name" : "Open page: https://www.brainup.site/contributors",
      "time" : {
        "start" : 1742864671886,
        "stop" : 1742864674975,
        "duration" : 3089
      },
      "status" : "passed",
      "steps" : [ ],
      "attachments" : [ ],
      "parameters" : [ {
        "name" : "driver",
        "value" : "<selenium.webdriver.chrome.webdriver.WebDriver (session=\"813787a7f6757aa8f353934a6ff0d2b7\")>"
      } ],
      "stepsCount" : 0,
      "attachmentsCount" : 0,
      "shouldDisplayMessage" : false,
      "hasContent" : true
    } ],
    "attachments" : [ ],
    "parameters" : [ ],
    "stepsCount" : 1,
    "attachmentsCount" : 0,
    "shouldDisplayMessage" : false,
    "hasContent" : true
  }, {
    "name" : "clear_allure_results_folder",
    "time" : {
      "start" : 1742864439073,
      "stop" : 1742864439073,
      "duration" : 0
    },
    "status" : "passed",
    "steps" : [ ],
    "attachments" : [ ],
    "parameters" : [ ],
    "stepsCount" : 0,
    "attachmentsCount" : 0,
    "shouldDisplayMessage" : false,
    "hasContent" : false
  }, {
    "name" : "driver",
    "time" : {
      "start" : 1742864671051,
      "stop" : 1742864671886,
      "duration" : 835
    },
    "status" : "passed",
    "steps" : [ ],
    "attachments" : [ ],
    "parameters" : [ ],
    "stepsCount" : 0,
    "attachmentsCount" : 0,
    "shouldDisplayMessage" : false,
    "hasContent" : false
  } ],
  "testStage" : {
    "status" : "broken",
    "statusMessage" : "selenium.common.exceptions.TimeoutException: Message: Can't find elements by locator ('css selector', 'a.mb-1')",
    "statusTrace" : "self = <tests.contributors_page_test.TestContributorsPage.TestContributorsPageText object at 0x7f3d073b5e20>\ndriver = <selenium.webdriver.chrome.webdriver.WebDriver (session=\"813787a7f6757aa8f353934a6ff0d2b7\")>\ncontributors_page_open = None\n\n    @allure.title(\"Verify text in card links and the 'All Team' link\")\n    def test_cnp_02_05_verify_text_in_card_links(self, driver, contributors_page_open):\n        page = ContributorsPage(driver)\n>       card_links_text = page.check_text_in_card_links()\n\ntests/contributors_page_test.py:106: \n_ _ _ _ _ _ _ _ _ _ _ _ _ _ _ _ _ _ _ _ _ _ _ _ _ _ _ _ _ _ _ _ _ _ _ _ _ _ _ _ \npages/contributors_page.py:143: in check_text_in_card_links\n    values = [link.text for link in self.elements_are_present(self.locators.CARD_LINKS)]\npages/base_page.py:54: in elements_are_present\n    return Wait(self.driver, self.timeout).until(\n_ _ _ _ _ _ _ _ _ _ _ _ _ _ _ _ _ _ _ _ _ _ _ _ _ _ _ _ _ _ _ _ _ _ _ _ _ _ _ _ \n\nself = <selenium.webdriver.support.wait.WebDriverWait (session=\"813787a7f6757aa8f353934a6ff0d2b7\")>\nmethod = <function presence_of_all_elements_located.<locals>._predicate at 0x7f3d0704f240>\nmessage = \"Can't find elements by locator ('css selector', 'a.mb-1')\"\n\n    def until(self, method, message: str = \"\"):\n        \"\"\"Calls the method provided with the driver as an argument until the \\\n        return value does not evaluate to ``False``.\n    \n        :param method: callable(WebDriver)\n        :param message: optional message for :exc:`TimeoutException`\n        :returns: the result of the last call to `method`\n        :raises: :exc:`selenium.common.exceptions.TimeoutException` if timeout occurs\n        \"\"\"\n        screen = None\n        stacktrace = None\n    \n        end_time = time.monotonic() + self._timeout\n        while True:\n            try:\n                value = method(self._driver)\n                if value:\n                    return value\n            except self._ignored_exceptions as exc:\n                screen = getattr(exc, \"screen\", None)\n                stacktrace = getattr(exc, \"stacktrace\", None)\n            time.sleep(self._poll)\n            if time.monotonic() > end_time:\n                break\n>       raise TimeoutException(message, screen, stacktrace)\nE       selenium.common.exceptions.TimeoutException: Message: Can't find elements by locator ('css selector', 'a.mb-1')\n\n/opt/hostedtoolcache/Python/3.12.9/x64/lib/python3.12/site-packages/selenium/webdriver/support/wait.py:95: TimeoutException",
    "steps" : [ {
      "name" : "Check text in links in cards",
      "time" : {
        "start" : 1742864674975,
        "stop" : 1742864695196,
        "duration" : 20221
      },
      "status" : "broken",
      "statusMessage" : "selenium.common.exceptions.TimeoutException: Message: Can't find elements by locator ('css selector', 'a.mb-1')\n\n",
      "statusTrace" : "  File \"/opt/hostedtoolcache/Python/3.12.9/x64/lib/python3.12/site-packages/allure_commons/_allure.py\", line 192, in impl\n    return func(*a, **kw)\n           ^^^^^^^^^^^^^^\n  File \"/home/runner/work/auto-tests-python/auto-tests-python/pages/contributors_page.py\", line 143, in check_text_in_card_links\n    values = [link.text for link in self.elements_are_present(self.locators.CARD_LINKS)]\n                                    ^^^^^^^^^^^^^^^^^^^^^^^^^^^^^^^^^^^^^^^^^^^^^^^^^^^\n  File \"/home/runner/work/auto-tests-python/auto-tests-python/pages/base_page.py\", line 54, in elements_are_present\n    return Wait(self.driver, self.timeout).until(\n           ^^^^^^^^^^^^^^^^^^^^^^^^^^^^^^^^^^^^^^\n  File \"/opt/hostedtoolcache/Python/3.12.9/x64/lib/python3.12/site-packages/selenium/webdriver/support/wait.py\", line 95, in until\n    raise TimeoutException(message, screen, stacktrace)\n",
      "steps" : [ ],
      "attachments" : [ ],
      "parameters" : [ ],
      "stepsCount" : 0,
      "attachmentsCount" : 0,
      "shouldDisplayMessage" : true,
      "hasContent" : true
    } ],
    "attachments" : [ {
      "uid" : "d1d0f01a5f3f6ac8",
      "name" : "Screenshot 2025-03-25 01:04:55.299563",
      "source" : "d1d0f01a5f3f6ac8.png",
      "type" : "image/png",
      "size" : 46879
    } ],
    "parameters" : [ ],
    "stepsCount" : 1,
    "attachmentsCount" : 1,
    "shouldDisplayMessage" : true,
    "hasContent" : true
  },
  "afterStages" : [ {
    "name" : "driver::0",
    "time" : {
      "start" : 1742864695300,
      "stop" : 1742864695365,
      "duration" : 65
    },
    "status" : "passed",
    "steps" : [ ],
    "attachments" : [ ],
    "parameters" : [ ],
    "stepsCount" : 0,
    "attachmentsCount" : 0,
    "shouldDisplayMessage" : false,
    "hasContent" : false
  } ],
  "labels" : [ {
    "name" : "epic",
    "value" : "The Contributors Page"
  }, {
    "name" : "parentSuite",
    "value" : "tests"
  }, {
    "name" : "suite",
    "value" : "contributors_page_test"
  }, {
    "name" : "subSuite",
    "value" : "TestContributorsPage"
  }, {
    "name" : "host",
    "value" : "fv-az1988-652"
  }, {
    "name" : "thread",
    "value" : "2445-MainThread"
  }, {
    "name" : "framework",
    "value" : "pytest"
  }, {
    "name" : "language",
    "value" : "cpython3"
  }, {
    "name" : "package",
    "value" : "tests.contributors_page_test"
  }, {
    "name" : "resultFormat",
    "value" : "allure2"
  } ],
  "parameters" : [ ],
  "links" : [ ],
  "hidden" : false,
  "retry" : false,
  "extra" : {
    "severity" : "normal",
    "retries" : [ ],
    "categories" : [ {
      "name" : "Test defects",
      "matchedStatuses" : [ ],
      "flaky" : false
    } ],
    "history" : {
      "statistic" : {
        "failed" : 0,
        "broken" : 1,
        "skipped" : 0,
        "passed" : 55,
        "unknown" : 0,
        "total" : 56
      },
      "items" : [ {
        "uid" : "28a1f954bde156a8",
        "reportUrl" : "https://Brain-up.github.io/auto-tests-python/518//#testresult/28a1f954bde156a8",
        "status" : "passed",
        "time" : {
          "start" : 1742806339134,
          "stop" : 1742806339558,
          "duration" : 424
        }
      }, {
        "uid" : "a2ee1e2c81da3a1",
        "reportUrl" : "https://Brain-up.github.io/auto-tests-python/313//#testresult/a2ee1e2c81da3a1",
        "status" : "passed",
        "time" : {
          "start" : 1742778241824,
          "stop" : 1742778242258,
          "duration" : 434
        }
      }, {
        "uid" : "ef3f7182274c1b9e",
        "reportUrl" : "https://Brain-up.github.io/auto-tests-python/517//#testresult/ef3f7182274c1b9e",
        "status" : "passed",
        "time" : {
          "start" : 1742759089703,
          "stop" : 1742759090096,
          "duration" : 393
        }
      }, {
        "uid" : "e291b0f25b67b4e9",
        "reportUrl" : "https://Brain-up.github.io/auto-tests-python/312//#testresult/e291b0f25b67b4e9",
        "status" : "passed",
        "time" : {
          "start" : 1742692010386,
          "stop" : 1742692010808,
          "duration" : 422
        }
      }, {
        "uid" : "c6891f78ec6f6607",
        "reportUrl" : "https://Brain-up.github.io/auto-tests-python/311//#testresult/c6891f78ec6f6607",
        "status" : "passed",
        "time" : {
          "start" : 1742605212978,
          "stop" : 1742605213412,
          "duration" : 434
        }
      }, {
        "uid" : "846923ae1235b190",
        "reportUrl" : "https://Brain-up.github.io/auto-tests-python/516//#testresult/846923ae1235b190",
        "status" : "passed",
        "time" : {
          "start" : 1742592600504,
          "stop" : 1742592600960,
          "duration" : 456
        }
      }, {
        "uid" : "f68d64f430365881",
        "reportUrl" : "https://Brain-up.github.io/auto-tests-python/515//#testresult/f68d64f430365881",
        "status" : "passed",
        "time" : {
          "start" : 1742581703813,
          "stop" : 1742581704243,
          "duration" : 430
        }
      }, {
        "uid" : "bdd243bf79c44d2d",
        "reportUrl" : "https://Brain-up.github.io/auto-tests-python/310//#testresult/bdd243bf79c44d2d",
        "status" : "passed",
        "time" : {
          "start" : 1742518962094,
          "stop" : 1742518962530,
          "duration" : 436
        }
      }, {
        "uid" : "9ebf8ef177bcdf2e",
        "reportUrl" : "https://Brain-up.github.io/auto-tests-python/514//#testresult/9ebf8ef177bcdf2e",
        "status" : "passed",
        "time" : {
          "start" : 1742485970583,
          "stop" : 1742485970973,
          "duration" : 390
        }
      }, {
        "uid" : "9fc71d7e8238b12c",
        "reportUrl" : "https://Brain-up.github.io/auto-tests-python/309//#testresult/9fc71d7e8238b12c",
        "status" : "passed",
        "time" : {
          "start" : 1742432444736,
          "stop" : 1742432445164,
          "duration" : 428
        }
      }, {
        "uid" : "e53c9766a904bad9",
        "reportUrl" : "https://Brain-up.github.io/auto-tests-python/513//#testresult/e53c9766a904bad9",
        "status" : "passed",
        "time" : {
          "start" : 1742416215113,
          "stop" : 1742416215535,
          "duration" : 422
        }
      }, {
        "uid" : "d51ab2983e84209a",
        "reportUrl" : "https://Brain-up.github.io/auto-tests-python/308//#testresult/d51ab2983e84209a",
        "status" : "passed",
        "time" : {
          "start" : 1742346109060,
          "stop" : 1742346109497,
          "duration" : 437
        }
      }, {
        "uid" : "b34d2d09dc5503ba",
        "reportUrl" : "https://Brain-up.github.io/auto-tests-python/512//#testresult/b34d2d09dc5503ba",
        "status" : "passed",
        "time" : {
          "start" : 1742280029911,
          "stop" : 1742280030357,
          "duration" : 446
        }
      }, {
        "uid" : "78342001d5e33f41",
        "reportUrl" : "https://Brain-up.github.io/auto-tests-python/307//#testresult/78342001d5e33f41",
        "status" : "passed",
        "time" : {
          "start" : 1742259667911,
          "stop" : 1742259668347,
          "duration" : 436
        }
      }, {
        "uid" : "dd8c007a5a9b740",
        "reportUrl" : "https://Brain-up.github.io/auto-tests-python/511//#testresult/dd8c007a5a9b740",
        "status" : "passed",
        "time" : {
          "start" : 1742230574256,
          "stop" : 1742230574728,
          "duration" : 472
        }
      }, {
        "uid" : "3273322554e8e42e",
        "reportUrl" : "https://Brain-up.github.io/auto-tests-python/306//#testresult/3273322554e8e42e",
        "status" : "passed",
        "time" : {
          "start" : 1742173394996,
          "stop" : 1742173395421,
          "duration" : 425
        }
      }, {
        "uid" : "f8357a17f65c0627",
        "reportUrl" : "https://Brain-up.github.io/auto-tests-python/510//#testresult/f8357a17f65c0627",
        "status" : "passed",
        "time" : {
          "start" : 1742154964596,
          "stop" : 1742154965022,
          "duration" : 426
        }
      }, {
        "uid" : "c7298246b356284e",
        "reportUrl" : "https://Brain-up.github.io/auto-tests-python/305//#testresult/c7298246b356284e",
        "status" : "passed",
        "time" : {
          "start" : 1742087135863,
          "stop" : 1742087136286,
          "duration" : 423
        }
      }, {
        "uid" : "efc5cc529d9de007",
        "reportUrl" : "https://Brain-up.github.io/auto-tests-python/509//#testresult/efc5cc529d9de007",
        "status" : "passed",
        "time" : {
          "start" : 1742071557436,
          "stop" : 1742071557861,
          "duration" : 425
        }
      }, {
        "uid" : "27d26c359bdf3868",
        "reportUrl" : "https://Brain-up.github.io/auto-tests-python/304//#testresult/27d26c359bdf3868",
        "status" : "passed",
        "time" : {
          "start" : 1742000387862,
          "stop" : 1742000388249,
          "duration" : 387
        }
      } ]
    },
    "tags" : [ ]
  },
  "source" : "20be88487457e241.json",
  "parameterValues" : [ ]
}