{
  "uid" : "24d017f301760f82",
  "name" : "Verify presence, visibility of links, buttons in the Header for an authorized user",
  "fullName" : "tests.header_test.TestAuthHeaderPageStructure#test_hpa_01_03_verify_auth_header_structural_elements",
  "historyId" : "8962fd26240e0432de1442a78500c8f8",
  "time" : {
    "start" : 1742866727045,
    "stop" : 1742866727045,
    "duration" : 0
  },
  "status" : "broken",
  "statusMessage" : "selenium.common.exceptions.TimeoutException: Message: Can't find element by locator https://www.brainup.site/groups",
  "statusTrace" : "self = <pages.base_page.BasePage object at 0x7f3d07188140>\nurl = 'https://www.brainup.site/groups'\n\n    def check_expected_link(self, url):\n        with allure.step(f'Check url is present: {url}'):\n            try:\n>               return Wait(self.driver, self.timeout).until(\n                    ec.url_to_be(url), message=f\"Can't find element by locator {url}\")\n\npages/base_page.py:68: \n_ _ _ _ _ _ _ _ _ _ _ _ _ _ _ _ _ _ _ _ _ _ _ _ _ _ _ _ _ _ _ _ _ _ _ _ _ _ _ _ \n\nself = <selenium.webdriver.support.wait.WebDriverWait (session=\"1c7c2d0e1c6c1f7bdc9b2f9525eb956e\")>\nmethod = <function url_to_be.<locals>._predicate at 0x7f3d06df9d00>\nmessage = \"Can't find element by locator https://www.brainup.site/groups\"\n\n    def until(self, method, message: str = \"\"):\n        \"\"\"Calls the method provided with the driver as an argument until the \\\n        return value does not evaluate to ``False``.\n    \n        :param method: callable(WebDriver)\n        :param message: optional message for :exc:`TimeoutException`\n        :returns: the result of the last call to `method`\n        :raises: :exc:`selenium.common.exceptions.TimeoutException` if timeout occurs\n        \"\"\"\n        screen = None\n        stacktrace = None\n    \n        end_time = time.monotonic() + self._timeout\n        while True:\n            try:\n                value = method(self._driver)\n                if value:\n                    return value\n            except self._ignored_exceptions as exc:\n                screen = getattr(exc, \"screen\", None)\n                stacktrace = getattr(exc, \"stacktrace\", None)\n            time.sleep(self._poll)\n            if time.monotonic() > end_time:\n                break\n>       raise TimeoutException(message, screen, stacktrace)\nE       selenium.common.exceptions.TimeoutException: Message: Can't find element by locator https://www.brainup.site/groups\n\n/opt/hostedtoolcache/Python/3.12.9/x64/lib/python3.12/site-packages/selenium/webdriver/support/wait.py:95: TimeoutException\n\nDuring handling of the above exception, another exception occurred:\n\ndriver = <selenium.webdriver.chrome.webdriver.WebDriver (session=\"1c7c2d0e1c6c1f7bdc9b2f9525eb956e\")>\nmain_page_open = None\n\n    @pytest.fixture()\n    @allure.step('Auto test user authorized')\n    def auto_test_user_authorized(driver, main_page_open):\n        page = BasePage(driver)\n        page.element_is_present_and_clickable(MainPageLocators.LOGIN_BUTTON).click()\n        page.element_is_visible(LoginPageLocators.INPUT_LOGIN).send_keys(os.environ[\"LOGIN\"])\n        page.element_is_visible(LoginPageLocators.INPUT_PASSWORD).send_keys(os.environ[\"PASSWORD\"])\n        page.element_is_present_and_clickable(LoginPageLocators.SIGN_IN_BUTTON).click()\n>       page.check_expected_link(MainPageLinks.URL_GROUPS_PAGE)\n\ntests/conftest.py:104: \n_ _ _ _ _ _ _ _ _ _ _ _ _ _ _ _ _ _ _ _ _ _ _ _ _ _ _ _ _ _ _ _ _ _ _ _ _ _ _ _ \npages/base_page.py:72: in check_expected_link\n    return Wait(self.driver, self.timeout).until(\n_ _ _ _ _ _ _ _ _ _ _ _ _ _ _ _ _ _ _ _ _ _ _ _ _ _ _ _ _ _ _ _ _ _ _ _ _ _ _ _ \n\nself = <selenium.webdriver.support.wait.WebDriverWait (session=\"1c7c2d0e1c6c1f7bdc9b2f9525eb956e\")>\nmethod = <function url_to_be.<locals>._predicate at 0x7f3d06dfa340>\nmessage = \"Can't find element by locator https://www.brainup.site/groups\"\n\n    def until(self, method, message: str = \"\"):\n        \"\"\"Calls the method provided with the driver as an argument until the \\\n        return value does not evaluate to ``False``.\n    \n        :param method: callable(WebDriver)\n        :param message: optional message for :exc:`TimeoutException`\n        :returns: the result of the last call to `method`\n        :raises: :exc:`selenium.common.exceptions.TimeoutException` if timeout occurs\n        \"\"\"\n        screen = None\n        stacktrace = None\n    \n        end_time = time.monotonic() + self._timeout\n        while True:\n            try:\n                value = method(self._driver)\n                if value:\n                    return value\n            except self._ignored_exceptions as exc:\n                screen = getattr(exc, \"screen\", None)\n                stacktrace = getattr(exc, \"stacktrace\", None)\n            time.sleep(self._poll)\n            if time.monotonic() > end_time:\n                break\n>       raise TimeoutException(message, screen, stacktrace)\nE       selenium.common.exceptions.TimeoutException: Message: Can't find element by locator https://www.brainup.site/groups\n\n/opt/hostedtoolcache/Python/3.12.9/x64/lib/python3.12/site-packages/selenium/webdriver/support/wait.py:95: TimeoutException",
  "flaky" : false,
  "newFailed" : false,
  "beforeStages" : [ {
    "name" : "driver",
    "time" : {
      "start" : 1742866727046,
      "stop" : 1742866727868,
      "duration" : 822
    },
    "status" : "passed",
    "steps" : [ ],
    "attachments" : [ ],
    "parameters" : [ ],
    "stepsCount" : 0,
    "attachmentsCount" : 0,
    "shouldDisplayMessage" : false,
    "hasContent" : false
  }, {
    "name" : "main_page_open",
    "time" : {
      "start" : 1742866727868,
      "stop" : 1742866731086,
      "duration" : 3218
    },
    "status" : "passed",
    "steps" : [ {
      "name" : "Open page: https://www.brainup.site/",
      "time" : {
        "start" : 1742866727868,
        "stop" : 1742866731086,
        "duration" : 3218
      },
      "status" : "passed",
      "steps" : [ ],
      "attachments" : [ ],
      "parameters" : [ {
        "name" : "driver",
        "value" : "<selenium.webdriver.chrome.webdriver.WebDriver (session=\"1c7c2d0e1c6c1f7bdc9b2f9525eb956e\")>"
      } ],
      "stepsCount" : 0,
      "attachmentsCount" : 0,
      "shouldDisplayMessage" : false,
      "hasContent" : true
    } ],
    "attachments" : [ ],
    "parameters" : [ ],
    "stepsCount" : 1,
    "attachmentsCount" : 0,
    "shouldDisplayMessage" : false,
    "hasContent" : true
  }, {
    "name" : "clear_allure_results_folder",
    "time" : {
      "start" : 1742864439073,
      "stop" : 1742864439073,
      "duration" : 0
    },
    "status" : "passed",
    "steps" : [ ],
    "attachments" : [ ],
    "parameters" : [ ],
    "stepsCount" : 0,
    "attachmentsCount" : 0,
    "shouldDisplayMessage" : false,
    "hasContent" : false
  }, {
    "name" : "auto_test_user_authorized",
    "time" : {
      "start" : 1742866731086,
      "stop" : 1742866771770,
      "duration" : 40684
    },
    "status" : "broken",
    "statusMessage" : "selenium.common.exceptions.TimeoutException: Message: Can't find element by locator https://www.brainup.site/groups\n\n",
    "statusTrace" : "  File \"/opt/hostedtoolcache/Python/3.12.9/x64/lib/python3.12/site-packages/pluggy/_callers.py\", line 103, in _multicall\n    res = hook_impl.function(*args)\n          ^^^^^^^^^^^^^^^^^^^^^^^^^\n  File \"/opt/hostedtoolcache/Python/3.12.9/x64/lib/python3.12/site-packages/_pytest/fixtures.py\", line 1123, in pytest_fixture_setup\n    result = call_fixture_func(fixturefunc, request, kwargs)\n             ^^^^^^^^^^^^^^^^^^^^^^^^^^^^^^^^^^^^^^^^^^^^^^^\n  File \"/opt/hostedtoolcache/Python/3.12.9/x64/lib/python3.12/site-packages/_pytest/fixtures.py\", line 902, in call_fixture_func\n    fixture_result = fixturefunc(**kwargs)\n                     ^^^^^^^^^^^^^^^^^^^^^\n  File \"/opt/hostedtoolcache/Python/3.12.9/x64/lib/python3.12/site-packages/allure_commons/_allure.py\", line 192, in impl\n    return func(*a, **kw)\n           ^^^^^^^^^^^^^^\n  File \"/home/runner/work/auto-tests-python/auto-tests-python/tests/conftest.py\", line 104, in auto_test_user_authorized\n    page.check_expected_link(MainPageLinks.URL_GROUPS_PAGE)\n  File \"/home/runner/work/auto-tests-python/auto-tests-python/pages/base_page.py\", line 72, in check_expected_link\n    return Wait(self.driver, self.timeout).until(\n           ^^^^^^^^^^^^^^^^^^^^^^^^^^^^^^^^^^^^^^\n  File \"/opt/hostedtoolcache/Python/3.12.9/x64/lib/python3.12/site-packages/selenium/webdriver/support/wait.py\", line 95, in until\n    raise TimeoutException(message, screen, stacktrace)\n",
    "steps" : [ {
      "name" : "Auto test user authorized",
      "time" : {
        "start" : 1742866731086,
        "stop" : 1742866771770,
        "duration" : 40684
      },
      "status" : "broken",
      "statusMessage" : "selenium.common.exceptions.TimeoutException: Message: Can't find element by locator https://www.brainup.site/groups\n\n",
      "statusTrace" : "  File \"/opt/hostedtoolcache/Python/3.12.9/x64/lib/python3.12/site-packages/allure_commons/_allure.py\", line 192, in impl\n    return func(*a, **kw)\n           ^^^^^^^^^^^^^^\n  File \"/home/runner/work/auto-tests-python/auto-tests-python/tests/conftest.py\", line 104, in auto_test_user_authorized\n    page.check_expected_link(MainPageLinks.URL_GROUPS_PAGE)\n  File \"/home/runner/work/auto-tests-python/auto-tests-python/pages/base_page.py\", line 72, in check_expected_link\n    return Wait(self.driver, self.timeout).until(\n           ^^^^^^^^^^^^^^^^^^^^^^^^^^^^^^^^^^^^^^\n  File \"/opt/hostedtoolcache/Python/3.12.9/x64/lib/python3.12/site-packages/selenium/webdriver/support/wait.py\", line 95, in until\n    raise TimeoutException(message, screen, stacktrace)\n",
      "steps" : [ {
        "name" : "Check url is present: https://www.brainup.site/groups",
        "time" : {
          "start" : 1742866731503,
          "stop" : 1742866771770,
          "duration" : 40267
        },
        "status" : "broken",
        "statusMessage" : "selenium.common.exceptions.TimeoutException: Message: Can't find element by locator https://www.brainup.site/groups\n\n",
        "statusTrace" : "  File \"/home/runner/work/auto-tests-python/auto-tests-python/pages/base_page.py\", line 72, in check_expected_link\n    return Wait(self.driver, self.timeout).until(\n           ^^^^^^^^^^^^^^^^^^^^^^^^^^^^^^^^^^^^^^\n  File \"/opt/hostedtoolcache/Python/3.12.9/x64/lib/python3.12/site-packages/selenium/webdriver/support/wait.py\", line 95, in until\n    raise TimeoutException(message, screen, stacktrace)\n",
        "steps" : [ ],
        "attachments" : [ ],
        "parameters" : [ ],
        "stepsCount" : 0,
        "attachmentsCount" : 0,
        "shouldDisplayMessage" : true,
        "hasContent" : true
      } ],
      "attachments" : [ ],
      "parameters" : [ {
        "name" : "driver",
        "value" : "<selenium.webdriver.chrome.webdriver.WebDriver (session=\"1c7c2d0e1c6c1f7bdc9b2f9525eb956e\")>"
      }, {
        "name" : "main_page_open",
        "value" : "None"
      } ],
      "stepsCount" : 1,
      "attachmentsCount" : 0,
      "shouldDisplayMessage" : false,
      "hasContent" : true
    } ],
    "attachments" : [ ],
    "parameters" : [ ],
    "stepsCount" : 2,
    "attachmentsCount" : 0,
    "shouldDisplayMessage" : false,
    "hasContent" : true
  } ],
  "afterStages" : [ {
    "name" : "driver::0",
    "time" : {
      "start" : 1742866771784,
      "stop" : 1742866771850,
      "duration" : 66
    },
    "status" : "passed",
    "steps" : [ ],
    "attachments" : [ ],
    "parameters" : [ ],
    "stepsCount" : 0,
    "attachmentsCount" : 0,
    "shouldDisplayMessage" : false,
    "hasContent" : false
  } ],
  "labels" : [ {
    "name" : "epic",
    "value" : "Test Header"
  }, {
    "name" : "parentSuite",
    "value" : "tests"
  }, {
    "name" : "suite",
    "value" : "header_test"
  }, {
    "name" : "subSuite",
    "value" : "TestHeaderPage"
  }, {
    "name" : "host",
    "value" : "fv-az1988-652"
  }, {
    "name" : "thread",
    "value" : "2445-MainThread"
  }, {
    "name" : "framework",
    "value" : "pytest"
  }, {
    "name" : "language",
    "value" : "cpython3"
  }, {
    "name" : "package",
    "value" : "tests.header_test"
  }, {
    "name" : "resultFormat",
    "value" : "allure2"
  } ],
  "parameters" : [ ],
  "links" : [ ],
  "hidden" : false,
  "retry" : false,
  "extra" : {
    "severity" : "normal",
    "retries" : [ ],
    "categories" : [ {
      "name" : "Test defects",
      "matchedStatuses" : [ ],
      "flaky" : false
    } ],
    "history" : {
      "statistic" : {
        "failed" : 0,
        "broken" : 1,
        "skipped" : 0,
        "passed" : 55,
        "unknown" : 0,
        "total" : 56
      },
      "items" : [ {
        "uid" : "7b58059e5f7723c5",
        "reportUrl" : "https://Brain-up.github.io/auto-tests-python/518//#testresult/7b58059e5f7723c5",
        "status" : "passed",
        "time" : {
          "start" : 1742807020639,
          "stop" : 1742807021012,
          "duration" : 373
        }
      }, {
        "uid" : "2f5b2b82f48222d8",
        "reportUrl" : "https://Brain-up.github.io/auto-tests-python/313//#testresult/2f5b2b82f48222d8",
        "status" : "passed",
        "time" : {
          "start" : 1742778932637,
          "stop" : 1742778933041,
          "duration" : 404
        }
      }, {
        "uid" : "123c87ab431b3906",
        "reportUrl" : "https://Brain-up.github.io/auto-tests-python/517//#testresult/123c87ab431b3906",
        "status" : "passed",
        "time" : {
          "start" : 1742759894248,
          "stop" : 1742759894638,
          "duration" : 390
        }
      }, {
        "uid" : "e3a6fe2c2c285751",
        "reportUrl" : "https://Brain-up.github.io/auto-tests-python/312//#testresult/e3a6fe2c2c285751",
        "status" : "passed",
        "time" : {
          "start" : 1742692745907,
          "stop" : 1742692746282,
          "duration" : 375
        }
      }, {
        "uid" : "b972315d986f29de",
        "reportUrl" : "https://Brain-up.github.io/auto-tests-python/311//#testresult/b972315d986f29de",
        "status" : "passed",
        "time" : {
          "start" : 1742605932610,
          "stop" : 1742605933003,
          "duration" : 393
        }
      }, {
        "uid" : "bda062ffcbc406b6",
        "reportUrl" : "https://Brain-up.github.io/auto-tests-python/516//#testresult/bda062ffcbc406b6",
        "status" : "passed",
        "time" : {
          "start" : 1742593319377,
          "stop" : 1742593319767,
          "duration" : 390
        }
      }, {
        "uid" : "2efd936704de3cb0",
        "reportUrl" : "https://Brain-up.github.io/auto-tests-python/515//#testresult/2efd936704de3cb0",
        "status" : "passed",
        "time" : {
          "start" : 1742582401873,
          "stop" : 1742582402262,
          "duration" : 389
        }
      }, {
        "uid" : "c0feb43e8694591b",
        "reportUrl" : "https://Brain-up.github.io/auto-tests-python/310//#testresult/c0feb43e8694591b",
        "status" : "passed",
        "time" : {
          "start" : 1742519822975,
          "stop" : 1742519823349,
          "duration" : 374
        }
      }, {
        "uid" : "2eaaf8deccb79992",
        "reportUrl" : "https://Brain-up.github.io/auto-tests-python/514//#testresult/2eaaf8deccb79992",
        "status" : "passed",
        "time" : {
          "start" : 1742486699094,
          "stop" : 1742486699485,
          "duration" : 391
        }
      }, {
        "uid" : "2e18bc87a1d9f1b",
        "reportUrl" : "https://Brain-up.github.io/auto-tests-python/309//#testresult/2e18bc87a1d9f1b",
        "status" : "passed",
        "time" : {
          "start" : 1742433134835,
          "stop" : 1742433135230,
          "duration" : 395
        }
      }, {
        "uid" : "34662376e730ab7",
        "reportUrl" : "https://Brain-up.github.io/auto-tests-python/513//#testresult/34662376e730ab7",
        "status" : "passed",
        "time" : {
          "start" : 1742416926910,
          "stop" : 1742416927295,
          "duration" : 385
        }
      }, {
        "uid" : "d8b020642a3c4ffc",
        "reportUrl" : "https://Brain-up.github.io/auto-tests-python/308//#testresult/d8b020642a3c4ffc",
        "status" : "passed",
        "time" : {
          "start" : 1742346825027,
          "stop" : 1742346825501,
          "duration" : 474
        }
      }, {
        "uid" : "ea1ed9a8b6a96950",
        "reportUrl" : "https://Brain-up.github.io/auto-tests-python/512//#testresult/ea1ed9a8b6a96950",
        "status" : "passed",
        "time" : {
          "start" : 1742280712912,
          "stop" : 1742280713306,
          "duration" : 394
        }
      }, {
        "uid" : "4d2870162981490a",
        "reportUrl" : "https://Brain-up.github.io/auto-tests-python/307//#testresult/4d2870162981490a",
        "status" : "passed",
        "time" : {
          "start" : 1742260362322,
          "stop" : 1742260362704,
          "duration" : 382
        }
      }, {
        "uid" : "77b9c1e3650e96f6",
        "reportUrl" : "https://Brain-up.github.io/auto-tests-python/511//#testresult/77b9c1e3650e96f6",
        "status" : "passed",
        "time" : {
          "start" : 1742231266106,
          "stop" : 1742231266499,
          "duration" : 393
        }
      }, {
        "uid" : "f14d8977da94f822",
        "reportUrl" : "https://Brain-up.github.io/auto-tests-python/306//#testresult/f14d8977da94f822",
        "status" : "passed",
        "time" : {
          "start" : 1742174200056,
          "stop" : 1742174200414,
          "duration" : 358
        }
      }, {
        "uid" : "869247f3416f7a11",
        "reportUrl" : "https://Brain-up.github.io/auto-tests-python/510//#testresult/869247f3416f7a11",
        "status" : "passed",
        "time" : {
          "start" : 1742155689304,
          "stop" : 1742155689664,
          "duration" : 360
        }
      }, {
        "uid" : "9838ad3552438ea5",
        "reportUrl" : "https://Brain-up.github.io/auto-tests-python/305//#testresult/9838ad3552438ea5",
        "status" : "passed",
        "time" : {
          "start" : 1742087837789,
          "stop" : 1742087838164,
          "duration" : 375
        }
      }, {
        "uid" : "5ffa0d52b7616e52",
        "reportUrl" : "https://Brain-up.github.io/auto-tests-python/509//#testresult/5ffa0d52b7616e52",
        "status" : "passed",
        "time" : {
          "start" : 1742072362654,
          "stop" : 1742072363013,
          "duration" : 359
        }
      }, {
        "uid" : "b8b4bc6e7489eb74",
        "reportUrl" : "https://Brain-up.github.io/auto-tests-python/304//#testresult/b8b4bc6e7489eb74",
        "status" : "passed",
        "time" : {
          "start" : 1742001116866,
          "stop" : 1742001117238,
          "duration" : 372
        }
      } ]
    },
    "tags" : [ ]
  },
  "source" : "24d017f301760f82.json",
  "parameterValues" : [ ]
}