{
  "uid" : "60c5d82b2e2cf62d",
  "name" : "Verify value of the breadcrumbs on the page",
  "fullName" : "tests.exercises_ru_similar_phrases_page_test.TestExRuSimPhrPageText#test_ersp_02_02_verify_page_breadcrumbs_text",
  "historyId" : "831ed910e892232a390affdf37bbc181",
  "time" : {
    "start" : 1742865072456,
    "stop" : 1742865072456,
    "duration" : 0
  },
  "status" : "broken",
  "statusMessage" : "selenium.common.exceptions.TimeoutException: Message: Can't find element by locator https://www.brainup.site/groups",
  "statusTrace" : "self = <pages.base_page.BasePage object at 0x7f3d06e3d1f0>\nurl = 'https://www.brainup.site/groups'\n\n    def check_expected_link(self, url):\n        with allure.step(f'Check url is present: {url}'):\n            try:\n>               return Wait(self.driver, self.timeout).until(\n                    ec.url_to_be(url), message=f\"Can't find element by locator {url}\")\n\npages/base_page.py:68: \n_ _ _ _ _ _ _ _ _ _ _ _ _ _ _ _ _ _ _ _ _ _ _ _ _ _ _ _ _ _ _ _ _ _ _ _ _ _ _ _ \n\nself = <selenium.webdriver.support.wait.WebDriverWait (session=\"f127ce338e4fd3f4e4f21dd42a0c26ee\")>\nmethod = <function url_to_be.<locals>._predicate at 0x7f3d070a8d60>\nmessage = \"Can't find element by locator https://www.brainup.site/groups\"\n\n    def until(self, method, message: str = \"\"):\n        \"\"\"Calls the method provided with the driver as an argument until the \\\n        return value does not evaluate to ``False``.\n    \n        :param method: callable(WebDriver)\n        :param message: optional message for :exc:`TimeoutException`\n        :returns: the result of the last call to `method`\n        :raises: :exc:`selenium.common.exceptions.TimeoutException` if timeout occurs\n        \"\"\"\n        screen = None\n        stacktrace = None\n    \n        end_time = time.monotonic() + self._timeout\n        while True:\n            try:\n                value = method(self._driver)\n                if value:\n                    return value\n            except self._ignored_exceptions as exc:\n                screen = getattr(exc, \"screen\", None)\n                stacktrace = getattr(exc, \"stacktrace\", None)\n            time.sleep(self._poll)\n            if time.monotonic() > end_time:\n                break\n>       raise TimeoutException(message, screen, stacktrace)\nE       selenium.common.exceptions.TimeoutException: Message: Can't find element by locator https://www.brainup.site/groups\n\n/opt/hostedtoolcache/Python/3.12.9/x64/lib/python3.12/site-packages/selenium/webdriver/support/wait.py:95: TimeoutException\n\nDuring handling of the above exception, another exception occurred:\n\ndriver = <selenium.webdriver.chrome.webdriver.WebDriver (session=\"f127ce338e4fd3f4e4f21dd42a0c26ee\")>\nmain_page_open = None\n\n    @pytest.fixture()\n    @allure.step('Auto test user authorized')\n    def auto_test_user_authorized(driver, main_page_open):\n        page = BasePage(driver)\n        page.element_is_present_and_clickable(MainPageLocators.LOGIN_BUTTON).click()\n        page.element_is_visible(LoginPageLocators.INPUT_LOGIN).send_keys(os.environ[\"LOGIN\"])\n        page.element_is_visible(LoginPageLocators.INPUT_PASSWORD).send_keys(os.environ[\"PASSWORD\"])\n        page.element_is_present_and_clickable(LoginPageLocators.SIGN_IN_BUTTON).click()\n>       page.check_expected_link(MainPageLinks.URL_GROUPS_PAGE)\n\ntests/conftest.py:104: \n_ _ _ _ _ _ _ _ _ _ _ _ _ _ _ _ _ _ _ _ _ _ _ _ _ _ _ _ _ _ _ _ _ _ _ _ _ _ _ _ \npages/base_page.py:72: in check_expected_link\n    return Wait(self.driver, self.timeout).until(\n_ _ _ _ _ _ _ _ _ _ _ _ _ _ _ _ _ _ _ _ _ _ _ _ _ _ _ _ _ _ _ _ _ _ _ _ _ _ _ _ \n\nself = <selenium.webdriver.support.wait.WebDriverWait (session=\"f127ce338e4fd3f4e4f21dd42a0c26ee\")>\nmethod = <function url_to_be.<locals>._predicate at 0x7f3d070aa0c0>\nmessage = \"Can't find element by locator https://www.brainup.site/groups\"\n\n    def until(self, method, message: str = \"\"):\n        \"\"\"Calls the method provided with the driver as an argument until the \\\n        return value does not evaluate to ``False``.\n    \n        :param method: callable(WebDriver)\n        :param message: optional message for :exc:`TimeoutException`\n        :returns: the result of the last call to `method`\n        :raises: :exc:`selenium.common.exceptions.TimeoutException` if timeout occurs\n        \"\"\"\n        screen = None\n        stacktrace = None\n    \n        end_time = time.monotonic() + self._timeout\n        while True:\n            try:\n                value = method(self._driver)\n                if value:\n                    return value\n            except self._ignored_exceptions as exc:\n                screen = getattr(exc, \"screen\", None)\n                stacktrace = getattr(exc, \"stacktrace\", None)\n            time.sleep(self._poll)\n            if time.monotonic() > end_time:\n                break\n>       raise TimeoutException(message, screen, stacktrace)\nE       selenium.common.exceptions.TimeoutException: Message: Can't find element by locator https://www.brainup.site/groups\n\n/opt/hostedtoolcache/Python/3.12.9/x64/lib/python3.12/site-packages/selenium/webdriver/support/wait.py:95: TimeoutException",
  "flaky" : false,
  "newFailed" : false,
  "beforeStages" : [ {
    "name" : "driver",
    "time" : {
      "start" : 1742865072457,
      "stop" : 1742865073285,
      "duration" : 828
    },
    "status" : "passed",
    "steps" : [ ],
    "attachments" : [ ],
    "parameters" : [ ],
    "stepsCount" : 0,
    "attachmentsCount" : 0,
    "shouldDisplayMessage" : false,
    "hasContent" : false
  }, {
    "name" : "clear_allure_results_folder",
    "time" : {
      "start" : 1742864439073,
      "stop" : 1742864439073,
      "duration" : 0
    },
    "status" : "passed",
    "steps" : [ ],
    "attachments" : [ ],
    "parameters" : [ ],
    "stepsCount" : 0,
    "attachmentsCount" : 0,
    "shouldDisplayMessage" : false,
    "hasContent" : false
  }, {
    "name" : "main_page_open",
    "time" : {
      "start" : 1742865073285,
      "stop" : 1742865076445,
      "duration" : 3160
    },
    "status" : "passed",
    "steps" : [ {
      "name" : "Open page: https://www.brainup.site/",
      "time" : {
        "start" : 1742865073285,
        "stop" : 1742865076445,
        "duration" : 3160
      },
      "status" : "passed",
      "steps" : [ ],
      "attachments" : [ ],
      "parameters" : [ {
        "name" : "driver",
        "value" : "<selenium.webdriver.chrome.webdriver.WebDriver (session=\"f127ce338e4fd3f4e4f21dd42a0c26ee\")>"
      } ],
      "stepsCount" : 0,
      "attachmentsCount" : 0,
      "shouldDisplayMessage" : false,
      "hasContent" : true
    } ],
    "attachments" : [ ],
    "parameters" : [ ],
    "stepsCount" : 1,
    "attachmentsCount" : 0,
    "shouldDisplayMessage" : false,
    "hasContent" : true
  }, {
    "name" : "auto_test_user_authorized",
    "time" : {
      "start" : 1742865076445,
      "stop" : 1742865117109,
      "duration" : 40664
    },
    "status" : "broken",
    "statusMessage" : "selenium.common.exceptions.TimeoutException: Message: Can't find element by locator https://www.brainup.site/groups\n\n",
    "statusTrace" : "  File \"/opt/hostedtoolcache/Python/3.12.9/x64/lib/python3.12/site-packages/pluggy/_callers.py\", line 103, in _multicall\n    res = hook_impl.function(*args)\n          ^^^^^^^^^^^^^^^^^^^^^^^^^\n  File \"/opt/hostedtoolcache/Python/3.12.9/x64/lib/python3.12/site-packages/_pytest/fixtures.py\", line 1123, in pytest_fixture_setup\n    result = call_fixture_func(fixturefunc, request, kwargs)\n             ^^^^^^^^^^^^^^^^^^^^^^^^^^^^^^^^^^^^^^^^^^^^^^^\n  File \"/opt/hostedtoolcache/Python/3.12.9/x64/lib/python3.12/site-packages/_pytest/fixtures.py\", line 902, in call_fixture_func\n    fixture_result = fixturefunc(**kwargs)\n                     ^^^^^^^^^^^^^^^^^^^^^\n  File \"/opt/hostedtoolcache/Python/3.12.9/x64/lib/python3.12/site-packages/allure_commons/_allure.py\", line 192, in impl\n    return func(*a, **kw)\n           ^^^^^^^^^^^^^^\n  File \"/home/runner/work/auto-tests-python/auto-tests-python/tests/conftest.py\", line 104, in auto_test_user_authorized\n    page.check_expected_link(MainPageLinks.URL_GROUPS_PAGE)\n  File \"/home/runner/work/auto-tests-python/auto-tests-python/pages/base_page.py\", line 72, in check_expected_link\n    return Wait(self.driver, self.timeout).until(\n           ^^^^^^^^^^^^^^^^^^^^^^^^^^^^^^^^^^^^^^\n  File \"/opt/hostedtoolcache/Python/3.12.9/x64/lib/python3.12/site-packages/selenium/webdriver/support/wait.py\", line 95, in until\n    raise TimeoutException(message, screen, stacktrace)\n",
    "steps" : [ {
      "name" : "Auto test user authorized",
      "time" : {
        "start" : 1742865076445,
        "stop" : 1742865117109,
        "duration" : 40664
      },
      "status" : "broken",
      "statusMessage" : "selenium.common.exceptions.TimeoutException: Message: Can't find element by locator https://www.brainup.site/groups\n\n",
      "statusTrace" : "  File \"/opt/hostedtoolcache/Python/3.12.9/x64/lib/python3.12/site-packages/allure_commons/_allure.py\", line 192, in impl\n    return func(*a, **kw)\n           ^^^^^^^^^^^^^^\n  File \"/home/runner/work/auto-tests-python/auto-tests-python/tests/conftest.py\", line 104, in auto_test_user_authorized\n    page.check_expected_link(MainPageLinks.URL_GROUPS_PAGE)\n  File \"/home/runner/work/auto-tests-python/auto-tests-python/pages/base_page.py\", line 72, in check_expected_link\n    return Wait(self.driver, self.timeout).until(\n           ^^^^^^^^^^^^^^^^^^^^^^^^^^^^^^^^^^^^^^\n  File \"/opt/hostedtoolcache/Python/3.12.9/x64/lib/python3.12/site-packages/selenium/webdriver/support/wait.py\", line 95, in until\n    raise TimeoutException(message, screen, stacktrace)\n",
      "steps" : [ {
        "name" : "Check url is present: https://www.brainup.site/groups",
        "time" : {
          "start" : 1742865076822,
          "stop" : 1742865117109,
          "duration" : 40287
        },
        "status" : "broken",
        "statusMessage" : "selenium.common.exceptions.TimeoutException: Message: Can't find element by locator https://www.brainup.site/groups\n\n",
        "statusTrace" : "  File \"/home/runner/work/auto-tests-python/auto-tests-python/pages/base_page.py\", line 72, in check_expected_link\n    return Wait(self.driver, self.timeout).until(\n           ^^^^^^^^^^^^^^^^^^^^^^^^^^^^^^^^^^^^^^\n  File \"/opt/hostedtoolcache/Python/3.12.9/x64/lib/python3.12/site-packages/selenium/webdriver/support/wait.py\", line 95, in until\n    raise TimeoutException(message, screen, stacktrace)\n",
        "steps" : [ ],
        "attachments" : [ ],
        "parameters" : [ ],
        "stepsCount" : 0,
        "attachmentsCount" : 0,
        "shouldDisplayMessage" : true,
        "hasContent" : true
      } ],
      "attachments" : [ ],
      "parameters" : [ {
        "name" : "driver",
        "value" : "<selenium.webdriver.chrome.webdriver.WebDriver (session=\"f127ce338e4fd3f4e4f21dd42a0c26ee\")>"
      }, {
        "name" : "main_page_open",
        "value" : "None"
      } ],
      "stepsCount" : 1,
      "attachmentsCount" : 0,
      "shouldDisplayMessage" : false,
      "hasContent" : true
    } ],
    "attachments" : [ ],
    "parameters" : [ ],
    "stepsCount" : 2,
    "attachmentsCount" : 0,
    "shouldDisplayMessage" : false,
    "hasContent" : true
  } ],
  "afterStages" : [ {
    "name" : "driver::0",
    "time" : {
      "start" : 1742865117124,
      "stop" : 1742865117192,
      "duration" : 68
    },
    "status" : "passed",
    "steps" : [ ],
    "attachments" : [ ],
    "parameters" : [ ],
    "stepsCount" : 0,
    "attachmentsCount" : 0,
    "shouldDisplayMessage" : false,
    "hasContent" : false
  } ],
  "labels" : [ {
    "name" : "epic",
    "value" : "The Exercises 'Similar phrases' Page on the 'ru' local"
  }, {
    "name" : "parentSuite",
    "value" : "tests"
  }, {
    "name" : "suite",
    "value" : "exercises_ru_similar_phrases_page_test"
  }, {
    "name" : "subSuite",
    "value" : "TestExercisesRuSimilarPhrasesPage"
  }, {
    "name" : "host",
    "value" : "fv-az1988-652"
  }, {
    "name" : "thread",
    "value" : "2445-MainThread"
  }, {
    "name" : "framework",
    "value" : "pytest"
  }, {
    "name" : "language",
    "value" : "cpython3"
  }, {
    "name" : "package",
    "value" : "tests.exercises_ru_similar_phrases_page_test"
  }, {
    "name" : "resultFormat",
    "value" : "allure2"
  } ],
  "parameters" : [ ],
  "links" : [ ],
  "hidden" : false,
  "retry" : false,
  "extra" : {
    "severity" : "normal",
    "retries" : [ ],
    "categories" : [ {
      "name" : "Test defects",
      "matchedStatuses" : [ ],
      "flaky" : false
    } ],
    "history" : {
      "statistic" : {
        "failed" : 0,
        "broken" : 2,
        "skipped" : 0,
        "passed" : 25,
        "unknown" : 0,
        "total" : 27
      },
      "items" : [ {
        "uid" : "4f1503e07cd9289c",
        "reportUrl" : "https://Brain-up.github.io/auto-tests-python/518//#testresult/4f1503e07cd9289c",
        "status" : "passed",
        "time" : {
          "start" : 1742806439807,
          "stop" : 1742806439889,
          "duration" : 82
        }
      }, {
        "uid" : "5e4190de0a3a6182",
        "reportUrl" : "https://Brain-up.github.io/auto-tests-python/313//#testresult/5e4190de0a3a6182",
        "status" : "passed",
        "time" : {
          "start" : 1742778345014,
          "stop" : 1742778345098,
          "duration" : 84
        }
      }, {
        "uid" : "fbdaab925f108966",
        "reportUrl" : "https://Brain-up.github.io/auto-tests-python/517//#testresult/fbdaab925f108966",
        "status" : "passed",
        "time" : {
          "start" : 1742759216045,
          "stop" : 1742759216129,
          "duration" : 84
        }
      }, {
        "uid" : "5a4bdc82175cd2ec",
        "reportUrl" : "https://Brain-up.github.io/auto-tests-python/312//#testresult/5a4bdc82175cd2ec",
        "status" : "passed",
        "time" : {
          "start" : 1742692155827,
          "stop" : 1742692155910,
          "duration" : 83
        }
      }, {
        "uid" : "3fdfe4dd54324b31",
        "reportUrl" : "https://Brain-up.github.io/auto-tests-python/311//#testresult/3fdfe4dd54324b31",
        "status" : "passed",
        "time" : {
          "start" : 1742605324793,
          "stop" : 1742605324878,
          "duration" : 85
        }
      }, {
        "uid" : "2b872ec02e715f7d",
        "reportUrl" : "https://Brain-up.github.io/auto-tests-python/516//#testresult/2b872ec02e715f7d",
        "status" : "passed",
        "time" : {
          "start" : 1742592710467,
          "stop" : 1742592710550,
          "duration" : 83
        }
      }, {
        "uid" : "b2d87c522aeb7dfc",
        "reportUrl" : "https://Brain-up.github.io/auto-tests-python/515//#testresult/b2d87c522aeb7dfc",
        "status" : "passed",
        "time" : {
          "start" : 1742581807411,
          "stop" : 1742581807495,
          "duration" : 84
        }
      }, {
        "uid" : "238ba9ff352916b8",
        "reportUrl" : "https://Brain-up.github.io/auto-tests-python/310//#testresult/238ba9ff352916b8",
        "status" : "passed",
        "time" : {
          "start" : 1742519121034,
          "stop" : 1742519121117,
          "duration" : 83
        }
      }, {
        "uid" : "32d55cc60770693f",
        "reportUrl" : "https://Brain-up.github.io/auto-tests-python/514//#testresult/32d55cc60770693f",
        "status" : "passed",
        "time" : {
          "start" : 1742486079555,
          "stop" : 1742486079637,
          "duration" : 82
        }
      }, {
        "uid" : "6986ec177ae99240",
        "reportUrl" : "https://Brain-up.github.io/auto-tests-python/309//#testresult/6986ec177ae99240",
        "status" : "passed",
        "time" : {
          "start" : 1742432557018,
          "stop" : 1742432557104,
          "duration" : 86
        }
      }, {
        "uid" : "973c88b296e0658d",
        "reportUrl" : "https://Brain-up.github.io/auto-tests-python/513//#testresult/973c88b296e0658d",
        "status" : "passed",
        "time" : {
          "start" : 1742416322690,
          "stop" : 1742416322782,
          "duration" : 92
        }
      }, {
        "uid" : "88767b45ad529249",
        "reportUrl" : "https://Brain-up.github.io/auto-tests-python/308//#testresult/88767b45ad529249",
        "status" : "passed",
        "time" : {
          "start" : 1742346251208,
          "stop" : 1742346251292,
          "duration" : 84
        }
      }, {
        "uid" : "b480ec123f8ddd9e",
        "reportUrl" : "https://Brain-up.github.io/auto-tests-python/512//#testresult/b480ec123f8ddd9e",
        "status" : "passed",
        "time" : {
          "start" : 1742280133707,
          "stop" : 1742280133792,
          "duration" : 85
        }
      }, {
        "uid" : "535ca0e7340dfce8",
        "reportUrl" : "https://Brain-up.github.io/auto-tests-python/307//#testresult/535ca0e7340dfce8",
        "status" : "passed",
        "time" : {
          "start" : 1742259784057,
          "stop" : 1742259784142,
          "duration" : 85
        }
      }, {
        "uid" : "e7fb2f87b4d14c7c",
        "reportUrl" : "https://Brain-up.github.io/auto-tests-python/511//#testresult/e7fb2f87b4d14c7c",
        "status" : "passed",
        "time" : {
          "start" : 1742230677973,
          "stop" : 1742230678068,
          "duration" : 95
        }
      }, {
        "uid" : "324747540652bc3b",
        "reportUrl" : "https://Brain-up.github.io/auto-tests-python/306//#testresult/324747540652bc3b",
        "status" : "passed",
        "time" : {
          "start" : 1742173525791,
          "stop" : 1742173525873,
          "duration" : 82
        }
      }, {
        "uid" : "555ad796c6a458fa",
        "reportUrl" : "https://Brain-up.github.io/auto-tests-python/510//#testresult/555ad796c6a458fa",
        "status" : "passed",
        "time" : {
          "start" : 1742155069660,
          "stop" : 1742155069746,
          "duration" : 86
        }
      }, {
        "uid" : "9f0f6fabcc0778e4",
        "reportUrl" : "https://Brain-up.github.io/auto-tests-python/305//#testresult/9f0f6fabcc0778e4",
        "status" : "passed",
        "time" : {
          "start" : 1742087245229,
          "stop" : 1742087245314,
          "duration" : 85
        }
      }, {
        "uid" : "2b62b6f71cc382d6",
        "reportUrl" : "https://Brain-up.github.io/auto-tests-python/509//#testresult/2b62b6f71cc382d6",
        "status" : "passed",
        "time" : {
          "start" : 1742071685878,
          "stop" : 1742071685976,
          "duration" : 98
        }
      }, {
        "uid" : "99f07c9bd26fffcf",
        "reportUrl" : "https://Brain-up.github.io/auto-tests-python/304//#testresult/99f07c9bd26fffcf",
        "status" : "passed",
        "time" : {
          "start" : 1742000500332,
          "stop" : 1742000500416,
          "duration" : 84
        }
      } ]
    },
    "tags" : [ ]
  },
  "source" : "60c5d82b2e2cf62d.json",
  "parameterValues" : [ ]
}