{
  "uid" : "a043529cbd9da613",
  "name" : "Verify if links on the 'ru' local lead to correct pages after clicking",
  "fullName" : "tests.groups_page_test.TestGroupsPageLinks#test_gp_03_02_verify_ru_links_lead_to_proper_pages",
  "historyId" : "84c86d701f704b0c4df3d9f99c54e524",
  "time" : {
    "start" : 1742866384541,
    "stop" : 1742866384541,
    "duration" : 0
  },
  "status" : "broken",
  "statusMessage" : "selenium.common.exceptions.TimeoutException: Message: Can't find element by locator https://www.brainup.site/groups",
  "statusTrace" : "self = <pages.base_page.BasePage object at 0x7f3d06dfdc10>\nurl = 'https://www.brainup.site/groups'\n\n    def check_expected_link(self, url):\n        with allure.step(f'Check url is present: {url}'):\n            try:\n>               return Wait(self.driver, self.timeout).until(\n                    ec.url_to_be(url), message=f\"Can't find element by locator {url}\")\n\npages/base_page.py:68: \n_ _ _ _ _ _ _ _ _ _ _ _ _ _ _ _ _ _ _ _ _ _ _ _ _ _ _ _ _ _ _ _ _ _ _ _ _ _ _ _ \n\nself = <selenium.webdriver.support.wait.WebDriverWait (session=\"a94130a636f5e3f3edd6bc60243dc6eb\")>\nmethod = <function url_to_be.<locals>._predicate at 0x7f3d06df9bc0>\nmessage = \"Can't find element by locator https://www.brainup.site/groups\"\n\n    def until(self, method, message: str = \"\"):\n        \"\"\"Calls the method provided with the driver as an argument until the \\\n        return value does not evaluate to ``False``.\n    \n        :param method: callable(WebDriver)\n        :param message: optional message for :exc:`TimeoutException`\n        :returns: the result of the last call to `method`\n        :raises: :exc:`selenium.common.exceptions.TimeoutException` if timeout occurs\n        \"\"\"\n        screen = None\n        stacktrace = None\n    \n        end_time = time.monotonic() + self._timeout\n        while True:\n            try:\n                value = method(self._driver)\n                if value:\n                    return value\n            except self._ignored_exceptions as exc:\n                screen = getattr(exc, \"screen\", None)\n                stacktrace = getattr(exc, \"stacktrace\", None)\n            time.sleep(self._poll)\n            if time.monotonic() > end_time:\n                break\n>       raise TimeoutException(message, screen, stacktrace)\nE       selenium.common.exceptions.TimeoutException: Message: Can't find element by locator https://www.brainup.site/groups\n\n/opt/hostedtoolcache/Python/3.12.9/x64/lib/python3.12/site-packages/selenium/webdriver/support/wait.py:95: TimeoutException\n\nDuring handling of the above exception, another exception occurred:\n\ndriver = <selenium.webdriver.chrome.webdriver.WebDriver (session=\"a94130a636f5e3f3edd6bc60243dc6eb\")>\nmain_page_open = None\n\n    @pytest.fixture()\n    @allure.step('Auto test user authorized')\n    def auto_test_user_authorized(driver, main_page_open):\n        page = BasePage(driver)\n        page.element_is_present_and_clickable(MainPageLocators.LOGIN_BUTTON).click()\n        page.element_is_visible(LoginPageLocators.INPUT_LOGIN).send_keys(os.environ[\"LOGIN\"])\n        page.element_is_visible(LoginPageLocators.INPUT_PASSWORD).send_keys(os.environ[\"PASSWORD\"])\n        page.element_is_present_and_clickable(LoginPageLocators.SIGN_IN_BUTTON).click()\n>       page.check_expected_link(MainPageLinks.URL_GROUPS_PAGE)\n\ntests/conftest.py:104: \n_ _ _ _ _ _ _ _ _ _ _ _ _ _ _ _ _ _ _ _ _ _ _ _ _ _ _ _ _ _ _ _ _ _ _ _ _ _ _ _ \npages/base_page.py:72: in check_expected_link\n    return Wait(self.driver, self.timeout).until(\n_ _ _ _ _ _ _ _ _ _ _ _ _ _ _ _ _ _ _ _ _ _ _ _ _ _ _ _ _ _ _ _ _ _ _ _ _ _ _ _ \n\nself = <selenium.webdriver.support.wait.WebDriverWait (session=\"a94130a636f5e3f3edd6bc60243dc6eb\")>\nmethod = <function url_to_be.<locals>._predicate at 0x7f3d06df9f80>\nmessage = \"Can't find element by locator https://www.brainup.site/groups\"\n\n    def until(self, method, message: str = \"\"):\n        \"\"\"Calls the method provided with the driver as an argument until the \\\n        return value does not evaluate to ``False``.\n    \n        :param method: callable(WebDriver)\n        :param message: optional message for :exc:`TimeoutException`\n        :returns: the result of the last call to `method`\n        :raises: :exc:`selenium.common.exceptions.TimeoutException` if timeout occurs\n        \"\"\"\n        screen = None\n        stacktrace = None\n    \n        end_time = time.monotonic() + self._timeout\n        while True:\n            try:\n                value = method(self._driver)\n                if value:\n                    return value\n            except self._ignored_exceptions as exc:\n                screen = getattr(exc, \"screen\", None)\n                stacktrace = getattr(exc, \"stacktrace\", None)\n            time.sleep(self._poll)\n            if time.monotonic() > end_time:\n                break\n>       raise TimeoutException(message, screen, stacktrace)\nE       selenium.common.exceptions.TimeoutException: Message: Can't find element by locator https://www.brainup.site/groups\n\n/opt/hostedtoolcache/Python/3.12.9/x64/lib/python3.12/site-packages/selenium/webdriver/support/wait.py:95: TimeoutException",
  "flaky" : false,
  "newFailed" : false,
  "beforeStages" : [ {
    "name" : "auto_test_user_authorized",
    "time" : {
      "start" : 1742866388497,
      "stop" : 1742866429167,
      "duration" : 40670
    },
    "status" : "broken",
    "statusMessage" : "selenium.common.exceptions.TimeoutException: Message: Can't find element by locator https://www.brainup.site/groups\n\n",
    "statusTrace" : "  File \"/opt/hostedtoolcache/Python/3.12.9/x64/lib/python3.12/site-packages/pluggy/_callers.py\", line 103, in _multicall\n    res = hook_impl.function(*args)\n          ^^^^^^^^^^^^^^^^^^^^^^^^^\n  File \"/opt/hostedtoolcache/Python/3.12.9/x64/lib/python3.12/site-packages/_pytest/fixtures.py\", line 1123, in pytest_fixture_setup\n    result = call_fixture_func(fixturefunc, request, kwargs)\n             ^^^^^^^^^^^^^^^^^^^^^^^^^^^^^^^^^^^^^^^^^^^^^^^\n  File \"/opt/hostedtoolcache/Python/3.12.9/x64/lib/python3.12/site-packages/_pytest/fixtures.py\", line 902, in call_fixture_func\n    fixture_result = fixturefunc(**kwargs)\n                     ^^^^^^^^^^^^^^^^^^^^^\n  File \"/opt/hostedtoolcache/Python/3.12.9/x64/lib/python3.12/site-packages/allure_commons/_allure.py\", line 192, in impl\n    return func(*a, **kw)\n           ^^^^^^^^^^^^^^\n  File \"/home/runner/work/auto-tests-python/auto-tests-python/tests/conftest.py\", line 104, in auto_test_user_authorized\n    page.check_expected_link(MainPageLinks.URL_GROUPS_PAGE)\n  File \"/home/runner/work/auto-tests-python/auto-tests-python/pages/base_page.py\", line 72, in check_expected_link\n    return Wait(self.driver, self.timeout).until(\n           ^^^^^^^^^^^^^^^^^^^^^^^^^^^^^^^^^^^^^^\n  File \"/opt/hostedtoolcache/Python/3.12.9/x64/lib/python3.12/site-packages/selenium/webdriver/support/wait.py\", line 95, in until\n    raise TimeoutException(message, screen, stacktrace)\n",
    "steps" : [ {
      "name" : "Auto test user authorized",
      "time" : {
        "start" : 1742866388498,
        "stop" : 1742866429166,
        "duration" : 40668
      },
      "status" : "broken",
      "statusMessage" : "selenium.common.exceptions.TimeoutException: Message: Can't find element by locator https://www.brainup.site/groups\n\n",
      "statusTrace" : "  File \"/opt/hostedtoolcache/Python/3.12.9/x64/lib/python3.12/site-packages/allure_commons/_allure.py\", line 192, in impl\n    return func(*a, **kw)\n           ^^^^^^^^^^^^^^\n  File \"/home/runner/work/auto-tests-python/auto-tests-python/tests/conftest.py\", line 104, in auto_test_user_authorized\n    page.check_expected_link(MainPageLinks.URL_GROUPS_PAGE)\n  File \"/home/runner/work/auto-tests-python/auto-tests-python/pages/base_page.py\", line 72, in check_expected_link\n    return Wait(self.driver, self.timeout).until(\n           ^^^^^^^^^^^^^^^^^^^^^^^^^^^^^^^^^^^^^^\n  File \"/opt/hostedtoolcache/Python/3.12.9/x64/lib/python3.12/site-packages/selenium/webdriver/support/wait.py\", line 95, in until\n    raise TimeoutException(message, screen, stacktrace)\n",
      "steps" : [ {
        "name" : "Check url is present: https://www.brainup.site/groups",
        "time" : {
          "start" : 1742866388874,
          "stop" : 1742866429166,
          "duration" : 40292
        },
        "status" : "broken",
        "statusMessage" : "selenium.common.exceptions.TimeoutException: Message: Can't find element by locator https://www.brainup.site/groups\n\n",
        "statusTrace" : "  File \"/home/runner/work/auto-tests-python/auto-tests-python/pages/base_page.py\", line 72, in check_expected_link\n    return Wait(self.driver, self.timeout).until(\n           ^^^^^^^^^^^^^^^^^^^^^^^^^^^^^^^^^^^^^^\n  File \"/opt/hostedtoolcache/Python/3.12.9/x64/lib/python3.12/site-packages/selenium/webdriver/support/wait.py\", line 95, in until\n    raise TimeoutException(message, screen, stacktrace)\n",
        "steps" : [ ],
        "attachments" : [ ],
        "parameters" : [ ],
        "stepsCount" : 0,
        "attachmentsCount" : 0,
        "shouldDisplayMessage" : true,
        "hasContent" : true
      } ],
      "attachments" : [ ],
      "parameters" : [ {
        "name" : "driver",
        "value" : "<selenium.webdriver.chrome.webdriver.WebDriver (session=\"a94130a636f5e3f3edd6bc60243dc6eb\")>"
      }, {
        "name" : "main_page_open",
        "value" : "None"
      } ],
      "stepsCount" : 1,
      "attachmentsCount" : 0,
      "shouldDisplayMessage" : false,
      "hasContent" : true
    } ],
    "attachments" : [ ],
    "parameters" : [ ],
    "stepsCount" : 2,
    "attachmentsCount" : 0,
    "shouldDisplayMessage" : false,
    "hasContent" : true
  }, {
    "name" : "main_page_open",
    "time" : {
      "start" : 1742866385369,
      "stop" : 1742866388497,
      "duration" : 3128
    },
    "status" : "passed",
    "steps" : [ {
      "name" : "Open page: https://www.brainup.site/",
      "time" : {
        "start" : 1742866385369,
        "stop" : 1742866388497,
        "duration" : 3128
      },
      "status" : "passed",
      "steps" : [ ],
      "attachments" : [ ],
      "parameters" : [ {
        "name" : "driver",
        "value" : "<selenium.webdriver.chrome.webdriver.WebDriver (session=\"a94130a636f5e3f3edd6bc60243dc6eb\")>"
      } ],
      "stepsCount" : 0,
      "attachmentsCount" : 0,
      "shouldDisplayMessage" : false,
      "hasContent" : true
    } ],
    "attachments" : [ ],
    "parameters" : [ ],
    "stepsCount" : 1,
    "attachmentsCount" : 0,
    "shouldDisplayMessage" : false,
    "hasContent" : true
  }, {
    "name" : "driver",
    "time" : {
      "start" : 1742866384541,
      "stop" : 1742866385368,
      "duration" : 827
    },
    "status" : "passed",
    "steps" : [ ],
    "attachments" : [ ],
    "parameters" : [ ],
    "stepsCount" : 0,
    "attachmentsCount" : 0,
    "shouldDisplayMessage" : false,
    "hasContent" : false
  }, {
    "name" : "clear_allure_results_folder",
    "time" : {
      "start" : 1742864439073,
      "stop" : 1742864439073,
      "duration" : 0
    },
    "status" : "passed",
    "steps" : [ ],
    "attachments" : [ ],
    "parameters" : [ ],
    "stepsCount" : 0,
    "attachmentsCount" : 0,
    "shouldDisplayMessage" : false,
    "hasContent" : false
  } ],
  "afterStages" : [ {
    "name" : "driver::0",
    "time" : {
      "start" : 1742866429180,
      "stop" : 1742866429246,
      "duration" : 66
    },
    "status" : "passed",
    "steps" : [ ],
    "attachments" : [ ],
    "parameters" : [ ],
    "stepsCount" : 0,
    "attachmentsCount" : 0,
    "shouldDisplayMessage" : false,
    "hasContent" : false
  } ],
  "labels" : [ {
    "name" : "epic",
    "value" : "The Groups Page"
  }, {
    "name" : "parentSuite",
    "value" : "tests"
  }, {
    "name" : "suite",
    "value" : "groups_page_test"
  }, {
    "name" : "subSuite",
    "value" : "TestGroupsPage"
  }, {
    "name" : "host",
    "value" : "fv-az1988-652"
  }, {
    "name" : "thread",
    "value" : "2445-MainThread"
  }, {
    "name" : "framework",
    "value" : "pytest"
  }, {
    "name" : "language",
    "value" : "cpython3"
  }, {
    "name" : "package",
    "value" : "tests.groups_page_test"
  }, {
    "name" : "resultFormat",
    "value" : "allure2"
  } ],
  "parameters" : [ ],
  "links" : [ ],
  "hidden" : false,
  "retry" : false,
  "extra" : {
    "severity" : "normal",
    "retries" : [ ],
    "categories" : [ {
      "name" : "Test defects",
      "matchedStatuses" : [ ],
      "flaky" : false
    } ],
    "history" : {
      "statistic" : {
        "failed" : 0,
        "broken" : 2,
        "skipped" : 0,
        "passed" : 54,
        "unknown" : 0,
        "total" : 56
      },
      "items" : [ {
        "uid" : "38e95d117d0e5598",
        "reportUrl" : "https://Brain-up.github.io/auto-tests-python/518//#testresult/38e95d117d0e5598",
        "status" : "passed",
        "time" : {
          "start" : 1742806854392,
          "stop" : 1742806872706,
          "duration" : 18314
        }
      }, {
        "uid" : "d37d5d652bab3917",
        "reportUrl" : "https://Brain-up.github.io/auto-tests-python/313//#testresult/d37d5d652bab3917",
        "status" : "passed",
        "time" : {
          "start" : 1742778764017,
          "stop" : 1742778782341,
          "duration" : 18324
        }
      }, {
        "uid" : "be559b303ea32ca9",
        "reportUrl" : "https://Brain-up.github.io/auto-tests-python/517//#testresult/be559b303ea32ca9",
        "status" : "passed",
        "time" : {
          "start" : 1742759700895,
          "stop" : 1742759719227,
          "duration" : 18332
        }
      }, {
        "uid" : "94edee50ed0d5146",
        "reportUrl" : "https://Brain-up.github.io/auto-tests-python/312//#testresult/94edee50ed0d5146",
        "status" : "passed",
        "time" : {
          "start" : 1742692576865,
          "stop" : 1742692595181,
          "duration" : 18316
        }
      }, {
        "uid" : "2b2380290f1dc9b3",
        "reportUrl" : "https://Brain-up.github.io/auto-tests-python/311//#testresult/2b2380290f1dc9b3",
        "status" : "passed",
        "time" : {
          "start" : 1742605757741,
          "stop" : 1742605776066,
          "duration" : 18325
        }
      }, {
        "uid" : "e6e5e8a9191e0209",
        "reportUrl" : "https://Brain-up.github.io/auto-tests-python/516//#testresult/e6e5e8a9191e0209",
        "status" : "passed",
        "time" : {
          "start" : 1742593145961,
          "stop" : 1742593164296,
          "duration" : 18335
        }
      }, {
        "uid" : "d8623e570f60880c",
        "reportUrl" : "https://Brain-up.github.io/auto-tests-python/515//#testresult/d8623e570f60880c",
        "status" : "passed",
        "time" : {
          "start" : 1742582233649,
          "stop" : 1742582251993,
          "duration" : 18344
        }
      }, {
        "uid" : "6e4a82e324792181",
        "reportUrl" : "https://Brain-up.github.io/auto-tests-python/310//#testresult/6e4a82e324792181",
        "status" : "passed",
        "time" : {
          "start" : 1742519613266,
          "stop" : 1742519631574,
          "duration" : 18308
        }
      }, {
        "uid" : "cde5faad50110b1a",
        "reportUrl" : "https://Brain-up.github.io/auto-tests-python/514//#testresult/cde5faad50110b1a",
        "status" : "passed",
        "time" : {
          "start" : 1742486527485,
          "stop" : 1742486545799,
          "duration" : 18314
        }
      }, {
        "uid" : "f47c32f5b721f002",
        "reportUrl" : "https://Brain-up.github.io/auto-tests-python/309//#testresult/f47c32f5b721f002",
        "status" : "passed",
        "time" : {
          "start" : 1742432970625,
          "stop" : 1742432988945,
          "duration" : 18320
        }
      }, {
        "uid" : "66f6dbf18e5580d2",
        "reportUrl" : "https://Brain-up.github.io/auto-tests-python/513//#testresult/66f6dbf18e5580d2",
        "status" : "passed",
        "time" : {
          "start" : 1742416761200,
          "stop" : 1742416779516,
          "duration" : 18316
        }
      }, {
        "uid" : "998a7d25e3e6fffc",
        "reportUrl" : "https://Brain-up.github.io/auto-tests-python/308//#testresult/998a7d25e3e6fffc",
        "status" : "passed",
        "time" : {
          "start" : 1742346656426,
          "stop" : 1742346674734,
          "duration" : 18308
        }
      }, {
        "uid" : "761da96b02039a79",
        "reportUrl" : "https://Brain-up.github.io/auto-tests-python/512//#testresult/761da96b02039a79",
        "status" : "passed",
        "time" : {
          "start" : 1742280546011,
          "stop" : 1742280564343,
          "duration" : 18332
        }
      }, {
        "uid" : "3d9eeb4712b80e79",
        "reportUrl" : "https://Brain-up.github.io/auto-tests-python/307//#testresult/3d9eeb4712b80e79",
        "status" : "passed",
        "time" : {
          "start" : 1742260196477,
          "stop" : 1742260214796,
          "duration" : 18319
        }
      }, {
        "uid" : "25ae54f1eb6db5b1",
        "reportUrl" : "https://Brain-up.github.io/auto-tests-python/511//#testresult/25ae54f1eb6db5b1",
        "status" : "passed",
        "time" : {
          "start" : 1742231091545,
          "stop" : 1742231109896,
          "duration" : 18351
        }
      }, {
        "uid" : "75f8e04ac2a7372c",
        "reportUrl" : "https://Brain-up.github.io/auto-tests-python/306//#testresult/75f8e04ac2a7372c",
        "status" : "passed",
        "time" : {
          "start" : 1742174007539,
          "stop" : 1742174025857,
          "duration" : 18318
        }
      }, {
        "uid" : "8a6ae2e09c94cb2c",
        "reportUrl" : "https://Brain-up.github.io/auto-tests-python/510//#testresult/8a6ae2e09c94cb2c",
        "status" : "broken",
        "statusDetails" : "selenium.common.exceptions.TimeoutException: Message: Can't find element by locator ('xpath', '(//ol//a)[2]')\nStacktrace:\n#0 0x55c2af0a246a <unknown>\n#1 0x55c2aeb5bed0 <unknown>\n#2 0x55c2aebad935 <unknown>\n#3 0x55c2aebadb61 <unknown>\n#4 0x55c2aebfc9d4 <unknown>\n#5 0x55c2aebd388d <unknown>\n#6 0x55c2aebf9ceb <unknown>\n#7 0x55c2aebd3633 <unknown>\n#8 0x55c2aeb9f1be <unknown>\n#9 0x55c2aeba0981 <unknown>\n#10 0x55c2af06886b <unknown>\n#11 0x55c2af06c73c <unknown>\n#12 0x55c2af04ff12 <unknown>\n#13 0x55c2af06d2b4 <unknown>\n#14 0x55c2af0340af <unknown>\n#15 0x55c2af090ad8 <unknown>\n#16 0x55c2af090cb6 <unknown>\n#17 0x55c2af0a12e6 <unknown>\n#18 0x7f2a7c89caa4 <unknown>\n#19 0x7f2a7c929c3c <unknown>",
        "time" : {
          "start" : 1742155493494,
          "stop" : 1742155528227,
          "duration" : 34733
        }
      }, {
        "uid" : "22e3eb62c84cb268",
        "reportUrl" : "https://Brain-up.github.io/auto-tests-python/305//#testresult/22e3eb62c84cb268",
        "status" : "passed",
        "time" : {
          "start" : 1742087670794,
          "stop" : 1742087689113,
          "duration" : 18319
        }
      }, {
        "uid" : "943cca3d470665d8",
        "reportUrl" : "https://Brain-up.github.io/auto-tests-python/509//#testresult/943cca3d470665d8",
        "status" : "passed",
        "time" : {
          "start" : 1742072168529,
          "stop" : 1742072186835,
          "duration" : 18306
        }
      }, {
        "uid" : "c0eba8a0f11b3cf",
        "reportUrl" : "https://Brain-up.github.io/auto-tests-python/304//#testresult/c0eba8a0f11b3cf",
        "status" : "passed",
        "time" : {
          "start" : 1742000934690,
          "stop" : 1742000953018,
          "duration" : 18328
        }
      } ]
    },
    "tags" : [ ]
  },
  "source" : "a043529cbd9da613.json",
  "parameterValues" : [ ]
}