{
  "uid" : "c24c9020921412c9",
  "name" : "Verify sizes of background-images in links on the page",
  "fullName" : "tests.exercises_ru_words_page_test.TestExRuWordsPageImages#test_erw_04_02_verify_images_sizes",
  "historyId" : "0a65d8bd1483bca7b47eaa0273a17951",
  "time" : {
    "start" : 1742865969143,
    "stop" : 1742865969143,
    "duration" : 0
  },
  "status" : "broken",
  "statusMessage" : "selenium.common.exceptions.TimeoutException: Message: Can't find element by locator https://www.brainup.site/groups",
  "statusTrace" : "self = <pages.base_page.BasePage object at 0x7f3d06f09fd0>\nurl = 'https://www.brainup.site/groups'\n\n    def check_expected_link(self, url):\n        with allure.step(f'Check url is present: {url}'):\n            try:\n>               return Wait(self.driver, self.timeout).until(\n                    ec.url_to_be(url), message=f\"Can't find element by locator {url}\")\n\npages/base_page.py:68: \n_ _ _ _ _ _ _ _ _ _ _ _ _ _ _ _ _ _ _ _ _ _ _ _ _ _ _ _ _ _ _ _ _ _ _ _ _ _ _ _ \n\nself = <selenium.webdriver.support.wait.WebDriverWait (session=\"98c2f8d65b20932baa3cb0ca94dbab3a\")>\nmethod = <function url_to_be.<locals>._predicate at 0x7f3d06f0e7a0>\nmessage = \"Can't find element by locator https://www.brainup.site/groups\"\n\n    def until(self, method, message: str = \"\"):\n        \"\"\"Calls the method provided with the driver as an argument until the \\\n        return value does not evaluate to ``False``.\n    \n        :param method: callable(WebDriver)\n        :param message: optional message for :exc:`TimeoutException`\n        :returns: the result of the last call to `method`\n        :raises: :exc:`selenium.common.exceptions.TimeoutException` if timeout occurs\n        \"\"\"\n        screen = None\n        stacktrace = None\n    \n        end_time = time.monotonic() + self._timeout\n        while True:\n            try:\n                value = method(self._driver)\n                if value:\n                    return value\n            except self._ignored_exceptions as exc:\n                screen = getattr(exc, \"screen\", None)\n                stacktrace = getattr(exc, \"stacktrace\", None)\n            time.sleep(self._poll)\n            if time.monotonic() > end_time:\n                break\n>       raise TimeoutException(message, screen, stacktrace)\nE       selenium.common.exceptions.TimeoutException: Message: Can't find element by locator https://www.brainup.site/groups\n\n/opt/hostedtoolcache/Python/3.12.9/x64/lib/python3.12/site-packages/selenium/webdriver/support/wait.py:95: TimeoutException\n\nDuring handling of the above exception, another exception occurred:\n\ndriver = <selenium.webdriver.chrome.webdriver.WebDriver (session=\"98c2f8d65b20932baa3cb0ca94dbab3a\")>\nmain_page_open = None\n\n    @pytest.fixture()\n    @allure.step('Auto test user authorized')\n    def auto_test_user_authorized(driver, main_page_open):\n        page = BasePage(driver)\n        page.element_is_present_and_clickable(MainPageLocators.LOGIN_BUTTON).click()\n        page.element_is_visible(LoginPageLocators.INPUT_LOGIN).send_keys(os.environ[\"LOGIN\"])\n        page.element_is_visible(LoginPageLocators.INPUT_PASSWORD).send_keys(os.environ[\"PASSWORD\"])\n        page.element_is_present_and_clickable(LoginPageLocators.SIGN_IN_BUTTON).click()\n>       page.check_expected_link(MainPageLinks.URL_GROUPS_PAGE)\n\ntests/conftest.py:104: \n_ _ _ _ _ _ _ _ _ _ _ _ _ _ _ _ _ _ _ _ _ _ _ _ _ _ _ _ _ _ _ _ _ _ _ _ _ _ _ _ \npages/base_page.py:72: in check_expected_link\n    return Wait(self.driver, self.timeout).until(\n_ _ _ _ _ _ _ _ _ _ _ _ _ _ _ _ _ _ _ _ _ _ _ _ _ _ _ _ _ _ _ _ _ _ _ _ _ _ _ _ \n\nself = <selenium.webdriver.support.wait.WebDriverWait (session=\"98c2f8d65b20932baa3cb0ca94dbab3a\")>\nmethod = <function url_to_be.<locals>._predicate at 0x7f3d06f0e160>\nmessage = \"Can't find element by locator https://www.brainup.site/groups\"\n\n    def until(self, method, message: str = \"\"):\n        \"\"\"Calls the method provided with the driver as an argument until the \\\n        return value does not evaluate to ``False``.\n    \n        :param method: callable(WebDriver)\n        :param message: optional message for :exc:`TimeoutException`\n        :returns: the result of the last call to `method`\n        :raises: :exc:`selenium.common.exceptions.TimeoutException` if timeout occurs\n        \"\"\"\n        screen = None\n        stacktrace = None\n    \n        end_time = time.monotonic() + self._timeout\n        while True:\n            try:\n                value = method(self._driver)\n                if value:\n                    return value\n            except self._ignored_exceptions as exc:\n                screen = getattr(exc, \"screen\", None)\n                stacktrace = getattr(exc, \"stacktrace\", None)\n            time.sleep(self._poll)\n            if time.monotonic() > end_time:\n                break\n>       raise TimeoutException(message, screen, stacktrace)\nE       selenium.common.exceptions.TimeoutException: Message: Can't find element by locator https://www.brainup.site/groups\n\n/opt/hostedtoolcache/Python/3.12.9/x64/lib/python3.12/site-packages/selenium/webdriver/support/wait.py:95: TimeoutException",
  "flaky" : false,
  "newFailed" : false,
  "beforeStages" : [ {
    "name" : "main_page_open",
    "time" : {
      "start" : 1742865969968,
      "stop" : 1742865973140,
      "duration" : 3172
    },
    "status" : "passed",
    "steps" : [ {
      "name" : "Open page: https://www.brainup.site/",
      "time" : {
        "start" : 1742865969968,
        "stop" : 1742865973140,
        "duration" : 3172
      },
      "status" : "passed",
      "steps" : [ ],
      "attachments" : [ ],
      "parameters" : [ {
        "name" : "driver",
        "value" : "<selenium.webdriver.chrome.webdriver.WebDriver (session=\"98c2f8d65b20932baa3cb0ca94dbab3a\")>"
      } ],
      "stepsCount" : 0,
      "attachmentsCount" : 0,
      "shouldDisplayMessage" : false,
      "hasContent" : true
    } ],
    "attachments" : [ ],
    "parameters" : [ ],
    "stepsCount" : 1,
    "attachmentsCount" : 0,
    "shouldDisplayMessage" : false,
    "hasContent" : true
  }, {
    "name" : "clear_allure_results_folder",
    "time" : {
      "start" : 1742864439073,
      "stop" : 1742864439073,
      "duration" : 0
    },
    "status" : "passed",
    "steps" : [ ],
    "attachments" : [ ],
    "parameters" : [ ],
    "stepsCount" : 0,
    "attachmentsCount" : 0,
    "shouldDisplayMessage" : false,
    "hasContent" : false
  }, {
    "name" : "driver",
    "time" : {
      "start" : 1742865969144,
      "stop" : 1742865969968,
      "duration" : 824
    },
    "status" : "passed",
    "steps" : [ ],
    "attachments" : [ ],
    "parameters" : [ ],
    "stepsCount" : 0,
    "attachmentsCount" : 0,
    "shouldDisplayMessage" : false,
    "hasContent" : false
  }, {
    "name" : "auto_test_user_authorized",
    "time" : {
      "start" : 1742865973140,
      "stop" : 1742866013817,
      "duration" : 40677
    },
    "status" : "broken",
    "statusMessage" : "selenium.common.exceptions.TimeoutException: Message: Can't find element by locator https://www.brainup.site/groups\n\n",
    "statusTrace" : "  File \"/opt/hostedtoolcache/Python/3.12.9/x64/lib/python3.12/site-packages/pluggy/_callers.py\", line 103, in _multicall\n    res = hook_impl.function(*args)\n          ^^^^^^^^^^^^^^^^^^^^^^^^^\n  File \"/opt/hostedtoolcache/Python/3.12.9/x64/lib/python3.12/site-packages/_pytest/fixtures.py\", line 1123, in pytest_fixture_setup\n    result = call_fixture_func(fixturefunc, request, kwargs)\n             ^^^^^^^^^^^^^^^^^^^^^^^^^^^^^^^^^^^^^^^^^^^^^^^\n  File \"/opt/hostedtoolcache/Python/3.12.9/x64/lib/python3.12/site-packages/_pytest/fixtures.py\", line 902, in call_fixture_func\n    fixture_result = fixturefunc(**kwargs)\n                     ^^^^^^^^^^^^^^^^^^^^^\n  File \"/opt/hostedtoolcache/Python/3.12.9/x64/lib/python3.12/site-packages/allure_commons/_allure.py\", line 192, in impl\n    return func(*a, **kw)\n           ^^^^^^^^^^^^^^\n  File \"/home/runner/work/auto-tests-python/auto-tests-python/tests/conftest.py\", line 104, in auto_test_user_authorized\n    page.check_expected_link(MainPageLinks.URL_GROUPS_PAGE)\n  File \"/home/runner/work/auto-tests-python/auto-tests-python/pages/base_page.py\", line 72, in check_expected_link\n    return Wait(self.driver, self.timeout).until(\n           ^^^^^^^^^^^^^^^^^^^^^^^^^^^^^^^^^^^^^^\n  File \"/opt/hostedtoolcache/Python/3.12.9/x64/lib/python3.12/site-packages/selenium/webdriver/support/wait.py\", line 95, in until\n    raise TimeoutException(message, screen, stacktrace)\n",
    "steps" : [ {
      "name" : "Auto test user authorized",
      "time" : {
        "start" : 1742865973140,
        "stop" : 1742866013816,
        "duration" : 40676
      },
      "status" : "broken",
      "statusMessage" : "selenium.common.exceptions.TimeoutException: Message: Can't find element by locator https://www.brainup.site/groups\n\n",
      "statusTrace" : "  File \"/opt/hostedtoolcache/Python/3.12.9/x64/lib/python3.12/site-packages/allure_commons/_allure.py\", line 192, in impl\n    return func(*a, **kw)\n           ^^^^^^^^^^^^^^\n  File \"/home/runner/work/auto-tests-python/auto-tests-python/tests/conftest.py\", line 104, in auto_test_user_authorized\n    page.check_expected_link(MainPageLinks.URL_GROUPS_PAGE)\n  File \"/home/runner/work/auto-tests-python/auto-tests-python/pages/base_page.py\", line 72, in check_expected_link\n    return Wait(self.driver, self.timeout).until(\n           ^^^^^^^^^^^^^^^^^^^^^^^^^^^^^^^^^^^^^^\n  File \"/opt/hostedtoolcache/Python/3.12.9/x64/lib/python3.12/site-packages/selenium/webdriver/support/wait.py\", line 95, in until\n    raise TimeoutException(message, screen, stacktrace)\n",
      "steps" : [ {
        "name" : "Check url is present: https://www.brainup.site/groups",
        "time" : {
          "start" : 1742865973545,
          "stop" : 1742866013816,
          "duration" : 40271
        },
        "status" : "broken",
        "statusMessage" : "selenium.common.exceptions.TimeoutException: Message: Can't find element by locator https://www.brainup.site/groups\n\n",
        "statusTrace" : "  File \"/home/runner/work/auto-tests-python/auto-tests-python/pages/base_page.py\", line 72, in check_expected_link\n    return Wait(self.driver, self.timeout).until(\n           ^^^^^^^^^^^^^^^^^^^^^^^^^^^^^^^^^^^^^^\n  File \"/opt/hostedtoolcache/Python/3.12.9/x64/lib/python3.12/site-packages/selenium/webdriver/support/wait.py\", line 95, in until\n    raise TimeoutException(message, screen, stacktrace)\n",
        "steps" : [ ],
        "attachments" : [ ],
        "parameters" : [ ],
        "stepsCount" : 0,
        "attachmentsCount" : 0,
        "shouldDisplayMessage" : true,
        "hasContent" : true
      } ],
      "attachments" : [ ],
      "parameters" : [ {
        "name" : "driver",
        "value" : "<selenium.webdriver.chrome.webdriver.WebDriver (session=\"98c2f8d65b20932baa3cb0ca94dbab3a\")>"
      }, {
        "name" : "main_page_open",
        "value" : "None"
      } ],
      "stepsCount" : 1,
      "attachmentsCount" : 0,
      "shouldDisplayMessage" : false,
      "hasContent" : true
    } ],
    "attachments" : [ ],
    "parameters" : [ ],
    "stepsCount" : 2,
    "attachmentsCount" : 0,
    "shouldDisplayMessage" : false,
    "hasContent" : true
  } ],
  "afterStages" : [ {
    "name" : "driver::0",
    "time" : {
      "start" : 1742866013831,
      "stop" : 1742866013899,
      "duration" : 68
    },
    "status" : "passed",
    "steps" : [ ],
    "attachments" : [ ],
    "parameters" : [ ],
    "stepsCount" : 0,
    "attachmentsCount" : 0,
    "shouldDisplayMessage" : false,
    "hasContent" : false
  } ],
  "labels" : [ {
    "name" : "epic",
    "value" : "The Exercises 'Words' Page on the 'ru' local"
  }, {
    "name" : "parentSuite",
    "value" : "tests"
  }, {
    "name" : "suite",
    "value" : "exercises_ru_words_page_test"
  }, {
    "name" : "subSuite",
    "value" : "TestExercisesRuWordsPage"
  }, {
    "name" : "host",
    "value" : "fv-az1988-652"
  }, {
    "name" : "thread",
    "value" : "2445-MainThread"
  }, {
    "name" : "framework",
    "value" : "pytest"
  }, {
    "name" : "language",
    "value" : "cpython3"
  }, {
    "name" : "package",
    "value" : "tests.exercises_ru_words_page_test"
  }, {
    "name" : "resultFormat",
    "value" : "allure2"
  } ],
  "parameters" : [ ],
  "links" : [ ],
  "hidden" : false,
  "retry" : false,
  "extra" : {
    "severity" : "normal",
    "retries" : [ ],
    "categories" : [ {
      "name" : "Test defects",
      "matchedStatuses" : [ ],
      "flaky" : false
    } ],
    "history" : {
      "statistic" : {
        "failed" : 0,
        "broken" : 2,
        "skipped" : 0,
        "passed" : 54,
        "unknown" : 0,
        "total" : 56
      },
      "items" : [ {
        "uid" : "9a1447feb310c91d",
        "reportUrl" : "https://Brain-up.github.io/auto-tests-python/518//#testresult/9a1447feb310c91d",
        "status" : "passed",
        "time" : {
          "start" : 1742806691130,
          "stop" : 1742806696213,
          "duration" : 5083
        }
      }, {
        "uid" : "574caa3ceb25396",
        "reportUrl" : "https://Brain-up.github.io/auto-tests-python/313//#testresult/574caa3ceb25396",
        "status" : "passed",
        "time" : {
          "start" : 1742778599366,
          "stop" : 1742778604508,
          "duration" : 5142
        }
      }, {
        "uid" : "e1381a1e1a7f7fa2",
        "reportUrl" : "https://Brain-up.github.io/auto-tests-python/517//#testresult/e1381a1e1a7f7fa2",
        "status" : "passed",
        "time" : {
          "start" : 1742759509145,
          "stop" : 1742759514702,
          "duration" : 5557
        }
      }, {
        "uid" : "19f4a459b8026c2d",
        "reportUrl" : "https://Brain-up.github.io/auto-tests-python/312//#testresult/19f4a459b8026c2d",
        "status" : "passed",
        "time" : {
          "start" : 1742692411413,
          "stop" : 1742692416518,
          "duration" : 5105
        }
      }, {
        "uid" : "5113602e932ffcf8",
        "reportUrl" : "https://Brain-up.github.io/auto-tests-python/311//#testresult/5113602e932ffcf8",
        "status" : "passed",
        "time" : {
          "start" : 1742605585122,
          "stop" : 1742605590272,
          "duration" : 5150
        }
      }, {
        "uid" : "833edc5b1a8e82da",
        "reportUrl" : "https://Brain-up.github.io/auto-tests-python/516//#testresult/833edc5b1a8e82da",
        "status" : "passed",
        "time" : {
          "start" : 1742592972777,
          "stop" : 1742592977935,
          "duration" : 5158
        }
      }, {
        "uid" : "9ee55c6de98c633b",
        "reportUrl" : "https://Brain-up.github.io/auto-tests-python/515//#testresult/9ee55c6de98c633b",
        "status" : "passed",
        "time" : {
          "start" : 1742582063197,
          "stop" : 1742582068328,
          "duration" : 5131
        }
      }, {
        "uid" : "6803c2b2d7f27b03",
        "reportUrl" : "https://Brain-up.github.io/auto-tests-python/310//#testresult/6803c2b2d7f27b03",
        "status" : "passed",
        "time" : {
          "start" : 1742519419663,
          "stop" : 1742519425150,
          "duration" : 5487
        }
      }, {
        "uid" : "bb4915ad4317765",
        "reportUrl" : "https://Brain-up.github.io/auto-tests-python/514//#testresult/bb4915ad4317765",
        "status" : "passed",
        "time" : {
          "start" : 1742486342939,
          "stop" : 1742486348161,
          "duration" : 5222
        }
      }, {
        "uid" : "eeca76cfa526dfb7",
        "reportUrl" : "https://Brain-up.github.io/auto-tests-python/309//#testresult/eeca76cfa526dfb7",
        "status" : "passed",
        "time" : {
          "start" : 1742432807028,
          "stop" : 1742432812207,
          "duration" : 5179
        }
      }, {
        "uid" : "bc3436d026ad969a",
        "reportUrl" : "https://Brain-up.github.io/auto-tests-python/513//#testresult/bc3436d026ad969a",
        "status" : "passed",
        "time" : {
          "start" : 1742416586401,
          "stop" : 1742416591529,
          "duration" : 5128
        }
      }, {
        "uid" : "958b6b819900c9da",
        "reportUrl" : "https://Brain-up.github.io/auto-tests-python/308//#testresult/958b6b819900c9da",
        "status" : "passed",
        "time" : {
          "start" : 1742346494146,
          "stop" : 1742346499265,
          "duration" : 5119
        }
      }, {
        "uid" : "18654f5ae5c984fe",
        "reportUrl" : "https://Brain-up.github.io/auto-tests-python/512//#testresult/18654f5ae5c984fe",
        "status" : "passed",
        "time" : {
          "start" : 1742280379450,
          "stop" : 1742280384551,
          "duration" : 5101
        }
      }, {
        "uid" : "770d5e165a00d591",
        "reportUrl" : "https://Brain-up.github.io/auto-tests-python/307//#testresult/770d5e165a00d591",
        "status" : "passed",
        "time" : {
          "start" : 1742260020582,
          "stop" : 1742260025697,
          "duration" : 5115
        }
      }, {
        "uid" : "29cba38f9933640f",
        "reportUrl" : "https://Brain-up.github.io/auto-tests-python/511//#testresult/29cba38f9933640f",
        "status" : "passed",
        "time" : {
          "start" : 1742230925321,
          "stop" : 1742230930452,
          "duration" : 5131
        }
      }, {
        "uid" : "f4b272778088a8de",
        "reportUrl" : "https://Brain-up.github.io/auto-tests-python/306//#testresult/f4b272778088a8de",
        "status" : "passed",
        "time" : {
          "start" : 1742173810523,
          "stop" : 1742173815655,
          "duration" : 5132
        }
      }, {
        "uid" : "2d4bff180510a514",
        "reportUrl" : "https://Brain-up.github.io/auto-tests-python/510//#testresult/2d4bff180510a514",
        "status" : "passed",
        "time" : {
          "start" : 1742155323845,
          "stop" : 1742155329491,
          "duration" : 5646
        }
      }, {
        "uid" : "347902e6f329635c",
        "reportUrl" : "https://Brain-up.github.io/auto-tests-python/305//#testresult/347902e6f329635c",
        "status" : "passed",
        "time" : {
          "start" : 1742087499155,
          "stop" : 1742087504991,
          "duration" : 5836
        }
      }, {
        "uid" : "7d7b3cc6597a79d1",
        "reportUrl" : "https://Brain-up.github.io/auto-tests-python/509//#testresult/7d7b3cc6597a79d1",
        "status" : "passed",
        "time" : {
          "start" : 1742071970029,
          "stop" : 1742071975160,
          "duration" : 5131
        }
      }, {
        "uid" : "5984710fb1a175c3",
        "reportUrl" : "https://Brain-up.github.io/auto-tests-python/304//#testresult/5984710fb1a175c3",
        "status" : "passed",
        "time" : {
          "start" : 1742000759453,
          "stop" : 1742000765185,
          "duration" : 5732
        }
      } ]
    },
    "tags" : [ ]
  },
  "source" : "c24c9020921412c9.json",
  "parameterValues" : [ ]
}