{
  "uid" : "fa093456b3086bde",
  "name" : "Verify size of the image in the 'Logo' link in the Header for an authorized user",
  "fullName" : "tests.header_test.TestAuthHeaderPageImages#test_hpa_04_02_verify_auth_logo_image_size",
  "historyId" : "9c6242c282dfb5ac663fc63d2ba02e49",
  "time" : {
    "start" : 1742867220175,
    "stop" : 1742867220175,
    "duration" : 0
  },
  "status" : "broken",
  "statusMessage" : "selenium.common.exceptions.TimeoutException: Message: Can't find element by locator https://www.brainup.site/groups",
  "statusTrace" : "self = <pages.base_page.BasePage object at 0x7f3d06d49820>\nurl = 'https://www.brainup.site/groups'\n\n    def check_expected_link(self, url):\n        with allure.step(f'Check url is present: {url}'):\n            try:\n>               return Wait(self.driver, self.timeout).until(\n                    ec.url_to_be(url), message=f\"Can't find element by locator {url}\")\n\npages/base_page.py:68: \n_ _ _ _ _ _ _ _ _ _ _ _ _ _ _ _ _ _ _ _ _ _ _ _ _ _ _ _ _ _ _ _ _ _ _ _ _ _ _ _ \n\nself = <selenium.webdriver.support.wait.WebDriverWait (session=\"c782899a362b48a245f250ff0edfa44b\")>\nmethod = <function url_to_be.<locals>._predicate at 0x7f3d06d5d3a0>\nmessage = \"Can't find element by locator https://www.brainup.site/groups\"\n\n    def until(self, method, message: str = \"\"):\n        \"\"\"Calls the method provided with the driver as an argument until the \\\n        return value does not evaluate to ``False``.\n    \n        :param method: callable(WebDriver)\n        :param message: optional message for :exc:`TimeoutException`\n        :returns: the result of the last call to `method`\n        :raises: :exc:`selenium.common.exceptions.TimeoutException` if timeout occurs\n        \"\"\"\n        screen = None\n        stacktrace = None\n    \n        end_time = time.monotonic() + self._timeout\n        while True:\n            try:\n                value = method(self._driver)\n                if value:\n                    return value\n            except self._ignored_exceptions as exc:\n                screen = getattr(exc, \"screen\", None)\n                stacktrace = getattr(exc, \"stacktrace\", None)\n            time.sleep(self._poll)\n            if time.monotonic() > end_time:\n                break\n>       raise TimeoutException(message, screen, stacktrace)\nE       selenium.common.exceptions.TimeoutException: Message: Can't find element by locator https://www.brainup.site/groups\n\n/opt/hostedtoolcache/Python/3.12.9/x64/lib/python3.12/site-packages/selenium/webdriver/support/wait.py:95: TimeoutException\n\nDuring handling of the above exception, another exception occurred:\n\ndriver = <selenium.webdriver.chrome.webdriver.WebDriver (session=\"c782899a362b48a245f250ff0edfa44b\")>\nmain_page_open = None\n\n    @pytest.fixture()\n    @allure.step('Auto test user authorized')\n    def auto_test_user_authorized(driver, main_page_open):\n        page = BasePage(driver)\n        page.element_is_present_and_clickable(MainPageLocators.LOGIN_BUTTON).click()\n        page.element_is_visible(LoginPageLocators.INPUT_LOGIN).send_keys(os.environ[\"LOGIN\"])\n        page.element_is_visible(LoginPageLocators.INPUT_PASSWORD).send_keys(os.environ[\"PASSWORD\"])\n        page.element_is_present_and_clickable(LoginPageLocators.SIGN_IN_BUTTON).click()\n>       page.check_expected_link(MainPageLinks.URL_GROUPS_PAGE)\n\ntests/conftest.py:104: \n_ _ _ _ _ _ _ _ _ _ _ _ _ _ _ _ _ _ _ _ _ _ _ _ _ _ _ _ _ _ _ _ _ _ _ _ _ _ _ _ \npages/base_page.py:72: in check_expected_link\n    return Wait(self.driver, self.timeout).until(\n_ _ _ _ _ _ _ _ _ _ _ _ _ _ _ _ _ _ _ _ _ _ _ _ _ _ _ _ _ _ _ _ _ _ _ _ _ _ _ _ \n\nself = <selenium.webdriver.support.wait.WebDriverWait (session=\"c782899a362b48a245f250ff0edfa44b\")>\nmethod = <function url_to_be.<locals>._predicate at 0x7f3d06d5d4e0>\nmessage = \"Can't find element by locator https://www.brainup.site/groups\"\n\n    def until(self, method, message: str = \"\"):\n        \"\"\"Calls the method provided with the driver as an argument until the \\\n        return value does not evaluate to ``False``.\n    \n        :param method: callable(WebDriver)\n        :param message: optional message for :exc:`TimeoutException`\n        :returns: the result of the last call to `method`\n        :raises: :exc:`selenium.common.exceptions.TimeoutException` if timeout occurs\n        \"\"\"\n        screen = None\n        stacktrace = None\n    \n        end_time = time.monotonic() + self._timeout\n        while True:\n            try:\n                value = method(self._driver)\n                if value:\n                    return value\n            except self._ignored_exceptions as exc:\n                screen = getattr(exc, \"screen\", None)\n                stacktrace = getattr(exc, \"stacktrace\", None)\n            time.sleep(self._poll)\n            if time.monotonic() > end_time:\n                break\n>       raise TimeoutException(message, screen, stacktrace)\nE       selenium.common.exceptions.TimeoutException: Message: Can't find element by locator https://www.brainup.site/groups\n\n/opt/hostedtoolcache/Python/3.12.9/x64/lib/python3.12/site-packages/selenium/webdriver/support/wait.py:95: TimeoutException",
  "flaky" : false,
  "newFailed" : false,
  "beforeStages" : [ {
    "name" : "main_page_open",
    "time" : {
      "start" : 1742867221003,
      "stop" : 1742867224516,
      "duration" : 3513
    },
    "status" : "passed",
    "steps" : [ {
      "name" : "Open page: https://www.brainup.site/",
      "time" : {
        "start" : 1742867221003,
        "stop" : 1742867224516,
        "duration" : 3513
      },
      "status" : "passed",
      "steps" : [ ],
      "attachments" : [ ],
      "parameters" : [ {
        "name" : "driver",
        "value" : "<selenium.webdriver.chrome.webdriver.WebDriver (session=\"c782899a362b48a245f250ff0edfa44b\")>"
      } ],
      "stepsCount" : 0,
      "attachmentsCount" : 0,
      "shouldDisplayMessage" : false,
      "hasContent" : true
    } ],
    "attachments" : [ ],
    "parameters" : [ ],
    "stepsCount" : 1,
    "attachmentsCount" : 0,
    "shouldDisplayMessage" : false,
    "hasContent" : true
  }, {
    "name" : "driver",
    "time" : {
      "start" : 1742867220176,
      "stop" : 1742867221002,
      "duration" : 826
    },
    "status" : "passed",
    "steps" : [ ],
    "attachments" : [ ],
    "parameters" : [ ],
    "stepsCount" : 0,
    "attachmentsCount" : 0,
    "shouldDisplayMessage" : false,
    "hasContent" : false
  }, {
    "name" : "clear_allure_results_folder",
    "time" : {
      "start" : 1742864439073,
      "stop" : 1742864439073,
      "duration" : 0
    },
    "status" : "passed",
    "steps" : [ ],
    "attachments" : [ ],
    "parameters" : [ ],
    "stepsCount" : 0,
    "attachmentsCount" : 0,
    "shouldDisplayMessage" : false,
    "hasContent" : false
  }, {
    "name" : "auto_test_user_authorized",
    "time" : {
      "start" : 1742867224516,
      "stop" : 1742867265175,
      "duration" : 40659
    },
    "status" : "broken",
    "statusMessage" : "selenium.common.exceptions.TimeoutException: Message: Can't find element by locator https://www.brainup.site/groups\n\n",
    "statusTrace" : "  File \"/opt/hostedtoolcache/Python/3.12.9/x64/lib/python3.12/site-packages/pluggy/_callers.py\", line 103, in _multicall\n    res = hook_impl.function(*args)\n          ^^^^^^^^^^^^^^^^^^^^^^^^^\n  File \"/opt/hostedtoolcache/Python/3.12.9/x64/lib/python3.12/site-packages/_pytest/fixtures.py\", line 1123, in pytest_fixture_setup\n    result = call_fixture_func(fixturefunc, request, kwargs)\n             ^^^^^^^^^^^^^^^^^^^^^^^^^^^^^^^^^^^^^^^^^^^^^^^\n  File \"/opt/hostedtoolcache/Python/3.12.9/x64/lib/python3.12/site-packages/_pytest/fixtures.py\", line 902, in call_fixture_func\n    fixture_result = fixturefunc(**kwargs)\n                     ^^^^^^^^^^^^^^^^^^^^^\n  File \"/opt/hostedtoolcache/Python/3.12.9/x64/lib/python3.12/site-packages/allure_commons/_allure.py\", line 192, in impl\n    return func(*a, **kw)\n           ^^^^^^^^^^^^^^\n  File \"/home/runner/work/auto-tests-python/auto-tests-python/tests/conftest.py\", line 104, in auto_test_user_authorized\n    page.check_expected_link(MainPageLinks.URL_GROUPS_PAGE)\n  File \"/home/runner/work/auto-tests-python/auto-tests-python/pages/base_page.py\", line 72, in check_expected_link\n    return Wait(self.driver, self.timeout).until(\n           ^^^^^^^^^^^^^^^^^^^^^^^^^^^^^^^^^^^^^^\n  File \"/opt/hostedtoolcache/Python/3.12.9/x64/lib/python3.12/site-packages/selenium/webdriver/support/wait.py\", line 95, in until\n    raise TimeoutException(message, screen, stacktrace)\n",
    "steps" : [ {
      "name" : "Auto test user authorized",
      "time" : {
        "start" : 1742867224516,
        "stop" : 1742867265175,
        "duration" : 40659
      },
      "status" : "broken",
      "statusMessage" : "selenium.common.exceptions.TimeoutException: Message: Can't find element by locator https://www.brainup.site/groups\n\n",
      "statusTrace" : "  File \"/opt/hostedtoolcache/Python/3.12.9/x64/lib/python3.12/site-packages/allure_commons/_allure.py\", line 192, in impl\n    return func(*a, **kw)\n           ^^^^^^^^^^^^^^\n  File \"/home/runner/work/auto-tests-python/auto-tests-python/tests/conftest.py\", line 104, in auto_test_user_authorized\n    page.check_expected_link(MainPageLinks.URL_GROUPS_PAGE)\n  File \"/home/runner/work/auto-tests-python/auto-tests-python/pages/base_page.py\", line 72, in check_expected_link\n    return Wait(self.driver, self.timeout).until(\n           ^^^^^^^^^^^^^^^^^^^^^^^^^^^^^^^^^^^^^^\n  File \"/opt/hostedtoolcache/Python/3.12.9/x64/lib/python3.12/site-packages/selenium/webdriver/support/wait.py\", line 95, in until\n    raise TimeoutException(message, screen, stacktrace)\n",
      "steps" : [ {
        "name" : "Check url is present: https://www.brainup.site/groups",
        "time" : {
          "start" : 1742867224895,
          "stop" : 1742867265175,
          "duration" : 40280
        },
        "status" : "broken",
        "statusMessage" : "selenium.common.exceptions.TimeoutException: Message: Can't find element by locator https://www.brainup.site/groups\n\n",
        "statusTrace" : "  File \"/home/runner/work/auto-tests-python/auto-tests-python/pages/base_page.py\", line 72, in check_expected_link\n    return Wait(self.driver, self.timeout).until(\n           ^^^^^^^^^^^^^^^^^^^^^^^^^^^^^^^^^^^^^^\n  File \"/opt/hostedtoolcache/Python/3.12.9/x64/lib/python3.12/site-packages/selenium/webdriver/support/wait.py\", line 95, in until\n    raise TimeoutException(message, screen, stacktrace)\n",
        "steps" : [ ],
        "attachments" : [ ],
        "parameters" : [ ],
        "stepsCount" : 0,
        "attachmentsCount" : 0,
        "shouldDisplayMessage" : true,
        "hasContent" : true
      } ],
      "attachments" : [ ],
      "parameters" : [ {
        "name" : "driver",
        "value" : "<selenium.webdriver.chrome.webdriver.WebDriver (session=\"c782899a362b48a245f250ff0edfa44b\")>"
      }, {
        "name" : "main_page_open",
        "value" : "None"
      } ],
      "stepsCount" : 1,
      "attachmentsCount" : 0,
      "shouldDisplayMessage" : false,
      "hasContent" : true
    } ],
    "attachments" : [ ],
    "parameters" : [ ],
    "stepsCount" : 2,
    "attachmentsCount" : 0,
    "shouldDisplayMessage" : false,
    "hasContent" : true
  } ],
  "afterStages" : [ {
    "name" : "driver::0",
    "time" : {
      "start" : 1742867265190,
      "stop" : 1742867265256,
      "duration" : 66
    },
    "status" : "passed",
    "steps" : [ ],
    "attachments" : [ ],
    "parameters" : [ ],
    "stepsCount" : 0,
    "attachmentsCount" : 0,
    "shouldDisplayMessage" : false,
    "hasContent" : false
  } ],
  "labels" : [ {
    "name" : "epic",
    "value" : "Test Header"
  }, {
    "name" : "parentSuite",
    "value" : "tests"
  }, {
    "name" : "suite",
    "value" : "header_test"
  }, {
    "name" : "subSuite",
    "value" : "TestHeaderPage"
  }, {
    "name" : "host",
    "value" : "fv-az1988-652"
  }, {
    "name" : "thread",
    "value" : "2445-MainThread"
  }, {
    "name" : "framework",
    "value" : "pytest"
  }, {
    "name" : "language",
    "value" : "cpython3"
  }, {
    "name" : "package",
    "value" : "tests.header_test"
  }, {
    "name" : "resultFormat",
    "value" : "allure2"
  } ],
  "parameters" : [ ],
  "links" : [ ],
  "hidden" : false,
  "retry" : false,
  "extra" : {
    "severity" : "normal",
    "retries" : [ ],
    "categories" : [ {
      "name" : "Test defects",
      "matchedStatuses" : [ ],
      "flaky" : false
    } ],
    "history" : {
      "statistic" : {
        "failed" : 0,
        "broken" : 1,
        "skipped" : 0,
        "passed" : 55,
        "unknown" : 0,
        "total" : 56
      },
      "items" : [ {
        "uid" : "8b8911c68239e2bf",
        "reportUrl" : "https://Brain-up.github.io/auto-tests-python/518//#testresult/8b8911c68239e2bf",
        "status" : "passed",
        "time" : {
          "start" : 1742807113021,
          "stop" : 1742807113070,
          "duration" : 49
        }
      }, {
        "uid" : "29ba3031c7d106fb",
        "reportUrl" : "https://Brain-up.github.io/auto-tests-python/313//#testresult/29ba3031c7d106fb",
        "status" : "passed",
        "time" : {
          "start" : 1742779022979,
          "stop" : 1742779023031,
          "duration" : 52
        }
      }, {
        "uid" : "38bab53ae78a0c7a",
        "reportUrl" : "https://Brain-up.github.io/auto-tests-python/517//#testresult/38bab53ae78a0c7a",
        "status" : "passed",
        "time" : {
          "start" : 1742760001197,
          "stop" : 1742760001254,
          "duration" : 57
        }
      }, {
        "uid" : "7e32dab5b34e3d77",
        "reportUrl" : "https://Brain-up.github.io/auto-tests-python/312//#testresult/7e32dab5b34e3d77",
        "status" : "passed",
        "time" : {
          "start" : 1742692836665,
          "stop" : 1742692836721,
          "duration" : 56
        }
      }, {
        "uid" : "2b8bcba6f05d525c",
        "reportUrl" : "https://Brain-up.github.io/auto-tests-python/311//#testresult/2b8bcba6f05d525c",
        "status" : "passed",
        "time" : {
          "start" : 1742606025746,
          "stop" : 1742606025803,
          "duration" : 57
        }
      }, {
        "uid" : "764b3d3f0faad6de",
        "reportUrl" : "https://Brain-up.github.io/auto-tests-python/516//#testresult/764b3d3f0faad6de",
        "status" : "passed",
        "time" : {
          "start" : 1742593413698,
          "stop" : 1742593413748,
          "duration" : 50
        }
      }, {
        "uid" : "325b62feacba005b",
        "reportUrl" : "https://Brain-up.github.io/auto-tests-python/515//#testresult/325b62feacba005b",
        "status" : "passed",
        "time" : {
          "start" : 1742582492158,
          "stop" : 1742582492207,
          "duration" : 49
        }
      }, {
        "uid" : "3eaf91ad8bf9187e",
        "reportUrl" : "https://Brain-up.github.io/auto-tests-python/310//#testresult/3eaf91ad8bf9187e",
        "status" : "passed",
        "time" : {
          "start" : 1742519933911,
          "stop" : 1742519933963,
          "duration" : 52
        }
      }, {
        "uid" : "bc683e2a9d957bb4",
        "reportUrl" : "https://Brain-up.github.io/auto-tests-python/514//#testresult/bc683e2a9d957bb4",
        "status" : "passed",
        "time" : {
          "start" : 1742486793282,
          "stop" : 1742486793342,
          "duration" : 60
        }
      }, {
        "uid" : "3f2f54a2d27222e1",
        "reportUrl" : "https://Brain-up.github.io/auto-tests-python/309//#testresult/3f2f54a2d27222e1",
        "status" : "passed",
        "time" : {
          "start" : 1742433223830,
          "stop" : 1742433223888,
          "duration" : 58
        }
      }, {
        "uid" : "e857baa69abfe51e",
        "reportUrl" : "https://Brain-up.github.io/auto-tests-python/513//#testresult/e857baa69abfe51e",
        "status" : "passed",
        "time" : {
          "start" : 1742417016718,
          "stop" : 1742417016770,
          "duration" : 52
        }
      }, {
        "uid" : "51bfe8f863a524a0",
        "reportUrl" : "https://Brain-up.github.io/auto-tests-python/308//#testresult/51bfe8f863a524a0",
        "status" : "passed",
        "time" : {
          "start" : 1742346914357,
          "stop" : 1742346914410,
          "duration" : 53
        }
      }, {
        "uid" : "296599269eab590b",
        "reportUrl" : "https://Brain-up.github.io/auto-tests-python/512//#testresult/296599269eab590b",
        "status" : "passed",
        "time" : {
          "start" : 1742280804427,
          "stop" : 1742280804486,
          "duration" : 59
        }
      }, {
        "uid" : "4204e1a7aa2998d0",
        "reportUrl" : "https://Brain-up.github.io/auto-tests-python/307//#testresult/4204e1a7aa2998d0",
        "status" : "passed",
        "time" : {
          "start" : 1742260453774,
          "stop" : 1742260453825,
          "duration" : 51
        }
      }, {
        "uid" : "b86fc46c204ad709",
        "reportUrl" : "https://Brain-up.github.io/auto-tests-python/511//#testresult/b86fc46c204ad709",
        "status" : "passed",
        "time" : {
          "start" : 1742231357312,
          "stop" : 1742231357366,
          "duration" : 54
        }
      }, {
        "uid" : "1fabd421d0bd4f62",
        "reportUrl" : "https://Brain-up.github.io/auto-tests-python/306//#testresult/1fabd421d0bd4f62",
        "status" : "passed",
        "time" : {
          "start" : 1742174314967,
          "stop" : 1742174315015,
          "duration" : 48
        }
      }, {
        "uid" : "774ca843b9198224",
        "reportUrl" : "https://Brain-up.github.io/auto-tests-python/510//#testresult/774ca843b9198224",
        "status" : "passed",
        "time" : {
          "start" : 1742155784766,
          "stop" : 1742155784816,
          "duration" : 50
        }
      }, {
        "uid" : "7a5097cdff43dedb",
        "reportUrl" : "https://Brain-up.github.io/auto-tests-python/305//#testresult/7a5097cdff43dedb",
        "status" : "passed",
        "time" : {
          "start" : 1742087932429,
          "stop" : 1742087932478,
          "duration" : 49
        }
      }, {
        "uid" : "2f73935fa9b44271",
        "reportUrl" : "https://Brain-up.github.io/auto-tests-python/509//#testresult/2f73935fa9b44271",
        "status" : "passed",
        "time" : {
          "start" : 1742072479040,
          "stop" : 1742072479091,
          "duration" : 51
        }
      }, {
        "uid" : "df1baa30a448fe01",
        "reportUrl" : "https://Brain-up.github.io/auto-tests-python/304//#testresult/df1baa30a448fe01",
        "status" : "passed",
        "time" : {
          "start" : 1742001215352,
          "stop" : 1742001215402,
          "duration" : 50
        }
      } ]
    },
    "tags" : [ ]
  },
  "source" : "fa093456b3086bde.json",
  "parameterValues" : [ ]
}