{
  "uid" : "fa84e62e7e22f48a",
  "name" : "Verify clickability, href of links on the page",
  "fullName" : "tests.contributors_page_test.TestContributorsPageLinks#test_cnp_03_01_verify_links_on_page",
  "historyId" : "342402ff4b6c443b81ee3701714ca4e5",
  "time" : {
    "start" : 1742864699445,
    "stop" : 1742864719682,
    "duration" : 20237
  },
  "status" : "broken",
  "statusMessage" : "selenium.common.exceptions.TimeoutException: Message: Can't find elements by locator ('xpath', '//section//a')",
  "statusTrace" : "self = <tests.contributors_page_test.TestContributorsPage.TestContributorsPageLinks object at 0x7f3d073b5dc0>\ndriver = <selenium.webdriver.chrome.webdriver.WebDriver (session=\"1b02ce38ba155bd75852b7a3f30a35f8\")>\ncontributors_page_open = None\n\n    @allure.title(\"Verify clickability, href of links on the page\")\n    def test_cnp_03_01_verify_links_on_page(self, driver, contributors_page_open):\n        page = ContributorsPage(driver)\n>       links_clickability = page.check_links_clickability()\n\ntests/contributors_page_test.py:117: \n_ _ _ _ _ _ _ _ _ _ _ _ _ _ _ _ _ _ _ _ _ _ _ _ _ _ _ _ _ _ _ _ _ _ _ _ _ _ _ _ \npages/contributors_page.py:156: in check_links_clickability\n    return all(link.is_enabled() for link in self.get_list_of_links())\npages/contributors_page.py:102: in get_list_of_links\n    return self.elements_are_present(self.locators.PAGE_LINKS)\npages/base_page.py:54: in elements_are_present\n    return Wait(self.driver, self.timeout).until(\n_ _ _ _ _ _ _ _ _ _ _ _ _ _ _ _ _ _ _ _ _ _ _ _ _ _ _ _ _ _ _ _ _ _ _ _ _ _ _ _ \n\nself = <selenium.webdriver.support.wait.WebDriverWait (session=\"1b02ce38ba155bd75852b7a3f30a35f8\")>\nmethod = <function presence_of_all_elements_located.<locals>._predicate at 0x7f3d0703bd80>\nmessage = \"Can't find elements by locator ('xpath', '//section//a')\"\n\n    def until(self, method, message: str = \"\"):\n        \"\"\"Calls the method provided with the driver as an argument until the \\\n        return value does not evaluate to ``False``.\n    \n        :param method: callable(WebDriver)\n        :param message: optional message for :exc:`TimeoutException`\n        :returns: the result of the last call to `method`\n        :raises: :exc:`selenium.common.exceptions.TimeoutException` if timeout occurs\n        \"\"\"\n        screen = None\n        stacktrace = None\n    \n        end_time = time.monotonic() + self._timeout\n        while True:\n            try:\n                value = method(self._driver)\n                if value:\n                    return value\n            except self._ignored_exceptions as exc:\n                screen = getattr(exc, \"screen\", None)\n                stacktrace = getattr(exc, \"stacktrace\", None)\n            time.sleep(self._poll)\n            if time.monotonic() > end_time:\n                break\n>       raise TimeoutException(message, screen, stacktrace)\nE       selenium.common.exceptions.TimeoutException: Message: Can't find elements by locator ('xpath', '//section//a')\n\n/opt/hostedtoolcache/Python/3.12.9/x64/lib/python3.12/site-packages/selenium/webdriver/support/wait.py:95: TimeoutException",
  "flaky" : false,
  "newFailed" : false,
  "beforeStages" : [ {
    "name" : "contributors_page_open",
    "time" : {
      "start" : 1742864696191,
      "stop" : 1742864699445,
      "duration" : 3254
    },
    "status" : "passed",
    "steps" : [ {
      "name" : "Open page: https://www.brainup.site/contributors",
      "time" : {
        "start" : 1742864696191,
        "stop" : 1742864699445,
        "duration" : 3254
      },
      "status" : "passed",
      "steps" : [ ],
      "attachments" : [ ],
      "parameters" : [ {
        "name" : "driver",
        "value" : "<selenium.webdriver.chrome.webdriver.WebDriver (session=\"1b02ce38ba155bd75852b7a3f30a35f8\")>"
      } ],
      "stepsCount" : 0,
      "attachmentsCount" : 0,
      "shouldDisplayMessage" : false,
      "hasContent" : true
    } ],
    "attachments" : [ ],
    "parameters" : [ ],
    "stepsCount" : 1,
    "attachmentsCount" : 0,
    "shouldDisplayMessage" : false,
    "hasContent" : true
  }, {
    "name" : "driver",
    "time" : {
      "start" : 1742864695367,
      "stop" : 1742864696191,
      "duration" : 824
    },
    "status" : "passed",
    "steps" : [ ],
    "attachments" : [ ],
    "parameters" : [ ],
    "stepsCount" : 0,
    "attachmentsCount" : 0,
    "shouldDisplayMessage" : false,
    "hasContent" : false
  }, {
    "name" : "clear_allure_results_folder",
    "time" : {
      "start" : 1742864439073,
      "stop" : 1742864439073,
      "duration" : 0
    },
    "status" : "passed",
    "steps" : [ ],
    "attachments" : [ ],
    "parameters" : [ ],
    "stepsCount" : 0,
    "attachmentsCount" : 0,
    "shouldDisplayMessage" : false,
    "hasContent" : false
  } ],
  "testStage" : {
    "status" : "broken",
    "statusMessage" : "selenium.common.exceptions.TimeoutException: Message: Can't find elements by locator ('xpath', '//section//a')",
    "statusTrace" : "self = <tests.contributors_page_test.TestContributorsPage.TestContributorsPageLinks object at 0x7f3d073b5dc0>\ndriver = <selenium.webdriver.chrome.webdriver.WebDriver (session=\"1b02ce38ba155bd75852b7a3f30a35f8\")>\ncontributors_page_open = None\n\n    @allure.title(\"Verify clickability, href of links on the page\")\n    def test_cnp_03_01_verify_links_on_page(self, driver, contributors_page_open):\n        page = ContributorsPage(driver)\n>       links_clickability = page.check_links_clickability()\n\ntests/contributors_page_test.py:117: \n_ _ _ _ _ _ _ _ _ _ _ _ _ _ _ _ _ _ _ _ _ _ _ _ _ _ _ _ _ _ _ _ _ _ _ _ _ _ _ _ \npages/contributors_page.py:156: in check_links_clickability\n    return all(link.is_enabled() for link in self.get_list_of_links())\npages/contributors_page.py:102: in get_list_of_links\n    return self.elements_are_present(self.locators.PAGE_LINKS)\npages/base_page.py:54: in elements_are_present\n    return Wait(self.driver, self.timeout).until(\n_ _ _ _ _ _ _ _ _ _ _ _ _ _ _ _ _ _ _ _ _ _ _ _ _ _ _ _ _ _ _ _ _ _ _ _ _ _ _ _ \n\nself = <selenium.webdriver.support.wait.WebDriverWait (session=\"1b02ce38ba155bd75852b7a3f30a35f8\")>\nmethod = <function presence_of_all_elements_located.<locals>._predicate at 0x7f3d0703bd80>\nmessage = \"Can't find elements by locator ('xpath', '//section//a')\"\n\n    def until(self, method, message: str = \"\"):\n        \"\"\"Calls the method provided with the driver as an argument until the \\\n        return value does not evaluate to ``False``.\n    \n        :param method: callable(WebDriver)\n        :param message: optional message for :exc:`TimeoutException`\n        :returns: the result of the last call to `method`\n        :raises: :exc:`selenium.common.exceptions.TimeoutException` if timeout occurs\n        \"\"\"\n        screen = None\n        stacktrace = None\n    \n        end_time = time.monotonic() + self._timeout\n        while True:\n            try:\n                value = method(self._driver)\n                if value:\n                    return value\n            except self._ignored_exceptions as exc:\n                screen = getattr(exc, \"screen\", None)\n                stacktrace = getattr(exc, \"stacktrace\", None)\n            time.sleep(self._poll)\n            if time.monotonic() > end_time:\n                break\n>       raise TimeoutException(message, screen, stacktrace)\nE       selenium.common.exceptions.TimeoutException: Message: Can't find elements by locator ('xpath', '//section//a')\n\n/opt/hostedtoolcache/Python/3.12.9/x64/lib/python3.12/site-packages/selenium/webdriver/support/wait.py:95: TimeoutException",
    "steps" : [ {
      "name" : "Check if links on the page are clickable",
      "time" : {
        "start" : 1742864699445,
        "stop" : 1742864719681,
        "duration" : 20236
      },
      "status" : "broken",
      "statusMessage" : "selenium.common.exceptions.TimeoutException: Message: Can't find elements by locator ('xpath', '//section//a')\n\n",
      "statusTrace" : "  File \"/opt/hostedtoolcache/Python/3.12.9/x64/lib/python3.12/site-packages/allure_commons/_allure.py\", line 192, in impl\n    return func(*a, **kw)\n           ^^^^^^^^^^^^^^\n  File \"/home/runner/work/auto-tests-python/auto-tests-python/pages/contributors_page.py\", line 156, in check_links_clickability\n    return all(link.is_enabled() for link in self.get_list_of_links())\n                                             ^^^^^^^^^^^^^^^^^^^^^^^^\n  File \"/opt/hostedtoolcache/Python/3.12.9/x64/lib/python3.12/site-packages/allure_commons/_allure.py\", line 192, in impl\n    return func(*a, **kw)\n           ^^^^^^^^^^^^^^\n  File \"/home/runner/work/auto-tests-python/auto-tests-python/pages/contributors_page.py\", line 102, in get_list_of_links\n    return self.elements_are_present(self.locators.PAGE_LINKS)\n           ^^^^^^^^^^^^^^^^^^^^^^^^^^^^^^^^^^^^^^^^^^^^^^^^^^^\n  File \"/home/runner/work/auto-tests-python/auto-tests-python/pages/base_page.py\", line 54, in elements_are_present\n    return Wait(self.driver, self.timeout).until(\n           ^^^^^^^^^^^^^^^^^^^^^^^^^^^^^^^^^^^^^^\n  File \"/opt/hostedtoolcache/Python/3.12.9/x64/lib/python3.12/site-packages/selenium/webdriver/support/wait.py\", line 95, in until\n    raise TimeoutException(message, screen, stacktrace)\n",
      "steps" : [ {
        "name" : "Get the list of links on the 4th level of nesting on the page",
        "time" : {
          "start" : 1742864699445,
          "stop" : 1742864719681,
          "duration" : 20236
        },
        "status" : "broken",
        "statusMessage" : "selenium.common.exceptions.TimeoutException: Message: Can't find elements by locator ('xpath', '//section//a')\n\n",
        "statusTrace" : "  File \"/opt/hostedtoolcache/Python/3.12.9/x64/lib/python3.12/site-packages/allure_commons/_allure.py\", line 192, in impl\n    return func(*a, **kw)\n           ^^^^^^^^^^^^^^\n  File \"/home/runner/work/auto-tests-python/auto-tests-python/pages/contributors_page.py\", line 102, in get_list_of_links\n    return self.elements_are_present(self.locators.PAGE_LINKS)\n           ^^^^^^^^^^^^^^^^^^^^^^^^^^^^^^^^^^^^^^^^^^^^^^^^^^^\n  File \"/home/runner/work/auto-tests-python/auto-tests-python/pages/base_page.py\", line 54, in elements_are_present\n    return Wait(self.driver, self.timeout).until(\n           ^^^^^^^^^^^^^^^^^^^^^^^^^^^^^^^^^^^^^^\n  File \"/opt/hostedtoolcache/Python/3.12.9/x64/lib/python3.12/site-packages/selenium/webdriver/support/wait.py\", line 95, in until\n    raise TimeoutException(message, screen, stacktrace)\n",
        "steps" : [ ],
        "attachments" : [ ],
        "parameters" : [ ],
        "stepsCount" : 0,
        "attachmentsCount" : 0,
        "shouldDisplayMessage" : true,
        "hasContent" : true
      } ],
      "attachments" : [ ],
      "parameters" : [ ],
      "stepsCount" : 1,
      "attachmentsCount" : 0,
      "shouldDisplayMessage" : false,
      "hasContent" : true
    } ],
    "attachments" : [ {
      "uid" : "f907ad1a7cf06572",
      "name" : "Screenshot 2025-03-25 01:05:19.782475",
      "source" : "f907ad1a7cf06572.png",
      "type" : "image/png",
      "size" : 46879
    } ],
    "parameters" : [ ],
    "stepsCount" : 2,
    "attachmentsCount" : 1,
    "shouldDisplayMessage" : true,
    "hasContent" : true
  },
  "afterStages" : [ {
    "name" : "driver::0",
    "time" : {
      "start" : 1742864719783,
      "stop" : 1742864719848,
      "duration" : 65
    },
    "status" : "passed",
    "steps" : [ ],
    "attachments" : [ ],
    "parameters" : [ ],
    "stepsCount" : 0,
    "attachmentsCount" : 0,
    "shouldDisplayMessage" : false,
    "hasContent" : false
  } ],
  "labels" : [ {
    "name" : "epic",
    "value" : "The Contributors Page"
  }, {
    "name" : "parentSuite",
    "value" : "tests"
  }, {
    "name" : "suite",
    "value" : "contributors_page_test"
  }, {
    "name" : "subSuite",
    "value" : "TestContributorsPage"
  }, {
    "name" : "host",
    "value" : "fv-az1988-652"
  }, {
    "name" : "thread",
    "value" : "2445-MainThread"
  }, {
    "name" : "framework",
    "value" : "pytest"
  }, {
    "name" : "language",
    "value" : "cpython3"
  }, {
    "name" : "package",
    "value" : "tests.contributors_page_test"
  }, {
    "name" : "resultFormat",
    "value" : "allure2"
  } ],
  "parameters" : [ ],
  "links" : [ ],
  "hidden" : false,
  "retry" : false,
  "extra" : {
    "severity" : "normal",
    "retries" : [ ],
    "categories" : [ {
      "name" : "Test defects",
      "matchedStatuses" : [ ],
      "flaky" : false
    } ],
    "history" : {
      "statistic" : {
        "failed" : 0,
        "broken" : 1,
        "skipped" : 0,
        "passed" : 55,
        "unknown" : 0,
        "total" : 56
      },
      "items" : [ {
        "uid" : "a516dbc29c546323",
        "reportUrl" : "https://Brain-up.github.io/auto-tests-python/518//#testresult/a516dbc29c546323",
        "status" : "passed",
        "time" : {
          "start" : 1742806343338,
          "stop" : 1742806344021,
          "duration" : 683
        }
      }, {
        "uid" : "25f37b42407e46ee",
        "reportUrl" : "https://Brain-up.github.io/auto-tests-python/313//#testresult/25f37b42407e46ee",
        "status" : "passed",
        "time" : {
          "start" : 1742778245941,
          "stop" : 1742778246696,
          "duration" : 755
        }
      }, {
        "uid" : "97ad7ddfcffbb3c",
        "reportUrl" : "https://Brain-up.github.io/auto-tests-python/517//#testresult/97ad7ddfcffbb3c",
        "status" : "passed",
        "time" : {
          "start" : 1742759095148,
          "stop" : 1742759095897,
          "duration" : 749
        }
      }, {
        "uid" : "db07daf8cb8f200",
        "reportUrl" : "https://Brain-up.github.io/auto-tests-python/312//#testresult/db07daf8cb8f200",
        "status" : "passed",
        "time" : {
          "start" : 1742692014488,
          "stop" : 1742692015232,
          "duration" : 744
        }
      }, {
        "uid" : "2d37c180805b043b",
        "reportUrl" : "https://Brain-up.github.io/auto-tests-python/311//#testresult/2d37c180805b043b",
        "status" : "passed",
        "time" : {
          "start" : 1742605217244,
          "stop" : 1742605217995,
          "duration" : 751
        }
      }, {
        "uid" : "847008b6b2924d84",
        "reportUrl" : "https://Brain-up.github.io/auto-tests-python/516//#testresult/847008b6b2924d84",
        "status" : "passed",
        "time" : {
          "start" : 1742592604916,
          "stop" : 1742592605658,
          "duration" : 742
        }
      }, {
        "uid" : "66c557cb4bb6b29e",
        "reportUrl" : "https://Brain-up.github.io/auto-tests-python/515//#testresult/66c557cb4bb6b29e",
        "status" : "passed",
        "time" : {
          "start" : 1742581707935,
          "stop" : 1742581708672,
          "duration" : 737
        }
      }, {
        "uid" : "15daa5e31eade9c5",
        "reportUrl" : "https://Brain-up.github.io/auto-tests-python/310//#testresult/15daa5e31eade9c5",
        "status" : "passed",
        "time" : {
          "start" : 1742518967493,
          "stop" : 1742518968248,
          "duration" : 755
        }
      }, {
        "uid" : "f5c1a211e73a59db",
        "reportUrl" : "https://Brain-up.github.io/auto-tests-python/514//#testresult/f5c1a211e73a59db",
        "status" : "passed",
        "time" : {
          "start" : 1742485974947,
          "stop" : 1742485975707,
          "duration" : 760
        }
      }, {
        "uid" : "264a9a0de08bd4fe",
        "reportUrl" : "https://Brain-up.github.io/auto-tests-python/309//#testresult/264a9a0de08bd4fe",
        "status" : "passed",
        "time" : {
          "start" : 1742432449084,
          "stop" : 1742432449839,
          "duration" : 755
        }
      }, {
        "uid" : "a5d6931c434435da",
        "reportUrl" : "https://Brain-up.github.io/auto-tests-python/513//#testresult/a5d6931c434435da",
        "status" : "passed",
        "time" : {
          "start" : 1742416219193,
          "stop" : 1742416219924,
          "duration" : 731
        }
      }, {
        "uid" : "e32c19587ef3af5d",
        "reportUrl" : "https://Brain-up.github.io/auto-tests-python/308//#testresult/e32c19587ef3af5d",
        "status" : "passed",
        "time" : {
          "start" : 1742346113073,
          "stop" : 1742346113824,
          "duration" : 751
        }
      }, {
        "uid" : "9864bfa9fcb2a2a8",
        "reportUrl" : "https://Brain-up.github.io/auto-tests-python/512//#testresult/9864bfa9fcb2a2a8",
        "status" : "passed",
        "time" : {
          "start" : 1742280034135,
          "stop" : 1742280034886,
          "duration" : 751
        }
      }, {
        "uid" : "cf238a7aa2b1f375",
        "reportUrl" : "https://Brain-up.github.io/auto-tests-python/307//#testresult/cf238a7aa2b1f375",
        "status" : "passed",
        "time" : {
          "start" : 1742259672067,
          "stop" : 1742259672810,
          "duration" : 743
        }
      }, {
        "uid" : "273ddaf74e1aa5ba",
        "reportUrl" : "https://Brain-up.github.io/auto-tests-python/511//#testresult/273ddaf74e1aa5ba",
        "status" : "passed",
        "time" : {
          "start" : 1742230578425,
          "stop" : 1742230579234,
          "duration" : 809
        }
      }, {
        "uid" : "2cb616556d436ef0",
        "reportUrl" : "https://Brain-up.github.io/auto-tests-python/306//#testresult/2cb616556d436ef0",
        "status" : "passed",
        "time" : {
          "start" : 1742173400174,
          "stop" : 1742173400915,
          "duration" : 741
        }
      }, {
        "uid" : "1132b676df644bfd",
        "reportUrl" : "https://Brain-up.github.io/auto-tests-python/510//#testresult/1132b676df644bfd",
        "status" : "passed",
        "time" : {
          "start" : 1742154968541,
          "stop" : 1742154969281,
          "duration" : 740
        }
      }, {
        "uid" : "abda004cf85d525d",
        "reportUrl" : "https://Brain-up.github.io/auto-tests-python/305//#testresult/abda004cf85d525d",
        "status" : "passed",
        "time" : {
          "start" : 1742087139903,
          "stop" : 1742087140647,
          "duration" : 744
        }
      }, {
        "uid" : "de6ba327af83fbfe",
        "reportUrl" : "https://Brain-up.github.io/auto-tests-python/509//#testresult/de6ba327af83fbfe",
        "status" : "passed",
        "time" : {
          "start" : 1742071562678,
          "stop" : 1742071563422,
          "duration" : 744
        }
      }, {
        "uid" : "b5f3bfde35270a",
        "reportUrl" : "https://Brain-up.github.io/auto-tests-python/304//#testresult/b5f3bfde35270a",
        "status" : "passed",
        "time" : {
          "start" : 1742000391750,
          "stop" : 1742000392495,
          "duration" : 745
        }
      } ]
    },
    "tags" : [ ]
  },
  "source" : "fa84e62e7e22f48a.json",
  "parameterValues" : [ ]
}