{
  "uid" : "cad535cbe1d46cc",
  "name" : "Check progres-bar and buttons.",
  "fullName" : "tests.test_speech_exercises_en.TestCardsEN#test_progress_bar_is_present_en",
  "historyId" : "efb827312bdd34b296637645e49b0897",
  "time" : {
    "start" : 1746425978435,
    "stop" : 1746425998655,
    "duration" : 20220
  },
  "status" : "skipped",
  "statusMessage" : "XFAIL\n\nselenium.common.exceptions.TimeoutException: Message: Can't find element by locator ('xpath', '//button[@data-test-active-link=\"Words\"]')\nStacktrace:\n#0 0x5583bc61a75a <unknown>\n#1 0x5583bc0cd4b0 <unknown>\n#2 0x5583bc11e9b3 <unknown>\n#3 0x5583bc11eba1 <unknown>\n#4 0x5583bc16d1f4 <unknown>\n#5 0x5583bc1445bd <unknown>\n#6 0x5583bc16a5e0 <unknown>\n#7 0x5583bc144363 <unknown>\n#8 0x5583bc110d63 <unknown>\n#9 0x5583bc1119c1 <unknown>\n#10 0x5583bc5dfa6b <unknown>\n#11 0x5583bc5e3951 <unknown>\n#12 0x5583bc5c7b62 <unknown>\n#13 0x5583bc5e44c4 <unknown>\n#14 0x5583bc5ac13f <unknown>\n#15 0x5583bc6086f8 <unknown>\n#16 0x5583bc6088d6 <unknown>\n#17 0x5583bc6195a6 <unknown>\n#18 0x7f86d629caa4 <unknown>\n#19 0x7f86d6329c3c <unknown>",
  "statusTrace" : "self = <tests.test_speech_exercises_en.TestCardsEN object at 0x7ff5e7fec7a0>\ndriver = <selenium.webdriver.chrome.webdriver.WebDriver (session=\"0cd19620ebb8ad03a5ba6505e165a4c4\")>\nspecialist_user_authorized = None\n\n    @pytest.mark.xfail\n    @allure.suite(\"Speech exercises EN.\")\n    @allure.title('Check progres-bar and buttons.')\n    def test_progress_bar_is_present_en(self, driver, specialist_user_authorized):\n        page = SpeechExercisesPage(driver)\n>       page.select_group(SpeechExercisesPageLocators.WORDS_BUTTON_EN)\n\ntests/test_speech_exercises_en.py:34: \n_ _ _ _ _ _ _ _ _ _ _ _ _ _ _ _ _ _ _ _ _ _ _ _ _ _ _ _ _ _ _ _ _ _ _ _ _ _ _ _ \npages/speech_exercises_page_en.py:18: in select_group\n    text_of_the_button = self.element_is_present_and_clickable(selector_for_sub_group)\npages/base_page.py:40: in element_is_present_and_clickable\n    return (Wait(self.driver, self.timeout).until(\n_ _ _ _ _ _ _ _ _ _ _ _ _ _ _ _ _ _ _ _ _ _ _ _ _ _ _ _ _ _ _ _ _ _ _ _ _ _ _ _ \n\nself = <selenium.webdriver.support.wait.WebDriverWait (session=\"0cd19620ebb8ad03a5ba6505e165a4c4\")>\nmethod = <function visibility_of_element_located.<locals>._predicate at 0x7ff5e80f0fe0>\nmessage = 'Can\\'t find element by locator (\\'xpath\\', \\'//button[@data-test-active-link=\"Words\"]\\')'\n\n    def until(self, method, message: str = \"\"):\n        \"\"\"Calls the method provided with the driver as an argument until the \\\n        return value does not evaluate to ``False``.\n    \n        :param method: callable(WebDriver)\n        :param message: optional message for :exc:`TimeoutException`\n        :returns: the result of the last call to `method`\n        :raises: :exc:`selenium.common.exceptions.TimeoutException` if timeout occurs\n        \"\"\"\n        screen = None\n        stacktrace = None\n    \n        end_time = time.monotonic() + self._timeout\n        while True:\n            try:\n                value = method(self._driver)\n                if value:\n                    return value\n            except self._ignored_exceptions as exc:\n                screen = getattr(exc, \"screen\", None)\n                stacktrace = getattr(exc, \"stacktrace\", None)\n            time.sleep(self._poll)\n            if time.monotonic() > end_time:\n                break\n>       raise TimeoutException(message, screen, stacktrace)\nE       selenium.common.exceptions.TimeoutException: Message: Can't find element by locator ('xpath', '//button[@data-test-active-link=\"Words\"]')\nE       Stacktrace:\nE       #0 0x5583bc61a75a <unknown>\nE       #1 0x5583bc0cd4b0 <unknown>\nE       #2 0x5583bc11e9b3 <unknown>\nE       #3 0x5583bc11eba1 <unknown>\nE       #4 0x5583bc16d1f4 <unknown>\nE       #5 0x5583bc1445bd <unknown>\nE       #6 0x5583bc16a5e0 <unknown>\nE       #7 0x5583bc144363 <unknown>\nE       #8 0x5583bc110d63 <unknown>\nE       #9 0x5583bc1119c1 <unknown>\nE       #10 0x5583bc5dfa6b <unknown>\nE       #11 0x5583bc5e3951 <unknown>\nE       #12 0x5583bc5c7b62 <unknown>\nE       #13 0x5583bc5e44c4 <unknown>\nE       #14 0x5583bc5ac13f <unknown>\nE       #15 0x5583bc6086f8 <unknown>\nE       #16 0x5583bc6088d6 <unknown>\nE       #17 0x5583bc6195a6 <unknown>\nE       #18 0x7f86d629caa4 <unknown>\nE       #19 0x7f86d6329c3c <unknown>\n\n/opt/hostedtoolcache/Python/3.12.10/x64/lib/python3.12/site-packages/selenium/webdriver/support/wait.py:95: TimeoutException",
  "flaky" : false,
  "newFailed" : false,
  "beforeStages" : [ {
    "name" : "specialist_user_authorized",
    "time" : {
      "start" : 1746425975494,
      "stop" : 1746425978435,
      "duration" : 2941
    },
    "status" : "passed",
    "steps" : [ {
      "name" : "USER specialist authorized",
      "time" : {
        "start" : 1746425975494,
        "stop" : 1746425978435,
        "duration" : 2941
      },
      "status" : "passed",
      "steps" : [ {
        "name" : "Check url is present: https://www.brainup.site/groups",
        "time" : {
          "start" : 1746425975891,
          "stop" : 1746425978412,
          "duration" : 2521
        },
        "status" : "passed",
        "steps" : [ ],
        "attachments" : [ ],
        "parameters" : [ ],
        "stepsCount" : 0,
        "attachmentsCount" : 0,
        "shouldDisplayMessage" : false,
        "hasContent" : false
      }, {
        "name" : "Loader checking",
        "time" : {
          "start" : 1746425978412,
          "stop" : 1746425978435,
          "duration" : 23
        },
        "status" : "passed",
        "steps" : [ ],
        "attachments" : [ ],
        "parameters" : [ ],
        "stepsCount" : 0,
        "attachmentsCount" : 0,
        "shouldDisplayMessage" : false,
        "hasContent" : false
      } ],
      "attachments" : [ ],
      "parameters" : [ {
        "name" : "driver",
        "value" : "<selenium.webdriver.chrome.webdriver.WebDriver (session=\"0cd19620ebb8ad03a5ba6505e165a4c4\")>"
      }, {
        "name" : "main_page_open",
        "value" : "None"
      } ],
      "stepsCount" : 2,
      "attachmentsCount" : 0,
      "shouldDisplayMessage" : false,
      "hasContent" : true
    } ],
    "attachments" : [ ],
    "parameters" : [ ],
    "stepsCount" : 3,
    "attachmentsCount" : 0,
    "shouldDisplayMessage" : false,
    "hasContent" : true
  }, {
    "name" : "clear_allure_results_folder",
    "time" : {
      "start" : 1746424745162,
      "stop" : 1746424745162,
      "duration" : 0
    },
    "status" : "passed",
    "steps" : [ ],
    "attachments" : [ ],
    "parameters" : [ ],
    "stepsCount" : 0,
    "attachmentsCount" : 0,
    "shouldDisplayMessage" : false,
    "hasContent" : false
  }, {
    "name" : "main_page_open",
    "time" : {
      "start" : 1746425972884,
      "stop" : 1746425975494,
      "duration" : 2610
    },
    "status" : "passed",
    "steps" : [ {
      "name" : "Open page: https://www.brainup.site/",
      "time" : {
        "start" : 1746425972884,
        "stop" : 1746425975494,
        "duration" : 2610
      },
      "status" : "passed",
      "steps" : [ ],
      "attachments" : [ ],
      "parameters" : [ {
        "name" : "driver",
        "value" : "<selenium.webdriver.chrome.webdriver.WebDriver (session=\"0cd19620ebb8ad03a5ba6505e165a4c4\")>"
      } ],
      "stepsCount" : 0,
      "attachmentsCount" : 0,
      "shouldDisplayMessage" : false,
      "hasContent" : true
    } ],
    "attachments" : [ ],
    "parameters" : [ ],
    "stepsCount" : 1,
    "attachmentsCount" : 0,
    "shouldDisplayMessage" : false,
    "hasContent" : true
  }, {
    "name" : "driver",
    "time" : {
      "start" : 1746425972053,
      "stop" : 1746425972884,
      "duration" : 831
    },
    "status" : "passed",
    "steps" : [ ],
    "attachments" : [ ],
    "parameters" : [ ],
    "stepsCount" : 0,
    "attachmentsCount" : 0,
    "shouldDisplayMessage" : false,
    "hasContent" : false
  } ],
  "testStage" : {
    "status" : "skipped",
    "statusMessage" : "XFAIL\n\nselenium.common.exceptions.TimeoutException: Message: Can't find element by locator ('xpath', '//button[@data-test-active-link=\"Words\"]')\nStacktrace:\n#0 0x5583bc61a75a <unknown>\n#1 0x5583bc0cd4b0 <unknown>\n#2 0x5583bc11e9b3 <unknown>\n#3 0x5583bc11eba1 <unknown>\n#4 0x5583bc16d1f4 <unknown>\n#5 0x5583bc1445bd <unknown>\n#6 0x5583bc16a5e0 <unknown>\n#7 0x5583bc144363 <unknown>\n#8 0x5583bc110d63 <unknown>\n#9 0x5583bc1119c1 <unknown>\n#10 0x5583bc5dfa6b <unknown>\n#11 0x5583bc5e3951 <unknown>\n#12 0x5583bc5c7b62 <unknown>\n#13 0x5583bc5e44c4 <unknown>\n#14 0x5583bc5ac13f <unknown>\n#15 0x5583bc6086f8 <unknown>\n#16 0x5583bc6088d6 <unknown>\n#17 0x5583bc6195a6 <unknown>\n#18 0x7f86d629caa4 <unknown>\n#19 0x7f86d6329c3c <unknown>",
    "statusTrace" : "self = <tests.test_speech_exercises_en.TestCardsEN object at 0x7ff5e7fec7a0>\ndriver = <selenium.webdriver.chrome.webdriver.WebDriver (session=\"0cd19620ebb8ad03a5ba6505e165a4c4\")>\nspecialist_user_authorized = None\n\n    @pytest.mark.xfail\n    @allure.suite(\"Speech exercises EN.\")\n    @allure.title('Check progres-bar and buttons.')\n    def test_progress_bar_is_present_en(self, driver, specialist_user_authorized):\n        page = SpeechExercisesPage(driver)\n>       page.select_group(SpeechExercisesPageLocators.WORDS_BUTTON_EN)\n\ntests/test_speech_exercises_en.py:34: \n_ _ _ _ _ _ _ _ _ _ _ _ _ _ _ _ _ _ _ _ _ _ _ _ _ _ _ _ _ _ _ _ _ _ _ _ _ _ _ _ \npages/speech_exercises_page_en.py:18: in select_group\n    text_of_the_button = self.element_is_present_and_clickable(selector_for_sub_group)\npages/base_page.py:40: in element_is_present_and_clickable\n    return (Wait(self.driver, self.timeout).until(\n_ _ _ _ _ _ _ _ _ _ _ _ _ _ _ _ _ _ _ _ _ _ _ _ _ _ _ _ _ _ _ _ _ _ _ _ _ _ _ _ \n\nself = <selenium.webdriver.support.wait.WebDriverWait (session=\"0cd19620ebb8ad03a5ba6505e165a4c4\")>\nmethod = <function visibility_of_element_located.<locals>._predicate at 0x7ff5e80f0fe0>\nmessage = 'Can\\'t find element by locator (\\'xpath\\', \\'//button[@data-test-active-link=\"Words\"]\\')'\n\n    def until(self, method, message: str = \"\"):\n        \"\"\"Calls the method provided with the driver as an argument until the \\\n        return value does not evaluate to ``False``.\n    \n        :param method: callable(WebDriver)\n        :param message: optional message for :exc:`TimeoutException`\n        :returns: the result of the last call to `method`\n        :raises: :exc:`selenium.common.exceptions.TimeoutException` if timeout occurs\n        \"\"\"\n        screen = None\n        stacktrace = None\n    \n        end_time = time.monotonic() + self._timeout\n        while True:\n            try:\n                value = method(self._driver)\n                if value:\n                    return value\n            except self._ignored_exceptions as exc:\n                screen = getattr(exc, \"screen\", None)\n                stacktrace = getattr(exc, \"stacktrace\", None)\n            time.sleep(self._poll)\n            if time.monotonic() > end_time:\n                break\n>       raise TimeoutException(message, screen, stacktrace)\nE       selenium.common.exceptions.TimeoutException: Message: Can't find element by locator ('xpath', '//button[@data-test-active-link=\"Words\"]')\nE       Stacktrace:\nE       #0 0x5583bc61a75a <unknown>\nE       #1 0x5583bc0cd4b0 <unknown>\nE       #2 0x5583bc11e9b3 <unknown>\nE       #3 0x5583bc11eba1 <unknown>\nE       #4 0x5583bc16d1f4 <unknown>\nE       #5 0x5583bc1445bd <unknown>\nE       #6 0x5583bc16a5e0 <unknown>\nE       #7 0x5583bc144363 <unknown>\nE       #8 0x5583bc110d63 <unknown>\nE       #9 0x5583bc1119c1 <unknown>\nE       #10 0x5583bc5dfa6b <unknown>\nE       #11 0x5583bc5e3951 <unknown>\nE       #12 0x5583bc5c7b62 <unknown>\nE       #13 0x5583bc5e44c4 <unknown>\nE       #14 0x5583bc5ac13f <unknown>\nE       #15 0x5583bc6086f8 <unknown>\nE       #16 0x5583bc6088d6 <unknown>\nE       #17 0x5583bc6195a6 <unknown>\nE       #18 0x7f86d629caa4 <unknown>\nE       #19 0x7f86d6329c3c <unknown>\n\n/opt/hostedtoolcache/Python/3.12.10/x64/lib/python3.12/site-packages/selenium/webdriver/support/wait.py:95: TimeoutException",
    "steps" : [ {
      "name" : "select_group",
      "time" : {
        "start" : 1746425978436,
        "stop" : 1746425998655,
        "duration" : 20219
      },
      "status" : "broken",
      "statusMessage" : "selenium.common.exceptions.TimeoutException: Message: Can't find element by locator ('xpath', '//button[@data-test-active-link=\"Words\"]')\nStacktrace:\n#0 0x5583bc61a75a <unknown>\n#1 0x5583bc0cd4b0 <unknown>\n#2 0x5583bc11e9b3 <unknown>\n#3 0x5583bc11eba1 <unknown>\n#4 0x5583bc16d1f4 <unknown>\n#5 0x5583bc1445bd <unknown>\n#6 0x5583bc16a5e0 <unknown>\n#7 0x5583bc144363 <unknown>\n#8 0x5583bc110d63 <unknown>\n#9 0x5583bc1119c1 <unknown>\n#10 0x5583bc5dfa6b <unknown>\n#11 0x5583bc5e3951 <unknown>\n#12 0x5583bc5c7b62 <unknown>\n#13 0x5583bc5e44c4 <unknown>\n#14 0x5583bc5ac13f <unknown>\n#15 0x5583bc6086f8 <unknown>\n#16 0x5583bc6088d6 <unknown>\n#17 0x5583bc6195a6 <unknown>\n#18 0x7f86d629caa4 <unknown>\n#19 0x7f86d6329c3c <unknown>\n\n",
      "statusTrace" : "  File \"/opt/hostedtoolcache/Python/3.12.10/x64/lib/python3.12/site-packages/allure_commons/_allure.py\", line 192, in impl\n    return func(*a, **kw)\n           ^^^^^^^^^^^^^^\n  File \"/home/runner/work/auto-tests-python/auto-tests-python/pages/speech_exercises_page_en.py\", line 18, in select_group\n    text_of_the_button = self.element_is_present_and_clickable(selector_for_sub_group)\n                         ^^^^^^^^^^^^^^^^^^^^^^^^^^^^^^^^^^^^^^^^^^^^^^^^^^^^^^^^^^^^^\n  File \"/home/runner/work/auto-tests-python/auto-tests-python/pages/base_page.py\", line 40, in element_is_present_and_clickable\n    return (Wait(self.driver, self.timeout).until(\n            ^^^^^^^^^^^^^^^^^^^^^^^^^^^^^^^^^^^^^^\n  File \"/opt/hostedtoolcache/Python/3.12.10/x64/lib/python3.12/site-packages/selenium/webdriver/support/wait.py\", line 95, in until\n    raise TimeoutException(message, screen, stacktrace)\n",
      "steps" : [ {
        "name" : "Select Russian language. Click \"EN\" button.",
        "time" : {
          "start" : 1746425978436,
          "stop" : 1746425978509,
          "duration" : 73
        },
        "status" : "passed",
        "steps" : [ ],
        "attachments" : [ ],
        "parameters" : [ ],
        "stepsCount" : 0,
        "attachmentsCount" : 0,
        "shouldDisplayMessage" : false,
        "hasContent" : false
      }, {
        "name" : "Click button \"SPEECH EXERCISES\".",
        "time" : {
          "start" : 1746425978509,
          "stop" : 1746425978583,
          "duration" : 74
        },
        "status" : "passed",
        "steps" : [ ],
        "attachments" : [ ],
        "parameters" : [ ],
        "stepsCount" : 0,
        "attachmentsCount" : 0,
        "shouldDisplayMessage" : false,
        "hasContent" : false
      } ],
      "attachments" : [ ],
      "parameters" : [ {
        "name" : "selector_for_sub_group",
        "value" : "('xpath', '//button[@data-test-active-link=\"Words\"]')"
      } ],
      "stepsCount" : 2,
      "attachmentsCount" : 0,
      "shouldDisplayMessage" : true,
      "hasContent" : true
    } ],
    "attachments" : [ ],
    "parameters" : [ ],
    "stepsCount" : 3,
    "attachmentsCount" : 0,
    "shouldDisplayMessage" : true,
    "hasContent" : true
  },
  "afterStages" : [ {
    "name" : "driver::0",
    "time" : {
      "start" : 1746425998666,
      "stop" : 1746425998732,
      "duration" : 66
    },
    "status" : "passed",
    "steps" : [ ],
    "attachments" : [ ],
    "parameters" : [ ],
    "stepsCount" : 0,
    "attachmentsCount" : 0,
    "shouldDisplayMessage" : false,
    "hasContent" : false
  } ],
  "labels" : [ {
    "name" : "epic",
    "value" : "Speech exercises."
  }, {
    "name" : "suite",
    "value" : "Speech exercises EN."
  }, {
    "name" : "tag",
    "value" : "@pytest.mark.xfail"
  }, {
    "name" : "parentSuite",
    "value" : "tests"
  }, {
    "name" : "subSuite",
    "value" : "TestCardsEN"
  }, {
    "name" : "host",
    "value" : "fv-az1786-763"
  }, {
    "name" : "thread",
    "value" : "2429-MainThread"
  }, {
    "name" : "framework",
    "value" : "pytest"
  }, {
    "name" : "language",
    "value" : "cpython3"
  }, {
    "name" : "package",
    "value" : "tests.test_speech_exercises_en"
  }, {
    "name" : "resultFormat",
    "value" : "allure2"
  } ],
  "parameters" : [ ],
  "links" : [ ],
  "hidden" : false,
  "retry" : false,
  "extra" : {
    "severity" : "normal",
    "retries" : [ ],
    "categories" : [ ],
    "history" : {
      "statistic" : {
        "failed" : 0,
        "broken" : 0,
        "skipped" : 133,
        "passed" : 2,
        "unknown" : 0,
        "total" : 135
      },
      "items" : [ {
        "uid" : "197d3636cf92b89b",
        "reportUrl" : "https://Brain-up.github.io/auto-tests-python/355//#testresult/197d3636cf92b89b",
        "status" : "skipped",
        "statusDetails" : "XFAIL\n\nselenium.common.exceptions.TimeoutException: Message: Can't find element by locator ('xpath', '//button[@data-test-active-link=\"Words\"]')\nStacktrace:\n#0 0x5621d042275a <unknown>\n#1 0x5621cfed54b0 <unknown>\n#2 0x5621cff269b3 <unknown>\n#3 0x5621cff26ba1 <unknown>\n#4 0x5621cff751f4 <unknown>\n#5 0x5621cff4c5bd <unknown>\n#6 0x5621cff725e0 <unknown>\n#7 0x5621cff4c363 <unknown>\n#8 0x5621cff18d63 <unknown>\n#9 0x5621cff199c1 <unknown>\n#10 0x5621d03e7a6b <unknown>\n#11 0x5621d03eb951 <unknown>\n#12 0x5621d03cfb62 <unknown>\n#13 0x5621d03ec4c4 <unknown>\n#14 0x5621d03b413f <unknown>\n#15 0x5621d04106f8 <unknown>\n#16 0x5621d04108d6 <unknown>\n#17 0x5621d04215a6 <unknown>\n#18 0x7f487bc9caa4 <unknown>\n#19 0x7f487bd29c3c <unknown>",
        "time" : {
          "start" : 1746408481167,
          "stop" : 1746408501396,
          "duration" : 20229
        }
      }, {
        "uid" : "7cb932d940e30461",
        "reportUrl" : "https://Brain-up.github.io/auto-tests-python/559//#testresult/7cb932d940e30461",
        "status" : "skipped",
        "statusDetails" : "XFAIL\n\nselenium.common.exceptions.TimeoutException: Message: Can't find element by locator ('xpath', '//button[@data-test-active-link=\"Words\"]')\nStacktrace:\n#0 0x56528198875a <unknown>\n#1 0x56528143b4b0 <unknown>\n#2 0x56528148c9b3 <unknown>\n#3 0x56528148cba1 <unknown>\n#4 0x5652814db1f4 <unknown>\n#5 0x5652814b25bd <unknown>\n#6 0x5652814d85e0 <unknown>\n#7 0x5652814b2363 <unknown>\n#8 0x56528147ed63 <unknown>\n#9 0x56528147f9c1 <unknown>\n#10 0x56528194da6b <unknown>\n#11 0x565281951951 <unknown>\n#12 0x565281935b62 <unknown>\n#13 0x5652819524c4 <unknown>\n#14 0x56528191a13f <unknown>\n#15 0x5652819766f8 <unknown>\n#16 0x5652819768d6 <unknown>\n#17 0x5652819875a6 <unknown>\n#18 0x7ff92309caa4 <unknown>\n#19 0x7ff923129c3c <unknown>",
        "time" : {
          "start" : 1746363930851,
          "stop" : 1746363951016,
          "duration" : 20165
        }
      }, {
        "uid" : "23b076812e98b20d",
        "reportUrl" : "https://Brain-up.github.io/auto-tests-python/354//#testresult/23b076812e98b20d",
        "status" : "skipped",
        "statusDetails" : "XFAIL\n\nselenium.common.exceptions.TimeoutException: Message: Can't find element by locator ('xpath', '//button[@data-test-active-link=\"Words\"]')\nStacktrace:\n#0 0x55ade79a975a <unknown>\n#1 0x55ade745c4b0 <unknown>\n#2 0x55ade74ad9b3 <unknown>\n#3 0x55ade74adba1 <unknown>\n#4 0x55ade74fc1f4 <unknown>\n#5 0x55ade74d35bd <unknown>\n#6 0x55ade74f95e0 <unknown>\n#7 0x55ade74d3363 <unknown>\n#8 0x55ade749fd63 <unknown>\n#9 0x55ade74a09c1 <unknown>\n#10 0x55ade796ea6b <unknown>\n#11 0x55ade7972951 <unknown>\n#12 0x55ade7956b62 <unknown>\n#13 0x55ade79734c4 <unknown>\n#14 0x55ade793b13f <unknown>\n#15 0x55ade79976f8 <unknown>\n#16 0x55ade79978d6 <unknown>\n#17 0x55ade79a85a6 <unknown>\n#18 0x7f73ff09caa4 <unknown>\n#19 0x7f73ff129c3c <unknown>",
        "time" : {
          "start" : 1746322252428,
          "stop" : 1746322273079,
          "duration" : 20651
        }
      }, {
        "uid" : "7cb4b938dba46de8",
        "reportUrl" : "https://Brain-up.github.io/auto-tests-python/558//#testresult/7cb4b938dba46de8",
        "status" : "skipped",
        "statusDetails" : "XFAIL\n\nselenium.common.exceptions.TimeoutException: Message: Can't find element by locator ('xpath', '//button[@data-test-active-link=\"Words\"]')\nStacktrace:\n#0 0x55e56dcad75a <unknown>\n#1 0x55e56d7604b0 <unknown>\n#2 0x55e56d7b19b3 <unknown>\n#3 0x55e56d7b1ba1 <unknown>\n#4 0x55e56d8001f4 <unknown>\n#5 0x55e56d7d75bd <unknown>\n#6 0x55e56d7fd5e0 <unknown>\n#7 0x55e56d7d7363 <unknown>\n#8 0x55e56d7a3d63 <unknown>\n#9 0x55e56d7a49c1 <unknown>\n#10 0x55e56dc72a6b <unknown>\n#11 0x55e56dc76951 <unknown>\n#12 0x55e56dc5ab62 <unknown>\n#13 0x55e56dc774c4 <unknown>\n#14 0x55e56dc3f13f <unknown>\n#15 0x55e56dc9b6f8 <unknown>\n#16 0x55e56dc9b8d6 <unknown>\n#17 0x55e56dcac5a6 <unknown>\n#18 0x7f42b809caa4 <unknown>\n#19 0x7f42b8129c3c <unknown>",
        "time" : {
          "start" : 1746276332147,
          "stop" : 1746276352301,
          "duration" : 20154
        }
      }, {
        "uid" : "99ae6d9cf419d125",
        "reportUrl" : "https://Brain-up.github.io/auto-tests-python/353//#testresult/99ae6d9cf419d125",
        "status" : "skipped",
        "statusDetails" : "XFAIL\n\nselenium.common.exceptions.TimeoutException: Message: Can't find element by locator ('xpath', '//button[@data-test-active-link=\"Words\"]')\nStacktrace:\n#0 0x55efc045475a <unknown>\n#1 0x55efbff074b0 <unknown>\n#2 0x55efbff589b3 <unknown>\n#3 0x55efbff58ba1 <unknown>\n#4 0x55efbffa71f4 <unknown>\n#5 0x55efbff7e5bd <unknown>\n#6 0x55efbffa45e0 <unknown>\n#7 0x55efbff7e363 <unknown>\n#8 0x55efbff4ad63 <unknown>\n#9 0x55efbff4b9c1 <unknown>\n#10 0x55efc0419a6b <unknown>\n#11 0x55efc041d951 <unknown>\n#12 0x55efc0401b62 <unknown>\n#13 0x55efc041e4c4 <unknown>\n#14 0x55efc03e613f <unknown>\n#15 0x55efc04426f8 <unknown>\n#16 0x55efc04428d6 <unknown>\n#17 0x55efc04535a6 <unknown>\n#18 0x7fc9cee9caa4 <unknown>\n#19 0x7fc9cef29c3c <unknown>",
        "time" : {
          "start" : 1746235601080,
          "stop" : 1746235621243,
          "duration" : 20163
        }
      }, {
        "uid" : "fb4e6c01b4f797a1",
        "reportUrl" : "https://Brain-up.github.io/auto-tests-python/557//#testresult/fb4e6c01b4f797a1",
        "status" : "skipped",
        "statusDetails" : "XFAIL\n\nselenium.common.exceptions.TimeoutException: Message: Can't find element by locator ('xpath', '//button[@data-test-active-link=\"Words\"]')\nStacktrace:\n#0 0x558ffa2ef75a <unknown>\n#1 0x558ff9da24b0 <unknown>\n#2 0x558ff9df39b3 <unknown>\n#3 0x558ff9df3ba1 <unknown>\n#4 0x558ff9e421f4 <unknown>\n#5 0x558ff9e195bd <unknown>\n#6 0x558ff9e3f5e0 <unknown>\n#7 0x558ff9e19363 <unknown>\n#8 0x558ff9de5d63 <unknown>\n#9 0x558ff9de69c1 <unknown>\n#10 0x558ffa2b4a6b <unknown>\n#11 0x558ffa2b8951 <unknown>\n#12 0x558ffa29cb62 <unknown>\n#13 0x558ffa2b94c4 <unknown>\n#14 0x558ffa28113f <unknown>\n#15 0x558ffa2dd6f8 <unknown>\n#16 0x558ffa2dd8d6 <unknown>\n#17 0x558ffa2ee5a6 <unknown>\n#18 0x7f01c629caa4 <unknown>\n#19 0x7f01c6329c3c <unknown>",
        "time" : {
          "start" : 1746216136727,
          "stop" : 1746216156903,
          "duration" : 20176
        }
      }, {
        "uid" : "dc5d27243581128d",
        "reportUrl" : "https://Brain-up.github.io/auto-tests-python/352//#testresult/dc5d27243581128d",
        "status" : "skipped",
        "statusDetails" : "XFAIL\n\nselenium.common.exceptions.TimeoutException: Message: Can't find element by locator ('xpath', '//button[@data-test-active-link=\"Words\"]')\nStacktrace:\n#0 0x559b8aa7a75a <unknown>\n#1 0x559b8a52d4b0 <unknown>\n#2 0x559b8a57e9b3 <unknown>\n#3 0x559b8a57eba1 <unknown>\n#4 0x559b8a5cd1f4 <unknown>\n#5 0x559b8a5a45bd <unknown>\n#6 0x559b8a5ca5e0 <unknown>\n#7 0x559b8a5a4363 <unknown>\n#8 0x559b8a570d63 <unknown>\n#9 0x559b8a5719c1 <unknown>\n#10 0x559b8aa3fa6b <unknown>\n#11 0x559b8aa43951 <unknown>\n#12 0x559b8aa27b62 <unknown>\n#13 0x559b8aa444c4 <unknown>\n#14 0x559b8aa0c13f <unknown>\n#15 0x559b8aa686f8 <unknown>\n#16 0x559b8aa688d6 <unknown>\n#17 0x559b8aa795a6 <unknown>\n#18 0x7f39ccc9caa4 <unknown>\n#19 0x7f39ccd29c3c <unknown>",
        "time" : {
          "start" : 1746149187770,
          "stop" : 1746149207936,
          "duration" : 20166
        }
      }, {
        "uid" : "9d3644fc9ab7cd22",
        "reportUrl" : "https://Brain-up.github.io/auto-tests-python/556//#testresult/9d3644fc9ab7cd22",
        "status" : "skipped",
        "statusDetails" : "XFAIL\n\nselenium.common.exceptions.TimeoutException: Message: Can't find element by locator ('xpath', '//button[@data-test-active-link=\"Words\"]')\nStacktrace:\n#0 0x55a9c1a3875a <unknown>\n#1 0x55a9c14eb4b0 <unknown>\n#2 0x55a9c153c9b3 <unknown>\n#3 0x55a9c153cba1 <unknown>\n#4 0x55a9c158b1f4 <unknown>\n#5 0x55a9c15625bd <unknown>\n#6 0x55a9c15885e0 <unknown>\n#7 0x55a9c1562363 <unknown>\n#8 0x55a9c152ed63 <unknown>\n#9 0x55a9c152f9c1 <unknown>\n#10 0x55a9c19fda6b <unknown>\n#11 0x55a9c1a01951 <unknown>\n#12 0x55a9c19e5b62 <unknown>\n#13 0x55a9c1a024c4 <unknown>\n#14 0x55a9c19ca13f <unknown>\n#15 0x55a9c1a266f8 <unknown>\n#16 0x55a9c1a268d6 <unknown>\n#17 0x55a9c1a375a6 <unknown>\n#18 0x7fcc1989caa4 <unknown>\n#19 0x7fcc19929c3c <unknown>",
        "time" : {
          "start" : 1746084233659,
          "stop" : 1746084253861,
          "duration" : 20202
        }
      }, {
        "uid" : "17f55b8ca01720ce",
        "reportUrl" : "https://Brain-up.github.io/auto-tests-python/351//#testresult/17f55b8ca01720ce",
        "status" : "skipped",
        "statusDetails" : "XFAIL\n\nselenium.common.exceptions.TimeoutException: Message: Can't find element by locator ('xpath', '//button[@data-test-active-link=\"Words\"]')\nStacktrace:\n#0 0x563bad86575a <unknown>\n#1 0x563bad3184b0 <unknown>\n#2 0x563bad3699b3 <unknown>\n#3 0x563bad369ba1 <unknown>\n#4 0x563bad3b81f4 <unknown>\n#5 0x563bad38f5bd <unknown>\n#6 0x563bad3b55e0 <unknown>\n#7 0x563bad38f363 <unknown>\n#8 0x563bad35bd63 <unknown>\n#9 0x563bad35c9c1 <unknown>\n#10 0x563bad82aa6b <unknown>\n#11 0x563bad82e951 <unknown>\n#12 0x563bad812b62 <unknown>\n#13 0x563bad82f4c4 <unknown>\n#14 0x563bad7f713f <unknown>\n#15 0x563bad8536f8 <unknown>\n#16 0x563bad8538d6 <unknown>\n#17 0x563bad8645a6 <unknown>\n#18 0x7fecd249caa4 <unknown>\n#19 0x7fecd2529c3c <unknown>",
        "time" : {
          "start" : 1746063121258,
          "stop" : 1746063141909,
          "duration" : 20651
        }
      }, {
        "uid" : "fa97c743c91fb3aa",
        "reportUrl" : "https://Brain-up.github.io/auto-tests-python/555//#testresult/fa97c743c91fb3aa",
        "status" : "skipped",
        "statusDetails" : "XFAIL\n\nselenium.common.exceptions.TimeoutException: Message: Can't find element by locator ('xpath', '//button[@data-test-active-link=\"Words\"]')\nStacktrace:\n#0 0x55b25e65375a <unknown>\n#1 0x55b25e1064b0 <unknown>\n#2 0x55b25e1579b3 <unknown>\n#3 0x55b25e157ba1 <unknown>\n#4 0x55b25e1a61f4 <unknown>\n#5 0x55b25e17d5bd <unknown>\n#6 0x55b25e1a35e0 <unknown>\n#7 0x55b25e17d363 <unknown>\n#8 0x55b25e149d63 <unknown>\n#9 0x55b25e14a9c1 <unknown>\n#10 0x55b25e618a6b <unknown>\n#11 0x55b25e61c951 <unknown>\n#12 0x55b25e600b62 <unknown>\n#13 0x55b25e61d4c4 <unknown>\n#14 0x55b25e5e513f <unknown>\n#15 0x55b25e6416f8 <unknown>\n#16 0x55b25e6418d6 <unknown>\n#17 0x55b25e6525a6 <unknown>\n#18 0x7fb9c129caa4 <unknown>\n#19 0x7fb9c1329c3c <unknown>",
        "time" : {
          "start" : 1746035556952,
          "stop" : 1746035577141,
          "duration" : 20189
        }
      }, {
        "uid" : "e81c942c17ac2317",
        "reportUrl" : "https://Brain-up.github.io/auto-tests-python/350//#testresult/e81c942c17ac2317",
        "status" : "skipped",
        "statusDetails" : "XFAIL\n\nselenium.common.exceptions.TimeoutException: Message: Can't find element by locator ('xpath', '//button[@data-test-active-link=\"Words\"]')\nStacktrace:\n#0 0x564f45e47cea <unknown>\n#1 0x564f458f85f0 <unknown>\n#2 0x564f45949a33 <unknown>\n#3 0x564f45949c21 <unknown>\n#4 0x564f45998274 <unknown>\n#5 0x564f4596f68d <unknown>\n#6 0x564f45995660 <unknown>\n#7 0x564f4596f433 <unknown>\n#8 0x564f4593bea3 <unknown>\n#9 0x564f4593cb01 <unknown>\n#10 0x564f45e0cb3b <unknown>\n#11 0x564f45e10a21 <unknown>\n#12 0x564f45df3c32 <unknown>\n#13 0x564f45e11594 <unknown>\n#14 0x564f45dd7eef <unknown>\n#15 0x564f45e35d98 <unknown>\n#16 0x564f45e35f76 <unknown>\n#17 0x564f45e46b36 <unknown>\n#18 0x7f7fc109caa4 <unknown>\n#19 0x7f7fc1129c3c <unknown>",
        "time" : {
          "start" : 1745976637483,
          "stop" : 1745976657639,
          "duration" : 20156
        }
      }, {
        "uid" : "a37f630b2136d082",
        "reportUrl" : "https://Brain-up.github.io/auto-tests-python/349//#testresult/a37f630b2136d082",
        "status" : "skipped",
        "statusDetails" : "XFAIL\n\nselenium.common.exceptions.TimeoutException: Message: Can't find element by locator ('xpath', '//button[@data-test-active-link=\"Words\"]')\nStacktrace:\n#0 0x5610ea285cea <unknown>\n#1 0x5610e9d365f0 <unknown>\n#2 0x5610e9d87a33 <unknown>\n#3 0x5610e9d87c21 <unknown>\n#4 0x5610e9dd6274 <unknown>\n#5 0x5610e9dad68d <unknown>\n#6 0x5610e9dd3660 <unknown>\n#7 0x5610e9dad433 <unknown>\n#8 0x5610e9d79ea3 <unknown>\n#9 0x5610e9d7ab01 <unknown>\n#10 0x5610ea24ab3b <unknown>\n#11 0x5610ea24ea21 <unknown>\n#12 0x5610ea231c32 <unknown>\n#13 0x5610ea24f594 <unknown>\n#14 0x5610ea215eef <unknown>\n#15 0x5610ea273d98 <unknown>\n#16 0x5610ea273f76 <unknown>\n#17 0x5610ea284b36 <unknown>\n#18 0x7ff94d29caa4 <unknown>\n#19 0x7ff94d329c3c <unknown>",
        "time" : {
          "start" : 1745889984784,
          "stop" : 1745890005445,
          "duration" : 20661
        }
      }, {
        "uid" : "a4835627b6bd801c",
        "reportUrl" : "https://Brain-up.github.io/auto-tests-python/554//#testresult/a4835627b6bd801c",
        "status" : "skipped",
        "statusDetails" : "XFAIL\n\nselenium.common.exceptions.TimeoutException: Message: Can't find element by locator ('xpath', '//button[@data-test-active-link=\"Words\"]')\nStacktrace:\n#0 0x5600b4afa75a <unknown>\n#1 0x5600b45ad4b0 <unknown>\n#2 0x5600b45fe9b3 <unknown>\n#3 0x5600b45feba1 <unknown>\n#4 0x5600b464d1f4 <unknown>\n#5 0x5600b46245bd <unknown>\n#6 0x5600b464a5e0 <unknown>\n#7 0x5600b4624363 <unknown>\n#8 0x5600b45f0d63 <unknown>\n#9 0x5600b45f19c1 <unknown>\n#10 0x5600b4abfa6b <unknown>\n#11 0x5600b4ac3951 <unknown>\n#12 0x5600b4aa7b62 <unknown>\n#13 0x5600b4ac44c4 <unknown>\n#14 0x5600b4a8c13f <unknown>\n#15 0x5600b4ae86f8 <unknown>\n#16 0x5600b4ae88d6 <unknown>\n#17 0x5600b4af95a6 <unknown>\n#18 0x7f120f29caa4 <unknown>\n#19 0x7f120f329c3c <unknown>",
        "time" : {
          "start" : 1745877594658,
          "stop" : 1745877614889,
          "duration" : 20231
        }
      }, {
        "uid" : "66455dcf78e06f7c",
        "reportUrl" : "https://Brain-up.github.io/auto-tests-python/553//#testresult/66455dcf78e06f7c",
        "status" : "skipped",
        "statusDetails" : "XFAIL\n\nselenium.common.exceptions.TimeoutException: Message: Can't find element by locator ('xpath', '//button[@data-test-active-link=\"Words\"]')\nStacktrace:\n#0 0x56371a41ccea <unknown>\n#1 0x563719ecd5f0 <unknown>\n#2 0x563719f1ea33 <unknown>\n#3 0x563719f1ec21 <unknown>\n#4 0x563719f6d274 <unknown>\n#5 0x563719f4468d <unknown>\n#6 0x563719f6a660 <unknown>\n#7 0x563719f44433 <unknown>\n#8 0x563719f10ea3 <unknown>\n#9 0x563719f11b01 <unknown>\n#10 0x56371a3e1b3b <unknown>\n#11 0x56371a3e5a21 <unknown>\n#12 0x56371a3c8c32 <unknown>\n#13 0x56371a3e6594 <unknown>\n#14 0x56371a3aceef <unknown>\n#15 0x56371a40ad98 <unknown>\n#16 0x56371a40af76 <unknown>\n#17 0x56371a41bb36 <unknown>\n#18 0x7f62f9c9caa4 <unknown>\n#19 0x7f62f9d29c3c <unknown>",
        "time" : {
          "start" : 1745866430464,
          "stop" : 1745866450764,
          "duration" : 20300
        }
      }, {
        "uid" : "80f0cab51adcb321",
        "reportUrl" : "https://Brain-up.github.io/auto-tests-python/348//#testresult/80f0cab51adcb321",
        "status" : "skipped",
        "statusDetails" : "XFAIL\n\nselenium.common.exceptions.TimeoutException: Message: Can't find element by locator ('xpath', '//button[@data-test-active-link=\"Words\"]')\nStacktrace:\n#0 0x55aa2f3c4cea <unknown>\n#1 0x55aa2ee755f0 <unknown>\n#2 0x55aa2eec6a33 <unknown>\n#3 0x55aa2eec6c21 <unknown>\n#4 0x55aa2ef15274 <unknown>\n#5 0x55aa2eeec68d <unknown>\n#6 0x55aa2ef12660 <unknown>\n#7 0x55aa2eeec433 <unknown>\n#8 0x55aa2eeb8ea3 <unknown>\n#9 0x55aa2eeb9b01 <unknown>\n#10 0x55aa2f389b3b <unknown>\n#11 0x55aa2f38da21 <unknown>\n#12 0x55aa2f370c32 <unknown>\n#13 0x55aa2f38e594 <unknown>\n#14 0x55aa2f354eef <unknown>\n#15 0x55aa2f3b2d98 <unknown>\n#16 0x55aa2f3b2f76 <unknown>\n#17 0x55aa2f3c3b36 <unknown>\n#18 0x7f5bc309caa4 <unknown>\n#19 0x7f5bc3129c3c <unknown>",
        "time" : {
          "start" : 1745804034177,
          "stop" : 1745804054819,
          "duration" : 20642
        }
      }, {
        "uid" : "8878a6889ed283e6",
        "reportUrl" : "https://Brain-up.github.io/auto-tests-python/552//#testresult/8878a6889ed283e6",
        "status" : "skipped",
        "statusDetails" : "XFAIL\n\nselenium.common.exceptions.TimeoutException: Message: Can't find element by locator ('xpath', '//button[@data-test-active-link=\"Words\"]')\nStacktrace:\n#0 0x55b681b01cea <unknown>\n#1 0x55b6815b25f0 <unknown>\n#2 0x55b681603a33 <unknown>\n#3 0x55b681603c21 <unknown>\n#4 0x55b681652274 <unknown>\n#5 0x55b68162968d <unknown>\n#6 0x55b68164f660 <unknown>\n#7 0x55b681629433 <unknown>\n#8 0x55b6815f5ea3 <unknown>\n#9 0x55b6815f6b01 <unknown>\n#10 0x55b681ac6b3b <unknown>\n#11 0x55b681acaa21 <unknown>\n#12 0x55b681aadc32 <unknown>\n#13 0x55b681acb594 <unknown>\n#14 0x55b681a91eef <unknown>\n#15 0x55b681aefd98 <unknown>\n#16 0x55b681aeff76 <unknown>\n#17 0x55b681b00b36 <unknown>\n#18 0x7fe69fe9caa4 <unknown>\n#19 0x7fe69ff29c3c <unknown>",
        "time" : {
          "start" : 1745773675950,
          "stop" : 1745773696605,
          "duration" : 20655
        }
      }, {
        "uid" : "5ac9320b938bb520",
        "reportUrl" : "https://Brain-up.github.io/auto-tests-python/347//#testresult/5ac9320b938bb520",
        "status" : "skipped",
        "statusDetails" : "XFAIL\n\nselenium.common.exceptions.TimeoutException: Message: Can't find element by locator ('xpath', '//button[@data-test-active-link=\"Words\"]')\nStacktrace:\n#0 0x5582d6f24cea <unknown>\n#1 0x5582d69d55f0 <unknown>\n#2 0x5582d6a26a33 <unknown>\n#3 0x5582d6a26c21 <unknown>\n#4 0x5582d6a75274 <unknown>\n#5 0x5582d6a4c68d <unknown>\n#6 0x5582d6a72660 <unknown>\n#7 0x5582d6a4c433 <unknown>\n#8 0x5582d6a18ea3 <unknown>\n#9 0x5582d6a19b01 <unknown>\n#10 0x5582d6ee9b3b <unknown>\n#11 0x5582d6eeda21 <unknown>\n#12 0x5582d6ed0c32 <unknown>\n#13 0x5582d6eee594 <unknown>\n#14 0x5582d6eb4eef <unknown>\n#15 0x5582d6f12d98 <unknown>\n#16 0x5582d6f12f76 <unknown>\n#17 0x5582d6f23b36 <unknown>\n#18 0x7f9c6aa9caa4 <unknown>\n#19 0x7f9c6ab29c3c <unknown>",
        "time" : {
          "start" : 1745717512457,
          "stop" : 1745717532644,
          "duration" : 20187
        }
      }, {
        "uid" : "63495f274d739977",
        "reportUrl" : "https://Brain-up.github.io/auto-tests-python/551//#testresult/63495f274d739977",
        "status" : "skipped",
        "statusDetails" : "XFAIL\n\nselenium.common.exceptions.TimeoutException: Message: Can't find element by locator ('xpath', '//button[@data-test-active-link=\"Words\"]')\nStacktrace:\n#0 0x557eea04acea <unknown>\n#1 0x557ee9afb5f0 <unknown>\n#2 0x557ee9b4ca33 <unknown>\n#3 0x557ee9b4cc21 <unknown>\n#4 0x557ee9b9b274 <unknown>\n#5 0x557ee9b7268d <unknown>\n#6 0x557ee9b98660 <unknown>\n#7 0x557ee9b72433 <unknown>\n#8 0x557ee9b3eea3 <unknown>\n#9 0x557ee9b3fb01 <unknown>\n#10 0x557eea00fb3b <unknown>\n#11 0x557eea013a21 <unknown>\n#12 0x557ee9ff6c32 <unknown>\n#13 0x557eea014594 <unknown>\n#14 0x557ee9fdaeef <unknown>\n#15 0x557eea038d98 <unknown>\n#16 0x557eea038f76 <unknown>\n#17 0x557eea049b36 <unknown>\n#18 0x7f98f9a9caa4 <unknown>\n#19 0x7f98f9b29c3c <unknown>",
        "time" : {
          "start" : 1745701632644,
          "stop" : 1745701653295,
          "duration" : 20651
        }
      }, {
        "uid" : "45bec692244e7db4",
        "reportUrl" : "https://Brain-up.github.io/auto-tests-python/346//#testresult/45bec692244e7db4",
        "status" : "skipped",
        "statusDetails" : "XFAIL\n\nselenium.common.exceptions.TimeoutException: Message: Can't find element by locator ('xpath', '//button[@data-test-active-link=\"Words\"]')\nStacktrace:\n#0 0x55b4ba568cea <unknown>\n#1 0x55b4ba0195f0 <unknown>\n#2 0x55b4ba06aa33 <unknown>\n#3 0x55b4ba06ac21 <unknown>\n#4 0x55b4ba0b9274 <unknown>\n#5 0x55b4ba09068d <unknown>\n#6 0x55b4ba0b6660 <unknown>\n#7 0x55b4ba090433 <unknown>\n#8 0x55b4ba05cea3 <unknown>\n#9 0x55b4ba05db01 <unknown>\n#10 0x55b4ba52db3b <unknown>\n#11 0x55b4ba531a21 <unknown>\n#12 0x55b4ba514c32 <unknown>\n#13 0x55b4ba532594 <unknown>\n#14 0x55b4ba4f8eef <unknown>\n#15 0x55b4ba556d98 <unknown>\n#16 0x55b4ba556f76 <unknown>\n#17 0x55b4ba567b36 <unknown>\n#18 0x7fdcf9a9caa4 <unknown>\n#19 0x7fdcf9b29c3c <unknown>",
        "time" : {
          "start" : 1745630527968,
          "stop" : 1745630548599,
          "duration" : 20631
        }
      }, {
        "uid" : "157892a2da58c836",
        "reportUrl" : "https://Brain-up.github.io/auto-tests-python/550//#testresult/157892a2da58c836",
        "status" : "skipped",
        "statusDetails" : "XFAIL\n\nselenium.common.exceptions.TimeoutException: Message: Can't find element by locator ('xpath', '//button[@data-test-active-link=\"Words\"]')\nStacktrace:\n#0 0x5633f49c4cea <unknown>\n#1 0x5633f44755f0 <unknown>\n#2 0x5633f44c6a33 <unknown>\n#3 0x5633f44c6c21 <unknown>\n#4 0x5633f4515274 <unknown>\n#5 0x5633f44ec68d <unknown>\n#6 0x5633f4512660 <unknown>\n#7 0x5633f44ec433 <unknown>\n#8 0x5633f44b8ea3 <unknown>\n#9 0x5633f44b9b01 <unknown>\n#10 0x5633f4989b3b <unknown>\n#11 0x5633f498da21 <unknown>\n#12 0x5633f4970c32 <unknown>\n#13 0x5633f498e594 <unknown>\n#14 0x5633f4954eef <unknown>\n#15 0x5633f49b2d98 <unknown>\n#16 0x5633f49b2f76 <unknown>\n#17 0x5633f49c3b36 <unknown>\n#18 0x7f753c49caa4 <unknown>\n#19 0x7f753c529c3c <unknown>",
        "time" : {
          "start" : 1745565193542,
          "stop" : 1745565214194,
          "duration" : 20652
        }
      } ]
    },
    "tags" : [ "@pytest.mark.xfail" ]
  },
  "source" : "cad535cbe1d46cc.json",
  "parameterValues" : [ ]
}