{
  "uid" : "24376bf25db7db89",
  "name" : "Verify presence and visibility of content on the page",
  "fullName" : "tests.used_resources_page_test.TestUsedResourcesPageForAuthorizedUserStructure#test_ur_01_01_verify_page_presence_and_visibility",
  "historyId" : "e7aa7276bca1f837fbcd28a0219d6113",
  "time" : {
    "start" : 1727169148330,
    "stop" : 1727169148330,
    "duration" : 0
  },
  "status" : "broken",
  "statusMessage" : "selenium.common.exceptions.TimeoutException: Message: Can't find element by locator https://brainup.site/groups",
  "statusTrace" : "self = <pages.base_page.BasePage object at 0x7feaa29f2210>\nurl = 'https://brainup.site/groups'\n\n    def check_expected_link(self, url):\n        with allure.step(f'Check url is present: {url}'):\n            try:\n>               return Wait(self.driver, self.timeout).until(\n                    ec.url_to_be(url), message=f\"Can't find element by locator {url}\")\n\npages/base_page.py:68: \n_ _ _ _ _ _ _ _ _ _ _ _ _ _ _ _ _ _ _ _ _ _ _ _ _ _ _ _ _ _ _ _ _ _ _ _ _ _ _ _ \n\nself = <selenium.webdriver.support.wait.WebDriverWait (session=\"3544d2af0e2a624f97cc700cb60abb46\")>\nmethod = <function url_to_be.<locals>._predicate at 0x7feaa29cfd80>\nmessage = \"Can't find element by locator https://brainup.site/groups\"\n\n    def until(self, method, message: str = \"\"):\n        \"\"\"Calls the method provided with the driver as an argument until the \\\n        return value does not evaluate to ``False``.\n    \n        :param method: callable(WebDriver)\n        :param message: optional message for :exc:`TimeoutException`\n        :returns: the result of the last call to `method`\n        :raises: :exc:`selenium.common.exceptions.TimeoutException` if timeout occurs\n        \"\"\"\n        screen = None\n        stacktrace = None\n    \n        end_time = time.monotonic() + self._timeout\n        while True:\n            try:\n                value = method(self._driver)\n                if value:\n                    return value\n            except self._ignored_exceptions as exc:\n                screen = getattr(exc, \"screen\", None)\n                stacktrace = getattr(exc, \"stacktrace\", None)\n            time.sleep(self._poll)\n            if time.monotonic() > end_time:\n                break\n>       raise TimeoutException(message, screen, stacktrace)\nE       selenium.common.exceptions.TimeoutException: Message: Can't find element by locator https://brainup.site/groups\n\n/opt/hostedtoolcache/Python/3.12.6/x64/lib/python3.12/site-packages/selenium/webdriver/support/wait.py:95: TimeoutException\n\nDuring handling of the above exception, another exception occurred:\n\ndriver = <selenium.webdriver.chrome.webdriver.WebDriver (session=\"3544d2af0e2a624f97cc700cb60abb46\")>\nmain_page_open = None\n\n    @pytest.fixture()\n    @allure.step('Auto test user authorized')\n    def auto_test_user_authorized(driver, main_page_open):\n        page = BasePage(driver)\n        page.element_is_present_and_clickable(MainPageLocators.LOGIN_BUTTON).click()\n        page.element_is_visible(LoginPageLocators.INPUT_LOGIN).send_keys(os.environ[\"LOGIN\"])\n        page.element_is_visible(LoginPageLocators.INPUT_PASSWORD).send_keys(os.environ[\"PASSWORD\"])\n        page.element_is_present_and_clickable(LoginPageLocators.SIGN_IN_BUTTON).click()\n>       page.check_expected_link(MainPageLinks.URL_GROUPS_PAGE)\n\ntests/conftest.py:71: \n_ _ _ _ _ _ _ _ _ _ _ _ _ _ _ _ _ _ _ _ _ _ _ _ _ _ _ _ _ _ _ _ _ _ _ _ _ _ _ _ \npages/base_page.py:72: in check_expected_link\n    return Wait(self.driver, self.timeout).until(\n_ _ _ _ _ _ _ _ _ _ _ _ _ _ _ _ _ _ _ _ _ _ _ _ _ _ _ _ _ _ _ _ _ _ _ _ _ _ _ _ \n\nself = <selenium.webdriver.support.wait.WebDriverWait (session=\"3544d2af0e2a624f97cc700cb60abb46\")>\nmethod = <function url_to_be.<locals>._predicate at 0x7feaa29ce5c0>\nmessage = \"Can't find element by locator https://brainup.site/groups\"\n\n    def until(self, method, message: str = \"\"):\n        \"\"\"Calls the method provided with the driver as an argument until the \\\n        return value does not evaluate to ``False``.\n    \n        :param method: callable(WebDriver)\n        :param message: optional message for :exc:`TimeoutException`\n        :returns: the result of the last call to `method`\n        :raises: :exc:`selenium.common.exceptions.TimeoutException` if timeout occurs\n        \"\"\"\n        screen = None\n        stacktrace = None\n    \n        end_time = time.monotonic() + self._timeout\n        while True:\n            try:\n                value = method(self._driver)\n                if value:\n                    return value\n            except self._ignored_exceptions as exc:\n                screen = getattr(exc, \"screen\", None)\n                stacktrace = getattr(exc, \"stacktrace\", None)\n            time.sleep(self._poll)\n            if time.monotonic() > end_time:\n                break\n>       raise TimeoutException(message, screen, stacktrace)\nE       selenium.common.exceptions.TimeoutException: Message: Can't find element by locator https://brainup.site/groups\n\n/opt/hostedtoolcache/Python/3.12.6/x64/lib/python3.12/site-packages/selenium/webdriver/support/wait.py:95: TimeoutException",
  "flaky" : false,
  "newFailed" : false,
  "beforeStages" : [ {
    "name" : "clear_allure_results_folder",
    "time" : {
      "start" : 1727168039133,
      "stop" : 1727168039133,
      "duration" : 0
    },
    "status" : "passed",
    "steps" : [ ],
    "attachments" : [ ],
    "parameters" : [ ],
    "stepsCount" : 0,
    "attachmentsCount" : 0,
    "shouldDisplayMessage" : false,
    "hasContent" : false
  }, {
    "name" : "main_page_open",
    "time" : {
      "start" : 1727169149071,
      "stop" : 1727169152381,
      "duration" : 3310
    },
    "status" : "passed",
    "steps" : [ {
      "name" : "Open page: https://brainup.site/",
      "time" : {
        "start" : 1727169149071,
        "stop" : 1727169152381,
        "duration" : 3310
      },
      "status" : "passed",
      "steps" : [ ],
      "attachments" : [ ],
      "parameters" : [ {
        "name" : "driver",
        "value" : "<selenium.webdriver.chrome.webdriver.WebDriver (session=\"3544d2af0e2a624f97cc700cb60abb46\")>"
      } ],
      "stepsCount" : 0,
      "attachmentsCount" : 0,
      "shouldDisplayMessage" : false,
      "hasContent" : true
    } ],
    "attachments" : [ ],
    "parameters" : [ ],
    "stepsCount" : 1,
    "attachmentsCount" : 0,
    "shouldDisplayMessage" : false,
    "hasContent" : true
  }, {
    "name" : "driver",
    "time" : {
      "start" : 1727169148331,
      "stop" : 1727169149071,
      "duration" : 740
    },
    "status" : "passed",
    "steps" : [ ],
    "attachments" : [ ],
    "parameters" : [ ],
    "stepsCount" : 0,
    "attachmentsCount" : 0,
    "shouldDisplayMessage" : false,
    "hasContent" : false
  }, {
    "name" : "auto_test_user_authorized",
    "time" : {
      "start" : 1727169152381,
      "stop" : 1727169193008,
      "duration" : 40627
    },
    "status" : "broken",
    "statusMessage" : "selenium.common.exceptions.TimeoutException: Message: Can't find element by locator https://brainup.site/groups\n\n",
    "statusTrace" : "  File \"/opt/hostedtoolcache/Python/3.12.6/x64/lib/python3.12/site-packages/pluggy/_callers.py\", line 103, in _multicall\n    res = hook_impl.function(*args)\n          ^^^^^^^^^^^^^^^^^^^^^^^^^\n  File \"/opt/hostedtoolcache/Python/3.12.6/x64/lib/python3.12/site-packages/_pytest/fixtures.py\", line 1123, in pytest_fixture_setup\n    result = call_fixture_func(fixturefunc, request, kwargs)\n             ^^^^^^^^^^^^^^^^^^^^^^^^^^^^^^^^^^^^^^^^^^^^^^^\n  File \"/opt/hostedtoolcache/Python/3.12.6/x64/lib/python3.12/site-packages/_pytest/fixtures.py\", line 902, in call_fixture_func\n    fixture_result = fixturefunc(**kwargs)\n                     ^^^^^^^^^^^^^^^^^^^^^\n  File \"/opt/hostedtoolcache/Python/3.12.6/x64/lib/python3.12/site-packages/allure_commons/_allure.py\", line 192, in impl\n    return func(*a, **kw)\n           ^^^^^^^^^^^^^^\n  File \"/home/runner/work/auto-tests-python/auto-tests-python/tests/conftest.py\", line 71, in auto_test_user_authorized\n    page.check_expected_link(MainPageLinks.URL_GROUPS_PAGE)\n  File \"/home/runner/work/auto-tests-python/auto-tests-python/pages/base_page.py\", line 72, in check_expected_link\n    return Wait(self.driver, self.timeout).until(\n           ^^^^^^^^^^^^^^^^^^^^^^^^^^^^^^^^^^^^^^\n  File \"/opt/hostedtoolcache/Python/3.12.6/x64/lib/python3.12/site-packages/selenium/webdriver/support/wait.py\", line 95, in until\n    raise TimeoutException(message, screen, stacktrace)\n",
    "steps" : [ {
      "name" : "Auto test user authorized",
      "time" : {
        "start" : 1727169152382,
        "stop" : 1727169193007,
        "duration" : 40625
      },
      "status" : "broken",
      "statusMessage" : "selenium.common.exceptions.TimeoutException: Message: Can't find element by locator https://brainup.site/groups\n\n",
      "statusTrace" : "  File \"/opt/hostedtoolcache/Python/3.12.6/x64/lib/python3.12/site-packages/allure_commons/_allure.py\", line 192, in impl\n    return func(*a, **kw)\n           ^^^^^^^^^^^^^^\n  File \"/home/runner/work/auto-tests-python/auto-tests-python/tests/conftest.py\", line 71, in auto_test_user_authorized\n    page.check_expected_link(MainPageLinks.URL_GROUPS_PAGE)\n  File \"/home/runner/work/auto-tests-python/auto-tests-python/pages/base_page.py\", line 72, in check_expected_link\n    return Wait(self.driver, self.timeout).until(\n           ^^^^^^^^^^^^^^^^^^^^^^^^^^^^^^^^^^^^^^\n  File \"/opt/hostedtoolcache/Python/3.12.6/x64/lib/python3.12/site-packages/selenium/webdriver/support/wait.py\", line 95, in until\n    raise TimeoutException(message, screen, stacktrace)\n",
      "steps" : [ {
        "name" : "Check url is present: https://brainup.site/groups",
        "time" : {
          "start" : 1727169152739,
          "stop" : 1727169193007,
          "duration" : 40268
        },
        "status" : "broken",
        "statusMessage" : "selenium.common.exceptions.TimeoutException: Message: Can't find element by locator https://brainup.site/groups\n\n",
        "statusTrace" : "  File \"/home/runner/work/auto-tests-python/auto-tests-python/pages/base_page.py\", line 72, in check_expected_link\n    return Wait(self.driver, self.timeout).until(\n           ^^^^^^^^^^^^^^^^^^^^^^^^^^^^^^^^^^^^^^\n  File \"/opt/hostedtoolcache/Python/3.12.6/x64/lib/python3.12/site-packages/selenium/webdriver/support/wait.py\", line 95, in until\n    raise TimeoutException(message, screen, stacktrace)\n",
        "steps" : [ ],
        "attachments" : [ ],
        "parameters" : [ ],
        "stepsCount" : 0,
        "attachmentsCount" : 0,
        "shouldDisplayMessage" : true,
        "hasContent" : true
      } ],
      "attachments" : [ ],
      "parameters" : [ {
        "name" : "driver",
        "value" : "<selenium.webdriver.chrome.webdriver.WebDriver (session=\"3544d2af0e2a624f97cc700cb60abb46\")>"
      }, {
        "name" : "main_page_open",
        "value" : "None"
      } ],
      "stepsCount" : 1,
      "attachmentsCount" : 0,
      "shouldDisplayMessage" : false,
      "hasContent" : true
    } ],
    "attachments" : [ ],
    "parameters" : [ ],
    "stepsCount" : 2,
    "attachmentsCount" : 0,
    "shouldDisplayMessage" : false,
    "hasContent" : true
  } ],
  "afterStages" : [ {
    "name" : "driver::0",
    "time" : {
      "start" : 1727169193026,
      "stop" : 1727169193112,
      "duration" : 86
    },
    "status" : "passed",
    "steps" : [ ],
    "attachments" : [ ],
    "parameters" : [ ],
    "stepsCount" : 0,
    "attachmentsCount" : 0,
    "shouldDisplayMessage" : false,
    "hasContent" : false
  } ],
  "labels" : [ {
    "name" : "epic",
    "value" : "Test Used Resources Page"
  }, {
    "name" : "parentSuite",
    "value" : "tests"
  }, {
    "name" : "suite",
    "value" : "used_resources_page_test"
  }, {
    "name" : "subSuite",
    "value" : "TestUsedResourcesPage"
  }, {
    "name" : "host",
    "value" : "fv-az1984-731"
  }, {
    "name" : "thread",
    "value" : "2249-MainThread"
  }, {
    "name" : "framework",
    "value" : "pytest"
  }, {
    "name" : "language",
    "value" : "cpython3"
  }, {
    "name" : "package",
    "value" : "tests.used_resources_page_test"
  }, {
    "name" : "resultFormat",
    "value" : "allure2"
  } ],
  "parameters" : [ ],
  "links" : [ ],
  "hidden" : false,
  "retry" : false,
  "extra" : {
    "severity" : "normal",
    "retries" : [ ],
    "categories" : [ {
      "name" : "Test defects",
      "matchedStatuses" : [ ],
      "flaky" : false
    } ],
    "history" : {
      "statistic" : {
        "failed" : 0,
        "broken" : 8,
        "skipped" : 0,
        "passed" : 349,
        "unknown" : 0,
        "total" : 357
      },
      "items" : [ {
        "uid" : "cdb904fc9ce1a5c",
        "reportUrl" : "https://Brain-up.github.io/auto-tests-python/288//#testresult/cdb904fc9ce1a5c",
        "status" : "broken",
        "statusDetails" : "selenium.common.exceptions.TimeoutException: Message: Can't find element by locator https://brainup.site/groups",
        "time" : {
          "start" : 1727166591257,
          "stop" : 1727166591257,
          "duration" : 0
        }
      }, {
        "uid" : "4a98ff73ba8ffb1d",
        "reportUrl" : "https://Brain-up.github.io/auto-tests-python/288//#testresult/4a98ff73ba8ffb1d",
        "status" : "broken",
        "statusDetails" : "selenium.common.exceptions.TimeoutException: Message: Can't find element by locator https://brainup.site/groups",
        "time" : {
          "start" : 1727164786725,
          "stop" : 1727164786725,
          "duration" : 0
        }
      }, {
        "uid" : "d1ac15e43b4759ac",
        "reportUrl" : "https://Brain-up.github.io/auto-tests-python/132//#testresult/d1ac15e43b4759ac",
        "status" : "passed",
        "time" : {
          "start" : 1727140388247,
          "stop" : 1727140389048,
          "duration" : 801
        }
      }, {
        "uid" : "7d434b002d5c3105",
        "reportUrl" : "https://Brain-up.github.io/auto-tests-python/287//#testresult/7d434b002d5c3105",
        "status" : "passed",
        "time" : {
          "start" : 1727085621633,
          "stop" : 1727085622413,
          "duration" : 780
        }
      }, {
        "uid" : "191016b99a275efe",
        "reportUrl" : "https://Brain-up.github.io/auto-tests-python/286//#testresult/191016b99a275efe",
        "status" : "passed",
        "time" : {
          "start" : 1727084363557,
          "stop" : 1727084364381,
          "duration" : 824
        }
      }, {
        "uid" : "d9256c469232b521",
        "reportUrl" : "https://Brain-up.github.io/auto-tests-python/131//#testresult/d9256c469232b521",
        "status" : "passed",
        "time" : {
          "start" : 1727054040860,
          "stop" : 1727054041665,
          "duration" : 805
        }
      }, {
        "uid" : "955178213e1cf777",
        "reportUrl" : "https://Brain-up.github.io/auto-tests-python/285//#testresult/955178213e1cf777",
        "status" : "passed",
        "time" : {
          "start" : 1726998908257,
          "stop" : 1726998909053,
          "duration" : 796
        }
      }, {
        "uid" : "6131a4e81934de04",
        "reportUrl" : "https://Brain-up.github.io/auto-tests-python/284//#testresult/6131a4e81934de04",
        "status" : "passed",
        "time" : {
          "start" : 1726997386490,
          "stop" : 1726997387277,
          "duration" : 787
        }
      }, {
        "uid" : "38aa6aab877d2ef",
        "reportUrl" : "https://Brain-up.github.io/auto-tests-python/284//#testresult/38aa6aab877d2ef",
        "status" : "passed",
        "time" : {
          "start" : 1726995926882,
          "stop" : 1726995927660,
          "duration" : 778
        }
      }, {
        "uid" : "65903d69381a6f9e",
        "reportUrl" : "https://Brain-up.github.io/auto-tests-python/130//#testresult/65903d69381a6f9e",
        "status" : "passed",
        "time" : {
          "start" : 1726967778423,
          "stop" : 1726967779262,
          "duration" : 839
        }
      }, {
        "uid" : "27fb4d58ef61efa8",
        "reportUrl" : "https://Brain-up.github.io/auto-tests-python/283//#testresult/27fb4d58ef61efa8",
        "status" : "passed",
        "time" : {
          "start" : 1726913192061,
          "stop" : 1726913192850,
          "duration" : 789
        }
      }, {
        "uid" : "13716af868cd63cc",
        "reportUrl" : "https://Brain-up.github.io/auto-tests-python/282//#testresult/13716af868cd63cc",
        "status" : "passed",
        "time" : {
          "start" : 1726911518060,
          "stop" : 1726911518850,
          "duration" : 790
        }
      }, {
        "uid" : "4c9578f54fd71d8c",
        "reportUrl" : "https://Brain-up.github.io/auto-tests-python/281//#testresult/4c9578f54fd71d8c",
        "status" : "passed",
        "time" : {
          "start" : 1726909175532,
          "stop" : 1726909176312,
          "duration" : 780
        }
      }, {
        "uid" : "582141468d0105f4",
        "reportUrl" : "https://Brain-up.github.io/auto-tests-python/129//#testresult/582141468d0105f4",
        "status" : "passed",
        "time" : {
          "start" : 1726880985414,
          "stop" : 1726880986244,
          "duration" : 830
        }
      }, {
        "uid" : "4fb311ebcd6fdcdb",
        "reportUrl" : "https://Brain-up.github.io/auto-tests-python/280//#testresult/4fb311ebcd6fdcdb",
        "status" : "passed",
        "time" : {
          "start" : 1726822098611,
          "stop" : 1726822099404,
          "duration" : 793
        }
      }, {
        "uid" : "53ab1317f4ee9cbf",
        "reportUrl" : "https://Brain-up.github.io/auto-tests-python/279//#testresult/53ab1317f4ee9cbf",
        "status" : "passed",
        "time" : {
          "start" : 1726819216372,
          "stop" : 1726819217147,
          "duration" : 775
        }
      }, {
        "uid" : "e69be3fc29bc3fd3",
        "reportUrl" : "https://Brain-up.github.io/auto-tests-python/128//#testresult/e69be3fc29bc3fd3",
        "status" : "passed",
        "time" : {
          "start" : 1726794799786,
          "stop" : 1726794800627,
          "duration" : 841
        }
      }, {
        "uid" : "d224c8201f532e05",
        "reportUrl" : "https://Brain-up.github.io/auto-tests-python/278//#testresult/d224c8201f532e05",
        "status" : "passed",
        "time" : {
          "start" : 1726735060745,
          "stop" : 1726735061551,
          "duration" : 806
        }
      }, {
        "uid" : "627b91c88bdd5ff3",
        "reportUrl" : "https://Brain-up.github.io/auto-tests-python/277//#testresult/627b91c88bdd5ff3",
        "status" : "passed",
        "time" : {
          "start" : 1726732599174,
          "stop" : 1726732599966,
          "duration" : 792
        }
      }, {
        "uid" : "b8e056fb9eb4f90d",
        "reportUrl" : "https://Brain-up.github.io/auto-tests-python/277//#testresult/b8e056fb9eb4f90d",
        "status" : "passed",
        "time" : {
          "start" : 1726731353735,
          "stop" : 1726731354532,
          "duration" : 797
        }
      } ]
    },
    "tags" : [ ]
  },
  "source" : "24376bf25db7db89.json",
  "parameterValues" : [ ]
}