{
  "uid" : "2b3c8109f12da90b",
  "name" : "Solutions to a random task in the \"Слова\" group and comparison of statics.",
  "fullName" : "tests.test_speech_exercises_ru.TestCardsRU#test_solve_word_cards_with_statistic_ru",
  "historyId" : "0fb6881b2015244903bd7785af7503a6",
  "time" : {
    "start" : 1727164703804,
    "stop" : 1727164739298,
    "duration" : 35494
  },
  "status" : "skipped",
  "statusMessage" : "XFAIL\n\nselenium.common.exceptions.TimeoutException: Message: Can't find element by locator ('xpath', '//a[@title=\"Речевые упражнения\"]')\nStacktrace:\n#0 0x55bad5bf72da <unknown>\n#1 0x55bad58c5200 <unknown>\n#2 0x55bad5914aa2 <unknown>\n#3 0x55bad5914d41 <unknown>\n#4 0x55bad595a964 <unknown>\n#5 0x55bad59398fd <unknown>\n#6 0x55bad5957dfd <unknown>\n#7 0x55bad5939673 <unknown>\n#8 0x55bad5907473 <unknown>\n#9 0x55bad590847e <unknown>\n#10 0x55bad5bbe0db <unknown>\n#11 0x55bad5bc2071 <unknown>\n#12 0x55bad5baa9d5 <unknown>\n#13 0x55bad5bc2bf2 <unknown>\n#14 0x55bad5b8fb6f <unknown>\n#15 0x55bad5be6248 <unknown>\n#16 0x55bad5be6417 <unknown>\n#17 0x55bad5bf60cc <unknown>\n#18 0x7f86b1494ac3 <unknown>",
  "statusTrace" : "self = <tests.test_speech_exercises_ru.TestCardsRU object at 0x7f54b0b4ec90>\ndriver = <selenium.webdriver.chrome.webdriver.WebDriver (session=\"b4ebbf6cd546c778dbcf3cc978891b7a\")>\ndefault_user_authorized = None\n\n    @pytest.mark.xfail\n    @allure.suite(\"Речевые упражнения.\")\n    @allure.title('Solutions to a random task in the \"Слова\" group and comparison of statics.')\n    def test_solve_word_cards_with_statistic_ru(self, driver, default_user_authorized):\n        page = SpeechExercisesPageRU(driver)\n        page.click_button_ru()\n        table = page.get_statistic_data()\n        start_result = list(table[1].values())[5]\n        page.click_button_exercises()\n>       seria_id = page.select_group(SpeechExercisesPageLocators.WORDS_BUTTON_RU)\n\ntests/test_speech_exercises_ru.py:168: \n_ _ _ _ _ _ _ _ _ _ _ _ _ _ _ _ _ _ _ _ _ _ _ _ _ _ _ _ _ _ _ _ _ _ _ _ _ _ _ _ \npages/speech_exercises_page_ru.py:23: in select_group\n    self.element_is_present_and_clickable(\npages/base_page.py:32: in element_is_present_and_clickable\n    return (Wait(self.driver, self.timeout).until(\n_ _ _ _ _ _ _ _ _ _ _ _ _ _ _ _ _ _ _ _ _ _ _ _ _ _ _ _ _ _ _ _ _ _ _ _ _ _ _ _ \n\nself = <selenium.webdriver.support.wait.WebDriverWait (session=\"b4ebbf6cd546c778dbcf3cc978891b7a\")>\nmethod = <function visibility_of_element_located.<locals>._predicate at 0x7f54b092f100>\nmessage = 'Can\\'t find element by locator (\\'xpath\\', \\'//a[@title=\"Речевые упражнения\"]\\')'\n\n    def until(self, method, message: str = \"\"):\n        \"\"\"Calls the method provided with the driver as an argument until the \\\n        return value does not evaluate to ``False``.\n    \n        :param method: callable(WebDriver)\n        :param message: optional message for :exc:`TimeoutException`\n        :returns: the result of the last call to `method`\n        :raises: :exc:`selenium.common.exceptions.TimeoutException` if timeout occurs\n        \"\"\"\n        screen = None\n        stacktrace = None\n    \n        end_time = time.monotonic() + self._timeout\n        while True:\n            try:\n                value = method(self._driver)\n                if value:\n                    return value\n            except self._ignored_exceptions as exc:\n                screen = getattr(exc, \"screen\", None)\n                stacktrace = getattr(exc, \"stacktrace\", None)\n            time.sleep(self._poll)\n            if time.monotonic() > end_time:\n                break\n>       raise TimeoutException(message, screen, stacktrace)\nE       selenium.common.exceptions.TimeoutException: Message: Can't find element by locator ('xpath', '//a[@title=\"Речевые упражнения\"]')\nE       Stacktrace:\nE       #0 0x55bad5bf72da <unknown>\nE       #1 0x55bad58c5200 <unknown>\nE       #2 0x55bad5914aa2 <unknown>\nE       #3 0x55bad5914d41 <unknown>\nE       #4 0x55bad595a964 <unknown>\nE       #5 0x55bad59398fd <unknown>\nE       #6 0x55bad5957dfd <unknown>\nE       #7 0x55bad5939673 <unknown>\nE       #8 0x55bad5907473 <unknown>\nE       #9 0x55bad590847e <unknown>\nE       #10 0x55bad5bbe0db <unknown>\nE       #11 0x55bad5bc2071 <unknown>\nE       #12 0x55bad5baa9d5 <unknown>\nE       #13 0x55bad5bc2bf2 <unknown>\nE       #14 0x55bad5b8fb6f <unknown>\nE       #15 0x55bad5be6248 <unknown>\nE       #16 0x55bad5be6417 <unknown>\nE       #17 0x55bad5bf60cc <unknown>\nE       #18 0x7f86b1494ac3 <unknown>\n\n/opt/hostedtoolcache/Python/3.12.6/x64/lib/python3.12/site-packages/selenium/webdriver/support/wait.py:95: TimeoutException",
  "flaky" : false,
  "newFailed" : false,
  "beforeStages" : [ {
    "name" : "driver",
    "time" : {
      "start" : 1727164662455,
      "stop" : 1727164663220,
      "duration" : 765
    },
    "status" : "passed",
    "steps" : [ ],
    "attachments" : [ ],
    "parameters" : [ ],
    "stepsCount" : 0,
    "attachmentsCount" : 0,
    "shouldDisplayMessage" : false,
    "hasContent" : false
  }, {
    "name" : "main_page_open",
    "time" : {
      "start" : 1727164663220,
      "stop" : 1727164667682,
      "duration" : 4462
    },
    "status" : "passed",
    "steps" : [ {
      "name" : "Open page: https://brainup.site/",
      "time" : {
        "start" : 1727164663220,
        "stop" : 1727164667682,
        "duration" : 4462
      },
      "status" : "passed",
      "steps" : [ ],
      "attachments" : [ ],
      "parameters" : [ {
        "name" : "driver",
        "value" : "<selenium.webdriver.chrome.webdriver.WebDriver (session=\"b4ebbf6cd546c778dbcf3cc978891b7a\")>"
      } ],
      "stepsCount" : 0,
      "attachmentsCount" : 0,
      "shouldDisplayMessage" : false,
      "hasContent" : true
    } ],
    "attachments" : [ ],
    "parameters" : [ ],
    "stepsCount" : 1,
    "attachmentsCount" : 0,
    "shouldDisplayMessage" : false,
    "hasContent" : true
  }, {
    "name" : "default_user_authorized",
    "time" : {
      "start" : 1727164667682,
      "stop" : 1727164703803,
      "duration" : 36121
    },
    "status" : "passed",
    "steps" : [ {
      "name" : "DEFAULT user authorized",
      "time" : {
        "start" : 1727164667682,
        "stop" : 1727164703803,
        "duration" : 36121
      },
      "status" : "passed",
      "steps" : [ {
        "name" : "Check url is present: https://brainup.site/groups",
        "time" : {
          "start" : 1727164668019,
          "stop" : 1727164703780,
          "duration" : 35761
        },
        "status" : "passed",
        "steps" : [ ],
        "attachments" : [ ],
        "parameters" : [ ],
        "stepsCount" : 0,
        "attachmentsCount" : 0,
        "shouldDisplayMessage" : false,
        "hasContent" : false
      }, {
        "name" : "Loader checking",
        "time" : {
          "start" : 1727164703780,
          "stop" : 1727164703803,
          "duration" : 23
        },
        "status" : "passed",
        "steps" : [ ],
        "attachments" : [ ],
        "parameters" : [ ],
        "stepsCount" : 0,
        "attachmentsCount" : 0,
        "shouldDisplayMessage" : false,
        "hasContent" : false
      } ],
      "attachments" : [ ],
      "parameters" : [ {
        "name" : "driver",
        "value" : "<selenium.webdriver.chrome.webdriver.WebDriver (session=\"b4ebbf6cd546c778dbcf3cc978891b7a\")>"
      }, {
        "name" : "main_page_open",
        "value" : "None"
      } ],
      "stepsCount" : 2,
      "attachmentsCount" : 0,
      "shouldDisplayMessage" : false,
      "hasContent" : true
    } ],
    "attachments" : [ ],
    "parameters" : [ ],
    "stepsCount" : 3,
    "attachmentsCount" : 0,
    "shouldDisplayMessage" : false,
    "hasContent" : true
  }, {
    "name" : "clear_allure_results_folder",
    "time" : {
      "start" : 1727163389259,
      "stop" : 1727163389259,
      "duration" : 0
    },
    "status" : "passed",
    "steps" : [ ],
    "attachments" : [ ],
    "parameters" : [ ],
    "stepsCount" : 0,
    "attachmentsCount" : 0,
    "shouldDisplayMessage" : false,
    "hasContent" : false
  } ],
  "testStage" : {
    "status" : "skipped",
    "statusMessage" : "XFAIL\n\nselenium.common.exceptions.TimeoutException: Message: Can't find element by locator ('xpath', '//a[@title=\"Речевые упражнения\"]')\nStacktrace:\n#0 0x55bad5bf72da <unknown>\n#1 0x55bad58c5200 <unknown>\n#2 0x55bad5914aa2 <unknown>\n#3 0x55bad5914d41 <unknown>\n#4 0x55bad595a964 <unknown>\n#5 0x55bad59398fd <unknown>\n#6 0x55bad5957dfd <unknown>\n#7 0x55bad5939673 <unknown>\n#8 0x55bad5907473 <unknown>\n#9 0x55bad590847e <unknown>\n#10 0x55bad5bbe0db <unknown>\n#11 0x55bad5bc2071 <unknown>\n#12 0x55bad5baa9d5 <unknown>\n#13 0x55bad5bc2bf2 <unknown>\n#14 0x55bad5b8fb6f <unknown>\n#15 0x55bad5be6248 <unknown>\n#16 0x55bad5be6417 <unknown>\n#17 0x55bad5bf60cc <unknown>\n#18 0x7f86b1494ac3 <unknown>",
    "statusTrace" : "self = <tests.test_speech_exercises_ru.TestCardsRU object at 0x7f54b0b4ec90>\ndriver = <selenium.webdriver.chrome.webdriver.WebDriver (session=\"b4ebbf6cd546c778dbcf3cc978891b7a\")>\ndefault_user_authorized = None\n\n    @pytest.mark.xfail\n    @allure.suite(\"Речевые упражнения.\")\n    @allure.title('Solutions to a random task in the \"Слова\" group and comparison of statics.')\n    def test_solve_word_cards_with_statistic_ru(self, driver, default_user_authorized):\n        page = SpeechExercisesPageRU(driver)\n        page.click_button_ru()\n        table = page.get_statistic_data()\n        start_result = list(table[1].values())[5]\n        page.click_button_exercises()\n>       seria_id = page.select_group(SpeechExercisesPageLocators.WORDS_BUTTON_RU)\n\ntests/test_speech_exercises_ru.py:168: \n_ _ _ _ _ _ _ _ _ _ _ _ _ _ _ _ _ _ _ _ _ _ _ _ _ _ _ _ _ _ _ _ _ _ _ _ _ _ _ _ \npages/speech_exercises_page_ru.py:23: in select_group\n    self.element_is_present_and_clickable(\npages/base_page.py:32: in element_is_present_and_clickable\n    return (Wait(self.driver, self.timeout).until(\n_ _ _ _ _ _ _ _ _ _ _ _ _ _ _ _ _ _ _ _ _ _ _ _ _ _ _ _ _ _ _ _ _ _ _ _ _ _ _ _ \n\nself = <selenium.webdriver.support.wait.WebDriverWait (session=\"b4ebbf6cd546c778dbcf3cc978891b7a\")>\nmethod = <function visibility_of_element_located.<locals>._predicate at 0x7f54b092f100>\nmessage = 'Can\\'t find element by locator (\\'xpath\\', \\'//a[@title=\"Речевые упражнения\"]\\')'\n\n    def until(self, method, message: str = \"\"):\n        \"\"\"Calls the method provided with the driver as an argument until the \\\n        return value does not evaluate to ``False``.\n    \n        :param method: callable(WebDriver)\n        :param message: optional message for :exc:`TimeoutException`\n        :returns: the result of the last call to `method`\n        :raises: :exc:`selenium.common.exceptions.TimeoutException` if timeout occurs\n        \"\"\"\n        screen = None\n        stacktrace = None\n    \n        end_time = time.monotonic() + self._timeout\n        while True:\n            try:\n                value = method(self._driver)\n                if value:\n                    return value\n            except self._ignored_exceptions as exc:\n                screen = getattr(exc, \"screen\", None)\n                stacktrace = getattr(exc, \"stacktrace\", None)\n            time.sleep(self._poll)\n            if time.monotonic() > end_time:\n                break\n>       raise TimeoutException(message, screen, stacktrace)\nE       selenium.common.exceptions.TimeoutException: Message: Can't find element by locator ('xpath', '//a[@title=\"Речевые упражнения\"]')\nE       Stacktrace:\nE       #0 0x55bad5bf72da <unknown>\nE       #1 0x55bad58c5200 <unknown>\nE       #2 0x55bad5914aa2 <unknown>\nE       #3 0x55bad5914d41 <unknown>\nE       #4 0x55bad595a964 <unknown>\nE       #5 0x55bad59398fd <unknown>\nE       #6 0x55bad5957dfd <unknown>\nE       #7 0x55bad5939673 <unknown>\nE       #8 0x55bad5907473 <unknown>\nE       #9 0x55bad590847e <unknown>\nE       #10 0x55bad5bbe0db <unknown>\nE       #11 0x55bad5bc2071 <unknown>\nE       #12 0x55bad5baa9d5 <unknown>\nE       #13 0x55bad5bc2bf2 <unknown>\nE       #14 0x55bad5b8fb6f <unknown>\nE       #15 0x55bad5be6248 <unknown>\nE       #16 0x55bad5be6417 <unknown>\nE       #17 0x55bad5bf60cc <unknown>\nE       #18 0x7f86b1494ac3 <unknown>\n\n/opt/hostedtoolcache/Python/3.12.6/x64/lib/python3.12/site-packages/selenium/webdriver/support/wait.py:95: TimeoutException",
    "steps" : [ {
      "name" : "click_button RU",
      "time" : {
        "start" : 1727164703804,
        "stop" : 1727164703874,
        "duration" : 70
      },
      "status" : "passed",
      "steps" : [ {
        "name" : "Click button \"RU\".",
        "time" : {
          "start" : 1727164703804,
          "stop" : 1727164703874,
          "duration" : 70
        },
        "status" : "passed",
        "steps" : [ ],
        "attachments" : [ ],
        "parameters" : [ ],
        "stepsCount" : 0,
        "attachmentsCount" : 0,
        "shouldDisplayMessage" : false,
        "hasContent" : false
      } ],
      "attachments" : [ ],
      "parameters" : [ ],
      "stepsCount" : 1,
      "attachmentsCount" : 0,
      "shouldDisplayMessage" : false,
      "hasContent" : true
    }, {
      "name" : "get_statistic_data",
      "time" : {
        "start" : 1727164703874,
        "stop" : 1727164719049,
        "duration" : 15175
      },
      "status" : "passed",
      "steps" : [ {
        "name" : "Click button \"Статистика\"\".",
        "time" : {
          "start" : 1727164703874,
          "stop" : 1727164703974,
          "duration" : 100
        },
        "status" : "passed",
        "steps" : [ ],
        "attachments" : [ ],
        "parameters" : [ ],
        "stepsCount" : 0,
        "attachmentsCount" : 0,
        "shouldDisplayMessage" : false,
        "hasContent" : false
      }, {
        "name" : "Check statistic table is present and scroll to table",
        "time" : {
          "start" : 1727164703974,
          "stop" : 1727164715274,
          "duration" : 11300
        },
        "status" : "passed",
        "steps" : [ ],
        "attachments" : [ ],
        "parameters" : [ ],
        "stepsCount" : 0,
        "attachmentsCount" : 0,
        "shouldDisplayMessage" : false,
        "hasContent" : false
      }, {
        "name" : "Get data from the table.",
        "time" : {
          "start" : 1727164715274,
          "stop" : 1727164719049,
          "duration" : 3775
        },
        "status" : "passed",
        "steps" : [ ],
        "attachments" : [ ],
        "parameters" : [ ],
        "stepsCount" : 0,
        "attachmentsCount" : 0,
        "shouldDisplayMessage" : false,
        "hasContent" : false
      }, {
        "name" : "Table data: {1: {'Имя серии': 'Слова', 'Сделано всего упражнений': '2', 'Сделано уникальных упражнений': '2', 'Повторы упражнений': '0', 'Успешно с первого раза': '2', 'Количество прослушанных слов': '27'}, 2: {'Имя серии': 'Слова Королёвой', 'Сделано всего упражнений': '2', 'Сделано уникальных упражнений': '2', 'Повторы упражнений': '0', 'Успешно с первого раза': '2', 'Количество прослушанных слов': '12'}}",
        "time" : {
          "start" : 1727164719049,
          "stop" : 1727164719049,
          "duration" : 0
        },
        "status" : "passed",
        "steps" : [ ],
        "attachments" : [ ],
        "parameters" : [ ],
        "stepsCount" : 0,
        "attachmentsCount" : 0,
        "shouldDisplayMessage" : false,
        "hasContent" : false
      } ],
      "attachments" : [ ],
      "parameters" : [ ],
      "stepsCount" : 4,
      "attachmentsCount" : 0,
      "shouldDisplayMessage" : false,
      "hasContent" : true
    }, {
      "name" : "Click button \"Упражнения\".",
      "time" : {
        "start" : 1727164719049,
        "stop" : 1727164719208,
        "duration" : 159
      },
      "status" : "passed",
      "steps" : [ {
        "name" : "Click button \"RU\".",
        "time" : {
          "start" : 1727164719049,
          "stop" : 1727164719108,
          "duration" : 59
        },
        "status" : "passed",
        "steps" : [ ],
        "attachments" : [ ],
        "parameters" : [ ],
        "stepsCount" : 0,
        "attachmentsCount" : 0,
        "shouldDisplayMessage" : false,
        "hasContent" : false
      } ],
      "attachments" : [ ],
      "parameters" : [ ],
      "stepsCount" : 1,
      "attachmentsCount" : 0,
      "shouldDisplayMessage" : false,
      "hasContent" : true
    }, {
      "name" : "select_group",
      "time" : {
        "start" : 1727164719208,
        "stop" : 1727164739297,
        "duration" : 20089
      },
      "status" : "broken",
      "statusMessage" : "selenium.common.exceptions.TimeoutException: Message: Can't find element by locator ('xpath', '//a[@title=\"Речевые упражнения\"]')\nStacktrace:\n#0 0x55bad5bf72da <unknown>\n#1 0x55bad58c5200 <unknown>\n#2 0x55bad5914aa2 <unknown>\n#3 0x55bad5914d41 <unknown>\n#4 0x55bad595a964 <unknown>\n#5 0x55bad59398fd <unknown>\n#6 0x55bad5957dfd <unknown>\n#7 0x55bad5939673 <unknown>\n#8 0x55bad5907473 <unknown>\n#9 0x55bad590847e <unknown>\n#10 0x55bad5bbe0db <unknown>\n#11 0x55bad5bc2071 <unknown>\n#12 0x55bad5baa9d5 <unknown>\n#13 0x55bad5bc2bf2 <unknown>\n#14 0x55bad5b8fb6f <unknown>\n#15 0x55bad5be6248 <unknown>\n#16 0x55bad5be6417 <unknown>\n#17 0x55bad5bf60cc <unknown>\n#18 0x7f86b1494ac3 <unknown>\n\n",
      "statusTrace" : "  File \"/opt/hostedtoolcache/Python/3.12.6/x64/lib/python3.12/site-packages/allure_commons/_allure.py\", line 192, in impl\n    return func(*a, **kw)\n           ^^^^^^^^^^^^^^\n  File \"/home/runner/work/auto-tests-python/auto-tests-python/pages/speech_exercises_page_ru.py\", line 23, in select_group\n    self.element_is_present_and_clickable(\n  File \"/home/runner/work/auto-tests-python/auto-tests-python/pages/base_page.py\", line 32, in element_is_present_and_clickable\n    return (Wait(self.driver, self.timeout).until(\n            ^^^^^^^^^^^^^^^^^^^^^^^^^^^^^^^^^^^^^^\n  File \"/opt/hostedtoolcache/Python/3.12.6/x64/lib/python3.12/site-packages/selenium/webdriver/support/wait.py\", line 95, in until\n    raise TimeoutException(message, screen, stacktrace)\n",
      "steps" : [ {
        "name" : "Select Russian language. Click \"RU\" button.",
        "time" : {
          "start" : 1727164719208,
          "stop" : 1727164719267,
          "duration" : 59
        },
        "status" : "passed",
        "steps" : [ ],
        "attachments" : [ ],
        "parameters" : [ ],
        "stepsCount" : 0,
        "attachmentsCount" : 0,
        "shouldDisplayMessage" : false,
        "hasContent" : false
      }, {
        "name" : "Click button \"Речевые упражнения\".",
        "time" : {
          "start" : 1727164719267,
          "stop" : 1727164739297,
          "duration" : 20030
        },
        "status" : "broken",
        "statusMessage" : "selenium.common.exceptions.TimeoutException: Message: Can't find element by locator ('xpath', '//a[@title=\"Речевые упражнения\"]')\nStacktrace:\n#0 0x55bad5bf72da <unknown>\n#1 0x55bad58c5200 <unknown>\n#2 0x55bad5914aa2 <unknown>\n#3 0x55bad5914d41 <unknown>\n#4 0x55bad595a964 <unknown>\n#5 0x55bad59398fd <unknown>\n#6 0x55bad5957dfd <unknown>\n#7 0x55bad5939673 <unknown>\n#8 0x55bad5907473 <unknown>\n#9 0x55bad590847e <unknown>\n#10 0x55bad5bbe0db <unknown>\n#11 0x55bad5bc2071 <unknown>\n#12 0x55bad5baa9d5 <unknown>\n#13 0x55bad5bc2bf2 <unknown>\n#14 0x55bad5b8fb6f <unknown>\n#15 0x55bad5be6248 <unknown>\n#16 0x55bad5be6417 <unknown>\n#17 0x55bad5bf60cc <unknown>\n#18 0x7f86b1494ac3 <unknown>\n\n",
        "statusTrace" : "  File \"/home/runner/work/auto-tests-python/auto-tests-python/pages/speech_exercises_page_ru.py\", line 23, in select_group\n    self.element_is_present_and_clickable(\n  File \"/home/runner/work/auto-tests-python/auto-tests-python/pages/base_page.py\", line 32, in element_is_present_and_clickable\n    return (Wait(self.driver, self.timeout).until(\n            ^^^^^^^^^^^^^^^^^^^^^^^^^^^^^^^^^^^^^^\n  File \"/opt/hostedtoolcache/Python/3.12.6/x64/lib/python3.12/site-packages/selenium/webdriver/support/wait.py\", line 95, in until\n    raise TimeoutException(message, screen, stacktrace)\n",
        "steps" : [ ],
        "attachments" : [ ],
        "parameters" : [ ],
        "stepsCount" : 0,
        "attachmentsCount" : 0,
        "shouldDisplayMessage" : true,
        "hasContent" : true
      } ],
      "attachments" : [ ],
      "parameters" : [ {
        "name" : "selector_for_sub_group",
        "value" : "('xpath', '//button[@data-test-active-link=\"Слова\"]')"
      } ],
      "stepsCount" : 2,
      "attachmentsCount" : 0,
      "shouldDisplayMessage" : false,
      "hasContent" : true
    } ],
    "attachments" : [ ],
    "parameters" : [ ],
    "stepsCount" : 12,
    "attachmentsCount" : 0,
    "shouldDisplayMessage" : true,
    "hasContent" : true
  },
  "afterStages" : [ {
    "name" : "driver::0",
    "time" : {
      "start" : 1727164739315,
      "stop" : 1727164739413,
      "duration" : 98
    },
    "status" : "passed",
    "steps" : [ ],
    "attachments" : [ ],
    "parameters" : [ ],
    "stepsCount" : 0,
    "attachmentsCount" : 0,
    "shouldDisplayMessage" : false,
    "hasContent" : false
  } ],
  "labels" : [ {
    "name" : "epic",
    "value" : "Speech exercises."
  }, {
    "name" : "suite",
    "value" : "Речевые упражнения."
  }, {
    "name" : "tag",
    "value" : "@pytest.mark.xfail"
  }, {
    "name" : "parentSuite",
    "value" : "tests"
  }, {
    "name" : "subSuite",
    "value" : "TestCardsRU"
  }, {
    "name" : "host",
    "value" : "fv-az773-432"
  }, {
    "name" : "thread",
    "value" : "2268-MainThread"
  }, {
    "name" : "framework",
    "value" : "pytest"
  }, {
    "name" : "language",
    "value" : "cpython3"
  }, {
    "name" : "package",
    "value" : "tests.test_speech_exercises_ru"
  }, {
    "name" : "resultFormat",
    "value" : "allure2"
  } ],
  "parameters" : [ ],
  "links" : [ ],
  "hidden" : false,
  "retry" : false,
  "extra" : {
    "severity" : "normal",
    "retries" : [ ],
    "categories" : [ ],
    "history" : {
      "statistic" : {
        "failed" : 0,
        "broken" : 0,
        "skipped" : 439,
        "passed" : 0,
        "unknown" : 0,
        "total" : 439
      },
      "items" : [ {
        "uid" : "21df87f7158148cd",
        "reportUrl" : "https://Brain-up.github.io/auto-tests-python/132//#testresult/21df87f7158148cd",
        "status" : "skipped",
        "statusDetails" : "XFAIL\n\nselenium.common.exceptions.TimeoutException: Message: Can't find elements by locator ('xpath', '//tbody/tr')",
        "time" : {
          "start" : 1727140294221,
          "stop" : 1727140316699,
          "duration" : 22478
        }
      }, {
        "uid" : "4fc484dd3594df24",
        "reportUrl" : "https://Brain-up.github.io/auto-tests-python/287//#testresult/4fc484dd3594df24",
        "status" : "skipped",
        "statusDetails" : "XFAIL\n\nKeyError: 1",
        "time" : {
          "start" : 1727085596228,
          "stop" : 1727085606788,
          "duration" : 10560
        }
      }, {
        "uid" : "414cace88a54c3b7",
        "reportUrl" : "https://Brain-up.github.io/auto-tests-python/286//#testresult/414cace88a54c3b7",
        "status" : "skipped",
        "statusDetails" : "XFAIL\n\nKeyError: 34",
        "time" : {
          "start" : 1727084328849,
          "stop" : 1727084337800,
          "duration" : 8951
        }
      }, {
        "uid" : "2d0a682410abec3a",
        "reportUrl" : "https://Brain-up.github.io/auto-tests-python/131//#testresult/2d0a682410abec3a",
        "status" : "skipped",
        "statusDetails" : "XFAIL\n\nKeyError: 31",
        "time" : {
          "start" : 1727054017911,
          "stop" : 1727054026920,
          "duration" : 9009
        }
      }, {
        "uid" : "2931e20e67767ed1",
        "reportUrl" : "https://Brain-up.github.io/auto-tests-python/285//#testresult/2931e20e67767ed1",
        "status" : "skipped",
        "statusDetails" : "XFAIL\n\nKeyError: 15",
        "time" : {
          "start" : 1726998884678,
          "stop" : 1726998893928,
          "duration" : 9250
        }
      }, {
        "uid" : "e6ef954aa6e57ee4",
        "reportUrl" : "https://Brain-up.github.io/auto-tests-python/284//#testresult/e6ef954aa6e57ee4",
        "status" : "skipped",
        "statusDetails" : "XFAIL\n\nKeyError: 36",
        "time" : {
          "start" : 1726997367293,
          "stop" : 1726997372773,
          "duration" : 5480
        }
      }, {
        "uid" : "7a3958679e29f77b",
        "reportUrl" : "https://Brain-up.github.io/auto-tests-python/284//#testresult/7a3958679e29f77b",
        "status" : "skipped",
        "statusDetails" : "XFAIL\n\nKeyError: 26",
        "time" : {
          "start" : 1726995901735,
          "stop" : 1726995911517,
          "duration" : 9782
        }
      }, {
        "uid" : "8feb84b9074d0722",
        "reportUrl" : "https://Brain-up.github.io/auto-tests-python/130//#testresult/8feb84b9074d0722",
        "status" : "skipped",
        "statusDetails" : "XFAIL\n\nKeyError: 2",
        "time" : {
          "start" : 1726967754798,
          "stop" : 1726967762382,
          "duration" : 7584
        }
      }, {
        "uid" : "666bb5525addc321",
        "reportUrl" : "https://Brain-up.github.io/auto-tests-python/283//#testresult/666bb5525addc321",
        "status" : "skipped",
        "statusDetails" : "XFAIL\n\nKeyError: 20",
        "time" : {
          "start" : 1726913170808,
          "stop" : 1726913177963,
          "duration" : 7155
        }
      }, {
        "uid" : "35c675c7f242ea06",
        "reportUrl" : "https://Brain-up.github.io/auto-tests-python/282//#testresult/35c675c7f242ea06",
        "status" : "skipped",
        "statusDetails" : "XFAIL\n\nKeyError: 45",
        "time" : {
          "start" : 1726911495816,
          "stop" : 1726911504435,
          "duration" : 8619
        }
      }, {
        "uid" : "9171e24a77b0bca7",
        "reportUrl" : "https://Brain-up.github.io/auto-tests-python/281//#testresult/9171e24a77b0bca7",
        "status" : "skipped",
        "statusDetails" : "XFAIL\n\nKeyError: 7",
        "time" : {
          "start" : 1726909156251,
          "stop" : 1726909162230,
          "duration" : 5979
        }
      }, {
        "uid" : "3e57170dd7f21a3f",
        "reportUrl" : "https://Brain-up.github.io/auto-tests-python/129//#testresult/3e57170dd7f21a3f",
        "status" : "skipped",
        "statusDetails" : "XFAIL\n\nKeyError: 13",
        "time" : {
          "start" : 1726880961586,
          "stop" : 1726880969715,
          "duration" : 8129
        }
      }, {
        "uid" : "97ccdae2083ac6c0",
        "reportUrl" : "https://Brain-up.github.io/auto-tests-python/280//#testresult/97ccdae2083ac6c0",
        "status" : "skipped",
        "statusDetails" : "XFAIL\n\nKeyError: 9",
        "time" : {
          "start" : 1726822070275,
          "stop" : 1726822082819,
          "duration" : 12544
        }
      }, {
        "uid" : "9e138f60d392f91b",
        "reportUrl" : "https://Brain-up.github.io/auto-tests-python/279//#testresult/9e138f60d392f91b",
        "status" : "skipped",
        "statusDetails" : "XFAIL\n\nselenium.common.exceptions.TimeoutException: Message: Can't find element by locator ('xpath', '//a[@title=\"Речевые упражнения\"]')\nStacktrace:\n#0 0x56087bdc12da <unknown>\n#1 0x56087ba8f200 <unknown>\n#2 0x56087badeaa2 <unknown>\n#3 0x56087baded41 <unknown>\n#4 0x56087bb24964 <unknown>\n#5 0x56087bb038fd <unknown>\n#6 0x56087bb21dfd <unknown>\n#7 0x56087bb03673 <unknown>\n#8 0x56087bad1473 <unknown>\n#9 0x56087bad247e <unknown>\n#10 0x56087bd880db <unknown>\n#11 0x56087bd8c071 <unknown>\n#12 0x56087bd749d5 <unknown>\n#13 0x56087bd8cbf2 <unknown>\n#14 0x56087bd59b6f <unknown>\n#15 0x56087bdb0248 <unknown>\n#16 0x56087bdb0417 <unknown>\n#17 0x56087bdc00cc <unknown>\n#18 0x7fea88e94ac3 <unknown>",
        "time" : {
          "start" : 1726819140491,
          "stop" : 1726819163645,
          "duration" : 23154
        }
      }, {
        "uid" : "62d581da3111e339",
        "reportUrl" : "https://Brain-up.github.io/auto-tests-python/128//#testresult/62d581da3111e339",
        "status" : "skipped",
        "statusDetails" : "XFAIL\n\nKeyError: 32",
        "time" : {
          "start" : 1726794777026,
          "stop" : 1726794783644,
          "duration" : 6618
        }
      }, {
        "uid" : "46e09fa89d5c1a9d",
        "reportUrl" : "https://Brain-up.github.io/auto-tests-python/278//#testresult/46e09fa89d5c1a9d",
        "status" : "skipped",
        "statusDetails" : "XFAIL\n\nKeyError: 17",
        "time" : {
          "start" : 1726735038254,
          "stop" : 1726735046404,
          "duration" : 8150
        }
      }, {
        "uid" : "833be8ac138e74e2",
        "reportUrl" : "https://Brain-up.github.io/auto-tests-python/277//#testresult/833be8ac138e74e2",
        "status" : "skipped",
        "statusDetails" : "XFAIL\n\nKeyError: 28",
        "time" : {
          "start" : 1726732579933,
          "stop" : 1726732585490,
          "duration" : 5557
        }
      }, {
        "uid" : "9dddd18da1266567",
        "reportUrl" : "https://Brain-up.github.io/auto-tests-python/277//#testresult/9dddd18da1266567",
        "status" : "skipped",
        "statusDetails" : "XFAIL\n\nKeyError: 9",
        "time" : {
          "start" : 1726731331820,
          "stop" : 1726731338802,
          "duration" : 6982
        }
      }, {
        "uid" : "2190d03454280747",
        "reportUrl" : "https://Brain-up.github.io/auto-tests-python/127//#testresult/2190d03454280747",
        "status" : "skipped",
        "statusDetails" : "XFAIL\n\nKeyError: 43",
        "time" : {
          "start" : 1726708244917,
          "stop" : 1726708256661,
          "duration" : 11744
        }
      }, {
        "uid" : "f9cd078f3c9ef25e",
        "reportUrl" : "https://Brain-up.github.io/auto-tests-python/276//#testresult/f9cd078f3c9ef25e",
        "status" : "skipped",
        "statusDetails" : "XFAIL\n\nKeyError: 22",
        "time" : {
          "start" : 1726650240743,
          "stop" : 1726650247791,
          "duration" : 7048
        }
      } ]
    },
    "tags" : [ "@pytest.mark.xfail" ]
  },
  "source" : "2b3c8109f12da90b.json",
  "parameterValues" : [ ]
}