{
  "uid" : "8405dee1d138083f",
  "name" : "Check progres-bar and buttons.",
  "fullName" : "tests.test_speech_exercises_en.TestCardsEN#test_progress_bar_is_present_en",
  "historyId" : "efb827312bdd34b296637645e49b0897",
  "time" : {
    "start" : 1727171211671,
    "stop" : 1727171231795,
    "duration" : 20124
  },
  "status" : "skipped",
  "statusMessage" : "XFAIL\n\nselenium.common.exceptions.TimeoutException: Message: Can't find element by locator ('xpath', '//button[@data-test-active-link=\"Words\"]')\nStacktrace:\n#0 0x559ff440f2da <unknown>\n#1 0x559ff40dd200 <unknown>\n#2 0x559ff412caa2 <unknown>\n#3 0x559ff412cd41 <unknown>\n#4 0x559ff4172964 <unknown>\n#5 0x559ff41518fd <unknown>\n#6 0x559ff416fdfd <unknown>\n#7 0x559ff4151673 <unknown>\n#8 0x559ff411f473 <unknown>\n#9 0x559ff412047e <unknown>\n#10 0x559ff43d60db <unknown>\n#11 0x559ff43da071 <unknown>\n#12 0x559ff43c29d5 <unknown>\n#13 0x559ff43dabf2 <unknown>\n#14 0x559ff43a7b6f <unknown>\n#15 0x559ff43fe248 <unknown>\n#16 0x559ff43fe417 <unknown>\n#17 0x559ff440e0cc <unknown>\n#18 0x7fc2d1494ac3 <unknown>",
  "statusTrace" : "self = <tests.test_speech_exercises_en.TestCardsEN object at 0x7fddff5b0380>\ndriver = <selenium.webdriver.chrome.webdriver.WebDriver (session=\"fa282f28166a08d0bff29bc8ea375f12\")>\nspecialist_user_authorized = None\n\n    @pytest.mark.xfail\n    @allure.suite(\"Speech exercises EN.\")\n    @allure.title('Check progres-bar and buttons.')\n    def test_progress_bar_is_present_en(self, driver, specialist_user_authorized):\n        page = SpeechExercisesPage(driver)\n>       page.select_group(SpeechExercisesPageLocators.WORDS_BUTTON_EN)\n\ntests/test_speech_exercises_en.py:34: \n_ _ _ _ _ _ _ _ _ _ _ _ _ _ _ _ _ _ _ _ _ _ _ _ _ _ _ _ _ _ _ _ _ _ _ _ _ _ _ _ \npages/speech_exercises_page_en.py:19: in select_group\n    text_of_the_button = self.element_is_present_and_clickable(selector_for_sub_group)\npages/base_page.py:32: in element_is_present_and_clickable\n    return (Wait(self.driver, self.timeout).until(\n_ _ _ _ _ _ _ _ _ _ _ _ _ _ _ _ _ _ _ _ _ _ _ _ _ _ _ _ _ _ _ _ _ _ _ _ _ _ _ _ \n\nself = <selenium.webdriver.support.wait.WebDriverWait (session=\"fa282f28166a08d0bff29bc8ea375f12\")>\nmethod = <function visibility_of_element_located.<locals>._predicate at 0x7fddff6eb060>\nmessage = 'Can\\'t find element by locator (\\'xpath\\', \\'//button[@data-test-active-link=\"Words\"]\\')'\n\n    def until(self, method, message: str = \"\"):\n        \"\"\"Calls the method provided with the driver as an argument until the \\\n        return value does not evaluate to ``False``.\n    \n        :param method: callable(WebDriver)\n        :param message: optional message for :exc:`TimeoutException`\n        :returns: the result of the last call to `method`\n        :raises: :exc:`selenium.common.exceptions.TimeoutException` if timeout occurs\n        \"\"\"\n        screen = None\n        stacktrace = None\n    \n        end_time = time.monotonic() + self._timeout\n        while True:\n            try:\n                value = method(self._driver)\n                if value:\n                    return value\n            except self._ignored_exceptions as exc:\n                screen = getattr(exc, \"screen\", None)\n                stacktrace = getattr(exc, \"stacktrace\", None)\n            time.sleep(self._poll)\n            if time.monotonic() > end_time:\n                break\n>       raise TimeoutException(message, screen, stacktrace)\nE       selenium.common.exceptions.TimeoutException: Message: Can't find element by locator ('xpath', '//button[@data-test-active-link=\"Words\"]')\nE       Stacktrace:\nE       #0 0x559ff440f2da <unknown>\nE       #1 0x559ff40dd200 <unknown>\nE       #2 0x559ff412caa2 <unknown>\nE       #3 0x559ff412cd41 <unknown>\nE       #4 0x559ff4172964 <unknown>\nE       #5 0x559ff41518fd <unknown>\nE       #6 0x559ff416fdfd <unknown>\nE       #7 0x559ff4151673 <unknown>\nE       #8 0x559ff411f473 <unknown>\nE       #9 0x559ff412047e <unknown>\nE       #10 0x559ff43d60db <unknown>\nE       #11 0x559ff43da071 <unknown>\nE       #12 0x559ff43c29d5 <unknown>\nE       #13 0x559ff43dabf2 <unknown>\nE       #14 0x559ff43a7b6f <unknown>\nE       #15 0x559ff43fe248 <unknown>\nE       #16 0x559ff43fe417 <unknown>\nE       #17 0x559ff440e0cc <unknown>\nE       #18 0x7fc2d1494ac3 <unknown>\n\n/opt/hostedtoolcache/Python/3.12.6/x64/lib/python3.12/site-packages/selenium/webdriver/support/wait.py:95: TimeoutException",
  "flaky" : false,
  "newFailed" : false,
  "beforeStages" : [ {
    "name" : "specialist_user_authorized",
    "time" : {
      "start" : 1727171208269,
      "stop" : 1727171211671,
      "duration" : 3402
    },
    "status" : "passed",
    "steps" : [ {
      "name" : "USER specialist authorized",
      "time" : {
        "start" : 1727171208269,
        "stop" : 1727171211671,
        "duration" : 3402
      },
      "status" : "passed",
      "steps" : [ {
        "name" : "Check url is present: https://brainup.site/groups",
        "time" : {
          "start" : 1727171208626,
          "stop" : 1727171211649,
          "duration" : 3023
        },
        "status" : "passed",
        "steps" : [ ],
        "attachments" : [ ],
        "parameters" : [ ],
        "stepsCount" : 0,
        "attachmentsCount" : 0,
        "shouldDisplayMessage" : false,
        "hasContent" : false
      }, {
        "name" : "Loader checking",
        "time" : {
          "start" : 1727171211649,
          "stop" : 1727171211671,
          "duration" : 22
        },
        "status" : "passed",
        "steps" : [ ],
        "attachments" : [ ],
        "parameters" : [ ],
        "stepsCount" : 0,
        "attachmentsCount" : 0,
        "shouldDisplayMessage" : false,
        "hasContent" : false
      } ],
      "attachments" : [ ],
      "parameters" : [ {
        "name" : "driver",
        "value" : "<selenium.webdriver.chrome.webdriver.WebDriver (session=\"fa282f28166a08d0bff29bc8ea375f12\")>"
      }, {
        "name" : "main_page_open",
        "value" : "None"
      } ],
      "stepsCount" : 2,
      "attachmentsCount" : 0,
      "shouldDisplayMessage" : false,
      "hasContent" : true
    } ],
    "attachments" : [ ],
    "parameters" : [ ],
    "stepsCount" : 3,
    "attachmentsCount" : 0,
    "shouldDisplayMessage" : false,
    "hasContent" : true
  }, {
    "name" : "main_page_open",
    "time" : {
      "start" : 1727171203662,
      "stop" : 1727171208269,
      "duration" : 4607
    },
    "status" : "passed",
    "steps" : [ {
      "name" : "Open page: https://brainup.site/",
      "time" : {
        "start" : 1727171203662,
        "stop" : 1727171208269,
        "duration" : 4607
      },
      "status" : "passed",
      "steps" : [ ],
      "attachments" : [ ],
      "parameters" : [ {
        "name" : "driver",
        "value" : "<selenium.webdriver.chrome.webdriver.WebDriver (session=\"fa282f28166a08d0bff29bc8ea375f12\")>"
      } ],
      "stepsCount" : 0,
      "attachmentsCount" : 0,
      "shouldDisplayMessage" : false,
      "hasContent" : true
    } ],
    "attachments" : [ ],
    "parameters" : [ ],
    "stepsCount" : 1,
    "attachmentsCount" : 0,
    "shouldDisplayMessage" : false,
    "hasContent" : true
  }, {
    "name" : "clear_allure_results_folder",
    "time" : {
      "start" : 1727170341850,
      "stop" : 1727170341850,
      "duration" : 0
    },
    "status" : "passed",
    "steps" : [ ],
    "attachments" : [ ],
    "parameters" : [ ],
    "stepsCount" : 0,
    "attachmentsCount" : 0,
    "shouldDisplayMessage" : false,
    "hasContent" : false
  }, {
    "name" : "driver",
    "time" : {
      "start" : 1727171202912,
      "stop" : 1727171203662,
      "duration" : 750
    },
    "status" : "passed",
    "steps" : [ ],
    "attachments" : [ ],
    "parameters" : [ ],
    "stepsCount" : 0,
    "attachmentsCount" : 0,
    "shouldDisplayMessage" : false,
    "hasContent" : false
  } ],
  "testStage" : {
    "status" : "skipped",
    "statusMessage" : "XFAIL\n\nselenium.common.exceptions.TimeoutException: Message: Can't find element by locator ('xpath', '//button[@data-test-active-link=\"Words\"]')\nStacktrace:\n#0 0x559ff440f2da <unknown>\n#1 0x559ff40dd200 <unknown>\n#2 0x559ff412caa2 <unknown>\n#3 0x559ff412cd41 <unknown>\n#4 0x559ff4172964 <unknown>\n#5 0x559ff41518fd <unknown>\n#6 0x559ff416fdfd <unknown>\n#7 0x559ff4151673 <unknown>\n#8 0x559ff411f473 <unknown>\n#9 0x559ff412047e <unknown>\n#10 0x559ff43d60db <unknown>\n#11 0x559ff43da071 <unknown>\n#12 0x559ff43c29d5 <unknown>\n#13 0x559ff43dabf2 <unknown>\n#14 0x559ff43a7b6f <unknown>\n#15 0x559ff43fe248 <unknown>\n#16 0x559ff43fe417 <unknown>\n#17 0x559ff440e0cc <unknown>\n#18 0x7fc2d1494ac3 <unknown>",
    "statusTrace" : "self = <tests.test_speech_exercises_en.TestCardsEN object at 0x7fddff5b0380>\ndriver = <selenium.webdriver.chrome.webdriver.WebDriver (session=\"fa282f28166a08d0bff29bc8ea375f12\")>\nspecialist_user_authorized = None\n\n    @pytest.mark.xfail\n    @allure.suite(\"Speech exercises EN.\")\n    @allure.title('Check progres-bar and buttons.')\n    def test_progress_bar_is_present_en(self, driver, specialist_user_authorized):\n        page = SpeechExercisesPage(driver)\n>       page.select_group(SpeechExercisesPageLocators.WORDS_BUTTON_EN)\n\ntests/test_speech_exercises_en.py:34: \n_ _ _ _ _ _ _ _ _ _ _ _ _ _ _ _ _ _ _ _ _ _ _ _ _ _ _ _ _ _ _ _ _ _ _ _ _ _ _ _ \npages/speech_exercises_page_en.py:19: in select_group\n    text_of_the_button = self.element_is_present_and_clickable(selector_for_sub_group)\npages/base_page.py:32: in element_is_present_and_clickable\n    return (Wait(self.driver, self.timeout).until(\n_ _ _ _ _ _ _ _ _ _ _ _ _ _ _ _ _ _ _ _ _ _ _ _ _ _ _ _ _ _ _ _ _ _ _ _ _ _ _ _ \n\nself = <selenium.webdriver.support.wait.WebDriverWait (session=\"fa282f28166a08d0bff29bc8ea375f12\")>\nmethod = <function visibility_of_element_located.<locals>._predicate at 0x7fddff6eb060>\nmessage = 'Can\\'t find element by locator (\\'xpath\\', \\'//button[@data-test-active-link=\"Words\"]\\')'\n\n    def until(self, method, message: str = \"\"):\n        \"\"\"Calls the method provided with the driver as an argument until the \\\n        return value does not evaluate to ``False``.\n    \n        :param method: callable(WebDriver)\n        :param message: optional message for :exc:`TimeoutException`\n        :returns: the result of the last call to `method`\n        :raises: :exc:`selenium.common.exceptions.TimeoutException` if timeout occurs\n        \"\"\"\n        screen = None\n        stacktrace = None\n    \n        end_time = time.monotonic() + self._timeout\n        while True:\n            try:\n                value = method(self._driver)\n                if value:\n                    return value\n            except self._ignored_exceptions as exc:\n                screen = getattr(exc, \"screen\", None)\n                stacktrace = getattr(exc, \"stacktrace\", None)\n            time.sleep(self._poll)\n            if time.monotonic() > end_time:\n                break\n>       raise TimeoutException(message, screen, stacktrace)\nE       selenium.common.exceptions.TimeoutException: Message: Can't find element by locator ('xpath', '//button[@data-test-active-link=\"Words\"]')\nE       Stacktrace:\nE       #0 0x559ff440f2da <unknown>\nE       #1 0x559ff40dd200 <unknown>\nE       #2 0x559ff412caa2 <unknown>\nE       #3 0x559ff412cd41 <unknown>\nE       #4 0x559ff4172964 <unknown>\nE       #5 0x559ff41518fd <unknown>\nE       #6 0x559ff416fdfd <unknown>\nE       #7 0x559ff4151673 <unknown>\nE       #8 0x559ff411f473 <unknown>\nE       #9 0x559ff412047e <unknown>\nE       #10 0x559ff43d60db <unknown>\nE       #11 0x559ff43da071 <unknown>\nE       #12 0x559ff43c29d5 <unknown>\nE       #13 0x559ff43dabf2 <unknown>\nE       #14 0x559ff43a7b6f <unknown>\nE       #15 0x559ff43fe248 <unknown>\nE       #16 0x559ff43fe417 <unknown>\nE       #17 0x559ff440e0cc <unknown>\nE       #18 0x7fc2d1494ac3 <unknown>\n\n/opt/hostedtoolcache/Python/3.12.6/x64/lib/python3.12/site-packages/selenium/webdriver/support/wait.py:95: TimeoutException",
    "steps" : [ {
      "name" : "select_group",
      "time" : {
        "start" : 1727171211671,
        "stop" : 1727171231795,
        "duration" : 20124
      },
      "status" : "broken",
      "statusMessage" : "selenium.common.exceptions.TimeoutException: Message: Can't find element by locator ('xpath', '//button[@data-test-active-link=\"Words\"]')\nStacktrace:\n#0 0x559ff440f2da <unknown>\n#1 0x559ff40dd200 <unknown>\n#2 0x559ff412caa2 <unknown>\n#3 0x559ff412cd41 <unknown>\n#4 0x559ff4172964 <unknown>\n#5 0x559ff41518fd <unknown>\n#6 0x559ff416fdfd <unknown>\n#7 0x559ff4151673 <unknown>\n#8 0x559ff411f473 <unknown>\n#9 0x559ff412047e <unknown>\n#10 0x559ff43d60db <unknown>\n#11 0x559ff43da071 <unknown>\n#12 0x559ff43c29d5 <unknown>\n#13 0x559ff43dabf2 <unknown>\n#14 0x559ff43a7b6f <unknown>\n#15 0x559ff43fe248 <unknown>\n#16 0x559ff43fe417 <unknown>\n#17 0x559ff440e0cc <unknown>\n#18 0x7fc2d1494ac3 <unknown>\n\n",
      "statusTrace" : "  File \"/opt/hostedtoolcache/Python/3.12.6/x64/lib/python3.12/site-packages/allure_commons/_allure.py\", line 192, in impl\n    return func(*a, **kw)\n           ^^^^^^^^^^^^^^\n  File \"/home/runner/work/auto-tests-python/auto-tests-python/pages/speech_exercises_page_en.py\", line 19, in select_group\n    text_of_the_button = self.element_is_present_and_clickable(selector_for_sub_group)\n                         ^^^^^^^^^^^^^^^^^^^^^^^^^^^^^^^^^^^^^^^^^^^^^^^^^^^^^^^^^^^^^\n  File \"/home/runner/work/auto-tests-python/auto-tests-python/pages/base_page.py\", line 32, in element_is_present_and_clickable\n    return (Wait(self.driver, self.timeout).until(\n            ^^^^^^^^^^^^^^^^^^^^^^^^^^^^^^^^^^^^^^\n  File \"/opt/hostedtoolcache/Python/3.12.6/x64/lib/python3.12/site-packages/selenium/webdriver/support/wait.py\", line 95, in until\n    raise TimeoutException(message, screen, stacktrace)\n",
      "steps" : [ {
        "name" : "Select Russian language. Click \"EN\" button.",
        "time" : {
          "start" : 1727171211671,
          "stop" : 1727171211727,
          "duration" : 56
        },
        "status" : "passed",
        "steps" : [ ],
        "attachments" : [ ],
        "parameters" : [ ],
        "stepsCount" : 0,
        "attachmentsCount" : 0,
        "shouldDisplayMessage" : false,
        "hasContent" : false
      }, {
        "name" : "Click button \"SPEECH EXERCISES\".",
        "time" : {
          "start" : 1727171211727,
          "stop" : 1727171211783,
          "duration" : 56
        },
        "status" : "passed",
        "steps" : [ ],
        "attachments" : [ ],
        "parameters" : [ ],
        "stepsCount" : 0,
        "attachmentsCount" : 0,
        "shouldDisplayMessage" : false,
        "hasContent" : false
      } ],
      "attachments" : [ ],
      "parameters" : [ {
        "name" : "selector_for_sub_group",
        "value" : "('xpath', '//button[@data-test-active-link=\"Words\"]')"
      } ],
      "stepsCount" : 2,
      "attachmentsCount" : 0,
      "shouldDisplayMessage" : true,
      "hasContent" : true
    } ],
    "attachments" : [ ],
    "parameters" : [ ],
    "stepsCount" : 3,
    "attachmentsCount" : 0,
    "shouldDisplayMessage" : true,
    "hasContent" : true
  },
  "afterStages" : [ {
    "name" : "driver::0",
    "time" : {
      "start" : 1727171231805,
      "stop" : 1727171231892,
      "duration" : 87
    },
    "status" : "passed",
    "steps" : [ ],
    "attachments" : [ ],
    "parameters" : [ ],
    "stepsCount" : 0,
    "attachmentsCount" : 0,
    "shouldDisplayMessage" : false,
    "hasContent" : false
  } ],
  "labels" : [ {
    "name" : "suite",
    "value" : "Speech exercises EN."
  }, {
    "name" : "epic",
    "value" : "Speech exercises."
  }, {
    "name" : "tag",
    "value" : "@pytest.mark.xfail"
  }, {
    "name" : "parentSuite",
    "value" : "tests"
  }, {
    "name" : "subSuite",
    "value" : "TestCardsEN"
  }, {
    "name" : "host",
    "value" : "fv-az1345-836"
  }, {
    "name" : "thread",
    "value" : "2251-MainThread"
  }, {
    "name" : "framework",
    "value" : "pytest"
  }, {
    "name" : "language",
    "value" : "cpython3"
  }, {
    "name" : "package",
    "value" : "tests.test_speech_exercises_en"
  }, {
    "name" : "resultFormat",
    "value" : "allure2"
  } ],
  "parameters" : [ ],
  "links" : [ ],
  "hidden" : false,
  "retry" : false,
  "extra" : {
    "severity" : "normal",
    "retries" : [ ],
    "categories" : [ ],
    "history" : {
      "statistic" : {
        "failed" : 0,
        "broken" : 0,
        "skipped" : 16,
        "passed" : 426,
        "unknown" : 0,
        "total" : 442
      },
      "items" : [ {
        "uid" : "e4a23af58b74e2b3",
        "reportUrl" : "https://Brain-up.github.io/auto-tests-python/288//#testresult/e4a23af58b74e2b3",
        "status" : "skipped",
        "statusDetails" : "XFAIL\n\nKeyError: 28",
        "time" : {
          "start" : 1727168788625,
          "stop" : 1727168820547,
          "duration" : 31922
        }
      }, {
        "uid" : "e709bcec68f3f63a",
        "reportUrl" : "https://Brain-up.github.io/auto-tests-python/288//#testresult/e709bcec68f3f63a",
        "status" : "skipped",
        "statusDetails" : "XFAIL\n\nselenium.common.exceptions.TimeoutException: Message: Url: https://brainup.site/groups/4/series/9/subgroup/156/exercise/2539 has not been changed!!!",
        "time" : {
          "start" : 1727166014244,
          "stop" : 1727166096627,
          "duration" : 82383
        }
      }, {
        "uid" : "ccc60ffaf5eb7ad",
        "reportUrl" : "https://Brain-up.github.io/auto-tests-python/288//#testresult/ccc60ffaf5eb7ad",
        "status" : "passed",
        "statusDetails" : "XPASS",
        "time" : {
          "start" : 1727164320443,
          "stop" : 1727164365743,
          "duration" : 45300
        }
      }, {
        "uid" : "9ab66be6a92b8b12",
        "reportUrl" : "https://Brain-up.github.io/auto-tests-python/132//#testresult/9ab66be6a92b8b12",
        "status" : "passed",
        "statusDetails" : "XPASS",
        "time" : {
          "start" : 1727140043680,
          "stop" : 1727140052113,
          "duration" : 8433
        }
      }, {
        "uid" : "359498270f4fe83f",
        "reportUrl" : "https://Brain-up.github.io/auto-tests-python/287//#testresult/359498270f4fe83f",
        "status" : "passed",
        "statusDetails" : "XPASS",
        "time" : {
          "start" : 1727085397860,
          "stop" : 1727085408732,
          "duration" : 10872
        }
      }, {
        "uid" : "67bc3efe9e61bead",
        "reportUrl" : "https://Brain-up.github.io/auto-tests-python/286//#testresult/67bc3efe9e61bead",
        "status" : "passed",
        "statusDetails" : "XPASS",
        "time" : {
          "start" : 1727083830012,
          "stop" : 1727083839372,
          "duration" : 9360
        }
      }, {
        "uid" : "2cf8a336b4437512",
        "reportUrl" : "https://Brain-up.github.io/auto-tests-python/131//#testresult/2cf8a336b4437512",
        "status" : "passed",
        "statusDetails" : "XPASS",
        "time" : {
          "start" : 1727053752265,
          "stop" : 1727053765892,
          "duration" : 13627
        }
      }, {
        "uid" : "2380cb938557076f",
        "reportUrl" : "https://Brain-up.github.io/auto-tests-python/285//#testresult/2380cb938557076f",
        "status" : "passed",
        "statusDetails" : "XPASS",
        "time" : {
          "start" : 1726998689607,
          "stop" : 1726998697852,
          "duration" : 8245
        }
      }, {
        "uid" : "593a69f28dfd5902",
        "reportUrl" : "https://Brain-up.github.io/auto-tests-python/284//#testresult/593a69f28dfd5902",
        "status" : "passed",
        "statusDetails" : "XPASS",
        "time" : {
          "start" : 1726997044419,
          "stop" : 1726997053033,
          "duration" : 8614
        }
      }, {
        "uid" : "26ec4b10c6691e43",
        "reportUrl" : "https://Brain-up.github.io/auto-tests-python/284//#testresult/26ec4b10c6691e43",
        "status" : "passed",
        "statusDetails" : "XPASS",
        "time" : {
          "start" : 1726995690871,
          "stop" : 1726995701664,
          "duration" : 10793
        }
      }, {
        "uid" : "773daf09a09eea1f",
        "reportUrl" : "https://Brain-up.github.io/auto-tests-python/130//#testresult/773daf09a09eea1f",
        "status" : "passed",
        "statusDetails" : "XPASS",
        "time" : {
          "start" : 1726967547755,
          "stop" : 1726967557325,
          "duration" : 9570
        }
      }, {
        "uid" : "7ff10290435159ba",
        "reportUrl" : "https://Brain-up.github.io/auto-tests-python/283//#testresult/7ff10290435159ba",
        "status" : "passed",
        "statusDetails" : "XPASS",
        "time" : {
          "start" : 1726912965492,
          "stop" : 1726912973513,
          "duration" : 8021
        }
      }, {
        "uid" : "7f5e8f50d5fce05b",
        "reportUrl" : "https://Brain-up.github.io/auto-tests-python/282//#testresult/7f5e8f50d5fce05b",
        "status" : "passed",
        "statusDetails" : "XPASS",
        "time" : {
          "start" : 1726911187098,
          "stop" : 1726911195573,
          "duration" : 8475
        }
      }, {
        "uid" : "e1333d8b661550d4",
        "reportUrl" : "https://Brain-up.github.io/auto-tests-python/281//#testresult/e1333d8b661550d4",
        "status" : "passed",
        "statusDetails" : "XPASS",
        "time" : {
          "start" : 1726908958158,
          "stop" : 1726908967268,
          "duration" : 9110
        }
      }, {
        "uid" : "a24e5841bb554461",
        "reportUrl" : "https://Brain-up.github.io/auto-tests-python/129//#testresult/a24e5841bb554461",
        "status" : "passed",
        "statusDetails" : "XPASS",
        "time" : {
          "start" : 1726880732042,
          "stop" : 1726880740535,
          "duration" : 8493
        }
      }, {
        "uid" : "b7588909c6b0ec62",
        "reportUrl" : "https://Brain-up.github.io/auto-tests-python/280//#testresult/b7588909c6b0ec62",
        "status" : "skipped",
        "statusDetails" : "XFAIL\n\nselenium.common.exceptions.TimeoutException: Message: Url: https://brainup.site/groups/4/series/9/subgroup/152/exercise/2494 has not been changed!!!",
        "time" : {
          "start" : 1726821554918,
          "stop" : 1726821580900,
          "duration" : 25982
        }
      }, {
        "uid" : "94cf45a5548642c6",
        "reportUrl" : "https://Brain-up.github.io/auto-tests-python/279//#testresult/94cf45a5548642c6",
        "status" : "passed",
        "statusDetails" : "XPASS",
        "time" : {
          "start" : 1726818879759,
          "stop" : 1726818887939,
          "duration" : 8180
        }
      }, {
        "uid" : "fc4754f0b1c3288f",
        "reportUrl" : "https://Brain-up.github.io/auto-tests-python/128//#testresult/fc4754f0b1c3288f",
        "status" : "passed",
        "statusDetails" : "XPASS",
        "time" : {
          "start" : 1726794378658,
          "stop" : 1726794387539,
          "duration" : 8881
        }
      }, {
        "uid" : "a505a4997d9e48bd",
        "reportUrl" : "https://Brain-up.github.io/auto-tests-python/278//#testresult/a505a4997d9e48bd",
        "status" : "passed",
        "statusDetails" : "XPASS",
        "time" : {
          "start" : 1726734722272,
          "stop" : 1726734731947,
          "duration" : 9675
        }
      }, {
        "uid" : "502992307908274",
        "reportUrl" : "https://Brain-up.github.io/auto-tests-python/277//#testresult/502992307908274",
        "status" : "passed",
        "statusDetails" : "XPASS",
        "time" : {
          "start" : 1726732373072,
          "stop" : 1726732382550,
          "duration" : 9478
        }
      } ]
    },
    "tags" : [ "@pytest.mark.xfail" ]
  },
  "source" : "8405dee1d138083f.json",
  "parameterValues" : [ ]
}