{
  "uid" : "f1879b34c0a88335",
  "name" : "Check progres-bar and buttons.",
  "fullName" : "tests.test_speech_exercises_en.TestCardsEN#test_progress_bar_is_present_en",
  "historyId" : "efb827312bdd34b296637645e49b0897",
  "time" : {
    "start" : 1740619054642,
    "stop" : 1740619075283,
    "duration" : 20641
  },
  "status" : "skipped",
  "statusMessage" : "XFAIL\n\nselenium.common.exceptions.TimeoutException: Message: Can't find element by locator ('xpath', '//button[@data-test-active-link=\"Words\"]')\nStacktrace:\n#0 0x5574a3647bea <unknown>\n#1 0x5574a30e57d0 <unknown>\n#2 0x5574a3136cc0 <unknown>\n#3 0x5574a3136e41 <unknown>\n#4 0x5574a3185984 <unknown>\n#5 0x5574a315cabd <unknown>\n#6 0x5574a3182d0c <unknown>\n#7 0x5574a315c863 <unknown>\n#8 0x5574a3128ac8 <unknown>\n#9 0x5574a3129c31 <unknown>\n#10 0x5574a361118b <unknown>\n#11 0x5574a3615112 <unknown>\n#12 0x5574a35fe04c <unknown>\n#13 0x5574a3615d04 <unknown>\n#14 0x5574a35e24bf <unknown>\n#15 0x5574a3636528 <unknown>\n#16 0x5574a36366f9 <unknown>\n#17 0x5574a3646a66 <unknown>\n#18 0x7f05e449caa4 <unknown>\n#19 0x7f05e4529c3c <unknown>",
  "statusTrace" : "self = <tests.test_speech_exercises_en.TestCardsEN object at 0x7f88e0a50d70>\ndriver = <selenium.webdriver.chrome.webdriver.WebDriver (session=\"f754a8725d9266a3f925e6b359dc29fe\")>\nspecialist_user_authorized = None\n\n    @pytest.mark.xfail\n    @allure.suite(\"Speech exercises EN.\")\n    @allure.title('Check progres-bar and buttons.')\n    def test_progress_bar_is_present_en(self, driver, specialist_user_authorized):\n        page = SpeechExercisesPage(driver)\n>       page.select_group(SpeechExercisesPageLocators.WORDS_BUTTON_EN)\n\ntests/test_speech_exercises_en.py:34: \n_ _ _ _ _ _ _ _ _ _ _ _ _ _ _ _ _ _ _ _ _ _ _ _ _ _ _ _ _ _ _ _ _ _ _ _ _ _ _ _ \npages/speech_exercises_page_en.py:18: in select_group\n    text_of_the_button = self.element_is_present_and_clickable(selector_for_sub_group)\npages/base_page.py:40: in element_is_present_and_clickable\n    return (Wait(self.driver, self.timeout).until(\n_ _ _ _ _ _ _ _ _ _ _ _ _ _ _ _ _ _ _ _ _ _ _ _ _ _ _ _ _ _ _ _ _ _ _ _ _ _ _ _ \n\nself = <selenium.webdriver.support.wait.WebDriverWait (session=\"f754a8725d9266a3f925e6b359dc29fe\")>\nmethod = <function visibility_of_element_located.<locals>._predicate at 0x7f88e0a44680>\nmessage = 'Can\\'t find element by locator (\\'xpath\\', \\'//button[@data-test-active-link=\"Words\"]\\')'\n\n    def until(self, method, message: str = \"\"):\n        \"\"\"Calls the method provided with the driver as an argument until the \\\n        return value does not evaluate to ``False``.\n    \n        :param method: callable(WebDriver)\n        :param message: optional message for :exc:`TimeoutException`\n        :returns: the result of the last call to `method`\n        :raises: :exc:`selenium.common.exceptions.TimeoutException` if timeout occurs\n        \"\"\"\n        screen = None\n        stacktrace = None\n    \n        end_time = time.monotonic() + self._timeout\n        while True:\n            try:\n                value = method(self._driver)\n                if value:\n                    return value\n            except self._ignored_exceptions as exc:\n                screen = getattr(exc, \"screen\", None)\n                stacktrace = getattr(exc, \"stacktrace\", None)\n            time.sleep(self._poll)\n            if time.monotonic() > end_time:\n                break\n>       raise TimeoutException(message, screen, stacktrace)\nE       selenium.common.exceptions.TimeoutException: Message: Can't find element by locator ('xpath', '//button[@data-test-active-link=\"Words\"]')\nE       Stacktrace:\nE       #0 0x5574a3647bea <unknown>\nE       #1 0x5574a30e57d0 <unknown>\nE       #2 0x5574a3136cc0 <unknown>\nE       #3 0x5574a3136e41 <unknown>\nE       #4 0x5574a3185984 <unknown>\nE       #5 0x5574a315cabd <unknown>\nE       #6 0x5574a3182d0c <unknown>\nE       #7 0x5574a315c863 <unknown>\nE       #8 0x5574a3128ac8 <unknown>\nE       #9 0x5574a3129c31 <unknown>\nE       #10 0x5574a361118b <unknown>\nE       #11 0x5574a3615112 <unknown>\nE       #12 0x5574a35fe04c <unknown>\nE       #13 0x5574a3615d04 <unknown>\nE       #14 0x5574a35e24bf <unknown>\nE       #15 0x5574a3636528 <unknown>\nE       #16 0x5574a36366f9 <unknown>\nE       #17 0x5574a3646a66 <unknown>\nE       #18 0x7f05e449caa4 <unknown>\nE       #19 0x7f05e4529c3c <unknown>\n\n/opt/hostedtoolcache/Python/3.12.9/x64/lib/python3.12/site-packages/selenium/webdriver/support/wait.py:95: TimeoutException",
  "flaky" : false,
  "newFailed" : false,
  "beforeStages" : [ {
    "name" : "clear_allure_results_folder",
    "time" : {
      "start" : 1740617865383,
      "stop" : 1740617865383,
      "duration" : 0
    },
    "status" : "passed",
    "steps" : [ ],
    "attachments" : [ ],
    "parameters" : [ ],
    "stepsCount" : 0,
    "attachmentsCount" : 0,
    "shouldDisplayMessage" : false,
    "hasContent" : false
  }, {
    "name" : "specialist_user_authorized",
    "time" : {
      "start" : 1740619051703,
      "stop" : 1740619054642,
      "duration" : 2939
    },
    "status" : "passed",
    "steps" : [ {
      "name" : "USER specialist authorized",
      "time" : {
        "start" : 1740619051704,
        "stop" : 1740619054642,
        "duration" : 2938
      },
      "status" : "passed",
      "steps" : [ {
        "name" : "Check url is present: https://www.brainup.site/groups",
        "time" : {
          "start" : 1740619052096,
          "stop" : 1740619054620,
          "duration" : 2524
        },
        "status" : "passed",
        "steps" : [ ],
        "attachments" : [ ],
        "parameters" : [ ],
        "stepsCount" : 0,
        "attachmentsCount" : 0,
        "shouldDisplayMessage" : false,
        "hasContent" : false
      }, {
        "name" : "Loader checking",
        "time" : {
          "start" : 1740619054620,
          "stop" : 1740619054642,
          "duration" : 22
        },
        "status" : "passed",
        "steps" : [ ],
        "attachments" : [ ],
        "parameters" : [ ],
        "stepsCount" : 0,
        "attachmentsCount" : 0,
        "shouldDisplayMessage" : false,
        "hasContent" : false
      } ],
      "attachments" : [ ],
      "parameters" : [ {
        "name" : "driver",
        "value" : "<selenium.webdriver.chrome.webdriver.WebDriver (session=\"f754a8725d9266a3f925e6b359dc29fe\")>"
      }, {
        "name" : "main_page_open",
        "value" : "None"
      } ],
      "stepsCount" : 2,
      "attachmentsCount" : 0,
      "shouldDisplayMessage" : false,
      "hasContent" : true
    } ],
    "attachments" : [ ],
    "parameters" : [ ],
    "stepsCount" : 3,
    "attachmentsCount" : 0,
    "shouldDisplayMessage" : false,
    "hasContent" : true
  }, {
    "name" : "driver",
    "time" : {
      "start" : 1740619047980,
      "stop" : 1740619048806,
      "duration" : 826
    },
    "status" : "passed",
    "steps" : [ ],
    "attachments" : [ ],
    "parameters" : [ ],
    "stepsCount" : 0,
    "attachmentsCount" : 0,
    "shouldDisplayMessage" : false,
    "hasContent" : false
  }, {
    "name" : "main_page_open",
    "time" : {
      "start" : 1740619048806,
      "stop" : 1740619051703,
      "duration" : 2897
    },
    "status" : "passed",
    "steps" : [ {
      "name" : "Open page: https://www.brainup.site/",
      "time" : {
        "start" : 1740619048806,
        "stop" : 1740619051703,
        "duration" : 2897
      },
      "status" : "passed",
      "steps" : [ ],
      "attachments" : [ ],
      "parameters" : [ {
        "name" : "driver",
        "value" : "<selenium.webdriver.chrome.webdriver.WebDriver (session=\"f754a8725d9266a3f925e6b359dc29fe\")>"
      } ],
      "stepsCount" : 0,
      "attachmentsCount" : 0,
      "shouldDisplayMessage" : false,
      "hasContent" : true
    } ],
    "attachments" : [ ],
    "parameters" : [ ],
    "stepsCount" : 1,
    "attachmentsCount" : 0,
    "shouldDisplayMessage" : false,
    "hasContent" : true
  } ],
  "testStage" : {
    "status" : "skipped",
    "statusMessage" : "XFAIL\n\nselenium.common.exceptions.TimeoutException: Message: Can't find element by locator ('xpath', '//button[@data-test-active-link=\"Words\"]')\nStacktrace:\n#0 0x5574a3647bea <unknown>\n#1 0x5574a30e57d0 <unknown>\n#2 0x5574a3136cc0 <unknown>\n#3 0x5574a3136e41 <unknown>\n#4 0x5574a3185984 <unknown>\n#5 0x5574a315cabd <unknown>\n#6 0x5574a3182d0c <unknown>\n#7 0x5574a315c863 <unknown>\n#8 0x5574a3128ac8 <unknown>\n#9 0x5574a3129c31 <unknown>\n#10 0x5574a361118b <unknown>\n#11 0x5574a3615112 <unknown>\n#12 0x5574a35fe04c <unknown>\n#13 0x5574a3615d04 <unknown>\n#14 0x5574a35e24bf <unknown>\n#15 0x5574a3636528 <unknown>\n#16 0x5574a36366f9 <unknown>\n#17 0x5574a3646a66 <unknown>\n#18 0x7f05e449caa4 <unknown>\n#19 0x7f05e4529c3c <unknown>",
    "statusTrace" : "self = <tests.test_speech_exercises_en.TestCardsEN object at 0x7f88e0a50d70>\ndriver = <selenium.webdriver.chrome.webdriver.WebDriver (session=\"f754a8725d9266a3f925e6b359dc29fe\")>\nspecialist_user_authorized = None\n\n    @pytest.mark.xfail\n    @allure.suite(\"Speech exercises EN.\")\n    @allure.title('Check progres-bar and buttons.')\n    def test_progress_bar_is_present_en(self, driver, specialist_user_authorized):\n        page = SpeechExercisesPage(driver)\n>       page.select_group(SpeechExercisesPageLocators.WORDS_BUTTON_EN)\n\ntests/test_speech_exercises_en.py:34: \n_ _ _ _ _ _ _ _ _ _ _ _ _ _ _ _ _ _ _ _ _ _ _ _ _ _ _ _ _ _ _ _ _ _ _ _ _ _ _ _ \npages/speech_exercises_page_en.py:18: in select_group\n    text_of_the_button = self.element_is_present_and_clickable(selector_for_sub_group)\npages/base_page.py:40: in element_is_present_and_clickable\n    return (Wait(self.driver, self.timeout).until(\n_ _ _ _ _ _ _ _ _ _ _ _ _ _ _ _ _ _ _ _ _ _ _ _ _ _ _ _ _ _ _ _ _ _ _ _ _ _ _ _ \n\nself = <selenium.webdriver.support.wait.WebDriverWait (session=\"f754a8725d9266a3f925e6b359dc29fe\")>\nmethod = <function visibility_of_element_located.<locals>._predicate at 0x7f88e0a44680>\nmessage = 'Can\\'t find element by locator (\\'xpath\\', \\'//button[@data-test-active-link=\"Words\"]\\')'\n\n    def until(self, method, message: str = \"\"):\n        \"\"\"Calls the method provided with the driver as an argument until the \\\n        return value does not evaluate to ``False``.\n    \n        :param method: callable(WebDriver)\n        :param message: optional message for :exc:`TimeoutException`\n        :returns: the result of the last call to `method`\n        :raises: :exc:`selenium.common.exceptions.TimeoutException` if timeout occurs\n        \"\"\"\n        screen = None\n        stacktrace = None\n    \n        end_time = time.monotonic() + self._timeout\n        while True:\n            try:\n                value = method(self._driver)\n                if value:\n                    return value\n            except self._ignored_exceptions as exc:\n                screen = getattr(exc, \"screen\", None)\n                stacktrace = getattr(exc, \"stacktrace\", None)\n            time.sleep(self._poll)\n            if time.monotonic() > end_time:\n                break\n>       raise TimeoutException(message, screen, stacktrace)\nE       selenium.common.exceptions.TimeoutException: Message: Can't find element by locator ('xpath', '//button[@data-test-active-link=\"Words\"]')\nE       Stacktrace:\nE       #0 0x5574a3647bea <unknown>\nE       #1 0x5574a30e57d0 <unknown>\nE       #2 0x5574a3136cc0 <unknown>\nE       #3 0x5574a3136e41 <unknown>\nE       #4 0x5574a3185984 <unknown>\nE       #5 0x5574a315cabd <unknown>\nE       #6 0x5574a3182d0c <unknown>\nE       #7 0x5574a315c863 <unknown>\nE       #8 0x5574a3128ac8 <unknown>\nE       #9 0x5574a3129c31 <unknown>\nE       #10 0x5574a361118b <unknown>\nE       #11 0x5574a3615112 <unknown>\nE       #12 0x5574a35fe04c <unknown>\nE       #13 0x5574a3615d04 <unknown>\nE       #14 0x5574a35e24bf <unknown>\nE       #15 0x5574a3636528 <unknown>\nE       #16 0x5574a36366f9 <unknown>\nE       #17 0x5574a3646a66 <unknown>\nE       #18 0x7f05e449caa4 <unknown>\nE       #19 0x7f05e4529c3c <unknown>\n\n/opt/hostedtoolcache/Python/3.12.9/x64/lib/python3.12/site-packages/selenium/webdriver/support/wait.py:95: TimeoutException",
    "steps" : [ {
      "name" : "select_group",
      "time" : {
        "start" : 1740619054642,
        "stop" : 1740619075283,
        "duration" : 20641
      },
      "status" : "broken",
      "statusMessage" : "selenium.common.exceptions.TimeoutException: Message: Can't find element by locator ('xpath', '//button[@data-test-active-link=\"Words\"]')\nStacktrace:\n#0 0x5574a3647bea <unknown>\n#1 0x5574a30e57d0 <unknown>\n#2 0x5574a3136cc0 <unknown>\n#3 0x5574a3136e41 <unknown>\n#4 0x5574a3185984 <unknown>\n#5 0x5574a315cabd <unknown>\n#6 0x5574a3182d0c <unknown>\n#7 0x5574a315c863 <unknown>\n#8 0x5574a3128ac8 <unknown>\n#9 0x5574a3129c31 <unknown>\n#10 0x5574a361118b <unknown>\n#11 0x5574a3615112 <unknown>\n#12 0x5574a35fe04c <unknown>\n#13 0x5574a3615d04 <unknown>\n#14 0x5574a35e24bf <unknown>\n#15 0x5574a3636528 <unknown>\n#16 0x5574a36366f9 <unknown>\n#17 0x5574a3646a66 <unknown>\n#18 0x7f05e449caa4 <unknown>\n#19 0x7f05e4529c3c <unknown>\n\n",
      "statusTrace" : "  File \"/opt/hostedtoolcache/Python/3.12.9/x64/lib/python3.12/site-packages/allure_commons/_allure.py\", line 192, in impl\n    return func(*a, **kw)\n           ^^^^^^^^^^^^^^\n  File \"/home/runner/work/auto-tests-python/auto-tests-python/pages/speech_exercises_page_en.py\", line 18, in select_group\n    text_of_the_button = self.element_is_present_and_clickable(selector_for_sub_group)\n                         ^^^^^^^^^^^^^^^^^^^^^^^^^^^^^^^^^^^^^^^^^^^^^^^^^^^^^^^^^^^^^\n  File \"/home/runner/work/auto-tests-python/auto-tests-python/pages/base_page.py\", line 40, in element_is_present_and_clickable\n    return (Wait(self.driver, self.timeout).until(\n            ^^^^^^^^^^^^^^^^^^^^^^^^^^^^^^^^^^^^^^\n  File \"/opt/hostedtoolcache/Python/3.12.9/x64/lib/python3.12/site-packages/selenium/webdriver/support/wait.py\", line 95, in until\n    raise TimeoutException(message, screen, stacktrace)\n",
      "steps" : [ {
        "name" : "Select Russian language. Click \"EN\" button.",
        "time" : {
          "start" : 1740619054643,
          "stop" : 1740619054713,
          "duration" : 70
        },
        "status" : "passed",
        "steps" : [ ],
        "attachments" : [ ],
        "parameters" : [ ],
        "stepsCount" : 0,
        "attachmentsCount" : 0,
        "shouldDisplayMessage" : false,
        "hasContent" : false
      }, {
        "name" : "Click button \"SPEECH EXERCISES\".",
        "time" : {
          "start" : 1740619054713,
          "stop" : 1740619054785,
          "duration" : 72
        },
        "status" : "passed",
        "steps" : [ ],
        "attachments" : [ ],
        "parameters" : [ ],
        "stepsCount" : 0,
        "attachmentsCount" : 0,
        "shouldDisplayMessage" : false,
        "hasContent" : false
      } ],
      "attachments" : [ ],
      "parameters" : [ {
        "name" : "selector_for_sub_group",
        "value" : "('xpath', '//button[@data-test-active-link=\"Words\"]')"
      } ],
      "stepsCount" : 2,
      "attachmentsCount" : 0,
      "shouldDisplayMessage" : true,
      "hasContent" : true
    } ],
    "attachments" : [ ],
    "parameters" : [ ],
    "stepsCount" : 3,
    "attachmentsCount" : 0,
    "shouldDisplayMessage" : true,
    "hasContent" : true
  },
  "afterStages" : [ {
    "name" : "driver::0",
    "time" : {
      "start" : 1740619075293,
      "stop" : 1740619075361,
      "duration" : 68
    },
    "status" : "passed",
    "steps" : [ ],
    "attachments" : [ ],
    "parameters" : [ ],
    "stepsCount" : 0,
    "attachmentsCount" : 0,
    "shouldDisplayMessage" : false,
    "hasContent" : false
  } ],
  "labels" : [ {
    "name" : "suite",
    "value" : "Speech exercises EN."
  }, {
    "name" : "epic",
    "value" : "Speech exercises."
  }, {
    "name" : "tag",
    "value" : "@pytest.mark.xfail"
  }, {
    "name" : "parentSuite",
    "value" : "tests"
  }, {
    "name" : "subSuite",
    "value" : "TestCardsEN"
  }, {
    "name" : "host",
    "value" : "fv-az1280-300"
  }, {
    "name" : "thread",
    "value" : "2413-MainThread"
  }, {
    "name" : "framework",
    "value" : "pytest"
  }, {
    "name" : "language",
    "value" : "cpython3"
  }, {
    "name" : "package",
    "value" : "tests.test_speech_exercises_en"
  }, {
    "name" : "resultFormat",
    "value" : "allure2"
  } ],
  "parameters" : [ ],
  "links" : [ ],
  "hidden" : false,
  "retry" : false,
  "extra" : {
    "severity" : "normal",
    "retries" : [ ],
    "categories" : [ ],
    "history" : {
      "statistic" : {
        "failed" : 0,
        "broken" : 0,
        "skipped" : 2,
        "passed" : 0,
        "unknown" : 0,
        "total" : 2
      },
      "items" : [ {
        "uid" : "622cbca525a97f95",
        "reportUrl" : "https://Brain-up.github.io/auto-tests-python/491//#testresult/622cbca525a97f95",
        "status" : "skipped",
        "statusDetails" : "XFAIL\n\nselenium.common.exceptions.TimeoutException: Message: Can't find element by locator ('xpath', '//button[@data-test-active-link=\"Words\"]')\nStacktrace:\n#0 0x55bf8f920bea <unknown>\n#1 0x55bf8f3be7d0 <unknown>\n#2 0x55bf8f40fcc0 <unknown>\n#3 0x55bf8f40fe41 <unknown>\n#4 0x55bf8f45e984 <unknown>\n#5 0x55bf8f435abd <unknown>\n#6 0x55bf8f45bd0c <unknown>\n#7 0x55bf8f435863 <unknown>\n#8 0x55bf8f401ac8 <unknown>\n#9 0x55bf8f402c31 <unknown>\n#10 0x55bf8f8ea18b <unknown>\n#11 0x55bf8f8ee112 <unknown>\n#12 0x55bf8f8d704c <unknown>\n#13 0x55bf8f8eed04 <unknown>\n#14 0x55bf8f8bb4bf <unknown>\n#15 0x55bf8f90f528 <unknown>\n#16 0x55bf8f90f6f9 <unknown>\n#17 0x55bf8f91fa66 <unknown>\n#18 0x7f08f1a9caa4 <unknown>\n#19 0x7f08f1b29c3c <unknown>",
        "time" : {
          "start" : 1740566388472,
          "stop" : 1740566409071,
          "duration" : 20599
        }
      } ]
    },
    "tags" : [ "@pytest.mark.xfail" ]
  },
  "source" : "f1879b34c0a88335.json",
  "parameterValues" : [ ]
}