{
  "uid" : "f5c8171edffe0bcc",
  "name" : "Check statistic table.",
  "fullName" : "tests.test_speech_exercises_ru.TestCardsRU#test_get_statistic_data",
  "historyId" : "15df626f86a935fbcd917f7ea4002a26",
  "time" : {
    "start" : 1727169127630,
    "stop" : 1727169148226,
    "duration" : 20596
  },
  "status" : "skipped",
  "statusMessage" : "XFAIL\n\nselenium.common.exceptions.TimeoutException: Message: Can't find element by locator ('xpath', '//div[@class=\"__51e19\"]')\nStacktrace:\n#0 0x5613498ba2da <unknown>\n#1 0x561349588200 <unknown>\n#2 0x5613495d7aa2 <unknown>\n#3 0x5613495d7d41 <unknown>\n#4 0x56134961d964 <unknown>\n#5 0x5613495fc8fd <unknown>\n#6 0x56134961adfd <unknown>\n#7 0x5613495fc673 <unknown>\n#8 0x5613495ca473 <unknown>\n#9 0x5613495cb47e <unknown>\n#10 0x5613498810db <unknown>\n#11 0x561349885071 <unknown>\n#12 0x56134986d9d5 <unknown>\n#13 0x561349885bf2 <unknown>\n#14 0x561349852b6f <unknown>\n#15 0x5613498a9248 <unknown>\n#16 0x5613498a9417 <unknown>\n#17 0x5613498b90cc <unknown>\n#18 0x7f4401494ac3 <unknown>",
  "statusTrace" : "self = <tests.test_speech_exercises_ru.TestCardsRU object at 0x7feaa2c2f4d0>\ndriver = <selenium.webdriver.chrome.webdriver.WebDriver (session=\"22ef47323300f48e685c178365c60572\")>\ndefault_user_authorized = None\n\n    @pytest.mark.xfail\n    @allure.suite('Statistic.')\n    @allure.title('Check statistic table.')\n    def test_get_statistic_data(self, driver, default_user_authorized):\n        page = SpeechExercisesPageRU(driver)\n>       table = page.get_statistic_data()\n\ntests/test_speech_exercises_ru.py:192: \n_ _ _ _ _ _ _ _ _ _ _ _ _ _ _ _ _ _ _ _ _ _ _ _ _ _ _ _ _ _ _ _ _ _ _ _ _ _ _ _ \npages/speech_exercises_page_ru.py:175: in get_statistic_data\n    table = self.element_is_present(self.locators.AuthorizedUserHomePageLocators.STATISTIC_TABLE)\npages/base_page.py:51: in element_is_present\n    return Wait(self.driver, self.timeout).until(\n_ _ _ _ _ _ _ _ _ _ _ _ _ _ _ _ _ _ _ _ _ _ _ _ _ _ _ _ _ _ _ _ _ _ _ _ _ _ _ _ \n\nself = <selenium.webdriver.support.wait.WebDriverWait (session=\"22ef47323300f48e685c178365c60572\")>\nmethod = <function presence_of_element_located.<locals>._predicate at 0x7feaa29ce020>\nmessage = 'Can\\'t find element by locator (\\'xpath\\', \\'//div[@class=\"__51e19\"]\\')'\n\n    def until(self, method, message: str = \"\"):\n        \"\"\"Calls the method provided with the driver as an argument until the \\\n        return value does not evaluate to ``False``.\n    \n        :param method: callable(WebDriver)\n        :param message: optional message for :exc:`TimeoutException`\n        :returns: the result of the last call to `method`\n        :raises: :exc:`selenium.common.exceptions.TimeoutException` if timeout occurs\n        \"\"\"\n        screen = None\n        stacktrace = None\n    \n        end_time = time.monotonic() + self._timeout\n        while True:\n            try:\n                value = method(self._driver)\n                if value:\n                    return value\n            except self._ignored_exceptions as exc:\n                screen = getattr(exc, \"screen\", None)\n                stacktrace = getattr(exc, \"stacktrace\", None)\n            time.sleep(self._poll)\n            if time.monotonic() > end_time:\n                break\n>       raise TimeoutException(message, screen, stacktrace)\nE       selenium.common.exceptions.TimeoutException: Message: Can't find element by locator ('xpath', '//div[@class=\"__51e19\"]')\nE       Stacktrace:\nE       #0 0x5613498ba2da <unknown>\nE       #1 0x561349588200 <unknown>\nE       #2 0x5613495d7aa2 <unknown>\nE       #3 0x5613495d7d41 <unknown>\nE       #4 0x56134961d964 <unknown>\nE       #5 0x5613495fc8fd <unknown>\nE       #6 0x56134961adfd <unknown>\nE       #7 0x5613495fc673 <unknown>\nE       #8 0x5613495ca473 <unknown>\nE       #9 0x5613495cb47e <unknown>\nE       #10 0x5613498810db <unknown>\nE       #11 0x561349885071 <unknown>\nE       #12 0x56134986d9d5 <unknown>\nE       #13 0x561349885bf2 <unknown>\nE       #14 0x561349852b6f <unknown>\nE       #15 0x5613498a9248 <unknown>\nE       #16 0x5613498a9417 <unknown>\nE       #17 0x5613498b90cc <unknown>\nE       #18 0x7f4401494ac3 <unknown>\n\n/opt/hostedtoolcache/Python/3.12.6/x64/lib/python3.12/site-packages/selenium/webdriver/support/wait.py:95: TimeoutException",
  "flaky" : false,
  "newFailed" : false,
  "beforeStages" : [ {
    "name" : "main_page_open",
    "time" : {
      "start" : 1727169105904,
      "stop" : 1727169109120,
      "duration" : 3216
    },
    "status" : "passed",
    "steps" : [ {
      "name" : "Open page: https://brainup.site/",
      "time" : {
        "start" : 1727169105904,
        "stop" : 1727169109120,
        "duration" : 3216
      },
      "status" : "passed",
      "steps" : [ ],
      "attachments" : [ ],
      "parameters" : [ {
        "name" : "driver",
        "value" : "<selenium.webdriver.chrome.webdriver.WebDriver (session=\"22ef47323300f48e685c178365c60572\")>"
      } ],
      "stepsCount" : 0,
      "attachmentsCount" : 0,
      "shouldDisplayMessage" : false,
      "hasContent" : true
    } ],
    "attachments" : [ ],
    "parameters" : [ ],
    "stepsCount" : 1,
    "attachmentsCount" : 0,
    "shouldDisplayMessage" : false,
    "hasContent" : true
  }, {
    "name" : "clear_allure_results_folder",
    "time" : {
      "start" : 1727168039133,
      "stop" : 1727168039133,
      "duration" : 0
    },
    "status" : "passed",
    "steps" : [ ],
    "attachments" : [ ],
    "parameters" : [ ],
    "stepsCount" : 0,
    "attachmentsCount" : 0,
    "shouldDisplayMessage" : false,
    "hasContent" : false
  }, {
    "name" : "default_user_authorized",
    "time" : {
      "start" : 1727169109120,
      "stop" : 1727169127629,
      "duration" : 18509
    },
    "status" : "passed",
    "steps" : [ {
      "name" : "DEFAULT user authorized",
      "time" : {
        "start" : 1727169109120,
        "stop" : 1727169127629,
        "duration" : 18509
      },
      "status" : "passed",
      "steps" : [ {
        "name" : "Check url is present: https://brainup.site/groups",
        "time" : {
          "start" : 1727169109468,
          "stop" : 1727169127607,
          "duration" : 18139
        },
        "status" : "passed",
        "steps" : [ ],
        "attachments" : [ ],
        "parameters" : [ ],
        "stepsCount" : 0,
        "attachmentsCount" : 0,
        "shouldDisplayMessage" : false,
        "hasContent" : false
      }, {
        "name" : "Loader checking",
        "time" : {
          "start" : 1727169127607,
          "stop" : 1727169127629,
          "duration" : 22
        },
        "status" : "passed",
        "steps" : [ ],
        "attachments" : [ ],
        "parameters" : [ ],
        "stepsCount" : 0,
        "attachmentsCount" : 0,
        "shouldDisplayMessage" : false,
        "hasContent" : false
      } ],
      "attachments" : [ ],
      "parameters" : [ {
        "name" : "driver",
        "value" : "<selenium.webdriver.chrome.webdriver.WebDriver (session=\"22ef47323300f48e685c178365c60572\")>"
      }, {
        "name" : "main_page_open",
        "value" : "None"
      } ],
      "stepsCount" : 2,
      "attachmentsCount" : 0,
      "shouldDisplayMessage" : false,
      "hasContent" : true
    } ],
    "attachments" : [ ],
    "parameters" : [ ],
    "stepsCount" : 3,
    "attachmentsCount" : 0,
    "shouldDisplayMessage" : false,
    "hasContent" : true
  }, {
    "name" : "driver",
    "time" : {
      "start" : 1727169105161,
      "stop" : 1727169105903,
      "duration" : 742
    },
    "status" : "passed",
    "steps" : [ ],
    "attachments" : [ ],
    "parameters" : [ ],
    "stepsCount" : 0,
    "attachmentsCount" : 0,
    "shouldDisplayMessage" : false,
    "hasContent" : false
  } ],
  "testStage" : {
    "status" : "skipped",
    "statusMessage" : "XFAIL\n\nselenium.common.exceptions.TimeoutException: Message: Can't find element by locator ('xpath', '//div[@class=\"__51e19\"]')\nStacktrace:\n#0 0x5613498ba2da <unknown>\n#1 0x561349588200 <unknown>\n#2 0x5613495d7aa2 <unknown>\n#3 0x5613495d7d41 <unknown>\n#4 0x56134961d964 <unknown>\n#5 0x5613495fc8fd <unknown>\n#6 0x56134961adfd <unknown>\n#7 0x5613495fc673 <unknown>\n#8 0x5613495ca473 <unknown>\n#9 0x5613495cb47e <unknown>\n#10 0x5613498810db <unknown>\n#11 0x561349885071 <unknown>\n#12 0x56134986d9d5 <unknown>\n#13 0x561349885bf2 <unknown>\n#14 0x561349852b6f <unknown>\n#15 0x5613498a9248 <unknown>\n#16 0x5613498a9417 <unknown>\n#17 0x5613498b90cc <unknown>\n#18 0x7f4401494ac3 <unknown>",
    "statusTrace" : "self = <tests.test_speech_exercises_ru.TestCardsRU object at 0x7feaa2c2f4d0>\ndriver = <selenium.webdriver.chrome.webdriver.WebDriver (session=\"22ef47323300f48e685c178365c60572\")>\ndefault_user_authorized = None\n\n    @pytest.mark.xfail\n    @allure.suite('Statistic.')\n    @allure.title('Check statistic table.')\n    def test_get_statistic_data(self, driver, default_user_authorized):\n        page = SpeechExercisesPageRU(driver)\n>       table = page.get_statistic_data()\n\ntests/test_speech_exercises_ru.py:192: \n_ _ _ _ _ _ _ _ _ _ _ _ _ _ _ _ _ _ _ _ _ _ _ _ _ _ _ _ _ _ _ _ _ _ _ _ _ _ _ _ \npages/speech_exercises_page_ru.py:175: in get_statistic_data\n    table = self.element_is_present(self.locators.AuthorizedUserHomePageLocators.STATISTIC_TABLE)\npages/base_page.py:51: in element_is_present\n    return Wait(self.driver, self.timeout).until(\n_ _ _ _ _ _ _ _ _ _ _ _ _ _ _ _ _ _ _ _ _ _ _ _ _ _ _ _ _ _ _ _ _ _ _ _ _ _ _ _ \n\nself = <selenium.webdriver.support.wait.WebDriverWait (session=\"22ef47323300f48e685c178365c60572\")>\nmethod = <function presence_of_element_located.<locals>._predicate at 0x7feaa29ce020>\nmessage = 'Can\\'t find element by locator (\\'xpath\\', \\'//div[@class=\"__51e19\"]\\')'\n\n    def until(self, method, message: str = \"\"):\n        \"\"\"Calls the method provided with the driver as an argument until the \\\n        return value does not evaluate to ``False``.\n    \n        :param method: callable(WebDriver)\n        :param message: optional message for :exc:`TimeoutException`\n        :returns: the result of the last call to `method`\n        :raises: :exc:`selenium.common.exceptions.TimeoutException` if timeout occurs\n        \"\"\"\n        screen = None\n        stacktrace = None\n    \n        end_time = time.monotonic() + self._timeout\n        while True:\n            try:\n                value = method(self._driver)\n                if value:\n                    return value\n            except self._ignored_exceptions as exc:\n                screen = getattr(exc, \"screen\", None)\n                stacktrace = getattr(exc, \"stacktrace\", None)\n            time.sleep(self._poll)\n            if time.monotonic() > end_time:\n                break\n>       raise TimeoutException(message, screen, stacktrace)\nE       selenium.common.exceptions.TimeoutException: Message: Can't find element by locator ('xpath', '//div[@class=\"__51e19\"]')\nE       Stacktrace:\nE       #0 0x5613498ba2da <unknown>\nE       #1 0x561349588200 <unknown>\nE       #2 0x5613495d7aa2 <unknown>\nE       #3 0x5613495d7d41 <unknown>\nE       #4 0x56134961d964 <unknown>\nE       #5 0x5613495fc8fd <unknown>\nE       #6 0x56134961adfd <unknown>\nE       #7 0x5613495fc673 <unknown>\nE       #8 0x5613495ca473 <unknown>\nE       #9 0x5613495cb47e <unknown>\nE       #10 0x5613498810db <unknown>\nE       #11 0x561349885071 <unknown>\nE       #12 0x56134986d9d5 <unknown>\nE       #13 0x561349885bf2 <unknown>\nE       #14 0x561349852b6f <unknown>\nE       #15 0x5613498a9248 <unknown>\nE       #16 0x5613498a9417 <unknown>\nE       #17 0x5613498b90cc <unknown>\nE       #18 0x7f4401494ac3 <unknown>\n\n/opt/hostedtoolcache/Python/3.12.6/x64/lib/python3.12/site-packages/selenium/webdriver/support/wait.py:95: TimeoutException",
    "steps" : [ {
      "name" : "get_statistic_data",
      "time" : {
        "start" : 1727169127630,
        "stop" : 1727169148226,
        "duration" : 20596
      },
      "status" : "broken",
      "statusMessage" : "selenium.common.exceptions.TimeoutException: Message: Can't find element by locator ('xpath', '//div[@class=\"__51e19\"]')\nStacktrace:\n#0 0x5613498ba2da <unknown>\n#1 0x561349588200 <unknown>\n#2 0x5613495d7aa2 <unknown>\n#3 0x5613495d7d41 <unknown>\n#4 0x56134961d964 <unknown>\n#5 0x5613495fc8fd <unknown>\n#6 0x56134961adfd <unknown>\n#7 0x5613495fc673 <unknown>\n#8 0x5613495ca473 <unknown>\n#9 0x5613495cb47e <unknown>\n#10 0x5613498810db <unknown>\n#11 0x561349885071 <unknown>\n#12 0x56134986d9d5 <unknown>\n#13 0x561349885bf2 <unknown>\n#14 0x561349852b6f <unknown>\n#15 0x5613498a9248 <unknown>\n#16 0x5613498a9417 <unknown>\n#17 0x5613498b90cc <unknown>\n#18 0x7f4401494ac3 <unknown>\n\n",
      "statusTrace" : "  File \"/opt/hostedtoolcache/Python/3.12.6/x64/lib/python3.12/site-packages/allure_commons/_allure.py\", line 192, in impl\n    return func(*a, **kw)\n           ^^^^^^^^^^^^^^\n  File \"/home/runner/work/auto-tests-python/auto-tests-python/pages/speech_exercises_page_ru.py\", line 175, in get_statistic_data\n    table = self.element_is_present(self.locators.AuthorizedUserHomePageLocators.STATISTIC_TABLE)\n            ^^^^^^^^^^^^^^^^^^^^^^^^^^^^^^^^^^^^^^^^^^^^^^^^^^^^^^^^^^^^^^^^^^^^^^^^^^^^^^^^^^^^^\n  File \"/home/runner/work/auto-tests-python/auto-tests-python/pages/base_page.py\", line 51, in element_is_present\n    return Wait(self.driver, self.timeout).until(\n           ^^^^^^^^^^^^^^^^^^^^^^^^^^^^^^^^^^^^^^\n  File \"/opt/hostedtoolcache/Python/3.12.6/x64/lib/python3.12/site-packages/selenium/webdriver/support/wait.py\", line 95, in until\n    raise TimeoutException(message, screen, stacktrace)\n",
      "steps" : [ {
        "name" : "Click button \"Статистика\"\".",
        "time" : {
          "start" : 1727169127630,
          "stop" : 1727169127714,
          "duration" : 84
        },
        "status" : "passed",
        "steps" : [ ],
        "attachments" : [ ],
        "parameters" : [ ],
        "stepsCount" : 0,
        "attachmentsCount" : 0,
        "shouldDisplayMessage" : false,
        "hasContent" : false
      }, {
        "name" : "Check statistic table is present and scroll to table",
        "time" : {
          "start" : 1727169127714,
          "stop" : 1727169148225,
          "duration" : 20511
        },
        "status" : "broken",
        "statusMessage" : "selenium.common.exceptions.TimeoutException: Message: Can't find element by locator ('xpath', '//div[@class=\"__51e19\"]')\nStacktrace:\n#0 0x5613498ba2da <unknown>\n#1 0x561349588200 <unknown>\n#2 0x5613495d7aa2 <unknown>\n#3 0x5613495d7d41 <unknown>\n#4 0x56134961d964 <unknown>\n#5 0x5613495fc8fd <unknown>\n#6 0x56134961adfd <unknown>\n#7 0x5613495fc673 <unknown>\n#8 0x5613495ca473 <unknown>\n#9 0x5613495cb47e <unknown>\n#10 0x5613498810db <unknown>\n#11 0x561349885071 <unknown>\n#12 0x56134986d9d5 <unknown>\n#13 0x561349885bf2 <unknown>\n#14 0x561349852b6f <unknown>\n#15 0x5613498a9248 <unknown>\n#16 0x5613498a9417 <unknown>\n#17 0x5613498b90cc <unknown>\n#18 0x7f4401494ac3 <unknown>\n\n",
        "statusTrace" : "  File \"/home/runner/work/auto-tests-python/auto-tests-python/pages/speech_exercises_page_ru.py\", line 175, in get_statistic_data\n    table = self.element_is_present(self.locators.AuthorizedUserHomePageLocators.STATISTIC_TABLE)\n            ^^^^^^^^^^^^^^^^^^^^^^^^^^^^^^^^^^^^^^^^^^^^^^^^^^^^^^^^^^^^^^^^^^^^^^^^^^^^^^^^^^^^^\n  File \"/home/runner/work/auto-tests-python/auto-tests-python/pages/base_page.py\", line 51, in element_is_present\n    return Wait(self.driver, self.timeout).until(\n           ^^^^^^^^^^^^^^^^^^^^^^^^^^^^^^^^^^^^^^\n  File \"/opt/hostedtoolcache/Python/3.12.6/x64/lib/python3.12/site-packages/selenium/webdriver/support/wait.py\", line 95, in until\n    raise TimeoutException(message, screen, stacktrace)\n",
        "steps" : [ ],
        "attachments" : [ ],
        "parameters" : [ ],
        "stepsCount" : 0,
        "attachmentsCount" : 0,
        "shouldDisplayMessage" : true,
        "hasContent" : true
      } ],
      "attachments" : [ ],
      "parameters" : [ ],
      "stepsCount" : 2,
      "attachmentsCount" : 0,
      "shouldDisplayMessage" : false,
      "hasContent" : true
    } ],
    "attachments" : [ ],
    "parameters" : [ ],
    "stepsCount" : 3,
    "attachmentsCount" : 0,
    "shouldDisplayMessage" : true,
    "hasContent" : true
  },
  "afterStages" : [ {
    "name" : "driver::0",
    "time" : {
      "start" : 1727169148242,
      "stop" : 1727169148329,
      "duration" : 87
    },
    "status" : "passed",
    "steps" : [ ],
    "attachments" : [ ],
    "parameters" : [ ],
    "stepsCount" : 0,
    "attachmentsCount" : 0,
    "shouldDisplayMessage" : false,
    "hasContent" : false
  } ],
  "labels" : [ {
    "name" : "epic",
    "value" : "Speech exercises."
  }, {
    "name" : "suite",
    "value" : "Statistic."
  }, {
    "name" : "tag",
    "value" : "@pytest.mark.xfail"
  }, {
    "name" : "parentSuite",
    "value" : "tests"
  }, {
    "name" : "subSuite",
    "value" : "TestCardsRU"
  }, {
    "name" : "host",
    "value" : "fv-az1984-731"
  }, {
    "name" : "thread",
    "value" : "2249-MainThread"
  }, {
    "name" : "framework",
    "value" : "pytest"
  }, {
    "name" : "language",
    "value" : "cpython3"
  }, {
    "name" : "package",
    "value" : "tests.test_speech_exercises_ru"
  }, {
    "name" : "resultFormat",
    "value" : "allure2"
  } ],
  "parameters" : [ ],
  "links" : [ ],
  "hidden" : false,
  "retry" : false,
  "extra" : {
    "severity" : "normal",
    "retries" : [ ],
    "categories" : [ ],
    "history" : {
      "statistic" : {
        "failed" : 0,
        "broken" : 0,
        "skipped" : 17,
        "passed" : 424,
        "unknown" : 0,
        "total" : 441
      },
      "items" : [ {
        "uid" : "b879b0d83851b34f",
        "reportUrl" : "https://Brain-up.github.io/auto-tests-python/288//#testresult/b879b0d83851b34f",
        "status" : "skipped",
        "statusDetails" : "XFAIL\n\nselenium.common.exceptions.TimeoutException: Message: Can't find element by locator https://brainup.site/groups",
        "time" : {
          "start" : 1727166545397,
          "stop" : 1727166545397,
          "duration" : 0
        }
      }, {
        "uid" : "8b02570f37d2fb82",
        "reportUrl" : "https://Brain-up.github.io/auto-tests-python/288//#testresult/8b02570f37d2fb82",
        "status" : "skipped",
        "statusDetails" : "XFAIL\n\nselenium.common.exceptions.TimeoutException: Message: Can't find element by locator https://brainup.site/groups",
        "time" : {
          "start" : 1727164739415,
          "stop" : 1727164739415,
          "duration" : 0
        }
      }, {
        "uid" : "c37d70b2b01660f0",
        "reportUrl" : "https://Brain-up.github.io/auto-tests-python/132//#testresult/c37d70b2b01660f0",
        "status" : "skipped",
        "statusDetails" : "XFAIL\n\nselenium.common.exceptions.TimeoutException: Message: Can't find element by locator https://brainup.site/groups",
        "time" : {
          "start" : 1727140316805,
          "stop" : 1727140316805,
          "duration" : 0
        }
      }, {
        "uid" : "3e1ba0750258ff54",
        "reportUrl" : "https://Brain-up.github.io/auto-tests-python/287//#testresult/3e1ba0750258ff54",
        "status" : "passed",
        "statusDetails" : "XPASS",
        "time" : {
          "start" : 1727085613578,
          "stop" : 1727085615427,
          "duration" : 1849
        }
      }, {
        "uid" : "8c28a9e22182bb8",
        "reportUrl" : "https://Brain-up.github.io/auto-tests-python/286//#testresult/8c28a9e22182bb8",
        "status" : "passed",
        "statusDetails" : "XPASS",
        "time" : {
          "start" : 1727084344212,
          "stop" : 1727084346141,
          "duration" : 1929
        }
      }, {
        "uid" : "288a1f1bacf11e40",
        "reportUrl" : "https://Brain-up.github.io/auto-tests-python/131//#testresult/288a1f1bacf11e40",
        "status" : "passed",
        "statusDetails" : "XPASS",
        "time" : {
          "start" : 1727054033121,
          "stop" : 1727054034563,
          "duration" : 1442
        }
      }, {
        "uid" : "5200de8e4ac211a1",
        "reportUrl" : "https://Brain-up.github.io/auto-tests-python/285//#testresult/5200de8e4ac211a1",
        "status" : "passed",
        "statusDetails" : "XPASS",
        "time" : {
          "start" : 1726998900328,
          "stop" : 1726998901720,
          "duration" : 1392
        }
      }, {
        "uid" : "758f9839e3274d54",
        "reportUrl" : "https://Brain-up.github.io/auto-tests-python/284//#testresult/758f9839e3274d54",
        "status" : "passed",
        "statusDetails" : "XPASS",
        "time" : {
          "start" : 1726997378893,
          "stop" : 1726997380252,
          "duration" : 1359
        }
      }, {
        "uid" : "7cc9e9abd9abf0cd",
        "reportUrl" : "https://Brain-up.github.io/auto-tests-python/284//#testresult/7cc9e9abd9abf0cd",
        "status" : "passed",
        "statusDetails" : "XPASS",
        "time" : {
          "start" : 1726995919681,
          "stop" : 1726995921050,
          "duration" : 1369
        }
      }, {
        "uid" : "f59b62a826a4f0a7",
        "reportUrl" : "https://Brain-up.github.io/auto-tests-python/130//#testresult/f59b62a826a4f0a7",
        "status" : "passed",
        "statusDetails" : "XPASS",
        "time" : {
          "start" : 1726967769761,
          "stop" : 1726967771273,
          "duration" : 1512
        }
      }, {
        "uid" : "231e2e1ec375d1bb",
        "reportUrl" : "https://Brain-up.github.io/auto-tests-python/283//#testresult/231e2e1ec375d1bb",
        "status" : "passed",
        "statusDetails" : "XPASS",
        "time" : {
          "start" : 1726913184257,
          "stop" : 1726913185713,
          "duration" : 1456
        }
      }, {
        "uid" : "47b26c4afd34390d",
        "reportUrl" : "https://Brain-up.github.io/auto-tests-python/282//#testresult/47b26c4afd34390d",
        "status" : "passed",
        "statusDetails" : "XPASS",
        "time" : {
          "start" : 1726911510620,
          "stop" : 1726911511981,
          "duration" : 1361
        }
      }, {
        "uid" : "7dd3a7468c061d63",
        "reportUrl" : "https://Brain-up.github.io/auto-tests-python/281//#testresult/7dd3a7468c061d63",
        "status" : "passed",
        "statusDetails" : "XPASS",
        "time" : {
          "start" : 1726909168224,
          "stop" : 1726909169560,
          "duration" : 1336
        }
      }, {
        "uid" : "6253d844ae63954d",
        "reportUrl" : "https://Brain-up.github.io/auto-tests-python/129//#testresult/6253d844ae63954d",
        "status" : "passed",
        "statusDetails" : "XPASS",
        "time" : {
          "start" : 1726880976776,
          "stop" : 1726880978281,
          "duration" : 1505
        }
      }, {
        "uid" : "e70133d52ce2b91c",
        "reportUrl" : "https://Brain-up.github.io/auto-tests-python/280//#testresult/e70133d52ce2b91c",
        "status" : "passed",
        "statusDetails" : "XPASS",
        "time" : {
          "start" : 1726822090333,
          "stop" : 1726822092173,
          "duration" : 1840
        }
      }, {
        "uid" : "59f5044618fd6a05",
        "reportUrl" : "https://Brain-up.github.io/auto-tests-python/279//#testresult/59f5044618fd6a05",
        "status" : "skipped",
        "statusDetails" : "XFAIL\n\nselenium.common.exceptions.TimeoutException: Message: Can't find element by locator https://brainup.site/groups",
        "time" : {
          "start" : 1726819163750,
          "stop" : 1726819163750,
          "duration" : 0
        }
      }, {
        "uid" : "cc804ea22714534b",
        "reportUrl" : "https://Brain-up.github.io/auto-tests-python/128//#testresult/cc804ea22714534b",
        "status" : "passed",
        "statusDetails" : "XPASS",
        "time" : {
          "start" : 1726794790826,
          "stop" : 1726794792582,
          "duration" : 1756
        }
      }, {
        "uid" : "7ee30a187ab2d997",
        "reportUrl" : "https://Brain-up.github.io/auto-tests-python/278//#testresult/7ee30a187ab2d997",
        "status" : "passed",
        "statusDetails" : "XPASS",
        "time" : {
          "start" : 1726735052811,
          "stop" : 1726735054211,
          "duration" : 1400
        }
      }, {
        "uid" : "46708890434f5934",
        "reportUrl" : "https://Brain-up.github.io/auto-tests-python/277//#testresult/46708890434f5934",
        "status" : "passed",
        "statusDetails" : "XPASS",
        "time" : {
          "start" : 1726732591562,
          "stop" : 1726732593011,
          "duration" : 1449
        }
      }, {
        "uid" : "ce4f1f96fc492cbb",
        "reportUrl" : "https://Brain-up.github.io/auto-tests-python/277//#testresult/ce4f1f96fc492cbb",
        "status" : "passed",
        "statusDetails" : "XPASS",
        "time" : {
          "start" : 1726731345020,
          "stop" : 1726731346886,
          "duration" : 1866
        }
      } ]
    },
    "tags" : [ "@pytest.mark.xfail" ]
  },
  "source" : "f5c8171edffe0bcc.json",
  "parameterValues" : [ ]
}