{
  "uid" : "a96a3a7bc53e040a",
  "name" : "Verify composition, visibility of elements on the 1st level of nesting on the page",
  "fullName" : "tests.exercises_ru_similar_phrases_page_test.TestExercisesRuSimilarPhrasesPageStructure#test_ersp_01_02_verify_page_structure_and_visibility",
  "historyId" : "0dbd7a5d5242ade3709d5f6a1920d833",
  "time" : {
    "start" : 1739193977833,
    "stop" : 1739193998064,
    "duration" : 20231
  },
  "status" : "broken",
  "statusMessage" : "selenium.common.exceptions.TimeoutException: Message: Can't find elements by locator ('xpath', '//main/*')",
  "statusTrace" : "self = <tests.exercises_ru_similar_phrases_page_test.TestExercisesRuSimilarPhrasesPage.TestExercisesRuSimilarPhrasesPageStructure object at 0x7f3a9e29ebd0>\ndriver = <selenium.webdriver.chrome.webdriver.WebDriver (session=\"71b68f96b53f6f47c9db51b0366a8bbe\")>\nexercises_ru_similar_phrases_page_open = None\n\n    @allure.title(\"Verify composition, visibility of elements on the 1st level of nesting on the page\")\n    def test_ersp_01_02_verify_page_structure_and_visibility(self, driver, exercises_ru_similar_phrases_page_open):\n        page = ExercisesRuSimilarPhrasesPage(driver)\n>       structure_of_1st_level = page.get_structure_of_1st_level()\n\ntests/exercises_ru_similar_phrases_page_test.py:20: \n_ _ _ _ _ _ _ _ _ _ _ _ _ _ _ _ _ _ _ _ _ _ _ _ _ _ _ _ _ _ _ _ _ _ _ _ _ _ _ _ \npages/exercises_ru_similar_phrases_page.py:21: in get_structure_of_1st_level\n    elements = self.elements_are_present(self.locators.PAGE_FIRST_LEVEL_ELEMENTS)\npages/base_page.py:54: in elements_are_present\n    return Wait(self.driver, self.timeout).until(\n_ _ _ _ _ _ _ _ _ _ _ _ _ _ _ _ _ _ _ _ _ _ _ _ _ _ _ _ _ _ _ _ _ _ _ _ _ _ _ _ \n\nself = <selenium.webdriver.support.wait.WebDriverWait (session=\"71b68f96b53f6f47c9db51b0366a8bbe\")>\nmethod = <function presence_of_all_elements_located.<locals>._predicate at 0x7f3a9dfb1e40>\nmessage = \"Can't find elements by locator ('xpath', '//main/*')\"\n\n    def until(self, method, message: str = \"\"):\n        \"\"\"Calls the method provided with the driver as an argument until the \\\n        return value does not evaluate to ``False``.\n    \n        :param method: callable(WebDriver)\n        :param message: optional message for :exc:`TimeoutException`\n        :returns: the result of the last call to `method`\n        :raises: :exc:`selenium.common.exceptions.TimeoutException` if timeout occurs\n        \"\"\"\n        screen = None\n        stacktrace = None\n    \n        end_time = time.monotonic() + self._timeout\n        while True:\n            try:\n                value = method(self._driver)\n                if value:\n                    return value\n            except self._ignored_exceptions as exc:\n                screen = getattr(exc, \"screen\", None)\n                stacktrace = getattr(exc, \"stacktrace\", None)\n            time.sleep(self._poll)\n            if time.monotonic() > end_time:\n                break\n>       raise TimeoutException(message, screen, stacktrace)\nE       selenium.common.exceptions.TimeoutException: Message: Can't find elements by locator ('xpath', '//main/*')\n\n/opt/hostedtoolcache/Python/3.12.8/x64/lib/python3.12/site-packages/selenium/webdriver/support/wait.py:95: TimeoutException",
  "flaky" : false,
  "newFailed" : false,
  "beforeStages" : [ {
    "name" : "clear_allure_results_folder",
    "time" : {
      "start" : 1739193809290,
      "stop" : 1739193809290,
      "duration" : 0
    },
    "status" : "passed",
    "steps" : [ ],
    "attachments" : [ ],
    "parameters" : [ ],
    "stepsCount" : 0,
    "attachmentsCount" : 0,
    "shouldDisplayMessage" : false,
    "hasContent" : false
  }, {
    "name" : "driver",
    "time" : {
      "start" : 1739193971499,
      "stop" : 1739193972312,
      "duration" : 813
    },
    "status" : "passed",
    "steps" : [ ],
    "attachments" : [ ],
    "parameters" : [ ],
    "stepsCount" : 0,
    "attachmentsCount" : 0,
    "shouldDisplayMessage" : false,
    "hasContent" : false
  }, {
    "name" : "main_page_open",
    "time" : {
      "start" : 1739193972312,
      "stop" : 1739193975067,
      "duration" : 2755
    },
    "status" : "passed",
    "steps" : [ {
      "name" : "Open page: https://www.brainup.site/",
      "time" : {
        "start" : 1739193972312,
        "stop" : 1739193975067,
        "duration" : 2755
      },
      "status" : "passed",
      "steps" : [ ],
      "attachments" : [ ],
      "parameters" : [ {
        "name" : "driver",
        "value" : "<selenium.webdriver.chrome.webdriver.WebDriver (session=\"71b68f96b53f6f47c9db51b0366a8bbe\")>"
      } ],
      "stepsCount" : 0,
      "attachmentsCount" : 0,
      "shouldDisplayMessage" : false,
      "hasContent" : true
    } ],
    "attachments" : [ ],
    "parameters" : [ ],
    "stepsCount" : 1,
    "attachmentsCount" : 0,
    "shouldDisplayMessage" : false,
    "hasContent" : true
  }, {
    "name" : "exercises_ru_similar_phrases_page_open",
    "time" : {
      "start" : 1739193977593,
      "stop" : 1739193977832,
      "duration" : 239
    },
    "status" : "passed",
    "steps" : [ {
      "name" : "Open page: https://www.brainup.site/groups/2/series/2",
      "time" : {
        "start" : 1739193977593,
        "stop" : 1739193977832,
        "duration" : 239
      },
      "status" : "passed",
      "steps" : [ ],
      "attachments" : [ ],
      "parameters" : [ {
        "name" : "driver",
        "value" : "<selenium.webdriver.chrome.webdriver.WebDriver (session=\"71b68f96b53f6f47c9db51b0366a8bbe\")>"
      }, {
        "name" : "exercises_ru_page_open",
        "value" : "None"
      } ],
      "stepsCount" : 0,
      "attachmentsCount" : 0,
      "shouldDisplayMessage" : false,
      "hasContent" : true
    } ],
    "attachments" : [ ],
    "parameters" : [ ],
    "stepsCount" : 1,
    "attachmentsCount" : 0,
    "shouldDisplayMessage" : false,
    "hasContent" : true
  }, {
    "name" : "auto_test_user_authorized",
    "time" : {
      "start" : 1739193975067,
      "stop" : 1739193977506,
      "duration" : 2439
    },
    "status" : "passed",
    "steps" : [ {
      "name" : "Auto test user authorized",
      "time" : {
        "start" : 1739193975067,
        "stop" : 1739193977506,
        "duration" : 2439
      },
      "status" : "passed",
      "steps" : [ {
        "name" : "Check url is present: https://www.brainup.site/groups",
        "time" : {
          "start" : 1739193975468,
          "stop" : 1739193977485,
          "duration" : 2017
        },
        "status" : "passed",
        "steps" : [ ],
        "attachments" : [ ],
        "parameters" : [ ],
        "stepsCount" : 0,
        "attachmentsCount" : 0,
        "shouldDisplayMessage" : false,
        "hasContent" : false
      }, {
        "name" : "Loader checking",
        "time" : {
          "start" : 1739193977485,
          "stop" : 1739193977506,
          "duration" : 21
        },
        "status" : "passed",
        "steps" : [ ],
        "attachments" : [ ],
        "parameters" : [ ],
        "stepsCount" : 0,
        "attachmentsCount" : 0,
        "shouldDisplayMessage" : false,
        "hasContent" : false
      } ],
      "attachments" : [ ],
      "parameters" : [ {
        "name" : "driver",
        "value" : "<selenium.webdriver.chrome.webdriver.WebDriver (session=\"71b68f96b53f6f47c9db51b0366a8bbe\")>"
      }, {
        "name" : "main_page_open",
        "value" : "None"
      } ],
      "stepsCount" : 2,
      "attachmentsCount" : 0,
      "shouldDisplayMessage" : false,
      "hasContent" : true
    } ],
    "attachments" : [ ],
    "parameters" : [ ],
    "stepsCount" : 3,
    "attachmentsCount" : 0,
    "shouldDisplayMessage" : false,
    "hasContent" : true
  }, {
    "name" : "exercises_ru_page_open",
    "time" : {
      "start" : 1739193977506,
      "stop" : 1739193977593,
      "duration" : 87
    },
    "status" : "passed",
    "steps" : [ {
      "name" : "Open page: https://www.brainup.site/groups",
      "time" : {
        "start" : 1739193977506,
        "stop" : 1739193977593,
        "duration" : 87
      },
      "status" : "passed",
      "steps" : [ ],
      "attachments" : [ ],
      "parameters" : [ {
        "name" : "driver",
        "value" : "<selenium.webdriver.chrome.webdriver.WebDriver (session=\"71b68f96b53f6f47c9db51b0366a8bbe\")>"
      }, {
        "name" : "auto_test_user_authorized",
        "value" : "None"
      } ],
      "stepsCount" : 0,
      "attachmentsCount" : 0,
      "shouldDisplayMessage" : false,
      "hasContent" : true
    } ],
    "attachments" : [ ],
    "parameters" : [ ],
    "stepsCount" : 1,
    "attachmentsCount" : 0,
    "shouldDisplayMessage" : false,
    "hasContent" : true
  } ],
  "testStage" : {
    "status" : "broken",
    "statusMessage" : "selenium.common.exceptions.TimeoutException: Message: Can't find elements by locator ('xpath', '//main/*')",
    "statusTrace" : "self = <tests.exercises_ru_similar_phrases_page_test.TestExercisesRuSimilarPhrasesPage.TestExercisesRuSimilarPhrasesPageStructure object at 0x7f3a9e29ebd0>\ndriver = <selenium.webdriver.chrome.webdriver.WebDriver (session=\"71b68f96b53f6f47c9db51b0366a8bbe\")>\nexercises_ru_similar_phrases_page_open = None\n\n    @allure.title(\"Verify composition, visibility of elements on the 1st level of nesting on the page\")\n    def test_ersp_01_02_verify_page_structure_and_visibility(self, driver, exercises_ru_similar_phrases_page_open):\n        page = ExercisesRuSimilarPhrasesPage(driver)\n>       structure_of_1st_level = page.get_structure_of_1st_level()\n\ntests/exercises_ru_similar_phrases_page_test.py:20: \n_ _ _ _ _ _ _ _ _ _ _ _ _ _ _ _ _ _ _ _ _ _ _ _ _ _ _ _ _ _ _ _ _ _ _ _ _ _ _ _ \npages/exercises_ru_similar_phrases_page.py:21: in get_structure_of_1st_level\n    elements = self.elements_are_present(self.locators.PAGE_FIRST_LEVEL_ELEMENTS)\npages/base_page.py:54: in elements_are_present\n    return Wait(self.driver, self.timeout).until(\n_ _ _ _ _ _ _ _ _ _ _ _ _ _ _ _ _ _ _ _ _ _ _ _ _ _ _ _ _ _ _ _ _ _ _ _ _ _ _ _ \n\nself = <selenium.webdriver.support.wait.WebDriverWait (session=\"71b68f96b53f6f47c9db51b0366a8bbe\")>\nmethod = <function presence_of_all_elements_located.<locals>._predicate at 0x7f3a9dfb1e40>\nmessage = \"Can't find elements by locator ('xpath', '//main/*')\"\n\n    def until(self, method, message: str = \"\"):\n        \"\"\"Calls the method provided with the driver as an argument until the \\\n        return value does not evaluate to ``False``.\n    \n        :param method: callable(WebDriver)\n        :param message: optional message for :exc:`TimeoutException`\n        :returns: the result of the last call to `method`\n        :raises: :exc:`selenium.common.exceptions.TimeoutException` if timeout occurs\n        \"\"\"\n        screen = None\n        stacktrace = None\n    \n        end_time = time.monotonic() + self._timeout\n        while True:\n            try:\n                value = method(self._driver)\n                if value:\n                    return value\n            except self._ignored_exceptions as exc:\n                screen = getattr(exc, \"screen\", None)\n                stacktrace = getattr(exc, \"stacktrace\", None)\n            time.sleep(self._poll)\n            if time.monotonic() > end_time:\n                break\n>       raise TimeoutException(message, screen, stacktrace)\nE       selenium.common.exceptions.TimeoutException: Message: Can't find elements by locator ('xpath', '//main/*')\n\n/opt/hostedtoolcache/Python/3.12.8/x64/lib/python3.12/site-packages/selenium/webdriver/support/wait.py:95: TimeoutException",
    "steps" : [ {
      "name" : "Get structure of the 1st level of nesting on the page",
      "time" : {
        "start" : 1739193977833,
        "stop" : 1739193998063,
        "duration" : 20230
      },
      "status" : "broken",
      "statusMessage" : "selenium.common.exceptions.TimeoutException: Message: Can't find elements by locator ('xpath', '//main/*')\n\n",
      "statusTrace" : "  File \"/opt/hostedtoolcache/Python/3.12.8/x64/lib/python3.12/site-packages/allure_commons/_allure.py\", line 192, in impl\n    return func(*a, **kw)\n           ^^^^^^^^^^^^^^\n  File \"/home/runner/work/auto-tests-python/auto-tests-python/pages/exercises_ru_similar_phrases_page.py\", line 21, in get_structure_of_1st_level\n    elements = self.elements_are_present(self.locators.PAGE_FIRST_LEVEL_ELEMENTS)\n               ^^^^^^^^^^^^^^^^^^^^^^^^^^^^^^^^^^^^^^^^^^^^^^^^^^^^^^^^^^^^^^^^^^\n  File \"/home/runner/work/auto-tests-python/auto-tests-python/pages/base_page.py\", line 54, in elements_are_present\n    return Wait(self.driver, self.timeout).until(\n           ^^^^^^^^^^^^^^^^^^^^^^^^^^^^^^^^^^^^^^\n  File \"/opt/hostedtoolcache/Python/3.12.8/x64/lib/python3.12/site-packages/selenium/webdriver/support/wait.py\", line 95, in until\n    raise TimeoutException(message, screen, stacktrace)\n",
      "steps" : [ ],
      "attachments" : [ ],
      "parameters" : [ ],
      "stepsCount" : 0,
      "attachmentsCount" : 0,
      "shouldDisplayMessage" : true,
      "hasContent" : true
    } ],
    "attachments" : [ {
      "uid" : "6ec18c209aabb39e",
      "name" : "Screenshot 2025-02-10 13:26:38.186146",
      "source" : "6ec18c209aabb39e.png",
      "type" : "image/png",
      "size" : 7498
    } ],
    "parameters" : [ ],
    "stepsCount" : 1,
    "attachmentsCount" : 1,
    "shouldDisplayMessage" : true,
    "hasContent" : true
  },
  "afterStages" : [ {
    "name" : "driver::0",
    "time" : {
      "start" : 1739193998188,
      "stop" : 1739193998260,
      "duration" : 72
    },
    "status" : "passed",
    "steps" : [ ],
    "attachments" : [ ],
    "parameters" : [ ],
    "stepsCount" : 0,
    "attachmentsCount" : 0,
    "shouldDisplayMessage" : false,
    "hasContent" : false
  } ],
  "labels" : [ {
    "name" : "epic",
    "value" : "The Exercises 'Similar phrases' Page on the 'ru' local"
  }, {
    "name" : "parentSuite",
    "value" : "tests"
  }, {
    "name" : "suite",
    "value" : "exercises_ru_similar_phrases_page_test"
  }, {
    "name" : "subSuite",
    "value" : "TestExercisesRuSimilarPhrasesPage"
  }, {
    "name" : "host",
    "value" : "fv-az1712-648"
  }, {
    "name" : "thread",
    "value" : "2400-MainThread"
  }, {
    "name" : "framework",
    "value" : "pytest"
  }, {
    "name" : "language",
    "value" : "cpython3"
  }, {
    "name" : "package",
    "value" : "tests.exercises_ru_similar_phrases_page_test"
  }, {
    "name" : "resultFormat",
    "value" : "allure2"
  } ],
  "parameters" : [ ],
  "links" : [ ],
  "hidden" : false,
  "retry" : false,
  "extra" : {
    "severity" : "normal",
    "retries" : [ ],
    "categories" : [ {
      "name" : "Test defects",
      "matchedStatuses" : [ ],
      "flaky" : false
    } ],
    "history" : {
      "statistic" : {
        "failed" : 0,
        "broken" : 1,
        "skipped" : 0,
        "passed" : 1,
        "unknown" : 0,
        "total" : 2
      },
      "items" : [ {
        "uid" : "4a1c66029f8cb3f4",
        "reportUrl" : "https://Brain-up.github.io/auto-tests-python/474//#testresult/4a1c66029f8cb3f4",
        "status" : "passed",
        "time" : {
          "start" : 1739133775502,
          "stop" : 1739133777114,
          "duration" : 1612
        }
      } ]
    },
    "tags" : [ ]
  },
  "source" : "a96a3a7bc53e040a.json",
  "parameterValues" : [ ]
}