{
  "uid" : "a2154fb4a0cd43c3",
  "name" : "Solutions to a random task in the \"Слова\" group and comparison of statics.",
  "fullName" : "tests.test_speech_exercises_ru.TestCardsRU#test_solve_word_cards_with_statistic_ru",
  "historyId" : "0fb6881b2015244903bd7785af7503a6",
  "time" : {
    "start" : 1757192520285,
    "stop" : 1757192530692,
    "duration" : 10407
  },
  "status" : "skipped",
  "statusMessage" : "XFAIL\n\nselenium.common.exceptions.TimeoutException: Message: Can't find element by locator ('xpath', '//div[@class=\"__51e19\"]')\nStacktrace:\n#0 0x55ab1942e08a <unknown>\n#1 0x55ab18ecda70 <unknown>\n#2 0x55ab18f1f907 <unknown>\n#3 0x55ab18f1fb01 <unknown>\n#4 0x55ab18f6dd54 <unknown>\n#5 0x55ab18f4540d <unknown>\n#6 0x55ab18f6b14f <unknown>\n#7 0x55ab18f451b3 <unknown>\n#8 0x55ab18f1159b <unknown>\n#9 0x55ab18f12971 <unknown>\n#10 0x55ab193f325b <unknown>\n#11 0x55ab193f6fa9 <unknown>\n#12 0x55ab193da339 <unknown>\n#13 0x55ab193f7b58 <unknown>\n#14 0x55ab193bec1f <unknown>\n#15 0x55ab1941b118 <unknown>\n#16 0x55ab1941b2f6 <unknown>\n#17 0x55ab1942d066 <unknown>\n#18 0x7fe65209caa4 <unknown>\n#19 0x7fe652129c3c <unknown>",
  "statusTrace" : "self = <tests.test_speech_exercises_ru.TestCardsRU object at 0x7f03c9c17500>\ndriver = <selenium.webdriver.chrome.webdriver.WebDriver (session=\"d12fc4507e3de0277a16acf3a8215e27\")>\ndefault_user_authorized = None\n\n    @pytest.mark.xfail\n    @allure.suite(\"Речевые упражнения.\")\n    @allure.title('Solutions to a random task in the \"Слова\" group and comparison of statics.')\n    def test_solve_word_cards_with_statistic_ru(self, driver, default_user_authorized):\n        page = SpeechExercisesPageRU(driver)\n        page.click_button_ru()\n>       table = page.get_statistic_data()\n\ntests/test_speech_exercises_ru.py:165: \n_ _ _ _ _ _ _ _ _ _ _ _ _ _ _ _ _ _ _ _ _ _ _ _ _ _ _ _ _ _ _ _ _ _ _ _ _ _ _ _ \npages/speech_exercises_page_ru.py:174: in get_statistic_data\n    table = self.element_is_present(self.locators.AuthorizedUserHomePageLocators.STATISTIC_TABLE)\npages/base_page.py:32: in element_is_present\n    return Wait(self.driver, self.timeout).until(\n_ _ _ _ _ _ _ _ _ _ _ _ _ _ _ _ _ _ _ _ _ _ _ _ _ _ _ _ _ _ _ _ _ _ _ _ _ _ _ _ \n\nself = <selenium.webdriver.support.wait.WebDriverWait (session=\"d12fc4507e3de0277a16acf3a8215e27\")>\nmethod = <function presence_of_element_located.<locals>._predicate at 0x7f03c9b0d4e0>\nmessage = 'Can\\'t find element by locator (\\'xpath\\', \\'//div[@class=\"__51e19\"]\\')'\n\n    def until(self, method, message: str = \"\"):\n        \"\"\"Calls the method provided with the driver as an argument until the \\\n        return value does not evaluate to ``False``.\n    \n        :param method: callable(WebDriver)\n        :param message: optional message for :exc:`TimeoutException`\n        :returns: the result of the last call to `method`\n        :raises: :exc:`selenium.common.exceptions.TimeoutException` if timeout occurs\n        \"\"\"\n        screen = None\n        stacktrace = None\n    \n        end_time = time.monotonic() + self._timeout\n        while True:\n            try:\n                value = method(self._driver)\n                if value:\n                    return value\n            except self._ignored_exceptions as exc:\n                screen = getattr(exc, \"screen\", None)\n                stacktrace = getattr(exc, \"stacktrace\", None)\n            time.sleep(self._poll)\n            if time.monotonic() > end_time:\n                break\n>       raise TimeoutException(message, screen, stacktrace)\nE       selenium.common.exceptions.TimeoutException: Message: Can't find element by locator ('xpath', '//div[@class=\"__51e19\"]')\nE       Stacktrace:\nE       #0 0x55ab1942e08a <unknown>\nE       #1 0x55ab18ecda70 <unknown>\nE       #2 0x55ab18f1f907 <unknown>\nE       #3 0x55ab18f1fb01 <unknown>\nE       #4 0x55ab18f6dd54 <unknown>\nE       #5 0x55ab18f4540d <unknown>\nE       #6 0x55ab18f6b14f <unknown>\nE       #7 0x55ab18f451b3 <unknown>\nE       #8 0x55ab18f1159b <unknown>\nE       #9 0x55ab18f12971 <unknown>\nE       #10 0x55ab193f325b <unknown>\nE       #11 0x55ab193f6fa9 <unknown>\nE       #12 0x55ab193da339 <unknown>\nE       #13 0x55ab193f7b58 <unknown>\nE       #14 0x55ab193bec1f <unknown>\nE       #15 0x55ab1941b118 <unknown>\nE       #16 0x55ab1941b2f6 <unknown>\nE       #17 0x55ab1942d066 <unknown>\nE       #18 0x7fe65209caa4 <unknown>\nE       #19 0x7fe652129c3c <unknown>\n\n/opt/hostedtoolcache/Python/3.12.11/x64/lib/python3.12/site-packages/selenium/webdriver/support/wait.py:95: TimeoutException",
  "flaky" : false,
  "newFailed" : false,
  "beforeStages" : [ {
    "name" : "default_user_authorized",
    "time" : {
      "start" : 1757192517834,
      "stop" : 1757192520285,
      "duration" : 2451
    },
    "status" : "passed",
    "steps" : [ {
      "name" : "DEFAULT user authorized",
      "time" : {
        "start" : 1757192517834,
        "stop" : 1757192520285,
        "duration" : 2451
      },
      "status" : "passed",
      "steps" : [ {
        "name" : "Check url is present: https://www.brainup.site/groups",
        "time" : {
          "start" : 1757192518239,
          "stop" : 1757192520263,
          "duration" : 2024
        },
        "status" : "passed",
        "steps" : [ ],
        "attachments" : [ ],
        "parameters" : [ ],
        "stepsCount" : 0,
        "attachmentsCount" : 0,
        "shouldDisplayMessage" : false,
        "hasContent" : false
      }, {
        "name" : "Loader checking",
        "time" : {
          "start" : 1757192520263,
          "stop" : 1757192520285,
          "duration" : 22
        },
        "status" : "passed",
        "steps" : [ ],
        "attachments" : [ ],
        "parameters" : [ ],
        "stepsCount" : 0,
        "attachmentsCount" : 0,
        "shouldDisplayMessage" : false,
        "hasContent" : false
      } ],
      "attachments" : [ ],
      "parameters" : [ {
        "name" : "driver",
        "value" : "<selenium.webdriver.chrome.webdriver.WebDriver (session=\"d12fc4507e3de0277a16acf3a8215e27\")>"
      }, {
        "name" : "main_page_open",
        "value" : "None"
      } ],
      "stepsCount" : 2,
      "attachmentsCount" : 0,
      "shouldDisplayMessage" : false,
      "hasContent" : true
    } ],
    "attachments" : [ ],
    "parameters" : [ ],
    "stepsCount" : 3,
    "attachmentsCount" : 0,
    "shouldDisplayMessage" : false,
    "hasContent" : true
  }, {
    "name" : "main_page_open",
    "time" : {
      "start" : 1757192513286,
      "stop" : 1757192517834,
      "duration" : 4548
    },
    "status" : "passed",
    "steps" : [ {
      "name" : "Open page: https://www.brainup.site/",
      "time" : {
        "start" : 1757192513286,
        "stop" : 1757192517834,
        "duration" : 4548
      },
      "status" : "passed",
      "steps" : [ ],
      "attachments" : [ ],
      "parameters" : [ {
        "name" : "driver",
        "value" : "<selenium.webdriver.chrome.webdriver.WebDriver (session=\"d12fc4507e3de0277a16acf3a8215e27\")>"
      } ],
      "stepsCount" : 0,
      "attachmentsCount" : 0,
      "shouldDisplayMessage" : false,
      "hasContent" : true
    } ],
    "attachments" : [ ],
    "parameters" : [ ],
    "stepsCount" : 1,
    "attachmentsCount" : 0,
    "shouldDisplayMessage" : false,
    "hasContent" : true
  }, {
    "name" : "driver",
    "time" : {
      "start" : 1757192512541,
      "stop" : 1757192513286,
      "duration" : 745
    },
    "status" : "passed",
    "steps" : [ ],
    "attachments" : [ ],
    "parameters" : [ ],
    "stepsCount" : 0,
    "attachmentsCount" : 0,
    "shouldDisplayMessage" : false,
    "hasContent" : false
  }, {
    "name" : "clear_allure_results_folder",
    "time" : {
      "start" : 1757191071995,
      "stop" : 1757191071995,
      "duration" : 0
    },
    "status" : "passed",
    "steps" : [ ],
    "attachments" : [ ],
    "parameters" : [ ],
    "stepsCount" : 0,
    "attachmentsCount" : 0,
    "shouldDisplayMessage" : false,
    "hasContent" : false
  } ],
  "testStage" : {
    "status" : "skipped",
    "statusMessage" : "XFAIL\n\nselenium.common.exceptions.TimeoutException: Message: Can't find element by locator ('xpath', '//div[@class=\"__51e19\"]')\nStacktrace:\n#0 0x55ab1942e08a <unknown>\n#1 0x55ab18ecda70 <unknown>\n#2 0x55ab18f1f907 <unknown>\n#3 0x55ab18f1fb01 <unknown>\n#4 0x55ab18f6dd54 <unknown>\n#5 0x55ab18f4540d <unknown>\n#6 0x55ab18f6b14f <unknown>\n#7 0x55ab18f451b3 <unknown>\n#8 0x55ab18f1159b <unknown>\n#9 0x55ab18f12971 <unknown>\n#10 0x55ab193f325b <unknown>\n#11 0x55ab193f6fa9 <unknown>\n#12 0x55ab193da339 <unknown>\n#13 0x55ab193f7b58 <unknown>\n#14 0x55ab193bec1f <unknown>\n#15 0x55ab1941b118 <unknown>\n#16 0x55ab1941b2f6 <unknown>\n#17 0x55ab1942d066 <unknown>\n#18 0x7fe65209caa4 <unknown>\n#19 0x7fe652129c3c <unknown>",
    "statusTrace" : "self = <tests.test_speech_exercises_ru.TestCardsRU object at 0x7f03c9c17500>\ndriver = <selenium.webdriver.chrome.webdriver.WebDriver (session=\"d12fc4507e3de0277a16acf3a8215e27\")>\ndefault_user_authorized = None\n\n    @pytest.mark.xfail\n    @allure.suite(\"Речевые упражнения.\")\n    @allure.title('Solutions to a random task in the \"Слова\" group and comparison of statics.')\n    def test_solve_word_cards_with_statistic_ru(self, driver, default_user_authorized):\n        page = SpeechExercisesPageRU(driver)\n        page.click_button_ru()\n>       table = page.get_statistic_data()\n\ntests/test_speech_exercises_ru.py:165: \n_ _ _ _ _ _ _ _ _ _ _ _ _ _ _ _ _ _ _ _ _ _ _ _ _ _ _ _ _ _ _ _ _ _ _ _ _ _ _ _ \npages/speech_exercises_page_ru.py:174: in get_statistic_data\n    table = self.element_is_present(self.locators.AuthorizedUserHomePageLocators.STATISTIC_TABLE)\npages/base_page.py:32: in element_is_present\n    return Wait(self.driver, self.timeout).until(\n_ _ _ _ _ _ _ _ _ _ _ _ _ _ _ _ _ _ _ _ _ _ _ _ _ _ _ _ _ _ _ _ _ _ _ _ _ _ _ _ \n\nself = <selenium.webdriver.support.wait.WebDriverWait (session=\"d12fc4507e3de0277a16acf3a8215e27\")>\nmethod = <function presence_of_element_located.<locals>._predicate at 0x7f03c9b0d4e0>\nmessage = 'Can\\'t find element by locator (\\'xpath\\', \\'//div[@class=\"__51e19\"]\\')'\n\n    def until(self, method, message: str = \"\"):\n        \"\"\"Calls the method provided with the driver as an argument until the \\\n        return value does not evaluate to ``False``.\n    \n        :param method: callable(WebDriver)\n        :param message: optional message for :exc:`TimeoutException`\n        :returns: the result of the last call to `method`\n        :raises: :exc:`selenium.common.exceptions.TimeoutException` if timeout occurs\n        \"\"\"\n        screen = None\n        stacktrace = None\n    \n        end_time = time.monotonic() + self._timeout\n        while True:\n            try:\n                value = method(self._driver)\n                if value:\n                    return value\n            except self._ignored_exceptions as exc:\n                screen = getattr(exc, \"screen\", None)\n                stacktrace = getattr(exc, \"stacktrace\", None)\n            time.sleep(self._poll)\n            if time.monotonic() > end_time:\n                break\n>       raise TimeoutException(message, screen, stacktrace)\nE       selenium.common.exceptions.TimeoutException: Message: Can't find element by locator ('xpath', '//div[@class=\"__51e19\"]')\nE       Stacktrace:\nE       #0 0x55ab1942e08a <unknown>\nE       #1 0x55ab18ecda70 <unknown>\nE       #2 0x55ab18f1f907 <unknown>\nE       #3 0x55ab18f1fb01 <unknown>\nE       #4 0x55ab18f6dd54 <unknown>\nE       #5 0x55ab18f4540d <unknown>\nE       #6 0x55ab18f6b14f <unknown>\nE       #7 0x55ab18f451b3 <unknown>\nE       #8 0x55ab18f1159b <unknown>\nE       #9 0x55ab18f12971 <unknown>\nE       #10 0x55ab193f325b <unknown>\nE       #11 0x55ab193f6fa9 <unknown>\nE       #12 0x55ab193da339 <unknown>\nE       #13 0x55ab193f7b58 <unknown>\nE       #14 0x55ab193bec1f <unknown>\nE       #15 0x55ab1941b118 <unknown>\nE       #16 0x55ab1941b2f6 <unknown>\nE       #17 0x55ab1942d066 <unknown>\nE       #18 0x7fe65209caa4 <unknown>\nE       #19 0x7fe652129c3c <unknown>\n\n/opt/hostedtoolcache/Python/3.12.11/x64/lib/python3.12/site-packages/selenium/webdriver/support/wait.py:95: TimeoutException",
    "steps" : [ {
      "name" : "click_button RU",
      "time" : {
        "start" : 1757192520285,
        "stop" : 1757192520353,
        "duration" : 68
      },
      "status" : "passed",
      "steps" : [ {
        "name" : "Click button \"RU\".",
        "time" : {
          "start" : 1757192520285,
          "stop" : 1757192520353,
          "duration" : 68
        },
        "status" : "passed",
        "steps" : [ ],
        "attachments" : [ ],
        "parameters" : [ ],
        "stepsCount" : 0,
        "attachmentsCount" : 0,
        "shouldDisplayMessage" : false,
        "hasContent" : false
      } ],
      "attachments" : [ ],
      "parameters" : [ ],
      "stepsCount" : 1,
      "attachmentsCount" : 0,
      "shouldDisplayMessage" : false,
      "hasContent" : true
    }, {
      "name" : "get_statistic_data",
      "time" : {
        "start" : 1757192520354,
        "stop" : 1757192530692,
        "duration" : 10338
      },
      "status" : "broken",
      "statusMessage" : "selenium.common.exceptions.TimeoutException: Message: Can't find element by locator ('xpath', '//div[@class=\"__51e19\"]')\nStacktrace:\n#0 0x55ab1942e08a <unknown>\n#1 0x55ab18ecda70 <unknown>\n#2 0x55ab18f1f907 <unknown>\n#3 0x55ab18f1fb01 <unknown>\n#4 0x55ab18f6dd54 <unknown>\n#5 0x55ab18f4540d <unknown>\n#6 0x55ab18f6b14f <unknown>\n#7 0x55ab18f451b3 <unknown>\n#8 0x55ab18f1159b <unknown>\n#9 0x55ab18f12971 <unknown>\n#10 0x55ab193f325b <unknown>\n#11 0x55ab193f6fa9 <unknown>\n#12 0x55ab193da339 <unknown>\n#13 0x55ab193f7b58 <unknown>\n#14 0x55ab193bec1f <unknown>\n#15 0x55ab1941b118 <unknown>\n#16 0x55ab1941b2f6 <unknown>\n#17 0x55ab1942d066 <unknown>\n#18 0x7fe65209caa4 <unknown>\n#19 0x7fe652129c3c <unknown>\n\n",
      "statusTrace" : "  File \"/opt/hostedtoolcache/Python/3.12.11/x64/lib/python3.12/site-packages/allure_commons/_allure.py\", line 192, in impl\n    return func(*a, **kw)\n           ^^^^^^^^^^^^^^\n  File \"/home/runner/work/auto-tests-python/auto-tests-python/pages/speech_exercises_page_ru.py\", line 174, in get_statistic_data\n    table = self.element_is_present(self.locators.AuthorizedUserHomePageLocators.STATISTIC_TABLE)\n            ^^^^^^^^^^^^^^^^^^^^^^^^^^^^^^^^^^^^^^^^^^^^^^^^^^^^^^^^^^^^^^^^^^^^^^^^^^^^^^^^^^^^^\n  File \"/home/runner/work/auto-tests-python/auto-tests-python/pages/base_page.py\", line 32, in element_is_present\n    return Wait(self.driver, self.timeout).until(\n           ^^^^^^^^^^^^^^^^^^^^^^^^^^^^^^^^^^^^^^\n  File \"/opt/hostedtoolcache/Python/3.12.11/x64/lib/python3.12/site-packages/selenium/webdriver/support/wait.py\", line 95, in until\n    raise TimeoutException(message, screen, stacktrace)\n",
      "steps" : [ {
        "name" : "Click button \"Статистика\"\".",
        "time" : {
          "start" : 1757192520354,
          "stop" : 1757192520426,
          "duration" : 72
        },
        "status" : "passed",
        "steps" : [ ],
        "attachments" : [ ],
        "parameters" : [ ],
        "stepsCount" : 0,
        "attachmentsCount" : 0,
        "shouldDisplayMessage" : false,
        "hasContent" : false
      }, {
        "name" : "Check statistic table is present and scroll to table",
        "time" : {
          "start" : 1757192520426,
          "stop" : 1757192530691,
          "duration" : 10265
        },
        "status" : "broken",
        "statusMessage" : "selenium.common.exceptions.TimeoutException: Message: Can't find element by locator ('xpath', '//div[@class=\"__51e19\"]')\nStacktrace:\n#0 0x55ab1942e08a <unknown>\n#1 0x55ab18ecda70 <unknown>\n#2 0x55ab18f1f907 <unknown>\n#3 0x55ab18f1fb01 <unknown>\n#4 0x55ab18f6dd54 <unknown>\n#5 0x55ab18f4540d <unknown>\n#6 0x55ab18f6b14f <unknown>\n#7 0x55ab18f451b3 <unknown>\n#8 0x55ab18f1159b <unknown>\n#9 0x55ab18f12971 <unknown>\n#10 0x55ab193f325b <unknown>\n#11 0x55ab193f6fa9 <unknown>\n#12 0x55ab193da339 <unknown>\n#13 0x55ab193f7b58 <unknown>\n#14 0x55ab193bec1f <unknown>\n#15 0x55ab1941b118 <unknown>\n#16 0x55ab1941b2f6 <unknown>\n#17 0x55ab1942d066 <unknown>\n#18 0x7fe65209caa4 <unknown>\n#19 0x7fe652129c3c <unknown>\n\n",
        "statusTrace" : "  File \"/home/runner/work/auto-tests-python/auto-tests-python/pages/speech_exercises_page_ru.py\", line 174, in get_statistic_data\n    table = self.element_is_present(self.locators.AuthorizedUserHomePageLocators.STATISTIC_TABLE)\n            ^^^^^^^^^^^^^^^^^^^^^^^^^^^^^^^^^^^^^^^^^^^^^^^^^^^^^^^^^^^^^^^^^^^^^^^^^^^^^^^^^^^^^\n  File \"/home/runner/work/auto-tests-python/auto-tests-python/pages/base_page.py\", line 32, in element_is_present\n    return Wait(self.driver, self.timeout).until(\n           ^^^^^^^^^^^^^^^^^^^^^^^^^^^^^^^^^^^^^^\n  File \"/opt/hostedtoolcache/Python/3.12.11/x64/lib/python3.12/site-packages/selenium/webdriver/support/wait.py\", line 95, in until\n    raise TimeoutException(message, screen, stacktrace)\n",
        "steps" : [ ],
        "attachments" : [ ],
        "parameters" : [ ],
        "stepsCount" : 0,
        "attachmentsCount" : 0,
        "shouldDisplayMessage" : true,
        "hasContent" : true
      } ],
      "attachments" : [ ],
      "parameters" : [ ],
      "stepsCount" : 2,
      "attachmentsCount" : 0,
      "shouldDisplayMessage" : false,
      "hasContent" : true
    } ],
    "attachments" : [ ],
    "parameters" : [ ],
    "stepsCount" : 5,
    "attachmentsCount" : 0,
    "shouldDisplayMessage" : true,
    "hasContent" : true
  },
  "afterStages" : [ {
    "name" : "driver::0",
    "time" : {
      "start" : 1757192530707,
      "stop" : 1757192530775,
      "duration" : 68
    },
    "status" : "passed",
    "steps" : [ ],
    "attachments" : [ ],
    "parameters" : [ ],
    "stepsCount" : 0,
    "attachmentsCount" : 0,
    "shouldDisplayMessage" : false,
    "hasContent" : false
  } ],
  "labels" : [ {
    "name" : "suite",
    "value" : "Речевые упражнения."
  }, {
    "name" : "epic",
    "value" : "Speech exercises."
  }, {
    "name" : "tag",
    "value" : "@pytest.mark.xfail"
  }, {
    "name" : "parentSuite",
    "value" : "tests"
  }, {
    "name" : "subSuite",
    "value" : "TestCardsRU"
  }, {
    "name" : "host",
    "value" : "pkrvm7jw40e0xgp"
  }, {
    "name" : "thread",
    "value" : "2533-MainThread"
  }, {
    "name" : "framework",
    "value" : "pytest"
  }, {
    "name" : "language",
    "value" : "cpython3"
  }, {
    "name" : "package",
    "value" : "tests.test_speech_exercises_ru"
  }, {
    "name" : "resultFormat",
    "value" : "allure2"
  } ],
  "parameters" : [ ],
  "links" : [ ],
  "hidden" : false,
  "retry" : false,
  "extra" : {
    "severity" : "normal",
    "retries" : [ ],
    "categories" : [ ],
    "history" : {
      "statistic" : {
        "failed" : 0,
        "broken" : 0,
        "skipped" : 309,
        "passed" : 0,
        "unknown" : 0,
        "total" : 309
      },
      "items" : [ {
        "uid" : "ba02911c628d2fa3",
        "reportUrl" : "https://Brain-up.github.io/auto-tests-python/675//#testresult/ba02911c628d2fa3",
        "status" : "skipped",
        "statusDetails" : "XFAIL\n\nselenium.common.exceptions.TimeoutException: Message: Can't find element by locator ('xpath', '//div[@class=\"__51e19\"]')\nStacktrace:\n#0 0x559955fdd08a <unknown>\n#1 0x559955a7ca70 <unknown>\n#2 0x559955ace907 <unknown>\n#3 0x559955aceb01 <unknown>\n#4 0x559955b1cd54 <unknown>\n#5 0x559955af440d <unknown>\n#6 0x559955b1a14f <unknown>\n#7 0x559955af41b3 <unknown>\n#8 0x559955ac059b <unknown>\n#9 0x559955ac1971 <unknown>\n#10 0x559955fa225b <unknown>\n#11 0x559955fa5fa9 <unknown>\n#12 0x559955f89339 <unknown>\n#13 0x559955fa6b58 <unknown>\n#14 0x559955f6dc1f <unknown>\n#15 0x559955fca118 <unknown>\n#16 0x559955fca2f6 <unknown>\n#17 0x559955fdc066 <unknown>\n#18 0x7f3a62c9caa4 <unknown>\n#19 0x7f3a62d29c3c <unknown>",
        "time" : {
          "start" : 1757067764422,
          "stop" : 1757067774826,
          "duration" : 10404
        }
      }, {
        "uid" : "dc5849854339367c",
        "reportUrl" : "https://Brain-up.github.io/auto-tests-python/674//#testresult/dc5849854339367c",
        "status" : "skipped",
        "statusDetails" : "XFAIL\n\nselenium.common.exceptions.TimeoutException: Message: Can't find element by locator ('xpath', '//div[@class=\"__51e19\"]')\nStacktrace:\n#0 0x5608c732802a <unknown>\n#1 0x5608c6dc7a70 <unknown>\n#2 0x5608c6e19907 <unknown>\n#3 0x5608c6e19b01 <unknown>\n#4 0x5608c6e67d54 <unknown>\n#5 0x5608c6e3f40d <unknown>\n#6 0x5608c6e6514f <unknown>\n#7 0x5608c6e3f1b3 <unknown>\n#8 0x5608c6e0b59b <unknown>\n#9 0x5608c6e0c971 <unknown>\n#10 0x5608c72ed1fb <unknown>\n#11 0x5608c72f0f49 <unknown>\n#12 0x5608c72d42d9 <unknown>\n#13 0x5608c72f1af8 <unknown>\n#14 0x5608c72b8bbf <unknown>\n#15 0x5608c73150b8 <unknown>\n#16 0x5608c7315296 <unknown>\n#17 0x5608c7327006 <unknown>\n#18 0x7f87f6a9caa4 <unknown>\n#19 0x7f87f6b29c3c <unknown>",
        "time" : {
          "start" : 1756809749510,
          "stop" : 1756809759915,
          "duration" : 10405
        }
      }, {
        "uid" : "cd1dfaa10e0bcef9",
        "reportUrl" : "https://Brain-up.github.io/auto-tests-python/673//#testresult/cd1dfaa10e0bcef9",
        "status" : "skipped",
        "statusDetails" : "XFAIL\n\nselenium.common.exceptions.TimeoutException: Message: Can't find element by locator ('xpath', '//div[@class=\"__51e19\"]')\nStacktrace:\n#0 0x55a77798402a <unknown>\n#1 0x55a777423a70 <unknown>\n#2 0x55a777475907 <unknown>\n#3 0x55a777475b01 <unknown>\n#4 0x55a7774c3d54 <unknown>\n#5 0x55a77749b40d <unknown>\n#6 0x55a7774c114f <unknown>\n#7 0x55a77749b1b3 <unknown>\n#8 0x55a77746759b <unknown>\n#9 0x55a777468971 <unknown>\n#10 0x55a7779491fb <unknown>\n#11 0x55a77794cf49 <unknown>\n#12 0x55a7779302d9 <unknown>\n#13 0x55a77794daf8 <unknown>\n#14 0x55a777914bbf <unknown>\n#15 0x55a7779710b8 <unknown>\n#16 0x55a777971296 <unknown>\n#17 0x55a777983006 <unknown>\n#18 0x7f5f2ae9caa4 <unknown>\n#19 0x7f5f2af29c3c <unknown>",
        "time" : {
          "start" : 1756757471501,
          "stop" : 1756757481907,
          "duration" : 10406
        }
      }, {
        "uid" : "580f99b7e70dad2d",
        "reportUrl" : "https://Brain-up.github.io/auto-tests-python/672//#testresult/580f99b7e70dad2d",
        "status" : "skipped",
        "statusDetails" : "XFAIL\n\nselenium.common.exceptions.TimeoutException: Message: Can't find element by locator ('xpath', '//div[@class=\"__51e19\"]')\nStacktrace:\n#0 0x55b74dc9302a <unknown>\n#1 0x55b74d732a70 <unknown>\n#2 0x55b74d784907 <unknown>\n#3 0x55b74d784b01 <unknown>\n#4 0x55b74d7d2d54 <unknown>\n#5 0x55b74d7aa40d <unknown>\n#6 0x55b74d7d014f <unknown>\n#7 0x55b74d7aa1b3 <unknown>\n#8 0x55b74d77659b <unknown>\n#9 0x55b74d777971 <unknown>\n#10 0x55b74dc581fb <unknown>\n#11 0x55b74dc5bf49 <unknown>\n#12 0x55b74dc3f2d9 <unknown>\n#13 0x55b74dc5caf8 <unknown>\n#14 0x55b74dc23bbf <unknown>\n#15 0x55b74dc800b8 <unknown>\n#16 0x55b74dc80296 <unknown>\n#17 0x55b74dc92006 <unknown>\n#18 0x7f2ae1e9caa4 <unknown>\n#19 0x7f2ae1f29c3c <unknown>",
        "time" : {
          "start" : 1756648766930,
          "stop" : 1756648777379,
          "duration" : 10449
        }
      }, {
        "uid" : "cb6b8f6ff62df869",
        "reportUrl" : "https://Brain-up.github.io/auto-tests-python/671//#testresult/cb6b8f6ff62df869",
        "status" : "skipped",
        "statusDetails" : "XFAIL\n\nselenium.common.exceptions.TimeoutException: Message: Can't find element by locator ('xpath', '//div[@class=\"__51e19\"]')\nStacktrace:\n#0 0x56443bf4602a <unknown>\n#1 0x56443b9e5a70 <unknown>\n#2 0x56443ba37907 <unknown>\n#3 0x56443ba37b01 <unknown>\n#4 0x56443ba85d54 <unknown>\n#5 0x56443ba5d40d <unknown>\n#6 0x56443ba8314f <unknown>\n#7 0x56443ba5d1b3 <unknown>\n#8 0x56443ba2959b <unknown>\n#9 0x56443ba2a971 <unknown>\n#10 0x56443bf0b1fb <unknown>\n#11 0x56443bf0ef49 <unknown>\n#12 0x56443bef22d9 <unknown>\n#13 0x56443bf0faf8 <unknown>\n#14 0x56443bed6bbf <unknown>\n#15 0x56443bf330b8 <unknown>\n#16 0x56443bf33296 <unknown>\n#17 0x56443bf45006 <unknown>\n#18 0x7efef909caa4 <unknown>\n#19 0x7efef9129c3c <unknown>",
        "time" : {
          "start" : 1756547867082,
          "stop" : 1756547877476,
          "duration" : 10394
        }
      }, {
        "uid" : "3393d95cbd105149",
        "reportUrl" : "https://Brain-up.github.io/auto-tests-python/670//#testresult/3393d95cbd105149",
        "status" : "skipped",
        "statusDetails" : "XFAIL\n\nselenium.common.exceptions.TimeoutException: Message: Can't find element by locator ('xpath', '//div[@class=\"__51e19\"]')\nStacktrace:\n#0 0x55fc5d77b02a <unknown>\n#1 0x55fc5d21aa70 <unknown>\n#2 0x55fc5d26c907 <unknown>\n#3 0x55fc5d26cb01 <unknown>\n#4 0x55fc5d2bad54 <unknown>\n#5 0x55fc5d29240d <unknown>\n#6 0x55fc5d2b814f <unknown>\n#7 0x55fc5d2921b3 <unknown>\n#8 0x55fc5d25e59b <unknown>\n#9 0x55fc5d25f971 <unknown>\n#10 0x55fc5d7401fb <unknown>\n#11 0x55fc5d743f49 <unknown>\n#12 0x55fc5d7272d9 <unknown>\n#13 0x55fc5d744af8 <unknown>\n#14 0x55fc5d70bbbf <unknown>\n#15 0x55fc5d7680b8 <unknown>\n#16 0x55fc5d768296 <unknown>\n#17 0x55fc5d77a006 <unknown>\n#18 0x7f955309caa4 <unknown>\n#19 0x7f9553129c3c <unknown>",
        "time" : {
          "start" : 1756490238967,
          "stop" : 1756490249456,
          "duration" : 10489
        }
      }, {
        "uid" : "a20db3a6c0bd792f",
        "reportUrl" : "https://Brain-up.github.io/auto-tests-python/670//#testresult/a20db3a6c0bd792f",
        "status" : "skipped",
        "statusDetails" : "XFAIL\n\nselenium.common.exceptions.TimeoutException: Message: Can't find element by locator ('xpath', '//div[@class=\"__51e19\"]')\nStacktrace:\n#0 0x5637aef8302a <unknown>\n#1 0x5637aea22a70 <unknown>\n#2 0x5637aea74907 <unknown>\n#3 0x5637aea74b01 <unknown>\n#4 0x5637aeac2d54 <unknown>\n#5 0x5637aea9a40d <unknown>\n#6 0x5637aeac014f <unknown>\n#7 0x5637aea9a1b3 <unknown>\n#8 0x5637aea6659b <unknown>\n#9 0x5637aea67971 <unknown>\n#10 0x5637aef481fb <unknown>\n#11 0x5637aef4bf49 <unknown>\n#12 0x5637aef2f2d9 <unknown>\n#13 0x5637aef4caf8 <unknown>\n#14 0x5637aef13bbf <unknown>\n#15 0x5637aef700b8 <unknown>\n#16 0x5637aef70296 <unknown>\n#17 0x5637aef82006 <unknown>\n#18 0x7fe5bda9caa4 <unknown>\n#19 0x7fe5bdb29c3c <unknown>",
        "time" : {
          "start" : 1756484666454,
          "stop" : 1756484676853,
          "duration" : 10399
        }
      }, {
        "uid" : "7fdfae6388085781",
        "reportUrl" : "https://Brain-up.github.io/auto-tests-python/669//#testresult/7fdfae6388085781",
        "status" : "skipped",
        "statusDetails" : "XFAIL\n\nselenium.common.exceptions.TimeoutException: Message: Can't find element by locator ('xpath', '//div[@class=\"__51e19\"]')\nStacktrace:\n#0 0x55a0191af02a <unknown>\n#1 0x55a018c4ea70 <unknown>\n#2 0x55a018ca0907 <unknown>\n#3 0x55a018ca0b01 <unknown>\n#4 0x55a018ceed54 <unknown>\n#5 0x55a018cc640d <unknown>\n#6 0x55a018cec14f <unknown>\n#7 0x55a018cc61b3 <unknown>\n#8 0x55a018c9259b <unknown>\n#9 0x55a018c93971 <unknown>\n#10 0x55a0191741fb <unknown>\n#11 0x55a019177f49 <unknown>\n#12 0x55a01915b2d9 <unknown>\n#13 0x55a019178af8 <unknown>\n#14 0x55a01913fbbf <unknown>\n#15 0x55a01919c0b8 <unknown>\n#16 0x55a01919c296 <unknown>\n#17 0x55a0191ae006 <unknown>\n#18 0x7f77b089caa4 <unknown>\n#19 0x7f77b0929c3c <unknown>",
        "time" : {
          "start" : 1756373314190,
          "stop" : 1756373324592,
          "duration" : 10402
        }
      }, {
        "uid" : "fc8e2bf8b64b4ffa",
        "reportUrl" : "https://Brain-up.github.io/auto-tests-python/668//#testresult/fc8e2bf8b64b4ffa",
        "status" : "skipped",
        "statusDetails" : "XFAIL\n\nselenium.common.exceptions.TimeoutException: Message: Can't find element by locator ('xpath', '//div[@class=\"__51e19\"]')\nStacktrace:\n#0 0x55f33265f01a <unknown>\n#1 0x55f3320fea70 <unknown>\n#2 0x55f332150907 <unknown>\n#3 0x55f332150b01 <unknown>\n#4 0x55f33219ed54 <unknown>\n#5 0x55f33217640d <unknown>\n#6 0x55f33219c14f <unknown>\n#7 0x55f3321761b3 <unknown>\n#8 0x55f33214259b <unknown>\n#9 0x55f332143971 <unknown>\n#10 0x55f3326241eb <unknown>\n#11 0x55f332627f39 <unknown>\n#12 0x55f33260b2c9 <unknown>\n#13 0x55f332628ae8 <unknown>\n#14 0x55f3325efbaf <unknown>\n#15 0x55f33264c0a8 <unknown>\n#16 0x55f33264c286 <unknown>\n#17 0x55f33265dff6 <unknown>\n#18 0x7fcd6809caa4 <unknown>\n#19 0x7fcd68129c3c <unknown>",
        "time" : {
          "start" : 1756296820411,
          "stop" : 1756296830818,
          "duration" : 10407
        }
      }, {
        "uid" : "9a6bdafb0f87a180",
        "reportUrl" : "https://Brain-up.github.io/auto-tests-python/667//#testresult/9a6bdafb0f87a180",
        "status" : "skipped",
        "statusDetails" : "XFAIL\n\nselenium.common.exceptions.TimeoutException: Message: Can't find element by locator ('xpath', '//div[@class=\"__51e19\"]')\nStacktrace:\n#0 0x5558ac55301a <unknown>\n#1 0x5558abff2a70 <unknown>\n#2 0x5558ac044907 <unknown>\n#3 0x5558ac044b01 <unknown>\n#4 0x5558ac092d54 <unknown>\n#5 0x5558ac06a40d <unknown>\n#6 0x5558ac09014f <unknown>\n#7 0x5558ac06a1b3 <unknown>\n#8 0x5558ac03659b <unknown>\n#9 0x5558ac037971 <unknown>\n#10 0x5558ac5181eb <unknown>\n#11 0x5558ac51bf39 <unknown>\n#12 0x5558ac4ff2c9 <unknown>\n#13 0x5558ac51cae8 <unknown>\n#14 0x5558ac4e3baf <unknown>\n#15 0x5558ac5400a8 <unknown>\n#16 0x5558ac540286 <unknown>\n#17 0x5558ac551ff6 <unknown>\n#18 0x7fe2c129caa4 <unknown>\n#19 0x7fe2c1329c3c <unknown>",
        "time" : {
          "start" : 1756203683784,
          "stop" : 1756203694194,
          "duration" : 10410
        }
      }, {
        "uid" : "ff46ebb6d19ce445",
        "reportUrl" : "https://Brain-up.github.io/auto-tests-python/666//#testresult/ff46ebb6d19ce445",
        "status" : "skipped",
        "statusDetails" : "XFAIL\n\nselenium.common.exceptions.TimeoutException: Message: Can't find element by locator ('xpath', '//div[@class=\"__51e19\"]')\nStacktrace:\n#0 0x560d6fab501a <unknown>\n#1 0x560d6f554a70 <unknown>\n#2 0x560d6f5a6907 <unknown>\n#3 0x560d6f5a6b01 <unknown>\n#4 0x560d6f5f4d54 <unknown>\n#5 0x560d6f5cc40d <unknown>\n#6 0x560d6f5f214f <unknown>\n#7 0x560d6f5cc1b3 <unknown>\n#8 0x560d6f59859b <unknown>\n#9 0x560d6f599971 <unknown>\n#10 0x560d6fa7a1eb <unknown>\n#11 0x560d6fa7df39 <unknown>\n#12 0x560d6fa612c9 <unknown>\n#13 0x560d6fa7eae8 <unknown>\n#14 0x560d6fa45baf <unknown>\n#15 0x560d6faa20a8 <unknown>\n#16 0x560d6faa2286 <unknown>\n#17 0x560d6fab3ff6 <unknown>\n#18 0x7f1506a9caa4 <unknown>\n#19 0x7f1506b29c3c <unknown>",
        "time" : {
          "start" : 1756119512269,
          "stop" : 1756119522675,
          "duration" : 10406
        }
      }, {
        "uid" : "f98bc03b88c3ef5e",
        "reportUrl" : "https://Brain-up.github.io/auto-tests-python/665//#testresult/f98bc03b88c3ef5e",
        "status" : "skipped",
        "statusDetails" : "XFAIL\n\nselenium.common.exceptions.TimeoutException: Message: Can't find element by locator ('xpath', '//div[@class=\"__51e19\"]')\nStacktrace:\n#0 0x5605bdef501a <unknown>\n#1 0x5605bd994a70 <unknown>\n#2 0x5605bd9e6907 <unknown>\n#3 0x5605bd9e6b01 <unknown>\n#4 0x5605bda34d54 <unknown>\n#5 0x5605bda0c40d <unknown>\n#6 0x5605bda3214f <unknown>\n#7 0x5605bda0c1b3 <unknown>\n#8 0x5605bd9d859b <unknown>\n#9 0x5605bd9d9971 <unknown>\n#10 0x5605bdeba1eb <unknown>\n#11 0x5605bdebdf39 <unknown>\n#12 0x5605bdea12c9 <unknown>\n#13 0x5605bdebeae8 <unknown>\n#14 0x5605bde85baf <unknown>\n#15 0x5605bdee20a8 <unknown>\n#16 0x5605bdee2286 <unknown>\n#17 0x5605bdef3ff6 <unknown>\n#18 0x7fb3d209caa4 <unknown>\n#19 0x7fb3d2129c3c <unknown>",
        "time" : {
          "start" : 1756035082437,
          "stop" : 1756035092830,
          "duration" : 10393
        }
      }, {
        "uid" : "8da8d2b452b0b27a",
        "reportUrl" : "https://Brain-up.github.io/auto-tests-python/664//#testresult/8da8d2b452b0b27a",
        "status" : "skipped",
        "statusDetails" : "XFAIL\n\nselenium.common.exceptions.TimeoutException: Message: Can't find element by locator ('xpath', '//div[@class=\"__51e19\"]')\nStacktrace:\n#0 0x55ae05c8901a <unknown>\n#1 0x55ae05728a70 <unknown>\n#2 0x55ae0577a907 <unknown>\n#3 0x55ae0577ab01 <unknown>\n#4 0x55ae057c8d54 <unknown>\n#5 0x55ae057a040d <unknown>\n#6 0x55ae057c614f <unknown>\n#7 0x55ae057a01b3 <unknown>\n#8 0x55ae0576c59b <unknown>\n#9 0x55ae0576d971 <unknown>\n#10 0x55ae05c4e1eb <unknown>\n#11 0x55ae05c51f39 <unknown>\n#12 0x55ae05c352c9 <unknown>\n#13 0x55ae05c52ae8 <unknown>\n#14 0x55ae05c19baf <unknown>\n#15 0x55ae05c760a8 <unknown>\n#16 0x55ae05c76286 <unknown>\n#17 0x55ae05c87ff6 <unknown>\n#18 0x7f96db29caa4 <unknown>\n#19 0x7f96db329c3c <unknown>",
        "time" : {
          "start" : 1755947434858,
          "stop" : 1755947445250,
          "duration" : 10392
        }
      }, {
        "uid" : "c3b009db2b95d110",
        "reportUrl" : "https://Brain-up.github.io/auto-tests-python/663//#testresult/c3b009db2b95d110",
        "status" : "skipped",
        "statusDetails" : "XFAIL\n\nselenium.common.exceptions.TimeoutException: Message: Can't find element by locator ('xpath', '//div[@class=\"__51e19\"]')\nStacktrace:\n#0 0x55e859bd701a <unknown>\n#1 0x55e859676a70 <unknown>\n#2 0x55e8596c8907 <unknown>\n#3 0x55e8596c8b01 <unknown>\n#4 0x55e859716d54 <unknown>\n#5 0x55e8596ee40d <unknown>\n#6 0x55e85971414f <unknown>\n#7 0x55e8596ee1b3 <unknown>\n#8 0x55e8596ba59b <unknown>\n#9 0x55e8596bb971 <unknown>\n#10 0x55e859b9c1eb <unknown>\n#11 0x55e859b9ff39 <unknown>\n#12 0x55e859b832c9 <unknown>\n#13 0x55e859ba0ae8 <unknown>\n#14 0x55e859b67baf <unknown>\n#15 0x55e859bc40a8 <unknown>\n#16 0x55e859bc4286 <unknown>\n#17 0x55e859bd5ff6 <unknown>\n#18 0x7fb8f049caa4 <unknown>\n#19 0x7fb8f0529c3c <unknown>",
        "time" : {
          "start" : 1755853753472,
          "stop" : 1755853763863,
          "duration" : 10391
        }
      }, {
        "uid" : "bd8843510c3fc329",
        "reportUrl" : "https://Brain-up.github.io/auto-tests-python/662//#testresult/bd8843510c3fc329",
        "status" : "skipped",
        "statusDetails" : "XFAIL\n\nselenium.common.exceptions.TimeoutException: Message: Can't find element by locator ('xpath', '//div[@class=\"__51e19\"]')\nStacktrace:\n#0 0x559bc21ff01a <unknown>\n#1 0x559bc1c9ea70 <unknown>\n#2 0x559bc1cf0907 <unknown>\n#3 0x559bc1cf0b01 <unknown>\n#4 0x559bc1d3ed54 <unknown>\n#5 0x559bc1d1640d <unknown>\n#6 0x559bc1d3c14f <unknown>\n#7 0x559bc1d161b3 <unknown>\n#8 0x559bc1ce259b <unknown>\n#9 0x559bc1ce3971 <unknown>\n#10 0x559bc21c41eb <unknown>\n#11 0x559bc21c7f39 <unknown>\n#12 0x559bc21ab2c9 <unknown>\n#13 0x559bc21c8ae8 <unknown>\n#14 0x559bc218fbaf <unknown>\n#15 0x559bc21ec0a8 <unknown>\n#16 0x559bc21ec286 <unknown>\n#17 0x559bc21fdff6 <unknown>\n#18 0x7f9484a9caa4 <unknown>\n#19 0x7f9484b29c3c <unknown>",
        "time" : {
          "start" : 1755773083838,
          "stop" : 1755773094291,
          "duration" : 10453
        }
      }, {
        "uid" : "1060da98768e9fb9",
        "reportUrl" : "https://Brain-up.github.io/auto-tests-python/661//#testresult/1060da98768e9fb9",
        "status" : "skipped",
        "statusDetails" : "XFAIL\n\nselenium.common.exceptions.TimeoutException: Message: Can't find element by locator ('xpath', '//div[@class=\"__51e19\"]')\nStacktrace:\n#0 0x56000018b01a <unknown>\n#1 0x55ffffc2aa70 <unknown>\n#2 0x55ffffc7c907 <unknown>\n#3 0x55ffffc7cb01 <unknown>\n#4 0x55ffffccad54 <unknown>\n#5 0x55ffffca240d <unknown>\n#6 0x55ffffcc814f <unknown>\n#7 0x55ffffca21b3 <unknown>\n#8 0x55ffffc6e59b <unknown>\n#9 0x55ffffc6f971 <unknown>\n#10 0x5600001501eb <unknown>\n#11 0x560000153f39 <unknown>\n#12 0x5600001372c9 <unknown>\n#13 0x560000154ae8 <unknown>\n#14 0x56000011bbaf <unknown>\n#15 0x5600001780a8 <unknown>\n#16 0x560000178286 <unknown>\n#17 0x560000189ff6 <unknown>\n#18 0x7f953969caa4 <unknown>\n#19 0x7f9539729c3c <unknown>",
        "time" : {
          "start" : 1755723049235,
          "stop" : 1755723059637,
          "duration" : 10402
        }
      }, {
        "uid" : "110782fa3b354b38",
        "reportUrl" : "https://Brain-up.github.io/auto-tests-python/660//#testresult/110782fa3b354b38",
        "status" : "skipped",
        "statusDetails" : "XFAIL\n\nselenium.common.exceptions.TimeoutException: Message: Can't find element by locator ('xpath', '//div[@class=\"__51e19\"]')\nStacktrace:\n#0 0x56485162d05a <unknown>\n#1 0x5648510cca70 <unknown>\n#2 0x56485111e907 <unknown>\n#3 0x56485111eb01 <unknown>\n#4 0x56485116cd54 <unknown>\n#5 0x56485114440d <unknown>\n#6 0x56485116a14f <unknown>\n#7 0x5648511441b3 <unknown>\n#8 0x56485111059b <unknown>\n#9 0x564851111971 <unknown>\n#10 0x5648515f222b <unknown>\n#11 0x5648515f5f79 <unknown>\n#12 0x5648515d9309 <unknown>\n#13 0x5648515f6b28 <unknown>\n#14 0x5648515bdbef <unknown>\n#15 0x56485161a0e8 <unknown>\n#16 0x56485161a2c6 <unknown>\n#17 0x56485162c036 <unknown>\n#18 0x7ff6aba9caa4 <unknown>\n#19 0x7ff6abb29c3c <unknown>",
        "time" : {
          "start" : 1755613168783,
          "stop" : 1755613179163,
          "duration" : 10380
        }
      }, {
        "uid" : "726629fc2d1163dd",
        "reportUrl" : "https://Brain-up.github.io/auto-tests-python/659//#testresult/726629fc2d1163dd",
        "status" : "skipped",
        "statusDetails" : "XFAIL\n\nselenium.common.exceptions.TimeoutException: Message: Can't find element by locator ('xpath', '//div[@class=\"__51e19\"]')\nStacktrace:\n#0 0x555917cc905a <unknown>\n#1 0x555917768a70 <unknown>\n#2 0x5559177ba907 <unknown>\n#3 0x5559177bab01 <unknown>\n#4 0x555917808d54 <unknown>\n#5 0x5559177e040d <unknown>\n#6 0x55591780614f <unknown>\n#7 0x5559177e01b3 <unknown>\n#8 0x5559177ac59b <unknown>\n#9 0x5559177ad971 <unknown>\n#10 0x555917c8e22b <unknown>\n#11 0x555917c91f79 <unknown>\n#12 0x555917c75309 <unknown>\n#13 0x555917c92b28 <unknown>\n#14 0x555917c59bef <unknown>\n#15 0x555917cb60e8 <unknown>\n#16 0x555917cb62c6 <unknown>\n#17 0x555917cc8036 <unknown>\n#18 0x7f203ea9caa4 <unknown>\n#19 0x7f203eb29c3c <unknown>",
        "time" : {
          "start" : 1755502989475,
          "stop" : 1755502999910,
          "duration" : 10435
        }
      }, {
        "uid" : "5ada2f24f5522cfb",
        "reportUrl" : "https://Brain-up.github.io/auto-tests-python/658//#testresult/5ada2f24f5522cfb",
        "status" : "skipped",
        "statusDetails" : "XFAIL\n\nselenium.common.exceptions.TimeoutException: Message: Can't find element by locator ('xpath', '//div[@class=\"__51e19\"]')\nStacktrace:\n#0 0x55b05c05205a <unknown>\n#1 0x55b05baf1a70 <unknown>\n#2 0x55b05bb43907 <unknown>\n#3 0x55b05bb43b01 <unknown>\n#4 0x55b05bb91d54 <unknown>\n#5 0x55b05bb6940d <unknown>\n#6 0x55b05bb8f14f <unknown>\n#7 0x55b05bb691b3 <unknown>\n#8 0x55b05bb3559b <unknown>\n#9 0x55b05bb36971 <unknown>\n#10 0x55b05c01722b <unknown>\n#11 0x55b05c01af79 <unknown>\n#12 0x55b05bffe309 <unknown>\n#13 0x55b05c01bb28 <unknown>\n#14 0x55b05bfe2bef <unknown>\n#15 0x55b05c03f0e8 <unknown>\n#16 0x55b05c03f2c6 <unknown>\n#17 0x55b05c051036 <unknown>\n#18 0x7f2653a9caa4 <unknown>\n#19 0x7f2653b29c3c <unknown>",
        "time" : {
          "start" : 1755253850745,
          "stop" : 1755253861149,
          "duration" : 10404
        }
      }, {
        "uid" : "39deea583b96c4f4",
        "reportUrl" : "https://Brain-up.github.io/auto-tests-python/657//#testresult/39deea583b96c4f4",
        "status" : "skipped",
        "statusDetails" : "XFAIL\n\nselenium.common.exceptions.TimeoutException: Message: Can't find element by locator ('xpath', '//div[@class=\"__51e19\"]')\nStacktrace:\n#0 0x55640a26a2ca <unknown>\n#1 0x556409d11550 <unknown>\n#2 0x556409d630f0 <unknown>\n#3 0x556409d632e1 <unknown>\n#4 0x556409db15e4 <unknown>\n#5 0x556409d88bed <unknown>\n#6 0x556409dae9e6 <unknown>\n#7 0x556409d88993 <unknown>\n#8 0x556409d54d6b <unknown>\n#9 0x556409d56141 <unknown>\n#10 0x55640a22f2ab <unknown>\n#11 0x55640a2330b9 <unknown>\n#12 0x55640a216139 <unknown>\n#13 0x55640a233c68 <unknown>\n#14 0x55640a1fa60f <unknown>\n#15 0x55640a2581f8 <unknown>\n#16 0x55640a2583d6 <unknown>\n#17 0x55640a2695e6 <unknown>\n#18 0x7fb6da49caa4 <unknown>\n#19 0x7fb6da529c3c <unknown>",
        "time" : {
          "start" : 1755153685220,
          "stop" : 1755153695620,
          "duration" : 10400
        }
      } ]
    },
    "tags" : [ "@pytest.mark.xfail" ]
  },
  "source" : "a2154fb4a0cd43c3.json",
  "parameterValues" : [ ]
}