{
  "uid" : "935d4745b861df1",
  "name" : "Select a random card from \"Similar phrases\" group and compare UI vs BACKEND data",
  "fullName" : "tests.test_speech_exercises_en.TestCardsEN#test_random_cards_in_similar_phrases_en",
  "historyId" : "106afe14e1824ad4b55b346a52794d4b",
  "time" : {
    "start" : 1738804689726,
    "stop" : 1738804709885,
    "duration" : 20159
  },
  "status" : "skipped",
  "statusMessage" : "XFAIL\n\nselenium.common.exceptions.TimeoutException: Message: Can't find element by locator ('xpath', '//button[@data-test-active-link=\"Similar phrases\"]')\nStacktrace:\n#0 0x562e14d0b53a <unknown>\n#1 0x562e14806f00 <unknown>\n#2 0x562e14856c0c <unknown>\n#3 0x562e14856e31 <unknown>\n#4 0x562e1489cbd4 <unknown>\n#5 0x562e1487b5cd <unknown>\n#6 0x562e14899f84 <unknown>\n#7 0x562e1487b343 <unknown>\n#8 0x562e1484878a <unknown>\n#9 0x562e148499de <unknown>\n#10 0x562e14cd52cb <unknown>\n#11 0x562e14cd9242 <unknown>\n#12 0x562e14cc27ac <unknown>\n#13 0x562e14cd9df7 <unknown>\n#14 0x562e14ca6b2f <unknown>\n#15 0x562e14cfa1a8 <unknown>\n#16 0x562e14cfa370 <unknown>\n#17 0x562e14d0a3b6 <unknown>\n#18 0x7f241ee9ca94 <unknown>\n#19 0x7f241ef29c3c <unknown>",
  "statusTrace" : "self = <tests.test_speech_exercises_en.TestCardsEN object at 0x7f9cb527ede0>\ndriver = <selenium.webdriver.chrome.webdriver.WebDriver (session=\"7980de8eb9498b21b0d8201e0ed0abfb\")>\nspecialist_user_authorized = None\n\n    @pytest.mark.xfail\n    @allure.suite(\"Speech exercises EN.\")\n    @allure.title('Select a random card from \"Similar phrases\" group and compare UI vs BACKEND data')\n    def test_random_cards_in_similar_phrases_en(self, driver, specialist_user_authorized):\n        page = SpeechExercisesPage(driver)\n>       page.select_group(SpeechExercisesPageLocators.SIMILAR_PHRASES_EN)\n\ntests/test_speech_exercises_en.py:57: \n_ _ _ _ _ _ _ _ _ _ _ _ _ _ _ _ _ _ _ _ _ _ _ _ _ _ _ _ _ _ _ _ _ _ _ _ _ _ _ _ \npages/speech_exercises_page_en.py:18: in select_group\n    text_of_the_button = self.element_is_present_and_clickable(selector_for_sub_group)\npages/base_page.py:40: in element_is_present_and_clickable\n    return (Wait(self.driver, self.timeout).until(\n_ _ _ _ _ _ _ _ _ _ _ _ _ _ _ _ _ _ _ _ _ _ _ _ _ _ _ _ _ _ _ _ _ _ _ _ _ _ _ _ \n\nself = <selenium.webdriver.support.wait.WebDriverWait (session=\"7980de8eb9498b21b0d8201e0ed0abfb\")>\nmethod = <function visibility_of_element_located.<locals>._predicate at 0x7f9cb5346980>\nmessage = 'Can\\'t find element by locator (\\'xpath\\', \\'//button[@data-test-active-link=\"Similar phrases\"]\\')'\n\n    def until(self, method, message: str = \"\"):\n        \"\"\"Calls the method provided with the driver as an argument until the \\\n        return value does not evaluate to ``False``.\n    \n        :param method: callable(WebDriver)\n        :param message: optional message for :exc:`TimeoutException`\n        :returns: the result of the last call to `method`\n        :raises: :exc:`selenium.common.exceptions.TimeoutException` if timeout occurs\n        \"\"\"\n        screen = None\n        stacktrace = None\n    \n        end_time = time.monotonic() + self._timeout\n        while True:\n            try:\n                value = method(self._driver)\n                if value:\n                    return value\n            except self._ignored_exceptions as exc:\n                screen = getattr(exc, \"screen\", None)\n                stacktrace = getattr(exc, \"stacktrace\", None)\n            time.sleep(self._poll)\n            if time.monotonic() > end_time:\n                break\n>       raise TimeoutException(message, screen, stacktrace)\nE       selenium.common.exceptions.TimeoutException: Message: Can't find element by locator ('xpath', '//button[@data-test-active-link=\"Similar phrases\"]')\nE       Stacktrace:\nE       #0 0x562e14d0b53a <unknown>\nE       #1 0x562e14806f00 <unknown>\nE       #2 0x562e14856c0c <unknown>\nE       #3 0x562e14856e31 <unknown>\nE       #4 0x562e1489cbd4 <unknown>\nE       #5 0x562e1487b5cd <unknown>\nE       #6 0x562e14899f84 <unknown>\nE       #7 0x562e1487b343 <unknown>\nE       #8 0x562e1484878a <unknown>\nE       #9 0x562e148499de <unknown>\nE       #10 0x562e14cd52cb <unknown>\nE       #11 0x562e14cd9242 <unknown>\nE       #12 0x562e14cc27ac <unknown>\nE       #13 0x562e14cd9df7 <unknown>\nE       #14 0x562e14ca6b2f <unknown>\nE       #15 0x562e14cfa1a8 <unknown>\nE       #16 0x562e14cfa370 <unknown>\nE       #17 0x562e14d0a3b6 <unknown>\nE       #18 0x7f241ee9ca94 <unknown>\nE       #19 0x7f241ef29c3c <unknown>\n\n/opt/hostedtoolcache/Python/3.12.8/x64/lib/python3.12/site-packages/selenium/webdriver/support/wait.py:95: TimeoutException",
  "flaky" : false,
  "newFailed" : false,
  "beforeStages" : [ {
    "name" : "clear_allure_results_folder",
    "time" : {
      "start" : 1738803379989,
      "stop" : 1738803379989,
      "duration" : 0
    },
    "status" : "passed",
    "steps" : [ ],
    "attachments" : [ ],
    "parameters" : [ ],
    "stepsCount" : 0,
    "attachmentsCount" : 0,
    "shouldDisplayMessage" : false,
    "hasContent" : false
  }, {
    "name" : "driver",
    "time" : {
      "start" : 1738804682104,
      "stop" : 1738804682930,
      "duration" : 826
    },
    "status" : "passed",
    "steps" : [ ],
    "attachments" : [ ],
    "parameters" : [ ],
    "stepsCount" : 0,
    "attachmentsCount" : 0,
    "shouldDisplayMessage" : false,
    "hasContent" : false
  }, {
    "name" : "main_page_open",
    "time" : {
      "start" : 1738804682931,
      "stop" : 1738804686782,
      "duration" : 3851
    },
    "status" : "passed",
    "steps" : [ {
      "name" : "Open page: https://www.brainup.site/",
      "time" : {
        "start" : 1738804682931,
        "stop" : 1738804686782,
        "duration" : 3851
      },
      "status" : "passed",
      "steps" : [ ],
      "attachments" : [ ],
      "parameters" : [ {
        "name" : "driver",
        "value" : "<selenium.webdriver.chrome.webdriver.WebDriver (session=\"7980de8eb9498b21b0d8201e0ed0abfb\")>"
      } ],
      "stepsCount" : 0,
      "attachmentsCount" : 0,
      "shouldDisplayMessage" : false,
      "hasContent" : true
    } ],
    "attachments" : [ ],
    "parameters" : [ ],
    "stepsCount" : 1,
    "attachmentsCount" : 0,
    "shouldDisplayMessage" : false,
    "hasContent" : true
  }, {
    "name" : "specialist_user_authorized",
    "time" : {
      "start" : 1738804686782,
      "stop" : 1738804689725,
      "duration" : 2943
    },
    "status" : "passed",
    "steps" : [ {
      "name" : "USER specialist authorized",
      "time" : {
        "start" : 1738804686782,
        "stop" : 1738804689725,
        "duration" : 2943
      },
      "status" : "passed",
      "steps" : [ {
        "name" : "Check url is present: https://www.brainup.site/groups",
        "time" : {
          "start" : 1738804687164,
          "stop" : 1738804689704,
          "duration" : 2540
        },
        "status" : "passed",
        "steps" : [ ],
        "attachments" : [ ],
        "parameters" : [ ],
        "stepsCount" : 0,
        "attachmentsCount" : 0,
        "shouldDisplayMessage" : false,
        "hasContent" : false
      }, {
        "name" : "Loader checking",
        "time" : {
          "start" : 1738804689704,
          "stop" : 1738804689725,
          "duration" : 21
        },
        "status" : "passed",
        "steps" : [ ],
        "attachments" : [ ],
        "parameters" : [ ],
        "stepsCount" : 0,
        "attachmentsCount" : 0,
        "shouldDisplayMessage" : false,
        "hasContent" : false
      } ],
      "attachments" : [ ],
      "parameters" : [ {
        "name" : "driver",
        "value" : "<selenium.webdriver.chrome.webdriver.WebDriver (session=\"7980de8eb9498b21b0d8201e0ed0abfb\")>"
      }, {
        "name" : "main_page_open",
        "value" : "None"
      } ],
      "stepsCount" : 2,
      "attachmentsCount" : 0,
      "shouldDisplayMessage" : false,
      "hasContent" : true
    } ],
    "attachments" : [ ],
    "parameters" : [ ],
    "stepsCount" : 3,
    "attachmentsCount" : 0,
    "shouldDisplayMessage" : false,
    "hasContent" : true
  } ],
  "testStage" : {
    "status" : "skipped",
    "statusMessage" : "XFAIL\n\nselenium.common.exceptions.TimeoutException: Message: Can't find element by locator ('xpath', '//button[@data-test-active-link=\"Similar phrases\"]')\nStacktrace:\n#0 0x562e14d0b53a <unknown>\n#1 0x562e14806f00 <unknown>\n#2 0x562e14856c0c <unknown>\n#3 0x562e14856e31 <unknown>\n#4 0x562e1489cbd4 <unknown>\n#5 0x562e1487b5cd <unknown>\n#6 0x562e14899f84 <unknown>\n#7 0x562e1487b343 <unknown>\n#8 0x562e1484878a <unknown>\n#9 0x562e148499de <unknown>\n#10 0x562e14cd52cb <unknown>\n#11 0x562e14cd9242 <unknown>\n#12 0x562e14cc27ac <unknown>\n#13 0x562e14cd9df7 <unknown>\n#14 0x562e14ca6b2f <unknown>\n#15 0x562e14cfa1a8 <unknown>\n#16 0x562e14cfa370 <unknown>\n#17 0x562e14d0a3b6 <unknown>\n#18 0x7f241ee9ca94 <unknown>\n#19 0x7f241ef29c3c <unknown>",
    "statusTrace" : "self = <tests.test_speech_exercises_en.TestCardsEN object at 0x7f9cb527ede0>\ndriver = <selenium.webdriver.chrome.webdriver.WebDriver (session=\"7980de8eb9498b21b0d8201e0ed0abfb\")>\nspecialist_user_authorized = None\n\n    @pytest.mark.xfail\n    @allure.suite(\"Speech exercises EN.\")\n    @allure.title('Select a random card from \"Similar phrases\" group and compare UI vs BACKEND data')\n    def test_random_cards_in_similar_phrases_en(self, driver, specialist_user_authorized):\n        page = SpeechExercisesPage(driver)\n>       page.select_group(SpeechExercisesPageLocators.SIMILAR_PHRASES_EN)\n\ntests/test_speech_exercises_en.py:57: \n_ _ _ _ _ _ _ _ _ _ _ _ _ _ _ _ _ _ _ _ _ _ _ _ _ _ _ _ _ _ _ _ _ _ _ _ _ _ _ _ \npages/speech_exercises_page_en.py:18: in select_group\n    text_of_the_button = self.element_is_present_and_clickable(selector_for_sub_group)\npages/base_page.py:40: in element_is_present_and_clickable\n    return (Wait(self.driver, self.timeout).until(\n_ _ _ _ _ _ _ _ _ _ _ _ _ _ _ _ _ _ _ _ _ _ _ _ _ _ _ _ _ _ _ _ _ _ _ _ _ _ _ _ \n\nself = <selenium.webdriver.support.wait.WebDriverWait (session=\"7980de8eb9498b21b0d8201e0ed0abfb\")>\nmethod = <function visibility_of_element_located.<locals>._predicate at 0x7f9cb5346980>\nmessage = 'Can\\'t find element by locator (\\'xpath\\', \\'//button[@data-test-active-link=\"Similar phrases\"]\\')'\n\n    def until(self, method, message: str = \"\"):\n        \"\"\"Calls the method provided with the driver as an argument until the \\\n        return value does not evaluate to ``False``.\n    \n        :param method: callable(WebDriver)\n        :param message: optional message for :exc:`TimeoutException`\n        :returns: the result of the last call to `method`\n        :raises: :exc:`selenium.common.exceptions.TimeoutException` if timeout occurs\n        \"\"\"\n        screen = None\n        stacktrace = None\n    \n        end_time = time.monotonic() + self._timeout\n        while True:\n            try:\n                value = method(self._driver)\n                if value:\n                    return value\n            except self._ignored_exceptions as exc:\n                screen = getattr(exc, \"screen\", None)\n                stacktrace = getattr(exc, \"stacktrace\", None)\n            time.sleep(self._poll)\n            if time.monotonic() > end_time:\n                break\n>       raise TimeoutException(message, screen, stacktrace)\nE       selenium.common.exceptions.TimeoutException: Message: Can't find element by locator ('xpath', '//button[@data-test-active-link=\"Similar phrases\"]')\nE       Stacktrace:\nE       #0 0x562e14d0b53a <unknown>\nE       #1 0x562e14806f00 <unknown>\nE       #2 0x562e14856c0c <unknown>\nE       #3 0x562e14856e31 <unknown>\nE       #4 0x562e1489cbd4 <unknown>\nE       #5 0x562e1487b5cd <unknown>\nE       #6 0x562e14899f84 <unknown>\nE       #7 0x562e1487b343 <unknown>\nE       #8 0x562e1484878a <unknown>\nE       #9 0x562e148499de <unknown>\nE       #10 0x562e14cd52cb <unknown>\nE       #11 0x562e14cd9242 <unknown>\nE       #12 0x562e14cc27ac <unknown>\nE       #13 0x562e14cd9df7 <unknown>\nE       #14 0x562e14ca6b2f <unknown>\nE       #15 0x562e14cfa1a8 <unknown>\nE       #16 0x562e14cfa370 <unknown>\nE       #17 0x562e14d0a3b6 <unknown>\nE       #18 0x7f241ee9ca94 <unknown>\nE       #19 0x7f241ef29c3c <unknown>\n\n/opt/hostedtoolcache/Python/3.12.8/x64/lib/python3.12/site-packages/selenium/webdriver/support/wait.py:95: TimeoutException",
    "steps" : [ {
      "name" : "select_group",
      "time" : {
        "start" : 1738804689726,
        "stop" : 1738804709885,
        "duration" : 20159
      },
      "status" : "broken",
      "statusMessage" : "selenium.common.exceptions.TimeoutException: Message: Can't find element by locator ('xpath', '//button[@data-test-active-link=\"Similar phrases\"]')\nStacktrace:\n#0 0x562e14d0b53a <unknown>\n#1 0x562e14806f00 <unknown>\n#2 0x562e14856c0c <unknown>\n#3 0x562e14856e31 <unknown>\n#4 0x562e1489cbd4 <unknown>\n#5 0x562e1487b5cd <unknown>\n#6 0x562e14899f84 <unknown>\n#7 0x562e1487b343 <unknown>\n#8 0x562e1484878a <unknown>\n#9 0x562e148499de <unknown>\n#10 0x562e14cd52cb <unknown>\n#11 0x562e14cd9242 <unknown>\n#12 0x562e14cc27ac <unknown>\n#13 0x562e14cd9df7 <unknown>\n#14 0x562e14ca6b2f <unknown>\n#15 0x562e14cfa1a8 <unknown>\n#16 0x562e14cfa370 <unknown>\n#17 0x562e14d0a3b6 <unknown>\n#18 0x7f241ee9ca94 <unknown>\n#19 0x7f241ef29c3c <unknown>\n\n",
      "statusTrace" : "  File \"/opt/hostedtoolcache/Python/3.12.8/x64/lib/python3.12/site-packages/allure_commons/_allure.py\", line 192, in impl\n    return func(*a, **kw)\n           ^^^^^^^^^^^^^^\n  File \"/home/runner/work/auto-tests-python/auto-tests-python/pages/speech_exercises_page_en.py\", line 18, in select_group\n    text_of_the_button = self.element_is_present_and_clickable(selector_for_sub_group)\n                         ^^^^^^^^^^^^^^^^^^^^^^^^^^^^^^^^^^^^^^^^^^^^^^^^^^^^^^^^^^^^^\n  File \"/home/runner/work/auto-tests-python/auto-tests-python/pages/base_page.py\", line 40, in element_is_present_and_clickable\n    return (Wait(self.driver, self.timeout).until(\n            ^^^^^^^^^^^^^^^^^^^^^^^^^^^^^^^^^^^^^^\n  File \"/opt/hostedtoolcache/Python/3.12.8/x64/lib/python3.12/site-packages/selenium/webdriver/support/wait.py\", line 95, in until\n    raise TimeoutException(message, screen, stacktrace)\n",
      "steps" : [ {
        "name" : "Select Russian language. Click \"EN\" button.",
        "time" : {
          "start" : 1738804689726,
          "stop" : 1738804689796,
          "duration" : 70
        },
        "status" : "passed",
        "steps" : [ ],
        "attachments" : [ ],
        "parameters" : [ ],
        "stepsCount" : 0,
        "attachmentsCount" : 0,
        "shouldDisplayMessage" : false,
        "hasContent" : false
      }, {
        "name" : "Click button \"SPEECH EXERCISES\".",
        "time" : {
          "start" : 1738804689796,
          "stop" : 1738804689868,
          "duration" : 72
        },
        "status" : "passed",
        "steps" : [ ],
        "attachments" : [ ],
        "parameters" : [ ],
        "stepsCount" : 0,
        "attachmentsCount" : 0,
        "shouldDisplayMessage" : false,
        "hasContent" : false
      } ],
      "attachments" : [ ],
      "parameters" : [ {
        "name" : "selector_for_sub_group",
        "value" : "('xpath', '//button[@data-test-active-link=\"Similar phrases\"]')"
      } ],
      "stepsCount" : 2,
      "attachmentsCount" : 0,
      "shouldDisplayMessage" : true,
      "hasContent" : true
    } ],
    "attachments" : [ ],
    "parameters" : [ ],
    "stepsCount" : 3,
    "attachmentsCount" : 0,
    "shouldDisplayMessage" : true,
    "hasContent" : true
  },
  "afterStages" : [ {
    "name" : "driver::0",
    "time" : {
      "start" : 1738804709896,
      "stop" : 1738804709972,
      "duration" : 76
    },
    "status" : "passed",
    "steps" : [ ],
    "attachments" : [ ],
    "parameters" : [ ],
    "stepsCount" : 0,
    "attachmentsCount" : 0,
    "shouldDisplayMessage" : false,
    "hasContent" : false
  } ],
  "labels" : [ {
    "name" : "suite",
    "value" : "Speech exercises EN."
  }, {
    "name" : "epic",
    "value" : "Speech exercises."
  }, {
    "name" : "tag",
    "value" : "@pytest.mark.xfail"
  }, {
    "name" : "parentSuite",
    "value" : "tests"
  }, {
    "name" : "subSuite",
    "value" : "TestCardsEN"
  }, {
    "name" : "host",
    "value" : "fv-az2023-331"
  }, {
    "name" : "thread",
    "value" : "2392-MainThread"
  }, {
    "name" : "framework",
    "value" : "pytest"
  }, {
    "name" : "language",
    "value" : "cpython3"
  }, {
    "name" : "package",
    "value" : "tests.test_speech_exercises_en"
  }, {
    "name" : "resultFormat",
    "value" : "allure2"
  } ],
  "parameters" : [ ],
  "links" : [ ],
  "hidden" : false,
  "retry" : false,
  "extra" : {
    "severity" : "normal",
    "retries" : [ ],
    "categories" : [ ],
    "history" : {
      "statistic" : {
        "failed" : 0,
        "broken" : 0,
        "skipped" : 163,
        "passed" : 1,
        "unknown" : 0,
        "total" : 164
      },
      "items" : [ {
        "uid" : "1cc1884fe90d468c",
        "reportUrl" : "https://Brain-up.github.io/auto-tests-python/470//#testresult/1cc1884fe90d468c",
        "status" : "skipped",
        "statusDetails" : "XFAIL\n\nselenium.common.exceptions.TimeoutException: Message: Can't find element by locator ('xpath', '//button[@data-test-active-link=\"Similar phrases\"]')\nStacktrace:\n#0 0x56249b03953a <unknown>\n#1 0x56249ab34f00 <unknown>\n#2 0x56249ab84c0c <unknown>\n#3 0x56249ab84e31 <unknown>\n#4 0x56249abcabd4 <unknown>\n#5 0x56249aba95cd <unknown>\n#6 0x56249abc7f84 <unknown>\n#7 0x56249aba9343 <unknown>\n#8 0x56249ab7678a <unknown>\n#9 0x56249ab779de <unknown>\n#10 0x56249b0032cb <unknown>\n#11 0x56249b007242 <unknown>\n#12 0x56249aff07ac <unknown>\n#13 0x56249b007df7 <unknown>\n#14 0x56249afd4b2f <unknown>\n#15 0x56249b0281a8 <unknown>\n#16 0x56249b028370 <unknown>\n#17 0x56249b0383b6 <unknown>\n#18 0x7f135ca9ca94 <unknown>\n#19 0x7f135cb29c3c <unknown>",
        "time" : {
          "start" : 1738787304533,
          "stop" : 1738787324811,
          "duration" : 20278
        }
      }, {
        "uid" : "aa8939ba3cce9de9",
        "reportUrl" : "https://Brain-up.github.io/auto-tests-python/266//#testresult/aa8939ba3cce9de9",
        "status" : "skipped",
        "statusDetails" : "XFAIL\n\nselenium.common.exceptions.TimeoutException: Message: Can't find element by locator ('xpath', '//button[@data-test-active-link=\"Similar phrases\"]')\nStacktrace:\n#0 0x5646bf5f953a <unknown>\n#1 0x5646bf0f4f00 <unknown>\n#2 0x5646bf144c0c <unknown>\n#3 0x5646bf144e31 <unknown>\n#4 0x5646bf18abd4 <unknown>\n#5 0x5646bf1695cd <unknown>\n#6 0x5646bf187f84 <unknown>\n#7 0x5646bf169343 <unknown>\n#8 0x5646bf13678a <unknown>\n#9 0x5646bf1379de <unknown>\n#10 0x5646bf5c32cb <unknown>\n#11 0x5646bf5c7242 <unknown>\n#12 0x5646bf5b07ac <unknown>\n#13 0x5646bf5c7df7 <unknown>\n#14 0x5646bf594b2f <unknown>\n#15 0x5646bf5e81a8 <unknown>\n#16 0x5646bf5e8370 <unknown>\n#17 0x5646bf5f83b6 <unknown>\n#18 0x7fa43ce9ca94 <unknown>\n#19 0x7fa43cf29c3c <unknown>",
        "time" : {
          "start" : 1738718250975,
          "stop" : 1738718271644,
          "duration" : 20669
        }
      }, {
        "uid" : "66aa07a89949f18",
        "reportUrl" : "https://Brain-up.github.io/auto-tests-python/469//#testresult/66aa07a89949f18",
        "status" : "skipped",
        "statusDetails" : "XFAIL\n\nselenium.common.exceptions.TimeoutException: Message: Can't find element by locator ('xpath', '//button[@data-test-active-link=\"Similar phrases\"]')\nStacktrace:\n#0 0x55cfed151dca <unknown>\n#1 0x55cfecc483f0 <unknown>\n#2 0x55cfecc9810c <unknown>\n#3 0x55cfecc98331 <unknown>\n#4 0x55cfeccde154 <unknown>\n#5 0x55cfeccbcabd <unknown>\n#6 0x55cfeccdb4b3 <unknown>\n#7 0x55cfeccbc833 <unknown>\n#8 0x55cfecc895a0 <unknown>\n#9 0x55cfecc8aece <unknown>\n#10 0x55cfed11bbdb <unknown>\n#11 0x55cfed11fb67 <unknown>\n#12 0x55cfed1073bc <unknown>\n#13 0x55cfed120727 <unknown>\n#14 0x55cfed0eb74f <unknown>\n#15 0x55cfed140938 <unknown>\n#16 0x55cfed140b00 <unknown>\n#17 0x55cfed150c46 <unknown>\n#18 0x7fca9dc9ca94 <unknown>\n#19 0x7fca9dd29c3c <unknown>",
        "time" : {
          "start" : 1738703640920,
          "stop" : 1738703661094,
          "duration" : 20174
        }
      }, {
        "uid" : "26d04bc4959229a",
        "reportUrl" : "https://Brain-up.github.io/auto-tests-python/468//#testresult/26d04bc4959229a",
        "status" : "skipped",
        "statusDetails" : "XFAIL\n\nselenium.common.exceptions.TimeoutException: Message: Can't find element by locator ('xpath', '//button[@data-test-active-link=\"Similar phrases\"]')\nStacktrace:\n#0 0x5563489f3dca <unknown>\n#1 0x5563484ea3f0 <unknown>\n#2 0x55634853a10c <unknown>\n#3 0x55634853a331 <unknown>\n#4 0x556348580154 <unknown>\n#5 0x55634855eabd <unknown>\n#6 0x55634857d4b3 <unknown>\n#7 0x55634855e833 <unknown>\n#8 0x55634852b5a0 <unknown>\n#9 0x55634852cece <unknown>\n#10 0x5563489bdbdb <unknown>\n#11 0x5563489c1b67 <unknown>\n#12 0x5563489a93bc <unknown>\n#13 0x5563489c2727 <unknown>\n#14 0x55634898d74f <unknown>\n#15 0x5563489e2938 <unknown>\n#16 0x5563489e2b00 <unknown>\n#17 0x5563489f2c46 <unknown>\n#18 0x7f49df69ca94 <unknown>\n#19 0x7f49df729c3c <unknown>",
        "time" : {
          "start" : 1738701490901,
          "stop" : 1738701511080,
          "duration" : 20179
        }
      }, {
        "uid" : "2e4c3b1db18b5ab6",
        "reportUrl" : "https://Brain-up.github.io/auto-tests-python/265//#testresult/2e4c3b1db18b5ab6",
        "status" : "skipped",
        "statusDetails" : "XFAIL\n\nselenium.common.exceptions.StaleElementReferenceException: Message: stale element reference: stale element not found in the current frame\n  (Session info: chrome=132.0.6834.110); For documentation on this error, please visit: https://www.selenium.dev/documentation/webdriver/troubleshooting/errors#stale-element-reference-exception\nStacktrace:\n#0 0x562b5d090dca <unknown>\n#1 0x562b5cb873f0 <unknown>\n#2 0x562b5cb8d3ea <unknown>\n#3 0x562b5cb8fa78 <unknown>\n#4 0x562b5cb8fb03 <unknown>\n#5 0x562b5cbda38b <unknown>\n#6 0x562b5cbd81cd <unknown>\n#7 0x562b5cbcb2bd <unknown>\n#8 0x562b5cbfba92 <unknown>\n#9 0x562b5cbcac48 <unknown>\n#10 0x562b5cbfbc5e <unknown>\n#11 0x562b5cc1a4b3 <unknown>\n#12 0x562b5cbfb833 <unknown>\n#13 0x562b5cbc85a0 <unknown>\n#14 0x562b5cbc9ece <unknown>\n#15 0x562b5d05abdb <unknown>\n#16 0x562b5d05eb67 <unknown>\n#17 0x562b5d0463bc <unknown>\n#18 0x562b5d05f727 <unknown>\n#19 0x562b5d02a74f <unknown>\n#20 0x562b5d07f938 <unknown>\n#21 0x562b5d07fb00 <unknown>\n#22 0x562b5d08fc46 <unknown>\n#23 0x7ff01f09ca94 <unknown>\n#24 0x7ff01f129c3c <unknown>",
        "time" : {
          "start" : 1738631664654,
          "stop" : 1738631665931,
          "duration" : 1277
        }
      }, {
        "uid" : "6b277691d8fb40ee",
        "reportUrl" : "https://Brain-up.github.io/auto-tests-python/467//#testresult/6b277691d8fb40ee",
        "status" : "skipped",
        "statusDetails" : "XFAIL\n\nselenium.common.exceptions.TimeoutException: Message: Can't find element by locator ('xpath', '//button[@data-test-active-link=\"Similar phrases\"]')\nStacktrace:\n#0 0x55e21c620dca <unknown>\n#1 0x55e21c1173f0 <unknown>\n#2 0x55e21c16710c <unknown>\n#3 0x55e21c167331 <unknown>\n#4 0x55e21c1ad154 <unknown>\n#5 0x55e21c18babd <unknown>\n#6 0x55e21c1aa4b3 <unknown>\n#7 0x55e21c18b833 <unknown>\n#8 0x55e21c1585a0 <unknown>\n#9 0x55e21c159ece <unknown>\n#10 0x55e21c5eabdb <unknown>\n#11 0x55e21c5eeb67 <unknown>\n#12 0x55e21c5d63bc <unknown>\n#13 0x55e21c5ef727 <unknown>\n#14 0x55e21c5ba74f <unknown>\n#15 0x55e21c60f938 <unknown>\n#16 0x55e21c60fb00 <unknown>\n#17 0x55e21c61fc46 <unknown>\n#18 0x7fdaeec9ca94 <unknown>\n#19 0x7fdaeed29c3c <unknown>",
        "time" : {
          "start" : 1738579166397,
          "stop" : 1738579186545,
          "duration" : 20148
        }
      }, {
        "uid" : "7c800493d0bc7ebe",
        "reportUrl" : "https://Brain-up.github.io/auto-tests-python/264//#testresult/7c800493d0bc7ebe",
        "status" : "skipped",
        "statusDetails" : "XFAIL\n\nselenium.common.exceptions.TimeoutException: Message: Can't find element by locator ('xpath', '//button[@data-test-active-link=\"Similar phrases\"]')\nStacktrace:\n#0 0x55cd78084dca <unknown>\n#1 0x55cd77b7b3f0 <unknown>\n#2 0x55cd77bcb10c <unknown>\n#3 0x55cd77bcb331 <unknown>\n#4 0x55cd77c11154 <unknown>\n#5 0x55cd77befabd <unknown>\n#6 0x55cd77c0e4b3 <unknown>\n#7 0x55cd77bef833 <unknown>\n#8 0x55cd77bbc5a0 <unknown>\n#9 0x55cd77bbdece <unknown>\n#10 0x55cd7804ebdb <unknown>\n#11 0x55cd78052b67 <unknown>\n#12 0x55cd7803a3bc <unknown>\n#13 0x55cd78053727 <unknown>\n#14 0x55cd7801e74f <unknown>\n#15 0x55cd78073938 <unknown>\n#16 0x55cd78073b00 <unknown>\n#17 0x55cd78083c46 <unknown>\n#18 0x7fa98f69ca94 <unknown>\n#19 0x7fa98f729c3c <unknown>",
        "time" : {
          "start" : 1738545313589,
          "stop" : 1738545333795,
          "duration" : 20206
        }
      }, {
        "uid" : "b170fd1530a57be",
        "reportUrl" : "https://Brain-up.github.io/auto-tests-python/466//#testresult/b170fd1530a57be",
        "status" : "skipped",
        "statusDetails" : "XFAIL\n\nselenium.common.exceptions.TimeoutException: Message: Can't find element by locator ('xpath', '//button[@data-test-active-link=\"Similar phrases\"]')\nStacktrace:\n#0 0x560f72369dca <unknown>\n#1 0x560f71e603f0 <unknown>\n#2 0x560f71eb010c <unknown>\n#3 0x560f71eb0331 <unknown>\n#4 0x560f71ef6154 <unknown>\n#5 0x560f71ed4abd <unknown>\n#6 0x560f71ef34b3 <unknown>\n#7 0x560f71ed4833 <unknown>\n#8 0x560f71ea15a0 <unknown>\n#9 0x560f71ea2ece <unknown>\n#10 0x560f72333bdb <unknown>\n#11 0x560f72337b67 <unknown>\n#12 0x560f7231f3bc <unknown>\n#13 0x560f72338727 <unknown>\n#14 0x560f7230374f <unknown>\n#15 0x560f72358938 <unknown>\n#16 0x560f72358b00 <unknown>\n#17 0x560f72368c46 <unknown>\n#18 0x7f86abc9ca94 <unknown>\n#19 0x7f86abd29c3c <unknown>",
        "time" : {
          "start" : 1738528936350,
          "stop" : 1738528956514,
          "duration" : 20164
        }
      }, {
        "uid" : "db67eeb338cf6484",
        "reportUrl" : "https://Brain-up.github.io/auto-tests-python/263//#testresult/db67eeb338cf6484",
        "status" : "skipped",
        "statusDetails" : "XFAIL\n\nselenium.common.exceptions.StaleElementReferenceException: Message: stale element reference: stale element not found in the current frame\n  (Session info: chrome=132.0.6834.110); For documentation on this error, please visit: https://www.selenium.dev/documentation/webdriver/troubleshooting/errors#stale-element-reference-exception\nStacktrace:\n#0 0x55d1b80d8dca <unknown>\n#1 0x55d1b7bcf3f0 <unknown>\n#2 0x55d1b7bd53ea <unknown>\n#3 0x55d1b7bd7a78 <unknown>\n#4 0x55d1b7bd7b03 <unknown>\n#5 0x55d1b7c210b4 <unknown>\n#6 0x55d1b7c20476 <unknown>\n#7 0x55d1b7c132bd <unknown>\n#8 0x55d1b7c43a92 <unknown>\n#9 0x55d1b7c12c48 <unknown>\n#10 0x55d1b7c43c5e <unknown>\n#11 0x55d1b7c624b3 <unknown>\n#12 0x55d1b7c43833 <unknown>\n#13 0x55d1b7c105a0 <unknown>\n#14 0x55d1b7c11ece <unknown>\n#15 0x55d1b80a2bdb <unknown>\n#16 0x55d1b80a6b67 <unknown>\n#17 0x55d1b808e3bc <unknown>\n#18 0x55d1b80a7727 <unknown>\n#19 0x55d1b807274f <unknown>\n#20 0x55d1b80c7938 <unknown>\n#21 0x55d1b80c7b00 <unknown>\n#22 0x55d1b80d7c46 <unknown>\n#23 0x7f95d8a9ca94 <unknown>\n#24 0x7f95d8b29c3c <unknown>",
        "time" : {
          "start" : 1738459030651,
          "stop" : 1738459031953,
          "duration" : 1302
        }
      }, {
        "uid" : "e17d785cdfb0f012",
        "reportUrl" : "https://Brain-up.github.io/auto-tests-python/465//#testresult/e17d785cdfb0f012",
        "status" : "skipped",
        "statusDetails" : "XFAIL\n\nselenium.common.exceptions.TimeoutException: Message: Can't find element by locator ('xpath', '//button[@data-test-active-link=\"Similar phrases\"]')\nStacktrace:\n#0 0x558e8c5cddca <unknown>\n#1 0x558e8c0c43f0 <unknown>\n#2 0x558e8c11410c <unknown>\n#3 0x558e8c114331 <unknown>\n#4 0x558e8c15a154 <unknown>\n#5 0x558e8c138abd <unknown>\n#6 0x558e8c1574b3 <unknown>\n#7 0x558e8c138833 <unknown>\n#8 0x558e8c1055a0 <unknown>\n#9 0x558e8c106ece <unknown>\n#10 0x558e8c597bdb <unknown>\n#11 0x558e8c59bb67 <unknown>\n#12 0x558e8c5833bc <unknown>\n#13 0x558e8c59c727 <unknown>\n#14 0x558e8c56774f <unknown>\n#15 0x558e8c5bc938 <unknown>\n#16 0x558e8c5bcb00 <unknown>\n#17 0x558e8c5ccc46 <unknown>\n#18 0x7f690d29ca94 <unknown>\n#19 0x7f690d329c3c <unknown>",
        "time" : {
          "start" : 1738398311623,
          "stop" : 1738398332266,
          "duration" : 20643
        }
      }, {
        "uid" : "4890430b918d04ca",
        "reportUrl" : "https://Brain-up.github.io/auto-tests-python/262//#testresult/4890430b918d04ca",
        "status" : "skipped",
        "statusDetails" : "XFAIL\n\nselenium.common.exceptions.TimeoutException: Message: Can't find element by locator ('xpath', '//button[@data-test-active-link=\"Similar phrases\"]')\nStacktrace:\n#0 0x555d64d8ddca <unknown>\n#1 0x555d648843f0 <unknown>\n#2 0x555d648d410c <unknown>\n#3 0x555d648d4331 <unknown>\n#4 0x555d6491a154 <unknown>\n#5 0x555d648f8abd <unknown>\n#6 0x555d649174b3 <unknown>\n#7 0x555d648f8833 <unknown>\n#8 0x555d648c55a0 <unknown>\n#9 0x555d648c6ece <unknown>\n#10 0x555d64d57bdb <unknown>\n#11 0x555d64d5bb67 <unknown>\n#12 0x555d64d433bc <unknown>\n#13 0x555d64d5c727 <unknown>\n#14 0x555d64d2774f <unknown>\n#15 0x555d64d7c938 <unknown>\n#16 0x555d64d7cb00 <unknown>\n#17 0x555d64d8cc46 <unknown>\n#18 0x7f346d89ca94 <unknown>\n#19 0x7f346d929c3c <unknown>",
        "time" : {
          "start" : 1738372651914,
          "stop" : 1738372672093,
          "duration" : 20179
        }
      }, {
        "uid" : "c67e0ac649dbcbd7",
        "reportUrl" : "https://Brain-up.github.io/auto-tests-python/464//#testresult/c67e0ac649dbcbd7",
        "status" : "skipped",
        "statusDetails" : "XFAIL\n\nselenium.common.exceptions.TimeoutException: Message: Can't find element by locator ('xpath', '//button[@data-test-active-link=\"Similar phrases\"]')\nStacktrace:\n#0 0x5643009b3dca <unknown>\n#1 0x5643004aa3f0 <unknown>\n#2 0x5643004fa10c <unknown>\n#3 0x5643004fa331 <unknown>\n#4 0x564300540154 <unknown>\n#5 0x56430051eabd <unknown>\n#6 0x56430053d4b3 <unknown>\n#7 0x56430051e833 <unknown>\n#8 0x5643004eb5a0 <unknown>\n#9 0x5643004ecece <unknown>\n#10 0x56430097dbdb <unknown>\n#11 0x564300981b67 <unknown>\n#12 0x5643009693bc <unknown>\n#13 0x564300982727 <unknown>\n#14 0x56430094d74f <unknown>\n#15 0x5643009a2938 <unknown>\n#16 0x5643009a2b00 <unknown>\n#17 0x5643009b2c46 <unknown>\n#18 0x7fce3129ca94 <unknown>\n#19 0x7fce31329c3c <unknown>",
        "time" : {
          "start" : 1738356381351,
          "stop" : 1738356401566,
          "duration" : 20215
        }
      }, {
        "uid" : "cb4684187abde673",
        "reportUrl" : "https://Brain-up.github.io/auto-tests-python/261//#testresult/cb4684187abde673",
        "status" : "skipped",
        "statusDetails" : "XFAIL\n\nselenium.common.exceptions.TimeoutException: Message: Can't find element by locator ('xpath', '//button[@data-test-active-link=\"Similar phrases\"]')\nStacktrace:\n#0 0x55d9a021bdca <unknown>\n#1 0x55d99fd123f0 <unknown>\n#2 0x55d99fd6210c <unknown>\n#3 0x55d99fd62331 <unknown>\n#4 0x55d99fda8154 <unknown>\n#5 0x55d99fd86abd <unknown>\n#6 0x55d99fda54b3 <unknown>\n#7 0x55d99fd86833 <unknown>\n#8 0x55d99fd535a0 <unknown>\n#9 0x55d99fd54ece <unknown>\n#10 0x55d9a01e5bdb <unknown>\n#11 0x55d9a01e9b67 <unknown>\n#12 0x55d9a01d13bc <unknown>\n#13 0x55d9a01ea727 <unknown>\n#14 0x55d9a01b574f <unknown>\n#15 0x55d9a020a938 <unknown>\n#16 0x55d9a020ab00 <unknown>\n#17 0x55d9a021ac46 <unknown>\n#18 0x7fc042c9ca94 <unknown>\n#19 0x7fc042d29c3c <unknown>",
        "time" : {
          "start" : 1738286007397,
          "stop" : 1738286027542,
          "duration" : 20145
        }
      }, {
        "uid" : "96b39e41aeef72e1",
        "reportUrl" : "https://Brain-up.github.io/auto-tests-python/260//#testresult/96b39e41aeef72e1",
        "status" : "skipped",
        "statusDetails" : "XFAIL\n\nselenium.common.exceptions.TimeoutException: Message: Can't find element by locator ('xpath', '//button[@data-test-active-link=\"Similar phrases\"]')\nStacktrace:\n#0 0x558197eacdca <unknown>\n#1 0x5581979a33f0 <unknown>\n#2 0x5581979f310c <unknown>\n#3 0x5581979f3331 <unknown>\n#4 0x558197a39154 <unknown>\n#5 0x558197a17abd <unknown>\n#6 0x558197a364b3 <unknown>\n#7 0x558197a17833 <unknown>\n#8 0x5581979e45a0 <unknown>\n#9 0x5581979e5ece <unknown>\n#10 0x558197e76bdb <unknown>\n#11 0x558197e7ab67 <unknown>\n#12 0x558197e623bc <unknown>\n#13 0x558197e7b727 <unknown>\n#14 0x558197e4674f <unknown>\n#15 0x558197e9b938 <unknown>\n#16 0x558197e9bb00 <unknown>\n#17 0x558197eabc46 <unknown>\n#18 0x7f98bb89ca94 <unknown>\n#19 0x7f98bb929c3c <unknown>",
        "time" : {
          "start" : 1738199765856,
          "stop" : 1738199786496,
          "duration" : 20640
        }
      }, {
        "uid" : "9055eac27c026215",
        "reportUrl" : "https://Brain-up.github.io/auto-tests-python/463//#testresult/9055eac27c026215",
        "status" : "skipped",
        "statusDetails" : "XFAIL\n\nselenium.common.exceptions.TimeoutException: Message: Can't find element by locator ('xpath', '//button[@data-test-active-link=\"Similar phrases\"]')\nStacktrace:\n#0 0x56482aad37ca <unknown>\n#1 0x56482a5cb2f0 <unknown>\n#2 0x56482a61b035 <unknown>\n#3 0x56482a61b251 <unknown>\n#4 0x56482a661054 <unknown>\n#5 0x56482a63f9dd <unknown>\n#6 0x56482a65e3b3 <unknown>\n#7 0x56482a63f753 <unknown>\n#8 0x56482a60cbaa <unknown>\n#9 0x56482a60ddfe <unknown>\n#10 0x56482aa9e38b <unknown>\n#11 0x56482aaa2307 <unknown>\n#12 0x56482aa8ae7c <unknown>\n#13 0x56482aaa2ec7 <unknown>\n#14 0x56482aa6f24f <unknown>\n#15 0x56482aac22f8 <unknown>\n#16 0x56482aac24c0 <unknown>\n#17 0x56482aad2646 <unknown>\n#18 0x7f2a2e49ca94 <unknown>\n#19 0x7f2a2e529c3c <unknown>",
        "time" : {
          "start" : 1738142923862,
          "stop" : 1738142944521,
          "duration" : 20659
        }
      }, {
        "uid" : "aedc488ed2af13f5",
        "reportUrl" : "https://Brain-up.github.io/auto-tests-python/259//#testresult/aedc488ed2af13f5",
        "status" : "skipped",
        "statusDetails" : "XFAIL\n\nselenium.common.exceptions.TimeoutException: Message: Can't find element by locator ('xpath', '//button[@data-test-active-link=\"Similar phrases\"]')\nStacktrace:\n#0 0x558449d11dca <unknown>\n#1 0x5584498083f0 <unknown>\n#2 0x55844985810c <unknown>\n#3 0x558449858331 <unknown>\n#4 0x55844989e154 <unknown>\n#5 0x55844987cabd <unknown>\n#6 0x55844989b4b3 <unknown>\n#7 0x55844987c833 <unknown>\n#8 0x5584498495a0 <unknown>\n#9 0x55844984aece <unknown>\n#10 0x558449cdbbdb <unknown>\n#11 0x558449cdfb67 <unknown>\n#12 0x558449cc73bc <unknown>\n#13 0x558449ce0727 <unknown>\n#14 0x558449cab74f <unknown>\n#15 0x558449d00938 <unknown>\n#16 0x558449d00b00 <unknown>\n#17 0x558449d10c46 <unknown>\n#18 0x7f5c88a9ca94 <unknown>\n#19 0x7f5c88b29c3c <unknown>",
        "time" : {
          "start" : 1738113333140,
          "stop" : 1738113353299,
          "duration" : 20159
        }
      }, {
        "uid" : "d355f3cbe6d6c3ef",
        "reportUrl" : "https://Brain-up.github.io/auto-tests-python/462//#testresult/d355f3cbe6d6c3ef",
        "status" : "skipped",
        "statusDetails" : "XFAIL\n\nselenium.common.exceptions.TimeoutException: Message: Can't find element by locator ('xpath', '//button[@data-test-active-link=\"Similar phrases\"]')\nStacktrace:\n#0 0x5621f475bdca <unknown>\n#1 0x5621f42523f0 <unknown>\n#2 0x5621f42a210c <unknown>\n#3 0x5621f42a2331 <unknown>\n#4 0x5621f42e8154 <unknown>\n#5 0x5621f42c6abd <unknown>\n#6 0x5621f42e54b3 <unknown>\n#7 0x5621f42c6833 <unknown>\n#8 0x5621f42935a0 <unknown>\n#9 0x5621f4294ece <unknown>\n#10 0x5621f4725bdb <unknown>\n#11 0x5621f4729b67 <unknown>\n#12 0x5621f47113bc <unknown>\n#13 0x5621f472a727 <unknown>\n#14 0x5621f46f574f <unknown>\n#15 0x5621f474a938 <unknown>\n#16 0x5621f474ab00 <unknown>\n#17 0x5621f475ac46 <unknown>\n#18 0x7fa79b49ca94 <unknown>\n#19 0x7fa79b529c3c <unknown>",
        "time" : {
          "start" : 1738096963068,
          "stop" : 1738096983239,
          "duration" : 20171
        }
      }, {
        "uid" : "74bd4557996fb15e",
        "reportUrl" : "https://Brain-up.github.io/auto-tests-python/258//#testresult/74bd4557996fb15e",
        "status" : "skipped",
        "statusDetails" : "XFAIL\n\nselenium.common.exceptions.TimeoutException: Message: Can't find element by locator ('xpath', '//button[@data-test-active-link=\"Similar phrases\"]')\nStacktrace:\n#0 0x558e373247ca <unknown>\n#1 0x558e36e1c2f0 <unknown>\n#2 0x558e36e6c035 <unknown>\n#3 0x558e36e6c251 <unknown>\n#4 0x558e36eb2054 <unknown>\n#5 0x558e36e909dd <unknown>\n#6 0x558e36eaf3b3 <unknown>\n#7 0x558e36e90753 <unknown>\n#8 0x558e36e5dbaa <unknown>\n#9 0x558e36e5edfe <unknown>\n#10 0x558e372ef38b <unknown>\n#11 0x558e372f3307 <unknown>\n#12 0x558e372dbe7c <unknown>\n#13 0x558e372f3ec7 <unknown>\n#14 0x558e372c024f <unknown>\n#15 0x558e373132f8 <unknown>\n#16 0x558e373134c0 <unknown>\n#17 0x558e37323646 <unknown>\n#18 0x7f9d7269ca94 <unknown>\n#19 0x7f9d72729c3c <unknown>",
        "time" : {
          "start" : 1738027008915,
          "stop" : 1738027029552,
          "duration" : 20637
        }
      }, {
        "uid" : "d0ecbf3feba1a968",
        "reportUrl" : "https://Brain-up.github.io/auto-tests-python/461//#testresult/d0ecbf3feba1a968",
        "status" : "skipped",
        "statusDetails" : "XFAIL\n\nselenium.common.exceptions.TimeoutException: Message: Can't find element by locator ('xpath', '//button[@data-test-active-link=\"Similar phrases\"]')\nStacktrace:\n#0 0x555d793ef7ca <unknown>\n#1 0x555d78ee72f0 <unknown>\n#2 0x555d78f37035 <unknown>\n#3 0x555d78f37251 <unknown>\n#4 0x555d78f7d054 <unknown>\n#5 0x555d78f5b9dd <unknown>\n#6 0x555d78f7a3b3 <unknown>\n#7 0x555d78f5b753 <unknown>\n#8 0x555d78f28baa <unknown>\n#9 0x555d78f29dfe <unknown>\n#10 0x555d793ba38b <unknown>\n#11 0x555d793be307 <unknown>\n#12 0x555d793a6e7c <unknown>\n#13 0x555d793beec7 <unknown>\n#14 0x555d7938b24f <unknown>\n#15 0x555d793de2f8 <unknown>\n#16 0x555d793de4c0 <unknown>\n#17 0x555d793ee646 <unknown>\n#18 0x7f753229ca94 <unknown>\n#19 0x7f7532329c3c <unknown>",
        "time" : {
          "start" : 1737968605420,
          "stop" : 1737968625678,
          "duration" : 20258
        }
      }, {
        "uid" : "eddbd2f0340bf513",
        "reportUrl" : "https://Brain-up.github.io/auto-tests-python/257//#testresult/eddbd2f0340bf513",
        "status" : "skipped",
        "statusDetails" : "XFAIL\n\nselenium.common.exceptions.TimeoutException: Message: Can't find element by locator ('xpath', '//button[@data-test-active-link=\"Similar phrases\"]')\nStacktrace:\n#0 0x564ee9bdc7ca <unknown>\n#1 0x564ee96d42f0 <unknown>\n#2 0x564ee9724035 <unknown>\n#3 0x564ee9724251 <unknown>\n#4 0x564ee976a054 <unknown>\n#5 0x564ee97489dd <unknown>\n#6 0x564ee97673b3 <unknown>\n#7 0x564ee9748753 <unknown>\n#8 0x564ee9715baa <unknown>\n#9 0x564ee9716dfe <unknown>\n#10 0x564ee9ba738b <unknown>\n#11 0x564ee9bab307 <unknown>\n#12 0x564ee9b93e7c <unknown>\n#13 0x564ee9babec7 <unknown>\n#14 0x564ee9b7824f <unknown>\n#15 0x564ee9bcb2f8 <unknown>\n#16 0x564ee9bcb4c0 <unknown>\n#17 0x564ee9bdb646 <unknown>\n#18 0x7f9854e9ca94 <unknown>\n#19 0x7f9854f29c3c <unknown>",
        "time" : {
          "start" : 1737940529096,
          "stop" : 1737940549289,
          "duration" : 20193
        }
      } ]
    },
    "tags" : [ "@pytest.mark.xfail" ]
  },
  "source" : "935d4745b861df1.json",
  "parameterValues" : [ ]
}