{
  "uid" : "6cf56eadafb0d00d",
  "name" : "Solutions to a random task in the \"Слова\" group and comparison of statics.",
  "fullName" : "tests.test_speech_exercises_ru.TestCardsRU#test_solve_word_cards_with_statistic_ru",
  "historyId" : "0fb6881b2015244903bd7785af7503a6",
  "time" : {
    "start" : 1748223220596,
    "stop" : 1748223241239,
    "duration" : 20643
  },
  "status" : "skipped",
  "statusMessage" : "XFAIL\n\nselenium.common.exceptions.TimeoutException: Message: Can't find element by locator ('xpath', '//div[@class=\"__51e19\"]')\nStacktrace:\n#0 0x561392f9478a <unknown>\n#1 0x561392a370a0 <unknown>\n#2 0x561392a889b0 <unknown>\n#3 0x561392a88ba1 <unknown>\n#4 0x561392ad6ea4 <unknown>\n#5 0x561392aae3cd <unknown>\n#6 0x561392ad42a0 <unknown>\n#7 0x561392aae173 <unknown>\n#8 0x561392a7ad4b <unknown>\n#9 0x561392a7b9b1 <unknown>\n#10 0x561392f5993b <unknown>\n#11 0x561392f5d83a <unknown>\n#12 0x561392f41692 <unknown>\n#13 0x561392f5e3c4 <unknown>\n#14 0x561392f264cf <unknown>\n#15 0x561392f82568 <unknown>\n#16 0x561392f82746 <unknown>\n#17 0x561392f935f6 <unknown>\n#18 0x7f39f1e9caa4 <unknown>\n#19 0x7f39f1f29c3c <unknown>",
  "statusTrace" : "self = <tests.test_speech_exercises_ru.TestCardsRU object at 0x7fb03759f9b0>\ndriver = <selenium.webdriver.chrome.webdriver.WebDriver (session=\"0696754cb2093fa6f7ddd94768e1fe78\")>\ndefault_user_authorized = None\n\n    @pytest.mark.xfail\n    @allure.suite(\"Речевые упражнения.\")\n    @allure.title('Solutions to a random task in the \"Слова\" group and comparison of statics.')\n    def test_solve_word_cards_with_statistic_ru(self, driver, default_user_authorized):\n        page = SpeechExercisesPageRU(driver)\n        page.click_button_ru()\n>       table = page.get_statistic_data()\n\ntests/test_speech_exercises_ru.py:165: \n_ _ _ _ _ _ _ _ _ _ _ _ _ _ _ _ _ _ _ _ _ _ _ _ _ _ _ _ _ _ _ _ _ _ _ _ _ _ _ _ \npages/speech_exercises_page_ru.py:174: in get_statistic_data\n    table = self.element_is_present(self.locators.AuthorizedUserHomePageLocators.STATISTIC_TABLE)\npages/base_page.py:32: in element_is_present\n    return Wait(self.driver, self.timeout).until(\n_ _ _ _ _ _ _ _ _ _ _ _ _ _ _ _ _ _ _ _ _ _ _ _ _ _ _ _ _ _ _ _ _ _ _ _ _ _ _ _ \n\nself = <selenium.webdriver.support.wait.WebDriverWait (session=\"0696754cb2093fa6f7ddd94768e1fe78\")>\nmethod = <function presence_of_element_located.<locals>._predicate at 0x7fb037379a80>\nmessage = 'Can\\'t find element by locator (\\'xpath\\', \\'//div[@class=\"__51e19\"]\\')'\n\n    def until(self, method, message: str = \"\"):\n        \"\"\"Calls the method provided with the driver as an argument until the \\\n        return value does not evaluate to ``False``.\n    \n        :param method: callable(WebDriver)\n        :param message: optional message for :exc:`TimeoutException`\n        :returns: the result of the last call to `method`\n        :raises: :exc:`selenium.common.exceptions.TimeoutException` if timeout occurs\n        \"\"\"\n        screen = None\n        stacktrace = None\n    \n        end_time = time.monotonic() + self._timeout\n        while True:\n            try:\n                value = method(self._driver)\n                if value:\n                    return value\n            except self._ignored_exceptions as exc:\n                screen = getattr(exc, \"screen\", None)\n                stacktrace = getattr(exc, \"stacktrace\", None)\n            time.sleep(self._poll)\n            if time.monotonic() > end_time:\n                break\n>       raise TimeoutException(message, screen, stacktrace)\nE       selenium.common.exceptions.TimeoutException: Message: Can't find element by locator ('xpath', '//div[@class=\"__51e19\"]')\nE       Stacktrace:\nE       #0 0x561392f9478a <unknown>\nE       #1 0x561392a370a0 <unknown>\nE       #2 0x561392a889b0 <unknown>\nE       #3 0x561392a88ba1 <unknown>\nE       #4 0x561392ad6ea4 <unknown>\nE       #5 0x561392aae3cd <unknown>\nE       #6 0x561392ad42a0 <unknown>\nE       #7 0x561392aae173 <unknown>\nE       #8 0x561392a7ad4b <unknown>\nE       #9 0x561392a7b9b1 <unknown>\nE       #10 0x561392f5993b <unknown>\nE       #11 0x561392f5d83a <unknown>\nE       #12 0x561392f41692 <unknown>\nE       #13 0x561392f5e3c4 <unknown>\nE       #14 0x561392f264cf <unknown>\nE       #15 0x561392f82568 <unknown>\nE       #16 0x561392f82746 <unknown>\nE       #17 0x561392f935f6 <unknown>\nE       #18 0x7f39f1e9caa4 <unknown>\nE       #19 0x7f39f1f29c3c <unknown>\n\n/opt/hostedtoolcache/Python/3.12.10/x64/lib/python3.12/site-packages/selenium/webdriver/support/wait.py:95: TimeoutException",
  "flaky" : false,
  "newFailed" : false,
  "beforeStages" : [ {
    "name" : "clear_allure_results_folder",
    "time" : {
      "start" : 1748221626723,
      "stop" : 1748221626723,
      "duration" : 0
    },
    "status" : "passed",
    "steps" : [ ],
    "attachments" : [ ],
    "parameters" : [ ],
    "stepsCount" : 0,
    "attachmentsCount" : 0,
    "shouldDisplayMessage" : false,
    "hasContent" : false
  }, {
    "name" : "main_page_open",
    "time" : {
      "start" : 1748223214539,
      "stop" : 1748223218140,
      "duration" : 3601
    },
    "status" : "passed",
    "steps" : [ {
      "name" : "Open page: https://www.brainup.site/",
      "time" : {
        "start" : 1748223214540,
        "stop" : 1748223218140,
        "duration" : 3600
      },
      "status" : "passed",
      "steps" : [ ],
      "attachments" : [ ],
      "parameters" : [ {
        "name" : "driver",
        "value" : "<selenium.webdriver.chrome.webdriver.WebDriver (session=\"0696754cb2093fa6f7ddd94768e1fe78\")>"
      } ],
      "stepsCount" : 0,
      "attachmentsCount" : 0,
      "shouldDisplayMessage" : false,
      "hasContent" : true
    } ],
    "attachments" : [ ],
    "parameters" : [ ],
    "stepsCount" : 1,
    "attachmentsCount" : 0,
    "shouldDisplayMessage" : false,
    "hasContent" : true
  }, {
    "name" : "default_user_authorized",
    "time" : {
      "start" : 1748223218140,
      "stop" : 1748223220595,
      "duration" : 2455
    },
    "status" : "passed",
    "steps" : [ {
      "name" : "DEFAULT user authorized",
      "time" : {
        "start" : 1748223218140,
        "stop" : 1748223220595,
        "duration" : 2455
      },
      "status" : "passed",
      "steps" : [ {
        "name" : "Check url is present: https://www.brainup.site/groups",
        "time" : {
          "start" : 1748223218541,
          "stop" : 1748223220573,
          "duration" : 2032
        },
        "status" : "passed",
        "steps" : [ ],
        "attachments" : [ ],
        "parameters" : [ ],
        "stepsCount" : 0,
        "attachmentsCount" : 0,
        "shouldDisplayMessage" : false,
        "hasContent" : false
      }, {
        "name" : "Loader checking",
        "time" : {
          "start" : 1748223220573,
          "stop" : 1748223220595,
          "duration" : 22
        },
        "status" : "passed",
        "steps" : [ ],
        "attachments" : [ ],
        "parameters" : [ ],
        "stepsCount" : 0,
        "attachmentsCount" : 0,
        "shouldDisplayMessage" : false,
        "hasContent" : false
      } ],
      "attachments" : [ ],
      "parameters" : [ {
        "name" : "driver",
        "value" : "<selenium.webdriver.chrome.webdriver.WebDriver (session=\"0696754cb2093fa6f7ddd94768e1fe78\")>"
      }, {
        "name" : "main_page_open",
        "value" : "None"
      } ],
      "stepsCount" : 2,
      "attachmentsCount" : 0,
      "shouldDisplayMessage" : false,
      "hasContent" : true
    } ],
    "attachments" : [ ],
    "parameters" : [ ],
    "stepsCount" : 3,
    "attachmentsCount" : 0,
    "shouldDisplayMessage" : false,
    "hasContent" : true
  }, {
    "name" : "driver",
    "time" : {
      "start" : 1748223213710,
      "stop" : 1748223214539,
      "duration" : 829
    },
    "status" : "passed",
    "steps" : [ ],
    "attachments" : [ ],
    "parameters" : [ ],
    "stepsCount" : 0,
    "attachmentsCount" : 0,
    "shouldDisplayMessage" : false,
    "hasContent" : false
  } ],
  "testStage" : {
    "status" : "skipped",
    "statusMessage" : "XFAIL\n\nselenium.common.exceptions.TimeoutException: Message: Can't find element by locator ('xpath', '//div[@class=\"__51e19\"]')\nStacktrace:\n#0 0x561392f9478a <unknown>\n#1 0x561392a370a0 <unknown>\n#2 0x561392a889b0 <unknown>\n#3 0x561392a88ba1 <unknown>\n#4 0x561392ad6ea4 <unknown>\n#5 0x561392aae3cd <unknown>\n#6 0x561392ad42a0 <unknown>\n#7 0x561392aae173 <unknown>\n#8 0x561392a7ad4b <unknown>\n#9 0x561392a7b9b1 <unknown>\n#10 0x561392f5993b <unknown>\n#11 0x561392f5d83a <unknown>\n#12 0x561392f41692 <unknown>\n#13 0x561392f5e3c4 <unknown>\n#14 0x561392f264cf <unknown>\n#15 0x561392f82568 <unknown>\n#16 0x561392f82746 <unknown>\n#17 0x561392f935f6 <unknown>\n#18 0x7f39f1e9caa4 <unknown>\n#19 0x7f39f1f29c3c <unknown>",
    "statusTrace" : "self = <tests.test_speech_exercises_ru.TestCardsRU object at 0x7fb03759f9b0>\ndriver = <selenium.webdriver.chrome.webdriver.WebDriver (session=\"0696754cb2093fa6f7ddd94768e1fe78\")>\ndefault_user_authorized = None\n\n    @pytest.mark.xfail\n    @allure.suite(\"Речевые упражнения.\")\n    @allure.title('Solutions to a random task in the \"Слова\" group and comparison of statics.')\n    def test_solve_word_cards_with_statistic_ru(self, driver, default_user_authorized):\n        page = SpeechExercisesPageRU(driver)\n        page.click_button_ru()\n>       table = page.get_statistic_data()\n\ntests/test_speech_exercises_ru.py:165: \n_ _ _ _ _ _ _ _ _ _ _ _ _ _ _ _ _ _ _ _ _ _ _ _ _ _ _ _ _ _ _ _ _ _ _ _ _ _ _ _ \npages/speech_exercises_page_ru.py:174: in get_statistic_data\n    table = self.element_is_present(self.locators.AuthorizedUserHomePageLocators.STATISTIC_TABLE)\npages/base_page.py:32: in element_is_present\n    return Wait(self.driver, self.timeout).until(\n_ _ _ _ _ _ _ _ _ _ _ _ _ _ _ _ _ _ _ _ _ _ _ _ _ _ _ _ _ _ _ _ _ _ _ _ _ _ _ _ \n\nself = <selenium.webdriver.support.wait.WebDriverWait (session=\"0696754cb2093fa6f7ddd94768e1fe78\")>\nmethod = <function presence_of_element_located.<locals>._predicate at 0x7fb037379a80>\nmessage = 'Can\\'t find element by locator (\\'xpath\\', \\'//div[@class=\"__51e19\"]\\')'\n\n    def until(self, method, message: str = \"\"):\n        \"\"\"Calls the method provided with the driver as an argument until the \\\n        return value does not evaluate to ``False``.\n    \n        :param method: callable(WebDriver)\n        :param message: optional message for :exc:`TimeoutException`\n        :returns: the result of the last call to `method`\n        :raises: :exc:`selenium.common.exceptions.TimeoutException` if timeout occurs\n        \"\"\"\n        screen = None\n        stacktrace = None\n    \n        end_time = time.monotonic() + self._timeout\n        while True:\n            try:\n                value = method(self._driver)\n                if value:\n                    return value\n            except self._ignored_exceptions as exc:\n                screen = getattr(exc, \"screen\", None)\n                stacktrace = getattr(exc, \"stacktrace\", None)\n            time.sleep(self._poll)\n            if time.monotonic() > end_time:\n                break\n>       raise TimeoutException(message, screen, stacktrace)\nE       selenium.common.exceptions.TimeoutException: Message: Can't find element by locator ('xpath', '//div[@class=\"__51e19\"]')\nE       Stacktrace:\nE       #0 0x561392f9478a <unknown>\nE       #1 0x561392a370a0 <unknown>\nE       #2 0x561392a889b0 <unknown>\nE       #3 0x561392a88ba1 <unknown>\nE       #4 0x561392ad6ea4 <unknown>\nE       #5 0x561392aae3cd <unknown>\nE       #6 0x561392ad42a0 <unknown>\nE       #7 0x561392aae173 <unknown>\nE       #8 0x561392a7ad4b <unknown>\nE       #9 0x561392a7b9b1 <unknown>\nE       #10 0x561392f5993b <unknown>\nE       #11 0x561392f5d83a <unknown>\nE       #12 0x561392f41692 <unknown>\nE       #13 0x561392f5e3c4 <unknown>\nE       #14 0x561392f264cf <unknown>\nE       #15 0x561392f82568 <unknown>\nE       #16 0x561392f82746 <unknown>\nE       #17 0x561392f935f6 <unknown>\nE       #18 0x7f39f1e9caa4 <unknown>\nE       #19 0x7f39f1f29c3c <unknown>\n\n/opt/hostedtoolcache/Python/3.12.10/x64/lib/python3.12/site-packages/selenium/webdriver/support/wait.py:95: TimeoutException",
    "steps" : [ {
      "name" : "click_button RU",
      "time" : {
        "start" : 1748223220596,
        "stop" : 1748223220662,
        "duration" : 66
      },
      "status" : "passed",
      "steps" : [ {
        "name" : "Click button \"RU\".",
        "time" : {
          "start" : 1748223220596,
          "stop" : 1748223220662,
          "duration" : 66
        },
        "status" : "passed",
        "steps" : [ ],
        "attachments" : [ ],
        "parameters" : [ ],
        "stepsCount" : 0,
        "attachmentsCount" : 0,
        "shouldDisplayMessage" : false,
        "hasContent" : false
      } ],
      "attachments" : [ ],
      "parameters" : [ ],
      "stepsCount" : 1,
      "attachmentsCount" : 0,
      "shouldDisplayMessage" : false,
      "hasContent" : true
    }, {
      "name" : "get_statistic_data",
      "time" : {
        "start" : 1748223220662,
        "stop" : 1748223241238,
        "duration" : 20576
      },
      "status" : "broken",
      "statusMessage" : "selenium.common.exceptions.TimeoutException: Message: Can't find element by locator ('xpath', '//div[@class=\"__51e19\"]')\nStacktrace:\n#0 0x561392f9478a <unknown>\n#1 0x561392a370a0 <unknown>\n#2 0x561392a889b0 <unknown>\n#3 0x561392a88ba1 <unknown>\n#4 0x561392ad6ea4 <unknown>\n#5 0x561392aae3cd <unknown>\n#6 0x561392ad42a0 <unknown>\n#7 0x561392aae173 <unknown>\n#8 0x561392a7ad4b <unknown>\n#9 0x561392a7b9b1 <unknown>\n#10 0x561392f5993b <unknown>\n#11 0x561392f5d83a <unknown>\n#12 0x561392f41692 <unknown>\n#13 0x561392f5e3c4 <unknown>\n#14 0x561392f264cf <unknown>\n#15 0x561392f82568 <unknown>\n#16 0x561392f82746 <unknown>\n#17 0x561392f935f6 <unknown>\n#18 0x7f39f1e9caa4 <unknown>\n#19 0x7f39f1f29c3c <unknown>\n\n",
      "statusTrace" : "  File \"/opt/hostedtoolcache/Python/3.12.10/x64/lib/python3.12/site-packages/allure_commons/_allure.py\", line 192, in impl\n    return func(*a, **kw)\n           ^^^^^^^^^^^^^^\n  File \"/home/runner/work/auto-tests-python/auto-tests-python/pages/speech_exercises_page_ru.py\", line 174, in get_statistic_data\n    table = self.element_is_present(self.locators.AuthorizedUserHomePageLocators.STATISTIC_TABLE)\n            ^^^^^^^^^^^^^^^^^^^^^^^^^^^^^^^^^^^^^^^^^^^^^^^^^^^^^^^^^^^^^^^^^^^^^^^^^^^^^^^^^^^^^\n  File \"/home/runner/work/auto-tests-python/auto-tests-python/pages/base_page.py\", line 32, in element_is_present\n    return Wait(self.driver, self.timeout).until(\n           ^^^^^^^^^^^^^^^^^^^^^^^^^^^^^^^^^^^^^^\n  File \"/opt/hostedtoolcache/Python/3.12.10/x64/lib/python3.12/site-packages/selenium/webdriver/support/wait.py\", line 95, in until\n    raise TimeoutException(message, screen, stacktrace)\n",
      "steps" : [ {
        "name" : "Click button \"Статистика\"\".",
        "time" : {
          "start" : 1748223220662,
          "stop" : 1748223220736,
          "duration" : 74
        },
        "status" : "passed",
        "steps" : [ ],
        "attachments" : [ ],
        "parameters" : [ ],
        "stepsCount" : 0,
        "attachmentsCount" : 0,
        "shouldDisplayMessage" : false,
        "hasContent" : false
      }, {
        "name" : "Check statistic table is present and scroll to table",
        "time" : {
          "start" : 1748223220736,
          "stop" : 1748223241238,
          "duration" : 20502
        },
        "status" : "broken",
        "statusMessage" : "selenium.common.exceptions.TimeoutException: Message: Can't find element by locator ('xpath', '//div[@class=\"__51e19\"]')\nStacktrace:\n#0 0x561392f9478a <unknown>\n#1 0x561392a370a0 <unknown>\n#2 0x561392a889b0 <unknown>\n#3 0x561392a88ba1 <unknown>\n#4 0x561392ad6ea4 <unknown>\n#5 0x561392aae3cd <unknown>\n#6 0x561392ad42a0 <unknown>\n#7 0x561392aae173 <unknown>\n#8 0x561392a7ad4b <unknown>\n#9 0x561392a7b9b1 <unknown>\n#10 0x561392f5993b <unknown>\n#11 0x561392f5d83a <unknown>\n#12 0x561392f41692 <unknown>\n#13 0x561392f5e3c4 <unknown>\n#14 0x561392f264cf <unknown>\n#15 0x561392f82568 <unknown>\n#16 0x561392f82746 <unknown>\n#17 0x561392f935f6 <unknown>\n#18 0x7f39f1e9caa4 <unknown>\n#19 0x7f39f1f29c3c <unknown>\n\n",
        "statusTrace" : "  File \"/home/runner/work/auto-tests-python/auto-tests-python/pages/speech_exercises_page_ru.py\", line 174, in get_statistic_data\n    table = self.element_is_present(self.locators.AuthorizedUserHomePageLocators.STATISTIC_TABLE)\n            ^^^^^^^^^^^^^^^^^^^^^^^^^^^^^^^^^^^^^^^^^^^^^^^^^^^^^^^^^^^^^^^^^^^^^^^^^^^^^^^^^^^^^\n  File \"/home/runner/work/auto-tests-python/auto-tests-python/pages/base_page.py\", line 32, in element_is_present\n    return Wait(self.driver, self.timeout).until(\n           ^^^^^^^^^^^^^^^^^^^^^^^^^^^^^^^^^^^^^^\n  File \"/opt/hostedtoolcache/Python/3.12.10/x64/lib/python3.12/site-packages/selenium/webdriver/support/wait.py\", line 95, in until\n    raise TimeoutException(message, screen, stacktrace)\n",
        "steps" : [ ],
        "attachments" : [ ],
        "parameters" : [ ],
        "stepsCount" : 0,
        "attachmentsCount" : 0,
        "shouldDisplayMessage" : true,
        "hasContent" : true
      } ],
      "attachments" : [ ],
      "parameters" : [ ],
      "stepsCount" : 2,
      "attachmentsCount" : 0,
      "shouldDisplayMessage" : false,
      "hasContent" : true
    } ],
    "attachments" : [ ],
    "parameters" : [ ],
    "stepsCount" : 5,
    "attachmentsCount" : 0,
    "shouldDisplayMessage" : true,
    "hasContent" : true
  },
  "afterStages" : [ {
    "name" : "driver::0",
    "time" : {
      "start" : 1748223241254,
      "stop" : 1748223241319,
      "duration" : 65
    },
    "status" : "passed",
    "steps" : [ ],
    "attachments" : [ ],
    "parameters" : [ ],
    "stepsCount" : 0,
    "attachmentsCount" : 0,
    "shouldDisplayMessage" : false,
    "hasContent" : false
  } ],
  "labels" : [ {
    "name" : "suite",
    "value" : "Речевые упражнения."
  }, {
    "name" : "epic",
    "value" : "Speech exercises."
  }, {
    "name" : "tag",
    "value" : "@pytest.mark.xfail"
  }, {
    "name" : "parentSuite",
    "value" : "tests"
  }, {
    "name" : "subSuite",
    "value" : "TestCardsRU"
  }, {
    "name" : "host",
    "value" : "pkrvmf6wy0o8zjz"
  }, {
    "name" : "thread",
    "value" : "2548-MainThread"
  }, {
    "name" : "framework",
    "value" : "pytest"
  }, {
    "name" : "language",
    "value" : "cpython3"
  }, {
    "name" : "package",
    "value" : "tests.test_speech_exercises_ru"
  }, {
    "name" : "resultFormat",
    "value" : "allure2"
  } ],
  "parameters" : [ ],
  "links" : [ ],
  "hidden" : false,
  "retry" : false,
  "extra" : {
    "severity" : "normal",
    "retries" : [ ],
    "categories" : [ ],
    "history" : {
      "statistic" : {
        "failed" : 0,
        "broken" : 0,
        "skipped" : 176,
        "passed" : 0,
        "unknown" : 0,
        "total" : 176
      },
      "items" : [ {
        "uid" : "f9a3f7f8537ea3de",
        "reportUrl" : "https://Brain-up.github.io/auto-tests-python/580//#testresult/f9a3f7f8537ea3de",
        "status" : "skipped",
        "statusDetails" : "XFAIL\n\nselenium.common.exceptions.TimeoutException: Message: Can't find element by locator ('xpath', '//div[@class=\"__51e19\"]')\nStacktrace:\n#0 0x55bf1fc0778a <unknown>\n#1 0x55bf1f6aa0a0 <unknown>\n#2 0x55bf1f6fb9b0 <unknown>\n#3 0x55bf1f6fbba1 <unknown>\n#4 0x55bf1f749ea4 <unknown>\n#5 0x55bf1f7213cd <unknown>\n#6 0x55bf1f7472a0 <unknown>\n#7 0x55bf1f721173 <unknown>\n#8 0x55bf1f6edd4b <unknown>\n#9 0x55bf1f6ee9b1 <unknown>\n#10 0x55bf1fbcc93b <unknown>\n#11 0x55bf1fbd083a <unknown>\n#12 0x55bf1fbb4692 <unknown>\n#13 0x55bf1fbd13c4 <unknown>\n#14 0x55bf1fb994cf <unknown>\n#15 0x55bf1fbf5568 <unknown>\n#16 0x55bf1fbf5746 <unknown>\n#17 0x55bf1fc065f6 <unknown>\n#18 0x7fa97fc9caa4 <unknown>\n#19 0x7fa97fd29c3c <unknown>",
        "time" : {
          "start" : 1748161230415,
          "stop" : 1748161250630,
          "duration" : 20215
        }
      }, {
        "uid" : "caf31344ec9c5e88",
        "reportUrl" : "https://Brain-up.github.io/auto-tests-python/375//#testresult/caf31344ec9c5e88",
        "status" : "skipped",
        "statusDetails" : "XFAIL\n\nselenium.common.exceptions.TimeoutException: Message: Can't find element by locator ('xpath', '//div[@class=\"__51e19\"]')\nStacktrace:\n#0 0x55960cdd978a <unknown>\n#1 0x55960c87c0a0 <unknown>\n#2 0x55960c8cd9b0 <unknown>\n#3 0x55960c8cdba1 <unknown>\n#4 0x55960c91bea4 <unknown>\n#5 0x55960c8f33cd <unknown>\n#6 0x55960c9192a0 <unknown>\n#7 0x55960c8f3173 <unknown>\n#8 0x55960c8bfd4b <unknown>\n#9 0x55960c8c09b1 <unknown>\n#10 0x55960cd9e93b <unknown>\n#11 0x55960cda283a <unknown>\n#12 0x55960cd86692 <unknown>\n#13 0x55960cda33c4 <unknown>\n#14 0x55960cd6b4cf <unknown>\n#15 0x55960cdc7568 <unknown>\n#16 0x55960cdc7746 <unknown>\n#17 0x55960cdd85f6 <unknown>\n#18 0x7f4dab09caa4 <unknown>\n#19 0x7f4dab129c3c <unknown>",
        "time" : {
          "start" : 1748136869863,
          "stop" : 1748136890524,
          "duration" : 20661
        }
      }, {
        "uid" : "75c2d9e6208f269b",
        "reportUrl" : "https://Brain-up.github.io/auto-tests-python/579//#testresult/75c2d9e6208f269b",
        "status" : "skipped",
        "statusDetails" : "XFAIL\n\nselenium.common.exceptions.TimeoutException: Message: Can't find element by locator ('xpath', '//div[@class=\"__51e19\"]')\nStacktrace:\n#0 0x55c26e2b978a <unknown>\n#1 0x55c26dd5c0a0 <unknown>\n#2 0x55c26ddad9b0 <unknown>\n#3 0x55c26ddadba1 <unknown>\n#4 0x55c26ddfbea4 <unknown>\n#5 0x55c26ddd33cd <unknown>\n#6 0x55c26ddf92a0 <unknown>\n#7 0x55c26ddd3173 <unknown>\n#8 0x55c26dd9fd4b <unknown>\n#9 0x55c26dda09b1 <unknown>\n#10 0x55c26e27e93b <unknown>\n#11 0x55c26e28283a <unknown>\n#12 0x55c26e266692 <unknown>\n#13 0x55c26e2833c4 <unknown>\n#14 0x55c26e24b4cf <unknown>\n#15 0x55c26e2a7568 <unknown>\n#16 0x55c26e2a7746 <unknown>\n#17 0x55c26e2b85f6 <unknown>\n#18 0x7fbc3c29caa4 <unknown>\n#19 0x7fbc3c329c3c <unknown>",
        "time" : {
          "start" : 1748108572937,
          "stop" : 1748108593555,
          "duration" : 20618
        }
      }, {
        "uid" : "80cfcd1c6b34a21e",
        "reportUrl" : "https://Brain-up.github.io/auto-tests-python/374//#testresult/80cfcd1c6b34a21e",
        "status" : "skipped",
        "statusDetails" : "XFAIL\n\nselenium.common.exceptions.TimeoutException: Message: Can't find element by locator ('xpath', '//div[@class=\"__51e19\"]')\nStacktrace:\n#0 0x563ae96e078a <unknown>\n#1 0x563ae91830a0 <unknown>\n#2 0x563ae91d49b0 <unknown>\n#3 0x563ae91d4ba1 <unknown>\n#4 0x563ae9222ea4 <unknown>\n#5 0x563ae91fa3cd <unknown>\n#6 0x563ae92202a0 <unknown>\n#7 0x563ae91fa173 <unknown>\n#8 0x563ae91c6d4b <unknown>\n#9 0x563ae91c79b1 <unknown>\n#10 0x563ae96a593b <unknown>\n#11 0x563ae96a983a <unknown>\n#12 0x563ae968d692 <unknown>\n#13 0x563ae96aa3c4 <unknown>\n#14 0x563ae96724cf <unknown>\n#15 0x563ae96ce568 <unknown>\n#16 0x563ae96ce746 <unknown>\n#17 0x563ae96df5f6 <unknown>\n#18 0x7f7aa7e9caa4 <unknown>\n#19 0x7f7aa7f29c3c <unknown>",
        "time" : {
          "start" : 1748049933683,
          "stop" : 1748049953889,
          "duration" : 20206
        }
      }, {
        "uid" : "30219caec57961d5",
        "reportUrl" : "https://Brain-up.github.io/auto-tests-python/578//#testresult/30219caec57961d5",
        "status" : "skipped",
        "statusDetails" : "XFAIL\n\nselenium.common.exceptions.TimeoutException: Message: Can't find element by locator ('xpath', '//div[@class=\"__51e19\"]')\nStacktrace:\n#0 0x5566fd09f78a <unknown>\n#1 0x5566fcb420a0 <unknown>\n#2 0x5566fcb939b0 <unknown>\n#3 0x5566fcb93ba1 <unknown>\n#4 0x5566fcbe1ea4 <unknown>\n#5 0x5566fcbb93cd <unknown>\n#6 0x5566fcbdf2a0 <unknown>\n#7 0x5566fcbb9173 <unknown>\n#8 0x5566fcb85d4b <unknown>\n#9 0x5566fcb869b1 <unknown>\n#10 0x5566fd06493b <unknown>\n#11 0x5566fd06883a <unknown>\n#12 0x5566fd04c692 <unknown>\n#13 0x5566fd0693c4 <unknown>\n#14 0x5566fd0314cf <unknown>\n#15 0x5566fd08d568 <unknown>\n#16 0x5566fd08d746 <unknown>\n#17 0x5566fd09e5f6 <unknown>\n#18 0x7fb04fc9caa4 <unknown>\n#19 0x7fb04fd29c3c <unknown>",
        "time" : {
          "start" : 1747990988805,
          "stop" : 1747991009441,
          "duration" : 20636
        }
      }, {
        "uid" : "9001740d6bb8fdae",
        "reportUrl" : "https://Brain-up.github.io/auto-tests-python/373//#testresult/9001740d6bb8fdae",
        "status" : "skipped",
        "statusDetails" : "XFAIL\n\nselenium.common.exceptions.TimeoutException: Message: Can't find element by locator ('xpath', '//div[@class=\"__51e19\"]')\nStacktrace:\n#0 0x55897e8d978a <unknown>\n#1 0x55897e37c0a0 <unknown>\n#2 0x55897e3cd9b0 <unknown>\n#3 0x55897e3cdba1 <unknown>\n#4 0x55897e41bea4 <unknown>\n#5 0x55897e3f33cd <unknown>\n#6 0x55897e4192a0 <unknown>\n#7 0x55897e3f3173 <unknown>\n#8 0x55897e3bfd4b <unknown>\n#9 0x55897e3c09b1 <unknown>\n#10 0x55897e89e93b <unknown>\n#11 0x55897e8a283a <unknown>\n#12 0x55897e886692 <unknown>\n#13 0x55897e8a33c4 <unknown>\n#14 0x55897e86b4cf <unknown>\n#15 0x55897e8c7568 <unknown>\n#16 0x55897e8c7746 <unknown>\n#17 0x55897e8d85f6 <unknown>\n#18 0x7f2e8a29caa4 <unknown>\n#19 0x7f2e8a329c3c <unknown>",
        "time" : {
          "start" : 1747963829966,
          "stop" : 1747963850599,
          "duration" : 20633
        }
      }, {
        "uid" : "e9a03f0562b7bcf4",
        "reportUrl" : "https://Brain-up.github.io/auto-tests-python/577//#testresult/e9a03f0562b7bcf4",
        "status" : "skipped",
        "statusDetails" : "XFAIL\n\nselenium.common.exceptions.TimeoutException: Message: Can't find element by locator ('xpath', '//div[@class=\"__51e19\"]')\nStacktrace:\n#0 0x55edea64978a <unknown>\n#1 0x55edea0ec0a0 <unknown>\n#2 0x55edea13d9b0 <unknown>\n#3 0x55edea13dba1 <unknown>\n#4 0x55edea18bea4 <unknown>\n#5 0x55edea1633cd <unknown>\n#6 0x55edea1892a0 <unknown>\n#7 0x55edea163173 <unknown>\n#8 0x55edea12fd4b <unknown>\n#9 0x55edea1309b1 <unknown>\n#10 0x55edea60e93b <unknown>\n#11 0x55edea61283a <unknown>\n#12 0x55edea5f6692 <unknown>\n#13 0x55edea6133c4 <unknown>\n#14 0x55edea5db4cf <unknown>\n#15 0x55edea637568 <unknown>\n#16 0x55edea637746 <unknown>\n#17 0x55edea6485f6 <unknown>\n#18 0x7f4707e9caa4 <unknown>\n#19 0x7f4707f29c3c <unknown>",
        "time" : {
          "start" : 1747944092057,
          "stop" : 1747944112231,
          "duration" : 20174
        }
      }, {
        "uid" : "aa89ca8398b89068",
        "reportUrl" : "https://Brain-up.github.io/auto-tests-python/372//#testresult/aa89ca8398b89068",
        "status" : "skipped",
        "statusDetails" : "XFAIL\n\nselenium.common.exceptions.TimeoutException: Message: Can't find element by locator ('xpath', '//div[@class=\"__51e19\"]')\nStacktrace:\n#0 0x55773fa3478a <unknown>\n#1 0x55773f4d70a0 <unknown>\n#2 0x55773f5289b0 <unknown>\n#3 0x55773f528ba1 <unknown>\n#4 0x55773f576ea4 <unknown>\n#5 0x55773f54e3cd <unknown>\n#6 0x55773f5742a0 <unknown>\n#7 0x55773f54e173 <unknown>\n#8 0x55773f51ad4b <unknown>\n#9 0x55773f51b9b1 <unknown>\n#10 0x55773f9f993b <unknown>\n#11 0x55773f9fd83a <unknown>\n#12 0x55773f9e1692 <unknown>\n#13 0x55773f9fe3c4 <unknown>\n#14 0x55773f9c64cf <unknown>\n#15 0x55773fa22568 <unknown>\n#16 0x55773fa22746 <unknown>\n#17 0x55773fa335f6 <unknown>\n#18 0x7fb7f009caa4 <unknown>\n#19 0x7fb7f0129c3c <unknown>",
        "time" : {
          "start" : 1747877445137,
          "stop" : 1747877465775,
          "duration" : 20638
        }
      }, {
        "uid" : "613e599bc07cb1ec",
        "reportUrl" : "https://Brain-up.github.io/auto-tests-python/576//#testresult/613e599bc07cb1ec",
        "status" : "skipped",
        "statusDetails" : "XFAIL\n\nselenium.common.exceptions.TimeoutException: Message: Can't find element by locator ('xpath', '//div[@class=\"__51e19\"]')\nStacktrace:\n#0 0x55605285878a <unknown>\n#1 0x5560522fb0a0 <unknown>\n#2 0x55605234c9b0 <unknown>\n#3 0x55605234cba1 <unknown>\n#4 0x55605239aea4 <unknown>\n#5 0x5560523723cd <unknown>\n#6 0x5560523982a0 <unknown>\n#7 0x556052372173 <unknown>\n#8 0x55605233ed4b <unknown>\n#9 0x55605233f9b1 <unknown>\n#10 0x55605281d93b <unknown>\n#11 0x55605282183a <unknown>\n#12 0x556052805692 <unknown>\n#13 0x5560528223c4 <unknown>\n#14 0x5560527ea4cf <unknown>\n#15 0x556052846568 <unknown>\n#16 0x556052846746 <unknown>\n#17 0x5560528575f6 <unknown>\n#18 0x7f2ddfc9caa4 <unknown>\n#19 0x7f2ddfd29c3c <unknown>",
        "time" : {
          "start" : 1747853139465,
          "stop" : 1747853159671,
          "duration" : 20206
        }
      }, {
        "uid" : "b57b3041eb8e250b",
        "reportUrl" : "https://Brain-up.github.io/auto-tests-python/371//#testresult/b57b3041eb8e250b",
        "status" : "skipped",
        "statusDetails" : "XFAIL\n\nselenium.common.exceptions.TimeoutException: Message: Can't find element by locator ('xpath', '//div[@class=\"__51e19\"]')\nStacktrace:\n#0 0x55e665d0e78a <unknown>\n#1 0x55e6657b10a0 <unknown>\n#2 0x55e6658029b0 <unknown>\n#3 0x55e665802ba1 <unknown>\n#4 0x55e665850ea4 <unknown>\n#5 0x55e6658283cd <unknown>\n#6 0x55e66584e2a0 <unknown>\n#7 0x55e665828173 <unknown>\n#8 0x55e6657f4d4b <unknown>\n#9 0x55e6657f59b1 <unknown>\n#10 0x55e665cd393b <unknown>\n#11 0x55e665cd783a <unknown>\n#12 0x55e665cbb692 <unknown>\n#13 0x55e665cd83c4 <unknown>\n#14 0x55e665ca04cf <unknown>\n#15 0x55e665cfc568 <unknown>\n#16 0x55e665cfc746 <unknown>\n#17 0x55e665d0d5f6 <unknown>\n#18 0x7f38f729caa4 <unknown>\n#19 0x7f38f7329c3c <unknown>",
        "time" : {
          "start" : 1747791209457,
          "stop" : 1747791230076,
          "duration" : 20619
        }
      }, {
        "uid" : "a7f55c23b202f640",
        "reportUrl" : "https://Brain-up.github.io/auto-tests-python/575//#testresult/a7f55c23b202f640",
        "status" : "skipped",
        "statusDetails" : "XFAIL\n\nselenium.common.exceptions.TimeoutException: Message: Can't find element by locator ('xpath', '//div[@class=\"__51e19\"]')\nStacktrace:\n#0 0x55f61824278a <unknown>\n#1 0x55f617ce50a0 <unknown>\n#2 0x55f617d369b0 <unknown>\n#3 0x55f617d36ba1 <unknown>\n#4 0x55f617d84ea4 <unknown>\n#5 0x55f617d5c3cd <unknown>\n#6 0x55f617d822a0 <unknown>\n#7 0x55f617d5c173 <unknown>\n#8 0x55f617d28d4b <unknown>\n#9 0x55f617d299b1 <unknown>\n#10 0x55f61820793b <unknown>\n#11 0x55f61820b83a <unknown>\n#12 0x55f6181ef692 <unknown>\n#13 0x55f61820c3c4 <unknown>\n#14 0x55f6181d44cf <unknown>\n#15 0x55f618230568 <unknown>\n#16 0x55f618230746 <unknown>\n#17 0x55f6182415f6 <unknown>\n#18 0x7f19c129caa4 <unknown>\n#19 0x7f19c1329c3c <unknown>",
        "time" : {
          "start" : 1747772344642,
          "stop" : 1747772365290,
          "duration" : 20648
        }
      }, {
        "uid" : "9a6cf2e78c5cc402",
        "reportUrl" : "https://Brain-up.github.io/auto-tests-python/370//#testresult/9a6cf2e78c5cc402",
        "status" : "skipped",
        "statusDetails" : "XFAIL\n\nselenium.common.exceptions.TimeoutException: Message: Can't find element by locator ('xpath', '//div[@class=\"__51e19\"]')\nStacktrace:\n#0 0x55866b86b78a <unknown>\n#1 0x55866b30e0a0 <unknown>\n#2 0x55866b35f9b0 <unknown>\n#3 0x55866b35fba1 <unknown>\n#4 0x55866b3adea4 <unknown>\n#5 0x55866b3853cd <unknown>\n#6 0x55866b3ab2a0 <unknown>\n#7 0x55866b385173 <unknown>\n#8 0x55866b351d4b <unknown>\n#9 0x55866b3529b1 <unknown>\n#10 0x55866b83093b <unknown>\n#11 0x55866b83483a <unknown>\n#12 0x55866b818692 <unknown>\n#13 0x55866b8353c4 <unknown>\n#14 0x55866b7fd4cf <unknown>\n#15 0x55866b859568 <unknown>\n#16 0x55866b859746 <unknown>\n#17 0x55866b86a5f6 <unknown>\n#18 0x7f2c6dc9caa4 <unknown>\n#19 0x7f2c6dd29c3c <unknown>",
        "time" : {
          "start" : 1747704604628,
          "stop" : 1747704625267,
          "duration" : 20639
        }
      }, {
        "uid" : "8ee5e380c0a6b791",
        "reportUrl" : "https://Brain-up.github.io/auto-tests-python/574//#testresult/8ee5e380c0a6b791",
        "status" : "skipped",
        "statusDetails" : "XFAIL\n\nselenium.common.exceptions.TimeoutException: Message: Can't find element by locator ('xpath', '//div[@class=\"__51e19\"]')\nStacktrace:\n#0 0x564789ec078a <unknown>\n#1 0x5647899630a0 <unknown>\n#2 0x5647899b49b0 <unknown>\n#3 0x5647899b4ba1 <unknown>\n#4 0x564789a02ea4 <unknown>\n#5 0x5647899da3cd <unknown>\n#6 0x564789a002a0 <unknown>\n#7 0x5647899da173 <unknown>\n#8 0x5647899a6d4b <unknown>\n#9 0x5647899a79b1 <unknown>\n#10 0x564789e8593b <unknown>\n#11 0x564789e8983a <unknown>\n#12 0x564789e6d692 <unknown>\n#13 0x564789e8a3c4 <unknown>\n#14 0x564789e524cf <unknown>\n#15 0x564789eae568 <unknown>\n#16 0x564789eae746 <unknown>\n#17 0x564789ebf5f6 <unknown>\n#18 0x7fa003e9caa4 <unknown>\n#19 0x7fa003f29c3c <unknown>",
        "time" : {
          "start" : 1747644300017,
          "stop" : 1747644320203,
          "duration" : 20186
        }
      }, {
        "uid" : "3148d132291203c",
        "reportUrl" : "https://Brain-up.github.io/auto-tests-python/369//#testresult/3148d132291203c",
        "status" : "skipped",
        "statusDetails" : "XFAIL\n\nselenium.common.exceptions.TimeoutException: Message: Can't find element by locator ('xpath', '//div[@class=\"__51e19\"]')\nStacktrace:\n#0 0x5622cea3378a <unknown>\n#1 0x5622ce4d60a0 <unknown>\n#2 0x5622ce5279b0 <unknown>\n#3 0x5622ce527ba1 <unknown>\n#4 0x5622ce575ea4 <unknown>\n#5 0x5622ce54d3cd <unknown>\n#6 0x5622ce5732a0 <unknown>\n#7 0x5622ce54d173 <unknown>\n#8 0x5622ce519d4b <unknown>\n#9 0x5622ce51a9b1 <unknown>\n#10 0x5622ce9f893b <unknown>\n#11 0x5622ce9fc83a <unknown>\n#12 0x5622ce9e0692 <unknown>\n#13 0x5622ce9fd3c4 <unknown>\n#14 0x5622ce9c54cf <unknown>\n#15 0x5622cea21568 <unknown>\n#16 0x5622cea21746 <unknown>\n#17 0x5622cea325f6 <unknown>\n#18 0x7f5656c9caa4 <unknown>\n#19 0x7f5656d29c3c <unknown>",
        "time" : {
          "start" : 1747618487583,
          "stop" : 1747618508221,
          "duration" : 20638
        }
      }, {
        "uid" : "31a31ec7baad23bb",
        "reportUrl" : "https://Brain-up.github.io/auto-tests-python/573//#testresult/31a31ec7baad23bb",
        "status" : "skipped",
        "statusDetails" : "XFAIL\n\nselenium.common.exceptions.TimeoutException: Message: Can't find element by locator ('xpath', '//div[@class=\"__51e19\"]')\nStacktrace:\n#0 0x555e1118e78a <unknown>\n#1 0x555e10c310a0 <unknown>\n#2 0x555e10c829b0 <unknown>\n#3 0x555e10c82ba1 <unknown>\n#4 0x555e10cd0ea4 <unknown>\n#5 0x555e10ca83cd <unknown>\n#6 0x555e10cce2a0 <unknown>\n#7 0x555e10ca8173 <unknown>\n#8 0x555e10c74d4b <unknown>\n#9 0x555e10c759b1 <unknown>\n#10 0x555e1115393b <unknown>\n#11 0x555e1115783a <unknown>\n#12 0x555e1113b692 <unknown>\n#13 0x555e111583c4 <unknown>\n#14 0x555e111204cf <unknown>\n#15 0x555e1117c568 <unknown>\n#16 0x555e1117c746 <unknown>\n#17 0x555e1118d5f6 <unknown>\n#18 0x7f854409caa4 <unknown>\n#19 0x7f8544129c3c <unknown>",
        "time" : {
          "start" : 1747593505523,
          "stop" : 1747593525659,
          "duration" : 20136
        }
      }, {
        "uid" : "3f1c248621e4896d",
        "reportUrl" : "https://Brain-up.github.io/auto-tests-python/368//#testresult/3f1c248621e4896d",
        "status" : "skipped",
        "statusDetails" : "XFAIL\n\nselenium.common.exceptions.TimeoutException: Message: Can't find element by locator ('xpath', '//div[@class=\"__51e19\"]')\nStacktrace:\n#0 0x55738c11e78a <unknown>\n#1 0x55738bbc10a0 <unknown>\n#2 0x55738bc129b0 <unknown>\n#3 0x55738bc12ba1 <unknown>\n#4 0x55738bc60ea4 <unknown>\n#5 0x55738bc383cd <unknown>\n#6 0x55738bc5e2a0 <unknown>\n#7 0x55738bc38173 <unknown>\n#8 0x55738bc04d4b <unknown>\n#9 0x55738bc059b1 <unknown>\n#10 0x55738c0e393b <unknown>\n#11 0x55738c0e783a <unknown>\n#12 0x55738c0cb692 <unknown>\n#13 0x55738c0e83c4 <unknown>\n#14 0x55738c0b04cf <unknown>\n#15 0x55738c10c568 <unknown>\n#16 0x55738c10c746 <unknown>\n#17 0x55738c11d5f6 <unknown>\n#18 0x7f8d3da9caa4 <unknown>\n#19 0x7f8d3db29c3c <unknown>",
        "time" : {
          "start" : 1747532094919,
          "stop" : 1747532115573,
          "duration" : 20654
        }
      }, {
        "uid" : "d1b023f2c465c83",
        "reportUrl" : "https://Brain-up.github.io/auto-tests-python/572//#testresult/d1b023f2c465c83",
        "status" : "skipped",
        "statusDetails" : "XFAIL\n\nselenium.common.exceptions.TimeoutException: Message: Can't find element by locator ('xpath', '//div[@class=\"__51e19\"]')\nStacktrace:\n#0 0x560b6260778a <unknown>\n#1 0x560b620aa0a0 <unknown>\n#2 0x560b620fb9b0 <unknown>\n#3 0x560b620fbba1 <unknown>\n#4 0x560b62149ea4 <unknown>\n#5 0x560b621213cd <unknown>\n#6 0x560b621472a0 <unknown>\n#7 0x560b62121173 <unknown>\n#8 0x560b620edd4b <unknown>\n#9 0x560b620ee9b1 <unknown>\n#10 0x560b625cc93b <unknown>\n#11 0x560b625d083a <unknown>\n#12 0x560b625b4692 <unknown>\n#13 0x560b625d13c4 <unknown>\n#14 0x560b625994cf <unknown>\n#15 0x560b625f5568 <unknown>\n#16 0x560b625f5746 <unknown>\n#17 0x560b626065f6 <unknown>\n#18 0x7f45e509caa4 <unknown>\n#19 0x7f45e5129c3c <unknown>",
        "time" : {
          "start" : 1747469413416,
          "stop" : 1747469433571,
          "duration" : 20155
        }
      }, {
        "uid" : "29dbb75ae77f8ca8",
        "reportUrl" : "https://Brain-up.github.io/auto-tests-python/367//#testresult/29dbb75ae77f8ca8",
        "status" : "skipped",
        "statusDetails" : "XFAIL\n\nselenium.common.exceptions.TimeoutException: Message: Can't find element by locator ('xpath', '//div[@class=\"__51e19\"]')\nStacktrace:\n#0 0x560c8d33178a <unknown>\n#1 0x560c8cdd40a0 <unknown>\n#2 0x560c8ce259b0 <unknown>\n#3 0x560c8ce25ba1 <unknown>\n#4 0x560c8ce73ea4 <unknown>\n#5 0x560c8ce4b3cd <unknown>\n#6 0x560c8ce712a0 <unknown>\n#7 0x560c8ce4b173 <unknown>\n#8 0x560c8ce17d4b <unknown>\n#9 0x560c8ce189b1 <unknown>\n#10 0x560c8d2f693b <unknown>\n#11 0x560c8d2fa83a <unknown>\n#12 0x560c8d2de692 <unknown>\n#13 0x560c8d2fb3c4 <unknown>\n#14 0x560c8d2c34cf <unknown>\n#15 0x560c8d31f568 <unknown>\n#16 0x560c8d31f746 <unknown>\n#17 0x560c8d3305f6 <unknown>\n#18 0x7f2ef069caa4 <unknown>\n#19 0x7f2ef0729c3c <unknown>",
        "time" : {
          "start" : 1747445445311,
          "stop" : 1747445465941,
          "duration" : 20630
        }
      }, {
        "uid" : "3516ebe762ae891e",
        "reportUrl" : "https://Brain-up.github.io/auto-tests-python/571//#testresult/3516ebe762ae891e",
        "status" : "skipped",
        "statusDetails" : "XFAIL\n\nselenium.common.exceptions.TimeoutException: Message: Can't find element by locator ('xpath', '//div[@class=\"__51e19\"]')\nStacktrace:\n#0 0x55a974aaa75a <unknown>\n#1 0x55a97455d4b0 <unknown>\n#2 0x55a9745ae9b3 <unknown>\n#3 0x55a9745aeba1 <unknown>\n#4 0x55a9745fd1f4 <unknown>\n#5 0x55a9745d45bd <unknown>\n#6 0x55a9745fa5e0 <unknown>\n#7 0x55a9745d4363 <unknown>\n#8 0x55a9745a0d63 <unknown>\n#9 0x55a9745a19c1 <unknown>\n#10 0x55a974a6fa6b <unknown>\n#11 0x55a974a73951 <unknown>\n#12 0x55a974a57b62 <unknown>\n#13 0x55a974a744c4 <unknown>\n#14 0x55a974a3c13f <unknown>\n#15 0x55a974a986f8 <unknown>\n#16 0x55a974a988d6 <unknown>\n#17 0x55a974aa95a6 <unknown>\n#18 0x7f825789caa4 <unknown>\n#19 0x7f8257929c3c <unknown>",
        "time" : {
          "start" : 1747413418143,
          "stop" : 1747413438791,
          "duration" : 20648
        }
      }, {
        "uid" : "38b72f904dae1638",
        "reportUrl" : "https://Brain-up.github.io/auto-tests-python/366//#testresult/38b72f904dae1638",
        "status" : "skipped",
        "statusDetails" : "XFAIL\n\nselenium.common.exceptions.TimeoutException: Message: Can't find element by locator ('xpath', '//div[@class=\"__51e19\"]')\nStacktrace:\n#0 0x55641767475a <unknown>\n#1 0x5564171274b0 <unknown>\n#2 0x5564171789b3 <unknown>\n#3 0x556417178ba1 <unknown>\n#4 0x5564171c71f4 <unknown>\n#5 0x55641719e5bd <unknown>\n#6 0x5564171c45e0 <unknown>\n#7 0x55641719e363 <unknown>\n#8 0x55641716ad63 <unknown>\n#9 0x55641716b9c1 <unknown>\n#10 0x556417639a6b <unknown>\n#11 0x55641763d951 <unknown>\n#12 0x556417621b62 <unknown>\n#13 0x55641763e4c4 <unknown>\n#14 0x55641760613f <unknown>\n#15 0x5564176626f8 <unknown>\n#16 0x5564176628d6 <unknown>\n#17 0x5564176735a6 <unknown>\n#18 0x7f6b4b89caa4 <unknown>\n#19 0x7f6b4b929c3c <unknown>",
        "time" : {
          "start" : 1747359285986,
          "stop" : 1747359306633,
          "duration" : 20647
        }
      } ]
    },
    "tags" : [ "@pytest.mark.xfail" ]
  },
  "source" : "6cf56eadafb0d00d.json",
  "parameterValues" : [ ]
}