{
  "uid" : "9aa7e6261d2851e9",
  "name" : "Solutions to a random task in the \"Слова\" .",
  "fullName" : "tests.test_speech_exercises_ru.TestCardsRU#test_solve_word_cards_ru",
  "historyId" : "97a1dfc93de55b98f3507f18d0af26f8",
  "time" : {
    "start" : 1747593452765,
    "stop" : 1747593472848,
    "duration" : 20083
  },
  "status" : "skipped",
  "statusMessage" : "XFAIL\n\nselenium.common.exceptions.TimeoutException: Message: Can't find element by locator ('xpath', '//a[text()=\"Упражнения\"]')\nStacktrace:\n#0 0x55c8ecb2378a <unknown>\n#1 0x55c8ec5c60a0 <unknown>\n#2 0x55c8ec6179b0 <unknown>\n#3 0x55c8ec617ba1 <unknown>\n#4 0x55c8ec665ea4 <unknown>\n#5 0x55c8ec63d3cd <unknown>\n#6 0x55c8ec6632a0 <unknown>\n#7 0x55c8ec63d173 <unknown>\n#8 0x55c8ec609d4b <unknown>\n#9 0x55c8ec60a9b1 <unknown>\n#10 0x55c8ecae893b <unknown>\n#11 0x55c8ecaec83a <unknown>\n#12 0x55c8ecad0692 <unknown>\n#13 0x55c8ecaed3c4 <unknown>\n#14 0x55c8ecab54cf <unknown>\n#15 0x55c8ecb11568 <unknown>\n#16 0x55c8ecb11746 <unknown>\n#17 0x55c8ecb225f6 <unknown>\n#18 0x7fcbf529caa4 <unknown>\n#19 0x7fcbf5329c3c <unknown>",
  "statusTrace" : "self = <tests.test_speech_exercises_ru.TestCardsRU object at 0x7f86456931d0>\ndriver = <selenium.webdriver.chrome.webdriver.WebDriver (session=\"3f8e104c8bfe358df6d27469fa7e4104\")>\ndefault_user_authorized = None\n\n    @pytest.mark.xfail\n    @allure.suite(\"Речевые упражнения.\")\n    @allure.title('Solutions to a random task in the \"Слова\" .')\n    def test_solve_word_cards_ru(self, driver, default_user_authorized):\n        page = SpeechExercisesPageRU(driver)\n>       page.click_button_exercises()\n\ntests/test_speech_exercises_ru.py:124: \n_ _ _ _ _ _ _ _ _ _ _ _ _ _ _ _ _ _ _ _ _ _ _ _ _ _ _ _ _ _ _ _ _ _ _ _ _ _ _ _ \npages/speech_exercises_page_ru.py:199: in click_button_exercises\n    button = self.element_is_present_and_clickable(self.locators.AuthorizedUserHomePageLocators.BUTTON_EXERCISES_RU)\npages/base_page.py:40: in element_is_present_and_clickable\n    return (Wait(self.driver, self.timeout).until(\n_ _ _ _ _ _ _ _ _ _ _ _ _ _ _ _ _ _ _ _ _ _ _ _ _ _ _ _ _ _ _ _ _ _ _ _ _ _ _ _ \n\nself = <selenium.webdriver.support.wait.WebDriverWait (session=\"3f8e104c8bfe358df6d27469fa7e4104\")>\nmethod = <function visibility_of_element_located.<locals>._predicate at 0x7f86455d4d60>\nmessage = 'Can\\'t find element by locator (\\'xpath\\', \\'//a[text()=\"Упражнения\"]\\')'\n\n    def until(self, method, message: str = \"\"):\n        \"\"\"Calls the method provided with the driver as an argument until the \\\n        return value does not evaluate to ``False``.\n    \n        :param method: callable(WebDriver)\n        :param message: optional message for :exc:`TimeoutException`\n        :returns: the result of the last call to `method`\n        :raises: :exc:`selenium.common.exceptions.TimeoutException` if timeout occurs\n        \"\"\"\n        screen = None\n        stacktrace = None\n    \n        end_time = time.monotonic() + self._timeout\n        while True:\n            try:\n                value = method(self._driver)\n                if value:\n                    return value\n            except self._ignored_exceptions as exc:\n                screen = getattr(exc, \"screen\", None)\n                stacktrace = getattr(exc, \"stacktrace\", None)\n            time.sleep(self._poll)\n            if time.monotonic() > end_time:\n                break\n>       raise TimeoutException(message, screen, stacktrace)\nE       selenium.common.exceptions.TimeoutException: Message: Can't find element by locator ('xpath', '//a[text()=\"Упражнения\"]')\nE       Stacktrace:\nE       #0 0x55c8ecb2378a <unknown>\nE       #1 0x55c8ec5c60a0 <unknown>\nE       #2 0x55c8ec6179b0 <unknown>\nE       #3 0x55c8ec617ba1 <unknown>\nE       #4 0x55c8ec665ea4 <unknown>\nE       #5 0x55c8ec63d3cd <unknown>\nE       #6 0x55c8ec6632a0 <unknown>\nE       #7 0x55c8ec63d173 <unknown>\nE       #8 0x55c8ec609d4b <unknown>\nE       #9 0x55c8ec60a9b1 <unknown>\nE       #10 0x55c8ecae893b <unknown>\nE       #11 0x55c8ecaec83a <unknown>\nE       #12 0x55c8ecad0692 <unknown>\nE       #13 0x55c8ecaed3c4 <unknown>\nE       #14 0x55c8ecab54cf <unknown>\nE       #15 0x55c8ecb11568 <unknown>\nE       #16 0x55c8ecb11746 <unknown>\nE       #17 0x55c8ecb225f6 <unknown>\nE       #18 0x7fcbf529caa4 <unknown>\nE       #19 0x7fcbf5329c3c <unknown>\n\n/opt/hostedtoolcache/Python/3.12.10/x64/lib/python3.12/site-packages/selenium/webdriver/support/wait.py:95: TimeoutException",
  "flaky" : false,
  "newFailed" : false,
  "beforeStages" : [ {
    "name" : "clear_allure_results_folder",
    "time" : {
      "start" : 1747592073880,
      "stop" : 1747592073880,
      "duration" : 0
    },
    "status" : "passed",
    "steps" : [ ],
    "attachments" : [ ],
    "parameters" : [ ],
    "stepsCount" : 0,
    "attachmentsCount" : 0,
    "shouldDisplayMessage" : false,
    "hasContent" : false
  }, {
    "name" : "driver",
    "time" : {
      "start" : 1747593446215,
      "stop" : 1747593447041,
      "duration" : 826
    },
    "status" : "passed",
    "steps" : [ ],
    "attachments" : [ ],
    "parameters" : [ ],
    "stepsCount" : 0,
    "attachmentsCount" : 0,
    "shouldDisplayMessage" : false,
    "hasContent" : false
  }, {
    "name" : "default_user_authorized",
    "time" : {
      "start" : 1747593449834,
      "stop" : 1747593452765,
      "duration" : 2931
    },
    "status" : "passed",
    "steps" : [ {
      "name" : "DEFAULT user authorized",
      "time" : {
        "start" : 1747593449835,
        "stop" : 1747593452765,
        "duration" : 2930
      },
      "status" : "passed",
      "steps" : [ {
        "name" : "Check url is present: https://www.brainup.site/groups",
        "time" : {
          "start" : 1747593450222,
          "stop" : 1747593452743,
          "duration" : 2521
        },
        "status" : "passed",
        "steps" : [ ],
        "attachments" : [ ],
        "parameters" : [ ],
        "stepsCount" : 0,
        "attachmentsCount" : 0,
        "shouldDisplayMessage" : false,
        "hasContent" : false
      }, {
        "name" : "Loader checking",
        "time" : {
          "start" : 1747593452743,
          "stop" : 1747593452765,
          "duration" : 22
        },
        "status" : "passed",
        "steps" : [ ],
        "attachments" : [ ],
        "parameters" : [ ],
        "stepsCount" : 0,
        "attachmentsCount" : 0,
        "shouldDisplayMessage" : false,
        "hasContent" : false
      } ],
      "attachments" : [ ],
      "parameters" : [ {
        "name" : "driver",
        "value" : "<selenium.webdriver.chrome.webdriver.WebDriver (session=\"3f8e104c8bfe358df6d27469fa7e4104\")>"
      }, {
        "name" : "main_page_open",
        "value" : "None"
      } ],
      "stepsCount" : 2,
      "attachmentsCount" : 0,
      "shouldDisplayMessage" : false,
      "hasContent" : true
    } ],
    "attachments" : [ ],
    "parameters" : [ ],
    "stepsCount" : 3,
    "attachmentsCount" : 0,
    "shouldDisplayMessage" : false,
    "hasContent" : true
  }, {
    "name" : "main_page_open",
    "time" : {
      "start" : 1747593447041,
      "stop" : 1747593449834,
      "duration" : 2793
    },
    "status" : "passed",
    "steps" : [ {
      "name" : "Open page: https://www.brainup.site/",
      "time" : {
        "start" : 1747593447041,
        "stop" : 1747593449834,
        "duration" : 2793
      },
      "status" : "passed",
      "steps" : [ ],
      "attachments" : [ ],
      "parameters" : [ {
        "name" : "driver",
        "value" : "<selenium.webdriver.chrome.webdriver.WebDriver (session=\"3f8e104c8bfe358df6d27469fa7e4104\")>"
      } ],
      "stepsCount" : 0,
      "attachmentsCount" : 0,
      "shouldDisplayMessage" : false,
      "hasContent" : true
    } ],
    "attachments" : [ ],
    "parameters" : [ ],
    "stepsCount" : 1,
    "attachmentsCount" : 0,
    "shouldDisplayMessage" : false,
    "hasContent" : true
  } ],
  "testStage" : {
    "status" : "skipped",
    "statusMessage" : "XFAIL\n\nselenium.common.exceptions.TimeoutException: Message: Can't find element by locator ('xpath', '//a[text()=\"Упражнения\"]')\nStacktrace:\n#0 0x55c8ecb2378a <unknown>\n#1 0x55c8ec5c60a0 <unknown>\n#2 0x55c8ec6179b0 <unknown>\n#3 0x55c8ec617ba1 <unknown>\n#4 0x55c8ec665ea4 <unknown>\n#5 0x55c8ec63d3cd <unknown>\n#6 0x55c8ec6632a0 <unknown>\n#7 0x55c8ec63d173 <unknown>\n#8 0x55c8ec609d4b <unknown>\n#9 0x55c8ec60a9b1 <unknown>\n#10 0x55c8ecae893b <unknown>\n#11 0x55c8ecaec83a <unknown>\n#12 0x55c8ecad0692 <unknown>\n#13 0x55c8ecaed3c4 <unknown>\n#14 0x55c8ecab54cf <unknown>\n#15 0x55c8ecb11568 <unknown>\n#16 0x55c8ecb11746 <unknown>\n#17 0x55c8ecb225f6 <unknown>\n#18 0x7fcbf529caa4 <unknown>\n#19 0x7fcbf5329c3c <unknown>",
    "statusTrace" : "self = <tests.test_speech_exercises_ru.TestCardsRU object at 0x7f86456931d0>\ndriver = <selenium.webdriver.chrome.webdriver.WebDriver (session=\"3f8e104c8bfe358df6d27469fa7e4104\")>\ndefault_user_authorized = None\n\n    @pytest.mark.xfail\n    @allure.suite(\"Речевые упражнения.\")\n    @allure.title('Solutions to a random task in the \"Слова\" .')\n    def test_solve_word_cards_ru(self, driver, default_user_authorized):\n        page = SpeechExercisesPageRU(driver)\n>       page.click_button_exercises()\n\ntests/test_speech_exercises_ru.py:124: \n_ _ _ _ _ _ _ _ _ _ _ _ _ _ _ _ _ _ _ _ _ _ _ _ _ _ _ _ _ _ _ _ _ _ _ _ _ _ _ _ \npages/speech_exercises_page_ru.py:199: in click_button_exercises\n    button = self.element_is_present_and_clickable(self.locators.AuthorizedUserHomePageLocators.BUTTON_EXERCISES_RU)\npages/base_page.py:40: in element_is_present_and_clickable\n    return (Wait(self.driver, self.timeout).until(\n_ _ _ _ _ _ _ _ _ _ _ _ _ _ _ _ _ _ _ _ _ _ _ _ _ _ _ _ _ _ _ _ _ _ _ _ _ _ _ _ \n\nself = <selenium.webdriver.support.wait.WebDriverWait (session=\"3f8e104c8bfe358df6d27469fa7e4104\")>\nmethod = <function visibility_of_element_located.<locals>._predicate at 0x7f86455d4d60>\nmessage = 'Can\\'t find element by locator (\\'xpath\\', \\'//a[text()=\"Упражнения\"]\\')'\n\n    def until(self, method, message: str = \"\"):\n        \"\"\"Calls the method provided with the driver as an argument until the \\\n        return value does not evaluate to ``False``.\n    \n        :param method: callable(WebDriver)\n        :param message: optional message for :exc:`TimeoutException`\n        :returns: the result of the last call to `method`\n        :raises: :exc:`selenium.common.exceptions.TimeoutException` if timeout occurs\n        \"\"\"\n        screen = None\n        stacktrace = None\n    \n        end_time = time.monotonic() + self._timeout\n        while True:\n            try:\n                value = method(self._driver)\n                if value:\n                    return value\n            except self._ignored_exceptions as exc:\n                screen = getattr(exc, \"screen\", None)\n                stacktrace = getattr(exc, \"stacktrace\", None)\n            time.sleep(self._poll)\n            if time.monotonic() > end_time:\n                break\n>       raise TimeoutException(message, screen, stacktrace)\nE       selenium.common.exceptions.TimeoutException: Message: Can't find element by locator ('xpath', '//a[text()=\"Упражнения\"]')\nE       Stacktrace:\nE       #0 0x55c8ecb2378a <unknown>\nE       #1 0x55c8ec5c60a0 <unknown>\nE       #2 0x55c8ec6179b0 <unknown>\nE       #3 0x55c8ec617ba1 <unknown>\nE       #4 0x55c8ec665ea4 <unknown>\nE       #5 0x55c8ec63d3cd <unknown>\nE       #6 0x55c8ec6632a0 <unknown>\nE       #7 0x55c8ec63d173 <unknown>\nE       #8 0x55c8ec609d4b <unknown>\nE       #9 0x55c8ec60a9b1 <unknown>\nE       #10 0x55c8ecae893b <unknown>\nE       #11 0x55c8ecaec83a <unknown>\nE       #12 0x55c8ecad0692 <unknown>\nE       #13 0x55c8ecaed3c4 <unknown>\nE       #14 0x55c8ecab54cf <unknown>\nE       #15 0x55c8ecb11568 <unknown>\nE       #16 0x55c8ecb11746 <unknown>\nE       #17 0x55c8ecb225f6 <unknown>\nE       #18 0x7fcbf529caa4 <unknown>\nE       #19 0x7fcbf5329c3c <unknown>\n\n/opt/hostedtoolcache/Python/3.12.10/x64/lib/python3.12/site-packages/selenium/webdriver/support/wait.py:95: TimeoutException",
    "steps" : [ {
      "name" : "Click button \"Упражнения\".",
      "time" : {
        "start" : 1747593452766,
        "stop" : 1747593472848,
        "duration" : 20082
      },
      "status" : "broken",
      "statusMessage" : "selenium.common.exceptions.TimeoutException: Message: Can't find element by locator ('xpath', '//a[text()=\"Упражнения\"]')\nStacktrace:\n#0 0x55c8ecb2378a <unknown>\n#1 0x55c8ec5c60a0 <unknown>\n#2 0x55c8ec6179b0 <unknown>\n#3 0x55c8ec617ba1 <unknown>\n#4 0x55c8ec665ea4 <unknown>\n#5 0x55c8ec63d3cd <unknown>\n#6 0x55c8ec6632a0 <unknown>\n#7 0x55c8ec63d173 <unknown>\n#8 0x55c8ec609d4b <unknown>\n#9 0x55c8ec60a9b1 <unknown>\n#10 0x55c8ecae893b <unknown>\n#11 0x55c8ecaec83a <unknown>\n#12 0x55c8ecad0692 <unknown>\n#13 0x55c8ecaed3c4 <unknown>\n#14 0x55c8ecab54cf <unknown>\n#15 0x55c8ecb11568 <unknown>\n#16 0x55c8ecb11746 <unknown>\n#17 0x55c8ecb225f6 <unknown>\n#18 0x7fcbf529caa4 <unknown>\n#19 0x7fcbf5329c3c <unknown>\n\n",
      "statusTrace" : "  File \"/opt/hostedtoolcache/Python/3.12.10/x64/lib/python3.12/site-packages/allure_commons/_allure.py\", line 192, in impl\n    return func(*a, **kw)\n           ^^^^^^^^^^^^^^\n  File \"/home/runner/work/auto-tests-python/auto-tests-python/pages/speech_exercises_page_ru.py\", line 199, in click_button_exercises\n    button = self.element_is_present_and_clickable(self.locators.AuthorizedUserHomePageLocators.BUTTON_EXERCISES_RU)\n             ^^^^^^^^^^^^^^^^^^^^^^^^^^^^^^^^^^^^^^^^^^^^^^^^^^^^^^^^^^^^^^^^^^^^^^^^^^^^^^^^^^^^^^^^^^^^^^^^^^^^^^^\n  File \"/home/runner/work/auto-tests-python/auto-tests-python/pages/base_page.py\", line 40, in element_is_present_and_clickable\n    return (Wait(self.driver, self.timeout).until(\n            ^^^^^^^^^^^^^^^^^^^^^^^^^^^^^^^^^^^^^^\n  File \"/opt/hostedtoolcache/Python/3.12.10/x64/lib/python3.12/site-packages/selenium/webdriver/support/wait.py\", line 95, in until\n    raise TimeoutException(message, screen, stacktrace)\n",
      "steps" : [ {
        "name" : "Click button \"RU\".",
        "time" : {
          "start" : 1747593452766,
          "stop" : 1747593452834,
          "duration" : 68
        },
        "status" : "passed",
        "steps" : [ ],
        "attachments" : [ ],
        "parameters" : [ ],
        "stepsCount" : 0,
        "attachmentsCount" : 0,
        "shouldDisplayMessage" : false,
        "hasContent" : false
      } ],
      "attachments" : [ ],
      "parameters" : [ ],
      "stepsCount" : 1,
      "attachmentsCount" : 0,
      "shouldDisplayMessage" : true,
      "hasContent" : true
    } ],
    "attachments" : [ ],
    "parameters" : [ ],
    "stepsCount" : 2,
    "attachmentsCount" : 0,
    "shouldDisplayMessage" : true,
    "hasContent" : true
  },
  "afterStages" : [ {
    "name" : "driver::0",
    "time" : {
      "start" : 1747593472862,
      "stop" : 1747593472932,
      "duration" : 70
    },
    "status" : "passed",
    "steps" : [ ],
    "attachments" : [ ],
    "parameters" : [ ],
    "stepsCount" : 0,
    "attachmentsCount" : 0,
    "shouldDisplayMessage" : false,
    "hasContent" : false
  } ],
  "labels" : [ {
    "name" : "suite",
    "value" : "Речевые упражнения."
  }, {
    "name" : "epic",
    "value" : "Speech exercises."
  }, {
    "name" : "tag",
    "value" : "@pytest.mark.xfail"
  }, {
    "name" : "parentSuite",
    "value" : "tests"
  }, {
    "name" : "subSuite",
    "value" : "TestCardsRU"
  }, {
    "name" : "host",
    "value" : "pkrvmf6wy0o8zjz"
  }, {
    "name" : "thread",
    "value" : "2541-MainThread"
  }, {
    "name" : "framework",
    "value" : "pytest"
  }, {
    "name" : "language",
    "value" : "cpython3"
  }, {
    "name" : "package",
    "value" : "tests.test_speech_exercises_ru"
  }, {
    "name" : "resultFormat",
    "value" : "allure2"
  } ],
  "parameters" : [ ],
  "links" : [ ],
  "hidden" : false,
  "retry" : false,
  "extra" : {
    "severity" : "normal",
    "retries" : [ ],
    "categories" : [ ],
    "history" : {
      "statistic" : {
        "failed" : 0,
        "broken" : 0,
        "skipped" : 69,
        "passed" : 92,
        "unknown" : 0,
        "total" : 161
      },
      "items" : [ {
        "uid" : "e5e3c22a9e3fd077",
        "reportUrl" : "https://Brain-up.github.io/auto-tests-python/368//#testresult/e5e3c22a9e3fd077",
        "status" : "skipped",
        "statusDetails" : "XFAIL\n\nselenium.common.exceptions.TimeoutException: Message: Can't find element by locator ('xpath', '//a[text()=\"Упражнения\"]')\nStacktrace:\n#0 0x55741cacb78a <unknown>\n#1 0x55741c56e0a0 <unknown>\n#2 0x55741c5bf9b0 <unknown>\n#3 0x55741c5bfba1 <unknown>\n#4 0x55741c60dea4 <unknown>\n#5 0x55741c5e53cd <unknown>\n#6 0x55741c60b2a0 <unknown>\n#7 0x55741c5e5173 <unknown>\n#8 0x55741c5b1d4b <unknown>\n#9 0x55741c5b29b1 <unknown>\n#10 0x55741ca9093b <unknown>\n#11 0x55741ca9483a <unknown>\n#12 0x55741ca78692 <unknown>\n#13 0x55741ca953c4 <unknown>\n#14 0x55741ca5d4cf <unknown>\n#15 0x55741cab9568 <unknown>\n#16 0x55741cab9746 <unknown>\n#17 0x55741caca5f6 <unknown>\n#18 0x7f90ff89caa4 <unknown>\n#19 0x7f90ff929c3c <unknown>",
        "time" : {
          "start" : 1747532041785,
          "stop" : 1747532061899,
          "duration" : 20114
        }
      }, {
        "uid" : "bb3a243d455e570b",
        "reportUrl" : "https://Brain-up.github.io/auto-tests-python/572//#testresult/bb3a243d455e570b",
        "status" : "skipped",
        "statusDetails" : "XFAIL\n\nselenium.common.exceptions.TimeoutException: Message: Can't find element by locator ('xpath', '//a[text()=\"Упражнения\"]')\nStacktrace:\n#0 0x55774d87e78a <unknown>\n#1 0x55774d3210a0 <unknown>\n#2 0x55774d3729b0 <unknown>\n#3 0x55774d372ba1 <unknown>\n#4 0x55774d3c0ea4 <unknown>\n#5 0x55774d3983cd <unknown>\n#6 0x55774d3be2a0 <unknown>\n#7 0x55774d398173 <unknown>\n#8 0x55774d364d4b <unknown>\n#9 0x55774d3659b1 <unknown>\n#10 0x55774d84393b <unknown>\n#11 0x55774d84783a <unknown>\n#12 0x55774d82b692 <unknown>\n#13 0x55774d8483c4 <unknown>\n#14 0x55774d8104cf <unknown>\n#15 0x55774d86c568 <unknown>\n#16 0x55774d86c746 <unknown>\n#17 0x55774d87d5f6 <unknown>\n#18 0x7f6c8ec9caa4 <unknown>\n#19 0x7f6c8ed29c3c <unknown>",
        "time" : {
          "start" : 1747469357145,
          "stop" : 1747469377238,
          "duration" : 20093
        }
      }, {
        "uid" : "837ba2fe6fe7f2c1",
        "reportUrl" : "https://Brain-up.github.io/auto-tests-python/367//#testresult/837ba2fe6fe7f2c1",
        "status" : "skipped",
        "statusDetails" : "XFAIL\n\nselenium.common.exceptions.TimeoutException: Message: Can't find element by locator ('xpath', '//a[text()=\"Упражнения\"]')\nStacktrace:\n#0 0x5569e344878a <unknown>\n#1 0x5569e2eeb0a0 <unknown>\n#2 0x5569e2f3c9b0 <unknown>\n#3 0x5569e2f3cba1 <unknown>\n#4 0x5569e2f8aea4 <unknown>\n#5 0x5569e2f623cd <unknown>\n#6 0x5569e2f882a0 <unknown>\n#7 0x5569e2f62173 <unknown>\n#8 0x5569e2f2ed4b <unknown>\n#9 0x5569e2f2f9b1 <unknown>\n#10 0x5569e340d93b <unknown>\n#11 0x5569e341183a <unknown>\n#12 0x5569e33f5692 <unknown>\n#13 0x5569e34123c4 <unknown>\n#14 0x5569e33da4cf <unknown>\n#15 0x5569e3436568 <unknown>\n#16 0x5569e3436746 <unknown>\n#17 0x5569e34475f6 <unknown>\n#18 0x7f683889caa4 <unknown>\n#19 0x7f6838929c3c <unknown>",
        "time" : {
          "start" : 1747445390593,
          "stop" : 1747445410692,
          "duration" : 20099
        }
      }, {
        "uid" : "6fe811acf8aadf75",
        "reportUrl" : "https://Brain-up.github.io/auto-tests-python/571//#testresult/6fe811acf8aadf75",
        "status" : "passed",
        "statusDetails" : "XPASS",
        "time" : {
          "start" : 1747413234216,
          "stop" : 1747413281228,
          "duration" : 47012
        }
      }, {
        "uid" : "74eb3e2050f6aeb7",
        "reportUrl" : "https://Brain-up.github.io/auto-tests-python/366//#testresult/74eb3e2050f6aeb7",
        "status" : "skipped",
        "statusDetails" : "XFAIL\n\nselenium.common.exceptions.TimeoutException: Message: Can't find element by locator ('xpath', '//a[text()=\"Упражнения\"]')\nStacktrace:\n#0 0x56265395e75a <unknown>\n#1 0x5626534114b0 <unknown>\n#2 0x5626534629b3 <unknown>\n#3 0x562653462ba1 <unknown>\n#4 0x5626534b11f4 <unknown>\n#5 0x5626534885bd <unknown>\n#6 0x5626534ae5e0 <unknown>\n#7 0x562653488363 <unknown>\n#8 0x562653454d63 <unknown>\n#9 0x5626534559c1 <unknown>\n#10 0x562653923a6b <unknown>\n#11 0x562653927951 <unknown>\n#12 0x56265390bb62 <unknown>\n#13 0x5626539284c4 <unknown>\n#14 0x5626538f013f <unknown>\n#15 0x56265394c6f8 <unknown>\n#16 0x56265394c8d6 <unknown>\n#17 0x56265395d5a6 <unknown>\n#18 0x7f6936e9caa4 <unknown>\n#19 0x7f6936f29c3c <unknown>",
        "time" : {
          "start" : 1747359021159,
          "stop" : 1747359041241,
          "duration" : 20082
        }
      }, {
        "uid" : "a28a3de615089bf3",
        "reportUrl" : "https://Brain-up.github.io/auto-tests-python/570//#testresult/a28a3de615089bf3",
        "status" : "skipped",
        "statusDetails" : "XFAIL\n\nselenium.common.exceptions.TimeoutException: Message: Can't find element by locator ('xpath', '//a[text()=\"Упражнения\"]')\nStacktrace:\n#0 0x557ed241475a <unknown>\n#1 0x557ed1ec74b0 <unknown>\n#2 0x557ed1f189b3 <unknown>\n#3 0x557ed1f18ba1 <unknown>\n#4 0x557ed1f671f4 <unknown>\n#5 0x557ed1f3e5bd <unknown>\n#6 0x557ed1f645e0 <unknown>\n#7 0x557ed1f3e363 <unknown>\n#8 0x557ed1f0ad63 <unknown>\n#9 0x557ed1f0b9c1 <unknown>\n#10 0x557ed23d9a6b <unknown>\n#11 0x557ed23dd951 <unknown>\n#12 0x557ed23c1b62 <unknown>\n#13 0x557ed23de4c4 <unknown>\n#14 0x557ed23a613f <unknown>\n#15 0x557ed24026f8 <unknown>\n#16 0x557ed24028d6 <unknown>\n#17 0x557ed24135a6 <unknown>\n#18 0x7fcfa809caa4 <unknown>\n#19 0x7fcfa8129c3c <unknown>",
        "time" : {
          "start" : 1747296613964,
          "stop" : 1747296634044,
          "duration" : 20080
        }
      }, {
        "uid" : "cc7147726d8465da",
        "reportUrl" : "https://Brain-up.github.io/auto-tests-python/365//#testresult/cc7147726d8465da",
        "status" : "skipped",
        "statusDetails" : "XFAIL\n\nselenium.common.exceptions.TimeoutException: Message: Can't find element by locator ('xpath', '//a[text()=\"Упражнения\"]')\nStacktrace:\n#0 0x56006fd2475a <unknown>\n#1 0x56006f7d74b0 <unknown>\n#2 0x56006f8289b3 <unknown>\n#3 0x56006f828ba1 <unknown>\n#4 0x56006f8771f4 <unknown>\n#5 0x56006f84e5bd <unknown>\n#6 0x56006f8745e0 <unknown>\n#7 0x56006f84e363 <unknown>\n#8 0x56006f81ad63 <unknown>\n#9 0x56006f81b9c1 <unknown>\n#10 0x56006fce9a6b <unknown>\n#11 0x56006fced951 <unknown>\n#12 0x56006fcd1b62 <unknown>\n#13 0x56006fcee4c4 <unknown>\n#14 0x56006fcb613f <unknown>\n#15 0x56006fd126f8 <unknown>\n#16 0x56006fd128d6 <unknown>\n#17 0x56006fd235a6 <unknown>\n#18 0x7f2737c9caa4 <unknown>\n#19 0x7f2737d29c3c <unknown>",
        "time" : {
          "start" : 1747272344542,
          "stop" : 1747272364617,
          "duration" : 20075
        }
      }, {
        "uid" : "bc4e37ec615e8c0b",
        "reportUrl" : "https://Brain-up.github.io/auto-tests-python/569//#testresult/bc4e37ec615e8c0b",
        "status" : "skipped",
        "statusDetails" : "XFAIL\n\nselenium.common.exceptions.TimeoutException: Message: Can't find element by locator ('xpath', '//a[text()=\"Упражнения\"]')\nStacktrace:\n#0 0x5641f3b3675a <unknown>\n#1 0x5641f35e94b0 <unknown>\n#2 0x5641f363a9b3 <unknown>\n#3 0x5641f363aba1 <unknown>\n#4 0x5641f36891f4 <unknown>\n#5 0x5641f36605bd <unknown>\n#6 0x5641f36865e0 <unknown>\n#7 0x5641f3660363 <unknown>\n#8 0x5641f362cd63 <unknown>\n#9 0x5641f362d9c1 <unknown>\n#10 0x5641f3afba6b <unknown>\n#11 0x5641f3aff951 <unknown>\n#12 0x5641f3ae3b62 <unknown>\n#13 0x5641f3b004c4 <unknown>\n#14 0x5641f3ac813f <unknown>\n#15 0x5641f3b246f8 <unknown>\n#16 0x5641f3b248d6 <unknown>\n#17 0x5641f3b355a6 <unknown>\n#18 0x7f1860a9caa4 <unknown>\n#19 0x7f1860b29c3c <unknown>",
        "time" : {
          "start" : 1747247379895,
          "stop" : 1747247400002,
          "duration" : 20107
        }
      }, {
        "uid" : "19633d3cfe0e02c8",
        "reportUrl" : "https://Brain-up.github.io/auto-tests-python/364//#testresult/19633d3cfe0e02c8",
        "status" : "skipped",
        "statusDetails" : "XFAIL\n\nselenium.common.exceptions.TimeoutException: Message: Can't find element by locator ('xpath', '//a[text()=\"Упражнения\"]')\nStacktrace:\n#0 0x5575a45af75a <unknown>\n#1 0x5575a40624b0 <unknown>\n#2 0x5575a40b39b3 <unknown>\n#3 0x5575a40b3ba1 <unknown>\n#4 0x5575a41021f4 <unknown>\n#5 0x5575a40d95bd <unknown>\n#6 0x5575a40ff5e0 <unknown>\n#7 0x5575a40d9363 <unknown>\n#8 0x5575a40a5d63 <unknown>\n#9 0x5575a40a69c1 <unknown>\n#10 0x5575a4574a6b <unknown>\n#11 0x5575a4578951 <unknown>\n#12 0x5575a455cb62 <unknown>\n#13 0x5575a45794c4 <unknown>\n#14 0x5575a454113f <unknown>\n#15 0x5575a459d6f8 <unknown>\n#16 0x5575a459d8d6 <unknown>\n#17 0x5575a45ae5a6 <unknown>\n#18 0x7efd2f89caa4 <unknown>\n#19 0x7efd2f929c3c <unknown>",
        "time" : {
          "start" : 1747186369697,
          "stop" : 1747186389774,
          "duration" : 20077
        }
      }, {
        "uid" : "b79e8d285573f4fa",
        "reportUrl" : "https://Brain-up.github.io/auto-tests-python/568//#testresult/b79e8d285573f4fa",
        "status" : "skipped",
        "statusDetails" : "XFAIL\n\nselenium.common.exceptions.TimeoutException: Message: Can't find element by locator ('xpath', '//a[text()=\"Упражнения\"]')\nStacktrace:\n#0 0x55d4774a87fa <unknown>\n#1 0x55d476f4ce90 <unknown>\n#2 0x55d476f9e870 <unknown>\n#3 0x55d476f9ea61 <unknown>\n#4 0x55d476feccb4 <unknown>\n#5 0x55d476fc426d <unknown>\n#6 0x55d476fea135 <unknown>\n#7 0x55d476fc4013 <unknown>\n#8 0x55d476f90b3b <unknown>\n#9 0x55d476f917a1 <unknown>\n#10 0x55d47746db9b <unknown>\n#11 0x55d477471a8a <unknown>\n#12 0x55d477455912 <unknown>\n#13 0x55d477472604 <unknown>\n#14 0x55d47743a74f <unknown>\n#15 0x55d477496678 <unknown>\n#16 0x55d477496856 <unknown>\n#17 0x55d4774a7666 <unknown>\n#18 0x7fb43409caa4 <unknown>\n#19 0x7fb434129c3c <unknown>",
        "time" : {
          "start" : 1747144276647,
          "stop" : 1747144296733,
          "duration" : 20086
        }
      }, {
        "uid" : "11402a7474b1b733",
        "reportUrl" : "https://Brain-up.github.io/auto-tests-python/363//#testresult/11402a7474b1b733",
        "status" : "skipped",
        "statusDetails" : "XFAIL\n\nselenium.common.exceptions.TimeoutException: Message: Can't find element by locator ('xpath', '//a[text()=\"Упражнения\"]')\nStacktrace:\n#0 0x564445b1575a <unknown>\n#1 0x5644455c84b0 <unknown>\n#2 0x5644456199b3 <unknown>\n#3 0x564445619ba1 <unknown>\n#4 0x5644456681f4 <unknown>\n#5 0x56444563f5bd <unknown>\n#6 0x5644456655e0 <unknown>\n#7 0x56444563f363 <unknown>\n#8 0x56444560bd63 <unknown>\n#9 0x56444560c9c1 <unknown>\n#10 0x564445adaa6b <unknown>\n#11 0x564445ade951 <unknown>\n#12 0x564445ac2b62 <unknown>\n#13 0x564445adf4c4 <unknown>\n#14 0x564445aa713f <unknown>\n#15 0x564445b036f8 <unknown>\n#16 0x564445b038d6 <unknown>\n#17 0x564445b145a6 <unknown>\n#18 0x7f2ac1e9caa4 <unknown>\n#19 0x7f2ac1f29c3c <unknown>",
        "time" : {
          "start" : 1747099725632,
          "stop" : 1747099745724,
          "duration" : 20092
        }
      }, {
        "uid" : "b5292d806e4d634c",
        "reportUrl" : "https://Brain-up.github.io/auto-tests-python/567//#testresult/b5292d806e4d634c",
        "status" : "skipped",
        "statusDetails" : "XFAIL\n\nselenium.common.exceptions.TimeoutException: Message: Can't find element by locator ('xpath', '//a[text()=\"Упражнения\"]')\nStacktrace:\n#0 0x564cfa1db75a <unknown>\n#1 0x564cf9c8e4b0 <unknown>\n#2 0x564cf9cdf9b3 <unknown>\n#3 0x564cf9cdfba1 <unknown>\n#4 0x564cf9d2e1f4 <unknown>\n#5 0x564cf9d055bd <unknown>\n#6 0x564cf9d2b5e0 <unknown>\n#7 0x564cf9d05363 <unknown>\n#8 0x564cf9cd1d63 <unknown>\n#9 0x564cf9cd29c1 <unknown>\n#10 0x564cfa1a0a6b <unknown>\n#11 0x564cfa1a4951 <unknown>\n#12 0x564cfa188b62 <unknown>\n#13 0x564cfa1a54c4 <unknown>\n#14 0x564cfa16d13f <unknown>\n#15 0x564cfa1c96f8 <unknown>\n#16 0x564cfa1c98d6 <unknown>\n#17 0x564cfa1da5a6 <unknown>\n#18 0x7f5a22c9caa4 <unknown>\n#19 0x7f5a22d29c3c <unknown>",
        "time" : {
          "start" : 1747071426141,
          "stop" : 1747071446210,
          "duration" : 20069
        }
      }, {
        "uid" : "6f8ea95f39725df6",
        "reportUrl" : "https://Brain-up.github.io/auto-tests-python/362//#testresult/6f8ea95f39725df6",
        "status" : "skipped",
        "statusDetails" : "XFAIL\n\nselenium.common.exceptions.TimeoutException: Message: Can't find element by locator ('xpath', '//a[text()=\"Упражнения\"]')\nStacktrace:\n#0 0x56086ba437fa <unknown>\n#1 0x56086b4e7e90 <unknown>\n#2 0x56086b539870 <unknown>\n#3 0x56086b539a61 <unknown>\n#4 0x56086b587cb4 <unknown>\n#5 0x56086b55f26d <unknown>\n#6 0x56086b585135 <unknown>\n#7 0x56086b55f013 <unknown>\n#8 0x56086b52bb3b <unknown>\n#9 0x56086b52c7a1 <unknown>\n#10 0x56086ba08b9b <unknown>\n#11 0x56086ba0ca8a <unknown>\n#12 0x56086b9f0912 <unknown>\n#13 0x56086ba0d604 <unknown>\n#14 0x56086b9d574f <unknown>\n#15 0x56086ba31678 <unknown>\n#16 0x56086ba31856 <unknown>\n#17 0x56086ba42666 <unknown>\n#18 0x7fcacf29caa4 <unknown>\n#19 0x7fcacf329c3c <unknown>",
        "time" : {
          "start" : 1747013559332,
          "stop" : 1747013579507,
          "duration" : 20175
        }
      }, {
        "uid" : "f6c3ca2f66adf9e",
        "reportUrl" : "https://Brain-up.github.io/auto-tests-python/566//#testresult/f6c3ca2f66adf9e",
        "status" : "skipped",
        "statusDetails" : "XFAIL\n\nselenium.common.exceptions.TimeoutException: Message: Can't find element by locator ('xpath', '//a[text()=\"Упражнения\"]')\nStacktrace:\n#0 0x5575f1c857fa <unknown>\n#1 0x5575f1729e90 <unknown>\n#2 0x5575f177b870 <unknown>\n#3 0x5575f177ba61 <unknown>\n#4 0x5575f17c9cb4 <unknown>\n#5 0x5575f17a126d <unknown>\n#6 0x5575f17c7135 <unknown>\n#7 0x5575f17a1013 <unknown>\n#8 0x5575f176db3b <unknown>\n#9 0x5575f176e7a1 <unknown>\n#10 0x5575f1c4ab9b <unknown>\n#11 0x5575f1c4ea8a <unknown>\n#12 0x5575f1c32912 <unknown>\n#13 0x5575f1c4f604 <unknown>\n#14 0x5575f1c1774f <unknown>\n#15 0x5575f1c73678 <unknown>\n#16 0x5575f1c73856 <unknown>\n#17 0x5575f1c84666 <unknown>\n#18 0x7fb42d29caa4 <unknown>\n#19 0x7fb42d329c3c <unknown>",
        "time" : {
          "start" : 1746953098851,
          "stop" : 1746953118936,
          "duration" : 20085
        }
      }, {
        "uid" : "4b2144254f612a64",
        "reportUrl" : "https://Brain-up.github.io/auto-tests-python/361//#testresult/4b2144254f612a64",
        "status" : "skipped",
        "statusDetails" : "XFAIL\n\nselenium.common.exceptions.TimeoutException: Message: Can't find element by locator ('xpath', '//a[text()=\"Упражнения\"]')\nStacktrace:\n#0 0x564cd085f7fa <unknown>\n#1 0x564cd0303e90 <unknown>\n#2 0x564cd0355870 <unknown>\n#3 0x564cd0355a61 <unknown>\n#4 0x564cd03a3cb4 <unknown>\n#5 0x564cd037b26d <unknown>\n#6 0x564cd03a1135 <unknown>\n#7 0x564cd037b013 <unknown>\n#8 0x564cd0347b3b <unknown>\n#9 0x564cd03487a1 <unknown>\n#10 0x564cd0824b9b <unknown>\n#11 0x564cd0828a8a <unknown>\n#12 0x564cd080c912 <unknown>\n#13 0x564cd0829604 <unknown>\n#14 0x564cd07f174f <unknown>\n#15 0x564cd084d678 <unknown>\n#16 0x564cd084d856 <unknown>\n#17 0x564cd085e666 <unknown>\n#18 0x7fa3e589caa4 <unknown>\n#19 0x7fa3e5929c3c <unknown>",
        "time" : {
          "start" : 1746927285712,
          "stop" : 1746927305800,
          "duration" : 20088
        }
      }, {
        "uid" : "7b6c14eece59f9ff",
        "reportUrl" : "https://Brain-up.github.io/auto-tests-python/565//#testresult/7b6c14eece59f9ff",
        "status" : "skipped",
        "statusDetails" : "XFAIL\n\nselenium.common.exceptions.TimeoutException: Message: Can't find element by locator ('xpath', '//a[text()=\"Упражнения\"]')\nStacktrace:\n#0 0x55d0943597fa <unknown>\n#1 0x55d093dfde90 <unknown>\n#2 0x55d093e4f870 <unknown>\n#3 0x55d093e4fa61 <unknown>\n#4 0x55d093e9dcb4 <unknown>\n#5 0x55d093e7526d <unknown>\n#6 0x55d093e9b135 <unknown>\n#7 0x55d093e75013 <unknown>\n#8 0x55d093e41b3b <unknown>\n#9 0x55d093e427a1 <unknown>\n#10 0x55d09431eb9b <unknown>\n#11 0x55d094322a8a <unknown>\n#12 0x55d094306912 <unknown>\n#13 0x55d094323604 <unknown>\n#14 0x55d0942eb74f <unknown>\n#15 0x55d094347678 <unknown>\n#16 0x55d094347856 <unknown>\n#17 0x55d094358666 <unknown>\n#18 0x7f76b989caa4 <unknown>\n#19 0x7f76b9929c3c <unknown>",
        "time" : {
          "start" : 1746905154596,
          "stop" : 1746905174679,
          "duration" : 20083
        }
      }, {
        "uid" : "ce964edbacf5c2e4",
        "reportUrl" : "https://Brain-up.github.io/auto-tests-python/360//#testresult/ce964edbacf5c2e4",
        "status" : "skipped",
        "statusDetails" : "XFAIL\n\nselenium.common.exceptions.TimeoutException: Message: Can't find element by locator ('xpath', '//a[text()=\"Упражнения\"]')\nStacktrace:\n#0 0x564eafbf17fa <unknown>\n#1 0x564eaf695e90 <unknown>\n#2 0x564eaf6e7870 <unknown>\n#3 0x564eaf6e7a61 <unknown>\n#4 0x564eaf735cb4 <unknown>\n#5 0x564eaf70d26d <unknown>\n#6 0x564eaf733135 <unknown>\n#7 0x564eaf70d013 <unknown>\n#8 0x564eaf6d9b3b <unknown>\n#9 0x564eaf6da7a1 <unknown>\n#10 0x564eafbb6b9b <unknown>\n#11 0x564eafbbaa8a <unknown>\n#12 0x564eafb9e912 <unknown>\n#13 0x564eafbbb604 <unknown>\n#14 0x564eafb8374f <unknown>\n#15 0x564eafbdf678 <unknown>\n#16 0x564eafbdf856 <unknown>\n#17 0x564eafbf0666 <unknown>\n#18 0x7f530b49caa4 <unknown>\n#19 0x7f530b529c3c <unknown>",
        "time" : {
          "start" : 1746840532694,
          "stop" : 1746840552775,
          "duration" : 20081
        }
      }, {
        "uid" : "f9d2f7a23da547b8",
        "reportUrl" : "https://Brain-up.github.io/auto-tests-python/564//#testresult/f9d2f7a23da547b8",
        "status" : "skipped",
        "statusDetails" : "XFAIL\n\nselenium.common.exceptions.TimeoutException: Message: Can't find element by locator ('xpath', '//a[text()=\"Упражнения\"]')\nStacktrace:\n#0 0x556059bba7fa <unknown>\n#1 0x55605965ee90 <unknown>\n#2 0x5560596b0870 <unknown>\n#3 0x5560596b0a61 <unknown>\n#4 0x5560596fecb4 <unknown>\n#5 0x5560596d626d <unknown>\n#6 0x5560596fc135 <unknown>\n#7 0x5560596d6013 <unknown>\n#8 0x5560596a2b3b <unknown>\n#9 0x5560596a37a1 <unknown>\n#10 0x556059b7fb9b <unknown>\n#11 0x556059b83a8a <unknown>\n#12 0x556059b67912 <unknown>\n#13 0x556059b84604 <unknown>\n#14 0x556059b4c74f <unknown>\n#15 0x556059ba8678 <unknown>\n#16 0x556059ba8856 <unknown>\n#17 0x556059bb9666 <unknown>\n#18 0x7f6c3189caa4 <unknown>\n#19 0x7f6c31929c3c <unknown>",
        "time" : {
          "start" : 1746771126185,
          "stop" : 1746771146268,
          "duration" : 20083
        }
      }, {
        "uid" : "c7daf8f9f63aaaee",
        "reportUrl" : "https://Brain-up.github.io/auto-tests-python/359//#testresult/c7daf8f9f63aaaee",
        "status" : "passed",
        "statusDetails" : "XPASS",
        "time" : {
          "start" : 1746754277713,
          "stop" : 1746754327402,
          "duration" : 49689
        }
      }, {
        "uid" : "1eec50e17bece5ff",
        "reportUrl" : "https://Brain-up.github.io/auto-tests-python/563//#testresult/1eec50e17bece5ff",
        "status" : "passed",
        "statusDetails" : "XPASS",
        "time" : {
          "start" : 1746728277858,
          "stop" : 1746728328150,
          "duration" : 50292
        }
      } ]
    },
    "tags" : [ "@pytest.mark.xfail" ]
  },
  "source" : "9aa7e6261d2851e9.json",
  "parameterValues" : [ ]
}