{
  "uid" : "451839e26399d04",
  "name" : "Check progres-bar and buttons.",
  "fullName" : "tests.test_speech_exercises_en.TestCardsEN#test_progress_bar_is_present_en",
  "historyId" : "efb827312bdd34b296637645e49b0897",
  "time" : {
    "start" : 1744398061574,
    "stop" : 1744398081761,
    "duration" : 20187
  },
  "status" : "skipped",
  "statusMessage" : "XFAIL\n\nselenium.common.exceptions.TimeoutException: Message: Can't find element by locator ('xpath', '//button[@data-test-active-link=\"Words\"]')\nStacktrace:\n#0 0x561a59e58e6a <unknown>\n#1 0x561a5990a640 <unknown>\n#2 0x561a5995bb5a <unknown>\n#3 0x561a5995bd51 <unknown>\n#4 0x561a599aa344 <unknown>\n#5 0x561a5998177d <unknown>\n#6 0x561a599a77b5 <unknown>\n#7 0x561a59981523 <unknown>\n#8 0x561a5994def3 <unknown>\n#9 0x561a5994eb51 <unknown>\n#10 0x561a59e1dd2b <unknown>\n#11 0x561a59e21c01 <unknown>\n#12 0x561a59e05512 <unknown>\n#13 0x561a59e22774 <unknown>\n#14 0x561a59de990f <unknown>\n#15 0x561a59e46fb8 <unknown>\n#16 0x561a59e47196 <unknown>\n#17 0x561a59e57cb6 <unknown>\n#18 0x7f7d5869caa4 <unknown>\n#19 0x7f7d58729c3c <unknown>",
  "statusTrace" : "self = <tests.test_speech_exercises_en.TestCardsEN object at 0x7f4ac00d4980>\ndriver = <selenium.webdriver.chrome.webdriver.WebDriver (session=\"8b18c666514a7e036a97ab5dd54ae042\")>\nspecialist_user_authorized = None\n\n    @pytest.mark.xfail\n    @allure.suite(\"Speech exercises EN.\")\n    @allure.title('Check progres-bar and buttons.')\n    def test_progress_bar_is_present_en(self, driver, specialist_user_authorized):\n        page = SpeechExercisesPage(driver)\n>       page.select_group(SpeechExercisesPageLocators.WORDS_BUTTON_EN)\n\ntests/test_speech_exercises_en.py:34: \n_ _ _ _ _ _ _ _ _ _ _ _ _ _ _ _ _ _ _ _ _ _ _ _ _ _ _ _ _ _ _ _ _ _ _ _ _ _ _ _ \npages/speech_exercises_page_en.py:18: in select_group\n    text_of_the_button = self.element_is_present_and_clickable(selector_for_sub_group)\npages/base_page.py:40: in element_is_present_and_clickable\n    return (Wait(self.driver, self.timeout).until(\n_ _ _ _ _ _ _ _ _ _ _ _ _ _ _ _ _ _ _ _ _ _ _ _ _ _ _ _ _ _ _ _ _ _ _ _ _ _ _ _ \n\nself = <selenium.webdriver.support.wait.WebDriverWait (session=\"8b18c666514a7e036a97ab5dd54ae042\")>\nmethod = <function visibility_of_element_located.<locals>._predicate at 0x7f4abff5f920>\nmessage = 'Can\\'t find element by locator (\\'xpath\\', \\'//button[@data-test-active-link=\"Words\"]\\')'\n\n    def until(self, method, message: str = \"\"):\n        \"\"\"Calls the method provided with the driver as an argument until the \\\n        return value does not evaluate to ``False``.\n    \n        :param method: callable(WebDriver)\n        :param message: optional message for :exc:`TimeoutException`\n        :returns: the result of the last call to `method`\n        :raises: :exc:`selenium.common.exceptions.TimeoutException` if timeout occurs\n        \"\"\"\n        screen = None\n        stacktrace = None\n    \n        end_time = time.monotonic() + self._timeout\n        while True:\n            try:\n                value = method(self._driver)\n                if value:\n                    return value\n            except self._ignored_exceptions as exc:\n                screen = getattr(exc, \"screen\", None)\n                stacktrace = getattr(exc, \"stacktrace\", None)\n            time.sleep(self._poll)\n            if time.monotonic() > end_time:\n                break\n>       raise TimeoutException(message, screen, stacktrace)\nE       selenium.common.exceptions.TimeoutException: Message: Can't find element by locator ('xpath', '//button[@data-test-active-link=\"Words\"]')\nE       Stacktrace:\nE       #0 0x561a59e58e6a <unknown>\nE       #1 0x561a5990a640 <unknown>\nE       #2 0x561a5995bb5a <unknown>\nE       #3 0x561a5995bd51 <unknown>\nE       #4 0x561a599aa344 <unknown>\nE       #5 0x561a5998177d <unknown>\nE       #6 0x561a599a77b5 <unknown>\nE       #7 0x561a59981523 <unknown>\nE       #8 0x561a5994def3 <unknown>\nE       #9 0x561a5994eb51 <unknown>\nE       #10 0x561a59e1dd2b <unknown>\nE       #11 0x561a59e21c01 <unknown>\nE       #12 0x561a59e05512 <unknown>\nE       #13 0x561a59e22774 <unknown>\nE       #14 0x561a59de990f <unknown>\nE       #15 0x561a59e46fb8 <unknown>\nE       #16 0x561a59e47196 <unknown>\nE       #17 0x561a59e57cb6 <unknown>\nE       #18 0x7f7d5869caa4 <unknown>\nE       #19 0x7f7d58729c3c <unknown>\n\n/opt/hostedtoolcache/Python/3.12.9/x64/lib/python3.12/site-packages/selenium/webdriver/support/wait.py:95: TimeoutException",
  "flaky" : false,
  "newFailed" : false,
  "beforeStages" : [ {
    "name" : "specialist_user_authorized",
    "time" : {
      "start" : 1744398059137,
      "stop" : 1744398061573,
      "duration" : 2436
    },
    "status" : "passed",
    "steps" : [ {
      "name" : "USER specialist authorized",
      "time" : {
        "start" : 1744398059137,
        "stop" : 1744398061573,
        "duration" : 2436
      },
      "status" : "passed",
      "steps" : [ {
        "name" : "Check url is present: https://www.brainup.site/groups",
        "time" : {
          "start" : 1744398059534,
          "stop" : 1744398061552,
          "duration" : 2018
        },
        "status" : "passed",
        "steps" : [ ],
        "attachments" : [ ],
        "parameters" : [ ],
        "stepsCount" : 0,
        "attachmentsCount" : 0,
        "shouldDisplayMessage" : false,
        "hasContent" : false
      }, {
        "name" : "Loader checking",
        "time" : {
          "start" : 1744398061552,
          "stop" : 1744398061573,
          "duration" : 21
        },
        "status" : "passed",
        "steps" : [ ],
        "attachments" : [ ],
        "parameters" : [ ],
        "stepsCount" : 0,
        "attachmentsCount" : 0,
        "shouldDisplayMessage" : false,
        "hasContent" : false
      } ],
      "attachments" : [ ],
      "parameters" : [ {
        "name" : "driver",
        "value" : "<selenium.webdriver.chrome.webdriver.WebDriver (session=\"8b18c666514a7e036a97ab5dd54ae042\")>"
      }, {
        "name" : "main_page_open",
        "value" : "None"
      } ],
      "stepsCount" : 2,
      "attachmentsCount" : 0,
      "shouldDisplayMessage" : false,
      "hasContent" : true
    } ],
    "attachments" : [ ],
    "parameters" : [ ],
    "stepsCount" : 3,
    "attachmentsCount" : 0,
    "shouldDisplayMessage" : false,
    "hasContent" : true
  }, {
    "name" : "clear_allure_results_folder",
    "time" : {
      "start" : 1744396733523,
      "stop" : 1744396733523,
      "duration" : 0
    },
    "status" : "passed",
    "steps" : [ ],
    "attachments" : [ ],
    "parameters" : [ ],
    "stepsCount" : 0,
    "attachmentsCount" : 0,
    "shouldDisplayMessage" : false,
    "hasContent" : false
  }, {
    "name" : "main_page_open",
    "time" : {
      "start" : 1744398056394,
      "stop" : 1744398059137,
      "duration" : 2743
    },
    "status" : "passed",
    "steps" : [ {
      "name" : "Open page: https://www.brainup.site/",
      "time" : {
        "start" : 1744398056394,
        "stop" : 1744398059137,
        "duration" : 2743
      },
      "status" : "passed",
      "steps" : [ ],
      "attachments" : [ ],
      "parameters" : [ {
        "name" : "driver",
        "value" : "<selenium.webdriver.chrome.webdriver.WebDriver (session=\"8b18c666514a7e036a97ab5dd54ae042\")>"
      } ],
      "stepsCount" : 0,
      "attachmentsCount" : 0,
      "shouldDisplayMessage" : false,
      "hasContent" : true
    } ],
    "attachments" : [ ],
    "parameters" : [ ],
    "stepsCount" : 1,
    "attachmentsCount" : 0,
    "shouldDisplayMessage" : false,
    "hasContent" : true
  }, {
    "name" : "driver",
    "time" : {
      "start" : 1744398055559,
      "stop" : 1744398056393,
      "duration" : 834
    },
    "status" : "passed",
    "steps" : [ ],
    "attachments" : [ ],
    "parameters" : [ ],
    "stepsCount" : 0,
    "attachmentsCount" : 0,
    "shouldDisplayMessage" : false,
    "hasContent" : false
  } ],
  "testStage" : {
    "status" : "skipped",
    "statusMessage" : "XFAIL\n\nselenium.common.exceptions.TimeoutException: Message: Can't find element by locator ('xpath', '//button[@data-test-active-link=\"Words\"]')\nStacktrace:\n#0 0x561a59e58e6a <unknown>\n#1 0x561a5990a640 <unknown>\n#2 0x561a5995bb5a <unknown>\n#3 0x561a5995bd51 <unknown>\n#4 0x561a599aa344 <unknown>\n#5 0x561a5998177d <unknown>\n#6 0x561a599a77b5 <unknown>\n#7 0x561a59981523 <unknown>\n#8 0x561a5994def3 <unknown>\n#9 0x561a5994eb51 <unknown>\n#10 0x561a59e1dd2b <unknown>\n#11 0x561a59e21c01 <unknown>\n#12 0x561a59e05512 <unknown>\n#13 0x561a59e22774 <unknown>\n#14 0x561a59de990f <unknown>\n#15 0x561a59e46fb8 <unknown>\n#16 0x561a59e47196 <unknown>\n#17 0x561a59e57cb6 <unknown>\n#18 0x7f7d5869caa4 <unknown>\n#19 0x7f7d58729c3c <unknown>",
    "statusTrace" : "self = <tests.test_speech_exercises_en.TestCardsEN object at 0x7f4ac00d4980>\ndriver = <selenium.webdriver.chrome.webdriver.WebDriver (session=\"8b18c666514a7e036a97ab5dd54ae042\")>\nspecialist_user_authorized = None\n\n    @pytest.mark.xfail\n    @allure.suite(\"Speech exercises EN.\")\n    @allure.title('Check progres-bar and buttons.')\n    def test_progress_bar_is_present_en(self, driver, specialist_user_authorized):\n        page = SpeechExercisesPage(driver)\n>       page.select_group(SpeechExercisesPageLocators.WORDS_BUTTON_EN)\n\ntests/test_speech_exercises_en.py:34: \n_ _ _ _ _ _ _ _ _ _ _ _ _ _ _ _ _ _ _ _ _ _ _ _ _ _ _ _ _ _ _ _ _ _ _ _ _ _ _ _ \npages/speech_exercises_page_en.py:18: in select_group\n    text_of_the_button = self.element_is_present_and_clickable(selector_for_sub_group)\npages/base_page.py:40: in element_is_present_and_clickable\n    return (Wait(self.driver, self.timeout).until(\n_ _ _ _ _ _ _ _ _ _ _ _ _ _ _ _ _ _ _ _ _ _ _ _ _ _ _ _ _ _ _ _ _ _ _ _ _ _ _ _ \n\nself = <selenium.webdriver.support.wait.WebDriverWait (session=\"8b18c666514a7e036a97ab5dd54ae042\")>\nmethod = <function visibility_of_element_located.<locals>._predicate at 0x7f4abff5f920>\nmessage = 'Can\\'t find element by locator (\\'xpath\\', \\'//button[@data-test-active-link=\"Words\"]\\')'\n\n    def until(self, method, message: str = \"\"):\n        \"\"\"Calls the method provided with the driver as an argument until the \\\n        return value does not evaluate to ``False``.\n    \n        :param method: callable(WebDriver)\n        :param message: optional message for :exc:`TimeoutException`\n        :returns: the result of the last call to `method`\n        :raises: :exc:`selenium.common.exceptions.TimeoutException` if timeout occurs\n        \"\"\"\n        screen = None\n        stacktrace = None\n    \n        end_time = time.monotonic() + self._timeout\n        while True:\n            try:\n                value = method(self._driver)\n                if value:\n                    return value\n            except self._ignored_exceptions as exc:\n                screen = getattr(exc, \"screen\", None)\n                stacktrace = getattr(exc, \"stacktrace\", None)\n            time.sleep(self._poll)\n            if time.monotonic() > end_time:\n                break\n>       raise TimeoutException(message, screen, stacktrace)\nE       selenium.common.exceptions.TimeoutException: Message: Can't find element by locator ('xpath', '//button[@data-test-active-link=\"Words\"]')\nE       Stacktrace:\nE       #0 0x561a59e58e6a <unknown>\nE       #1 0x561a5990a640 <unknown>\nE       #2 0x561a5995bb5a <unknown>\nE       #3 0x561a5995bd51 <unknown>\nE       #4 0x561a599aa344 <unknown>\nE       #5 0x561a5998177d <unknown>\nE       #6 0x561a599a77b5 <unknown>\nE       #7 0x561a59981523 <unknown>\nE       #8 0x561a5994def3 <unknown>\nE       #9 0x561a5994eb51 <unknown>\nE       #10 0x561a59e1dd2b <unknown>\nE       #11 0x561a59e21c01 <unknown>\nE       #12 0x561a59e05512 <unknown>\nE       #13 0x561a59e22774 <unknown>\nE       #14 0x561a59de990f <unknown>\nE       #15 0x561a59e46fb8 <unknown>\nE       #16 0x561a59e47196 <unknown>\nE       #17 0x561a59e57cb6 <unknown>\nE       #18 0x7f7d5869caa4 <unknown>\nE       #19 0x7f7d58729c3c <unknown>\n\n/opt/hostedtoolcache/Python/3.12.9/x64/lib/python3.12/site-packages/selenium/webdriver/support/wait.py:95: TimeoutException",
    "steps" : [ {
      "name" : "select_group",
      "time" : {
        "start" : 1744398061574,
        "stop" : 1744398081760,
        "duration" : 20186
      },
      "status" : "broken",
      "statusMessage" : "selenium.common.exceptions.TimeoutException: Message: Can't find element by locator ('xpath', '//button[@data-test-active-link=\"Words\"]')\nStacktrace:\n#0 0x561a59e58e6a <unknown>\n#1 0x561a5990a640 <unknown>\n#2 0x561a5995bb5a <unknown>\n#3 0x561a5995bd51 <unknown>\n#4 0x561a599aa344 <unknown>\n#5 0x561a5998177d <unknown>\n#6 0x561a599a77b5 <unknown>\n#7 0x561a59981523 <unknown>\n#8 0x561a5994def3 <unknown>\n#9 0x561a5994eb51 <unknown>\n#10 0x561a59e1dd2b <unknown>\n#11 0x561a59e21c01 <unknown>\n#12 0x561a59e05512 <unknown>\n#13 0x561a59e22774 <unknown>\n#14 0x561a59de990f <unknown>\n#15 0x561a59e46fb8 <unknown>\n#16 0x561a59e47196 <unknown>\n#17 0x561a59e57cb6 <unknown>\n#18 0x7f7d5869caa4 <unknown>\n#19 0x7f7d58729c3c <unknown>\n\n",
      "statusTrace" : "  File \"/opt/hostedtoolcache/Python/3.12.9/x64/lib/python3.12/site-packages/allure_commons/_allure.py\", line 192, in impl\n    return func(*a, **kw)\n           ^^^^^^^^^^^^^^\n  File \"/home/runner/work/auto-tests-python/auto-tests-python/pages/speech_exercises_page_en.py\", line 18, in select_group\n    text_of_the_button = self.element_is_present_and_clickable(selector_for_sub_group)\n                         ^^^^^^^^^^^^^^^^^^^^^^^^^^^^^^^^^^^^^^^^^^^^^^^^^^^^^^^^^^^^^\n  File \"/home/runner/work/auto-tests-python/auto-tests-python/pages/base_page.py\", line 40, in element_is_present_and_clickable\n    return (Wait(self.driver, self.timeout).until(\n            ^^^^^^^^^^^^^^^^^^^^^^^^^^^^^^^^^^^^^^\n  File \"/opt/hostedtoolcache/Python/3.12.9/x64/lib/python3.12/site-packages/selenium/webdriver/support/wait.py\", line 95, in until\n    raise TimeoutException(message, screen, stacktrace)\n",
      "steps" : [ {
        "name" : "Select Russian language. Click \"EN\" button.",
        "time" : {
          "start" : 1744398061574,
          "stop" : 1744398061655,
          "duration" : 81
        },
        "status" : "passed",
        "steps" : [ ],
        "attachments" : [ ],
        "parameters" : [ ],
        "stepsCount" : 0,
        "attachmentsCount" : 0,
        "shouldDisplayMessage" : false,
        "hasContent" : false
      }, {
        "name" : "Click button \"SPEECH EXERCISES\".",
        "time" : {
          "start" : 1744398061655,
          "stop" : 1744398061730,
          "duration" : 75
        },
        "status" : "passed",
        "steps" : [ ],
        "attachments" : [ ],
        "parameters" : [ ],
        "stepsCount" : 0,
        "attachmentsCount" : 0,
        "shouldDisplayMessage" : false,
        "hasContent" : false
      } ],
      "attachments" : [ ],
      "parameters" : [ {
        "name" : "selector_for_sub_group",
        "value" : "('xpath', '//button[@data-test-active-link=\"Words\"]')"
      } ],
      "stepsCount" : 2,
      "attachmentsCount" : 0,
      "shouldDisplayMessage" : true,
      "hasContent" : true
    } ],
    "attachments" : [ ],
    "parameters" : [ ],
    "stepsCount" : 3,
    "attachmentsCount" : 0,
    "shouldDisplayMessage" : true,
    "hasContent" : true
  },
  "afterStages" : [ {
    "name" : "driver::0",
    "time" : {
      "start" : 1744398081771,
      "stop" : 1744398081839,
      "duration" : 68
    },
    "status" : "passed",
    "steps" : [ ],
    "attachments" : [ ],
    "parameters" : [ ],
    "stepsCount" : 0,
    "attachmentsCount" : 0,
    "shouldDisplayMessage" : false,
    "hasContent" : false
  } ],
  "labels" : [ {
    "name" : "suite",
    "value" : "Speech exercises EN."
  }, {
    "name" : "epic",
    "value" : "Speech exercises."
  }, {
    "name" : "tag",
    "value" : "@pytest.mark.xfail"
  }, {
    "name" : "parentSuite",
    "value" : "tests"
  }, {
    "name" : "subSuite",
    "value" : "TestCardsEN"
  }, {
    "name" : "host",
    "value" : "fv-az1118-677"
  }, {
    "name" : "thread",
    "value" : "2396-MainThread"
  }, {
    "name" : "framework",
    "value" : "pytest"
  }, {
    "name" : "language",
    "value" : "cpython3"
  }, {
    "name" : "package",
    "value" : "tests.test_speech_exercises_en"
  }, {
    "name" : "resultFormat",
    "value" : "allure2"
  } ],
  "parameters" : [ ],
  "links" : [ ],
  "hidden" : false,
  "retry" : false,
  "extra" : {
    "severity" : "normal",
    "retries" : [ ],
    "categories" : [ ],
    "history" : {
      "statistic" : {
        "failed" : 0,
        "broken" : 0,
        "skipped" : 89,
        "passed" : 2,
        "unknown" : 0,
        "total" : 91
      },
      "items" : [ {
        "uid" : "9a0a3214a77ebae3",
        "reportUrl" : "https://Brain-up.github.io/auto-tests-python/331//#testresult/9a0a3214a77ebae3",
        "status" : "skipped",
        "statusDetails" : "XFAIL\n\nselenium.common.exceptions.TimeoutException: Message: Can't find element by locator ('xpath', '//button[@data-test-active-link=\"Words\"]')\nStacktrace:\n#0 0x55bad6e62e6a <unknown>\n#1 0x55bad6914640 <unknown>\n#2 0x55bad6965b5a <unknown>\n#3 0x55bad6965d51 <unknown>\n#4 0x55bad69b4344 <unknown>\n#5 0x55bad698b77d <unknown>\n#6 0x55bad69b17b5 <unknown>\n#7 0x55bad698b523 <unknown>\n#8 0x55bad6957ef3 <unknown>\n#9 0x55bad6958b51 <unknown>\n#10 0x55bad6e27d2b <unknown>\n#11 0x55bad6e2bc01 <unknown>\n#12 0x55bad6e0f512 <unknown>\n#13 0x55bad6e2c774 <unknown>\n#14 0x55bad6df390f <unknown>\n#15 0x55bad6e50fb8 <unknown>\n#16 0x55bad6e51196 <unknown>\n#17 0x55bad6e61cb6 <unknown>\n#18 0x7fdfed09caa4 <unknown>\n#19 0x7fdfed129c3c <unknown>",
        "time" : {
          "start" : 1744334537957,
          "stop" : 1744334558134,
          "duration" : 20177
        }
      }, {
        "uid" : "1ab0e44cbc497d4c",
        "reportUrl" : "https://Brain-up.github.io/auto-tests-python/535//#testresult/1ab0e44cbc497d4c",
        "status" : "skipped",
        "statusDetails" : "XFAIL\n\nselenium.common.exceptions.TimeoutException: Message: Can't find element by locator ('xpath', '//button[@data-test-active-link=\"Words\"]')\nStacktrace:\n#0 0x555cb2191a1a <unknown>\n#1 0x555cb1c49390 <unknown>\n#2 0x555cb1c9ac85 <unknown>\n#3 0x555cb1c9aeb1 <unknown>\n#4 0x555cb1ce9d64 <unknown>\n#5 0x555cb1cc0bfd <unknown>\n#6 0x555cb1ce707b <unknown>\n#7 0x555cb1cc09a3 <unknown>\n#8 0x555cb1c8c60e <unknown>\n#9 0x555cb1c8ddd1 <unknown>\n#10 0x555cb2157ddb <unknown>\n#11 0x555cb215bcbc <unknown>\n#12 0x555cb213f392 <unknown>\n#13 0x555cb215c834 <unknown>\n#14 0x555cb21231ef <unknown>\n#15 0x555cb2180038 <unknown>\n#16 0x555cb2180216 <unknown>\n#17 0x555cb2190896 <unknown>\n#18 0x7fb7b0a9caa4 <unknown>\n#19 0x7fb7b0b29c3c <unknown>",
        "time" : {
          "start" : 1744308062836,
          "stop" : 1744308083018,
          "duration" : 20182
        }
      }, {
        "uid" : "a1d231ef9bdd7069",
        "reportUrl" : "https://Brain-up.github.io/auto-tests-python/330//#testresult/a1d231ef9bdd7069",
        "status" : "skipped",
        "statusDetails" : "XFAIL\n\nselenium.common.exceptions.TimeoutException: Message: Can't find element by locator ('xpath', '//button[@data-test-active-link=\"Words\"]')\nStacktrace:\n#0 0x564b5c318e6a <unknown>\n#1 0x564b5bdca640 <unknown>\n#2 0x564b5be1bb5a <unknown>\n#3 0x564b5be1bd51 <unknown>\n#4 0x564b5be6a344 <unknown>\n#5 0x564b5be4177d <unknown>\n#6 0x564b5be677b5 <unknown>\n#7 0x564b5be41523 <unknown>\n#8 0x564b5be0def3 <unknown>\n#9 0x564b5be0eb51 <unknown>\n#10 0x564b5c2ddd2b <unknown>\n#11 0x564b5c2e1c01 <unknown>\n#12 0x564b5c2c5512 <unknown>\n#13 0x564b5c2e2774 <unknown>\n#14 0x564b5c2a990f <unknown>\n#15 0x564b5c306fb8 <unknown>\n#16 0x564b5c307196 <unknown>\n#17 0x564b5c317cb6 <unknown>\n#18 0x7f1fe9c9caa4 <unknown>\n#19 0x7f1fe9d29c3c <unknown>",
        "time" : {
          "start" : 1744248112200,
          "stop" : 1744248132366,
          "duration" : 20166
        }
      }, {
        "uid" : "ea34a7b5586f8d11",
        "reportUrl" : "https://Brain-up.github.io/auto-tests-python/534//#testresult/ea34a7b5586f8d11",
        "status" : "skipped",
        "statusDetails" : "XFAIL\n\nselenium.common.exceptions.TimeoutException: Message: Can't find element by locator ('xpath', '//button[@data-test-active-link=\"Words\"]')\nStacktrace:\n#0 0x556eb25beffa <unknown>\n#1 0x556eb207d970 <unknown>\n#2 0x556eb20cf385 <unknown>\n#3 0x556eb20cf5b1 <unknown>\n#4 0x556eb211e3c4 <unknown>\n#5 0x556eb20f52bd <unknown>\n#6 0x556eb211b70c <unknown>\n#7 0x556eb20f5063 <unknown>\n#8 0x556eb20c1328 <unknown>\n#9 0x556eb20c2491 <unknown>\n#10 0x556eb258642b <unknown>\n#11 0x556eb258a2ec <unknown>\n#12 0x556eb256da22 <unknown>\n#13 0x556eb258ae64 <unknown>\n#14 0x556eb2551bef <unknown>\n#15 0x556eb25ad558 <unknown>\n#16 0x556eb25ad736 <unknown>\n#17 0x556eb25bde76 <unknown>\n#18 0x7fc6afc9caa4 <unknown>\n#19 0x7fc6afd29c3c <unknown>",
        "time" : {
          "start" : 1744198842118,
          "stop" : 1744198862266,
          "duration" : 20148
        }
      }, {
        "uid" : "ceac8c95305c951e",
        "reportUrl" : "https://Brain-up.github.io/auto-tests-python/329//#testresult/ceac8c95305c951e",
        "status" : "skipped",
        "statusDetails" : "XFAIL\n\nselenium.common.exceptions.TimeoutException: Message: Can't find element by locator ('xpath', '//button[@data-test-active-link=\"Words\"]')\nStacktrace:\n#0 0x55f5fe599ffa <unknown>\n#1 0x55f5fe058970 <unknown>\n#2 0x55f5fe0aa385 <unknown>\n#3 0x55f5fe0aa5b1 <unknown>\n#4 0x55f5fe0f93c4 <unknown>\n#5 0x55f5fe0d02bd <unknown>\n#6 0x55f5fe0f670c <unknown>\n#7 0x55f5fe0d0063 <unknown>\n#8 0x55f5fe09c328 <unknown>\n#9 0x55f5fe09d491 <unknown>\n#10 0x55f5fe56142b <unknown>\n#11 0x55f5fe5652ec <unknown>\n#12 0x55f5fe548a22 <unknown>\n#13 0x55f5fe565e64 <unknown>\n#14 0x55f5fe52cbef <unknown>\n#15 0x55f5fe588558 <unknown>\n#16 0x55f5fe588736 <unknown>\n#17 0x55f5fe598e76 <unknown>\n#18 0x7f835fa9caa4 <unknown>\n#19 0x7f835fb29c3c <unknown>",
        "time" : {
          "start" : 1744161900344,
          "stop" : 1744161921004,
          "duration" : 20660
        }
      }, {
        "uid" : "d66ef304d365e833",
        "reportUrl" : "https://Brain-up.github.io/auto-tests-python/533//#testresult/d66ef304d365e833",
        "status" : "skipped",
        "statusDetails" : "XFAIL\n\nselenium.common.exceptions.TimeoutException: Message: Can't find element by locator ('xpath', '//button[@data-test-active-link=\"Words\"]')\nStacktrace:\n#0 0x565290fbeffa <unknown>\n#1 0x565290a7d970 <unknown>\n#2 0x565290acf385 <unknown>\n#3 0x565290acf5b1 <unknown>\n#4 0x565290b1e3c4 <unknown>\n#5 0x565290af52bd <unknown>\n#6 0x565290b1b70c <unknown>\n#7 0x565290af5063 <unknown>\n#8 0x565290ac1328 <unknown>\n#9 0x565290ac2491 <unknown>\n#10 0x565290f8642b <unknown>\n#11 0x565290f8a2ec <unknown>\n#12 0x565290f6da22 <unknown>\n#13 0x565290f8ae64 <unknown>\n#14 0x565290f51bef <unknown>\n#15 0x565290fad558 <unknown>\n#16 0x565290fad736 <unknown>\n#17 0x565290fbde76 <unknown>\n#18 0x7f7869a9caa4 <unknown>\n#19 0x7f7869b29c3c <unknown>",
        "time" : {
          "start" : 1744148380685,
          "stop" : 1744148401262,
          "duration" : 20577
        }
      }, {
        "uid" : "5bda997263b5d609",
        "reportUrl" : "https://Brain-up.github.io/auto-tests-python/328//#testresult/5bda997263b5d609",
        "status" : "skipped",
        "statusDetails" : "XFAIL\n\nselenium.common.exceptions.TimeoutException: Message: Can't find element by locator ('xpath', '//button[@data-test-active-link=\"Words\"]')\nStacktrace:\n#0 0x556953524ffa <unknown>\n#1 0x556952fe3970 <unknown>\n#2 0x556953035385 <unknown>\n#3 0x5569530355b1 <unknown>\n#4 0x5569530843c4 <unknown>\n#5 0x55695305b2bd <unknown>\n#6 0x55695308170c <unknown>\n#7 0x55695305b063 <unknown>\n#8 0x556953027328 <unknown>\n#9 0x556953028491 <unknown>\n#10 0x5569534ec42b <unknown>\n#11 0x5569534f02ec <unknown>\n#12 0x5569534d3a22 <unknown>\n#13 0x5569534f0e64 <unknown>\n#14 0x5569534b7bef <unknown>\n#15 0x556953513558 <unknown>\n#16 0x556953513736 <unknown>\n#17 0x556953523e76 <unknown>\n#18 0x7fc8fe69caa4 <unknown>\n#19 0x7fc8fe729c3c <unknown>",
        "time" : {
          "start" : 1744075253399,
          "stop" : 1744075273555,
          "duration" : 20156
        }
      }, {
        "uid" : "6e9a0eaa389bd3a4",
        "reportUrl" : "https://Brain-up.github.io/auto-tests-python/532//#testresult/6e9a0eaa389bd3a4",
        "status" : "skipped",
        "statusDetails" : "XFAIL\n\nselenium.common.exceptions.TimeoutException: Message: Can't find element by locator ('xpath', '//button[@data-test-active-link=\"Words\"]')\nStacktrace:\n#0 0x56390f6ddffa <unknown>\n#1 0x56390f19c970 <unknown>\n#2 0x56390f1ee385 <unknown>\n#3 0x56390f1ee5b1 <unknown>\n#4 0x56390f23d3c4 <unknown>\n#5 0x56390f2142bd <unknown>\n#6 0x56390f23a70c <unknown>\n#7 0x56390f214063 <unknown>\n#8 0x56390f1e0328 <unknown>\n#9 0x56390f1e1491 <unknown>\n#10 0x56390f6a542b <unknown>\n#11 0x56390f6a92ec <unknown>\n#12 0x56390f68ca22 <unknown>\n#13 0x56390f6a9e64 <unknown>\n#14 0x56390f670bef <unknown>\n#15 0x56390f6cc558 <unknown>\n#16 0x56390f6cc736 <unknown>\n#17 0x56390f6dce76 <unknown>\n#18 0x7faa5329caa4 <unknown>\n#19 0x7faa53329c3c <unknown>",
        "time" : {
          "start" : 1744021970367,
          "stop" : 1744021990518,
          "duration" : 20151
        }
      }, {
        "uid" : "b23a749d4d0568a",
        "reportUrl" : "https://Brain-up.github.io/auto-tests-python/327//#testresult/b23a749d4d0568a",
        "status" : "skipped",
        "statusDetails" : "XFAIL\n\nselenium.common.exceptions.TimeoutException: Message: Can't find element by locator ('xpath', '//button[@data-test-active-link=\"Words\"]')\nStacktrace:\n#0 0x55e8c4088ffa <unknown>\n#1 0x55e8c3b47970 <unknown>\n#2 0x55e8c3b99385 <unknown>\n#3 0x55e8c3b995b1 <unknown>\n#4 0x55e8c3be83c4 <unknown>\n#5 0x55e8c3bbf2bd <unknown>\n#6 0x55e8c3be570c <unknown>\n#7 0x55e8c3bbf063 <unknown>\n#8 0x55e8c3b8b328 <unknown>\n#9 0x55e8c3b8c491 <unknown>\n#10 0x55e8c405042b <unknown>\n#11 0x55e8c40542ec <unknown>\n#12 0x55e8c4037a22 <unknown>\n#13 0x55e8c4054e64 <unknown>\n#14 0x55e8c401bbef <unknown>\n#15 0x55e8c4077558 <unknown>\n#16 0x55e8c4077736 <unknown>\n#17 0x55e8c4087e76 <unknown>\n#18 0x7fdab8a9caa4 <unknown>\n#19 0x7fdab8b29c3c <unknown>",
        "time" : {
          "start" : 1743989263866,
          "stop" : 1743989284020,
          "duration" : 20154
        }
      }, {
        "uid" : "c2ecde169635affc",
        "reportUrl" : "https://Brain-up.github.io/auto-tests-python/531//#testresult/c2ecde169635affc",
        "status" : "skipped",
        "statusDetails" : "XFAIL\n\nselenium.common.exceptions.TimeoutException: Message: Can't find element by locator ('xpath', '//button[@data-test-active-link=\"Words\"]')\nStacktrace:\n#0 0x55f06e1bcffa <unknown>\n#1 0x55f06dc7b970 <unknown>\n#2 0x55f06dccd385 <unknown>\n#3 0x55f06dccd5b1 <unknown>\n#4 0x55f06dd1c3c4 <unknown>\n#5 0x55f06dcf32bd <unknown>\n#6 0x55f06dd1970c <unknown>\n#7 0x55f06dcf3063 <unknown>\n#8 0x55f06dcbf328 <unknown>\n#9 0x55f06dcc0491 <unknown>\n#10 0x55f06e18442b <unknown>\n#11 0x55f06e1882ec <unknown>\n#12 0x55f06e16ba22 <unknown>\n#13 0x55f06e188e64 <unknown>\n#14 0x55f06e14fbef <unknown>\n#15 0x55f06e1ab558 <unknown>\n#16 0x55f06e1ab736 <unknown>\n#17 0x55f06e1bbe76 <unknown>\n#18 0x7f2e4d29caa4 <unknown>\n#19 0x7f2e4d329c3c <unknown>",
        "time" : {
          "start" : 1743970435290,
          "stop" : 1743970455451,
          "duration" : 20161
        }
      }, {
        "uid" : "5a61c7a0875335a9",
        "reportUrl" : "https://Brain-up.github.io/auto-tests-python/326//#testresult/5a61c7a0875335a9",
        "status" : "skipped",
        "statusDetails" : "XFAIL\n\nselenium.common.exceptions.TimeoutException: Message: Can't find element by locator ('xpath', '//button[@data-test-active-link=\"Words\"]')\nStacktrace:\n#0 0x55b5da3baffa <unknown>\n#1 0x55b5d9e79970 <unknown>\n#2 0x55b5d9ecb385 <unknown>\n#3 0x55b5d9ecb5b1 <unknown>\n#4 0x55b5d9f1a3c4 <unknown>\n#5 0x55b5d9ef12bd <unknown>\n#6 0x55b5d9f1770c <unknown>\n#7 0x55b5d9ef1063 <unknown>\n#8 0x55b5d9ebd328 <unknown>\n#9 0x55b5d9ebe491 <unknown>\n#10 0x55b5da38242b <unknown>\n#11 0x55b5da3862ec <unknown>\n#12 0x55b5da369a22 <unknown>\n#13 0x55b5da386e64 <unknown>\n#14 0x55b5da34dbef <unknown>\n#15 0x55b5da3a9558 <unknown>\n#16 0x55b5da3a9736 <unknown>\n#17 0x55b5da3b9e76 <unknown>\n#18 0x7f56bd29caa4 <unknown>\n#19 0x7f56bd329c3c <unknown>",
        "time" : {
          "start" : 1743902723402,
          "stop" : 1743902743572,
          "duration" : 20170
        }
      }, {
        "uid" : "4026892d181c77ad",
        "reportUrl" : "https://Brain-up.github.io/auto-tests-python/530//#testresult/4026892d181c77ad",
        "status" : "skipped",
        "statusDetails" : "XFAIL\n\nselenium.common.exceptions.TimeoutException: Message: Can't find element by locator ('xpath', '//button[@data-test-active-link=\"Words\"]')\nStacktrace:\n#0 0x56158b271ffa <unknown>\n#1 0x56158ad30970 <unknown>\n#2 0x56158ad82385 <unknown>\n#3 0x56158ad825b1 <unknown>\n#4 0x56158add13c4 <unknown>\n#5 0x56158ada82bd <unknown>\n#6 0x56158adce70c <unknown>\n#7 0x56158ada8063 <unknown>\n#8 0x56158ad74328 <unknown>\n#9 0x56158ad75491 <unknown>\n#10 0x56158b23942b <unknown>\n#11 0x56158b23d2ec <unknown>\n#12 0x56158b220a22 <unknown>\n#13 0x56158b23de64 <unknown>\n#14 0x56158b204bef <unknown>\n#15 0x56158b260558 <unknown>\n#16 0x56158b260736 <unknown>\n#17 0x56158b270e76 <unknown>\n#18 0x7fcd96a9caa4 <unknown>\n#19 0x7fcd96b29c3c <unknown>",
        "time" : {
          "start" : 1743844954674,
          "stop" : 1743844975308,
          "duration" : 20634
        }
      }, {
        "uid" : "bd775a4bb2873dcb",
        "reportUrl" : "https://Brain-up.github.io/auto-tests-python/325//#testresult/bd775a4bb2873dcb",
        "status" : "skipped",
        "statusDetails" : "XFAIL\n\nselenium.common.exceptions.TimeoutException: Message: Can't find element by locator ('xpath', '//button[@data-test-active-link=\"Words\"]')\nStacktrace:\n#0 0x55caead22ffa <unknown>\n#1 0x55caea7e1970 <unknown>\n#2 0x55caea833385 <unknown>\n#3 0x55caea8335b1 <unknown>\n#4 0x55caea8823c4 <unknown>\n#5 0x55caea8592bd <unknown>\n#6 0x55caea87f70c <unknown>\n#7 0x55caea859063 <unknown>\n#8 0x55caea825328 <unknown>\n#9 0x55caea826491 <unknown>\n#10 0x55caeacea42b <unknown>\n#11 0x55caeacee2ec <unknown>\n#12 0x55caeacd1a22 <unknown>\n#13 0x55caeaceee64 <unknown>\n#14 0x55caeacb5bef <unknown>\n#15 0x55caead11558 <unknown>\n#16 0x55caead11736 <unknown>\n#17 0x55caead21e76 <unknown>\n#18 0x7f6a63c9caa4 <unknown>\n#19 0x7f6a63d29c3c <unknown>",
        "time" : {
          "start" : 1743815995548,
          "stop" : 1743816015713,
          "duration" : 20165
        }
      }, {
        "uid" : "83e6a32f3b598e54",
        "reportUrl" : "https://Brain-up.github.io/auto-tests-python/529//#testresult/83e6a32f3b598e54",
        "status" : "skipped",
        "statusDetails" : "XFAIL\n\nselenium.common.exceptions.TimeoutException: Message: Can't find element by locator ('xpath', '//button[@data-test-active-link=\"Words\"]')\nStacktrace:\n#0 0x56086af49ffa <unknown>\n#1 0x56086aa08970 <unknown>\n#2 0x56086aa5a385 <unknown>\n#3 0x56086aa5a5b1 <unknown>\n#4 0x56086aaa93c4 <unknown>\n#5 0x56086aa802bd <unknown>\n#6 0x56086aaa670c <unknown>\n#7 0x56086aa80063 <unknown>\n#8 0x56086aa4c328 <unknown>\n#9 0x56086aa4d491 <unknown>\n#10 0x56086af1142b <unknown>\n#11 0x56086af152ec <unknown>\n#12 0x56086aef8a22 <unknown>\n#13 0x56086af15e64 <unknown>\n#14 0x56086aedcbef <unknown>\n#15 0x56086af38558 <unknown>\n#16 0x56086af38736 <unknown>\n#17 0x56086af48e76 <unknown>\n#18 0x7fb3fd69caa4 <unknown>\n#19 0x7fb3fd729c3c <unknown>",
        "time" : {
          "start" : 1743797629983,
          "stop" : 1743797650161,
          "duration" : 20178
        }
      }, {
        "uid" : "c3358f39a57cd371",
        "reportUrl" : "https://Brain-up.github.io/auto-tests-python/324//#testresult/c3358f39a57cd371",
        "status" : "skipped",
        "statusDetails" : "XFAIL\n\nselenium.common.exceptions.TimeoutException: Message: Can't find element by locator ('xpath', '//button[@data-test-active-link=\"Words\"]')\nStacktrace:\n#0 0x557e491a2ffa <unknown>\n#1 0x557e48c61970 <unknown>\n#2 0x557e48cb3385 <unknown>\n#3 0x557e48cb35b1 <unknown>\n#4 0x557e48d023c4 <unknown>\n#5 0x557e48cd92bd <unknown>\n#6 0x557e48cff70c <unknown>\n#7 0x557e48cd9063 <unknown>\n#8 0x557e48ca5328 <unknown>\n#9 0x557e48ca6491 <unknown>\n#10 0x557e4916a42b <unknown>\n#11 0x557e4916e2ec <unknown>\n#12 0x557e49151a22 <unknown>\n#13 0x557e4916ee64 <unknown>\n#14 0x557e49135bef <unknown>\n#15 0x557e49191558 <unknown>\n#16 0x557e49191736 <unknown>\n#17 0x557e491a1e76 <unknown>\n#18 0x7f2b16a9caa4 <unknown>\n#19 0x7f2b16b29c3c <unknown>",
        "time" : {
          "start" : 1743729778694,
          "stop" : 1743729798850,
          "duration" : 20156
        }
      }, {
        "uid" : "a48375a9f67130a7",
        "reportUrl" : "https://Brain-up.github.io/auto-tests-python/528//#testresult/a48375a9f67130a7",
        "status" : "skipped",
        "statusDetails" : "XFAIL\n\nselenium.common.exceptions.TimeoutException: Message: Can't find element by locator ('xpath', '//button[@data-test-active-link=\"Words\"]')\nStacktrace:\n#0 0x55cf028e4ffa <unknown>\n#1 0x55cf023a3970 <unknown>\n#2 0x55cf023f5385 <unknown>\n#3 0x55cf023f55b1 <unknown>\n#4 0x55cf024443c4 <unknown>\n#5 0x55cf0241b2bd <unknown>\n#6 0x55cf0244170c <unknown>\n#7 0x55cf0241b063 <unknown>\n#8 0x55cf023e7328 <unknown>\n#9 0x55cf023e8491 <unknown>\n#10 0x55cf028ac42b <unknown>\n#11 0x55cf028b02ec <unknown>\n#12 0x55cf02893a22 <unknown>\n#13 0x55cf028b0e64 <unknown>\n#14 0x55cf02877bef <unknown>\n#15 0x55cf028d3558 <unknown>\n#16 0x55cf028d3736 <unknown>\n#17 0x55cf028e3e76 <unknown>\n#18 0x7f5a7789caa4 <unknown>\n#19 0x7f5a77929c3c <unknown>",
        "time" : {
          "start" : 1743678149403,
          "stop" : 1743678169568,
          "duration" : 20165
        }
      }, {
        "uid" : "6b8ec9d33c9c7ba5",
        "reportUrl" : "https://Brain-up.github.io/auto-tests-python/323//#testresult/6b8ec9d33c9c7ba5",
        "status" : "skipped",
        "statusDetails" : "XFAIL\n\nselenium.common.exceptions.TimeoutException: Message: Can't find element by locator ('xpath', '//button[@data-test-active-link=\"Words\"]')\nStacktrace:\n#0 0x56426c718ffa <unknown>\n#1 0x56426c1d7970 <unknown>\n#2 0x56426c229385 <unknown>\n#3 0x56426c2295b1 <unknown>\n#4 0x56426c2783c4 <unknown>\n#5 0x56426c24f2bd <unknown>\n#6 0x56426c27570c <unknown>\n#7 0x56426c24f063 <unknown>\n#8 0x56426c21b328 <unknown>\n#9 0x56426c21c491 <unknown>\n#10 0x56426c6e042b <unknown>\n#11 0x56426c6e42ec <unknown>\n#12 0x56426c6c7a22 <unknown>\n#13 0x56426c6e4e64 <unknown>\n#14 0x56426c6abbef <unknown>\n#15 0x56426c707558 <unknown>\n#16 0x56426c707736 <unknown>\n#17 0x56426c717e76 <unknown>\n#18 0x7f3c94a9caa4 <unknown>\n#19 0x7f3c94b29c3c <unknown>",
        "time" : {
          "start" : 1743643536125,
          "stop" : 1743643556781,
          "duration" : 20656
        }
      }, {
        "uid" : "7530e494d93d40cd",
        "reportUrl" : "https://Brain-up.github.io/auto-tests-python/527//#testresult/7530e494d93d40cd",
        "status" : "skipped",
        "statusDetails" : "XFAIL\n\nselenium.common.exceptions.TimeoutException: Message: Can't find element by locator ('xpath', '//button[@data-test-active-link=\"Words\"]')\nStacktrace:\n#0 0x556c3a0d6ffa <unknown>\n#1 0x556c39b95970 <unknown>\n#2 0x556c39be7385 <unknown>\n#3 0x556c39be75b1 <unknown>\n#4 0x556c39c363c4 <unknown>\n#5 0x556c39c0d2bd <unknown>\n#6 0x556c39c3370c <unknown>\n#7 0x556c39c0d063 <unknown>\n#8 0x556c39bd9328 <unknown>\n#9 0x556c39bda491 <unknown>\n#10 0x556c3a09e42b <unknown>\n#11 0x556c3a0a22ec <unknown>\n#12 0x556c3a085a22 <unknown>\n#13 0x556c3a0a2e64 <unknown>\n#14 0x556c3a069bef <unknown>\n#15 0x556c3a0c5558 <unknown>\n#16 0x556c3a0c5736 <unknown>\n#17 0x556c3a0d5e76 <unknown>\n#18 0x7fa1c6e9caa4 <unknown>\n#19 0x7fa1c6f29c3c <unknown>",
        "time" : {
          "start" : 1743617376920,
          "stop" : 1743617397565,
          "duration" : 20645
        }
      }, {
        "uid" : "929e6888642a5256",
        "reportUrl" : "https://Brain-up.github.io/auto-tests-python/322//#testresult/929e6888642a5256",
        "status" : "skipped",
        "statusDetails" : "XFAIL\n\nselenium.common.exceptions.TimeoutException: Message: Can't find element by locator ('xpath', '//button[@data-test-active-link=\"Words\"]')\nStacktrace:\n#0 0x5561b106cffa <unknown>\n#1 0x5561b0b2b970 <unknown>\n#2 0x5561b0b7d385 <unknown>\n#3 0x5561b0b7d5b1 <unknown>\n#4 0x5561b0bcc3c4 <unknown>\n#5 0x5561b0ba32bd <unknown>\n#6 0x5561b0bc970c <unknown>\n#7 0x5561b0ba3063 <unknown>\n#8 0x5561b0b6f328 <unknown>\n#9 0x5561b0b70491 <unknown>\n#10 0x5561b103442b <unknown>\n#11 0x5561b10382ec <unknown>\n#12 0x5561b101ba22 <unknown>\n#13 0x5561b1038e64 <unknown>\n#14 0x5561b0fffbef <unknown>\n#15 0x5561b105b558 <unknown>\n#16 0x5561b105b736 <unknown>\n#17 0x5561b106be76 <unknown>\n#18 0x7f2856e9caa4 <unknown>\n#19 0x7f2856f29c3c <unknown>",
        "time" : {
          "start" : 1743556889580,
          "stop" : 1743556910236,
          "duration" : 20656
        }
      }, {
        "uid" : "f800e53e6f5d18ca",
        "reportUrl" : "https://Brain-up.github.io/auto-tests-python/526//#testresult/f800e53e6f5d18ca",
        "status" : "skipped",
        "statusDetails" : "XFAIL\n\nselenium.common.exceptions.TimeoutException: Message: Can't find element by locator ('xpath', '//button[@data-test-active-link=\"Words\"]')\nStacktrace:\n#0 0x561e37ff3ffa <unknown>\n#1 0x561e37ab2970 <unknown>\n#2 0x561e37b04385 <unknown>\n#3 0x561e37b045b1 <unknown>\n#4 0x561e37b533c4 <unknown>\n#5 0x561e37b2a2bd <unknown>\n#6 0x561e37b5070c <unknown>\n#7 0x561e37b2a063 <unknown>\n#8 0x561e37af6328 <unknown>\n#9 0x561e37af7491 <unknown>\n#10 0x561e37fbb42b <unknown>\n#11 0x561e37fbf2ec <unknown>\n#12 0x561e37fa2a22 <unknown>\n#13 0x561e37fbfe64 <unknown>\n#14 0x561e37f86bef <unknown>\n#15 0x561e37fe2558 <unknown>\n#16 0x561e37fe2736 <unknown>\n#17 0x561e37ff2e76 <unknown>\n#18 0x7fc49009caa4 <unknown>\n#19 0x7fc490129c3c <unknown>",
        "time" : {
          "start" : 1743534588112,
          "stop" : 1743534608265,
          "duration" : 20153
        }
      } ]
    },
    "tags" : [ "@pytest.mark.xfail" ]
  },
  "source" : "451839e26399d04.json",
  "parameterValues" : [ ]
}