{
  "uid" : "8993a111ddeba7d3",
  "name" : "Change the password by receiving an email link",
  "fullName" : "tests.profile_page_test.TestProfilePage#test_change_password",
  "historyId" : "9957e716460bffae2f2d96bf28fa1581",
  "time" : {
    "start" : 1729731900005,
    "stop" : 1729731961876,
    "duration" : 61871
  },
  "status" : "broken",
  "statusMessage" : "selenium.common.exceptions.TimeoutException: Message: Can't find element by locator ('xpath', '//input[@name=\"newPassword\"]')\nStacktrace:\n#0 0x557fd7b2c0aa <unknown>\n#1 0x557fd76431a0 <unknown>\n#2 0x557fd768fd06 <unknown>\n#3 0x557fd768ffa1 <unknown>\n#4 0x557fd76d5344 <unknown>\n#5 0x557fd76b3dad <unknown>\n#6 0x557fd76d2866 <unknown>\n#7 0x557fd76b3b23 <unknown>\n#8 0x557fd7682990 <unknown>\n#9 0x557fd768396e <unknown>\n#10 0x557fd7af816b <unknown>\n#11 0x557fd7afbf68 <unknown>\n#12 0x557fd7ae564c <unknown>\n#13 0x557fd7afcae7 <unknown>\n#14 0x557fd7aca4af <unknown>\n#15 0x557fd7b1a4f8 <unknown>\n#16 0x557fd7b1a6c0 <unknown>\n#17 0x557fd7b2af26 <unknown>\n#18 0x7f580d294ac3 <unknown>",
  "statusTrace" : "self = <tests.profile_page_test.TestProfilePage object at 0x7fe6c8572f90>\ndriver = <selenium.webdriver.chrome.webdriver.WebDriver (session=\"3c69863f54448cf59aa7990507e78f93\")>\nmain_page_open = None\n\n    @allure.title(\"Change the password by receiving an email link\")\n    def test_change_password(self, driver, main_page_open):\n        page = ProfilePage(driver)\n        page.open_login_page()\n        page.authorise_user()\n        page.loader_checking()\n        page.go_to_profile_page()\n        page.click_change_password_link()\n        page.field_recovery_email()\n        page.click_send_recovery_email_link()\n        link = page.get_link_change_password_by_email()\n        assert 'brainupspb' in link, \"The link to change the password was not received\"\n        driver.get(link)\n>       page.enter_new_password_field()\n\ntests/profile_page_test.py:24: \n_ _ _ _ _ _ _ _ _ _ _ _ _ _ _ _ _ _ _ _ _ _ _ _ _ _ _ _ _ _ _ _ _ _ _ _ _ _ _ _ \npages/profile_page.py:74: in enter_new_password_field\n    self.element_is_visible(ProfilePageLocators.NEW_PASSWORD).send_keys(choice([os.environ[\"CHANGE_PASSWORD\"],\npages/base_page.py:37: in element_is_visible\n    self.go_to_element(self.element_is_present(locator))\npages/base_page.py:51: in element_is_present\n    return Wait(self.driver, self.timeout).until(\n_ _ _ _ _ _ _ _ _ _ _ _ _ _ _ _ _ _ _ _ _ _ _ _ _ _ _ _ _ _ _ _ _ _ _ _ _ _ _ _ \n\nself = <selenium.webdriver.support.wait.WebDriverWait (session=\"3c69863f54448cf59aa7990507e78f93\")>\nmethod = <function presence_of_element_located.<locals>._predicate at 0x7fe6c84a5620>\nmessage = 'Can\\'t find element by locator (\\'xpath\\', \\'//input[@name=\"newPassword\"]\\')'\n\n    def until(self, method, message: str = \"\"):\n        \"\"\"Calls the method provided with the driver as an argument until the \\\n        return value does not evaluate to ``False``.\n    \n        :param method: callable(WebDriver)\n        :param message: optional message for :exc:`TimeoutException`\n        :returns: the result of the last call to `method`\n        :raises: :exc:`selenium.common.exceptions.TimeoutException` if timeout occurs\n        \"\"\"\n        screen = None\n        stacktrace = None\n    \n        end_time = time.monotonic() + self._timeout\n        while True:\n            try:\n                value = method(self._driver)\n                if value:\n                    return value\n            except self._ignored_exceptions as exc:\n                screen = getattr(exc, \"screen\", None)\n                stacktrace = getattr(exc, \"stacktrace\", None)\n            time.sleep(self._poll)\n            if time.monotonic() > end_time:\n                break\n>       raise TimeoutException(message, screen, stacktrace)\nE       selenium.common.exceptions.TimeoutException: Message: Can't find element by locator ('xpath', '//input[@name=\"newPassword\"]')\nE       Stacktrace:\nE       #0 0x557fd7b2c0aa <unknown>\nE       #1 0x557fd76431a0 <unknown>\nE       #2 0x557fd768fd06 <unknown>\nE       #3 0x557fd768ffa1 <unknown>\nE       #4 0x557fd76d5344 <unknown>\nE       #5 0x557fd76b3dad <unknown>\nE       #6 0x557fd76d2866 <unknown>\nE       #7 0x557fd76b3b23 <unknown>\nE       #8 0x557fd7682990 <unknown>\nE       #9 0x557fd768396e <unknown>\nE       #10 0x557fd7af816b <unknown>\nE       #11 0x557fd7afbf68 <unknown>\nE       #12 0x557fd7ae564c <unknown>\nE       #13 0x557fd7afcae7 <unknown>\nE       #14 0x557fd7aca4af <unknown>\nE       #15 0x557fd7b1a4f8 <unknown>\nE       #16 0x557fd7b1a6c0 <unknown>\nE       #17 0x557fd7b2af26 <unknown>\nE       #18 0x7f580d294ac3 <unknown>\n\n/opt/hostedtoolcache/Python/3.12.7/x64/lib/python3.12/site-packages/selenium/webdriver/support/wait.py:95: TimeoutException",
  "flaky" : false,
  "newFailed" : false,
  "beforeStages" : [ {
    "name" : "driver",
    "time" : {
      "start" : 1729731896521,
      "stop" : 1729731897302,
      "duration" : 781
    },
    "status" : "passed",
    "steps" : [ ],
    "attachments" : [ ],
    "parameters" : [ ],
    "stepsCount" : 0,
    "attachmentsCount" : 0,
    "shouldDisplayMessage" : false,
    "hasContent" : false
  }, {
    "name" : "clear_allure_results_folder",
    "time" : {
      "start" : 1729731350404,
      "stop" : 1729731350404,
      "duration" : 0
    },
    "status" : "passed",
    "steps" : [ ],
    "attachments" : [ ],
    "parameters" : [ ],
    "stepsCount" : 0,
    "attachmentsCount" : 0,
    "shouldDisplayMessage" : false,
    "hasContent" : false
  }, {
    "name" : "main_page_open",
    "time" : {
      "start" : 1729731897302,
      "stop" : 1729731900005,
      "duration" : 2703
    },
    "status" : "passed",
    "steps" : [ {
      "name" : "Open page: https://brainup.site/",
      "time" : {
        "start" : 1729731897302,
        "stop" : 1729731900005,
        "duration" : 2703
      },
      "status" : "passed",
      "steps" : [ ],
      "attachments" : [ ],
      "parameters" : [ {
        "name" : "driver",
        "value" : "<selenium.webdriver.chrome.webdriver.WebDriver (session=\"3c69863f54448cf59aa7990507e78f93\")>"
      } ],
      "stepsCount" : 0,
      "attachmentsCount" : 0,
      "shouldDisplayMessage" : false,
      "hasContent" : true
    } ],
    "attachments" : [ ],
    "parameters" : [ ],
    "stepsCount" : 1,
    "attachmentsCount" : 0,
    "shouldDisplayMessage" : false,
    "hasContent" : true
  } ],
  "testStage" : {
    "status" : "broken",
    "statusMessage" : "selenium.common.exceptions.TimeoutException: Message: Can't find element by locator ('xpath', '//input[@name=\"newPassword\"]')\nStacktrace:\n#0 0x557fd7b2c0aa <unknown>\n#1 0x557fd76431a0 <unknown>\n#2 0x557fd768fd06 <unknown>\n#3 0x557fd768ffa1 <unknown>\n#4 0x557fd76d5344 <unknown>\n#5 0x557fd76b3dad <unknown>\n#6 0x557fd76d2866 <unknown>\n#7 0x557fd76b3b23 <unknown>\n#8 0x557fd7682990 <unknown>\n#9 0x557fd768396e <unknown>\n#10 0x557fd7af816b <unknown>\n#11 0x557fd7afbf68 <unknown>\n#12 0x557fd7ae564c <unknown>\n#13 0x557fd7afcae7 <unknown>\n#14 0x557fd7aca4af <unknown>\n#15 0x557fd7b1a4f8 <unknown>\n#16 0x557fd7b1a6c0 <unknown>\n#17 0x557fd7b2af26 <unknown>\n#18 0x7f580d294ac3 <unknown>",
    "statusTrace" : "self = <tests.profile_page_test.TestProfilePage object at 0x7fe6c8572f90>\ndriver = <selenium.webdriver.chrome.webdriver.WebDriver (session=\"3c69863f54448cf59aa7990507e78f93\")>\nmain_page_open = None\n\n    @allure.title(\"Change the password by receiving an email link\")\n    def test_change_password(self, driver, main_page_open):\n        page = ProfilePage(driver)\n        page.open_login_page()\n        page.authorise_user()\n        page.loader_checking()\n        page.go_to_profile_page()\n        page.click_change_password_link()\n        page.field_recovery_email()\n        page.click_send_recovery_email_link()\n        link = page.get_link_change_password_by_email()\n        assert 'brainupspb' in link, \"The link to change the password was not received\"\n        driver.get(link)\n>       page.enter_new_password_field()\n\ntests/profile_page_test.py:24: \n_ _ _ _ _ _ _ _ _ _ _ _ _ _ _ _ _ _ _ _ _ _ _ _ _ _ _ _ _ _ _ _ _ _ _ _ _ _ _ _ \npages/profile_page.py:74: in enter_new_password_field\n    self.element_is_visible(ProfilePageLocators.NEW_PASSWORD).send_keys(choice([os.environ[\"CHANGE_PASSWORD\"],\npages/base_page.py:37: in element_is_visible\n    self.go_to_element(self.element_is_present(locator))\npages/base_page.py:51: in element_is_present\n    return Wait(self.driver, self.timeout).until(\n_ _ _ _ _ _ _ _ _ _ _ _ _ _ _ _ _ _ _ _ _ _ _ _ _ _ _ _ _ _ _ _ _ _ _ _ _ _ _ _ \n\nself = <selenium.webdriver.support.wait.WebDriverWait (session=\"3c69863f54448cf59aa7990507e78f93\")>\nmethod = <function presence_of_element_located.<locals>._predicate at 0x7fe6c84a5620>\nmessage = 'Can\\'t find element by locator (\\'xpath\\', \\'//input[@name=\"newPassword\"]\\')'\n\n    def until(self, method, message: str = \"\"):\n        \"\"\"Calls the method provided with the driver as an argument until the \\\n        return value does not evaluate to ``False``.\n    \n        :param method: callable(WebDriver)\n        :param message: optional message for :exc:`TimeoutException`\n        :returns: the result of the last call to `method`\n        :raises: :exc:`selenium.common.exceptions.TimeoutException` if timeout occurs\n        \"\"\"\n        screen = None\n        stacktrace = None\n    \n        end_time = time.monotonic() + self._timeout\n        while True:\n            try:\n                value = method(self._driver)\n                if value:\n                    return value\n            except self._ignored_exceptions as exc:\n                screen = getattr(exc, \"screen\", None)\n                stacktrace = getattr(exc, \"stacktrace\", None)\n            time.sleep(self._poll)\n            if time.monotonic() > end_time:\n                break\n>       raise TimeoutException(message, screen, stacktrace)\nE       selenium.common.exceptions.TimeoutException: Message: Can't find element by locator ('xpath', '//input[@name=\"newPassword\"]')\nE       Stacktrace:\nE       #0 0x557fd7b2c0aa <unknown>\nE       #1 0x557fd76431a0 <unknown>\nE       #2 0x557fd768fd06 <unknown>\nE       #3 0x557fd768ffa1 <unknown>\nE       #4 0x557fd76d5344 <unknown>\nE       #5 0x557fd76b3dad <unknown>\nE       #6 0x557fd76d2866 <unknown>\nE       #7 0x557fd76b3b23 <unknown>\nE       #8 0x557fd7682990 <unknown>\nE       #9 0x557fd768396e <unknown>\nE       #10 0x557fd7af816b <unknown>\nE       #11 0x557fd7afbf68 <unknown>\nE       #12 0x557fd7ae564c <unknown>\nE       #13 0x557fd7afcae7 <unknown>\nE       #14 0x557fd7aca4af <unknown>\nE       #15 0x557fd7b1a4f8 <unknown>\nE       #16 0x557fd7b1a6c0 <unknown>\nE       #17 0x557fd7b2af26 <unknown>\nE       #18 0x7f580d294ac3 <unknown>\n\n/opt/hostedtoolcache/Python/3.12.7/x64/lib/python3.12/site-packages/selenium/webdriver/support/wait.py:95: TimeoutException",
    "steps" : [ {
      "name" : "Open login page",
      "time" : {
        "start" : 1729731900006,
        "stop" : 1729731900127,
        "duration" : 121
      },
      "status" : "passed",
      "steps" : [ ],
      "attachments" : [ ],
      "parameters" : [ ],
      "stepsCount" : 0,
      "attachmentsCount" : 0,
      "shouldDisplayMessage" : false,
      "hasContent" : false
    }, {
      "name" : "Authorise user",
      "time" : {
        "start" : 1729731900127,
        "stop" : 1729731902450,
        "duration" : 2323
      },
      "status" : "passed",
      "steps" : [ {
        "name" : "Wait until url: https://brainup.site/profile will be changed.",
        "time" : {
          "start" : 1729731902437,
          "stop" : 1729731902450,
          "duration" : 13
        },
        "status" : "passed",
        "steps" : [ ],
        "attachments" : [ ],
        "parameters" : [ ],
        "stepsCount" : 0,
        "attachmentsCount" : 0,
        "shouldDisplayMessage" : false,
        "hasContent" : false
      } ],
      "attachments" : [ ],
      "parameters" : [ ],
      "stepsCount" : 1,
      "attachmentsCount" : 0,
      "shouldDisplayMessage" : false,
      "hasContent" : true
    }, {
      "name" : "Loader checking",
      "time" : {
        "start" : 1729731902450,
        "stop" : 1729731902987,
        "duration" : 537
      },
      "status" : "passed",
      "steps" : [ ],
      "attachments" : [ ],
      "parameters" : [ ],
      "stepsCount" : 0,
      "attachmentsCount" : 0,
      "shouldDisplayMessage" : false,
      "hasContent" : false
    }, {
      "name" : "Go to the Profile page",
      "time" : {
        "start" : 1729731902988,
        "stop" : 1729731903045,
        "duration" : 57
      },
      "status" : "passed",
      "steps" : [ ],
      "attachments" : [ ],
      "parameters" : [ ],
      "stepsCount" : 0,
      "attachmentsCount" : 0,
      "shouldDisplayMessage" : false,
      "hasContent" : false
    }, {
      "name" : "Click the button 'Change password'",
      "time" : {
        "start" : 1729731903046,
        "stop" : 1729731903750,
        "duration" : 704
      },
      "status" : "passed",
      "steps" : [ ],
      "attachments" : [ ],
      "parameters" : [ ],
      "stepsCount" : 0,
      "attachmentsCount" : 0,
      "shouldDisplayMessage" : false,
      "hasContent" : false
    }, {
      "name" : "Clear field the email and enter data",
      "time" : {
        "start" : 1729731903750,
        "stop" : 1729731903868,
        "duration" : 118
      },
      "status" : "passed",
      "steps" : [ ],
      "attachments" : [ ],
      "parameters" : [ ],
      "stepsCount" : 0,
      "attachmentsCount" : 0,
      "shouldDisplayMessage" : false,
      "hasContent" : false
    }, {
      "name" : "Click the button 'Send recovery email'",
      "time" : {
        "start" : 1729731903868,
        "stop" : 1729731908923,
        "duration" : 5055
      },
      "status" : "passed",
      "steps" : [ ],
      "attachments" : [ ],
      "parameters" : [ ],
      "stepsCount" : 0,
      "attachmentsCount" : 0,
      "shouldDisplayMessage" : false,
      "hasContent" : false
    }, {
      "name" : "Get a link to change the password by email",
      "time" : {
        "start" : 1729731908923,
        "stop" : 1729731911221,
        "duration" : 2298
      },
      "status" : "passed",
      "steps" : [ ],
      "attachments" : [ ],
      "parameters" : [ ],
      "stepsCount" : 0,
      "attachmentsCount" : 0,
      "shouldDisplayMessage" : false,
      "hasContent" : false
    }, {
      "name" : "Enter the data in the email field",
      "time" : {
        "start" : 1729731911568,
        "stop" : 1729731961875,
        "duration" : 50307
      },
      "status" : "broken",
      "statusMessage" : "selenium.common.exceptions.TimeoutException: Message: Can't find element by locator ('xpath', '//input[@name=\"newPassword\"]')\nStacktrace:\n#0 0x557fd7b2c0aa <unknown>\n#1 0x557fd76431a0 <unknown>\n#2 0x557fd768fd06 <unknown>\n#3 0x557fd768ffa1 <unknown>\n#4 0x557fd76d5344 <unknown>\n#5 0x557fd76b3dad <unknown>\n#6 0x557fd76d2866 <unknown>\n#7 0x557fd76b3b23 <unknown>\n#8 0x557fd7682990 <unknown>\n#9 0x557fd768396e <unknown>\n#10 0x557fd7af816b <unknown>\n#11 0x557fd7afbf68 <unknown>\n#12 0x557fd7ae564c <unknown>\n#13 0x557fd7afcae7 <unknown>\n#14 0x557fd7aca4af <unknown>\n#15 0x557fd7b1a4f8 <unknown>\n#16 0x557fd7b1a6c0 <unknown>\n#17 0x557fd7b2af26 <unknown>\n#18 0x7f580d294ac3 <unknown>\n\n",
      "statusTrace" : "  File \"/opt/hostedtoolcache/Python/3.12.7/x64/lib/python3.12/site-packages/allure_commons/_allure.py\", line 192, in impl\n    return func(*a, **kw)\n           ^^^^^^^^^^^^^^\n  File \"/home/runner/work/auto-tests-python/auto-tests-python/pages/profile_page.py\", line 74, in enter_new_password_field\n    self.element_is_visible(ProfilePageLocators.NEW_PASSWORD).send_keys(choice([os.environ[\"CHANGE_PASSWORD\"],\n    ^^^^^^^^^^^^^^^^^^^^^^^^^^^^^^^^^^^^^^^^^^^^^^^^^^^^^^^^^\n  File \"/home/runner/work/auto-tests-python/auto-tests-python/pages/base_page.py\", line 37, in element_is_visible\n    self.go_to_element(self.element_is_present(locator))\n                       ^^^^^^^^^^^^^^^^^^^^^^^^^^^^^^^^\n  File \"/home/runner/work/auto-tests-python/auto-tests-python/pages/base_page.py\", line 51, in element_is_present\n    return Wait(self.driver, self.timeout).until(\n           ^^^^^^^^^^^^^^^^^^^^^^^^^^^^^^^^^^^^^^\n  File \"/opt/hostedtoolcache/Python/3.12.7/x64/lib/python3.12/site-packages/selenium/webdriver/support/wait.py\", line 95, in until\n    raise TimeoutException(message, screen, stacktrace)\n",
      "steps" : [ ],
      "attachments" : [ ],
      "parameters" : [ ],
      "stepsCount" : 0,
      "attachmentsCount" : 0,
      "shouldDisplayMessage" : true,
      "hasContent" : true
    } ],
    "attachments" : [ {
      "uid" : "100390b93333f7fd",
      "name" : "Screenshot 2024-10-24 01:06:02.005081",
      "source" : "100390b93333f7fd.png",
      "type" : "image/png",
      "size" : 22281
    } ],
    "parameters" : [ ],
    "stepsCount" : 10,
    "attachmentsCount" : 1,
    "shouldDisplayMessage" : true,
    "hasContent" : true
  },
  "afterStages" : [ {
    "name" : "driver::0",
    "time" : {
      "start" : 1729731962006,
      "stop" : 1729731962103,
      "duration" : 97
    },
    "status" : "passed",
    "steps" : [ ],
    "attachments" : [ ],
    "parameters" : [ ],
    "stepsCount" : 0,
    "attachmentsCount" : 0,
    "shouldDisplayMessage" : false,
    "hasContent" : false
  } ],
  "labels" : [ {
    "name" : "epic",
    "value" : "Test Profile Page"
  }, {
    "name" : "parentSuite",
    "value" : "tests"
  }, {
    "name" : "suite",
    "value" : "profile_page_test"
  }, {
    "name" : "subSuite",
    "value" : "TestProfilePage"
  }, {
    "name" : "host",
    "value" : "fv-az775-215"
  }, {
    "name" : "thread",
    "value" : "2230-MainThread"
  }, {
    "name" : "framework",
    "value" : "pytest"
  }, {
    "name" : "language",
    "value" : "cpython3"
  }, {
    "name" : "package",
    "value" : "tests.profile_page_test"
  }, {
    "name" : "resultFormat",
    "value" : "allure2"
  } ],
  "parameters" : [ ],
  "links" : [ ],
  "hidden" : false,
  "retry" : false,
  "extra" : {
    "severity" : "normal",
    "retries" : [ ],
    "categories" : [ {
      "name" : "Test defects",
      "matchedStatuses" : [ ],
      "flaky" : false
    } ],
    "history" : {
      "statistic" : {
        "failed" : 0,
        "broken" : 38,
        "skipped" : 0,
        "passed" : 494,
        "unknown" : 0,
        "total" : 532
      },
      "items" : [ {
        "uid" : "c988c47956d201d",
        "reportUrl" : "https://Brain-up.github.io/auto-tests-python/344//#testresult/c988c47956d201d",
        "status" : "passed",
        "time" : {
          "start" : 1729711179380,
          "stop" : 1729711191743,
          "duration" : 12363
        }
      }, {
        "uid" : "fcbd6490401ed59c",
        "reportUrl" : "https://Brain-up.github.io/auto-tests-python/343//#testresult/fcbd6490401ed59c",
        "status" : "passed",
        "time" : {
          "start" : 1729676756087,
          "stop" : 1729676769483,
          "duration" : 13396
        }
      }, {
        "uid" : "5ccfc1872bb4754c",
        "reportUrl" : "https://Brain-up.github.io/auto-tests-python/161//#testresult/5ccfc1872bb4754c",
        "status" : "passed",
        "time" : {
          "start" : 1729645518319,
          "stop" : 1729645531868,
          "duration" : 13549
        }
      }, {
        "uid" : "9e7ad6a70b5dd7c5",
        "reportUrl" : "https://Brain-up.github.io/auto-tests-python/342//#testresult/9e7ad6a70b5dd7c5",
        "status" : "passed",
        "time" : {
          "start" : 1729590428993,
          "stop" : 1729590441220,
          "duration" : 12227
        }
      }, {
        "uid" : "cbc8042f78c87ab1",
        "reportUrl" : "https://Brain-up.github.io/auto-tests-python/341//#testresult/cbc8042f78c87ab1",
        "status" : "passed",
        "time" : {
          "start" : 1729588043136,
          "stop" : 1729588056897,
          "duration" : 13761
        }
      }, {
        "uid" : "28b0b0375ff152f",
        "reportUrl" : "https://Brain-up.github.io/auto-tests-python/160//#testresult/28b0b0375ff152f",
        "status" : "passed",
        "time" : {
          "start" : 1729559237193,
          "stop" : 1729559250236,
          "duration" : 13043
        }
      }, {
        "uid" : "2db2662cb448419",
        "reportUrl" : "https://Brain-up.github.io/auto-tests-python/340//#testresult/2db2662cb448419",
        "status" : "passed",
        "time" : {
          "start" : 1729509494703,
          "stop" : 1729509507414,
          "duration" : 12711
        }
      }, {
        "uid" : "dfc46168706bc49f",
        "reportUrl" : "https://Brain-up.github.io/auto-tests-python/339//#testresult/dfc46168706bc49f",
        "status" : "passed",
        "time" : {
          "start" : 1729507486078,
          "stop" : 1729507498293,
          "duration" : 12215
        }
      }, {
        "uid" : "51b6830cfa1a4871",
        "reportUrl" : "https://Brain-up.github.io/auto-tests-python/159//#testresult/51b6830cfa1a4871",
        "status" : "broken",
        "statusDetails" : "selenium.common.exceptions.TimeoutException: Message: Can't find element by locator ('xpath', '//input[@name=\"newPassword\"]')\nStacktrace:\n#0 0x55b6f6ee80aa <unknown>\n#1 0x55b6f69ff1a0 <unknown>\n#2 0x55b6f6a4bd06 <unknown>\n#3 0x55b6f6a4bfa1 <unknown>\n#4 0x55b6f6a91344 <unknown>\n#5 0x55b6f6a6fdad <unknown>\n#6 0x55b6f6a8e866 <unknown>\n#7 0x55b6f6a6fb23 <unknown>\n#8 0x55b6f6a3e990 <unknown>\n#9 0x55b6f6a3f96e <unknown>\n#10 0x55b6f6eb416b <unknown>\n#11 0x55b6f6eb7f68 <unknown>\n#12 0x55b6f6ea164c <unknown>\n#13 0x55b6f6eb8ae7 <unknown>\n#14 0x55b6f6e864af <unknown>\n#15 0x55b6f6ed64f8 <unknown>\n#16 0x55b6f6ed66c0 <unknown>\n#17 0x55b6f6ee6f26 <unknown>\n#18 0x7f73a1494ac3 <unknown>",
        "time" : {
          "start" : 1729472781087,
          "stop" : 1729472842185,
          "duration" : 61098
        }
      }, {
        "uid" : "181ef15dad67e4bd",
        "reportUrl" : "https://Brain-up.github.io/auto-tests-python/338//#testresult/181ef15dad67e4bd",
        "status" : "broken",
        "statusDetails" : "selenium.common.exceptions.TimeoutException: Message: Can't find element by locator ('xpath', '//input[@name=\"newPassword\"]')\nStacktrace:\n#0 0x5574988310aa <unknown>\n#1 0x5574983481a0 <unknown>\n#2 0x557498394d06 <unknown>\n#3 0x557498394fa1 <unknown>\n#4 0x5574983da344 <unknown>\n#5 0x5574983b8dad <unknown>\n#6 0x5574983d7866 <unknown>\n#7 0x5574983b8b23 <unknown>\n#8 0x557498387990 <unknown>\n#9 0x55749838896e <unknown>\n#10 0x5574987fd16b <unknown>\n#11 0x557498800f68 <unknown>\n#12 0x5574987ea64c <unknown>\n#13 0x557498801ae7 <unknown>\n#14 0x5574987cf4af <unknown>\n#15 0x55749881f4f8 <unknown>\n#16 0x55749881f6c0 <unknown>\n#17 0x55749882ff26 <unknown>\n#18 0x7f599ee94ac3 <unknown>",
        "time" : {
          "start" : 1729418736611,
          "stop" : 1729418798092,
          "duration" : 61481
        }
      }, {
        "uid" : "41fd5a38d12f185e",
        "reportUrl" : "https://Brain-up.github.io/auto-tests-python/337//#testresult/41fd5a38d12f185e",
        "status" : "broken",
        "statusDetails" : "selenium.common.exceptions.TimeoutException: Message: Can't find element by locator ('xpath', '//input[@name=\"newPassword\"]')\nStacktrace:\n#0 0x55ecdb8320aa <unknown>\n#1 0x55ecdb3491a0 <unknown>\n#2 0x55ecdb395d06 <unknown>\n#3 0x55ecdb395fa1 <unknown>\n#4 0x55ecdb3db344 <unknown>\n#5 0x55ecdb3b9dad <unknown>\n#6 0x55ecdb3d8866 <unknown>\n#7 0x55ecdb3b9b23 <unknown>\n#8 0x55ecdb388990 <unknown>\n#9 0x55ecdb38996e <unknown>\n#10 0x55ecdb7fe16b <unknown>\n#11 0x55ecdb801f68 <unknown>\n#12 0x55ecdb7eb64c <unknown>\n#13 0x55ecdb802ae7 <unknown>\n#14 0x55ecdb7d04af <unknown>\n#15 0x55ecdb8204f8 <unknown>\n#16 0x55ecdb8206c0 <unknown>\n#17 0x55ecdb830f26 <unknown>\n#18 0x7ff73e294ac3 <unknown>",
        "time" : {
          "start" : 1729409997288,
          "stop" : 1729410060362,
          "duration" : 63074
        }
      }, {
        "uid" : "71f1b233114470d7",
        "reportUrl" : "https://Brain-up.github.io/auto-tests-python/158//#testresult/71f1b233114470d7",
        "status" : "broken",
        "statusDetails" : "selenium.common.exceptions.TimeoutException: Message: Can't find element by locator ('xpath', '//input[@name=\"newPassword\"]')\nStacktrace:\n#0 0x5561f581b0aa <unknown>\n#1 0x5561f53321a0 <unknown>\n#2 0x5561f537ed06 <unknown>\n#3 0x5561f537efa1 <unknown>\n#4 0x5561f53c4344 <unknown>\n#5 0x5561f53a2dad <unknown>\n#6 0x5561f53c1866 <unknown>\n#7 0x5561f53a2b23 <unknown>\n#8 0x5561f5371990 <unknown>\n#9 0x5561f537296e <unknown>\n#10 0x5561f57e716b <unknown>\n#11 0x5561f57eaf68 <unknown>\n#12 0x5561f57d464c <unknown>\n#13 0x5561f57ebae7 <unknown>\n#14 0x5561f57b94af <unknown>\n#15 0x5561f58094f8 <unknown>\n#16 0x5561f58096c0 <unknown>\n#17 0x5561f5819f26 <unknown>\n#18 0x7fa08be94ac3 <unknown>",
        "time" : {
          "start" : 1729386709514,
          "stop" : 1729386773322,
          "duration" : 63808
        }
      }, {
        "uid" : "85ef27f75ad63dff",
        "reportUrl" : "https://Brain-up.github.io/auto-tests-python/336//#testresult/85ef27f75ad63dff",
        "status" : "passed",
        "time" : {
          "start" : 1729334790408,
          "stop" : 1729334802703,
          "duration" : 12295
        }
      }, {
        "uid" : "64ce6cf69e6e7b2a",
        "reportUrl" : "https://Brain-up.github.io/auto-tests-python/335//#testresult/64ce6cf69e6e7b2a",
        "status" : "broken",
        "statusDetails" : "selenium.common.exceptions.TimeoutException: Message: Can't find element by locator ('xpath', '//input[@name=\"newPassword\"]')\nStacktrace:\n#0 0x556a4004e0aa <unknown>\n#1 0x556a3fb651a0 <unknown>\n#2 0x556a3fbb1d06 <unknown>\n#3 0x556a3fbb1fa1 <unknown>\n#4 0x556a3fbf7344 <unknown>\n#5 0x556a3fbd5dad <unknown>\n#6 0x556a3fbf4866 <unknown>\n#7 0x556a3fbd5b23 <unknown>\n#8 0x556a3fba4990 <unknown>\n#9 0x556a3fba596e <unknown>\n#10 0x556a4001a16b <unknown>\n#11 0x556a4001df68 <unknown>\n#12 0x556a4000764c <unknown>\n#13 0x556a4001eae7 <unknown>\n#14 0x556a3ffec4af <unknown>\n#15 0x556a4003c4f8 <unknown>\n#16 0x556a4003c6c0 <unknown>\n#17 0x556a4004cf26 <unknown>\n#18 0x7f2f0be94ac3 <unknown>",
        "time" : {
          "start" : 1729333195684,
          "stop" : 1729333257492,
          "duration" : 61808
        }
      }, {
        "uid" : "f6d1f079995edf8c",
        "reportUrl" : "https://Brain-up.github.io/auto-tests-python/157//#testresult/f6d1f079995edf8c",
        "status" : "broken",
        "statusDetails" : "selenium.common.exceptions.TimeoutException: Message: Can't find element by locator ('xpath', '//input[@name=\"newPassword\"]')\nStacktrace:\n#0 0x55c9527550aa <unknown>\n#1 0x55c95226c1a0 <unknown>\n#2 0x55c9522b8d06 <unknown>\n#3 0x55c9522b8fa1 <unknown>\n#4 0x55c9522fe344 <unknown>\n#5 0x55c9522dcdad <unknown>\n#6 0x55c9522fb866 <unknown>\n#7 0x55c9522dcb23 <unknown>\n#8 0x55c9522ab990 <unknown>\n#9 0x55c9522ac96e <unknown>\n#10 0x55c95272116b <unknown>\n#11 0x55c952724f68 <unknown>\n#12 0x55c95270e64c <unknown>\n#13 0x55c952725ae7 <unknown>\n#14 0x55c9526f34af <unknown>\n#15 0x55c9527434f8 <unknown>\n#16 0x55c9527436c0 <unknown>\n#17 0x55c952753f26 <unknown>\n#18 0x7f5e0fc94ac3 <unknown>",
        "time" : {
          "start" : 1729299854263,
          "stop" : 1729299915848,
          "duration" : 61585
        }
      }, {
        "uid" : "7ce5f0230dfcc817",
        "reportUrl" : "https://Brain-up.github.io/auto-tests-python/334//#testresult/7ce5f0230dfcc817",
        "status" : "broken",
        "statusDetails" : "selenium.common.exceptions.TimeoutException: Message: Can't find element by locator ('xpath', '//input[@name=\"newPassword\"]')\nStacktrace:\n#0 0x55e6dee4b02a <unknown>\n#1 0x55e6deb315e0 <unknown>\n#2 0x55e6deb80be8 <unknown>\n#3 0x55e6deb80e81 <unknown>\n#4 0x55e6debc78c4 <unknown>\n#5 0x55e6deba5b4d <unknown>\n#6 0x55e6debc4d7d <unknown>\n#7 0x55e6deba58c3 <unknown>\n#8 0x55e6deb736b3 <unknown>\n#9 0x55e6deb7468e <unknown>\n#10 0x55e6dee15a2b <unknown>\n#11 0x55e6dee199b1 <unknown>\n#12 0x55e6dee02225 <unknown>\n#13 0x55e6dee1a532 <unknown>\n#14 0x55e6dede738f <unknown>\n#15 0x55e6dee39f28 <unknown>\n#16 0x55e6dee3a0f3 <unknown>\n#17 0x55e6dee49e7c <unknown>\n#18 0x7fcc20294ac3 <unknown>",
        "time" : {
          "start" : 1729243934542,
          "stop" : 1729243996124,
          "duration" : 61582
        }
      }, {
        "uid" : "4149c739148fec43",
        "reportUrl" : "https://Brain-up.github.io/auto-tests-python/333//#testresult/4149c739148fec43",
        "status" : "passed",
        "time" : {
          "start" : 1729242200683,
          "stop" : 1729242213416,
          "duration" : 12733
        }
      }, {
        "uid" : "782ee2c645aad4a0",
        "reportUrl" : "https://Brain-up.github.io/auto-tests-python/156//#testresult/782ee2c645aad4a0",
        "status" : "broken",
        "statusDetails" : "selenium.common.exceptions.TimeoutException: Message: Can't find element by locator ('xpath', '//input[@name=\"newPassword\"]')\nStacktrace:\n#0 0x55a4c785102a <unknown>\n#1 0x55a4c75375e0 <unknown>\n#2 0x55a4c7586be8 <unknown>\n#3 0x55a4c7586e81 <unknown>\n#4 0x55a4c75cd8c4 <unknown>\n#5 0x55a4c75abb4d <unknown>\n#6 0x55a4c75cad7d <unknown>\n#7 0x55a4c75ab8c3 <unknown>\n#8 0x55a4c75796b3 <unknown>\n#9 0x55a4c757a68e <unknown>\n#10 0x55a4c781ba2b <unknown>\n#11 0x55a4c781f9b1 <unknown>\n#12 0x55a4c7808225 <unknown>\n#13 0x55a4c7820532 <unknown>\n#14 0x55a4c77ed38f <unknown>\n#15 0x55a4c783ff28 <unknown>\n#16 0x55a4c78400f3 <unknown>\n#17 0x55a4c784fe7c <unknown>\n#18 0x7fa3c7a94ac3 <unknown>",
        "time" : {
          "start" : 1729213482614,
          "stop" : 1729213545179,
          "duration" : 62565
        }
      }, {
        "uid" : "b2ca82cace84cee0",
        "reportUrl" : "https://Brain-up.github.io/auto-tests-python/332//#testresult/b2ca82cace84cee0",
        "status" : "passed",
        "time" : {
          "start" : 1729154691898,
          "stop" : 1729154703392,
          "duration" : 11494
        }
      }, {
        "uid" : "3c134bba9f8fd137",
        "reportUrl" : "https://Brain-up.github.io/auto-tests-python/331//#testresult/3c134bba9f8fd137",
        "status" : "passed",
        "time" : {
          "start" : 1729152931003,
          "stop" : 1729152943805,
          "duration" : 12802
        }
      } ]
    },
    "tags" : [ ]
  },
  "source" : "8993a111ddeba7d3.json",
  "parameterValues" : [ ]
}