{
  "uid" : "9cb4388faffb51a3",
  "name" : "Select a random card from \"Similar phrases\" group and compare UI vs BACKEND data",
  "fullName" : "tests.test_speech_exercises_en.TestCardsEN#test_random_cards_in_similar_phrases_en",
  "historyId" : "106afe14e1824ad4b55b346a52794d4b",
  "time" : {
    "start" : 1731892885412,
    "stop" : 1731892905686,
    "duration" : 20274
  },
  "status" : "skipped",
  "statusMessage" : "XFAIL\n\nselenium.common.exceptions.TimeoutException: Message: Can't find element by locator ('xpath', '//button[@data-test-active-link=\"Similar phrases\"]')\nStacktrace:\n#0 0x56481189b4ca <unknown>\n#1 0x5648113ae620 <unknown>\n#2 0x5648113fd306 <unknown>\n#3 0x5648113fd5a1 <unknown>\n#4 0x564811442a04 <unknown>\n#5 0x56481142139d <unknown>\n#6 0x56481143fde0 <unknown>\n#7 0x564811421113 <unknown>\n#8 0x5648113efbe0 <unknown>\n#9 0x5648113f0bbe <unknown>\n#10 0x564811867e4b <unknown>\n#11 0x56481186bde2 <unknown>\n#12 0x564811854d2c <unknown>\n#13 0x56481186c957 <unknown>\n#14 0x56481183a4bf <unknown>\n#15 0x56481188a348 <unknown>\n#16 0x56481188a510 <unknown>\n#17 0x56481189a346 <unknown>\n#18 0x7f9ea5a94ac3 <unknown>",
  "statusTrace" : "self = <tests.test_speech_exercises_en.TestCardsEN object at 0x7fde19fe2540>\ndriver = <selenium.webdriver.chrome.webdriver.WebDriver (session=\"f900f1fcb77a2e939dd181ad75accf85\")>\nspecialist_user_authorized = None\n\n    @pytest.mark.xfail\n    @allure.suite(\"Speech exercises EN.\")\n    @allure.title('Select a random card from \"Similar phrases\" group and compare UI vs BACKEND data')\n    def test_random_cards_in_similar_phrases_en(self, driver, specialist_user_authorized):\n        page = SpeechExercisesPage(driver)\n>       page.select_group(SpeechExercisesPageLocators.SIMILAR_PHRASES_EN)\n\ntests/test_speech_exercises_en.py:57: \n_ _ _ _ _ _ _ _ _ _ _ _ _ _ _ _ _ _ _ _ _ _ _ _ _ _ _ _ _ _ _ _ _ _ _ _ _ _ _ _ \npages/speech_exercises_page_en.py:18: in select_group\n    text_of_the_button = self.element_is_present_and_clickable(selector_for_sub_group)\npages/base_page.py:32: in element_is_present_and_clickable\n    return (Wait(self.driver, self.timeout).until(\n_ _ _ _ _ _ _ _ _ _ _ _ _ _ _ _ _ _ _ _ _ _ _ _ _ _ _ _ _ _ _ _ _ _ _ _ _ _ _ _ \n\nself = <selenium.webdriver.support.wait.WebDriverWait (session=\"f900f1fcb77a2e939dd181ad75accf85\")>\nmethod = <function visibility_of_element_located.<locals>._predicate at 0x7fde1a064900>\nmessage = 'Can\\'t find element by locator (\\'xpath\\', \\'//button[@data-test-active-link=\"Similar phrases\"]\\')'\n\n    def until(self, method, message: str = \"\"):\n        \"\"\"Calls the method provided with the driver as an argument until the \\\n        return value does not evaluate to ``False``.\n    \n        :param method: callable(WebDriver)\n        :param message: optional message for :exc:`TimeoutException`\n        :returns: the result of the last call to `method`\n        :raises: :exc:`selenium.common.exceptions.TimeoutException` if timeout occurs\n        \"\"\"\n        screen = None\n        stacktrace = None\n    \n        end_time = time.monotonic() + self._timeout\n        while True:\n            try:\n                value = method(self._driver)\n                if value:\n                    return value\n            except self._ignored_exceptions as exc:\n                screen = getattr(exc, \"screen\", None)\n                stacktrace = getattr(exc, \"stacktrace\", None)\n            time.sleep(self._poll)\n            if time.monotonic() > end_time:\n                break\n>       raise TimeoutException(message, screen, stacktrace)\nE       selenium.common.exceptions.TimeoutException: Message: Can't find element by locator ('xpath', '//button[@data-test-active-link=\"Similar phrases\"]')\nE       Stacktrace:\nE       #0 0x56481189b4ca <unknown>\nE       #1 0x5648113ae620 <unknown>\nE       #2 0x5648113fd306 <unknown>\nE       #3 0x5648113fd5a1 <unknown>\nE       #4 0x564811442a04 <unknown>\nE       #5 0x56481142139d <unknown>\nE       #6 0x56481143fde0 <unknown>\nE       #7 0x564811421113 <unknown>\nE       #8 0x5648113efbe0 <unknown>\nE       #9 0x5648113f0bbe <unknown>\nE       #10 0x564811867e4b <unknown>\nE       #11 0x56481186bde2 <unknown>\nE       #12 0x564811854d2c <unknown>\nE       #13 0x56481186c957 <unknown>\nE       #14 0x56481183a4bf <unknown>\nE       #15 0x56481188a348 <unknown>\nE       #16 0x56481188a510 <unknown>\nE       #17 0x56481189a346 <unknown>\nE       #18 0x7f9ea5a94ac3 <unknown>\n\n/opt/hostedtoolcache/Python/3.12.7/x64/lib/python3.12/site-packages/selenium/webdriver/support/wait.py:95: TimeoutException",
  "flaky" : false,
  "newFailed" : false,
  "beforeStages" : [ {
    "name" : "main_page_open",
    "time" : {
      "start" : 1731892875484,
      "stop" : 1731892879406,
      "duration" : 3922
    },
    "status" : "passed",
    "steps" : [ {
      "name" : "Open page: https://www.brainup.site/",
      "time" : {
        "start" : 1731892875484,
        "stop" : 1731892879406,
        "duration" : 3922
      },
      "status" : "passed",
      "steps" : [ ],
      "attachments" : [ ],
      "parameters" : [ {
        "name" : "driver",
        "value" : "<selenium.webdriver.chrome.webdriver.WebDriver (session=\"f900f1fcb77a2e939dd181ad75accf85\")>"
      } ],
      "stepsCount" : 0,
      "attachmentsCount" : 0,
      "shouldDisplayMessage" : false,
      "hasContent" : true
    } ],
    "attachments" : [ ],
    "parameters" : [ ],
    "stepsCount" : 1,
    "attachmentsCount" : 0,
    "shouldDisplayMessage" : false,
    "hasContent" : true
  }, {
    "name" : "specialist_user_authorized",
    "time" : {
      "start" : 1731892879407,
      "stop" : 1731892885412,
      "duration" : 6005
    },
    "status" : "passed",
    "steps" : [ {
      "name" : "USER specialist authorized",
      "time" : {
        "start" : 1731892879407,
        "stop" : 1731892885412,
        "duration" : 6005
      },
      "status" : "passed",
      "steps" : [ {
        "name" : "Check url is present: https://www.brainup.site/groups",
        "time" : {
          "start" : 1731892879841,
          "stop" : 1731892885387,
          "duration" : 5546
        },
        "status" : "passed",
        "steps" : [ ],
        "attachments" : [ ],
        "parameters" : [ ],
        "stepsCount" : 0,
        "attachmentsCount" : 0,
        "shouldDisplayMessage" : false,
        "hasContent" : false
      }, {
        "name" : "Loader checking",
        "time" : {
          "start" : 1731892885387,
          "stop" : 1731892885412,
          "duration" : 25
        },
        "status" : "passed",
        "steps" : [ ],
        "attachments" : [ ],
        "parameters" : [ ],
        "stepsCount" : 0,
        "attachmentsCount" : 0,
        "shouldDisplayMessage" : false,
        "hasContent" : false
      } ],
      "attachments" : [ ],
      "parameters" : [ {
        "name" : "driver",
        "value" : "<selenium.webdriver.chrome.webdriver.WebDriver (session=\"f900f1fcb77a2e939dd181ad75accf85\")>"
      }, {
        "name" : "main_page_open",
        "value" : "None"
      } ],
      "stepsCount" : 2,
      "attachmentsCount" : 0,
      "shouldDisplayMessage" : false,
      "hasContent" : true
    } ],
    "attachments" : [ ],
    "parameters" : [ ],
    "stepsCount" : 3,
    "attachmentsCount" : 0,
    "shouldDisplayMessage" : false,
    "hasContent" : true
  }, {
    "name" : "clear_allure_results_folder",
    "time" : {
      "start" : 1731891630726,
      "stop" : 1731891630726,
      "duration" : 0
    },
    "status" : "passed",
    "steps" : [ ],
    "attachments" : [ ],
    "parameters" : [ ],
    "stepsCount" : 0,
    "attachmentsCount" : 0,
    "shouldDisplayMessage" : false,
    "hasContent" : false
  }, {
    "name" : "driver",
    "time" : {
      "start" : 1731892874699,
      "stop" : 1731892875484,
      "duration" : 785
    },
    "status" : "passed",
    "steps" : [ ],
    "attachments" : [ ],
    "parameters" : [ ],
    "stepsCount" : 0,
    "attachmentsCount" : 0,
    "shouldDisplayMessage" : false,
    "hasContent" : false
  } ],
  "testStage" : {
    "status" : "skipped",
    "statusMessage" : "XFAIL\n\nselenium.common.exceptions.TimeoutException: Message: Can't find element by locator ('xpath', '//button[@data-test-active-link=\"Similar phrases\"]')\nStacktrace:\n#0 0x56481189b4ca <unknown>\n#1 0x5648113ae620 <unknown>\n#2 0x5648113fd306 <unknown>\n#3 0x5648113fd5a1 <unknown>\n#4 0x564811442a04 <unknown>\n#5 0x56481142139d <unknown>\n#6 0x56481143fde0 <unknown>\n#7 0x564811421113 <unknown>\n#8 0x5648113efbe0 <unknown>\n#9 0x5648113f0bbe <unknown>\n#10 0x564811867e4b <unknown>\n#11 0x56481186bde2 <unknown>\n#12 0x564811854d2c <unknown>\n#13 0x56481186c957 <unknown>\n#14 0x56481183a4bf <unknown>\n#15 0x56481188a348 <unknown>\n#16 0x56481188a510 <unknown>\n#17 0x56481189a346 <unknown>\n#18 0x7f9ea5a94ac3 <unknown>",
    "statusTrace" : "self = <tests.test_speech_exercises_en.TestCardsEN object at 0x7fde19fe2540>\ndriver = <selenium.webdriver.chrome.webdriver.WebDriver (session=\"f900f1fcb77a2e939dd181ad75accf85\")>\nspecialist_user_authorized = None\n\n    @pytest.mark.xfail\n    @allure.suite(\"Speech exercises EN.\")\n    @allure.title('Select a random card from \"Similar phrases\" group and compare UI vs BACKEND data')\n    def test_random_cards_in_similar_phrases_en(self, driver, specialist_user_authorized):\n        page = SpeechExercisesPage(driver)\n>       page.select_group(SpeechExercisesPageLocators.SIMILAR_PHRASES_EN)\n\ntests/test_speech_exercises_en.py:57: \n_ _ _ _ _ _ _ _ _ _ _ _ _ _ _ _ _ _ _ _ _ _ _ _ _ _ _ _ _ _ _ _ _ _ _ _ _ _ _ _ \npages/speech_exercises_page_en.py:18: in select_group\n    text_of_the_button = self.element_is_present_and_clickable(selector_for_sub_group)\npages/base_page.py:32: in element_is_present_and_clickable\n    return (Wait(self.driver, self.timeout).until(\n_ _ _ _ _ _ _ _ _ _ _ _ _ _ _ _ _ _ _ _ _ _ _ _ _ _ _ _ _ _ _ _ _ _ _ _ _ _ _ _ \n\nself = <selenium.webdriver.support.wait.WebDriverWait (session=\"f900f1fcb77a2e939dd181ad75accf85\")>\nmethod = <function visibility_of_element_located.<locals>._predicate at 0x7fde1a064900>\nmessage = 'Can\\'t find element by locator (\\'xpath\\', \\'//button[@data-test-active-link=\"Similar phrases\"]\\')'\n\n    def until(self, method, message: str = \"\"):\n        \"\"\"Calls the method provided with the driver as an argument until the \\\n        return value does not evaluate to ``False``.\n    \n        :param method: callable(WebDriver)\n        :param message: optional message for :exc:`TimeoutException`\n        :returns: the result of the last call to `method`\n        :raises: :exc:`selenium.common.exceptions.TimeoutException` if timeout occurs\n        \"\"\"\n        screen = None\n        stacktrace = None\n    \n        end_time = time.monotonic() + self._timeout\n        while True:\n            try:\n                value = method(self._driver)\n                if value:\n                    return value\n            except self._ignored_exceptions as exc:\n                screen = getattr(exc, \"screen\", None)\n                stacktrace = getattr(exc, \"stacktrace\", None)\n            time.sleep(self._poll)\n            if time.monotonic() > end_time:\n                break\n>       raise TimeoutException(message, screen, stacktrace)\nE       selenium.common.exceptions.TimeoutException: Message: Can't find element by locator ('xpath', '//button[@data-test-active-link=\"Similar phrases\"]')\nE       Stacktrace:\nE       #0 0x56481189b4ca <unknown>\nE       #1 0x5648113ae620 <unknown>\nE       #2 0x5648113fd306 <unknown>\nE       #3 0x5648113fd5a1 <unknown>\nE       #4 0x564811442a04 <unknown>\nE       #5 0x56481142139d <unknown>\nE       #6 0x56481143fde0 <unknown>\nE       #7 0x564811421113 <unknown>\nE       #8 0x5648113efbe0 <unknown>\nE       #9 0x5648113f0bbe <unknown>\nE       #10 0x564811867e4b <unknown>\nE       #11 0x56481186bde2 <unknown>\nE       #12 0x564811854d2c <unknown>\nE       #13 0x56481186c957 <unknown>\nE       #14 0x56481183a4bf <unknown>\nE       #15 0x56481188a348 <unknown>\nE       #16 0x56481188a510 <unknown>\nE       #17 0x56481189a346 <unknown>\nE       #18 0x7f9ea5a94ac3 <unknown>\n\n/opt/hostedtoolcache/Python/3.12.7/x64/lib/python3.12/site-packages/selenium/webdriver/support/wait.py:95: TimeoutException",
    "steps" : [ {
      "name" : "select_group",
      "time" : {
        "start" : 1731892885413,
        "stop" : 1731892905685,
        "duration" : 20272
      },
      "status" : "broken",
      "statusMessage" : "selenium.common.exceptions.TimeoutException: Message: Can't find element by locator ('xpath', '//button[@data-test-active-link=\"Similar phrases\"]')\nStacktrace:\n#0 0x56481189b4ca <unknown>\n#1 0x5648113ae620 <unknown>\n#2 0x5648113fd306 <unknown>\n#3 0x5648113fd5a1 <unknown>\n#4 0x564811442a04 <unknown>\n#5 0x56481142139d <unknown>\n#6 0x56481143fde0 <unknown>\n#7 0x564811421113 <unknown>\n#8 0x5648113efbe0 <unknown>\n#9 0x5648113f0bbe <unknown>\n#10 0x564811867e4b <unknown>\n#11 0x56481186bde2 <unknown>\n#12 0x564811854d2c <unknown>\n#13 0x56481186c957 <unknown>\n#14 0x56481183a4bf <unknown>\n#15 0x56481188a348 <unknown>\n#16 0x56481188a510 <unknown>\n#17 0x56481189a346 <unknown>\n#18 0x7f9ea5a94ac3 <unknown>\n\n",
      "statusTrace" : "  File \"/opt/hostedtoolcache/Python/3.12.7/x64/lib/python3.12/site-packages/allure_commons/_allure.py\", line 192, in impl\n    return func(*a, **kw)\n           ^^^^^^^^^^^^^^\n  File \"/home/runner/work/auto-tests-python/auto-tests-python/pages/speech_exercises_page_en.py\", line 18, in select_group\n    text_of_the_button = self.element_is_present_and_clickable(selector_for_sub_group)\n                         ^^^^^^^^^^^^^^^^^^^^^^^^^^^^^^^^^^^^^^^^^^^^^^^^^^^^^^^^^^^^^\n  File \"/home/runner/work/auto-tests-python/auto-tests-python/pages/base_page.py\", line 32, in element_is_present_and_clickable\n    return (Wait(self.driver, self.timeout).until(\n            ^^^^^^^^^^^^^^^^^^^^^^^^^^^^^^^^^^^^^^\n  File \"/opt/hostedtoolcache/Python/3.12.7/x64/lib/python3.12/site-packages/selenium/webdriver/support/wait.py\", line 95, in until\n    raise TimeoutException(message, screen, stacktrace)\n",
      "steps" : [ {
        "name" : "Select Russian language. Click \"EN\" button.",
        "time" : {
          "start" : 1731892885413,
          "stop" : 1731892885497,
          "duration" : 84
        },
        "status" : "passed",
        "steps" : [ ],
        "attachments" : [ ],
        "parameters" : [ ],
        "stepsCount" : 0,
        "attachmentsCount" : 0,
        "shouldDisplayMessage" : false,
        "hasContent" : false
      }, {
        "name" : "Click button \"SPEECH EXERCISES\".",
        "time" : {
          "start" : 1731892885497,
          "stop" : 1731892885581,
          "duration" : 84
        },
        "status" : "passed",
        "steps" : [ ],
        "attachments" : [ ],
        "parameters" : [ ],
        "stepsCount" : 0,
        "attachmentsCount" : 0,
        "shouldDisplayMessage" : false,
        "hasContent" : false
      } ],
      "attachments" : [ ],
      "parameters" : [ {
        "name" : "selector_for_sub_group",
        "value" : "('xpath', '//button[@data-test-active-link=\"Similar phrases\"]')"
      } ],
      "stepsCount" : 2,
      "attachmentsCount" : 0,
      "shouldDisplayMessage" : true,
      "hasContent" : true
    } ],
    "attachments" : [ ],
    "parameters" : [ ],
    "stepsCount" : 3,
    "attachmentsCount" : 0,
    "shouldDisplayMessage" : true,
    "hasContent" : true
  },
  "afterStages" : [ {
    "name" : "driver::0",
    "time" : {
      "start" : 1731892905698,
      "stop" : 1731892905770,
      "duration" : 72
    },
    "status" : "passed",
    "steps" : [ ],
    "attachments" : [ ],
    "parameters" : [ ],
    "stepsCount" : 0,
    "attachmentsCount" : 0,
    "shouldDisplayMessage" : false,
    "hasContent" : false
  } ],
  "labels" : [ {
    "name" : "epic",
    "value" : "Speech exercises."
  }, {
    "name" : "suite",
    "value" : "Speech exercises EN."
  }, {
    "name" : "tag",
    "value" : "@pytest.mark.xfail"
  }, {
    "name" : "parentSuite",
    "value" : "tests"
  }, {
    "name" : "subSuite",
    "value" : "TestCardsEN"
  }, {
    "name" : "host",
    "value" : "fv-az1437-426"
  }, {
    "name" : "thread",
    "value" : "2308-MainThread"
  }, {
    "name" : "framework",
    "value" : "pytest"
  }, {
    "name" : "language",
    "value" : "cpython3"
  }, {
    "name" : "package",
    "value" : "tests.test_speech_exercises_en"
  }, {
    "name" : "resultFormat",
    "value" : "allure2"
  } ],
  "parameters" : [ ],
  "links" : [ ],
  "hidden" : false,
  "retry" : false,
  "extra" : {
    "severity" : "normal",
    "retries" : [ ],
    "categories" : [ ],
    "history" : {
      "statistic" : {
        "failed" : 0,
        "broken" : 0,
        "skipped" : 4,
        "passed" : 0,
        "unknown" : 0,
        "total" : 4
      },
      "items" : [ {
        "uid" : "ea94d9036a9d59be",
        "reportUrl" : "https://Brain-up.github.io/auto-tests-python/186//#testresult/ea94d9036a9d59be",
        "status" : "skipped",
        "statusDetails" : "XFAIL\n\nrequests.exceptions.JSONDecodeError: Expecting value: line 1 column 1 (char 0)",
        "time" : {
          "start" : 1731806555953,
          "stop" : 1731806560721,
          "duration" : 4768
        }
      }, {
        "uid" : "432e934a9e8ca47b",
        "reportUrl" : "https://Brain-up.github.io/auto-tests-python/391//#testresult/432e934a9e8ca47b",
        "status" : "skipped",
        "statusDetails" : "XFAIL\n\nrequests.exceptions.JSONDecodeError: Expecting value: line 1 column 1 (char 0)",
        "time" : {
          "start" : 1731739680437,
          "stop" : 1731739684981,
          "duration" : 4544
        }
      }, {
        "uid" : "32d5de1cdafbab43",
        "reportUrl" : "https://Brain-up.github.io/auto-tests-python/390//#testresult/32d5de1cdafbab43",
        "status" : "skipped",
        "statusDetails" : "XFAIL\n\nrequests.exceptions.JSONDecodeError: Expecting value: line 1 column 1 (char 0)",
        "time" : {
          "start" : 1731735177939,
          "stop" : 1731735182495,
          "duration" : 4556
        }
      } ]
    },
    "tags" : [ "@pytest.mark.xfail" ]
  },
  "source" : "9cb4388faffb51a3.json",
  "parameterValues" : [ ]
}