{
  "uid" : "708c54c25bafb816",
  "name" : "Select a random card from \"Similar phrases\" group and compare UI vs BACKEND data",
  "fullName" : "tests.test_speech_exercises_en.TestCardsEN#test_random_cards_in_similar_phrases_en",
  "historyId" : "106afe14e1824ad4b55b346a52794d4b",
  "time" : {
    "start" : 1737240021383,
    "stop" : 1737240041591,
    "duration" : 20208
  },
  "status" : "skipped",
  "statusMessage" : "XFAIL\n\nselenium.common.exceptions.TimeoutException: Message: Can't find element by locator ('xpath', '//button[@data-test-active-link=\"Similar phrases\"]')\nStacktrace:\n#0 0x5595f0eec8fa <unknown>\n#1 0x5595f09fdd20 <unknown>\n#2 0x5595f0a4ca66 <unknown>\n#3 0x5595f0a4cd01 <unknown>\n#4 0x5595f0a92184 <unknown>\n#5 0x5595f0a70b1d <unknown>\n#6 0x5595f0a8f560 <unknown>\n#7 0x5595f0a70893 <unknown>\n#8 0x5595f0a3f30d <unknown>\n#9 0x5595f0a4032e <unknown>\n#10 0x5595f0eb900b <unknown>\n#11 0x5595f0ebcf97 <unknown>\n#12 0x5595f0ea571c <unknown>\n#13 0x5595f0ebdb17 <unknown>\n#14 0x5595f0e8a6cf <unknown>\n#15 0x5595f0edb6b8 <unknown>\n#16 0x5595f0edb880 <unknown>\n#17 0x5595f0eeb776 <unknown>\n#18 0x7f2ce709ca94 <unknown>\n#19 0x7f2ce7129c3c <unknown>",
  "statusTrace" : "self = <tests.test_speech_exercises_en.TestCardsEN object at 0x7f9c9fbc5190>\ndriver = <selenium.webdriver.chrome.webdriver.WebDriver (session=\"2912597de24e6c5d5adc87b8c874c8be\")>\nspecialist_user_authorized = None\n\n    @pytest.mark.xfail\n    @allure.suite(\"Speech exercises EN.\")\n    @allure.title('Select a random card from \"Similar phrases\" group and compare UI vs BACKEND data')\n    def test_random_cards_in_similar_phrases_en(self, driver, specialist_user_authorized):\n        page = SpeechExercisesPage(driver)\n>       page.select_group(SpeechExercisesPageLocators.SIMILAR_PHRASES_EN)\n\ntests/test_speech_exercises_en.py:57: \n_ _ _ _ _ _ _ _ _ _ _ _ _ _ _ _ _ _ _ _ _ _ _ _ _ _ _ _ _ _ _ _ _ _ _ _ _ _ _ _ \npages/speech_exercises_page_en.py:18: in select_group\n    text_of_the_button = self.element_is_present_and_clickable(selector_for_sub_group)\npages/base_page.py:40: in element_is_present_and_clickable\n    return (Wait(self.driver, self.timeout).until(\n_ _ _ _ _ _ _ _ _ _ _ _ _ _ _ _ _ _ _ _ _ _ _ _ _ _ _ _ _ _ _ _ _ _ _ _ _ _ _ _ \n\nself = <selenium.webdriver.support.wait.WebDriverWait (session=\"2912597de24e6c5d5adc87b8c874c8be\")>\nmethod = <function visibility_of_element_located.<locals>._predicate at 0x7f9c9fa81b20>\nmessage = 'Can\\'t find element by locator (\\'xpath\\', \\'//button[@data-test-active-link=\"Similar phrases\"]\\')'\n\n    def until(self, method, message: str = \"\"):\n        \"\"\"Calls the method provided with the driver as an argument until the \\\n        return value does not evaluate to ``False``.\n    \n        :param method: callable(WebDriver)\n        :param message: optional message for :exc:`TimeoutException`\n        :returns: the result of the last call to `method`\n        :raises: :exc:`selenium.common.exceptions.TimeoutException` if timeout occurs\n        \"\"\"\n        screen = None\n        stacktrace = None\n    \n        end_time = time.monotonic() + self._timeout\n        while True:\n            try:\n                value = method(self._driver)\n                if value:\n                    return value\n            except self._ignored_exceptions as exc:\n                screen = getattr(exc, \"screen\", None)\n                stacktrace = getattr(exc, \"stacktrace\", None)\n            time.sleep(self._poll)\n            if time.monotonic() > end_time:\n                break\n>       raise TimeoutException(message, screen, stacktrace)\nE       selenium.common.exceptions.TimeoutException: Message: Can't find element by locator ('xpath', '//button[@data-test-active-link=\"Similar phrases\"]')\nE       Stacktrace:\nE       #0 0x5595f0eec8fa <unknown>\nE       #1 0x5595f09fdd20 <unknown>\nE       #2 0x5595f0a4ca66 <unknown>\nE       #3 0x5595f0a4cd01 <unknown>\nE       #4 0x5595f0a92184 <unknown>\nE       #5 0x5595f0a70b1d <unknown>\nE       #6 0x5595f0a8f560 <unknown>\nE       #7 0x5595f0a70893 <unknown>\nE       #8 0x5595f0a3f30d <unknown>\nE       #9 0x5595f0a4032e <unknown>\nE       #10 0x5595f0eb900b <unknown>\nE       #11 0x5595f0ebcf97 <unknown>\nE       #12 0x5595f0ea571c <unknown>\nE       #13 0x5595f0ebdb17 <unknown>\nE       #14 0x5595f0e8a6cf <unknown>\nE       #15 0x5595f0edb6b8 <unknown>\nE       #16 0x5595f0edb880 <unknown>\nE       #17 0x5595f0eeb776 <unknown>\nE       #18 0x7f2ce709ca94 <unknown>\nE       #19 0x7f2ce7129c3c <unknown>\n\n/opt/hostedtoolcache/Python/3.12.8/x64/lib/python3.12/site-packages/selenium/webdriver/support/wait.py:95: TimeoutException",
  "flaky" : false,
  "newFailed" : false,
  "beforeStages" : [ {
    "name" : "clear_allure_results_folder",
    "time" : {
      "start" : 1737238987329,
      "stop" : 1737238987329,
      "duration" : 0
    },
    "status" : "passed",
    "steps" : [ ],
    "attachments" : [ ],
    "parameters" : [ ],
    "stepsCount" : 0,
    "attachmentsCount" : 0,
    "shouldDisplayMessage" : false,
    "hasContent" : false
  }, {
    "name" : "specialist_user_authorized",
    "time" : {
      "start" : 1737240018944,
      "stop" : 1737240021382,
      "duration" : 2438
    },
    "status" : "passed",
    "steps" : [ {
      "name" : "USER specialist authorized",
      "time" : {
        "start" : 1737240018945,
        "stop" : 1737240021382,
        "duration" : 2437
      },
      "status" : "passed",
      "steps" : [ {
        "name" : "Check url is present: https://www.brainup.site/groups",
        "time" : {
          "start" : 1737240019343,
          "stop" : 1737240021361,
          "duration" : 2018
        },
        "status" : "passed",
        "steps" : [ ],
        "attachments" : [ ],
        "parameters" : [ ],
        "stepsCount" : 0,
        "attachmentsCount" : 0,
        "shouldDisplayMessage" : false,
        "hasContent" : false
      }, {
        "name" : "Loader checking",
        "time" : {
          "start" : 1737240021361,
          "stop" : 1737240021382,
          "duration" : 21
        },
        "status" : "passed",
        "steps" : [ ],
        "attachments" : [ ],
        "parameters" : [ ],
        "stepsCount" : 0,
        "attachmentsCount" : 0,
        "shouldDisplayMessage" : false,
        "hasContent" : false
      } ],
      "attachments" : [ ],
      "parameters" : [ {
        "name" : "driver",
        "value" : "<selenium.webdriver.chrome.webdriver.WebDriver (session=\"2912597de24e6c5d5adc87b8c874c8be\")>"
      }, {
        "name" : "main_page_open",
        "value" : "None"
      } ],
      "stepsCount" : 2,
      "attachmentsCount" : 0,
      "shouldDisplayMessage" : false,
      "hasContent" : true
    } ],
    "attachments" : [ ],
    "parameters" : [ ],
    "stepsCount" : 3,
    "attachmentsCount" : 0,
    "shouldDisplayMessage" : false,
    "hasContent" : true
  }, {
    "name" : "driver",
    "time" : {
      "start" : 1737240015487,
      "stop" : 1737240016247,
      "duration" : 760
    },
    "status" : "passed",
    "steps" : [ ],
    "attachments" : [ ],
    "parameters" : [ ],
    "stepsCount" : 0,
    "attachmentsCount" : 0,
    "shouldDisplayMessage" : false,
    "hasContent" : false
  }, {
    "name" : "main_page_open",
    "time" : {
      "start" : 1737240016248,
      "stop" : 1737240018944,
      "duration" : 2696
    },
    "status" : "passed",
    "steps" : [ {
      "name" : "Open page: https://www.brainup.site/",
      "time" : {
        "start" : 1737240016248,
        "stop" : 1737240018944,
        "duration" : 2696
      },
      "status" : "passed",
      "steps" : [ ],
      "attachments" : [ ],
      "parameters" : [ {
        "name" : "driver",
        "value" : "<selenium.webdriver.chrome.webdriver.WebDriver (session=\"2912597de24e6c5d5adc87b8c874c8be\")>"
      } ],
      "stepsCount" : 0,
      "attachmentsCount" : 0,
      "shouldDisplayMessage" : false,
      "hasContent" : true
    } ],
    "attachments" : [ ],
    "parameters" : [ ],
    "stepsCount" : 1,
    "attachmentsCount" : 0,
    "shouldDisplayMessage" : false,
    "hasContent" : true
  } ],
  "testStage" : {
    "status" : "skipped",
    "statusMessage" : "XFAIL\n\nselenium.common.exceptions.TimeoutException: Message: Can't find element by locator ('xpath', '//button[@data-test-active-link=\"Similar phrases\"]')\nStacktrace:\n#0 0x5595f0eec8fa <unknown>\n#1 0x5595f09fdd20 <unknown>\n#2 0x5595f0a4ca66 <unknown>\n#3 0x5595f0a4cd01 <unknown>\n#4 0x5595f0a92184 <unknown>\n#5 0x5595f0a70b1d <unknown>\n#6 0x5595f0a8f560 <unknown>\n#7 0x5595f0a70893 <unknown>\n#8 0x5595f0a3f30d <unknown>\n#9 0x5595f0a4032e <unknown>\n#10 0x5595f0eb900b <unknown>\n#11 0x5595f0ebcf97 <unknown>\n#12 0x5595f0ea571c <unknown>\n#13 0x5595f0ebdb17 <unknown>\n#14 0x5595f0e8a6cf <unknown>\n#15 0x5595f0edb6b8 <unknown>\n#16 0x5595f0edb880 <unknown>\n#17 0x5595f0eeb776 <unknown>\n#18 0x7f2ce709ca94 <unknown>\n#19 0x7f2ce7129c3c <unknown>",
    "statusTrace" : "self = <tests.test_speech_exercises_en.TestCardsEN object at 0x7f9c9fbc5190>\ndriver = <selenium.webdriver.chrome.webdriver.WebDriver (session=\"2912597de24e6c5d5adc87b8c874c8be\")>\nspecialist_user_authorized = None\n\n    @pytest.mark.xfail\n    @allure.suite(\"Speech exercises EN.\")\n    @allure.title('Select a random card from \"Similar phrases\" group and compare UI vs BACKEND data')\n    def test_random_cards_in_similar_phrases_en(self, driver, specialist_user_authorized):\n        page = SpeechExercisesPage(driver)\n>       page.select_group(SpeechExercisesPageLocators.SIMILAR_PHRASES_EN)\n\ntests/test_speech_exercises_en.py:57: \n_ _ _ _ _ _ _ _ _ _ _ _ _ _ _ _ _ _ _ _ _ _ _ _ _ _ _ _ _ _ _ _ _ _ _ _ _ _ _ _ \npages/speech_exercises_page_en.py:18: in select_group\n    text_of_the_button = self.element_is_present_and_clickable(selector_for_sub_group)\npages/base_page.py:40: in element_is_present_and_clickable\n    return (Wait(self.driver, self.timeout).until(\n_ _ _ _ _ _ _ _ _ _ _ _ _ _ _ _ _ _ _ _ _ _ _ _ _ _ _ _ _ _ _ _ _ _ _ _ _ _ _ _ \n\nself = <selenium.webdriver.support.wait.WebDriverWait (session=\"2912597de24e6c5d5adc87b8c874c8be\")>\nmethod = <function visibility_of_element_located.<locals>._predicate at 0x7f9c9fa81b20>\nmessage = 'Can\\'t find element by locator (\\'xpath\\', \\'//button[@data-test-active-link=\"Similar phrases\"]\\')'\n\n    def until(self, method, message: str = \"\"):\n        \"\"\"Calls the method provided with the driver as an argument until the \\\n        return value does not evaluate to ``False``.\n    \n        :param method: callable(WebDriver)\n        :param message: optional message for :exc:`TimeoutException`\n        :returns: the result of the last call to `method`\n        :raises: :exc:`selenium.common.exceptions.TimeoutException` if timeout occurs\n        \"\"\"\n        screen = None\n        stacktrace = None\n    \n        end_time = time.monotonic() + self._timeout\n        while True:\n            try:\n                value = method(self._driver)\n                if value:\n                    return value\n            except self._ignored_exceptions as exc:\n                screen = getattr(exc, \"screen\", None)\n                stacktrace = getattr(exc, \"stacktrace\", None)\n            time.sleep(self._poll)\n            if time.monotonic() > end_time:\n                break\n>       raise TimeoutException(message, screen, stacktrace)\nE       selenium.common.exceptions.TimeoutException: Message: Can't find element by locator ('xpath', '//button[@data-test-active-link=\"Similar phrases\"]')\nE       Stacktrace:\nE       #0 0x5595f0eec8fa <unknown>\nE       #1 0x5595f09fdd20 <unknown>\nE       #2 0x5595f0a4ca66 <unknown>\nE       #3 0x5595f0a4cd01 <unknown>\nE       #4 0x5595f0a92184 <unknown>\nE       #5 0x5595f0a70b1d <unknown>\nE       #6 0x5595f0a8f560 <unknown>\nE       #7 0x5595f0a70893 <unknown>\nE       #8 0x5595f0a3f30d <unknown>\nE       #9 0x5595f0a4032e <unknown>\nE       #10 0x5595f0eb900b <unknown>\nE       #11 0x5595f0ebcf97 <unknown>\nE       #12 0x5595f0ea571c <unknown>\nE       #13 0x5595f0ebdb17 <unknown>\nE       #14 0x5595f0e8a6cf <unknown>\nE       #15 0x5595f0edb6b8 <unknown>\nE       #16 0x5595f0edb880 <unknown>\nE       #17 0x5595f0eeb776 <unknown>\nE       #18 0x7f2ce709ca94 <unknown>\nE       #19 0x7f2ce7129c3c <unknown>\n\n/opt/hostedtoolcache/Python/3.12.8/x64/lib/python3.12/site-packages/selenium/webdriver/support/wait.py:95: TimeoutException",
    "steps" : [ {
      "name" : "select_group",
      "time" : {
        "start" : 1737240021383,
        "stop" : 1737240041591,
        "duration" : 20208
      },
      "status" : "broken",
      "statusMessage" : "selenium.common.exceptions.TimeoutException: Message: Can't find element by locator ('xpath', '//button[@data-test-active-link=\"Similar phrases\"]')\nStacktrace:\n#0 0x5595f0eec8fa <unknown>\n#1 0x5595f09fdd20 <unknown>\n#2 0x5595f0a4ca66 <unknown>\n#3 0x5595f0a4cd01 <unknown>\n#4 0x5595f0a92184 <unknown>\n#5 0x5595f0a70b1d <unknown>\n#6 0x5595f0a8f560 <unknown>\n#7 0x5595f0a70893 <unknown>\n#8 0x5595f0a3f30d <unknown>\n#9 0x5595f0a4032e <unknown>\n#10 0x5595f0eb900b <unknown>\n#11 0x5595f0ebcf97 <unknown>\n#12 0x5595f0ea571c <unknown>\n#13 0x5595f0ebdb17 <unknown>\n#14 0x5595f0e8a6cf <unknown>\n#15 0x5595f0edb6b8 <unknown>\n#16 0x5595f0edb880 <unknown>\n#17 0x5595f0eeb776 <unknown>\n#18 0x7f2ce709ca94 <unknown>\n#19 0x7f2ce7129c3c <unknown>\n\n",
      "statusTrace" : "  File \"/opt/hostedtoolcache/Python/3.12.8/x64/lib/python3.12/site-packages/allure_commons/_allure.py\", line 192, in impl\n    return func(*a, **kw)\n           ^^^^^^^^^^^^^^\n  File \"/home/runner/work/auto-tests-python/auto-tests-python/pages/speech_exercises_page_en.py\", line 18, in select_group\n    text_of_the_button = self.element_is_present_and_clickable(selector_for_sub_group)\n                         ^^^^^^^^^^^^^^^^^^^^^^^^^^^^^^^^^^^^^^^^^^^^^^^^^^^^^^^^^^^^^\n  File \"/home/runner/work/auto-tests-python/auto-tests-python/pages/base_page.py\", line 40, in element_is_present_and_clickable\n    return (Wait(self.driver, self.timeout).until(\n            ^^^^^^^^^^^^^^^^^^^^^^^^^^^^^^^^^^^^^^\n  File \"/opt/hostedtoolcache/Python/3.12.8/x64/lib/python3.12/site-packages/selenium/webdriver/support/wait.py\", line 95, in until\n    raise TimeoutException(message, screen, stacktrace)\n",
      "steps" : [ {
        "name" : "Select Russian language. Click \"EN\" button.",
        "time" : {
          "start" : 1737240021383,
          "stop" : 1737240021462,
          "duration" : 79
        },
        "status" : "passed",
        "steps" : [ ],
        "attachments" : [ ],
        "parameters" : [ ],
        "stepsCount" : 0,
        "attachmentsCount" : 0,
        "shouldDisplayMessage" : false,
        "hasContent" : false
      }, {
        "name" : "Click button \"SPEECH EXERCISES\".",
        "time" : {
          "start" : 1737240021462,
          "stop" : 1737240021534,
          "duration" : 72
        },
        "status" : "passed",
        "steps" : [ ],
        "attachments" : [ ],
        "parameters" : [ ],
        "stepsCount" : 0,
        "attachmentsCount" : 0,
        "shouldDisplayMessage" : false,
        "hasContent" : false
      } ],
      "attachments" : [ ],
      "parameters" : [ {
        "name" : "selector_for_sub_group",
        "value" : "('xpath', '//button[@data-test-active-link=\"Similar phrases\"]')"
      } ],
      "stepsCount" : 2,
      "attachmentsCount" : 0,
      "shouldDisplayMessage" : true,
      "hasContent" : true
    } ],
    "attachments" : [ ],
    "parameters" : [ ],
    "stepsCount" : 3,
    "attachmentsCount" : 0,
    "shouldDisplayMessage" : true,
    "hasContent" : true
  },
  "afterStages" : [ {
    "name" : "driver::0",
    "time" : {
      "start" : 1737240041601,
      "stop" : 1737240041676,
      "duration" : 75
    },
    "status" : "passed",
    "steps" : [ ],
    "attachments" : [ ],
    "parameters" : [ ],
    "stepsCount" : 0,
    "attachmentsCount" : 0,
    "shouldDisplayMessage" : false,
    "hasContent" : false
  } ],
  "labels" : [ {
    "name" : "suite",
    "value" : "Speech exercises EN."
  }, {
    "name" : "epic",
    "value" : "Speech exercises."
  }, {
    "name" : "tag",
    "value" : "@pytest.mark.xfail"
  }, {
    "name" : "parentSuite",
    "value" : "tests"
  }, {
    "name" : "subSuite",
    "value" : "TestCardsEN"
  }, {
    "name" : "host",
    "value" : "fv-az798-429"
  }, {
    "name" : "thread",
    "value" : "2419-MainThread"
  }, {
    "name" : "framework",
    "value" : "pytest"
  }, {
    "name" : "language",
    "value" : "cpython3"
  }, {
    "name" : "package",
    "value" : "tests.test_speech_exercises_en"
  }, {
    "name" : "resultFormat",
    "value" : "allure2"
  } ],
  "parameters" : [ ],
  "links" : [ ],
  "hidden" : false,
  "retry" : false,
  "extra" : {
    "severity" : "normal",
    "retries" : [ ],
    "categories" : [ ],
    "history" : {
      "statistic" : {
        "failed" : 0,
        "broken" : 0,
        "skipped" : 127,
        "passed" : 1,
        "unknown" : 0,
        "total" : 128
      },
      "items" : [ {
        "uid" : "8ba6863356c9454a",
        "reportUrl" : "https://Brain-up.github.io/auto-tests-python/452//#testresult/8ba6863356c9454a",
        "status" : "skipped",
        "statusDetails" : "XFAIL\n\nselenium.common.exceptions.TimeoutException: Message: Can't find element by locator ('xpath', '//button[@data-test-active-link=\"Similar phrases\"]')\nStacktrace:\n#0 0x55a720f948fa <unknown>\n#1 0x55a720aa5d20 <unknown>\n#2 0x55a720af4a66 <unknown>\n#3 0x55a720af4d01 <unknown>\n#4 0x55a720b3a184 <unknown>\n#5 0x55a720b18b1d <unknown>\n#6 0x55a720b37560 <unknown>\n#7 0x55a720b18893 <unknown>\n#8 0x55a720ae730d <unknown>\n#9 0x55a720ae832e <unknown>\n#10 0x55a720f6100b <unknown>\n#11 0x55a720f64f97 <unknown>\n#12 0x55a720f4d71c <unknown>\n#13 0x55a720f65b17 <unknown>\n#14 0x55a720f326cf <unknown>\n#15 0x55a720f836b8 <unknown>\n#16 0x55a720f83880 <unknown>\n#17 0x55a720f93776 <unknown>\n#18 0x7fafb729ca94 <unknown>\n#19 0x7fafb7329c3c <unknown>",
        "time" : {
          "start" : 1737233373810,
          "stop" : 1737233394091,
          "duration" : 20281
        }
      }, {
        "uid" : "2d98e5c58a99e839",
        "reportUrl" : "https://Brain-up.github.io/auto-tests-python/248//#testresult/2d98e5c58a99e839",
        "status" : "skipped",
        "statusDetails" : "XFAIL\n\nselenium.common.exceptions.TimeoutException: Message: Can't find element by locator ('xpath', '//button[@data-test-active-link=\"Similar phrases\"]')\nStacktrace:\n#0 0x55ad4b5968fa <unknown>\n#1 0x55ad4b0a7d20 <unknown>\n#2 0x55ad4b0f6a66 <unknown>\n#3 0x55ad4b0f6d01 <unknown>\n#4 0x55ad4b13c184 <unknown>\n#5 0x55ad4b11ab1d <unknown>\n#6 0x55ad4b139560 <unknown>\n#7 0x55ad4b11a893 <unknown>\n#8 0x55ad4b0e930d <unknown>\n#9 0x55ad4b0ea32e <unknown>\n#10 0x55ad4b56300b <unknown>\n#11 0x55ad4b566f97 <unknown>\n#12 0x55ad4b54f71c <unknown>\n#13 0x55ad4b567b17 <unknown>\n#14 0x55ad4b5346cf <unknown>\n#15 0x55ad4b5856b8 <unknown>\n#16 0x55ad4b585880 <unknown>\n#17 0x55ad4b595776 <unknown>\n#18 0x7f295529ca94 <unknown>\n#19 0x7f2955329c3c <unknown>",
        "time" : {
          "start" : 1737162842779,
          "stop" : 1737162862997,
          "duration" : 20218
        }
      }, {
        "uid" : "df0b3fd4bcc0200",
        "reportUrl" : "https://Brain-up.github.io/auto-tests-python/451//#testresult/df0b3fd4bcc0200",
        "status" : "skipped",
        "statusDetails" : "XFAIL\n\nselenium.common.exceptions.TimeoutException: Message: Can't find element by locator ('xpath', '//button[@data-test-active-link=\"Similar phrases\"]')\nStacktrace:\n#0 0x55b73cd778fa <unknown>\n#1 0x55b73c888d20 <unknown>\n#2 0x55b73c8d7a66 <unknown>\n#3 0x55b73c8d7d01 <unknown>\n#4 0x55b73c91d184 <unknown>\n#5 0x55b73c8fbb1d <unknown>\n#6 0x55b73c91a560 <unknown>\n#7 0x55b73c8fb893 <unknown>\n#8 0x55b73c8ca30d <unknown>\n#9 0x55b73c8cb32e <unknown>\n#10 0x55b73cd4400b <unknown>\n#11 0x55b73cd47f97 <unknown>\n#12 0x55b73cd3071c <unknown>\n#13 0x55b73cd48b17 <unknown>\n#14 0x55b73cd156cf <unknown>\n#15 0x55b73cd666b8 <unknown>\n#16 0x55b73cd66880 <unknown>\n#17 0x55b73cd76776 <unknown>\n#18 0x7f9ae929ca94 <unknown>\n#19 0x7f9ae9329c3c <unknown>",
        "time" : {
          "start" : 1737109715199,
          "stop" : 1737109735478,
          "duration" : 20279
        }
      }, {
        "uid" : "28881180bc128316",
        "reportUrl" : "https://Brain-up.github.io/auto-tests-python/247//#testresult/28881180bc128316",
        "status" : "skipped",
        "statusDetails" : "XFAIL\n\nselenium.common.exceptions.TimeoutException: Message: Can't find element by locator ('xpath', '//button[@data-test-active-link=\"Similar phrases\"]')\nStacktrace:\n#0 0x562c0fc238fa <unknown>\n#1 0x562c0f734d20 <unknown>\n#2 0x562c0f783a66 <unknown>\n#3 0x562c0f783d01 <unknown>\n#4 0x562c0f7c9184 <unknown>\n#5 0x562c0f7a7b1d <unknown>\n#6 0x562c0f7c6560 <unknown>\n#7 0x562c0f7a7893 <unknown>\n#8 0x562c0f77630d <unknown>\n#9 0x562c0f77732e <unknown>\n#10 0x562c0fbf000b <unknown>\n#11 0x562c0fbf3f97 <unknown>\n#12 0x562c0fbdc71c <unknown>\n#13 0x562c0fbf4b17 <unknown>\n#14 0x562c0fbc16cf <unknown>\n#15 0x562c0fc126b8 <unknown>\n#16 0x562c0fc12880 <unknown>\n#17 0x562c0fc22776 <unknown>\n#18 0x7f105549ca94 <unknown>\n#19 0x7f1055529c3c <unknown>",
        "time" : {
          "start" : 1737076527803,
          "stop" : 1737076548043,
          "duration" : 20240
        }
      }, {
        "uid" : "eef11b7161432c3b",
        "reportUrl" : "https://Brain-up.github.io/auto-tests-python/450//#testresult/eef11b7161432c3b",
        "status" : "skipped",
        "statusDetails" : "XFAIL\n\nselenium.common.exceptions.TimeoutException: Message: Can't find element by locator ('xpath', '//button[@data-test-active-link=\"Similar phrases\"]')\nStacktrace:\n#0 0x563f7bbf18fa <unknown>\n#1 0x563f7b702d20 <unknown>\n#2 0x563f7b751a66 <unknown>\n#3 0x563f7b751d01 <unknown>\n#4 0x563f7b797184 <unknown>\n#5 0x563f7b775b1d <unknown>\n#6 0x563f7b794560 <unknown>\n#7 0x563f7b775893 <unknown>\n#8 0x563f7b74430d <unknown>\n#9 0x563f7b74532e <unknown>\n#10 0x563f7bbbe00b <unknown>\n#11 0x563f7bbc1f97 <unknown>\n#12 0x563f7bbaa71c <unknown>\n#13 0x563f7bbc2b17 <unknown>\n#14 0x563f7bb8f6cf <unknown>\n#15 0x563f7bbe06b8 <unknown>\n#16 0x563f7bbe0880 <unknown>\n#17 0x563f7bbf0776 <unknown>\n#18 0x7f8484e9ca94 <unknown>\n#19 0x7f8484f29c3c <unknown>",
        "time" : {
          "start" : 1737059323660,
          "stop" : 1737059344044,
          "duration" : 20384
        }
      }, {
        "uid" : "8c76daeb70b2703f",
        "reportUrl" : "https://Brain-up.github.io/auto-tests-python/246//#testresult/8c76daeb70b2703f",
        "status" : "skipped",
        "statusDetails" : "XFAIL\n\nselenium.common.exceptions.TimeoutException: Message: Can't find element by locator ('xpath', '//button[@data-test-active-link=\"Similar phrases\"]')\nStacktrace:\n#0 0x55c2b86548fa <unknown>\n#1 0x55c2b8165d20 <unknown>\n#2 0x55c2b81b4a66 <unknown>\n#3 0x55c2b81b4d01 <unknown>\n#4 0x55c2b81fa184 <unknown>\n#5 0x55c2b81d8b1d <unknown>\n#6 0x55c2b81f7560 <unknown>\n#7 0x55c2b81d8893 <unknown>\n#8 0x55c2b81a730d <unknown>\n#9 0x55c2b81a832e <unknown>\n#10 0x55c2b862100b <unknown>\n#11 0x55c2b8624f97 <unknown>\n#12 0x55c2b860d71c <unknown>\n#13 0x55c2b8625b17 <unknown>\n#14 0x55c2b85f26cf <unknown>\n#15 0x55c2b86436b8 <unknown>\n#16 0x55c2b8643880 <unknown>\n#17 0x55c2b8653776 <unknown>\n#18 0x7f16dd09ca94 <unknown>\n#19 0x7f16dd129c3c <unknown>",
        "time" : {
          "start" : 1736989924443,
          "stop" : 1736989944642,
          "duration" : 20199
        }
      }, {
        "uid" : "b0065802b448f1a2",
        "reportUrl" : "https://Brain-up.github.io/auto-tests-python/245//#testresult/b0065802b448f1a2",
        "status" : "skipped",
        "statusDetails" : "XFAIL\n\nselenium.common.exceptions.TimeoutException: Message: Can't find element by locator ('xpath', '//button[@data-test-active-link=\"Similar phrases\"]')\nStacktrace:\n#0 0x558ac5d538fa <unknown>\n#1 0x558ac5864d20 <unknown>\n#2 0x558ac58b3a66 <unknown>\n#3 0x558ac58b3d01 <unknown>\n#4 0x558ac58f9184 <unknown>\n#5 0x558ac58d7b1d <unknown>\n#6 0x558ac58f6560 <unknown>\n#7 0x558ac58d7893 <unknown>\n#8 0x558ac58a630d <unknown>\n#9 0x558ac58a732e <unknown>\n#10 0x558ac5d2000b <unknown>\n#11 0x558ac5d23f97 <unknown>\n#12 0x558ac5d0c71c <unknown>\n#13 0x558ac5d24b17 <unknown>\n#14 0x558ac5cf16cf <unknown>\n#15 0x558ac5d426b8 <unknown>\n#16 0x558ac5d42880 <unknown>\n#17 0x558ac5d52776 <unknown>\n#18 0x7f639aa9ca94 <unknown>\n#19 0x7f639ab29c3c <unknown>",
        "time" : {
          "start" : 1736903615938,
          "stop" : 1736903636144,
          "duration" : 20206
        }
      }, {
        "uid" : "67af3aa584cd67e9",
        "reportUrl" : "https://Brain-up.github.io/auto-tests-python/449//#testresult/67af3aa584cd67e9",
        "status" : "skipped",
        "statusDetails" : "XFAIL\n\nselenium.common.exceptions.TimeoutException: Message: Can't find element by locator ('xpath', '//button[@data-test-active-link=\"Similar phrases\"]')\nStacktrace:\n#0 0x5578281b98fa <unknown>\n#1 0x557827ccad20 <unknown>\n#2 0x557827d19a66 <unknown>\n#3 0x557827d19d01 <unknown>\n#4 0x557827d5f184 <unknown>\n#5 0x557827d3db1d <unknown>\n#6 0x557827d5c560 <unknown>\n#7 0x557827d3d893 <unknown>\n#8 0x557827d0c30d <unknown>\n#9 0x557827d0d32e <unknown>\n#10 0x55782818600b <unknown>\n#11 0x557828189f97 <unknown>\n#12 0x55782817271c <unknown>\n#13 0x55782818ab17 <unknown>\n#14 0x5578281576cf <unknown>\n#15 0x5578281a86b8 <unknown>\n#16 0x5578281a8880 <unknown>\n#17 0x5578281b8776 <unknown>\n#18 0x7fd9cde9ca94 <unknown>\n#19 0x7fd9cdf29c3c <unknown>",
        "time" : {
          "start" : 1736895214952,
          "stop" : 1736895235245,
          "duration" : 20293
        }
      }, {
        "uid" : "bc41e32645075f25",
        "reportUrl" : "https://Brain-up.github.io/auto-tests-python/448//#testresult/bc41e32645075f25",
        "status" : "skipped",
        "statusDetails" : "XFAIL\n\nselenium.common.exceptions.TimeoutException: Message: Can't find element by locator ('xpath', '//button[@data-test-active-link=\"Similar phrases\"]')\nStacktrace:\n#0 0x559d8651b8fa <unknown>\n#1 0x559d8602cd20 <unknown>\n#2 0x559d8607ba66 <unknown>\n#3 0x559d8607bd01 <unknown>\n#4 0x559d860c1184 <unknown>\n#5 0x559d8609fb1d <unknown>\n#6 0x559d860be560 <unknown>\n#7 0x559d8609f893 <unknown>\n#8 0x559d8606e30d <unknown>\n#9 0x559d8606f32e <unknown>\n#10 0x559d864e800b <unknown>\n#11 0x559d864ebf97 <unknown>\n#12 0x559d864d471c <unknown>\n#13 0x559d864ecb17 <unknown>\n#14 0x559d864b96cf <unknown>\n#15 0x559d8650a6b8 <unknown>\n#16 0x559d8650a880 <unknown>\n#17 0x559d8651a776 <unknown>\n#18 0x7fd3e2a9ca94 <unknown>\n#19 0x7fd3e2b29c3c <unknown>",
        "time" : {
          "start" : 1736888895875,
          "stop" : 1736888916123,
          "duration" : 20248
        }
      }, {
        "uid" : "7828a582b8cae8b0",
        "reportUrl" : "https://Brain-up.github.io/auto-tests-python/244//#testresult/7828a582b8cae8b0",
        "status" : "skipped",
        "statusDetails" : "XFAIL\n\nselenium.common.exceptions.TimeoutException: Message: Can't find element by locator ('xpath', '//button[@data-test-active-link=\"Similar phrases\"]')\nStacktrace:\n#0 0x5603f1efb8fa <unknown>\n#1 0x5603f1a0cd20 <unknown>\n#2 0x5603f1a5ba66 <unknown>\n#3 0x5603f1a5bd01 <unknown>\n#4 0x5603f1aa1184 <unknown>\n#5 0x5603f1a7fb1d <unknown>\n#6 0x5603f1a9e560 <unknown>\n#7 0x5603f1a7f893 <unknown>\n#8 0x5603f1a4e30d <unknown>\n#9 0x5603f1a4f32e <unknown>\n#10 0x5603f1ec800b <unknown>\n#11 0x5603f1ecbf97 <unknown>\n#12 0x5603f1eb471c <unknown>\n#13 0x5603f1eccb17 <unknown>\n#14 0x5603f1e996cf <unknown>\n#15 0x5603f1eea6b8 <unknown>\n#16 0x5603f1eea880 <unknown>\n#17 0x5603f1efa776 <unknown>\n#18 0x7f539309ca94 <unknown>\n#19 0x7f5393129c3c <unknown>",
        "time" : {
          "start" : 1736817165987,
          "stop" : 1736817186249,
          "duration" : 20262
        }
      }, {
        "uid" : "98fed35c1e0ff3b",
        "reportUrl" : "https://Brain-up.github.io/auto-tests-python/243//#testresult/98fed35c1e0ff3b",
        "status" : "skipped",
        "statusDetails" : "XFAIL\n\nselenium.common.exceptions.TimeoutException: Message: Can't find element by locator ('xpath', '//button[@data-test-active-link=\"Similar phrases\"]')\nStacktrace:\n#0 0x55bf01e548fa <unknown>\n#1 0x55bf01965d20 <unknown>\n#2 0x55bf019b4a66 <unknown>\n#3 0x55bf019b4d01 <unknown>\n#4 0x55bf019fa184 <unknown>\n#5 0x55bf019d8b1d <unknown>\n#6 0x55bf019f7560 <unknown>\n#7 0x55bf019d8893 <unknown>\n#8 0x55bf019a730d <unknown>\n#9 0x55bf019a832e <unknown>\n#10 0x55bf01e2100b <unknown>\n#11 0x55bf01e24f97 <unknown>\n#12 0x55bf01e0d71c <unknown>\n#13 0x55bf01e25b17 <unknown>\n#14 0x55bf01df26cf <unknown>\n#15 0x55bf01e436b8 <unknown>\n#16 0x55bf01e43880 <unknown>\n#17 0x55bf01e53776 <unknown>\n#18 0x7f24de89ca94 <unknown>\n#19 0x7f24de929c3c <unknown>",
        "time" : {
          "start" : 1736731055796,
          "stop" : 1736731076042,
          "duration" : 20246
        }
      }, {
        "uid" : "75e1f4f8a0e694cf",
        "reportUrl" : "https://Brain-up.github.io/auto-tests-python/447//#testresult/75e1f4f8a0e694cf",
        "status" : "skipped",
        "statusDetails" : "XFAIL\n\nselenium.common.exceptions.TimeoutException: Message: Can't find element by locator ('xpath', '//button[@data-test-active-link=\"Similar phrases\"]')\nStacktrace:\n#0 0x55e46cc8f8fa <unknown>\n#1 0x55e46c7a0d20 <unknown>\n#2 0x55e46c7efa66 <unknown>\n#3 0x55e46c7efd01 <unknown>\n#4 0x55e46c835184 <unknown>\n#5 0x55e46c813b1d <unknown>\n#6 0x55e46c832560 <unknown>\n#7 0x55e46c813893 <unknown>\n#8 0x55e46c7e230d <unknown>\n#9 0x55e46c7e332e <unknown>\n#10 0x55e46cc5c00b <unknown>\n#11 0x55e46cc5ff97 <unknown>\n#12 0x55e46cc4871c <unknown>\n#13 0x55e46cc60b17 <unknown>\n#14 0x55e46cc2d6cf <unknown>\n#15 0x55e46cc7e6b8 <unknown>\n#16 0x55e46cc7e880 <unknown>\n#17 0x55e46cc8e776 <unknown>\n#18 0x7fbc4069ca94 <unknown>\n#19 0x7fbc40729c3c <unknown>",
        "time" : {
          "start" : 1736717325322,
          "stop" : 1736717345861,
          "duration" : 20539
        }
      }, {
        "uid" : "80352729c1bc3985",
        "reportUrl" : "https://Brain-up.github.io/auto-tests-python/446//#testresult/80352729c1bc3985",
        "status" : "skipped",
        "statusDetails" : "XFAIL\n\nselenium.common.exceptions.TimeoutException: Message: Can't find element by locator ('xpath', '//button[@data-test-active-link=\"Similar phrases\"]')\nStacktrace:\n#0 0x55c2ab1e58fa <unknown>\n#1 0x55c2aacf6d20 <unknown>\n#2 0x55c2aad45a66 <unknown>\n#3 0x55c2aad45d01 <unknown>\n#4 0x55c2aad8b184 <unknown>\n#5 0x55c2aad69b1d <unknown>\n#6 0x55c2aad88560 <unknown>\n#7 0x55c2aad69893 <unknown>\n#8 0x55c2aad3830d <unknown>\n#9 0x55c2aad3932e <unknown>\n#10 0x55c2ab1b200b <unknown>\n#11 0x55c2ab1b5f97 <unknown>\n#12 0x55c2ab19e71c <unknown>\n#13 0x55c2ab1b6b17 <unknown>\n#14 0x55c2ab1836cf <unknown>\n#15 0x55c2ab1d46b8 <unknown>\n#16 0x55c2ab1d4880 <unknown>\n#17 0x55c2ab1e4776 <unknown>\n#18 0x7faedd29ca94 <unknown>\n#19 0x7faedd329c3c <unknown>",
        "time" : {
          "start" : 1736714847949,
          "stop" : 1736714868160,
          "duration" : 20211
        }
      }, {
        "uid" : "8555bd37b0b1d876",
        "reportUrl" : "https://Brain-up.github.io/auto-tests-python/445//#testresult/8555bd37b0b1d876",
        "status" : "skipped",
        "statusDetails" : "XFAIL\n\nselenium.common.exceptions.TimeoutException: Message: Can't find element by locator ('xpath', '//button[@data-test-active-link=\"Similar phrases\"]')\nStacktrace:\n#0 0x55d69fa3b8fa <unknown>\n#1 0x55d69f54cd20 <unknown>\n#2 0x55d69f59ba66 <unknown>\n#3 0x55d69f59bd01 <unknown>\n#4 0x55d69f5e1184 <unknown>\n#5 0x55d69f5bfb1d <unknown>\n#6 0x55d69f5de560 <unknown>\n#7 0x55d69f5bf893 <unknown>\n#8 0x55d69f58e30d <unknown>\n#9 0x55d69f58f32e <unknown>\n#10 0x55d69fa0800b <unknown>\n#11 0x55d69fa0bf97 <unknown>\n#12 0x55d69f9f471c <unknown>\n#13 0x55d69fa0cb17 <unknown>\n#14 0x55d69f9d96cf <unknown>\n#15 0x55d69fa2a6b8 <unknown>\n#16 0x55d69fa2a880 <unknown>\n#17 0x55d69fa3a776 <unknown>\n#18 0x7f3e64a9ca94 <unknown>\n#19 0x7f3e64b29c3c <unknown>",
        "time" : {
          "start" : 1736712198743,
          "stop" : 1736712219109,
          "duration" : 20366
        }
      }, {
        "uid" : "633c6f5421cd133d",
        "reportUrl" : "https://Brain-up.github.io/auto-tests-python/444//#testresult/633c6f5421cd133d",
        "status" : "skipped",
        "statusDetails" : "XFAIL\n\nselenium.common.exceptions.TimeoutException: Message: Can't find element by locator ('xpath', '//button[@data-test-active-link=\"Similar phrases\"]')\nStacktrace:\n#0 0x564e777e68fa <unknown>\n#1 0x564e772f7d20 <unknown>\n#2 0x564e77346a66 <unknown>\n#3 0x564e77346d01 <unknown>\n#4 0x564e7738c184 <unknown>\n#5 0x564e7736ab1d <unknown>\n#6 0x564e77389560 <unknown>\n#7 0x564e7736a893 <unknown>\n#8 0x564e7733930d <unknown>\n#9 0x564e7733a32e <unknown>\n#10 0x564e777b300b <unknown>\n#11 0x564e777b6f97 <unknown>\n#12 0x564e7779f71c <unknown>\n#13 0x564e777b7b17 <unknown>\n#14 0x564e777846cf <unknown>\n#15 0x564e777d56b8 <unknown>\n#16 0x564e777d5880 <unknown>\n#17 0x564e777e5776 <unknown>\n#18 0x7f247949ca94 <unknown>\n#19 0x7f2479529c3c <unknown>",
        "time" : {
          "start" : 1736707803656,
          "stop" : 1736707824013,
          "duration" : 20357
        }
      }, {
        "uid" : "2850646ef139eb48",
        "reportUrl" : "https://Brain-up.github.io/auto-tests-python/242//#testresult/2850646ef139eb48",
        "status" : "skipped",
        "statusDetails" : "XFAIL\n\nselenium.common.exceptions.TimeoutException: Message: Can't find element by locator ('xpath', '//button[@data-test-active-link=\"Similar phrases\"]')\nStacktrace:\n#0 0x562e296588fa <unknown>\n#1 0x562e29169d20 <unknown>\n#2 0x562e291b8a66 <unknown>\n#3 0x562e291b8d01 <unknown>\n#4 0x562e291fe184 <unknown>\n#5 0x562e291dcb1d <unknown>\n#6 0x562e291fb560 <unknown>\n#7 0x562e291dc893 <unknown>\n#8 0x562e291ab30d <unknown>\n#9 0x562e291ac32e <unknown>\n#10 0x562e2962500b <unknown>\n#11 0x562e29628f97 <unknown>\n#12 0x562e2961171c <unknown>\n#13 0x562e29629b17 <unknown>\n#14 0x562e295f66cf <unknown>\n#15 0x562e296476b8 <unknown>\n#16 0x562e29647880 <unknown>\n#17 0x562e29657776 <unknown>\n#18 0x7fb0d949ca94 <unknown>\n#19 0x7fb0d9529c3c <unknown>",
        "time" : {
          "start" : 1736644775448,
          "stop" : 1736644795691,
          "duration" : 20243
        }
      }, {
        "uid" : "811a8622ebdc9410",
        "reportUrl" : "https://Brain-up.github.io/auto-tests-python/443//#testresult/811a8622ebdc9410",
        "status" : "skipped",
        "statusDetails" : "XFAIL\n\nselenium.common.exceptions.TimeoutException: Message: Can't find element by locator ('xpath', '//button[@data-test-active-link=\"Similar phrases\"]')\nStacktrace:\n#0 0x556f566ed8fa <unknown>\n#1 0x556f561fed20 <unknown>\n#2 0x556f5624da66 <unknown>\n#3 0x556f5624dd01 <unknown>\n#4 0x556f56293184 <unknown>\n#5 0x556f56271b1d <unknown>\n#6 0x556f56290560 <unknown>\n#7 0x556f56271893 <unknown>\n#8 0x556f5624030d <unknown>\n#9 0x556f5624132e <unknown>\n#10 0x556f566ba00b <unknown>\n#11 0x556f566bdf97 <unknown>\n#12 0x556f566a671c <unknown>\n#13 0x556f566beb17 <unknown>\n#14 0x556f5668b6cf <unknown>\n#15 0x556f566dc6b8 <unknown>\n#16 0x556f566dc880 <unknown>\n#17 0x556f566ec776 <unknown>\n#18 0x7f5c3449ca94 <unknown>\n#19 0x7f5c34529c3c <unknown>",
        "time" : {
          "start" : 1736591513414,
          "stop" : 1736591533655,
          "duration" : 20241
        }
      }, {
        "uid" : "12a4d1ecb6dcbc7a",
        "reportUrl" : "https://Brain-up.github.io/auto-tests-python/241//#testresult/12a4d1ecb6dcbc7a",
        "status" : "skipped",
        "statusDetails" : "XFAIL\n\nselenium.common.exceptions.TimeoutException: Message: Can't find element by locator ('xpath', '//button[@data-test-active-link=\"Similar phrases\"]')\nStacktrace:\n#0 0x562ac30968fa <unknown>\n#1 0x562ac2ba7d20 <unknown>\n#2 0x562ac2bf6a66 <unknown>\n#3 0x562ac2bf6d01 <unknown>\n#4 0x562ac2c3c184 <unknown>\n#5 0x562ac2c1ab1d <unknown>\n#6 0x562ac2c39560 <unknown>\n#7 0x562ac2c1a893 <unknown>\n#8 0x562ac2be930d <unknown>\n#9 0x562ac2bea32e <unknown>\n#10 0x562ac306300b <unknown>\n#11 0x562ac3066f97 <unknown>\n#12 0x562ac304f71c <unknown>\n#13 0x562ac3067b17 <unknown>\n#14 0x562ac30346cf <unknown>\n#15 0x562ac30856b8 <unknown>\n#16 0x562ac3085880 <unknown>\n#17 0x562ac3095776 <unknown>\n#18 0x7fe35bc9ca94 <unknown>\n#19 0x7fe35bd29c3c <unknown>",
        "time" : {
          "start" : 1736557999968,
          "stop" : 1736558020300,
          "duration" : 20332
        }
      }, {
        "uid" : "ccd38e47143cb0cf",
        "reportUrl" : "https://Brain-up.github.io/auto-tests-python/442//#testresult/ccd38e47143cb0cf",
        "status" : "skipped",
        "statusDetails" : "XFAIL\n\nselenium.common.exceptions.TimeoutException: Message: Can't find element by locator ('xpath', '//button[@data-test-active-link=\"Similar phrases\"]')\nStacktrace:\n#0 0x5638e41638fa <unknown>\n#1 0x5638e3c74d20 <unknown>\n#2 0x5638e3cc3a66 <unknown>\n#3 0x5638e3cc3d01 <unknown>\n#4 0x5638e3d09184 <unknown>\n#5 0x5638e3ce7b1d <unknown>\n#6 0x5638e3d06560 <unknown>\n#7 0x5638e3ce7893 <unknown>\n#8 0x5638e3cb630d <unknown>\n#9 0x5638e3cb732e <unknown>\n#10 0x5638e413000b <unknown>\n#11 0x5638e4133f97 <unknown>\n#12 0x5638e411c71c <unknown>\n#13 0x5638e4134b17 <unknown>\n#14 0x5638e41016cf <unknown>\n#15 0x5638e41526b8 <unknown>\n#16 0x5638e4152880 <unknown>\n#17 0x5638e4162776 <unknown>\n#18 0x7fb377c9ca94 <unknown>\n#19 0x7fb377d29c3c <unknown>",
        "time" : {
          "start" : 1736543479664,
          "stop" : 1736543499952,
          "duration" : 20288
        }
      }, {
        "uid" : "145f33a86dc31835",
        "reportUrl" : "https://Brain-up.github.io/auto-tests-python/240//#testresult/145f33a86dc31835",
        "status" : "skipped",
        "statusDetails" : "XFAIL\n\nselenium.common.exceptions.TimeoutException: Message: Can't find element by locator ('xpath', '//button[@data-test-active-link=\"Similar phrases\"]')\nStacktrace:\n#0 0x55cc8f16d8fa <unknown>\n#1 0x55cc8ec7ed20 <unknown>\n#2 0x55cc8eccda66 <unknown>\n#3 0x55cc8eccdd01 <unknown>\n#4 0x55cc8ed13184 <unknown>\n#5 0x55cc8ecf1b1d <unknown>\n#6 0x55cc8ed10560 <unknown>\n#7 0x55cc8ecf1893 <unknown>\n#8 0x55cc8ecc030d <unknown>\n#9 0x55cc8ecc132e <unknown>\n#10 0x55cc8f13a00b <unknown>\n#11 0x55cc8f13df97 <unknown>\n#12 0x55cc8f12671c <unknown>\n#13 0x55cc8f13eb17 <unknown>\n#14 0x55cc8f10b6cf <unknown>\n#15 0x55cc8f15c6b8 <unknown>\n#16 0x55cc8f15c880 <unknown>\n#17 0x55cc8f16c776 <unknown>\n#18 0x7fcf1949ca94 <unknown>\n#19 0x7fcf19529c3c <unknown>",
        "time" : {
          "start" : 1736471706241,
          "stop" : 1736471726452,
          "duration" : 20211
        }
      } ]
    },
    "tags" : [ "@pytest.mark.xfail" ]
  },
  "source" : "708c54c25bafb816.json",
  "parameterValues" : [ ]
}