{
  "uid" : "e7e225e3c1a4b7ef",
  "name" : "Select a random card from \"Similar phrases\" group and compare UI vs BACKEND data",
  "fullName" : "tests.test_speech_exercises_en.TestCardsEN#test_random_cards_in_similar_phrases_en",
  "historyId" : "106afe14e1824ad4b55b346a52794d4b",
  "time" : {
    "start" : 1756809606409,
    "stop" : 1756809616821,
    "duration" : 10412
  },
  "status" : "skipped",
  "statusMessage" : "XFAIL\n\nselenium.common.exceptions.TimeoutException: Message: Can't find element by locator ('xpath', '//button[@data-test-active-link=\"Similar phrases\"]')\nStacktrace:\n#0 0x561af47f902a <unknown>\n#1 0x561af4298a70 <unknown>\n#2 0x561af42ea907 <unknown>\n#3 0x561af42eab01 <unknown>\n#4 0x561af4338d54 <unknown>\n#5 0x561af431040d <unknown>\n#6 0x561af433614f <unknown>\n#7 0x561af43101b3 <unknown>\n#8 0x561af42dc59b <unknown>\n#9 0x561af42dd971 <unknown>\n#10 0x561af47be1fb <unknown>\n#11 0x561af47c1f49 <unknown>\n#12 0x561af47a52d9 <unknown>\n#13 0x561af47c2af8 <unknown>\n#14 0x561af4789bbf <unknown>\n#15 0x561af47e60b8 <unknown>\n#16 0x561af47e6296 <unknown>\n#17 0x561af47f8006 <unknown>\n#18 0x7f9333a9caa4 <unknown>\n#19 0x7f9333b29c3c <unknown>",
  "statusTrace" : "self = <tests.test_speech_exercises_en.TestCardsEN object at 0x7fc530098bc0>\ndriver = <selenium.webdriver.chrome.webdriver.WebDriver (session=\"077367dec507dbeb6652c1af29d3ca29\")>\nspecialist_user_authorized = None\n\n    @pytest.mark.xfail\n    @allure.suite(\"Speech exercises EN.\")\n    @allure.title('Select a random card from \"Similar phrases\" group and compare UI vs BACKEND data')\n    def test_random_cards_in_similar_phrases_en(self, driver, specialist_user_authorized):\n        page = SpeechExercisesPage(driver)\n>       page.select_group(SpeechExercisesPageLocators.SIMILAR_PHRASES_EN)\n\ntests/test_speech_exercises_en.py:57: \n_ _ _ _ _ _ _ _ _ _ _ _ _ _ _ _ _ _ _ _ _ _ _ _ _ _ _ _ _ _ _ _ _ _ _ _ _ _ _ _ \npages/speech_exercises_page_en.py:18: in select_group\n    text_of_the_button = self.element_is_present_and_clickable(selector_for_sub_group)\npages/base_page.py:40: in element_is_present_and_clickable\n    return (Wait(self.driver, self.timeout).until(\n_ _ _ _ _ _ _ _ _ _ _ _ _ _ _ _ _ _ _ _ _ _ _ _ _ _ _ _ _ _ _ _ _ _ _ _ _ _ _ _ \n\nself = <selenium.webdriver.support.wait.WebDriverWait (session=\"077367dec507dbeb6652c1af29d3ca29\")>\nmethod = <function visibility_of_element_located.<locals>._predicate at 0x7fc52ffbafc0>\nmessage = 'Can\\'t find element by locator (\\'xpath\\', \\'//button[@data-test-active-link=\"Similar phrases\"]\\')'\n\n    def until(self, method, message: str = \"\"):\n        \"\"\"Calls the method provided with the driver as an argument until the \\\n        return value does not evaluate to ``False``.\n    \n        :param method: callable(WebDriver)\n        :param message: optional message for :exc:`TimeoutException`\n        :returns: the result of the last call to `method`\n        :raises: :exc:`selenium.common.exceptions.TimeoutException` if timeout occurs\n        \"\"\"\n        screen = None\n        stacktrace = None\n    \n        end_time = time.monotonic() + self._timeout\n        while True:\n            try:\n                value = method(self._driver)\n                if value:\n                    return value\n            except self._ignored_exceptions as exc:\n                screen = getattr(exc, \"screen\", None)\n                stacktrace = getattr(exc, \"stacktrace\", None)\n            time.sleep(self._poll)\n            if time.monotonic() > end_time:\n                break\n>       raise TimeoutException(message, screen, stacktrace)\nE       selenium.common.exceptions.TimeoutException: Message: Can't find element by locator ('xpath', '//button[@data-test-active-link=\"Similar phrases\"]')\nE       Stacktrace:\nE       #0 0x561af47f902a <unknown>\nE       #1 0x561af4298a70 <unknown>\nE       #2 0x561af42ea907 <unknown>\nE       #3 0x561af42eab01 <unknown>\nE       #4 0x561af4338d54 <unknown>\nE       #5 0x561af431040d <unknown>\nE       #6 0x561af433614f <unknown>\nE       #7 0x561af43101b3 <unknown>\nE       #8 0x561af42dc59b <unknown>\nE       #9 0x561af42dd971 <unknown>\nE       #10 0x561af47be1fb <unknown>\nE       #11 0x561af47c1f49 <unknown>\nE       #12 0x561af47a52d9 <unknown>\nE       #13 0x561af47c2af8 <unknown>\nE       #14 0x561af4789bbf <unknown>\nE       #15 0x561af47e60b8 <unknown>\nE       #16 0x561af47e6296 <unknown>\nE       #17 0x561af47f8006 <unknown>\nE       #18 0x7f9333a9caa4 <unknown>\nE       #19 0x7f9333b29c3c <unknown>\n\n/opt/hostedtoolcache/Python/3.12.11/x64/lib/python3.12/site-packages/selenium/webdriver/support/wait.py:95: TimeoutException",
  "flaky" : false,
  "newFailed" : false,
  "beforeStages" : [ {
    "name" : "main_page_open",
    "time" : {
      "start" : 1756809600278,
      "stop" : 1756809603944,
      "duration" : 3666
    },
    "status" : "passed",
    "steps" : [ {
      "name" : "Open page: https://www.brainup.site/",
      "time" : {
        "start" : 1756809600278,
        "stop" : 1756809603944,
        "duration" : 3666
      },
      "status" : "passed",
      "steps" : [ ],
      "attachments" : [ ],
      "parameters" : [ {
        "name" : "driver",
        "value" : "<selenium.webdriver.chrome.webdriver.WebDriver (session=\"077367dec507dbeb6652c1af29d3ca29\")>"
      } ],
      "stepsCount" : 0,
      "attachmentsCount" : 0,
      "shouldDisplayMessage" : false,
      "hasContent" : true
    } ],
    "attachments" : [ ],
    "parameters" : [ ],
    "stepsCount" : 1,
    "attachmentsCount" : 0,
    "shouldDisplayMessage" : false,
    "hasContent" : true
  }, {
    "name" : "specialist_user_authorized",
    "time" : {
      "start" : 1756809603944,
      "stop" : 1756809606409,
      "duration" : 2465
    },
    "status" : "passed",
    "steps" : [ {
      "name" : "USER specialist authorized",
      "time" : {
        "start" : 1756809603944,
        "stop" : 1756809606409,
        "duration" : 2465
      },
      "status" : "passed",
      "steps" : [ {
        "name" : "Check url is present: https://www.brainup.site/groups",
        "time" : {
          "start" : 1756809604369,
          "stop" : 1756809606387,
          "duration" : 2018
        },
        "status" : "passed",
        "steps" : [ ],
        "attachments" : [ ],
        "parameters" : [ ],
        "stepsCount" : 0,
        "attachmentsCount" : 0,
        "shouldDisplayMessage" : false,
        "hasContent" : false
      }, {
        "name" : "Loader checking",
        "time" : {
          "start" : 1756809606387,
          "stop" : 1756809606409,
          "duration" : 22
        },
        "status" : "passed",
        "steps" : [ ],
        "attachments" : [ ],
        "parameters" : [ ],
        "stepsCount" : 0,
        "attachmentsCount" : 0,
        "shouldDisplayMessage" : false,
        "hasContent" : false
      } ],
      "attachments" : [ ],
      "parameters" : [ {
        "name" : "driver",
        "value" : "<selenium.webdriver.chrome.webdriver.WebDriver (session=\"077367dec507dbeb6652c1af29d3ca29\")>"
      }, {
        "name" : "main_page_open",
        "value" : "None"
      } ],
      "stepsCount" : 2,
      "attachmentsCount" : 0,
      "shouldDisplayMessage" : false,
      "hasContent" : true
    } ],
    "attachments" : [ ],
    "parameters" : [ ],
    "stepsCount" : 3,
    "attachmentsCount" : 0,
    "shouldDisplayMessage" : false,
    "hasContent" : true
  }, {
    "name" : "clear_allure_results_folder",
    "time" : {
      "start" : 1756808517314,
      "stop" : 1756808517314,
      "duration" : 0
    },
    "status" : "passed",
    "steps" : [ ],
    "attachments" : [ ],
    "parameters" : [ ],
    "stepsCount" : 0,
    "attachmentsCount" : 0,
    "shouldDisplayMessage" : false,
    "hasContent" : false
  }, {
    "name" : "driver",
    "time" : {
      "start" : 1756809599524,
      "stop" : 1756809600277,
      "duration" : 753
    },
    "status" : "passed",
    "steps" : [ ],
    "attachments" : [ ],
    "parameters" : [ ],
    "stepsCount" : 0,
    "attachmentsCount" : 0,
    "shouldDisplayMessage" : false,
    "hasContent" : false
  } ],
  "testStage" : {
    "status" : "skipped",
    "statusMessage" : "XFAIL\n\nselenium.common.exceptions.TimeoutException: Message: Can't find element by locator ('xpath', '//button[@data-test-active-link=\"Similar phrases\"]')\nStacktrace:\n#0 0x561af47f902a <unknown>\n#1 0x561af4298a70 <unknown>\n#2 0x561af42ea907 <unknown>\n#3 0x561af42eab01 <unknown>\n#4 0x561af4338d54 <unknown>\n#5 0x561af431040d <unknown>\n#6 0x561af433614f <unknown>\n#7 0x561af43101b3 <unknown>\n#8 0x561af42dc59b <unknown>\n#9 0x561af42dd971 <unknown>\n#10 0x561af47be1fb <unknown>\n#11 0x561af47c1f49 <unknown>\n#12 0x561af47a52d9 <unknown>\n#13 0x561af47c2af8 <unknown>\n#14 0x561af4789bbf <unknown>\n#15 0x561af47e60b8 <unknown>\n#16 0x561af47e6296 <unknown>\n#17 0x561af47f8006 <unknown>\n#18 0x7f9333a9caa4 <unknown>\n#19 0x7f9333b29c3c <unknown>",
    "statusTrace" : "self = <tests.test_speech_exercises_en.TestCardsEN object at 0x7fc530098bc0>\ndriver = <selenium.webdriver.chrome.webdriver.WebDriver (session=\"077367dec507dbeb6652c1af29d3ca29\")>\nspecialist_user_authorized = None\n\n    @pytest.mark.xfail\n    @allure.suite(\"Speech exercises EN.\")\n    @allure.title('Select a random card from \"Similar phrases\" group and compare UI vs BACKEND data')\n    def test_random_cards_in_similar_phrases_en(self, driver, specialist_user_authorized):\n        page = SpeechExercisesPage(driver)\n>       page.select_group(SpeechExercisesPageLocators.SIMILAR_PHRASES_EN)\n\ntests/test_speech_exercises_en.py:57: \n_ _ _ _ _ _ _ _ _ _ _ _ _ _ _ _ _ _ _ _ _ _ _ _ _ _ _ _ _ _ _ _ _ _ _ _ _ _ _ _ \npages/speech_exercises_page_en.py:18: in select_group\n    text_of_the_button = self.element_is_present_and_clickable(selector_for_sub_group)\npages/base_page.py:40: in element_is_present_and_clickable\n    return (Wait(self.driver, self.timeout).until(\n_ _ _ _ _ _ _ _ _ _ _ _ _ _ _ _ _ _ _ _ _ _ _ _ _ _ _ _ _ _ _ _ _ _ _ _ _ _ _ _ \n\nself = <selenium.webdriver.support.wait.WebDriverWait (session=\"077367dec507dbeb6652c1af29d3ca29\")>\nmethod = <function visibility_of_element_located.<locals>._predicate at 0x7fc52ffbafc0>\nmessage = 'Can\\'t find element by locator (\\'xpath\\', \\'//button[@data-test-active-link=\"Similar phrases\"]\\')'\n\n    def until(self, method, message: str = \"\"):\n        \"\"\"Calls the method provided with the driver as an argument until the \\\n        return value does not evaluate to ``False``.\n    \n        :param method: callable(WebDriver)\n        :param message: optional message for :exc:`TimeoutException`\n        :returns: the result of the last call to `method`\n        :raises: :exc:`selenium.common.exceptions.TimeoutException` if timeout occurs\n        \"\"\"\n        screen = None\n        stacktrace = None\n    \n        end_time = time.monotonic() + self._timeout\n        while True:\n            try:\n                value = method(self._driver)\n                if value:\n                    return value\n            except self._ignored_exceptions as exc:\n                screen = getattr(exc, \"screen\", None)\n                stacktrace = getattr(exc, \"stacktrace\", None)\n            time.sleep(self._poll)\n            if time.monotonic() > end_time:\n                break\n>       raise TimeoutException(message, screen, stacktrace)\nE       selenium.common.exceptions.TimeoutException: Message: Can't find element by locator ('xpath', '//button[@data-test-active-link=\"Similar phrases\"]')\nE       Stacktrace:\nE       #0 0x561af47f902a <unknown>\nE       #1 0x561af4298a70 <unknown>\nE       #2 0x561af42ea907 <unknown>\nE       #3 0x561af42eab01 <unknown>\nE       #4 0x561af4338d54 <unknown>\nE       #5 0x561af431040d <unknown>\nE       #6 0x561af433614f <unknown>\nE       #7 0x561af43101b3 <unknown>\nE       #8 0x561af42dc59b <unknown>\nE       #9 0x561af42dd971 <unknown>\nE       #10 0x561af47be1fb <unknown>\nE       #11 0x561af47c1f49 <unknown>\nE       #12 0x561af47a52d9 <unknown>\nE       #13 0x561af47c2af8 <unknown>\nE       #14 0x561af4789bbf <unknown>\nE       #15 0x561af47e60b8 <unknown>\nE       #16 0x561af47e6296 <unknown>\nE       #17 0x561af47f8006 <unknown>\nE       #18 0x7f9333a9caa4 <unknown>\nE       #19 0x7f9333b29c3c <unknown>\n\n/opt/hostedtoolcache/Python/3.12.11/x64/lib/python3.12/site-packages/selenium/webdriver/support/wait.py:95: TimeoutException",
    "steps" : [ {
      "name" : "select_group",
      "time" : {
        "start" : 1756809606410,
        "stop" : 1756809616820,
        "duration" : 10410
      },
      "status" : "broken",
      "statusMessage" : "selenium.common.exceptions.TimeoutException: Message: Can't find element by locator ('xpath', '//button[@data-test-active-link=\"Similar phrases\"]')\nStacktrace:\n#0 0x561af47f902a <unknown>\n#1 0x561af4298a70 <unknown>\n#2 0x561af42ea907 <unknown>\n#3 0x561af42eab01 <unknown>\n#4 0x561af4338d54 <unknown>\n#5 0x561af431040d <unknown>\n#6 0x561af433614f <unknown>\n#7 0x561af43101b3 <unknown>\n#8 0x561af42dc59b <unknown>\n#9 0x561af42dd971 <unknown>\n#10 0x561af47be1fb <unknown>\n#11 0x561af47c1f49 <unknown>\n#12 0x561af47a52d9 <unknown>\n#13 0x561af47c2af8 <unknown>\n#14 0x561af4789bbf <unknown>\n#15 0x561af47e60b8 <unknown>\n#16 0x561af47e6296 <unknown>\n#17 0x561af47f8006 <unknown>\n#18 0x7f9333a9caa4 <unknown>\n#19 0x7f9333b29c3c <unknown>\n\n",
      "statusTrace" : "  File \"/opt/hostedtoolcache/Python/3.12.11/x64/lib/python3.12/site-packages/allure_commons/_allure.py\", line 192, in impl\n    return func(*a, **kw)\n           ^^^^^^^^^^^^^^\n  File \"/home/runner/work/auto-tests-python/auto-tests-python/pages/speech_exercises_page_en.py\", line 18, in select_group\n    text_of_the_button = self.element_is_present_and_clickable(selector_for_sub_group)\n                         ^^^^^^^^^^^^^^^^^^^^^^^^^^^^^^^^^^^^^^^^^^^^^^^^^^^^^^^^^^^^^\n  File \"/home/runner/work/auto-tests-python/auto-tests-python/pages/base_page.py\", line 40, in element_is_present_and_clickable\n    return (Wait(self.driver, self.timeout).until(\n            ^^^^^^^^^^^^^^^^^^^^^^^^^^^^^^^^^^^^^^\n  File \"/opt/hostedtoolcache/Python/3.12.11/x64/lib/python3.12/site-packages/selenium/webdriver/support/wait.py\", line 95, in until\n    raise TimeoutException(message, screen, stacktrace)\n",
      "steps" : [ {
        "name" : "Select Russian language. Click \"EN\" button.",
        "time" : {
          "start" : 1756809606410,
          "stop" : 1756809606493,
          "duration" : 83
        },
        "status" : "passed",
        "steps" : [ ],
        "attachments" : [ ],
        "parameters" : [ ],
        "stepsCount" : 0,
        "attachmentsCount" : 0,
        "shouldDisplayMessage" : false,
        "hasContent" : false
      }, {
        "name" : "Click button \"SPEECH EXERCISES\".",
        "time" : {
          "start" : 1756809606493,
          "stop" : 1756809606568,
          "duration" : 75
        },
        "status" : "passed",
        "steps" : [ ],
        "attachments" : [ ],
        "parameters" : [ ],
        "stepsCount" : 0,
        "attachmentsCount" : 0,
        "shouldDisplayMessage" : false,
        "hasContent" : false
      } ],
      "attachments" : [ ],
      "parameters" : [ {
        "name" : "selector_for_sub_group",
        "value" : "('xpath', '//button[@data-test-active-link=\"Similar phrases\"]')"
      } ],
      "stepsCount" : 2,
      "attachmentsCount" : 0,
      "shouldDisplayMessage" : true,
      "hasContent" : true
    } ],
    "attachments" : [ ],
    "parameters" : [ ],
    "stepsCount" : 3,
    "attachmentsCount" : 0,
    "shouldDisplayMessage" : true,
    "hasContent" : true
  },
  "afterStages" : [ {
    "name" : "driver::0",
    "time" : {
      "start" : 1756809616831,
      "stop" : 1756809616899,
      "duration" : 68
    },
    "status" : "passed",
    "steps" : [ ],
    "attachments" : [ ],
    "parameters" : [ ],
    "stepsCount" : 0,
    "attachmentsCount" : 0,
    "shouldDisplayMessage" : false,
    "hasContent" : false
  } ],
  "labels" : [ {
    "name" : "epic",
    "value" : "Speech exercises."
  }, {
    "name" : "suite",
    "value" : "Speech exercises EN."
  }, {
    "name" : "tag",
    "value" : "@pytest.mark.xfail"
  }, {
    "name" : "parentSuite",
    "value" : "tests"
  }, {
    "name" : "subSuite",
    "value" : "TestCardsEN"
  }, {
    "name" : "host",
    "value" : "pkrvmccyg1gnepe"
  }, {
    "name" : "thread",
    "value" : "2548-MainThread"
  }, {
    "name" : "framework",
    "value" : "pytest"
  }, {
    "name" : "language",
    "value" : "cpython3"
  }, {
    "name" : "package",
    "value" : "tests.test_speech_exercises_en"
  }, {
    "name" : "resultFormat",
    "value" : "allure2"
  } ],
  "parameters" : [ ],
  "links" : [ ],
  "hidden" : false,
  "retry" : false,
  "extra" : {
    "severity" : "normal",
    "retries" : [ ],
    "categories" : [ ],
    "history" : {
      "statistic" : {
        "failed" : 0,
        "broken" : 0,
        "skipped" : 305,
        "passed" : 2,
        "unknown" : 0,
        "total" : 307
      },
      "items" : [ {
        "uid" : "9203c3dddabc11a",
        "reportUrl" : "https://Brain-up.github.io/auto-tests-python/673//#testresult/9203c3dddabc11a",
        "status" : "skipped",
        "statusDetails" : "XFAIL\n\nselenium.common.exceptions.TimeoutException: Message: Can't find element by locator ('xpath', '//button[@data-test-active-link=\"Similar phrases\"]')\nStacktrace:\n#0 0x562d26ab602a <unknown>\n#1 0x562d26555a70 <unknown>\n#2 0x562d265a7907 <unknown>\n#3 0x562d265a7b01 <unknown>\n#4 0x562d265f5d54 <unknown>\n#5 0x562d265cd40d <unknown>\n#6 0x562d265f314f <unknown>\n#7 0x562d265cd1b3 <unknown>\n#8 0x562d2659959b <unknown>\n#9 0x562d2659a971 <unknown>\n#10 0x562d26a7b1fb <unknown>\n#11 0x562d26a7ef49 <unknown>\n#12 0x562d26a622d9 <unknown>\n#13 0x562d26a7faf8 <unknown>\n#14 0x562d26a46bbf <unknown>\n#15 0x562d26aa30b8 <unknown>\n#16 0x562d26aa3296 <unknown>\n#17 0x562d26ab5006 <unknown>\n#18 0x7f098329caa4 <unknown>\n#19 0x7f0983329c3c <unknown>",
        "time" : {
          "start" : 1756757313131,
          "stop" : 1756757323576,
          "duration" : 10445
        }
      }, {
        "uid" : "5307c911c67dbc0f",
        "reportUrl" : "https://Brain-up.github.io/auto-tests-python/672//#testresult/5307c911c67dbc0f",
        "status" : "skipped",
        "statusDetails" : "XFAIL\n\nselenium.common.exceptions.TimeoutException: Message: Can't find element by locator ('xpath', '//button[@data-test-active-link=\"Similar phrases\"]')\nStacktrace:\n#0 0x56116463702a <unknown>\n#1 0x5611640d6a70 <unknown>\n#2 0x561164128907 <unknown>\n#3 0x561164128b01 <unknown>\n#4 0x561164176d54 <unknown>\n#5 0x56116414e40d <unknown>\n#6 0x56116417414f <unknown>\n#7 0x56116414e1b3 <unknown>\n#8 0x56116411a59b <unknown>\n#9 0x56116411b971 <unknown>\n#10 0x5611645fc1fb <unknown>\n#11 0x5611645fff49 <unknown>\n#12 0x5611645e32d9 <unknown>\n#13 0x561164600af8 <unknown>\n#14 0x5611645c7bbf <unknown>\n#15 0x5611646240b8 <unknown>\n#16 0x561164624296 <unknown>\n#17 0x561164636006 <unknown>\n#18 0x7f869f89caa4 <unknown>\n#19 0x7f869f929c3c <unknown>",
        "time" : {
          "start" : 1756648617260,
          "stop" : 1756648627700,
          "duration" : 10440
        }
      }, {
        "uid" : "8099c20dda2b16a",
        "reportUrl" : "https://Brain-up.github.io/auto-tests-python/671//#testresult/8099c20dda2b16a",
        "status" : "skipped",
        "statusDetails" : "XFAIL\n\nselenium.common.exceptions.TimeoutException: Message: Can't find element by locator ('xpath', '//button[@data-test-active-link=\"Similar phrases\"]')\nStacktrace:\n#0 0x56522118a02a <unknown>\n#1 0x565220c29a70 <unknown>\n#2 0x565220c7b907 <unknown>\n#3 0x565220c7bb01 <unknown>\n#4 0x565220cc9d54 <unknown>\n#5 0x565220ca140d <unknown>\n#6 0x565220cc714f <unknown>\n#7 0x565220ca11b3 <unknown>\n#8 0x565220c6d59b <unknown>\n#9 0x565220c6e971 <unknown>\n#10 0x56522114f1fb <unknown>\n#11 0x565221152f49 <unknown>\n#12 0x5652211362d9 <unknown>\n#13 0x565221153af8 <unknown>\n#14 0x56522111abbf <unknown>\n#15 0x5652211770b8 <unknown>\n#16 0x565221177296 <unknown>\n#17 0x565221189006 <unknown>\n#18 0x7f4494a9caa4 <unknown>\n#19 0x7f4494b29c3c <unknown>",
        "time" : {
          "start" : 1756547722190,
          "stop" : 1756547732591,
          "duration" : 10401
        }
      }, {
        "uid" : "8dcd9250daf13f9c",
        "reportUrl" : "https://Brain-up.github.io/auto-tests-python/670//#testresult/8dcd9250daf13f9c",
        "status" : "skipped",
        "statusDetails" : "XFAIL\n\nselenium.common.exceptions.TimeoutException: Message: Can't find element by locator ('xpath', '//button[@data-test-active-link=\"Similar phrases\"]')\nStacktrace:\n#0 0x5606497c002a <unknown>\n#1 0x56064925fa70 <unknown>\n#2 0x5606492b1907 <unknown>\n#3 0x5606492b1b01 <unknown>\n#4 0x5606492ffd54 <unknown>\n#5 0x5606492d740d <unknown>\n#6 0x5606492fd14f <unknown>\n#7 0x5606492d71b3 <unknown>\n#8 0x5606492a359b <unknown>\n#9 0x5606492a4971 <unknown>\n#10 0x5606497851fb <unknown>\n#11 0x560649788f49 <unknown>\n#12 0x56064976c2d9 <unknown>\n#13 0x560649789af8 <unknown>\n#14 0x560649750bbf <unknown>\n#15 0x5606497ad0b8 <unknown>\n#16 0x5606497ad296 <unknown>\n#17 0x5606497bf006 <unknown>\n#18 0x7f3cd409caa4 <unknown>\n#19 0x7f3cd4129c3c <unknown>",
        "time" : {
          "start" : 1756490079770,
          "stop" : 1756490090201,
          "duration" : 10431
        }
      }, {
        "uid" : "1c9f83a41bd99842",
        "reportUrl" : "https://Brain-up.github.io/auto-tests-python/670//#testresult/1c9f83a41bd99842",
        "status" : "skipped",
        "statusDetails" : "XFAIL\n\nselenium.common.exceptions.TimeoutException: Message: Can't find element by locator ('xpath', '//button[@data-test-active-link=\"Similar phrases\"]')\nStacktrace:\n#0 0x55c7af8b602a <unknown>\n#1 0x55c7af355a70 <unknown>\n#2 0x55c7af3a7907 <unknown>\n#3 0x55c7af3a7b01 <unknown>\n#4 0x55c7af3f5d54 <unknown>\n#5 0x55c7af3cd40d <unknown>\n#6 0x55c7af3f314f <unknown>\n#7 0x55c7af3cd1b3 <unknown>\n#8 0x55c7af39959b <unknown>\n#9 0x55c7af39a971 <unknown>\n#10 0x55c7af87b1fb <unknown>\n#11 0x55c7af87ef49 <unknown>\n#12 0x55c7af8622d9 <unknown>\n#13 0x55c7af87faf8 <unknown>\n#14 0x55c7af846bbf <unknown>\n#15 0x55c7af8a30b8 <unknown>\n#16 0x55c7af8a3296 <unknown>\n#17 0x55c7af8b5006 <unknown>\n#18 0x7fc068c9caa4 <unknown>\n#19 0x7fc068d29c3c <unknown>",
        "time" : {
          "start" : 1756484522798,
          "stop" : 1756484533204,
          "duration" : 10406
        }
      }, {
        "uid" : "902047b8c0531da",
        "reportUrl" : "https://Brain-up.github.io/auto-tests-python/669//#testresult/902047b8c0531da",
        "status" : "skipped",
        "statusDetails" : "XFAIL\n\nselenium.common.exceptions.TimeoutException: Message: Can't find element by locator ('xpath', '//button[@data-test-active-link=\"Similar phrases\"]')\nStacktrace:\n#0 0x555abd5a202a <unknown>\n#1 0x555abd041a70 <unknown>\n#2 0x555abd093907 <unknown>\n#3 0x555abd093b01 <unknown>\n#4 0x555abd0e1d54 <unknown>\n#5 0x555abd0b940d <unknown>\n#6 0x555abd0df14f <unknown>\n#7 0x555abd0b91b3 <unknown>\n#8 0x555abd08559b <unknown>\n#9 0x555abd086971 <unknown>\n#10 0x555abd5671fb <unknown>\n#11 0x555abd56af49 <unknown>\n#12 0x555abd54e2d9 <unknown>\n#13 0x555abd56baf8 <unknown>\n#14 0x555abd532bbf <unknown>\n#15 0x555abd58f0b8 <unknown>\n#16 0x555abd58f296 <unknown>\n#17 0x555abd5a1006 <unknown>\n#18 0x7fb445a9caa4 <unknown>\n#19 0x7fb445b29c3c <unknown>",
        "time" : {
          "start" : 1756373149231,
          "stop" : 1756373159634,
          "duration" : 10403
        }
      }, {
        "uid" : "f45baf2b7407965f",
        "reportUrl" : "https://Brain-up.github.io/auto-tests-python/668//#testresult/f45baf2b7407965f",
        "status" : "skipped",
        "statusDetails" : "XFAIL\n\nselenium.common.exceptions.TimeoutException: Message: Can't find element by locator ('xpath', '//button[@data-test-active-link=\"Similar phrases\"]')\nStacktrace:\n#0 0x5565a9ed201a <unknown>\n#1 0x5565a9971a70 <unknown>\n#2 0x5565a99c3907 <unknown>\n#3 0x5565a99c3b01 <unknown>\n#4 0x5565a9a11d54 <unknown>\n#5 0x5565a99e940d <unknown>\n#6 0x5565a9a0f14f <unknown>\n#7 0x5565a99e91b3 <unknown>\n#8 0x5565a99b559b <unknown>\n#9 0x5565a99b6971 <unknown>\n#10 0x5565a9e971eb <unknown>\n#11 0x5565a9e9af39 <unknown>\n#12 0x5565a9e7e2c9 <unknown>\n#13 0x5565a9e9bae8 <unknown>\n#14 0x5565a9e62baf <unknown>\n#15 0x5565a9ebf0a8 <unknown>\n#16 0x5565a9ebf286 <unknown>\n#17 0x5565a9ed0ff6 <unknown>\n#18 0x7f153589caa4 <unknown>\n#19 0x7f1535929c3c <unknown>",
        "time" : {
          "start" : 1756296675909,
          "stop" : 1756296686320,
          "duration" : 10411
        }
      }, {
        "uid" : "91db7d9e8c9bb299",
        "reportUrl" : "https://Brain-up.github.io/auto-tests-python/667//#testresult/91db7d9e8c9bb299",
        "status" : "skipped",
        "statusDetails" : "XFAIL\n\nselenium.common.exceptions.TimeoutException: Message: Can't find element by locator ('xpath', '//button[@data-test-active-link=\"Similar phrases\"]')\nStacktrace:\n#0 0x55890d21c01a <unknown>\n#1 0x55890ccbba70 <unknown>\n#2 0x55890cd0d907 <unknown>\n#3 0x55890cd0db01 <unknown>\n#4 0x55890cd5bd54 <unknown>\n#5 0x55890cd3340d <unknown>\n#6 0x55890cd5914f <unknown>\n#7 0x55890cd331b3 <unknown>\n#8 0x55890ccff59b <unknown>\n#9 0x55890cd00971 <unknown>\n#10 0x55890d1e11eb <unknown>\n#11 0x55890d1e4f39 <unknown>\n#12 0x55890d1c82c9 <unknown>\n#13 0x55890d1e5ae8 <unknown>\n#14 0x55890d1acbaf <unknown>\n#15 0x55890d2090a8 <unknown>\n#16 0x55890d209286 <unknown>\n#17 0x55890d21aff6 <unknown>\n#18 0x7fa5ffc9caa4 <unknown>\n#19 0x7fa5ffd29c3c <unknown>",
        "time" : {
          "start" : 1756203521734,
          "stop" : 1756203532154,
          "duration" : 10420
        }
      }, {
        "uid" : "95c0560e0b71a061",
        "reportUrl" : "https://Brain-up.github.io/auto-tests-python/666//#testresult/95c0560e0b71a061",
        "status" : "skipped",
        "statusDetails" : "XFAIL\n\nselenium.common.exceptions.TimeoutException: Message: Can't find element by locator ('xpath', '//button[@data-test-active-link=\"Similar phrases\"]')\nStacktrace:\n#0 0x55dce554f01a <unknown>\n#1 0x55dce4feea70 <unknown>\n#2 0x55dce5040907 <unknown>\n#3 0x55dce5040b01 <unknown>\n#4 0x55dce508ed54 <unknown>\n#5 0x55dce506640d <unknown>\n#6 0x55dce508c14f <unknown>\n#7 0x55dce50661b3 <unknown>\n#8 0x55dce503259b <unknown>\n#9 0x55dce5033971 <unknown>\n#10 0x55dce55141eb <unknown>\n#11 0x55dce5517f39 <unknown>\n#12 0x55dce54fb2c9 <unknown>\n#13 0x55dce5518ae8 <unknown>\n#14 0x55dce54dfbaf <unknown>\n#15 0x55dce553c0a8 <unknown>\n#16 0x55dce553c286 <unknown>\n#17 0x55dce554dff6 <unknown>\n#18 0x7f4581e9caa4 <unknown>\n#19 0x7f4581f29c3c <unknown>",
        "time" : {
          "start" : 1756119363426,
          "stop" : 1756119373831,
          "duration" : 10405
        }
      }, {
        "uid" : "b1575c8761ad054c",
        "reportUrl" : "https://Brain-up.github.io/auto-tests-python/665//#testresult/b1575c8761ad054c",
        "status" : "skipped",
        "statusDetails" : "XFAIL\n\nselenium.common.exceptions.TimeoutException: Message: Can't find element by locator ('xpath', '//button[@data-test-active-link=\"Similar phrases\"]')\nStacktrace:\n#0 0x557674f8301a <unknown>\n#1 0x557674a22a70 <unknown>\n#2 0x557674a74907 <unknown>\n#3 0x557674a74b01 <unknown>\n#4 0x557674ac2d54 <unknown>\n#5 0x557674a9a40d <unknown>\n#6 0x557674ac014f <unknown>\n#7 0x557674a9a1b3 <unknown>\n#8 0x557674a6659b <unknown>\n#9 0x557674a67971 <unknown>\n#10 0x557674f481eb <unknown>\n#11 0x557674f4bf39 <unknown>\n#12 0x557674f2f2c9 <unknown>\n#13 0x557674f4cae8 <unknown>\n#14 0x557674f13baf <unknown>\n#15 0x557674f700a8 <unknown>\n#16 0x557674f70286 <unknown>\n#17 0x557674f81ff6 <unknown>\n#18 0x7f95b0a9caa4 <unknown>\n#19 0x7f95b0b29c3c <unknown>",
        "time" : {
          "start" : 1756034938518,
          "stop" : 1756034948928,
          "duration" : 10410
        }
      }, {
        "uid" : "f84aaec5492c6d72",
        "reportUrl" : "https://Brain-up.github.io/auto-tests-python/664//#testresult/f84aaec5492c6d72",
        "status" : "skipped",
        "statusDetails" : "XFAIL\n\nselenium.common.exceptions.TimeoutException: Message: Can't find element by locator ('xpath', '//button[@data-test-active-link=\"Similar phrases\"]')\nStacktrace:\n#0 0x5625de3ac01a <unknown>\n#1 0x5625dde4ba70 <unknown>\n#2 0x5625dde9d907 <unknown>\n#3 0x5625dde9db01 <unknown>\n#4 0x5625ddeebd54 <unknown>\n#5 0x5625ddec340d <unknown>\n#6 0x5625ddee914f <unknown>\n#7 0x5625ddec31b3 <unknown>\n#8 0x5625dde8f59b <unknown>\n#9 0x5625dde90971 <unknown>\n#10 0x5625de3711eb <unknown>\n#11 0x5625de374f39 <unknown>\n#12 0x5625de3582c9 <unknown>\n#13 0x5625de375ae8 <unknown>\n#14 0x5625de33cbaf <unknown>\n#15 0x5625de3990a8 <unknown>\n#16 0x5625de399286 <unknown>\n#17 0x5625de3aaff6 <unknown>\n#18 0x7fb92649caa4 <unknown>\n#19 0x7fb926529c3c <unknown>",
        "time" : {
          "start" : 1755947276477,
          "stop" : 1755947286944,
          "duration" : 10467
        }
      }, {
        "uid" : "3257b2e95c60308d",
        "reportUrl" : "https://Brain-up.github.io/auto-tests-python/663//#testresult/3257b2e95c60308d",
        "status" : "skipped",
        "statusDetails" : "XFAIL\n\nselenium.common.exceptions.TimeoutException: Message: Can't find element by locator ('xpath', '//button[@data-test-active-link=\"Similar phrases\"]')\nStacktrace:\n#0 0x5606c36a401a <unknown>\n#1 0x5606c3143a70 <unknown>\n#2 0x5606c3195907 <unknown>\n#3 0x5606c3195b01 <unknown>\n#4 0x5606c31e3d54 <unknown>\n#5 0x5606c31bb40d <unknown>\n#6 0x5606c31e114f <unknown>\n#7 0x5606c31bb1b3 <unknown>\n#8 0x5606c318759b <unknown>\n#9 0x5606c3188971 <unknown>\n#10 0x5606c36691eb <unknown>\n#11 0x5606c366cf39 <unknown>\n#12 0x5606c36502c9 <unknown>\n#13 0x5606c366dae8 <unknown>\n#14 0x5606c3634baf <unknown>\n#15 0x5606c36910a8 <unknown>\n#16 0x5606c3691286 <unknown>\n#17 0x5606c36a2ff6 <unknown>\n#18 0x7f58a449caa4 <unknown>\n#19 0x7f58a4529c3c <unknown>",
        "time" : {
          "start" : 1755853612463,
          "stop" : 1755853622872,
          "duration" : 10409
        }
      }, {
        "uid" : "da1ae4b48a8919a5",
        "reportUrl" : "https://Brain-up.github.io/auto-tests-python/662//#testresult/da1ae4b48a8919a5",
        "status" : "skipped",
        "statusDetails" : "XFAIL\n\nselenium.common.exceptions.TimeoutException: Message: Can't find element by locator ('xpath', '//button[@data-test-active-link=\"Similar phrases\"]')\nStacktrace:\n#0 0x557bb70cd01a <unknown>\n#1 0x557bb6b6ca70 <unknown>\n#2 0x557bb6bbe907 <unknown>\n#3 0x557bb6bbeb01 <unknown>\n#4 0x557bb6c0cd54 <unknown>\n#5 0x557bb6be440d <unknown>\n#6 0x557bb6c0a14f <unknown>\n#7 0x557bb6be41b3 <unknown>\n#8 0x557bb6bb059b <unknown>\n#9 0x557bb6bb1971 <unknown>\n#10 0x557bb70921eb <unknown>\n#11 0x557bb7095f39 <unknown>\n#12 0x557bb70792c9 <unknown>\n#13 0x557bb7096ae8 <unknown>\n#14 0x557bb705dbaf <unknown>\n#15 0x557bb70ba0a8 <unknown>\n#16 0x557bb70ba286 <unknown>\n#17 0x557bb70cbff6 <unknown>\n#18 0x7f43cda9caa4 <unknown>\n#19 0x7f43cdb29c3c <unknown>",
        "time" : {
          "start" : 1755772924178,
          "stop" : 1755772934603,
          "duration" : 10425
        }
      }, {
        "uid" : "461298cce3da69b9",
        "reportUrl" : "https://Brain-up.github.io/auto-tests-python/661//#testresult/461298cce3da69b9",
        "status" : "skipped",
        "statusDetails" : "XFAIL\n\nselenium.common.exceptions.TimeoutException: Message: Can't find element by locator ('xpath', '//button[@data-test-active-link=\"Similar phrases\"]')\nStacktrace:\n#0 0x55b1e1ad301a <unknown>\n#1 0x55b1e1572a70 <unknown>\n#2 0x55b1e15c4907 <unknown>\n#3 0x55b1e15c4b01 <unknown>\n#4 0x55b1e1612d54 <unknown>\n#5 0x55b1e15ea40d <unknown>\n#6 0x55b1e161014f <unknown>\n#7 0x55b1e15ea1b3 <unknown>\n#8 0x55b1e15b659b <unknown>\n#9 0x55b1e15b7971 <unknown>\n#10 0x55b1e1a981eb <unknown>\n#11 0x55b1e1a9bf39 <unknown>\n#12 0x55b1e1a7f2c9 <unknown>\n#13 0x55b1e1a9cae8 <unknown>\n#14 0x55b1e1a63baf <unknown>\n#15 0x55b1e1ac00a8 <unknown>\n#16 0x55b1e1ac0286 <unknown>\n#17 0x55b1e1ad1ff6 <unknown>\n#18 0x7f0abf89caa4 <unknown>\n#19 0x7f0abf929c3c <unknown>",
        "time" : {
          "start" : 1755722896789,
          "stop" : 1755722907215,
          "duration" : 10426
        }
      }, {
        "uid" : "eaca5326959b2336",
        "reportUrl" : "https://Brain-up.github.io/auto-tests-python/660//#testresult/eaca5326959b2336",
        "status" : "skipped",
        "statusDetails" : "XFAIL\n\nselenium.common.exceptions.TimeoutException: Message: Can't find element by locator ('xpath', '//button[@data-test-active-link=\"Similar phrases\"]')\nStacktrace:\n#0 0x564dec24805a <unknown>\n#1 0x564debce7a70 <unknown>\n#2 0x564debd39907 <unknown>\n#3 0x564debd39b01 <unknown>\n#4 0x564debd87d54 <unknown>\n#5 0x564debd5f40d <unknown>\n#6 0x564debd8514f <unknown>\n#7 0x564debd5f1b3 <unknown>\n#8 0x564debd2b59b <unknown>\n#9 0x564debd2c971 <unknown>\n#10 0x564dec20d22b <unknown>\n#11 0x564dec210f79 <unknown>\n#12 0x564dec1f4309 <unknown>\n#13 0x564dec211b28 <unknown>\n#14 0x564dec1d8bef <unknown>\n#15 0x564dec2350e8 <unknown>\n#16 0x564dec2352c6 <unknown>\n#17 0x564dec247036 <unknown>\n#18 0x7f7c2b69caa4 <unknown>\n#19 0x7f7c2b729c3c <unknown>",
        "time" : {
          "start" : 1755613022905,
          "stop" : 1755613033317,
          "duration" : 10412
        }
      }, {
        "uid" : "25b2b21b83054021",
        "reportUrl" : "https://Brain-up.github.io/auto-tests-python/659//#testresult/25b2b21b83054021",
        "status" : "skipped",
        "statusDetails" : "XFAIL\n\nselenium.common.exceptions.TimeoutException: Message: Can't find element by locator ('xpath', '//button[@data-test-active-link=\"Similar phrases\"]')\nStacktrace:\n#0 0x563a1f1b205a <unknown>\n#1 0x563a1ec51a70 <unknown>\n#2 0x563a1eca3907 <unknown>\n#3 0x563a1eca3b01 <unknown>\n#4 0x563a1ecf1d54 <unknown>\n#5 0x563a1ecc940d <unknown>\n#6 0x563a1ecef14f <unknown>\n#7 0x563a1ecc91b3 <unknown>\n#8 0x563a1ec9559b <unknown>\n#9 0x563a1ec96971 <unknown>\n#10 0x563a1f17722b <unknown>\n#11 0x563a1f17af79 <unknown>\n#12 0x563a1f15e309 <unknown>\n#13 0x563a1f17bb28 <unknown>\n#14 0x563a1f142bef <unknown>\n#15 0x563a1f19f0e8 <unknown>\n#16 0x563a1f19f2c6 <unknown>\n#17 0x563a1f1b1036 <unknown>\n#18 0x7f8f7709caa4 <unknown>\n#19 0x7f8f77129c3c <unknown>",
        "time" : {
          "start" : 1755502838022,
          "stop" : 1755502848491,
          "duration" : 10469
        }
      }, {
        "uid" : "559cee43342c3ae8",
        "reportUrl" : "https://Brain-up.github.io/auto-tests-python/658//#testresult/559cee43342c3ae8",
        "status" : "skipped",
        "statusDetails" : "XFAIL\n\nselenium.common.exceptions.TimeoutException: Message: Can't find element by locator ('xpath', '//button[@data-test-active-link=\"Similar phrases\"]')\nStacktrace:\n#0 0x559188c3c05a <unknown>\n#1 0x5591886dba70 <unknown>\n#2 0x55918872d907 <unknown>\n#3 0x55918872db01 <unknown>\n#4 0x55918877bd54 <unknown>\n#5 0x55918875340d <unknown>\n#6 0x55918877914f <unknown>\n#7 0x5591887531b3 <unknown>\n#8 0x55918871f59b <unknown>\n#9 0x559188720971 <unknown>\n#10 0x559188c0122b <unknown>\n#11 0x559188c04f79 <unknown>\n#12 0x559188be8309 <unknown>\n#13 0x559188c05b28 <unknown>\n#14 0x559188bccbef <unknown>\n#15 0x559188c290e8 <unknown>\n#16 0x559188c292c6 <unknown>\n#17 0x559188c3b036 <unknown>\n#18 0x7f4c9609caa4 <unknown>\n#19 0x7f4c96129c3c <unknown>",
        "time" : {
          "start" : 1755253704862,
          "stop" : 1755253715269,
          "duration" : 10407
        }
      }, {
        "uid" : "3e5663d57ea59487",
        "reportUrl" : "https://Brain-up.github.io/auto-tests-python/657//#testresult/3e5663d57ea59487",
        "status" : "skipped",
        "statusDetails" : "XFAIL\n\nselenium.common.exceptions.TimeoutException: Message: Can't find element by locator ('xpath', '//button[@data-test-active-link=\"Similar phrases\"]')\nStacktrace:\n#0 0x564f72a0b2ca <unknown>\n#1 0x564f724b2550 <unknown>\n#2 0x564f725040f0 <unknown>\n#3 0x564f725042e1 <unknown>\n#4 0x564f725525e4 <unknown>\n#5 0x564f72529bed <unknown>\n#6 0x564f7254f9e6 <unknown>\n#7 0x564f72529993 <unknown>\n#8 0x564f724f5d6b <unknown>\n#9 0x564f724f7141 <unknown>\n#10 0x564f729d02ab <unknown>\n#11 0x564f729d40b9 <unknown>\n#12 0x564f729b7139 <unknown>\n#13 0x564f729d4c68 <unknown>\n#14 0x564f7299b60f <unknown>\n#15 0x564f729f91f8 <unknown>\n#16 0x564f729f93d6 <unknown>\n#17 0x564f72a0a5e6 <unknown>\n#18 0x7f712809caa4 <unknown>\n#19 0x7f7128129c3c <unknown>",
        "time" : {
          "start" : 1755153528707,
          "stop" : 1755153539128,
          "duration" : 10421
        }
      }, {
        "uid" : "9b70b95b6eeca532",
        "reportUrl" : "https://Brain-up.github.io/auto-tests-python/656//#testresult/9b70b95b6eeca532",
        "status" : "skipped",
        "statusDetails" : "XFAIL\n\nselenium.common.exceptions.TimeoutException: Message: Can't find element by locator ('xpath', '//button[@data-test-active-link=\"Similar phrases\"]')\nStacktrace:\n#0 0x5648342642ca <unknown>\n#1 0x564833d0b550 <unknown>\n#2 0x564833d5d0f0 <unknown>\n#3 0x564833d5d2e1 <unknown>\n#4 0x564833dab5e4 <unknown>\n#5 0x564833d82bed <unknown>\n#6 0x564833da89e6 <unknown>\n#7 0x564833d82993 <unknown>\n#8 0x564833d4ed6b <unknown>\n#9 0x564833d50141 <unknown>\n#10 0x5648342292ab <unknown>\n#11 0x56483422d0b9 <unknown>\n#12 0x564834210139 <unknown>\n#13 0x56483422dc68 <unknown>\n#14 0x5648341f460f <unknown>\n#15 0x5648342521f8 <unknown>\n#16 0x5648342523d6 <unknown>\n#17 0x5648342635e6 <unknown>\n#18 0x7feb82a9caa4 <unknown>\n#19 0x7feb82b29c3c <unknown>",
        "time" : {
          "start" : 1755075111698,
          "stop" : 1755075122150,
          "duration" : 10452
        }
      }, {
        "uid" : "30cd787073f97152",
        "reportUrl" : "https://Brain-up.github.io/auto-tests-python/655//#testresult/30cd787073f97152",
        "status" : "passed",
        "statusDetails" : "XPASS",
        "time" : {
          "start" : 1754986780774,
          "stop" : 1754986788068,
          "duration" : 7294
        }
      } ]
    },
    "tags" : [ "@pytest.mark.xfail" ]
  },
  "source" : "e7e225e3c1a4b7ef.json",
  "parameterValues" : [ ]
}