{
  "uid" : "98d8f93be0455b75",
  "name" : "Check progres-bar and buttons.",
  "fullName" : "tests.test_speech_exercises_en.TestCardsEN#test_progress_bar_is_present_en",
  "historyId" : "efb827312bdd34b296637645e49b0897",
  "time" : {
    "start" : 1751458940865,
    "stop" : 1751458951356,
    "duration" : 10491
  },
  "status" : "skipped",
  "statusMessage" : "XFAIL\n\nselenium.common.exceptions.TimeoutException: Message: Can't find element by locator ('xpath', '//button[@data-test-active-link=\"Words\"]')\nStacktrace:\n#0 0x55a7c4dd945a <unknown>\n#1 0x55a7c487e760 <unknown>\n#2 0x55a7c48d0127 <unknown>\n#3 0x55a7c48d0321 <unknown>\n#4 0x55a7c491ee94 <unknown>\n#5 0x55a7c48f5e7d <unknown>\n#6 0x55a7c491c30b <unknown>\n#7 0x55a7c48f5c23 <unknown>\n#8 0x55a7c48c24a5 <unknown>\n#9 0x55a7c48c3111 <unknown>\n#10 0x55a7c4d9df1b <unknown>\n#11 0x55a7c4da1e19 <unknown>\n#12 0x55a7c4d84ac9 <unknown>\n#13 0x55a7c4da29c8 <unknown>\n#14 0x55a7c4d6934f <unknown>\n#15 0x55a7c4dc6a28 <unknown>\n#16 0x55a7c4dc6c06 <unknown>\n#17 0x55a7c4dd8336 <unknown>\n#18 0x7ffad569caa4 <unknown>\n#19 0x7ffad5729c3c <unknown>",
  "statusTrace" : "self = <tests.test_speech_exercises_en.TestCardsEN object at 0x7fce7957c710>\ndriver = <selenium.webdriver.chrome.webdriver.WebDriver (session=\"d526f67249d423e4da759cb1f8f9a22f\")>\nspecialist_user_authorized = None\n\n    @pytest.mark.xfail\n    @allure.suite(\"Speech exercises EN.\")\n    @allure.title('Check progres-bar and buttons.')\n    def test_progress_bar_is_present_en(self, driver, specialist_user_authorized):\n        page = SpeechExercisesPage(driver)\n>       page.select_group(SpeechExercisesPageLocators.WORDS_BUTTON_EN)\n\ntests/test_speech_exercises_en.py:34: \n_ _ _ _ _ _ _ _ _ _ _ _ _ _ _ _ _ _ _ _ _ _ _ _ _ _ _ _ _ _ _ _ _ _ _ _ _ _ _ _ \npages/speech_exercises_page_en.py:18: in select_group\n    text_of_the_button = self.element_is_present_and_clickable(selector_for_sub_group)\npages/base_page.py:40: in element_is_present_and_clickable\n    return (Wait(self.driver, self.timeout).until(\n_ _ _ _ _ _ _ _ _ _ _ _ _ _ _ _ _ _ _ _ _ _ _ _ _ _ _ _ _ _ _ _ _ _ _ _ _ _ _ _ \n\nself = <selenium.webdriver.support.wait.WebDriverWait (session=\"d526f67249d423e4da759cb1f8f9a22f\")>\nmethod = <function visibility_of_element_located.<locals>._predicate at 0x7fce794b1800>\nmessage = 'Can\\'t find element by locator (\\'xpath\\', \\'//button[@data-test-active-link=\"Words\"]\\')'\n\n    def until(self, method, message: str = \"\"):\n        \"\"\"Calls the method provided with the driver as an argument until the \\\n        return value does not evaluate to ``False``.\n    \n        :param method: callable(WebDriver)\n        :param message: optional message for :exc:`TimeoutException`\n        :returns: the result of the last call to `method`\n        :raises: :exc:`selenium.common.exceptions.TimeoutException` if timeout occurs\n        \"\"\"\n        screen = None\n        stacktrace = None\n    \n        end_time = time.monotonic() + self._timeout\n        while True:\n            try:\n                value = method(self._driver)\n                if value:\n                    return value\n            except self._ignored_exceptions as exc:\n                screen = getattr(exc, \"screen\", None)\n                stacktrace = getattr(exc, \"stacktrace\", None)\n            time.sleep(self._poll)\n            if time.monotonic() > end_time:\n                break\n>       raise TimeoutException(message, screen, stacktrace)\nE       selenium.common.exceptions.TimeoutException: Message: Can't find element by locator ('xpath', '//button[@data-test-active-link=\"Words\"]')\nE       Stacktrace:\nE       #0 0x55a7c4dd945a <unknown>\nE       #1 0x55a7c487e760 <unknown>\nE       #2 0x55a7c48d0127 <unknown>\nE       #3 0x55a7c48d0321 <unknown>\nE       #4 0x55a7c491ee94 <unknown>\nE       #5 0x55a7c48f5e7d <unknown>\nE       #6 0x55a7c491c30b <unknown>\nE       #7 0x55a7c48f5c23 <unknown>\nE       #8 0x55a7c48c24a5 <unknown>\nE       #9 0x55a7c48c3111 <unknown>\nE       #10 0x55a7c4d9df1b <unknown>\nE       #11 0x55a7c4da1e19 <unknown>\nE       #12 0x55a7c4d84ac9 <unknown>\nE       #13 0x55a7c4da29c8 <unknown>\nE       #14 0x55a7c4d6934f <unknown>\nE       #15 0x55a7c4dc6a28 <unknown>\nE       #16 0x55a7c4dc6c06 <unknown>\nE       #17 0x55a7c4dd8336 <unknown>\nE       #18 0x7ffad569caa4 <unknown>\nE       #19 0x7ffad5729c3c <unknown>\n\n/opt/hostedtoolcache/Python/3.12.11/x64/lib/python3.12/site-packages/selenium/webdriver/support/wait.py:95: TimeoutException",
  "flaky" : false,
  "newFailed" : false,
  "beforeStages" : [ {
    "name" : "specialist_user_authorized",
    "time" : {
      "start" : 1751458938411,
      "stop" : 1751458940865,
      "duration" : 2454
    },
    "status" : "passed",
    "steps" : [ {
      "name" : "USER specialist authorized",
      "time" : {
        "start" : 1751458938411,
        "stop" : 1751458940865,
        "duration" : 2454
      },
      "status" : "passed",
      "steps" : [ {
        "name" : "Check url is present: https://www.brainup.site/groups",
        "time" : {
          "start" : 1751458938823,
          "stop" : 1751458940842,
          "duration" : 2019
        },
        "status" : "passed",
        "steps" : [ ],
        "attachments" : [ ],
        "parameters" : [ ],
        "stepsCount" : 0,
        "attachmentsCount" : 0,
        "shouldDisplayMessage" : false,
        "hasContent" : false
      }, {
        "name" : "Loader checking",
        "time" : {
          "start" : 1751458940842,
          "stop" : 1751458940865,
          "duration" : 23
        },
        "status" : "passed",
        "steps" : [ ],
        "attachments" : [ ],
        "parameters" : [ ],
        "stepsCount" : 0,
        "attachmentsCount" : 0,
        "shouldDisplayMessage" : false,
        "hasContent" : false
      } ],
      "attachments" : [ ],
      "parameters" : [ {
        "name" : "driver",
        "value" : "<selenium.webdriver.chrome.webdriver.WebDriver (session=\"d526f67249d423e4da759cb1f8f9a22f\")>"
      }, {
        "name" : "main_page_open",
        "value" : "None"
      } ],
      "stepsCount" : 2,
      "attachmentsCount" : 0,
      "shouldDisplayMessage" : false,
      "hasContent" : true
    } ],
    "attachments" : [ ],
    "parameters" : [ ],
    "stepsCount" : 3,
    "attachmentsCount" : 0,
    "shouldDisplayMessage" : false,
    "hasContent" : true
  }, {
    "name" : "main_page_open",
    "time" : {
      "start" : 1751458934526,
      "stop" : 1751458938410,
      "duration" : 3884
    },
    "status" : "passed",
    "steps" : [ {
      "name" : "Open page: https://www.brainup.site/",
      "time" : {
        "start" : 1751458934526,
        "stop" : 1751458938410,
        "duration" : 3884
      },
      "status" : "passed",
      "steps" : [ ],
      "attachments" : [ ],
      "parameters" : [ {
        "name" : "driver",
        "value" : "<selenium.webdriver.chrome.webdriver.WebDriver (session=\"d526f67249d423e4da759cb1f8f9a22f\")>"
      } ],
      "stepsCount" : 0,
      "attachmentsCount" : 0,
      "shouldDisplayMessage" : false,
      "hasContent" : true
    } ],
    "attachments" : [ ],
    "parameters" : [ ],
    "stepsCount" : 1,
    "attachmentsCount" : 0,
    "shouldDisplayMessage" : false,
    "hasContent" : true
  }, {
    "name" : "driver",
    "time" : {
      "start" : 1751458933686,
      "stop" : 1751458934526,
      "duration" : 840
    },
    "status" : "passed",
    "steps" : [ ],
    "attachments" : [ ],
    "parameters" : [ ],
    "stepsCount" : 0,
    "attachmentsCount" : 0,
    "shouldDisplayMessage" : false,
    "hasContent" : false
  }, {
    "name" : "clear_allure_results_folder",
    "time" : {
      "start" : 1751457520533,
      "stop" : 1751457520533,
      "duration" : 0
    },
    "status" : "passed",
    "steps" : [ ],
    "attachments" : [ ],
    "parameters" : [ ],
    "stepsCount" : 0,
    "attachmentsCount" : 0,
    "shouldDisplayMessage" : false,
    "hasContent" : false
  } ],
  "testStage" : {
    "status" : "skipped",
    "statusMessage" : "XFAIL\n\nselenium.common.exceptions.TimeoutException: Message: Can't find element by locator ('xpath', '//button[@data-test-active-link=\"Words\"]')\nStacktrace:\n#0 0x55a7c4dd945a <unknown>\n#1 0x55a7c487e760 <unknown>\n#2 0x55a7c48d0127 <unknown>\n#3 0x55a7c48d0321 <unknown>\n#4 0x55a7c491ee94 <unknown>\n#5 0x55a7c48f5e7d <unknown>\n#6 0x55a7c491c30b <unknown>\n#7 0x55a7c48f5c23 <unknown>\n#8 0x55a7c48c24a5 <unknown>\n#9 0x55a7c48c3111 <unknown>\n#10 0x55a7c4d9df1b <unknown>\n#11 0x55a7c4da1e19 <unknown>\n#12 0x55a7c4d84ac9 <unknown>\n#13 0x55a7c4da29c8 <unknown>\n#14 0x55a7c4d6934f <unknown>\n#15 0x55a7c4dc6a28 <unknown>\n#16 0x55a7c4dc6c06 <unknown>\n#17 0x55a7c4dd8336 <unknown>\n#18 0x7ffad569caa4 <unknown>\n#19 0x7ffad5729c3c <unknown>",
    "statusTrace" : "self = <tests.test_speech_exercises_en.TestCardsEN object at 0x7fce7957c710>\ndriver = <selenium.webdriver.chrome.webdriver.WebDriver (session=\"d526f67249d423e4da759cb1f8f9a22f\")>\nspecialist_user_authorized = None\n\n    @pytest.mark.xfail\n    @allure.suite(\"Speech exercises EN.\")\n    @allure.title('Check progres-bar and buttons.')\n    def test_progress_bar_is_present_en(self, driver, specialist_user_authorized):\n        page = SpeechExercisesPage(driver)\n>       page.select_group(SpeechExercisesPageLocators.WORDS_BUTTON_EN)\n\ntests/test_speech_exercises_en.py:34: \n_ _ _ _ _ _ _ _ _ _ _ _ _ _ _ _ _ _ _ _ _ _ _ _ _ _ _ _ _ _ _ _ _ _ _ _ _ _ _ _ \npages/speech_exercises_page_en.py:18: in select_group\n    text_of_the_button = self.element_is_present_and_clickable(selector_for_sub_group)\npages/base_page.py:40: in element_is_present_and_clickable\n    return (Wait(self.driver, self.timeout).until(\n_ _ _ _ _ _ _ _ _ _ _ _ _ _ _ _ _ _ _ _ _ _ _ _ _ _ _ _ _ _ _ _ _ _ _ _ _ _ _ _ \n\nself = <selenium.webdriver.support.wait.WebDriverWait (session=\"d526f67249d423e4da759cb1f8f9a22f\")>\nmethod = <function visibility_of_element_located.<locals>._predicate at 0x7fce794b1800>\nmessage = 'Can\\'t find element by locator (\\'xpath\\', \\'//button[@data-test-active-link=\"Words\"]\\')'\n\n    def until(self, method, message: str = \"\"):\n        \"\"\"Calls the method provided with the driver as an argument until the \\\n        return value does not evaluate to ``False``.\n    \n        :param method: callable(WebDriver)\n        :param message: optional message for :exc:`TimeoutException`\n        :returns: the result of the last call to `method`\n        :raises: :exc:`selenium.common.exceptions.TimeoutException` if timeout occurs\n        \"\"\"\n        screen = None\n        stacktrace = None\n    \n        end_time = time.monotonic() + self._timeout\n        while True:\n            try:\n                value = method(self._driver)\n                if value:\n                    return value\n            except self._ignored_exceptions as exc:\n                screen = getattr(exc, \"screen\", None)\n                stacktrace = getattr(exc, \"stacktrace\", None)\n            time.sleep(self._poll)\n            if time.monotonic() > end_time:\n                break\n>       raise TimeoutException(message, screen, stacktrace)\nE       selenium.common.exceptions.TimeoutException: Message: Can't find element by locator ('xpath', '//button[@data-test-active-link=\"Words\"]')\nE       Stacktrace:\nE       #0 0x55a7c4dd945a <unknown>\nE       #1 0x55a7c487e760 <unknown>\nE       #2 0x55a7c48d0127 <unknown>\nE       #3 0x55a7c48d0321 <unknown>\nE       #4 0x55a7c491ee94 <unknown>\nE       #5 0x55a7c48f5e7d <unknown>\nE       #6 0x55a7c491c30b <unknown>\nE       #7 0x55a7c48f5c23 <unknown>\nE       #8 0x55a7c48c24a5 <unknown>\nE       #9 0x55a7c48c3111 <unknown>\nE       #10 0x55a7c4d9df1b <unknown>\nE       #11 0x55a7c4da1e19 <unknown>\nE       #12 0x55a7c4d84ac9 <unknown>\nE       #13 0x55a7c4da29c8 <unknown>\nE       #14 0x55a7c4d6934f <unknown>\nE       #15 0x55a7c4dc6a28 <unknown>\nE       #16 0x55a7c4dc6c06 <unknown>\nE       #17 0x55a7c4dd8336 <unknown>\nE       #18 0x7ffad569caa4 <unknown>\nE       #19 0x7ffad5729c3c <unknown>\n\n/opt/hostedtoolcache/Python/3.12.11/x64/lib/python3.12/site-packages/selenium/webdriver/support/wait.py:95: TimeoutException",
    "steps" : [ {
      "name" : "select_group",
      "time" : {
        "start" : 1751458940865,
        "stop" : 1751458951355,
        "duration" : 10490
      },
      "status" : "broken",
      "statusMessage" : "selenium.common.exceptions.TimeoutException: Message: Can't find element by locator ('xpath', '//button[@data-test-active-link=\"Words\"]')\nStacktrace:\n#0 0x55a7c4dd945a <unknown>\n#1 0x55a7c487e760 <unknown>\n#2 0x55a7c48d0127 <unknown>\n#3 0x55a7c48d0321 <unknown>\n#4 0x55a7c491ee94 <unknown>\n#5 0x55a7c48f5e7d <unknown>\n#6 0x55a7c491c30b <unknown>\n#7 0x55a7c48f5c23 <unknown>\n#8 0x55a7c48c24a5 <unknown>\n#9 0x55a7c48c3111 <unknown>\n#10 0x55a7c4d9df1b <unknown>\n#11 0x55a7c4da1e19 <unknown>\n#12 0x55a7c4d84ac9 <unknown>\n#13 0x55a7c4da29c8 <unknown>\n#14 0x55a7c4d6934f <unknown>\n#15 0x55a7c4dc6a28 <unknown>\n#16 0x55a7c4dc6c06 <unknown>\n#17 0x55a7c4dd8336 <unknown>\n#18 0x7ffad569caa4 <unknown>\n#19 0x7ffad5729c3c <unknown>\n\n",
      "statusTrace" : "  File \"/opt/hostedtoolcache/Python/3.12.11/x64/lib/python3.12/site-packages/allure_commons/_allure.py\", line 192, in impl\n    return func(*a, **kw)\n           ^^^^^^^^^^^^^^\n  File \"/home/runner/work/auto-tests-python/auto-tests-python/pages/speech_exercises_page_en.py\", line 18, in select_group\n    text_of_the_button = self.element_is_present_and_clickable(selector_for_sub_group)\n                         ^^^^^^^^^^^^^^^^^^^^^^^^^^^^^^^^^^^^^^^^^^^^^^^^^^^^^^^^^^^^^\n  File \"/home/runner/work/auto-tests-python/auto-tests-python/pages/base_page.py\", line 40, in element_is_present_and_clickable\n    return (Wait(self.driver, self.timeout).until(\n            ^^^^^^^^^^^^^^^^^^^^^^^^^^^^^^^^^^^^^^\n  File \"/opt/hostedtoolcache/Python/3.12.11/x64/lib/python3.12/site-packages/selenium/webdriver/support/wait.py\", line 95, in until\n    raise TimeoutException(message, screen, stacktrace)\n",
      "steps" : [ {
        "name" : "Select Russian language. Click \"EN\" button.",
        "time" : {
          "start" : 1751458940865,
          "stop" : 1751458940941,
          "duration" : 76
        },
        "status" : "passed",
        "steps" : [ ],
        "attachments" : [ ],
        "parameters" : [ ],
        "stepsCount" : 0,
        "attachmentsCount" : 0,
        "shouldDisplayMessage" : false,
        "hasContent" : false
      }, {
        "name" : "Click button \"SPEECH EXERCISES\".",
        "time" : {
          "start" : 1751458940941,
          "stop" : 1751458941035,
          "duration" : 94
        },
        "status" : "passed",
        "steps" : [ ],
        "attachments" : [ ],
        "parameters" : [ ],
        "stepsCount" : 0,
        "attachmentsCount" : 0,
        "shouldDisplayMessage" : false,
        "hasContent" : false
      } ],
      "attachments" : [ ],
      "parameters" : [ {
        "name" : "selector_for_sub_group",
        "value" : "('xpath', '//button[@data-test-active-link=\"Words\"]')"
      } ],
      "stepsCount" : 2,
      "attachmentsCount" : 0,
      "shouldDisplayMessage" : true,
      "hasContent" : true
    } ],
    "attachments" : [ ],
    "parameters" : [ ],
    "stepsCount" : 3,
    "attachmentsCount" : 0,
    "shouldDisplayMessage" : true,
    "hasContent" : true
  },
  "afterStages" : [ {
    "name" : "driver::0",
    "time" : {
      "start" : 1751458951366,
      "stop" : 1751458951432,
      "duration" : 66
    },
    "status" : "passed",
    "steps" : [ ],
    "attachments" : [ ],
    "parameters" : [ ],
    "stepsCount" : 0,
    "attachmentsCount" : 0,
    "shouldDisplayMessage" : false,
    "hasContent" : false
  } ],
  "labels" : [ {
    "name" : "suite",
    "value" : "Speech exercises EN."
  }, {
    "name" : "epic",
    "value" : "Speech exercises."
  }, {
    "name" : "tag",
    "value" : "@pytest.mark.xfail"
  }, {
    "name" : "parentSuite",
    "value" : "tests"
  }, {
    "name" : "subSuite",
    "value" : "TestCardsEN"
  }, {
    "name" : "host",
    "value" : "pkrvmbietmlfzoi"
  }, {
    "name" : "thread",
    "value" : "2541-MainThread"
  }, {
    "name" : "framework",
    "value" : "pytest"
  }, {
    "name" : "language",
    "value" : "cpython3"
  }, {
    "name" : "package",
    "value" : "tests.test_speech_exercises_en"
  }, {
    "name" : "resultFormat",
    "value" : "allure2"
  } ],
  "parameters" : [ ],
  "links" : [ ],
  "hidden" : false,
  "retry" : false,
  "extra" : {
    "severity" : "normal",
    "retries" : [ ],
    "categories" : [ ],
    "history" : {
      "statistic" : {
        "failed" : 0,
        "broken" : 0,
        "skipped" : 244,
        "passed" : 5,
        "unknown" : 0,
        "total" : 249
      },
      "items" : [ {
        "uid" : "5157303e639572a0",
        "reportUrl" : "https://Brain-up.github.io/auto-tests-python/616//#testresult/5157303e639572a0",
        "status" : "passed",
        "statusDetails" : "XPASS",
        "time" : {
          "start" : 1751382003865,
          "stop" : 1751382012212,
          "duration" : 8347
        }
      }, {
        "uid" : "b28174d1a0e22dd0",
        "reportUrl" : "https://Brain-up.github.io/auto-tests-python/615//#testresult/b28174d1a0e22dd0",
        "status" : "skipped",
        "statusDetails" : "XFAIL\n\nselenium.common.exceptions.TimeoutException: Message: Can't find element by locator ('xpath', '//button[@data-test-active-link=\"Words\"]')\nStacktrace:\n#0 0x5555a029945a <unknown>\n#1 0x55559fd3e760 <unknown>\n#2 0x55559fd90127 <unknown>\n#3 0x55559fd90321 <unknown>\n#4 0x55559fddee94 <unknown>\n#5 0x55559fdb5e7d <unknown>\n#6 0x55559fddc30b <unknown>\n#7 0x55559fdb5c23 <unknown>\n#8 0x55559fd824a5 <unknown>\n#9 0x55559fd83111 <unknown>\n#10 0x5555a025df1b <unknown>\n#11 0x5555a0261e19 <unknown>\n#12 0x5555a0244ac9 <unknown>\n#13 0x5555a02629c8 <unknown>\n#14 0x5555a022934f <unknown>\n#15 0x5555a0286a28 <unknown>\n#16 0x5555a0286c06 <unknown>\n#17 0x5555a0298336 <unknown>\n#18 0x7f7e0ca9caa4 <unknown>\n#19 0x7f7e0cb29c3c <unknown>",
        "time" : {
          "start" : 1751369353229,
          "stop" : 1751369363636,
          "duration" : 10407
        }
      }, {
        "uid" : "f85c5ffe4f62a38b",
        "reportUrl" : "https://Brain-up.github.io/auto-tests-python/412//#testresult/f85c5ffe4f62a38b",
        "status" : "skipped",
        "statusDetails" : "XFAIL\n\nselenium.common.exceptions.TimeoutException: Message: Can't find element by locator ('xpath', '//button[@data-test-active-link=\"Words\"]')\nStacktrace:\n#0 0x561826a1845a <unknown>\n#1 0x5618264bd760 <unknown>\n#2 0x56182650f127 <unknown>\n#3 0x56182650f321 <unknown>\n#4 0x56182655de94 <unknown>\n#5 0x561826534e7d <unknown>\n#6 0x56182655b30b <unknown>\n#7 0x561826534c23 <unknown>\n#8 0x5618265014a5 <unknown>\n#9 0x561826502111 <unknown>\n#10 0x5618269dcf1b <unknown>\n#11 0x5618269e0e19 <unknown>\n#12 0x5618269c3ac9 <unknown>\n#13 0x5618269e19c8 <unknown>\n#14 0x5618269a834f <unknown>\n#15 0x561826a05a28 <unknown>\n#16 0x561826a05c06 <unknown>\n#17 0x561826a17336 <unknown>\n#18 0x7fe33f49caa4 <unknown>\n#19 0x7fe33f529c3c <unknown>",
        "time" : {
          "start" : 1751333803224,
          "stop" : 1751333823878,
          "duration" : 20654
        }
      }, {
        "uid" : "32a52f2d1e90f7e8",
        "reportUrl" : "https://Brain-up.github.io/auto-tests-python/614//#testresult/32a52f2d1e90f7e8",
        "status" : "skipped",
        "statusDetails" : "XFAIL\n\nselenium.common.exceptions.TimeoutException: Message: Can't find element by locator ('xpath', '//button[@data-test-active-link=\"Words\"]')\nStacktrace:\n#0 0x55b3075c345a <unknown>\n#1 0x55b307068760 <unknown>\n#2 0x55b3070ba127 <unknown>\n#3 0x55b3070ba321 <unknown>\n#4 0x55b307108e94 <unknown>\n#5 0x55b3070dfe7d <unknown>\n#6 0x55b30710630b <unknown>\n#7 0x55b3070dfc23 <unknown>\n#8 0x55b3070ac4a5 <unknown>\n#9 0x55b3070ad111 <unknown>\n#10 0x55b307587f1b <unknown>\n#11 0x55b30758be19 <unknown>\n#12 0x55b30756eac9 <unknown>\n#13 0x55b30758c9c8 <unknown>\n#14 0x55b30755334f <unknown>\n#15 0x55b3075b0a28 <unknown>\n#16 0x55b3075b0c06 <unknown>\n#17 0x55b3075c2336 <unknown>\n#18 0x7efc1f29caa4 <unknown>\n#19 0x7efc1f329c3c <unknown>",
        "time" : {
          "start" : 1751275943172,
          "stop" : 1751275963836,
          "duration" : 20664
        }
      }, {
        "uid" : "afe1099eb65a78f9",
        "reportUrl" : "https://Brain-up.github.io/auto-tests-python/411//#testresult/afe1099eb65a78f9",
        "status" : "skipped",
        "statusDetails" : "XFAIL\n\nselenium.common.exceptions.TimeoutException: Message: Can't find element by locator ('xpath', '//button[@data-test-active-link=\"Words\"]')\nStacktrace:\n#0 0x5580b5fbb45a <unknown>\n#1 0x5580b5a60760 <unknown>\n#2 0x5580b5ab2127 <unknown>\n#3 0x5580b5ab2321 <unknown>\n#4 0x5580b5b00e94 <unknown>\n#5 0x5580b5ad7e7d <unknown>\n#6 0x5580b5afe30b <unknown>\n#7 0x5580b5ad7c23 <unknown>\n#8 0x5580b5aa44a5 <unknown>\n#9 0x5580b5aa5111 <unknown>\n#10 0x5580b5f7ff1b <unknown>\n#11 0x5580b5f83e19 <unknown>\n#12 0x5580b5f66ac9 <unknown>\n#13 0x5580b5f849c8 <unknown>\n#14 0x5580b5f4b34f <unknown>\n#15 0x5580b5fa8a28 <unknown>\n#16 0x5580b5fa8c06 <unknown>\n#17 0x5580b5fba336 <unknown>\n#18 0x7fdc3f69caa4 <unknown>\n#19 0x7fdc3f729c3c <unknown>",
        "time" : {
          "start" : 1751247203397,
          "stop" : 1751247223563,
          "duration" : 20166
        }
      }, {
        "uid" : "ce03ef6be2518d16",
        "reportUrl" : "https://Brain-up.github.io/auto-tests-python/613//#testresult/ce03ef6be2518d16",
        "status" : "skipped",
        "statusDetails" : "XFAIL\n\nselenium.common.exceptions.TimeoutException: Message: Can't find element by locator ('xpath', '//button[@data-test-active-link=\"Words\"]')\nStacktrace:\n#0 0x55f031f9845a <unknown>\n#1 0x55f031a3d760 <unknown>\n#2 0x55f031a8f127 <unknown>\n#3 0x55f031a8f321 <unknown>\n#4 0x55f031adde94 <unknown>\n#5 0x55f031ab4e7d <unknown>\n#6 0x55f031adb30b <unknown>\n#7 0x55f031ab4c23 <unknown>\n#8 0x55f031a814a5 <unknown>\n#9 0x55f031a82111 <unknown>\n#10 0x55f031f5cf1b <unknown>\n#11 0x55f031f60e19 <unknown>\n#12 0x55f031f43ac9 <unknown>\n#13 0x55f031f619c8 <unknown>\n#14 0x55f031f2834f <unknown>\n#15 0x55f031f85a28 <unknown>\n#16 0x55f031f85c06 <unknown>\n#17 0x55f031f97336 <unknown>\n#18 0x7f4ff929caa4 <unknown>\n#19 0x7f4ff9329c3c <unknown>",
        "time" : {
          "start" : 1751201226557,
          "stop" : 1751201247214,
          "duration" : 20657
        }
      }, {
        "uid" : "d18ac914d420913f",
        "reportUrl" : "https://Brain-up.github.io/auto-tests-python/410//#testresult/d18ac914d420913f",
        "status" : "skipped",
        "statusDetails" : "XFAIL\n\nselenium.common.exceptions.TimeoutException: Message: Can't find element by locator ('xpath', '//button[@data-test-active-link=\"Words\"]')\nStacktrace:\n#0 0x55e3cf84545a <unknown>\n#1 0x55e3cf2ea760 <unknown>\n#2 0x55e3cf33c127 <unknown>\n#3 0x55e3cf33c321 <unknown>\n#4 0x55e3cf38ae94 <unknown>\n#5 0x55e3cf361e7d <unknown>\n#6 0x55e3cf38830b <unknown>\n#7 0x55e3cf361c23 <unknown>\n#8 0x55e3cf32e4a5 <unknown>\n#9 0x55e3cf32f111 <unknown>\n#10 0x55e3cf809f1b <unknown>\n#11 0x55e3cf80de19 <unknown>\n#12 0x55e3cf7f0ac9 <unknown>\n#13 0x55e3cf80e9c8 <unknown>\n#14 0x55e3cf7d534f <unknown>\n#15 0x55e3cf832a28 <unknown>\n#16 0x55e3cf832c06 <unknown>\n#17 0x55e3cf844336 <unknown>\n#18 0x7f4b3da9caa4 <unknown>\n#19 0x7f4b3db29c3c <unknown>",
        "time" : {
          "start" : 1751161016715,
          "stop" : 1751161036880,
          "duration" : 20165
        }
      }, {
        "uid" : "e970fbe577d52648",
        "reportUrl" : "https://Brain-up.github.io/auto-tests-python/612//#testresult/e970fbe577d52648",
        "status" : "passed",
        "statusDetails" : "XPASS",
        "time" : {
          "start" : 1751090350046,
          "stop" : 1751090357115,
          "duration" : 7069
        }
      }, {
        "uid" : "80c34a5158ecb07",
        "reportUrl" : "https://Brain-up.github.io/auto-tests-python/409//#testresult/80c34a5158ecb07",
        "status" : "skipped",
        "statusDetails" : "XFAIL\n\nselenium.common.exceptions.TimeoutException: Message: Can't find element by locator ('xpath', '//button[@data-test-active-link=\"Words\"]')\nStacktrace:\n#0 0x5621b523245a <unknown>\n#1 0x5621b4cd7760 <unknown>\n#2 0x5621b4d29127 <unknown>\n#3 0x5621b4d29321 <unknown>\n#4 0x5621b4d77e94 <unknown>\n#5 0x5621b4d4ee7d <unknown>\n#6 0x5621b4d7530b <unknown>\n#7 0x5621b4d4ec23 <unknown>\n#8 0x5621b4d1b4a5 <unknown>\n#9 0x5621b4d1c111 <unknown>\n#10 0x5621b51f6f1b <unknown>\n#11 0x5621b51fae19 <unknown>\n#12 0x5621b51ddac9 <unknown>\n#13 0x5621b51fb9c8 <unknown>\n#14 0x5621b51c234f <unknown>\n#15 0x5621b521fa28 <unknown>\n#16 0x5621b521fc06 <unknown>\n#17 0x5621b5231336 <unknown>\n#18 0x7fbfe329caa4 <unknown>\n#19 0x7fbfe3329c3c <unknown>",
        "time" : {
          "start" : 1751074075734,
          "stop" : 1751074096052,
          "duration" : 20318
        }
      }, {
        "uid" : "68fb173a2a81cb65",
        "reportUrl" : "https://Brain-up.github.io/auto-tests-python/611//#testresult/68fb173a2a81cb65",
        "status" : "skipped",
        "statusDetails" : "XFAIL\n\nselenium.common.exceptions.TimeoutException: Message: Can't find element by locator ('xpath', '//button[@data-test-active-link=\"Words\"]')\nStacktrace:\n#0 0x55e6ed6fc45a <unknown>\n#1 0x55e6ed1a1760 <unknown>\n#2 0x55e6ed1f3127 <unknown>\n#3 0x55e6ed1f3321 <unknown>\n#4 0x55e6ed241e94 <unknown>\n#5 0x55e6ed218e7d <unknown>\n#6 0x55e6ed23f30b <unknown>\n#7 0x55e6ed218c23 <unknown>\n#8 0x55e6ed1e54a5 <unknown>\n#9 0x55e6ed1e6111 <unknown>\n#10 0x55e6ed6c0f1b <unknown>\n#11 0x55e6ed6c4e19 <unknown>\n#12 0x55e6ed6a7ac9 <unknown>\n#13 0x55e6ed6c59c8 <unknown>\n#14 0x55e6ed68c34f <unknown>\n#15 0x55e6ed6e9a28 <unknown>\n#16 0x55e6ed6e9c06 <unknown>\n#17 0x55e6ed6fb336 <unknown>\n#18 0x7f664569caa4 <unknown>\n#19 0x7f6645729c3c <unknown>",
        "time" : {
          "start" : 1751023366901,
          "stop" : 1751023387105,
          "duration" : 20204
        }
      }, {
        "uid" : "166cc2624c2dfe53",
        "reportUrl" : "https://Brain-up.github.io/auto-tests-python/408//#testresult/166cc2624c2dfe53",
        "status" : "skipped",
        "statusDetails" : "XFAIL\n\nselenium.common.exceptions.TimeoutException: Message: Can't find element by locator ('xpath', '//button[@data-test-active-link=\"Words\"]')\nStacktrace:\n#0 0x558099e8845a <unknown>\n#1 0x55809992d760 <unknown>\n#2 0x55809997f127 <unknown>\n#3 0x55809997f321 <unknown>\n#4 0x5580999cde94 <unknown>\n#5 0x5580999a4e7d <unknown>\n#6 0x5580999cb30b <unknown>\n#7 0x5580999a4c23 <unknown>\n#8 0x5580999714a5 <unknown>\n#9 0x558099972111 <unknown>\n#10 0x558099e4cf1b <unknown>\n#11 0x558099e50e19 <unknown>\n#12 0x558099e33ac9 <unknown>\n#13 0x558099e519c8 <unknown>\n#14 0x558099e1834f <unknown>\n#15 0x558099e75a28 <unknown>\n#16 0x558099e75c06 <unknown>\n#17 0x558099e87336 <unknown>\n#18 0x7f433e89caa4 <unknown>\n#19 0x7f433e929c3c <unknown>",
        "time" : {
          "start" : 1750988013360,
          "stop" : 1750988034019,
          "duration" : 20659
        }
      }, {
        "uid" : "47edae15fb7fda43",
        "reportUrl" : "https://Brain-up.github.io/auto-tests-python/610//#testresult/47edae15fb7fda43",
        "status" : "skipped",
        "statusDetails" : "XFAIL\n\nselenium.common.exceptions.TimeoutException: Message: Can't find element by locator ('xpath', '//button[@data-test-active-link=\"Words\"]')\nStacktrace:\n#0 0x562da6b4a45a <unknown>\n#1 0x562da65ef760 <unknown>\n#2 0x562da6641127 <unknown>\n#3 0x562da6641321 <unknown>\n#4 0x562da668fe94 <unknown>\n#5 0x562da6666e7d <unknown>\n#6 0x562da668d30b <unknown>\n#7 0x562da6666c23 <unknown>\n#8 0x562da66334a5 <unknown>\n#9 0x562da6634111 <unknown>\n#10 0x562da6b0ef1b <unknown>\n#11 0x562da6b12e19 <unknown>\n#12 0x562da6af5ac9 <unknown>\n#13 0x562da6b139c8 <unknown>\n#14 0x562da6ada34f <unknown>\n#15 0x562da6b37a28 <unknown>\n#16 0x562da6b37c06 <unknown>\n#17 0x562da6b49336 <unknown>\n#18 0x7fc85d29caa4 <unknown>\n#19 0x7fc85d329c3c <unknown>",
        "time" : {
          "start" : 1750932728646,
          "stop" : 1750932749306,
          "duration" : 20660
        }
      }, {
        "uid" : "73f39ff8afcd0b46",
        "reportUrl" : "https://Brain-up.github.io/auto-tests-python/407//#testresult/73f39ff8afcd0b46",
        "status" : "skipped",
        "statusDetails" : "XFAIL\n\nselenium.common.exceptions.TimeoutException: Message: Can't find element by locator ('xpath', '//button[@data-test-active-link=\"Words\"]')\nStacktrace:\n#0 0x56200b17e45a <unknown>\n#1 0x56200ac23760 <unknown>\n#2 0x56200ac75127 <unknown>\n#3 0x56200ac75321 <unknown>\n#4 0x56200acc3e94 <unknown>\n#5 0x56200ac9ae7d <unknown>\n#6 0x56200acc130b <unknown>\n#7 0x56200ac9ac23 <unknown>\n#8 0x56200ac674a5 <unknown>\n#9 0x56200ac68111 <unknown>\n#10 0x56200b142f1b <unknown>\n#11 0x56200b146e19 <unknown>\n#12 0x56200b129ac9 <unknown>\n#13 0x56200b1479c8 <unknown>\n#14 0x56200b10e34f <unknown>\n#15 0x56200b16ba28 <unknown>\n#16 0x56200b16bc06 <unknown>\n#17 0x56200b17d336 <unknown>\n#18 0x7fb847c9caa4 <unknown>\n#19 0x7fb847d29c3c <unknown>",
        "time" : {
          "start" : 1750901254957,
          "stop" : 1750901275589,
          "duration" : 20632
        }
      }, {
        "uid" : "84a46b81e3b64cb8",
        "reportUrl" : "https://Brain-up.github.io/auto-tests-python/609//#testresult/84a46b81e3b64cb8",
        "status" : "skipped",
        "statusDetails" : "XFAIL\n\nselenium.common.exceptions.StaleElementReferenceException: Message: stale element reference: stale element not found in the current frame\n  (Session info: chrome=137.0.7151.55); For documentation on this error, please visit: https://www.selenium.dev/documentation/webdriver/troubleshooting/errors#stale-element-reference-exception\nStacktrace:\n#0 0x5637718a229a <unknown>\n#1 0x56377130e040 <unknown>\n#2 0x563771314cd8 <unknown>\n#3 0x563771317568 <unknown>\n#4 0x5637713175f3 <unknown>\n#5 0x563771362ca0 <unknown>\n#6 0x563771360a92 <unknown>\n#7 0x563771353ec7 <unknown>\n#8 0x563771385692 <unknown>\n#9 0x56377135345a <unknown>\n#10 0x56377138585e <unknown>\n#11 0x5637713abace <unknown>\n#12 0x563771385463 <unknown>\n#13 0x563771351c55 <unknown>\n#14 0x5637713528c1 <unknown>\n#15 0x5637718671bb <unknown>\n#16 0x56377186b0c9 <unknown>\n#17 0x56377184fa39 <unknown>\n#18 0x56377186bc78 <unknown>\n#19 0x5637718346bf <unknown>\n#20 0x56377188f948 <unknown>\n#21 0x56377188fb26 <unknown>\n#22 0x5637718a1176 <unknown>\n#23 0x7f9bc689caa4 <unknown>\n#24 0x7f9bc6929c3c <unknown>",
        "time" : {
          "start" : 1750852682191,
          "stop" : 1750852683528,
          "duration" : 1337
        }
      }, {
        "uid" : "e5e41c368ea18235",
        "reportUrl" : "https://Brain-up.github.io/auto-tests-python/406//#testresult/e5e41c368ea18235",
        "status" : "skipped",
        "statusDetails" : "XFAIL\n\nselenium.common.exceptions.TimeoutException: Message: Can't find element by locator ('xpath', '//button[@data-test-active-link=\"Words\"]')\nStacktrace:\n#0 0x55fa391c829a <unknown>\n#1 0x55fa38c34040 <unknown>\n#2 0x55fa38c85990 <unknown>\n#3 0x55fa38c85b81 <unknown>\n#4 0x55fa38cd4664 <unknown>\n#5 0x55fa38cab6bd <unknown>\n#6 0x55fa38cd1ace <unknown>\n#7 0x55fa38cab463 <unknown>\n#8 0x55fa38c77c55 <unknown>\n#9 0x55fa38c788c1 <unknown>\n#10 0x55fa3918d1bb <unknown>\n#11 0x55fa391910c9 <unknown>\n#12 0x55fa39175a39 <unknown>\n#13 0x55fa39191c78 <unknown>\n#14 0x55fa3915a6bf <unknown>\n#15 0x55fa391b5948 <unknown>\n#16 0x55fa391b5b26 <unknown>\n#17 0x55fa391c7176 <unknown>\n#18 0x7f1760e9caa4 <unknown>\n#19 0x7f1760f29c3c <unknown>",
        "time" : {
          "start" : 1750814818439,
          "stop" : 1750814839105,
          "duration" : 20666
        }
      }, {
        "uid" : "498106c5e932ebc7",
        "reportUrl" : "https://Brain-up.github.io/auto-tests-python/608//#testresult/498106c5e932ebc7",
        "status" : "skipped",
        "statusDetails" : "XFAIL\n\nselenium.common.exceptions.TimeoutException: Message: Can't find element by locator ('xpath', '//button[@data-test-active-link=\"Words\"]')\nStacktrace:\n#0 0x56337078129a <unknown>\n#1 0x5633701ed040 <unknown>\n#2 0x56337023e990 <unknown>\n#3 0x56337023eb81 <unknown>\n#4 0x56337028d664 <unknown>\n#5 0x5633702646bd <unknown>\n#6 0x56337028aace <unknown>\n#7 0x563370264463 <unknown>\n#8 0x563370230c55 <unknown>\n#9 0x5633702318c1 <unknown>\n#10 0x5633707461bb <unknown>\n#11 0x56337074a0c9 <unknown>\n#12 0x56337072ea39 <unknown>\n#13 0x56337074ac78 <unknown>\n#14 0x5633707136bf <unknown>\n#15 0x56337076e948 <unknown>\n#16 0x56337076eb26 <unknown>\n#17 0x563370780176 <unknown>\n#18 0x7faa7ca9caa4 <unknown>\n#19 0x7faa7cb29c3c <unknown>",
        "time" : {
          "start" : 1750759849798,
          "stop" : 1750759869987,
          "duration" : 20189
        }
      }, {
        "uid" : "2db8041654167b9",
        "reportUrl" : "https://Brain-up.github.io/auto-tests-python/405//#testresult/2db8041654167b9",
        "status" : "skipped",
        "statusDetails" : "XFAIL\n\nselenium.common.exceptions.TimeoutException: Message: Can't find element by locator ('xpath', '//button[@data-test-active-link=\"Words\"]')\nStacktrace:\n#0 0x55915fac829a <unknown>\n#1 0x55915f534040 <unknown>\n#2 0x55915f585990 <unknown>\n#3 0x55915f585b81 <unknown>\n#4 0x55915f5d4664 <unknown>\n#5 0x55915f5ab6bd <unknown>\n#6 0x55915f5d1ace <unknown>\n#7 0x55915f5ab463 <unknown>\n#8 0x55915f577c55 <unknown>\n#9 0x55915f5788c1 <unknown>\n#10 0x55915fa8d1bb <unknown>\n#11 0x55915fa910c9 <unknown>\n#12 0x55915fa75a39 <unknown>\n#13 0x55915fa91c78 <unknown>\n#14 0x55915fa5a6bf <unknown>\n#15 0x55915fab5948 <unknown>\n#16 0x55915fab5b26 <unknown>\n#17 0x55915fac7176 <unknown>\n#18 0x7ffa4f89caa4 <unknown>\n#19 0x7ffa4f929c3c <unknown>",
        "time" : {
          "start" : 1750728487947,
          "stop" : 1750728508593,
          "duration" : 20646
        }
      }, {
        "uid" : "f6601d5fb1aee74a",
        "reportUrl" : "https://Brain-up.github.io/auto-tests-python/607//#testresult/f6601d5fb1aee74a",
        "status" : "skipped",
        "statusDetails" : "XFAIL\n\nselenium.common.exceptions.TimeoutException: Message: Can't find element by locator ('xpath', '//button[@data-test-active-link=\"Words\"]')\nStacktrace:\n#0 0x5569b051629a <unknown>\n#1 0x5569aff82040 <unknown>\n#2 0x5569affd3990 <unknown>\n#3 0x5569affd3b81 <unknown>\n#4 0x5569b0022664 <unknown>\n#5 0x5569afff96bd <unknown>\n#6 0x5569b001face <unknown>\n#7 0x5569afff9463 <unknown>\n#8 0x5569affc5c55 <unknown>\n#9 0x5569affc68c1 <unknown>\n#10 0x5569b04db1bb <unknown>\n#11 0x5569b04df0c9 <unknown>\n#12 0x5569b04c3a39 <unknown>\n#13 0x5569b04dfc78 <unknown>\n#14 0x5569b04a86bf <unknown>\n#15 0x5569b0503948 <unknown>\n#16 0x5569b0503b26 <unknown>\n#17 0x5569b0515176 <unknown>\n#18 0x7f634849caa4 <unknown>\n#19 0x7f6348529c3c <unknown>",
        "time" : {
          "start" : 1750679236313,
          "stop" : 1750679256544,
          "duration" : 20231
        }
      }, {
        "uid" : "1a5ca068e06d7364",
        "reportUrl" : "https://Brain-up.github.io/auto-tests-python/404//#testresult/1a5ca068e06d7364",
        "status" : "skipped",
        "statusDetails" : "XFAIL\n\nselenium.common.exceptions.TimeoutException: Message: Can't find element by locator ('xpath', '//button[@data-test-active-link=\"Words\"]')\nStacktrace:\n#0 0x55c3001a129a <unknown>\n#1 0x55c2ffc0d040 <unknown>\n#2 0x55c2ffc5e990 <unknown>\n#3 0x55c2ffc5eb81 <unknown>\n#4 0x55c2ffcad664 <unknown>\n#5 0x55c2ffc846bd <unknown>\n#6 0x55c2ffcaaace <unknown>\n#7 0x55c2ffc84463 <unknown>\n#8 0x55c2ffc50c55 <unknown>\n#9 0x55c2ffc518c1 <unknown>\n#10 0x55c3001661bb <unknown>\n#11 0x55c30016a0c9 <unknown>\n#12 0x55c30014ea39 <unknown>\n#13 0x55c30016ac78 <unknown>\n#14 0x55c3001336bf <unknown>\n#15 0x55c30018e948 <unknown>\n#16 0x55c30018eb26 <unknown>\n#17 0x55c3001a0176 <unknown>\n#18 0x7f308a29caa4 <unknown>\n#19 0x7f308a329c3c <unknown>",
        "time" : {
          "start" : 1750642368251,
          "stop" : 1750642388907,
          "duration" : 20656
        }
      }, {
        "uid" : "1c7aa1ef78782547",
        "reportUrl" : "https://Brain-up.github.io/auto-tests-python/606//#testresult/1c7aa1ef78782547",
        "status" : "skipped",
        "statusDetails" : "XFAIL\n\nselenium.common.exceptions.TimeoutException: Message: Can't find element by locator ('xpath', '//button[@data-test-active-link=\"Words\"]')\nStacktrace:\n#0 0x55b13592229a <unknown>\n#1 0x55b13538e040 <unknown>\n#2 0x55b1353df990 <unknown>\n#3 0x55b1353dfb81 <unknown>\n#4 0x55b13542e664 <unknown>\n#5 0x55b1354056bd <unknown>\n#6 0x55b13542bace <unknown>\n#7 0x55b135405463 <unknown>\n#8 0x55b1353d1c55 <unknown>\n#9 0x55b1353d28c1 <unknown>\n#10 0x55b1358e71bb <unknown>\n#11 0x55b1358eb0c9 <unknown>\n#12 0x55b1358cfa39 <unknown>\n#13 0x55b1358ebc78 <unknown>\n#14 0x55b1358b46bf <unknown>\n#15 0x55b13590f948 <unknown>\n#16 0x55b13590fb26 <unknown>\n#17 0x55b135921176 <unknown>\n#18 0x7fb74d09caa4 <unknown>\n#19 0x7fb74d129c3c <unknown>",
        "time" : {
          "start" : 1750595640078,
          "stop" : 1750595660250,
          "duration" : 20172
        }
      } ]
    },
    "tags" : [ "@pytest.mark.xfail" ]
  },
  "source" : "98d8f93be0455b75.json",
  "parameterValues" : [ ]
}