{
  "uid" : "ce2b65db1326b978",
  "name" : "Check progres-bar and buttons.",
  "fullName" : "tests.test_speech_exercises_en.TestCardsEN#test_progress_bar_is_present_en",
  "historyId" : "efb827312bdd34b296637645e49b0897",
  "time" : {
    "start" : 1748513674308,
    "stop" : 1748513694513,
    "duration" : 20205
  },
  "status" : "skipped",
  "statusMessage" : "XFAIL\n\nselenium.common.exceptions.TimeoutException: Message: Can't find element by locator ('xpath', '//button[@data-test-active-link=\"Words\"]')\nStacktrace:\n#0 0x55703fec978a <unknown>\n#1 0x55703f96c0a0 <unknown>\n#2 0x55703f9bd9b0 <unknown>\n#3 0x55703f9bdba1 <unknown>\n#4 0x55703fa0bea4 <unknown>\n#5 0x55703f9e33cd <unknown>\n#6 0x55703fa092a0 <unknown>\n#7 0x55703f9e3173 <unknown>\n#8 0x55703f9afd4b <unknown>\n#9 0x55703f9b09b1 <unknown>\n#10 0x55703fe8e93b <unknown>\n#11 0x55703fe9283a <unknown>\n#12 0x55703fe76692 <unknown>\n#13 0x55703fe933c4 <unknown>\n#14 0x55703fe5b4cf <unknown>\n#15 0x55703feb7568 <unknown>\n#16 0x55703feb7746 <unknown>\n#17 0x55703fec85f6 <unknown>\n#18 0x7fd3c5a9caa4 <unknown>\n#19 0x7fd3c5b29c3c <unknown>",
  "statusTrace" : "self = <tests.test_speech_exercises_en.TestCardsEN object at 0x7ff2b2a10d10>\ndriver = <selenium.webdriver.chrome.webdriver.WebDriver (session=\"42deae01148e717358ad9fb831b6c0c6\")>\nspecialist_user_authorized = None\n\n    @pytest.mark.xfail\n    @allure.suite(\"Speech exercises EN.\")\n    @allure.title('Check progres-bar and buttons.')\n    def test_progress_bar_is_present_en(self, driver, specialist_user_authorized):\n        page = SpeechExercisesPage(driver)\n>       page.select_group(SpeechExercisesPageLocators.WORDS_BUTTON_EN)\n\ntests/test_speech_exercises_en.py:34: \n_ _ _ _ _ _ _ _ _ _ _ _ _ _ _ _ _ _ _ _ _ _ _ _ _ _ _ _ _ _ _ _ _ _ _ _ _ _ _ _ \npages/speech_exercises_page_en.py:18: in select_group\n    text_of_the_button = self.element_is_present_and_clickable(selector_for_sub_group)\npages/base_page.py:40: in element_is_present_and_clickable\n    return (Wait(self.driver, self.timeout).until(\n_ _ _ _ _ _ _ _ _ _ _ _ _ _ _ _ _ _ _ _ _ _ _ _ _ _ _ _ _ _ _ _ _ _ _ _ _ _ _ _ \n\nself = <selenium.webdriver.support.wait.WebDriverWait (session=\"42deae01148e717358ad9fb831b6c0c6\")>\nmethod = <function visibility_of_element_located.<locals>._predicate at 0x7ff2b2b3a2a0>\nmessage = 'Can\\'t find element by locator (\\'xpath\\', \\'//button[@data-test-active-link=\"Words\"]\\')'\n\n    def until(self, method, message: str = \"\"):\n        \"\"\"Calls the method provided with the driver as an argument until the \\\n        return value does not evaluate to ``False``.\n    \n        :param method: callable(WebDriver)\n        :param message: optional message for :exc:`TimeoutException`\n        :returns: the result of the last call to `method`\n        :raises: :exc:`selenium.common.exceptions.TimeoutException` if timeout occurs\n        \"\"\"\n        screen = None\n        stacktrace = None\n    \n        end_time = time.monotonic() + self._timeout\n        while True:\n            try:\n                value = method(self._driver)\n                if value:\n                    return value\n            except self._ignored_exceptions as exc:\n                screen = getattr(exc, \"screen\", None)\n                stacktrace = getattr(exc, \"stacktrace\", None)\n            time.sleep(self._poll)\n            if time.monotonic() > end_time:\n                break\n>       raise TimeoutException(message, screen, stacktrace)\nE       selenium.common.exceptions.TimeoutException: Message: Can't find element by locator ('xpath', '//button[@data-test-active-link=\"Words\"]')\nE       Stacktrace:\nE       #0 0x55703fec978a <unknown>\nE       #1 0x55703f96c0a0 <unknown>\nE       #2 0x55703f9bd9b0 <unknown>\nE       #3 0x55703f9bdba1 <unknown>\nE       #4 0x55703fa0bea4 <unknown>\nE       #5 0x55703f9e33cd <unknown>\nE       #6 0x55703fa092a0 <unknown>\nE       #7 0x55703f9e3173 <unknown>\nE       #8 0x55703f9afd4b <unknown>\nE       #9 0x55703f9b09b1 <unknown>\nE       #10 0x55703fe8e93b <unknown>\nE       #11 0x55703fe9283a <unknown>\nE       #12 0x55703fe76692 <unknown>\nE       #13 0x55703fe933c4 <unknown>\nE       #14 0x55703fe5b4cf <unknown>\nE       #15 0x55703feb7568 <unknown>\nE       #16 0x55703feb7746 <unknown>\nE       #17 0x55703fec85f6 <unknown>\nE       #18 0x7fd3c5a9caa4 <unknown>\nE       #19 0x7fd3c5b29c3c <unknown>\n\n/opt/hostedtoolcache/Python/3.12.10/x64/lib/python3.12/site-packages/selenium/webdriver/support/wait.py:95: TimeoutException",
  "flaky" : false,
  "newFailed" : false,
  "beforeStages" : [ {
    "name" : "main_page_open",
    "time" : {
      "start" : 1748513667061,
      "stop" : 1748513670849,
      "duration" : 3788
    },
    "status" : "passed",
    "steps" : [ {
      "name" : "Open page: https://www.brainup.site/",
      "time" : {
        "start" : 1748513667061,
        "stop" : 1748513670849,
        "duration" : 3788
      },
      "status" : "passed",
      "steps" : [ ],
      "attachments" : [ ],
      "parameters" : [ {
        "name" : "driver",
        "value" : "<selenium.webdriver.chrome.webdriver.WebDriver (session=\"42deae01148e717358ad9fb831b6c0c6\")>"
      } ],
      "stepsCount" : 0,
      "attachmentsCount" : 0,
      "shouldDisplayMessage" : false,
      "hasContent" : true
    } ],
    "attachments" : [ ],
    "parameters" : [ ],
    "stepsCount" : 1,
    "attachmentsCount" : 0,
    "shouldDisplayMessage" : false,
    "hasContent" : true
  }, {
    "name" : "specialist_user_authorized",
    "time" : {
      "start" : 1748513670849,
      "stop" : 1748513674308,
      "duration" : 3459
    },
    "status" : "passed",
    "steps" : [ {
      "name" : "USER specialist authorized",
      "time" : {
        "start" : 1748513670849,
        "stop" : 1748513674308,
        "duration" : 3459
      },
      "status" : "passed",
      "steps" : [ {
        "name" : "Check url is present: https://www.brainup.site/groups",
        "time" : {
          "start" : 1748513671258,
          "stop" : 1748513674285,
          "duration" : 3027
        },
        "status" : "passed",
        "steps" : [ ],
        "attachments" : [ ],
        "parameters" : [ ],
        "stepsCount" : 0,
        "attachmentsCount" : 0,
        "shouldDisplayMessage" : false,
        "hasContent" : false
      }, {
        "name" : "Loader checking",
        "time" : {
          "start" : 1748513674285,
          "stop" : 1748513674308,
          "duration" : 23
        },
        "status" : "passed",
        "steps" : [ ],
        "attachments" : [ ],
        "parameters" : [ ],
        "stepsCount" : 0,
        "attachmentsCount" : 0,
        "shouldDisplayMessage" : false,
        "hasContent" : false
      } ],
      "attachments" : [ ],
      "parameters" : [ {
        "name" : "driver",
        "value" : "<selenium.webdriver.chrome.webdriver.WebDriver (session=\"42deae01148e717358ad9fb831b6c0c6\")>"
      }, {
        "name" : "main_page_open",
        "value" : "None"
      } ],
      "stepsCount" : 2,
      "attachmentsCount" : 0,
      "shouldDisplayMessage" : false,
      "hasContent" : true
    } ],
    "attachments" : [ ],
    "parameters" : [ ],
    "stepsCount" : 3,
    "attachmentsCount" : 0,
    "shouldDisplayMessage" : false,
    "hasContent" : true
  }, {
    "name" : "clear_allure_results_folder",
    "time" : {
      "start" : 1748512272593,
      "stop" : 1748512272593,
      "duration" : 0
    },
    "status" : "passed",
    "steps" : [ ],
    "attachments" : [ ],
    "parameters" : [ ],
    "stepsCount" : 0,
    "attachmentsCount" : 0,
    "shouldDisplayMessage" : false,
    "hasContent" : false
  }, {
    "name" : "driver",
    "time" : {
      "start" : 1748513666231,
      "stop" : 1748513667061,
      "duration" : 830
    },
    "status" : "passed",
    "steps" : [ ],
    "attachments" : [ ],
    "parameters" : [ ],
    "stepsCount" : 0,
    "attachmentsCount" : 0,
    "shouldDisplayMessage" : false,
    "hasContent" : false
  } ],
  "testStage" : {
    "status" : "skipped",
    "statusMessage" : "XFAIL\n\nselenium.common.exceptions.TimeoutException: Message: Can't find element by locator ('xpath', '//button[@data-test-active-link=\"Words\"]')\nStacktrace:\n#0 0x55703fec978a <unknown>\n#1 0x55703f96c0a0 <unknown>\n#2 0x55703f9bd9b0 <unknown>\n#3 0x55703f9bdba1 <unknown>\n#4 0x55703fa0bea4 <unknown>\n#5 0x55703f9e33cd <unknown>\n#6 0x55703fa092a0 <unknown>\n#7 0x55703f9e3173 <unknown>\n#8 0x55703f9afd4b <unknown>\n#9 0x55703f9b09b1 <unknown>\n#10 0x55703fe8e93b <unknown>\n#11 0x55703fe9283a <unknown>\n#12 0x55703fe76692 <unknown>\n#13 0x55703fe933c4 <unknown>\n#14 0x55703fe5b4cf <unknown>\n#15 0x55703feb7568 <unknown>\n#16 0x55703feb7746 <unknown>\n#17 0x55703fec85f6 <unknown>\n#18 0x7fd3c5a9caa4 <unknown>\n#19 0x7fd3c5b29c3c <unknown>",
    "statusTrace" : "self = <tests.test_speech_exercises_en.TestCardsEN object at 0x7ff2b2a10d10>\ndriver = <selenium.webdriver.chrome.webdriver.WebDriver (session=\"42deae01148e717358ad9fb831b6c0c6\")>\nspecialist_user_authorized = None\n\n    @pytest.mark.xfail\n    @allure.suite(\"Speech exercises EN.\")\n    @allure.title('Check progres-bar and buttons.')\n    def test_progress_bar_is_present_en(self, driver, specialist_user_authorized):\n        page = SpeechExercisesPage(driver)\n>       page.select_group(SpeechExercisesPageLocators.WORDS_BUTTON_EN)\n\ntests/test_speech_exercises_en.py:34: \n_ _ _ _ _ _ _ _ _ _ _ _ _ _ _ _ _ _ _ _ _ _ _ _ _ _ _ _ _ _ _ _ _ _ _ _ _ _ _ _ \npages/speech_exercises_page_en.py:18: in select_group\n    text_of_the_button = self.element_is_present_and_clickable(selector_for_sub_group)\npages/base_page.py:40: in element_is_present_and_clickable\n    return (Wait(self.driver, self.timeout).until(\n_ _ _ _ _ _ _ _ _ _ _ _ _ _ _ _ _ _ _ _ _ _ _ _ _ _ _ _ _ _ _ _ _ _ _ _ _ _ _ _ \n\nself = <selenium.webdriver.support.wait.WebDriverWait (session=\"42deae01148e717358ad9fb831b6c0c6\")>\nmethod = <function visibility_of_element_located.<locals>._predicate at 0x7ff2b2b3a2a0>\nmessage = 'Can\\'t find element by locator (\\'xpath\\', \\'//button[@data-test-active-link=\"Words\"]\\')'\n\n    def until(self, method, message: str = \"\"):\n        \"\"\"Calls the method provided with the driver as an argument until the \\\n        return value does not evaluate to ``False``.\n    \n        :param method: callable(WebDriver)\n        :param message: optional message for :exc:`TimeoutException`\n        :returns: the result of the last call to `method`\n        :raises: :exc:`selenium.common.exceptions.TimeoutException` if timeout occurs\n        \"\"\"\n        screen = None\n        stacktrace = None\n    \n        end_time = time.monotonic() + self._timeout\n        while True:\n            try:\n                value = method(self._driver)\n                if value:\n                    return value\n            except self._ignored_exceptions as exc:\n                screen = getattr(exc, \"screen\", None)\n                stacktrace = getattr(exc, \"stacktrace\", None)\n            time.sleep(self._poll)\n            if time.monotonic() > end_time:\n                break\n>       raise TimeoutException(message, screen, stacktrace)\nE       selenium.common.exceptions.TimeoutException: Message: Can't find element by locator ('xpath', '//button[@data-test-active-link=\"Words\"]')\nE       Stacktrace:\nE       #0 0x55703fec978a <unknown>\nE       #1 0x55703f96c0a0 <unknown>\nE       #2 0x55703f9bd9b0 <unknown>\nE       #3 0x55703f9bdba1 <unknown>\nE       #4 0x55703fa0bea4 <unknown>\nE       #5 0x55703f9e33cd <unknown>\nE       #6 0x55703fa092a0 <unknown>\nE       #7 0x55703f9e3173 <unknown>\nE       #8 0x55703f9afd4b <unknown>\nE       #9 0x55703f9b09b1 <unknown>\nE       #10 0x55703fe8e93b <unknown>\nE       #11 0x55703fe9283a <unknown>\nE       #12 0x55703fe76692 <unknown>\nE       #13 0x55703fe933c4 <unknown>\nE       #14 0x55703fe5b4cf <unknown>\nE       #15 0x55703feb7568 <unknown>\nE       #16 0x55703feb7746 <unknown>\nE       #17 0x55703fec85f6 <unknown>\nE       #18 0x7fd3c5a9caa4 <unknown>\nE       #19 0x7fd3c5b29c3c <unknown>\n\n/opt/hostedtoolcache/Python/3.12.10/x64/lib/python3.12/site-packages/selenium/webdriver/support/wait.py:95: TimeoutException",
    "steps" : [ {
      "name" : "select_group",
      "time" : {
        "start" : 1748513674308,
        "stop" : 1748513694512,
        "duration" : 20204
      },
      "status" : "broken",
      "statusMessage" : "selenium.common.exceptions.TimeoutException: Message: Can't find element by locator ('xpath', '//button[@data-test-active-link=\"Words\"]')\nStacktrace:\n#0 0x55703fec978a <unknown>\n#1 0x55703f96c0a0 <unknown>\n#2 0x55703f9bd9b0 <unknown>\n#3 0x55703f9bdba1 <unknown>\n#4 0x55703fa0bea4 <unknown>\n#5 0x55703f9e33cd <unknown>\n#6 0x55703fa092a0 <unknown>\n#7 0x55703f9e3173 <unknown>\n#8 0x55703f9afd4b <unknown>\n#9 0x55703f9b09b1 <unknown>\n#10 0x55703fe8e93b <unknown>\n#11 0x55703fe9283a <unknown>\n#12 0x55703fe76692 <unknown>\n#13 0x55703fe933c4 <unknown>\n#14 0x55703fe5b4cf <unknown>\n#15 0x55703feb7568 <unknown>\n#16 0x55703feb7746 <unknown>\n#17 0x55703fec85f6 <unknown>\n#18 0x7fd3c5a9caa4 <unknown>\n#19 0x7fd3c5b29c3c <unknown>\n\n",
      "statusTrace" : "  File \"/opt/hostedtoolcache/Python/3.12.10/x64/lib/python3.12/site-packages/allure_commons/_allure.py\", line 192, in impl\n    return func(*a, **kw)\n           ^^^^^^^^^^^^^^\n  File \"/home/runner/work/auto-tests-python/auto-tests-python/pages/speech_exercises_page_en.py\", line 18, in select_group\n    text_of_the_button = self.element_is_present_and_clickable(selector_for_sub_group)\n                         ^^^^^^^^^^^^^^^^^^^^^^^^^^^^^^^^^^^^^^^^^^^^^^^^^^^^^^^^^^^^^\n  File \"/home/runner/work/auto-tests-python/auto-tests-python/pages/base_page.py\", line 40, in element_is_present_and_clickable\n    return (Wait(self.driver, self.timeout).until(\n            ^^^^^^^^^^^^^^^^^^^^^^^^^^^^^^^^^^^^^^\n  File \"/opt/hostedtoolcache/Python/3.12.10/x64/lib/python3.12/site-packages/selenium/webdriver/support/wait.py\", line 95, in until\n    raise TimeoutException(message, screen, stacktrace)\n",
      "steps" : [ {
        "name" : "Select Russian language. Click \"EN\" button.",
        "time" : {
          "start" : 1748513674308,
          "stop" : 1748513674382,
          "duration" : 74
        },
        "status" : "passed",
        "steps" : [ ],
        "attachments" : [ ],
        "parameters" : [ ],
        "stepsCount" : 0,
        "attachmentsCount" : 0,
        "shouldDisplayMessage" : false,
        "hasContent" : false
      }, {
        "name" : "Click button \"SPEECH EXERCISES\".",
        "time" : {
          "start" : 1748513674382,
          "stop" : 1748513674457,
          "duration" : 75
        },
        "status" : "passed",
        "steps" : [ ],
        "attachments" : [ ],
        "parameters" : [ ],
        "stepsCount" : 0,
        "attachmentsCount" : 0,
        "shouldDisplayMessage" : false,
        "hasContent" : false
      } ],
      "attachments" : [ ],
      "parameters" : [ {
        "name" : "selector_for_sub_group",
        "value" : "('xpath', '//button[@data-test-active-link=\"Words\"]')"
      } ],
      "stepsCount" : 2,
      "attachmentsCount" : 0,
      "shouldDisplayMessage" : true,
      "hasContent" : true
    } ],
    "attachments" : [ ],
    "parameters" : [ ],
    "stepsCount" : 3,
    "attachmentsCount" : 0,
    "shouldDisplayMessage" : true,
    "hasContent" : true
  },
  "afterStages" : [ {
    "name" : "driver::0",
    "time" : {
      "start" : 1748513694522,
      "stop" : 1748513694592,
      "duration" : 70
    },
    "status" : "passed",
    "steps" : [ ],
    "attachments" : [ ],
    "parameters" : [ ],
    "stepsCount" : 0,
    "attachmentsCount" : 0,
    "shouldDisplayMessage" : false,
    "hasContent" : false
  } ],
  "labels" : [ {
    "name" : "suite",
    "value" : "Speech exercises EN."
  }, {
    "name" : "epic",
    "value" : "Speech exercises."
  }, {
    "name" : "tag",
    "value" : "@pytest.mark.xfail"
  }, {
    "name" : "parentSuite",
    "value" : "tests"
  }, {
    "name" : "subSuite",
    "value" : "TestCardsEN"
  }, {
    "name" : "host",
    "value" : "pkrvmf6wy0o8zjz"
  }, {
    "name" : "thread",
    "value" : "2542-MainThread"
  }, {
    "name" : "framework",
    "value" : "pytest"
  }, {
    "name" : "language",
    "value" : "cpython3"
  }, {
    "name" : "package",
    "value" : "tests.test_speech_exercises_en"
  }, {
    "name" : "resultFormat",
    "value" : "allure2"
  } ],
  "parameters" : [ ],
  "links" : [ ],
  "hidden" : false,
  "retry" : false,
  "extra" : {
    "severity" : "normal",
    "retries" : [ ],
    "categories" : [ ],
    "history" : {
      "statistic" : {
        "failed" : 0,
        "broken" : 0,
        "skipped" : 181,
        "passed" : 2,
        "unknown" : 0,
        "total" : 183
      },
      "items" : [ {
        "uid" : "9f8f78618c278215",
        "reportUrl" : "https://Brain-up.github.io/auto-tests-python/379//#testresult/9f8f78618c278215",
        "status" : "skipped",
        "statusDetails" : "XFAIL\n\nselenium.common.exceptions.TimeoutException: Message: Can't find element by locator ('xpath', '//button[@data-test-active-link=\"Words\"]')\nStacktrace:\n#0 0x55e18eb1b78a <unknown>\n#1 0x55e18e5be0a0 <unknown>\n#2 0x55e18e60f9b0 <unknown>\n#3 0x55e18e60fba1 <unknown>\n#4 0x55e18e65dea4 <unknown>\n#5 0x55e18e6353cd <unknown>\n#6 0x55e18e65b2a0 <unknown>\n#7 0x55e18e635173 <unknown>\n#8 0x55e18e601d4b <unknown>\n#9 0x55e18e6029b1 <unknown>\n#10 0x55e18eae093b <unknown>\n#11 0x55e18eae483a <unknown>\n#12 0x55e18eac8692 <unknown>\n#13 0x55e18eae53c4 <unknown>\n#14 0x55e18eaad4cf <unknown>\n#15 0x55e18eb09568 <unknown>\n#16 0x55e18eb09746 <unknown>\n#17 0x55e18eb1a5f6 <unknown>\n#18 0x7f183b89caa4 <unknown>\n#19 0x7f183b929c3c <unknown>",
        "time" : {
          "start" : 1748482002604,
          "stop" : 1748482022766,
          "duration" : 20162
        }
      }, {
        "uid" : "781604d6cfb7e805",
        "reportUrl" : "https://Brain-up.github.io/auto-tests-python/583//#testresult/781604d6cfb7e805",
        "status" : "skipped",
        "statusDetails" : "XFAIL\n\nselenium.common.exceptions.TimeoutException: Message: Can't find element by locator ('xpath', '//button[@data-test-active-link=\"Words\"]')\nStacktrace:\n#0 0x55bfffd1f78a <unknown>\n#1 0x55bfff7c20a0 <unknown>\n#2 0x55bfff8139b0 <unknown>\n#3 0x55bfff813ba1 <unknown>\n#4 0x55bfff861ea4 <unknown>\n#5 0x55bfff8393cd <unknown>\n#6 0x55bfff85f2a0 <unknown>\n#7 0x55bfff839173 <unknown>\n#8 0x55bfff805d4b <unknown>\n#9 0x55bfff8069b1 <unknown>\n#10 0x55bfffce493b <unknown>\n#11 0x55bfffce883a <unknown>\n#12 0x55bfffccc692 <unknown>\n#13 0x55bfffce93c4 <unknown>\n#14 0x55bfffcb14cf <unknown>\n#15 0x55bfffd0d568 <unknown>\n#16 0x55bfffd0d746 <unknown>\n#17 0x55bfffd1e5f6 <unknown>\n#18 0x7f5c79c9caa4 <unknown>\n#19 0x7f5c79d29c3c <unknown>",
        "time" : {
          "start" : 1748452640555,
          "stop" : 1748452661189,
          "duration" : 20634
        }
      }, {
        "uid" : "49f0da7753a94b76",
        "reportUrl" : "https://Brain-up.github.io/auto-tests-python/378//#testresult/49f0da7753a94b76",
        "status" : "skipped",
        "statusDetails" : "XFAIL\n\nselenium.common.exceptions.TimeoutException: Message: Can't find element by locator ('xpath', '//button[@data-test-active-link=\"Words\"]')\nStacktrace:\n#0 0x55e619b6078a <unknown>\n#1 0x55e6196030a0 <unknown>\n#2 0x55e6196549b0 <unknown>\n#3 0x55e619654ba1 <unknown>\n#4 0x55e6196a2ea4 <unknown>\n#5 0x55e61967a3cd <unknown>\n#6 0x55e6196a02a0 <unknown>\n#7 0x55e61967a173 <unknown>\n#8 0x55e619646d4b <unknown>\n#9 0x55e6196479b1 <unknown>\n#10 0x55e619b2593b <unknown>\n#11 0x55e619b2983a <unknown>\n#12 0x55e619b0d692 <unknown>\n#13 0x55e619b2a3c4 <unknown>\n#14 0x55e619af24cf <unknown>\n#15 0x55e619b4e568 <unknown>\n#16 0x55e619b4e746 <unknown>\n#17 0x55e619b5f5f6 <unknown>\n#18 0x7fecd269caa4 <unknown>\n#19 0x7fecd2729c3c <unknown>",
        "time" : {
          "start" : 1748395573533,
          "stop" : 1748395594181,
          "duration" : 20648
        }
      }, {
        "uid" : "1fe6c4f710f353fe",
        "reportUrl" : "https://Brain-up.github.io/auto-tests-python/582//#testresult/1fe6c4f710f353fe",
        "status" : "skipped",
        "statusDetails" : "XFAIL\n\nselenium.common.exceptions.TimeoutException: Message: Can't find element by locator ('xpath', '//button[@data-test-active-link=\"Words\"]')\nStacktrace:\n#0 0x55c23b7e078a <unknown>\n#1 0x55c23b2830a0 <unknown>\n#2 0x55c23b2d49b0 <unknown>\n#3 0x55c23b2d4ba1 <unknown>\n#4 0x55c23b322ea4 <unknown>\n#5 0x55c23b2fa3cd <unknown>\n#6 0x55c23b3202a0 <unknown>\n#7 0x55c23b2fa173 <unknown>\n#8 0x55c23b2c6d4b <unknown>\n#9 0x55c23b2c79b1 <unknown>\n#10 0x55c23b7a593b <unknown>\n#11 0x55c23b7a983a <unknown>\n#12 0x55c23b78d692 <unknown>\n#13 0x55c23b7aa3c4 <unknown>\n#14 0x55c23b7724cf <unknown>\n#15 0x55c23b7ce568 <unknown>\n#16 0x55c23b7ce746 <unknown>\n#17 0x55c23b7df5f6 <unknown>\n#18 0x7fc8bb69caa4 <unknown>\n#19 0x7fc8bb729c3c <unknown>",
        "time" : {
          "start" : 1748336578287,
          "stop" : 1748336598511,
          "duration" : 20224
        }
      }, {
        "uid" : "3c92fe8282c10ca1",
        "reportUrl" : "https://Brain-up.github.io/auto-tests-python/377//#testresult/3c92fe8282c10ca1",
        "status" : "skipped",
        "statusDetails" : "XFAIL\n\nselenium.common.exceptions.TimeoutException: Message: Can't find element by locator ('xpath', '//button[@data-test-active-link=\"Words\"]')\nStacktrace:\n#0 0x55ee796c278a <unknown>\n#1 0x55ee791650a0 <unknown>\n#2 0x55ee791b69b0 <unknown>\n#3 0x55ee791b6ba1 <unknown>\n#4 0x55ee79204ea4 <unknown>\n#5 0x55ee791dc3cd <unknown>\n#6 0x55ee792022a0 <unknown>\n#7 0x55ee791dc173 <unknown>\n#8 0x55ee791a8d4b <unknown>\n#9 0x55ee791a99b1 <unknown>\n#10 0x55ee7968793b <unknown>\n#11 0x55ee7968b83a <unknown>\n#12 0x55ee7966f692 <unknown>\n#13 0x55ee7968c3c4 <unknown>\n#14 0x55ee796544cf <unknown>\n#15 0x55ee796b0568 <unknown>\n#16 0x55ee796b0746 <unknown>\n#17 0x55ee796c15f6 <unknown>\n#18 0x7fef8089caa4 <unknown>\n#19 0x7fef80929c3c <unknown>",
        "time" : {
          "start" : 1748309165356,
          "stop" : 1748309185989,
          "duration" : 20633
        }
      }, {
        "uid" : "171354c2218219dd",
        "reportUrl" : "https://Brain-up.github.io/auto-tests-python/581//#testresult/171354c2218219dd",
        "status" : "skipped",
        "statusDetails" : "XFAIL\n\nselenium.common.exceptions.TimeoutException: Message: Can't find element by locator ('xpath', '//button[@data-test-active-link=\"Words\"]')\nStacktrace:\n#0 0x5569307ae78a <unknown>\n#1 0x5569302510a0 <unknown>\n#2 0x5569302a29b0 <unknown>\n#3 0x5569302a2ba1 <unknown>\n#4 0x5569302f0ea4 <unknown>\n#5 0x5569302c83cd <unknown>\n#6 0x5569302ee2a0 <unknown>\n#7 0x5569302c8173 <unknown>\n#8 0x556930294d4b <unknown>\n#9 0x5569302959b1 <unknown>\n#10 0x55693077393b <unknown>\n#11 0x55693077783a <unknown>\n#12 0x55693075b692 <unknown>\n#13 0x5569307783c4 <unknown>\n#14 0x5569307404cf <unknown>\n#15 0x55693079c568 <unknown>\n#16 0x55693079c746 <unknown>\n#17 0x5569307ad5f6 <unknown>\n#18 0x7f23cb69caa4 <unknown>\n#19 0x7f23cb729c3c <unknown>",
        "time" : {
          "start" : 1748275446106,
          "stop" : 1748275466280,
          "duration" : 20174
        }
      }, {
        "uid" : "a2339ff2139e22e4",
        "reportUrl" : "https://Brain-up.github.io/auto-tests-python/376//#testresult/a2339ff2139e22e4",
        "status" : "skipped",
        "statusDetails" : "XFAIL\n\nselenium.common.exceptions.TimeoutException: Message: Can't find element by locator ('xpath', '//button[@data-test-active-link=\"Words\"]')\nStacktrace:\n#0 0x5596b9f1078a <unknown>\n#1 0x5596b99b30a0 <unknown>\n#2 0x5596b9a049b0 <unknown>\n#3 0x5596b9a04ba1 <unknown>\n#4 0x5596b9a52ea4 <unknown>\n#5 0x5596b9a2a3cd <unknown>\n#6 0x5596b9a502a0 <unknown>\n#7 0x5596b9a2a173 <unknown>\n#8 0x5596b99f6d4b <unknown>\n#9 0x5596b99f79b1 <unknown>\n#10 0x5596b9ed593b <unknown>\n#11 0x5596b9ed983a <unknown>\n#12 0x5596b9ebd692 <unknown>\n#13 0x5596b9eda3c4 <unknown>\n#14 0x5596b9ea24cf <unknown>\n#15 0x5596b9efe568 <unknown>\n#16 0x5596b9efe746 <unknown>\n#17 0x5596b9f0f5f6 <unknown>\n#18 0x7fa6bde9caa4 <unknown>\n#19 0x7fa6bdf29c3c <unknown>",
        "time" : {
          "start" : 1748222986881,
          "stop" : 1748223007111,
          "duration" : 20230
        }
      }, {
        "uid" : "eec25a605440bb0c",
        "reportUrl" : "https://Brain-up.github.io/auto-tests-python/580//#testresult/eec25a605440bb0c",
        "status" : "skipped",
        "statusDetails" : "XFAIL\n\nselenium.common.exceptions.TimeoutException: Message: Can't find element by locator ('xpath', '//button[@data-test-active-link=\"Words\"]')\nStacktrace:\n#0 0x55ebabfe078a <unknown>\n#1 0x55ebaba830a0 <unknown>\n#2 0x55ebabad49b0 <unknown>\n#3 0x55ebabad4ba1 <unknown>\n#4 0x55ebabb22ea4 <unknown>\n#5 0x55ebabafa3cd <unknown>\n#6 0x55ebabb202a0 <unknown>\n#7 0x55ebabafa173 <unknown>\n#8 0x55ebabac6d4b <unknown>\n#9 0x55ebabac79b1 <unknown>\n#10 0x55ebabfa593b <unknown>\n#11 0x55ebabfa983a <unknown>\n#12 0x55ebabf8d692 <unknown>\n#13 0x55ebabfaa3c4 <unknown>\n#14 0x55ebabf724cf <unknown>\n#15 0x55ebabfce568 <unknown>\n#16 0x55ebabfce746 <unknown>\n#17 0x55ebabfdf5f6 <unknown>\n#18 0x7f275909caa4 <unknown>\n#19 0x7f2759129c3c <unknown>",
        "time" : {
          "start" : 1748161004198,
          "stop" : 1748161024373,
          "duration" : 20175
        }
      }, {
        "uid" : "1a35d31294e2c877",
        "reportUrl" : "https://Brain-up.github.io/auto-tests-python/375//#testresult/1a35d31294e2c877",
        "status" : "skipped",
        "statusDetails" : "XFAIL\n\nselenium.common.exceptions.TimeoutException: Message: Can't find element by locator ('xpath', '//button[@data-test-active-link=\"Words\"]')\nStacktrace:\n#0 0x5611c9ea278a <unknown>\n#1 0x5611c99450a0 <unknown>\n#2 0x5611c99969b0 <unknown>\n#3 0x5611c9996ba1 <unknown>\n#4 0x5611c99e4ea4 <unknown>\n#5 0x5611c99bc3cd <unknown>\n#6 0x5611c99e22a0 <unknown>\n#7 0x5611c99bc173 <unknown>\n#8 0x5611c9988d4b <unknown>\n#9 0x5611c99899b1 <unknown>\n#10 0x5611c9e6793b <unknown>\n#11 0x5611c9e6b83a <unknown>\n#12 0x5611c9e4f692 <unknown>\n#13 0x5611c9e6c3c4 <unknown>\n#14 0x5611c9e344cf <unknown>\n#15 0x5611c9e90568 <unknown>\n#16 0x5611c9e90746 <unknown>\n#17 0x5611c9ea15f6 <unknown>\n#18 0x7fa913e9caa4 <unknown>\n#19 0x7fa913f29c3c <unknown>",
        "time" : {
          "start" : 1748136645279,
          "stop" : 1748136665924,
          "duration" : 20645
        }
      }, {
        "uid" : "2e0f26e488c9f1cf",
        "reportUrl" : "https://Brain-up.github.io/auto-tests-python/579//#testresult/2e0f26e488c9f1cf",
        "status" : "skipped",
        "statusDetails" : "XFAIL\n\nselenium.common.exceptions.TimeoutException: Message: Can't find element by locator ('xpath', '//button[@data-test-active-link=\"Words\"]')\nStacktrace:\n#0 0x55857d10d78a <unknown>\n#1 0x55857cbb00a0 <unknown>\n#2 0x55857cc019b0 <unknown>\n#3 0x55857cc01ba1 <unknown>\n#4 0x55857cc4fea4 <unknown>\n#5 0x55857cc273cd <unknown>\n#6 0x55857cc4d2a0 <unknown>\n#7 0x55857cc27173 <unknown>\n#8 0x55857cbf3d4b <unknown>\n#9 0x55857cbf49b1 <unknown>\n#10 0x55857d0d293b <unknown>\n#11 0x55857d0d683a <unknown>\n#12 0x55857d0ba692 <unknown>\n#13 0x55857d0d73c4 <unknown>\n#14 0x55857d09f4cf <unknown>\n#15 0x55857d0fb568 <unknown>\n#16 0x55857d0fb746 <unknown>\n#17 0x55857d10c5f6 <unknown>\n#18 0x7f9c0f89caa4 <unknown>\n#19 0x7f9c0f929c3c <unknown>",
        "time" : {
          "start" : 1748108343647,
          "stop" : 1748108364287,
          "duration" : 20640
        }
      }, {
        "uid" : "a94d40fc2ffe408d",
        "reportUrl" : "https://Brain-up.github.io/auto-tests-python/374//#testresult/a94d40fc2ffe408d",
        "status" : "skipped",
        "statusDetails" : "XFAIL\n\nselenium.common.exceptions.TimeoutException: Message: Can't find element by locator ('xpath', '//button[@data-test-active-link=\"Words\"]')\nStacktrace:\n#0 0x5602189e378a <unknown>\n#1 0x5602184860a0 <unknown>\n#2 0x5602184d79b0 <unknown>\n#3 0x5602184d7ba1 <unknown>\n#4 0x560218525ea4 <unknown>\n#5 0x5602184fd3cd <unknown>\n#6 0x5602185232a0 <unknown>\n#7 0x5602184fd173 <unknown>\n#8 0x5602184c9d4b <unknown>\n#9 0x5602184ca9b1 <unknown>\n#10 0x5602189a893b <unknown>\n#11 0x5602189ac83a <unknown>\n#12 0x560218990692 <unknown>\n#13 0x5602189ad3c4 <unknown>\n#14 0x5602189754cf <unknown>\n#15 0x5602189d1568 <unknown>\n#16 0x5602189d1746 <unknown>\n#17 0x5602189e25f6 <unknown>\n#18 0x7f55ab49caa4 <unknown>\n#19 0x7f55ab529c3c <unknown>",
        "time" : {
          "start" : 1748049709408,
          "stop" : 1748049729640,
          "duration" : 20232
        }
      }, {
        "uid" : "48817abde9dffb39",
        "reportUrl" : "https://Brain-up.github.io/auto-tests-python/578//#testresult/48817abde9dffb39",
        "status" : "skipped",
        "statusDetails" : "XFAIL\n\nselenium.common.exceptions.TimeoutException: Message: Can't find element by locator ('xpath', '//button[@data-test-active-link=\"Words\"]')\nStacktrace:\n#0 0x555ef6da578a <unknown>\n#1 0x555ef68480a0 <unknown>\n#2 0x555ef68999b0 <unknown>\n#3 0x555ef6899ba1 <unknown>\n#4 0x555ef68e7ea4 <unknown>\n#5 0x555ef68bf3cd <unknown>\n#6 0x555ef68e52a0 <unknown>\n#7 0x555ef68bf173 <unknown>\n#8 0x555ef688bd4b <unknown>\n#9 0x555ef688c9b1 <unknown>\n#10 0x555ef6d6a93b <unknown>\n#11 0x555ef6d6e83a <unknown>\n#12 0x555ef6d52692 <unknown>\n#13 0x555ef6d6f3c4 <unknown>\n#14 0x555ef6d374cf <unknown>\n#15 0x555ef6d93568 <unknown>\n#16 0x555ef6d93746 <unknown>\n#17 0x555ef6da45f6 <unknown>\n#18 0x7f421f69caa4 <unknown>\n#19 0x7f421f729c3c <unknown>",
        "time" : {
          "start" : 1747990765479,
          "stop" : 1747990785674,
          "duration" : 20195
        }
      }, {
        "uid" : "a887824b1b690d47",
        "reportUrl" : "https://Brain-up.github.io/auto-tests-python/373//#testresult/a887824b1b690d47",
        "status" : "skipped",
        "statusDetails" : "XFAIL\n\nselenium.common.exceptions.TimeoutException: Message: Can't find element by locator ('xpath', '//button[@data-test-active-link=\"Words\"]')\nStacktrace:\n#0 0x556410d4178a <unknown>\n#1 0x5564107e40a0 <unknown>\n#2 0x5564108359b0 <unknown>\n#3 0x556410835ba1 <unknown>\n#4 0x556410883ea4 <unknown>\n#5 0x55641085b3cd <unknown>\n#6 0x5564108812a0 <unknown>\n#7 0x55641085b173 <unknown>\n#8 0x556410827d4b <unknown>\n#9 0x5564108289b1 <unknown>\n#10 0x556410d0693b <unknown>\n#11 0x556410d0a83a <unknown>\n#12 0x556410cee692 <unknown>\n#13 0x556410d0b3c4 <unknown>\n#14 0x556410cd34cf <unknown>\n#15 0x556410d2f568 <unknown>\n#16 0x556410d2f746 <unknown>\n#17 0x556410d405f6 <unknown>\n#18 0x7fbf5a69caa4 <unknown>\n#19 0x7fbf5a729c3c <unknown>",
        "time" : {
          "start" : 1747963596304,
          "stop" : 1747963616517,
          "duration" : 20213
        }
      }, {
        "uid" : "ae23bf84d65695d1",
        "reportUrl" : "https://Brain-up.github.io/auto-tests-python/577//#testresult/ae23bf84d65695d1",
        "status" : "skipped",
        "statusDetails" : "XFAIL\n\nselenium.common.exceptions.TimeoutException: Message: Can't find element by locator ('xpath', '//button[@data-test-active-link=\"Words\"]')\nStacktrace:\n#0 0x55d17d7f478a <unknown>\n#1 0x55d17d2970a0 <unknown>\n#2 0x55d17d2e89b0 <unknown>\n#3 0x55d17d2e8ba1 <unknown>\n#4 0x55d17d336ea4 <unknown>\n#5 0x55d17d30e3cd <unknown>\n#6 0x55d17d3342a0 <unknown>\n#7 0x55d17d30e173 <unknown>\n#8 0x55d17d2dad4b <unknown>\n#9 0x55d17d2db9b1 <unknown>\n#10 0x55d17d7b993b <unknown>\n#11 0x55d17d7bd83a <unknown>\n#12 0x55d17d7a1692 <unknown>\n#13 0x55d17d7be3c4 <unknown>\n#14 0x55d17d7864cf <unknown>\n#15 0x55d17d7e2568 <unknown>\n#16 0x55d17d7e2746 <unknown>\n#17 0x55d17d7f35f6 <unknown>\n#18 0x7fc1eb89caa4 <unknown>\n#19 0x7fc1eb929c3c <unknown>",
        "time" : {
          "start" : 1747943810949,
          "stop" : 1747943831614,
          "duration" : 20665
        }
      }, {
        "uid" : "7c8d6084d68a61fd",
        "reportUrl" : "https://Brain-up.github.io/auto-tests-python/372//#testresult/7c8d6084d68a61fd",
        "status" : "skipped",
        "statusDetails" : "XFAIL\n\nselenium.common.exceptions.TimeoutException: Message: Can't find element by locator ('xpath', '//button[@data-test-active-link=\"Words\"]')\nStacktrace:\n#0 0x559c22a0178a <unknown>\n#1 0x559c224a40a0 <unknown>\n#2 0x559c224f59b0 <unknown>\n#3 0x559c224f5ba1 <unknown>\n#4 0x559c22543ea4 <unknown>\n#5 0x559c2251b3cd <unknown>\n#6 0x559c225412a0 <unknown>\n#7 0x559c2251b173 <unknown>\n#8 0x559c224e7d4b <unknown>\n#9 0x559c224e89b1 <unknown>\n#10 0x559c229c693b <unknown>\n#11 0x559c229ca83a <unknown>\n#12 0x559c229ae692 <unknown>\n#13 0x559c229cb3c4 <unknown>\n#14 0x559c229934cf <unknown>\n#15 0x559c229ef568 <unknown>\n#16 0x559c229ef746 <unknown>\n#17 0x559c22a005f6 <unknown>\n#18 0x7f9a0e69caa4 <unknown>\n#19 0x7f9a0e729c3c <unknown>",
        "time" : {
          "start" : 1747877217485,
          "stop" : 1747877238150,
          "duration" : 20665
        }
      }, {
        "uid" : "865983f80569afa2",
        "reportUrl" : "https://Brain-up.github.io/auto-tests-python/576//#testresult/865983f80569afa2",
        "status" : "skipped",
        "statusDetails" : "XFAIL\n\nselenium.common.exceptions.TimeoutException: Message: Can't find element by locator ('xpath', '//button[@data-test-active-link=\"Words\"]')\nStacktrace:\n#0 0x5637709a678a <unknown>\n#1 0x5637704490a0 <unknown>\n#2 0x56377049a9b0 <unknown>\n#3 0x56377049aba1 <unknown>\n#4 0x5637704e8ea4 <unknown>\n#5 0x5637704c03cd <unknown>\n#6 0x5637704e62a0 <unknown>\n#7 0x5637704c0173 <unknown>\n#8 0x56377048cd4b <unknown>\n#9 0x56377048d9b1 <unknown>\n#10 0x56377096b93b <unknown>\n#11 0x56377096f83a <unknown>\n#12 0x563770953692 <unknown>\n#13 0x5637709703c4 <unknown>\n#14 0x5637709384cf <unknown>\n#15 0x563770994568 <unknown>\n#16 0x563770994746 <unknown>\n#17 0x5637709a55f6 <unknown>\n#18 0x7f500629caa4 <unknown>\n#19 0x7f5006329c3c <unknown>",
        "time" : {
          "start" : 1747852888385,
          "stop" : 1747852908646,
          "duration" : 20261
        }
      }, {
        "uid" : "4764024e21760bd1",
        "reportUrl" : "https://Brain-up.github.io/auto-tests-python/371//#testresult/4764024e21760bd1",
        "status" : "skipped",
        "statusDetails" : "XFAIL\n\nselenium.common.exceptions.TimeoutException: Message: Can't find element by locator ('xpath', '//button[@data-test-active-link=\"Words\"]')\nStacktrace:\n#0 0x56504b07478a <unknown>\n#1 0x56504ab170a0 <unknown>\n#2 0x56504ab689b0 <unknown>\n#3 0x56504ab68ba1 <unknown>\n#4 0x56504abb6ea4 <unknown>\n#5 0x56504ab8e3cd <unknown>\n#6 0x56504abb42a0 <unknown>\n#7 0x56504ab8e173 <unknown>\n#8 0x56504ab5ad4b <unknown>\n#9 0x56504ab5b9b1 <unknown>\n#10 0x56504b03993b <unknown>\n#11 0x56504b03d83a <unknown>\n#12 0x56504b021692 <unknown>\n#13 0x56504b03e3c4 <unknown>\n#14 0x56504b0064cf <unknown>\n#15 0x56504b062568 <unknown>\n#16 0x56504b062746 <unknown>\n#17 0x56504b0735f6 <unknown>\n#18 0x7f960629caa4 <unknown>\n#19 0x7f9606329c3c <unknown>",
        "time" : {
          "start" : 1747790962055,
          "stop" : 1747790982721,
          "duration" : 20666
        }
      }, {
        "uid" : "a7ef7e1e3e569cb2",
        "reportUrl" : "https://Brain-up.github.io/auto-tests-python/575//#testresult/a7ef7e1e3e569cb2",
        "status" : "skipped",
        "statusDetails" : "XFAIL\n\nselenium.common.exceptions.TimeoutException: Message: Can't find element by locator ('xpath', '//button[@data-test-active-link=\"Words\"]')\nStacktrace:\n#0 0x557a0466a78a <unknown>\n#1 0x557a0410d0a0 <unknown>\n#2 0x557a0415e9b0 <unknown>\n#3 0x557a0415eba1 <unknown>\n#4 0x557a041acea4 <unknown>\n#5 0x557a041843cd <unknown>\n#6 0x557a041aa2a0 <unknown>\n#7 0x557a04184173 <unknown>\n#8 0x557a04150d4b <unknown>\n#9 0x557a041519b1 <unknown>\n#10 0x557a0462f93b <unknown>\n#11 0x557a0463383a <unknown>\n#12 0x557a04617692 <unknown>\n#13 0x557a046343c4 <unknown>\n#14 0x557a045fc4cf <unknown>\n#15 0x557a04658568 <unknown>\n#16 0x557a04658746 <unknown>\n#17 0x557a046695f6 <unknown>\n#18 0x7f4b16e9caa4 <unknown>\n#19 0x7f4b16f29c3c <unknown>",
        "time" : {
          "start" : 1747772107001,
          "stop" : 1747772127152,
          "duration" : 20151
        }
      }, {
        "uid" : "aef7157acc8955b1",
        "reportUrl" : "https://Brain-up.github.io/auto-tests-python/370//#testresult/aef7157acc8955b1",
        "status" : "skipped",
        "statusDetails" : "XFAIL\n\nselenium.common.exceptions.TimeoutException: Message: Can't find element by locator ('xpath', '//button[@data-test-active-link=\"Words\"]')\nStacktrace:\n#0 0x55cf90dae78a <unknown>\n#1 0x55cf908510a0 <unknown>\n#2 0x55cf908a29b0 <unknown>\n#3 0x55cf908a2ba1 <unknown>\n#4 0x55cf908f0ea4 <unknown>\n#5 0x55cf908c83cd <unknown>\n#6 0x55cf908ee2a0 <unknown>\n#7 0x55cf908c8173 <unknown>\n#8 0x55cf90894d4b <unknown>\n#9 0x55cf908959b1 <unknown>\n#10 0x55cf90d7393b <unknown>\n#11 0x55cf90d7783a <unknown>\n#12 0x55cf90d5b692 <unknown>\n#13 0x55cf90d783c4 <unknown>\n#14 0x55cf90d404cf <unknown>\n#15 0x55cf90d9c568 <unknown>\n#16 0x55cf90d9c746 <unknown>\n#17 0x55cf90dad5f6 <unknown>\n#18 0x7f293349caa4 <unknown>\n#19 0x7f2933529c3c <unknown>",
        "time" : {
          "start" : 1747704382545,
          "stop" : 1747704402871,
          "duration" : 20326
        }
      }, {
        "uid" : "ff68a87988330084",
        "reportUrl" : "https://Brain-up.github.io/auto-tests-python/574//#testresult/ff68a87988330084",
        "status" : "skipped",
        "statusDetails" : "XFAIL\n\nselenium.common.exceptions.TimeoutException: Message: Can't find element by locator ('xpath', '//button[@data-test-active-link=\"Words\"]')\nStacktrace:\n#0 0x5652b654978a <unknown>\n#1 0x5652b5fec0a0 <unknown>\n#2 0x5652b603d9b0 <unknown>\n#3 0x5652b603dba1 <unknown>\n#4 0x5652b608bea4 <unknown>\n#5 0x5652b60633cd <unknown>\n#6 0x5652b60892a0 <unknown>\n#7 0x5652b6063173 <unknown>\n#8 0x5652b602fd4b <unknown>\n#9 0x5652b60309b1 <unknown>\n#10 0x5652b650e93b <unknown>\n#11 0x5652b651283a <unknown>\n#12 0x5652b64f6692 <unknown>\n#13 0x5652b65133c4 <unknown>\n#14 0x5652b64db4cf <unknown>\n#15 0x5652b6537568 <unknown>\n#16 0x5652b6537746 <unknown>\n#17 0x5652b65485f6 <unknown>\n#18 0x7f3adb29caa4 <unknown>\n#19 0x7f3adb329c3c <unknown>",
        "time" : {
          "start" : 1747644070578,
          "stop" : 1747644090751,
          "duration" : 20173
        }
      } ]
    },
    "tags" : [ "@pytest.mark.xfail" ]
  },
  "source" : "ce2b65db1326b978.json",
  "parameterValues" : [ ]
}