{
  "uid" : "2a71574660633b11",
  "name" : "Verify user logout after clicking the 'Logout' button in the Header for an authorized user",
  "fullName" : "tests.header_test.TestAuthHeaderPageLinks#test_hpa_03_07_verify_auth_user_logout_by_logout_button_click",
  "historyId" : "f91fc5210d043f01173213de978371f2",
  "time" : {
    "start" : 1732498105270,
    "stop" : 1732498105270,
    "duration" : 0
  },
  "status" : "broken",
  "statusMessage" : "selenium.common.exceptions.TimeoutException: Message: Can't find element by locator https://www.brainup.site/groups",
  "statusTrace" : "self = <pages.base_page.BasePage object at 0x7feb16220740>\nurl = 'https://www.brainup.site/groups'\n\n    def check_expected_link(self, url):\n        with allure.step(f'Check url is present: {url}'):\n            try:\n>               return Wait(self.driver, self.timeout).until(\n                    ec.url_to_be(url), message=f\"Can't find element by locator {url}\")\n\npages/base_page.py:68: \n_ _ _ _ _ _ _ _ _ _ _ _ _ _ _ _ _ _ _ _ _ _ _ _ _ _ _ _ _ _ _ _ _ _ _ _ _ _ _ _ \n\nself = <selenium.webdriver.support.wait.WebDriverWait (session=\"feb88b672e5f9103e5db78fc7c38fc67\")>\nmethod = <function url_to_be.<locals>._predicate at 0x7feb162e8040>\nmessage = \"Can't find element by locator https://www.brainup.site/groups\"\n\n    def until(self, method, message: str = \"\"):\n        \"\"\"Calls the method provided with the driver as an argument until the \\\n        return value does not evaluate to ``False``.\n    \n        :param method: callable(WebDriver)\n        :param message: optional message for :exc:`TimeoutException`\n        :returns: the result of the last call to `method`\n        :raises: :exc:`selenium.common.exceptions.TimeoutException` if timeout occurs\n        \"\"\"\n        screen = None\n        stacktrace = None\n    \n        end_time = time.monotonic() + self._timeout\n        while True:\n            try:\n                value = method(self._driver)\n                if value:\n                    return value\n            except self._ignored_exceptions as exc:\n                screen = getattr(exc, \"screen\", None)\n                stacktrace = getattr(exc, \"stacktrace\", None)\n            time.sleep(self._poll)\n            if time.monotonic() > end_time:\n                break\n>       raise TimeoutException(message, screen, stacktrace)\nE       selenium.common.exceptions.TimeoutException: Message: Can't find element by locator https://www.brainup.site/groups\n\n/opt/hostedtoolcache/Python/3.12.7/x64/lib/python3.12/site-packages/selenium/webdriver/support/wait.py:95: TimeoutException\n\nDuring handling of the above exception, another exception occurred:\n\ndriver = <selenium.webdriver.chrome.webdriver.WebDriver (session=\"feb88b672e5f9103e5db78fc7c38fc67\")>\nmain_page_open = None\n\n    @pytest.fixture()\n    @allure.step('Auto test user authorized')\n    def auto_test_user_authorized(driver, main_page_open):\n        page = BasePage(driver)\n        page.element_is_present_and_clickable(MainPageLocators.LOGIN_BUTTON).click()\n        page.element_is_visible(LoginPageLocators.INPUT_LOGIN).send_keys(os.environ[\"LOGIN\"])\n        page.element_is_visible(LoginPageLocators.INPUT_PASSWORD).send_keys(os.environ[\"PASSWORD\"])\n        page.element_is_present_and_clickable(LoginPageLocators.SIGN_IN_BUTTON).click()\n>       page.check_expected_link(MainPageLinks.URL_GROUPS_PAGE)\n\ntests/conftest.py:91: \n_ _ _ _ _ _ _ _ _ _ _ _ _ _ _ _ _ _ _ _ _ _ _ _ _ _ _ _ _ _ _ _ _ _ _ _ _ _ _ _ \npages/base_page.py:72: in check_expected_link\n    return Wait(self.driver, self.timeout).until(\n_ _ _ _ _ _ _ _ _ _ _ _ _ _ _ _ _ _ _ _ _ _ _ _ _ _ _ _ _ _ _ _ _ _ _ _ _ _ _ _ \n\nself = <selenium.webdriver.support.wait.WebDriverWait (session=\"feb88b672e5f9103e5db78fc7c38fc67\")>\nmethod = <function url_to_be.<locals>._predicate at 0x7feb162e94e0>\nmessage = \"Can't find element by locator https://www.brainup.site/groups\"\n\n    def until(self, method, message: str = \"\"):\n        \"\"\"Calls the method provided with the driver as an argument until the \\\n        return value does not evaluate to ``False``.\n    \n        :param method: callable(WebDriver)\n        :param message: optional message for :exc:`TimeoutException`\n        :returns: the result of the last call to `method`\n        :raises: :exc:`selenium.common.exceptions.TimeoutException` if timeout occurs\n        \"\"\"\n        screen = None\n        stacktrace = None\n    \n        end_time = time.monotonic() + self._timeout\n        while True:\n            try:\n                value = method(self._driver)\n                if value:\n                    return value\n            except self._ignored_exceptions as exc:\n                screen = getattr(exc, \"screen\", None)\n                stacktrace = getattr(exc, \"stacktrace\", None)\n            time.sleep(self._poll)\n            if time.monotonic() > end_time:\n                break\n>       raise TimeoutException(message, screen, stacktrace)\nE       selenium.common.exceptions.TimeoutException: Message: Can't find element by locator https://www.brainup.site/groups\n\n/opt/hostedtoolcache/Python/3.12.7/x64/lib/python3.12/site-packages/selenium/webdriver/support/wait.py:95: TimeoutException",
  "flaky" : false,
  "newFailed" : false,
  "beforeStages" : [ {
    "name" : "main_page_open",
    "time" : {
      "start" : 1732498106047,
      "stop" : 1732498109947,
      "duration" : 3900
    },
    "status" : "passed",
    "steps" : [ {
      "name" : "Open page: https://www.brainup.site/",
      "time" : {
        "start" : 1732498106047,
        "stop" : 1732498109947,
        "duration" : 3900
      },
      "status" : "passed",
      "steps" : [ ],
      "attachments" : [ ],
      "parameters" : [ {
        "name" : "driver",
        "value" : "<selenium.webdriver.chrome.webdriver.WebDriver (session=\"feb88b672e5f9103e5db78fc7c38fc67\")>"
      } ],
      "stepsCount" : 0,
      "attachmentsCount" : 0,
      "shouldDisplayMessage" : false,
      "hasContent" : true
    } ],
    "attachments" : [ ],
    "parameters" : [ ],
    "stepsCount" : 1,
    "attachmentsCount" : 0,
    "shouldDisplayMessage" : false,
    "hasContent" : true
  }, {
    "name" : "driver",
    "time" : {
      "start" : 1732498105270,
      "stop" : 1732498106047,
      "duration" : 777
    },
    "status" : "passed",
    "steps" : [ ],
    "attachments" : [ ],
    "parameters" : [ ],
    "stepsCount" : 0,
    "attachmentsCount" : 0,
    "shouldDisplayMessage" : false,
    "hasContent" : false
  }, {
    "name" : "clear_allure_results_folder",
    "time" : {
      "start" : 1732496418607,
      "stop" : 1732496418607,
      "duration" : 0
    },
    "status" : "passed",
    "steps" : [ ],
    "attachments" : [ ],
    "parameters" : [ ],
    "stepsCount" : 0,
    "attachmentsCount" : 0,
    "shouldDisplayMessage" : false,
    "hasContent" : false
  }, {
    "name" : "auto_test_user_authorized",
    "time" : {
      "start" : 1732498109948,
      "stop" : 1732498150637,
      "duration" : 40689
    },
    "status" : "broken",
    "statusMessage" : "selenium.common.exceptions.TimeoutException: Message: Can't find element by locator https://www.brainup.site/groups\n\n",
    "statusTrace" : "  File \"/opt/hostedtoolcache/Python/3.12.7/x64/lib/python3.12/site-packages/pluggy/_callers.py\", line 103, in _multicall\n    res = hook_impl.function(*args)\n          ^^^^^^^^^^^^^^^^^^^^^^^^^\n  File \"/opt/hostedtoolcache/Python/3.12.7/x64/lib/python3.12/site-packages/_pytest/fixtures.py\", line 1123, in pytest_fixture_setup\n    result = call_fixture_func(fixturefunc, request, kwargs)\n             ^^^^^^^^^^^^^^^^^^^^^^^^^^^^^^^^^^^^^^^^^^^^^^^\n  File \"/opt/hostedtoolcache/Python/3.12.7/x64/lib/python3.12/site-packages/_pytest/fixtures.py\", line 902, in call_fixture_func\n    fixture_result = fixturefunc(**kwargs)\n                     ^^^^^^^^^^^^^^^^^^^^^\n  File \"/opt/hostedtoolcache/Python/3.12.7/x64/lib/python3.12/site-packages/allure_commons/_allure.py\", line 192, in impl\n    return func(*a, **kw)\n           ^^^^^^^^^^^^^^\n  File \"/home/runner/work/auto-tests-python/auto-tests-python/tests/conftest.py\", line 91, in auto_test_user_authorized\n    page.check_expected_link(MainPageLinks.URL_GROUPS_PAGE)\n  File \"/home/runner/work/auto-tests-python/auto-tests-python/pages/base_page.py\", line 72, in check_expected_link\n    return Wait(self.driver, self.timeout).until(\n           ^^^^^^^^^^^^^^^^^^^^^^^^^^^^^^^^^^^^^^\n  File \"/opt/hostedtoolcache/Python/3.12.7/x64/lib/python3.12/site-packages/selenium/webdriver/support/wait.py\", line 95, in until\n    raise TimeoutException(message, screen, stacktrace)\n",
    "steps" : [ {
      "name" : "Auto test user authorized",
      "time" : {
        "start" : 1732498109948,
        "stop" : 1732498150636,
        "duration" : 40688
      },
      "status" : "broken",
      "statusMessage" : "selenium.common.exceptions.TimeoutException: Message: Can't find element by locator https://www.brainup.site/groups\n\n",
      "statusTrace" : "  File \"/opt/hostedtoolcache/Python/3.12.7/x64/lib/python3.12/site-packages/allure_commons/_allure.py\", line 192, in impl\n    return func(*a, **kw)\n           ^^^^^^^^^^^^^^\n  File \"/home/runner/work/auto-tests-python/auto-tests-python/tests/conftest.py\", line 91, in auto_test_user_authorized\n    page.check_expected_link(MainPageLinks.URL_GROUPS_PAGE)\n  File \"/home/runner/work/auto-tests-python/auto-tests-python/pages/base_page.py\", line 72, in check_expected_link\n    return Wait(self.driver, self.timeout).until(\n           ^^^^^^^^^^^^^^^^^^^^^^^^^^^^^^^^^^^^^^\n  File \"/opt/hostedtoolcache/Python/3.12.7/x64/lib/python3.12/site-packages/selenium/webdriver/support/wait.py\", line 95, in until\n    raise TimeoutException(message, screen, stacktrace)\n",
      "steps" : [ {
        "name" : "Check url is present: https://www.brainup.site/groups",
        "time" : {
          "start" : 1732498110361,
          "stop" : 1732498150636,
          "duration" : 40275
        },
        "status" : "broken",
        "statusMessage" : "selenium.common.exceptions.TimeoutException: Message: Can't find element by locator https://www.brainup.site/groups\n\n",
        "statusTrace" : "  File \"/home/runner/work/auto-tests-python/auto-tests-python/pages/base_page.py\", line 72, in check_expected_link\n    return Wait(self.driver, self.timeout).until(\n           ^^^^^^^^^^^^^^^^^^^^^^^^^^^^^^^^^^^^^^\n  File \"/opt/hostedtoolcache/Python/3.12.7/x64/lib/python3.12/site-packages/selenium/webdriver/support/wait.py\", line 95, in until\n    raise TimeoutException(message, screen, stacktrace)\n",
        "steps" : [ ],
        "attachments" : [ ],
        "parameters" : [ ],
        "stepsCount" : 0,
        "attachmentsCount" : 0,
        "shouldDisplayMessage" : true,
        "hasContent" : true
      } ],
      "attachments" : [ ],
      "parameters" : [ {
        "name" : "driver",
        "value" : "<selenium.webdriver.chrome.webdriver.WebDriver (session=\"feb88b672e5f9103e5db78fc7c38fc67\")>"
      }, {
        "name" : "main_page_open",
        "value" : "None"
      } ],
      "stepsCount" : 1,
      "attachmentsCount" : 0,
      "shouldDisplayMessage" : false,
      "hasContent" : true
    } ],
    "attachments" : [ ],
    "parameters" : [ ],
    "stepsCount" : 2,
    "attachmentsCount" : 0,
    "shouldDisplayMessage" : false,
    "hasContent" : true
  } ],
  "afterStages" : [ {
    "name" : "driver::0",
    "time" : {
      "start" : 1732498150653,
      "stop" : 1732498150724,
      "duration" : 71
    },
    "status" : "passed",
    "steps" : [ ],
    "attachments" : [ ],
    "parameters" : [ ],
    "stepsCount" : 0,
    "attachmentsCount" : 0,
    "shouldDisplayMessage" : false,
    "hasContent" : false
  } ],
  "labels" : [ {
    "name" : "epic",
    "value" : "Test Header"
  }, {
    "name" : "parentSuite",
    "value" : "tests"
  }, {
    "name" : "suite",
    "value" : "header_test"
  }, {
    "name" : "subSuite",
    "value" : "TestHeaderPage"
  }, {
    "name" : "host",
    "value" : "fv-az711-137"
  }, {
    "name" : "thread",
    "value" : "2274-MainThread"
  }, {
    "name" : "framework",
    "value" : "pytest"
  }, {
    "name" : "language",
    "value" : "cpython3"
  }, {
    "name" : "package",
    "value" : "tests.header_test"
  }, {
    "name" : "resultFormat",
    "value" : "allure2"
  } ],
  "parameters" : [ ],
  "links" : [ ],
  "hidden" : false,
  "retry" : false,
  "extra" : {
    "severity" : "normal",
    "retries" : [ ],
    "categories" : [ {
      "name" : "Test defects",
      "matchedStatuses" : [ ],
      "flaky" : false
    } ],
    "history" : {
      "statistic" : {
        "failed" : 0,
        "broken" : 2,
        "skipped" : 0,
        "passed" : 22,
        "unknown" : 0,
        "total" : 24
      },
      "items" : [ {
        "uid" : "caf530ea4f3eca67",
        "reportUrl" : "https://Brain-up.github.io/auto-tests-python/193//#testresult/caf530ea4f3eca67",
        "status" : "broken",
        "statusDetails" : "selenium.common.exceptions.TimeoutException: Message: Can't find element by locator https://www.brainup.site/groups",
        "time" : {
          "start" : 1732411901184,
          "stop" : 1732411901184,
          "duration" : 0
        }
      }, {
        "uid" : "453ae5a728ae5cdc",
        "reportUrl" : "https://Brain-up.github.io/auto-tests-python/192//#testresult/453ae5a728ae5cdc",
        "status" : "passed",
        "time" : {
          "start" : 1732324201798,
          "stop" : 1732324202250,
          "duration" : 452
        }
      }, {
        "uid" : "a05ff41b4293d271",
        "reportUrl" : "https://Brain-up.github.io/auto-tests-python/399//#testresult/a05ff41b4293d271",
        "status" : "passed",
        "time" : {
          "start" : 1732314711484,
          "stop" : 1732314711876,
          "duration" : 392
        }
      }, {
        "uid" : "de19d38584afbbe5",
        "reportUrl" : "https://Brain-up.github.io/auto-tests-python/398//#testresult/de19d38584afbbe5",
        "status" : "passed",
        "time" : {
          "start" : 1732310228563,
          "stop" : 1732310228982,
          "duration" : 419
        }
      }, {
        "uid" : "ad3509c0ce079a54",
        "reportUrl" : "https://Brain-up.github.io/auto-tests-python/398//#testresult/ad3509c0ce079a54",
        "status" : "passed",
        "time" : {
          "start" : 1732308302555,
          "stop" : 1732308303009,
          "duration" : 454
        }
      }, {
        "uid" : "1b4ab6eb58ae9257",
        "reportUrl" : "https://Brain-up.github.io/auto-tests-python/191//#testresult/1b4ab6eb58ae9257",
        "status" : "passed",
        "time" : {
          "start" : 1732237805408,
          "stop" : 1732237805777,
          "duration" : 369
        }
      }, {
        "uid" : "e075db70a0e74b2b",
        "reportUrl" : "https://Brain-up.github.io/auto-tests-python/190//#testresult/e075db70a0e74b2b",
        "status" : "passed",
        "time" : {
          "start" : 1732151380468,
          "stop" : 1732151380847,
          "duration" : 379
        }
      }, {
        "uid" : "2faab5ef039d6453",
        "reportUrl" : "https://Brain-up.github.io/auto-tests-python/397//#testresult/2faab5ef039d6453",
        "status" : "passed",
        "time" : {
          "start" : 1732140052332,
          "stop" : 1732140052795,
          "duration" : 463
        }
      }, {
        "uid" : "8e5eddab1120f121",
        "reportUrl" : "https://Brain-up.github.io/auto-tests-python/396//#testresult/8e5eddab1120f121",
        "status" : "passed",
        "time" : {
          "start" : 1732137830352,
          "stop" : 1732137830728,
          "duration" : 376
        }
      }, {
        "uid" : "b7fe1897b103fc49",
        "reportUrl" : "https://Brain-up.github.io/auto-tests-python/396//#testresult/b7fe1897b103fc49",
        "status" : "passed",
        "time" : {
          "start" : 1732134717063,
          "stop" : 1732134717448,
          "duration" : 385
        }
      }, {
        "uid" : "7e2d3857b3163db5",
        "reportUrl" : "https://Brain-up.github.io/auto-tests-python/189//#testresult/7e2d3857b3163db5",
        "status" : "passed",
        "time" : {
          "start" : 1732065095972,
          "stop" : 1732065096437,
          "duration" : 465
        }
      }, {
        "uid" : "6c7aecdfc9e82de7",
        "reportUrl" : "https://Brain-up.github.io/auto-tests-python/395//#testresult/6c7aecdfc9e82de7",
        "status" : "passed",
        "time" : {
          "start" : 1732008671480,
          "stop" : 1732008671856,
          "duration" : 376
        }
      }, {
        "uid" : "d2630c68499e0afd",
        "reportUrl" : "https://Brain-up.github.io/auto-tests-python/394//#testresult/d2630c68499e0afd",
        "status" : "passed",
        "time" : {
          "start" : 1732006612240,
          "stop" : 1732006612610,
          "duration" : 370
        }
      }, {
        "uid" : "2e4a8fd03ab8f245",
        "reportUrl" : "https://Brain-up.github.io/auto-tests-python/188//#testresult/2e4a8fd03ab8f245",
        "status" : "passed",
        "time" : {
          "start" : 1731978595675,
          "stop" : 1731978596044,
          "duration" : 369
        }
      }, {
        "uid" : "7e65914fb06e3920",
        "reportUrl" : "https://Brain-up.github.io/auto-tests-python/393//#testresult/7e65914fb06e3920",
        "status" : "passed",
        "time" : {
          "start" : 1731963503608,
          "stop" : 1731963504004,
          "duration" : 396
        }
      }, {
        "uid" : "d7b5d5163da3f29e",
        "reportUrl" : "https://Brain-up.github.io/auto-tests-python/392//#testresult/d7b5d5163da3f29e",
        "status" : "passed",
        "time" : {
          "start" : 1731956077428,
          "stop" : 1731956077955,
          "duration" : 527
        }
      }, {
        "uid" : "f81ba9505ae588a3",
        "reportUrl" : "https://Brain-up.github.io/auto-tests-python/187//#testresult/f81ba9505ae588a3",
        "status" : "passed",
        "time" : {
          "start" : 1731892435321,
          "stop" : 1731892435814,
          "duration" : 493
        }
      }, {
        "uid" : "a203a7cddbd52bd1",
        "reportUrl" : "https://Brain-up.github.io/auto-tests-python/186//#testresult/a203a7cddbd52bd1",
        "status" : "passed",
        "time" : {
          "start" : 1731806143229,
          "stop" : 1731806143687,
          "duration" : 458
        }
      }, {
        "uid" : "d13fa38cc4594230",
        "reportUrl" : "https://Brain-up.github.io/auto-tests-python/391//#testresult/d13fa38cc4594230",
        "status" : "passed",
        "time" : {
          "start" : 1731739343279,
          "stop" : 1731739343657,
          "duration" : 378
        }
      }, {
        "uid" : "5b7f7c961d29e45e",
        "reportUrl" : "https://Brain-up.github.io/auto-tests-python/390//#testresult/5b7f7c961d29e45e",
        "status" : "passed",
        "time" : {
          "start" : 1731734775012,
          "stop" : 1731734775448,
          "duration" : 436
        }
      } ]
    },
    "tags" : [ ]
  },
  "source" : "2a71574660633b11.json",
  "parameterValues" : [ ]
}