{
  "uid" : "b548dae5261df7db",
  "name" : "Verify content of the text on the page",
  "fullName" : "tests.contributors_page_test.TestContributorsPageText#test_cnp_02_03_verify_page_text",
  "historyId" : "fb3765b3b9cbccc8d3b872d250e108b4",
  "time" : {
    "start" : 1732496597003,
    "stop" : 1732496617013,
    "duration" : 20010
  },
  "status" : "broken",
  "statusMessage" : "selenium.common.exceptions.TimeoutException: Message: Can't find element by locator ('css selector', '.mb-16')\nStacktrace:\n#0 0x5613d9b264ca <unknown>\n#1 0x5613d9639620 <unknown>\n#2 0x5613d9688306 <unknown>\n#3 0x5613d96885a1 <unknown>\n#4 0x5613d96cda04 <unknown>\n#5 0x5613d96ac39d <unknown>\n#6 0x5613d96cade0 <unknown>\n#7 0x5613d96ac113 <unknown>\n#8 0x5613d967abe0 <unknown>\n#9 0x5613d967bbbe <unknown>\n#10 0x5613d9af2e4b <unknown>\n#11 0x5613d9af6de2 <unknown>\n#12 0x5613d9adfd2c <unknown>\n#13 0x5613d9af7957 <unknown>\n#14 0x5613d9ac54bf <unknown>\n#15 0x5613d9b15348 <unknown>\n#16 0x5613d9b15510 <unknown>\n#17 0x5613d9b25346 <unknown>\n#18 0x7ff095e94ac3 <unknown>",
  "statusTrace" : "self = <tests.contributors_page_test.TestContributorsPage.TestContributorsPageText object at 0x7feb16897950>\ndriver = <selenium.webdriver.chrome.webdriver.WebDriver (session=\"1208a209a1005a27ea4ab7e1db1e5dee\")>\ncontributors_page_open = None\n\n    @allure.title(\"Verify content of the text on the page\")\n    def test_cnp_02_03_verify_page_text(self, driver, contributors_page_open):\n        page = ContributorsPage(driver)\n>       text_content = page.get_text_content_on_page()\n\ntests/contributors_page_test.py:94: \n_ _ _ _ _ _ _ _ _ _ _ _ _ _ _ _ _ _ _ _ _ _ _ _ _ _ _ _ _ _ _ _ _ _ _ _ _ _ _ _ \npages/contributors_page.py:131: in get_text_content_on_page\n    return self.element_is_present(self.locators.PAGE_TEXT).text\npages/base_page.py:51: in element_is_present\n    return Wait(self.driver, self.timeout).until(\n_ _ _ _ _ _ _ _ _ _ _ _ _ _ _ _ _ _ _ _ _ _ _ _ _ _ _ _ _ _ _ _ _ _ _ _ _ _ _ _ \n\nself = <selenium.webdriver.support.wait.WebDriverWait (session=\"1208a209a1005a27ea4ab7e1db1e5dee\")>\nmethod = <function presence_of_element_located.<locals>._predicate at 0x7feb16403a60>\nmessage = \"Can't find element by locator ('css selector', '.mb-16')\"\n\n    def until(self, method, message: str = \"\"):\n        \"\"\"Calls the method provided with the driver as an argument until the \\\n        return value does not evaluate to ``False``.\n    \n        :param method: callable(WebDriver)\n        :param message: optional message for :exc:`TimeoutException`\n        :returns: the result of the last call to `method`\n        :raises: :exc:`selenium.common.exceptions.TimeoutException` if timeout occurs\n        \"\"\"\n        screen = None\n        stacktrace = None\n    \n        end_time = time.monotonic() + self._timeout\n        while True:\n            try:\n                value = method(self._driver)\n                if value:\n                    return value\n            except self._ignored_exceptions as exc:\n                screen = getattr(exc, \"screen\", None)\n                stacktrace = getattr(exc, \"stacktrace\", None)\n            time.sleep(self._poll)\n            if time.monotonic() > end_time:\n                break\n>       raise TimeoutException(message, screen, stacktrace)\nE       selenium.common.exceptions.TimeoutException: Message: Can't find element by locator ('css selector', '.mb-16')\nE       Stacktrace:\nE       #0 0x5613d9b264ca <unknown>\nE       #1 0x5613d9639620 <unknown>\nE       #2 0x5613d9688306 <unknown>\nE       #3 0x5613d96885a1 <unknown>\nE       #4 0x5613d96cda04 <unknown>\nE       #5 0x5613d96ac39d <unknown>\nE       #6 0x5613d96cade0 <unknown>\nE       #7 0x5613d96ac113 <unknown>\nE       #8 0x5613d967abe0 <unknown>\nE       #9 0x5613d967bbbe <unknown>\nE       #10 0x5613d9af2e4b <unknown>\nE       #11 0x5613d9af6de2 <unknown>\nE       #12 0x5613d9adfd2c <unknown>\nE       #13 0x5613d9af7957 <unknown>\nE       #14 0x5613d9ac54bf <unknown>\nE       #15 0x5613d9b15348 <unknown>\nE       #16 0x5613d9b15510 <unknown>\nE       #17 0x5613d9b25346 <unknown>\nE       #18 0x7ff095e94ac3 <unknown>\n\n/opt/hostedtoolcache/Python/3.12.7/x64/lib/python3.12/site-packages/selenium/webdriver/support/wait.py:95: TimeoutException",
  "flaky" : false,
  "newFailed" : false,
  "beforeStages" : [ {
    "name" : "contributors_page_open",
    "time" : {
      "start" : 1732496593336,
      "stop" : 1732496597003,
      "duration" : 3667
    },
    "status" : "passed",
    "steps" : [ {
      "name" : "Open page: https://www.brainup.site/contributors",
      "time" : {
        "start" : 1732496593336,
        "stop" : 1732496597002,
        "duration" : 3666
      },
      "status" : "passed",
      "steps" : [ ],
      "attachments" : [ ],
      "parameters" : [ {
        "name" : "driver",
        "value" : "<selenium.webdriver.chrome.webdriver.WebDriver (session=\"1208a209a1005a27ea4ab7e1db1e5dee\")>"
      } ],
      "stepsCount" : 0,
      "attachmentsCount" : 0,
      "shouldDisplayMessage" : false,
      "hasContent" : true
    } ],
    "attachments" : [ ],
    "parameters" : [ ],
    "stepsCount" : 1,
    "attachmentsCount" : 0,
    "shouldDisplayMessage" : false,
    "hasContent" : true
  }, {
    "name" : "clear_allure_results_folder",
    "time" : {
      "start" : 1732496418607,
      "stop" : 1732496418607,
      "duration" : 0
    },
    "status" : "passed",
    "steps" : [ ],
    "attachments" : [ ],
    "parameters" : [ ],
    "stepsCount" : 0,
    "attachmentsCount" : 0,
    "shouldDisplayMessage" : false,
    "hasContent" : false
  }, {
    "name" : "driver",
    "time" : {
      "start" : 1732496592558,
      "stop" : 1732496593336,
      "duration" : 778
    },
    "status" : "passed",
    "steps" : [ ],
    "attachments" : [ ],
    "parameters" : [ ],
    "stepsCount" : 0,
    "attachmentsCount" : 0,
    "shouldDisplayMessage" : false,
    "hasContent" : false
  } ],
  "testStage" : {
    "status" : "broken",
    "statusMessage" : "selenium.common.exceptions.TimeoutException: Message: Can't find element by locator ('css selector', '.mb-16')\nStacktrace:\n#0 0x5613d9b264ca <unknown>\n#1 0x5613d9639620 <unknown>\n#2 0x5613d9688306 <unknown>\n#3 0x5613d96885a1 <unknown>\n#4 0x5613d96cda04 <unknown>\n#5 0x5613d96ac39d <unknown>\n#6 0x5613d96cade0 <unknown>\n#7 0x5613d96ac113 <unknown>\n#8 0x5613d967abe0 <unknown>\n#9 0x5613d967bbbe <unknown>\n#10 0x5613d9af2e4b <unknown>\n#11 0x5613d9af6de2 <unknown>\n#12 0x5613d9adfd2c <unknown>\n#13 0x5613d9af7957 <unknown>\n#14 0x5613d9ac54bf <unknown>\n#15 0x5613d9b15348 <unknown>\n#16 0x5613d9b15510 <unknown>\n#17 0x5613d9b25346 <unknown>\n#18 0x7ff095e94ac3 <unknown>",
    "statusTrace" : "self = <tests.contributors_page_test.TestContributorsPage.TestContributorsPageText object at 0x7feb16897950>\ndriver = <selenium.webdriver.chrome.webdriver.WebDriver (session=\"1208a209a1005a27ea4ab7e1db1e5dee\")>\ncontributors_page_open = None\n\n    @allure.title(\"Verify content of the text on the page\")\n    def test_cnp_02_03_verify_page_text(self, driver, contributors_page_open):\n        page = ContributorsPage(driver)\n>       text_content = page.get_text_content_on_page()\n\ntests/contributors_page_test.py:94: \n_ _ _ _ _ _ _ _ _ _ _ _ _ _ _ _ _ _ _ _ _ _ _ _ _ _ _ _ _ _ _ _ _ _ _ _ _ _ _ _ \npages/contributors_page.py:131: in get_text_content_on_page\n    return self.element_is_present(self.locators.PAGE_TEXT).text\npages/base_page.py:51: in element_is_present\n    return Wait(self.driver, self.timeout).until(\n_ _ _ _ _ _ _ _ _ _ _ _ _ _ _ _ _ _ _ _ _ _ _ _ _ _ _ _ _ _ _ _ _ _ _ _ _ _ _ _ \n\nself = <selenium.webdriver.support.wait.WebDriverWait (session=\"1208a209a1005a27ea4ab7e1db1e5dee\")>\nmethod = <function presence_of_element_located.<locals>._predicate at 0x7feb16403a60>\nmessage = \"Can't find element by locator ('css selector', '.mb-16')\"\n\n    def until(self, method, message: str = \"\"):\n        \"\"\"Calls the method provided with the driver as an argument until the \\\n        return value does not evaluate to ``False``.\n    \n        :param method: callable(WebDriver)\n        :param message: optional message for :exc:`TimeoutException`\n        :returns: the result of the last call to `method`\n        :raises: :exc:`selenium.common.exceptions.TimeoutException` if timeout occurs\n        \"\"\"\n        screen = None\n        stacktrace = None\n    \n        end_time = time.monotonic() + self._timeout\n        while True:\n            try:\n                value = method(self._driver)\n                if value:\n                    return value\n            except self._ignored_exceptions as exc:\n                screen = getattr(exc, \"screen\", None)\n                stacktrace = getattr(exc, \"stacktrace\", None)\n            time.sleep(self._poll)\n            if time.monotonic() > end_time:\n                break\n>       raise TimeoutException(message, screen, stacktrace)\nE       selenium.common.exceptions.TimeoutException: Message: Can't find element by locator ('css selector', '.mb-16')\nE       Stacktrace:\nE       #0 0x5613d9b264ca <unknown>\nE       #1 0x5613d9639620 <unknown>\nE       #2 0x5613d9688306 <unknown>\nE       #3 0x5613d96885a1 <unknown>\nE       #4 0x5613d96cda04 <unknown>\nE       #5 0x5613d96ac39d <unknown>\nE       #6 0x5613d96cade0 <unknown>\nE       #7 0x5613d96ac113 <unknown>\nE       #8 0x5613d967abe0 <unknown>\nE       #9 0x5613d967bbbe <unknown>\nE       #10 0x5613d9af2e4b <unknown>\nE       #11 0x5613d9af6de2 <unknown>\nE       #12 0x5613d9adfd2c <unknown>\nE       #13 0x5613d9af7957 <unknown>\nE       #14 0x5613d9ac54bf <unknown>\nE       #15 0x5613d9b15348 <unknown>\nE       #16 0x5613d9b15510 <unknown>\nE       #17 0x5613d9b25346 <unknown>\nE       #18 0x7ff095e94ac3 <unknown>\n\n/opt/hostedtoolcache/Python/3.12.7/x64/lib/python3.12/site-packages/selenium/webdriver/support/wait.py:95: TimeoutException",
    "steps" : [ {
      "name" : "Get content of the text on the page",
      "time" : {
        "start" : 1732496597003,
        "stop" : 1732496617013,
        "duration" : 20010
      },
      "status" : "broken",
      "statusMessage" : "selenium.common.exceptions.TimeoutException: Message: Can't find element by locator ('css selector', '.mb-16')\nStacktrace:\n#0 0x5613d9b264ca <unknown>\n#1 0x5613d9639620 <unknown>\n#2 0x5613d9688306 <unknown>\n#3 0x5613d96885a1 <unknown>\n#4 0x5613d96cda04 <unknown>\n#5 0x5613d96ac39d <unknown>\n#6 0x5613d96cade0 <unknown>\n#7 0x5613d96ac113 <unknown>\n#8 0x5613d967abe0 <unknown>\n#9 0x5613d967bbbe <unknown>\n#10 0x5613d9af2e4b <unknown>\n#11 0x5613d9af6de2 <unknown>\n#12 0x5613d9adfd2c <unknown>\n#13 0x5613d9af7957 <unknown>\n#14 0x5613d9ac54bf <unknown>\n#15 0x5613d9b15348 <unknown>\n#16 0x5613d9b15510 <unknown>\n#17 0x5613d9b25346 <unknown>\n#18 0x7ff095e94ac3 <unknown>\n\n",
      "statusTrace" : "  File \"/opt/hostedtoolcache/Python/3.12.7/x64/lib/python3.12/site-packages/allure_commons/_allure.py\", line 192, in impl\n    return func(*a, **kw)\n           ^^^^^^^^^^^^^^\n  File \"/home/runner/work/auto-tests-python/auto-tests-python/pages/contributors_page.py\", line 131, in get_text_content_on_page\n    return self.element_is_present(self.locators.PAGE_TEXT).text\n           ^^^^^^^^^^^^^^^^^^^^^^^^^^^^^^^^^^^^^^^^^^^^^^^^\n  File \"/home/runner/work/auto-tests-python/auto-tests-python/pages/base_page.py\", line 51, in element_is_present\n    return Wait(self.driver, self.timeout).until(\n           ^^^^^^^^^^^^^^^^^^^^^^^^^^^^^^^^^^^^^^\n  File \"/opt/hostedtoolcache/Python/3.12.7/x64/lib/python3.12/site-packages/selenium/webdriver/support/wait.py\", line 95, in until\n    raise TimeoutException(message, screen, stacktrace)\n",
      "steps" : [ ],
      "attachments" : [ ],
      "parameters" : [ ],
      "stepsCount" : 0,
      "attachmentsCount" : 0,
      "shouldDisplayMessage" : true,
      "hasContent" : true
    } ],
    "attachments" : [ {
      "uid" : "cae972755f58f08b",
      "name" : "Screenshot 2024-11-25 01:03:37.106345",
      "source" : "cae972755f58f08b.png",
      "type" : "image/png",
      "size" : 46727
    } ],
    "parameters" : [ ],
    "stepsCount" : 1,
    "attachmentsCount" : 1,
    "shouldDisplayMessage" : true,
    "hasContent" : true
  },
  "afterStages" : [ {
    "name" : "driver::0",
    "time" : {
      "start" : 1732496617107,
      "stop" : 1732496617177,
      "duration" : 70
    },
    "status" : "passed",
    "steps" : [ ],
    "attachments" : [ ],
    "parameters" : [ ],
    "stepsCount" : 0,
    "attachmentsCount" : 0,
    "shouldDisplayMessage" : false,
    "hasContent" : false
  } ],
  "labels" : [ {
    "name" : "epic",
    "value" : "The Contributors Page"
  }, {
    "name" : "parentSuite",
    "value" : "tests"
  }, {
    "name" : "suite",
    "value" : "contributors_page_test"
  }, {
    "name" : "subSuite",
    "value" : "TestContributorsPage"
  }, {
    "name" : "host",
    "value" : "fv-az711-137"
  }, {
    "name" : "thread",
    "value" : "2274-MainThread"
  }, {
    "name" : "framework",
    "value" : "pytest"
  }, {
    "name" : "language",
    "value" : "cpython3"
  }, {
    "name" : "package",
    "value" : "tests.contributors_page_test"
  }, {
    "name" : "resultFormat",
    "value" : "allure2"
  } ],
  "parameters" : [ ],
  "links" : [ ],
  "hidden" : false,
  "retry" : false,
  "extra" : {
    "severity" : "normal",
    "retries" : [ ],
    "categories" : [ {
      "name" : "Test defects",
      "matchedStatuses" : [ ],
      "flaky" : false
    } ],
    "history" : {
      "statistic" : {
        "failed" : 0,
        "broken" : 2,
        "skipped" : 0,
        "passed" : 22,
        "unknown" : 0,
        "total" : 24
      },
      "items" : [ {
        "uid" : "11e8604feacda46a",
        "reportUrl" : "https://Brain-up.github.io/auto-tests-python/193//#testresult/11e8604feacda46a",
        "status" : "broken",
        "statusDetails" : "selenium.common.exceptions.TimeoutException: Message: Can't find element by locator ('css selector', '.mb-16')\nStacktrace:\n#0 0x55cdd7a294ca <unknown>\n#1 0x55cdd753c620 <unknown>\n#2 0x55cdd758b306 <unknown>\n#3 0x55cdd758b5a1 <unknown>\n#4 0x55cdd75d0a04 <unknown>\n#5 0x55cdd75af39d <unknown>\n#6 0x55cdd75cdde0 <unknown>\n#7 0x55cdd75af113 <unknown>\n#8 0x55cdd757dbe0 <unknown>\n#9 0x55cdd757ebbe <unknown>\n#10 0x55cdd79f5e4b <unknown>\n#11 0x55cdd79f9de2 <unknown>\n#12 0x55cdd79e2d2c <unknown>\n#13 0x55cdd79fa957 <unknown>\n#14 0x55cdd79c84bf <unknown>\n#15 0x55cdd7a18348 <unknown>\n#16 0x55cdd7a18510 <unknown>\n#17 0x55cdd7a28346 <unknown>\n#18 0x7f5b8ae94ac3 <unknown>",
        "time" : {
          "start" : 1732410390035,
          "stop" : 1732410410541,
          "duration" : 20506
        }
      }, {
        "uid" : "377c9fa976c5df73",
        "reportUrl" : "https://Brain-up.github.io/auto-tests-python/192//#testresult/377c9fa976c5df73",
        "status" : "passed",
        "time" : {
          "start" : 1732323556316,
          "stop" : 1732323556335,
          "duration" : 19
        }
      }, {
        "uid" : "7d87159033a79cec",
        "reportUrl" : "https://Brain-up.github.io/auto-tests-python/399//#testresult/7d87159033a79cec",
        "status" : "passed",
        "time" : {
          "start" : 1732314127996,
          "stop" : 1732314128016,
          "duration" : 20
        }
      }, {
        "uid" : "59d04428033596f0",
        "reportUrl" : "https://Brain-up.github.io/auto-tests-python/398//#testresult/59d04428033596f0",
        "status" : "passed",
        "time" : {
          "start" : 1732309593954,
          "stop" : 1732309593973,
          "duration" : 19
        }
      }, {
        "uid" : "9daae846575494da",
        "reportUrl" : "https://Brain-up.github.io/auto-tests-python/398//#testresult/9daae846575494da",
        "status" : "passed",
        "time" : {
          "start" : 1732306646972,
          "stop" : 1732306646992,
          "duration" : 20
        }
      }, {
        "uid" : "118f3d9085ee5bf6",
        "reportUrl" : "https://Brain-up.github.io/auto-tests-python/191//#testresult/118f3d9085ee5bf6",
        "status" : "passed",
        "time" : {
          "start" : 1732237243115,
          "stop" : 1732237243134,
          "duration" : 19
        }
      }, {
        "uid" : "2992dbf978ed6dcc",
        "reportUrl" : "https://Brain-up.github.io/auto-tests-python/190//#testresult/2992dbf978ed6dcc",
        "status" : "passed",
        "time" : {
          "start" : 1732150813093,
          "stop" : 1732150813112,
          "duration" : 19
        }
      }, {
        "uid" : "31e60c2608b106ff",
        "reportUrl" : "https://Brain-up.github.io/auto-tests-python/397//#testresult/31e60c2608b106ff",
        "status" : "passed",
        "time" : {
          "start" : 1732139396744,
          "stop" : 1732139396765,
          "duration" : 21
        }
      }, {
        "uid" : "9d4d541a588a33b3",
        "reportUrl" : "https://Brain-up.github.io/auto-tests-python/396//#testresult/9d4d541a588a33b3",
        "status" : "passed",
        "time" : {
          "start" : 1732137266199,
          "stop" : 1732137266217,
          "duration" : 18
        }
      }, {
        "uid" : "a6c7ece359e2e144",
        "reportUrl" : "https://Brain-up.github.io/auto-tests-python/396//#testresult/a6c7ece359e2e144",
        "status" : "passed",
        "time" : {
          "start" : 1732133221318,
          "stop" : 1732133221338,
          "duration" : 20
        }
      }, {
        "uid" : "4c6c59fbaf3a3d02",
        "reportUrl" : "https://Brain-up.github.io/auto-tests-python/189//#testresult/4c6c59fbaf3a3d02",
        "status" : "passed",
        "time" : {
          "start" : 1732064431915,
          "stop" : 1732064431934,
          "duration" : 19
        }
      }, {
        "uid" : "a86c207fd6879cd5",
        "reportUrl" : "https://Brain-up.github.io/auto-tests-python/395//#testresult/a86c207fd6879cd5",
        "status" : "passed",
        "time" : {
          "start" : 1732008106634,
          "stop" : 1732008106654,
          "duration" : 20
        }
      }, {
        "uid" : "a0e062ed88eaf326",
        "reportUrl" : "https://Brain-up.github.io/auto-tests-python/394//#testresult/a0e062ed88eaf326",
        "status" : "passed",
        "time" : {
          "start" : 1732006050483,
          "stop" : 1732006050502,
          "duration" : 19
        }
      }, {
        "uid" : "d2ae2a2fe65d8344",
        "reportUrl" : "https://Brain-up.github.io/auto-tests-python/188//#testresult/d2ae2a2fe65d8344",
        "status" : "passed",
        "time" : {
          "start" : 1731978030565,
          "stop" : 1731978030584,
          "duration" : 19
        }
      }, {
        "uid" : "7a897b2903bee6c9",
        "reportUrl" : "https://Brain-up.github.io/auto-tests-python/393//#testresult/7a897b2903bee6c9",
        "status" : "passed",
        "time" : {
          "start" : 1731962921972,
          "stop" : 1731962921992,
          "duration" : 20
        }
      }, {
        "uid" : "ef1b00538a875c5c",
        "reportUrl" : "https://Brain-up.github.io/auto-tests-python/392//#testresult/ef1b00538a875c5c",
        "status" : "passed",
        "time" : {
          "start" : 1731955396142,
          "stop" : 1731955396174,
          "duration" : 32
        }
      }, {
        "uid" : "e35a70b50976653b",
        "reportUrl" : "https://Brain-up.github.io/auto-tests-python/187//#testresult/e35a70b50976653b",
        "status" : "passed",
        "time" : {
          "start" : 1731891749866,
          "stop" : 1731891749887,
          "duration" : 21
        }
      }, {
        "uid" : "359d8486f1a41461",
        "reportUrl" : "https://Brain-up.github.io/auto-tests-python/186//#testresult/359d8486f1a41461",
        "status" : "passed",
        "time" : {
          "start" : 1731805481366,
          "stop" : 1731805481385,
          "duration" : 19
        }
      }, {
        "uid" : "7c752db7c1e89d09",
        "reportUrl" : "https://Brain-up.github.io/auto-tests-python/391//#testresult/7c752db7c1e89d09",
        "status" : "passed",
        "time" : {
          "start" : 1731738778681,
          "stop" : 1731738778701,
          "duration" : 20
        }
      }, {
        "uid" : "b3fd05c34343c7ff",
        "reportUrl" : "https://Brain-up.github.io/auto-tests-python/390//#testresult/b3fd05c34343c7ff",
        "status" : "passed",
        "time" : {
          "start" : 1731734125337,
          "stop" : 1731734125355,
          "duration" : 18
        }
      } ]
    },
    "tags" : [ ]
  },
  "source" : "b548dae5261df7db.json",
  "parameterValues" : [ ]
}