{
  "uid" : "c4128fdf3b202c8",
  "name" : "Select a random card from \"Предложения\" group and compare UI vs BACKEND data.",
  "fullName" : "tests.test_speech_exercises_ru.TestCardsRU#test_random_cards_in_sentences_ru",
  "historyId" : "0c7f6c8c808a1acd373a8bdcd331af43",
  "time" : {
    "start" : 1732499296685,
    "stop" : 1732499296685,
    "duration" : 0
  },
  "status" : "skipped",
  "statusMessage" : "XFAIL\n\nselenium.common.exceptions.TimeoutException: Message: Can't find element by locator https://www.brainup.site/groups",
  "statusTrace" : "self = <pages.base_page.BasePage object at 0x7feb16150890>\nurl = 'https://www.brainup.site/groups'\n\n    def check_expected_link(self, url):\n        with allure.step(f'Check url is present: {url}'):\n            try:\n>               return Wait(self.driver, self.timeout).until(\n                    ec.url_to_be(url), message=f\"Can't find element by locator {url}\")\n\npages/base_page.py:68: \n_ _ _ _ _ _ _ _ _ _ _ _ _ _ _ _ _ _ _ _ _ _ _ _ _ _ _ _ _ _ _ _ _ _ _ _ _ _ _ _ \n\nself = <selenium.webdriver.support.wait.WebDriverWait (session=\"ff5d83b949d3b37f5bdf1816848d78b0\")>\nmethod = <function url_to_be.<locals>._predicate at 0x7feb161042c0>\nmessage = \"Can't find element by locator https://www.brainup.site/groups\"\n\n    def until(self, method, message: str = \"\"):\n        \"\"\"Calls the method provided with the driver as an argument until the \\\n        return value does not evaluate to ``False``.\n    \n        :param method: callable(WebDriver)\n        :param message: optional message for :exc:`TimeoutException`\n        :returns: the result of the last call to `method`\n        :raises: :exc:`selenium.common.exceptions.TimeoutException` if timeout occurs\n        \"\"\"\n        screen = None\n        stacktrace = None\n    \n        end_time = time.monotonic() + self._timeout\n        while True:\n            try:\n                value = method(self._driver)\n                if value:\n                    return value\n            except self._ignored_exceptions as exc:\n                screen = getattr(exc, \"screen\", None)\n                stacktrace = getattr(exc, \"stacktrace\", None)\n            time.sleep(self._poll)\n            if time.monotonic() > end_time:\n                break\n>       raise TimeoutException(message, screen, stacktrace)\nE       selenium.common.exceptions.TimeoutException: Message: Can't find element by locator https://www.brainup.site/groups\n\n/opt/hostedtoolcache/Python/3.12.7/x64/lib/python3.12/site-packages/selenium/webdriver/support/wait.py:95: TimeoutException\n\nDuring handling of the above exception, another exception occurred:\n\ndriver = <selenium.webdriver.chrome.webdriver.WebDriver (session=\"ff5d83b949d3b37f5bdf1816848d78b0\")>\nmain_page_open = None\n\n    @pytest.fixture()\n    @allure.step('USER specialist authorized')\n    def specialist_user_authorized(driver, main_page_open):\n        page = BasePage(driver)\n        page.element_is_present_and_clickable(MainPageLocators.LOGIN_BUTTON).click()\n        page.element_is_visible(LoginPageLocators.INPUT_LOGIN).send_keys(os.environ[\"SPECIALIST_LOGIN\"])\n        page.element_is_visible(LoginPageLocators.INPUT_PASSWORD).send_keys(os.environ[\"PASSWORD\"])\n        page.element_is_present_and_clickable(LoginPageLocators.SIGN_IN_BUTTON).click()\n>       page.check_expected_link(MainPageLinks.URL_GROUPS_PAGE)\n\ntests/conftest.py:104: \n_ _ _ _ _ _ _ _ _ _ _ _ _ _ _ _ _ _ _ _ _ _ _ _ _ _ _ _ _ _ _ _ _ _ _ _ _ _ _ _ \npages/base_page.py:72: in check_expected_link\n    return Wait(self.driver, self.timeout).until(\n_ _ _ _ _ _ _ _ _ _ _ _ _ _ _ _ _ _ _ _ _ _ _ _ _ _ _ _ _ _ _ _ _ _ _ _ _ _ _ _ \n\nself = <selenium.webdriver.support.wait.WebDriverWait (session=\"ff5d83b949d3b37f5bdf1816848d78b0\")>\nmethod = <function url_to_be.<locals>._predicate at 0x7feb16104cc0>\nmessage = \"Can't find element by locator https://www.brainup.site/groups\"\n\n    def until(self, method, message: str = \"\"):\n        \"\"\"Calls the method provided with the driver as an argument until the \\\n        return value does not evaluate to ``False``.\n    \n        :param method: callable(WebDriver)\n        :param message: optional message for :exc:`TimeoutException`\n        :returns: the result of the last call to `method`\n        :raises: :exc:`selenium.common.exceptions.TimeoutException` if timeout occurs\n        \"\"\"\n        screen = None\n        stacktrace = None\n    \n        end_time = time.monotonic() + self._timeout\n        while True:\n            try:\n                value = method(self._driver)\n                if value:\n                    return value\n            except self._ignored_exceptions as exc:\n                screen = getattr(exc, \"screen\", None)\n                stacktrace = getattr(exc, \"stacktrace\", None)\n            time.sleep(self._poll)\n            if time.monotonic() > end_time:\n                break\n>       raise TimeoutException(message, screen, stacktrace)\nE       selenium.common.exceptions.TimeoutException: Message: Can't find element by locator https://www.brainup.site/groups\n\n/opt/hostedtoolcache/Python/3.12.7/x64/lib/python3.12/site-packages/selenium/webdriver/support/wait.py:95: TimeoutException",
  "flaky" : false,
  "newFailed" : false,
  "beforeStages" : [ {
    "name" : "specialist_user_authorized",
    "time" : {
      "start" : 1732499301301,
      "stop" : 1732499342003,
      "duration" : 40702
    },
    "status" : "broken",
    "statusMessage" : "selenium.common.exceptions.TimeoutException: Message: Can't find element by locator https://www.brainup.site/groups\n\n",
    "statusTrace" : "  File \"/opt/hostedtoolcache/Python/3.12.7/x64/lib/python3.12/site-packages/pluggy/_callers.py\", line 103, in _multicall\n    res = hook_impl.function(*args)\n          ^^^^^^^^^^^^^^^^^^^^^^^^^\n  File \"/opt/hostedtoolcache/Python/3.12.7/x64/lib/python3.12/site-packages/_pytest/fixtures.py\", line 1123, in pytest_fixture_setup\n    result = call_fixture_func(fixturefunc, request, kwargs)\n             ^^^^^^^^^^^^^^^^^^^^^^^^^^^^^^^^^^^^^^^^^^^^^^^\n  File \"/opt/hostedtoolcache/Python/3.12.7/x64/lib/python3.12/site-packages/_pytest/fixtures.py\", line 902, in call_fixture_func\n    fixture_result = fixturefunc(**kwargs)\n                     ^^^^^^^^^^^^^^^^^^^^^\n  File \"/opt/hostedtoolcache/Python/3.12.7/x64/lib/python3.12/site-packages/allure_commons/_allure.py\", line 192, in impl\n    return func(*a, **kw)\n           ^^^^^^^^^^^^^^\n  File \"/home/runner/work/auto-tests-python/auto-tests-python/tests/conftest.py\", line 104, in specialist_user_authorized\n    page.check_expected_link(MainPageLinks.URL_GROUPS_PAGE)\n  File \"/home/runner/work/auto-tests-python/auto-tests-python/pages/base_page.py\", line 72, in check_expected_link\n    return Wait(self.driver, self.timeout).until(\n           ^^^^^^^^^^^^^^^^^^^^^^^^^^^^^^^^^^^^^^\n  File \"/opt/hostedtoolcache/Python/3.12.7/x64/lib/python3.12/site-packages/selenium/webdriver/support/wait.py\", line 95, in until\n    raise TimeoutException(message, screen, stacktrace)\n",
    "steps" : [ {
      "name" : "USER specialist authorized",
      "time" : {
        "start" : 1732499301301,
        "stop" : 1732499342002,
        "duration" : 40701
      },
      "status" : "broken",
      "statusMessage" : "selenium.common.exceptions.TimeoutException: Message: Can't find element by locator https://www.brainup.site/groups\n\n",
      "statusTrace" : "  File \"/opt/hostedtoolcache/Python/3.12.7/x64/lib/python3.12/site-packages/allure_commons/_allure.py\", line 192, in impl\n    return func(*a, **kw)\n           ^^^^^^^^^^^^^^\n  File \"/home/runner/work/auto-tests-python/auto-tests-python/tests/conftest.py\", line 104, in specialist_user_authorized\n    page.check_expected_link(MainPageLinks.URL_GROUPS_PAGE)\n  File \"/home/runner/work/auto-tests-python/auto-tests-python/pages/base_page.py\", line 72, in check_expected_link\n    return Wait(self.driver, self.timeout).until(\n           ^^^^^^^^^^^^^^^^^^^^^^^^^^^^^^^^^^^^^^\n  File \"/opt/hostedtoolcache/Python/3.12.7/x64/lib/python3.12/site-packages/selenium/webdriver/support/wait.py\", line 95, in until\n    raise TimeoutException(message, screen, stacktrace)\n",
      "steps" : [ {
        "name" : "Check url is present: https://www.brainup.site/groups",
        "time" : {
          "start" : 1732499301721,
          "stop" : 1732499342002,
          "duration" : 40281
        },
        "status" : "broken",
        "statusMessage" : "selenium.common.exceptions.TimeoutException: Message: Can't find element by locator https://www.brainup.site/groups\n\n",
        "statusTrace" : "  File \"/home/runner/work/auto-tests-python/auto-tests-python/pages/base_page.py\", line 72, in check_expected_link\n    return Wait(self.driver, self.timeout).until(\n           ^^^^^^^^^^^^^^^^^^^^^^^^^^^^^^^^^^^^^^\n  File \"/opt/hostedtoolcache/Python/3.12.7/x64/lib/python3.12/site-packages/selenium/webdriver/support/wait.py\", line 95, in until\n    raise TimeoutException(message, screen, stacktrace)\n",
        "steps" : [ ],
        "attachments" : [ ],
        "parameters" : [ ],
        "stepsCount" : 0,
        "attachmentsCount" : 0,
        "shouldDisplayMessage" : true,
        "hasContent" : true
      } ],
      "attachments" : [ ],
      "parameters" : [ {
        "name" : "driver",
        "value" : "<selenium.webdriver.chrome.webdriver.WebDriver (session=\"ff5d83b949d3b37f5bdf1816848d78b0\")>"
      }, {
        "name" : "main_page_open",
        "value" : "None"
      } ],
      "stepsCount" : 1,
      "attachmentsCount" : 0,
      "shouldDisplayMessage" : false,
      "hasContent" : true
    } ],
    "attachments" : [ ],
    "parameters" : [ ],
    "stepsCount" : 2,
    "attachmentsCount" : 0,
    "shouldDisplayMessage" : false,
    "hasContent" : true
  }, {
    "name" : "main_page_open",
    "time" : {
      "start" : 1732499297461,
      "stop" : 1732499301301,
      "duration" : 3840
    },
    "status" : "passed",
    "steps" : [ {
      "name" : "Open page: https://www.brainup.site/",
      "time" : {
        "start" : 1732499297462,
        "stop" : 1732499301301,
        "duration" : 3839
      },
      "status" : "passed",
      "steps" : [ ],
      "attachments" : [ ],
      "parameters" : [ {
        "name" : "driver",
        "value" : "<selenium.webdriver.chrome.webdriver.WebDriver (session=\"ff5d83b949d3b37f5bdf1816848d78b0\")>"
      } ],
      "stepsCount" : 0,
      "attachmentsCount" : 0,
      "shouldDisplayMessage" : false,
      "hasContent" : true
    } ],
    "attachments" : [ ],
    "parameters" : [ ],
    "stepsCount" : 1,
    "attachmentsCount" : 0,
    "shouldDisplayMessage" : false,
    "hasContent" : true
  }, {
    "name" : "driver",
    "time" : {
      "start" : 1732499296685,
      "stop" : 1732499297461,
      "duration" : 776
    },
    "status" : "passed",
    "steps" : [ ],
    "attachments" : [ ],
    "parameters" : [ ],
    "stepsCount" : 0,
    "attachmentsCount" : 0,
    "shouldDisplayMessage" : false,
    "hasContent" : false
  }, {
    "name" : "clear_allure_results_folder",
    "time" : {
      "start" : 1732496418607,
      "stop" : 1732496418607,
      "duration" : 0
    },
    "status" : "passed",
    "steps" : [ ],
    "attachments" : [ ],
    "parameters" : [ ],
    "stepsCount" : 0,
    "attachmentsCount" : 0,
    "shouldDisplayMessage" : false,
    "hasContent" : false
  } ],
  "afterStages" : [ {
    "name" : "driver::0",
    "time" : {
      "start" : 1732499342018,
      "stop" : 1732499342088,
      "duration" : 70
    },
    "status" : "passed",
    "steps" : [ ],
    "attachments" : [ ],
    "parameters" : [ ],
    "stepsCount" : 0,
    "attachmentsCount" : 0,
    "shouldDisplayMessage" : false,
    "hasContent" : false
  } ],
  "labels" : [ {
    "name" : "epic",
    "value" : "Speech exercises."
  }, {
    "name" : "suite",
    "value" : "Речевые упражнения."
  }, {
    "name" : "tag",
    "value" : "@pytest.mark.xfail"
  }, {
    "name" : "parentSuite",
    "value" : "tests"
  }, {
    "name" : "subSuite",
    "value" : "TestCardsRU"
  }, {
    "name" : "host",
    "value" : "fv-az711-137"
  }, {
    "name" : "thread",
    "value" : "2274-MainThread"
  }, {
    "name" : "framework",
    "value" : "pytest"
  }, {
    "name" : "language",
    "value" : "cpython3"
  }, {
    "name" : "package",
    "value" : "tests.test_speech_exercises_ru"
  }, {
    "name" : "resultFormat",
    "value" : "allure2"
  } ],
  "parameters" : [ ],
  "links" : [ ],
  "hidden" : false,
  "retry" : false,
  "extra" : {
    "severity" : "normal",
    "retries" : [ ],
    "categories" : [ ],
    "history" : {
      "statistic" : {
        "failed" : 0,
        "broken" : 0,
        "skipped" : 21,
        "passed" : 0,
        "unknown" : 0,
        "total" : 21
      },
      "items" : [ {
        "uid" : "eeae1c348cf69827",
        "reportUrl" : "https://Brain-up.github.io/auto-tests-python/193//#testresult/eeae1c348cf69827",
        "status" : "skipped",
        "statusDetails" : "XFAIL\n\nselenium.common.exceptions.TimeoutException: Message: Can't find element by locator https://www.brainup.site/groups",
        "time" : {
          "start" : 1732413091920,
          "stop" : 1732413091920,
          "duration" : 0
        }
      }, {
        "uid" : "2588fe2a88f74621",
        "reportUrl" : "https://Brain-up.github.io/auto-tests-python/192//#testresult/2588fe2a88f74621",
        "status" : "skipped",
        "statusDetails" : "XFAIL\n\nselenium.common.exceptions.TimeoutException: Message: Url: {Links.URL_MAIN_PAGE}groups/2/series/4 has not been changed!!!",
        "time" : {
          "start" : 1732324801368,
          "stop" : 1732324827969,
          "duration" : 26601
        }
      }, {
        "uid" : "f13ce7fb67384115",
        "reportUrl" : "https://Brain-up.github.io/auto-tests-python/399//#testresult/f13ce7fb67384115",
        "status" : "skipped",
        "statusDetails" : "XFAIL\n\nselenium.common.exceptions.TimeoutException: Message: Url: {Links.URL_MAIN_PAGE}groups/2/series/4 has not been changed!!!",
        "time" : {
          "start" : 1732315251212,
          "stop" : 1732315277950,
          "duration" : 26738
        }
      }, {
        "uid" : "f8c300e6f3364c30",
        "reportUrl" : "https://Brain-up.github.io/auto-tests-python/398//#testresult/f8c300e6f3364c30",
        "status" : "skipped",
        "statusDetails" : "XFAIL\n\nselenium.common.exceptions.TimeoutException: Message: Url: {Links.URL_MAIN_PAGE}groups/2/series/4 has not been changed!!!",
        "time" : {
          "start" : 1732310759377,
          "stop" : 1732310785848,
          "duration" : 26471
        }
      }, {
        "uid" : "43cbb6a39ae1985",
        "reportUrl" : "https://Brain-up.github.io/auto-tests-python/398//#testresult/43cbb6a39ae1985",
        "status" : "skipped",
        "statusDetails" : "XFAIL\n\nselenium.common.exceptions.TimeoutException: Message: Url: {Links.URL_MAIN_PAGE}groups/2/series/4 has not been changed!!!",
        "time" : {
          "start" : 1732308909861,
          "stop" : 1732308936531,
          "duration" : 26670
        }
      }, {
        "uid" : "a222dee687638aa9",
        "reportUrl" : "https://Brain-up.github.io/auto-tests-python/191//#testresult/a222dee687638aa9",
        "status" : "skipped",
        "statusDetails" : "XFAIL\n\nselenium.common.exceptions.TimeoutException: Message: Url: {Links.URL_MAIN_PAGE}groups/2/series/4 has not been changed!!!",
        "time" : {
          "start" : 1732238328220,
          "stop" : 1732238355020,
          "duration" : 26800
        }
      }, {
        "uid" : "f49bddba6f2ce53b",
        "reportUrl" : "https://Brain-up.github.io/auto-tests-python/190//#testresult/f49bddba6f2ce53b",
        "status" : "skipped",
        "statusDetails" : "XFAIL\n\nselenium.common.exceptions.TimeoutException: Message: Url: {Links.URL_MAIN_PAGE}groups/2/series/4 has not been changed!!!",
        "time" : {
          "start" : 1732151905475,
          "stop" : 1732151932086,
          "duration" : 26611
        }
      }, {
        "uid" : "b145ed07ed2cac27",
        "reportUrl" : "https://Brain-up.github.io/auto-tests-python/397//#testresult/b145ed07ed2cac27",
        "status" : "skipped",
        "statusDetails" : "XFAIL\n\nselenium.common.exceptions.TimeoutException: Message: Url: {Links.URL_MAIN_PAGE}groups/2/series/4 has not been changed!!!",
        "time" : {
          "start" : 1732140656231,
          "stop" : 1732140682845,
          "duration" : 26614
        }
      }, {
        "uid" : "e055d597355c85cd",
        "reportUrl" : "https://Brain-up.github.io/auto-tests-python/396//#testresult/e055d597355c85cd",
        "status" : "skipped",
        "statusDetails" : "XFAIL\n\nselenium.common.exceptions.TimeoutException: Message: Url: {Links.URL_MAIN_PAGE}groups/2/series/4 has not been changed!!!",
        "time" : {
          "start" : 1732138366158,
          "stop" : 1732138392762,
          "duration" : 26604
        }
      }, {
        "uid" : "c83bdd29be7faa4a",
        "reportUrl" : "https://Brain-up.github.io/auto-tests-python/396//#testresult/c83bdd29be7faa4a",
        "status" : "skipped",
        "statusDetails" : "XFAIL\n\nselenium.common.exceptions.TimeoutException: Message: Url: {Links.URL_MAIN_PAGE}groups/2/series/4 has not been changed!!!",
        "time" : {
          "start" : 1732135256847,
          "stop" : 1732135283488,
          "duration" : 26641
        }
      }, {
        "uid" : "ce564ca937ef42c3",
        "reportUrl" : "https://Brain-up.github.io/auto-tests-python/189//#testresult/ce564ca937ef42c3",
        "status" : "skipped",
        "statusDetails" : "XFAIL\n\nselenium.common.exceptions.TimeoutException: Message: Url: {Links.URL_MAIN_PAGE}groups/2/series/4 has not been changed!!!",
        "time" : {
          "start" : 1732065714021,
          "stop" : 1732065740635,
          "duration" : 26614
        }
      }, {
        "uid" : "bf27025f0348378",
        "reportUrl" : "https://Brain-up.github.io/auto-tests-python/395//#testresult/bf27025f0348378",
        "status" : "skipped",
        "statusDetails" : "XFAIL\n\nselenium.common.exceptions.TimeoutException: Message: Url: {Links.URL_MAIN_PAGE}groups/2/series/4 has not been changed!!!",
        "time" : {
          "start" : 1732009233897,
          "stop" : 1732009260617,
          "duration" : 26720
        }
      }, {
        "uid" : "42c5ade284e80ba3",
        "reportUrl" : "https://Brain-up.github.io/auto-tests-python/394//#testresult/42c5ade284e80ba3",
        "status" : "skipped",
        "statusDetails" : "XFAIL\n\nselenium.common.exceptions.TimeoutException: Message: Url: {Links.URL_MAIN_PAGE}groups/2/series/4 has not been changed!!!",
        "time" : {
          "start" : 1732007135885,
          "stop" : 1732007162824,
          "duration" : 26939
        }
      }, {
        "uid" : "19005b4a203ecac6",
        "reportUrl" : "https://Brain-up.github.io/auto-tests-python/188//#testresult/19005b4a203ecac6",
        "status" : "skipped",
        "statusDetails" : "XFAIL\n\nselenium.common.exceptions.TimeoutException: Message: Url: {Links.URL_MAIN_PAGE}groups/2/series/4 has not been changed!!!",
        "time" : {
          "start" : 1731979119781,
          "stop" : 1731979146626,
          "duration" : 26845
        }
      }, {
        "uid" : "d04eb911832b67a0",
        "reportUrl" : "https://Brain-up.github.io/auto-tests-python/393//#testresult/d04eb911832b67a0",
        "status" : "skipped",
        "statusDetails" : "XFAIL\n\nselenium.common.exceptions.TimeoutException: Message: Url: {Links.URL_MAIN_PAGE}groups/2/series/4 has not been changed!!!",
        "time" : {
          "start" : 1731964056383,
          "stop" : 1731964082933,
          "duration" : 26550
        }
      }, {
        "uid" : "d8d876d0f25c157",
        "reportUrl" : "https://Brain-up.github.io/auto-tests-python/392//#testresult/d8d876d0f25c157",
        "status" : "skipped",
        "statusDetails" : "XFAIL\n\nselenium.common.exceptions.TimeoutException: Message: Url: {Links.URL_MAIN_PAGE}groups/2/series/4 has not been changed!!!",
        "time" : {
          "start" : 1731956713588,
          "stop" : 1731956740342,
          "duration" : 26754
        }
      }, {
        "uid" : "b455045d4bc13088",
        "reportUrl" : "https://Brain-up.github.io/auto-tests-python/187//#testresult/b455045d4bc13088",
        "status" : "skipped",
        "statusDetails" : "XFAIL\n\nselenium.common.exceptions.TimeoutException: Message: Url: {Links.URL_MAIN_PAGE}groups/2/series/4 has not been changed!!!",
        "time" : {
          "start" : 1731892996075,
          "stop" : 1731893022859,
          "duration" : 26784
        }
      }, {
        "uid" : "a8d7eba42fea65fd",
        "reportUrl" : "https://Brain-up.github.io/auto-tests-python/186//#testresult/a8d7eba42fea65fd",
        "status" : "skipped",
        "statusDetails" : "XFAIL\n\nselenium.common.exceptions.TimeoutException: Message: Url: {Links.URL_MAIN_PAGE}groups/2/series/4 has not been changed!!!",
        "time" : {
          "start" : 1731806653298,
          "stop" : 1731806680605,
          "duration" : 27307
        }
      }, {
        "uid" : "394a923da9e0009f",
        "reportUrl" : "https://Brain-up.github.io/auto-tests-python/391//#testresult/394a923da9e0009f",
        "status" : "skipped",
        "statusDetails" : "XFAIL\n\nselenium.common.exceptions.TimeoutException: Message: Url: {Links.URL_MAIN_PAGE}groups/2/series/4 has not been changed!!!",
        "time" : {
          "start" : 1731739765817,
          "stop" : 1731739793055,
          "duration" : 27238
        }
      }, {
        "uid" : "5212d41c463cb188",
        "reportUrl" : "https://Brain-up.github.io/auto-tests-python/390//#testresult/5212d41c463cb188",
        "status" : "skipped",
        "statusDetails" : "XFAIL\n\nselenium.common.exceptions.TimeoutException: Message: Url: {Links.URL_MAIN_PAGE}groups/2/series/4 has not been changed!!!",
        "time" : {
          "start" : 1731735279112,
          "stop" : 1731735306772,
          "duration" : 27660
        }
      } ]
    },
    "tags" : [ "@pytest.mark.xfail" ]
  },
  "source" : "c4128fdf3b202c8.json",
  "parameterValues" : [ ]
}