{
  "uid" : "e01634113ef19e13",
  "name" : "Select a random card from \"Группа слов\" group and compare UI vs BACKEND data.",
  "fullName" : "tests.test_speech_exercises_ru.TestCardsRU#test_random_cards_in_group_words_ru",
  "historyId" : "0c99feebb7314b5ff7efb452ee6dded7",
  "time" : {
    "start" : 1732499251463,
    "stop" : 1732499251463,
    "duration" : 0
  },
  "status" : "skipped",
  "statusMessage" : "XFAIL\n\nselenium.common.exceptions.TimeoutException: Message: Can't find element by locator https://www.brainup.site/groups",
  "statusTrace" : "self = <pages.base_page.BasePage object at 0x7feb16222d50>\nurl = 'https://www.brainup.site/groups'\n\n    def check_expected_link(self, url):\n        with allure.step(f'Check url is present: {url}'):\n            try:\n>               return Wait(self.driver, self.timeout).until(\n                    ec.url_to_be(url), message=f\"Can't find element by locator {url}\")\n\npages/base_page.py:68: \n_ _ _ _ _ _ _ _ _ _ _ _ _ _ _ _ _ _ _ _ _ _ _ _ _ _ _ _ _ _ _ _ _ _ _ _ _ _ _ _ \n\nself = <selenium.webdriver.support.wait.WebDriverWait (session=\"57153e1cf30426b8a60f74069eed7890\")>\nmethod = <function url_to_be.<locals>._predicate at 0x7feb162ea200>\nmessage = \"Can't find element by locator https://www.brainup.site/groups\"\n\n    def until(self, method, message: str = \"\"):\n        \"\"\"Calls the method provided with the driver as an argument until the \\\n        return value does not evaluate to ``False``.\n    \n        :param method: callable(WebDriver)\n        :param message: optional message for :exc:`TimeoutException`\n        :returns: the result of the last call to `method`\n        :raises: :exc:`selenium.common.exceptions.TimeoutException` if timeout occurs\n        \"\"\"\n        screen = None\n        stacktrace = None\n    \n        end_time = time.monotonic() + self._timeout\n        while True:\n            try:\n                value = method(self._driver)\n                if value:\n                    return value\n            except self._ignored_exceptions as exc:\n                screen = getattr(exc, \"screen\", None)\n                stacktrace = getattr(exc, \"stacktrace\", None)\n            time.sleep(self._poll)\n            if time.monotonic() > end_time:\n                break\n>       raise TimeoutException(message, screen, stacktrace)\nE       selenium.common.exceptions.TimeoutException: Message: Can't find element by locator https://www.brainup.site/groups\n\n/opt/hostedtoolcache/Python/3.12.7/x64/lib/python3.12/site-packages/selenium/webdriver/support/wait.py:95: TimeoutException\n\nDuring handling of the above exception, another exception occurred:\n\ndriver = <selenium.webdriver.chrome.webdriver.WebDriver (session=\"57153e1cf30426b8a60f74069eed7890\")>\nmain_page_open = None\n\n    @pytest.fixture()\n    @allure.step('USER specialist authorized')\n    def specialist_user_authorized(driver, main_page_open):\n        page = BasePage(driver)\n        page.element_is_present_and_clickable(MainPageLocators.LOGIN_BUTTON).click()\n        page.element_is_visible(LoginPageLocators.INPUT_LOGIN).send_keys(os.environ[\"SPECIALIST_LOGIN\"])\n        page.element_is_visible(LoginPageLocators.INPUT_PASSWORD).send_keys(os.environ[\"PASSWORD\"])\n        page.element_is_present_and_clickable(LoginPageLocators.SIGN_IN_BUTTON).click()\n>       page.check_expected_link(MainPageLinks.URL_GROUPS_PAGE)\n\ntests/conftest.py:104: \n_ _ _ _ _ _ _ _ _ _ _ _ _ _ _ _ _ _ _ _ _ _ _ _ _ _ _ _ _ _ _ _ _ _ _ _ _ _ _ _ \npages/base_page.py:72: in check_expected_link\n    return Wait(self.driver, self.timeout).until(\n_ _ _ _ _ _ _ _ _ _ _ _ _ _ _ _ _ _ _ _ _ _ _ _ _ _ _ _ _ _ _ _ _ _ _ _ _ _ _ _ \n\nself = <selenium.webdriver.support.wait.WebDriverWait (session=\"57153e1cf30426b8a60f74069eed7890\")>\nmethod = <function url_to_be.<locals>._predicate at 0x7feb16104900>\nmessage = \"Can't find element by locator https://www.brainup.site/groups\"\n\n    def until(self, method, message: str = \"\"):\n        \"\"\"Calls the method provided with the driver as an argument until the \\\n        return value does not evaluate to ``False``.\n    \n        :param method: callable(WebDriver)\n        :param message: optional message for :exc:`TimeoutException`\n        :returns: the result of the last call to `method`\n        :raises: :exc:`selenium.common.exceptions.TimeoutException` if timeout occurs\n        \"\"\"\n        screen = None\n        stacktrace = None\n    \n        end_time = time.monotonic() + self._timeout\n        while True:\n            try:\n                value = method(self._driver)\n                if value:\n                    return value\n            except self._ignored_exceptions as exc:\n                screen = getattr(exc, \"screen\", None)\n                stacktrace = getattr(exc, \"stacktrace\", None)\n            time.sleep(self._poll)\n            if time.monotonic() > end_time:\n                break\n>       raise TimeoutException(message, screen, stacktrace)\nE       selenium.common.exceptions.TimeoutException: Message: Can't find element by locator https://www.brainup.site/groups\n\n/opt/hostedtoolcache/Python/3.12.7/x64/lib/python3.12/site-packages/selenium/webdriver/support/wait.py:95: TimeoutException",
  "flaky" : false,
  "newFailed" : false,
  "beforeStages" : [ {
    "name" : "specialist_user_authorized",
    "time" : {
      "start" : 1732499255956,
      "stop" : 1732499296596,
      "duration" : 40640
    },
    "status" : "broken",
    "statusMessage" : "selenium.common.exceptions.TimeoutException: Message: Can't find element by locator https://www.brainup.site/groups\n\n",
    "statusTrace" : "  File \"/opt/hostedtoolcache/Python/3.12.7/x64/lib/python3.12/site-packages/pluggy/_callers.py\", line 103, in _multicall\n    res = hook_impl.function(*args)\n          ^^^^^^^^^^^^^^^^^^^^^^^^^\n  File \"/opt/hostedtoolcache/Python/3.12.7/x64/lib/python3.12/site-packages/_pytest/fixtures.py\", line 1123, in pytest_fixture_setup\n    result = call_fixture_func(fixturefunc, request, kwargs)\n             ^^^^^^^^^^^^^^^^^^^^^^^^^^^^^^^^^^^^^^^^^^^^^^^\n  File \"/opt/hostedtoolcache/Python/3.12.7/x64/lib/python3.12/site-packages/_pytest/fixtures.py\", line 902, in call_fixture_func\n    fixture_result = fixturefunc(**kwargs)\n                     ^^^^^^^^^^^^^^^^^^^^^\n  File \"/opt/hostedtoolcache/Python/3.12.7/x64/lib/python3.12/site-packages/allure_commons/_allure.py\", line 192, in impl\n    return func(*a, **kw)\n           ^^^^^^^^^^^^^^\n  File \"/home/runner/work/auto-tests-python/auto-tests-python/tests/conftest.py\", line 104, in specialist_user_authorized\n    page.check_expected_link(MainPageLinks.URL_GROUPS_PAGE)\n  File \"/home/runner/work/auto-tests-python/auto-tests-python/pages/base_page.py\", line 72, in check_expected_link\n    return Wait(self.driver, self.timeout).until(\n           ^^^^^^^^^^^^^^^^^^^^^^^^^^^^^^^^^^^^^^\n  File \"/opt/hostedtoolcache/Python/3.12.7/x64/lib/python3.12/site-packages/selenium/webdriver/support/wait.py\", line 95, in until\n    raise TimeoutException(message, screen, stacktrace)\n",
    "steps" : [ {
      "name" : "USER specialist authorized",
      "time" : {
        "start" : 1732499255956,
        "stop" : 1732499296595,
        "duration" : 40639
      },
      "status" : "broken",
      "statusMessage" : "selenium.common.exceptions.TimeoutException: Message: Can't find element by locator https://www.brainup.site/groups\n\n",
      "statusTrace" : "  File \"/opt/hostedtoolcache/Python/3.12.7/x64/lib/python3.12/site-packages/allure_commons/_allure.py\", line 192, in impl\n    return func(*a, **kw)\n           ^^^^^^^^^^^^^^\n  File \"/home/runner/work/auto-tests-python/auto-tests-python/tests/conftest.py\", line 104, in specialist_user_authorized\n    page.check_expected_link(MainPageLinks.URL_GROUPS_PAGE)\n  File \"/home/runner/work/auto-tests-python/auto-tests-python/pages/base_page.py\", line 72, in check_expected_link\n    return Wait(self.driver, self.timeout).until(\n           ^^^^^^^^^^^^^^^^^^^^^^^^^^^^^^^^^^^^^^\n  File \"/opt/hostedtoolcache/Python/3.12.7/x64/lib/python3.12/site-packages/selenium/webdriver/support/wait.py\", line 95, in until\n    raise TimeoutException(message, screen, stacktrace)\n",
      "steps" : [ {
        "name" : "Check url is present: https://www.brainup.site/groups",
        "time" : {
          "start" : 1732499256321,
          "stop" : 1732499296595,
          "duration" : 40274
        },
        "status" : "broken",
        "statusMessage" : "selenium.common.exceptions.TimeoutException: Message: Can't find element by locator https://www.brainup.site/groups\n\n",
        "statusTrace" : "  File \"/home/runner/work/auto-tests-python/auto-tests-python/pages/base_page.py\", line 72, in check_expected_link\n    return Wait(self.driver, self.timeout).until(\n           ^^^^^^^^^^^^^^^^^^^^^^^^^^^^^^^^^^^^^^\n  File \"/opt/hostedtoolcache/Python/3.12.7/x64/lib/python3.12/site-packages/selenium/webdriver/support/wait.py\", line 95, in until\n    raise TimeoutException(message, screen, stacktrace)\n",
        "steps" : [ ],
        "attachments" : [ ],
        "parameters" : [ ],
        "stepsCount" : 0,
        "attachmentsCount" : 0,
        "shouldDisplayMessage" : true,
        "hasContent" : true
      } ],
      "attachments" : [ ],
      "parameters" : [ {
        "name" : "driver",
        "value" : "<selenium.webdriver.chrome.webdriver.WebDriver (session=\"57153e1cf30426b8a60f74069eed7890\")>"
      }, {
        "name" : "main_page_open",
        "value" : "None"
      } ],
      "stepsCount" : 1,
      "attachmentsCount" : 0,
      "shouldDisplayMessage" : false,
      "hasContent" : true
    } ],
    "attachments" : [ ],
    "parameters" : [ ],
    "stepsCount" : 2,
    "attachmentsCount" : 0,
    "shouldDisplayMessage" : false,
    "hasContent" : true
  }, {
    "name" : "driver",
    "time" : {
      "start" : 1732499251463,
      "stop" : 1732499252235,
      "duration" : 772
    },
    "status" : "passed",
    "steps" : [ ],
    "attachments" : [ ],
    "parameters" : [ ],
    "stepsCount" : 0,
    "attachmentsCount" : 0,
    "shouldDisplayMessage" : false,
    "hasContent" : false
  }, {
    "name" : "clear_allure_results_folder",
    "time" : {
      "start" : 1732496418607,
      "stop" : 1732496418607,
      "duration" : 0
    },
    "status" : "passed",
    "steps" : [ ],
    "attachments" : [ ],
    "parameters" : [ ],
    "stepsCount" : 0,
    "attachmentsCount" : 0,
    "shouldDisplayMessage" : false,
    "hasContent" : false
  }, {
    "name" : "main_page_open",
    "time" : {
      "start" : 1732499252235,
      "stop" : 1732499255956,
      "duration" : 3721
    },
    "status" : "passed",
    "steps" : [ {
      "name" : "Open page: https://www.brainup.site/",
      "time" : {
        "start" : 1732499252235,
        "stop" : 1732499255956,
        "duration" : 3721
      },
      "status" : "passed",
      "steps" : [ ],
      "attachments" : [ ],
      "parameters" : [ {
        "name" : "driver",
        "value" : "<selenium.webdriver.chrome.webdriver.WebDriver (session=\"57153e1cf30426b8a60f74069eed7890\")>"
      } ],
      "stepsCount" : 0,
      "attachmentsCount" : 0,
      "shouldDisplayMessage" : false,
      "hasContent" : true
    } ],
    "attachments" : [ ],
    "parameters" : [ ],
    "stepsCount" : 1,
    "attachmentsCount" : 0,
    "shouldDisplayMessage" : false,
    "hasContent" : true
  } ],
  "afterStages" : [ {
    "name" : "driver::0",
    "time" : {
      "start" : 1732499296611,
      "stop" : 1732499296684,
      "duration" : 73
    },
    "status" : "passed",
    "steps" : [ ],
    "attachments" : [ ],
    "parameters" : [ ],
    "stepsCount" : 0,
    "attachmentsCount" : 0,
    "shouldDisplayMessage" : false,
    "hasContent" : false
  } ],
  "labels" : [ {
    "name" : "epic",
    "value" : "Speech exercises."
  }, {
    "name" : "suite",
    "value" : "Речевые упражнения."
  }, {
    "name" : "tag",
    "value" : "@pytest.mark.xfail"
  }, {
    "name" : "parentSuite",
    "value" : "tests"
  }, {
    "name" : "subSuite",
    "value" : "TestCardsRU"
  }, {
    "name" : "host",
    "value" : "fv-az711-137"
  }, {
    "name" : "thread",
    "value" : "2274-MainThread"
  }, {
    "name" : "framework",
    "value" : "pytest"
  }, {
    "name" : "language",
    "value" : "cpython3"
  }, {
    "name" : "package",
    "value" : "tests.test_speech_exercises_ru"
  }, {
    "name" : "resultFormat",
    "value" : "allure2"
  } ],
  "parameters" : [ ],
  "links" : [ ],
  "hidden" : false,
  "retry" : false,
  "extra" : {
    "severity" : "normal",
    "retries" : [ ],
    "categories" : [ ],
    "history" : {
      "statistic" : {
        "failed" : 0,
        "broken" : 0,
        "skipped" : 7,
        "passed" : 14,
        "unknown" : 0,
        "total" : 21
      },
      "items" : [ {
        "uid" : "988a17a7bbeb33c1",
        "reportUrl" : "https://Brain-up.github.io/auto-tests-python/193//#testresult/988a17a7bbeb33c1",
        "status" : "skipped",
        "statusDetails" : "XFAIL\n\nselenium.common.exceptions.TimeoutException: Message: Can't find element by locator https://www.brainup.site/groups",
        "time" : {
          "start" : 1732413046484,
          "stop" : 1732413046484,
          "duration" : 0
        }
      }, {
        "uid" : "628296e547a94c2",
        "reportUrl" : "https://Brain-up.github.io/auto-tests-python/192//#testresult/628296e547a94c2",
        "status" : "passed",
        "statusDetails" : "XPASS",
        "time" : {
          "start" : 1732324768132,
          "stop" : 1732324790835,
          "duration" : 22703
        }
      }, {
        "uid" : "cb9e19839094761d",
        "reportUrl" : "https://Brain-up.github.io/auto-tests-python/399//#testresult/cb9e19839094761d",
        "status" : "passed",
        "statusDetails" : "XPASS",
        "time" : {
          "start" : 1732315219076,
          "stop" : 1732315241835,
          "duration" : 22759
        }
      }, {
        "uid" : "de203e9566aedf47",
        "reportUrl" : "https://Brain-up.github.io/auto-tests-python/398//#testresult/de203e9566aedf47",
        "status" : "passed",
        "statusDetails" : "XPASS",
        "time" : {
          "start" : 1732310726642,
          "stop" : 1732310750382,
          "duration" : 23740
        }
      }, {
        "uid" : "636457e188953d6e",
        "reportUrl" : "https://Brain-up.github.io/auto-tests-python/398//#testresult/636457e188953d6e",
        "status" : "passed",
        "statusDetails" : "XPASS",
        "time" : {
          "start" : 1732308876193,
          "stop" : 1732308899252,
          "duration" : 23059
        }
      }, {
        "uid" : "11ed01fbc678dbe2",
        "reportUrl" : "https://Brain-up.github.io/auto-tests-python/191//#testresult/11ed01fbc678dbe2",
        "status" : "passed",
        "statusDetails" : "XPASS",
        "time" : {
          "start" : 1732238296655,
          "stop" : 1732238319301,
          "duration" : 22646
        }
      }, {
        "uid" : "cc885cdcb5845952",
        "reportUrl" : "https://Brain-up.github.io/auto-tests-python/190//#testresult/cc885cdcb5845952",
        "status" : "passed",
        "statusDetails" : "XPASS",
        "time" : {
          "start" : 1732151871919,
          "stop" : 1732151896436,
          "duration" : 24517
        }
      }, {
        "uid" : "df30b7ba991dad67",
        "reportUrl" : "https://Brain-up.github.io/auto-tests-python/397//#testresult/df30b7ba991dad67",
        "status" : "passed",
        "statusDetails" : "XPASS",
        "time" : {
          "start" : 1732140622646,
          "stop" : 1732140645588,
          "duration" : 22942
        }
      }, {
        "uid" : "2c734702d1134ec4",
        "reportUrl" : "https://Brain-up.github.io/auto-tests-python/396//#testresult/2c734702d1134ec4",
        "status" : "passed",
        "statusDetails" : "XPASS",
        "time" : {
          "start" : 1732138334639,
          "stop" : 1732138356881,
          "duration" : 22242
        }
      }, {
        "uid" : "91db81e5cd7a547",
        "reportUrl" : "https://Brain-up.github.io/auto-tests-python/396//#testresult/91db81e5cd7a547",
        "status" : "passed",
        "statusDetails" : "XPASS",
        "time" : {
          "start" : 1732135225446,
          "stop" : 1732135247652,
          "duration" : 22206
        }
      }, {
        "uid" : "20873fdb0a0022fd",
        "reportUrl" : "https://Brain-up.github.io/auto-tests-python/189//#testresult/20873fdb0a0022fd",
        "status" : "passed",
        "statusDetails" : "XPASS",
        "time" : {
          "start" : 1732065678298,
          "stop" : 1732065703226,
          "duration" : 24928
        }
      }, {
        "uid" : "58b791df3bc0364c",
        "reportUrl" : "https://Brain-up.github.io/auto-tests-python/395//#testresult/58b791df3bc0364c",
        "status" : "passed",
        "statusDetails" : "XPASS",
        "time" : {
          "start" : 1732009199507,
          "stop" : 1732009224373,
          "duration" : 24866
        }
      }, {
        "uid" : "b2f024f143c66e16",
        "reportUrl" : "https://Brain-up.github.io/auto-tests-python/394//#testresult/b2f024f143c66e16",
        "status" : "passed",
        "statusDetails" : "XPASS",
        "time" : {
          "start" : 1732007104018,
          "stop" : 1732007126898,
          "duration" : 22880
        }
      }, {
        "uid" : "fc300541c833f509",
        "reportUrl" : "https://Brain-up.github.io/auto-tests-python/188//#testresult/fc300541c833f509",
        "status" : "passed",
        "statusDetails" : "XPASS",
        "time" : {
          "start" : 1731979088051,
          "stop" : 1731979110827,
          "duration" : 22776
        }
      }, {
        "uid" : "2c9c3f6408747c69",
        "reportUrl" : "https://Brain-up.github.io/auto-tests-python/393//#testresult/2c9c3f6408747c69",
        "status" : "skipped",
        "statusDetails" : "XFAIL\n\nselenium.common.exceptions.TimeoutException: Message: Url: https://www.brainup.site/groups/2/series/3/exercise/1278 has not been changed!!!",
        "time" : {
          "start" : 1731964016397,
          "stop" : 1731964046829,
          "duration" : 30432
        }
      }, {
        "uid" : "97d8b5950873647b",
        "reportUrl" : "https://Brain-up.github.io/auto-tests-python/392//#testresult/97d8b5950873647b",
        "status" : "passed",
        "statusDetails" : "XPASS",
        "time" : {
          "start" : 1731956678047,
          "stop" : 1731956702912,
          "duration" : 24865
        }
      }, {
        "uid" : "83e38eb5511f16b2",
        "reportUrl" : "https://Brain-up.github.io/auto-tests-python/187//#testresult/83e38eb5511f16b2",
        "status" : "skipped",
        "statusDetails" : "XFAIL\n\nrequests.exceptions.JSONDecodeError: Expecting value: line 1 column 1 (char 0)",
        "time" : {
          "start" : 1731892975772,
          "stop" : 1731892985046,
          "duration" : 9274
        }
      }, {
        "uid" : "168ba05157bdf807",
        "reportUrl" : "https://Brain-up.github.io/auto-tests-python/186//#testresult/168ba05157bdf807",
        "status" : "skipped",
        "statusDetails" : "XFAIL\n\nrequests.exceptions.JSONDecodeError: Expecting value: line 1 column 1 (char 0)",
        "time" : {
          "start" : 1731806632530,
          "stop" : 1731806642539,
          "duration" : 10009
        }
      }, {
        "uid" : "f95542bdfe9d8c3f",
        "reportUrl" : "https://Brain-up.github.io/auto-tests-python/391//#testresult/f95542bdfe9d8c3f",
        "status" : "skipped",
        "statusDetails" : "XFAIL\n\nrequests.exceptions.JSONDecodeError: Expecting value: line 1 column 1 (char 0)",
        "time" : {
          "start" : 1731739747723,
          "stop" : 1731739756658,
          "duration" : 8935
        }
      }, {
        "uid" : "ac69c45841950795",
        "reportUrl" : "https://Brain-up.github.io/auto-tests-python/390//#testresult/ac69c45841950795",
        "status" : "skipped",
        "statusDetails" : "XFAIL\n\nrequests.exceptions.JSONDecodeError: Expecting value: line 1 column 1 (char 0)",
        "time" : {
          "start" : 1731735257000,
          "stop" : 1731735267902,
          "duration" : 10902
        }
      } ]
    },
    "tags" : [ "@pytest.mark.xfail" ]
  },
  "source" : "e01634113ef19e13.json",
  "parameterValues" : [ ]
}