{
  "uid" : "f988e3a85db18234",
  "name" : "Verify clickability, href of links on the page",
  "fullName" : "tests.contributors_page_test.TestContributorsPageLinks#test_cnp_03_01_verify_links_on_page",
  "historyId" : "342402ff4b6c443b81ee3701714ca4e5",
  "time" : {
    "start" : 1732496672424,
    "stop" : 1732496692647,
    "duration" : 20223
  },
  "status" : "broken",
  "statusMessage" : "selenium.common.exceptions.TimeoutException: Message: Can't find elements by locator ('xpath', '//section//a')",
  "statusTrace" : "self = <tests.contributors_page_test.TestContributorsPage.TestContributorsPageLinks object at 0x7feb16897f20>\ndriver = <selenium.webdriver.chrome.webdriver.WebDriver (session=\"b61710f26b4ade4f748afc19dce60498\")>\ncontributors_page_open = None\n\n    @allure.title(\"Verify clickability, href of links on the page\")\n    def test_cnp_03_01_verify_links_on_page(self, driver, contributors_page_open):\n        page = ContributorsPage(driver)\n>       links_clickability = page.check_links_clickability()\n\ntests/contributors_page_test.py:117: \n_ _ _ _ _ _ _ _ _ _ _ _ _ _ _ _ _ _ _ _ _ _ _ _ _ _ _ _ _ _ _ _ _ _ _ _ _ _ _ _ \npages/contributors_page.py:156: in check_links_clickability\n    return all(link.is_enabled() for link in self.get_list_of_links())\npages/contributors_page.py:102: in get_list_of_links\n    return self.elements_are_present(self.locators.PAGE_LINKS)\npages/base_page.py:55: in elements_are_present\n    return Wait(self.driver, self.timeout).until(\n_ _ _ _ _ _ _ _ _ _ _ _ _ _ _ _ _ _ _ _ _ _ _ _ _ _ _ _ _ _ _ _ _ _ _ _ _ _ _ _ \n\nself = <selenium.webdriver.support.wait.WebDriverWait (session=\"b61710f26b4ade4f748afc19dce60498\")>\nmethod = <function presence_of_all_elements_located.<locals>._predicate at 0x7feb16484680>\nmessage = \"Can't find elements by locator ('xpath', '//section//a')\"\n\n    def until(self, method, message: str = \"\"):\n        \"\"\"Calls the method provided with the driver as an argument until the \\\n        return value does not evaluate to ``False``.\n    \n        :param method: callable(WebDriver)\n        :param message: optional message for :exc:`TimeoutException`\n        :returns: the result of the last call to `method`\n        :raises: :exc:`selenium.common.exceptions.TimeoutException` if timeout occurs\n        \"\"\"\n        screen = None\n        stacktrace = None\n    \n        end_time = time.monotonic() + self._timeout\n        while True:\n            try:\n                value = method(self._driver)\n                if value:\n                    return value\n            except self._ignored_exceptions as exc:\n                screen = getattr(exc, \"screen\", None)\n                stacktrace = getattr(exc, \"stacktrace\", None)\n            time.sleep(self._poll)\n            if time.monotonic() > end_time:\n                break\n>       raise TimeoutException(message, screen, stacktrace)\nE       selenium.common.exceptions.TimeoutException: Message: Can't find elements by locator ('xpath', '//section//a')\n\n/opt/hostedtoolcache/Python/3.12.7/x64/lib/python3.12/site-packages/selenium/webdriver/support/wait.py:95: TimeoutException",
  "flaky" : false,
  "newFailed" : false,
  "beforeStages" : [ {
    "name" : "contributors_page_open",
    "time" : {
      "start" : 1732496668750,
      "stop" : 1732496672424,
      "duration" : 3674
    },
    "status" : "passed",
    "steps" : [ {
      "name" : "Open page: https://www.brainup.site/contributors",
      "time" : {
        "start" : 1732496668750,
        "stop" : 1732496672424,
        "duration" : 3674
      },
      "status" : "passed",
      "steps" : [ ],
      "attachments" : [ ],
      "parameters" : [ {
        "name" : "driver",
        "value" : "<selenium.webdriver.chrome.webdriver.WebDriver (session=\"b61710f26b4ade4f748afc19dce60498\")>"
      } ],
      "stepsCount" : 0,
      "attachmentsCount" : 0,
      "shouldDisplayMessage" : false,
      "hasContent" : true
    } ],
    "attachments" : [ ],
    "parameters" : [ ],
    "stepsCount" : 1,
    "attachmentsCount" : 0,
    "shouldDisplayMessage" : false,
    "hasContent" : true
  }, {
    "name" : "driver",
    "time" : {
      "start" : 1732496667971,
      "stop" : 1732496668750,
      "duration" : 779
    },
    "status" : "passed",
    "steps" : [ ],
    "attachments" : [ ],
    "parameters" : [ ],
    "stepsCount" : 0,
    "attachmentsCount" : 0,
    "shouldDisplayMessage" : false,
    "hasContent" : false
  }, {
    "name" : "clear_allure_results_folder",
    "time" : {
      "start" : 1732496418607,
      "stop" : 1732496418607,
      "duration" : 0
    },
    "status" : "passed",
    "steps" : [ ],
    "attachments" : [ ],
    "parameters" : [ ],
    "stepsCount" : 0,
    "attachmentsCount" : 0,
    "shouldDisplayMessage" : false,
    "hasContent" : false
  } ],
  "testStage" : {
    "status" : "broken",
    "statusMessage" : "selenium.common.exceptions.TimeoutException: Message: Can't find elements by locator ('xpath', '//section//a')",
    "statusTrace" : "self = <tests.contributors_page_test.TestContributorsPage.TestContributorsPageLinks object at 0x7feb16897f20>\ndriver = <selenium.webdriver.chrome.webdriver.WebDriver (session=\"b61710f26b4ade4f748afc19dce60498\")>\ncontributors_page_open = None\n\n    @allure.title(\"Verify clickability, href of links on the page\")\n    def test_cnp_03_01_verify_links_on_page(self, driver, contributors_page_open):\n        page = ContributorsPage(driver)\n>       links_clickability = page.check_links_clickability()\n\ntests/contributors_page_test.py:117: \n_ _ _ _ _ _ _ _ _ _ _ _ _ _ _ _ _ _ _ _ _ _ _ _ _ _ _ _ _ _ _ _ _ _ _ _ _ _ _ _ \npages/contributors_page.py:156: in check_links_clickability\n    return all(link.is_enabled() for link in self.get_list_of_links())\npages/contributors_page.py:102: in get_list_of_links\n    return self.elements_are_present(self.locators.PAGE_LINKS)\npages/base_page.py:55: in elements_are_present\n    return Wait(self.driver, self.timeout).until(\n_ _ _ _ _ _ _ _ _ _ _ _ _ _ _ _ _ _ _ _ _ _ _ _ _ _ _ _ _ _ _ _ _ _ _ _ _ _ _ _ \n\nself = <selenium.webdriver.support.wait.WebDriverWait (session=\"b61710f26b4ade4f748afc19dce60498\")>\nmethod = <function presence_of_all_elements_located.<locals>._predicate at 0x7feb16484680>\nmessage = \"Can't find elements by locator ('xpath', '//section//a')\"\n\n    def until(self, method, message: str = \"\"):\n        \"\"\"Calls the method provided with the driver as an argument until the \\\n        return value does not evaluate to ``False``.\n    \n        :param method: callable(WebDriver)\n        :param message: optional message for :exc:`TimeoutException`\n        :returns: the result of the last call to `method`\n        :raises: :exc:`selenium.common.exceptions.TimeoutException` if timeout occurs\n        \"\"\"\n        screen = None\n        stacktrace = None\n    \n        end_time = time.monotonic() + self._timeout\n        while True:\n            try:\n                value = method(self._driver)\n                if value:\n                    return value\n            except self._ignored_exceptions as exc:\n                screen = getattr(exc, \"screen\", None)\n                stacktrace = getattr(exc, \"stacktrace\", None)\n            time.sleep(self._poll)\n            if time.monotonic() > end_time:\n                break\n>       raise TimeoutException(message, screen, stacktrace)\nE       selenium.common.exceptions.TimeoutException: Message: Can't find elements by locator ('xpath', '//section//a')\n\n/opt/hostedtoolcache/Python/3.12.7/x64/lib/python3.12/site-packages/selenium/webdriver/support/wait.py:95: TimeoutException",
    "steps" : [ {
      "name" : "Check if links on the page are clickable",
      "time" : {
        "start" : 1732496672425,
        "stop" : 1732496692647,
        "duration" : 20222
      },
      "status" : "broken",
      "statusMessage" : "selenium.common.exceptions.TimeoutException: Message: Can't find elements by locator ('xpath', '//section//a')\n\n",
      "statusTrace" : "  File \"/opt/hostedtoolcache/Python/3.12.7/x64/lib/python3.12/site-packages/allure_commons/_allure.py\", line 192, in impl\n    return func(*a, **kw)\n           ^^^^^^^^^^^^^^\n  File \"/home/runner/work/auto-tests-python/auto-tests-python/pages/contributors_page.py\", line 156, in check_links_clickability\n    return all(link.is_enabled() for link in self.get_list_of_links())\n                                             ^^^^^^^^^^^^^^^^^^^^^^^^\n  File \"/opt/hostedtoolcache/Python/3.12.7/x64/lib/python3.12/site-packages/allure_commons/_allure.py\", line 192, in impl\n    return func(*a, **kw)\n           ^^^^^^^^^^^^^^\n  File \"/home/runner/work/auto-tests-python/auto-tests-python/pages/contributors_page.py\", line 102, in get_list_of_links\n    return self.elements_are_present(self.locators.PAGE_LINKS)\n           ^^^^^^^^^^^^^^^^^^^^^^^^^^^^^^^^^^^^^^^^^^^^^^^^^^^\n  File \"/home/runner/work/auto-tests-python/auto-tests-python/pages/base_page.py\", line 55, in elements_are_present\n    return Wait(self.driver, self.timeout).until(\n           ^^^^^^^^^^^^^^^^^^^^^^^^^^^^^^^^^^^^^^\n  File \"/opt/hostedtoolcache/Python/3.12.7/x64/lib/python3.12/site-packages/selenium/webdriver/support/wait.py\", line 95, in until\n    raise TimeoutException(message, screen, stacktrace)\n",
      "steps" : [ {
        "name" : "Get the list of links on the 4th level of nesting on the page",
        "time" : {
          "start" : 1732496672425,
          "stop" : 1732496692646,
          "duration" : 20221
        },
        "status" : "broken",
        "statusMessage" : "selenium.common.exceptions.TimeoutException: Message: Can't find elements by locator ('xpath', '//section//a')\n\n",
        "statusTrace" : "  File \"/opt/hostedtoolcache/Python/3.12.7/x64/lib/python3.12/site-packages/allure_commons/_allure.py\", line 192, in impl\n    return func(*a, **kw)\n           ^^^^^^^^^^^^^^\n  File \"/home/runner/work/auto-tests-python/auto-tests-python/pages/contributors_page.py\", line 102, in get_list_of_links\n    return self.elements_are_present(self.locators.PAGE_LINKS)\n           ^^^^^^^^^^^^^^^^^^^^^^^^^^^^^^^^^^^^^^^^^^^^^^^^^^^\n  File \"/home/runner/work/auto-tests-python/auto-tests-python/pages/base_page.py\", line 55, in elements_are_present\n    return Wait(self.driver, self.timeout).until(\n           ^^^^^^^^^^^^^^^^^^^^^^^^^^^^^^^^^^^^^^\n  File \"/opt/hostedtoolcache/Python/3.12.7/x64/lib/python3.12/site-packages/selenium/webdriver/support/wait.py\", line 95, in until\n    raise TimeoutException(message, screen, stacktrace)\n",
        "steps" : [ ],
        "attachments" : [ ],
        "parameters" : [ ],
        "stepsCount" : 0,
        "attachmentsCount" : 0,
        "shouldDisplayMessage" : true,
        "hasContent" : true
      } ],
      "attachments" : [ ],
      "parameters" : [ ],
      "stepsCount" : 1,
      "attachmentsCount" : 0,
      "shouldDisplayMessage" : false,
      "hasContent" : true
    } ],
    "attachments" : [ {
      "uid" : "8496553f823ee440",
      "name" : "Screenshot 2024-11-25 01:04:52.750472",
      "source" : "8496553f823ee440.png",
      "type" : "image/png",
      "size" : 46727
    } ],
    "parameters" : [ ],
    "stepsCount" : 2,
    "attachmentsCount" : 1,
    "shouldDisplayMessage" : true,
    "hasContent" : true
  },
  "afterStages" : [ {
    "name" : "driver::0",
    "time" : {
      "start" : 1732496692751,
      "stop" : 1732496692820,
      "duration" : 69
    },
    "status" : "passed",
    "steps" : [ ],
    "attachments" : [ ],
    "parameters" : [ ],
    "stepsCount" : 0,
    "attachmentsCount" : 0,
    "shouldDisplayMessage" : false,
    "hasContent" : false
  } ],
  "labels" : [ {
    "name" : "epic",
    "value" : "The Contributors Page"
  }, {
    "name" : "parentSuite",
    "value" : "tests"
  }, {
    "name" : "suite",
    "value" : "contributors_page_test"
  }, {
    "name" : "subSuite",
    "value" : "TestContributorsPage"
  }, {
    "name" : "host",
    "value" : "fv-az711-137"
  }, {
    "name" : "thread",
    "value" : "2274-MainThread"
  }, {
    "name" : "framework",
    "value" : "pytest"
  }, {
    "name" : "language",
    "value" : "cpython3"
  }, {
    "name" : "package",
    "value" : "tests.contributors_page_test"
  }, {
    "name" : "resultFormat",
    "value" : "allure2"
  } ],
  "parameters" : [ ],
  "links" : [ ],
  "hidden" : false,
  "retry" : false,
  "extra" : {
    "severity" : "normal",
    "retries" : [ ],
    "categories" : [ {
      "name" : "Test defects",
      "matchedStatuses" : [ ],
      "flaky" : false
    } ],
    "history" : {
      "statistic" : {
        "failed" : 0,
        "broken" : 2,
        "skipped" : 0,
        "passed" : 22,
        "unknown" : 0,
        "total" : 24
      },
      "items" : [ {
        "uid" : "811c830371ef23ae",
        "reportUrl" : "https://Brain-up.github.io/auto-tests-python/193//#testresult/811c830371ef23ae",
        "status" : "broken",
        "statusDetails" : "selenium.common.exceptions.TimeoutException: Message: Can't find elements by locator ('xpath', '//section//a')",
        "time" : {
          "start" : 1732410466305,
          "stop" : 1732410486530,
          "duration" : 20225
        }
      }, {
        "uid" : "9202f400083d63ca",
        "reportUrl" : "https://Brain-up.github.io/auto-tests-python/192//#testresult/9202f400083d63ca",
        "status" : "passed",
        "time" : {
          "start" : 1732323571702,
          "stop" : 1732323572431,
          "duration" : 729
        }
      }, {
        "uid" : "dfa0fb5db5d61d64",
        "reportUrl" : "https://Brain-up.github.io/auto-tests-python/399//#testresult/dfa0fb5db5d61d64",
        "status" : "passed",
        "time" : {
          "start" : 1732314141500,
          "stop" : 1732314142232,
          "duration" : 732
        }
      }, {
        "uid" : "c504a30ab9a7a21f",
        "reportUrl" : "https://Brain-up.github.io/auto-tests-python/398//#testresult/c504a30ab9a7a21f",
        "status" : "passed",
        "time" : {
          "start" : 1732309606888,
          "stop" : 1732309607669,
          "duration" : 781
        }
      }, {
        "uid" : "475e652d4af22143",
        "reportUrl" : "https://Brain-up.github.io/auto-tests-python/398//#testresult/475e652d4af22143",
        "status" : "passed",
        "time" : {
          "start" : 1732306662948,
          "stop" : 1732306663700,
          "duration" : 752
        }
      }, {
        "uid" : "96405f185161daa3",
        "reportUrl" : "https://Brain-up.github.io/auto-tests-python/191//#testresult/96405f185161daa3",
        "status" : "passed",
        "time" : {
          "start" : 1732237255642,
          "stop" : 1732237256360,
          "duration" : 718
        }
      }, {
        "uid" : "15e3ff587b02513c",
        "reportUrl" : "https://Brain-up.github.io/auto-tests-python/190//#testresult/15e3ff587b02513c",
        "status" : "passed",
        "time" : {
          "start" : 1732150827871,
          "stop" : 1732150828610,
          "duration" : 739
        }
      }, {
        "uid" : "44a71d360179275c",
        "reportUrl" : "https://Brain-up.github.io/auto-tests-python/397//#testresult/44a71d360179275c",
        "status" : "passed",
        "time" : {
          "start" : 1732139412633,
          "stop" : 1732139413399,
          "duration" : 766
        }
      }, {
        "uid" : "a9648b812690fc24",
        "reportUrl" : "https://Brain-up.github.io/auto-tests-python/396//#testresult/a9648b812690fc24",
        "status" : "passed",
        "time" : {
          "start" : 1732137278863,
          "stop" : 1732137279572,
          "duration" : 709
        }
      }, {
        "uid" : "58cb77a8b06eedd3",
        "reportUrl" : "https://Brain-up.github.io/auto-tests-python/396//#testresult/58cb77a8b06eedd3",
        "status" : "passed",
        "time" : {
          "start" : 1732133233878,
          "stop" : 1732133234590,
          "duration" : 712
        }
      }, {
        "uid" : "cb9bdbe9cfd9e82a",
        "reportUrl" : "https://Brain-up.github.io/auto-tests-python/189//#testresult/cb9bdbe9cfd9e82a",
        "status" : "passed",
        "time" : {
          "start" : 1732064448574,
          "stop" : 1732064449296,
          "duration" : 722
        }
      }, {
        "uid" : "aaf469c951294719",
        "reportUrl" : "https://Brain-up.github.io/auto-tests-python/395//#testresult/aaf469c951294719",
        "status" : "passed",
        "time" : {
          "start" : 1732008119568,
          "stop" : 1732008120322,
          "duration" : 754
        }
      }, {
        "uid" : "391a7562bbb75936",
        "reportUrl" : "https://Brain-up.github.io/auto-tests-python/394//#testresult/391a7562bbb75936",
        "status" : "passed",
        "time" : {
          "start" : 1732006062631,
          "stop" : 1732006063358,
          "duration" : 727
        }
      }, {
        "uid" : "15a2d393f3c02d0a",
        "reportUrl" : "https://Brain-up.github.io/auto-tests-python/188//#testresult/15a2d393f3c02d0a",
        "status" : "passed",
        "time" : {
          "start" : 1731978043146,
          "stop" : 1731978043859,
          "duration" : 713
        }
      }, {
        "uid" : "6ceab7832e41c33f",
        "reportUrl" : "https://Brain-up.github.io/auto-tests-python/393//#testresult/6ceab7832e41c33f",
        "status" : "passed",
        "time" : {
          "start" : 1731962935989,
          "stop" : 1731962936711,
          "duration" : 722
        }
      }, {
        "uid" : "d80fc78704d94828",
        "reportUrl" : "https://Brain-up.github.io/auto-tests-python/392//#testresult/d80fc78704d94828",
        "status" : "passed",
        "time" : {
          "start" : 1731955413291,
          "stop" : 1731955414291,
          "duration" : 1000
        }
      }, {
        "uid" : "4081ab3852f74249",
        "reportUrl" : "https://Brain-up.github.io/auto-tests-python/187//#testresult/4081ab3852f74249",
        "status" : "passed",
        "time" : {
          "start" : 1731891766214,
          "stop" : 1731891767046,
          "duration" : 832
        }
      }, {
        "uid" : "dabe01629bc65d0a",
        "reportUrl" : "https://Brain-up.github.io/auto-tests-python/186//#testresult/dabe01629bc65d0a",
        "status" : "passed",
        "time" : {
          "start" : 1731805497780,
          "stop" : 1731805498511,
          "duration" : 731
        }
      }, {
        "uid" : "bb9cdb40c940bb5d",
        "reportUrl" : "https://Brain-up.github.io/auto-tests-python/391//#testresult/bb9cdb40c940bb5d",
        "status" : "passed",
        "time" : {
          "start" : 1731738791136,
          "stop" : 1731738791856,
          "duration" : 720
        }
      }, {
        "uid" : "defbd90fdafc99e8",
        "reportUrl" : "https://Brain-up.github.io/auto-tests-python/390//#testresult/defbd90fdafc99e8",
        "status" : "passed",
        "time" : {
          "start" : 1731734140967,
          "stop" : 1731734141709,
          "duration" : 742
        }
      } ]
    },
    "tags" : [ ]
  },
  "source" : "f988e3a85db18234.json",
  "parameterValues" : [ ]
}