{
  "uid" : "d533c3ed94709fd9",
  "name" : "Select a random card from \"Similar phrases\" group and compare UI vs BACKEND data",
  "fullName" : "tests.test_speech_exercises_en.TestCardsEN#test_random_cards_in_similar_phrases_en",
  "historyId" : "106afe14e1824ad4b55b346a52794d4b",
  "time" : {
    "start" : 1748136671936,
    "stop" : 1748136693620,
    "duration" : 21684
  },
  "status" : "skipped",
  "statusMessage" : "XFAIL\n\nselenium.common.exceptions.TimeoutException: Message: Can't find element by locator ('xpath', '//button[@data-test-active-link=\"Similar phrases\"]')\nStacktrace:\n#0 0x5625813bd78a <unknown>\n#1 0x562580e600a0 <unknown>\n#2 0x562580eb19b0 <unknown>\n#3 0x562580eb1ba1 <unknown>\n#4 0x562580effea4 <unknown>\n#5 0x562580ed73cd <unknown>\n#6 0x562580efd2a0 <unknown>\n#7 0x562580ed7173 <unknown>\n#8 0x562580ea3d4b <unknown>\n#9 0x562580ea49b1 <unknown>\n#10 0x56258138293b <unknown>\n#11 0x56258138683a <unknown>\n#12 0x56258136a692 <unknown>\n#13 0x5625813873c4 <unknown>\n#14 0x56258134f4cf <unknown>\n#15 0x5625813ab568 <unknown>\n#16 0x5625813ab746 <unknown>\n#17 0x5625813bc5f6 <unknown>\n#18 0x7f58e329caa4 <unknown>\n#19 0x7f58e3329c3c <unknown>",
  "statusTrace" : "self = <tests.test_speech_exercises_en.TestCardsEN object at 0x7fb1b297cf20>\ndriver = <selenium.webdriver.chrome.webdriver.WebDriver (session=\"fc30f3efcbdd2976a25a92ab6ffa2b9a\")>\nspecialist_user_authorized = None\n\n    @pytest.mark.xfail\n    @allure.suite(\"Speech exercises EN.\")\n    @allure.title('Select a random card from \"Similar phrases\" group and compare UI vs BACKEND data')\n    def test_random_cards_in_similar_phrases_en(self, driver, specialist_user_authorized):\n        page = SpeechExercisesPage(driver)\n>       page.select_group(SpeechExercisesPageLocators.SIMILAR_PHRASES_EN)\n\ntests/test_speech_exercises_en.py:57: \n_ _ _ _ _ _ _ _ _ _ _ _ _ _ _ _ _ _ _ _ _ _ _ _ _ _ _ _ _ _ _ _ _ _ _ _ _ _ _ _ \npages/speech_exercises_page_en.py:18: in select_group\n    text_of_the_button = self.element_is_present_and_clickable(selector_for_sub_group)\npages/base_page.py:42: in element_is_present_and_clickable\n    self.element_is_clickable(locator))\npages/base_page.py:36: in element_is_clickable\n    return Wait(self.driver, self.timeout).until(\n_ _ _ _ _ _ _ _ _ _ _ _ _ _ _ _ _ _ _ _ _ _ _ _ _ _ _ _ _ _ _ _ _ _ _ _ _ _ _ _ \n\nself = <selenium.webdriver.support.wait.WebDriverWait (session=\"fc30f3efcbdd2976a25a92ab6ffa2b9a\")>\nmethod = <function element_to_be_clickable.<locals>._predicate at 0x7fb1b2948cc0>\nmessage = 'Can\\'t find element by locator (\\'xpath\\', \\'//button[@data-test-active-link=\"Similar phrases\"]\\')'\n\n    def until(self, method, message: str = \"\"):\n        \"\"\"Calls the method provided with the driver as an argument until the \\\n        return value does not evaluate to ``False``.\n    \n        :param method: callable(WebDriver)\n        :param message: optional message for :exc:`TimeoutException`\n        :returns: the result of the last call to `method`\n        :raises: :exc:`selenium.common.exceptions.TimeoutException` if timeout occurs\n        \"\"\"\n        screen = None\n        stacktrace = None\n    \n        end_time = time.monotonic() + self._timeout\n        while True:\n            try:\n                value = method(self._driver)\n                if value:\n                    return value\n            except self._ignored_exceptions as exc:\n                screen = getattr(exc, \"screen\", None)\n                stacktrace = getattr(exc, \"stacktrace\", None)\n            time.sleep(self._poll)\n            if time.monotonic() > end_time:\n                break\n>       raise TimeoutException(message, screen, stacktrace)\nE       selenium.common.exceptions.TimeoutException: Message: Can't find element by locator ('xpath', '//button[@data-test-active-link=\"Similar phrases\"]')\nE       Stacktrace:\nE       #0 0x5625813bd78a <unknown>\nE       #1 0x562580e600a0 <unknown>\nE       #2 0x562580eb19b0 <unknown>\nE       #3 0x562580eb1ba1 <unknown>\nE       #4 0x562580effea4 <unknown>\nE       #5 0x562580ed73cd <unknown>\nE       #6 0x562580efd2a0 <unknown>\nE       #7 0x562580ed7173 <unknown>\nE       #8 0x562580ea3d4b <unknown>\nE       #9 0x562580ea49b1 <unknown>\nE       #10 0x56258138293b <unknown>\nE       #11 0x56258138683a <unknown>\nE       #12 0x56258136a692 <unknown>\nE       #13 0x5625813873c4 <unknown>\nE       #14 0x56258134f4cf <unknown>\nE       #15 0x5625813ab568 <unknown>\nE       #16 0x5625813ab746 <unknown>\nE       #17 0x5625813bc5f6 <unknown>\nE       #18 0x7f58e329caa4 <unknown>\nE       #19 0x7f58e3329c3c <unknown>\n\n/opt/hostedtoolcache/Python/3.12.10/x64/lib/python3.12/site-packages/selenium/webdriver/support/wait.py:95: TimeoutException",
  "flaky" : false,
  "newFailed" : false,
  "beforeStages" : [ {
    "name" : "specialist_user_authorized",
    "time" : {
      "start" : 1748136669485,
      "stop" : 1748136671936,
      "duration" : 2451
    },
    "status" : "passed",
    "steps" : [ {
      "name" : "USER specialist authorized",
      "time" : {
        "start" : 1748136669485,
        "stop" : 1748136671936,
        "duration" : 2451
      },
      "status" : "passed",
      "steps" : [ {
        "name" : "Check url is present: https://www.brainup.site/groups",
        "time" : {
          "start" : 1748136669896,
          "stop" : 1748136671914,
          "duration" : 2018
        },
        "status" : "passed",
        "steps" : [ ],
        "attachments" : [ ],
        "parameters" : [ ],
        "stepsCount" : 0,
        "attachmentsCount" : 0,
        "shouldDisplayMessage" : false,
        "hasContent" : false
      }, {
        "name" : "Loader checking",
        "time" : {
          "start" : 1748136671914,
          "stop" : 1748136671936,
          "duration" : 22
        },
        "status" : "passed",
        "steps" : [ ],
        "attachments" : [ ],
        "parameters" : [ ],
        "stepsCount" : 0,
        "attachmentsCount" : 0,
        "shouldDisplayMessage" : false,
        "hasContent" : false
      } ],
      "attachments" : [ ],
      "parameters" : [ {
        "name" : "driver",
        "value" : "<selenium.webdriver.chrome.webdriver.WebDriver (session=\"fc30f3efcbdd2976a25a92ab6ffa2b9a\")>"
      }, {
        "name" : "main_page_open",
        "value" : "None"
      } ],
      "stepsCount" : 2,
      "attachmentsCount" : 0,
      "shouldDisplayMessage" : false,
      "hasContent" : true
    } ],
    "attachments" : [ ],
    "parameters" : [ ],
    "stepsCount" : 3,
    "attachmentsCount" : 0,
    "shouldDisplayMessage" : false,
    "hasContent" : true
  }, {
    "name" : "main_page_open",
    "time" : {
      "start" : 1748136666825,
      "stop" : 1748136669485,
      "duration" : 2660
    },
    "status" : "passed",
    "steps" : [ {
      "name" : "Open page: https://www.brainup.site/",
      "time" : {
        "start" : 1748136666825,
        "stop" : 1748136669485,
        "duration" : 2660
      },
      "status" : "passed",
      "steps" : [ ],
      "attachments" : [ ],
      "parameters" : [ {
        "name" : "driver",
        "value" : "<selenium.webdriver.chrome.webdriver.WebDriver (session=\"fc30f3efcbdd2976a25a92ab6ffa2b9a\")>"
      } ],
      "stepsCount" : 0,
      "attachmentsCount" : 0,
      "shouldDisplayMessage" : false,
      "hasContent" : true
    } ],
    "attachments" : [ ],
    "parameters" : [ ],
    "stepsCount" : 1,
    "attachmentsCount" : 0,
    "shouldDisplayMessage" : false,
    "hasContent" : true
  }, {
    "name" : "driver",
    "time" : {
      "start" : 1748136666001,
      "stop" : 1748136666825,
      "duration" : 824
    },
    "status" : "passed",
    "steps" : [ ],
    "attachments" : [ ],
    "parameters" : [ ],
    "stepsCount" : 0,
    "attachmentsCount" : 0,
    "shouldDisplayMessage" : false,
    "hasContent" : false
  }, {
    "name" : "clear_allure_results_folder",
    "time" : {
      "start" : 1748135464968,
      "stop" : 1748135464968,
      "duration" : 0
    },
    "status" : "passed",
    "steps" : [ ],
    "attachments" : [ ],
    "parameters" : [ ],
    "stepsCount" : 0,
    "attachmentsCount" : 0,
    "shouldDisplayMessage" : false,
    "hasContent" : false
  } ],
  "testStage" : {
    "status" : "skipped",
    "statusMessage" : "XFAIL\n\nselenium.common.exceptions.TimeoutException: Message: Can't find element by locator ('xpath', '//button[@data-test-active-link=\"Similar phrases\"]')\nStacktrace:\n#0 0x5625813bd78a <unknown>\n#1 0x562580e600a0 <unknown>\n#2 0x562580eb19b0 <unknown>\n#3 0x562580eb1ba1 <unknown>\n#4 0x562580effea4 <unknown>\n#5 0x562580ed73cd <unknown>\n#6 0x562580efd2a0 <unknown>\n#7 0x562580ed7173 <unknown>\n#8 0x562580ea3d4b <unknown>\n#9 0x562580ea49b1 <unknown>\n#10 0x56258138293b <unknown>\n#11 0x56258138683a <unknown>\n#12 0x56258136a692 <unknown>\n#13 0x5625813873c4 <unknown>\n#14 0x56258134f4cf <unknown>\n#15 0x5625813ab568 <unknown>\n#16 0x5625813ab746 <unknown>\n#17 0x5625813bc5f6 <unknown>\n#18 0x7f58e329caa4 <unknown>\n#19 0x7f58e3329c3c <unknown>",
    "statusTrace" : "self = <tests.test_speech_exercises_en.TestCardsEN object at 0x7fb1b297cf20>\ndriver = <selenium.webdriver.chrome.webdriver.WebDriver (session=\"fc30f3efcbdd2976a25a92ab6ffa2b9a\")>\nspecialist_user_authorized = None\n\n    @pytest.mark.xfail\n    @allure.suite(\"Speech exercises EN.\")\n    @allure.title('Select a random card from \"Similar phrases\" group and compare UI vs BACKEND data')\n    def test_random_cards_in_similar_phrases_en(self, driver, specialist_user_authorized):\n        page = SpeechExercisesPage(driver)\n>       page.select_group(SpeechExercisesPageLocators.SIMILAR_PHRASES_EN)\n\ntests/test_speech_exercises_en.py:57: \n_ _ _ _ _ _ _ _ _ _ _ _ _ _ _ _ _ _ _ _ _ _ _ _ _ _ _ _ _ _ _ _ _ _ _ _ _ _ _ _ \npages/speech_exercises_page_en.py:18: in select_group\n    text_of_the_button = self.element_is_present_and_clickable(selector_for_sub_group)\npages/base_page.py:42: in element_is_present_and_clickable\n    self.element_is_clickable(locator))\npages/base_page.py:36: in element_is_clickable\n    return Wait(self.driver, self.timeout).until(\n_ _ _ _ _ _ _ _ _ _ _ _ _ _ _ _ _ _ _ _ _ _ _ _ _ _ _ _ _ _ _ _ _ _ _ _ _ _ _ _ \n\nself = <selenium.webdriver.support.wait.WebDriverWait (session=\"fc30f3efcbdd2976a25a92ab6ffa2b9a\")>\nmethod = <function element_to_be_clickable.<locals>._predicate at 0x7fb1b2948cc0>\nmessage = 'Can\\'t find element by locator (\\'xpath\\', \\'//button[@data-test-active-link=\"Similar phrases\"]\\')'\n\n    def until(self, method, message: str = \"\"):\n        \"\"\"Calls the method provided with the driver as an argument until the \\\n        return value does not evaluate to ``False``.\n    \n        :param method: callable(WebDriver)\n        :param message: optional message for :exc:`TimeoutException`\n        :returns: the result of the last call to `method`\n        :raises: :exc:`selenium.common.exceptions.TimeoutException` if timeout occurs\n        \"\"\"\n        screen = None\n        stacktrace = None\n    \n        end_time = time.monotonic() + self._timeout\n        while True:\n            try:\n                value = method(self._driver)\n                if value:\n                    return value\n            except self._ignored_exceptions as exc:\n                screen = getattr(exc, \"screen\", None)\n                stacktrace = getattr(exc, \"stacktrace\", None)\n            time.sleep(self._poll)\n            if time.monotonic() > end_time:\n                break\n>       raise TimeoutException(message, screen, stacktrace)\nE       selenium.common.exceptions.TimeoutException: Message: Can't find element by locator ('xpath', '//button[@data-test-active-link=\"Similar phrases\"]')\nE       Stacktrace:\nE       #0 0x5625813bd78a <unknown>\nE       #1 0x562580e600a0 <unknown>\nE       #2 0x562580eb19b0 <unknown>\nE       #3 0x562580eb1ba1 <unknown>\nE       #4 0x562580effea4 <unknown>\nE       #5 0x562580ed73cd <unknown>\nE       #6 0x562580efd2a0 <unknown>\nE       #7 0x562580ed7173 <unknown>\nE       #8 0x562580ea3d4b <unknown>\nE       #9 0x562580ea49b1 <unknown>\nE       #10 0x56258138293b <unknown>\nE       #11 0x56258138683a <unknown>\nE       #12 0x56258136a692 <unknown>\nE       #13 0x5625813873c4 <unknown>\nE       #14 0x56258134f4cf <unknown>\nE       #15 0x5625813ab568 <unknown>\nE       #16 0x5625813ab746 <unknown>\nE       #17 0x5625813bc5f6 <unknown>\nE       #18 0x7f58e329caa4 <unknown>\nE       #19 0x7f58e3329c3c <unknown>\n\n/opt/hostedtoolcache/Python/3.12.10/x64/lib/python3.12/site-packages/selenium/webdriver/support/wait.py:95: TimeoutException",
    "steps" : [ {
      "name" : "select_group",
      "time" : {
        "start" : 1748136671936,
        "stop" : 1748136693619,
        "duration" : 21683
      },
      "status" : "broken",
      "statusMessage" : "selenium.common.exceptions.TimeoutException: Message: Can't find element by locator ('xpath', '//button[@data-test-active-link=\"Similar phrases\"]')\nStacktrace:\n#0 0x5625813bd78a <unknown>\n#1 0x562580e600a0 <unknown>\n#2 0x562580eb19b0 <unknown>\n#3 0x562580eb1ba1 <unknown>\n#4 0x562580effea4 <unknown>\n#5 0x562580ed73cd <unknown>\n#6 0x562580efd2a0 <unknown>\n#7 0x562580ed7173 <unknown>\n#8 0x562580ea3d4b <unknown>\n#9 0x562580ea49b1 <unknown>\n#10 0x56258138293b <unknown>\n#11 0x56258138683a <unknown>\n#12 0x56258136a692 <unknown>\n#13 0x5625813873c4 <unknown>\n#14 0x56258134f4cf <unknown>\n#15 0x5625813ab568 <unknown>\n#16 0x5625813ab746 <unknown>\n#17 0x5625813bc5f6 <unknown>\n#18 0x7f58e329caa4 <unknown>\n#19 0x7f58e3329c3c <unknown>\n\n",
      "statusTrace" : "  File \"/opt/hostedtoolcache/Python/3.12.10/x64/lib/python3.12/site-packages/allure_commons/_allure.py\", line 192, in impl\n    return func(*a, **kw)\n           ^^^^^^^^^^^^^^\n  File \"/home/runner/work/auto-tests-python/auto-tests-python/pages/speech_exercises_page_en.py\", line 18, in select_group\n    text_of_the_button = self.element_is_present_and_clickable(selector_for_sub_group)\n                         ^^^^^^^^^^^^^^^^^^^^^^^^^^^^^^^^^^^^^^^^^^^^^^^^^^^^^^^^^^^^^\n  File \"/home/runner/work/auto-tests-python/auto-tests-python/pages/base_page.py\", line 42, in element_is_present_and_clickable\n    self.element_is_clickable(locator))\n    ^^^^^^^^^^^^^^^^^^^^^^^^^^^^^^^^^^\n  File \"/home/runner/work/auto-tests-python/auto-tests-python/pages/base_page.py\", line 36, in element_is_clickable\n    return Wait(self.driver, self.timeout).until(\n           ^^^^^^^^^^^^^^^^^^^^^^^^^^^^^^^^^^^^^^\n  File \"/opt/hostedtoolcache/Python/3.12.10/x64/lib/python3.12/site-packages/selenium/webdriver/support/wait.py\", line 95, in until\n    raise TimeoutException(message, screen, stacktrace)\n",
      "steps" : [ {
        "name" : "Select Russian language. Click \"EN\" button.",
        "time" : {
          "start" : 1748136671937,
          "stop" : 1748136672009,
          "duration" : 72
        },
        "status" : "passed",
        "steps" : [ ],
        "attachments" : [ ],
        "parameters" : [ ],
        "stepsCount" : 0,
        "attachmentsCount" : 0,
        "shouldDisplayMessage" : false,
        "hasContent" : false
      }, {
        "name" : "Click button \"SPEECH EXERCISES\".",
        "time" : {
          "start" : 1748136672009,
          "stop" : 1748136672089,
          "duration" : 80
        },
        "status" : "passed",
        "steps" : [ ],
        "attachments" : [ ],
        "parameters" : [ ],
        "stepsCount" : 0,
        "attachmentsCount" : 0,
        "shouldDisplayMessage" : false,
        "hasContent" : false
      } ],
      "attachments" : [ ],
      "parameters" : [ {
        "name" : "selector_for_sub_group",
        "value" : "('xpath', '//button[@data-test-active-link=\"Similar phrases\"]')"
      } ],
      "stepsCount" : 2,
      "attachmentsCount" : 0,
      "shouldDisplayMessage" : true,
      "hasContent" : true
    } ],
    "attachments" : [ ],
    "parameters" : [ ],
    "stepsCount" : 3,
    "attachmentsCount" : 0,
    "shouldDisplayMessage" : true,
    "hasContent" : true
  },
  "afterStages" : [ {
    "name" : "driver::0",
    "time" : {
      "start" : 1748136693631,
      "stop" : 1748136693699,
      "duration" : 68
    },
    "status" : "passed",
    "steps" : [ ],
    "attachments" : [ ],
    "parameters" : [ ],
    "stepsCount" : 0,
    "attachmentsCount" : 0,
    "shouldDisplayMessage" : false,
    "hasContent" : false
  } ],
  "labels" : [ {
    "name" : "epic",
    "value" : "Speech exercises."
  }, {
    "name" : "suite",
    "value" : "Speech exercises EN."
  }, {
    "name" : "tag",
    "value" : "@pytest.mark.xfail"
  }, {
    "name" : "parentSuite",
    "value" : "tests"
  }, {
    "name" : "subSuite",
    "value" : "TestCardsEN"
  }, {
    "name" : "host",
    "value" : "pkrvmf6wy0o8zjz"
  }, {
    "name" : "thread",
    "value" : "2604-MainThread"
  }, {
    "name" : "framework",
    "value" : "pytest"
  }, {
    "name" : "language",
    "value" : "cpython3"
  }, {
    "name" : "package",
    "value" : "tests.test_speech_exercises_en"
  }, {
    "name" : "resultFormat",
    "value" : "allure2"
  } ],
  "parameters" : [ ],
  "links" : [ ],
  "hidden" : false,
  "retry" : false,
  "extra" : {
    "severity" : "normal",
    "retries" : [ ],
    "categories" : [ ],
    "history" : {
      "statistic" : {
        "failed" : 0,
        "broken" : 0,
        "skipped" : 173,
        "passed" : 1,
        "unknown" : 0,
        "total" : 174
      },
      "items" : [ {
        "uid" : "69f7f4d2c3c59a61",
        "reportUrl" : "https://Brain-up.github.io/auto-tests-python/579//#testresult/69f7f4d2c3c59a61",
        "status" : "skipped",
        "statusDetails" : "XFAIL\n\nselenium.common.exceptions.TimeoutException: Message: Can't find element by locator ('xpath', '//button[@data-test-active-link=\"Similar phrases\"]')\nStacktrace:\n#0 0x55d24574378a <unknown>\n#1 0x55d2451e60a0 <unknown>\n#2 0x55d2452379b0 <unknown>\n#3 0x55d245237ba1 <unknown>\n#4 0x55d245285ea4 <unknown>\n#5 0x55d24525d3cd <unknown>\n#6 0x55d2452832a0 <unknown>\n#7 0x55d24525d173 <unknown>\n#8 0x55d245229d4b <unknown>\n#9 0x55d24522a9b1 <unknown>\n#10 0x55d24570893b <unknown>\n#11 0x55d24570c83a <unknown>\n#12 0x55d2456f0692 <unknown>\n#13 0x55d24570d3c4 <unknown>\n#14 0x55d2456d54cf <unknown>\n#15 0x55d245731568 <unknown>\n#16 0x55d245731746 <unknown>\n#17 0x55d2457425f6 <unknown>\n#18 0x7fe5e909caa4 <unknown>\n#19 0x7fe5e9129c3c <unknown>",
        "time" : {
          "start" : 1748108370897,
          "stop" : 1748108391546,
          "duration" : 20649
        }
      }, {
        "uid" : "b81e412c15fb90e5",
        "reportUrl" : "https://Brain-up.github.io/auto-tests-python/374//#testresult/b81e412c15fb90e5",
        "status" : "skipped",
        "statusDetails" : "XFAIL\n\nselenium.common.exceptions.TimeoutException: Message: Can't find element by locator ('xpath', '//button[@data-test-active-link=\"Similar phrases\"]')\nStacktrace:\n#0 0x564e099cd78a <unknown>\n#1 0x564e094700a0 <unknown>\n#2 0x564e094c19b0 <unknown>\n#3 0x564e094c1ba1 <unknown>\n#4 0x564e0950fea4 <unknown>\n#5 0x564e094e73cd <unknown>\n#6 0x564e0950d2a0 <unknown>\n#7 0x564e094e7173 <unknown>\n#8 0x564e094b3d4b <unknown>\n#9 0x564e094b49b1 <unknown>\n#10 0x564e0999293b <unknown>\n#11 0x564e0999683a <unknown>\n#12 0x564e0997a692 <unknown>\n#13 0x564e099973c4 <unknown>\n#14 0x564e0995f4cf <unknown>\n#15 0x564e099bb568 <unknown>\n#16 0x564e099bb746 <unknown>\n#17 0x564e099cc5f6 <unknown>\n#18 0x7f2f7709caa4 <unknown>\n#19 0x7f2f77129c3c <unknown>",
        "time" : {
          "start" : 1748049735668,
          "stop" : 1748049756323,
          "duration" : 20655
        }
      }, {
        "uid" : "d6f2ab0d922be619",
        "reportUrl" : "https://Brain-up.github.io/auto-tests-python/578//#testresult/d6f2ab0d922be619",
        "status" : "skipped",
        "statusDetails" : "XFAIL\n\nselenium.common.exceptions.TimeoutException: Message: Can't find element by locator ('xpath', '//button[@data-test-active-link=\"Similar phrases\"]')\nStacktrace:\n#0 0x555ff378a78a <unknown>\n#1 0x555ff322d0a0 <unknown>\n#2 0x555ff327e9b0 <unknown>\n#3 0x555ff327eba1 <unknown>\n#4 0x555ff32ccea4 <unknown>\n#5 0x555ff32a43cd <unknown>\n#6 0x555ff32ca2a0 <unknown>\n#7 0x555ff32a4173 <unknown>\n#8 0x555ff3270d4b <unknown>\n#9 0x555ff32719b1 <unknown>\n#10 0x555ff374f93b <unknown>\n#11 0x555ff375383a <unknown>\n#12 0x555ff3737692 <unknown>\n#13 0x555ff37543c4 <unknown>\n#14 0x555ff371c4cf <unknown>\n#15 0x555ff3778568 <unknown>\n#16 0x555ff3778746 <unknown>\n#17 0x555ff37895f6 <unknown>\n#18 0x7f58ba29caa4 <unknown>\n#19 0x7f58ba329c3c <unknown>",
        "time" : {
          "start" : 1747990792414,
          "stop" : 1747990812563,
          "duration" : 20149
        }
      }, {
        "uid" : "d5979aab84f7b598",
        "reportUrl" : "https://Brain-up.github.io/auto-tests-python/373//#testresult/d5979aab84f7b598",
        "status" : "skipped",
        "statusDetails" : "XFAIL\n\nselenium.common.exceptions.TimeoutException: Message: Can't find element by locator ('xpath', '//button[@data-test-active-link=\"Similar phrases\"]')\nStacktrace:\n#0 0x55bd606c078a <unknown>\n#1 0x55bd601630a0 <unknown>\n#2 0x55bd601b49b0 <unknown>\n#3 0x55bd601b4ba1 <unknown>\n#4 0x55bd60202ea4 <unknown>\n#5 0x55bd601da3cd <unknown>\n#6 0x55bd602002a0 <unknown>\n#7 0x55bd601da173 <unknown>\n#8 0x55bd601a6d4b <unknown>\n#9 0x55bd601a79b1 <unknown>\n#10 0x55bd6068593b <unknown>\n#11 0x55bd6068983a <unknown>\n#12 0x55bd6066d692 <unknown>\n#13 0x55bd6068a3c4 <unknown>\n#14 0x55bd606524cf <unknown>\n#15 0x55bd606ae568 <unknown>\n#16 0x55bd606ae746 <unknown>\n#17 0x55bd606bf5f6 <unknown>\n#18 0x7f72a9a9caa4 <unknown>\n#19 0x7f72a9b29c3c <unknown>",
        "time" : {
          "start" : 1747963623698,
          "stop" : 1747963644131,
          "duration" : 20433
        }
      }, {
        "uid" : "15f6cd7a7fc30746",
        "reportUrl" : "https://Brain-up.github.io/auto-tests-python/577//#testresult/15f6cd7a7fc30746",
        "status" : "skipped",
        "statusDetails" : "XFAIL\n\nselenium.common.exceptions.TimeoutException: Message: Can't find element by locator ('xpath', '//button[@data-test-active-link=\"Similar phrases\"]')\nStacktrace:\n#0 0x55d12e37878a <unknown>\n#1 0x55d12de1b0a0 <unknown>\n#2 0x55d12de6c9b0 <unknown>\n#3 0x55d12de6cba1 <unknown>\n#4 0x55d12debaea4 <unknown>\n#5 0x55d12de923cd <unknown>\n#6 0x55d12deb82a0 <unknown>\n#7 0x55d12de92173 <unknown>\n#8 0x55d12de5ed4b <unknown>\n#9 0x55d12de5f9b1 <unknown>\n#10 0x55d12e33d93b <unknown>\n#11 0x55d12e34183a <unknown>\n#12 0x55d12e325692 <unknown>\n#13 0x55d12e3423c4 <unknown>\n#14 0x55d12e30a4cf <unknown>\n#15 0x55d12e366568 <unknown>\n#16 0x55d12e366746 <unknown>\n#17 0x55d12e3775f6 <unknown>\n#18 0x7fe163c9caa4 <unknown>\n#19 0x7fe163d29c3c <unknown>",
        "time" : {
          "start" : 1747943838535,
          "stop" : 1747943859194,
          "duration" : 20659
        }
      }, {
        "uid" : "2067c7a076da47ca",
        "reportUrl" : "https://Brain-up.github.io/auto-tests-python/372//#testresult/2067c7a076da47ca",
        "status" : "skipped",
        "statusDetails" : "XFAIL\n\nselenium.common.exceptions.TimeoutException: Message: Can't find element by locator ('xpath', '//button[@data-test-active-link=\"Similar phrases\"]')\nStacktrace:\n#0 0x55e673cfd78a <unknown>\n#1 0x55e6737a00a0 <unknown>\n#2 0x55e6737f19b0 <unknown>\n#3 0x55e6737f1ba1 <unknown>\n#4 0x55e67383fea4 <unknown>\n#5 0x55e6738173cd <unknown>\n#6 0x55e67383d2a0 <unknown>\n#7 0x55e673817173 <unknown>\n#8 0x55e6737e3d4b <unknown>\n#9 0x55e6737e49b1 <unknown>\n#10 0x55e673cc293b <unknown>\n#11 0x55e673cc683a <unknown>\n#12 0x55e673caa692 <unknown>\n#13 0x55e673cc73c4 <unknown>\n#14 0x55e673c8f4cf <unknown>\n#15 0x55e673ceb568 <unknown>\n#16 0x55e673ceb746 <unknown>\n#17 0x55e673cfc5f6 <unknown>\n#18 0x7f18bfc9caa4 <unknown>\n#19 0x7f18bfd29c3c <unknown>",
        "time" : {
          "start" : 1747877244636,
          "stop" : 1747877265306,
          "duration" : 20670
        }
      }, {
        "uid" : "b7198a913fad1637",
        "reportUrl" : "https://Brain-up.github.io/auto-tests-python/576//#testresult/b7198a913fad1637",
        "status" : "skipped",
        "statusDetails" : "XFAIL\n\nselenium.common.exceptions.TimeoutException: Message: Can't find element by locator ('xpath', '//button[@data-test-active-link=\"Similar phrases\"]')\nStacktrace:\n#0 0x55df04ca778a <unknown>\n#1 0x55df0474a0a0 <unknown>\n#2 0x55df0479b9b0 <unknown>\n#3 0x55df0479bba1 <unknown>\n#4 0x55df047e9ea4 <unknown>\n#5 0x55df047c13cd <unknown>\n#6 0x55df047e72a0 <unknown>\n#7 0x55df047c1173 <unknown>\n#8 0x55df0478dd4b <unknown>\n#9 0x55df0478e9b1 <unknown>\n#10 0x55df04c6c93b <unknown>\n#11 0x55df04c7083a <unknown>\n#12 0x55df04c54692 <unknown>\n#13 0x55df04c713c4 <unknown>\n#14 0x55df04c394cf <unknown>\n#15 0x55df04c95568 <unknown>\n#16 0x55df04c95746 <unknown>\n#17 0x55df04ca65f6 <unknown>\n#18 0x7f67b529caa4 <unknown>\n#19 0x7f67b5329c3c <unknown>",
        "time" : {
          "start" : 1747852915089,
          "stop" : 1747852935264,
          "duration" : 20175
        }
      }, {
        "uid" : "202a2e65455f526a",
        "reportUrl" : "https://Brain-up.github.io/auto-tests-python/371//#testresult/202a2e65455f526a",
        "status" : "skipped",
        "statusDetails" : "XFAIL\n\nselenium.common.exceptions.TimeoutException: Message: Can't find element by locator ('xpath', '//button[@data-test-active-link=\"Similar phrases\"]')\nStacktrace:\n#0 0x55f33697478a <unknown>\n#1 0x55f3364170a0 <unknown>\n#2 0x55f3364689b0 <unknown>\n#3 0x55f336468ba1 <unknown>\n#4 0x55f3364b6ea4 <unknown>\n#5 0x55f33648e3cd <unknown>\n#6 0x55f3364b42a0 <unknown>\n#7 0x55f33648e173 <unknown>\n#8 0x55f33645ad4b <unknown>\n#9 0x55f33645b9b1 <unknown>\n#10 0x55f33693993b <unknown>\n#11 0x55f33693d83a <unknown>\n#12 0x55f336921692 <unknown>\n#13 0x55f33693e3c4 <unknown>\n#14 0x55f3369064cf <unknown>\n#15 0x55f336962568 <unknown>\n#16 0x55f336962746 <unknown>\n#17 0x55f3369735f6 <unknown>\n#18 0x7fec5029caa4 <unknown>\n#19 0x7fec50329c3c <unknown>",
        "time" : {
          "start" : 1747790990665,
          "stop" : 1747791011322,
          "duration" : 20657
        }
      }, {
        "uid" : "8979a70ca79edb89",
        "reportUrl" : "https://Brain-up.github.io/auto-tests-python/575//#testresult/8979a70ca79edb89",
        "status" : "skipped",
        "statusDetails" : "XFAIL\n\nselenium.common.exceptions.TimeoutException: Message: Can't find element by locator ('xpath', '//button[@data-test-active-link=\"Similar phrases\"]')\nStacktrace:\n#0 0x55b09ebe278a <unknown>\n#1 0x55b09e6850a0 <unknown>\n#2 0x55b09e6d69b0 <unknown>\n#3 0x55b09e6d6ba1 <unknown>\n#4 0x55b09e724ea4 <unknown>\n#5 0x55b09e6fc3cd <unknown>\n#6 0x55b09e7222a0 <unknown>\n#7 0x55b09e6fc173 <unknown>\n#8 0x55b09e6c8d4b <unknown>\n#9 0x55b09e6c99b1 <unknown>\n#10 0x55b09eba793b <unknown>\n#11 0x55b09ebab83a <unknown>\n#12 0x55b09eb8f692 <unknown>\n#13 0x55b09ebac3c4 <unknown>\n#14 0x55b09eb744cf <unknown>\n#15 0x55b09ebd0568 <unknown>\n#16 0x55b09ebd0746 <unknown>\n#17 0x55b09ebe15f6 <unknown>\n#18 0x7f94dea9caa4 <unknown>\n#19 0x7f94deb29c3c <unknown>",
        "time" : {
          "start" : 1747772134459,
          "stop" : 1747772154619,
          "duration" : 20160
        }
      }, {
        "uid" : "9c74a53d0f17e28a",
        "reportUrl" : "https://Brain-up.github.io/auto-tests-python/370//#testresult/9c74a53d0f17e28a",
        "status" : "skipped",
        "statusDetails" : "XFAIL\n\nselenium.common.exceptions.TimeoutException: Message: Can't find element by locator ('xpath', '//button[@data-test-active-link=\"Similar phrases\"]')\nStacktrace:\n#0 0x55ec06d4d78a <unknown>\n#1 0x55ec067f00a0 <unknown>\n#2 0x55ec068419b0 <unknown>\n#3 0x55ec06841ba1 <unknown>\n#4 0x55ec0688fea4 <unknown>\n#5 0x55ec068673cd <unknown>\n#6 0x55ec0688d2a0 <unknown>\n#7 0x55ec06867173 <unknown>\n#8 0x55ec06833d4b <unknown>\n#9 0x55ec068349b1 <unknown>\n#10 0x55ec06d1293b <unknown>\n#11 0x55ec06d1683a <unknown>\n#12 0x55ec06cfa692 <unknown>\n#13 0x55ec06d173c4 <unknown>\n#14 0x55ec06cdf4cf <unknown>\n#15 0x55ec06d3b568 <unknown>\n#16 0x55ec06d3b746 <unknown>\n#17 0x55ec06d4c5f6 <unknown>\n#18 0x7f18c229caa4 <unknown>\n#19 0x7f18c2329c3c <unknown>",
        "time" : {
          "start" : 1747704408948,
          "stop" : 1747704429102,
          "duration" : 20154
        }
      }, {
        "uid" : "3a4f5ef2d2ab53e5",
        "reportUrl" : "https://Brain-up.github.io/auto-tests-python/574//#testresult/3a4f5ef2d2ab53e5",
        "status" : "skipped",
        "statusDetails" : "XFAIL\n\nselenium.common.exceptions.TimeoutException: Message: Can't find element by locator ('xpath', '//button[@data-test-active-link=\"Similar phrases\"]')\nStacktrace:\n#0 0x55af2fe1178a <unknown>\n#1 0x55af2f8b40a0 <unknown>\n#2 0x55af2f9059b0 <unknown>\n#3 0x55af2f905ba1 <unknown>\n#4 0x55af2f953ea4 <unknown>\n#5 0x55af2f92b3cd <unknown>\n#6 0x55af2f9512a0 <unknown>\n#7 0x55af2f92b173 <unknown>\n#8 0x55af2f8f7d4b <unknown>\n#9 0x55af2f8f89b1 <unknown>\n#10 0x55af2fdd693b <unknown>\n#11 0x55af2fdda83a <unknown>\n#12 0x55af2fdbe692 <unknown>\n#13 0x55af2fddb3c4 <unknown>\n#14 0x55af2fda34cf <unknown>\n#15 0x55af2fdff568 <unknown>\n#16 0x55af2fdff746 <unknown>\n#17 0x55af2fe105f6 <unknown>\n#18 0x7fbbe809caa4 <unknown>\n#19 0x7fbbe8129c3c <unknown>",
        "time" : {
          "start" : 1747644097203,
          "stop" : 1747644117870,
          "duration" : 20667
        }
      }, {
        "uid" : "4cfe11f220f02128",
        "reportUrl" : "https://Brain-up.github.io/auto-tests-python/369//#testresult/4cfe11f220f02128",
        "status" : "skipped",
        "statusDetails" : "XFAIL\n\nselenium.common.exceptions.TimeoutException: Message: Can't find element by locator ('xpath', '//button[@data-test-active-link=\"Similar phrases\"]')\nStacktrace:\n#0 0x558018b8578a <unknown>\n#1 0x5580186280a0 <unknown>\n#2 0x5580186799b0 <unknown>\n#3 0x558018679ba1 <unknown>\n#4 0x5580186c7ea4 <unknown>\n#5 0x55801869f3cd <unknown>\n#6 0x5580186c52a0 <unknown>\n#7 0x55801869f173 <unknown>\n#8 0x55801866bd4b <unknown>\n#9 0x55801866c9b1 <unknown>\n#10 0x558018b4a93b <unknown>\n#11 0x558018b4e83a <unknown>\n#12 0x558018b32692 <unknown>\n#13 0x558018b4f3c4 <unknown>\n#14 0x558018b174cf <unknown>\n#15 0x558018b73568 <unknown>\n#16 0x558018b73746 <unknown>\n#17 0x558018b845f6 <unknown>\n#18 0x7f1a3829caa4 <unknown>\n#19 0x7f1a38329c3c <unknown>",
        "time" : {
          "start" : 1747618280599,
          "stop" : 1747618301260,
          "duration" : 20661
        }
      }, {
        "uid" : "651e797bed270b70",
        "reportUrl" : "https://Brain-up.github.io/auto-tests-python/573//#testresult/651e797bed270b70",
        "status" : "skipped",
        "statusDetails" : "XFAIL\n\nselenium.common.exceptions.TimeoutException: Message: Can't find element by locator ('xpath', '//button[@data-test-active-link=\"Similar phrases\"]')\nStacktrace:\n#0 0x55c499aa278a <unknown>\n#1 0x55c4995450a0 <unknown>\n#2 0x55c4995969b0 <unknown>\n#3 0x55c499596ba1 <unknown>\n#4 0x55c4995e4ea4 <unknown>\n#5 0x55c4995bc3cd <unknown>\n#6 0x55c4995e22a0 <unknown>\n#7 0x55c4995bc173 <unknown>\n#8 0x55c499588d4b <unknown>\n#9 0x55c4995899b1 <unknown>\n#10 0x55c499a6793b <unknown>\n#11 0x55c499a6b83a <unknown>\n#12 0x55c499a4f692 <unknown>\n#13 0x55c499a6c3c4 <unknown>\n#14 0x55c499a344cf <unknown>\n#15 0x55c499a90568 <unknown>\n#16 0x55c499a90746 <unknown>\n#17 0x55c499aa15f6 <unknown>\n#18 0x7f27f709caa4 <unknown>\n#19 0x7f27f7129c3c <unknown>",
        "time" : {
          "start" : 1747593307166,
          "stop" : 1747593327352,
          "duration" : 20186
        }
      }, {
        "uid" : "55723e9477d76b55",
        "reportUrl" : "https://Brain-up.github.io/auto-tests-python/368//#testresult/55723e9477d76b55",
        "status" : "skipped",
        "statusDetails" : "XFAIL\n\nselenium.common.exceptions.TimeoutException: Message: Can't find element by locator ('xpath', '//button[@data-test-active-link=\"Similar phrases\"]')\nStacktrace:\n#0 0x56046a35478a <unknown>\n#1 0x560469df70a0 <unknown>\n#2 0x560469e489b0 <unknown>\n#3 0x560469e48ba1 <unknown>\n#4 0x560469e96ea4 <unknown>\n#5 0x560469e6e3cd <unknown>\n#6 0x560469e942a0 <unknown>\n#7 0x560469e6e173 <unknown>\n#8 0x560469e3ad4b <unknown>\n#9 0x560469e3b9b1 <unknown>\n#10 0x56046a31993b <unknown>\n#11 0x56046a31d83a <unknown>\n#12 0x56046a301692 <unknown>\n#13 0x56046a31e3c4 <unknown>\n#14 0x56046a2e64cf <unknown>\n#15 0x56046a342568 <unknown>\n#16 0x56046a342746 <unknown>\n#17 0x56046a3535f6 <unknown>\n#18 0x7fb3a069caa4 <unknown>\n#19 0x7fb3a0729c3c <unknown>",
        "time" : {
          "start" : 1747531895190,
          "stop" : 1747531915843,
          "duration" : 20653
        }
      }, {
        "uid" : "8bbf606b58b2f3d",
        "reportUrl" : "https://Brain-up.github.io/auto-tests-python/572//#testresult/8bbf606b58b2f3d",
        "status" : "skipped",
        "statusDetails" : "XFAIL\n\nselenium.common.exceptions.TimeoutException: Message: Can't find element by locator ('xpath', '//button[@data-test-active-link=\"Similar phrases\"]')\nStacktrace:\n#0 0x564ed56a078a <unknown>\n#1 0x564ed51430a0 <unknown>\n#2 0x564ed51949b0 <unknown>\n#3 0x564ed5194ba1 <unknown>\n#4 0x564ed51e2ea4 <unknown>\n#5 0x564ed51ba3cd <unknown>\n#6 0x564ed51e02a0 <unknown>\n#7 0x564ed51ba173 <unknown>\n#8 0x564ed5186d4b <unknown>\n#9 0x564ed51879b1 <unknown>\n#10 0x564ed566593b <unknown>\n#11 0x564ed566983a <unknown>\n#12 0x564ed564d692 <unknown>\n#13 0x564ed566a3c4 <unknown>\n#14 0x564ed56324cf <unknown>\n#15 0x564ed568e568 <unknown>\n#16 0x564ed568e746 <unknown>\n#17 0x564ed569f5f6 <unknown>\n#18 0x7f41b009caa4 <unknown>\n#19 0x7f41b0129c3c <unknown>",
        "time" : {
          "start" : 1747469196332,
          "stop" : 1747469216659,
          "duration" : 20327
        }
      }, {
        "uid" : "9c0b5347be4f6cc9",
        "reportUrl" : "https://Brain-up.github.io/auto-tests-python/367//#testresult/9c0b5347be4f6cc9",
        "status" : "skipped",
        "statusDetails" : "XFAIL\n\nselenium.common.exceptions.TimeoutException: Message: Can't find element by locator ('xpath', '//button[@data-test-active-link=\"Similar phrases\"]')\nStacktrace:\n#0 0x5653ec67478a <unknown>\n#1 0x5653ec1170a0 <unknown>\n#2 0x5653ec1689b0 <unknown>\n#3 0x5653ec168ba1 <unknown>\n#4 0x5653ec1b6ea4 <unknown>\n#5 0x5653ec18e3cd <unknown>\n#6 0x5653ec1b42a0 <unknown>\n#7 0x5653ec18e173 <unknown>\n#8 0x5653ec15ad4b <unknown>\n#9 0x5653ec15b9b1 <unknown>\n#10 0x5653ec63993b <unknown>\n#11 0x5653ec63d83a <unknown>\n#12 0x5653ec621692 <unknown>\n#13 0x5653ec63e3c4 <unknown>\n#14 0x5653ec6064cf <unknown>\n#15 0x5653ec662568 <unknown>\n#16 0x5653ec662746 <unknown>\n#17 0x5653ec6735f6 <unknown>\n#18 0x7f4c6e89caa4 <unknown>\n#19 0x7f4c6e929c3c <unknown>",
        "time" : {
          "start" : 1747445240318,
          "stop" : 1747445260587,
          "duration" : 20269
        }
      }, {
        "uid" : "94d83a51597f3027",
        "reportUrl" : "https://Brain-up.github.io/auto-tests-python/571//#testresult/94d83a51597f3027",
        "status" : "skipped",
        "statusDetails" : "XFAIL\n\nselenium.common.exceptions.TimeoutException: Message: Can't find element by locator ('xpath', '//button[@data-test-active-link=\"Similar phrases\"]')\nStacktrace:\n#0 0x5589ff6f375a <unknown>\n#1 0x5589ff1a64b0 <unknown>\n#2 0x5589ff1f79b3 <unknown>\n#3 0x5589ff1f7ba1 <unknown>\n#4 0x5589ff2461f4 <unknown>\n#5 0x5589ff21d5bd <unknown>\n#6 0x5589ff2435e0 <unknown>\n#7 0x5589ff21d363 <unknown>\n#8 0x5589ff1e9d63 <unknown>\n#9 0x5589ff1ea9c1 <unknown>\n#10 0x5589ff6b8a6b <unknown>\n#11 0x5589ff6bc951 <unknown>\n#12 0x5589ff6a0b62 <unknown>\n#13 0x5589ff6bd4c4 <unknown>\n#14 0x5589ff68513f <unknown>\n#15 0x5589ff6e16f8 <unknown>\n#16 0x5589ff6e18d6 <unknown>\n#17 0x5589ff6f25a6 <unknown>\n#18 0x7fe4f3c9caa4 <unknown>\n#19 0x7fe4f3d29c3c <unknown>",
        "time" : {
          "start" : 1747413080097,
          "stop" : 1747413100754,
          "duration" : 20657
        }
      }, {
        "uid" : "9f53e70b265681c8",
        "reportUrl" : "https://Brain-up.github.io/auto-tests-python/366//#testresult/9f53e70b265681c8",
        "status" : "skipped",
        "statusDetails" : "XFAIL\n\nselenium.common.exceptions.TimeoutException: Message: Can't find element by locator ('xpath', '//button[@data-test-active-link=\"Similar phrases\"]')\nStacktrace:\n#0 0x55f6c4c2475a <unknown>\n#1 0x55f6c46d74b0 <unknown>\n#2 0x55f6c47289b3 <unknown>\n#3 0x55f6c4728ba1 <unknown>\n#4 0x55f6c47771f4 <unknown>\n#5 0x55f6c474e5bd <unknown>\n#6 0x55f6c47745e0 <unknown>\n#7 0x55f6c474e363 <unknown>\n#8 0x55f6c471ad63 <unknown>\n#9 0x55f6c471b9c1 <unknown>\n#10 0x55f6c4be9a6b <unknown>\n#11 0x55f6c4bed951 <unknown>\n#12 0x55f6c4bd1b62 <unknown>\n#13 0x55f6c4bee4c4 <unknown>\n#14 0x55f6c4bb613f <unknown>\n#15 0x55f6c4c126f8 <unknown>\n#16 0x55f6c4c128d6 <unknown>\n#17 0x55f6c4c235a6 <unknown>\n#18 0x7fe44c49caa4 <unknown>\n#19 0x7fe44c529c3c <unknown>",
        "time" : {
          "start" : 1747358875631,
          "stop" : 1747358896279,
          "duration" : 20648
        }
      }, {
        "uid" : "7bb5c4cb3fe2fab",
        "reportUrl" : "https://Brain-up.github.io/auto-tests-python/570//#testresult/7bb5c4cb3fe2fab",
        "status" : "skipped",
        "statusDetails" : "XFAIL\n\nselenium.common.exceptions.TimeoutException: Message: Can't find element by locator ('xpath', '//button[@data-test-active-link=\"Similar phrases\"]')\nStacktrace:\n#0 0x55c1b95ae75a <unknown>\n#1 0x55c1b90614b0 <unknown>\n#2 0x55c1b90b29b3 <unknown>\n#3 0x55c1b90b2ba1 <unknown>\n#4 0x55c1b91011f4 <unknown>\n#5 0x55c1b90d85bd <unknown>\n#6 0x55c1b90fe5e0 <unknown>\n#7 0x55c1b90d8363 <unknown>\n#8 0x55c1b90a4d63 <unknown>\n#9 0x55c1b90a59c1 <unknown>\n#10 0x55c1b9573a6b <unknown>\n#11 0x55c1b9577951 <unknown>\n#12 0x55c1b955bb62 <unknown>\n#13 0x55c1b95784c4 <unknown>\n#14 0x55c1b954013f <unknown>\n#15 0x55c1b959c6f8 <unknown>\n#16 0x55c1b959c8d6 <unknown>\n#17 0x55c1b95ad5a6 <unknown>\n#18 0x7f684d49caa4 <unknown>\n#19 0x7f684d529c3c <unknown>",
        "time" : {
          "start" : 1747296458252,
          "stop" : 1747296478903,
          "duration" : 20651
        }
      }, {
        "uid" : "8df57851e46caed5",
        "reportUrl" : "https://Brain-up.github.io/auto-tests-python/365//#testresult/8df57851e46caed5",
        "status" : "skipped",
        "statusDetails" : "XFAIL\n\nselenium.common.exceptions.TimeoutException: Message: Can't find element by locator ('xpath', '//button[@data-test-active-link=\"Similar phrases\"]')\nStacktrace:\n#0 0x55605cad475a <unknown>\n#1 0x55605c5874b0 <unknown>\n#2 0x55605c5d89b3 <unknown>\n#3 0x55605c5d8ba1 <unknown>\n#4 0x55605c6271f4 <unknown>\n#5 0x55605c5fe5bd <unknown>\n#6 0x55605c6245e0 <unknown>\n#7 0x55605c5fe363 <unknown>\n#8 0x55605c5cad63 <unknown>\n#9 0x55605c5cb9c1 <unknown>\n#10 0x55605ca99a6b <unknown>\n#11 0x55605ca9d951 <unknown>\n#12 0x55605ca81b62 <unknown>\n#13 0x55605ca9e4c4 <unknown>\n#14 0x55605ca6613f <unknown>\n#15 0x55605cac26f8 <unknown>\n#16 0x55605cac28d6 <unknown>\n#17 0x55605cad35a6 <unknown>\n#18 0x7f23d069caa4 <unknown>\n#19 0x7f23d0729c3c <unknown>",
        "time" : {
          "start" : 1747272188734,
          "stop" : 1747272209375,
          "duration" : 20641
        }
      } ]
    },
    "tags" : [ "@pytest.mark.xfail" ]
  },
  "source" : "d533c3ed94709fd9.json",
  "parameterValues" : [ ]
}