{
  "uid" : "24ce7e5656ef2afb",
  "name" : "Verify presence and visibility of content on the page",
  "fullName" : "tests.used_resources_page_test.TestUsedResourcesPageForAuthorizedUserStructure#test_ur_01_01_verify_page_presence_and_visibility",
  "historyId" : "e7aa7276bca1f837fbcd28a0219d6113",
  "time" : {
    "start" : 1727486064199,
    "stop" : 1727486064199,
    "duration" : 0
  },
  "status" : "broken",
  "statusMessage" : "selenium.common.exceptions.TimeoutException: Message: Can't find element by locator https://brainup.site/groups",
  "statusTrace" : "self = <pages.base_page.BasePage object at 0x7f7d10dacfe0>\nurl = 'https://brainup.site/groups'\n\n    def check_expected_link(self, url):\n        with allure.step(f'Check url is present: {url}'):\n            try:\n>               return Wait(self.driver, self.timeout).until(\n                    ec.url_to_be(url), message=f\"Can't find element by locator {url}\")\n\npages/base_page.py:68: \n_ _ _ _ _ _ _ _ _ _ _ _ _ _ _ _ _ _ _ _ _ _ _ _ _ _ _ _ _ _ _ _ _ _ _ _ _ _ _ _ \n\nself = <selenium.webdriver.support.wait.WebDriverWait (session=\"f6c24d2b37e0e39b555da81a3701699a\")>\nmethod = <function url_to_be.<locals>._predicate at 0x7f7d10dcb420>\nmessage = \"Can't find element by locator https://brainup.site/groups\"\n\n    def until(self, method, message: str = \"\"):\n        \"\"\"Calls the method provided with the driver as an argument until the \\\n        return value does not evaluate to ``False``.\n    \n        :param method: callable(WebDriver)\n        :param message: optional message for :exc:`TimeoutException`\n        :returns: the result of the last call to `method`\n        :raises: :exc:`selenium.common.exceptions.TimeoutException` if timeout occurs\n        \"\"\"\n        screen = None\n        stacktrace = None\n    \n        end_time = time.monotonic() + self._timeout\n        while True:\n            try:\n                value = method(self._driver)\n                if value:\n                    return value\n            except self._ignored_exceptions as exc:\n                screen = getattr(exc, \"screen\", None)\n                stacktrace = getattr(exc, \"stacktrace\", None)\n            time.sleep(self._poll)\n            if time.monotonic() > end_time:\n                break\n>       raise TimeoutException(message, screen, stacktrace)\nE       selenium.common.exceptions.TimeoutException: Message: Can't find element by locator https://brainup.site/groups\n\n/opt/hostedtoolcache/Python/3.12.6/x64/lib/python3.12/site-packages/selenium/webdriver/support/wait.py:95: TimeoutException\n\nDuring handling of the above exception, another exception occurred:\n\ndriver = <selenium.webdriver.chrome.webdriver.WebDriver (session=\"f6c24d2b37e0e39b555da81a3701699a\")>\nmain_page_open = None\n\n    @pytest.fixture()\n    @allure.step('Auto test user authorized')\n    def auto_test_user_authorized(driver, main_page_open):\n        page = BasePage(driver)\n        page.element_is_present_and_clickable(MainPageLocators.LOGIN_BUTTON).click()\n        page.element_is_visible(LoginPageLocators.INPUT_LOGIN).send_keys(os.environ[\"LOGIN\"])\n        page.element_is_visible(LoginPageLocators.INPUT_PASSWORD).send_keys(os.environ[\"PASSWORD\"])\n        page.element_is_present_and_clickable(LoginPageLocators.SIGN_IN_BUTTON).click()\n>       page.check_expected_link(MainPageLinks.URL_GROUPS_PAGE)\n\ntests/conftest.py:71: \n_ _ _ _ _ _ _ _ _ _ _ _ _ _ _ _ _ _ _ _ _ _ _ _ _ _ _ _ _ _ _ _ _ _ _ _ _ _ _ _ \npages/base_page.py:72: in check_expected_link\n    return Wait(self.driver, self.timeout).until(\n_ _ _ _ _ _ _ _ _ _ _ _ _ _ _ _ _ _ _ _ _ _ _ _ _ _ _ _ _ _ _ _ _ _ _ _ _ _ _ _ \n\nself = <selenium.webdriver.support.wait.WebDriverWait (session=\"f6c24d2b37e0e39b555da81a3701699a\")>\nmethod = <function url_to_be.<locals>._predicate at 0x7f7d10e1eac0>\nmessage = \"Can't find element by locator https://brainup.site/groups\"\n\n    def until(self, method, message: str = \"\"):\n        \"\"\"Calls the method provided with the driver as an argument until the \\\n        return value does not evaluate to ``False``.\n    \n        :param method: callable(WebDriver)\n        :param message: optional message for :exc:`TimeoutException`\n        :returns: the result of the last call to `method`\n        :raises: :exc:`selenium.common.exceptions.TimeoutException` if timeout occurs\n        \"\"\"\n        screen = None\n        stacktrace = None\n    \n        end_time = time.monotonic() + self._timeout\n        while True:\n            try:\n                value = method(self._driver)\n                if value:\n                    return value\n            except self._ignored_exceptions as exc:\n                screen = getattr(exc, \"screen\", None)\n                stacktrace = getattr(exc, \"stacktrace\", None)\n            time.sleep(self._poll)\n            if time.monotonic() > end_time:\n                break\n>       raise TimeoutException(message, screen, stacktrace)\nE       selenium.common.exceptions.TimeoutException: Message: Can't find element by locator https://brainup.site/groups\n\n/opt/hostedtoolcache/Python/3.12.6/x64/lib/python3.12/site-packages/selenium/webdriver/support/wait.py:95: TimeoutException",
  "flaky" : false,
  "newFailed" : false,
  "beforeStages" : [ {
    "name" : "driver",
    "time" : {
      "start" : 1727486064200,
      "stop" : 1727486064955,
      "duration" : 755
    },
    "status" : "passed",
    "steps" : [ ],
    "attachments" : [ ],
    "parameters" : [ ],
    "stepsCount" : 0,
    "attachmentsCount" : 0,
    "shouldDisplayMessage" : false,
    "hasContent" : false
  }, {
    "name" : "auto_test_user_authorized",
    "time" : {
      "start" : 1727486067963,
      "stop" : 1727486108581,
      "duration" : 40618
    },
    "status" : "broken",
    "statusMessage" : "selenium.common.exceptions.TimeoutException: Message: Can't find element by locator https://brainup.site/groups\n\n",
    "statusTrace" : "  File \"/opt/hostedtoolcache/Python/3.12.6/x64/lib/python3.12/site-packages/pluggy/_callers.py\", line 103, in _multicall\n    res = hook_impl.function(*args)\n          ^^^^^^^^^^^^^^^^^^^^^^^^^\n  File \"/opt/hostedtoolcache/Python/3.12.6/x64/lib/python3.12/site-packages/_pytest/fixtures.py\", line 1123, in pytest_fixture_setup\n    result = call_fixture_func(fixturefunc, request, kwargs)\n             ^^^^^^^^^^^^^^^^^^^^^^^^^^^^^^^^^^^^^^^^^^^^^^^\n  File \"/opt/hostedtoolcache/Python/3.12.6/x64/lib/python3.12/site-packages/_pytest/fixtures.py\", line 902, in call_fixture_func\n    fixture_result = fixturefunc(**kwargs)\n                     ^^^^^^^^^^^^^^^^^^^^^\n  File \"/opt/hostedtoolcache/Python/3.12.6/x64/lib/python3.12/site-packages/allure_commons/_allure.py\", line 192, in impl\n    return func(*a, **kw)\n           ^^^^^^^^^^^^^^\n  File \"/home/runner/work/auto-tests-python/auto-tests-python/tests/conftest.py\", line 71, in auto_test_user_authorized\n    page.check_expected_link(MainPageLinks.URL_GROUPS_PAGE)\n  File \"/home/runner/work/auto-tests-python/auto-tests-python/pages/base_page.py\", line 72, in check_expected_link\n    return Wait(self.driver, self.timeout).until(\n           ^^^^^^^^^^^^^^^^^^^^^^^^^^^^^^^^^^^^^^\n  File \"/opt/hostedtoolcache/Python/3.12.6/x64/lib/python3.12/site-packages/selenium/webdriver/support/wait.py\", line 95, in until\n    raise TimeoutException(message, screen, stacktrace)\n",
    "steps" : [ {
      "name" : "Auto test user authorized",
      "time" : {
        "start" : 1727486067963,
        "stop" : 1727486108580,
        "duration" : 40617
      },
      "status" : "broken",
      "statusMessage" : "selenium.common.exceptions.TimeoutException: Message: Can't find element by locator https://brainup.site/groups\n\n",
      "statusTrace" : "  File \"/opt/hostedtoolcache/Python/3.12.6/x64/lib/python3.12/site-packages/allure_commons/_allure.py\", line 192, in impl\n    return func(*a, **kw)\n           ^^^^^^^^^^^^^^\n  File \"/home/runner/work/auto-tests-python/auto-tests-python/tests/conftest.py\", line 71, in auto_test_user_authorized\n    page.check_expected_link(MainPageLinks.URL_GROUPS_PAGE)\n  File \"/home/runner/work/auto-tests-python/auto-tests-python/pages/base_page.py\", line 72, in check_expected_link\n    return Wait(self.driver, self.timeout).until(\n           ^^^^^^^^^^^^^^^^^^^^^^^^^^^^^^^^^^^^^^\n  File \"/opt/hostedtoolcache/Python/3.12.6/x64/lib/python3.12/site-packages/selenium/webdriver/support/wait.py\", line 95, in until\n    raise TimeoutException(message, screen, stacktrace)\n",
      "steps" : [ {
        "name" : "Check url is present: https://brainup.site/groups",
        "time" : {
          "start" : 1727486068308,
          "stop" : 1727486108580,
          "duration" : 40272
        },
        "status" : "broken",
        "statusMessage" : "selenium.common.exceptions.TimeoutException: Message: Can't find element by locator https://brainup.site/groups\n\n",
        "statusTrace" : "  File \"/home/runner/work/auto-tests-python/auto-tests-python/pages/base_page.py\", line 72, in check_expected_link\n    return Wait(self.driver, self.timeout).until(\n           ^^^^^^^^^^^^^^^^^^^^^^^^^^^^^^^^^^^^^^\n  File \"/opt/hostedtoolcache/Python/3.12.6/x64/lib/python3.12/site-packages/selenium/webdriver/support/wait.py\", line 95, in until\n    raise TimeoutException(message, screen, stacktrace)\n",
        "steps" : [ ],
        "attachments" : [ ],
        "parameters" : [ ],
        "stepsCount" : 0,
        "attachmentsCount" : 0,
        "shouldDisplayMessage" : true,
        "hasContent" : true
      } ],
      "attachments" : [ ],
      "parameters" : [ {
        "name" : "driver",
        "value" : "<selenium.webdriver.chrome.webdriver.WebDriver (session=\"f6c24d2b37e0e39b555da81a3701699a\")>"
      }, {
        "name" : "main_page_open",
        "value" : "None"
      } ],
      "stepsCount" : 1,
      "attachmentsCount" : 0,
      "shouldDisplayMessage" : false,
      "hasContent" : true
    } ],
    "attachments" : [ ],
    "parameters" : [ ],
    "stepsCount" : 2,
    "attachmentsCount" : 0,
    "shouldDisplayMessage" : false,
    "hasContent" : true
  }, {
    "name" : "clear_allure_results_folder",
    "time" : {
      "start" : 1727484911842,
      "stop" : 1727484911842,
      "duration" : 0
    },
    "status" : "passed",
    "steps" : [ ],
    "attachments" : [ ],
    "parameters" : [ ],
    "stepsCount" : 0,
    "attachmentsCount" : 0,
    "shouldDisplayMessage" : false,
    "hasContent" : false
  }, {
    "name" : "main_page_open",
    "time" : {
      "start" : 1727486064955,
      "stop" : 1727486067963,
      "duration" : 3008
    },
    "status" : "passed",
    "steps" : [ {
      "name" : "Open page: https://brainup.site/",
      "time" : {
        "start" : 1727486064956,
        "stop" : 1727486067963,
        "duration" : 3007
      },
      "status" : "passed",
      "steps" : [ ],
      "attachments" : [ ],
      "parameters" : [ {
        "name" : "driver",
        "value" : "<selenium.webdriver.chrome.webdriver.WebDriver (session=\"f6c24d2b37e0e39b555da81a3701699a\")>"
      } ],
      "stepsCount" : 0,
      "attachmentsCount" : 0,
      "shouldDisplayMessage" : false,
      "hasContent" : true
    } ],
    "attachments" : [ ],
    "parameters" : [ ],
    "stepsCount" : 1,
    "attachmentsCount" : 0,
    "shouldDisplayMessage" : false,
    "hasContent" : true
  } ],
  "afterStages" : [ {
    "name" : "driver::0",
    "time" : {
      "start" : 1727486108599,
      "stop" : 1727486108688,
      "duration" : 89
    },
    "status" : "passed",
    "steps" : [ ],
    "attachments" : [ ],
    "parameters" : [ ],
    "stepsCount" : 0,
    "attachmentsCount" : 0,
    "shouldDisplayMessage" : false,
    "hasContent" : false
  } ],
  "labels" : [ {
    "name" : "epic",
    "value" : "Test Used Resources Page"
  }, {
    "name" : "parentSuite",
    "value" : "tests"
  }, {
    "name" : "suite",
    "value" : "used_resources_page_test"
  }, {
    "name" : "subSuite",
    "value" : "TestUsedResourcesPage"
  }, {
    "name" : "host",
    "value" : "fv-az1986-610"
  }, {
    "name" : "thread",
    "value" : "2270-MainThread"
  }, {
    "name" : "framework",
    "value" : "pytest"
  }, {
    "name" : "language",
    "value" : "cpython3"
  }, {
    "name" : "package",
    "value" : "tests.used_resources_page_test"
  }, {
    "name" : "resultFormat",
    "value" : "allure2"
  } ],
  "parameters" : [ ],
  "links" : [ ],
  "hidden" : false,
  "retry" : false,
  "extra" : {
    "severity" : "normal",
    "retries" : [ ],
    "categories" : [ {
      "name" : "Test defects",
      "matchedStatuses" : [ ],
      "flaky" : false
    } ],
    "history" : {
      "statistic" : {
        "failed" : 0,
        "broken" : 16,
        "skipped" : 0,
        "passed" : 357,
        "unknown" : 0,
        "total" : 373
      },
      "items" : [ {
        "uid" : "2d988c01c7d4b9bd",
        "reportUrl" : "https://Brain-up.github.io/auto-tests-python/297//#testresult/2d988c01c7d4b9bd",
        "status" : "passed",
        "time" : {
          "start" : 1727428990846,
          "stop" : 1727428991699,
          "duration" : 853
        }
      }, {
        "uid" : "63b6bd5665c084c2",
        "reportUrl" : "https://Brain-up.github.io/auto-tests-python/296//#testresult/63b6bd5665c084c2",
        "status" : "passed",
        "time" : {
          "start" : 1727426151794,
          "stop" : 1727426152604,
          "duration" : 810
        }
      }, {
        "uid" : "fa5f01f6e6b9c56c",
        "reportUrl" : "https://Brain-up.github.io/auto-tests-python/135//#testresult/fa5f01f6e6b9c56c",
        "status" : "passed",
        "time" : {
          "start" : 1727400157898,
          "stop" : 1727400158752,
          "duration" : 854
        }
      }, {
        "uid" : "c88e6a5608e18bcd",
        "reportUrl" : "https://Brain-up.github.io/auto-tests-python/295//#testresult/c88e6a5608e18bcd",
        "status" : "broken",
        "statusDetails" : "selenium.common.exceptions.TimeoutException: Message: Can't find element by locator https://brainup.site/groups",
        "time" : {
          "start" : 1727347829992,
          "stop" : 1727347829992,
          "duration" : 0
        }
      }, {
        "uid" : "b7bcc572903db644",
        "reportUrl" : "https://Brain-up.github.io/auto-tests-python/294//#testresult/b7bcc572903db644",
        "status" : "passed",
        "time" : {
          "start" : 1727346211722,
          "stop" : 1727346212585,
          "duration" : 863
        }
      }, {
        "uid" : "2a02679809b13608",
        "reportUrl" : "https://Brain-up.github.io/auto-tests-python/293//#testresult/2a02679809b13608",
        "status" : "passed",
        "time" : {
          "start" : 1727342478629,
          "stop" : 1727342479419,
          "duration" : 790
        }
      }, {
        "uid" : "8f818fe9134399f9",
        "reportUrl" : "https://Brain-up.github.io/auto-tests-python/293//#testresult/8f818fe9134399f9",
        "status" : "passed",
        "time" : {
          "start" : 1727340745064,
          "stop" : 1727340745933,
          "duration" : 869
        }
      }, {
        "uid" : "312b3b69094e58c",
        "reportUrl" : "https://Brain-up.github.io/auto-tests-python/292//#testresult/312b3b69094e58c",
        "status" : "broken",
        "statusDetails" : "selenium.common.exceptions.TimeoutException: Message: Can't find element by locator https://brainup.site/groups",
        "time" : {
          "start" : 1727340202492,
          "stop" : 1727340202492,
          "duration" : 0
        }
      }, {
        "uid" : "dc211f16be5799ac",
        "reportUrl" : "https://Brain-up.github.io/auto-tests-python/134//#testresult/dc211f16be5799ac",
        "status" : "passed",
        "time" : {
          "start" : 1727313435763,
          "stop" : 1727313436566,
          "duration" : 803
        }
      }, {
        "uid" : "75901b93eee2732b",
        "reportUrl" : "https://Brain-up.github.io/auto-tests-python/291//#testresult/75901b93eee2732b",
        "status" : "passed",
        "time" : {
          "start" : 1727256833879,
          "stop" : 1727256834690,
          "duration" : 811
        }
      }, {
        "uid" : "529d09a4e287b7c5",
        "reportUrl" : "https://Brain-up.github.io/auto-tests-python/290//#testresult/529d09a4e287b7c5",
        "status" : "broken",
        "statusDetails" : "selenium.common.exceptions.TimeoutException: Message: Can't find element by locator https://brainup.site/groups",
        "time" : {
          "start" : 1727254024349,
          "stop" : 1727254024349,
          "duration" : 0
        }
      }, {
        "uid" : "7a44db23cb2244fa",
        "reportUrl" : "https://Brain-up.github.io/auto-tests-python/290//#testresult/7a44db23cb2244fa",
        "status" : "broken",
        "statusDetails" : "selenium.common.exceptions.TimeoutException: Message: Can't find element by locator https://brainup.site/groups",
        "time" : {
          "start" : 1727248665966,
          "stop" : 1727248665966,
          "duration" : 0
        }
      }, {
        "uid" : "20a6eb33af1efa06",
        "reportUrl" : "https://Brain-up.github.io/auto-tests-python/133//#testresult/20a6eb33af1efa06",
        "status" : "broken",
        "statusDetails" : "selenium.common.exceptions.TimeoutException: Message: Can't find element by locator https://brainup.site/groups",
        "time" : {
          "start" : 1727227043702,
          "stop" : 1727227043702,
          "duration" : 0
        }
      }, {
        "uid" : "6c2fe101d2443263",
        "reportUrl" : "https://Brain-up.github.io/auto-tests-python/289//#testresult/6c2fe101d2443263",
        "status" : "broken",
        "statusDetails" : "selenium.common.exceptions.TimeoutException: Message: Can't find element by locator https://brainup.site/groups",
        "time" : {
          "start" : 1727173792302,
          "stop" : 1727173792302,
          "duration" : 0
        }
      }, {
        "uid" : "ce01e5f5d51f59f",
        "reportUrl" : "https://Brain-up.github.io/auto-tests-python/288//#testresult/ce01e5f5d51f59f",
        "status" : "broken",
        "statusDetails" : "selenium.common.exceptions.TimeoutException: Message: Can't find element by locator https://brainup.site/groups",
        "time" : {
          "start" : 1727171771165,
          "stop" : 1727171771165,
          "duration" : 0
        }
      }, {
        "uid" : "24376bf25db7db89",
        "reportUrl" : "https://Brain-up.github.io/auto-tests-python/288//#testresult/24376bf25db7db89",
        "status" : "broken",
        "statusDetails" : "selenium.common.exceptions.TimeoutException: Message: Can't find element by locator https://brainup.site/groups",
        "time" : {
          "start" : 1727169148330,
          "stop" : 1727169148330,
          "duration" : 0
        }
      }, {
        "uid" : "cdb904fc9ce1a5c",
        "reportUrl" : "https://Brain-up.github.io/auto-tests-python/288//#testresult/cdb904fc9ce1a5c",
        "status" : "broken",
        "statusDetails" : "selenium.common.exceptions.TimeoutException: Message: Can't find element by locator https://brainup.site/groups",
        "time" : {
          "start" : 1727166591257,
          "stop" : 1727166591257,
          "duration" : 0
        }
      }, {
        "uid" : "4a98ff73ba8ffb1d",
        "reportUrl" : "https://Brain-up.github.io/auto-tests-python/288//#testresult/4a98ff73ba8ffb1d",
        "status" : "broken",
        "statusDetails" : "selenium.common.exceptions.TimeoutException: Message: Can't find element by locator https://brainup.site/groups",
        "time" : {
          "start" : 1727164786725,
          "stop" : 1727164786725,
          "duration" : 0
        }
      }, {
        "uid" : "d1ac15e43b4759ac",
        "reportUrl" : "https://Brain-up.github.io/auto-tests-python/132//#testresult/d1ac15e43b4759ac",
        "status" : "passed",
        "time" : {
          "start" : 1727140388247,
          "stop" : 1727140389048,
          "duration" : 801
        }
      }, {
        "uid" : "7d434b002d5c3105",
        "reportUrl" : "https://Brain-up.github.io/auto-tests-python/287//#testresult/7d434b002d5c3105",
        "status" : "passed",
        "time" : {
          "start" : 1727085621633,
          "stop" : 1727085622413,
          "duration" : 780
        }
      } ]
    },
    "tags" : [ ]
  },
  "source" : "24ce7e5656ef2afb.json",
  "parameterValues" : [ ]
}