{
  "uid" : "8fa291cc8f879848",
  "name" : "Select a random card from \"Similar phrases\" group and compare UI vs BACKEND data",
  "fullName" : "tests.test_speech_exercises_en.TestCardsEN#test_random_cards_in_similar_phrases_en",
  "historyId" : "106afe14e1824ad4b55b346a52794d4b",
  "time" : {
    "start" : 1733863143086,
    "stop" : 1733863163307,
    "duration" : 20221
  },
  "status" : "skipped",
  "statusMessage" : "XFAIL\n\nselenium.common.exceptions.TimeoutException: Message: Can't find element by locator ('xpath', '//button[@data-test-active-link=\"Similar phrases\"]')\nStacktrace:\n#0 0x56506964f31a <unknown>\n#1 0x5650691656e0 <unknown>\n#2 0x5650691b43e6 <unknown>\n#3 0x5650691b4681 <unknown>\n#4 0x5650691f9b04 <unknown>\n#5 0x5650691d848d <unknown>\n#6 0x5650691f6ed7 <unknown>\n#7 0x5650691d8203 <unknown>\n#8 0x5650691a6cc0 <unknown>\n#9 0x5650691a7c9e <unknown>\n#10 0x56506961cd0b <unknown>\n#11 0x565069620c92 <unknown>\n#12 0x565069609b3c <unknown>\n#13 0x565069621807 <unknown>\n#14 0x5650695ef0df <unknown>\n#15 0x56506963e578 <unknown>\n#16 0x56506963e740 <unknown>\n#17 0x56506964e196 <unknown>\n#18 0x7f64d7094ac3 <unknown>",
  "statusTrace" : "self = <tests.test_speech_exercises_en.TestCardsEN object at 0x7effde3a7c50>\ndriver = <selenium.webdriver.chrome.webdriver.WebDriver (session=\"5956f1c7c8aa4d91ab8b1095133c1d04\")>\nspecialist_user_authorized = None\n\n    @pytest.mark.xfail\n    @allure.suite(\"Speech exercises EN.\")\n    @allure.title('Select a random card from \"Similar phrases\" group and compare UI vs BACKEND data')\n    def test_random_cards_in_similar_phrases_en(self, driver, specialist_user_authorized):\n        page = SpeechExercisesPage(driver)\n>       page.select_group(SpeechExercisesPageLocators.SIMILAR_PHRASES_EN)\n\ntests/test_speech_exercises_en.py:57: \n_ _ _ _ _ _ _ _ _ _ _ _ _ _ _ _ _ _ _ _ _ _ _ _ _ _ _ _ _ _ _ _ _ _ _ _ _ _ _ _ \npages/speech_exercises_page_en.py:18: in select_group\n    text_of_the_button = self.element_is_present_and_clickable(selector_for_sub_group)\npages/base_page.py:32: in element_is_present_and_clickable\n    return (Wait(self.driver, self.timeout).until(\n_ _ _ _ _ _ _ _ _ _ _ _ _ _ _ _ _ _ _ _ _ _ _ _ _ _ _ _ _ _ _ _ _ _ _ _ _ _ _ _ \n\nself = <selenium.webdriver.support.wait.WebDriverWait (session=\"5956f1c7c8aa4d91ab8b1095133c1d04\")>\nmethod = <function visibility_of_element_located.<locals>._predicate at 0x7effde29a8e0>\nmessage = 'Can\\'t find element by locator (\\'xpath\\', \\'//button[@data-test-active-link=\"Similar phrases\"]\\')'\n\n    def until(self, method, message: str = \"\"):\n        \"\"\"Calls the method provided with the driver as an argument until the \\\n        return value does not evaluate to ``False``.\n    \n        :param method: callable(WebDriver)\n        :param message: optional message for :exc:`TimeoutException`\n        :returns: the result of the last call to `method`\n        :raises: :exc:`selenium.common.exceptions.TimeoutException` if timeout occurs\n        \"\"\"\n        screen = None\n        stacktrace = None\n    \n        end_time = time.monotonic() + self._timeout\n        while True:\n            try:\n                value = method(self._driver)\n                if value:\n                    return value\n            except self._ignored_exceptions as exc:\n                screen = getattr(exc, \"screen\", None)\n                stacktrace = getattr(exc, \"stacktrace\", None)\n            time.sleep(self._poll)\n            if time.monotonic() > end_time:\n                break\n>       raise TimeoutException(message, screen, stacktrace)\nE       selenium.common.exceptions.TimeoutException: Message: Can't find element by locator ('xpath', '//button[@data-test-active-link=\"Similar phrases\"]')\nE       Stacktrace:\nE       #0 0x56506964f31a <unknown>\nE       #1 0x5650691656e0 <unknown>\nE       #2 0x5650691b43e6 <unknown>\nE       #3 0x5650691b4681 <unknown>\nE       #4 0x5650691f9b04 <unknown>\nE       #5 0x5650691d848d <unknown>\nE       #6 0x5650691f6ed7 <unknown>\nE       #7 0x5650691d8203 <unknown>\nE       #8 0x5650691a6cc0 <unknown>\nE       #9 0x5650691a7c9e <unknown>\nE       #10 0x56506961cd0b <unknown>\nE       #11 0x565069620c92 <unknown>\nE       #12 0x565069609b3c <unknown>\nE       #13 0x565069621807 <unknown>\nE       #14 0x5650695ef0df <unknown>\nE       #15 0x56506963e578 <unknown>\nE       #16 0x56506963e740 <unknown>\nE       #17 0x56506964e196 <unknown>\nE       #18 0x7f64d7094ac3 <unknown>\n\n/opt/hostedtoolcache/Python/3.12.7/x64/lib/python3.12/site-packages/selenium/webdriver/support/wait.py:95: TimeoutException",
  "flaky" : false,
  "newFailed" : false,
  "beforeStages" : [ {
    "name" : "main_page_open",
    "time" : {
      "start" : 1733863137218,
      "stop" : 1733863140616,
      "duration" : 3398
    },
    "status" : "passed",
    "steps" : [ {
      "name" : "Open page: https://www.brainup.site/",
      "time" : {
        "start" : 1733863137218,
        "stop" : 1733863140616,
        "duration" : 3398
      },
      "status" : "passed",
      "steps" : [ ],
      "attachments" : [ ],
      "parameters" : [ {
        "name" : "driver",
        "value" : "<selenium.webdriver.chrome.webdriver.WebDriver (session=\"5956f1c7c8aa4d91ab8b1095133c1d04\")>"
      } ],
      "hasContent" : true,
      "stepsCount" : 0,
      "attachmentsCount" : 0,
      "shouldDisplayMessage" : false
    } ],
    "attachments" : [ ],
    "parameters" : [ ],
    "hasContent" : true,
    "stepsCount" : 1,
    "attachmentsCount" : 0,
    "shouldDisplayMessage" : false
  }, {
    "name" : "clear_allure_results_folder",
    "time" : {
      "start" : 1733862192348,
      "stop" : 1733862192348,
      "duration" : 0
    },
    "status" : "passed",
    "steps" : [ ],
    "attachments" : [ ],
    "parameters" : [ ],
    "hasContent" : false,
    "stepsCount" : 0,
    "attachmentsCount" : 0,
    "shouldDisplayMessage" : false
  }, {
    "name" : "specialist_user_authorized",
    "time" : {
      "start" : 1733863140616,
      "stop" : 1733863143086,
      "duration" : 2470
    },
    "status" : "passed",
    "steps" : [ {
      "name" : "USER specialist authorized",
      "time" : {
        "start" : 1733863140617,
        "stop" : 1733863143086,
        "duration" : 2469
      },
      "status" : "passed",
      "steps" : [ {
        "name" : "Check url is present: https://www.brainup.site/groups",
        "time" : {
          "start" : 1733863141037,
          "stop" : 1733863143055,
          "duration" : 2018
        },
        "status" : "passed",
        "steps" : [ ],
        "attachments" : [ ],
        "parameters" : [ ],
        "hasContent" : false,
        "stepsCount" : 0,
        "attachmentsCount" : 0,
        "shouldDisplayMessage" : false
      }, {
        "name" : "Loader checking",
        "time" : {
          "start" : 1733863143055,
          "stop" : 1733863143086,
          "duration" : 31
        },
        "status" : "passed",
        "steps" : [ ],
        "attachments" : [ ],
        "parameters" : [ ],
        "hasContent" : false,
        "stepsCount" : 0,
        "attachmentsCount" : 0,
        "shouldDisplayMessage" : false
      } ],
      "attachments" : [ ],
      "parameters" : [ {
        "name" : "driver",
        "value" : "<selenium.webdriver.chrome.webdriver.WebDriver (session=\"5956f1c7c8aa4d91ab8b1095133c1d04\")>"
      }, {
        "name" : "main_page_open",
        "value" : "None"
      } ],
      "hasContent" : true,
      "stepsCount" : 2,
      "attachmentsCount" : 0,
      "shouldDisplayMessage" : false
    } ],
    "attachments" : [ ],
    "parameters" : [ ],
    "hasContent" : true,
    "stepsCount" : 3,
    "attachmentsCount" : 0,
    "shouldDisplayMessage" : false
  }, {
    "name" : "driver",
    "time" : {
      "start" : 1733863136443,
      "stop" : 1733863137218,
      "duration" : 775
    },
    "status" : "passed",
    "steps" : [ ],
    "attachments" : [ ],
    "parameters" : [ ],
    "hasContent" : false,
    "stepsCount" : 0,
    "attachmentsCount" : 0,
    "shouldDisplayMessage" : false
  } ],
  "testStage" : {
    "status" : "skipped",
    "statusMessage" : "XFAIL\n\nselenium.common.exceptions.TimeoutException: Message: Can't find element by locator ('xpath', '//button[@data-test-active-link=\"Similar phrases\"]')\nStacktrace:\n#0 0x56506964f31a <unknown>\n#1 0x5650691656e0 <unknown>\n#2 0x5650691b43e6 <unknown>\n#3 0x5650691b4681 <unknown>\n#4 0x5650691f9b04 <unknown>\n#5 0x5650691d848d <unknown>\n#6 0x5650691f6ed7 <unknown>\n#7 0x5650691d8203 <unknown>\n#8 0x5650691a6cc0 <unknown>\n#9 0x5650691a7c9e <unknown>\n#10 0x56506961cd0b <unknown>\n#11 0x565069620c92 <unknown>\n#12 0x565069609b3c <unknown>\n#13 0x565069621807 <unknown>\n#14 0x5650695ef0df <unknown>\n#15 0x56506963e578 <unknown>\n#16 0x56506963e740 <unknown>\n#17 0x56506964e196 <unknown>\n#18 0x7f64d7094ac3 <unknown>",
    "statusTrace" : "self = <tests.test_speech_exercises_en.TestCardsEN object at 0x7effde3a7c50>\ndriver = <selenium.webdriver.chrome.webdriver.WebDriver (session=\"5956f1c7c8aa4d91ab8b1095133c1d04\")>\nspecialist_user_authorized = None\n\n    @pytest.mark.xfail\n    @allure.suite(\"Speech exercises EN.\")\n    @allure.title('Select a random card from \"Similar phrases\" group and compare UI vs BACKEND data')\n    def test_random_cards_in_similar_phrases_en(self, driver, specialist_user_authorized):\n        page = SpeechExercisesPage(driver)\n>       page.select_group(SpeechExercisesPageLocators.SIMILAR_PHRASES_EN)\n\ntests/test_speech_exercises_en.py:57: \n_ _ _ _ _ _ _ _ _ _ _ _ _ _ _ _ _ _ _ _ _ _ _ _ _ _ _ _ _ _ _ _ _ _ _ _ _ _ _ _ \npages/speech_exercises_page_en.py:18: in select_group\n    text_of_the_button = self.element_is_present_and_clickable(selector_for_sub_group)\npages/base_page.py:32: in element_is_present_and_clickable\n    return (Wait(self.driver, self.timeout).until(\n_ _ _ _ _ _ _ _ _ _ _ _ _ _ _ _ _ _ _ _ _ _ _ _ _ _ _ _ _ _ _ _ _ _ _ _ _ _ _ _ \n\nself = <selenium.webdriver.support.wait.WebDriverWait (session=\"5956f1c7c8aa4d91ab8b1095133c1d04\")>\nmethod = <function visibility_of_element_located.<locals>._predicate at 0x7effde29a8e0>\nmessage = 'Can\\'t find element by locator (\\'xpath\\', \\'//button[@data-test-active-link=\"Similar phrases\"]\\')'\n\n    def until(self, method, message: str = \"\"):\n        \"\"\"Calls the method provided with the driver as an argument until the \\\n        return value does not evaluate to ``False``.\n    \n        :param method: callable(WebDriver)\n        :param message: optional message for :exc:`TimeoutException`\n        :returns: the result of the last call to `method`\n        :raises: :exc:`selenium.common.exceptions.TimeoutException` if timeout occurs\n        \"\"\"\n        screen = None\n        stacktrace = None\n    \n        end_time = time.monotonic() + self._timeout\n        while True:\n            try:\n                value = method(self._driver)\n                if value:\n                    return value\n            except self._ignored_exceptions as exc:\n                screen = getattr(exc, \"screen\", None)\n                stacktrace = getattr(exc, \"stacktrace\", None)\n            time.sleep(self._poll)\n            if time.monotonic() > end_time:\n                break\n>       raise TimeoutException(message, screen, stacktrace)\nE       selenium.common.exceptions.TimeoutException: Message: Can't find element by locator ('xpath', '//button[@data-test-active-link=\"Similar phrases\"]')\nE       Stacktrace:\nE       #0 0x56506964f31a <unknown>\nE       #1 0x5650691656e0 <unknown>\nE       #2 0x5650691b43e6 <unknown>\nE       #3 0x5650691b4681 <unknown>\nE       #4 0x5650691f9b04 <unknown>\nE       #5 0x5650691d848d <unknown>\nE       #6 0x5650691f6ed7 <unknown>\nE       #7 0x5650691d8203 <unknown>\nE       #8 0x5650691a6cc0 <unknown>\nE       #9 0x5650691a7c9e <unknown>\nE       #10 0x56506961cd0b <unknown>\nE       #11 0x565069620c92 <unknown>\nE       #12 0x565069609b3c <unknown>\nE       #13 0x565069621807 <unknown>\nE       #14 0x5650695ef0df <unknown>\nE       #15 0x56506963e578 <unknown>\nE       #16 0x56506963e740 <unknown>\nE       #17 0x56506964e196 <unknown>\nE       #18 0x7f64d7094ac3 <unknown>\n\n/opt/hostedtoolcache/Python/3.12.7/x64/lib/python3.12/site-packages/selenium/webdriver/support/wait.py:95: TimeoutException",
    "steps" : [ {
      "name" : "select_group",
      "time" : {
        "start" : 1733863143087,
        "stop" : 1733863163307,
        "duration" : 20220
      },
      "status" : "broken",
      "statusMessage" : "selenium.common.exceptions.TimeoutException: Message: Can't find element by locator ('xpath', '//button[@data-test-active-link=\"Similar phrases\"]')\nStacktrace:\n#0 0x56506964f31a <unknown>\n#1 0x5650691656e0 <unknown>\n#2 0x5650691b43e6 <unknown>\n#3 0x5650691b4681 <unknown>\n#4 0x5650691f9b04 <unknown>\n#5 0x5650691d848d <unknown>\n#6 0x5650691f6ed7 <unknown>\n#7 0x5650691d8203 <unknown>\n#8 0x5650691a6cc0 <unknown>\n#9 0x5650691a7c9e <unknown>\n#10 0x56506961cd0b <unknown>\n#11 0x565069620c92 <unknown>\n#12 0x565069609b3c <unknown>\n#13 0x565069621807 <unknown>\n#14 0x5650695ef0df <unknown>\n#15 0x56506963e578 <unknown>\n#16 0x56506963e740 <unknown>\n#17 0x56506964e196 <unknown>\n#18 0x7f64d7094ac3 <unknown>\n\n",
      "statusTrace" : "  File \"/opt/hostedtoolcache/Python/3.12.7/x64/lib/python3.12/site-packages/allure_commons/_allure.py\", line 192, in impl\n    return func(*a, **kw)\n           ^^^^^^^^^^^^^^\n  File \"/home/runner/work/auto-tests-python/auto-tests-python/pages/speech_exercises_page_en.py\", line 18, in select_group\n    text_of_the_button = self.element_is_present_and_clickable(selector_for_sub_group)\n                         ^^^^^^^^^^^^^^^^^^^^^^^^^^^^^^^^^^^^^^^^^^^^^^^^^^^^^^^^^^^^^\n  File \"/home/runner/work/auto-tests-python/auto-tests-python/pages/base_page.py\", line 32, in element_is_present_and_clickable\n    return (Wait(self.driver, self.timeout).until(\n            ^^^^^^^^^^^^^^^^^^^^^^^^^^^^^^^^^^^^^^\n  File \"/opt/hostedtoolcache/Python/3.12.7/x64/lib/python3.12/site-packages/selenium/webdriver/support/wait.py\", line 95, in until\n    raise TimeoutException(message, screen, stacktrace)\n",
      "steps" : [ {
        "name" : "Select Russian language. Click \"EN\" button.",
        "time" : {
          "start" : 1733863143087,
          "stop" : 1733863143158,
          "duration" : 71
        },
        "status" : "passed",
        "steps" : [ ],
        "attachments" : [ ],
        "parameters" : [ ],
        "hasContent" : false,
        "stepsCount" : 0,
        "attachmentsCount" : 0,
        "shouldDisplayMessage" : false
      }, {
        "name" : "Click button \"SPEECH EXERCISES\".",
        "time" : {
          "start" : 1733863143158,
          "stop" : 1733863143238,
          "duration" : 80
        },
        "status" : "passed",
        "steps" : [ ],
        "attachments" : [ ],
        "parameters" : [ ],
        "hasContent" : false,
        "stepsCount" : 0,
        "attachmentsCount" : 0,
        "shouldDisplayMessage" : false
      } ],
      "attachments" : [ ],
      "parameters" : [ {
        "name" : "selector_for_sub_group",
        "value" : "('xpath', '//button[@data-test-active-link=\"Similar phrases\"]')"
      } ],
      "hasContent" : true,
      "stepsCount" : 2,
      "attachmentsCount" : 0,
      "shouldDisplayMessage" : true
    } ],
    "attachments" : [ ],
    "parameters" : [ ],
    "hasContent" : true,
    "stepsCount" : 3,
    "attachmentsCount" : 0,
    "shouldDisplayMessage" : true
  },
  "afterStages" : [ {
    "name" : "driver::0",
    "time" : {
      "start" : 1733863163329,
      "stop" : 1733863163400,
      "duration" : 71
    },
    "status" : "passed",
    "steps" : [ ],
    "attachments" : [ ],
    "parameters" : [ ],
    "hasContent" : false,
    "stepsCount" : 0,
    "attachmentsCount" : 0,
    "shouldDisplayMessage" : false
  } ],
  "labels" : [ {
    "name" : "suite",
    "value" : "Speech exercises EN."
  }, {
    "name" : "epic",
    "value" : "Speech exercises."
  }, {
    "name" : "tag",
    "value" : "@pytest.mark.xfail"
  }, {
    "name" : "parentSuite",
    "value" : "tests"
  }, {
    "name" : "subSuite",
    "value" : "TestCardsEN"
  }, {
    "name" : "host",
    "value" : "fv-az1432-566"
  }, {
    "name" : "thread",
    "value" : "2260-MainThread"
  }, {
    "name" : "framework",
    "value" : "pytest"
  }, {
    "name" : "language",
    "value" : "cpython3"
  }, {
    "name" : "package",
    "value" : "tests.test_speech_exercises_en"
  }, {
    "name" : "resultFormat",
    "value" : "allure2"
  } ],
  "parameters" : [ ],
  "links" : [ ],
  "hidden" : false,
  "retry" : false,
  "extra" : {
    "severity" : "normal",
    "retries" : [ ],
    "categories" : [ ],
    "history" : {
      "statistic" : {
        "failed" : 0,
        "broken" : 0,
        "skipped" : 47,
        "passed" : 1,
        "unknown" : 0,
        "total" : 48
      },
      "items" : [ {
        "uid" : "8894d4abcc80f505",
        "reportUrl" : "https://Brain-up.github.io/auto-tests-python/209//#testresult/8894d4abcc80f505",
        "status" : "skipped",
        "statusDetails" : "XFAIL\n\nselenium.common.exceptions.TimeoutException: Message: Can't find element by locator ('xpath', '//button[@data-test-active-link=\"Similar phrases\"]')\nStacktrace:\n#0 0x55787903331a <unknown>\n#1 0x557878b496e0 <unknown>\n#2 0x557878b983e6 <unknown>\n#3 0x557878b98681 <unknown>\n#4 0x557878bddb04 <unknown>\n#5 0x557878bbc48d <unknown>\n#6 0x557878bdaed7 <unknown>\n#7 0x557878bbc203 <unknown>\n#8 0x557878b8acc0 <unknown>\n#9 0x557878b8bc9e <unknown>\n#10 0x557879000d0b <unknown>\n#11 0x557879004c92 <unknown>\n#12 0x557878fedb3c <unknown>\n#13 0x557879005807 <unknown>\n#14 0x557878fd30df <unknown>\n#15 0x557879022578 <unknown>\n#16 0x557879022740 <unknown>\n#17 0x557879032196 <unknown>\n#18 0x7f6b87c94ac3 <unknown>",
        "time" : {
          "start" : 1733794148428,
          "stop" : 1733794168669,
          "duration" : 20241
        }
      }, {
        "uid" : "86b1d059c584b14e",
        "reportUrl" : "https://Brain-up.github.io/auto-tests-python/411//#testresult/86b1d059c584b14e",
        "status" : "skipped",
        "statusDetails" : "XFAIL\n\nselenium.common.exceptions.TimeoutException: Message: Can't find element by locator ('xpath', '//button[@data-test-active-link=\"Similar phrases\"]')\nStacktrace:\n#0 0x55fa7688631a <unknown>\n#1 0x55fa7639c6e0 <unknown>\n#2 0x55fa763eb3e6 <unknown>\n#3 0x55fa763eb681 <unknown>\n#4 0x55fa76430b04 <unknown>\n#5 0x55fa7640f48d <unknown>\n#6 0x55fa7642ded7 <unknown>\n#7 0x55fa7640f203 <unknown>\n#8 0x55fa763ddcc0 <unknown>\n#9 0x55fa763dec9e <unknown>\n#10 0x55fa76853d0b <unknown>\n#11 0x55fa76857c92 <unknown>\n#12 0x55fa76840b3c <unknown>\n#13 0x55fa76858807 <unknown>\n#14 0x55fa768260df <unknown>\n#15 0x55fa76875578 <unknown>\n#16 0x55fa76875740 <unknown>\n#17 0x55fa76885196 <unknown>\n#18 0x7f9572a94ac3 <unknown>",
        "time" : {
          "start" : 1733694053683,
          "stop" : 1733694073898,
          "duration" : 20215
        }
      }, {
        "uid" : "fdb407ec436f263a",
        "reportUrl" : "https://Brain-up.github.io/auto-tests-python/410//#testresult/fdb407ec436f263a",
        "status" : "skipped",
        "statusDetails" : "XFAIL\n\nselenium.common.exceptions.TimeoutException: Message: Can't find element by locator ('xpath', '//button[@data-test-active-link=\"Similar phrases\"]')\nStacktrace:\n#0 0x560a8261c31a <unknown>\n#1 0x560a821326e0 <unknown>\n#2 0x560a821813e6 <unknown>\n#3 0x560a82181681 <unknown>\n#4 0x560a821c6b04 <unknown>\n#5 0x560a821a548d <unknown>\n#6 0x560a821c3ed7 <unknown>\n#7 0x560a821a5203 <unknown>\n#8 0x560a82173cc0 <unknown>\n#9 0x560a82174c9e <unknown>\n#10 0x560a825e9d0b <unknown>\n#11 0x560a825edc92 <unknown>\n#12 0x560a825d6b3c <unknown>\n#13 0x560a825ee807 <unknown>\n#14 0x560a825bc0df <unknown>\n#15 0x560a8260b578 <unknown>\n#16 0x560a8260b740 <unknown>\n#17 0x560a8261b196 <unknown>\n#18 0x7fb1e0894ac3 <unknown>",
        "time" : {
          "start" : 1733691506894,
          "stop" : 1733691527114,
          "duration" : 20220
        }
      }, {
        "uid" : "2bd41daacc855d88",
        "reportUrl" : "https://Brain-up.github.io/auto-tests-python/207//#testresult/2bd41daacc855d88",
        "status" : "skipped",
        "statusDetails" : "XFAIL\n\nselenium.common.exceptions.TimeoutException: Message: Can't find element by locator ('xpath', '//button[@data-test-active-link=\"Similar phrases\"]')\nStacktrace:\n#0 0x55a13065f31a <unknown>\n#1 0x55a1301756e0 <unknown>\n#2 0x55a1301c43e6 <unknown>\n#3 0x55a1301c4681 <unknown>\n#4 0x55a130209b04 <unknown>\n#5 0x55a1301e848d <unknown>\n#6 0x55a130206ed7 <unknown>\n#7 0x55a1301e8203 <unknown>\n#8 0x55a1301b6cc0 <unknown>\n#9 0x55a1301b7c9e <unknown>\n#10 0x55a13062cd0b <unknown>\n#11 0x55a130630c92 <unknown>\n#12 0x55a130619b3c <unknown>\n#13 0x55a130631807 <unknown>\n#14 0x55a1305ff0df <unknown>\n#15 0x55a13064e578 <unknown>\n#16 0x55a13064e740 <unknown>\n#17 0x55a13065e196 <unknown>\n#18 0x7fe769e94ac3 <unknown>",
        "time" : {
          "start" : 1733621060864,
          "stop" : 1733621081088,
          "duration" : 20224
        }
      }, {
        "uid" : "c3b938a5f0756711",
        "reportUrl" : "https://Brain-up.github.io/auto-tests-python/409//#testresult/c3b938a5f0756711",
        "status" : "skipped",
        "statusDetails" : "XFAIL\n\nselenium.common.exceptions.TimeoutException: Message: Can't find element by locator ('xpath', '//button[@data-test-active-link=\"Similar phrases\"]')\nStacktrace:\n#0 0x55db2ccb431a <unknown>\n#1 0x55db2c7ca6e0 <unknown>\n#2 0x55db2c8193e6 <unknown>\n#3 0x55db2c819681 <unknown>\n#4 0x55db2c85eb04 <unknown>\n#5 0x55db2c83d48d <unknown>\n#6 0x55db2c85bed7 <unknown>\n#7 0x55db2c83d203 <unknown>\n#8 0x55db2c80bcc0 <unknown>\n#9 0x55db2c80cc9e <unknown>\n#10 0x55db2cc81d0b <unknown>\n#11 0x55db2cc85c92 <unknown>\n#12 0x55db2cc6eb3c <unknown>\n#13 0x55db2cc86807 <unknown>\n#14 0x55db2cc540df <unknown>\n#15 0x55db2cca3578 <unknown>\n#16 0x55db2cca3740 <unknown>\n#17 0x55db2ccb3196 <unknown>\n#18 0x7f297bc94ac3 <unknown>",
        "time" : {
          "start" : 1733553762648,
          "stop" : 1733553782900,
          "duration" : 20252
        }
      }, {
        "uid" : "1e8512558b6b06b",
        "reportUrl" : "https://Brain-up.github.io/auto-tests-python/206//#testresult/1e8512558b6b06b",
        "status" : "skipped",
        "statusDetails" : "XFAIL\n\nselenium.common.exceptions.TimeoutException: Message: Can't find element by locator ('xpath', '//button[@data-test-active-link=\"Similar phrases\"]')\nStacktrace:\n#0 0x564ae434e31a <unknown>\n#1 0x564ae3e646e0 <unknown>\n#2 0x564ae3eb33e6 <unknown>\n#3 0x564ae3eb3681 <unknown>\n#4 0x564ae3ef8b04 <unknown>\n#5 0x564ae3ed748d <unknown>\n#6 0x564ae3ef5ed7 <unknown>\n#7 0x564ae3ed7203 <unknown>\n#8 0x564ae3ea5cc0 <unknown>\n#9 0x564ae3ea6c9e <unknown>\n#10 0x564ae431bd0b <unknown>\n#11 0x564ae431fc92 <unknown>\n#12 0x564ae4308b3c <unknown>\n#13 0x564ae4320807 <unknown>\n#14 0x564ae42ee0df <unknown>\n#15 0x564ae433d578 <unknown>\n#16 0x564ae433d740 <unknown>\n#17 0x564ae434d196 <unknown>\n#18 0x7f3095494ac3 <unknown>",
        "time" : {
          "start" : 1733534172686,
          "stop" : 1733534192957,
          "duration" : 20271
        }
      }, {
        "uid" : "44262606c04896c2",
        "reportUrl" : "https://Brain-up.github.io/auto-tests-python/408//#testresult/44262606c04896c2",
        "status" : "skipped",
        "statusDetails" : "XFAIL\n\nselenium.common.exceptions.TimeoutException: Message: Can't find element by locator ('xpath', '//button[@data-test-active-link=\"Similar phrases\"]')\nStacktrace:\n#0 0x564c4a66931a <unknown>\n#1 0x564c4a17f6e0 <unknown>\n#2 0x564c4a1ce3e6 <unknown>\n#3 0x564c4a1ce681 <unknown>\n#4 0x564c4a213b04 <unknown>\n#5 0x564c4a1f248d <unknown>\n#6 0x564c4a210ed7 <unknown>\n#7 0x564c4a1f2203 <unknown>\n#8 0x564c4a1c0cc0 <unknown>\n#9 0x564c4a1c1c9e <unknown>\n#10 0x564c4a636d0b <unknown>\n#11 0x564c4a63ac92 <unknown>\n#12 0x564c4a623b3c <unknown>\n#13 0x564c4a63b807 <unknown>\n#14 0x564c4a6090df <unknown>\n#15 0x564c4a658578 <unknown>\n#16 0x564c4a658740 <unknown>\n#17 0x564c4a668196 <unknown>\n#18 0x7f018e694ac3 <unknown>",
        "time" : {
          "start" : 1733518001666,
          "stop" : 1733518021885,
          "duration" : 20219
        }
      }, {
        "uid" : "d4b5698326aab118",
        "reportUrl" : "https://Brain-up.github.io/auto-tests-python/205//#testresult/d4b5698326aab118",
        "status" : "skipped",
        "statusDetails" : "XFAIL\n\nselenium.common.exceptions.TimeoutException: Message: Can't find element by locator ('xpath', '//button[@data-test-active-link=\"Similar phrases\"]')\nStacktrace:\n#0 0x55eccaf9431a <unknown>\n#1 0x55eccaaaa6e0 <unknown>\n#2 0x55eccaaf93e6 <unknown>\n#3 0x55eccaaf9681 <unknown>\n#4 0x55eccab3eb04 <unknown>\n#5 0x55eccab1d48d <unknown>\n#6 0x55eccab3bed7 <unknown>\n#7 0x55eccab1d203 <unknown>\n#8 0x55eccaaebcc0 <unknown>\n#9 0x55eccaaecc9e <unknown>\n#10 0x55eccaf61d0b <unknown>\n#11 0x55eccaf65c92 <unknown>\n#12 0x55eccaf4eb3c <unknown>\n#13 0x55eccaf66807 <unknown>\n#14 0x55eccaf340df <unknown>\n#15 0x55eccaf83578 <unknown>\n#16 0x55eccaf83740 <unknown>\n#17 0x55eccaf93196 <unknown>\n#18 0x7fb2d0a94ac3 <unknown>",
        "time" : {
          "start" : 1733448018629,
          "stop" : 1733448038948,
          "duration" : 20319
        }
      }, {
        "uid" : "2b7145bf1ca87db1",
        "reportUrl" : "https://Brain-up.github.io/auto-tests-python/407//#testresult/2b7145bf1ca87db1",
        "status" : "skipped",
        "statusDetails" : "XFAIL\n\nselenium.common.exceptions.TimeoutException: Message: Can't find element by locator ('xpath', '//button[@data-test-active-link=\"Similar phrases\"]')\nStacktrace:\n#0 0x555aa4c5f31a <unknown>\n#1 0x555aa47756e0 <unknown>\n#2 0x555aa47c43e6 <unknown>\n#3 0x555aa47c4681 <unknown>\n#4 0x555aa4809b04 <unknown>\n#5 0x555aa47e848d <unknown>\n#6 0x555aa4806ed7 <unknown>\n#7 0x555aa47e8203 <unknown>\n#8 0x555aa47b6cc0 <unknown>\n#9 0x555aa47b7c9e <unknown>\n#10 0x555aa4c2cd0b <unknown>\n#11 0x555aa4c30c92 <unknown>\n#12 0x555aa4c19b3c <unknown>\n#13 0x555aa4c31807 <unknown>\n#14 0x555aa4bff0df <unknown>\n#15 0x555aa4c4e578 <unknown>\n#16 0x555aa4c4e740 <unknown>\n#17 0x555aa4c5e196 <unknown>\n#18 0x7fb45a494ac3 <unknown>",
        "time" : {
          "start" : 1733393398098,
          "stop" : 1733393418318,
          "duration" : 20220
        }
      }, {
        "uid" : "749f0cf33687f54e",
        "reportUrl" : "https://Brain-up.github.io/auto-tests-python/204//#testresult/749f0cf33687f54e",
        "status" : "skipped",
        "statusDetails" : "XFAIL\n\nselenium.common.exceptions.TimeoutException: Message: Can't find element by locator ('xpath', '//button[@data-test-active-link=\"Similar phrases\"]')\nStacktrace:\n#0 0x564f0f2f831a <unknown>\n#1 0x564f0ee0e6e0 <unknown>\n#2 0x564f0ee5d3e6 <unknown>\n#3 0x564f0ee5d681 <unknown>\n#4 0x564f0eea2b04 <unknown>\n#5 0x564f0ee8148d <unknown>\n#6 0x564f0ee9fed7 <unknown>\n#7 0x564f0ee81203 <unknown>\n#8 0x564f0ee4fcc0 <unknown>\n#9 0x564f0ee50c9e <unknown>\n#10 0x564f0f2c5d0b <unknown>\n#11 0x564f0f2c9c92 <unknown>\n#12 0x564f0f2b2b3c <unknown>\n#13 0x564f0f2ca807 <unknown>\n#14 0x564f0f2980df <unknown>\n#15 0x564f0f2e7578 <unknown>\n#16 0x564f0f2e7740 <unknown>\n#17 0x564f0f2f7196 <unknown>\n#18 0x7f95af094ac3 <unknown>",
        "time" : {
          "start" : 1733361593519,
          "stop" : 1733361613736,
          "duration" : 20217
        }
      }, {
        "uid" : "81328878e99b2c14",
        "reportUrl" : "https://Brain-up.github.io/auto-tests-python/406//#testresult/81328878e99b2c14",
        "status" : "skipped",
        "statusDetails" : "XFAIL\n\nselenium.common.exceptions.TimeoutException: Message: Can't find element by locator ('xpath', '//button[@data-test-active-link=\"Similar phrases\"]')\nStacktrace:\n#0 0x56080f7a631a <unknown>\n#1 0x56080f2bc6e0 <unknown>\n#2 0x56080f30b3e6 <unknown>\n#3 0x56080f30b681 <unknown>\n#4 0x56080f350b04 <unknown>\n#5 0x56080f32f48d <unknown>\n#6 0x56080f34ded7 <unknown>\n#7 0x56080f32f203 <unknown>\n#8 0x56080f2fdcc0 <unknown>\n#9 0x56080f2fec9e <unknown>\n#10 0x56080f773d0b <unknown>\n#11 0x56080f777c92 <unknown>\n#12 0x56080f760b3c <unknown>\n#13 0x56080f778807 <unknown>\n#14 0x56080f7460df <unknown>\n#15 0x56080f795578 <unknown>\n#16 0x56080f795740 <unknown>\n#17 0x56080f7a5196 <unknown>\n#18 0x7f898d494ac3 <unknown>",
        "time" : {
          "start" : 1733346917097,
          "stop" : 1733346937385,
          "duration" : 20288
        }
      }, {
        "uid" : "c15204fc3d69d34c",
        "reportUrl" : "https://Brain-up.github.io/auto-tests-python/203//#testresult/c15204fc3d69d34c",
        "status" : "skipped",
        "statusDetails" : "XFAIL\n\nselenium.common.exceptions.TimeoutException: Message: Can't find element by locator ('xpath', '//button[@data-test-active-link=\"Similar phrases\"]')\nStacktrace:\n#0 0x55edf6bd231a <unknown>\n#1 0x55edf66e86e0 <unknown>\n#2 0x55edf67373e6 <unknown>\n#3 0x55edf6737681 <unknown>\n#4 0x55edf677cb04 <unknown>\n#5 0x55edf675b48d <unknown>\n#6 0x55edf6779ed7 <unknown>\n#7 0x55edf675b203 <unknown>\n#8 0x55edf6729cc0 <unknown>\n#9 0x55edf672ac9e <unknown>\n#10 0x55edf6b9fd0b <unknown>\n#11 0x55edf6ba3c92 <unknown>\n#12 0x55edf6b8cb3c <unknown>\n#13 0x55edf6ba4807 <unknown>\n#14 0x55edf6b720df <unknown>\n#15 0x55edf6bc1578 <unknown>\n#16 0x55edf6bc1740 <unknown>\n#17 0x55edf6bd1196 <unknown>\n#18 0x7f3e05a94ac3 <unknown>",
        "time" : {
          "start" : 1733275142355,
          "stop" : 1733275162564,
          "duration" : 20209
        }
      }, {
        "uid" : "a74bfffa32c67f2",
        "reportUrl" : "https://Brain-up.github.io/auto-tests-python/202//#testresult/a74bfffa32c67f2",
        "status" : "skipped",
        "statusDetails" : "XFAIL\n\nselenium.common.exceptions.TimeoutException: Message: Can't find element by locator ('xpath', '//button[@data-test-active-link=\"Similar phrases\"]')\nStacktrace:\n#0 0x5569c1d6931a <unknown>\n#1 0x5569c187f6e0 <unknown>\n#2 0x5569c18ce3e6 <unknown>\n#3 0x5569c18ce681 <unknown>\n#4 0x5569c1913b04 <unknown>\n#5 0x5569c18f248d <unknown>\n#6 0x5569c1910ed7 <unknown>\n#7 0x5569c18f2203 <unknown>\n#8 0x5569c18c0cc0 <unknown>\n#9 0x5569c18c1c9e <unknown>\n#10 0x5569c1d36d0b <unknown>\n#11 0x5569c1d3ac92 <unknown>\n#12 0x5569c1d23b3c <unknown>\n#13 0x5569c1d3b807 <unknown>\n#14 0x5569c1d090df <unknown>\n#15 0x5569c1d58578 <unknown>\n#16 0x5569c1d58740 <unknown>\n#17 0x5569c1d68196 <unknown>\n#18 0x7f000c094ac3 <unknown>",
        "time" : {
          "start" : 1733188720982,
          "stop" : 1733188741237,
          "duration" : 20255
        }
      }, {
        "uid" : "a5b40ce8636f16c0",
        "reportUrl" : "https://Brain-up.github.io/auto-tests-python/201//#testresult/a5b40ce8636f16c0",
        "status" : "passed",
        "statusDetails" : "XPASS",
        "time" : {
          "start" : 1733102558649,
          "stop" : 1733102577436,
          "duration" : 18787
        }
      }, {
        "uid" : "26dd3b874b6dcda1",
        "reportUrl" : "https://Brain-up.github.io/auto-tests-python/405//#testresult/26dd3b874b6dcda1",
        "status" : "skipped",
        "statusDetails" : "XFAIL\n\nselenium.common.exceptions.TimeoutException: Message: Can't find element by locator ('xpath', '//button[@data-test-active-link=\"Similar phrases\"]')\nStacktrace:\n#0 0x564fadf1231a <unknown>\n#1 0x564fada286e0 <unknown>\n#2 0x564fada773e6 <unknown>\n#3 0x564fada77681 <unknown>\n#4 0x564fadabcb04 <unknown>\n#5 0x564fada9b48d <unknown>\n#6 0x564fadab9ed7 <unknown>\n#7 0x564fada9b203 <unknown>\n#8 0x564fada69cc0 <unknown>\n#9 0x564fada6ac9e <unknown>\n#10 0x564fadedfd0b <unknown>\n#11 0x564fadee3c92 <unknown>\n#12 0x564fadeccb3c <unknown>\n#13 0x564fadee4807 <unknown>\n#14 0x564fadeb20df <unknown>\n#15 0x564fadf01578 <unknown>\n#16 0x564fadf01740 <unknown>\n#17 0x564fadf11196 <unknown>\n#18 0x7f183aa94ac3 <unknown>",
        "time" : {
          "start" : 1733090196936,
          "stop" : 1733090217140,
          "duration" : 20204
        }
      }, {
        "uid" : "d2f45a34d52d9f50",
        "reportUrl" : "https://Brain-up.github.io/auto-tests-python/404//#testresult/d2f45a34d52d9f50",
        "status" : "skipped",
        "statusDetails" : "XFAIL\n\nselenium.common.exceptions.TimeoutException: Message: Can't find element by locator ('xpath', '//button[@data-test-active-link=\"Similar phrases\"]')\nStacktrace:\n#0 0x5586e19b131a <unknown>\n#1 0x5586e14c76e0 <unknown>\n#2 0x5586e15163e6 <unknown>\n#3 0x5586e1516681 <unknown>\n#4 0x5586e155bb04 <unknown>\n#5 0x5586e153a48d <unknown>\n#6 0x5586e1558ed7 <unknown>\n#7 0x5586e153a203 <unknown>\n#8 0x5586e1508cc0 <unknown>\n#9 0x5586e1509c9e <unknown>\n#10 0x5586e197ed0b <unknown>\n#11 0x5586e1982c92 <unknown>\n#12 0x5586e196bb3c <unknown>\n#13 0x5586e1983807 <unknown>\n#14 0x5586e19510df <unknown>\n#15 0x5586e19a0578 <unknown>\n#16 0x5586e19a0740 <unknown>\n#17 0x5586e19b0196 <unknown>\n#18 0x7fdd9a694ac3 <unknown>",
        "time" : {
          "start" : 1733087910001,
          "stop" : 1733087930206,
          "duration" : 20205
        }
      }, {
        "uid" : "75562e93ea61a853",
        "reportUrl" : "https://Brain-up.github.io/auto-tests-python/200//#testresult/75562e93ea61a853",
        "status" : "skipped",
        "statusDetails" : "XFAIL\n\nselenium.common.exceptions.TimeoutException: Message: Can't find element by locator ('xpath', '//button[@data-test-active-link=\"Similar phrases\"]')\nStacktrace:\n#0 0x558256a3931a <unknown>\n#1 0x55825654f6e0 <unknown>\n#2 0x55825659e3e6 <unknown>\n#3 0x55825659e681 <unknown>\n#4 0x5582565e3b04 <unknown>\n#5 0x5582565c248d <unknown>\n#6 0x5582565e0ed7 <unknown>\n#7 0x5582565c2203 <unknown>\n#8 0x558256590cc0 <unknown>\n#9 0x558256591c9e <unknown>\n#10 0x558256a06d0b <unknown>\n#11 0x558256a0ac92 <unknown>\n#12 0x5582569f3b3c <unknown>\n#13 0x558256a0b807 <unknown>\n#14 0x5582569d90df <unknown>\n#15 0x558256a28578 <unknown>\n#16 0x558256a28740 <unknown>\n#17 0x558256a38196 <unknown>\n#18 0x7f2f99a94ac3 <unknown>",
        "time" : {
          "start" : 1733016694205,
          "stop" : 1733016714473,
          "duration" : 20268
        }
      }, {
        "uid" : "8ad5c249ac24261c",
        "reportUrl" : "https://Brain-up.github.io/auto-tests-python/199//#testresult/8ad5c249ac24261c",
        "status" : "skipped",
        "statusDetails" : "XFAIL\n\nselenium.common.exceptions.TimeoutException: Message: Can't find element by locator ('xpath', '//button[@data-test-active-link=\"Similar phrases\"]')\nStacktrace:\n#0 0x5647c4f5e31a <unknown>\n#1 0x5647c4a746e0 <unknown>\n#2 0x5647c4ac33e6 <unknown>\n#3 0x5647c4ac3681 <unknown>\n#4 0x5647c4b08b04 <unknown>\n#5 0x5647c4ae748d <unknown>\n#6 0x5647c4b05ed7 <unknown>\n#7 0x5647c4ae7203 <unknown>\n#8 0x5647c4ab5cc0 <unknown>\n#9 0x5647c4ab6c9e <unknown>\n#10 0x5647c4f2bd0b <unknown>\n#11 0x5647c4f2fc92 <unknown>\n#12 0x5647c4f18b3c <unknown>\n#13 0x5647c4f30807 <unknown>\n#14 0x5647c4efe0df <unknown>\n#15 0x5647c4f4d578 <unknown>\n#16 0x5647c4f4d740 <unknown>\n#17 0x5647c4f5d196 <unknown>\n#18 0x7faa60494ac3 <unknown>",
        "time" : {
          "start" : 1732929406368,
          "stop" : 1732929426569,
          "duration" : 20201
        }
      }, {
        "uid" : "e3e3357ed6adf078",
        "reportUrl" : "https://Brain-up.github.io/auto-tests-python/198//#testresult/e3e3357ed6adf078",
        "status" : "skipped",
        "statusDetails" : "XFAIL\n\nselenium.common.exceptions.TimeoutException: Message: Can't find element by locator ('xpath', '//button[@data-test-active-link=\"Similar phrases\"]')\nStacktrace:\n#0 0x55e69dd1631a <unknown>\n#1 0x55e69d82c6e0 <unknown>\n#2 0x55e69d87b3e6 <unknown>\n#3 0x55e69d87b681 <unknown>\n#4 0x55e69d8c0b04 <unknown>\n#5 0x55e69d89f48d <unknown>\n#6 0x55e69d8bded7 <unknown>\n#7 0x55e69d89f203 <unknown>\n#8 0x55e69d86dcc0 <unknown>\n#9 0x55e69d86ec9e <unknown>\n#10 0x55e69dce3d0b <unknown>\n#11 0x55e69dce7c92 <unknown>\n#12 0x55e69dcd0b3c <unknown>\n#13 0x55e69dce8807 <unknown>\n#14 0x55e69dcb60df <unknown>\n#15 0x55e69dd05578 <unknown>\n#16 0x55e69dd05740 <unknown>\n#17 0x55e69dd15196 <unknown>\n#18 0x7f6f54694ac3 <unknown>",
        "time" : {
          "start" : 1732843091967,
          "stop" : 1732843112161,
          "duration" : 20194
        }
      }, {
        "uid" : "112120fcdbb121a0",
        "reportUrl" : "https://Brain-up.github.io/auto-tests-python/403//#testresult/112120fcdbb121a0",
        "status" : "skipped",
        "statusDetails" : "XFAIL\n\nselenium.common.exceptions.TimeoutException: Message: Can't find element by locator ('xpath', '//button[@data-test-active-link=\"Similar phrases\"]')\nStacktrace:\n#0 0x55892b5dc31a <unknown>\n#1 0x55892b0f26e0 <unknown>\n#2 0x55892b1413e6 <unknown>\n#3 0x55892b141681 <unknown>\n#4 0x55892b186b04 <unknown>\n#5 0x55892b16548d <unknown>\n#6 0x55892b183ed7 <unknown>\n#7 0x55892b165203 <unknown>\n#8 0x55892b133cc0 <unknown>\n#9 0x55892b134c9e <unknown>\n#10 0x55892b5a9d0b <unknown>\n#11 0x55892b5adc92 <unknown>\n#12 0x55892b596b3c <unknown>\n#13 0x55892b5ae807 <unknown>\n#14 0x55892b57c0df <unknown>\n#15 0x55892b5cb578 <unknown>\n#16 0x55892b5cb740 <unknown>\n#17 0x55892b5db196 <unknown>\n#18 0x7f8081094ac3 <unknown>",
        "time" : {
          "start" : 1732831372601,
          "stop" : 1732831392840,
          "duration" : 20239
        }
      } ]
    },
    "tags" : [ "@pytest.mark.xfail" ]
  },
  "source" : "8fa291cc8f879848.json",
  "parameterValues" : [ ]
}