{
  "uid" : "f4c2dcca41a2b1d5",
  "name" : "Select random card from \"Word\" group and compare UI vs BACKEND data",
  "fullName" : "tests.test_speech_exercises_en.TestCardsEN#test_random_word_cards_en",
  "historyId" : "84999af5e98c6318908a9abbfe6fc3a3",
  "time" : {
    "start" : 1733863089608,
    "stop" : 1733863109833,
    "duration" : 20225
  },
  "status" : "skipped",
  "statusMessage" : "XFAIL\n\nselenium.common.exceptions.TimeoutException: Message: Can't find element by locator ('xpath', '//button[@data-test-active-link=\"Words\"]')\nStacktrace:\n#0 0x55f89809431a <unknown>\n#1 0x55f897baa6e0 <unknown>\n#2 0x55f897bf93e6 <unknown>\n#3 0x55f897bf9681 <unknown>\n#4 0x55f897c3eb04 <unknown>\n#5 0x55f897c1d48d <unknown>\n#6 0x55f897c3bed7 <unknown>\n#7 0x55f897c1d203 <unknown>\n#8 0x55f897bebcc0 <unknown>\n#9 0x55f897becc9e <unknown>\n#10 0x55f898061d0b <unknown>\n#11 0x55f898065c92 <unknown>\n#12 0x55f89804eb3c <unknown>\n#13 0x55f898066807 <unknown>\n#14 0x55f8980340df <unknown>\n#15 0x55f898083578 <unknown>\n#16 0x55f898083740 <unknown>\n#17 0x55f898093196 <unknown>\n#18 0x7f5119294ac3 <unknown>",
  "statusTrace" : "self = <tests.test_speech_exercises_en.TestCardsEN object at 0x7effde3a7800>\ndriver = <selenium.webdriver.chrome.webdriver.WebDriver (session=\"499367a0ade3f77cd380b7da7481617f\")>\nspecialist_user_authorized = None\n\n    @pytest.mark.xfail\n    @allure.suite(\"Speech exercises EN.\")\n    @allure.title('Select random card from \"Word\" group and compare UI vs BACKEND data')\n    def test_random_word_cards_en(self, driver, specialist_user_authorized):\n        page = SpeechExercisesPage(driver)\n>       page.select_group(SpeechExercisesPageLocators.WORDS_BUTTON_EN)\n\ntests/test_speech_exercises_en.py:16: \n_ _ _ _ _ _ _ _ _ _ _ _ _ _ _ _ _ _ _ _ _ _ _ _ _ _ _ _ _ _ _ _ _ _ _ _ _ _ _ _ \npages/speech_exercises_page_en.py:18: in select_group\n    text_of_the_button = self.element_is_present_and_clickable(selector_for_sub_group)\npages/base_page.py:32: in element_is_present_and_clickable\n    return (Wait(self.driver, self.timeout).until(\n_ _ _ _ _ _ _ _ _ _ _ _ _ _ _ _ _ _ _ _ _ _ _ _ _ _ _ _ _ _ _ _ _ _ _ _ _ _ _ _ \n\nself = <selenium.webdriver.support.wait.WebDriverWait (session=\"499367a0ade3f77cd380b7da7481617f\")>\nmethod = <function visibility_of_element_located.<locals>._predicate at 0x7effde557ec0>\nmessage = 'Can\\'t find element by locator (\\'xpath\\', \\'//button[@data-test-active-link=\"Words\"]\\')'\n\n    def until(self, method, message: str = \"\"):\n        \"\"\"Calls the method provided with the driver as an argument until the \\\n        return value does not evaluate to ``False``.\n    \n        :param method: callable(WebDriver)\n        :param message: optional message for :exc:`TimeoutException`\n        :returns: the result of the last call to `method`\n        :raises: :exc:`selenium.common.exceptions.TimeoutException` if timeout occurs\n        \"\"\"\n        screen = None\n        stacktrace = None\n    \n        end_time = time.monotonic() + self._timeout\n        while True:\n            try:\n                value = method(self._driver)\n                if value:\n                    return value\n            except self._ignored_exceptions as exc:\n                screen = getattr(exc, \"screen\", None)\n                stacktrace = getattr(exc, \"stacktrace\", None)\n            time.sleep(self._poll)\n            if time.monotonic() > end_time:\n                break\n>       raise TimeoutException(message, screen, stacktrace)\nE       selenium.common.exceptions.TimeoutException: Message: Can't find element by locator ('xpath', '//button[@data-test-active-link=\"Words\"]')\nE       Stacktrace:\nE       #0 0x55f89809431a <unknown>\nE       #1 0x55f897baa6e0 <unknown>\nE       #2 0x55f897bf93e6 <unknown>\nE       #3 0x55f897bf9681 <unknown>\nE       #4 0x55f897c3eb04 <unknown>\nE       #5 0x55f897c1d48d <unknown>\nE       #6 0x55f897c3bed7 <unknown>\nE       #7 0x55f897c1d203 <unknown>\nE       #8 0x55f897bebcc0 <unknown>\nE       #9 0x55f897becc9e <unknown>\nE       #10 0x55f898061d0b <unknown>\nE       #11 0x55f898065c92 <unknown>\nE       #12 0x55f89804eb3c <unknown>\nE       #13 0x55f898066807 <unknown>\nE       #14 0x55f8980340df <unknown>\nE       #15 0x55f898083578 <unknown>\nE       #16 0x55f898083740 <unknown>\nE       #17 0x55f898093196 <unknown>\nE       #18 0x7f5119294ac3 <unknown>\n\n/opt/hostedtoolcache/Python/3.12.7/x64/lib/python3.12/site-packages/selenium/webdriver/support/wait.py:95: TimeoutException",
  "flaky" : false,
  "newFailed" : false,
  "beforeStages" : [ {
    "name" : "clear_allure_results_folder",
    "time" : {
      "start" : 1733862192348,
      "stop" : 1733862192348,
      "duration" : 0
    },
    "status" : "passed",
    "steps" : [ ],
    "attachments" : [ ],
    "parameters" : [ ],
    "hasContent" : false,
    "stepsCount" : 0,
    "attachmentsCount" : 0,
    "shouldDisplayMessage" : false
  }, {
    "name" : "specialist_user_authorized",
    "time" : {
      "start" : 1733863087174,
      "stop" : 1733863089608,
      "duration" : 2434
    },
    "status" : "passed",
    "steps" : [ {
      "name" : "USER specialist authorized",
      "time" : {
        "start" : 1733863087174,
        "stop" : 1733863089608,
        "duration" : 2434
      },
      "status" : "passed",
      "steps" : [ {
        "name" : "Check url is present: https://www.brainup.site/groups",
        "time" : {
          "start" : 1733863087569,
          "stop" : 1733863089587,
          "duration" : 2018
        },
        "status" : "passed",
        "steps" : [ ],
        "attachments" : [ ],
        "parameters" : [ ],
        "hasContent" : false,
        "stepsCount" : 0,
        "attachmentsCount" : 0,
        "shouldDisplayMessage" : false
      }, {
        "name" : "Loader checking",
        "time" : {
          "start" : 1733863089587,
          "stop" : 1733863089608,
          "duration" : 21
        },
        "status" : "passed",
        "steps" : [ ],
        "attachments" : [ ],
        "parameters" : [ ],
        "hasContent" : false,
        "stepsCount" : 0,
        "attachmentsCount" : 0,
        "shouldDisplayMessage" : false
      } ],
      "attachments" : [ ],
      "parameters" : [ {
        "name" : "driver",
        "value" : "<selenium.webdriver.chrome.webdriver.WebDriver (session=\"499367a0ade3f77cd380b7da7481617f\")>"
      }, {
        "name" : "main_page_open",
        "value" : "None"
      } ],
      "hasContent" : true,
      "stepsCount" : 2,
      "attachmentsCount" : 0,
      "shouldDisplayMessage" : false
    } ],
    "attachments" : [ ],
    "parameters" : [ ],
    "hasContent" : true,
    "stepsCount" : 3,
    "attachmentsCount" : 0,
    "shouldDisplayMessage" : false
  }, {
    "name" : "main_page_open",
    "time" : {
      "start" : 1733863084303,
      "stop" : 1733863087174,
      "duration" : 2871
    },
    "status" : "passed",
    "steps" : [ {
      "name" : "Open page: https://www.brainup.site/",
      "time" : {
        "start" : 1733863084303,
        "stop" : 1733863087174,
        "duration" : 2871
      },
      "status" : "passed",
      "steps" : [ ],
      "attachments" : [ ],
      "parameters" : [ {
        "name" : "driver",
        "value" : "<selenium.webdriver.chrome.webdriver.WebDriver (session=\"499367a0ade3f77cd380b7da7481617f\")>"
      } ],
      "hasContent" : true,
      "stepsCount" : 0,
      "attachmentsCount" : 0,
      "shouldDisplayMessage" : false
    } ],
    "attachments" : [ ],
    "parameters" : [ ],
    "hasContent" : true,
    "stepsCount" : 1,
    "attachmentsCount" : 0,
    "shouldDisplayMessage" : false
  }, {
    "name" : "driver",
    "time" : {
      "start" : 1733863083531,
      "stop" : 1733863084303,
      "duration" : 772
    },
    "status" : "passed",
    "steps" : [ ],
    "attachments" : [ ],
    "parameters" : [ ],
    "hasContent" : false,
    "stepsCount" : 0,
    "attachmentsCount" : 0,
    "shouldDisplayMessage" : false
  } ],
  "testStage" : {
    "status" : "skipped",
    "statusMessage" : "XFAIL\n\nselenium.common.exceptions.TimeoutException: Message: Can't find element by locator ('xpath', '//button[@data-test-active-link=\"Words\"]')\nStacktrace:\n#0 0x55f89809431a <unknown>\n#1 0x55f897baa6e0 <unknown>\n#2 0x55f897bf93e6 <unknown>\n#3 0x55f897bf9681 <unknown>\n#4 0x55f897c3eb04 <unknown>\n#5 0x55f897c1d48d <unknown>\n#6 0x55f897c3bed7 <unknown>\n#7 0x55f897c1d203 <unknown>\n#8 0x55f897bebcc0 <unknown>\n#9 0x55f897becc9e <unknown>\n#10 0x55f898061d0b <unknown>\n#11 0x55f898065c92 <unknown>\n#12 0x55f89804eb3c <unknown>\n#13 0x55f898066807 <unknown>\n#14 0x55f8980340df <unknown>\n#15 0x55f898083578 <unknown>\n#16 0x55f898083740 <unknown>\n#17 0x55f898093196 <unknown>\n#18 0x7f5119294ac3 <unknown>",
    "statusTrace" : "self = <tests.test_speech_exercises_en.TestCardsEN object at 0x7effde3a7800>\ndriver = <selenium.webdriver.chrome.webdriver.WebDriver (session=\"499367a0ade3f77cd380b7da7481617f\")>\nspecialist_user_authorized = None\n\n    @pytest.mark.xfail\n    @allure.suite(\"Speech exercises EN.\")\n    @allure.title('Select random card from \"Word\" group and compare UI vs BACKEND data')\n    def test_random_word_cards_en(self, driver, specialist_user_authorized):\n        page = SpeechExercisesPage(driver)\n>       page.select_group(SpeechExercisesPageLocators.WORDS_BUTTON_EN)\n\ntests/test_speech_exercises_en.py:16: \n_ _ _ _ _ _ _ _ _ _ _ _ _ _ _ _ _ _ _ _ _ _ _ _ _ _ _ _ _ _ _ _ _ _ _ _ _ _ _ _ \npages/speech_exercises_page_en.py:18: in select_group\n    text_of_the_button = self.element_is_present_and_clickable(selector_for_sub_group)\npages/base_page.py:32: in element_is_present_and_clickable\n    return (Wait(self.driver, self.timeout).until(\n_ _ _ _ _ _ _ _ _ _ _ _ _ _ _ _ _ _ _ _ _ _ _ _ _ _ _ _ _ _ _ _ _ _ _ _ _ _ _ _ \n\nself = <selenium.webdriver.support.wait.WebDriverWait (session=\"499367a0ade3f77cd380b7da7481617f\")>\nmethod = <function visibility_of_element_located.<locals>._predicate at 0x7effde557ec0>\nmessage = 'Can\\'t find element by locator (\\'xpath\\', \\'//button[@data-test-active-link=\"Words\"]\\')'\n\n    def until(self, method, message: str = \"\"):\n        \"\"\"Calls the method provided with the driver as an argument until the \\\n        return value does not evaluate to ``False``.\n    \n        :param method: callable(WebDriver)\n        :param message: optional message for :exc:`TimeoutException`\n        :returns: the result of the last call to `method`\n        :raises: :exc:`selenium.common.exceptions.TimeoutException` if timeout occurs\n        \"\"\"\n        screen = None\n        stacktrace = None\n    \n        end_time = time.monotonic() + self._timeout\n        while True:\n            try:\n                value = method(self._driver)\n                if value:\n                    return value\n            except self._ignored_exceptions as exc:\n                screen = getattr(exc, \"screen\", None)\n                stacktrace = getattr(exc, \"stacktrace\", None)\n            time.sleep(self._poll)\n            if time.monotonic() > end_time:\n                break\n>       raise TimeoutException(message, screen, stacktrace)\nE       selenium.common.exceptions.TimeoutException: Message: Can't find element by locator ('xpath', '//button[@data-test-active-link=\"Words\"]')\nE       Stacktrace:\nE       #0 0x55f89809431a <unknown>\nE       #1 0x55f897baa6e0 <unknown>\nE       #2 0x55f897bf93e6 <unknown>\nE       #3 0x55f897bf9681 <unknown>\nE       #4 0x55f897c3eb04 <unknown>\nE       #5 0x55f897c1d48d <unknown>\nE       #6 0x55f897c3bed7 <unknown>\nE       #7 0x55f897c1d203 <unknown>\nE       #8 0x55f897bebcc0 <unknown>\nE       #9 0x55f897becc9e <unknown>\nE       #10 0x55f898061d0b <unknown>\nE       #11 0x55f898065c92 <unknown>\nE       #12 0x55f89804eb3c <unknown>\nE       #13 0x55f898066807 <unknown>\nE       #14 0x55f8980340df <unknown>\nE       #15 0x55f898083578 <unknown>\nE       #16 0x55f898083740 <unknown>\nE       #17 0x55f898093196 <unknown>\nE       #18 0x7f5119294ac3 <unknown>\n\n/opt/hostedtoolcache/Python/3.12.7/x64/lib/python3.12/site-packages/selenium/webdriver/support/wait.py:95: TimeoutException",
    "steps" : [ {
      "name" : "select_group",
      "time" : {
        "start" : 1733863089608,
        "stop" : 1733863109833,
        "duration" : 20225
      },
      "status" : "broken",
      "statusMessage" : "selenium.common.exceptions.TimeoutException: Message: Can't find element by locator ('xpath', '//button[@data-test-active-link=\"Words\"]')\nStacktrace:\n#0 0x55f89809431a <unknown>\n#1 0x55f897baa6e0 <unknown>\n#2 0x55f897bf93e6 <unknown>\n#3 0x55f897bf9681 <unknown>\n#4 0x55f897c3eb04 <unknown>\n#5 0x55f897c1d48d <unknown>\n#6 0x55f897c3bed7 <unknown>\n#7 0x55f897c1d203 <unknown>\n#8 0x55f897bebcc0 <unknown>\n#9 0x55f897becc9e <unknown>\n#10 0x55f898061d0b <unknown>\n#11 0x55f898065c92 <unknown>\n#12 0x55f89804eb3c <unknown>\n#13 0x55f898066807 <unknown>\n#14 0x55f8980340df <unknown>\n#15 0x55f898083578 <unknown>\n#16 0x55f898083740 <unknown>\n#17 0x55f898093196 <unknown>\n#18 0x7f5119294ac3 <unknown>\n\n",
      "statusTrace" : "  File \"/opt/hostedtoolcache/Python/3.12.7/x64/lib/python3.12/site-packages/allure_commons/_allure.py\", line 192, in impl\n    return func(*a, **kw)\n           ^^^^^^^^^^^^^^\n  File \"/home/runner/work/auto-tests-python/auto-tests-python/pages/speech_exercises_page_en.py\", line 18, in select_group\n    text_of_the_button = self.element_is_present_and_clickable(selector_for_sub_group)\n                         ^^^^^^^^^^^^^^^^^^^^^^^^^^^^^^^^^^^^^^^^^^^^^^^^^^^^^^^^^^^^^\n  File \"/home/runner/work/auto-tests-python/auto-tests-python/pages/base_page.py\", line 32, in element_is_present_and_clickable\n    return (Wait(self.driver, self.timeout).until(\n            ^^^^^^^^^^^^^^^^^^^^^^^^^^^^^^^^^^^^^^\n  File \"/opt/hostedtoolcache/Python/3.12.7/x64/lib/python3.12/site-packages/selenium/webdriver/support/wait.py\", line 95, in until\n    raise TimeoutException(message, screen, stacktrace)\n",
      "steps" : [ {
        "name" : "Select Russian language. Click \"EN\" button.",
        "time" : {
          "start" : 1733863089608,
          "stop" : 1733863089689,
          "duration" : 81
        },
        "status" : "passed",
        "steps" : [ ],
        "attachments" : [ ],
        "parameters" : [ ],
        "hasContent" : false,
        "stepsCount" : 0,
        "attachmentsCount" : 0,
        "shouldDisplayMessage" : false
      }, {
        "name" : "Click button \"SPEECH EXERCISES\".",
        "time" : {
          "start" : 1733863089689,
          "stop" : 1733863089764,
          "duration" : 75
        },
        "status" : "passed",
        "steps" : [ ],
        "attachments" : [ ],
        "parameters" : [ ],
        "hasContent" : false,
        "stepsCount" : 0,
        "attachmentsCount" : 0,
        "shouldDisplayMessage" : false
      } ],
      "attachments" : [ ],
      "parameters" : [ {
        "name" : "selector_for_sub_group",
        "value" : "('xpath', '//button[@data-test-active-link=\"Words\"]')"
      } ],
      "hasContent" : true,
      "stepsCount" : 2,
      "attachmentsCount" : 0,
      "shouldDisplayMessage" : true
    } ],
    "attachments" : [ ],
    "parameters" : [ ],
    "hasContent" : true,
    "stepsCount" : 3,
    "attachmentsCount" : 0,
    "shouldDisplayMessage" : true
  },
  "afterStages" : [ {
    "name" : "driver::0",
    "time" : {
      "start" : 1733863109875,
      "stop" : 1733863109947,
      "duration" : 72
    },
    "status" : "passed",
    "steps" : [ ],
    "attachments" : [ ],
    "parameters" : [ ],
    "hasContent" : false,
    "stepsCount" : 0,
    "attachmentsCount" : 0,
    "shouldDisplayMessage" : false
  } ],
  "labels" : [ {
    "name" : "suite",
    "value" : "Speech exercises EN."
  }, {
    "name" : "epic",
    "value" : "Speech exercises."
  }, {
    "name" : "tag",
    "value" : "@pytest.mark.xfail"
  }, {
    "name" : "parentSuite",
    "value" : "tests"
  }, {
    "name" : "subSuite",
    "value" : "TestCardsEN"
  }, {
    "name" : "host",
    "value" : "fv-az1432-566"
  }, {
    "name" : "thread",
    "value" : "2260-MainThread"
  }, {
    "name" : "framework",
    "value" : "pytest"
  }, {
    "name" : "language",
    "value" : "cpython3"
  }, {
    "name" : "package",
    "value" : "tests.test_speech_exercises_en"
  }, {
    "name" : "resultFormat",
    "value" : "allure2"
  } ],
  "parameters" : [ ],
  "links" : [ ],
  "hidden" : false,
  "retry" : false,
  "extra" : {
    "severity" : "normal",
    "retries" : [ ],
    "categories" : [ ],
    "history" : {
      "statistic" : {
        "failed" : 0,
        "broken" : 0,
        "skipped" : 46,
        "passed" : 2,
        "unknown" : 0,
        "total" : 48
      },
      "items" : [ {
        "uid" : "890a443ae9d3b789",
        "reportUrl" : "https://Brain-up.github.io/auto-tests-python/209//#testresult/890a443ae9d3b789",
        "status" : "skipped",
        "statusDetails" : "XFAIL\n\nselenium.common.exceptions.TimeoutException: Message: Can't find element by locator ('xpath', '//button[@data-test-active-link=\"Words\"]')\nStacktrace:\n#0 0x5575e134a31a <unknown>\n#1 0x5575e0e606e0 <unknown>\n#2 0x5575e0eaf3e6 <unknown>\n#3 0x5575e0eaf681 <unknown>\n#4 0x5575e0ef4b04 <unknown>\n#5 0x5575e0ed348d <unknown>\n#6 0x5575e0ef1ed7 <unknown>\n#7 0x5575e0ed3203 <unknown>\n#8 0x5575e0ea1cc0 <unknown>\n#9 0x5575e0ea2c9e <unknown>\n#10 0x5575e1317d0b <unknown>\n#11 0x5575e131bc92 <unknown>\n#12 0x5575e1304b3c <unknown>\n#13 0x5575e131c807 <unknown>\n#14 0x5575e12ea0df <unknown>\n#15 0x5575e1339578 <unknown>\n#16 0x5575e1339740 <unknown>\n#17 0x5575e1349196 <unknown>\n#18 0x7f287b494ac3 <unknown>",
        "time" : {
          "start" : 1733794095781,
          "stop" : 1733794116020,
          "duration" : 20239
        }
      }, {
        "uid" : "f3c83ca01cad1b5c",
        "reportUrl" : "https://Brain-up.github.io/auto-tests-python/411//#testresult/f3c83ca01cad1b5c",
        "status" : "skipped",
        "statusDetails" : "XFAIL\n\nselenium.common.exceptions.TimeoutException: Message: Can't find element by locator ('xpath', '//button[@data-test-active-link=\"Words\"]')\nStacktrace:\n#0 0x56086df5831a <unknown>\n#1 0x56086da6e6e0 <unknown>\n#2 0x56086dabd3e6 <unknown>\n#3 0x56086dabd681 <unknown>\n#4 0x56086db02b04 <unknown>\n#5 0x56086dae148d <unknown>\n#6 0x56086daffed7 <unknown>\n#7 0x56086dae1203 <unknown>\n#8 0x56086daafcc0 <unknown>\n#9 0x56086dab0c9e <unknown>\n#10 0x56086df25d0b <unknown>\n#11 0x56086df29c92 <unknown>\n#12 0x56086df12b3c <unknown>\n#13 0x56086df2a807 <unknown>\n#14 0x56086def80df <unknown>\n#15 0x56086df47578 <unknown>\n#16 0x56086df47740 <unknown>\n#17 0x56086df57196 <unknown>\n#18 0x7f52cd094ac3 <unknown>",
        "time" : {
          "start" : 1733693999505,
          "stop" : 1733694019734,
          "duration" : 20229
        }
      }, {
        "uid" : "9e1f716e2e1aba9f",
        "reportUrl" : "https://Brain-up.github.io/auto-tests-python/410//#testresult/9e1f716e2e1aba9f",
        "status" : "skipped",
        "statusDetails" : "XFAIL\n\nselenium.common.exceptions.TimeoutException: Message: Can't find element by locator ('xpath', '//button[@data-test-active-link=\"Words\"]')\nStacktrace:\n#0 0x561ef933131a <unknown>\n#1 0x561ef8e476e0 <unknown>\n#2 0x561ef8e963e6 <unknown>\n#3 0x561ef8e96681 <unknown>\n#4 0x561ef8edbb04 <unknown>\n#5 0x561ef8eba48d <unknown>\n#6 0x561ef8ed8ed7 <unknown>\n#7 0x561ef8eba203 <unknown>\n#8 0x561ef8e88cc0 <unknown>\n#9 0x561ef8e89c9e <unknown>\n#10 0x561ef92fed0b <unknown>\n#11 0x561ef9302c92 <unknown>\n#12 0x561ef92ebb3c <unknown>\n#13 0x561ef9303807 <unknown>\n#14 0x561ef92d10df <unknown>\n#15 0x561ef9320578 <unknown>\n#16 0x561ef9320740 <unknown>\n#17 0x561ef9330196 <unknown>\n#18 0x7f0555094ac3 <unknown>",
        "time" : {
          "start" : 1733691451765,
          "stop" : 1733691471977,
          "duration" : 20212
        }
      }, {
        "uid" : "3dfc45fb339440d7",
        "reportUrl" : "https://Brain-up.github.io/auto-tests-python/207//#testresult/3dfc45fb339440d7",
        "status" : "skipped",
        "statusDetails" : "XFAIL\n\nselenium.common.exceptions.TimeoutException: Message: Can't find element by locator ('xpath', '//button[@data-test-active-link=\"Words\"]')\nStacktrace:\n#0 0x55762e3a731a <unknown>\n#1 0x55762debd6e0 <unknown>\n#2 0x55762df0c3e6 <unknown>\n#3 0x55762df0c681 <unknown>\n#4 0x55762df51b04 <unknown>\n#5 0x55762df3048d <unknown>\n#6 0x55762df4eed7 <unknown>\n#7 0x55762df30203 <unknown>\n#8 0x55762defecc0 <unknown>\n#9 0x55762deffc9e <unknown>\n#10 0x55762e374d0b <unknown>\n#11 0x55762e378c92 <unknown>\n#12 0x55762e361b3c <unknown>\n#13 0x55762e379807 <unknown>\n#14 0x55762e3470df <unknown>\n#15 0x55762e396578 <unknown>\n#16 0x55762e396740 <unknown>\n#17 0x55762e3a6196 <unknown>\n#18 0x7f6da6294ac3 <unknown>",
        "time" : {
          "start" : 1733621005961,
          "stop" : 1733621026243,
          "duration" : 20282
        }
      }, {
        "uid" : "43f93d323a11fee9",
        "reportUrl" : "https://Brain-up.github.io/auto-tests-python/409//#testresult/43f93d323a11fee9",
        "status" : "passed",
        "statusDetails" : "XPASS",
        "time" : {
          "start" : 1733553720100,
          "stop" : 1733553728091,
          "duration" : 7991
        }
      }, {
        "uid" : "e9ba575646842801",
        "reportUrl" : "https://Brain-up.github.io/auto-tests-python/206//#testresult/e9ba575646842801",
        "status" : "skipped",
        "statusDetails" : "XFAIL\n\nselenium.common.exceptions.TimeoutException: Message: Can't find element by locator ('xpath', '//button[@data-test-active-link=\"Words\"]')\nStacktrace:\n#0 0x56462efc231a <unknown>\n#1 0x56462ead86e0 <unknown>\n#2 0x56462eb273e6 <unknown>\n#3 0x56462eb27681 <unknown>\n#4 0x56462eb6cb04 <unknown>\n#5 0x56462eb4b48d <unknown>\n#6 0x56462eb69ed7 <unknown>\n#7 0x56462eb4b203 <unknown>\n#8 0x56462eb19cc0 <unknown>\n#9 0x56462eb1ac9e <unknown>\n#10 0x56462ef8fd0b <unknown>\n#11 0x56462ef93c92 <unknown>\n#12 0x56462ef7cb3c <unknown>\n#13 0x56462ef94807 <unknown>\n#14 0x56462ef620df <unknown>\n#15 0x56462efb1578 <unknown>\n#16 0x56462efb1740 <unknown>\n#17 0x56462efc1196 <unknown>\n#18 0x7f904a894ac3 <unknown>",
        "time" : {
          "start" : 1733534118754,
          "stop" : 1733534138935,
          "duration" : 20181
        }
      }, {
        "uid" : "7564bcf982a33a59",
        "reportUrl" : "https://Brain-up.github.io/auto-tests-python/408//#testresult/7564bcf982a33a59",
        "status" : "skipped",
        "statusDetails" : "XFAIL\n\nselenium.common.exceptions.TimeoutException: Message: Can't find element by locator ('xpath', '//button[@data-test-active-link=\"Words\"]')\nStacktrace:\n#0 0x563e473c531a <unknown>\n#1 0x563e46edb6e0 <unknown>\n#2 0x563e46f2a3e6 <unknown>\n#3 0x563e46f2a681 <unknown>\n#4 0x563e46f6fb04 <unknown>\n#5 0x563e46f4e48d <unknown>\n#6 0x563e46f6ced7 <unknown>\n#7 0x563e46f4e203 <unknown>\n#8 0x563e46f1ccc0 <unknown>\n#9 0x563e46f1dc9e <unknown>\n#10 0x563e47392d0b <unknown>\n#11 0x563e47396c92 <unknown>\n#12 0x563e4737fb3c <unknown>\n#13 0x563e47397807 <unknown>\n#14 0x563e473650df <unknown>\n#15 0x563e473b4578 <unknown>\n#16 0x563e473b4740 <unknown>\n#17 0x563e473c4196 <unknown>\n#18 0x7f3a47894ac3 <unknown>",
        "time" : {
          "start" : 1733517946773,
          "stop" : 1733517966974,
          "duration" : 20201
        }
      }, {
        "uid" : "fc41fed5062591a8",
        "reportUrl" : "https://Brain-up.github.io/auto-tests-python/205//#testresult/fc41fed5062591a8",
        "status" : "skipped",
        "statusDetails" : "XFAIL\n\nselenium.common.exceptions.TimeoutException: Message: Can't find element by locator ('xpath', '//button[@data-test-active-link=\"Words\"]')\nStacktrace:\n#0 0x55b422ba331a <unknown>\n#1 0x55b4226b96e0 <unknown>\n#2 0x55b4227083e6 <unknown>\n#3 0x55b422708681 <unknown>\n#4 0x55b42274db04 <unknown>\n#5 0x55b42272c48d <unknown>\n#6 0x55b42274aed7 <unknown>\n#7 0x55b42272c203 <unknown>\n#8 0x55b4226facc0 <unknown>\n#9 0x55b4226fbc9e <unknown>\n#10 0x55b422b70d0b <unknown>\n#11 0x55b422b74c92 <unknown>\n#12 0x55b422b5db3c <unknown>\n#13 0x55b422b75807 <unknown>\n#14 0x55b422b430df <unknown>\n#15 0x55b422b92578 <unknown>\n#16 0x55b422b92740 <unknown>\n#17 0x55b422ba2196 <unknown>\n#18 0x7f216c894ac3 <unknown>",
        "time" : {
          "start" : 1733447962432,
          "stop" : 1733447982669,
          "duration" : 20237
        }
      }, {
        "uid" : "c3bb50c8dbc2381",
        "reportUrl" : "https://Brain-up.github.io/auto-tests-python/407//#testresult/c3bb50c8dbc2381",
        "status" : "skipped",
        "statusDetails" : "XFAIL\n\nselenium.common.exceptions.TimeoutException: Message: Can't find element by locator ('xpath', '//button[@data-test-active-link=\"Words\"]')\nStacktrace:\n#0 0x5596ddbb131a <unknown>\n#1 0x5596dd6c76e0 <unknown>\n#2 0x5596dd7163e6 <unknown>\n#3 0x5596dd716681 <unknown>\n#4 0x5596dd75bb04 <unknown>\n#5 0x5596dd73a48d <unknown>\n#6 0x5596dd758ed7 <unknown>\n#7 0x5596dd73a203 <unknown>\n#8 0x5596dd708cc0 <unknown>\n#9 0x5596dd709c9e <unknown>\n#10 0x5596ddb7ed0b <unknown>\n#11 0x5596ddb82c92 <unknown>\n#12 0x5596ddb6bb3c <unknown>\n#13 0x5596ddb83807 <unknown>\n#14 0x5596ddb510df <unknown>\n#15 0x5596ddba0578 <unknown>\n#16 0x5596ddba0740 <unknown>\n#17 0x5596ddbb0196 <unknown>\n#18 0x7fc5f9694ac3 <unknown>",
        "time" : {
          "start" : 1733393344748,
          "stop" : 1733393364986,
          "duration" : 20238
        }
      }, {
        "uid" : "a960047ebb11a2e8",
        "reportUrl" : "https://Brain-up.github.io/auto-tests-python/204//#testresult/a960047ebb11a2e8",
        "status" : "skipped",
        "statusDetails" : "XFAIL\n\nselenium.common.exceptions.TimeoutException: Message: Can't find element by locator ('xpath', '//button[@data-test-active-link=\"Words\"]')\nStacktrace:\n#0 0x56207a60931a <unknown>\n#1 0x56207a11f6e0 <unknown>\n#2 0x56207a16e3e6 <unknown>\n#3 0x56207a16e681 <unknown>\n#4 0x56207a1b3b04 <unknown>\n#5 0x56207a19248d <unknown>\n#6 0x56207a1b0ed7 <unknown>\n#7 0x56207a192203 <unknown>\n#8 0x56207a160cc0 <unknown>\n#9 0x56207a161c9e <unknown>\n#10 0x56207a5d6d0b <unknown>\n#11 0x56207a5dac92 <unknown>\n#12 0x56207a5c3b3c <unknown>\n#13 0x56207a5db807 <unknown>\n#14 0x56207a5a90df <unknown>\n#15 0x56207a5f8578 <unknown>\n#16 0x56207a5f8740 <unknown>\n#17 0x56207a608196 <unknown>\n#18 0x7f0289e94ac3 <unknown>",
        "time" : {
          "start" : 1733361533306,
          "stop" : 1733361553510,
          "duration" : 20204
        }
      }, {
        "uid" : "61b0c1ee555f5563",
        "reportUrl" : "https://Brain-up.github.io/auto-tests-python/406//#testresult/61b0c1ee555f5563",
        "status" : "skipped",
        "statusDetails" : "XFAIL\n\nselenium.common.exceptions.TimeoutException: Message: Can't find element by locator ('xpath', '//button[@data-test-active-link=\"Words\"]')\nStacktrace:\n#0 0x56224ccc631a <unknown>\n#1 0x56224c7dc6e0 <unknown>\n#2 0x56224c82b3e6 <unknown>\n#3 0x56224c82b681 <unknown>\n#4 0x56224c870b04 <unknown>\n#5 0x56224c84f48d <unknown>\n#6 0x56224c86ded7 <unknown>\n#7 0x56224c84f203 <unknown>\n#8 0x56224c81dcc0 <unknown>\n#9 0x56224c81ec9e <unknown>\n#10 0x56224cc93d0b <unknown>\n#11 0x56224cc97c92 <unknown>\n#12 0x56224cc80b3c <unknown>\n#13 0x56224cc98807 <unknown>\n#14 0x56224cc660df <unknown>\n#15 0x56224ccb5578 <unknown>\n#16 0x56224ccb5740 <unknown>\n#17 0x56224ccc5196 <unknown>\n#18 0x7f202d494ac3 <unknown>",
        "time" : {
          "start" : 1733346858356,
          "stop" : 1733346878626,
          "duration" : 20270
        }
      }, {
        "uid" : "9eb191d8dcfd89e2",
        "reportUrl" : "https://Brain-up.github.io/auto-tests-python/203//#testresult/9eb191d8dcfd89e2",
        "status" : "skipped",
        "statusDetails" : "XFAIL\n\nselenium.common.exceptions.TimeoutException: Message: Can't find element by locator ('xpath', '//button[@data-test-active-link=\"Words\"]')\nStacktrace:\n#0 0x55b69b03231a <unknown>\n#1 0x55b69ab486e0 <unknown>\n#2 0x55b69ab973e6 <unknown>\n#3 0x55b69ab97681 <unknown>\n#4 0x55b69abdcb04 <unknown>\n#5 0x55b69abbb48d <unknown>\n#6 0x55b69abd9ed7 <unknown>\n#7 0x55b69abbb203 <unknown>\n#8 0x55b69ab89cc0 <unknown>\n#9 0x55b69ab8ac9e <unknown>\n#10 0x55b69afffd0b <unknown>\n#11 0x55b69b003c92 <unknown>\n#12 0x55b69afecb3c <unknown>\n#13 0x55b69b004807 <unknown>\n#14 0x55b69afd20df <unknown>\n#15 0x55b69b021578 <unknown>\n#16 0x55b69b021740 <unknown>\n#17 0x55b69b031196 <unknown>\n#18 0x7f404cc94ac3 <unknown>",
        "time" : {
          "start" : 1733275084143,
          "stop" : 1733275104339,
          "duration" : 20196
        }
      }, {
        "uid" : "1ec020d5e0ae26f5",
        "reportUrl" : "https://Brain-up.github.io/auto-tests-python/202//#testresult/1ec020d5e0ae26f5",
        "status" : "skipped",
        "statusDetails" : "XFAIL\n\nselenium.common.exceptions.TimeoutException: Message: Can't find element by locator ('xpath', '//button[@data-test-active-link=\"Words\"]')\nStacktrace:\n#0 0x55a9ce68731a <unknown>\n#1 0x55a9ce19d6e0 <unknown>\n#2 0x55a9ce1ec3e6 <unknown>\n#3 0x55a9ce1ec681 <unknown>\n#4 0x55a9ce231b04 <unknown>\n#5 0x55a9ce21048d <unknown>\n#6 0x55a9ce22eed7 <unknown>\n#7 0x55a9ce210203 <unknown>\n#8 0x55a9ce1decc0 <unknown>\n#9 0x55a9ce1dfc9e <unknown>\n#10 0x55a9ce654d0b <unknown>\n#11 0x55a9ce658c92 <unknown>\n#12 0x55a9ce641b3c <unknown>\n#13 0x55a9ce659807 <unknown>\n#14 0x55a9ce6270df <unknown>\n#15 0x55a9ce676578 <unknown>\n#16 0x55a9ce676740 <unknown>\n#17 0x55a9ce686196 <unknown>\n#18 0x7fba93a94ac3 <unknown>",
        "time" : {
          "start" : 1733188662010,
          "stop" : 1733188682219,
          "duration" : 20209
        }
      }, {
        "uid" : "3d9c4e92097309a0",
        "reportUrl" : "https://Brain-up.github.io/auto-tests-python/201//#testresult/3d9c4e92097309a0",
        "status" : "skipped",
        "statusDetails" : "XFAIL\n\nselenium.common.exceptions.TimeoutException: Message: Can't find element by locator ('xpath', '//button[@data-test-active-link=\"Words\"]')\nStacktrace:\n#0 0x5605fbcf731a <unknown>\n#1 0x5605fb80d6e0 <unknown>\n#2 0x5605fb85c3e6 <unknown>\n#3 0x5605fb85c681 <unknown>\n#4 0x5605fb8a1b04 <unknown>\n#5 0x5605fb88048d <unknown>\n#6 0x5605fb89eed7 <unknown>\n#7 0x5605fb880203 <unknown>\n#8 0x5605fb84ecc0 <unknown>\n#9 0x5605fb84fc9e <unknown>\n#10 0x5605fbcc4d0b <unknown>\n#11 0x5605fbcc8c92 <unknown>\n#12 0x5605fbcb1b3c <unknown>\n#13 0x5605fbcc9807 <unknown>\n#14 0x5605fbc970df <unknown>\n#15 0x5605fbce6578 <unknown>\n#16 0x5605fbce6740 <unknown>\n#17 0x5605fbcf6196 <unknown>\n#18 0x7f00e7e94ac3 <unknown>",
        "time" : {
          "start" : 1733102497026,
          "stop" : 1733102517234,
          "duration" : 20208
        }
      }, {
        "uid" : "a7fa80f3458a9b37",
        "reportUrl" : "https://Brain-up.github.io/auto-tests-python/405//#testresult/a7fa80f3458a9b37",
        "status" : "skipped",
        "statusDetails" : "XFAIL\n\nselenium.common.exceptions.TimeoutException: Message: Can't find element by locator ('xpath', '//button[@data-test-active-link=\"Words\"]')\nStacktrace:\n#0 0x5653a767931a <unknown>\n#1 0x5653a718f6e0 <unknown>\n#2 0x5653a71de3e6 <unknown>\n#3 0x5653a71de681 <unknown>\n#4 0x5653a7223b04 <unknown>\n#5 0x5653a720248d <unknown>\n#6 0x5653a7220ed7 <unknown>\n#7 0x5653a7202203 <unknown>\n#8 0x5653a71d0cc0 <unknown>\n#9 0x5653a71d1c9e <unknown>\n#10 0x5653a7646d0b <unknown>\n#11 0x5653a764ac92 <unknown>\n#12 0x5653a7633b3c <unknown>\n#13 0x5653a764b807 <unknown>\n#14 0x5653a76190df <unknown>\n#15 0x5653a7668578 <unknown>\n#16 0x5653a7668740 <unknown>\n#17 0x5653a7678196 <unknown>\n#18 0x7fe858a94ac3 <unknown>",
        "time" : {
          "start" : 1733090135221,
          "stop" : 1733090155429,
          "duration" : 20208
        }
      }, {
        "uid" : "f73753be09a02c1e",
        "reportUrl" : "https://Brain-up.github.io/auto-tests-python/404//#testresult/f73753be09a02c1e",
        "status" : "skipped",
        "statusDetails" : "XFAIL\n\nselenium.common.exceptions.TimeoutException: Message: Can't find element by locator ('xpath', '//button[@data-test-active-link=\"Words\"]')\nStacktrace:\n#0 0x55b41ebf631a <unknown>\n#1 0x55b41e70c6e0 <unknown>\n#2 0x55b41e75b3e6 <unknown>\n#3 0x55b41e75b681 <unknown>\n#4 0x55b41e7a0b04 <unknown>\n#5 0x55b41e77f48d <unknown>\n#6 0x55b41e79ded7 <unknown>\n#7 0x55b41e77f203 <unknown>\n#8 0x55b41e74dcc0 <unknown>\n#9 0x55b41e74ec9e <unknown>\n#10 0x55b41ebc3d0b <unknown>\n#11 0x55b41ebc7c92 <unknown>\n#12 0x55b41ebb0b3c <unknown>\n#13 0x55b41ebc8807 <unknown>\n#14 0x55b41eb960df <unknown>\n#15 0x55b41ebe5578 <unknown>\n#16 0x55b41ebe5740 <unknown>\n#17 0x55b41ebf5196 <unknown>\n#18 0x7f5082e94ac3 <unknown>",
        "time" : {
          "start" : 1733087847527,
          "stop" : 1733087867744,
          "duration" : 20217
        }
      }, {
        "uid" : "a97beb0c69588f61",
        "reportUrl" : "https://Brain-up.github.io/auto-tests-python/200//#testresult/a97beb0c69588f61",
        "status" : "skipped",
        "statusDetails" : "XFAIL\n\nselenium.common.exceptions.TimeoutException: Message: Can't find element by locator ('xpath', '//button[@data-test-active-link=\"Words\"]')\nStacktrace:\n#0 0x563ee20df31a <unknown>\n#1 0x563ee1bf56e0 <unknown>\n#2 0x563ee1c443e6 <unknown>\n#3 0x563ee1c44681 <unknown>\n#4 0x563ee1c89b04 <unknown>\n#5 0x563ee1c6848d <unknown>\n#6 0x563ee1c86ed7 <unknown>\n#7 0x563ee1c68203 <unknown>\n#8 0x563ee1c36cc0 <unknown>\n#9 0x563ee1c37c9e <unknown>\n#10 0x563ee20acd0b <unknown>\n#11 0x563ee20b0c92 <unknown>\n#12 0x563ee2099b3c <unknown>\n#13 0x563ee20b1807 <unknown>\n#14 0x563ee207f0df <unknown>\n#15 0x563ee20ce578 <unknown>\n#16 0x563ee20ce740 <unknown>\n#17 0x563ee20de196 <unknown>\n#18 0x7fbf12494ac3 <unknown>",
        "time" : {
          "start" : 1733016631464,
          "stop" : 1733016651715,
          "duration" : 20251
        }
      }, {
        "uid" : "9f3e5bdc471cd572",
        "reportUrl" : "https://Brain-up.github.io/auto-tests-python/199//#testresult/9f3e5bdc471cd572",
        "status" : "skipped",
        "statusDetails" : "XFAIL\n\nselenium.common.exceptions.TimeoutException: Message: Can't find element by locator ('xpath', '//button[@data-test-active-link=\"Words\"]')\nStacktrace:\n#0 0x55668a26a31a <unknown>\n#1 0x556689d806e0 <unknown>\n#2 0x556689dcf3e6 <unknown>\n#3 0x556689dcf681 <unknown>\n#4 0x556689e14b04 <unknown>\n#5 0x556689df348d <unknown>\n#6 0x556689e11ed7 <unknown>\n#7 0x556689df3203 <unknown>\n#8 0x556689dc1cc0 <unknown>\n#9 0x556689dc2c9e <unknown>\n#10 0x55668a237d0b <unknown>\n#11 0x55668a23bc92 <unknown>\n#12 0x55668a224b3c <unknown>\n#13 0x55668a23c807 <unknown>\n#14 0x55668a20a0df <unknown>\n#15 0x55668a259578 <unknown>\n#16 0x55668a259740 <unknown>\n#17 0x55668a269196 <unknown>\n#18 0x7f1aae294ac3 <unknown>",
        "time" : {
          "start" : 1732929342622,
          "stop" : 1732929362857,
          "duration" : 20235
        }
      }, {
        "uid" : "1d3c636d5f75c5fd",
        "reportUrl" : "https://Brain-up.github.io/auto-tests-python/198//#testresult/1d3c636d5f75c5fd",
        "status" : "skipped",
        "statusDetails" : "XFAIL\n\nselenium.common.exceptions.TimeoutException: Message: Can't find element by locator ('xpath', '//button[@data-test-active-link=\"Words\"]')\nStacktrace:\n#0 0x560b0696131a <unknown>\n#1 0x560b064776e0 <unknown>\n#2 0x560b064c63e6 <unknown>\n#3 0x560b064c6681 <unknown>\n#4 0x560b0650bb04 <unknown>\n#5 0x560b064ea48d <unknown>\n#6 0x560b06508ed7 <unknown>\n#7 0x560b064ea203 <unknown>\n#8 0x560b064b8cc0 <unknown>\n#9 0x560b064b9c9e <unknown>\n#10 0x560b0692ed0b <unknown>\n#11 0x560b06932c92 <unknown>\n#12 0x560b0691bb3c <unknown>\n#13 0x560b06933807 <unknown>\n#14 0x560b069010df <unknown>\n#15 0x560b06950578 <unknown>\n#16 0x560b06950740 <unknown>\n#17 0x560b06960196 <unknown>\n#18 0x7f5c6a494ac3 <unknown>",
        "time" : {
          "start" : 1732843032713,
          "stop" : 1732843052921,
          "duration" : 20208
        }
      }, {
        "uid" : "94f9dca5935d2a55",
        "reportUrl" : "https://Brain-up.github.io/auto-tests-python/403//#testresult/94f9dca5935d2a55",
        "status" : "skipped",
        "statusDetails" : "XFAIL\n\nselenium.common.exceptions.TimeoutException: Message: Can't find element by locator ('xpath', '//button[@data-test-active-link=\"Words\"]')\nStacktrace:\n#0 0x561c52ef131a <unknown>\n#1 0x561c52a076e0 <unknown>\n#2 0x561c52a563e6 <unknown>\n#3 0x561c52a56681 <unknown>\n#4 0x561c52a9bb04 <unknown>\n#5 0x561c52a7a48d <unknown>\n#6 0x561c52a98ed7 <unknown>\n#7 0x561c52a7a203 <unknown>\n#8 0x561c52a48cc0 <unknown>\n#9 0x561c52a49c9e <unknown>\n#10 0x561c52ebed0b <unknown>\n#11 0x561c52ec2c92 <unknown>\n#12 0x561c52eabb3c <unknown>\n#13 0x561c52ec3807 <unknown>\n#14 0x561c52e910df <unknown>\n#15 0x561c52ee0578 <unknown>\n#16 0x561c52ee0740 <unknown>\n#17 0x561c52ef0196 <unknown>\n#18 0x7fcad0894ac3 <unknown>",
        "time" : {
          "start" : 1732831311181,
          "stop" : 1732831331410,
          "duration" : 20229
        }
      } ]
    },
    "tags" : [ "@pytest.mark.xfail" ]
  },
  "source" : "f4c2dcca41a2b1d5.json",
  "parameterValues" : [ ]
}