{
  "uid" : "3720689f84f15691",
  "name" : "Verify text in links in sections",
  "fullName" : "tests.used_resources_page_test.TestUsedResourcesPageForAuthorizedText#test_ur_02_04_verify_text_in_links",
  "historyId" : "766e01b17011752059bd2f6f8d4ac915",
  "time" : {
    "start" : 1727862064789,
    "stop" : 1727862064789,
    "duration" : 0
  },
  "status" : "broken",
  "statusMessage" : "selenium.common.exceptions.TimeoutException: Message: Can't find element by locator https://brainup.site/groups",
  "statusTrace" : "self = <pages.base_page.BasePage object at 0x7fa8750a7ce0>\nurl = 'https://brainup.site/groups'\n\n    def check_expected_link(self, url):\n        with allure.step(f'Check url is present: {url}'):\n            try:\n>               return Wait(self.driver, self.timeout).until(\n                    ec.url_to_be(url), message=f\"Can't find element by locator {url}\")\n\npages/base_page.py:68: \n_ _ _ _ _ _ _ _ _ _ _ _ _ _ _ _ _ _ _ _ _ _ _ _ _ _ _ _ _ _ _ _ _ _ _ _ _ _ _ _ \n\nself = <selenium.webdriver.support.wait.WebDriverWait (session=\"20d81c2dadcb95440288d359e48ae87b\")>\nmethod = <function url_to_be.<locals>._predicate at 0x7fa8750b2a20>\nmessage = \"Can't find element by locator https://brainup.site/groups\"\n\n    def until(self, method, message: str = \"\"):\n        \"\"\"Calls the method provided with the driver as an argument until the \\\n        return value does not evaluate to ``False``.\n    \n        :param method: callable(WebDriver)\n        :param message: optional message for :exc:`TimeoutException`\n        :returns: the result of the last call to `method`\n        :raises: :exc:`selenium.common.exceptions.TimeoutException` if timeout occurs\n        \"\"\"\n        screen = None\n        stacktrace = None\n    \n        end_time = time.monotonic() + self._timeout\n        while True:\n            try:\n                value = method(self._driver)\n                if value:\n                    return value\n            except self._ignored_exceptions as exc:\n                screen = getattr(exc, \"screen\", None)\n                stacktrace = getattr(exc, \"stacktrace\", None)\n            time.sleep(self._poll)\n            if time.monotonic() > end_time:\n                break\n>       raise TimeoutException(message, screen, stacktrace)\nE       selenium.common.exceptions.TimeoutException: Message: Can't find element by locator https://brainup.site/groups\n\n/opt/hostedtoolcache/Python/3.12.6/x64/lib/python3.12/site-packages/selenium/webdriver/support/wait.py:95: TimeoutException\n\nDuring handling of the above exception, another exception occurred:\n\ndriver = <selenium.webdriver.chrome.webdriver.WebDriver (session=\"20d81c2dadcb95440288d359e48ae87b\")>\nmain_page_open = None\n\n    @pytest.fixture()\n    @allure.step('Auto test user authorized')\n    def auto_test_user_authorized(driver, main_page_open):\n        page = BasePage(driver)\n        page.element_is_present_and_clickable(MainPageLocators.LOGIN_BUTTON).click()\n        page.element_is_visible(LoginPageLocators.INPUT_LOGIN).send_keys(os.environ[\"LOGIN\"])\n        page.element_is_visible(LoginPageLocators.INPUT_PASSWORD).send_keys(os.environ[\"PASSWORD\"])\n        page.element_is_present_and_clickable(LoginPageLocators.SIGN_IN_BUTTON).click()\n>       page.check_expected_link(MainPageLinks.URL_GROUPS_PAGE)\n\ntests/conftest.py:71: \n_ _ _ _ _ _ _ _ _ _ _ _ _ _ _ _ _ _ _ _ _ _ _ _ _ _ _ _ _ _ _ _ _ _ _ _ _ _ _ _ \npages/base_page.py:72: in check_expected_link\n    return Wait(self.driver, self.timeout).until(\n_ _ _ _ _ _ _ _ _ _ _ _ _ _ _ _ _ _ _ _ _ _ _ _ _ _ _ _ _ _ _ _ _ _ _ _ _ _ _ _ \n\nself = <selenium.webdriver.support.wait.WebDriverWait (session=\"20d81c2dadcb95440288d359e48ae87b\")>\nmethod = <function url_to_be.<locals>._predicate at 0x7fa8750b2e80>\nmessage = \"Can't find element by locator https://brainup.site/groups\"\n\n    def until(self, method, message: str = \"\"):\n        \"\"\"Calls the method provided with the driver as an argument until the \\\n        return value does not evaluate to ``False``.\n    \n        :param method: callable(WebDriver)\n        :param message: optional message for :exc:`TimeoutException`\n        :returns: the result of the last call to `method`\n        :raises: :exc:`selenium.common.exceptions.TimeoutException` if timeout occurs\n        \"\"\"\n        screen = None\n        stacktrace = None\n    \n        end_time = time.monotonic() + self._timeout\n        while True:\n            try:\n                value = method(self._driver)\n                if value:\n                    return value\n            except self._ignored_exceptions as exc:\n                screen = getattr(exc, \"screen\", None)\n                stacktrace = getattr(exc, \"stacktrace\", None)\n            time.sleep(self._poll)\n            if time.monotonic() > end_time:\n                break\n>       raise TimeoutException(message, screen, stacktrace)\nE       selenium.common.exceptions.TimeoutException: Message: Can't find element by locator https://brainup.site/groups\n\n/opt/hostedtoolcache/Python/3.12.6/x64/lib/python3.12/site-packages/selenium/webdriver/support/wait.py:95: TimeoutException",
  "flaky" : false,
  "newFailed" : false,
  "beforeStages" : [ {
    "name" : "clear_allure_results_folder",
    "time" : {
      "start" : 1727860771362,
      "stop" : 1727860771362,
      "duration" : 0
    },
    "status" : "passed",
    "steps" : [ ],
    "attachments" : [ ],
    "parameters" : [ ],
    "stepsCount" : 0,
    "attachmentsCount" : 0,
    "shouldDisplayMessage" : false,
    "hasContent" : false
  }, {
    "name" : "main_page_open",
    "time" : {
      "start" : 1727862065542,
      "stop" : 1727862068849,
      "duration" : 3307
    },
    "status" : "passed",
    "steps" : [ {
      "name" : "Open page: https://brainup.site/",
      "time" : {
        "start" : 1727862065542,
        "stop" : 1727862068849,
        "duration" : 3307
      },
      "status" : "passed",
      "steps" : [ ],
      "attachments" : [ ],
      "parameters" : [ {
        "name" : "driver",
        "value" : "<selenium.webdriver.chrome.webdriver.WebDriver (session=\"20d81c2dadcb95440288d359e48ae87b\")>"
      } ],
      "stepsCount" : 0,
      "attachmentsCount" : 0,
      "shouldDisplayMessage" : false,
      "hasContent" : true
    } ],
    "attachments" : [ ],
    "parameters" : [ ],
    "stepsCount" : 1,
    "attachmentsCount" : 0,
    "shouldDisplayMessage" : false,
    "hasContent" : true
  }, {
    "name" : "driver",
    "time" : {
      "start" : 1727862064790,
      "stop" : 1727862065542,
      "duration" : 752
    },
    "status" : "passed",
    "steps" : [ ],
    "attachments" : [ ],
    "parameters" : [ ],
    "stepsCount" : 0,
    "attachmentsCount" : 0,
    "shouldDisplayMessage" : false,
    "hasContent" : false
  }, {
    "name" : "auto_test_user_authorized",
    "time" : {
      "start" : 1727862068849,
      "stop" : 1727862109504,
      "duration" : 40655
    },
    "status" : "broken",
    "statusMessage" : "selenium.common.exceptions.TimeoutException: Message: Can't find element by locator https://brainup.site/groups\n\n",
    "statusTrace" : "  File \"/opt/hostedtoolcache/Python/3.12.6/x64/lib/python3.12/site-packages/pluggy/_callers.py\", line 103, in _multicall\n    res = hook_impl.function(*args)\n          ^^^^^^^^^^^^^^^^^^^^^^^^^\n  File \"/opt/hostedtoolcache/Python/3.12.6/x64/lib/python3.12/site-packages/_pytest/fixtures.py\", line 1123, in pytest_fixture_setup\n    result = call_fixture_func(fixturefunc, request, kwargs)\n             ^^^^^^^^^^^^^^^^^^^^^^^^^^^^^^^^^^^^^^^^^^^^^^^\n  File \"/opt/hostedtoolcache/Python/3.12.6/x64/lib/python3.12/site-packages/_pytest/fixtures.py\", line 902, in call_fixture_func\n    fixture_result = fixturefunc(**kwargs)\n                     ^^^^^^^^^^^^^^^^^^^^^\n  File \"/opt/hostedtoolcache/Python/3.12.6/x64/lib/python3.12/site-packages/allure_commons/_allure.py\", line 192, in impl\n    return func(*a, **kw)\n           ^^^^^^^^^^^^^^\n  File \"/home/runner/work/auto-tests-python/auto-tests-python/tests/conftest.py\", line 71, in auto_test_user_authorized\n    page.check_expected_link(MainPageLinks.URL_GROUPS_PAGE)\n  File \"/home/runner/work/auto-tests-python/auto-tests-python/pages/base_page.py\", line 72, in check_expected_link\n    return Wait(self.driver, self.timeout).until(\n           ^^^^^^^^^^^^^^^^^^^^^^^^^^^^^^^^^^^^^^\n  File \"/opt/hostedtoolcache/Python/3.12.6/x64/lib/python3.12/site-packages/selenium/webdriver/support/wait.py\", line 95, in until\n    raise TimeoutException(message, screen, stacktrace)\n",
    "steps" : [ {
      "name" : "Auto test user authorized",
      "time" : {
        "start" : 1727862068850,
        "stop" : 1727862109504,
        "duration" : 40654
      },
      "status" : "broken",
      "statusMessage" : "selenium.common.exceptions.TimeoutException: Message: Can't find element by locator https://brainup.site/groups\n\n",
      "statusTrace" : "  File \"/opt/hostedtoolcache/Python/3.12.6/x64/lib/python3.12/site-packages/allure_commons/_allure.py\", line 192, in impl\n    return func(*a, **kw)\n           ^^^^^^^^^^^^^^\n  File \"/home/runner/work/auto-tests-python/auto-tests-python/tests/conftest.py\", line 71, in auto_test_user_authorized\n    page.check_expected_link(MainPageLinks.URL_GROUPS_PAGE)\n  File \"/home/runner/work/auto-tests-python/auto-tests-python/pages/base_page.py\", line 72, in check_expected_link\n    return Wait(self.driver, self.timeout).until(\n           ^^^^^^^^^^^^^^^^^^^^^^^^^^^^^^^^^^^^^^\n  File \"/opt/hostedtoolcache/Python/3.12.6/x64/lib/python3.12/site-packages/selenium/webdriver/support/wait.py\", line 95, in until\n    raise TimeoutException(message, screen, stacktrace)\n",
      "steps" : [ {
        "name" : "Check url is present: https://brainup.site/groups",
        "time" : {
          "start" : 1727862069214,
          "stop" : 1727862109503,
          "duration" : 40289
        },
        "status" : "broken",
        "statusMessage" : "selenium.common.exceptions.TimeoutException: Message: Can't find element by locator https://brainup.site/groups\n\n",
        "statusTrace" : "  File \"/home/runner/work/auto-tests-python/auto-tests-python/pages/base_page.py\", line 72, in check_expected_link\n    return Wait(self.driver, self.timeout).until(\n           ^^^^^^^^^^^^^^^^^^^^^^^^^^^^^^^^^^^^^^\n  File \"/opt/hostedtoolcache/Python/3.12.6/x64/lib/python3.12/site-packages/selenium/webdriver/support/wait.py\", line 95, in until\n    raise TimeoutException(message, screen, stacktrace)\n",
        "steps" : [ ],
        "attachments" : [ ],
        "parameters" : [ ],
        "stepsCount" : 0,
        "attachmentsCount" : 0,
        "shouldDisplayMessage" : true,
        "hasContent" : true
      } ],
      "attachments" : [ ],
      "parameters" : [ {
        "name" : "driver",
        "value" : "<selenium.webdriver.chrome.webdriver.WebDriver (session=\"20d81c2dadcb95440288d359e48ae87b\")>"
      }, {
        "name" : "main_page_open",
        "value" : "None"
      } ],
      "stepsCount" : 1,
      "attachmentsCount" : 0,
      "shouldDisplayMessage" : false,
      "hasContent" : true
    } ],
    "attachments" : [ ],
    "parameters" : [ ],
    "stepsCount" : 2,
    "attachmentsCount" : 0,
    "shouldDisplayMessage" : false,
    "hasContent" : true
  } ],
  "afterStages" : [ {
    "name" : "driver::0",
    "time" : {
      "start" : 1727862109519,
      "stop" : 1727862109606,
      "duration" : 87
    },
    "status" : "passed",
    "steps" : [ ],
    "attachments" : [ ],
    "parameters" : [ ],
    "stepsCount" : 0,
    "attachmentsCount" : 0,
    "shouldDisplayMessage" : false,
    "hasContent" : false
  } ],
  "labels" : [ {
    "name" : "epic",
    "value" : "Test Used Resources Page"
  }, {
    "name" : "parentSuite",
    "value" : "tests"
  }, {
    "name" : "suite",
    "value" : "used_resources_page_test"
  }, {
    "name" : "subSuite",
    "value" : "TestUsedResourcesPage"
  }, {
    "name" : "host",
    "value" : "fv-az774-24"
  }, {
    "name" : "thread",
    "value" : "2260-MainThread"
  }, {
    "name" : "framework",
    "value" : "pytest"
  }, {
    "name" : "language",
    "value" : "cpython3"
  }, {
    "name" : "package",
    "value" : "tests.used_resources_page_test"
  }, {
    "name" : "resultFormat",
    "value" : "allure2"
  } ],
  "parameters" : [ ],
  "links" : [ ],
  "hidden" : false,
  "retry" : false,
  "extra" : {
    "severity" : "normal",
    "retries" : [ ],
    "categories" : [ {
      "name" : "Test defects",
      "matchedStatuses" : [ ],
      "flaky" : false
    } ],
    "history" : {
      "statistic" : {
        "failed" : 0,
        "broken" : 4,
        "skipped" : 0,
        "passed" : 390,
        "unknown" : 0,
        "total" : 394
      },
      "items" : [ {
        "uid" : "3995bc498ada43c1",
        "reportUrl" : "https://Brain-up.github.io/auto-tests-python/140//#testresult/3995bc498ada43c1",
        "status" : "passed",
        "time" : {
          "start" : 1727831769409,
          "stop" : 1727831770188,
          "duration" : 779
        }
      }, {
        "uid" : "560ef6456806b9d8",
        "reportUrl" : "https://Brain-up.github.io/auto-tests-python/305//#testresult/560ef6456806b9d8",
        "status" : "passed",
        "time" : {
          "start" : 1727776800739,
          "stop" : 1727776801598,
          "duration" : 859
        }
      }, {
        "uid" : "fa5cd09b620abdea",
        "reportUrl" : "https://Brain-up.github.io/auto-tests-python/304//#testresult/fa5cd09b620abdea",
        "status" : "passed",
        "time" : {
          "start" : 1727773449140,
          "stop" : 1727773449922,
          "duration" : 782
        }
      }, {
        "uid" : "4fbae46b46e70de",
        "reportUrl" : "https://Brain-up.github.io/auto-tests-python/139//#testresult/4fbae46b46e70de",
        "status" : "passed",
        "time" : {
          "start" : 1727745804959,
          "stop" : 1727745805795,
          "duration" : 836
        }
      }, {
        "uid" : "619e9a987309dbb1",
        "reportUrl" : "https://Brain-up.github.io/auto-tests-python/303//#testresult/619e9a987309dbb1",
        "status" : "passed",
        "time" : {
          "start" : 1727687419178,
          "stop" : 1727687419964,
          "duration" : 786
        }
      }, {
        "uid" : "4d55db74fdfbf344",
        "reportUrl" : "https://Brain-up.github.io/auto-tests-python/302//#testresult/4d55db74fdfbf344",
        "status" : "passed",
        "time" : {
          "start" : 1727684908917,
          "stop" : 1727684909712,
          "duration" : 795
        }
      }, {
        "uid" : "c0dbaccdfd8eea36",
        "reportUrl" : "https://Brain-up.github.io/auto-tests-python/302//#testresult/c0dbaccdfd8eea36",
        "status" : "passed",
        "time" : {
          "start" : 1727683249751,
          "stop" : 1727683250531,
          "duration" : 780
        }
      }, {
        "uid" : "75272418d1367507",
        "reportUrl" : "https://Brain-up.github.io/auto-tests-python/138//#testresult/75272418d1367507",
        "status" : "passed",
        "time" : {
          "start" : 1727659080702,
          "stop" : 1727659081481,
          "duration" : 779
        }
      }, {
        "uid" : "e6146cd9428299e",
        "reportUrl" : "https://Brain-up.github.io/auto-tests-python/301//#testresult/e6146cd9428299e",
        "status" : "passed",
        "time" : {
          "start" : 1727599228446,
          "stop" : 1727599229329,
          "duration" : 883
        }
      }, {
        "uid" : "cb6f09dff615480e",
        "reportUrl" : "https://Brain-up.github.io/auto-tests-python/300//#testresult/cb6f09dff615480e",
        "status" : "passed",
        "time" : {
          "start" : 1727596991721,
          "stop" : 1727596992522,
          "duration" : 801
        }
      }, {
        "uid" : "5b6de66e473bd7fc",
        "reportUrl" : "https://Brain-up.github.io/auto-tests-python/137//#testresult/5b6de66e473bd7fc",
        "status" : "passed",
        "time" : {
          "start" : 1727572773740,
          "stop" : 1727572774512,
          "duration" : 772
        }
      }, {
        "uid" : "50e227e991915830",
        "reportUrl" : "https://Brain-up.github.io/auto-tests-python/299//#testresult/50e227e991915830",
        "status" : "passed",
        "time" : {
          "start" : 1727515073908,
          "stop" : 1727515074687,
          "duration" : 779
        }
      }, {
        "uid" : "d768d83229f5d597",
        "reportUrl" : "https://Brain-up.github.io/auto-tests-python/298//#testresult/d768d83229f5d597",
        "status" : "passed",
        "time" : {
          "start" : 1727511557021,
          "stop" : 1727511557869,
          "duration" : 848
        }
      }, {
        "uid" : "8b817a76e6be1653",
        "reportUrl" : "https://Brain-up.github.io/auto-tests-python/136//#testresult/8b817a76e6be1653",
        "status" : "passed",
        "time" : {
          "start" : 1727486149709,
          "stop" : 1727486150484,
          "duration" : 775
        }
      }, {
        "uid" : "85e97e1870a699dc",
        "reportUrl" : "https://Brain-up.github.io/auto-tests-python/297//#testresult/85e97e1870a699dc",
        "status" : "passed",
        "time" : {
          "start" : 1727429034191,
          "stop" : 1727429035039,
          "duration" : 848
        }
      }, {
        "uid" : "5b6363f5b676fc89",
        "reportUrl" : "https://Brain-up.github.io/auto-tests-python/296//#testresult/5b6363f5b676fc89",
        "status" : "passed",
        "time" : {
          "start" : 1727426188929,
          "stop" : 1727426189728,
          "duration" : 799
        }
      }, {
        "uid" : "332888c7f7806c7",
        "reportUrl" : "https://Brain-up.github.io/auto-tests-python/135//#testresult/332888c7f7806c7",
        "status" : "passed",
        "time" : {
          "start" : 1727400203721,
          "stop" : 1727400204578,
          "duration" : 857
        }
      }, {
        "uid" : "f9674bd3ff8e2bcb",
        "reportUrl" : "https://Brain-up.github.io/auto-tests-python/295//#testresult/f9674bd3ff8e2bcb",
        "status" : "passed",
        "time" : {
          "start" : 1727347932764,
          "stop" : 1727347933545,
          "duration" : 781
        }
      }, {
        "uid" : "6fd89daba3e6cccb",
        "reportUrl" : "https://Brain-up.github.io/auto-tests-python/294//#testresult/6fd89daba3e6cccb",
        "status" : "passed",
        "time" : {
          "start" : 1727346259334,
          "stop" : 1727346260177,
          "duration" : 843
        }
      }, {
        "uid" : "733c34208a3beeba",
        "reportUrl" : "https://Brain-up.github.io/auto-tests-python/293//#testresult/733c34208a3beeba",
        "status" : "passed",
        "time" : {
          "start" : 1727342514114,
          "stop" : 1727342514901,
          "duration" : 787
        }
      } ]
    },
    "tags" : [ ]
  },
  "source" : "3720689f84f15691.json",
  "parameterValues" : [ ]
}