{
  "uid" : "225bce71a97e7878",
  "name" : "Select a random card from \"Похожие фразы\" group and compare UI vs BACKEND data.",
  "fullName" : "tests.test_speech_exercises_ru.TestCardsRU#test_random_cards_in_similar_phrases_ru",
  "historyId" : "5e981df7bf46eebe64ca49edd6dd6d63",
  "time" : {
    "start" : 1707590006101,
    "stop" : 1707590006101,
    "duration" : 0
  },
  "status" : "broken",
  "statusMessage" : "selenium.common.exceptions.TimeoutException: Message: Can't find element by locator https://brainup.site/groups",
  "statusTrace" : "driver = <selenium.webdriver.chrome.webdriver.WebDriver (session=\"d7cc9c10553393512ee6d5ef050c4592\")>\nmain_page_open = None\n\n    @pytest.fixture()\n    @allure.step('USER specialist authorized')\n    def specialist_user_authorized(driver, main_page_open):\n        page = BasePage(driver)\n        page.element_is_present_and_clickable(MainPageLocators.LOGIN_BUTTON).click()\n        page.element_is_visible(LoginPageLocators.INPUT_LOGIN).send_keys(os.environ[\"SPECIALIST_LOGIN\"])\n        page.element_is_visible(LoginPageLocators.INPUT_PASSWORD).send_keys(os.environ[\"PASSWORD\"])\n        page.element_is_present_and_clickable(LoginPageLocators.SIGN_IN_BUTTON).click()\n>       page.check_expected_link(MainPageLinks.URL_GROUPS_PAGE)\n\ntests/conftest.py:45: \n_ _ _ _ _ _ _ _ _ _ _ _ _ _ _ _ _ _ _ _ _ _ _ _ _ _ _ _ _ _ _ _ _ _ _ _ _ _ _ _ \npages/base_page.py:74: in check_expected_link\n    return Wait(self.driver, self.timeout).until(ec.url_to_be(url),\n_ _ _ _ _ _ _ _ _ _ _ _ _ _ _ _ _ _ _ _ _ _ _ _ _ _ _ _ _ _ _ _ _ _ _ _ _ _ _ _ \n\nself = <selenium.webdriver.support.wait.WebDriverWait (session=\"d7cc9c10553393512ee6d5ef050c4592\")>\nmethod = <function url_to_be.<locals>._predicate at 0x7f89d3b82e80>\nmessage = \"Can't find element by locator https://brainup.site/groups\"\n\n    def until(self, method, message: str = \"\"):\n        \"\"\"Calls the method provided with the driver as an argument until the \\\n        return value does not evaluate to ``False``.\n    \n        :param method: callable(WebDriver)\n        :param message: optional message for :exc:`TimeoutException`\n        :returns: the result of the last call to `method`\n        :raises: :exc:`selenium.common.exceptions.TimeoutException` if timeout occurs\n        \"\"\"\n        screen = None\n        stacktrace = None\n    \n        end_time = time.monotonic() + self._timeout\n        while True:\n            try:\n                value = method(self._driver)\n                if value:\n                    return value\n            except self._ignored_exceptions as exc:\n                screen = getattr(exc, \"screen\", None)\n                stacktrace = getattr(exc, \"stacktrace\", None)\n            time.sleep(self._poll)\n            if time.monotonic() > end_time:\n                break\n>       raise TimeoutException(message, screen, stacktrace)\nE       selenium.common.exceptions.TimeoutException: Message: Can't find element by locator https://brainup.site/groups\n\n/opt/hostedtoolcache/Python/3.12.1/x64/lib/python3.12/site-packages/selenium/webdriver/support/wait.py:95: TimeoutException",
  "flaky" : false,
  "newFailed" : false,
  "beforeStages" : [ {
    "name" : "clear_allure_results_folder",
    "time" : {
      "start" : 1707589514976,
      "stop" : 1707589514976,
      "duration" : 0
    },
    "status" : "passed",
    "steps" : [ ],
    "attachments" : [ ],
    "parameters" : [ ],
    "attachmentsCount" : 0,
    "shouldDisplayMessage" : false,
    "stepsCount" : 0,
    "hasContent" : false
  }, {
    "name" : "main_page_open",
    "time" : {
      "start" : 1707590006870,
      "stop" : 1707590009628,
      "duration" : 2758
    },
    "status" : "passed",
    "steps" : [ {
      "name" : "Open page: https://brainup.site/",
      "time" : {
        "start" : 1707590006870,
        "stop" : 1707590009628,
        "duration" : 2758
      },
      "status" : "passed",
      "steps" : [ ],
      "attachments" : [ ],
      "parameters" : [ {
        "name" : "driver",
        "value" : "<selenium.webdriver.chrome.webdriver.WebDriver (session=\"d7cc9c10553393512ee6d5ef050c4592\")>"
      } ],
      "attachmentsCount" : 0,
      "shouldDisplayMessage" : false,
      "stepsCount" : 0,
      "hasContent" : true
    } ],
    "attachments" : [ ],
    "parameters" : [ ],
    "attachmentsCount" : 0,
    "shouldDisplayMessage" : false,
    "stepsCount" : 1,
    "hasContent" : true
  }, {
    "name" : "specialist_user_authorized",
    "time" : {
      "start" : 1707590009628,
      "stop" : 1707590030079,
      "duration" : 20451
    },
    "status" : "broken",
    "statusMessage" : "selenium.common.exceptions.TimeoutException: Message: Can't find element by locator https://brainup.site/groups\n\n",
    "statusTrace" : "  File \"/opt/hostedtoolcache/Python/3.12.1/x64/lib/python3.12/site-packages/pluggy/_callers.py\", line 102, in _multicall\n    res = hook_impl.function(*args)\n          ^^^^^^^^^^^^^^^^^^^^^^^^^\n  File \"/opt/hostedtoolcache/Python/3.12.1/x64/lib/python3.12/site-packages/_pytest/fixtures.py\", line 1123, in pytest_fixture_setup\n    result = call_fixture_func(fixturefunc, request, kwargs)\n             ^^^^^^^^^^^^^^^^^^^^^^^^^^^^^^^^^^^^^^^^^^^^^^^\n  File \"/opt/hostedtoolcache/Python/3.12.1/x64/lib/python3.12/site-packages/_pytest/fixtures.py\", line 902, in call_fixture_func\n    fixture_result = fixturefunc(**kwargs)\n                     ^^^^^^^^^^^^^^^^^^^^^\n  File \"/opt/hostedtoolcache/Python/3.12.1/x64/lib/python3.12/site-packages/allure_commons/_allure.py\", line 192, in impl\n    return func(*a, **kw)\n           ^^^^^^^^^^^^^^\n  File \"/home/runner/work/auto-tests-python/auto-tests-python/tests/conftest.py\", line 45, in specialist_user_authorized\n    page.check_expected_link(MainPageLinks.URL_GROUPS_PAGE)\n  File \"/home/runner/work/auto-tests-python/auto-tests-python/pages/base_page.py\", line 74, in check_expected_link\n    return Wait(self.driver, self.timeout).until(ec.url_to_be(url),\n           ^^^^^^^^^^^^^^^^^^^^^^^^^^^^^^^^^^^^^^^^^^^^^^^^^^^^^^^^\n  File \"/opt/hostedtoolcache/Python/3.12.1/x64/lib/python3.12/site-packages/selenium/webdriver/support/wait.py\", line 95, in until\n    raise TimeoutException(message, screen, stacktrace)\n",
    "steps" : [ {
      "name" : "USER specialist authorized",
      "time" : {
        "start" : 1707590009628,
        "stop" : 1707590030078,
        "duration" : 20450
      },
      "status" : "broken",
      "statusMessage" : "selenium.common.exceptions.TimeoutException: Message: Can't find element by locator https://brainup.site/groups\n\n",
      "statusTrace" : "  File \"/opt/hostedtoolcache/Python/3.12.1/x64/lib/python3.12/site-packages/allure_commons/_allure.py\", line 192, in impl\n    return func(*a, **kw)\n           ^^^^^^^^^^^^^^\n  File \"/home/runner/work/auto-tests-python/auto-tests-python/tests/conftest.py\", line 45, in specialist_user_authorized\n    page.check_expected_link(MainPageLinks.URL_GROUPS_PAGE)\n  File \"/home/runner/work/auto-tests-python/auto-tests-python/pages/base_page.py\", line 74, in check_expected_link\n    return Wait(self.driver, self.timeout).until(ec.url_to_be(url),\n           ^^^^^^^^^^^^^^^^^^^^^^^^^^^^^^^^^^^^^^^^^^^^^^^^^^^^^^^^\n  File \"/opt/hostedtoolcache/Python/3.12.1/x64/lib/python3.12/site-packages/selenium/webdriver/support/wait.py\", line 95, in until\n    raise TimeoutException(message, screen, stacktrace)\n",
      "steps" : [ {
        "name" : "Check element is visible and clickable: ('xpath', '//a[@id=\"ember11\"]')",
        "time" : {
          "start" : 1707590009628,
          "stop" : 1707590009665,
          "duration" : 37
        },
        "status" : "passed",
        "steps" : [ {
          "name" : "Check element is clickable",
          "time" : {
            "start" : 1707590009646,
            "stop" : 1707590009665,
            "duration" : 19
          },
          "status" : "passed",
          "steps" : [ {
            "name" : "Check element is clickable: ('xpath', '//a[@id=\"ember11\"]')",
            "time" : {
              "start" : 1707590009646,
              "stop" : 1707590009665,
              "duration" : 19
            },
            "status" : "passed",
            "steps" : [ ],
            "attachments" : [ ],
            "parameters" : [ ],
            "attachmentsCount" : 0,
            "shouldDisplayMessage" : false,
            "stepsCount" : 0,
            "hasContent" : false
          } ],
          "attachments" : [ ],
          "parameters" : [ {
            "name" : "locator",
            "value" : "('xpath', '//a[@id=\"ember11\"]')"
          } ],
          "attachmentsCount" : 0,
          "shouldDisplayMessage" : false,
          "stepsCount" : 1,
          "hasContent" : true
        } ],
        "attachments" : [ ],
        "parameters" : [ ],
        "attachmentsCount" : 0,
        "shouldDisplayMessage" : false,
        "stepsCount" : 2,
        "hasContent" : true
      }, {
        "name" : "Check element is visible: ('xpath', '//input[@id=\"login\"]')",
        "time" : {
          "start" : 1707590009713,
          "stop" : 1707590009738,
          "duration" : 25
        },
        "status" : "passed",
        "steps" : [ {
          "name" : "Check element is present: ('xpath', '//input[@id=\"login\"]')",
          "time" : {
            "start" : 1707590009713,
            "stop" : 1707590009722,
            "duration" : 9
          },
          "status" : "passed",
          "steps" : [ ],
          "attachments" : [ ],
          "parameters" : [ ],
          "attachmentsCount" : 0,
          "shouldDisplayMessage" : false,
          "stepsCount" : 0,
          "hasContent" : false
        }, {
          "name" : "Go to element: <selenium.webdriver.remote.webelement.WebElement (session=\"d7cc9c10553393512ee6d5ef050c4592\", element=\"99433F98912643AC948754D6BF5E0871_element_27\")>",
          "time" : {
            "start" : 1707590009722,
            "stop" : 1707590009726,
            "duration" : 4
          },
          "status" : "passed",
          "steps" : [ ],
          "attachments" : [ ],
          "parameters" : [ ],
          "attachmentsCount" : 0,
          "shouldDisplayMessage" : false,
          "stepsCount" : 0,
          "hasContent" : false
        } ],
        "attachments" : [ ],
        "parameters" : [ ],
        "attachmentsCount" : 0,
        "shouldDisplayMessage" : false,
        "stepsCount" : 2,
        "hasContent" : true
      }, {
        "name" : "Check element is visible: ('xpath', '//input[@id=\"password\"]')",
        "time" : {
          "start" : 1707590009806,
          "stop" : 1707590009832,
          "duration" : 26
        },
        "status" : "passed",
        "steps" : [ {
          "name" : "Check element is present: ('xpath', '//input[@id=\"password\"]')",
          "time" : {
            "start" : 1707590009806,
            "stop" : 1707590009815,
            "duration" : 9
          },
          "status" : "passed",
          "steps" : [ ],
          "attachments" : [ ],
          "parameters" : [ ],
          "attachmentsCount" : 0,
          "shouldDisplayMessage" : false,
          "stepsCount" : 0,
          "hasContent" : false
        }, {
          "name" : "Go to element: <selenium.webdriver.remote.webelement.WebElement (session=\"d7cc9c10553393512ee6d5ef050c4592\", element=\"99433F98912643AC948754D6BF5E0871_element_30\")>",
          "time" : {
            "start" : 1707590009815,
            "stop" : 1707590009820,
            "duration" : 5
          },
          "status" : "passed",
          "steps" : [ ],
          "attachments" : [ ],
          "parameters" : [ ],
          "attachmentsCount" : 0,
          "shouldDisplayMessage" : false,
          "stepsCount" : 0,
          "hasContent" : false
        } ],
        "attachments" : [ ],
        "parameters" : [ ],
        "attachmentsCount" : 0,
        "shouldDisplayMessage" : false,
        "stepsCount" : 2,
        "hasContent" : true
      }, {
        "name" : "Check element is visible and clickable: ('xpath', '//*[@type=\"submit\"]')",
        "time" : {
          "start" : 1707590009873,
          "stop" : 1707590009904,
          "duration" : 31
        },
        "status" : "passed",
        "steps" : [ {
          "name" : "Check element is clickable",
          "time" : {
            "start" : 1707590009888,
            "stop" : 1707590009904,
            "duration" : 16
          },
          "status" : "passed",
          "steps" : [ {
            "name" : "Check element is clickable: ('xpath', '//*[@type=\"submit\"]')",
            "time" : {
              "start" : 1707590009888,
              "stop" : 1707590009904,
              "duration" : 16
            },
            "status" : "passed",
            "steps" : [ ],
            "attachments" : [ ],
            "parameters" : [ ],
            "attachmentsCount" : 0,
            "shouldDisplayMessage" : false,
            "stepsCount" : 0,
            "hasContent" : false
          } ],
          "attachments" : [ ],
          "parameters" : [ {
            "name" : "locator",
            "value" : "('xpath', '//*[@type=\"submit\"]')"
          } ],
          "attachmentsCount" : 0,
          "shouldDisplayMessage" : false,
          "stepsCount" : 1,
          "hasContent" : true
        } ],
        "attachments" : [ ],
        "parameters" : [ ],
        "attachmentsCount" : 0,
        "shouldDisplayMessage" : false,
        "stepsCount" : 2,
        "hasContent" : true
      }, {
        "name" : "Check url is present: https://brainup.site/groups",
        "time" : {
          "start" : 1707590009942,
          "stop" : 1707590030078,
          "duration" : 20136
        },
        "status" : "broken",
        "statusMessage" : "selenium.common.exceptions.TimeoutException: Message: Can't find element by locator https://brainup.site/groups\n\n",
        "statusTrace" : "  File \"/home/runner/work/auto-tests-python/auto-tests-python/pages/base_page.py\", line 74, in check_expected_link\n    return Wait(self.driver, self.timeout).until(ec.url_to_be(url),\n           ^^^^^^^^^^^^^^^^^^^^^^^^^^^^^^^^^^^^^^^^^^^^^^^^^^^^^^^^\n  File \"/opt/hostedtoolcache/Python/3.12.1/x64/lib/python3.12/site-packages/selenium/webdriver/support/wait.py\", line 95, in until\n    raise TimeoutException(message, screen, stacktrace)\n",
        "steps" : [ ],
        "attachments" : [ ],
        "parameters" : [ ],
        "attachmentsCount" : 0,
        "shouldDisplayMessage" : true,
        "stepsCount" : 0,
        "hasContent" : true
      } ],
      "attachments" : [ ],
      "parameters" : [ {
        "name" : "driver",
        "value" : "<selenium.webdriver.chrome.webdriver.WebDriver (session=\"d7cc9c10553393512ee6d5ef050c4592\")>"
      }, {
        "name" : "main_page_open",
        "value" : "None"
      } ],
      "attachmentsCount" : 0,
      "shouldDisplayMessage" : false,
      "stepsCount" : 13,
      "hasContent" : true
    } ],
    "attachments" : [ ],
    "parameters" : [ ],
    "attachmentsCount" : 0,
    "shouldDisplayMessage" : false,
    "stepsCount" : 14,
    "hasContent" : true
  }, {
    "name" : "driver",
    "time" : {
      "start" : 1707590006101,
      "stop" : 1707590006870,
      "duration" : 769
    },
    "status" : "passed",
    "steps" : [ ],
    "attachments" : [ ],
    "parameters" : [ ],
    "attachmentsCount" : 0,
    "shouldDisplayMessage" : false,
    "stepsCount" : 0,
    "hasContent" : false
  } ],
  "afterStages" : [ {
    "name" : "driver::0",
    "time" : {
      "start" : 1707590030091,
      "stop" : 1707590030316,
      "duration" : 225
    },
    "status" : "passed",
    "steps" : [ ],
    "attachments" : [ {
      "uid" : "c20ee6e4ed182e73",
      "name" : "Screenshot 2024-02-10 18:33:50.257036",
      "source" : "c20ee6e4ed182e73.png",
      "type" : "image/png",
      "size" : 41933
    } ],
    "parameters" : [ ],
    "attachmentsCount" : 1,
    "shouldDisplayMessage" : false,
    "stepsCount" : 0,
    "hasContent" : true
  } ],
  "labels" : [ {
    "name" : "epic",
    "value" : "Речевые упражнения."
  }, {
    "name" : "suite",
    "value" : "Похожие фразы"
  }, {
    "name" : "parentSuite",
    "value" : "tests"
  }, {
    "name" : "subSuite",
    "value" : "TestCardsRU"
  }, {
    "name" : "host",
    "value" : "fv-az1382-905"
  }, {
    "name" : "thread",
    "value" : "1889-MainThread"
  }, {
    "name" : "framework",
    "value" : "pytest"
  }, {
    "name" : "language",
    "value" : "cpython3"
  }, {
    "name" : "package",
    "value" : "tests.test_speech_exercises_ru"
  }, {
    "name" : "resultFormat",
    "value" : "allure2"
  } ],
  "parameters" : [ ],
  "links" : [ ],
  "hidden" : false,
  "retry" : false,
  "extra" : {
    "severity" : "normal",
    "retries" : [ ],
    "categories" : [ {
      "name" : "Test defects",
      "matchedStatuses" : [ ],
      "flaky" : false
    } ],
    "history" : {
      "statistic" : {
        "failed" : 0,
        "broken" : 5,
        "skipped" : 0,
        "passed" : 59,
        "unknown" : 0,
        "total" : 64
      },
      "items" : [ {
        "uid" : "98a506cc8b302750",
        "status" : "passed",
        "time" : {
          "start" : 1707580298914,
          "stop" : 1707580311475,
          "duration" : 12561
        }
      }, {
        "uid" : "2f18e8e3957cb6f1",
        "status" : "passed",
        "time" : {
          "start" : 1707579001131,
          "stop" : 1707579015100,
          "duration" : 13969
        }
      }, {
        "uid" : "74185cd31518d70b",
        "status" : "passed",
        "time" : {
          "start" : 1707476209642,
          "stop" : 1707476223140,
          "duration" : 13498
        }
      }, {
        "uid" : "c566662335ef3335",
        "status" : "passed",
        "time" : {
          "start" : 1707474809768,
          "stop" : 1707474823112,
          "duration" : 13344
        }
      }, {
        "uid" : "92dc992b74607d11",
        "status" : "passed",
        "time" : {
          "start" : 1707390588450,
          "stop" : 1707390607283,
          "duration" : 18833
        }
      }, {
        "uid" : "5233c1f05b1cdbe9",
        "status" : "passed",
        "time" : {
          "start" : 1707389623791,
          "stop" : 1707389636160,
          "duration" : 12369
        }
      }, {
        "uid" : "d9a7a6ba6eab0fd",
        "status" : "passed",
        "time" : {
          "start" : 1707370631797,
          "stop" : 1707370643969,
          "duration" : 12172
        }
      }, {
        "uid" : "de84bbbe9318cb8c",
        "status" : "broken",
        "statusDetails" : "selenium.common.exceptions.TimeoutException: Message: Can't find element by locator https://brainup.site/groups",
        "time" : {
          "start" : 1707330188113,
          "stop" : 1707330188113,
          "duration" : 0
        }
      }, {
        "uid" : "3a4f4085b5bfb9f9",
        "status" : "passed",
        "time" : {
          "start" : 1707329157042,
          "stop" : 1707329169366,
          "duration" : 12324
        }
      }, {
        "uid" : "4fca0a08620a57b0",
        "status" : "passed",
        "time" : {
          "start" : 1707327604184,
          "stop" : 1707327618974,
          "duration" : 14790
        }
      }, {
        "uid" : "7c00ed3e5881c589",
        "status" : "passed",
        "time" : {
          "start" : 1707326744788,
          "stop" : 1707326759762,
          "duration" : 14974
        }
      }, {
        "uid" : "78aab79433414198",
        "status" : "passed",
        "time" : {
          "start" : 1707324801466,
          "stop" : 1707324813638,
          "duration" : 12172
        }
      }, {
        "uid" : "e6f84400c76e3cc4",
        "status" : "passed",
        "time" : {
          "start" : 1707322609185,
          "stop" : 1707322621957,
          "duration" : 12772
        }
      }, {
        "uid" : "2fc3db232e735eb9",
        "status" : "passed",
        "time" : {
          "start" : 1707321378169,
          "stop" : 1707321392369,
          "duration" : 14200
        }
      }, {
        "uid" : "932049e73c4dffcc",
        "status" : "passed",
        "time" : {
          "start" : 1707319462974,
          "stop" : 1707319477440,
          "duration" : 14466
        }
      }, {
        "uid" : "fe9f5d4ee5b8a1e2",
        "status" : "broken",
        "statusDetails" : "selenium.common.exceptions.TimeoutException: Message: Can't find element by locator https://brainup.site/groups",
        "time" : {
          "start" : 1707317875279,
          "stop" : 1707317875279,
          "duration" : 0
        }
      }, {
        "uid" : "ab1c6bf46ca012f5",
        "status" : "passed",
        "time" : {
          "start" : 1707245249705,
          "stop" : 1707245260276,
          "duration" : 10571
        }
      }, {
        "uid" : "53de14d56e84885",
        "status" : "passed",
        "time" : {
          "start" : 1707244161519,
          "stop" : 1707244173135,
          "duration" : 11616
        }
      }, {
        "uid" : "4492e1c45860930",
        "status" : "passed",
        "time" : {
          "start" : 1707242446834,
          "stop" : 1707242458420,
          "duration" : 11586
        }
      }, {
        "uid" : "2db604e2a639a21a",
        "status" : "passed",
        "time" : {
          "start" : 1707084431419,
          "stop" : 1707084445229,
          "duration" : 13810
        }
      } ]
    },
    "tags" : [ ]
  },
  "source" : "225bce71a97e7878.json",
  "parameterValues" : [ ]
}