{
  "uid" : "3a0705e58c170ace",
  "name" : "test_progress_bar_is_present_en",
  "fullName" : "tests.test_speech_exercises_en.TestCardsEN#test_progress_bar_is_present_en",
  "historyId" : "efb827312bdd34b296637645e49b0897",
  "time" : {
    "start" : 1713525565003,
    "stop" : 1713525585464,
    "duration" : 20461
  },
  "status" : "skipped",
  "statusMessage" : "XFAIL\n\nselenium.common.exceptions.TimeoutException: Message: Can't find element by locator ('xpath', '//button[@data-test-active-link=\"Words\"]')\nStacktrace:\n#0 0x55aca2c4f863 <unknown>\n#1 0x55aca29458c6 <unknown>\n#2 0x55aca2990618 <unknown>\n#3 0x55aca29906d1 <unknown>\n#4 0x55aca29d3744 <unknown>\n#5 0x55aca29b25cd <unknown>\n#6 0x55aca29d0c19 <unknown>\n#7 0x55aca29b2343 <unknown>\n#8 0x55aca2983593 <unknown>\n#9 0x55aca2983f5e <unknown>\n#10 0x55aca2c1384b <unknown>\n#11 0x55aca2c177a5 <unknown>\n#12 0x55aca2c01571 <unknown>\n#13 0x55aca2c18332 <unknown>\n#14 0x55aca2be687f <unknown>\n#15 0x55aca2c3e728 <unknown>\n#16 0x55aca2c3e8fb <unknown>\n#17 0x55aca2c4e9b4 <unknown>\n#18 0x7fdce0094ac3 <unknown>",
  "statusTrace" : "self = <tests.test_speech_exercises_en.TestCardsEN object at 0x7f848aaff050>\ndriver = <selenium.webdriver.chrome.webdriver.WebDriver (session=\"fa57576e8f20f3fefae9c45b3b7e2086\")>\nspecialist_user_authorized = <pages.base_page.BasePage object at 0x7f848a88db50>\n\n    @pytest.mark.xfail\n    @allure.suite('Check progres-bar and buttons.')\n    @allure.title('test_progress_bar_is_present_en')\n    def test_progress_bar_is_present_en(self, driver, specialist_user_authorized):\n        page = SpeechExercisesPage(driver)\n>       seria_id = page.select_group(SpeechExercisesPageLocators.WORDS_BUTTON_EN)\n\ntests/test_speech_exercises_en.py:35: \n_ _ _ _ _ _ _ _ _ _ _ _ _ _ _ _ _ _ _ _ _ _ _ _ _ _ _ _ _ _ _ _ _ _ _ _ _ _ _ _ \npages/speech_exercises_page_en.py:19: in select_group\n    text_of_the_button = self.element_is_present_and_clickable(selector_for_sub_group)\npages/base_page.py:32: in element_is_present_and_clickable\n    return (Wait(self.driver, self.timeout).until(\n_ _ _ _ _ _ _ _ _ _ _ _ _ _ _ _ _ _ _ _ _ _ _ _ _ _ _ _ _ _ _ _ _ _ _ _ _ _ _ _ \n\nself = <selenium.webdriver.support.wait.WebDriverWait (session=\"fa57576e8f20f3fefae9c45b3b7e2086\")>\nmethod = <function visibility_of_element_located.<locals>._predicate at 0x7f848a897f60>\nmessage = 'Can\\'t find element by locator (\\'xpath\\', \\'//button[@data-test-active-link=\"Words\"]\\')'\n\n    def until(self, method, message: str = \"\"):\n        \"\"\"Calls the method provided with the driver as an argument until the \\\n        return value does not evaluate to ``False``.\n    \n        :param method: callable(WebDriver)\n        :param message: optional message for :exc:`TimeoutException`\n        :returns: the result of the last call to `method`\n        :raises: :exc:`selenium.common.exceptions.TimeoutException` if timeout occurs\n        \"\"\"\n        screen = None\n        stacktrace = None\n    \n        end_time = time.monotonic() + self._timeout\n        while True:\n            try:\n                value = method(self._driver)\n                if value:\n                    return value\n            except self._ignored_exceptions as exc:\n                screen = getattr(exc, \"screen\", None)\n                stacktrace = getattr(exc, \"stacktrace\", None)\n            time.sleep(self._poll)\n            if time.monotonic() > end_time:\n                break\n>       raise TimeoutException(message, screen, stacktrace)\nE       selenium.common.exceptions.TimeoutException: Message: Can't find element by locator ('xpath', '//button[@data-test-active-link=\"Words\"]')\nE       Stacktrace:\nE       #0 0x55aca2c4f863 <unknown>\nE       #1 0x55aca29458c6 <unknown>\nE       #2 0x55aca2990618 <unknown>\nE       #3 0x55aca29906d1 <unknown>\nE       #4 0x55aca29d3744 <unknown>\nE       #5 0x55aca29b25cd <unknown>\nE       #6 0x55aca29d0c19 <unknown>\nE       #7 0x55aca29b2343 <unknown>\nE       #8 0x55aca2983593 <unknown>\nE       #9 0x55aca2983f5e <unknown>\nE       #10 0x55aca2c1384b <unknown>\nE       #11 0x55aca2c177a5 <unknown>\nE       #12 0x55aca2c01571 <unknown>\nE       #13 0x55aca2c18332 <unknown>\nE       #14 0x55aca2be687f <unknown>\nE       #15 0x55aca2c3e728 <unknown>\nE       #16 0x55aca2c3e8fb <unknown>\nE       #17 0x55aca2c4e9b4 <unknown>\nE       #18 0x7fdce0094ac3 <unknown>\n\n/opt/hostedtoolcache/Python/3.12.3/x64/lib/python3.12/site-packages/selenium/webdriver/support/wait.py:95: TimeoutException",
  "flaky" : false,
  "newFailed" : false,
  "beforeStages" : [ {
    "name" : "specialist_user_authorized",
    "time" : {
      "start" : 1713525524945,
      "stop" : 1713525565003,
      "duration" : 40058
    },
    "status" : "passed",
    "steps" : [ {
      "name" : "USER specialist authorized",
      "time" : {
        "start" : 1713525524946,
        "stop" : 1713525565003,
        "duration" : 40057
      },
      "status" : "passed",
      "steps" : [ {
        "name" : "Check element is visible and clickable: ('xpath', '//a[@id=\"ember11\"]')",
        "time" : {
          "start" : 1713525524946,
          "stop" : 1713525524983,
          "duration" : 37
        },
        "status" : "passed",
        "steps" : [ {
          "name" : "Check element is clickable",
          "time" : {
            "start" : 1713525524963,
            "stop" : 1713525524983,
            "duration" : 20
          },
          "status" : "passed",
          "steps" : [ {
            "name" : "Check element is clickable: ('xpath', '//a[@id=\"ember11\"]')",
            "time" : {
              "start" : 1713525524963,
              "stop" : 1713525524983,
              "duration" : 20
            },
            "status" : "passed",
            "steps" : [ ],
            "attachments" : [ ],
            "parameters" : [ ],
            "attachmentsCount" : 0,
            "shouldDisplayMessage" : false,
            "stepsCount" : 0,
            "hasContent" : false
          } ],
          "attachments" : [ ],
          "parameters" : [ {
            "name" : "locator",
            "value" : "('xpath', '//a[@id=\"ember11\"]')"
          } ],
          "attachmentsCount" : 0,
          "shouldDisplayMessage" : false,
          "stepsCount" : 1,
          "hasContent" : true
        } ],
        "attachments" : [ ],
        "parameters" : [ ],
        "attachmentsCount" : 0,
        "shouldDisplayMessage" : false,
        "stepsCount" : 2,
        "hasContent" : true
      }, {
        "name" : "Check element is visible: ('xpath', '//input[@id=\"login\"]')",
        "time" : {
          "start" : 1713525525030,
          "stop" : 1713525525057,
          "duration" : 27
        },
        "status" : "passed",
        "steps" : [ {
          "name" : "Check element is present: ('xpath', '//input[@id=\"login\"]')",
          "time" : {
            "start" : 1713525525031,
            "stop" : 1713525525041,
            "duration" : 10
          },
          "status" : "passed",
          "steps" : [ ],
          "attachments" : [ ],
          "parameters" : [ ],
          "attachmentsCount" : 0,
          "shouldDisplayMessage" : false,
          "stepsCount" : 0,
          "hasContent" : false
        }, {
          "name" : "Go to element: <selenium.webdriver.remote.webelement.WebElement (session=\"fa57576e8f20f3fefae9c45b3b7e2086\", element=\"f.EE70A6149287E7EDF572D168385DCE1E.d.FC005B0D50100629A2D08F2E93B51342.e.27\")>",
          "time" : {
            "start" : 1713525525041,
            "stop" : 1713525525045,
            "duration" : 4
          },
          "status" : "passed",
          "steps" : [ ],
          "attachments" : [ ],
          "parameters" : [ ],
          "attachmentsCount" : 0,
          "shouldDisplayMessage" : false,
          "stepsCount" : 0,
          "hasContent" : false
        } ],
        "attachments" : [ ],
        "parameters" : [ ],
        "attachmentsCount" : 0,
        "shouldDisplayMessage" : false,
        "stepsCount" : 2,
        "hasContent" : true
      }, {
        "name" : "Check element is visible: ('xpath', '//input[@id=\"password\"]')",
        "time" : {
          "start" : 1713525525123,
          "stop" : 1713525525150,
          "duration" : 27
        },
        "status" : "passed",
        "steps" : [ {
          "name" : "Check element is present: ('xpath', '//input[@id=\"password\"]')",
          "time" : {
            "start" : 1713525525123,
            "stop" : 1713525525131,
            "duration" : 8
          },
          "status" : "passed",
          "steps" : [ ],
          "attachments" : [ ],
          "parameters" : [ ],
          "attachmentsCount" : 0,
          "shouldDisplayMessage" : false,
          "stepsCount" : 0,
          "hasContent" : false
        }, {
          "name" : "Go to element: <selenium.webdriver.remote.webelement.WebElement (session=\"fa57576e8f20f3fefae9c45b3b7e2086\", element=\"f.EE70A6149287E7EDF572D168385DCE1E.d.FC005B0D50100629A2D08F2E93B51342.e.30\")>",
          "time" : {
            "start" : 1713525525131,
            "stop" : 1713525525135,
            "duration" : 4
          },
          "status" : "passed",
          "steps" : [ ],
          "attachments" : [ ],
          "parameters" : [ ],
          "attachmentsCount" : 0,
          "shouldDisplayMessage" : false,
          "stepsCount" : 0,
          "hasContent" : false
        } ],
        "attachments" : [ ],
        "parameters" : [ ],
        "attachmentsCount" : 0,
        "shouldDisplayMessage" : false,
        "stepsCount" : 2,
        "hasContent" : true
      }, {
        "name" : "Check element is visible and clickable: ('xpath', '//*[@type=\"submit\"]')",
        "time" : {
          "start" : 1713525525189,
          "stop" : 1713525525219,
          "duration" : 30
        },
        "status" : "passed",
        "steps" : [ {
          "name" : "Check element is clickable",
          "time" : {
            "start" : 1713525525204,
            "stop" : 1713525525219,
            "duration" : 15
          },
          "status" : "passed",
          "steps" : [ {
            "name" : "Check element is clickable: ('xpath', '//*[@type=\"submit\"]')",
            "time" : {
              "start" : 1713525525204,
              "stop" : 1713525525219,
              "duration" : 15
            },
            "status" : "passed",
            "steps" : [ ],
            "attachments" : [ ],
            "parameters" : [ ],
            "attachmentsCount" : 0,
            "shouldDisplayMessage" : false,
            "stepsCount" : 0,
            "hasContent" : false
          } ],
          "attachments" : [ ],
          "parameters" : [ {
            "name" : "locator",
            "value" : "('xpath', '//*[@type=\"submit\"]')"
          } ],
          "attachmentsCount" : 0,
          "shouldDisplayMessage" : false,
          "stepsCount" : 1,
          "hasContent" : true
        } ],
        "attachments" : [ ],
        "parameters" : [ ],
        "attachmentsCount" : 0,
        "shouldDisplayMessage" : false,
        "stepsCount" : 2,
        "hasContent" : true
      }, {
        "name" : "Check url is present: https://brainup.site/groups",
        "time" : {
          "start" : 1713525525252,
          "stop" : 1713525565003,
          "duration" : 39751
        },
        "status" : "passed",
        "steps" : [ ],
        "attachments" : [ ],
        "parameters" : [ ],
        "attachmentsCount" : 0,
        "shouldDisplayMessage" : false,
        "stepsCount" : 0,
        "hasContent" : false
      } ],
      "attachments" : [ ],
      "parameters" : [ {
        "name" : "driver",
        "value" : "<selenium.webdriver.chrome.webdriver.WebDriver (session=\"fa57576e8f20f3fefae9c45b3b7e2086\")>"
      }, {
        "name" : "main_page_open",
        "value" : "None"
      } ],
      "attachmentsCount" : 0,
      "shouldDisplayMessage" : false,
      "stepsCount" : 13,
      "hasContent" : true
    } ],
    "attachments" : [ ],
    "parameters" : [ ],
    "attachmentsCount" : 0,
    "shouldDisplayMessage" : false,
    "stepsCount" : 14,
    "hasContent" : true
  }, {
    "name" : "driver",
    "time" : {
      "start" : 1713525520385,
      "stop" : 1713525521154,
      "duration" : 769
    },
    "status" : "passed",
    "steps" : [ ],
    "attachments" : [ ],
    "parameters" : [ ],
    "attachmentsCount" : 0,
    "shouldDisplayMessage" : false,
    "stepsCount" : 0,
    "hasContent" : false
  }, {
    "name" : "clear_allure_results_folder",
    "time" : {
      "start" : 1713524808739,
      "stop" : 1713524808739,
      "duration" : 0
    },
    "status" : "passed",
    "steps" : [ ],
    "attachments" : [ ],
    "parameters" : [ ],
    "attachmentsCount" : 0,
    "shouldDisplayMessage" : false,
    "stepsCount" : 0,
    "hasContent" : false
  }, {
    "name" : "main_page_open",
    "time" : {
      "start" : 1713525521155,
      "stop" : 1713525524945,
      "duration" : 3790
    },
    "status" : "passed",
    "steps" : [ {
      "name" : "Open page: https://brainup.site/",
      "time" : {
        "start" : 1713525521155,
        "stop" : 1713525524945,
        "duration" : 3790
      },
      "status" : "passed",
      "steps" : [ ],
      "attachments" : [ ],
      "parameters" : [ {
        "name" : "driver",
        "value" : "<selenium.webdriver.chrome.webdriver.WebDriver (session=\"fa57576e8f20f3fefae9c45b3b7e2086\")>"
      } ],
      "attachmentsCount" : 0,
      "shouldDisplayMessage" : false,
      "stepsCount" : 0,
      "hasContent" : true
    } ],
    "attachments" : [ ],
    "parameters" : [ ],
    "attachmentsCount" : 0,
    "shouldDisplayMessage" : false,
    "stepsCount" : 1,
    "hasContent" : true
  } ],
  "testStage" : {
    "status" : "skipped",
    "statusMessage" : "XFAIL\n\nselenium.common.exceptions.TimeoutException: Message: Can't find element by locator ('xpath', '//button[@data-test-active-link=\"Words\"]')\nStacktrace:\n#0 0x55aca2c4f863 <unknown>\n#1 0x55aca29458c6 <unknown>\n#2 0x55aca2990618 <unknown>\n#3 0x55aca29906d1 <unknown>\n#4 0x55aca29d3744 <unknown>\n#5 0x55aca29b25cd <unknown>\n#6 0x55aca29d0c19 <unknown>\n#7 0x55aca29b2343 <unknown>\n#8 0x55aca2983593 <unknown>\n#9 0x55aca2983f5e <unknown>\n#10 0x55aca2c1384b <unknown>\n#11 0x55aca2c177a5 <unknown>\n#12 0x55aca2c01571 <unknown>\n#13 0x55aca2c18332 <unknown>\n#14 0x55aca2be687f <unknown>\n#15 0x55aca2c3e728 <unknown>\n#16 0x55aca2c3e8fb <unknown>\n#17 0x55aca2c4e9b4 <unknown>\n#18 0x7fdce0094ac3 <unknown>",
    "statusTrace" : "self = <tests.test_speech_exercises_en.TestCardsEN object at 0x7f848aaff050>\ndriver = <selenium.webdriver.chrome.webdriver.WebDriver (session=\"fa57576e8f20f3fefae9c45b3b7e2086\")>\nspecialist_user_authorized = <pages.base_page.BasePage object at 0x7f848a88db50>\n\n    @pytest.mark.xfail\n    @allure.suite('Check progres-bar and buttons.')\n    @allure.title('test_progress_bar_is_present_en')\n    def test_progress_bar_is_present_en(self, driver, specialist_user_authorized):\n        page = SpeechExercisesPage(driver)\n>       seria_id = page.select_group(SpeechExercisesPageLocators.WORDS_BUTTON_EN)\n\ntests/test_speech_exercises_en.py:35: \n_ _ _ _ _ _ _ _ _ _ _ _ _ _ _ _ _ _ _ _ _ _ _ _ _ _ _ _ _ _ _ _ _ _ _ _ _ _ _ _ \npages/speech_exercises_page_en.py:19: in select_group\n    text_of_the_button = self.element_is_present_and_clickable(selector_for_sub_group)\npages/base_page.py:32: in element_is_present_and_clickable\n    return (Wait(self.driver, self.timeout).until(\n_ _ _ _ _ _ _ _ _ _ _ _ _ _ _ _ _ _ _ _ _ _ _ _ _ _ _ _ _ _ _ _ _ _ _ _ _ _ _ _ \n\nself = <selenium.webdriver.support.wait.WebDriverWait (session=\"fa57576e8f20f3fefae9c45b3b7e2086\")>\nmethod = <function visibility_of_element_located.<locals>._predicate at 0x7f848a897f60>\nmessage = 'Can\\'t find element by locator (\\'xpath\\', \\'//button[@data-test-active-link=\"Words\"]\\')'\n\n    def until(self, method, message: str = \"\"):\n        \"\"\"Calls the method provided with the driver as an argument until the \\\n        return value does not evaluate to ``False``.\n    \n        :param method: callable(WebDriver)\n        :param message: optional message for :exc:`TimeoutException`\n        :returns: the result of the last call to `method`\n        :raises: :exc:`selenium.common.exceptions.TimeoutException` if timeout occurs\n        \"\"\"\n        screen = None\n        stacktrace = None\n    \n        end_time = time.monotonic() + self._timeout\n        while True:\n            try:\n                value = method(self._driver)\n                if value:\n                    return value\n            except self._ignored_exceptions as exc:\n                screen = getattr(exc, \"screen\", None)\n                stacktrace = getattr(exc, \"stacktrace\", None)\n            time.sleep(self._poll)\n            if time.monotonic() > end_time:\n                break\n>       raise TimeoutException(message, screen, stacktrace)\nE       selenium.common.exceptions.TimeoutException: Message: Can't find element by locator ('xpath', '//button[@data-test-active-link=\"Words\"]')\nE       Stacktrace:\nE       #0 0x55aca2c4f863 <unknown>\nE       #1 0x55aca29458c6 <unknown>\nE       #2 0x55aca2990618 <unknown>\nE       #3 0x55aca29906d1 <unknown>\nE       #4 0x55aca29d3744 <unknown>\nE       #5 0x55aca29b25cd <unknown>\nE       #6 0x55aca29d0c19 <unknown>\nE       #7 0x55aca29b2343 <unknown>\nE       #8 0x55aca2983593 <unknown>\nE       #9 0x55aca2983f5e <unknown>\nE       #10 0x55aca2c1384b <unknown>\nE       #11 0x55aca2c177a5 <unknown>\nE       #12 0x55aca2c01571 <unknown>\nE       #13 0x55aca2c18332 <unknown>\nE       #14 0x55aca2be687f <unknown>\nE       #15 0x55aca2c3e728 <unknown>\nE       #16 0x55aca2c3e8fb <unknown>\nE       #17 0x55aca2c4e9b4 <unknown>\nE       #18 0x7fdce0094ac3 <unknown>\n\n/opt/hostedtoolcache/Python/3.12.3/x64/lib/python3.12/site-packages/selenium/webdriver/support/wait.py:95: TimeoutException",
    "steps" : [ {
      "name" : "select_group",
      "time" : {
        "start" : 1713525565003,
        "stop" : 1713525585463,
        "duration" : 20460
      },
      "status" : "broken",
      "statusMessage" : "selenium.common.exceptions.TimeoutException: Message: Can't find element by locator ('xpath', '//button[@data-test-active-link=\"Words\"]')\nStacktrace:\n#0 0x55aca2c4f863 <unknown>\n#1 0x55aca29458c6 <unknown>\n#2 0x55aca2990618 <unknown>\n#3 0x55aca29906d1 <unknown>\n#4 0x55aca29d3744 <unknown>\n#5 0x55aca29b25cd <unknown>\n#6 0x55aca29d0c19 <unknown>\n#7 0x55aca29b2343 <unknown>\n#8 0x55aca2983593 <unknown>\n#9 0x55aca2983f5e <unknown>\n#10 0x55aca2c1384b <unknown>\n#11 0x55aca2c177a5 <unknown>\n#12 0x55aca2c01571 <unknown>\n#13 0x55aca2c18332 <unknown>\n#14 0x55aca2be687f <unknown>\n#15 0x55aca2c3e728 <unknown>\n#16 0x55aca2c3e8fb <unknown>\n#17 0x55aca2c4e9b4 <unknown>\n#18 0x7fdce0094ac3 <unknown>\n\n",
      "statusTrace" : "  File \"/opt/hostedtoolcache/Python/3.12.3/x64/lib/python3.12/site-packages/allure_commons/_allure.py\", line 192, in impl\n    return func(*a, **kw)\n           ^^^^^^^^^^^^^^\n  File \"/home/runner/work/auto-tests-python/auto-tests-python/pages/speech_exercises_page_en.py\", line 19, in select_group\n    text_of_the_button = self.element_is_present_and_clickable(selector_for_sub_group)\n                         ^^^^^^^^^^^^^^^^^^^^^^^^^^^^^^^^^^^^^^^^^^^^^^^^^^^^^^^^^^^^^\n  File \"/home/runner/work/auto-tests-python/auto-tests-python/pages/base_page.py\", line 32, in element_is_present_and_clickable\n    return (Wait(self.driver, self.timeout).until(\n            ^^^^^^^^^^^^^^^^^^^^^^^^^^^^^^^^^^^^^^\n  File \"/opt/hostedtoolcache/Python/3.12.3/x64/lib/python3.12/site-packages/selenium/webdriver/support/wait.py\", line 95, in until\n    raise TimeoutException(message, screen, stacktrace)\n",
      "steps" : [ {
        "name" : "Select Russian language. Click \"RU\" button.",
        "time" : {
          "start" : 1713525565003,
          "stop" : 1713525565062,
          "duration" : 59
        },
        "status" : "passed",
        "steps" : [ {
          "name" : "Check element is visible and clickable: ('xpath', \"//*[contains(text(),'EN')]\")",
          "time" : {
            "start" : 1713525565003,
            "stop" : 1713525565033,
            "duration" : 30
          },
          "status" : "passed",
          "steps" : [ {
            "name" : "Check element is clickable",
            "time" : {
              "start" : 1713525565018,
              "stop" : 1713525565033,
              "duration" : 15
            },
            "status" : "passed",
            "steps" : [ {
              "name" : "Check element is clickable: ('xpath', \"//*[contains(text(),'EN')]\")",
              "time" : {
                "start" : 1713525565018,
                "stop" : 1713525565033,
                "duration" : 15
              },
              "status" : "passed",
              "steps" : [ ],
              "attachments" : [ ],
              "parameters" : [ ],
              "attachmentsCount" : 0,
              "shouldDisplayMessage" : false,
              "stepsCount" : 0,
              "hasContent" : false
            } ],
            "attachments" : [ ],
            "parameters" : [ {
              "name" : "locator",
              "value" : "('xpath', \"//*[contains(text(),'EN')]\")"
            } ],
            "attachmentsCount" : 0,
            "shouldDisplayMessage" : false,
            "stepsCount" : 1,
            "hasContent" : true
          } ],
          "attachments" : [ ],
          "parameters" : [ ],
          "attachmentsCount" : 0,
          "shouldDisplayMessage" : false,
          "stepsCount" : 2,
          "hasContent" : true
        } ],
        "attachments" : [ ],
        "parameters" : [ ],
        "attachmentsCount" : 0,
        "shouldDisplayMessage" : false,
        "stepsCount" : 3,
        "hasContent" : true
      }, {
        "name" : "Click button \"Речевые упражнения\".",
        "time" : {
          "start" : 1713525565062,
          "stop" : 1713525565128,
          "duration" : 66
        },
        "status" : "passed",
        "steps" : [ {
          "name" : "Check element is visible and clickable: ('xpath', '//a[@title=\"Speech\"]')",
          "time" : {
            "start" : 1713525565062,
            "stop" : 1713525565091,
            "duration" : 29
          },
          "status" : "passed",
          "steps" : [ {
            "name" : "Check element is clickable",
            "time" : {
              "start" : 1713525565076,
              "stop" : 1713525565091,
              "duration" : 15
            },
            "status" : "passed",
            "steps" : [ {
              "name" : "Check element is clickable: ('xpath', '//a[@title=\"Speech\"]')",
              "time" : {
                "start" : 1713525565076,
                "stop" : 1713525565091,
                "duration" : 15
              },
              "status" : "passed",
              "steps" : [ ],
              "attachments" : [ ],
              "parameters" : [ ],
              "attachmentsCount" : 0,
              "shouldDisplayMessage" : false,
              "stepsCount" : 0,
              "hasContent" : false
            } ],
            "attachments" : [ ],
            "parameters" : [ {
              "name" : "locator",
              "value" : "('xpath', '//a[@title=\"Speech\"]')"
            } ],
            "attachmentsCount" : 0,
            "shouldDisplayMessage" : false,
            "stepsCount" : 1,
            "hasContent" : true
          } ],
          "attachments" : [ ],
          "parameters" : [ ],
          "attachmentsCount" : 0,
          "shouldDisplayMessage" : false,
          "stepsCount" : 2,
          "hasContent" : true
        } ],
        "attachments" : [ ],
        "parameters" : [ ],
        "attachmentsCount" : 0,
        "shouldDisplayMessage" : false,
        "stepsCount" : 3,
        "hasContent" : true
      }, {
        "name" : "Check element is visible and clickable: ('xpath', '//button[@data-test-active-link=\"Words\"]')",
        "time" : {
          "start" : 1713525565128,
          "stop" : 1713525585463,
          "duration" : 20335
        },
        "status" : "broken",
        "statusMessage" : "selenium.common.exceptions.TimeoutException: Message: Can't find element by locator ('xpath', '//button[@data-test-active-link=\"Words\"]')\nStacktrace:\n#0 0x55aca2c4f863 <unknown>\n#1 0x55aca29458c6 <unknown>\n#2 0x55aca2990618 <unknown>\n#3 0x55aca29906d1 <unknown>\n#4 0x55aca29d3744 <unknown>\n#5 0x55aca29b25cd <unknown>\n#6 0x55aca29d0c19 <unknown>\n#7 0x55aca29b2343 <unknown>\n#8 0x55aca2983593 <unknown>\n#9 0x55aca2983f5e <unknown>\n#10 0x55aca2c1384b <unknown>\n#11 0x55aca2c177a5 <unknown>\n#12 0x55aca2c01571 <unknown>\n#13 0x55aca2c18332 <unknown>\n#14 0x55aca2be687f <unknown>\n#15 0x55aca2c3e728 <unknown>\n#16 0x55aca2c3e8fb <unknown>\n#17 0x55aca2c4e9b4 <unknown>\n#18 0x7fdce0094ac3 <unknown>\n\n",
        "statusTrace" : "  File \"/home/runner/work/auto-tests-python/auto-tests-python/pages/base_page.py\", line 32, in element_is_present_and_clickable\n    return (Wait(self.driver, self.timeout).until(\n            ^^^^^^^^^^^^^^^^^^^^^^^^^^^^^^^^^^^^^^\n  File \"/opt/hostedtoolcache/Python/3.12.3/x64/lib/python3.12/site-packages/selenium/webdriver/support/wait.py\", line 95, in until\n    raise TimeoutException(message, screen, stacktrace)\n",
        "steps" : [ ],
        "attachments" : [ ],
        "parameters" : [ ],
        "attachmentsCount" : 0,
        "shouldDisplayMessage" : true,
        "stepsCount" : 0,
        "hasContent" : true
      } ],
      "attachments" : [ ],
      "parameters" : [ {
        "name" : "selector_for_sub_group",
        "value" : "('xpath', '//button[@data-test-active-link=\"Words\"]')"
      } ],
      "attachmentsCount" : 0,
      "shouldDisplayMessage" : false,
      "stepsCount" : 9,
      "hasContent" : true
    } ],
    "attachments" : [ {
      "uid" : "a99bd83e589376d",
      "name" : "Screenshot",
      "source" : "a99bd83e589376d.png",
      "type" : "image/png",
      "size" : 119744
    }, {
      "uid" : "59a43001c0e4bf80",
      "name" : "HTML source",
      "source" : "59a43001c0e4bf80.html",
      "type" : "text/html",
      "size" : 33283
    } ],
    "parameters" : [ ],
    "attachmentsCount" : 2,
    "shouldDisplayMessage" : true,
    "stepsCount" : 10,
    "hasContent" : true
  },
  "afterStages" : [ {
    "name" : "driver::0",
    "time" : {
      "start" : 1713525585609,
      "stop" : 1713525585801,
      "duration" : 192
    },
    "status" : "passed",
    "steps" : [ ],
    "attachments" : [ {
      "uid" : "b5fdcefe51e0740a",
      "name" : "Screenshot 2024-04-19 11:19:45.741478",
      "source" : "b5fdcefe51e0740a.png",
      "type" : "image/png",
      "size" : 119744
    } ],
    "parameters" : [ ],
    "attachmentsCount" : 1,
    "shouldDisplayMessage" : false,
    "stepsCount" : 0,
    "hasContent" : true
  } ],
  "labels" : [ {
    "name" : "epic",
    "value" : "Speech exercises."
  }, {
    "name" : "suite",
    "value" : "Check progres-bar and buttons."
  }, {
    "name" : "tag",
    "value" : "@pytest.mark.xfail"
  }, {
    "name" : "parentSuite",
    "value" : "tests"
  }, {
    "name" : "subSuite",
    "value" : "TestCardsEN"
  }, {
    "name" : "host",
    "value" : "fv-az1019-686"
  }, {
    "name" : "thread",
    "value" : "1778-MainThread"
  }, {
    "name" : "framework",
    "value" : "pytest"
  }, {
    "name" : "language",
    "value" : "cpython3"
  }, {
    "name" : "package",
    "value" : "tests.test_speech_exercises_en"
  }, {
    "name" : "resultFormat",
    "value" : "allure2"
  } ],
  "parameters" : [ ],
  "links" : [ ],
  "hidden" : false,
  "retry" : false,
  "extra" : {
    "severity" : "normal",
    "retries" : [ ],
    "categories" : [ ],
    "history" : {
      "statistic" : {
        "failed" : 0,
        "broken" : 2,
        "skipped" : 5,
        "passed" : 271,
        "unknown" : 0,
        "total" : 278
      },
      "items" : [ {
        "uid" : "d1a5397041e2f6f9",
        "status" : "passed",
        "statusDetails" : "XPASS",
        "time" : {
          "start" : 1713525426193,
          "stop" : 1713525441642,
          "duration" : 15449
        }
      }, {
        "uid" : "e37adddc807e3e09",
        "status" : "passed",
        "statusDetails" : "XPASS",
        "time" : {
          "start" : 1713521115379,
          "stop" : 1713521134030,
          "duration" : 18651
        }
      }, {
        "uid" : "a65699e2a7a09ac3",
        "status" : "passed",
        "statusDetails" : "XPASS",
        "time" : {
          "start" : 1713519399487,
          "stop" : 1713519416453,
          "duration" : 16966
        }
      }, {
        "uid" : "767105e8f183e6cc",
        "status" : "passed",
        "statusDetails" : "XPASS",
        "time" : {
          "start" : 1713519384755,
          "stop" : 1713519396316,
          "duration" : 11561
        }
      }, {
        "uid" : "211835a94a40acba",
        "status" : "passed",
        "statusDetails" : "XPASS",
        "time" : {
          "start" : 1713436241631,
          "stop" : 1713436255931,
          "duration" : 14300
        }
      }, {
        "uid" : "aa6f038d74656a32",
        "status" : "passed",
        "statusDetails" : "XPASS",
        "time" : {
          "start" : 1713432598980,
          "stop" : 1713432613028,
          "duration" : 14048
        }
      }, {
        "uid" : "9226471b5e8f5af0",
        "status" : "passed",
        "statusDetails" : "XPASS",
        "time" : {
          "start" : 1713360515959,
          "stop" : 1713360526948,
          "duration" : 10989
        }
      }, {
        "uid" : "4087f8228f009b1c",
        "status" : "passed",
        "statusDetails" : "XPASS",
        "time" : {
          "start" : 1713347377269,
          "stop" : 1713347387099,
          "duration" : 9830
        }
      }, {
        "uid" : "f4fca6fb0ca4582d",
        "status" : "passed",
        "statusDetails" : "XPASS",
        "time" : {
          "start" : 1713257955397,
          "stop" : 1713257965758,
          "duration" : 10361
        }
      }, {
        "uid" : "dc0a676101e30072",
        "status" : "passed",
        "statusDetails" : "XPASS",
        "time" : {
          "start" : 1713256189918,
          "stop" : 1713256201372,
          "duration" : 11454
        }
      }, {
        "uid" : "e1e58d39d801227f",
        "status" : "passed",
        "statusDetails" : "XPASS",
        "time" : {
          "start" : 1713195056635,
          "stop" : 1713195067834,
          "duration" : 11199
        }
      }, {
        "uid" : "aa5e95aeb103afb9",
        "status" : "passed",
        "statusDetails" : "XPASS",
        "time" : {
          "start" : 1713180886983,
          "stop" : 1713180897208,
          "duration" : 10225
        }
      }, {
        "uid" : "3dcfbbf1358c1fb4",
        "status" : "passed",
        "statusDetails" : "XPASS",
        "time" : {
          "start" : 1713173997591,
          "stop" : 1713174010085,
          "duration" : 12494
        }
      }, {
        "uid" : "df96de2d287e16af",
        "status" : "passed",
        "statusDetails" : "XPASS",
        "time" : {
          "start" : 1713172324828,
          "stop" : 1713172340062,
          "duration" : 15234
        }
      }, {
        "uid" : "5112884c5ee82bb5",
        "status" : "passed",
        "statusDetails" : "XPASS",
        "time" : {
          "start" : 1713091118535,
          "stop" : 1713091127943,
          "duration" : 9408
        }
      }, {
        "uid" : "dbeb825032e7cdaa",
        "status" : "passed",
        "statusDetails" : "XPASS",
        "time" : {
          "start" : 1713089225467,
          "stop" : 1713089235249,
          "duration" : 9782
        }
      }, {
        "uid" : "73434ba8e2de7f45",
        "status" : "passed",
        "statusDetails" : "XPASS",
        "time" : {
          "start" : 1713017453425,
          "stop" : 1713017463098,
          "duration" : 9673
        }
      }, {
        "uid" : "a5c5ce55af3727a7",
        "status" : "passed",
        "statusDetails" : "XPASS",
        "time" : {
          "start" : 1713010374445,
          "stop" : 1713010383857,
          "duration" : 9412
        }
      }, {
        "uid" : "3ef24d87ae580",
        "status" : "passed",
        "statusDetails" : "XPASS",
        "time" : {
          "start" : 1713008865437,
          "stop" : 1713008874042,
          "duration" : 8605
        }
      }, {
        "uid" : "3e72cb7d541ffd1c",
        "status" : "passed",
        "statusDetails" : "XPASS",
        "time" : {
          "start" : 1713007335848,
          "stop" : 1713007344547,
          "duration" : 8699
        }
      } ]
    },
    "tags" : [ "@pytest.mark.xfail" ]
  },
  "source" : "3a0705e58c170ace.json",
  "parameterValues" : [ ]
}