{
  "uid" : "42a9c93098344708",
  "name" : "Checking the possibility of authorization with the correct data",
  "fullName" : "tests.authorisation_page_test.TestAuthorizedUserPage#test_auth_user_with_correct_data",
  "historyId" : "694ff1b8129511a73727da75eece5283",
  "time" : {
    "start" : 1711626417722,
    "stop" : 1711626438430,
    "duration" : 20708
  },
  "status" : "broken",
  "statusMessage" : "selenium.common.exceptions.TimeoutException: Message: Can't find element by locator ('xpath', '//a[@href=\"/profile\"]')\nStacktrace:\n#0 0x55d886370993 <unknown>\n#1 0x55d88606b136 <unknown>\n#2 0x55d8860b5d48 <unknown>\n#3 0x55d8860b5e01 <unknown>\n#4 0x55d8860f8e44 <unknown>\n#5 0x55d8860d7cfd <unknown>\n#6 0x55d8860f6319 <unknown>\n#7 0x55d8860d7a73 <unknown>\n#8 0x55d8860a8c93 <unknown>\n#9 0x55d8860a965e <unknown>\n#10 0x55d88633508b <unknown>\n#11 0x55d886339005 <unknown>\n#12 0x55d886323491 <unknown>\n#13 0x55d886339b92 <unknown>\n#14 0x55d8863089ef <unknown>\n#15 0x55d88635fdf8 <unknown>\n#16 0x55d88635ffcb <unknown>\n#17 0x55d88636fae4 <unknown>\n#18 0x7fb754494ac3 <unknown>",
  "statusTrace" : "self = <tests.authorisation_page_test.TestAuthorizedUserPage object at 0x7f2107cd0e00>\ndriver = <selenium.webdriver.chrome.webdriver.WebDriver (session=\"860edfd4a85d1d7d346d2d78b9dd73ad\")>\nmain_page_open = None\n\n    @allure.title('Checking the possibility of authorization with the correct data')\n    def test_auth_user_with_correct_data(self, driver, main_page_open):\n        page = ProfilePage(driver)\n        page.open_login_page()\n        page.user_has_authorised()\n>       assert page.check_user_profile(), 'The user did not authorized with the correct data'\n\ntests/authorisation_page_test.py:17: \n_ _ _ _ _ _ _ _ _ _ _ _ _ _ _ _ _ _ _ _ _ _ _ _ _ _ _ _ _ _ _ _ _ _ _ _ _ _ _ _ \npages/profile_page.py:89: in check_user_profile\n    return self.element_is_visible(ProfilePageLocators.PROFILE)\npages/base_page.py:38: in element_is_visible\n    self.go_to_element(self.element_is_present(locator))\npages/base_page.py:55: in element_is_present\n    return Wait(self.driver, self.timeout).until(\n_ _ _ _ _ _ _ _ _ _ _ _ _ _ _ _ _ _ _ _ _ _ _ _ _ _ _ _ _ _ _ _ _ _ _ _ _ _ _ _ \n\nself = <selenium.webdriver.support.wait.WebDriverWait (session=\"860edfd4a85d1d7d346d2d78b9dd73ad\")>\nmethod = <function presence_of_element_located.<locals>._predicate at 0x7f2107a74900>\nmessage = 'Can\\'t find element by locator (\\'xpath\\', \\'//a[@href=\"/profile\"]\\')'\n\n    def until(self, method, message: str = \"\"):\n        \"\"\"Calls the method provided with the driver as an argument until the \\\n        return value does not evaluate to ``False``.\n    \n        :param method: callable(WebDriver)\n        :param message: optional message for :exc:`TimeoutException`\n        :returns: the result of the last call to `method`\n        :raises: :exc:`selenium.common.exceptions.TimeoutException` if timeout occurs\n        \"\"\"\n        screen = None\n        stacktrace = None\n    \n        end_time = time.monotonic() + self._timeout\n        while True:\n            try:\n                value = method(self._driver)\n                if value:\n                    return value\n            except self._ignored_exceptions as exc:\n                screen = getattr(exc, \"screen\", None)\n                stacktrace = getattr(exc, \"stacktrace\", None)\n            time.sleep(self._poll)\n            if time.monotonic() > end_time:\n                break\n>       raise TimeoutException(message, screen, stacktrace)\nE       selenium.common.exceptions.TimeoutException: Message: Can't find element by locator ('xpath', '//a[@href=\"/profile\"]')\nE       Stacktrace:\nE       #0 0x55d886370993 <unknown>\nE       #1 0x55d88606b136 <unknown>\nE       #2 0x55d8860b5d48 <unknown>\nE       #3 0x55d8860b5e01 <unknown>\nE       #4 0x55d8860f8e44 <unknown>\nE       #5 0x55d8860d7cfd <unknown>\nE       #6 0x55d8860f6319 <unknown>\nE       #7 0x55d8860d7a73 <unknown>\nE       #8 0x55d8860a8c93 <unknown>\nE       #9 0x55d8860a965e <unknown>\nE       #10 0x55d88633508b <unknown>\nE       #11 0x55d886339005 <unknown>\nE       #12 0x55d886323491 <unknown>\nE       #13 0x55d886339b92 <unknown>\nE       #14 0x55d8863089ef <unknown>\nE       #15 0x55d88635fdf8 <unknown>\nE       #16 0x55d88635ffcb <unknown>\nE       #17 0x55d88636fae4 <unknown>\nE       #18 0x7fb754494ac3 <unknown>\n\n/opt/hostedtoolcache/Python/3.12.2/x64/lib/python3.12/site-packages/selenium/webdriver/support/wait.py:95: TimeoutException",
  "flaky" : false,
  "newFailed" : false,
  "beforeStages" : [ {
    "name" : "clear_allure_results_folder",
    "time" : {
      "start" : 1711626411594,
      "stop" : 1711626411594,
      "duration" : 0
    },
    "status" : "passed",
    "steps" : [ ],
    "attachments" : [ ],
    "parameters" : [ ],
    "attachmentsCount" : 0,
    "shouldDisplayMessage" : false,
    "stepsCount" : 0,
    "hasContent" : false
  }, {
    "name" : "driver",
    "time" : {
      "start" : 1711626411594,
      "stop" : 1711626412937,
      "duration" : 1343
    },
    "status" : "passed",
    "steps" : [ ],
    "attachments" : [ ],
    "parameters" : [ ],
    "attachmentsCount" : 0,
    "shouldDisplayMessage" : false,
    "stepsCount" : 0,
    "hasContent" : false
  }, {
    "name" : "main_page_open",
    "time" : {
      "start" : 1711626412937,
      "stop" : 1711626417722,
      "duration" : 4785
    },
    "status" : "passed",
    "steps" : [ {
      "name" : "Open page: https://brainup.site/",
      "time" : {
        "start" : 1711626412938,
        "stop" : 1711626417722,
        "duration" : 4784
      },
      "status" : "passed",
      "steps" : [ ],
      "attachments" : [ ],
      "parameters" : [ {
        "name" : "driver",
        "value" : "<selenium.webdriver.chrome.webdriver.WebDriver (session=\"860edfd4a85d1d7d346d2d78b9dd73ad\")>"
      } ],
      "attachmentsCount" : 0,
      "shouldDisplayMessage" : false,
      "stepsCount" : 0,
      "hasContent" : true
    } ],
    "attachments" : [ ],
    "parameters" : [ ],
    "attachmentsCount" : 0,
    "shouldDisplayMessage" : false,
    "stepsCount" : 1,
    "hasContent" : true
  } ],
  "testStage" : {
    "status" : "broken",
    "statusMessage" : "selenium.common.exceptions.TimeoutException: Message: Can't find element by locator ('xpath', '//a[@href=\"/profile\"]')\nStacktrace:\n#0 0x55d886370993 <unknown>\n#1 0x55d88606b136 <unknown>\n#2 0x55d8860b5d48 <unknown>\n#3 0x55d8860b5e01 <unknown>\n#4 0x55d8860f8e44 <unknown>\n#5 0x55d8860d7cfd <unknown>\n#6 0x55d8860f6319 <unknown>\n#7 0x55d8860d7a73 <unknown>\n#8 0x55d8860a8c93 <unknown>\n#9 0x55d8860a965e <unknown>\n#10 0x55d88633508b <unknown>\n#11 0x55d886339005 <unknown>\n#12 0x55d886323491 <unknown>\n#13 0x55d886339b92 <unknown>\n#14 0x55d8863089ef <unknown>\n#15 0x55d88635fdf8 <unknown>\n#16 0x55d88635ffcb <unknown>\n#17 0x55d88636fae4 <unknown>\n#18 0x7fb754494ac3 <unknown>",
    "statusTrace" : "self = <tests.authorisation_page_test.TestAuthorizedUserPage object at 0x7f2107cd0e00>\ndriver = <selenium.webdriver.chrome.webdriver.WebDriver (session=\"860edfd4a85d1d7d346d2d78b9dd73ad\")>\nmain_page_open = None\n\n    @allure.title('Checking the possibility of authorization with the correct data')\n    def test_auth_user_with_correct_data(self, driver, main_page_open):\n        page = ProfilePage(driver)\n        page.open_login_page()\n        page.user_has_authorised()\n>       assert page.check_user_profile(), 'The user did not authorized with the correct data'\n\ntests/authorisation_page_test.py:17: \n_ _ _ _ _ _ _ _ _ _ _ _ _ _ _ _ _ _ _ _ _ _ _ _ _ _ _ _ _ _ _ _ _ _ _ _ _ _ _ _ \npages/profile_page.py:89: in check_user_profile\n    return self.element_is_visible(ProfilePageLocators.PROFILE)\npages/base_page.py:38: in element_is_visible\n    self.go_to_element(self.element_is_present(locator))\npages/base_page.py:55: in element_is_present\n    return Wait(self.driver, self.timeout).until(\n_ _ _ _ _ _ _ _ _ _ _ _ _ _ _ _ _ _ _ _ _ _ _ _ _ _ _ _ _ _ _ _ _ _ _ _ _ _ _ _ \n\nself = <selenium.webdriver.support.wait.WebDriverWait (session=\"860edfd4a85d1d7d346d2d78b9dd73ad\")>\nmethod = <function presence_of_element_located.<locals>._predicate at 0x7f2107a74900>\nmessage = 'Can\\'t find element by locator (\\'xpath\\', \\'//a[@href=\"/profile\"]\\')'\n\n    def until(self, method, message: str = \"\"):\n        \"\"\"Calls the method provided with the driver as an argument until the \\\n        return value does not evaluate to ``False``.\n    \n        :param method: callable(WebDriver)\n        :param message: optional message for :exc:`TimeoutException`\n        :returns: the result of the last call to `method`\n        :raises: :exc:`selenium.common.exceptions.TimeoutException` if timeout occurs\n        \"\"\"\n        screen = None\n        stacktrace = None\n    \n        end_time = time.monotonic() + self._timeout\n        while True:\n            try:\n                value = method(self._driver)\n                if value:\n                    return value\n            except self._ignored_exceptions as exc:\n                screen = getattr(exc, \"screen\", None)\n                stacktrace = getattr(exc, \"stacktrace\", None)\n            time.sleep(self._poll)\n            if time.monotonic() > end_time:\n                break\n>       raise TimeoutException(message, screen, stacktrace)\nE       selenium.common.exceptions.TimeoutException: Message: Can't find element by locator ('xpath', '//a[@href=\"/profile\"]')\nE       Stacktrace:\nE       #0 0x55d886370993 <unknown>\nE       #1 0x55d88606b136 <unknown>\nE       #2 0x55d8860b5d48 <unknown>\nE       #3 0x55d8860b5e01 <unknown>\nE       #4 0x55d8860f8e44 <unknown>\nE       #5 0x55d8860d7cfd <unknown>\nE       #6 0x55d8860f6319 <unknown>\nE       #7 0x55d8860d7a73 <unknown>\nE       #8 0x55d8860a8c93 <unknown>\nE       #9 0x55d8860a965e <unknown>\nE       #10 0x55d88633508b <unknown>\nE       #11 0x55d886339005 <unknown>\nE       #12 0x55d886323491 <unknown>\nE       #13 0x55d886339b92 <unknown>\nE       #14 0x55d8863089ef <unknown>\nE       #15 0x55d88635fdf8 <unknown>\nE       #16 0x55d88635ffcb <unknown>\nE       #17 0x55d88636fae4 <unknown>\nE       #18 0x7fb754494ac3 <unknown>\n\n/opt/hostedtoolcache/Python/3.12.2/x64/lib/python3.12/site-packages/selenium/webdriver/support/wait.py:95: TimeoutException",
    "steps" : [ {
      "name" : "Open login page",
      "time" : {
        "start" : 1711626417722,
        "stop" : 1711626417816,
        "duration" : 94
      },
      "status" : "passed",
      "steps" : [ {
        "name" : "Check element is visible and clickable: ('xpath', '//a[@id=\"ember11\"]')",
        "time" : {
          "start" : 1711626417722,
          "stop" : 1711626417764,
          "duration" : 42
        },
        "status" : "passed",
        "steps" : [ {
          "name" : "Check element is clickable",
          "time" : {
            "start" : 1711626417743,
            "stop" : 1711626417764,
            "duration" : 21
          },
          "status" : "passed",
          "steps" : [ {
            "name" : "Check element is clickable: ('xpath', '//a[@id=\"ember11\"]')",
            "time" : {
              "start" : 1711626417743,
              "stop" : 1711626417764,
              "duration" : 21
            },
            "status" : "passed",
            "steps" : [ ],
            "attachments" : [ ],
            "parameters" : [ ],
            "attachmentsCount" : 0,
            "shouldDisplayMessage" : false,
            "stepsCount" : 0,
            "hasContent" : false
          } ],
          "attachments" : [ ],
          "parameters" : [ {
            "name" : "locator",
            "value" : "('xpath', '//a[@id=\"ember11\"]')"
          } ],
          "attachmentsCount" : 0,
          "shouldDisplayMessage" : false,
          "stepsCount" : 1,
          "hasContent" : true
        } ],
        "attachments" : [ ],
        "parameters" : [ ],
        "attachmentsCount" : 0,
        "shouldDisplayMessage" : false,
        "stepsCount" : 2,
        "hasContent" : true
      } ],
      "attachments" : [ ],
      "parameters" : [ ],
      "attachmentsCount" : 0,
      "shouldDisplayMessage" : false,
      "stepsCount" : 3,
      "hasContent" : true
    }, {
      "name" : "The user has authorised",
      "time" : {
        "start" : 1711626417816,
        "stop" : 1711626418063,
        "duration" : 247
      },
      "status" : "passed",
      "steps" : [ {
        "name" : "Check element is visible: ('xpath', '//input[@id=\"login\"]')",
        "time" : {
          "start" : 1711626417817,
          "stop" : 1711626417845,
          "duration" : 28
        },
        "status" : "passed",
        "steps" : [ {
          "name" : "Check element is present: ('xpath', '//input[@id=\"login\"]')",
          "time" : {
            "start" : 1711626417817,
            "stop" : 1711626417828,
            "duration" : 11
          },
          "status" : "passed",
          "steps" : [ ],
          "attachments" : [ ],
          "parameters" : [ ],
          "attachmentsCount" : 0,
          "shouldDisplayMessage" : false,
          "stepsCount" : 0,
          "hasContent" : false
        }, {
          "name" : "Go to element: <selenium.webdriver.remote.webelement.WebElement (session=\"860edfd4a85d1d7d346d2d78b9dd73ad\", element=\"f.06539B3026609C58A9E0F188E99F3C0B.d.0454DA23D24E4E89BBAD5DB9F91DEBEA.e.23\")>",
          "time" : {
            "start" : 1711626417828,
            "stop" : 1711626417833,
            "duration" : 5
          },
          "status" : "passed",
          "steps" : [ ],
          "attachments" : [ ],
          "parameters" : [ ],
          "attachmentsCount" : 0,
          "shouldDisplayMessage" : false,
          "stepsCount" : 0,
          "hasContent" : false
        } ],
        "attachments" : [ ],
        "parameters" : [ ],
        "attachmentsCount" : 0,
        "shouldDisplayMessage" : false,
        "stepsCount" : 2,
        "hasContent" : true
      }, {
        "name" : "Check element is visible: ('xpath', '//input[@id=\"password\"]')",
        "time" : {
          "start" : 1711626417908,
          "stop" : 1711626417937,
          "duration" : 29
        },
        "status" : "passed",
        "steps" : [ {
          "name" : "Check element is present: ('xpath', '//input[@id=\"password\"]')",
          "time" : {
            "start" : 1711626417908,
            "stop" : 1711626417917,
            "duration" : 9
          },
          "status" : "passed",
          "steps" : [ ],
          "attachments" : [ ],
          "parameters" : [ ],
          "attachmentsCount" : 0,
          "shouldDisplayMessage" : false,
          "stepsCount" : 0,
          "hasContent" : false
        }, {
          "name" : "Go to element: <selenium.webdriver.remote.webelement.WebElement (session=\"860edfd4a85d1d7d346d2d78b9dd73ad\", element=\"f.06539B3026609C58A9E0F188E99F3C0B.d.0454DA23D24E4E89BBAD5DB9F91DEBEA.e.27\")>",
          "time" : {
            "start" : 1711626417917,
            "stop" : 1711626417924,
            "duration" : 7
          },
          "status" : "passed",
          "steps" : [ ],
          "attachments" : [ ],
          "parameters" : [ ],
          "attachmentsCount" : 0,
          "shouldDisplayMessage" : false,
          "stepsCount" : 0,
          "hasContent" : false
        } ],
        "attachments" : [ ],
        "parameters" : [ ],
        "attachmentsCount" : 0,
        "shouldDisplayMessage" : false,
        "stepsCount" : 2,
        "hasContent" : true
      }, {
        "name" : "Check element is visible and clickable: ('xpath', '//*[@type=\"submit\"]')",
        "time" : {
          "start" : 1711626417980,
          "stop" : 1711626418013,
          "duration" : 33
        },
        "status" : "passed",
        "steps" : [ {
          "name" : "Check element is clickable",
          "time" : {
            "start" : 1711626417995,
            "stop" : 1711626418013,
            "duration" : 18
          },
          "status" : "passed",
          "steps" : [ {
            "name" : "Check element is clickable: ('xpath', '//*[@type=\"submit\"]')",
            "time" : {
              "start" : 1711626417995,
              "stop" : 1711626418013,
              "duration" : 18
            },
            "status" : "passed",
            "steps" : [ ],
            "attachments" : [ ],
            "parameters" : [ ],
            "attachmentsCount" : 0,
            "shouldDisplayMessage" : false,
            "stepsCount" : 0,
            "hasContent" : false
          } ],
          "attachments" : [ ],
          "parameters" : [ {
            "name" : "locator",
            "value" : "('xpath', '//*[@type=\"submit\"]')"
          } ],
          "attachmentsCount" : 0,
          "shouldDisplayMessage" : false,
          "stepsCount" : 1,
          "hasContent" : true
        } ],
        "attachments" : [ ],
        "parameters" : [ ],
        "attachmentsCount" : 0,
        "shouldDisplayMessage" : false,
        "stepsCount" : 2,
        "hasContent" : true
      }, {
        "name" : "Wait until url: https://brainup.site/profile will be changed.",
        "time" : {
          "start" : 1711626418052,
          "stop" : 1711626418063,
          "duration" : 11
        },
        "status" : "passed",
        "steps" : [ ],
        "attachments" : [ ],
        "parameters" : [ ],
        "attachmentsCount" : 0,
        "shouldDisplayMessage" : false,
        "stepsCount" : 0,
        "hasContent" : false
      } ],
      "attachments" : [ ],
      "parameters" : [ ],
      "attachmentsCount" : 0,
      "shouldDisplayMessage" : false,
      "stepsCount" : 10,
      "hasContent" : true
    }, {
      "name" : "Check user's profile",
      "time" : {
        "start" : 1711626418063,
        "stop" : 1711626438430,
        "duration" : 20367
      },
      "status" : "broken",
      "statusMessage" : "selenium.common.exceptions.TimeoutException: Message: Can't find element by locator ('xpath', '//a[@href=\"/profile\"]')\nStacktrace:\n#0 0x55d886370993 <unknown>\n#1 0x55d88606b136 <unknown>\n#2 0x55d8860b5d48 <unknown>\n#3 0x55d8860b5e01 <unknown>\n#4 0x55d8860f8e44 <unknown>\n#5 0x55d8860d7cfd <unknown>\n#6 0x55d8860f6319 <unknown>\n#7 0x55d8860d7a73 <unknown>\n#8 0x55d8860a8c93 <unknown>\n#9 0x55d8860a965e <unknown>\n#10 0x55d88633508b <unknown>\n#11 0x55d886339005 <unknown>\n#12 0x55d886323491 <unknown>\n#13 0x55d886339b92 <unknown>\n#14 0x55d8863089ef <unknown>\n#15 0x55d88635fdf8 <unknown>\n#16 0x55d88635ffcb <unknown>\n#17 0x55d88636fae4 <unknown>\n#18 0x7fb754494ac3 <unknown>\n\n",
      "statusTrace" : "  File \"/opt/hostedtoolcache/Python/3.12.2/x64/lib/python3.12/site-packages/allure_commons/_allure.py\", line 192, in impl\n    return func(*a, **kw)\n           ^^^^^^^^^^^^^^\n  File \"/home/runner/work/auto-tests-python/auto-tests-python/pages/profile_page.py\", line 89, in check_user_profile\n    return self.element_is_visible(ProfilePageLocators.PROFILE)\n           ^^^^^^^^^^^^^^^^^^^^^^^^^^^^^^^^^^^^^^^^^^^^^^^^^^^^\n  File \"/home/runner/work/auto-tests-python/auto-tests-python/pages/base_page.py\", line 38, in element_is_visible\n    self.go_to_element(self.element_is_present(locator))\n                       ^^^^^^^^^^^^^^^^^^^^^^^^^^^^^^^^\n  File \"/home/runner/work/auto-tests-python/auto-tests-python/pages/base_page.py\", line 55, in element_is_present\n    return Wait(self.driver, self.timeout).until(\n           ^^^^^^^^^^^^^^^^^^^^^^^^^^^^^^^^^^^^^^\n  File \"/opt/hostedtoolcache/Python/3.12.2/x64/lib/python3.12/site-packages/selenium/webdriver/support/wait.py\", line 95, in until\n    raise TimeoutException(message, screen, stacktrace)\n",
      "steps" : [ {
        "name" : "Check element is visible: ('xpath', '//a[@href=\"/profile\"]')",
        "time" : {
          "start" : 1711626418063,
          "stop" : 1711626438430,
          "duration" : 20367
        },
        "status" : "broken",
        "statusMessage" : "selenium.common.exceptions.TimeoutException: Message: Can't find element by locator ('xpath', '//a[@href=\"/profile\"]')\nStacktrace:\n#0 0x55d886370993 <unknown>\n#1 0x55d88606b136 <unknown>\n#2 0x55d8860b5d48 <unknown>\n#3 0x55d8860b5e01 <unknown>\n#4 0x55d8860f8e44 <unknown>\n#5 0x55d8860d7cfd <unknown>\n#6 0x55d8860f6319 <unknown>\n#7 0x55d8860d7a73 <unknown>\n#8 0x55d8860a8c93 <unknown>\n#9 0x55d8860a965e <unknown>\n#10 0x55d88633508b <unknown>\n#11 0x55d886339005 <unknown>\n#12 0x55d886323491 <unknown>\n#13 0x55d886339b92 <unknown>\n#14 0x55d8863089ef <unknown>\n#15 0x55d88635fdf8 <unknown>\n#16 0x55d88635ffcb <unknown>\n#17 0x55d88636fae4 <unknown>\n#18 0x7fb754494ac3 <unknown>\n\n",
        "statusTrace" : "  File \"/home/runner/work/auto-tests-python/auto-tests-python/pages/base_page.py\", line 38, in element_is_visible\n    self.go_to_element(self.element_is_present(locator))\n                       ^^^^^^^^^^^^^^^^^^^^^^^^^^^^^^^^\n  File \"/home/runner/work/auto-tests-python/auto-tests-python/pages/base_page.py\", line 55, in element_is_present\n    return Wait(self.driver, self.timeout).until(\n           ^^^^^^^^^^^^^^^^^^^^^^^^^^^^^^^^^^^^^^\n  File \"/opt/hostedtoolcache/Python/3.12.2/x64/lib/python3.12/site-packages/selenium/webdriver/support/wait.py\", line 95, in until\n    raise TimeoutException(message, screen, stacktrace)\n",
        "steps" : [ {
          "name" : "Check element is present: ('xpath', '//a[@href=\"/profile\"]')",
          "time" : {
            "start" : 1711626418063,
            "stop" : 1711626438429,
            "duration" : 20366
          },
          "status" : "broken",
          "statusMessage" : "selenium.common.exceptions.TimeoutException: Message: Can't find element by locator ('xpath', '//a[@href=\"/profile\"]')\nStacktrace:\n#0 0x55d886370993 <unknown>\n#1 0x55d88606b136 <unknown>\n#2 0x55d8860b5d48 <unknown>\n#3 0x55d8860b5e01 <unknown>\n#4 0x55d8860f8e44 <unknown>\n#5 0x55d8860d7cfd <unknown>\n#6 0x55d8860f6319 <unknown>\n#7 0x55d8860d7a73 <unknown>\n#8 0x55d8860a8c93 <unknown>\n#9 0x55d8860a965e <unknown>\n#10 0x55d88633508b <unknown>\n#11 0x55d886339005 <unknown>\n#12 0x55d886323491 <unknown>\n#13 0x55d886339b92 <unknown>\n#14 0x55d8863089ef <unknown>\n#15 0x55d88635fdf8 <unknown>\n#16 0x55d88635ffcb <unknown>\n#17 0x55d88636fae4 <unknown>\n#18 0x7fb754494ac3 <unknown>\n\n",
          "statusTrace" : "  File \"/home/runner/work/auto-tests-python/auto-tests-python/pages/base_page.py\", line 55, in element_is_present\n    return Wait(self.driver, self.timeout).until(\n           ^^^^^^^^^^^^^^^^^^^^^^^^^^^^^^^^^^^^^^\n  File \"/opt/hostedtoolcache/Python/3.12.2/x64/lib/python3.12/site-packages/selenium/webdriver/support/wait.py\", line 95, in until\n    raise TimeoutException(message, screen, stacktrace)\n",
          "steps" : [ ],
          "attachments" : [ ],
          "parameters" : [ ],
          "attachmentsCount" : 0,
          "shouldDisplayMessage" : true,
          "stepsCount" : 0,
          "hasContent" : true
        } ],
        "attachments" : [ ],
        "parameters" : [ ],
        "attachmentsCount" : 0,
        "shouldDisplayMessage" : false,
        "stepsCount" : 1,
        "hasContent" : true
      } ],
      "attachments" : [ ],
      "parameters" : [ ],
      "attachmentsCount" : 0,
      "shouldDisplayMessage" : false,
      "stepsCount" : 2,
      "hasContent" : true
    } ],
    "attachments" : [ {
      "uid" : "addecd728b2f75a9",
      "name" : "Screenshot",
      "source" : "addecd728b2f75a9.png",
      "type" : "image/png",
      "size" : 60789
    }, {
      "uid" : "618346e70a3343d1",
      "name" : "HTML source",
      "source" : "618346e70a3343d1.html",
      "type" : "text/html",
      "size" : 28022
    } ],
    "parameters" : [ ],
    "attachmentsCount" : 2,
    "shouldDisplayMessage" : true,
    "stepsCount" : 18,
    "hasContent" : true
  },
  "afterStages" : [ {
    "name" : "driver::0",
    "time" : {
      "start" : 1711626438604,
      "stop" : 1711626438783,
      "duration" : 179
    },
    "status" : "passed",
    "steps" : [ ],
    "attachments" : [ {
      "uid" : "1d2549c923eab7",
      "name" : "Screenshot 2024-03-28 11:47:18.724396",
      "source" : "1d2549c923eab7.png",
      "type" : "image/png",
      "size" : 60789
    } ],
    "parameters" : [ ],
    "attachmentsCount" : 1,
    "shouldDisplayMessage" : false,
    "stepsCount" : 0,
    "hasContent" : true
  } ],
  "labels" : [ {
    "name" : "epic",
    "value" : "Test Authorized User Page"
  }, {
    "name" : "parentSuite",
    "value" : "tests"
  }, {
    "name" : "suite",
    "value" : "authorisation_page_test"
  }, {
    "name" : "subSuite",
    "value" : "TestAuthorizedUserPage"
  }, {
    "name" : "host",
    "value" : "fv-az841-779"
  }, {
    "name" : "thread",
    "value" : "1831-MainThread"
  }, {
    "name" : "framework",
    "value" : "pytest"
  }, {
    "name" : "language",
    "value" : "cpython3"
  }, {
    "name" : "package",
    "value" : "tests.authorisation_page_test"
  }, {
    "name" : "resultFormat",
    "value" : "allure2"
  } ],
  "parameters" : [ ],
  "links" : [ ],
  "hidden" : false,
  "retry" : false,
  "extra" : {
    "severity" : "normal",
    "retries" : [ ],
    "categories" : [ {
      "name" : "Test defects",
      "matchedStatuses" : [ ],
      "flaky" : false
    } ],
    "history" : {
      "statistic" : {
        "failed" : 0,
        "broken" : 4,
        "skipped" : 0,
        "passed" : 286,
        "unknown" : 0,
        "total" : 290
      },
      "items" : [ {
        "uid" : "82534063a6b8f71c",
        "status" : "passed",
        "time" : {
          "start" : 1711625282875,
          "stop" : 1711625284088,
          "duration" : 1213
        }
      }, {
        "uid" : "4f7af688db076b7a",
        "status" : "passed",
        "time" : {
          "start" : 1711624047248,
          "stop" : 1711624048388,
          "duration" : 1140
        }
      }, {
        "uid" : "1dae9f2c65667016",
        "status" : "passed",
        "time" : {
          "start" : 1711533633510,
          "stop" : 1711533634847,
          "duration" : 1337
        }
      }, {
        "uid" : "139f6d80bd5f7d74",
        "status" : "passed",
        "time" : {
          "start" : 1711531905696,
          "stop" : 1711531906551,
          "duration" : 855
        }
      }, {
        "uid" : "35c411c9a7c6875d",
        "status" : "passed",
        "time" : {
          "start" : 1711445873834,
          "stop" : 1711445875035,
          "duration" : 1201
        }
      }, {
        "uid" : "24347befe36c60ec",
        "status" : "passed",
        "time" : {
          "start" : 1711444173229,
          "stop" : 1711444174081,
          "duration" : 852
        }
      }, {
        "uid" : "bbf4ecbfb11ee589",
        "status" : "passed",
        "time" : {
          "start" : 1711368636100,
          "stop" : 1711368637395,
          "duration" : 1295
        }
      }, {
        "uid" : "584750e565cf1fe5",
        "status" : "passed",
        "time" : {
          "start" : 1711366385338,
          "stop" : 1711366386744,
          "duration" : 1406
        }
      }, {
        "uid" : "ba4090487428f699",
        "status" : "passed",
        "time" : {
          "start" : 1711274033501,
          "stop" : 1711274034693,
          "duration" : 1192
        }
      }, {
        "uid" : "9d38aa8d1b7545ae",
        "status" : "passed",
        "time" : {
          "start" : 1711271246667,
          "stop" : 1711271248144,
          "duration" : 1477
        }
      }, {
        "uid" : "b0d244e557be24ea",
        "status" : "passed",
        "time" : {
          "start" : 1711202233844,
          "stop" : 1711202234725,
          "duration" : 881
        }
      }, {
        "uid" : "c19a7cad9b03ec72",
        "status" : "passed",
        "time" : {
          "start" : 1711195326649,
          "stop" : 1711195328014,
          "duration" : 1365
        }
      }, {
        "uid" : "af924e3b3412578",
        "status" : "passed",
        "time" : {
          "start" : 1711192415289,
          "stop" : 1711192416705,
          "duration" : 1416
        }
      }, {
        "uid" : "b8495056cf2b95fb",
        "status" : "passed",
        "time" : {
          "start" : 1711190265660,
          "stop" : 1711190266812,
          "duration" : 1152
        }
      }, {
        "uid" : "dfdc17a44a22f39",
        "status" : "passed",
        "time" : {
          "start" : 1711188562744,
          "stop" : 1711188563614,
          "duration" : 870
        }
      }, {
        "uid" : "6f92a3cb3d175c1b",
        "status" : "passed",
        "time" : {
          "start" : 1711187017269,
          "stop" : 1711187018260,
          "duration" : 991
        }
      }, {
        "uid" : "8fc3133e61eaf125",
        "status" : "passed",
        "time" : {
          "start" : 1711102815659,
          "stop" : 1711102816648,
          "duration" : 989
        }
      }, {
        "uid" : "c6435c55a4c68766",
        "status" : "passed",
        "time" : {
          "start" : 1711101307750,
          "stop" : 1711101309228,
          "duration" : 1478
        }
      }, {
        "uid" : "e7fd0ace7a68b94b",
        "status" : "passed",
        "time" : {
          "start" : 1711015003542,
          "stop" : 1711015005022,
          "duration" : 1480
        }
      }, {
        "uid" : "51010952a6b63a69",
        "status" : "passed",
        "time" : {
          "start" : 1711013137977,
          "stop" : 1711013138851,
          "duration" : 874
        }
      } ]
    },
    "tags" : [ ]
  },
  "source" : "42a9c93098344708.json",
  "parameterValues" : [ ]
}