{
  "uid" : "4da067a89f726cbe",
  "name" : "Check statistic table.",
  "fullName" : "tests.test_speech_exercises_ru.TestCardsRU#test_get_statistic_data",
  "historyId" : "15df626f86a935fbcd917f7ea4002a26",
  "time" : {
    "start" : 1713954568405,
    "stop" : 1713954568405,
    "duration" : 0
  },
  "status" : "skipped",
  "statusMessage" : "XFAIL\n\nselenium.common.exceptions.TimeoutException: Message: Can't find element by locator https://brainup.site/groups",
  "statusTrace" : "self = <pages.base_page.BasePage object at 0x7fc031cc3bf0>\nurl = 'https://brainup.site/groups'\n\n    def check_expected_link(self, url):\n        with allure.step(f'Check url is present: {url}'):\n            try:\n>               return Wait(self.driver, self.timeout).until(\n                    ec.url_to_be(url), message=f\"Can't find element by locator {url}\")\n\npages/base_page.py:76: \n_ _ _ _ _ _ _ _ _ _ _ _ _ _ _ _ _ _ _ _ _ _ _ _ _ _ _ _ _ _ _ _ _ _ _ _ _ _ _ _ \n\nself = <selenium.webdriver.support.wait.WebDriverWait (session=\"d2e2eaa0a4346382cef53627bb018846\")>\nmethod = <function url_to_be.<locals>._predicate at 0x7fc031b080e0>\nmessage = \"Can't find element by locator https://brainup.site/groups\"\n\n    def until(self, method, message: str = \"\"):\n        \"\"\"Calls the method provided with the driver as an argument until the \\\n        return value does not evaluate to ``False``.\n    \n        :param method: callable(WebDriver)\n        :param message: optional message for :exc:`TimeoutException`\n        :returns: the result of the last call to `method`\n        :raises: :exc:`selenium.common.exceptions.TimeoutException` if timeout occurs\n        \"\"\"\n        screen = None\n        stacktrace = None\n    \n        end_time = time.monotonic() + self._timeout\n        while True:\n            try:\n                value = method(self._driver)\n                if value:\n                    return value\n            except self._ignored_exceptions as exc:\n                screen = getattr(exc, \"screen\", None)\n                stacktrace = getattr(exc, \"stacktrace\", None)\n            time.sleep(self._poll)\n            if time.monotonic() > end_time:\n                break\n>       raise TimeoutException(message, screen, stacktrace)\nE       selenium.common.exceptions.TimeoutException: Message: Can't find element by locator https://brainup.site/groups\n\n/opt/hostedtoolcache/Python/3.12.3/x64/lib/python3.12/site-packages/selenium/webdriver/support/wait.py:95: TimeoutException\n\nDuring handling of the above exception, another exception occurred:\n\ndriver = <selenium.webdriver.chrome.webdriver.WebDriver (session=\"d2e2eaa0a4346382cef53627bb018846\")>\nmain_page_open = None\n\n    @pytest.fixture()\n    @allure.step('DEFAULT user authorized')\n    def default_user_authorized(driver, main_page_open):\n        page = BasePage(driver)\n        page.element_is_present_and_clickable(MainPageLocators.LOGIN_BUTTON).click()\n        page.element_is_visible(LoginPageLocators.INPUT_LOGIN).send_keys(os.environ[\"DEFAULT_LOGIN\"])\n        page.element_is_visible(LoginPageLocators.INPUT_PASSWORD).send_keys(os.environ[\"PASSWORD\"])\n        page.element_is_present_and_clickable(LoginPageLocators.SIGN_IN_BUTTON).click()\n>       page.check_expected_link(MainPageLinks.URL_GROUPS_PAGE)\n\ntests/conftest.py:79: \n_ _ _ _ _ _ _ _ _ _ _ _ _ _ _ _ _ _ _ _ _ _ _ _ _ _ _ _ _ _ _ _ _ _ _ _ _ _ _ _ \npages/base_page.py:80: in check_expected_link\n    return Wait(self.driver, self.timeout).until(\n_ _ _ _ _ _ _ _ _ _ _ _ _ _ _ _ _ _ _ _ _ _ _ _ _ _ _ _ _ _ _ _ _ _ _ _ _ _ _ _ \n\nself = <selenium.webdriver.support.wait.WebDriverWait (session=\"d2e2eaa0a4346382cef53627bb018846\")>\nmethod = <function url_to_be.<locals>._predicate at 0x7fc031b08360>\nmessage = \"Can't find element by locator https://brainup.site/groups\"\n\n    def until(self, method, message: str = \"\"):\n        \"\"\"Calls the method provided with the driver as an argument until the \\\n        return value does not evaluate to ``False``.\n    \n        :param method: callable(WebDriver)\n        :param message: optional message for :exc:`TimeoutException`\n        :returns: the result of the last call to `method`\n        :raises: :exc:`selenium.common.exceptions.TimeoutException` if timeout occurs\n        \"\"\"\n        screen = None\n        stacktrace = None\n    \n        end_time = time.monotonic() + self._timeout\n        while True:\n            try:\n                value = method(self._driver)\n                if value:\n                    return value\n            except self._ignored_exceptions as exc:\n                screen = getattr(exc, \"screen\", None)\n                stacktrace = getattr(exc, \"stacktrace\", None)\n            time.sleep(self._poll)\n            if time.monotonic() > end_time:\n                break\n>       raise TimeoutException(message, screen, stacktrace)\nE       selenium.common.exceptions.TimeoutException: Message: Can't find element by locator https://brainup.site/groups\n\n/opt/hostedtoolcache/Python/3.12.3/x64/lib/python3.12/site-packages/selenium/webdriver/support/wait.py:95: TimeoutException",
  "flaky" : false,
  "newFailed" : false,
  "beforeStages" : [ {
    "name" : "main_page_open",
    "time" : {
      "start" : 1713954569091,
      "stop" : 1713954572419,
      "duration" : 3328
    },
    "status" : "passed",
    "steps" : [ {
      "name" : "Open page: https://brainup.site/",
      "time" : {
        "start" : 1713954569091,
        "stop" : 1713954572419,
        "duration" : 3328
      },
      "status" : "passed",
      "steps" : [ ],
      "attachments" : [ ],
      "parameters" : [ {
        "name" : "driver",
        "value" : "<selenium.webdriver.chrome.webdriver.WebDriver (session=\"d2e2eaa0a4346382cef53627bb018846\")>"
      } ],
      "attachmentsCount" : 0,
      "shouldDisplayMessage" : false,
      "stepsCount" : 0,
      "hasContent" : true
    } ],
    "attachments" : [ ],
    "parameters" : [ ],
    "attachmentsCount" : 0,
    "shouldDisplayMessage" : false,
    "stepsCount" : 1,
    "hasContent" : true
  }, {
    "name" : "clear_allure_results_folder",
    "time" : {
      "start" : 1713953424262,
      "stop" : 1713953424262,
      "duration" : 0
    },
    "status" : "passed",
    "steps" : [ ],
    "attachments" : [ ],
    "parameters" : [ ],
    "attachmentsCount" : 0,
    "shouldDisplayMessage" : false,
    "stepsCount" : 0,
    "hasContent" : false
  }, {
    "name" : "default_user_authorized",
    "time" : {
      "start" : 1713954572419,
      "stop" : 1713954613003,
      "duration" : 40584
    },
    "status" : "broken",
    "statusMessage" : "selenium.common.exceptions.TimeoutException: Message: Can't find element by locator https://brainup.site/groups\n\n",
    "statusTrace" : "  File \"/opt/hostedtoolcache/Python/3.12.3/x64/lib/python3.12/site-packages/pluggy/_callers.py\", line 103, in _multicall\n    res = hook_impl.function(*args)\n          ^^^^^^^^^^^^^^^^^^^^^^^^^\n  File \"/opt/hostedtoolcache/Python/3.12.3/x64/lib/python3.12/site-packages/_pytest/fixtures.py\", line 1123, in pytest_fixture_setup\n    result = call_fixture_func(fixturefunc, request, kwargs)\n             ^^^^^^^^^^^^^^^^^^^^^^^^^^^^^^^^^^^^^^^^^^^^^^^\n  File \"/opt/hostedtoolcache/Python/3.12.3/x64/lib/python3.12/site-packages/_pytest/fixtures.py\", line 902, in call_fixture_func\n    fixture_result = fixturefunc(**kwargs)\n                     ^^^^^^^^^^^^^^^^^^^^^\n  File \"/opt/hostedtoolcache/Python/3.12.3/x64/lib/python3.12/site-packages/allure_commons/_allure.py\", line 192, in impl\n    return func(*a, **kw)\n           ^^^^^^^^^^^^^^\n  File \"/home/runner/work/auto-tests-python/auto-tests-python/tests/conftest.py\", line 79, in default_user_authorized\n    page.check_expected_link(MainPageLinks.URL_GROUPS_PAGE)\n  File \"/home/runner/work/auto-tests-python/auto-tests-python/pages/base_page.py\", line 80, in check_expected_link\n    return Wait(self.driver, self.timeout).until(\n           ^^^^^^^^^^^^^^^^^^^^^^^^^^^^^^^^^^^^^^\n  File \"/opt/hostedtoolcache/Python/3.12.3/x64/lib/python3.12/site-packages/selenium/webdriver/support/wait.py\", line 95, in until\n    raise TimeoutException(message, screen, stacktrace)\n",
    "steps" : [ {
      "name" : "DEFAULT user authorized",
      "time" : {
        "start" : 1713954572419,
        "stop" : 1713954613003,
        "duration" : 40584
      },
      "status" : "broken",
      "statusMessage" : "selenium.common.exceptions.TimeoutException: Message: Can't find element by locator https://brainup.site/groups\n\n",
      "statusTrace" : "  File \"/opt/hostedtoolcache/Python/3.12.3/x64/lib/python3.12/site-packages/allure_commons/_allure.py\", line 192, in impl\n    return func(*a, **kw)\n           ^^^^^^^^^^^^^^\n  File \"/home/runner/work/auto-tests-python/auto-tests-python/tests/conftest.py\", line 79, in default_user_authorized\n    page.check_expected_link(MainPageLinks.URL_GROUPS_PAGE)\n  File \"/home/runner/work/auto-tests-python/auto-tests-python/pages/base_page.py\", line 80, in check_expected_link\n    return Wait(self.driver, self.timeout).until(\n           ^^^^^^^^^^^^^^^^^^^^^^^^^^^^^^^^^^^^^^\n  File \"/opt/hostedtoolcache/Python/3.12.3/x64/lib/python3.12/site-packages/selenium/webdriver/support/wait.py\", line 95, in until\n    raise TimeoutException(message, screen, stacktrace)\n",
      "steps" : [ {
        "name" : "Check element is visible and clickable: ('xpath', '//a[@id=\"ember11\"]')",
        "time" : {
          "start" : 1713954572419,
          "stop" : 1713954572457,
          "duration" : 38
        },
        "status" : "passed",
        "steps" : [ {
          "name" : "Check element is clickable",
          "time" : {
            "start" : 1713954572438,
            "stop" : 1713954572457,
            "duration" : 19
          },
          "status" : "passed",
          "steps" : [ {
            "name" : "Check element is clickable: ('xpath', '//a[@id=\"ember11\"]')",
            "time" : {
              "start" : 1713954572438,
              "stop" : 1713954572457,
              "duration" : 19
            },
            "status" : "passed",
            "steps" : [ ],
            "attachments" : [ ],
            "parameters" : [ ],
            "attachmentsCount" : 0,
            "shouldDisplayMessage" : false,
            "stepsCount" : 0,
            "hasContent" : false
          } ],
          "attachments" : [ ],
          "parameters" : [ {
            "name" : "locator",
            "value" : "('xpath', '//a[@id=\"ember11\"]')"
          } ],
          "attachmentsCount" : 0,
          "shouldDisplayMessage" : false,
          "stepsCount" : 1,
          "hasContent" : true
        } ],
        "attachments" : [ ],
        "parameters" : [ ],
        "attachmentsCount" : 0,
        "shouldDisplayMessage" : false,
        "stepsCount" : 2,
        "hasContent" : true
      }, {
        "name" : "Check element is visible: ('xpath', '//input[@id=\"login\"]')",
        "time" : {
          "start" : 1713954572505,
          "stop" : 1713954572531,
          "duration" : 26
        },
        "status" : "passed",
        "steps" : [ {
          "name" : "Check element is present: ('xpath', '//input[@id=\"login\"]')",
          "time" : {
            "start" : 1713954572505,
            "stop" : 1713954572515,
            "duration" : 10
          },
          "status" : "passed",
          "steps" : [ ],
          "attachments" : [ ],
          "parameters" : [ ],
          "attachmentsCount" : 0,
          "shouldDisplayMessage" : false,
          "stepsCount" : 0,
          "hasContent" : false
        }, {
          "name" : "Go to element: <selenium.webdriver.remote.webelement.WebElement (session=\"d2e2eaa0a4346382cef53627bb018846\", element=\"f.54D7673A778B303E9AFFD1329EF467E2.d.FADD295359970834FA27561E0A357374.e.27\")>",
          "time" : {
            "start" : 1713954572515,
            "stop" : 1713954572519,
            "duration" : 4
          },
          "status" : "passed",
          "steps" : [ ],
          "attachments" : [ ],
          "parameters" : [ ],
          "attachmentsCount" : 0,
          "shouldDisplayMessage" : false,
          "stepsCount" : 0,
          "hasContent" : false
        } ],
        "attachments" : [ ],
        "parameters" : [ ],
        "attachmentsCount" : 0,
        "shouldDisplayMessage" : false,
        "stepsCount" : 2,
        "hasContent" : true
      }, {
        "name" : "Check element is visible: ('xpath', '//input[@id=\"password\"]')",
        "time" : {
          "start" : 1713954572586,
          "stop" : 1713954572614,
          "duration" : 28
        },
        "status" : "passed",
        "steps" : [ {
          "name" : "Check element is present: ('xpath', '//input[@id=\"password\"]')",
          "time" : {
            "start" : 1713954572586,
            "stop" : 1713954572595,
            "duration" : 9
          },
          "status" : "passed",
          "steps" : [ ],
          "attachments" : [ ],
          "parameters" : [ ],
          "attachmentsCount" : 0,
          "shouldDisplayMessage" : false,
          "stepsCount" : 0,
          "hasContent" : false
        }, {
          "name" : "Go to element: <selenium.webdriver.remote.webelement.WebElement (session=\"d2e2eaa0a4346382cef53627bb018846\", element=\"f.54D7673A778B303E9AFFD1329EF467E2.d.FADD295359970834FA27561E0A357374.e.30\")>",
          "time" : {
            "start" : 1713954572595,
            "stop" : 1713954572601,
            "duration" : 6
          },
          "status" : "passed",
          "steps" : [ ],
          "attachments" : [ ],
          "parameters" : [ ],
          "attachmentsCount" : 0,
          "shouldDisplayMessage" : false,
          "stepsCount" : 0,
          "hasContent" : false
        } ],
        "attachments" : [ ],
        "parameters" : [ ],
        "attachmentsCount" : 0,
        "shouldDisplayMessage" : false,
        "stepsCount" : 2,
        "hasContent" : true
      }, {
        "name" : "Check element is visible and clickable: ('xpath', '//*[@type=\"submit\"]')",
        "time" : {
          "start" : 1713954572655,
          "stop" : 1713954572685,
          "duration" : 30
        },
        "status" : "passed",
        "steps" : [ {
          "name" : "Check element is clickable",
          "time" : {
            "start" : 1713954572669,
            "stop" : 1713954572685,
            "duration" : 16
          },
          "status" : "passed",
          "steps" : [ {
            "name" : "Check element is clickable: ('xpath', '//*[@type=\"submit\"]')",
            "time" : {
              "start" : 1713954572669,
              "stop" : 1713954572685,
              "duration" : 16
            },
            "status" : "passed",
            "steps" : [ ],
            "attachments" : [ ],
            "parameters" : [ ],
            "attachmentsCount" : 0,
            "shouldDisplayMessage" : false,
            "stepsCount" : 0,
            "hasContent" : false
          } ],
          "attachments" : [ ],
          "parameters" : [ {
            "name" : "locator",
            "value" : "('xpath', '//*[@type=\"submit\"]')"
          } ],
          "attachmentsCount" : 0,
          "shouldDisplayMessage" : false,
          "stepsCount" : 1,
          "hasContent" : true
        } ],
        "attachments" : [ ],
        "parameters" : [ ],
        "attachmentsCount" : 0,
        "shouldDisplayMessage" : false,
        "stepsCount" : 2,
        "hasContent" : true
      }, {
        "name" : "Check url is present: https://brainup.site/groups",
        "time" : {
          "start" : 1713954572723,
          "stop" : 1713954613002,
          "duration" : 40279
        },
        "status" : "broken",
        "statusMessage" : "selenium.common.exceptions.TimeoutException: Message: Can't find element by locator https://brainup.site/groups\n\n",
        "statusTrace" : "  File \"/home/runner/work/auto-tests-python/auto-tests-python/pages/base_page.py\", line 80, in check_expected_link\n    return Wait(self.driver, self.timeout).until(\n           ^^^^^^^^^^^^^^^^^^^^^^^^^^^^^^^^^^^^^^\n  File \"/opt/hostedtoolcache/Python/3.12.3/x64/lib/python3.12/site-packages/selenium/webdriver/support/wait.py\", line 95, in until\n    raise TimeoutException(message, screen, stacktrace)\n",
        "steps" : [ ],
        "attachments" : [ ],
        "parameters" : [ ],
        "attachmentsCount" : 0,
        "shouldDisplayMessage" : true,
        "stepsCount" : 0,
        "hasContent" : true
      } ],
      "attachments" : [ ],
      "parameters" : [ {
        "name" : "driver",
        "value" : "<selenium.webdriver.chrome.webdriver.WebDriver (session=\"d2e2eaa0a4346382cef53627bb018846\")>"
      }, {
        "name" : "main_page_open",
        "value" : "None"
      } ],
      "attachmentsCount" : 0,
      "shouldDisplayMessage" : false,
      "stepsCount" : 13,
      "hasContent" : true
    } ],
    "attachments" : [ ],
    "parameters" : [ ],
    "attachmentsCount" : 0,
    "shouldDisplayMessage" : false,
    "stepsCount" : 14,
    "hasContent" : true
  }, {
    "name" : "driver",
    "time" : {
      "start" : 1713954568405,
      "stop" : 1713954569091,
      "duration" : 686
    },
    "status" : "passed",
    "steps" : [ ],
    "attachments" : [ ],
    "parameters" : [ ],
    "attachmentsCount" : 0,
    "shouldDisplayMessage" : false,
    "stepsCount" : 0,
    "hasContent" : false
  } ],
  "afterStages" : [ {
    "name" : "driver::0",
    "time" : {
      "start" : 1713954613019,
      "stop" : 1713954613253,
      "duration" : 234
    },
    "status" : "passed",
    "steps" : [ ],
    "attachments" : [ {
      "uid" : "c9a2982fcdd43281",
      "name" : "Screenshot 2024-04-24 10:30:13.191742",
      "source" : "c9a2982fcdd43281.png",
      "type" : "image/png",
      "size" : 41956
    } ],
    "parameters" : [ ],
    "attachmentsCount" : 1,
    "shouldDisplayMessage" : false,
    "stepsCount" : 0,
    "hasContent" : true
  } ],
  "labels" : [ {
    "name" : "epic",
    "value" : "Речевые упражнения."
  }, {
    "name" : "suite",
    "value" : "Statistic."
  }, {
    "name" : "tag",
    "value" : "@pytest.mark.xfail"
  }, {
    "name" : "parentSuite",
    "value" : "tests"
  }, {
    "name" : "subSuite",
    "value" : "TestCardsRU"
  }, {
    "name" : "host",
    "value" : "fv-az529-475"
  }, {
    "name" : "thread",
    "value" : "1841-MainThread"
  }, {
    "name" : "framework",
    "value" : "pytest"
  }, {
    "name" : "language",
    "value" : "cpython3"
  }, {
    "name" : "package",
    "value" : "tests.test_speech_exercises_ru"
  }, {
    "name" : "resultFormat",
    "value" : "allure2"
  } ],
  "parameters" : [ ],
  "links" : [ ],
  "hidden" : false,
  "retry" : false,
  "extra" : {
    "severity" : "normal",
    "retries" : [ ],
    "categories" : [ ],
    "history" : {
      "statistic" : {
        "failed" : 0,
        "broken" : 13,
        "skipped" : 9,
        "passed" : 181,
        "unknown" : 0,
        "total" : 203
      },
      "items" : [ {
        "uid" : "4b1dad0a55856aa3",
        "status" : "passed",
        "statusDetails" : "XPASS",
        "time" : {
          "start" : 1713950146901,
          "stop" : 1713950150258,
          "duration" : 3357
        }
      }, {
        "uid" : "374a6eff9b9845ef",
        "status" : "passed",
        "statusDetails" : "XPASS",
        "time" : {
          "start" : 1713894563571,
          "stop" : 1713894565506,
          "duration" : 1935
        }
      }, {
        "uid" : "ca92a6810f51e447",
        "status" : "passed",
        "statusDetails" : "XPASS",
        "time" : {
          "start" : 1713880761265,
          "stop" : 1713880764703,
          "duration" : 3438
        }
      }, {
        "uid" : "5e62929167100660",
        "status" : "passed",
        "statusDetails" : "XPASS",
        "time" : {
          "start" : 1713878983629,
          "stop" : 1713878987516,
          "duration" : 3887
        }
      }, {
        "uid" : "1a977aff6a853e28",
        "status" : "passed",
        "statusDetails" : "XPASS",
        "time" : {
          "start" : 1713876769870,
          "stop" : 1713876772856,
          "duration" : 2986
        }
      }, {
        "uid" : "8ba56a990ef943c6",
        "status" : "passed",
        "statusDetails" : "XPASS",
        "time" : {
          "start" : 1713873845011,
          "stop" : 1713873847431,
          "duration" : 2420
        }
      }, {
        "uid" : "b930ce06d6b084dc",
        "status" : "passed",
        "statusDetails" : "XPASS",
        "time" : {
          "start" : 1713870963556,
          "stop" : 1713870968979,
          "duration" : 5423
        }
      }, {
        "uid" : "d58720269d5cff97",
        "status" : "passed",
        "statusDetails" : "XPASS",
        "time" : {
          "start" : 1713784948707,
          "stop" : 1713784951103,
          "duration" : 2396
        }
      }, {
        "uid" : "d275ef2fa32b31c2",
        "status" : "skipped",
        "statusDetails" : "XFAIL\n\nselenium.common.exceptions.StaleElementReferenceException: Message: stale element reference: stale element not found in the current frame\n  (Session info: chrome-headless-shell=123.0.6312.122); For documentation on this error, please visit: https://www.selenium.dev/documentation/webdriver/troubleshooting/errors#stale-element-reference-exception\nStacktrace:\n#0 0x55a431e9a863 <unknown>\n#1 0x55a431b908c6 <unknown>\n#2 0x55a431b95e75 <unknown>\n#3 0x55a431b97bce <unknown>\n#4 0x55a431b97c5c <unknown>\n#5 0x55a431bd5ae2 <unknown>\n#6 0x55a431bfd5a2 <unknown>\n#7 0x55a431bcfe98 <unknown>\n#8 0x55a431bfd76e <unknown>\n#9 0x55a431c1bc19 <unknown>\n#10 0x55a431bfd343 <unknown>\n#11 0x55a431bce593 <unknown>\n#12 0x55a431bcef5e <unknown>\n#13 0x55a431e5e84b <unknown>\n#14 0x55a431e627a5 <unknown>\n#15 0x55a431e4c571 <unknown>\n#16 0x55a431e63332 <unknown>\n#17 0x55a431e3187f <unknown>\n#18 0x55a431e89728 <unknown>\n#19 0x55a431e898fb <unknown>\n#20 0x55a431e999b4 <unknown>\n#21 0x7f5935294ac3 <unknown>",
        "time" : {
          "start" : 1713782352657,
          "stop" : 1713782354970,
          "duration" : 2313
        }
      }, {
        "uid" : "c7d22edb8b797297",
        "status" : "passed",
        "statusDetails" : "XPASS",
        "time" : {
          "start" : 1713699559187,
          "stop" : 1713699563102,
          "duration" : 3915
        }
      }, {
        "uid" : "526d4eeb14dcef2a",
        "status" : "passed",
        "statusDetails" : "XPASS",
        "time" : {
          "start" : 1713697700457,
          "stop" : 1713697704469,
          "duration" : 4012
        }
      }, {
        "uid" : "a66acea14a0a927f",
        "status" : "passed",
        "statusDetails" : "XPASS",
        "time" : {
          "start" : 1713608553326,
          "stop" : 1713608556177,
          "duration" : 2851
        }
      }, {
        "uid" : "fce32a2372be9461",
        "status" : "passed",
        "statusDetails" : "XPASS",
        "time" : {
          "start" : 1713606067754,
          "stop" : 1713606071218,
          "duration" : 3464
        }
      }, {
        "uid" : "76f19846920822af",
        "status" : "passed",
        "statusDetails" : "XPASS",
        "time" : {
          "start" : 1713528536071,
          "stop" : 1713528539561,
          "duration" : 3490
        }
      }, {
        "uid" : "59a4ee174c94137f",
        "status" : "passed",
        "statusDetails" : "XPASS",
        "time" : {
          "start" : 1713526171950,
          "stop" : 1713526174305,
          "duration" : 2355
        }
      }, {
        "uid" : "9b9ff58dc4ecc5ef",
        "status" : "passed",
        "statusDetails" : "XPASS",
        "time" : {
          "start" : 1713525987902,
          "stop" : 1713525993394,
          "duration" : 5492
        }
      }, {
        "uid" : "56bce9a666152bdb",
        "status" : "passed",
        "statusDetails" : "XPASS",
        "time" : {
          "start" : 1713521563342,
          "stop" : 1713521565757,
          "duration" : 2415
        }
      }, {
        "uid" : "39f8cbfbfd7e835d",
        "status" : "passed",
        "statusDetails" : "XPASS",
        "time" : {
          "start" : 1713519854733,
          "stop" : 1713519857610,
          "duration" : 2877
        }
      }, {
        "uid" : "b29000514162a516",
        "status" : "passed",
        "statusDetails" : "XPASS",
        "time" : {
          "start" : 1713519806758,
          "stop" : 1713519812179,
          "duration" : 5421
        }
      }, {
        "uid" : "a9f3b5c8d1b812de",
        "status" : "passed",
        "statusDetails" : "XPASS",
        "time" : {
          "start" : 1713436649308,
          "stop" : 1713436652806,
          "duration" : 3498
        }
      } ]
    },
    "tags" : [ "@pytest.mark.xfail" ]
  },
  "source" : "4da067a89f726cbe.json",
  "parameterValues" : [ ]
}