{
  "uid" : "5258349c6dee7249",
  "name" : "Check statistic table.",
  "fullName" : "tests.test_speech_exercises_ru.TestCardsRU#test_get_statistic_data",
  "historyId" : "15df626f86a935fbcd917f7ea4002a26",
  "time" : {
    "start" : 1715799230040,
    "stop" : 1715799250620,
    "duration" : 20580
  },
  "status" : "skipped",
  "statusMessage" : "XFAIL\n\nselenium.common.exceptions.TimeoutException: Message: Can't find element by locator ('xpath', '//div[@class=\"__51e19\"]')\nStacktrace:\n#0 0x5628dcea4e33 <unknown>\n#1 0x5628dcb94567 <unknown>\n#2 0x5628dcbdf27d <unknown>\n#3 0x5628dcbdf331 <unknown>\n#4 0x5628dcc22624 <unknown>\n#5 0x5628dcc0138d <unknown>\n#6 0x5628dcc1fae2 <unknown>\n#7 0x5628dcc01103 <unknown>\n#8 0x5628dcbd21ba <unknown>\n#9 0x5628dcbd2b8e <unknown>\n#10 0x5628dce6959b <unknown>\n#11 0x5628dce6d34b <unknown>\n#12 0x5628dce55681 <unknown>\n#13 0x5628dce6deb2 <unknown>\n#14 0x5628dce3a6af <unknown>\n#15 0x5628dce94428 <unknown>\n#16 0x5628dce94600 <unknown>\n#17 0x5628dcea3f84 <unknown>\n#18 0x7fef47c94ac3 <unknown>",
  "statusTrace" : "self = <tests.test_speech_exercises_ru.TestCardsRU object at 0x7f2b42766120>\ndriver = <selenium.webdriver.chrome.webdriver.WebDriver (session=\"1bd1da3a1def6efb16521ce7f745ebb1\")>\ndefault_user_authorized = None\n\n    @pytest.mark.xfail\n    @allure.suite('Statistic.')\n    @allure.title('Check statistic table.')\n    def test_get_statistic_data(self, driver, default_user_authorized):\n        page = SpeechExercisesPageRU(driver)\n>       table = page.get_statistic_data()\n\ntests/test_speech_exercises_ru.py:192: \n_ _ _ _ _ _ _ _ _ _ _ _ _ _ _ _ _ _ _ _ _ _ _ _ _ _ _ _ _ _ _ _ _ _ _ _ _ _ _ _ \npages/speech_exercises_page_ru.py:175: in get_statistic_data\n    table = self.element_is_present(self.locators.AuthorizedUserHomePageLocators.STATISTIC_TABLE)\npages/base_page.py:55: in element_is_present\n    return Wait(self.driver, self.timeout).until(\n_ _ _ _ _ _ _ _ _ _ _ _ _ _ _ _ _ _ _ _ _ _ _ _ _ _ _ _ _ _ _ _ _ _ _ _ _ _ _ _ \n\nself = <selenium.webdriver.support.wait.WebDriverWait (session=\"1bd1da3a1def6efb16521ce7f745ebb1\")>\nmethod = <function presence_of_element_located.<locals>._predicate at 0x7f2b428cde40>\nmessage = 'Can\\'t find element by locator (\\'xpath\\', \\'//div[@class=\"__51e19\"]\\')'\n\n    def until(self, method, message: str = \"\"):\n        \"\"\"Calls the method provided with the driver as an argument until the \\\n        return value does not evaluate to ``False``.\n    \n        :param method: callable(WebDriver)\n        :param message: optional message for :exc:`TimeoutException`\n        :returns: the result of the last call to `method`\n        :raises: :exc:`selenium.common.exceptions.TimeoutException` if timeout occurs\n        \"\"\"\n        screen = None\n        stacktrace = None\n    \n        end_time = time.monotonic() + self._timeout\n        while True:\n            try:\n                value = method(self._driver)\n                if value:\n                    return value\n            except self._ignored_exceptions as exc:\n                screen = getattr(exc, \"screen\", None)\n                stacktrace = getattr(exc, \"stacktrace\", None)\n            time.sleep(self._poll)\n            if time.monotonic() > end_time:\n                break\n>       raise TimeoutException(message, screen, stacktrace)\nE       selenium.common.exceptions.TimeoutException: Message: Can't find element by locator ('xpath', '//div[@class=\"__51e19\"]')\nE       Stacktrace:\nE       #0 0x5628dcea4e33 <unknown>\nE       #1 0x5628dcb94567 <unknown>\nE       #2 0x5628dcbdf27d <unknown>\nE       #3 0x5628dcbdf331 <unknown>\nE       #4 0x5628dcc22624 <unknown>\nE       #5 0x5628dcc0138d <unknown>\nE       #6 0x5628dcc1fae2 <unknown>\nE       #7 0x5628dcc01103 <unknown>\nE       #8 0x5628dcbd21ba <unknown>\nE       #9 0x5628dcbd2b8e <unknown>\nE       #10 0x5628dce6959b <unknown>\nE       #11 0x5628dce6d34b <unknown>\nE       #12 0x5628dce55681 <unknown>\nE       #13 0x5628dce6deb2 <unknown>\nE       #14 0x5628dce3a6af <unknown>\nE       #15 0x5628dce94428 <unknown>\nE       #16 0x5628dce94600 <unknown>\nE       #17 0x5628dcea3f84 <unknown>\nE       #18 0x7fef47c94ac3 <unknown>\n\n/opt/hostedtoolcache/Python/3.12.3/x64/lib/python3.12/site-packages/selenium/webdriver/support/wait.py:95: TimeoutException",
  "flaky" : false,
  "newFailed" : false,
  "beforeStages" : [ {
    "name" : "clear_allure_results_folder",
    "time" : {
      "start" : 1715798126973,
      "stop" : 1715798126973,
      "duration" : 0
    },
    "status" : "passed",
    "steps" : [ ],
    "attachments" : [ ],
    "parameters" : [ ],
    "attachmentsCount" : 0,
    "shouldDisplayMessage" : false,
    "stepsCount" : 0,
    "hasContent" : false
  }, {
    "name" : "default_user_authorized",
    "time" : {
      "start" : 1715799227700,
      "stop" : 1715799230039,
      "duration" : 2339
    },
    "status" : "passed",
    "steps" : [ {
      "name" : "DEFAULT user authorized",
      "time" : {
        "start" : 1715799227700,
        "stop" : 1715799230039,
        "duration" : 2339
      },
      "status" : "passed",
      "steps" : [ {
        "name" : "Check element is visible and clickable: ('xpath', '//a[@id=\"ember11\"]')",
        "time" : {
          "start" : 1715799227700,
          "stop" : 1715799227742,
          "duration" : 42
        },
        "status" : "passed",
        "steps" : [ {
          "name" : "Check element is clickable",
          "time" : {
            "start" : 1715799227720,
            "stop" : 1715799227742,
            "duration" : 22
          },
          "status" : "passed",
          "steps" : [ {
            "name" : "Check element is clickable: ('xpath', '//a[@id=\"ember11\"]')",
            "time" : {
              "start" : 1715799227721,
              "stop" : 1715799227742,
              "duration" : 21
            },
            "status" : "passed",
            "steps" : [ ],
            "attachments" : [ ],
            "parameters" : [ ],
            "attachmentsCount" : 0,
            "shouldDisplayMessage" : false,
            "stepsCount" : 0,
            "hasContent" : false
          } ],
          "attachments" : [ ],
          "parameters" : [ {
            "name" : "locator",
            "value" : "('xpath', '//a[@id=\"ember11\"]')"
          } ],
          "attachmentsCount" : 0,
          "shouldDisplayMessage" : false,
          "stepsCount" : 1,
          "hasContent" : true
        } ],
        "attachments" : [ ],
        "parameters" : [ ],
        "attachmentsCount" : 0,
        "shouldDisplayMessage" : false,
        "stepsCount" : 2,
        "hasContent" : true
      }, {
        "name" : "Check element is visible: ('xpath', '//input[@id=\"login\"]')",
        "time" : {
          "start" : 1715799227793,
          "stop" : 1715799227820,
          "duration" : 27
        },
        "status" : "passed",
        "steps" : [ {
          "name" : "Check element is present: ('xpath', '//input[@id=\"login\"]')",
          "time" : {
            "start" : 1715799227793,
            "stop" : 1715799227804,
            "duration" : 11
          },
          "status" : "passed",
          "steps" : [ ],
          "attachments" : [ ],
          "parameters" : [ ],
          "attachmentsCount" : 0,
          "shouldDisplayMessage" : false,
          "stepsCount" : 0,
          "hasContent" : false
        }, {
          "name" : "Go to element: <selenium.webdriver.remote.webelement.WebElement (session=\"1bd1da3a1def6efb16521ce7f745ebb1\", element=\"f.D57692993A81C344E784FE2EAB6486E8.d.80BF39F41110B493DE12BFD2608A434E.e.27\")>",
          "time" : {
            "start" : 1715799227804,
            "stop" : 1715799227808,
            "duration" : 4
          },
          "status" : "passed",
          "steps" : [ ],
          "attachments" : [ ],
          "parameters" : [ ],
          "attachmentsCount" : 0,
          "shouldDisplayMessage" : false,
          "stepsCount" : 0,
          "hasContent" : false
        } ],
        "attachments" : [ ],
        "parameters" : [ ],
        "attachmentsCount" : 0,
        "shouldDisplayMessage" : false,
        "stepsCount" : 2,
        "hasContent" : true
      }, {
        "name" : "Check element is visible: ('xpath', '//input[@id=\"password\"]')",
        "time" : {
          "start" : 1715799227878,
          "stop" : 1715799227906,
          "duration" : 28
        },
        "status" : "passed",
        "steps" : [ {
          "name" : "Check element is present: ('xpath', '//input[@id=\"password\"]')",
          "time" : {
            "start" : 1715799227878,
            "stop" : 1715799227888,
            "duration" : 10
          },
          "status" : "passed",
          "steps" : [ ],
          "attachments" : [ ],
          "parameters" : [ ],
          "attachmentsCount" : 0,
          "shouldDisplayMessage" : false,
          "stepsCount" : 0,
          "hasContent" : false
        }, {
          "name" : "Go to element: <selenium.webdriver.remote.webelement.WebElement (session=\"1bd1da3a1def6efb16521ce7f745ebb1\", element=\"f.D57692993A81C344E784FE2EAB6486E8.d.80BF39F41110B493DE12BFD2608A434E.e.30\")>",
          "time" : {
            "start" : 1715799227888,
            "stop" : 1715799227894,
            "duration" : 6
          },
          "status" : "passed",
          "steps" : [ ],
          "attachments" : [ ],
          "parameters" : [ ],
          "attachmentsCount" : 0,
          "shouldDisplayMessage" : false,
          "stepsCount" : 0,
          "hasContent" : false
        } ],
        "attachments" : [ ],
        "parameters" : [ ],
        "attachmentsCount" : 0,
        "shouldDisplayMessage" : false,
        "stepsCount" : 2,
        "hasContent" : true
      }, {
        "name" : "Check element is visible and clickable: ('xpath', '//*[@type=\"submit\"]')",
        "time" : {
          "start" : 1715799227948,
          "stop" : 1715799227980,
          "duration" : 32
        },
        "status" : "passed",
        "steps" : [ {
          "name" : "Check element is clickable",
          "time" : {
            "start" : 1715799227964,
            "stop" : 1715799227980,
            "duration" : 16
          },
          "status" : "passed",
          "steps" : [ {
            "name" : "Check element is clickable: ('xpath', '//*[@type=\"submit\"]')",
            "time" : {
              "start" : 1715799227964,
              "stop" : 1715799227980,
              "duration" : 16
            },
            "status" : "passed",
            "steps" : [ ],
            "attachments" : [ ],
            "parameters" : [ ],
            "attachmentsCount" : 0,
            "shouldDisplayMessage" : false,
            "stepsCount" : 0,
            "hasContent" : false
          } ],
          "attachments" : [ ],
          "parameters" : [ {
            "name" : "locator",
            "value" : "('xpath', '//*[@type=\"submit\"]')"
          } ],
          "attachmentsCount" : 0,
          "shouldDisplayMessage" : false,
          "stepsCount" : 1,
          "hasContent" : true
        } ],
        "attachments" : [ ],
        "parameters" : [ ],
        "attachmentsCount" : 0,
        "shouldDisplayMessage" : false,
        "stepsCount" : 2,
        "hasContent" : true
      }, {
        "name" : "Check url is present: https://brainup.site/groups",
        "time" : {
          "start" : 1715799228015,
          "stop" : 1715799230039,
          "duration" : 2024
        },
        "status" : "passed",
        "steps" : [ ],
        "attachments" : [ ],
        "parameters" : [ ],
        "attachmentsCount" : 0,
        "shouldDisplayMessage" : false,
        "stepsCount" : 0,
        "hasContent" : false
      } ],
      "attachments" : [ ],
      "parameters" : [ {
        "name" : "driver",
        "value" : "<selenium.webdriver.chrome.webdriver.WebDriver (session=\"1bd1da3a1def6efb16521ce7f745ebb1\")>"
      }, {
        "name" : "main_page_open",
        "value" : "None"
      } ],
      "attachmentsCount" : 0,
      "shouldDisplayMessage" : false,
      "stepsCount" : 13,
      "hasContent" : true
    } ],
    "attachments" : [ ],
    "parameters" : [ ],
    "attachmentsCount" : 0,
    "shouldDisplayMessage" : false,
    "stepsCount" : 14,
    "hasContent" : true
  }, {
    "name" : "driver",
    "time" : {
      "start" : 1715799223029,
      "stop" : 1715799223717,
      "duration" : 688
    },
    "status" : "passed",
    "steps" : [ ],
    "attachments" : [ ],
    "parameters" : [ ],
    "attachmentsCount" : 0,
    "shouldDisplayMessage" : false,
    "stepsCount" : 0,
    "hasContent" : false
  }, {
    "name" : "main_page_open",
    "time" : {
      "start" : 1715799223717,
      "stop" : 1715799227700,
      "duration" : 3983
    },
    "status" : "passed",
    "steps" : [ {
      "name" : "Open page: https://brainup.site/",
      "time" : {
        "start" : 1715799223717,
        "stop" : 1715799227700,
        "duration" : 3983
      },
      "status" : "passed",
      "steps" : [ ],
      "attachments" : [ ],
      "parameters" : [ {
        "name" : "driver",
        "value" : "<selenium.webdriver.chrome.webdriver.WebDriver (session=\"1bd1da3a1def6efb16521ce7f745ebb1\")>"
      } ],
      "attachmentsCount" : 0,
      "shouldDisplayMessage" : false,
      "stepsCount" : 0,
      "hasContent" : true
    } ],
    "attachments" : [ ],
    "parameters" : [ ],
    "attachmentsCount" : 0,
    "shouldDisplayMessage" : false,
    "stepsCount" : 1,
    "hasContent" : true
  } ],
  "testStage" : {
    "status" : "skipped",
    "statusMessage" : "XFAIL\n\nselenium.common.exceptions.TimeoutException: Message: Can't find element by locator ('xpath', '//div[@class=\"__51e19\"]')\nStacktrace:\n#0 0x5628dcea4e33 <unknown>\n#1 0x5628dcb94567 <unknown>\n#2 0x5628dcbdf27d <unknown>\n#3 0x5628dcbdf331 <unknown>\n#4 0x5628dcc22624 <unknown>\n#5 0x5628dcc0138d <unknown>\n#6 0x5628dcc1fae2 <unknown>\n#7 0x5628dcc01103 <unknown>\n#8 0x5628dcbd21ba <unknown>\n#9 0x5628dcbd2b8e <unknown>\n#10 0x5628dce6959b <unknown>\n#11 0x5628dce6d34b <unknown>\n#12 0x5628dce55681 <unknown>\n#13 0x5628dce6deb2 <unknown>\n#14 0x5628dce3a6af <unknown>\n#15 0x5628dce94428 <unknown>\n#16 0x5628dce94600 <unknown>\n#17 0x5628dcea3f84 <unknown>\n#18 0x7fef47c94ac3 <unknown>",
    "statusTrace" : "self = <tests.test_speech_exercises_ru.TestCardsRU object at 0x7f2b42766120>\ndriver = <selenium.webdriver.chrome.webdriver.WebDriver (session=\"1bd1da3a1def6efb16521ce7f745ebb1\")>\ndefault_user_authorized = None\n\n    @pytest.mark.xfail\n    @allure.suite('Statistic.')\n    @allure.title('Check statistic table.')\n    def test_get_statistic_data(self, driver, default_user_authorized):\n        page = SpeechExercisesPageRU(driver)\n>       table = page.get_statistic_data()\n\ntests/test_speech_exercises_ru.py:192: \n_ _ _ _ _ _ _ _ _ _ _ _ _ _ _ _ _ _ _ _ _ _ _ _ _ _ _ _ _ _ _ _ _ _ _ _ _ _ _ _ \npages/speech_exercises_page_ru.py:175: in get_statistic_data\n    table = self.element_is_present(self.locators.AuthorizedUserHomePageLocators.STATISTIC_TABLE)\npages/base_page.py:55: in element_is_present\n    return Wait(self.driver, self.timeout).until(\n_ _ _ _ _ _ _ _ _ _ _ _ _ _ _ _ _ _ _ _ _ _ _ _ _ _ _ _ _ _ _ _ _ _ _ _ _ _ _ _ \n\nself = <selenium.webdriver.support.wait.WebDriverWait (session=\"1bd1da3a1def6efb16521ce7f745ebb1\")>\nmethod = <function presence_of_element_located.<locals>._predicate at 0x7f2b428cde40>\nmessage = 'Can\\'t find element by locator (\\'xpath\\', \\'//div[@class=\"__51e19\"]\\')'\n\n    def until(self, method, message: str = \"\"):\n        \"\"\"Calls the method provided with the driver as an argument until the \\\n        return value does not evaluate to ``False``.\n    \n        :param method: callable(WebDriver)\n        :param message: optional message for :exc:`TimeoutException`\n        :returns: the result of the last call to `method`\n        :raises: :exc:`selenium.common.exceptions.TimeoutException` if timeout occurs\n        \"\"\"\n        screen = None\n        stacktrace = None\n    \n        end_time = time.monotonic() + self._timeout\n        while True:\n            try:\n                value = method(self._driver)\n                if value:\n                    return value\n            except self._ignored_exceptions as exc:\n                screen = getattr(exc, \"screen\", None)\n                stacktrace = getattr(exc, \"stacktrace\", None)\n            time.sleep(self._poll)\n            if time.monotonic() > end_time:\n                break\n>       raise TimeoutException(message, screen, stacktrace)\nE       selenium.common.exceptions.TimeoutException: Message: Can't find element by locator ('xpath', '//div[@class=\"__51e19\"]')\nE       Stacktrace:\nE       #0 0x5628dcea4e33 <unknown>\nE       #1 0x5628dcb94567 <unknown>\nE       #2 0x5628dcbdf27d <unknown>\nE       #3 0x5628dcbdf331 <unknown>\nE       #4 0x5628dcc22624 <unknown>\nE       #5 0x5628dcc0138d <unknown>\nE       #6 0x5628dcc1fae2 <unknown>\nE       #7 0x5628dcc01103 <unknown>\nE       #8 0x5628dcbd21ba <unknown>\nE       #9 0x5628dcbd2b8e <unknown>\nE       #10 0x5628dce6959b <unknown>\nE       #11 0x5628dce6d34b <unknown>\nE       #12 0x5628dce55681 <unknown>\nE       #13 0x5628dce6deb2 <unknown>\nE       #14 0x5628dce3a6af <unknown>\nE       #15 0x5628dce94428 <unknown>\nE       #16 0x5628dce94600 <unknown>\nE       #17 0x5628dcea3f84 <unknown>\nE       #18 0x7fef47c94ac3 <unknown>\n\n/opt/hostedtoolcache/Python/3.12.3/x64/lib/python3.12/site-packages/selenium/webdriver/support/wait.py:95: TimeoutException",
    "steps" : [ {
      "name" : "get_statistic_data",
      "time" : {
        "start" : 1715799230040,
        "stop" : 1715799250620,
        "duration" : 20580
      },
      "status" : "broken",
      "statusMessage" : "selenium.common.exceptions.TimeoutException: Message: Can't find element by locator ('xpath', '//div[@class=\"__51e19\"]')\nStacktrace:\n#0 0x5628dcea4e33 <unknown>\n#1 0x5628dcb94567 <unknown>\n#2 0x5628dcbdf27d <unknown>\n#3 0x5628dcbdf331 <unknown>\n#4 0x5628dcc22624 <unknown>\n#5 0x5628dcc0138d <unknown>\n#6 0x5628dcc1fae2 <unknown>\n#7 0x5628dcc01103 <unknown>\n#8 0x5628dcbd21ba <unknown>\n#9 0x5628dcbd2b8e <unknown>\n#10 0x5628dce6959b <unknown>\n#11 0x5628dce6d34b <unknown>\n#12 0x5628dce55681 <unknown>\n#13 0x5628dce6deb2 <unknown>\n#14 0x5628dce3a6af <unknown>\n#15 0x5628dce94428 <unknown>\n#16 0x5628dce94600 <unknown>\n#17 0x5628dcea3f84 <unknown>\n#18 0x7fef47c94ac3 <unknown>\n\n",
      "statusTrace" : "  File \"/opt/hostedtoolcache/Python/3.12.3/x64/lib/python3.12/site-packages/allure_commons/_allure.py\", line 192, in impl\n    return func(*a, **kw)\n           ^^^^^^^^^^^^^^\n  File \"/home/runner/work/auto-tests-python/auto-tests-python/pages/speech_exercises_page_ru.py\", line 175, in get_statistic_data\n    table = self.element_is_present(self.locators.AuthorizedUserHomePageLocators.STATISTIC_TABLE)\n            ^^^^^^^^^^^^^^^^^^^^^^^^^^^^^^^^^^^^^^^^^^^^^^^^^^^^^^^^^^^^^^^^^^^^^^^^^^^^^^^^^^^^^\n  File \"/home/runner/work/auto-tests-python/auto-tests-python/pages/base_page.py\", line 55, in element_is_present\n    return Wait(self.driver, self.timeout).until(\n           ^^^^^^^^^^^^^^^^^^^^^^^^^^^^^^^^^^^^^^\n  File \"/opt/hostedtoolcache/Python/3.12.3/x64/lib/python3.12/site-packages/selenium/webdriver/support/wait.py\", line 95, in until\n    raise TimeoutException(message, screen, stacktrace)\n",
      "steps" : [ {
        "name" : "Click button \"Статистика\"\".",
        "time" : {
          "start" : 1715799230040,
          "stop" : 1715799230130,
          "duration" : 90
        },
        "status" : "passed",
        "steps" : [ {
          "name" : "Check element is visible and clickable: ('xpath', '//a[@href=\"/profile/statistics\"]')",
          "time" : {
            "start" : 1715799230040,
            "stop" : 1715799230073,
            "duration" : 33
          },
          "status" : "passed",
          "steps" : [ {
            "name" : "Check element is clickable",
            "time" : {
              "start" : 1715799230057,
              "stop" : 1715799230073,
              "duration" : 16
            },
            "status" : "passed",
            "steps" : [ {
              "name" : "Check element is clickable: ('xpath', '//a[@href=\"/profile/statistics\"]')",
              "time" : {
                "start" : 1715799230057,
                "stop" : 1715799230073,
                "duration" : 16
              },
              "status" : "passed",
              "steps" : [ ],
              "attachments" : [ ],
              "parameters" : [ ],
              "attachmentsCount" : 0,
              "shouldDisplayMessage" : false,
              "stepsCount" : 0,
              "hasContent" : false
            } ],
            "attachments" : [ ],
            "parameters" : [ {
              "name" : "locator",
              "value" : "('xpath', '//a[@href=\"/profile/statistics\"]')"
            } ],
            "attachmentsCount" : 0,
            "shouldDisplayMessage" : false,
            "stepsCount" : 1,
            "hasContent" : true
          } ],
          "attachments" : [ ],
          "parameters" : [ ],
          "attachmentsCount" : 0,
          "shouldDisplayMessage" : false,
          "stepsCount" : 2,
          "hasContent" : true
        } ],
        "attachments" : [ ],
        "parameters" : [ ],
        "attachmentsCount" : 0,
        "shouldDisplayMessage" : false,
        "stepsCount" : 3,
        "hasContent" : true
      }, {
        "name" : "Check statistic table is present and scroll to table",
        "time" : {
          "start" : 1715799230130,
          "stop" : 1715799250619,
          "duration" : 20489
        },
        "status" : "broken",
        "statusMessage" : "selenium.common.exceptions.TimeoutException: Message: Can't find element by locator ('xpath', '//div[@class=\"__51e19\"]')\nStacktrace:\n#0 0x5628dcea4e33 <unknown>\n#1 0x5628dcb94567 <unknown>\n#2 0x5628dcbdf27d <unknown>\n#3 0x5628dcbdf331 <unknown>\n#4 0x5628dcc22624 <unknown>\n#5 0x5628dcc0138d <unknown>\n#6 0x5628dcc1fae2 <unknown>\n#7 0x5628dcc01103 <unknown>\n#8 0x5628dcbd21ba <unknown>\n#9 0x5628dcbd2b8e <unknown>\n#10 0x5628dce6959b <unknown>\n#11 0x5628dce6d34b <unknown>\n#12 0x5628dce55681 <unknown>\n#13 0x5628dce6deb2 <unknown>\n#14 0x5628dce3a6af <unknown>\n#15 0x5628dce94428 <unknown>\n#16 0x5628dce94600 <unknown>\n#17 0x5628dcea3f84 <unknown>\n#18 0x7fef47c94ac3 <unknown>\n\n",
        "statusTrace" : "  File \"/home/runner/work/auto-tests-python/auto-tests-python/pages/speech_exercises_page_ru.py\", line 175, in get_statistic_data\n    table = self.element_is_present(self.locators.AuthorizedUserHomePageLocators.STATISTIC_TABLE)\n            ^^^^^^^^^^^^^^^^^^^^^^^^^^^^^^^^^^^^^^^^^^^^^^^^^^^^^^^^^^^^^^^^^^^^^^^^^^^^^^^^^^^^^\n  File \"/home/runner/work/auto-tests-python/auto-tests-python/pages/base_page.py\", line 55, in element_is_present\n    return Wait(self.driver, self.timeout).until(\n           ^^^^^^^^^^^^^^^^^^^^^^^^^^^^^^^^^^^^^^\n  File \"/opt/hostedtoolcache/Python/3.12.3/x64/lib/python3.12/site-packages/selenium/webdriver/support/wait.py\", line 95, in until\n    raise TimeoutException(message, screen, stacktrace)\n",
        "steps" : [ {
          "name" : "Check element is present: ('xpath', '//div[@class=\"__51e19\"]')",
          "time" : {
            "start" : 1715799230130,
            "stop" : 1715799250619,
            "duration" : 20489
          },
          "status" : "broken",
          "statusMessage" : "selenium.common.exceptions.TimeoutException: Message: Can't find element by locator ('xpath', '//div[@class=\"__51e19\"]')\nStacktrace:\n#0 0x5628dcea4e33 <unknown>\n#1 0x5628dcb94567 <unknown>\n#2 0x5628dcbdf27d <unknown>\n#3 0x5628dcbdf331 <unknown>\n#4 0x5628dcc22624 <unknown>\n#5 0x5628dcc0138d <unknown>\n#6 0x5628dcc1fae2 <unknown>\n#7 0x5628dcc01103 <unknown>\n#8 0x5628dcbd21ba <unknown>\n#9 0x5628dcbd2b8e <unknown>\n#10 0x5628dce6959b <unknown>\n#11 0x5628dce6d34b <unknown>\n#12 0x5628dce55681 <unknown>\n#13 0x5628dce6deb2 <unknown>\n#14 0x5628dce3a6af <unknown>\n#15 0x5628dce94428 <unknown>\n#16 0x5628dce94600 <unknown>\n#17 0x5628dcea3f84 <unknown>\n#18 0x7fef47c94ac3 <unknown>\n\n",
          "statusTrace" : "  File \"/home/runner/work/auto-tests-python/auto-tests-python/pages/base_page.py\", line 55, in element_is_present\n    return Wait(self.driver, self.timeout).until(\n           ^^^^^^^^^^^^^^^^^^^^^^^^^^^^^^^^^^^^^^\n  File \"/opt/hostedtoolcache/Python/3.12.3/x64/lib/python3.12/site-packages/selenium/webdriver/support/wait.py\", line 95, in until\n    raise TimeoutException(message, screen, stacktrace)\n",
          "steps" : [ ],
          "attachments" : [ ],
          "parameters" : [ ],
          "attachmentsCount" : 0,
          "shouldDisplayMessage" : true,
          "stepsCount" : 0,
          "hasContent" : true
        } ],
        "attachments" : [ ],
        "parameters" : [ ],
        "attachmentsCount" : 0,
        "shouldDisplayMessage" : false,
        "stepsCount" : 1,
        "hasContent" : true
      } ],
      "attachments" : [ ],
      "parameters" : [ ],
      "attachmentsCount" : 0,
      "shouldDisplayMessage" : false,
      "stepsCount" : 6,
      "hasContent" : true
    } ],
    "attachments" : [ {
      "uid" : "ba3d5341f215ba3",
      "name" : "Screenshot",
      "source" : "ba3d5341f215ba3.png",
      "type" : "image/png",
      "size" : 67179
    }, {
      "uid" : "afab5902f84121bb",
      "name" : "HTML source",
      "source" : "afab5902f84121bb.html",
      "type" : "text/html",
      "size" : 37953
    } ],
    "parameters" : [ ],
    "attachmentsCount" : 2,
    "shouldDisplayMessage" : true,
    "stepsCount" : 7,
    "hasContent" : true
  },
  "afterStages" : [ {
    "name" : "driver::0",
    "time" : {
      "start" : 1715799250768,
      "stop" : 1715799250944,
      "duration" : 176
    },
    "status" : "passed",
    "steps" : [ ],
    "attachments" : [ {
      "uid" : "4e22a88b8845286",
      "name" : "Screenshot 2024-05-15 18:54:10.881933",
      "source" : "4e22a88b8845286.png",
      "type" : "image/png",
      "size" : 67179
    } ],
    "parameters" : [ ],
    "attachmentsCount" : 1,
    "shouldDisplayMessage" : false,
    "stepsCount" : 0,
    "hasContent" : true
  } ],
  "labels" : [ {
    "name" : "epic",
    "value" : "Speech exercises."
  }, {
    "name" : "suite",
    "value" : "Statistic."
  }, {
    "name" : "tag",
    "value" : "@pytest.mark.xfail"
  }, {
    "name" : "parentSuite",
    "value" : "tests"
  }, {
    "name" : "subSuite",
    "value" : "TestCardsRU"
  }, {
    "name" : "host",
    "value" : "fv-az1980-233"
  }, {
    "name" : "thread",
    "value" : "1822-MainThread"
  }, {
    "name" : "framework",
    "value" : "pytest"
  }, {
    "name" : "language",
    "value" : "cpython3"
  }, {
    "name" : "package",
    "value" : "tests.test_speech_exercises_ru"
  }, {
    "name" : "resultFormat",
    "value" : "allure2"
  } ],
  "parameters" : [ ],
  "links" : [ ],
  "hidden" : false,
  "retry" : false,
  "extra" : {
    "severity" : "normal",
    "retries" : [ ],
    "categories" : [ ],
    "history" : {
      "statistic" : {
        "failed" : 0,
        "broken" : 13,
        "skipped" : 21,
        "passed" : 218,
        "unknown" : 0,
        "total" : 252
      },
      "items" : [ {
        "uid" : "4ac2fc41659612f8",
        "status" : "passed",
        "statusDetails" : "XPASS",
        "time" : {
          "start" : 1715764091482,
          "stop" : 1715764095424,
          "duration" : 3942
        }
      }, {
        "uid" : "25d09231aa67c6c6",
        "status" : "skipped",
        "statusDetails" : "XFAIL\n\nselenium.common.exceptions.TimeoutException: Message: Can't find element by locator ('xpath', '//div[@class=\"__51e19\"]')\nStacktrace:\n#0 0x55dffc22de33 <unknown>\n#1 0x55dffbf1d567 <unknown>\n#2 0x55dffbf6827d <unknown>\n#3 0x55dffbf68331 <unknown>\n#4 0x55dffbfab624 <unknown>\n#5 0x55dffbf8a38d <unknown>\n#6 0x55dffbfa8ae2 <unknown>\n#7 0x55dffbf8a103 <unknown>\n#8 0x55dffbf5b1ba <unknown>\n#9 0x55dffbf5bb8e <unknown>\n#10 0x55dffc1f259b <unknown>\n#11 0x55dffc1f634b <unknown>\n#12 0x55dffc1de681 <unknown>\n#13 0x55dffc1f6eb2 <unknown>\n#14 0x55dffc1c36af <unknown>\n#15 0x55dffc21d428 <unknown>\n#16 0x55dffc21d600 <unknown>\n#17 0x55dffc22cf84 <unknown>\n#18 0x7fd4b0694ac3 <unknown>",
        "time" : {
          "start" : 1715762092787,
          "stop" : 1715762112919,
          "duration" : 20132
        }
      }, {
        "uid" : "424b315525831dbe",
        "status" : "passed",
        "statusDetails" : "XPASS",
        "time" : {
          "start" : 1715683081777,
          "stop" : 1715683085304,
          "duration" : 3527
        }
      }, {
        "uid" : "57ed449f8283e819",
        "status" : "skipped",
        "statusDetails" : "XFAIL\n\nselenium.common.exceptions.TimeoutException: Message: Can't find element by locator ('xpath', '//div[@class=\"__51e19\"]')\nStacktrace:\n#0 0x5572db79ae33 <unknown>\n#1 0x5572db48a567 <unknown>\n#2 0x5572db4d527d <unknown>\n#3 0x5572db4d5331 <unknown>\n#4 0x5572db518624 <unknown>\n#5 0x5572db4f738d <unknown>\n#6 0x5572db515ae2 <unknown>\n#7 0x5572db4f7103 <unknown>\n#8 0x5572db4c81ba <unknown>\n#9 0x5572db4c8b8e <unknown>\n#10 0x5572db75f59b <unknown>\n#11 0x5572db76334b <unknown>\n#12 0x5572db74b681 <unknown>\n#13 0x5572db763eb2 <unknown>\n#14 0x5572db7306af <unknown>\n#15 0x5572db78a428 <unknown>\n#16 0x5572db78a600 <unknown>\n#17 0x5572db799f84 <unknown>\n#18 0x7f22a9c94ac3 <unknown>",
        "time" : {
          "start" : 1715679330691,
          "stop" : 1715679351236,
          "duration" : 20545
        }
      }, {
        "uid" : "abf7f99b3004949f",
        "status" : "passed",
        "statusDetails" : "XPASS",
        "time" : {
          "start" : 1715598661719,
          "stop" : 1715598666132,
          "duration" : 4413
        }
      }, {
        "uid" : "a55a72b6d2bb400e",
        "status" : "skipped",
        "statusDetails" : "XFAIL\n\nselenium.common.exceptions.TimeoutException: Message: Can't find element by locator ('xpath', '//div[@class=\"__51e19\"]')\nStacktrace:\n#0 0x55800db08e33 <unknown>\n#1 0x55800d7f8567 <unknown>\n#2 0x55800d84327d <unknown>\n#3 0x55800d843331 <unknown>\n#4 0x55800d886624 <unknown>\n#5 0x55800d86538d <unknown>\n#6 0x55800d883ae2 <unknown>\n#7 0x55800d865103 <unknown>\n#8 0x55800d8361ba <unknown>\n#9 0x55800d836b8e <unknown>\n#10 0x55800dacd59b <unknown>\n#11 0x55800dad134b <unknown>\n#12 0x55800dab9681 <unknown>\n#13 0x55800dad1eb2 <unknown>\n#14 0x55800da9e6af <unknown>\n#15 0x55800daf8428 <unknown>\n#16 0x55800daf8600 <unknown>\n#17 0x55800db07f84 <unknown>\n#18 0x7f6b60c94ac3 <unknown>",
        "time" : {
          "start" : 1715596765609,
          "stop" : 1715596786203,
          "duration" : 20594
        }
      }, {
        "uid" : "bc0816b9b66166e",
        "status" : "passed",
        "statusDetails" : "XPASS",
        "time" : {
          "start" : 1715595166863,
          "stop" : 1715595169317,
          "duration" : 2454
        }
      }, {
        "uid" : "39f25e9028aa3141",
        "status" : "passed",
        "statusDetails" : "XPASS",
        "time" : {
          "start" : 1715513875412,
          "stop" : 1715513879435,
          "duration" : 4023
        }
      }, {
        "uid" : "d100141badeb75b",
        "status" : "passed",
        "statusDetails" : "XPASS",
        "time" : {
          "start" : 1715512307853,
          "stop" : 1715512310267,
          "duration" : 2414
        }
      }, {
        "uid" : "6b0d74b6c116a65e",
        "status" : "passed",
        "statusDetails" : "XPASS",
        "time" : {
          "start" : 1715424571266,
          "stop" : 1715424574140,
          "duration" : 2874
        }
      }, {
        "uid" : "b26bfaf763398eec",
        "status" : "skipped",
        "statusDetails" : "XFAIL\n\nselenium.common.exceptions.TimeoutException: Message: Can't find element by locator ('xpath', '//div[@class=\"__51e19\"]')\nStacktrace:\n#0 0x55e555ac1e33 <unknown>\n#1 0x55e5557b1567 <unknown>\n#2 0x55e5557fc27d <unknown>\n#3 0x55e5557fc331 <unknown>\n#4 0x55e55583f624 <unknown>\n#5 0x55e55581e38d <unknown>\n#6 0x55e55583cae2 <unknown>\n#7 0x55e55581e103 <unknown>\n#8 0x55e5557ef1ba <unknown>\n#9 0x55e5557efb8e <unknown>\n#10 0x55e555a8659b <unknown>\n#11 0x55e555a8a34b <unknown>\n#12 0x55e555a72681 <unknown>\n#13 0x55e555a8aeb2 <unknown>\n#14 0x55e555a576af <unknown>\n#15 0x55e555ab1428 <unknown>\n#16 0x55e555ab1600 <unknown>\n#17 0x55e555ac0f84 <unknown>\n#18 0x7f9cd6494ac3 <unknown>",
        "time" : {
          "start" : 1715422717076,
          "stop" : 1715422737649,
          "duration" : 20573
        }
      }, {
        "uid" : "68c687ceb3d1f1cf",
        "status" : "passed",
        "statusDetails" : "XPASS",
        "time" : {
          "start" : 1715333504093,
          "stop" : 1715333506554,
          "duration" : 2461
        }
      }, {
        "uid" : "8f71841e5e35bfd2",
        "status" : "skipped",
        "statusDetails" : "XFAIL\n\nselenium.common.exceptions.TimeoutException: Message: Can't find element by locator ('xpath', '//div[@class=\"__51e19\"]')\nStacktrace:\n#0 0x5638ffadae33 <unknown>\n#1 0x5638ff7ca567 <unknown>\n#2 0x5638ff81527d <unknown>\n#3 0x5638ff815331 <unknown>\n#4 0x5638ff858624 <unknown>\n#5 0x5638ff83738d <unknown>\n#6 0x5638ff855ae2 <unknown>\n#7 0x5638ff837103 <unknown>\n#8 0x5638ff8081ba <unknown>\n#9 0x5638ff808b8e <unknown>\n#10 0x5638ffa9f59b <unknown>\n#11 0x5638ffaa334b <unknown>\n#12 0x5638ffa8b681 <unknown>\n#13 0x5638ffaa3eb2 <unknown>\n#14 0x5638ffa706af <unknown>\n#15 0x5638ffaca428 <unknown>\n#16 0x5638ffaca600 <unknown>\n#17 0x5638ffad9f84 <unknown>\n#18 0x7f3f6ee94ac3 <unknown>",
        "time" : {
          "start" : 1715330555930,
          "stop" : 1715330576054,
          "duration" : 20124
        }
      }, {
        "uid" : "63aebb0dbd9e1ef9",
        "status" : "passed",
        "statusDetails" : "XPASS",
        "time" : {
          "start" : 1715248666662,
          "stop" : 1715248669545,
          "duration" : 2883
        }
      }, {
        "uid" : "88360900f671b26f",
        "status" : "passed",
        "statusDetails" : "XPASS",
        "time" : {
          "start" : 1715245852796,
          "stop" : 1715245855786,
          "duration" : 2990
        }
      }, {
        "uid" : "6948d39b1b91377e",
        "status" : "passed",
        "statusDetails" : "XPASS",
        "time" : {
          "start" : 1715162066518,
          "stop" : 1715162069884,
          "duration" : 3366
        }
      }, {
        "uid" : "47e3f2af1ce95e1a",
        "status" : "passed",
        "statusDetails" : "XPASS",
        "time" : {
          "start" : 1715158489056,
          "stop" : 1715158492437,
          "duration" : 3381
        }
      }, {
        "uid" : "9bcb7586d9ba1777",
        "status" : "skipped",
        "statusDetails" : "XFAIL\n\nselenium.common.exceptions.TimeoutException: Message: Can't find element by locator ('xpath', '//div[@class=\"__51e19\"]')\nStacktrace:\n#0 0x561573a55e33 <unknown>\n#1 0x561573745567 <unknown>\n#2 0x56157379027d <unknown>\n#3 0x561573790331 <unknown>\n#4 0x5615737d3624 <unknown>\n#5 0x5615737b238d <unknown>\n#6 0x5615737d0ae2 <unknown>\n#7 0x5615737b2103 <unknown>\n#8 0x5615737831ba <unknown>\n#9 0x561573783b8e <unknown>\n#10 0x561573a1a59b <unknown>\n#11 0x561573a1e34b <unknown>\n#12 0x561573a06681 <unknown>\n#13 0x561573a1eeb2 <unknown>\n#14 0x5615739eb6af <unknown>\n#15 0x561573a45428 <unknown>\n#16 0x561573a45600 <unknown>\n#17 0x561573a54f84 <unknown>\n#18 0x7f0426094ac3 <unknown>",
        "time" : {
          "start" : 1715080033163,
          "stop" : 1715080053728,
          "duration" : 20565
        }
      }, {
        "uid" : "9132f223381b5a49",
        "status" : "passed",
        "statusDetails" : "XPASS",
        "time" : {
          "start" : 1715078338278,
          "stop" : 1715078341153,
          "duration" : 2875
        }
      }, {
        "uid" : "f5eb149cf4cef6be",
        "status" : "skipped",
        "statusDetails" : "XFAIL\n\nselenium.common.exceptions.TimeoutException: Message: Can't find element by locator ('xpath', '//div[@class=\"__51e19\"]')\nStacktrace:\n#0 0x55ed432f7e33 <unknown>\n#1 0x55ed42fe7567 <unknown>\n#2 0x55ed4303227d <unknown>\n#3 0x55ed43032331 <unknown>\n#4 0x55ed43075624 <unknown>\n#5 0x55ed4305438d <unknown>\n#6 0x55ed43072ae2 <unknown>\n#7 0x55ed43054103 <unknown>\n#8 0x55ed430251ba <unknown>\n#9 0x55ed43025b8e <unknown>\n#10 0x55ed432bc59b <unknown>\n#11 0x55ed432c034b <unknown>\n#12 0x55ed432a8681 <unknown>\n#13 0x55ed432c0eb2 <unknown>\n#14 0x55ed4328d6af <unknown>\n#15 0x55ed432e7428 <unknown>\n#16 0x55ed432e7600 <unknown>\n#17 0x55ed432f6f84 <unknown>\n#18 0x7fde23494ac3 <unknown>",
        "time" : {
          "start" : 1714998953328,
          "stop" : 1714998973907,
          "duration" : 20579
        }
      } ]
    },
    "tags" : [ "@pytest.mark.xfail" ]
  },
  "source" : "5258349c6dee7249.json",
  "parameterValues" : [ ]
}