{
  "uid" : "5397973d91ba21fb",
  "name" : "Verify that the EPAM link in Footer leads to the correct page after click",
  "fullName" : "tests.footer_test.TestFooterNavigation#test_fp_03_02_verify_epam_link_leads_to_the_correct_page",
  "historyId" : "e7802265983c94840841401ec67aa131",
  "time" : {
    "start" : 1711190425700,
    "stop" : 1711190446644,
    "duration" : 20944
  },
  "status" : "broken",
  "statusMessage" : "selenium.common.exceptions.TimeoutException: Message: Can't find element by locator ('xpath', \"(//span[@class='font-size-80-33'])[1]\")\nStacktrace:\n#0 0x561f15e76f33 <unknown>\n#1 0x561f15b6ece6 <unknown>\n#2 0x561f15bb9e48 <unknown>\n#3 0x561f15bb9f01 <unknown>\n#4 0x561f15bfd3f4 <unknown>\n#5 0x561f15bdbedd <unknown>\n#6 0x561f15bfa899 <unknown>\n#7 0x561f15bdbc53 <unknown>\n#8 0x561f15bacdb3 <unknown>\n#9 0x561f15bad77e <unknown>\n#10 0x561f15e3c86b <unknown>\n#11 0x561f15e40885 <unknown>\n#12 0x561f15e2a181 <unknown>\n#13 0x561f15e41412 <unknown>\n#14 0x561f15e0e25f <unknown>\n#15 0x561f15e65528 <unknown>\n#16 0x561f15e65723 <unknown>\n#17 0x561f15e760e4 <unknown>\n#18 0x7ff428294ac3 <unknown>",
  "statusTrace" : "self = <tests.footer_test.TestFooter.TestFooterNavigation object at 0x7f82768d27b0>\ndriver = <selenium.webdriver.chrome.webdriver.WebDriver (session=\"43bfd495d037bc822bb51b4d7c654007\")>\nmain_page_open = None\n\n    @allure.title(\"Verify that the EPAM link in Footer leads to the correct page after click\")\n    def test_fp_03_02_verify_epam_link_leads_to_the_correct_page(self, driver, main_page_open):\n        page = FooterPage(driver)\n        page.click_epam_link()\n        page.switch_to_new_window()\n>       text_on_opened_tab = page.get_element_text_on_opened_epam_tab()\n\ntests/footer_test.py:159: \n_ _ _ _ _ _ _ _ _ _ _ _ _ _ _ _ _ _ _ _ _ _ _ _ _ _ _ _ _ _ _ _ _ _ _ _ _ _ _ _ \npages/footer_page.py:105: in get_element_text_on_opened_epam_tab\n    return self.get_text(self.locators1.EPAM_START_PAGE_TEXT)\npages/base_page.py:91: in get_text\n    return self.element_is_visible(locator).text\npages/base_page.py:38: in element_is_visible\n    self.go_to_element(self.element_is_present(locator))\npages/base_page.py:55: in element_is_present\n    return Wait(self.driver, self.timeout).until(\n_ _ _ _ _ _ _ _ _ _ _ _ _ _ _ _ _ _ _ _ _ _ _ _ _ _ _ _ _ _ _ _ _ _ _ _ _ _ _ _ \n\nself = <selenium.webdriver.support.wait.WebDriverWait (session=\"43bfd495d037bc822bb51b4d7c654007\")>\nmethod = <function presence_of_element_located.<locals>._predicate at 0x7f8276790040>\nmessage = 'Can\\'t find element by locator (\\'xpath\\', \"(//span[@class=\\'font-size-80-33\\'])[1]\")'\n\n    def until(self, method, message: str = \"\"):\n        \"\"\"Calls the method provided with the driver as an argument until the \\\n        return value does not evaluate to ``False``.\n    \n        :param method: callable(WebDriver)\n        :param message: optional message for :exc:`TimeoutException`\n        :returns: the result of the last call to `method`\n        :raises: :exc:`selenium.common.exceptions.TimeoutException` if timeout occurs\n        \"\"\"\n        screen = None\n        stacktrace = None\n    \n        end_time = time.monotonic() + self._timeout\n        while True:\n            try:\n                value = method(self._driver)\n                if value:\n                    return value\n            except self._ignored_exceptions as exc:\n                screen = getattr(exc, \"screen\", None)\n                stacktrace = getattr(exc, \"stacktrace\", None)\n            time.sleep(self._poll)\n            if time.monotonic() > end_time:\n                break\n>       raise TimeoutException(message, screen, stacktrace)\nE       selenium.common.exceptions.TimeoutException: Message: Can't find element by locator ('xpath', \"(//span[@class='font-size-80-33'])[1]\")\nE       Stacktrace:\nE       #0 0x561f15e76f33 <unknown>\nE       #1 0x561f15b6ece6 <unknown>\nE       #2 0x561f15bb9e48 <unknown>\nE       #3 0x561f15bb9f01 <unknown>\nE       #4 0x561f15bfd3f4 <unknown>\nE       #5 0x561f15bdbedd <unknown>\nE       #6 0x561f15bfa899 <unknown>\nE       #7 0x561f15bdbc53 <unknown>\nE       #8 0x561f15bacdb3 <unknown>\nE       #9 0x561f15bad77e <unknown>\nE       #10 0x561f15e3c86b <unknown>\nE       #11 0x561f15e40885 <unknown>\nE       #12 0x561f15e2a181 <unknown>\nE       #13 0x561f15e41412 <unknown>\nE       #14 0x561f15e0e25f <unknown>\nE       #15 0x561f15e65528 <unknown>\nE       #16 0x561f15e65723 <unknown>\nE       #17 0x561f15e760e4 <unknown>\nE       #18 0x7ff428294ac3 <unknown>\n\n/opt/hostedtoolcache/Python/3.12.2/x64/lib/python3.12/site-packages/selenium/webdriver/support/wait.py:95: TimeoutException",
  "flaky" : false,
  "newFailed" : false,
  "beforeStages" : [ {
    "name" : "clear_allure_results_folder",
    "time" : {
      "start" : 1711190253623,
      "stop" : 1711190253623,
      "duration" : 0
    },
    "status" : "passed",
    "steps" : [ ],
    "attachments" : [ ],
    "parameters" : [ ],
    "attachmentsCount" : 0,
    "stepsCount" : 0,
    "hasContent" : false,
    "shouldDisplayMessage" : false
  }, {
    "name" : "driver",
    "time" : {
      "start" : 1711190421433,
      "stop" : 1711190422205,
      "duration" : 772
    },
    "status" : "passed",
    "steps" : [ ],
    "attachments" : [ ],
    "parameters" : [ ],
    "attachmentsCount" : 0,
    "stepsCount" : 0,
    "hasContent" : false,
    "shouldDisplayMessage" : false
  }, {
    "name" : "main_page_open",
    "time" : {
      "start" : 1711190422205,
      "stop" : 1711190425700,
      "duration" : 3495
    },
    "status" : "passed",
    "steps" : [ {
      "name" : "Open page: https://brainup.site/",
      "time" : {
        "start" : 1711190422205,
        "stop" : 1711190425700,
        "duration" : 3495
      },
      "status" : "passed",
      "steps" : [ ],
      "attachments" : [ ],
      "parameters" : [ {
        "name" : "driver",
        "value" : "<selenium.webdriver.chrome.webdriver.WebDriver (session=\"43bfd495d037bc822bb51b4d7c654007\")>"
      } ],
      "attachmentsCount" : 0,
      "stepsCount" : 0,
      "hasContent" : true,
      "shouldDisplayMessage" : false
    } ],
    "attachments" : [ ],
    "parameters" : [ ],
    "attachmentsCount" : 0,
    "stepsCount" : 1,
    "hasContent" : true,
    "shouldDisplayMessage" : false
  } ],
  "testStage" : {
    "status" : "broken",
    "statusMessage" : "selenium.common.exceptions.TimeoutException: Message: Can't find element by locator ('xpath', \"(//span[@class='font-size-80-33'])[1]\")\nStacktrace:\n#0 0x561f15e76f33 <unknown>\n#1 0x561f15b6ece6 <unknown>\n#2 0x561f15bb9e48 <unknown>\n#3 0x561f15bb9f01 <unknown>\n#4 0x561f15bfd3f4 <unknown>\n#5 0x561f15bdbedd <unknown>\n#6 0x561f15bfa899 <unknown>\n#7 0x561f15bdbc53 <unknown>\n#8 0x561f15bacdb3 <unknown>\n#9 0x561f15bad77e <unknown>\n#10 0x561f15e3c86b <unknown>\n#11 0x561f15e40885 <unknown>\n#12 0x561f15e2a181 <unknown>\n#13 0x561f15e41412 <unknown>\n#14 0x561f15e0e25f <unknown>\n#15 0x561f15e65528 <unknown>\n#16 0x561f15e65723 <unknown>\n#17 0x561f15e760e4 <unknown>\n#18 0x7ff428294ac3 <unknown>",
    "statusTrace" : "self = <tests.footer_test.TestFooter.TestFooterNavigation object at 0x7f82768d27b0>\ndriver = <selenium.webdriver.chrome.webdriver.WebDriver (session=\"43bfd495d037bc822bb51b4d7c654007\")>\nmain_page_open = None\n\n    @allure.title(\"Verify that the EPAM link in Footer leads to the correct page after click\")\n    def test_fp_03_02_verify_epam_link_leads_to_the_correct_page(self, driver, main_page_open):\n        page = FooterPage(driver)\n        page.click_epam_link()\n        page.switch_to_new_window()\n>       text_on_opened_tab = page.get_element_text_on_opened_epam_tab()\n\ntests/footer_test.py:159: \n_ _ _ _ _ _ _ _ _ _ _ _ _ _ _ _ _ _ _ _ _ _ _ _ _ _ _ _ _ _ _ _ _ _ _ _ _ _ _ _ \npages/footer_page.py:105: in get_element_text_on_opened_epam_tab\n    return self.get_text(self.locators1.EPAM_START_PAGE_TEXT)\npages/base_page.py:91: in get_text\n    return self.element_is_visible(locator).text\npages/base_page.py:38: in element_is_visible\n    self.go_to_element(self.element_is_present(locator))\npages/base_page.py:55: in element_is_present\n    return Wait(self.driver, self.timeout).until(\n_ _ _ _ _ _ _ _ _ _ _ _ _ _ _ _ _ _ _ _ _ _ _ _ _ _ _ _ _ _ _ _ _ _ _ _ _ _ _ _ \n\nself = <selenium.webdriver.support.wait.WebDriverWait (session=\"43bfd495d037bc822bb51b4d7c654007\")>\nmethod = <function presence_of_element_located.<locals>._predicate at 0x7f8276790040>\nmessage = 'Can\\'t find element by locator (\\'xpath\\', \"(//span[@class=\\'font-size-80-33\\'])[1]\")'\n\n    def until(self, method, message: str = \"\"):\n        \"\"\"Calls the method provided with the driver as an argument until the \\\n        return value does not evaluate to ``False``.\n    \n        :param method: callable(WebDriver)\n        :param message: optional message for :exc:`TimeoutException`\n        :returns: the result of the last call to `method`\n        :raises: :exc:`selenium.common.exceptions.TimeoutException` if timeout occurs\n        \"\"\"\n        screen = None\n        stacktrace = None\n    \n        end_time = time.monotonic() + self._timeout\n        while True:\n            try:\n                value = method(self._driver)\n                if value:\n                    return value\n            except self._ignored_exceptions as exc:\n                screen = getattr(exc, \"screen\", None)\n                stacktrace = getattr(exc, \"stacktrace\", None)\n            time.sleep(self._poll)\n            if time.monotonic() > end_time:\n                break\n>       raise TimeoutException(message, screen, stacktrace)\nE       selenium.common.exceptions.TimeoutException: Message: Can't find element by locator ('xpath', \"(//span[@class='font-size-80-33'])[1]\")\nE       Stacktrace:\nE       #0 0x561f15e76f33 <unknown>\nE       #1 0x561f15b6ece6 <unknown>\nE       #2 0x561f15bb9e48 <unknown>\nE       #3 0x561f15bb9f01 <unknown>\nE       #4 0x561f15bfd3f4 <unknown>\nE       #5 0x561f15bdbedd <unknown>\nE       #6 0x561f15bfa899 <unknown>\nE       #7 0x561f15bdbc53 <unknown>\nE       #8 0x561f15bacdb3 <unknown>\nE       #9 0x561f15bad77e <unknown>\nE       #10 0x561f15e3c86b <unknown>\nE       #11 0x561f15e40885 <unknown>\nE       #12 0x561f15e2a181 <unknown>\nE       #13 0x561f15e41412 <unknown>\nE       #14 0x561f15e0e25f <unknown>\nE       #15 0x561f15e65528 <unknown>\nE       #16 0x561f15e65723 <unknown>\nE       #17 0x561f15e760e4 <unknown>\nE       #18 0x7ff428294ac3 <unknown>\n\n/opt/hostedtoolcache/Python/3.12.2/x64/lib/python3.12/site-packages/selenium/webdriver/support/wait.py:95: TimeoutException",
    "steps" : [ {
      "name" : "Click on the EPAM link in Footer and thereby open the corresponding web page in a new tab",
      "time" : {
        "start" : 1711190425701,
        "stop" : 1711190425784,
        "duration" : 83
      },
      "status" : "passed",
      "steps" : [ {
        "name" : "Check element is visible and clickable: ('xpath', '(//footer//li)[5]/a')",
        "time" : {
          "start" : 1711190425701,
          "stop" : 1711190425738,
          "duration" : 37
        },
        "status" : "passed",
        "steps" : [ {
          "name" : "Check element is clickable",
          "time" : {
            "start" : 1711190425718,
            "stop" : 1711190425738,
            "duration" : 20
          },
          "status" : "passed",
          "steps" : [ {
            "name" : "Check element is clickable: ('xpath', '(//footer//li)[5]/a')",
            "time" : {
              "start" : 1711190425719,
              "stop" : 1711190425738,
              "duration" : 19
            },
            "status" : "passed",
            "steps" : [ ],
            "attachments" : [ ],
            "parameters" : [ ],
            "attachmentsCount" : 0,
            "stepsCount" : 0,
            "hasContent" : false,
            "shouldDisplayMessage" : false
          } ],
          "attachments" : [ ],
          "parameters" : [ {
            "name" : "locator",
            "value" : "('xpath', '(//footer//li)[5]/a')"
          } ],
          "attachmentsCount" : 0,
          "stepsCount" : 1,
          "hasContent" : true,
          "shouldDisplayMessage" : false
        } ],
        "attachments" : [ ],
        "parameters" : [ ],
        "attachmentsCount" : 0,
        "stepsCount" : 2,
        "hasContent" : true,
        "shouldDisplayMessage" : false
      } ],
      "attachments" : [ ],
      "parameters" : [ ],
      "attachmentsCount" : 0,
      "stepsCount" : 3,
      "hasContent" : true,
      "shouldDisplayMessage" : false
    }, {
      "name" : "Get text of the element on the EPAM page",
      "time" : {
        "start" : 1711190426268,
        "stop" : 1711190446643,
        "duration" : 20375
      },
      "status" : "broken",
      "statusMessage" : "selenium.common.exceptions.TimeoutException: Message: Can't find element by locator ('xpath', \"(//span[@class='font-size-80-33'])[1]\")\nStacktrace:\n#0 0x561f15e76f33 <unknown>\n#1 0x561f15b6ece6 <unknown>\n#2 0x561f15bb9e48 <unknown>\n#3 0x561f15bb9f01 <unknown>\n#4 0x561f15bfd3f4 <unknown>\n#5 0x561f15bdbedd <unknown>\n#6 0x561f15bfa899 <unknown>\n#7 0x561f15bdbc53 <unknown>\n#8 0x561f15bacdb3 <unknown>\n#9 0x561f15bad77e <unknown>\n#10 0x561f15e3c86b <unknown>\n#11 0x561f15e40885 <unknown>\n#12 0x561f15e2a181 <unknown>\n#13 0x561f15e41412 <unknown>\n#14 0x561f15e0e25f <unknown>\n#15 0x561f15e65528 <unknown>\n#16 0x561f15e65723 <unknown>\n#17 0x561f15e760e4 <unknown>\n#18 0x7ff428294ac3 <unknown>\n\n",
      "statusTrace" : "  File \"/opt/hostedtoolcache/Python/3.12.2/x64/lib/python3.12/site-packages/allure_commons/_allure.py\", line 192, in impl\n    return func(*a, **kw)\n           ^^^^^^^^^^^^^^\n  File \"/home/runner/work/auto-tests-python/auto-tests-python/pages/footer_page.py\", line 105, in get_element_text_on_opened_epam_tab\n    return self.get_text(self.locators1.EPAM_START_PAGE_TEXT)\n           ^^^^^^^^^^^^^^^^^^^^^^^^^^^^^^^^^^^^^^^^^^^^^^^^^^\n  File \"/home/runner/work/auto-tests-python/auto-tests-python/pages/base_page.py\", line 91, in get_text\n    return self.element_is_visible(locator).text\n           ^^^^^^^^^^^^^^^^^^^^^^^^^^^^^^^^\n  File \"/home/runner/work/auto-tests-python/auto-tests-python/pages/base_page.py\", line 38, in element_is_visible\n    self.go_to_element(self.element_is_present(locator))\n                       ^^^^^^^^^^^^^^^^^^^^^^^^^^^^^^^^\n  File \"/home/runner/work/auto-tests-python/auto-tests-python/pages/base_page.py\", line 55, in element_is_present\n    return Wait(self.driver, self.timeout).until(\n           ^^^^^^^^^^^^^^^^^^^^^^^^^^^^^^^^^^^^^^\n  File \"/opt/hostedtoolcache/Python/3.12.2/x64/lib/python3.12/site-packages/selenium/webdriver/support/wait.py\", line 95, in until\n    raise TimeoutException(message, screen, stacktrace)\n",
      "steps" : [ {
        "name" : "Get text in the element: ('xpath', \"(//span[@class='font-size-80-33'])[1]\")",
        "time" : {
          "start" : 1711190426268,
          "stop" : 1711190446643,
          "duration" : 20375
        },
        "status" : "broken",
        "statusMessage" : "selenium.common.exceptions.TimeoutException: Message: Can't find element by locator ('xpath', \"(//span[@class='font-size-80-33'])[1]\")\nStacktrace:\n#0 0x561f15e76f33 <unknown>\n#1 0x561f15b6ece6 <unknown>\n#2 0x561f15bb9e48 <unknown>\n#3 0x561f15bb9f01 <unknown>\n#4 0x561f15bfd3f4 <unknown>\n#5 0x561f15bdbedd <unknown>\n#6 0x561f15bfa899 <unknown>\n#7 0x561f15bdbc53 <unknown>\n#8 0x561f15bacdb3 <unknown>\n#9 0x561f15bad77e <unknown>\n#10 0x561f15e3c86b <unknown>\n#11 0x561f15e40885 <unknown>\n#12 0x561f15e2a181 <unknown>\n#13 0x561f15e41412 <unknown>\n#14 0x561f15e0e25f <unknown>\n#15 0x561f15e65528 <unknown>\n#16 0x561f15e65723 <unknown>\n#17 0x561f15e760e4 <unknown>\n#18 0x7ff428294ac3 <unknown>\n\n",
        "statusTrace" : "  File \"/home/runner/work/auto-tests-python/auto-tests-python/pages/base_page.py\", line 91, in get_text\n    return self.element_is_visible(locator).text\n           ^^^^^^^^^^^^^^^^^^^^^^^^^^^^^^^^\n  File \"/home/runner/work/auto-tests-python/auto-tests-python/pages/base_page.py\", line 38, in element_is_visible\n    self.go_to_element(self.element_is_present(locator))\n                       ^^^^^^^^^^^^^^^^^^^^^^^^^^^^^^^^\n  File \"/home/runner/work/auto-tests-python/auto-tests-python/pages/base_page.py\", line 55, in element_is_present\n    return Wait(self.driver, self.timeout).until(\n           ^^^^^^^^^^^^^^^^^^^^^^^^^^^^^^^^^^^^^^\n  File \"/opt/hostedtoolcache/Python/3.12.2/x64/lib/python3.12/site-packages/selenium/webdriver/support/wait.py\", line 95, in until\n    raise TimeoutException(message, screen, stacktrace)\n",
        "steps" : [ {
          "name" : "Check element is visible: ('xpath', \"(//span[@class='font-size-80-33'])[1]\")",
          "time" : {
            "start" : 1711190426268,
            "stop" : 1711190446643,
            "duration" : 20375
          },
          "status" : "broken",
          "statusMessage" : "selenium.common.exceptions.TimeoutException: Message: Can't find element by locator ('xpath', \"(//span[@class='font-size-80-33'])[1]\")\nStacktrace:\n#0 0x561f15e76f33 <unknown>\n#1 0x561f15b6ece6 <unknown>\n#2 0x561f15bb9e48 <unknown>\n#3 0x561f15bb9f01 <unknown>\n#4 0x561f15bfd3f4 <unknown>\n#5 0x561f15bdbedd <unknown>\n#6 0x561f15bfa899 <unknown>\n#7 0x561f15bdbc53 <unknown>\n#8 0x561f15bacdb3 <unknown>\n#9 0x561f15bad77e <unknown>\n#10 0x561f15e3c86b <unknown>\n#11 0x561f15e40885 <unknown>\n#12 0x561f15e2a181 <unknown>\n#13 0x561f15e41412 <unknown>\n#14 0x561f15e0e25f <unknown>\n#15 0x561f15e65528 <unknown>\n#16 0x561f15e65723 <unknown>\n#17 0x561f15e760e4 <unknown>\n#18 0x7ff428294ac3 <unknown>\n\n",
          "statusTrace" : "  File \"/home/runner/work/auto-tests-python/auto-tests-python/pages/base_page.py\", line 38, in element_is_visible\n    self.go_to_element(self.element_is_present(locator))\n                       ^^^^^^^^^^^^^^^^^^^^^^^^^^^^^^^^\n  File \"/home/runner/work/auto-tests-python/auto-tests-python/pages/base_page.py\", line 55, in element_is_present\n    return Wait(self.driver, self.timeout).until(\n           ^^^^^^^^^^^^^^^^^^^^^^^^^^^^^^^^^^^^^^\n  File \"/opt/hostedtoolcache/Python/3.12.2/x64/lib/python3.12/site-packages/selenium/webdriver/support/wait.py\", line 95, in until\n    raise TimeoutException(message, screen, stacktrace)\n",
          "steps" : [ {
            "name" : "Check element is present: ('xpath', \"(//span[@class='font-size-80-33'])[1]\")",
            "time" : {
              "start" : 1711190426268,
              "stop" : 1711190446642,
              "duration" : 20374
            },
            "status" : "broken",
            "statusMessage" : "selenium.common.exceptions.TimeoutException: Message: Can't find element by locator ('xpath', \"(//span[@class='font-size-80-33'])[1]\")\nStacktrace:\n#0 0x561f15e76f33 <unknown>\n#1 0x561f15b6ece6 <unknown>\n#2 0x561f15bb9e48 <unknown>\n#3 0x561f15bb9f01 <unknown>\n#4 0x561f15bfd3f4 <unknown>\n#5 0x561f15bdbedd <unknown>\n#6 0x561f15bfa899 <unknown>\n#7 0x561f15bdbc53 <unknown>\n#8 0x561f15bacdb3 <unknown>\n#9 0x561f15bad77e <unknown>\n#10 0x561f15e3c86b <unknown>\n#11 0x561f15e40885 <unknown>\n#12 0x561f15e2a181 <unknown>\n#13 0x561f15e41412 <unknown>\n#14 0x561f15e0e25f <unknown>\n#15 0x561f15e65528 <unknown>\n#16 0x561f15e65723 <unknown>\n#17 0x561f15e760e4 <unknown>\n#18 0x7ff428294ac3 <unknown>\n\n",
            "statusTrace" : "  File \"/home/runner/work/auto-tests-python/auto-tests-python/pages/base_page.py\", line 55, in element_is_present\n    return Wait(self.driver, self.timeout).until(\n           ^^^^^^^^^^^^^^^^^^^^^^^^^^^^^^^^^^^^^^\n  File \"/opt/hostedtoolcache/Python/3.12.2/x64/lib/python3.12/site-packages/selenium/webdriver/support/wait.py\", line 95, in until\n    raise TimeoutException(message, screen, stacktrace)\n",
            "steps" : [ ],
            "attachments" : [ ],
            "parameters" : [ ],
            "attachmentsCount" : 0,
            "stepsCount" : 0,
            "hasContent" : true,
            "shouldDisplayMessage" : true
          } ],
          "attachments" : [ ],
          "parameters" : [ ],
          "attachmentsCount" : 0,
          "stepsCount" : 1,
          "hasContent" : true,
          "shouldDisplayMessage" : false
        } ],
        "attachments" : [ ],
        "parameters" : [ ],
        "attachmentsCount" : 0,
        "stepsCount" : 2,
        "hasContent" : true,
        "shouldDisplayMessage" : false
      } ],
      "attachments" : [ ],
      "parameters" : [ ],
      "attachmentsCount" : 0,
      "stepsCount" : 3,
      "hasContent" : true,
      "shouldDisplayMessage" : false
    } ],
    "attachments" : [ {
      "uid" : "82592dcdbd0a1c18",
      "name" : "Screenshot",
      "source" : "82592dcdbd0a1c18.png",
      "type" : "image/png",
      "size" : 55738
    }, {
      "uid" : "a9c352e8fd0532a1",
      "name" : "HTML source",
      "source" : "a9c352e8fd0532a1.html",
      "type" : "text/html",
      "size" : 45691
    } ],
    "parameters" : [ ],
    "attachmentsCount" : 2,
    "stepsCount" : 8,
    "hasContent" : true,
    "shouldDisplayMessage" : true
  },
  "afterStages" : [ {
    "name" : "driver::0",
    "time" : {
      "start" : 1711190446746,
      "stop" : 1711190446849,
      "duration" : 103
    },
    "status" : "passed",
    "steps" : [ ],
    "attachments" : [ {
      "uid" : "692f8e934c31177e",
      "name" : "Screenshot 2024-03-23 10:40:46.790356",
      "source" : "692f8e934c31177e.png",
      "type" : "image/png",
      "size" : 55738
    } ],
    "parameters" : [ ],
    "attachmentsCount" : 1,
    "stepsCount" : 0,
    "hasContent" : true,
    "shouldDisplayMessage" : false
  } ],
  "labels" : [ {
    "name" : "epic",
    "value" : "Test Footer"
  }, {
    "name" : "parentSuite",
    "value" : "tests"
  }, {
    "name" : "suite",
    "value" : "footer_test"
  }, {
    "name" : "subSuite",
    "value" : "TestFooter"
  }, {
    "name" : "host",
    "value" : "fv-az915-384"
  }, {
    "name" : "thread",
    "value" : "1789-MainThread"
  }, {
    "name" : "framework",
    "value" : "pytest"
  }, {
    "name" : "language",
    "value" : "cpython3"
  }, {
    "name" : "package",
    "value" : "tests.footer_test"
  }, {
    "name" : "resultFormat",
    "value" : "allure2"
  } ],
  "parameters" : [ ],
  "links" : [ ],
  "hidden" : false,
  "retry" : false,
  "extra" : {
    "severity" : "normal",
    "retries" : [ ],
    "categories" : [ {
      "name" : "Test defects",
      "matchedStatuses" : [ ],
      "flaky" : false
    } ],
    "history" : {
      "statistic" : {
        "failed" : 0,
        "broken" : 1,
        "skipped" : 0,
        "passed" : 173,
        "unknown" : 0,
        "total" : 174
      },
      "items" : [ {
        "uid" : "bda21404bebe5cd3",
        "status" : "passed",
        "time" : {
          "start" : 1711188691639,
          "stop" : 1711188693096,
          "duration" : 1457
        }
      }, {
        "uid" : "7888546875404a6a",
        "status" : "passed",
        "time" : {
          "start" : 1711187190524,
          "stop" : 1711187192149,
          "duration" : 1625
        }
      }, {
        "uid" : "3604ef4befd1761c",
        "status" : "passed",
        "time" : {
          "start" : 1711102979340,
          "stop" : 1711102981568,
          "duration" : 2228
        }
      }, {
        "uid" : "1c6111f516b011e3",
        "status" : "passed",
        "time" : {
          "start" : 1711101455841,
          "stop" : 1711101457460,
          "duration" : 1619
        }
      }, {
        "uid" : "f6d9c25f3bcf3e99",
        "status" : "passed",
        "time" : {
          "start" : 1711015177771,
          "stop" : 1711015181390,
          "duration" : 3619
        }
      }, {
        "uid" : "b52111a05668c6a5",
        "status" : "passed",
        "time" : {
          "start" : 1711013266683,
          "stop" : 1711013268225,
          "duration" : 1542
        }
      }, {
        "uid" : "41adde2366d31fba",
        "status" : "passed",
        "time" : {
          "start" : 1710923249161,
          "stop" : 1710923251131,
          "duration" : 1970
        }
      }, {
        "uid" : "d13839860799ee8c",
        "status" : "passed",
        "time" : {
          "start" : 1710921763472,
          "stop" : 1710921765030,
          "duration" : 1558
        }
      }, {
        "uid" : "63127ccc4f3b175c",
        "status" : "passed",
        "time" : {
          "start" : 1710920461689,
          "stop" : 1710920463676,
          "duration" : 1987
        }
      }, {
        "uid" : "83a41d72a44ed584",
        "status" : "passed",
        "time" : {
          "start" : 1710848180047,
          "stop" : 1710848182096,
          "duration" : 2049
        }
      }, {
        "uid" : "6eb1d7c4476a5e40",
        "status" : "passed",
        "time" : {
          "start" : 1710844038012,
          "stop" : 1710844040096,
          "duration" : 2084
        }
      }, {
        "uid" : "e5f579daf8bae126",
        "status" : "passed",
        "time" : {
          "start" : 1710747692116,
          "stop" : 1710747694398,
          "duration" : 2282
        }
      }, {
        "uid" : "378a478d0599be1b",
        "status" : "passed",
        "time" : {
          "start" : 1710744921650,
          "stop" : 1710744923931,
          "duration" : 2281
        }
      }, {
        "uid" : "345eec11b9e4e095",
        "status" : "passed",
        "time" : {
          "start" : 1710672101388,
          "stop" : 1710672102939,
          "duration" : 1551
        }
      }, {
        "uid" : "af8bd75bace2c705",
        "status" : "passed",
        "time" : {
          "start" : 1710669512760,
          "stop" : 1710669514618,
          "duration" : 1858
        }
      }, {
        "uid" : "b3ebc00cf47f0813",
        "status" : "passed",
        "time" : {
          "start" : 1710591177682,
          "stop" : 1710591179935,
          "duration" : 2253
        }
      }, {
        "uid" : "a620f5fc3efceaca",
        "status" : "passed",
        "time" : {
          "start" : 1710589975329,
          "stop" : 1710589978034,
          "duration" : 2705
        }
      }, {
        "uid" : "4fabf0f1620fe510",
        "status" : "passed",
        "time" : {
          "start" : 1710501100809,
          "stop" : 1710501102521,
          "duration" : 1712
        }
      }, {
        "uid" : "ca77ed843c46a5c4",
        "status" : "passed",
        "time" : {
          "start" : 1710499924693,
          "stop" : 1710499926390,
          "duration" : 1697
        }
      }, {
        "uid" : "b98880cb3e3bc254",
        "status" : "passed",
        "time" : {
          "start" : 1710320708441,
          "stop" : 1710320711956,
          "duration" : 3515
        }
      } ]
    },
    "tags" : [ ]
  },
  "source" : "5397973d91ba21fb.json",
  "parameterValues" : [ ]
}