{
  "uid" : "5983c31918f45725",
  "name" : "Verify redirection to contributors page not authorized user.",
  "fullName" : "tests.description_page_test.TestDescriptionPage#test_dp_07_verify_redirection_to_contributors_page",
  "historyId" : "85f2b35427a7bcbc7a8256ab71746c1d",
  "time" : {
    "start" : 1706698887347,
    "stop" : 1706698892505,
    "duration" : 5158
  },
  "status" : "broken",
  "statusMessage" : "selenium.common.exceptions.TimeoutException: Message: Can't find element by locator https://brainup.site/contributors",
  "statusTrace" : "self = <tests.description_page_test.TestDescriptionPage object at 0x7f51c1a13d10>\ndriver = <selenium.webdriver.chrome.webdriver.WebDriver (session=\"bd98acbbb560093fc68165ef46c87575\")>\nmain_page_open = None\n\n    @allure.title(\"Verify redirection to contributors page not authorized user.\")\n    def test_dp_07_verify_redirection_to_contributors_page(self, driver, main_page_open):\n        page = DescriptionPage(driver)\n>       contributors_page_url = page.transition_contributors_page()\n\ntests/description_page_test.py:48: \n_ _ _ _ _ _ _ _ _ _ _ _ _ _ _ _ _ _ _ _ _ _ _ _ _ _ _ _ _ _ _ _ _ _ _ _ _ _ _ _ \npages/description_page.py:58: in transition_contributors_page\n    self.check_expected_link(MainPageLinks.URL_CONTRIBUTORS_PAGE)\npages/base_page.py:73: in check_expected_link\n    return Wait(self.driver, self.timeout).until(ec.url_to_be(url),\n_ _ _ _ _ _ _ _ _ _ _ _ _ _ _ _ _ _ _ _ _ _ _ _ _ _ _ _ _ _ _ _ _ _ _ _ _ _ _ _ \n\nself = <selenium.webdriver.support.wait.WebDriverWait (session=\"bd98acbbb560093fc68165ef46c87575\")>\nmethod = <function url_to_be.<locals>._predicate at 0x7f51c16cfe20>\nmessage = \"Can't find element by locator https://brainup.site/contributors\"\n\n    def until(self, method, message: str = \"\"):\n        \"\"\"Calls the method provided with the driver as an argument until the \\\n        return value does not evaluate to ``False``.\n    \n        :param method: callable(WebDriver)\n        :param message: optional message for :exc:`TimeoutException`\n        :returns: the result of the last call to `method`\n        :raises: :exc:`selenium.common.exceptions.TimeoutException` if timeout occurs\n        \"\"\"\n        screen = None\n        stacktrace = None\n    \n        end_time = time.monotonic() + self._timeout\n        while True:\n            try:\n                value = method(self._driver)\n                if value:\n                    return value\n            except self._ignored_exceptions as exc:\n                screen = getattr(exc, \"screen\", None)\n                stacktrace = getattr(exc, \"stacktrace\", None)\n            time.sleep(self._poll)\n            if time.monotonic() > end_time:\n                break\n>       raise TimeoutException(message, screen, stacktrace)\nE       selenium.common.exceptions.TimeoutException: Message: Can't find element by locator https://brainup.site/contributors\n\n/opt/hostedtoolcache/Python/3.12.1/x64/lib/python3.12/site-packages/selenium/webdriver/support/wait.py:95: TimeoutException",
  "flaky" : false,
  "newFailed" : false,
  "beforeStages" : [ {
    "name" : "clear_allure_results_folder",
    "time" : {
      "start" : 1706698822016,
      "stop" : 1706698822016,
      "duration" : 0
    },
    "status" : "passed",
    "steps" : [ ],
    "attachments" : [ ],
    "parameters" : [ ],
    "attachmentsCount" : 0,
    "shouldDisplayMessage" : false,
    "stepsCount" : 0,
    "hasContent" : false
  }, {
    "name" : "driver",
    "time" : {
      "start" : 1706698882814,
      "stop" : 1706698883584,
      "duration" : 770
    },
    "status" : "passed",
    "steps" : [ ],
    "attachments" : [ ],
    "parameters" : [ ],
    "attachmentsCount" : 0,
    "shouldDisplayMessage" : false,
    "stepsCount" : 0,
    "hasContent" : false
  }, {
    "name" : "main_page_open",
    "time" : {
      "start" : 1706698883584,
      "stop" : 1706698887347,
      "duration" : 3763
    },
    "status" : "passed",
    "steps" : [ {
      "name" : "Open page: https://brainup.site/",
      "time" : {
        "start" : 1706698883584,
        "stop" : 1706698887347,
        "duration" : 3763
      },
      "status" : "passed",
      "steps" : [ ],
      "attachments" : [ ],
      "parameters" : [ {
        "name" : "driver",
        "value" : "<selenium.webdriver.chrome.webdriver.WebDriver (session=\"bd98acbbb560093fc68165ef46c87575\")>"
      } ],
      "attachmentsCount" : 0,
      "shouldDisplayMessage" : false,
      "stepsCount" : 0,
      "hasContent" : true
    } ],
    "attachments" : [ ],
    "parameters" : [ ],
    "attachmentsCount" : 0,
    "shouldDisplayMessage" : false,
    "stepsCount" : 1,
    "hasContent" : true
  } ],
  "testStage" : {
    "status" : "broken",
    "statusMessage" : "selenium.common.exceptions.TimeoutException: Message: Can't find element by locator https://brainup.site/contributors",
    "statusTrace" : "self = <tests.description_page_test.TestDescriptionPage object at 0x7f51c1a13d10>\ndriver = <selenium.webdriver.chrome.webdriver.WebDriver (session=\"bd98acbbb560093fc68165ef46c87575\")>\nmain_page_open = None\n\n    @allure.title(\"Verify redirection to contributors page not authorized user.\")\n    def test_dp_07_verify_redirection_to_contributors_page(self, driver, main_page_open):\n        page = DescriptionPage(driver)\n>       contributors_page_url = page.transition_contributors_page()\n\ntests/description_page_test.py:48: \n_ _ _ _ _ _ _ _ _ _ _ _ _ _ _ _ _ _ _ _ _ _ _ _ _ _ _ _ _ _ _ _ _ _ _ _ _ _ _ _ \npages/description_page.py:58: in transition_contributors_page\n    self.check_expected_link(MainPageLinks.URL_CONTRIBUTORS_PAGE)\npages/base_page.py:73: in check_expected_link\n    return Wait(self.driver, self.timeout).until(ec.url_to_be(url),\n_ _ _ _ _ _ _ _ _ _ _ _ _ _ _ _ _ _ _ _ _ _ _ _ _ _ _ _ _ _ _ _ _ _ _ _ _ _ _ _ \n\nself = <selenium.webdriver.support.wait.WebDriverWait (session=\"bd98acbbb560093fc68165ef46c87575\")>\nmethod = <function url_to_be.<locals>._predicate at 0x7f51c16cfe20>\nmessage = \"Can't find element by locator https://brainup.site/contributors\"\n\n    def until(self, method, message: str = \"\"):\n        \"\"\"Calls the method provided with the driver as an argument until the \\\n        return value does not evaluate to ``False``.\n    \n        :param method: callable(WebDriver)\n        :param message: optional message for :exc:`TimeoutException`\n        :returns: the result of the last call to `method`\n        :raises: :exc:`selenium.common.exceptions.TimeoutException` if timeout occurs\n        \"\"\"\n        screen = None\n        stacktrace = None\n    \n        end_time = time.monotonic() + self._timeout\n        while True:\n            try:\n                value = method(self._driver)\n                if value:\n                    return value\n            except self._ignored_exceptions as exc:\n                screen = getattr(exc, \"screen\", None)\n                stacktrace = getattr(exc, \"stacktrace\", None)\n            time.sleep(self._poll)\n            if time.monotonic() > end_time:\n                break\n>       raise TimeoutException(message, screen, stacktrace)\nE       selenium.common.exceptions.TimeoutException: Message: Can't find element by locator https://brainup.site/contributors\n\n/opt/hostedtoolcache/Python/3.12.1/x64/lib/python3.12/site-packages/selenium/webdriver/support/wait.py:95: TimeoutException",
    "steps" : [ {
      "name" : "Open contributors page",
      "time" : {
        "start" : 1706698887347,
        "stop" : 1706698892505,
        "duration" : 5158
      },
      "status" : "broken",
      "statusMessage" : "selenium.common.exceptions.TimeoutException: Message: Can't find element by locator https://brainup.site/contributors\n\n",
      "statusTrace" : "  File \"/opt/hostedtoolcache/Python/3.12.1/x64/lib/python3.12/site-packages/allure_commons/_allure.py\", line 192, in impl\n    return func(*a, **kw)\n           ^^^^^^^^^^^^^^\n  File \"/home/runner/work/auto-tests-python/auto-tests-python/pages/description_page.py\", line 58, in transition_contributors_page\n    self.check_expected_link(MainPageLinks.URL_CONTRIBUTORS_PAGE)\n  File \"/home/runner/work/auto-tests-python/auto-tests-python/pages/base_page.py\", line 73, in check_expected_link\n    return Wait(self.driver, self.timeout).until(ec.url_to_be(url),\n           ^^^^^^^^^^^^^^^^^^^^^^^^^^^^^^^^^^^^^^^^^^^^^^^^^^^^^^^^\n  File \"/opt/hostedtoolcache/Python/3.12.1/x64/lib/python3.12/site-packages/selenium/webdriver/support/wait.py\", line 95, in until\n    raise TimeoutException(message, screen, stacktrace)\n",
      "steps" : [ {
        "name" : "Check element is visible and clickable: ('css selector', '#other-menu')",
        "time" : {
          "start" : 1706698887347,
          "stop" : 1706698887383,
          "duration" : 36
        },
        "status" : "passed",
        "steps" : [ {
          "name" : "Check element is clickable",
          "time" : {
            "start" : 1706698887364,
            "stop" : 1706698887383,
            "duration" : 19
          },
          "status" : "passed",
          "steps" : [ {
            "name" : "Check element is clickable: ('css selector', '#other-menu')",
            "time" : {
              "start" : 1706698887364,
              "stop" : 1706698887383,
              "duration" : 19
            },
            "status" : "passed",
            "steps" : [ ],
            "attachments" : [ ],
            "parameters" : [ ],
            "attachmentsCount" : 0,
            "shouldDisplayMessage" : false,
            "stepsCount" : 0,
            "hasContent" : false
          } ],
          "attachments" : [ ],
          "parameters" : [ {
            "name" : "locator",
            "value" : "('css selector', '#other-menu')"
          } ],
          "attachmentsCount" : 0,
          "shouldDisplayMessage" : false,
          "stepsCount" : 1,
          "hasContent" : true
        } ],
        "attachments" : [ ],
        "parameters" : [ ],
        "attachmentsCount" : 0,
        "shouldDisplayMessage" : false,
        "stepsCount" : 2,
        "hasContent" : true
      }, {
        "name" : "Check element is visible and clickable: ('xpath', '//a[@id=\"ember8\"]')",
        "time" : {
          "start" : 1706698887410,
          "stop" : 1706698887440,
          "duration" : 30
        },
        "status" : "passed",
        "steps" : [ {
          "name" : "Check element is clickable",
          "time" : {
            "start" : 1706698887425,
            "stop" : 1706698887440,
            "duration" : 15
          },
          "status" : "passed",
          "steps" : [ {
            "name" : "Check element is clickable: ('xpath', '//a[@id=\"ember8\"]')",
            "time" : {
              "start" : 1706698887425,
              "stop" : 1706698887440,
              "duration" : 15
            },
            "status" : "passed",
            "steps" : [ ],
            "attachments" : [ ],
            "parameters" : [ ],
            "attachmentsCount" : 0,
            "shouldDisplayMessage" : false,
            "stepsCount" : 0,
            "hasContent" : false
          } ],
          "attachments" : [ ],
          "parameters" : [ {
            "name" : "locator",
            "value" : "('xpath', '//a[@id=\"ember8\"]')"
          } ],
          "attachmentsCount" : 0,
          "shouldDisplayMessage" : false,
          "stepsCount" : 1,
          "hasContent" : true
        } ],
        "attachments" : [ ],
        "parameters" : [ ],
        "attachmentsCount" : 0,
        "shouldDisplayMessage" : false,
        "stepsCount" : 2,
        "hasContent" : true
      }, {
        "name" : "Check url is present: https://brainup.site/contributors",
        "time" : {
          "start" : 1706698887471,
          "stop" : 1706698892504,
          "duration" : 5033
        },
        "status" : "broken",
        "statusMessage" : "selenium.common.exceptions.TimeoutException: Message: Can't find element by locator https://brainup.site/contributors\n\n",
        "statusTrace" : "  File \"/home/runner/work/auto-tests-python/auto-tests-python/pages/base_page.py\", line 73, in check_expected_link\n    return Wait(self.driver, self.timeout).until(ec.url_to_be(url),\n           ^^^^^^^^^^^^^^^^^^^^^^^^^^^^^^^^^^^^^^^^^^^^^^^^^^^^^^^^\n  File \"/opt/hostedtoolcache/Python/3.12.1/x64/lib/python3.12/site-packages/selenium/webdriver/support/wait.py\", line 95, in until\n    raise TimeoutException(message, screen, stacktrace)\n",
        "steps" : [ ],
        "attachments" : [ ],
        "parameters" : [ ],
        "attachmentsCount" : 0,
        "shouldDisplayMessage" : true,
        "stepsCount" : 0,
        "hasContent" : true
      } ],
      "attachments" : [ ],
      "parameters" : [ ],
      "attachmentsCount" : 0,
      "shouldDisplayMessage" : false,
      "stepsCount" : 7,
      "hasContent" : true
    } ],
    "attachments" : [ {
      "uid" : "b54120ce1a2483bf",
      "name" : "Screenshot",
      "source" : "b54120ce1a2483bf.png",
      "type" : "image/png",
      "size" : 203517
    }, {
      "uid" : "b049bc1dafc971f4",
      "name" : "HTML source",
      "source" : "b049bc1dafc971f4.html",
      "type" : "text/html",
      "size" : 167812
    } ],
    "parameters" : [ ],
    "attachmentsCount" : 2,
    "shouldDisplayMessage" : true,
    "stepsCount" : 8,
    "hasContent" : true
  },
  "afterStages" : [ {
    "name" : "driver::0",
    "time" : {
      "start" : 1706698892691,
      "stop" : 1706698892911,
      "duration" : 220
    },
    "status" : "passed",
    "steps" : [ ],
    "attachments" : [ {
      "uid" : "d5f18eaaa97459a8",
      "name" : "Screenshot 2024-01-31 11:01:32.853154",
      "source" : "d5f18eaaa97459a8.png",
      "type" : "image/png",
      "size" : 203517
    } ],
    "parameters" : [ ],
    "attachmentsCount" : 1,
    "shouldDisplayMessage" : false,
    "stepsCount" : 0,
    "hasContent" : true
  } ],
  "labels" : [ {
    "name" : "epic",
    "value" : "Description Page."
  }, {
    "name" : "parentSuite",
    "value" : "tests"
  }, {
    "name" : "suite",
    "value" : "description_page_test"
  }, {
    "name" : "subSuite",
    "value" : "TestDescriptionPage"
  }, {
    "name" : "host",
    "value" : "fv-az566-807"
  }, {
    "name" : "thread",
    "value" : "2037-MainThread"
  }, {
    "name" : "framework",
    "value" : "pytest"
  }, {
    "name" : "language",
    "value" : "cpython3"
  }, {
    "name" : "package",
    "value" : "tests.description_page_test"
  }, {
    "name" : "resultFormat",
    "value" : "allure2"
  } ],
  "parameters" : [ ],
  "links" : [ ],
  "hidden" : false,
  "retry" : false,
  "extra" : {
    "severity" : "normal",
    "retries" : [ ],
    "categories" : [ {
      "name" : "Test defects",
      "matchedStatuses" : [ ],
      "flaky" : false
    } ],
    "history" : {
      "statistic" : {
        "failed" : 0,
        "broken" : 8,
        "skipped" : 0,
        "passed" : 77,
        "unknown" : 0,
        "total" : 85
      },
      "items" : [ {
        "uid" : "cc19918c3e6aee6f",
        "status" : "passed",
        "time" : {
          "start" : 1706613942538,
          "stop" : 1706613943169,
          "duration" : 631
        }
      }, {
        "uid" : "12ffc86c3ad1bedc",
        "status" : "passed",
        "time" : {
          "start" : 1706613327033,
          "stop" : 1706613327668,
          "duration" : 635
        }
      }, {
        "uid" : "d87bd6859930cb55",
        "status" : "passed",
        "time" : {
          "start" : 1706611951680,
          "stop" : 1706611952318,
          "duration" : 638
        }
      }, {
        "uid" : "aa4e1e0f84cd1d58",
        "status" : "passed",
        "time" : {
          "start" : 1706610550412,
          "stop" : 1706610551048,
          "duration" : 636
        }
      }, {
        "uid" : "8bd695e8f7a84895",
        "status" : "passed",
        "time" : {
          "start" : 1706608964177,
          "stop" : 1706608964817,
          "duration" : 640
        }
      }, {
        "uid" : "6c0d3dbb67b0a72e",
        "status" : "passed",
        "time" : {
          "start" : 1706608070492,
          "stop" : 1706608071126,
          "duration" : 634
        }
      }, {
        "uid" : "79b226049f0b0b67",
        "status" : "passed",
        "time" : {
          "start" : 1706533226194,
          "stop" : 1706533226827,
          "duration" : 633
        }
      }, {
        "uid" : "bd528f897ecc958b",
        "status" : "passed",
        "time" : {
          "start" : 1706519580124,
          "stop" : 1706519580757,
          "duration" : 633
        }
      }, {
        "uid" : "9463a0e88c6a0af1",
        "status" : "passed",
        "time" : {
          "start" : 1706460665532,
          "stop" : 1706460666167,
          "duration" : 635
        }
      }, {
        "uid" : "f989d944b0ff1d0d",
        "status" : "passed",
        "time" : {
          "start" : 1706452333809,
          "stop" : 1706452334442,
          "duration" : 633
        }
      }, {
        "uid" : "327f0c42321fdb6b",
        "status" : "passed",
        "time" : {
          "start" : 1706451393443,
          "stop" : 1706451394100,
          "duration" : 657
        }
      }, {
        "uid" : "ec19d81d3a12d95",
        "status" : "passed",
        "time" : {
          "start" : 1706449561310,
          "stop" : 1706449561972,
          "duration" : 662
        }
      }, {
        "uid" : "b0c9fa69387c074c",
        "status" : "passed",
        "time" : {
          "start" : 1706359543289,
          "stop" : 1706359543930,
          "duration" : 641
        }
      }, {
        "uid" : "bfedf622cea1edde",
        "status" : "passed",
        "time" : {
          "start" : 1706354202460,
          "stop" : 1706354203094,
          "duration" : 634
        }
      }, {
        "uid" : "37d8a6fea27c65bf",
        "status" : "passed",
        "time" : {
          "start" : 1706301011355,
          "stop" : 1706301011995,
          "duration" : 640
        }
      }, {
        "uid" : "d7d63b4d25a006b3",
        "status" : "passed",
        "time" : {
          "start" : 1706213617355,
          "stop" : 1706213617992,
          "duration" : 637
        }
      }, {
        "uid" : "55077e44cad21cd1",
        "status" : "passed",
        "time" : {
          "start" : 1706125566350,
          "stop" : 1706125566986,
          "duration" : 636
        }
      }, {
        "uid" : "64d61783dc10f60e",
        "status" : "passed",
        "time" : {
          "start" : 1706125072374,
          "stop" : 1706125073008,
          "duration" : 634
        }
      }, {
        "uid" : "b2ba7dab19a79a9a",
        "status" : "passed",
        "time" : {
          "start" : 1706124429006,
          "stop" : 1706124429667,
          "duration" : 661
        }
      }, {
        "uid" : "68a11e617f58e43c",
        "status" : "passed",
        "time" : {
          "start" : 1706038141922,
          "stop" : 1706038142559,
          "duration" : 637
        }
      } ]
    },
    "tags" : [ ]
  },
  "source" : "5983c31918f45725.json",
  "parameterValues" : [ ]
}