{
  "uid" : "5e2e251dec2d050a",
  "name" : "Select a random card from \"Similar phrases\" group and compare UI vs BACKEND data",
  "fullName" : "tests.test_speech_exercises_en.TestCardsEN#test_random_cards_in_similar_phrases_en",
  "historyId" : "106afe14e1824ad4b55b346a52794d4b",
  "time" : {
    "start" : 1713525585802,
    "stop" : 1713525585802,
    "duration" : 0
  },
  "status" : "skipped",
  "statusMessage" : "XFAIL\n\nselenium.common.exceptions.TimeoutException: Message: Can't find element by locator https://brainup.site/groups",
  "statusTrace" : "self = <pages.base_page.BasePage object at 0x7f848a8c8b30>\nurl = 'https://brainup.site/groups'\n\n    def check_expected_link(self, url):\n        with allure.step(f'Check url is present: {url}'):\n            try:\n>               return Wait(self.driver, self.timeout).until(\n                    ec.url_to_be(url), message=f\"Can't find element by locator {url}\")\n\npages/base_page.py:76: \n_ _ _ _ _ _ _ _ _ _ _ _ _ _ _ _ _ _ _ _ _ _ _ _ _ _ _ _ _ _ _ _ _ _ _ _ _ _ _ _ \n\nself = <selenium.webdriver.support.wait.WebDriverWait (session=\"10f5c9e68d9166a1ee29e1a3d64d39a2\")>\nmethod = <function url_to_be.<locals>._predicate at 0x7f848a890e00>\nmessage = \"Can't find element by locator https://brainup.site/groups\"\n\n    def until(self, method, message: str = \"\"):\n        \"\"\"Calls the method provided with the driver as an argument until the \\\n        return value does not evaluate to ``False``.\n    \n        :param method: callable(WebDriver)\n        :param message: optional message for :exc:`TimeoutException`\n        :returns: the result of the last call to `method`\n        :raises: :exc:`selenium.common.exceptions.TimeoutException` if timeout occurs\n        \"\"\"\n        screen = None\n        stacktrace = None\n    \n        end_time = time.monotonic() + self._timeout\n        while True:\n            try:\n                value = method(self._driver)\n                if value:\n                    return value\n            except self._ignored_exceptions as exc:\n                screen = getattr(exc, \"screen\", None)\n                stacktrace = getattr(exc, \"stacktrace\", None)\n            time.sleep(self._poll)\n            if time.monotonic() > end_time:\n                break\n>       raise TimeoutException(message, screen, stacktrace)\nE       selenium.common.exceptions.TimeoutException: Message: Can't find element by locator https://brainup.site/groups\n\n/opt/hostedtoolcache/Python/3.12.3/x64/lib/python3.12/site-packages/selenium/webdriver/support/wait.py:95: TimeoutException\n\nDuring handling of the above exception, another exception occurred:\n\ndriver = <selenium.webdriver.chrome.webdriver.WebDriver (session=\"10f5c9e68d9166a1ee29e1a3d64d39a2\")>\nmain_page_open = None\n\n    @pytest.fixture()\n    @allure.step('USER specialist authorized')\n    def specialist_user_authorized(driver, main_page_open):\n        page = BasePage(driver)\n        page.element_is_present_and_clickable(MainPageLocators.LOGIN_BUTTON).click()\n        page.element_is_visible(LoginPageLocators.INPUT_LOGIN).send_keys(os.environ[\"SPECIALIST_LOGIN\"])\n        page.element_is_visible(LoginPageLocators.INPUT_PASSWORD).send_keys(os.environ[\"PASSWORD\"])\n        page.element_is_present_and_clickable(LoginPageLocators.SIGN_IN_BUTTON).click()\n>       page.check_expected_link(MainPageLinks.URL_GROUPS_PAGE)\n\ntests/conftest.py:58: \n_ _ _ _ _ _ _ _ _ _ _ _ _ _ _ _ _ _ _ _ _ _ _ _ _ _ _ _ _ _ _ _ _ _ _ _ _ _ _ _ \npages/base_page.py:80: in check_expected_link\n    return Wait(self.driver, self.timeout).until(\n_ _ _ _ _ _ _ _ _ _ _ _ _ _ _ _ _ _ _ _ _ _ _ _ _ _ _ _ _ _ _ _ _ _ _ _ _ _ _ _ \n\nself = <selenium.webdriver.support.wait.WebDriverWait (session=\"10f5c9e68d9166a1ee29e1a3d64d39a2\")>\nmethod = <function url_to_be.<locals>._predicate at 0x7f848a892160>\nmessage = \"Can't find element by locator https://brainup.site/groups\"\n\n    def until(self, method, message: str = \"\"):\n        \"\"\"Calls the method provided with the driver as an argument until the \\\n        return value does not evaluate to ``False``.\n    \n        :param method: callable(WebDriver)\n        :param message: optional message for :exc:`TimeoutException`\n        :returns: the result of the last call to `method`\n        :raises: :exc:`selenium.common.exceptions.TimeoutException` if timeout occurs\n        \"\"\"\n        screen = None\n        stacktrace = None\n    \n        end_time = time.monotonic() + self._timeout\n        while True:\n            try:\n                value = method(self._driver)\n                if value:\n                    return value\n            except self._ignored_exceptions as exc:\n                screen = getattr(exc, \"screen\", None)\n                stacktrace = getattr(exc, \"stacktrace\", None)\n            time.sleep(self._poll)\n            if time.monotonic() > end_time:\n                break\n>       raise TimeoutException(message, screen, stacktrace)\nE       selenium.common.exceptions.TimeoutException: Message: Can't find element by locator https://brainup.site/groups\n\n/opt/hostedtoolcache/Python/3.12.3/x64/lib/python3.12/site-packages/selenium/webdriver/support/wait.py:95: TimeoutException",
  "flaky" : false,
  "newFailed" : false,
  "beforeStages" : [ {
    "name" : "driver",
    "time" : {
      "start" : 1713525585803,
      "stop" : 1713525586572,
      "duration" : 769
    },
    "status" : "passed",
    "steps" : [ ],
    "attachments" : [ ],
    "parameters" : [ ],
    "attachmentsCount" : 0,
    "shouldDisplayMessage" : false,
    "stepsCount" : 0,
    "hasContent" : false
  }, {
    "name" : "specialist_user_authorized",
    "time" : {
      "start" : 1713525591029,
      "stop" : 1713525631587,
      "duration" : 40558
    },
    "status" : "broken",
    "statusMessage" : "selenium.common.exceptions.TimeoutException: Message: Can't find element by locator https://brainup.site/groups\n\n",
    "statusTrace" : "  File \"/opt/hostedtoolcache/Python/3.12.3/x64/lib/python3.12/site-packages/pluggy/_callers.py\", line 102, in _multicall\n    res = hook_impl.function(*args)\n          ^^^^^^^^^^^^^^^^^^^^^^^^^\n  File \"/opt/hostedtoolcache/Python/3.12.3/x64/lib/python3.12/site-packages/_pytest/fixtures.py\", line 1123, in pytest_fixture_setup\n    result = call_fixture_func(fixturefunc, request, kwargs)\n             ^^^^^^^^^^^^^^^^^^^^^^^^^^^^^^^^^^^^^^^^^^^^^^^\n  File \"/opt/hostedtoolcache/Python/3.12.3/x64/lib/python3.12/site-packages/_pytest/fixtures.py\", line 902, in call_fixture_func\n    fixture_result = fixturefunc(**kwargs)\n                     ^^^^^^^^^^^^^^^^^^^^^\n  File \"/opt/hostedtoolcache/Python/3.12.3/x64/lib/python3.12/site-packages/allure_commons/_allure.py\", line 192, in impl\n    return func(*a, **kw)\n           ^^^^^^^^^^^^^^\n  File \"/home/runner/work/auto-tests-python/auto-tests-python/tests/conftest.py\", line 58, in specialist_user_authorized\n    page.check_expected_link(MainPageLinks.URL_GROUPS_PAGE)\n  File \"/home/runner/work/auto-tests-python/auto-tests-python/pages/base_page.py\", line 80, in check_expected_link\n    return Wait(self.driver, self.timeout).until(\n           ^^^^^^^^^^^^^^^^^^^^^^^^^^^^^^^^^^^^^^\n  File \"/opt/hostedtoolcache/Python/3.12.3/x64/lib/python3.12/site-packages/selenium/webdriver/support/wait.py\", line 95, in until\n    raise TimeoutException(message, screen, stacktrace)\n",
    "steps" : [ {
      "name" : "USER specialist authorized",
      "time" : {
        "start" : 1713525591029,
        "stop" : 1713525631587,
        "duration" : 40558
      },
      "status" : "broken",
      "statusMessage" : "selenium.common.exceptions.TimeoutException: Message: Can't find element by locator https://brainup.site/groups\n\n",
      "statusTrace" : "  File \"/opt/hostedtoolcache/Python/3.12.3/x64/lib/python3.12/site-packages/allure_commons/_allure.py\", line 192, in impl\n    return func(*a, **kw)\n           ^^^^^^^^^^^^^^\n  File \"/home/runner/work/auto-tests-python/auto-tests-python/tests/conftest.py\", line 58, in specialist_user_authorized\n    page.check_expected_link(MainPageLinks.URL_GROUPS_PAGE)\n  File \"/home/runner/work/auto-tests-python/auto-tests-python/pages/base_page.py\", line 80, in check_expected_link\n    return Wait(self.driver, self.timeout).until(\n           ^^^^^^^^^^^^^^^^^^^^^^^^^^^^^^^^^^^^^^\n  File \"/opt/hostedtoolcache/Python/3.12.3/x64/lib/python3.12/site-packages/selenium/webdriver/support/wait.py\", line 95, in until\n    raise TimeoutException(message, screen, stacktrace)\n",
      "steps" : [ {
        "name" : "Check element is visible and clickable: ('xpath', '//a[@id=\"ember11\"]')",
        "time" : {
          "start" : 1713525591029,
          "stop" : 1713525591066,
          "duration" : 37
        },
        "status" : "passed",
        "steps" : [ {
          "name" : "Check element is clickable",
          "time" : {
            "start" : 1713525591047,
            "stop" : 1713525591066,
            "duration" : 19
          },
          "status" : "passed",
          "steps" : [ {
            "name" : "Check element is clickable: ('xpath', '//a[@id=\"ember11\"]')",
            "time" : {
              "start" : 1713525591047,
              "stop" : 1713525591066,
              "duration" : 19
            },
            "status" : "passed",
            "steps" : [ ],
            "attachments" : [ ],
            "parameters" : [ ],
            "attachmentsCount" : 0,
            "shouldDisplayMessage" : false,
            "stepsCount" : 0,
            "hasContent" : false
          } ],
          "attachments" : [ ],
          "parameters" : [ {
            "name" : "locator",
            "value" : "('xpath', '//a[@id=\"ember11\"]')"
          } ],
          "attachmentsCount" : 0,
          "shouldDisplayMessage" : false,
          "stepsCount" : 1,
          "hasContent" : true
        } ],
        "attachments" : [ ],
        "parameters" : [ ],
        "attachmentsCount" : 0,
        "shouldDisplayMessage" : false,
        "stepsCount" : 2,
        "hasContent" : true
      }, {
        "name" : "Check element is visible: ('xpath', '//input[@id=\"login\"]')",
        "time" : {
          "start" : 1713525591113,
          "stop" : 1713525591137,
          "duration" : 24
        },
        "status" : "passed",
        "steps" : [ {
          "name" : "Check element is present: ('xpath', '//input[@id=\"login\"]')",
          "time" : {
            "start" : 1713525591113,
            "stop" : 1713525591121,
            "duration" : 8
          },
          "status" : "passed",
          "steps" : [ ],
          "attachments" : [ ],
          "parameters" : [ ],
          "attachmentsCount" : 0,
          "shouldDisplayMessage" : false,
          "stepsCount" : 0,
          "hasContent" : false
        }, {
          "name" : "Go to element: <selenium.webdriver.remote.webelement.WebElement (session=\"10f5c9e68d9166a1ee29e1a3d64d39a2\", element=\"f.10AC9489A69141A0F24DB121414843C3.d.2F5CE52C16EC48FD4E4CFABE390AD917.e.27\")>",
          "time" : {
            "start" : 1713525591121,
            "stop" : 1713525591126,
            "duration" : 5
          },
          "status" : "passed",
          "steps" : [ ],
          "attachments" : [ ],
          "parameters" : [ ],
          "attachmentsCount" : 0,
          "shouldDisplayMessage" : false,
          "stepsCount" : 0,
          "hasContent" : false
        } ],
        "attachments" : [ ],
        "parameters" : [ ],
        "attachmentsCount" : 0,
        "shouldDisplayMessage" : false,
        "stepsCount" : 2,
        "hasContent" : true
      }, {
        "name" : "Check element is visible: ('xpath', '//input[@id=\"password\"]')",
        "time" : {
          "start" : 1713525591204,
          "stop" : 1713525591231,
          "duration" : 27
        },
        "status" : "passed",
        "steps" : [ {
          "name" : "Check element is present: ('xpath', '//input[@id=\"password\"]')",
          "time" : {
            "start" : 1713525591204,
            "stop" : 1713525591213,
            "duration" : 9
          },
          "status" : "passed",
          "steps" : [ ],
          "attachments" : [ ],
          "parameters" : [ ],
          "attachmentsCount" : 0,
          "shouldDisplayMessage" : false,
          "stepsCount" : 0,
          "hasContent" : false
        }, {
          "name" : "Go to element: <selenium.webdriver.remote.webelement.WebElement (session=\"10f5c9e68d9166a1ee29e1a3d64d39a2\", element=\"f.10AC9489A69141A0F24DB121414843C3.d.2F5CE52C16EC48FD4E4CFABE390AD917.e.30\")>",
          "time" : {
            "start" : 1713525591213,
            "stop" : 1713525591216,
            "duration" : 3
          },
          "status" : "passed",
          "steps" : [ ],
          "attachments" : [ ],
          "parameters" : [ ],
          "attachmentsCount" : 0,
          "shouldDisplayMessage" : false,
          "stepsCount" : 0,
          "hasContent" : false
        } ],
        "attachments" : [ ],
        "parameters" : [ ],
        "attachmentsCount" : 0,
        "shouldDisplayMessage" : false,
        "stepsCount" : 2,
        "hasContent" : true
      }, {
        "name" : "Check element is visible and clickable: ('xpath', '//*[@type=\"submit\"]')",
        "time" : {
          "start" : 1713525591270,
          "stop" : 1713525591301,
          "duration" : 31
        },
        "status" : "passed",
        "steps" : [ {
          "name" : "Check element is clickable",
          "time" : {
            "start" : 1713525591285,
            "stop" : 1713525591301,
            "duration" : 16
          },
          "status" : "passed",
          "steps" : [ {
            "name" : "Check element is clickable: ('xpath', '//*[@type=\"submit\"]')",
            "time" : {
              "start" : 1713525591285,
              "stop" : 1713525591301,
              "duration" : 16
            },
            "status" : "passed",
            "steps" : [ ],
            "attachments" : [ ],
            "parameters" : [ ],
            "attachmentsCount" : 0,
            "shouldDisplayMessage" : false,
            "stepsCount" : 0,
            "hasContent" : false
          } ],
          "attachments" : [ ],
          "parameters" : [ {
            "name" : "locator",
            "value" : "('xpath', '//*[@type=\"submit\"]')"
          } ],
          "attachmentsCount" : 0,
          "shouldDisplayMessage" : false,
          "stepsCount" : 1,
          "hasContent" : true
        } ],
        "attachments" : [ ],
        "parameters" : [ ],
        "attachmentsCount" : 0,
        "shouldDisplayMessage" : false,
        "stepsCount" : 2,
        "hasContent" : true
      }, {
        "name" : "Check url is present: https://brainup.site/groups",
        "time" : {
          "start" : 1713525591334,
          "stop" : 1713525631586,
          "duration" : 40252
        },
        "status" : "broken",
        "statusMessage" : "selenium.common.exceptions.TimeoutException: Message: Can't find element by locator https://brainup.site/groups\n\n",
        "statusTrace" : "  File \"/home/runner/work/auto-tests-python/auto-tests-python/pages/base_page.py\", line 80, in check_expected_link\n    return Wait(self.driver, self.timeout).until(\n           ^^^^^^^^^^^^^^^^^^^^^^^^^^^^^^^^^^^^^^\n  File \"/opt/hostedtoolcache/Python/3.12.3/x64/lib/python3.12/site-packages/selenium/webdriver/support/wait.py\", line 95, in until\n    raise TimeoutException(message, screen, stacktrace)\n",
        "steps" : [ ],
        "attachments" : [ ],
        "parameters" : [ ],
        "attachmentsCount" : 0,
        "shouldDisplayMessage" : true,
        "stepsCount" : 0,
        "hasContent" : true
      } ],
      "attachments" : [ ],
      "parameters" : [ {
        "name" : "driver",
        "value" : "<selenium.webdriver.chrome.webdriver.WebDriver (session=\"10f5c9e68d9166a1ee29e1a3d64d39a2\")>"
      }, {
        "name" : "main_page_open",
        "value" : "None"
      } ],
      "attachmentsCount" : 0,
      "shouldDisplayMessage" : false,
      "stepsCount" : 13,
      "hasContent" : true
    } ],
    "attachments" : [ ],
    "parameters" : [ ],
    "attachmentsCount" : 0,
    "shouldDisplayMessage" : false,
    "stepsCount" : 14,
    "hasContent" : true
  }, {
    "name" : "clear_allure_results_folder",
    "time" : {
      "start" : 1713524808739,
      "stop" : 1713524808739,
      "duration" : 0
    },
    "status" : "passed",
    "steps" : [ ],
    "attachments" : [ ],
    "parameters" : [ ],
    "attachmentsCount" : 0,
    "shouldDisplayMessage" : false,
    "stepsCount" : 0,
    "hasContent" : false
  }, {
    "name" : "main_page_open",
    "time" : {
      "start" : 1713525586572,
      "stop" : 1713525591028,
      "duration" : 4456
    },
    "status" : "passed",
    "steps" : [ {
      "name" : "Open page: https://brainup.site/",
      "time" : {
        "start" : 1713525586572,
        "stop" : 1713525591028,
        "duration" : 4456
      },
      "status" : "passed",
      "steps" : [ ],
      "attachments" : [ ],
      "parameters" : [ {
        "name" : "driver",
        "value" : "<selenium.webdriver.chrome.webdriver.WebDriver (session=\"10f5c9e68d9166a1ee29e1a3d64d39a2\")>"
      } ],
      "attachmentsCount" : 0,
      "shouldDisplayMessage" : false,
      "stepsCount" : 0,
      "hasContent" : true
    } ],
    "attachments" : [ ],
    "parameters" : [ ],
    "attachmentsCount" : 0,
    "shouldDisplayMessage" : false,
    "stepsCount" : 1,
    "hasContent" : true
  } ],
  "afterStages" : [ {
    "name" : "driver::0",
    "time" : {
      "start" : 1713525631603,
      "stop" : 1713525631797,
      "duration" : 194
    },
    "status" : "passed",
    "steps" : [ ],
    "attachments" : [ {
      "uid" : "b03a9aea0d80433",
      "name" : "Screenshot 2024-04-19 11:20:31.737489",
      "source" : "b03a9aea0d80433.png",
      "type" : "image/png",
      "size" : 41945
    } ],
    "parameters" : [ ],
    "attachmentsCount" : 1,
    "shouldDisplayMessage" : false,
    "stepsCount" : 0,
    "hasContent" : true
  } ],
  "labels" : [ {
    "name" : "epic",
    "value" : "Speech exercises."
  }, {
    "name" : "suite",
    "value" : "Similar phrases"
  }, {
    "name" : "tag",
    "value" : "@pytest.mark.xfail"
  }, {
    "name" : "parentSuite",
    "value" : "tests"
  }, {
    "name" : "subSuite",
    "value" : "TestCardsEN"
  }, {
    "name" : "host",
    "value" : "fv-az1019-686"
  }, {
    "name" : "thread",
    "value" : "1778-MainThread"
  }, {
    "name" : "framework",
    "value" : "pytest"
  }, {
    "name" : "language",
    "value" : "cpython3"
  }, {
    "name" : "package",
    "value" : "tests.test_speech_exercises_en"
  }, {
    "name" : "resultFormat",
    "value" : "allure2"
  } ],
  "parameters" : [ ],
  "links" : [ ],
  "hidden" : false,
  "retry" : false,
  "extra" : {
    "severity" : "normal",
    "retries" : [ ],
    "categories" : [ ],
    "history" : {
      "statistic" : {
        "failed" : 1,
        "broken" : 1,
        "skipped" : 3,
        "passed" : 273,
        "unknown" : 0,
        "total" : 278
      },
      "items" : [ {
        "uid" : "8706831509c268a5",
        "status" : "skipped",
        "statusDetails" : "XFAIL\n\nselenium.common.exceptions.TimeoutException: Message: Can't find element by locator ('xpath', '//button[@data-test-active-link=\"Similar phrases\"]')\nStacktrace:\n#0 0x565103228863 <unknown>\n#1 0x565102f1e8c6 <unknown>\n#2 0x565102f69618 <unknown>\n#3 0x565102f696d1 <unknown>\n#4 0x565102fac744 <unknown>\n#5 0x565102f8b5cd <unknown>\n#6 0x565102fa9c19 <unknown>\n#7 0x565102f8b343 <unknown>\n#8 0x565102f5c593 <unknown>\n#9 0x565102f5cf5e <unknown>\n#10 0x5651031ec84b <unknown>\n#11 0x5651031f07a5 <unknown>\n#12 0x5651031da571 <unknown>\n#13 0x5651031f1332 <unknown>\n#14 0x5651031bf87f <unknown>\n#15 0x565103217728 <unknown>\n#16 0x5651032178fb <unknown>\n#17 0x5651032279b4 <unknown>\n#18 0x7f7b95a94ac3 <unknown>",
        "time" : {
          "start" : 1713525448495,
          "stop" : 1713525468667,
          "duration" : 20172
        }
      }, {
        "uid" : "df3ff23d21cbc94",
        "status" : "passed",
        "statusDetails" : "XPASS",
        "time" : {
          "start" : 1713521141874,
          "stop" : 1713521174334,
          "duration" : 32460
        }
      }, {
        "uid" : "f14f7d215e1d09ed",
        "status" : "passed",
        "statusDetails" : "XPASS",
        "time" : {
          "start" : 1713519424221,
          "stop" : 1713519456703,
          "duration" : 32482
        }
      }, {
        "uid" : "55759b15105472ac",
        "status" : "passed",
        "statusDetails" : "XPASS",
        "time" : {
          "start" : 1713519403598,
          "stop" : 1713519436835,
          "duration" : 33237
        }
      }, {
        "uid" : "695beedc66b7b7ce",
        "status" : "passed",
        "statusDetails" : "XPASS",
        "time" : {
          "start" : 1713436261782,
          "stop" : 1713436295596,
          "duration" : 33814
        }
      }, {
        "uid" : "8dfed9699aba12db",
        "status" : "passed",
        "statusDetails" : "XPASS",
        "time" : {
          "start" : 1713432620686,
          "stop" : 1713432653450,
          "duration" : 32764
        }
      }, {
        "uid" : "36d319b3ee5a7683",
        "status" : "passed",
        "statusDetails" : "XPASS",
        "time" : {
          "start" : 1713360533528,
          "stop" : 1713360564857,
          "duration" : 31329
        }
      }, {
        "uid" : "1a8e01635371c3b5",
        "status" : "passed",
        "statusDetails" : "XPASS",
        "time" : {
          "start" : 1713347393151,
          "stop" : 1713347426035,
          "duration" : 32884
        }
      }, {
        "uid" : "79f1f05b498e4ec7",
        "status" : "passed",
        "statusDetails" : "XPASS",
        "time" : {
          "start" : 1713257971815,
          "stop" : 1713258002867,
          "duration" : 31052
        }
      }, {
        "uid" : "db0ed387aa0c0997",
        "status" : "passed",
        "statusDetails" : "XPASS",
        "time" : {
          "start" : 1713256208030,
          "stop" : 1713256239715,
          "duration" : 31685
        }
      }, {
        "uid" : "8ba920b5d7e96274",
        "status" : "passed",
        "statusDetails" : "XPASS",
        "time" : {
          "start" : 1713195073712,
          "stop" : 1713195104435,
          "duration" : 30723
        }
      }, {
        "uid" : "642b51485d184f7",
        "status" : "passed",
        "statusDetails" : "XPASS",
        "time" : {
          "start" : 1713180904901,
          "stop" : 1713180935628,
          "duration" : 30727
        }
      }, {
        "uid" : "12533455ad94cdcd",
        "status" : "passed",
        "statusDetails" : "XPASS",
        "time" : {
          "start" : 1713174017764,
          "stop" : 1713174049022,
          "duration" : 31258
        }
      }, {
        "uid" : "cceb0051638677dc",
        "status" : "passed",
        "statusDetails" : "XPASS",
        "time" : {
          "start" : 1713172345734,
          "stop" : 1713172378159,
          "duration" : 32425
        }
      }, {
        "uid" : "6149ebaf7dfbf87f",
        "status" : "passed",
        "statusDetails" : "XPASS",
        "time" : {
          "start" : 1713091135018,
          "stop" : 1713091165282,
          "duration" : 30264
        }
      }, {
        "uid" : "baf62124e41cff69",
        "status" : "passed",
        "statusDetails" : "XPASS",
        "time" : {
          "start" : 1713089242213,
          "stop" : 1713089271885,
          "duration" : 29672
        }
      }, {
        "uid" : "db9b2f2fd074c64f",
        "status" : "passed",
        "statusDetails" : "XPASS",
        "time" : {
          "start" : 1713017468958,
          "stop" : 1713017499572,
          "duration" : 30614
        }
      }, {
        "uid" : "dd37e366ddab1d89",
        "status" : "passed",
        "statusDetails" : "XPASS",
        "time" : {
          "start" : 1713010389716,
          "stop" : 1713010419494,
          "duration" : 29778
        }
      }, {
        "uid" : "73a1dc988262b649",
        "status" : "passed",
        "statusDetails" : "XPASS",
        "time" : {
          "start" : 1713008880093,
          "stop" : 1713008909755,
          "duration" : 29662
        }
      }, {
        "uid" : "d0191287c4689a00",
        "status" : "passed",
        "statusDetails" : "XPASS",
        "time" : {
          "start" : 1713007350896,
          "stop" : 1713007380247,
          "duration" : 29351
        }
      } ]
    },
    "tags" : [ "@pytest.mark.xfail" ]
  },
  "source" : "5e2e251dec2d050a.json",
  "parameterValues" : [ ]
}