{
  "uid" : "63362aa380163e7c",
  "name" : "Solutions to a random task in the \"Слова\" group and comparison of statics.",
  "fullName" : "tests.test_speech_exercises_ru.TestCardsRU#test_solve_word_cards_ru",
  "historyId" : "97a1dfc93de55b98f3507f18d0af26f8",
  "time" : {
    "start" : 1708092128765,
    "stop" : 1708092150417,
    "duration" : 21652
  },
  "status" : "skipped",
  "statusMessage" : "XFAIL In CI the test failed in PR#156, PR#158, PR#159, the contributor team has been notified\n\nselenium.common.exceptions.TimeoutException: Message: Can't find element by locator ('xpath', '//a[text()=\"Упражнения\"]')\nStacktrace:\n#0 0x55e8fa680d93 <unknown>\n#1 0x55e8fa364337 <unknown>\n#2 0x55e8fa3afd60 <unknown>\n#3 0x55e8fa3afe51 <unknown>\n#4 0x55e8fa3f3bc4 <unknown>\n#5 0x55e8fa3d246d <unknown>\n#6 0x55e8fa3f112d <unknown>\n#7 0x55e8fa3d21e3 <unknown>\n#8 0x55e8fa3a2135 <unknown>\n#9 0x55e8fa3a313e <unknown>\n#10 0x55e8fa644e4b <unknown>\n#11 0x55e8fa648dfa <unknown>\n#12 0x55e8fa6316d5 <unknown>\n#13 0x55e8fa649a6f <unknown>\n#14 0x55e8fa61569f <unknown>\n#15 0x55e8fa66e098 <unknown>\n#16 0x55e8fa66e262 <unknown>\n#17 0x55e8fa67ff34 <unknown>\n#18 0x7f6cb3e94ac3 <unknown>",
  "statusTrace" : "self = <tests.test_speech_exercises_ru.TestCardsRU object at 0x7fd0f88cc0b0>\ndriver = <selenium.webdriver.chrome.webdriver.WebDriver (session=\"3d2e59054221b3caf5ba59508fbb7844\")>\ndefault_user_authorized = <pages.base_page.BasePage object at 0x7fd0f88c90d0>\n\n    @allure.suite('Слова.')\n    @pytest.mark.xfail(reason=\"In CI the test failed in PR#156, PR#158, PR#159, the contributor team has been notified\")\n    @allure.title('Solutions to a random task in the \"Слова\" group and comparison of statics.')\n    def test_solve_word_cards_ru(self, driver, default_user_authorized):\n        page = SpeechExercisesPageRU(driver)\n        table = page.get_statistic_data()\n        start_result = list(table[1].values())[5]\n>       page.click_button_exercises()\n\ntests/test_speech_exercises_ru.py:126: \n_ _ _ _ _ _ _ _ _ _ _ _ _ _ _ _ _ _ _ _ _ _ _ _ _ _ _ _ _ _ _ _ _ _ _ _ _ _ _ _ \npages/speech_exercises_page_ru.py:133: in click_button_exercises\n    button = self.element_is_present_and_clickable(self.locators.AuthorizedUserHomePageLocators.BUTTON_EXERCISES_RU)\npages/base_page.py:32: in element_is_present_and_clickable\n    return (Wait(self.driver, self.timeout).until(\n_ _ _ _ _ _ _ _ _ _ _ _ _ _ _ _ _ _ _ _ _ _ _ _ _ _ _ _ _ _ _ _ _ _ _ _ _ _ _ _ \n\nself = <selenium.webdriver.support.wait.WebDriverWait (session=\"3d2e59054221b3caf5ba59508fbb7844\")>\nmethod = <function visibility_of_element_located.<locals>._predicate at 0x7fd0f88b3b00>\nmessage = 'Can\\'t find element by locator (\\'xpath\\', \\'//a[text()=\"Упражнения\"]\\')'\n\n    def until(self, method, message: str = \"\"):\n        \"\"\"Calls the method provided with the driver as an argument until the \\\n        return value does not evaluate to ``False``.\n    \n        :param method: callable(WebDriver)\n        :param message: optional message for :exc:`TimeoutException`\n        :returns: the result of the last call to `method`\n        :raises: :exc:`selenium.common.exceptions.TimeoutException` if timeout occurs\n        \"\"\"\n        screen = None\n        stacktrace = None\n    \n        end_time = time.monotonic() + self._timeout\n        while True:\n            try:\n                value = method(self._driver)\n                if value:\n                    return value\n            except self._ignored_exceptions as exc:\n                screen = getattr(exc, \"screen\", None)\n                stacktrace = getattr(exc, \"stacktrace\", None)\n            time.sleep(self._poll)\n            if time.monotonic() > end_time:\n                break\n>       raise TimeoutException(message, screen, stacktrace)\nE       selenium.common.exceptions.TimeoutException: Message: Can't find element by locator ('xpath', '//a[text()=\"Упражнения\"]')\nE       Stacktrace:\nE       #0 0x55e8fa680d93 <unknown>\nE       #1 0x55e8fa364337 <unknown>\nE       #2 0x55e8fa3afd60 <unknown>\nE       #3 0x55e8fa3afe51 <unknown>\nE       #4 0x55e8fa3f3bc4 <unknown>\nE       #5 0x55e8fa3d246d <unknown>\nE       #6 0x55e8fa3f112d <unknown>\nE       #7 0x55e8fa3d21e3 <unknown>\nE       #8 0x55e8fa3a2135 <unknown>\nE       #9 0x55e8fa3a313e <unknown>\nE       #10 0x55e8fa644e4b <unknown>\nE       #11 0x55e8fa648dfa <unknown>\nE       #12 0x55e8fa6316d5 <unknown>\nE       #13 0x55e8fa649a6f <unknown>\nE       #14 0x55e8fa61569f <unknown>\nE       #15 0x55e8fa66e098 <unknown>\nE       #16 0x55e8fa66e262 <unknown>\nE       #17 0x55e8fa67ff34 <unknown>\nE       #18 0x7f6cb3e94ac3 <unknown>\n\n/opt/hostedtoolcache/Python/3.12.2/x64/lib/python3.12/site-packages/selenium/webdriver/support/wait.py:95: TimeoutException",
  "flaky" : false,
  "newFailed" : false,
  "beforeStages" : [ {
    "name" : "main_page_open",
    "time" : {
      "start" : 1708092122160,
      "stop" : 1708092125943,
      "duration" : 3783
    },
    "status" : "passed",
    "steps" : [ {
      "name" : "Open page: https://brainup.site/",
      "time" : {
        "start" : 1708092122161,
        "stop" : 1708092125943,
        "duration" : 3782
      },
      "status" : "passed",
      "steps" : [ ],
      "attachments" : [ ],
      "parameters" : [ {
        "name" : "driver",
        "value" : "<selenium.webdriver.chrome.webdriver.WebDriver (session=\"3d2e59054221b3caf5ba59508fbb7844\")>"
      } ],
      "attachmentsCount" : 0,
      "shouldDisplayMessage" : false,
      "stepsCount" : 0,
      "hasContent" : true
    } ],
    "attachments" : [ ],
    "parameters" : [ ],
    "attachmentsCount" : 0,
    "shouldDisplayMessage" : false,
    "stepsCount" : 1,
    "hasContent" : true
  }, {
    "name" : "driver",
    "time" : {
      "start" : 1708092121388,
      "stop" : 1708092122160,
      "duration" : 772
    },
    "status" : "passed",
    "steps" : [ ],
    "attachments" : [ ],
    "parameters" : [ ],
    "attachmentsCount" : 0,
    "shouldDisplayMessage" : false,
    "stepsCount" : 0,
    "hasContent" : false
  }, {
    "name" : "default_user_authorized",
    "time" : {
      "start" : 1708092125943,
      "stop" : 1708092128765,
      "duration" : 2822
    },
    "status" : "passed",
    "steps" : [ {
      "name" : "DEFAULT user authorized",
      "time" : {
        "start" : 1708092125943,
        "stop" : 1708092128765,
        "duration" : 2822
      },
      "status" : "passed",
      "steps" : [ {
        "name" : "Check element is visible and clickable: ('xpath', '//a[@id=\"ember11\"]')",
        "time" : {
          "start" : 1708092125943,
          "stop" : 1708092125980,
          "duration" : 37
        },
        "status" : "passed",
        "steps" : [ {
          "name" : "Check element is clickable",
          "time" : {
            "start" : 1708092125961,
            "stop" : 1708092125980,
            "duration" : 19
          },
          "status" : "passed",
          "steps" : [ {
            "name" : "Check element is clickable: ('xpath', '//a[@id=\"ember11\"]')",
            "time" : {
              "start" : 1708092125961,
              "stop" : 1708092125980,
              "duration" : 19
            },
            "status" : "passed",
            "steps" : [ ],
            "attachments" : [ ],
            "parameters" : [ ],
            "attachmentsCount" : 0,
            "shouldDisplayMessage" : false,
            "stepsCount" : 0,
            "hasContent" : false
          } ],
          "attachments" : [ ],
          "parameters" : [ {
            "name" : "locator",
            "value" : "('xpath', '//a[@id=\"ember11\"]')"
          } ],
          "attachmentsCount" : 0,
          "shouldDisplayMessage" : false,
          "stepsCount" : 1,
          "hasContent" : true
        } ],
        "attachments" : [ ],
        "parameters" : [ ],
        "attachmentsCount" : 0,
        "shouldDisplayMessage" : false,
        "stepsCount" : 2,
        "hasContent" : true
      }, {
        "name" : "Check element is visible: ('xpath', '//input[@id=\"login\"]')",
        "time" : {
          "start" : 1708092126028,
          "stop" : 1708092126054,
          "duration" : 26
        },
        "status" : "passed",
        "steps" : [ {
          "name" : "Check element is present: ('xpath', '//input[@id=\"login\"]')",
          "time" : {
            "start" : 1708092126028,
            "stop" : 1708092126039,
            "duration" : 11
          },
          "status" : "passed",
          "steps" : [ ],
          "attachments" : [ ],
          "parameters" : [ ],
          "attachmentsCount" : 0,
          "shouldDisplayMessage" : false,
          "stepsCount" : 0,
          "hasContent" : false
        }, {
          "name" : "Go to element: <selenium.webdriver.remote.webelement.WebElement (session=\"3d2e59054221b3caf5ba59508fbb7844\", element=\"33A984431FE1E154F24C80C76298D1FC_element_26\")>",
          "time" : {
            "start" : 1708092126039,
            "stop" : 1708092126043,
            "duration" : 4
          },
          "status" : "passed",
          "steps" : [ ],
          "attachments" : [ ],
          "parameters" : [ ],
          "attachmentsCount" : 0,
          "shouldDisplayMessage" : false,
          "stepsCount" : 0,
          "hasContent" : false
        } ],
        "attachments" : [ ],
        "parameters" : [ ],
        "attachmentsCount" : 0,
        "shouldDisplayMessage" : false,
        "stepsCount" : 2,
        "hasContent" : true
      }, {
        "name" : "Check element is visible: ('xpath', '//input[@id=\"password\"]')",
        "time" : {
          "start" : 1708092126109,
          "stop" : 1708092126137,
          "duration" : 28
        },
        "status" : "passed",
        "steps" : [ {
          "name" : "Check element is present: ('xpath', '//input[@id=\"password\"]')",
          "time" : {
            "start" : 1708092126109,
            "stop" : 1708092126119,
            "duration" : 10
          },
          "status" : "passed",
          "steps" : [ ],
          "attachments" : [ ],
          "parameters" : [ ],
          "attachmentsCount" : 0,
          "shouldDisplayMessage" : false,
          "stepsCount" : 0,
          "hasContent" : false
        }, {
          "name" : "Go to element: <selenium.webdriver.remote.webelement.WebElement (session=\"3d2e59054221b3caf5ba59508fbb7844\", element=\"33A984431FE1E154F24C80C76298D1FC_element_29\")>",
          "time" : {
            "start" : 1708092126119,
            "stop" : 1708092126124,
            "duration" : 5
          },
          "status" : "passed",
          "steps" : [ ],
          "attachments" : [ ],
          "parameters" : [ ],
          "attachmentsCount" : 0,
          "shouldDisplayMessage" : false,
          "stepsCount" : 0,
          "hasContent" : false
        } ],
        "attachments" : [ ],
        "parameters" : [ ],
        "attachmentsCount" : 0,
        "shouldDisplayMessage" : false,
        "stepsCount" : 2,
        "hasContent" : true
      }, {
        "name" : "Check element is visible and clickable: ('xpath', '//*[@type=\"submit\"]')",
        "time" : {
          "start" : 1708092126178,
          "stop" : 1708092126207,
          "duration" : 29
        },
        "status" : "passed",
        "steps" : [ {
          "name" : "Check element is clickable",
          "time" : {
            "start" : 1708092126192,
            "stop" : 1708092126207,
            "duration" : 15
          },
          "status" : "passed",
          "steps" : [ {
            "name" : "Check element is clickable: ('xpath', '//*[@type=\"submit\"]')",
            "time" : {
              "start" : 1708092126192,
              "stop" : 1708092126207,
              "duration" : 15
            },
            "status" : "passed",
            "steps" : [ ],
            "attachments" : [ ],
            "parameters" : [ ],
            "attachmentsCount" : 0,
            "shouldDisplayMessage" : false,
            "stepsCount" : 0,
            "hasContent" : false
          } ],
          "attachments" : [ ],
          "parameters" : [ {
            "name" : "locator",
            "value" : "('xpath', '//*[@type=\"submit\"]')"
          } ],
          "attachmentsCount" : 0,
          "shouldDisplayMessage" : false,
          "stepsCount" : 1,
          "hasContent" : true
        } ],
        "attachments" : [ ],
        "parameters" : [ ],
        "attachmentsCount" : 0,
        "shouldDisplayMessage" : false,
        "stepsCount" : 2,
        "hasContent" : true
      }, {
        "name" : "Check url is present: https://brainup.site/groups",
        "time" : {
          "start" : 1708092126243,
          "stop" : 1708092128765,
          "duration" : 2522
        },
        "status" : "passed",
        "steps" : [ ],
        "attachments" : [ ],
        "parameters" : [ ],
        "attachmentsCount" : 0,
        "shouldDisplayMessage" : false,
        "stepsCount" : 0,
        "hasContent" : false
      } ],
      "attachments" : [ ],
      "parameters" : [ {
        "name" : "driver",
        "value" : "<selenium.webdriver.chrome.webdriver.WebDriver (session=\"3d2e59054221b3caf5ba59508fbb7844\")>"
      }, {
        "name" : "main_page_open",
        "value" : "None"
      } ],
      "attachmentsCount" : 0,
      "shouldDisplayMessage" : false,
      "stepsCount" : 13,
      "hasContent" : true
    } ],
    "attachments" : [ ],
    "parameters" : [ ],
    "attachmentsCount" : 0,
    "shouldDisplayMessage" : false,
    "stepsCount" : 14,
    "hasContent" : true
  }, {
    "name" : "clear_allure_results_folder",
    "time" : {
      "start" : 1708091430215,
      "stop" : 1708091430216,
      "duration" : 1
    },
    "status" : "passed",
    "steps" : [ ],
    "attachments" : [ ],
    "parameters" : [ ],
    "attachmentsCount" : 0,
    "shouldDisplayMessage" : false,
    "stepsCount" : 0,
    "hasContent" : false
  } ],
  "testStage" : {
    "status" : "skipped",
    "statusMessage" : "XFAIL In CI the test failed in PR#156, PR#158, PR#159, the contributor team has been notified\n\nselenium.common.exceptions.TimeoutException: Message: Can't find element by locator ('xpath', '//a[text()=\"Упражнения\"]')\nStacktrace:\n#0 0x55e8fa680d93 <unknown>\n#1 0x55e8fa364337 <unknown>\n#2 0x55e8fa3afd60 <unknown>\n#3 0x55e8fa3afe51 <unknown>\n#4 0x55e8fa3f3bc4 <unknown>\n#5 0x55e8fa3d246d <unknown>\n#6 0x55e8fa3f112d <unknown>\n#7 0x55e8fa3d21e3 <unknown>\n#8 0x55e8fa3a2135 <unknown>\n#9 0x55e8fa3a313e <unknown>\n#10 0x55e8fa644e4b <unknown>\n#11 0x55e8fa648dfa <unknown>\n#12 0x55e8fa6316d5 <unknown>\n#13 0x55e8fa649a6f <unknown>\n#14 0x55e8fa61569f <unknown>\n#15 0x55e8fa66e098 <unknown>\n#16 0x55e8fa66e262 <unknown>\n#17 0x55e8fa67ff34 <unknown>\n#18 0x7f6cb3e94ac3 <unknown>",
    "statusTrace" : "self = <tests.test_speech_exercises_ru.TestCardsRU object at 0x7fd0f88cc0b0>\ndriver = <selenium.webdriver.chrome.webdriver.WebDriver (session=\"3d2e59054221b3caf5ba59508fbb7844\")>\ndefault_user_authorized = <pages.base_page.BasePage object at 0x7fd0f88c90d0>\n\n    @allure.suite('Слова.')\n    @pytest.mark.xfail(reason=\"In CI the test failed in PR#156, PR#158, PR#159, the contributor team has been notified\")\n    @allure.title('Solutions to a random task in the \"Слова\" group and comparison of statics.')\n    def test_solve_word_cards_ru(self, driver, default_user_authorized):\n        page = SpeechExercisesPageRU(driver)\n        table = page.get_statistic_data()\n        start_result = list(table[1].values())[5]\n>       page.click_button_exercises()\n\ntests/test_speech_exercises_ru.py:126: \n_ _ _ _ _ _ _ _ _ _ _ _ _ _ _ _ _ _ _ _ _ _ _ _ _ _ _ _ _ _ _ _ _ _ _ _ _ _ _ _ \npages/speech_exercises_page_ru.py:133: in click_button_exercises\n    button = self.element_is_present_and_clickable(self.locators.AuthorizedUserHomePageLocators.BUTTON_EXERCISES_RU)\npages/base_page.py:32: in element_is_present_and_clickable\n    return (Wait(self.driver, self.timeout).until(\n_ _ _ _ _ _ _ _ _ _ _ _ _ _ _ _ _ _ _ _ _ _ _ _ _ _ _ _ _ _ _ _ _ _ _ _ _ _ _ _ \n\nself = <selenium.webdriver.support.wait.WebDriverWait (session=\"3d2e59054221b3caf5ba59508fbb7844\")>\nmethod = <function visibility_of_element_located.<locals>._predicate at 0x7fd0f88b3b00>\nmessage = 'Can\\'t find element by locator (\\'xpath\\', \\'//a[text()=\"Упражнения\"]\\')'\n\n    def until(self, method, message: str = \"\"):\n        \"\"\"Calls the method provided with the driver as an argument until the \\\n        return value does not evaluate to ``False``.\n    \n        :param method: callable(WebDriver)\n        :param message: optional message for :exc:`TimeoutException`\n        :returns: the result of the last call to `method`\n        :raises: :exc:`selenium.common.exceptions.TimeoutException` if timeout occurs\n        \"\"\"\n        screen = None\n        stacktrace = None\n    \n        end_time = time.monotonic() + self._timeout\n        while True:\n            try:\n                value = method(self._driver)\n                if value:\n                    return value\n            except self._ignored_exceptions as exc:\n                screen = getattr(exc, \"screen\", None)\n                stacktrace = getattr(exc, \"stacktrace\", None)\n            time.sleep(self._poll)\n            if time.monotonic() > end_time:\n                break\n>       raise TimeoutException(message, screen, stacktrace)\nE       selenium.common.exceptions.TimeoutException: Message: Can't find element by locator ('xpath', '//a[text()=\"Упражнения\"]')\nE       Stacktrace:\nE       #0 0x55e8fa680d93 <unknown>\nE       #1 0x55e8fa364337 <unknown>\nE       #2 0x55e8fa3afd60 <unknown>\nE       #3 0x55e8fa3afe51 <unknown>\nE       #4 0x55e8fa3f3bc4 <unknown>\nE       #5 0x55e8fa3d246d <unknown>\nE       #6 0x55e8fa3f112d <unknown>\nE       #7 0x55e8fa3d21e3 <unknown>\nE       #8 0x55e8fa3a2135 <unknown>\nE       #9 0x55e8fa3a313e <unknown>\nE       #10 0x55e8fa644e4b <unknown>\nE       #11 0x55e8fa648dfa <unknown>\nE       #12 0x55e8fa6316d5 <unknown>\nE       #13 0x55e8fa649a6f <unknown>\nE       #14 0x55e8fa61569f <unknown>\nE       #15 0x55e8fa66e098 <unknown>\nE       #16 0x55e8fa66e262 <unknown>\nE       #17 0x55e8fa67ff34 <unknown>\nE       #18 0x7f6cb3e94ac3 <unknown>\n\n/opt/hostedtoolcache/Python/3.12.2/x64/lib/python3.12/site-packages/selenium/webdriver/support/wait.py:95: TimeoutException",
    "steps" : [ {
      "name" : "get_statistic_data",
      "time" : {
        "start" : 1708092128766,
        "stop" : 1708092130018,
        "duration" : 1252
      },
      "status" : "passed",
      "steps" : [ {
        "name" : "Click button \"Статистика\"\".",
        "time" : {
          "start" : 1708092128766,
          "stop" : 1708092128854,
          "duration" : 88
        },
        "status" : "passed",
        "steps" : [ {
          "name" : "Check element is visible and clickable: ('xpath', '//a[@href=\"/profile/statistics\"]')",
          "time" : {
            "start" : 1708092128766,
            "stop" : 1708092128801,
            "duration" : 35
          },
          "status" : "passed",
          "steps" : [ {
            "name" : "Check element is clickable",
            "time" : {
              "start" : 1708092128786,
              "stop" : 1708092128801,
              "duration" : 15
            },
            "status" : "passed",
            "steps" : [ {
              "name" : "Check element is clickable: ('xpath', '//a[@href=\"/profile/statistics\"]')",
              "time" : {
                "start" : 1708092128786,
                "stop" : 1708092128801,
                "duration" : 15
              },
              "status" : "passed",
              "steps" : [ ],
              "attachments" : [ ],
              "parameters" : [ ],
              "attachmentsCount" : 0,
              "shouldDisplayMessage" : false,
              "stepsCount" : 0,
              "hasContent" : false
            } ],
            "attachments" : [ ],
            "parameters" : [ {
              "name" : "locator",
              "value" : "('xpath', '//a[@href=\"/profile/statistics\"]')"
            } ],
            "attachmentsCount" : 0,
            "shouldDisplayMessage" : false,
            "stepsCount" : 1,
            "hasContent" : true
          } ],
          "attachments" : [ ],
          "parameters" : [ ],
          "attachmentsCount" : 0,
          "shouldDisplayMessage" : false,
          "stepsCount" : 2,
          "hasContent" : true
        } ],
        "attachments" : [ ],
        "parameters" : [ ],
        "attachmentsCount" : 0,
        "shouldDisplayMessage" : false,
        "stepsCount" : 3,
        "hasContent" : true
      }, {
        "name" : "Check statistic table is present and scroll to table",
        "time" : {
          "start" : 1708092128855,
          "stop" : 1708092129378,
          "duration" : 523
        },
        "status" : "passed",
        "steps" : [ {
          "name" : "Check element is present: ('xpath', '//div[@class=\"__51e19\"]')",
          "time" : {
            "start" : 1708092128855,
            "stop" : 1708092129375,
            "duration" : 520
          },
          "status" : "passed",
          "steps" : [ ],
          "attachments" : [ ],
          "parameters" : [ ],
          "attachmentsCount" : 0,
          "shouldDisplayMessage" : false,
          "stepsCount" : 0,
          "hasContent" : false
        }, {
          "name" : "Go to element: <selenium.webdriver.remote.webelement.WebElement (session=\"3d2e59054221b3caf5ba59508fbb7844\", element=\"33A984431FE1E154F24C80C76298D1FC_element_46\")>",
          "time" : {
            "start" : 1708092129375,
            "stop" : 1708092129378,
            "duration" : 3
          },
          "status" : "passed",
          "steps" : [ ],
          "attachments" : [ ],
          "parameters" : [ ],
          "attachmentsCount" : 0,
          "shouldDisplayMessage" : false,
          "stepsCount" : 0,
          "hasContent" : false
        } ],
        "attachments" : [ ],
        "parameters" : [ ],
        "attachmentsCount" : 0,
        "shouldDisplayMessage" : false,
        "stepsCount" : 2,
        "hasContent" : true
      }, {
        "name" : "Get data from the table.",
        "time" : {
          "start" : 1708092129378,
          "stop" : 1708092130018,
          "duration" : 640
        },
        "status" : "passed",
        "steps" : [ {
          "name" : "Check elements are present: ('xpath', '//tbody/tr')",
          "time" : {
            "start" : 1708092129378,
            "stop" : 1708092129892,
            "duration" : 514
          },
          "status" : "passed",
          "steps" : [ ],
          "attachments" : [ ],
          "parameters" : [ ],
          "attachmentsCount" : 0,
          "shouldDisplayMessage" : false,
          "stepsCount" : 0,
          "hasContent" : false
        }, {
          "name" : "Check elements are present: ('xpath', '//th[@class=\"px-4 py-2\"]')",
          "time" : {
            "start" : 1708092129892,
            "stop" : 1708092129900,
            "duration" : 8
          },
          "status" : "passed",
          "steps" : [ ],
          "attachments" : [ ],
          "parameters" : [ ],
          "attachmentsCount" : 0,
          "shouldDisplayMessage" : false,
          "stepsCount" : 0,
          "hasContent" : false
        }, {
          "name" : "Check element is present: ('xpath', '//tbody/tr[1]/td[1]')",
          "time" : {
            "start" : 1708092129938,
            "stop" : 1708092129947,
            "duration" : 9
          },
          "status" : "passed",
          "steps" : [ ],
          "attachments" : [ ],
          "parameters" : [ ],
          "attachmentsCount" : 0,
          "shouldDisplayMessage" : false,
          "stepsCount" : 0,
          "hasContent" : false
        }, {
          "name" : "Check element is present: ('xpath', '//tbody/tr[1]/td[2]')",
          "time" : {
            "start" : 1708092129952,
            "stop" : 1708092129960,
            "duration" : 8
          },
          "status" : "passed",
          "steps" : [ ],
          "attachments" : [ ],
          "parameters" : [ ],
          "attachmentsCount" : 0,
          "shouldDisplayMessage" : false,
          "stepsCount" : 0,
          "hasContent" : false
        }, {
          "name" : "Check element is present: ('xpath', '//tbody/tr[1]/td[3]')",
          "time" : {
            "start" : 1708092129965,
            "stop" : 1708092129973,
            "duration" : 8
          },
          "status" : "passed",
          "steps" : [ ],
          "attachments" : [ ],
          "parameters" : [ ],
          "attachmentsCount" : 0,
          "shouldDisplayMessage" : false,
          "stepsCount" : 0,
          "hasContent" : false
        }, {
          "name" : "Check element is present: ('xpath', '//tbody/tr[1]/td[4]')",
          "time" : {
            "start" : 1708092129978,
            "stop" : 1708092129986,
            "duration" : 8
          },
          "status" : "passed",
          "steps" : [ ],
          "attachments" : [ ],
          "parameters" : [ ],
          "attachmentsCount" : 0,
          "shouldDisplayMessage" : false,
          "stepsCount" : 0,
          "hasContent" : false
        }, {
          "name" : "Check element is present: ('xpath', '//tbody/tr[1]/td[5]')",
          "time" : {
            "start" : 1708092129991,
            "stop" : 1708092129999,
            "duration" : 8
          },
          "status" : "passed",
          "steps" : [ ],
          "attachments" : [ ],
          "parameters" : [ ],
          "attachmentsCount" : 0,
          "shouldDisplayMessage" : false,
          "stepsCount" : 0,
          "hasContent" : false
        }, {
          "name" : "Check element is present: ('xpath', '//tbody/tr[1]/td[6]')",
          "time" : {
            "start" : 1708092130005,
            "stop" : 1708092130012,
            "duration" : 7
          },
          "status" : "passed",
          "steps" : [ ],
          "attachments" : [ ],
          "parameters" : [ ],
          "attachmentsCount" : 0,
          "shouldDisplayMessage" : false,
          "stepsCount" : 0,
          "hasContent" : false
        } ],
        "attachments" : [ ],
        "parameters" : [ ],
        "attachmentsCount" : 0,
        "shouldDisplayMessage" : false,
        "stepsCount" : 8,
        "hasContent" : true
      }, {
        "name" : "Table data: {1: {'Series name': 'Слова', 'All done exercises': '6', 'Unique done exercises': '6', 'Repeated exercises': '0', 'Success exercises from first time': '6', 'Listen words count': '72'}}",
        "time" : {
          "start" : 1708092130018,
          "stop" : 1708092130018,
          "duration" : 0
        },
        "status" : "passed",
        "steps" : [ ],
        "attachments" : [ ],
        "parameters" : [ ],
        "attachmentsCount" : 0,
        "shouldDisplayMessage" : false,
        "stepsCount" : 0,
        "hasContent" : false
      } ],
      "attachments" : [ ],
      "parameters" : [ ],
      "attachmentsCount" : 0,
      "shouldDisplayMessage" : false,
      "stepsCount" : 17,
      "hasContent" : true
    }, {
      "name" : "Click button \"Упражнения\".",
      "time" : {
        "start" : 1708092130018,
        "stop" : 1708092150416,
        "duration" : 20398
      },
      "status" : "broken",
      "statusMessage" : "selenium.common.exceptions.TimeoutException: Message: Can't find element by locator ('xpath', '//a[text()=\"Упражнения\"]')\nStacktrace:\n#0 0x55e8fa680d93 <unknown>\n#1 0x55e8fa364337 <unknown>\n#2 0x55e8fa3afd60 <unknown>\n#3 0x55e8fa3afe51 <unknown>\n#4 0x55e8fa3f3bc4 <unknown>\n#5 0x55e8fa3d246d <unknown>\n#6 0x55e8fa3f112d <unknown>\n#7 0x55e8fa3d21e3 <unknown>\n#8 0x55e8fa3a2135 <unknown>\n#9 0x55e8fa3a313e <unknown>\n#10 0x55e8fa644e4b <unknown>\n#11 0x55e8fa648dfa <unknown>\n#12 0x55e8fa6316d5 <unknown>\n#13 0x55e8fa649a6f <unknown>\n#14 0x55e8fa61569f <unknown>\n#15 0x55e8fa66e098 <unknown>\n#16 0x55e8fa66e262 <unknown>\n#17 0x55e8fa67ff34 <unknown>\n#18 0x7f6cb3e94ac3 <unknown>\n\n",
      "statusTrace" : "  File \"/opt/hostedtoolcache/Python/3.12.2/x64/lib/python3.12/site-packages/allure_commons/_allure.py\", line 192, in impl\n    return func(*a, **kw)\n           ^^^^^^^^^^^^^^\n  File \"/home/runner/work/auto-tests-python/auto-tests-python/pages/speech_exercises_page_ru.py\", line 133, in click_button_exercises\n    button = self.element_is_present_and_clickable(self.locators.AuthorizedUserHomePageLocators.BUTTON_EXERCISES_RU)\n             ^^^^^^^^^^^^^^^^^^^^^^^^^^^^^^^^^^^^^^^^^^^^^^^^^^^^^^^^^^^^^^^^^^^^^^^^^^^^^^^^^^^^^^^^^^^^^^^^^^^^^^^\n  File \"/home/runner/work/auto-tests-python/auto-tests-python/pages/base_page.py\", line 32, in element_is_present_and_clickable\n    return (Wait(self.driver, self.timeout).until(\n            ^^^^^^^^^^^^^^^^^^^^^^^^^^^^^^^^^^^^^^\n  File \"/opt/hostedtoolcache/Python/3.12.2/x64/lib/python3.12/site-packages/selenium/webdriver/support/wait.py\", line 95, in until\n    raise TimeoutException(message, screen, stacktrace)\n",
      "steps" : [ {
        "name" : "Check element is visible and clickable: ('xpath', '//a[text()=\"Упражнения\"]')",
        "time" : {
          "start" : 1708092130018,
          "stop" : 1708092150416,
          "duration" : 20398
        },
        "status" : "broken",
        "statusMessage" : "selenium.common.exceptions.TimeoutException: Message: Can't find element by locator ('xpath', '//a[text()=\"Упражнения\"]')\nStacktrace:\n#0 0x55e8fa680d93 <unknown>\n#1 0x55e8fa364337 <unknown>\n#2 0x55e8fa3afd60 <unknown>\n#3 0x55e8fa3afe51 <unknown>\n#4 0x55e8fa3f3bc4 <unknown>\n#5 0x55e8fa3d246d <unknown>\n#6 0x55e8fa3f112d <unknown>\n#7 0x55e8fa3d21e3 <unknown>\n#8 0x55e8fa3a2135 <unknown>\n#9 0x55e8fa3a313e <unknown>\n#10 0x55e8fa644e4b <unknown>\n#11 0x55e8fa648dfa <unknown>\n#12 0x55e8fa6316d5 <unknown>\n#13 0x55e8fa649a6f <unknown>\n#14 0x55e8fa61569f <unknown>\n#15 0x55e8fa66e098 <unknown>\n#16 0x55e8fa66e262 <unknown>\n#17 0x55e8fa67ff34 <unknown>\n#18 0x7f6cb3e94ac3 <unknown>\n\n",
        "statusTrace" : "  File \"/home/runner/work/auto-tests-python/auto-tests-python/pages/base_page.py\", line 32, in element_is_present_and_clickable\n    return (Wait(self.driver, self.timeout).until(\n            ^^^^^^^^^^^^^^^^^^^^^^^^^^^^^^^^^^^^^^\n  File \"/opt/hostedtoolcache/Python/3.12.2/x64/lib/python3.12/site-packages/selenium/webdriver/support/wait.py\", line 95, in until\n    raise TimeoutException(message, screen, stacktrace)\n",
        "steps" : [ ],
        "attachments" : [ ],
        "parameters" : [ ],
        "attachmentsCount" : 0,
        "shouldDisplayMessage" : true,
        "stepsCount" : 0,
        "hasContent" : true
      } ],
      "attachments" : [ ],
      "parameters" : [ ],
      "attachmentsCount" : 0,
      "shouldDisplayMessage" : false,
      "stepsCount" : 1,
      "hasContent" : true
    } ],
    "attachments" : [ {
      "uid" : "ae3cd36ee8caab57",
      "name" : "Screenshot",
      "source" : "ae3cd36ee8caab57.png",
      "type" : "image/png",
      "size" : 81012
    }, {
      "uid" : "81208b07e0c916e4",
      "name" : "HTML source",
      "source" : "81208b07e0c916e4.html",
      "type" : "text/html",
      "size" : 55085
    } ],
    "parameters" : [ ],
    "attachmentsCount" : 2,
    "shouldDisplayMessage" : true,
    "stepsCount" : 20,
    "hasContent" : true
  },
  "afterStages" : [ {
    "name" : "driver::0",
    "time" : {
      "start" : 1708092150584,
      "stop" : 1708092150761,
      "duration" : 177
    },
    "status" : "passed",
    "steps" : [ ],
    "attachments" : [ {
      "uid" : "20e09406bb5d51e0",
      "name" : "Screenshot 2024-02-16 14:02:30.701542",
      "source" : "20e09406bb5d51e0.png",
      "type" : "image/png",
      "size" : 81012
    } ],
    "parameters" : [ ],
    "attachmentsCount" : 1,
    "shouldDisplayMessage" : false,
    "stepsCount" : 0,
    "hasContent" : true
  } ],
  "labels" : [ {
    "name" : "suite",
    "value" : "Слова."
  }, {
    "name" : "epic",
    "value" : "Речевые упражнения."
  }, {
    "name" : "tag",
    "value" : "@pytest.mark.xfail(reason='In CI the test failed in PR#156, PR#158, PR#159, the contributor team has been notified')"
  }, {
    "name" : "parentSuite",
    "value" : "tests"
  }, {
    "name" : "subSuite",
    "value" : "TestCardsRU"
  }, {
    "name" : "host",
    "value" : "fv-az1493-410"
  }, {
    "name" : "thread",
    "value" : "1837-MainThread"
  }, {
    "name" : "framework",
    "value" : "pytest"
  }, {
    "name" : "language",
    "value" : "cpython3"
  }, {
    "name" : "package",
    "value" : "tests.test_speech_exercises_ru"
  }, {
    "name" : "resultFormat",
    "value" : "allure2"
  } ],
  "parameters" : [ ],
  "links" : [ ],
  "hidden" : false,
  "retry" : false,
  "extra" : {
    "severity" : "normal",
    "retries" : [ ],
    "categories" : [ ],
    "history" : {
      "statistic" : {
        "failed" : 0,
        "broken" : 24,
        "skipped" : 2,
        "passed" : 5,
        "unknown" : 0,
        "total" : 31
      },
      "items" : [ {
        "uid" : "c6fd8c534e035eb8",
        "status" : "skipped",
        "statusDetails" : "XFAIL In CI the test failed in PR#156, PR#158, PR#159, the contributor team has been notified\n\nselenium.common.exceptions.TimeoutException: Message: Can't find element by locator ('xpath', '//a[text()=\"Упражнения\"]')\nStacktrace:\n#0 0x562742efad93 <unknown>\n#1 0x562742bde337 <unknown>\n#2 0x562742c29d60 <unknown>\n#3 0x562742c29e51 <unknown>\n#4 0x562742c6dbc4 <unknown>\n#5 0x562742c4c46d <unknown>\n#6 0x562742c6b12d <unknown>\n#7 0x562742c4c1e3 <unknown>\n#8 0x562742c1c135 <unknown>\n#9 0x562742c1d13e <unknown>\n#10 0x562742ebee4b <unknown>\n#11 0x562742ec2dfa <unknown>\n#12 0x562742eab6d5 <unknown>\n#13 0x562742ec3a6f <unknown>\n#14 0x562742e8f69f <unknown>\n#15 0x562742ee8098 <unknown>\n#16 0x562742ee8262 <unknown>\n#17 0x562742ef9f34 <unknown>\n#18 0x7fb96b894ac3 <unknown>",
        "time" : {
          "start" : 1708091279705,
          "stop" : 1708091301390,
          "duration" : 21685
        }
      }, {
        "uid" : "a9f17f68adf4eda9",
        "status" : "broken",
        "statusDetails" : "selenium.common.exceptions.TimeoutException: Message: Can't find element by locator ('xpath', '//a[text()=\"Упражнения\"]')\nStacktrace:\n#0 0x55d90f553d93 <unknown>\n#1 0x55d90f237337 <unknown>\n#2 0x55d90f282d60 <unknown>\n#3 0x55d90f282e51 <unknown>\n#4 0x55d90f2c6bc4 <unknown>\n#5 0x55d90f2a546d <unknown>\n#6 0x55d90f2c412d <unknown>\n#7 0x55d90f2a51e3 <unknown>\n#8 0x55d90f275135 <unknown>\n#9 0x55d90f27613e <unknown>\n#10 0x55d90f517e4b <unknown>\n#11 0x55d90f51bdfa <unknown>\n#12 0x55d90f5046d5 <unknown>\n#13 0x55d90f51ca6f <unknown>\n#14 0x55d90f4e869f <unknown>\n#15 0x55d90f541098 <unknown>\n#16 0x55d90f541262 <unknown>\n#17 0x55d90f552f34 <unknown>\n#18 0x7f39e6294ac3 <unknown>",
        "time" : {
          "start" : 1708087590730,
          "stop" : 1708087613519,
          "duration" : 22789
        }
      }, {
        "uid" : "1009112358c6fdf6",
        "status" : "broken",
        "statusDetails" : "selenium.common.exceptions.TimeoutException: Message: Can't find element by locator https://brainup.site/groups",
        "time" : {
          "start" : 1708085477236,
          "stop" : 1708085477236,
          "duration" : 0
        }
      }, {
        "uid" : "fbf0767ed420dee9",
        "status" : "broken",
        "statusDetails" : "selenium.common.exceptions.StaleElementReferenceException: Message: stale element reference: stale element not found\n  (Session info: chrome-headless-shell=121.0.6167.160); For documentation on this error, please visit: https://www.selenium.dev/documentation/webdriver/troubleshooting/errors#stale-element-reference-exception\nStacktrace:\n#0 0x5568fa9b3d93 <unknown>\n#1 0x5568fa697337 <unknown>\n#2 0x5568fa69c69a <unknown>\n#3 0x5568fa69e96f <unknown>\n#4 0x5568fa69ea1c <unknown>\n#5 0x5568fa6dd0d2 <unknown>\n#6 0x5568fa705442 <unknown>\n#7 0x5568fa6d7028 <unknown>\n#8 0x5568fa70560e <unknown>\n#9 0x5568fa72412d <unknown>\n#10 0x5568fa7051e3 <unknown>\n#11 0x5568fa6d5135 <unknown>\n#12 0x5568fa6d613e <unknown>\n#13 0x5568fa977e4b <unknown>\n#14 0x5568fa97bdfa <unknown>\n#15 0x5568fa9646d5 <unknown>\n#16 0x5568fa97ca6f <unknown>\n#17 0x5568fa94869f <unknown>\n#18 0x5568fa9a1098 <unknown>\n#19 0x5568fa9a1262 <unknown>\n#20 0x5568fa9b2f34 <unknown>\n#21 0x7f9b20294ac3 <unknown>",
        "time" : {
          "start" : 1708036561159,
          "stop" : 1708036563072,
          "duration" : 1913
        }
      }, {
        "uid" : "e56210d379ec95ae",
        "status" : "broken",
        "statusDetails" : "selenium.common.exceptions.TimeoutException: Message: Can't find element by locator ('xpath', '//a[text()=\"Упражнения\"]')\nStacktrace:\n#0 0x55a420591d93 <unknown>\n#1 0x55a420275337 <unknown>\n#2 0x55a4202c0d60 <unknown>\n#3 0x55a4202c0e51 <unknown>\n#4 0x55a420304bc4 <unknown>\n#5 0x55a4202e346d <unknown>\n#6 0x55a42030212d <unknown>\n#7 0x55a4202e31e3 <unknown>\n#8 0x55a4202b3135 <unknown>\n#9 0x55a4202b413e <unknown>\n#10 0x55a420555e4b <unknown>\n#11 0x55a420559dfa <unknown>\n#12 0x55a4205426d5 <unknown>\n#13 0x55a42055aa6f <unknown>\n#14 0x55a42052669f <unknown>\n#15 0x55a42057f098 <unknown>\n#16 0x55a42057f262 <unknown>\n#17 0x55a420590f34 <unknown>\n#18 0x7f10cb694ac3 <unknown>",
        "time" : {
          "start" : 1708025293961,
          "stop" : 1708025316701,
          "duration" : 22740
        }
      }, {
        "uid" : "8ce8bbcd36d5575",
        "status" : "broken",
        "statusDetails" : "selenium.common.exceptions.TimeoutException: Message: Can't find element by locator ('xpath', '//a[text()=\"Упражнения\"]')\nStacktrace:\n#0 0x555d2e176d93 <unknown>\n#1 0x555d2de5a337 <unknown>\n#2 0x555d2dea5d60 <unknown>\n#3 0x555d2dea5e51 <unknown>\n#4 0x555d2dee9bc4 <unknown>\n#5 0x555d2dec846d <unknown>\n#6 0x555d2dee712d <unknown>\n#7 0x555d2dec81e3 <unknown>\n#8 0x555d2de98135 <unknown>\n#9 0x555d2de9913e <unknown>\n#10 0x555d2e13ae4b <unknown>\n#11 0x555d2e13edfa <unknown>\n#12 0x555d2e1276d5 <unknown>\n#13 0x555d2e13fa6f <unknown>\n#14 0x555d2e10b69f <unknown>\n#15 0x555d2e164098 <unknown>\n#16 0x555d2e164262 <unknown>\n#17 0x555d2e175f34 <unknown>\n#18 0x7fe624c94ac3 <unknown>",
        "time" : {
          "start" : 1708011217635,
          "stop" : 1708011246916,
          "duration" : 29281
        }
      }, {
        "uid" : "558869ecab6f355c",
        "status" : "broken",
        "statusDetails" : "selenium.common.exceptions.StaleElementReferenceException: Message: stale element reference: stale element not found\n  (Session info: chrome-headless-shell=121.0.6167.160); For documentation on this error, please visit: https://www.selenium.dev/documentation/webdriver/troubleshooting/errors#stale-element-reference-exception\nStacktrace:\n#0 0x55e5aec8ed93 <unknown>\n#1 0x55e5ae972337 <unknown>\n#2 0x55e5ae97769a <unknown>\n#3 0x55e5ae97996f <unknown>\n#4 0x55e5ae979a1c <unknown>\n#5 0x55e5ae9b80d2 <unknown>\n#6 0x55e5ae9e0442 <unknown>\n#7 0x55e5ae9b2028 <unknown>\n#8 0x55e5ae9e060e <unknown>\n#9 0x55e5ae9ff12d <unknown>\n#10 0x55e5ae9e01e3 <unknown>\n#11 0x55e5ae9b0135 <unknown>\n#12 0x55e5ae9b113e <unknown>\n#13 0x55e5aec52e4b <unknown>\n#14 0x55e5aec56dfa <unknown>\n#15 0x55e5aec3f6d5 <unknown>\n#16 0x55e5aec57a6f <unknown>\n#17 0x55e5aec2369f <unknown>\n#18 0x55e5aec7c098 <unknown>\n#19 0x55e5aec7c262 <unknown>\n#20 0x55e5aec8df34 <unknown>\n#21 0x7fe16ce94ac3 <unknown>",
        "time" : {
          "start" : 1708009872507,
          "stop" : 1708009877822,
          "duration" : 5315
        }
      }, {
        "uid" : "3c20159c71c90977",
        "status" : "broken",
        "statusDetails" : "selenium.common.exceptions.TimeoutException: Message: Can't find element by locator https://brainup.site/groups",
        "time" : {
          "start" : 1707996026654,
          "stop" : 1707996026654,
          "duration" : 0
        }
      }, {
        "uid" : "86e92cfc0d91b079",
        "status" : "broken",
        "statusDetails" : "selenium.common.exceptions.TimeoutException: Message: Can't find element by locator ('xpath', '//a[text()=\"Упражнения\"]')\nStacktrace:\n#0 0x564dd8854d93 <unknown>\n#1 0x564dd8538337 <unknown>\n#2 0x564dd8583d60 <unknown>\n#3 0x564dd8583e51 <unknown>\n#4 0x564dd85c7bc4 <unknown>\n#5 0x564dd85a646d <unknown>\n#6 0x564dd85c512d <unknown>\n#7 0x564dd85a61e3 <unknown>\n#8 0x564dd8576135 <unknown>\n#9 0x564dd857713e <unknown>\n#10 0x564dd8818e4b <unknown>\n#11 0x564dd881cdfa <unknown>\n#12 0x564dd88056d5 <unknown>\n#13 0x564dd881da6f <unknown>\n#14 0x564dd87e969f <unknown>\n#15 0x564dd8842098 <unknown>\n#16 0x564dd8842262 <unknown>\n#17 0x564dd8853f34 <unknown>\n#18 0x7f2d99894ac3 <unknown>",
        "time" : {
          "start" : 1707994924236,
          "stop" : 1707994946454,
          "duration" : 22218
        }
      }, {
        "uid" : "3d4afc10dee3363",
        "status" : "broken",
        "statusDetails" : "selenium.common.exceptions.TimeoutException: Message: Can't find element by locator ('xpath', '//a[text()=\"Упражнения\"]')\nStacktrace:\n#0 0x561530fc6d93 <unknown>\n#1 0x561530caa337 <unknown>\n#2 0x561530cf5d60 <unknown>\n#3 0x561530cf5e51 <unknown>\n#4 0x561530d39bc4 <unknown>\n#5 0x561530d1846d <unknown>\n#6 0x561530d3712d <unknown>\n#7 0x561530d181e3 <unknown>\n#8 0x561530ce8135 <unknown>\n#9 0x561530ce913e <unknown>\n#10 0x561530f8ae4b <unknown>\n#11 0x561530f8edfa <unknown>\n#12 0x561530f776d5 <unknown>\n#13 0x561530f8fa6f <unknown>\n#14 0x561530f5b69f <unknown>\n#15 0x561530fb4098 <unknown>\n#16 0x561530fb4262 <unknown>\n#17 0x561530fc5f34 <unknown>\n#18 0x7fe1d6894ac3 <unknown>",
        "time" : {
          "start" : 1707990829100,
          "stop" : 1707990851852,
          "duration" : 22752
        }
      }, {
        "uid" : "afb1ee2ca783b62",
        "status" : "broken",
        "statusDetails" : "selenium.common.exceptions.TimeoutException: Message: Can't find element by locator ('xpath', '//a[text()=\"Упражнения\"]')\nStacktrace:\n#0 0x55d835b57d93 <unknown>\n#1 0x55d83583b337 <unknown>\n#2 0x55d835886d60 <unknown>\n#3 0x55d835886e51 <unknown>\n#4 0x55d8358cabc4 <unknown>\n#5 0x55d8358a946d <unknown>\n#6 0x55d8358c812d <unknown>\n#7 0x55d8358a91e3 <unknown>\n#8 0x55d835879135 <unknown>\n#9 0x55d83587a13e <unknown>\n#10 0x55d835b1be4b <unknown>\n#11 0x55d835b1fdfa <unknown>\n#12 0x55d835b086d5 <unknown>\n#13 0x55d835b20a6f <unknown>\n#14 0x55d835aec69f <unknown>\n#15 0x55d835b45098 <unknown>\n#16 0x55d835b45262 <unknown>\n#17 0x55d835b56f34 <unknown>\n#18 0x7eff24694ac3 <unknown>",
        "time" : {
          "start" : 1707983545789,
          "stop" : 1707983568955,
          "duration" : 23166
        }
      }, {
        "uid" : "e0e36239c41ad9",
        "status" : "broken",
        "statusDetails" : "selenium.common.exceptions.StaleElementReferenceException: Message: stale element reference: stale element not found\n  (Session info: chrome-headless-shell=121.0.6167.160); For documentation on this error, please visit: https://www.selenium.dev/documentation/webdriver/troubleshooting/errors#stale-element-reference-exception\nStacktrace:\n#0 0x5590f3b5dd93 <unknown>\n#1 0x5590f3841337 <unknown>\n#2 0x5590f384669a <unknown>\n#3 0x5590f384896f <unknown>\n#4 0x5590f3848a1c <unknown>\n#5 0x5590f38870d2 <unknown>\n#6 0x5590f38af442 <unknown>\n#7 0x5590f3881028 <unknown>\n#8 0x5590f38af60e <unknown>\n#9 0x5590f38ce12d <unknown>\n#10 0x5590f38af1e3 <unknown>\n#11 0x5590f387f135 <unknown>\n#12 0x5590f388013e <unknown>\n#13 0x5590f3b21e4b <unknown>\n#14 0x5590f3b25dfa <unknown>\n#15 0x5590f3b0e6d5 <unknown>\n#16 0x5590f3b26a6f <unknown>\n#17 0x5590f3af269f <unknown>\n#18 0x5590f3b4b098 <unknown>\n#19 0x5590f3b4b262 <unknown>\n#20 0x5590f3b5cf34 <unknown>\n#21 0x7faf06694ac3 <unknown>",
        "time" : {
          "start" : 1707971553439,
          "stop" : 1707971556842,
          "duration" : 3403
        }
      }, {
        "uid" : "a97c1b3778d33cb",
        "status" : "broken",
        "statusDetails" : "selenium.common.exceptions.TimeoutException: Message: Can't find element by locator ('xpath', '//a[text()=\"Упражнения\"]')\nStacktrace:\n#0 0x55eeb4e80d93 <unknown>\n#1 0x55eeb4b64337 <unknown>\n#2 0x55eeb4bafd60 <unknown>\n#3 0x55eeb4bafe51 <unknown>\n#4 0x55eeb4bf3bc4 <unknown>\n#5 0x55eeb4bd246d <unknown>\n#6 0x55eeb4bf112d <unknown>\n#7 0x55eeb4bd21e3 <unknown>\n#8 0x55eeb4ba2135 <unknown>\n#9 0x55eeb4ba313e <unknown>\n#10 0x55eeb4e44e4b <unknown>\n#11 0x55eeb4e48dfa <unknown>\n#12 0x55eeb4e316d5 <unknown>\n#13 0x55eeb4e49a6f <unknown>\n#14 0x55eeb4e1569f <unknown>\n#15 0x55eeb4e6e098 <unknown>\n#16 0x55eeb4e6e262 <unknown>\n#17 0x55eeb4e7ff34 <unknown>\n#18 0x7fa3f4e94ac3 <unknown>",
        "time" : {
          "start" : 1707924608948,
          "stop" : 1707924630629,
          "duration" : 21681
        }
      }, {
        "uid" : "2ca62d30af427302",
        "status" : "broken",
        "statusDetails" : "selenium.common.exceptions.TimeoutException: Message: Can't find element by locator ('xpath', '//a[text()=\"Упражнения\"]')\nStacktrace:\n#0 0x5581bcdbbd93 <unknown>\n#1 0x5581bca9f337 <unknown>\n#2 0x5581bcaead60 <unknown>\n#3 0x5581bcaeae51 <unknown>\n#4 0x5581bcb2ebc4 <unknown>\n#5 0x5581bcb0d46d <unknown>\n#6 0x5581bcb2c12d <unknown>\n#7 0x5581bcb0d1e3 <unknown>\n#8 0x5581bcadd135 <unknown>\n#9 0x5581bcade13e <unknown>\n#10 0x5581bcd7fe4b <unknown>\n#11 0x5581bcd83dfa <unknown>\n#12 0x5581bcd6c6d5 <unknown>\n#13 0x5581bcd84a6f <unknown>\n#14 0x5581bcd5069f <unknown>\n#15 0x5581bcda9098 <unknown>\n#16 0x5581bcda9262 <unknown>\n#17 0x5581bcdbaf34 <unknown>\n#18 0x7f891f494ac3 <unknown>",
        "time" : {
          "start" : 1707923434343,
          "stop" : 1707923456596,
          "duration" : 22253
        }
      }, {
        "uid" : "603e741d9dd2b829",
        "status" : "broken",
        "statusDetails" : "selenium.common.exceptions.TimeoutException: Message: Can't find element by locator ('id', '#ember6')\nStacktrace:\n#0 0x555ecd536d93 <unknown>\n#1 0x555ecd21a337 <unknown>\n#2 0x555ecd265d60 <unknown>\n#3 0x555ecd265e51 <unknown>\n#4 0x555ecd2a9bc4 <unknown>\n#5 0x555ecd28846d <unknown>\n#6 0x555ecd2a712d <unknown>\n#7 0x555ecd2881e3 <unknown>\n#8 0x555ecd258135 <unknown>\n#9 0x555ecd25913e <unknown>\n#10 0x555ecd4fae4b <unknown>\n#11 0x555ecd4fedfa <unknown>\n#12 0x555ecd4e76d5 <unknown>\n#13 0x555ecd4ffa6f <unknown>\n#14 0x555ecd4cb69f <unknown>\n#15 0x555ecd524098 <unknown>\n#16 0x555ecd524262 <unknown>\n#17 0x555ecd535f34 <unknown>\n#18 0x7f3752694ac3 <unknown>",
        "time" : {
          "start" : 1707922201449,
          "stop" : 1707922221498,
          "duration" : 20049
        }
      }, {
        "uid" : "8a02f670846a5774",
        "status" : "broken",
        "statusDetails" : "selenium.common.exceptions.TimeoutException: Message: Can't find element by locator ('id', '#ember6')\nStacktrace:\n#0 0x5607499e0d93 <unknown>\n#1 0x5607496c4337 <unknown>\n#2 0x56074970fd60 <unknown>\n#3 0x56074970fe51 <unknown>\n#4 0x560749753bc4 <unknown>\n#5 0x56074973246d <unknown>\n#6 0x56074975112d <unknown>\n#7 0x5607497321e3 <unknown>\n#8 0x560749702135 <unknown>\n#9 0x56074970313e <unknown>\n#10 0x5607499a4e4b <unknown>\n#11 0x5607499a8dfa <unknown>\n#12 0x5607499916d5 <unknown>\n#13 0x5607499a9a6f <unknown>\n#14 0x56074997569f <unknown>\n#15 0x5607499ce098 <unknown>\n#16 0x5607499ce262 <unknown>\n#17 0x5607499dff34 <unknown>\n#18 0x7f8a2b694ac3 <unknown>",
        "time" : {
          "start" : 1707907993837,
          "stop" : 1707908014199,
          "duration" : 20362
        }
      }, {
        "uid" : "65cfeda0a6ffdd3e",
        "status" : "broken",
        "statusDetails" : "selenium.common.exceptions.TimeoutException: Message: Can't find element by locator ('id', '#ember6')\nStacktrace:\n#0 0x56080446cd93 <unknown>\n#1 0x560804150337 <unknown>\n#2 0x56080419bd60 <unknown>\n#3 0x56080419be51 <unknown>\n#4 0x5608041dfbc4 <unknown>\n#5 0x5608041be46d <unknown>\n#6 0x5608041dd12d <unknown>\n#7 0x5608041be1e3 <unknown>\n#8 0x56080418e135 <unknown>\n#9 0x56080418f13e <unknown>\n#10 0x560804430e4b <unknown>\n#11 0x560804434dfa <unknown>\n#12 0x56080441d6d5 <unknown>\n#13 0x560804435a6f <unknown>\n#14 0x56080440169f <unknown>\n#15 0x56080445a098 <unknown>\n#16 0x56080445a262 <unknown>\n#17 0x56080446bf34 <unknown>\n#18 0x7f8b14494ac3 <unknown>",
        "time" : {
          "start" : 1707905568772,
          "stop" : 1707905589139,
          "duration" : 20367
        }
      }, {
        "uid" : "295b240aa65cd6c7",
        "status" : "broken",
        "statusDetails" : "selenium.common.exceptions.TimeoutException: Message: Can't find element by locator ('id', '#ember6')\nStacktrace:\n#0 0x555a64498d93 <unknown>\n#1 0x555a6417c337 <unknown>\n#2 0x555a641c7d60 <unknown>\n#3 0x555a641c7e51 <unknown>\n#4 0x555a6420bbc4 <unknown>\n#5 0x555a641ea46d <unknown>\n#6 0x555a6420912d <unknown>\n#7 0x555a641ea1e3 <unknown>\n#8 0x555a641ba135 <unknown>\n#9 0x555a641bb13e <unknown>\n#10 0x555a6445ce4b <unknown>\n#11 0x555a64460dfa <unknown>\n#12 0x555a644496d5 <unknown>\n#13 0x555a64461a6f <unknown>\n#14 0x555a6442d69f <unknown>\n#15 0x555a64486098 <unknown>\n#16 0x555a64486262 <unknown>\n#17 0x555a64497f34 <unknown>\n#18 0x7f9ac5094ac3 <unknown>",
        "time" : {
          "start" : 1707904546770,
          "stop" : 1707904566818,
          "duration" : 20048
        }
      }, {
        "uid" : "9987865623867dcc",
        "status" : "broken",
        "statusDetails" : "selenium.common.exceptions.TimeoutException: Message: Can't find element by locator ('id', '#ember6')\nStacktrace:\n#0 0x558aa9543d93 <unknown>\n#1 0x558aa9227337 <unknown>\n#2 0x558aa9272d60 <unknown>\n#3 0x558aa9272e51 <unknown>\n#4 0x558aa92b6bc4 <unknown>\n#5 0x558aa929546d <unknown>\n#6 0x558aa92b412d <unknown>\n#7 0x558aa92951e3 <unknown>\n#8 0x558aa9265135 <unknown>\n#9 0x558aa926613e <unknown>\n#10 0x558aa9507e4b <unknown>\n#11 0x558aa950bdfa <unknown>\n#12 0x558aa94f46d5 <unknown>\n#13 0x558aa950ca6f <unknown>\n#14 0x558aa94d869f <unknown>\n#15 0x558aa9531098 <unknown>\n#16 0x558aa9531262 <unknown>\n#17 0x558aa9542f34 <unknown>\n#18 0x7fd44ca94ac3 <unknown>",
        "time" : {
          "start" : 1707903472407,
          "stop" : 1707903492498,
          "duration" : 20091
        }
      }, {
        "uid" : "f3f302138d58003f",
        "status" : "broken",
        "statusDetails" : "selenium.common.exceptions.TimeoutException: Message: Can't find element by locator ('xpath', '//a[text()=\"Упражнения\"]')\nStacktrace:\n#0 0x55e92db5ed93 <unknown>\n#1 0x55e92d842337 <unknown>\n#2 0x55e92d88dd60 <unknown>\n#3 0x55e92d88de51 <unknown>\n#4 0x55e92d8d1bc4 <unknown>\n#5 0x55e92d8b046d <unknown>\n#6 0x55e92d8cf12d <unknown>\n#7 0x55e92d8b01e3 <unknown>\n#8 0x55e92d880135 <unknown>\n#9 0x55e92d88113e <unknown>\n#10 0x55e92db22e4b <unknown>\n#11 0x55e92db26dfa <unknown>\n#12 0x55e92db0f6d5 <unknown>\n#13 0x55e92db27a6f <unknown>\n#14 0x55e92daf369f <unknown>\n#15 0x55e92db4c098 <unknown>\n#16 0x55e92db4c262 <unknown>\n#17 0x55e92db5df34 <unknown>\n#18 0x7f9c62094ac3 <unknown>",
        "time" : {
          "start" : 1707903293977,
          "stop" : 1707903318246,
          "duration" : 24269
        }
      } ]
    },
    "tags" : [ "@pytest.mark.xfail(reason='In CI the test failed in PR#156, PR#158, PR#159, the contributor team has been notified')" ]
  },
  "source" : "63362aa380163e7c.json",
  "parameterValues" : [ ]
}