{
  "uid" : "6aefa84af5937ddb",
  "name" : "Verify presence and visibility of the section with the 'Flora' link on the page",
  "fullName" : "tests.used_resources_page_test.TestUsedResourcesPageForAuthorizedUser#test_ur_01_14_verify_section_of_flora_link",
  "historyId" : "bca49e9da75608cd2aabd5423f973903",
  "time" : {
    "start" : 1713007820256,
    "stop" : 1713007820256,
    "duration" : 0
  },
  "status" : "broken",
  "statusMessage" : "selenium.common.exceptions.TimeoutException: Message: Can't find element by locator https://brainup.site/groups",
  "statusTrace" : "self = <pages.base_page.BasePage object at 0x7ff83688e090>\nurl = 'https://brainup.site/groups'\n\n    def check_expected_link(self, url):\n        with allure.step(f'Check url is present: {url}'):\n            try:\n>               return Wait(self.driver, self.timeout).until(\n                    ec.url_to_be(url), message=f\"Can't find element by locator {url}\")\n\npages/base_page.py:76: \n_ _ _ _ _ _ _ _ _ _ _ _ _ _ _ _ _ _ _ _ _ _ _ _ _ _ _ _ _ _ _ _ _ _ _ _ _ _ _ _ \n\nself = <selenium.webdriver.support.wait.WebDriverWait (session=\"d7b40cbc71ca619a02ce0f393a161035\")>\nmethod = <function url_to_be.<locals>._predicate at 0x7ff83695a160>\nmessage = \"Can't find element by locator https://brainup.site/groups\"\n\n    def until(self, method, message: str = \"\"):\n        \"\"\"Calls the method provided with the driver as an argument until the \\\n        return value does not evaluate to ``False``.\n    \n        :param method: callable(WebDriver)\n        :param message: optional message for :exc:`TimeoutException`\n        :returns: the result of the last call to `method`\n        :raises: :exc:`selenium.common.exceptions.TimeoutException` if timeout occurs\n        \"\"\"\n        screen = None\n        stacktrace = None\n    \n        end_time = time.monotonic() + self._timeout\n        while True:\n            try:\n                value = method(self._driver)\n                if value:\n                    return value\n            except self._ignored_exceptions as exc:\n                screen = getattr(exc, \"screen\", None)\n                stacktrace = getattr(exc, \"stacktrace\", None)\n            time.sleep(self._poll)\n            if time.monotonic() > end_time:\n                break\n>       raise TimeoutException(message, screen, stacktrace)\nE       selenium.common.exceptions.TimeoutException: Message: Can't find element by locator https://brainup.site/groups\n\n/opt/hostedtoolcache/Python/3.12.2/x64/lib/python3.12/site-packages/selenium/webdriver/support/wait.py:95: TimeoutException\n\nDuring handling of the above exception, another exception occurred:\n\ndriver = <selenium.webdriver.chrome.webdriver.WebDriver (session=\"d7b40cbc71ca619a02ce0f393a161035\")>\nmain_page_open = None\n\n    @pytest.fixture()\n    @allure.step('Auto test user authorized')\n    def auto_test_user_authorized(driver, main_page_open):\n        page = BasePage(driver)\n        page.element_is_present_and_clickable(MainPageLocators.LOGIN_BUTTON).click()\n        page.element_is_visible(LoginPageLocators.INPUT_LOGIN).send_keys(os.environ[\"LOGIN\"])\n        page.element_is_visible(LoginPageLocators.INPUT_PASSWORD).send_keys(os.environ[\"PASSWORD\"])\n        page.element_is_present_and_clickable(LoginPageLocators.SIGN_IN_BUTTON).click()\n>       page.check_expected_link(MainPageLinks.URL_GROUPS_PAGE)\n\ntests/conftest.py:46: \n_ _ _ _ _ _ _ _ _ _ _ _ _ _ _ _ _ _ _ _ _ _ _ _ _ _ _ _ _ _ _ _ _ _ _ _ _ _ _ _ \npages/base_page.py:80: in check_expected_link\n    return Wait(self.driver, self.timeout).until(\n_ _ _ _ _ _ _ _ _ _ _ _ _ _ _ _ _ _ _ _ _ _ _ _ _ _ _ _ _ _ _ _ _ _ _ _ _ _ _ _ \n\nself = <selenium.webdriver.support.wait.WebDriverWait (session=\"d7b40cbc71ca619a02ce0f393a161035\")>\nmethod = <function url_to_be.<locals>._predicate at 0x7ff836959440>\nmessage = \"Can't find element by locator https://brainup.site/groups\"\n\n    def until(self, method, message: str = \"\"):\n        \"\"\"Calls the method provided with the driver as an argument until the \\\n        return value does not evaluate to ``False``.\n    \n        :param method: callable(WebDriver)\n        :param message: optional message for :exc:`TimeoutException`\n        :returns: the result of the last call to `method`\n        :raises: :exc:`selenium.common.exceptions.TimeoutException` if timeout occurs\n        \"\"\"\n        screen = None\n        stacktrace = None\n    \n        end_time = time.monotonic() + self._timeout\n        while True:\n            try:\n                value = method(self._driver)\n                if value:\n                    return value\n            except self._ignored_exceptions as exc:\n                screen = getattr(exc, \"screen\", None)\n                stacktrace = getattr(exc, \"stacktrace\", None)\n            time.sleep(self._poll)\n            if time.monotonic() > end_time:\n                break\n>       raise TimeoutException(message, screen, stacktrace)\nE       selenium.common.exceptions.TimeoutException: Message: Can't find element by locator https://brainup.site/groups\n\n/opt/hostedtoolcache/Python/3.12.2/x64/lib/python3.12/site-packages/selenium/webdriver/support/wait.py:95: TimeoutException",
  "flaky" : false,
  "newFailed" : false,
  "beforeStages" : [ {
    "name" : "main_page_open",
    "time" : {
      "start" : 1713007821028,
      "stop" : 1713007824248,
      "duration" : 3220
    },
    "status" : "passed",
    "steps" : [ {
      "name" : "Open page: https://brainup.site/",
      "time" : {
        "start" : 1713007821028,
        "stop" : 1713007824248,
        "duration" : 3220
      },
      "status" : "passed",
      "steps" : [ ],
      "attachments" : [ ],
      "parameters" : [ {
        "name" : "driver",
        "value" : "<selenium.webdriver.chrome.webdriver.WebDriver (session=\"d7b40cbc71ca619a02ce0f393a161035\")>"
      } ],
      "attachmentsCount" : 0,
      "shouldDisplayMessage" : false,
      "stepsCount" : 0,
      "hasContent" : true
    } ],
    "attachments" : [ ],
    "parameters" : [ ],
    "attachmentsCount" : 0,
    "shouldDisplayMessage" : false,
    "stepsCount" : 1,
    "hasContent" : true
  }, {
    "name" : "clear_allure_results_folder",
    "time" : {
      "start" : 1713006746084,
      "stop" : 1713006746084,
      "duration" : 0
    },
    "status" : "passed",
    "steps" : [ ],
    "attachments" : [ ],
    "parameters" : [ ],
    "attachmentsCount" : 0,
    "shouldDisplayMessage" : false,
    "stepsCount" : 0,
    "hasContent" : false
  }, {
    "name" : "auto_test_user_authorized",
    "time" : {
      "start" : 1713007824248,
      "stop" : 1713007864820,
      "duration" : 40572
    },
    "status" : "broken",
    "statusMessage" : "selenium.common.exceptions.TimeoutException: Message: Can't find element by locator https://brainup.site/groups\n\n",
    "statusTrace" : "  File \"/opt/hostedtoolcache/Python/3.12.2/x64/lib/python3.12/site-packages/pluggy/_callers.py\", line 102, in _multicall\n    res = hook_impl.function(*args)\n          ^^^^^^^^^^^^^^^^^^^^^^^^^\n  File \"/opt/hostedtoolcache/Python/3.12.2/x64/lib/python3.12/site-packages/_pytest/fixtures.py\", line 1123, in pytest_fixture_setup\n    result = call_fixture_func(fixturefunc, request, kwargs)\n             ^^^^^^^^^^^^^^^^^^^^^^^^^^^^^^^^^^^^^^^^^^^^^^^\n  File \"/opt/hostedtoolcache/Python/3.12.2/x64/lib/python3.12/site-packages/_pytest/fixtures.py\", line 902, in call_fixture_func\n    fixture_result = fixturefunc(**kwargs)\n                     ^^^^^^^^^^^^^^^^^^^^^\n  File \"/opt/hostedtoolcache/Python/3.12.2/x64/lib/python3.12/site-packages/allure_commons/_allure.py\", line 192, in impl\n    return func(*a, **kw)\n           ^^^^^^^^^^^^^^\n  File \"/home/runner/work/auto-tests-python/auto-tests-python/tests/conftest.py\", line 46, in auto_test_user_authorized\n    page.check_expected_link(MainPageLinks.URL_GROUPS_PAGE)\n  File \"/home/runner/work/auto-tests-python/auto-tests-python/pages/base_page.py\", line 80, in check_expected_link\n    return Wait(self.driver, self.timeout).until(\n           ^^^^^^^^^^^^^^^^^^^^^^^^^^^^^^^^^^^^^^\n  File \"/opt/hostedtoolcache/Python/3.12.2/x64/lib/python3.12/site-packages/selenium/webdriver/support/wait.py\", line 95, in until\n    raise TimeoutException(message, screen, stacktrace)\n",
    "steps" : [ {
      "name" : "Auto test user authorized",
      "time" : {
        "start" : 1713007824248,
        "stop" : 1713007864819,
        "duration" : 40571
      },
      "status" : "broken",
      "statusMessage" : "selenium.common.exceptions.TimeoutException: Message: Can't find element by locator https://brainup.site/groups\n\n",
      "statusTrace" : "  File \"/opt/hostedtoolcache/Python/3.12.2/x64/lib/python3.12/site-packages/allure_commons/_allure.py\", line 192, in impl\n    return func(*a, **kw)\n           ^^^^^^^^^^^^^^\n  File \"/home/runner/work/auto-tests-python/auto-tests-python/tests/conftest.py\", line 46, in auto_test_user_authorized\n    page.check_expected_link(MainPageLinks.URL_GROUPS_PAGE)\n  File \"/home/runner/work/auto-tests-python/auto-tests-python/pages/base_page.py\", line 80, in check_expected_link\n    return Wait(self.driver, self.timeout).until(\n           ^^^^^^^^^^^^^^^^^^^^^^^^^^^^^^^^^^^^^^\n  File \"/opt/hostedtoolcache/Python/3.12.2/x64/lib/python3.12/site-packages/selenium/webdriver/support/wait.py\", line 95, in until\n    raise TimeoutException(message, screen, stacktrace)\n",
      "steps" : [ {
        "name" : "Check element is visible and clickable: ('xpath', '//a[@id=\"ember11\"]')",
        "time" : {
          "start" : 1713007824248,
          "stop" : 1713007824285,
          "duration" : 37
        },
        "status" : "passed",
        "steps" : [ {
          "name" : "Check element is clickable",
          "time" : {
            "start" : 1713007824266,
            "stop" : 1713007824285,
            "duration" : 19
          },
          "status" : "passed",
          "steps" : [ {
            "name" : "Check element is clickable: ('xpath', '//a[@id=\"ember11\"]')",
            "time" : {
              "start" : 1713007824266,
              "stop" : 1713007824285,
              "duration" : 19
            },
            "status" : "passed",
            "steps" : [ ],
            "attachments" : [ ],
            "parameters" : [ ],
            "attachmentsCount" : 0,
            "shouldDisplayMessage" : false,
            "stepsCount" : 0,
            "hasContent" : false
          } ],
          "attachments" : [ ],
          "parameters" : [ {
            "name" : "locator",
            "value" : "('xpath', '//a[@id=\"ember11\"]')"
          } ],
          "attachmentsCount" : 0,
          "shouldDisplayMessage" : false,
          "stepsCount" : 1,
          "hasContent" : true
        } ],
        "attachments" : [ ],
        "parameters" : [ ],
        "attachmentsCount" : 0,
        "shouldDisplayMessage" : false,
        "stepsCount" : 2,
        "hasContent" : true
      }, {
        "name" : "Check element is visible: ('xpath', '//input[@id=\"login\"]')",
        "time" : {
          "start" : 1713007824333,
          "stop" : 1713007824361,
          "duration" : 28
        },
        "status" : "passed",
        "steps" : [ {
          "name" : "Check element is present: ('xpath', '//input[@id=\"login\"]')",
          "time" : {
            "start" : 1713007824333,
            "stop" : 1713007824346,
            "duration" : 13
          },
          "status" : "passed",
          "steps" : [ ],
          "attachments" : [ ],
          "parameters" : [ ],
          "attachmentsCount" : 0,
          "shouldDisplayMessage" : false,
          "stepsCount" : 0,
          "hasContent" : false
        }, {
          "name" : "Go to element: <selenium.webdriver.remote.webelement.WebElement (session=\"d7b40cbc71ca619a02ce0f393a161035\", element=\"f.7D9D35759836B825A95F72A1DA892872.d.CC959532F57097CFB6C7D893FEC02565.e.24\")>",
          "time" : {
            "start" : 1713007824346,
            "stop" : 1713007824350,
            "duration" : 4
          },
          "status" : "passed",
          "steps" : [ ],
          "attachments" : [ ],
          "parameters" : [ ],
          "attachmentsCount" : 0,
          "shouldDisplayMessage" : false,
          "stepsCount" : 0,
          "hasContent" : false
        } ],
        "attachments" : [ ],
        "parameters" : [ ],
        "attachmentsCount" : 0,
        "shouldDisplayMessage" : false,
        "stepsCount" : 2,
        "hasContent" : true
      }, {
        "name" : "Check element is visible: ('xpath', '//input[@id=\"password\"]')",
        "time" : {
          "start" : 1713007824424,
          "stop" : 1713007824450,
          "duration" : 26
        },
        "status" : "passed",
        "steps" : [ {
          "name" : "Check element is present: ('xpath', '//input[@id=\"password\"]')",
          "time" : {
            "start" : 1713007824424,
            "stop" : 1713007824434,
            "duration" : 10
          },
          "status" : "passed",
          "steps" : [ ],
          "attachments" : [ ],
          "parameters" : [ ],
          "attachmentsCount" : 0,
          "shouldDisplayMessage" : false,
          "stepsCount" : 0,
          "hasContent" : false
        }, {
          "name" : "Go to element: <selenium.webdriver.remote.webelement.WebElement (session=\"d7b40cbc71ca619a02ce0f393a161035\", element=\"f.7D9D35759836B825A95F72A1DA892872.d.CC959532F57097CFB6C7D893FEC02565.e.27\")>",
          "time" : {
            "start" : 1713007824434,
            "stop" : 1713007824437,
            "duration" : 3
          },
          "status" : "passed",
          "steps" : [ ],
          "attachments" : [ ],
          "parameters" : [ ],
          "attachmentsCount" : 0,
          "shouldDisplayMessage" : false,
          "stepsCount" : 0,
          "hasContent" : false
        } ],
        "attachments" : [ ],
        "parameters" : [ ],
        "attachmentsCount" : 0,
        "shouldDisplayMessage" : false,
        "stepsCount" : 2,
        "hasContent" : true
      }, {
        "name" : "Check element is visible and clickable: ('xpath', '//*[@type=\"submit\"]')",
        "time" : {
          "start" : 1713007824490,
          "stop" : 1713007824520,
          "duration" : 30
        },
        "status" : "passed",
        "steps" : [ {
          "name" : "Check element is clickable",
          "time" : {
            "start" : 1713007824504,
            "stop" : 1713007824520,
            "duration" : 16
          },
          "status" : "passed",
          "steps" : [ {
            "name" : "Check element is clickable: ('xpath', '//*[@type=\"submit\"]')",
            "time" : {
              "start" : 1713007824504,
              "stop" : 1713007824520,
              "duration" : 16
            },
            "status" : "passed",
            "steps" : [ ],
            "attachments" : [ ],
            "parameters" : [ ],
            "attachmentsCount" : 0,
            "shouldDisplayMessage" : false,
            "stepsCount" : 0,
            "hasContent" : false
          } ],
          "attachments" : [ ],
          "parameters" : [ {
            "name" : "locator",
            "value" : "('xpath', '//*[@type=\"submit\"]')"
          } ],
          "attachmentsCount" : 0,
          "shouldDisplayMessage" : false,
          "stepsCount" : 1,
          "hasContent" : true
        } ],
        "attachments" : [ ],
        "parameters" : [ ],
        "attachmentsCount" : 0,
        "shouldDisplayMessage" : false,
        "stepsCount" : 2,
        "hasContent" : true
      }, {
        "name" : "Check url is present: https://brainup.site/groups",
        "time" : {
          "start" : 1713007824554,
          "stop" : 1713007864819,
          "duration" : 40265
        },
        "status" : "broken",
        "statusMessage" : "selenium.common.exceptions.TimeoutException: Message: Can't find element by locator https://brainup.site/groups\n\n",
        "statusTrace" : "  File \"/home/runner/work/auto-tests-python/auto-tests-python/pages/base_page.py\", line 80, in check_expected_link\n    return Wait(self.driver, self.timeout).until(\n           ^^^^^^^^^^^^^^^^^^^^^^^^^^^^^^^^^^^^^^\n  File \"/opt/hostedtoolcache/Python/3.12.2/x64/lib/python3.12/site-packages/selenium/webdriver/support/wait.py\", line 95, in until\n    raise TimeoutException(message, screen, stacktrace)\n",
        "steps" : [ ],
        "attachments" : [ ],
        "parameters" : [ ],
        "attachmentsCount" : 0,
        "shouldDisplayMessage" : true,
        "stepsCount" : 0,
        "hasContent" : true
      } ],
      "attachments" : [ ],
      "parameters" : [ {
        "name" : "driver",
        "value" : "<selenium.webdriver.chrome.webdriver.WebDriver (session=\"d7b40cbc71ca619a02ce0f393a161035\")>"
      }, {
        "name" : "main_page_open",
        "value" : "None"
      } ],
      "attachmentsCount" : 0,
      "shouldDisplayMessage" : false,
      "stepsCount" : 13,
      "hasContent" : true
    } ],
    "attachments" : [ ],
    "parameters" : [ ],
    "attachmentsCount" : 0,
    "shouldDisplayMessage" : false,
    "stepsCount" : 14,
    "hasContent" : true
  }, {
    "name" : "driver",
    "time" : {
      "start" : 1713007820257,
      "stop" : 1713007821028,
      "duration" : 771
    },
    "status" : "passed",
    "steps" : [ ],
    "attachments" : [ ],
    "parameters" : [ ],
    "attachmentsCount" : 0,
    "shouldDisplayMessage" : false,
    "stepsCount" : 0,
    "hasContent" : false
  } ],
  "afterStages" : [ {
    "name" : "driver::0",
    "time" : {
      "start" : 1713007864836,
      "stop" : 1713007865073,
      "duration" : 237
    },
    "status" : "passed",
    "steps" : [ ],
    "attachments" : [ {
      "uid" : "72c4e7ccc13ddbf9",
      "name" : "Screenshot 2024-04-13 11:31:05.014205",
      "source" : "72c4e7ccc13ddbf9.png",
      "type" : "image/png",
      "size" : 42981
    } ],
    "parameters" : [ ],
    "attachmentsCount" : 1,
    "shouldDisplayMessage" : false,
    "stepsCount" : 0,
    "hasContent" : true
  } ],
  "labels" : [ {
    "name" : "epic",
    "value" : "Test Used Resources Page"
  }, {
    "name" : "parentSuite",
    "value" : "tests"
  }, {
    "name" : "suite",
    "value" : "used_resources_page_test"
  }, {
    "name" : "subSuite",
    "value" : "TestUsedResourcesPage"
  }, {
    "name" : "host",
    "value" : "fv-az975-788"
  }, {
    "name" : "thread",
    "value" : "1805-MainThread"
  }, {
    "name" : "framework",
    "value" : "pytest"
  }, {
    "name" : "language",
    "value" : "cpython3"
  }, {
    "name" : "package",
    "value" : "tests.used_resources_page_test"
  }, {
    "name" : "resultFormat",
    "value" : "allure2"
  } ],
  "parameters" : [ ],
  "links" : [ ],
  "hidden" : false,
  "retry" : false,
  "extra" : {
    "severity" : "normal",
    "retries" : [ ],
    "categories" : [ {
      "name" : "Test defects",
      "matchedStatuses" : [ ],
      "flaky" : false
    } ],
    "history" : {
      "statistic" : {
        "failed" : 0,
        "broken" : 1,
        "skipped" : 0,
        "passed" : 89,
        "unknown" : 0,
        "total" : 90
      },
      "items" : [ {
        "uid" : "3419ff476ca7fde4",
        "status" : "passed",
        "time" : {
          "start" : 1712918407101,
          "stop" : 1712918407911,
          "duration" : 810
        }
      }, {
        "uid" : "13ac5bd85ab6437b",
        "status" : "passed",
        "time" : {
          "start" : 1712911858683,
          "stop" : 1712911859457,
          "duration" : 774
        }
      }, {
        "uid" : "7ac451b833c8cd9f",
        "status" : "passed",
        "time" : {
          "start" : 1712825725017,
          "stop" : 1712825725867,
          "duration" : 850
        }
      }, {
        "uid" : "3f473fb88babb890",
        "status" : "passed",
        "time" : {
          "start" : 1712824251729,
          "stop" : 1712824252506,
          "duration" : 777
        }
      }, {
        "uid" : "f430d2792d02dd31",
        "status" : "passed",
        "time" : {
          "start" : 1712822200416,
          "stop" : 1712822201189,
          "duration" : 773
        }
      }, {
        "uid" : "7228494923f121b9",
        "status" : "passed",
        "time" : {
          "start" : 1712819071709,
          "stop" : 1712819072542,
          "duration" : 833
        }
      }, {
        "uid" : "5b0841e2d292bee2",
        "status" : "passed",
        "time" : {
          "start" : 1712816870593,
          "stop" : 1712816871397,
          "duration" : 804
        }
      }, {
        "uid" : "903b44d233d56ad8",
        "status" : "passed",
        "time" : {
          "start" : 1712814491396,
          "stop" : 1712814492167,
          "duration" : 771
        }
      }, {
        "uid" : "89dfeb5831fd156d",
        "status" : "passed",
        "time" : {
          "start" : 1712760967433,
          "stop" : 1712760968208,
          "duration" : 775
        }
      }, {
        "uid" : "880940b47e548f0c",
        "status" : "passed",
        "time" : {
          "start" : 1712749470818,
          "stop" : 1712749471599,
          "duration" : 781
        }
      }, {
        "uid" : "d2879645b939567",
        "status" : "passed",
        "time" : {
          "start" : 1712665678302,
          "stop" : 1712665679127,
          "duration" : 825
        }
      }, {
        "uid" : "da9cbacc5aa6c6ac",
        "status" : "passed",
        "time" : {
          "start" : 1712663831364,
          "stop" : 1712663832143,
          "duration" : 779
        }
      }, {
        "uid" : "21d021be77596bdd",
        "status" : "passed",
        "time" : {
          "start" : 1712576756951,
          "stop" : 1712576757815,
          "duration" : 864
        }
      }, {
        "uid" : "96dafcce25c5426c",
        "status" : "passed",
        "time" : {
          "start" : 1712574744474,
          "stop" : 1712574745317,
          "duration" : 843
        }
      }, {
        "uid" : "62b42d9e48adfa37",
        "status" : "passed",
        "time" : {
          "start" : 1712480822707,
          "stop" : 1712480823480,
          "duration" : 773
        }
      }, {
        "uid" : "ead428b7ce0af62e",
        "status" : "passed",
        "time" : {
          "start" : 1712479264540,
          "stop" : 1712479265313,
          "duration" : 773
        }
      }, {
        "uid" : "e8fb1ae8279084c9",
        "status" : "passed",
        "time" : {
          "start" : 1712397034032,
          "stop" : 1712397034891,
          "duration" : 859
        }
      }, {
        "uid" : "458c7072bd2e4c93",
        "status" : "passed",
        "time" : {
          "start" : 1712394583314,
          "stop" : 1712394584182,
          "duration" : 868
        }
      }, {
        "uid" : "23c4f32bd5bf3a7",
        "status" : "passed",
        "time" : {
          "start" : 1712352800484,
          "stop" : 1712352801256,
          "duration" : 772
        }
      }, {
        "uid" : "7371f27c297731c3",
        "status" : "passed",
        "time" : {
          "start" : 1712349603735,
          "stop" : 1712349604592,
          "duration" : 857
        }
      } ]
    },
    "tags" : [ ]
  },
  "source" : "6aefa84af5937ddb.json",
  "parameterValues" : [ ]
}