{
  "uid" : "6b23f7ce8b0b7179",
  "name" : "Select random card from word group and compare UI vs BACKEND data",
  "fullName" : "tests.login_page_test.TestCards#test_random_word_cards",
  "historyId" : "9a4785270805cf0c889a4388afc83fb0",
  "time" : {
    "start" : 1704704905908,
    "stop" : 1704704916259,
    "duration" : 10351
  },
  "status" : "broken",
  "statusMessage" : "selenium.common.exceptions.TimeoutException: Message: Can't find element by locator https://brainup.site/groups",
  "statusTrace" : "self = <tests.login_page_test.TestCards object at 0x7f364960eb10>\ndriver = <selenium.webdriver.chrome.webdriver.WebDriver (session=\"a03350e65ebab407953d63b29bc68db2\")>\nmain_page_open = None\n\n    @allure.title('Select random card from word group and compare UI vs BACKEND data')\n    def test_random_word_cards(self, driver, main_page_open):\n        page = LoginPage(driver)\n>       page.login_user()\n\ntests/login_page_test.py:25: \n_ _ _ _ _ _ _ _ _ _ _ _ _ _ _ _ _ _ _ _ _ _ _ _ _ _ _ _ _ _ _ _ _ _ _ _ _ _ _ _ \npages/login_page.py:17: in login_user\n    self.check_expected_link(MainPageLinks.URL_GROUPS_PAGE)\npages/base_page.py:72: in check_expected_link\n    return Wait(self.driver, self.timeout).until(ec.url_to_be(url),\n_ _ _ _ _ _ _ _ _ _ _ _ _ _ _ _ _ _ _ _ _ _ _ _ _ _ _ _ _ _ _ _ _ _ _ _ _ _ _ _ \n\nself = <selenium.webdriver.support.wait.WebDriverWait (session=\"a03350e65ebab407953d63b29bc68db2\")>\nmethod = <function url_to_be.<locals>._predicate at 0x7f364922d120>\nmessage = \"Can't find element by locator https://brainup.site/groups\"\n\n    def until(self, method, message: str = \"\"):\n        \"\"\"Calls the method provided with the driver as an argument until the \\\n        return value does not evaluate to ``False``.\n    \n        :param method: callable(WebDriver)\n        :param message: optional message for :exc:`TimeoutException`\n        :returns: the result of the last call to `method`\n        :raises: :exc:`selenium.common.exceptions.TimeoutException` if timeout occurs\n        \"\"\"\n        screen = None\n        stacktrace = None\n    \n        end_time = time.monotonic() + self._timeout\n        while True:\n            try:\n                value = method(self._driver)\n                if value:\n                    return value\n            except self._ignored_exceptions as exc:\n                screen = getattr(exc, \"screen\", None)\n                stacktrace = getattr(exc, \"stacktrace\", None)\n            time.sleep(self._poll)\n            if time.monotonic() > end_time:\n                break\n>       raise TimeoutException(message, screen, stacktrace)\nE       selenium.common.exceptions.TimeoutException: Message: Can't find element by locator https://brainup.site/groups\n\n/opt/hostedtoolcache/Python/3.12.1/x64/lib/python3.12/site-packages/selenium/webdriver/support/wait.py:95: TimeoutException",
  "flaky" : false,
  "newFailed" : false,
  "beforeStages" : [ {
    "name" : "clear_allure_results_folder",
    "time" : {
      "start" : 1704704782719,
      "stop" : 1704704782719,
      "duration" : 0
    },
    "status" : "passed",
    "steps" : [ ],
    "attachments" : [ ],
    "parameters" : [ ],
    "attachmentsCount" : 0,
    "shouldDisplayMessage" : false,
    "stepsCount" : 0,
    "hasContent" : false
  }, {
    "name" : "driver",
    "time" : {
      "start" : 1704704901482,
      "stop" : 1704704902251,
      "duration" : 769
    },
    "status" : "passed",
    "steps" : [ ],
    "attachments" : [ ],
    "parameters" : [ ],
    "attachmentsCount" : 0,
    "shouldDisplayMessage" : false,
    "stepsCount" : 0,
    "hasContent" : false
  }, {
    "name" : "main_page_open",
    "time" : {
      "start" : 1704704902251,
      "stop" : 1704704905907,
      "duration" : 3656
    },
    "status" : "passed",
    "steps" : [ ],
    "attachments" : [ ],
    "parameters" : [ ],
    "attachmentsCount" : 0,
    "shouldDisplayMessage" : false,
    "stepsCount" : 0,
    "hasContent" : false
  } ],
  "testStage" : {
    "status" : "broken",
    "statusMessage" : "selenium.common.exceptions.TimeoutException: Message: Can't find element by locator https://brainup.site/groups",
    "statusTrace" : "self = <tests.login_page_test.TestCards object at 0x7f364960eb10>\ndriver = <selenium.webdriver.chrome.webdriver.WebDriver (session=\"a03350e65ebab407953d63b29bc68db2\")>\nmain_page_open = None\n\n    @allure.title('Select random card from word group and compare UI vs BACKEND data')\n    def test_random_word_cards(self, driver, main_page_open):\n        page = LoginPage(driver)\n>       page.login_user()\n\ntests/login_page_test.py:25: \n_ _ _ _ _ _ _ _ _ _ _ _ _ _ _ _ _ _ _ _ _ _ _ _ _ _ _ _ _ _ _ _ _ _ _ _ _ _ _ _ \npages/login_page.py:17: in login_user\n    self.check_expected_link(MainPageLinks.URL_GROUPS_PAGE)\npages/base_page.py:72: in check_expected_link\n    return Wait(self.driver, self.timeout).until(ec.url_to_be(url),\n_ _ _ _ _ _ _ _ _ _ _ _ _ _ _ _ _ _ _ _ _ _ _ _ _ _ _ _ _ _ _ _ _ _ _ _ _ _ _ _ \n\nself = <selenium.webdriver.support.wait.WebDriverWait (session=\"a03350e65ebab407953d63b29bc68db2\")>\nmethod = <function url_to_be.<locals>._predicate at 0x7f364922d120>\nmessage = \"Can't find element by locator https://brainup.site/groups\"\n\n    def until(self, method, message: str = \"\"):\n        \"\"\"Calls the method provided with the driver as an argument until the \\\n        return value does not evaluate to ``False``.\n    \n        :param method: callable(WebDriver)\n        :param message: optional message for :exc:`TimeoutException`\n        :returns: the result of the last call to `method`\n        :raises: :exc:`selenium.common.exceptions.TimeoutException` if timeout occurs\n        \"\"\"\n        screen = None\n        stacktrace = None\n    \n        end_time = time.monotonic() + self._timeout\n        while True:\n            try:\n                value = method(self._driver)\n                if value:\n                    return value\n            except self._ignored_exceptions as exc:\n                screen = getattr(exc, \"screen\", None)\n                stacktrace = getattr(exc, \"stacktrace\", None)\n            time.sleep(self._poll)\n            if time.monotonic() > end_time:\n                break\n>       raise TimeoutException(message, screen, stacktrace)\nE       selenium.common.exceptions.TimeoutException: Message: Can't find element by locator https://brainup.site/groups\n\n/opt/hostedtoolcache/Python/3.12.1/x64/lib/python3.12/site-packages/selenium/webdriver/support/wait.py:95: TimeoutException",
    "steps" : [ {
      "name" : "Check element is visible and clickable: ('xpath', '//a[@id=\"ember11\"]')",
      "time" : {
        "start" : 1704704905908,
        "stop" : 1704704905944,
        "duration" : 36
      },
      "status" : "passed",
      "steps" : [ {
        "name" : "Check element is clickable",
        "time" : {
          "start" : 1704704905926,
          "stop" : 1704704905944,
          "duration" : 18
        },
        "status" : "passed",
        "steps" : [ {
          "name" : "Check elements are clickable: ('xpath', '//a[@id=\"ember11\"]')",
          "time" : {
            "start" : 1704704905926,
            "stop" : 1704704905944,
            "duration" : 18
          },
          "status" : "passed",
          "steps" : [ ],
          "attachments" : [ ],
          "parameters" : [ ],
          "attachmentsCount" : 0,
          "shouldDisplayMessage" : false,
          "stepsCount" : 0,
          "hasContent" : false
        } ],
        "attachments" : [ ],
        "parameters" : [ {
          "name" : "locator",
          "value" : "('xpath', '//a[@id=\"ember11\"]')"
        } ],
        "attachmentsCount" : 0,
        "shouldDisplayMessage" : false,
        "stepsCount" : 1,
        "hasContent" : true
      } ],
      "attachments" : [ ],
      "parameters" : [ ],
      "attachmentsCount" : 0,
      "shouldDisplayMessage" : false,
      "stepsCount" : 2,
      "hasContent" : true
    }, {
      "name" : "Check url is present: https://brainup.site/login",
      "time" : {
        "start" : 1704704905991,
        "stop" : 1704704905995,
        "duration" : 4
      },
      "status" : "passed",
      "steps" : [ ],
      "attachments" : [ ],
      "parameters" : [ ],
      "attachmentsCount" : 0,
      "shouldDisplayMessage" : false,
      "stepsCount" : 0,
      "hasContent" : false
    }, {
      "name" : "Check element is present: ('xpath', '//input[@id=\"login\"]')",
      "time" : {
        "start" : 1704704905995,
        "stop" : 1704704906004,
        "duration" : 9
      },
      "status" : "passed",
      "steps" : [ ],
      "attachments" : [ ],
      "parameters" : [ ],
      "attachmentsCount" : 0,
      "shouldDisplayMessage" : false,
      "stepsCount" : 0,
      "hasContent" : false
    }, {
      "name" : "Check element is present: ('xpath', '//input[@id=\"password\"]')",
      "time" : {
        "start" : 1704704906072,
        "stop" : 1704704906081,
        "duration" : 9
      },
      "status" : "passed",
      "steps" : [ ],
      "attachments" : [ ],
      "parameters" : [ ],
      "attachmentsCount" : 0,
      "shouldDisplayMessage" : false,
      "stepsCount" : 0,
      "hasContent" : false
    }, {
      "name" : "Check element is visible and clickable: ('xpath', '//*[@type=\"submit\"]')",
      "time" : {
        "start" : 1704704906125,
        "stop" : 1704704906154,
        "duration" : 29
      },
      "status" : "passed",
      "steps" : [ {
        "name" : "Check element is clickable",
        "time" : {
          "start" : 1704704906139,
          "stop" : 1704704906154,
          "duration" : 15
        },
        "status" : "passed",
        "steps" : [ {
          "name" : "Check elements are clickable: ('xpath', '//*[@type=\"submit\"]')",
          "time" : {
            "start" : 1704704906139,
            "stop" : 1704704906154,
            "duration" : 15
          },
          "status" : "passed",
          "steps" : [ ],
          "attachments" : [ ],
          "parameters" : [ ],
          "attachmentsCount" : 0,
          "shouldDisplayMessage" : false,
          "stepsCount" : 0,
          "hasContent" : false
        } ],
        "attachments" : [ ],
        "parameters" : [ {
          "name" : "locator",
          "value" : "('xpath', '//*[@type=\"submit\"]')"
        } ],
        "attachmentsCount" : 0,
        "shouldDisplayMessage" : false,
        "stepsCount" : 1,
        "hasContent" : true
      } ],
      "attachments" : [ ],
      "parameters" : [ ],
      "attachmentsCount" : 0,
      "shouldDisplayMessage" : false,
      "stepsCount" : 2,
      "hasContent" : true
    }, {
      "name" : "Check url is present: https://brainup.site/groups",
      "time" : {
        "start" : 1704704906188,
        "stop" : 1704704916258,
        "duration" : 10070
      },
      "status" : "broken",
      "statusMessage" : "selenium.common.exceptions.TimeoutException: Message: Can't find element by locator https://brainup.site/groups\n\n",
      "statusTrace" : "  File \"/home/runner/work/auto-tests-python/auto-tests-python/pages/base_page.py\", line 72, in check_expected_link\n    return Wait(self.driver, self.timeout).until(ec.url_to_be(url),\n           ^^^^^^^^^^^^^^^^^^^^^^^^^^^^^^^^^^^^^^^^^^^^^^^^^^^^^^^^\n  File \"/opt/hostedtoolcache/Python/3.12.1/x64/lib/python3.12/site-packages/selenium/webdriver/support/wait.py\", line 95, in until\n    raise TimeoutException(message, screen, stacktrace)\n",
      "steps" : [ ],
      "attachments" : [ ],
      "parameters" : [ ],
      "attachmentsCount" : 0,
      "shouldDisplayMessage" : true,
      "stepsCount" : 0,
      "hasContent" : true
    } ],
    "attachments" : [ {
      "uid" : "98de0d6c537bb81d",
      "name" : "Screenshot",
      "source" : "98de0d6c537bb81d.png",
      "type" : "image/png",
      "size" : 41950
    }, {
      "uid" : "76a9005641f2dc93",
      "name" : "HTML source",
      "source" : "76a9005641f2dc93.html",
      "type" : "text/html",
      "size" : 32669
    } ],
    "parameters" : [ ],
    "attachmentsCount" : 2,
    "shouldDisplayMessage" : true,
    "stepsCount" : 10,
    "hasContent" : true
  },
  "afterStages" : [ {
    "name" : "driver::0",
    "time" : {
      "start" : 1704704916448,
      "stop" : 1704704916681,
      "duration" : 233
    },
    "status" : "passed",
    "steps" : [ ],
    "attachments" : [ {
      "uid" : "6ed7d5e18edf7827",
      "name" : "Screenshot 2024-01-08 09:08:36.620350",
      "source" : "6ed7d5e18edf7827.png",
      "type" : "image/png",
      "size" : 41950
    } ],
    "parameters" : [ ],
    "attachmentsCount" : 1,
    "shouldDisplayMessage" : false,
    "stepsCount" : 0,
    "hasContent" : true
  } ],
  "labels" : [ {
    "name" : "epic",
    "value" : "WORD."
  }, {
    "name" : "parentSuite",
    "value" : "tests"
  }, {
    "name" : "suite",
    "value" : "login_page_test"
  }, {
    "name" : "subSuite",
    "value" : "TestCards"
  }, {
    "name" : "host",
    "value" : "fv-az1269-454"
  }, {
    "name" : "thread",
    "value" : "1809-MainThread"
  }, {
    "name" : "framework",
    "value" : "pytest"
  }, {
    "name" : "language",
    "value" : "cpython3"
  }, {
    "name" : "package",
    "value" : "tests.login_page_test"
  }, {
    "name" : "resultFormat",
    "value" : "allure2"
  } ],
  "parameters" : [ ],
  "links" : [ ],
  "hidden" : false,
  "retry" : false,
  "extra" : {
    "severity" : "normal",
    "retries" : [ ],
    "categories" : [ {
      "name" : "Test defects",
      "matchedStatuses" : [ ],
      "flaky" : false
    } ],
    "history" : {
      "statistic" : {
        "failed" : 0,
        "broken" : 3,
        "skipped" : 0,
        "passed" : 22,
        "unknown" : 0,
        "total" : 25
      },
      "items" : [ {
        "uid" : "7ef0164773c9f82a",
        "status" : "passed",
        "time" : {
          "start" : 1704643052434,
          "stop" : 1704643063457,
          "duration" : 11023
        }
      }, {
        "uid" : "dcd796ce9c1f95b8",
        "status" : "passed",
        "time" : {
          "start" : 1704642563464,
          "stop" : 1704642574679,
          "duration" : 11215
        }
      }, {
        "uid" : "a5a22c611d3fa1e4",
        "status" : "passed",
        "time" : {
          "start" : 1704628503407,
          "stop" : 1704628517376,
          "duration" : 13969
        }
      }, {
        "uid" : "5e796d5090c17f99",
        "status" : "passed",
        "time" : {
          "start" : 1704627283772,
          "stop" : 1704627295929,
          "duration" : 12157
        }
      }, {
        "uid" : "63949771b3e65dfb",
        "status" : "passed",
        "time" : {
          "start" : 1704566889243,
          "stop" : 1704566900484,
          "duration" : 11241
        }
      }, {
        "uid" : "67a8221671c32ff7",
        "status" : "passed",
        "time" : {
          "start" : 1704566432017,
          "stop" : 1704566444907,
          "duration" : 12890
        }
      }, {
        "uid" : "d2a9a49475f96a2c",
        "status" : "passed",
        "time" : {
          "start" : 1704550149204,
          "stop" : 1704550161508,
          "duration" : 12304
        }
      }, {
        "uid" : "2fe20e840a5cf30e",
        "status" : "passed",
        "time" : {
          "start" : 1704545792359,
          "stop" : 1704545803991,
          "duration" : 11632
        }
      }, {
        "uid" : "ada5bf148bdb17ea",
        "status" : "broken",
        "statusDetails" : "selenium.common.exceptions.TimeoutException: Message: Can't find element by locator https://brainup.site/groups",
        "time" : {
          "start" : 1704544749061,
          "stop" : 1704544759432,
          "duration" : 10371
        }
      }, {
        "uid" : "934ba003c8345ae8",
        "status" : "passed",
        "time" : {
          "start" : 1704543724404,
          "stop" : 1704543736125,
          "duration" : 11721
        }
      }, {
        "uid" : "3b6509066ff02070",
        "status" : "passed",
        "time" : {
          "start" : 1704465769101,
          "stop" : 1704465782695,
          "duration" : 13594
        }
      }, {
        "uid" : "1a3af27aeef485ad",
        "status" : "passed",
        "time" : {
          "start" : 1704462610409,
          "stop" : 1704462623181,
          "duration" : 12772
        }
      }, {
        "uid" : "769772380289f7ed",
        "status" : "passed",
        "time" : {
          "start" : 1704456731690,
          "stop" : 1704456743110,
          "duration" : 11420
        }
      }, {
        "uid" : "ec532b72c9496d8",
        "status" : "passed",
        "time" : {
          "start" : 1704399450495,
          "stop" : 1704399462118,
          "duration" : 11623
        }
      }, {
        "uid" : "393de4c8b336e877",
        "status" : "passed",
        "time" : {
          "start" : 1704392226069,
          "stop" : 1704392239520,
          "duration" : 13451
        }
      }, {
        "uid" : "6612645b4d8b241c",
        "status" : "passed",
        "time" : {
          "start" : 1704390140406,
          "stop" : 1704390155900,
          "duration" : 15494
        }
      }, {
        "uid" : "e4deb160d50fbdd0",
        "status" : "passed",
        "time" : {
          "start" : 1704378654425,
          "stop" : 1704378672080,
          "duration" : 17655
        }
      }, {
        "uid" : "b5e58e0ed9bfbd46",
        "status" : "passed",
        "time" : {
          "start" : 1704372925878,
          "stop" : 1704372939429,
          "duration" : 13551
        }
      }, {
        "uid" : "370af27aaca7a7c3",
        "status" : "broken",
        "statusDetails" : "json.decoder.JSONDecodeError: Expecting value: line 1 column 1 (char 0)",
        "time" : {
          "start" : 1704362345739,
          "stop" : 1704362414873,
          "duration" : 69134
        }
      }, {
        "uid" : "91971366dd9140d4",
        "status" : "passed",
        "time" : {
          "start" : 1704315566406,
          "stop" : 1704315579963,
          "duration" : 13557
        }
      } ]
    },
    "tags" : [ ]
  },
  "source" : "6b23f7ce8b0b7179.json",
  "parameterValues" : [ ]
}