{
  "uid" : "777a0259bdf7f344",
  "name" : "Select a random card from \"Similar phrases\" group and compare UI vs BACKEND data",
  "fullName" : "tests.test_speech_exercises_en.TestCardsEN#test_random_cards_in_similar_phrases_en",
  "historyId" : "106afe14e1824ad4b55b346a52794d4b",
  "time" : {
    "start" : 1714039593292,
    "stop" : 1714039613921,
    "duration" : 20629
  },
  "status" : "skipped",
  "statusMessage" : "XFAIL\n\nselenium.common.exceptions.TimeoutException: Message: Can't find element by locator ('xpath', '//button[@data-test-active-link=\"Similar phrases\"]')\nStacktrace:\n#0 0x5610f2209e33 <unknown>\n#1 0x5610f1ef9567 <unknown>\n#2 0x5610f1f4427d <unknown>\n#3 0x5610f1f44331 <unknown>\n#4 0x5610f1f87624 <unknown>\n#5 0x5610f1f6638d <unknown>\n#6 0x5610f1f84ae2 <unknown>\n#7 0x5610f1f66103 <unknown>\n#8 0x5610f1f371ba <unknown>\n#9 0x5610f1f37b8e <unknown>\n#10 0x5610f21ce59b <unknown>\n#11 0x5610f21d234b <unknown>\n#12 0x5610f21ba681 <unknown>\n#13 0x5610f21d2eb2 <unknown>\n#14 0x5610f219f6af <unknown>\n#15 0x5610f21f9428 <unknown>\n#16 0x5610f21f9600 <unknown>\n#17 0x5610f2208f84 <unknown>\n#18 0x7fd434294ac3 <unknown>",
  "statusTrace" : "self = <tests.test_speech_exercises_en.TestCardsEN object at 0x7f72d1fc1820>\ndriver = <selenium.webdriver.chrome.webdriver.WebDriver (session=\"ff99094ff13dd67e7fc951601985fd91\")>\nspecialist_user_authorized = None\n\n    @pytest.mark.xfail\n    @allure.suite('Similar phrases')\n    @allure.title('Select a random card from \"Similar phrases\" group and compare UI vs BACKEND data')\n    def test_random_cards_in_similar_phrases_en(self, driver, specialist_user_authorized):\n        page = SpeechExercisesPage(driver)\n>       seria_id = page.select_group(SpeechExercisesPageLocators.SIMILAR_PHRASES_EN)\n\ntests/test_speech_exercises_en.py:59: \n_ _ _ _ _ _ _ _ _ _ _ _ _ _ _ _ _ _ _ _ _ _ _ _ _ _ _ _ _ _ _ _ _ _ _ _ _ _ _ _ \npages/speech_exercises_page_en.py:19: in select_group\n    text_of_the_button = self.element_is_present_and_clickable(selector_for_sub_group)\npages/base_page.py:32: in element_is_present_and_clickable\n    return (Wait(self.driver, self.timeout).until(\n_ _ _ _ _ _ _ _ _ _ _ _ _ _ _ _ _ _ _ _ _ _ _ _ _ _ _ _ _ _ _ _ _ _ _ _ _ _ _ _ \n\nself = <selenium.webdriver.support.wait.WebDriverWait (session=\"ff99094ff13dd67e7fc951601985fd91\")>\nmethod = <function visibility_of_element_located.<locals>._predicate at 0x7f72d1b0d3a0>\nmessage = 'Can\\'t find element by locator (\\'xpath\\', \\'//button[@data-test-active-link=\"Similar phrases\"]\\')'\n\n    def until(self, method, message: str = \"\"):\n        \"\"\"Calls the method provided with the driver as an argument until the \\\n        return value does not evaluate to ``False``.\n    \n        :param method: callable(WebDriver)\n        :param message: optional message for :exc:`TimeoutException`\n        :returns: the result of the last call to `method`\n        :raises: :exc:`selenium.common.exceptions.TimeoutException` if timeout occurs\n        \"\"\"\n        screen = None\n        stacktrace = None\n    \n        end_time = time.monotonic() + self._timeout\n        while True:\n            try:\n                value = method(self._driver)\n                if value:\n                    return value\n            except self._ignored_exceptions as exc:\n                screen = getattr(exc, \"screen\", None)\n                stacktrace = getattr(exc, \"stacktrace\", None)\n            time.sleep(self._poll)\n            if time.monotonic() > end_time:\n                break\n>       raise TimeoutException(message, screen, stacktrace)\nE       selenium.common.exceptions.TimeoutException: Message: Can't find element by locator ('xpath', '//button[@data-test-active-link=\"Similar phrases\"]')\nE       Stacktrace:\nE       #0 0x5610f2209e33 <unknown>\nE       #1 0x5610f1ef9567 <unknown>\nE       #2 0x5610f1f4427d <unknown>\nE       #3 0x5610f1f44331 <unknown>\nE       #4 0x5610f1f87624 <unknown>\nE       #5 0x5610f1f6638d <unknown>\nE       #6 0x5610f1f84ae2 <unknown>\nE       #7 0x5610f1f66103 <unknown>\nE       #8 0x5610f1f371ba <unknown>\nE       #9 0x5610f1f37b8e <unknown>\nE       #10 0x5610f21ce59b <unknown>\nE       #11 0x5610f21d234b <unknown>\nE       #12 0x5610f21ba681 <unknown>\nE       #13 0x5610f21d2eb2 <unknown>\nE       #14 0x5610f219f6af <unknown>\nE       #15 0x5610f21f9428 <unknown>\nE       #16 0x5610f21f9600 <unknown>\nE       #17 0x5610f2208f84 <unknown>\nE       #18 0x7fd434294ac3 <unknown>\n\n/opt/hostedtoolcache/Python/3.12.3/x64/lib/python3.12/site-packages/selenium/webdriver/support/wait.py:95: TimeoutException",
  "flaky" : false,
  "newFailed" : false,
  "beforeStages" : [ {
    "name" : "specialist_user_authorized",
    "time" : {
      "start" : 1714039590455,
      "stop" : 1714039593292,
      "duration" : 2837
    },
    "status" : "passed",
    "steps" : [ {
      "name" : "USER specialist authorized",
      "time" : {
        "start" : 1714039590455,
        "stop" : 1714039593292,
        "duration" : 2837
      },
      "status" : "passed",
      "steps" : [ {
        "name" : "Check element is visible and clickable: ('xpath', '//a[@id=\"ember11\"]')",
        "time" : {
          "start" : 1714039590455,
          "stop" : 1714039590493,
          "duration" : 38
        },
        "status" : "passed",
        "steps" : [ {
          "name" : "Check element is clickable",
          "time" : {
            "start" : 1714039590473,
            "stop" : 1714039590493,
            "duration" : 20
          },
          "status" : "passed",
          "steps" : [ {
            "name" : "Check element is clickable: ('xpath', '//a[@id=\"ember11\"]')",
            "time" : {
              "start" : 1714039590473,
              "stop" : 1714039590493,
              "duration" : 20
            },
            "status" : "passed",
            "steps" : [ ],
            "attachments" : [ ],
            "parameters" : [ ],
            "attachmentsCount" : 0,
            "shouldDisplayMessage" : false,
            "stepsCount" : 0,
            "hasContent" : false
          } ],
          "attachments" : [ ],
          "parameters" : [ {
            "name" : "locator",
            "value" : "('xpath', '//a[@id=\"ember11\"]')"
          } ],
          "attachmentsCount" : 0,
          "shouldDisplayMessage" : false,
          "stepsCount" : 1,
          "hasContent" : true
        } ],
        "attachments" : [ ],
        "parameters" : [ ],
        "attachmentsCount" : 0,
        "shouldDisplayMessage" : false,
        "stepsCount" : 2,
        "hasContent" : true
      }, {
        "name" : "Check element is visible: ('xpath', '//input[@id=\"login\"]')",
        "time" : {
          "start" : 1714039590542,
          "stop" : 1714039590568,
          "duration" : 26
        },
        "status" : "passed",
        "steps" : [ {
          "name" : "Check element is present: ('xpath', '//input[@id=\"login\"]')",
          "time" : {
            "start" : 1714039590542,
            "stop" : 1714039590552,
            "duration" : 10
          },
          "status" : "passed",
          "steps" : [ ],
          "attachments" : [ ],
          "parameters" : [ ],
          "attachmentsCount" : 0,
          "shouldDisplayMessage" : false,
          "stepsCount" : 0,
          "hasContent" : false
        }, {
          "name" : "Go to element: <selenium.webdriver.remote.webelement.WebElement (session=\"ff99094ff13dd67e7fc951601985fd91\", element=\"f.4490F3368A9F35E2770590777D720E07.d.6E70432D6BE0A9282E65081264C39F94.e.27\")>",
          "time" : {
            "start" : 1714039590552,
            "stop" : 1714039590556,
            "duration" : 4
          },
          "status" : "passed",
          "steps" : [ ],
          "attachments" : [ ],
          "parameters" : [ ],
          "attachmentsCount" : 0,
          "shouldDisplayMessage" : false,
          "stepsCount" : 0,
          "hasContent" : false
        } ],
        "attachments" : [ ],
        "parameters" : [ ],
        "attachmentsCount" : 0,
        "shouldDisplayMessage" : false,
        "stepsCount" : 2,
        "hasContent" : true
      }, {
        "name" : "Check element is visible: ('xpath', '//input[@id=\"password\"]')",
        "time" : {
          "start" : 1714039590634,
          "stop" : 1714039590663,
          "duration" : 29
        },
        "status" : "passed",
        "steps" : [ {
          "name" : "Check element is present: ('xpath', '//input[@id=\"password\"]')",
          "time" : {
            "start" : 1714039590634,
            "stop" : 1714039590646,
            "duration" : 12
          },
          "status" : "passed",
          "steps" : [ ],
          "attachments" : [ ],
          "parameters" : [ ],
          "attachmentsCount" : 0,
          "shouldDisplayMessage" : false,
          "stepsCount" : 0,
          "hasContent" : false
        }, {
          "name" : "Go to element: <selenium.webdriver.remote.webelement.WebElement (session=\"ff99094ff13dd67e7fc951601985fd91\", element=\"f.4490F3368A9F35E2770590777D720E07.d.6E70432D6BE0A9282E65081264C39F94.e.30\")>",
          "time" : {
            "start" : 1714039590646,
            "stop" : 1714039590651,
            "duration" : 5
          },
          "status" : "passed",
          "steps" : [ ],
          "attachments" : [ ],
          "parameters" : [ ],
          "attachmentsCount" : 0,
          "shouldDisplayMessage" : false,
          "stepsCount" : 0,
          "hasContent" : false
        } ],
        "attachments" : [ ],
        "parameters" : [ ],
        "attachmentsCount" : 0,
        "shouldDisplayMessage" : false,
        "stepsCount" : 2,
        "hasContent" : true
      }, {
        "name" : "Check element is visible and clickable: ('xpath', '//*[@type=\"submit\"]')",
        "time" : {
          "start" : 1714039590702,
          "stop" : 1714039590733,
          "duration" : 31
        },
        "status" : "passed",
        "steps" : [ {
          "name" : "Check element is clickable",
          "time" : {
            "start" : 1714039590717,
            "stop" : 1714039590733,
            "duration" : 16
          },
          "status" : "passed",
          "steps" : [ {
            "name" : "Check element is clickable: ('xpath', '//*[@type=\"submit\"]')",
            "time" : {
              "start" : 1714039590717,
              "stop" : 1714039590733,
              "duration" : 16
            },
            "status" : "passed",
            "steps" : [ ],
            "attachments" : [ ],
            "parameters" : [ ],
            "attachmentsCount" : 0,
            "shouldDisplayMessage" : false,
            "stepsCount" : 0,
            "hasContent" : false
          } ],
          "attachments" : [ ],
          "parameters" : [ {
            "name" : "locator",
            "value" : "('xpath', '//*[@type=\"submit\"]')"
          } ],
          "attachmentsCount" : 0,
          "shouldDisplayMessage" : false,
          "stepsCount" : 1,
          "hasContent" : true
        } ],
        "attachments" : [ ],
        "parameters" : [ ],
        "attachmentsCount" : 0,
        "shouldDisplayMessage" : false,
        "stepsCount" : 2,
        "hasContent" : true
      }, {
        "name" : "Check url is present: https://brainup.site/groups",
        "time" : {
          "start" : 1714039590770,
          "stop" : 1714039593292,
          "duration" : 2522
        },
        "status" : "passed",
        "steps" : [ ],
        "attachments" : [ ],
        "parameters" : [ ],
        "attachmentsCount" : 0,
        "shouldDisplayMessage" : false,
        "stepsCount" : 0,
        "hasContent" : false
      } ],
      "attachments" : [ ],
      "parameters" : [ {
        "name" : "driver",
        "value" : "<selenium.webdriver.chrome.webdriver.WebDriver (session=\"ff99094ff13dd67e7fc951601985fd91\")>"
      }, {
        "name" : "main_page_open",
        "value" : "None"
      } ],
      "attachmentsCount" : 0,
      "shouldDisplayMessage" : false,
      "stepsCount" : 13,
      "hasContent" : true
    } ],
    "attachments" : [ ],
    "parameters" : [ ],
    "attachmentsCount" : 0,
    "shouldDisplayMessage" : false,
    "stepsCount" : 14,
    "hasContent" : true
  }, {
    "name" : "main_page_open",
    "time" : {
      "start" : 1714039586338,
      "stop" : 1714039590455,
      "duration" : 4117
    },
    "status" : "passed",
    "steps" : [ {
      "name" : "Open page: https://brainup.site/",
      "time" : {
        "start" : 1714039586338,
        "stop" : 1714039590455,
        "duration" : 4117
      },
      "status" : "passed",
      "steps" : [ ],
      "attachments" : [ ],
      "parameters" : [ {
        "name" : "driver",
        "value" : "<selenium.webdriver.chrome.webdriver.WebDriver (session=\"ff99094ff13dd67e7fc951601985fd91\")>"
      } ],
      "attachmentsCount" : 0,
      "shouldDisplayMessage" : false,
      "stepsCount" : 0,
      "hasContent" : true
    } ],
    "attachments" : [ ],
    "parameters" : [ ],
    "attachmentsCount" : 0,
    "shouldDisplayMessage" : false,
    "stepsCount" : 1,
    "hasContent" : true
  }, {
    "name" : "driver",
    "time" : {
      "start" : 1714039585648,
      "stop" : 1714039586338,
      "duration" : 690
    },
    "status" : "passed",
    "steps" : [ ],
    "attachments" : [ ],
    "parameters" : [ ],
    "attachmentsCount" : 0,
    "shouldDisplayMessage" : false,
    "stepsCount" : 0,
    "hasContent" : false
  }, {
    "name" : "clear_allure_results_folder",
    "time" : {
      "start" : 1714038787522,
      "stop" : 1714038787522,
      "duration" : 0
    },
    "status" : "passed",
    "steps" : [ ],
    "attachments" : [ ],
    "parameters" : [ ],
    "attachmentsCount" : 0,
    "shouldDisplayMessage" : false,
    "stepsCount" : 0,
    "hasContent" : false
  } ],
  "testStage" : {
    "status" : "skipped",
    "statusMessage" : "XFAIL\n\nselenium.common.exceptions.TimeoutException: Message: Can't find element by locator ('xpath', '//button[@data-test-active-link=\"Similar phrases\"]')\nStacktrace:\n#0 0x5610f2209e33 <unknown>\n#1 0x5610f1ef9567 <unknown>\n#2 0x5610f1f4427d <unknown>\n#3 0x5610f1f44331 <unknown>\n#4 0x5610f1f87624 <unknown>\n#5 0x5610f1f6638d <unknown>\n#6 0x5610f1f84ae2 <unknown>\n#7 0x5610f1f66103 <unknown>\n#8 0x5610f1f371ba <unknown>\n#9 0x5610f1f37b8e <unknown>\n#10 0x5610f21ce59b <unknown>\n#11 0x5610f21d234b <unknown>\n#12 0x5610f21ba681 <unknown>\n#13 0x5610f21d2eb2 <unknown>\n#14 0x5610f219f6af <unknown>\n#15 0x5610f21f9428 <unknown>\n#16 0x5610f21f9600 <unknown>\n#17 0x5610f2208f84 <unknown>\n#18 0x7fd434294ac3 <unknown>",
    "statusTrace" : "self = <tests.test_speech_exercises_en.TestCardsEN object at 0x7f72d1fc1820>\ndriver = <selenium.webdriver.chrome.webdriver.WebDriver (session=\"ff99094ff13dd67e7fc951601985fd91\")>\nspecialist_user_authorized = None\n\n    @pytest.mark.xfail\n    @allure.suite('Similar phrases')\n    @allure.title('Select a random card from \"Similar phrases\" group and compare UI vs BACKEND data')\n    def test_random_cards_in_similar_phrases_en(self, driver, specialist_user_authorized):\n        page = SpeechExercisesPage(driver)\n>       seria_id = page.select_group(SpeechExercisesPageLocators.SIMILAR_PHRASES_EN)\n\ntests/test_speech_exercises_en.py:59: \n_ _ _ _ _ _ _ _ _ _ _ _ _ _ _ _ _ _ _ _ _ _ _ _ _ _ _ _ _ _ _ _ _ _ _ _ _ _ _ _ \npages/speech_exercises_page_en.py:19: in select_group\n    text_of_the_button = self.element_is_present_and_clickable(selector_for_sub_group)\npages/base_page.py:32: in element_is_present_and_clickable\n    return (Wait(self.driver, self.timeout).until(\n_ _ _ _ _ _ _ _ _ _ _ _ _ _ _ _ _ _ _ _ _ _ _ _ _ _ _ _ _ _ _ _ _ _ _ _ _ _ _ _ \n\nself = <selenium.webdriver.support.wait.WebDriverWait (session=\"ff99094ff13dd67e7fc951601985fd91\")>\nmethod = <function visibility_of_element_located.<locals>._predicate at 0x7f72d1b0d3a0>\nmessage = 'Can\\'t find element by locator (\\'xpath\\', \\'//button[@data-test-active-link=\"Similar phrases\"]\\')'\n\n    def until(self, method, message: str = \"\"):\n        \"\"\"Calls the method provided with the driver as an argument until the \\\n        return value does not evaluate to ``False``.\n    \n        :param method: callable(WebDriver)\n        :param message: optional message for :exc:`TimeoutException`\n        :returns: the result of the last call to `method`\n        :raises: :exc:`selenium.common.exceptions.TimeoutException` if timeout occurs\n        \"\"\"\n        screen = None\n        stacktrace = None\n    \n        end_time = time.monotonic() + self._timeout\n        while True:\n            try:\n                value = method(self._driver)\n                if value:\n                    return value\n            except self._ignored_exceptions as exc:\n                screen = getattr(exc, \"screen\", None)\n                stacktrace = getattr(exc, \"stacktrace\", None)\n            time.sleep(self._poll)\n            if time.monotonic() > end_time:\n                break\n>       raise TimeoutException(message, screen, stacktrace)\nE       selenium.common.exceptions.TimeoutException: Message: Can't find element by locator ('xpath', '//button[@data-test-active-link=\"Similar phrases\"]')\nE       Stacktrace:\nE       #0 0x5610f2209e33 <unknown>\nE       #1 0x5610f1ef9567 <unknown>\nE       #2 0x5610f1f4427d <unknown>\nE       #3 0x5610f1f44331 <unknown>\nE       #4 0x5610f1f87624 <unknown>\nE       #5 0x5610f1f6638d <unknown>\nE       #6 0x5610f1f84ae2 <unknown>\nE       #7 0x5610f1f66103 <unknown>\nE       #8 0x5610f1f371ba <unknown>\nE       #9 0x5610f1f37b8e <unknown>\nE       #10 0x5610f21ce59b <unknown>\nE       #11 0x5610f21d234b <unknown>\nE       #12 0x5610f21ba681 <unknown>\nE       #13 0x5610f21d2eb2 <unknown>\nE       #14 0x5610f219f6af <unknown>\nE       #15 0x5610f21f9428 <unknown>\nE       #16 0x5610f21f9600 <unknown>\nE       #17 0x5610f2208f84 <unknown>\nE       #18 0x7fd434294ac3 <unknown>\n\n/opt/hostedtoolcache/Python/3.12.3/x64/lib/python3.12/site-packages/selenium/webdriver/support/wait.py:95: TimeoutException",
    "steps" : [ {
      "name" : "select_group",
      "time" : {
        "start" : 1714039593292,
        "stop" : 1714039613921,
        "duration" : 20629
      },
      "status" : "broken",
      "statusMessage" : "selenium.common.exceptions.TimeoutException: Message: Can't find element by locator ('xpath', '//button[@data-test-active-link=\"Similar phrases\"]')\nStacktrace:\n#0 0x5610f2209e33 <unknown>\n#1 0x5610f1ef9567 <unknown>\n#2 0x5610f1f4427d <unknown>\n#3 0x5610f1f44331 <unknown>\n#4 0x5610f1f87624 <unknown>\n#5 0x5610f1f6638d <unknown>\n#6 0x5610f1f84ae2 <unknown>\n#7 0x5610f1f66103 <unknown>\n#8 0x5610f1f371ba <unknown>\n#9 0x5610f1f37b8e <unknown>\n#10 0x5610f21ce59b <unknown>\n#11 0x5610f21d234b <unknown>\n#12 0x5610f21ba681 <unknown>\n#13 0x5610f21d2eb2 <unknown>\n#14 0x5610f219f6af <unknown>\n#15 0x5610f21f9428 <unknown>\n#16 0x5610f21f9600 <unknown>\n#17 0x5610f2208f84 <unknown>\n#18 0x7fd434294ac3 <unknown>\n\n",
      "statusTrace" : "  File \"/opt/hostedtoolcache/Python/3.12.3/x64/lib/python3.12/site-packages/allure_commons/_allure.py\", line 192, in impl\n    return func(*a, **kw)\n           ^^^^^^^^^^^^^^\n  File \"/home/runner/work/auto-tests-python/auto-tests-python/pages/speech_exercises_page_en.py\", line 19, in select_group\n    text_of_the_button = self.element_is_present_and_clickable(selector_for_sub_group)\n                         ^^^^^^^^^^^^^^^^^^^^^^^^^^^^^^^^^^^^^^^^^^^^^^^^^^^^^^^^^^^^^\n  File \"/home/runner/work/auto-tests-python/auto-tests-python/pages/base_page.py\", line 32, in element_is_present_and_clickable\n    return (Wait(self.driver, self.timeout).until(\n            ^^^^^^^^^^^^^^^^^^^^^^^^^^^^^^^^^^^^^^\n  File \"/opt/hostedtoolcache/Python/3.12.3/x64/lib/python3.12/site-packages/selenium/webdriver/support/wait.py\", line 95, in until\n    raise TimeoutException(message, screen, stacktrace)\n",
      "steps" : [ {
        "name" : "Select Russian language. Click \"RU\" button.",
        "time" : {
          "start" : 1714039593292,
          "stop" : 1714039593354,
          "duration" : 62
        },
        "status" : "passed",
        "steps" : [ {
          "name" : "Check element is visible and clickable: ('xpath', \"//*[contains(text(),'EN')]\")",
          "time" : {
            "start" : 1714039593292,
            "stop" : 1714039593323,
            "duration" : 31
          },
          "status" : "passed",
          "steps" : [ {
            "name" : "Check element is clickable",
            "time" : {
              "start" : 1714039593307,
              "stop" : 1714039593323,
              "duration" : 16
            },
            "status" : "passed",
            "steps" : [ {
              "name" : "Check element is clickable: ('xpath', \"//*[contains(text(),'EN')]\")",
              "time" : {
                "start" : 1714039593307,
                "stop" : 1714039593323,
                "duration" : 16
              },
              "status" : "passed",
              "steps" : [ ],
              "attachments" : [ ],
              "parameters" : [ ],
              "attachmentsCount" : 0,
              "shouldDisplayMessage" : false,
              "stepsCount" : 0,
              "hasContent" : false
            } ],
            "attachments" : [ ],
            "parameters" : [ {
              "name" : "locator",
              "value" : "('xpath', \"//*[contains(text(),'EN')]\")"
            } ],
            "attachmentsCount" : 0,
            "shouldDisplayMessage" : false,
            "stepsCount" : 1,
            "hasContent" : true
          } ],
          "attachments" : [ ],
          "parameters" : [ ],
          "attachmentsCount" : 0,
          "shouldDisplayMessage" : false,
          "stepsCount" : 2,
          "hasContent" : true
        } ],
        "attachments" : [ ],
        "parameters" : [ ],
        "attachmentsCount" : 0,
        "shouldDisplayMessage" : false,
        "stepsCount" : 3,
        "hasContent" : true
      }, {
        "name" : "Click button \"Речевые упражнения\".",
        "time" : {
          "start" : 1714039593354,
          "stop" : 1714039593410,
          "duration" : 56
        },
        "status" : "passed",
        "steps" : [ {
          "name" : "Check element is visible and clickable: ('xpath', '//a[@title=\"Speech\"]')",
          "time" : {
            "start" : 1714039593354,
            "stop" : 1714039593384,
            "duration" : 30
          },
          "status" : "passed",
          "steps" : [ {
            "name" : "Check element is clickable",
            "time" : {
              "start" : 1714039593368,
              "stop" : 1714039593384,
              "duration" : 16
            },
            "status" : "passed",
            "steps" : [ {
              "name" : "Check element is clickable: ('xpath', '//a[@title=\"Speech\"]')",
              "time" : {
                "start" : 1714039593368,
                "stop" : 1714039593384,
                "duration" : 16
              },
              "status" : "passed",
              "steps" : [ ],
              "attachments" : [ ],
              "parameters" : [ ],
              "attachmentsCount" : 0,
              "shouldDisplayMessage" : false,
              "stepsCount" : 0,
              "hasContent" : false
            } ],
            "attachments" : [ ],
            "parameters" : [ {
              "name" : "locator",
              "value" : "('xpath', '//a[@title=\"Speech\"]')"
            } ],
            "attachmentsCount" : 0,
            "shouldDisplayMessage" : false,
            "stepsCount" : 1,
            "hasContent" : true
          } ],
          "attachments" : [ ],
          "parameters" : [ ],
          "attachmentsCount" : 0,
          "shouldDisplayMessage" : false,
          "stepsCount" : 2,
          "hasContent" : true
        } ],
        "attachments" : [ ],
        "parameters" : [ ],
        "attachmentsCount" : 0,
        "shouldDisplayMessage" : false,
        "stepsCount" : 3,
        "hasContent" : true
      }, {
        "name" : "Check element is visible and clickable: ('xpath', '//button[@data-test-active-link=\"Similar phrases\"]')",
        "time" : {
          "start" : 1714039593410,
          "stop" : 1714039613920,
          "duration" : 20510
        },
        "status" : "broken",
        "statusMessage" : "selenium.common.exceptions.TimeoutException: Message: Can't find element by locator ('xpath', '//button[@data-test-active-link=\"Similar phrases\"]')\nStacktrace:\n#0 0x5610f2209e33 <unknown>\n#1 0x5610f1ef9567 <unknown>\n#2 0x5610f1f4427d <unknown>\n#3 0x5610f1f44331 <unknown>\n#4 0x5610f1f87624 <unknown>\n#5 0x5610f1f6638d <unknown>\n#6 0x5610f1f84ae2 <unknown>\n#7 0x5610f1f66103 <unknown>\n#8 0x5610f1f371ba <unknown>\n#9 0x5610f1f37b8e <unknown>\n#10 0x5610f21ce59b <unknown>\n#11 0x5610f21d234b <unknown>\n#12 0x5610f21ba681 <unknown>\n#13 0x5610f21d2eb2 <unknown>\n#14 0x5610f219f6af <unknown>\n#15 0x5610f21f9428 <unknown>\n#16 0x5610f21f9600 <unknown>\n#17 0x5610f2208f84 <unknown>\n#18 0x7fd434294ac3 <unknown>\n\n",
        "statusTrace" : "  File \"/home/runner/work/auto-tests-python/auto-tests-python/pages/base_page.py\", line 32, in element_is_present_and_clickable\n    return (Wait(self.driver, self.timeout).until(\n            ^^^^^^^^^^^^^^^^^^^^^^^^^^^^^^^^^^^^^^\n  File \"/opt/hostedtoolcache/Python/3.12.3/x64/lib/python3.12/site-packages/selenium/webdriver/support/wait.py\", line 95, in until\n    raise TimeoutException(message, screen, stacktrace)\n",
        "steps" : [ ],
        "attachments" : [ ],
        "parameters" : [ ],
        "attachmentsCount" : 0,
        "shouldDisplayMessage" : true,
        "stepsCount" : 0,
        "hasContent" : true
      } ],
      "attachments" : [ ],
      "parameters" : [ {
        "name" : "selector_for_sub_group",
        "value" : "('xpath', '//button[@data-test-active-link=\"Similar phrases\"]')"
      } ],
      "attachmentsCount" : 0,
      "shouldDisplayMessage" : false,
      "stepsCount" : 9,
      "hasContent" : true
    } ],
    "attachments" : [ {
      "uid" : "9d219a35a363d453",
      "name" : "Screenshot",
      "source" : "9d219a35a363d453.png",
      "type" : "image/png",
      "size" : 119744
    }, {
      "uid" : "1b8c2b1d0d3cad8c",
      "name" : "HTML source",
      "source" : "1b8c2b1d0d3cad8c.html",
      "type" : "text/html",
      "size" : 33283
    } ],
    "parameters" : [ ],
    "attachmentsCount" : 2,
    "shouldDisplayMessage" : true,
    "stepsCount" : 10,
    "hasContent" : true
  },
  "afterStages" : [ {
    "name" : "driver::0",
    "time" : {
      "start" : 1714039614066,
      "stop" : 1714039614260,
      "duration" : 194
    },
    "status" : "passed",
    "steps" : [ ],
    "attachments" : [ {
      "uid" : "3a48cfcfba923b3a",
      "name" : "Screenshot 2024-04-25 10:06:54.197239",
      "source" : "3a48cfcfba923b3a.png",
      "type" : "image/png",
      "size" : 119744
    } ],
    "parameters" : [ ],
    "attachmentsCount" : 1,
    "shouldDisplayMessage" : false,
    "stepsCount" : 0,
    "hasContent" : true
  } ],
  "labels" : [ {
    "name" : "suite",
    "value" : "Similar phrases"
  }, {
    "name" : "epic",
    "value" : "Speech exercises."
  }, {
    "name" : "tag",
    "value" : "@pytest.mark.xfail"
  }, {
    "name" : "parentSuite",
    "value" : "tests"
  }, {
    "name" : "subSuite",
    "value" : "TestCardsEN"
  }, {
    "name" : "host",
    "value" : "fv-az773-465"
  }, {
    "name" : "thread",
    "value" : "1805-MainThread"
  }, {
    "name" : "framework",
    "value" : "pytest"
  }, {
    "name" : "language",
    "value" : "cpython3"
  }, {
    "name" : "package",
    "value" : "tests.test_speech_exercises_en"
  }, {
    "name" : "resultFormat",
    "value" : "allure2"
  } ],
  "parameters" : [ ],
  "links" : [ ],
  "hidden" : false,
  "retry" : false,
  "extra" : {
    "severity" : "normal",
    "retries" : [ ],
    "categories" : [ ],
    "history" : {
      "statistic" : {
        "failed" : 1,
        "broken" : 1,
        "skipped" : 5,
        "passed" : 293,
        "unknown" : 0,
        "total" : 300
      },
      "items" : [ {
        "uid" : "5c51b7118224a094",
        "status" : "passed",
        "statusDetails" : "XPASS",
        "time" : {
          "start" : 1714036958836,
          "stop" : 1714036990896,
          "duration" : 32060
        }
      }, {
        "uid" : "aec955e175629cba",
        "status" : "passed",
        "statusDetails" : "XPASS",
        "time" : {
          "start" : 1713979275293,
          "stop" : 1713979305630,
          "duration" : 30337
        }
      }, {
        "uid" : "d99236e8f01d22c5",
        "status" : "passed",
        "statusDetails" : "XPASS",
        "time" : {
          "start" : 1713976702894,
          "stop" : 1713976734638,
          "duration" : 31744
        }
      }, {
        "uid" : "2c8b5796113878f3",
        "status" : "passed",
        "statusDetails" : "XPASS",
        "time" : {
          "start" : 1713970690016,
          "stop" : 1713970719612,
          "duration" : 29596
        }
      }, {
        "uid" : "81a95e903ffe0084",
        "status" : "passed",
        "statusDetails" : "XPASS",
        "time" : {
          "start" : 1713963059161,
          "stop" : 1713963089968,
          "duration" : 30807
        }
      }, {
        "uid" : "45ceee83be356e36",
        "status" : "skipped",
        "statusDetails" : "XFAIL\n\nselenium.common.exceptions.TimeoutException: Message: Can't find element by locator https://brainup.site/groups",
        "time" : {
          "start" : 1713958373901,
          "stop" : 1713958373901,
          "duration" : 0
        }
      }, {
        "uid" : "aae0ba804ec7ca79",
        "status" : "passed",
        "statusDetails" : "XPASS",
        "time" : {
          "start" : 1713954045561,
          "stop" : 1713954076707,
          "duration" : 31146
        }
      }, {
        "uid" : "19a8e912daa0480f",
        "status" : "passed",
        "statusDetails" : "XPASS",
        "time" : {
          "start" : 1713949734562,
          "stop" : 1713949767215,
          "duration" : 32653
        }
      }, {
        "uid" : "f0719b82989343bd",
        "status" : "passed",
        "statusDetails" : "XPASS",
        "time" : {
          "start" : 1713894186159,
          "stop" : 1713894215461,
          "duration" : 29302
        }
      }, {
        "uid" : "9f1b378e9bef3d7b",
        "status" : "passed",
        "statusDetails" : "XPASS",
        "time" : {
          "start" : 1713880367868,
          "stop" : 1713880398911,
          "duration" : 31043
        }
      }, {
        "uid" : "ee1ca1235ce2bf95",
        "status" : "passed",
        "statusDetails" : "XPASS",
        "time" : {
          "start" : 1713878613722,
          "stop" : 1713878643646,
          "duration" : 29924
        }
      }, {
        "uid" : "21c13659db333256",
        "status" : "passed",
        "statusDetails" : "XPASS",
        "time" : {
          "start" : 1713876367936,
          "stop" : 1713876399576,
          "duration" : 31640
        }
      }, {
        "uid" : "75b4c68ea3025c82",
        "status" : "passed",
        "statusDetails" : "XPASS",
        "time" : {
          "start" : 1713873442707,
          "stop" : 1713873472963,
          "duration" : 30256
        }
      }, {
        "uid" : "edb92930f6bf51dc",
        "status" : "passed",
        "statusDetails" : "XPASS",
        "time" : {
          "start" : 1713870577859,
          "stop" : 1713870610359,
          "duration" : 32500
        }
      }, {
        "uid" : "af345c61ebd9b82d",
        "status" : "passed",
        "statusDetails" : "XPASS",
        "time" : {
          "start" : 1713784534746,
          "stop" : 1713784572574,
          "duration" : 37828
        }
      }, {
        "uid" : "78518790b5f05730",
        "status" : "passed",
        "statusDetails" : "XPASS",
        "time" : {
          "start" : 1713781959180,
          "stop" : 1713781990171,
          "duration" : 30991
        }
      }, {
        "uid" : "7769f561372f1595",
        "status" : "passed",
        "statusDetails" : "XPASS",
        "time" : {
          "start" : 1713699177832,
          "stop" : 1713699207715,
          "duration" : 29883
        }
      }, {
        "uid" : "a9a059fd927cd96b",
        "status" : "passed",
        "statusDetails" : "XPASS",
        "time" : {
          "start" : 1713697302901,
          "stop" : 1713697333281,
          "duration" : 30380
        }
      }, {
        "uid" : "395be7655048a3e3",
        "status" : "passed",
        "statusDetails" : "XPASS",
        "time" : {
          "start" : 1713608173613,
          "stop" : 1713608203722,
          "duration" : 30109
        }
      }, {
        "uid" : "12c8ee22b0d16571",
        "status" : "passed",
        "statusDetails" : "XPASS",
        "time" : {
          "start" : 1713605692283,
          "stop" : 1713605721880,
          "duration" : 29597
        }
      } ]
    },
    "tags" : [ "@pytest.mark.xfail" ]
  },
  "source" : "777a0259bdf7f344.json",
  "parameterValues" : [ ]
}