{
  "uid" : "9987865623867dcc",
  "name" : "Solutions to a random task in the \"Слова\" group and comparison of statics.",
  "fullName" : "tests.test_speech_exercises_ru.TestCardsRU#test_solve_word_cards_ru",
  "historyId" : "97a1dfc93de55b98f3507f18d0af26f8",
  "time" : {
    "start" : 1707903472407,
    "stop" : 1707903492498,
    "duration" : 20091
  },
  "status" : "broken",
  "statusMessage" : "selenium.common.exceptions.TimeoutException: Message: Can't find element by locator ('id', '#ember6')\nStacktrace:\n#0 0x558aa9543d93 <unknown>\n#1 0x558aa9227337 <unknown>\n#2 0x558aa9272d60 <unknown>\n#3 0x558aa9272e51 <unknown>\n#4 0x558aa92b6bc4 <unknown>\n#5 0x558aa929546d <unknown>\n#6 0x558aa92b412d <unknown>\n#7 0x558aa92951e3 <unknown>\n#8 0x558aa9265135 <unknown>\n#9 0x558aa926613e <unknown>\n#10 0x558aa9507e4b <unknown>\n#11 0x558aa950bdfa <unknown>\n#12 0x558aa94f46d5 <unknown>\n#13 0x558aa950ca6f <unknown>\n#14 0x558aa94d869f <unknown>\n#15 0x558aa9531098 <unknown>\n#16 0x558aa9531262 <unknown>\n#17 0x558aa9542f34 <unknown>\n#18 0x7fd44ca94ac3 <unknown>",
  "statusTrace" : "self = <tests.test_speech_exercises_ru.TestCardsRU object at 0x7fbad29fb830>\ndriver = <selenium.webdriver.chrome.webdriver.WebDriver (session=\"03573eec4232d1489d40205fe475178e\")>\ndefault_user_authorized = <pages.base_page.BasePage object at 0x7fbad27efd70>\n\n    @allure.suite('Слова.')\n    @allure.title('Solutions to a random task in the \"Слова\" group and comparison of statics.')\n    def test_solve_word_cards_ru(self, driver, default_user_authorized):\n        page = SpeechExercisesPageRU(driver)\n>       table = page.get_statistic_data()\n\ntests/test_speech_exercises_ru.py:122: \n_ _ _ _ _ _ _ _ _ _ _ _ _ _ _ _ _ _ _ _ _ _ _ _ _ _ _ _ _ _ _ _ _ _ _ _ _ _ _ _ \npages/speech_exercises_page_ru.py:114: in get_statistic_data\n    self.element_is_present_and_clickable(self.locators.AuthorizedUserHomePageLocators.STATISTIC_BUTTON).click()\npages/base_page.py:32: in element_is_present_and_clickable\n    return (Wait(self.driver, self.timeout).until(\n_ _ _ _ _ _ _ _ _ _ _ _ _ _ _ _ _ _ _ _ _ _ _ _ _ _ _ _ _ _ _ _ _ _ _ _ _ _ _ _ \n\nself = <selenium.webdriver.support.wait.WebDriverWait (session=\"03573eec4232d1489d40205fe475178e\")>\nmethod = <function visibility_of_element_located.<locals>._predicate at 0x7fbad27fa660>\nmessage = \"Can't find element by locator ('id', '#ember6')\"\n\n    def until(self, method, message: str = \"\"):\n        \"\"\"Calls the method provided with the driver as an argument until the \\\n        return value does not evaluate to ``False``.\n    \n        :param method: callable(WebDriver)\n        :param message: optional message for :exc:`TimeoutException`\n        :returns: the result of the last call to `method`\n        :raises: :exc:`selenium.common.exceptions.TimeoutException` if timeout occurs\n        \"\"\"\n        screen = None\n        stacktrace = None\n    \n        end_time = time.monotonic() + self._timeout\n        while True:\n            try:\n                value = method(self._driver)\n                if value:\n                    return value\n            except self._ignored_exceptions as exc:\n                screen = getattr(exc, \"screen\", None)\n                stacktrace = getattr(exc, \"stacktrace\", None)\n            time.sleep(self._poll)\n            if time.monotonic() > end_time:\n                break\n>       raise TimeoutException(message, screen, stacktrace)\nE       selenium.common.exceptions.TimeoutException: Message: Can't find element by locator ('id', '#ember6')\nE       Stacktrace:\nE       #0 0x558aa9543d93 <unknown>\nE       #1 0x558aa9227337 <unknown>\nE       #2 0x558aa9272d60 <unknown>\nE       #3 0x558aa9272e51 <unknown>\nE       #4 0x558aa92b6bc4 <unknown>\nE       #5 0x558aa929546d <unknown>\nE       #6 0x558aa92b412d <unknown>\nE       #7 0x558aa92951e3 <unknown>\nE       #8 0x558aa9265135 <unknown>\nE       #9 0x558aa926613e <unknown>\nE       #10 0x558aa9507e4b <unknown>\nE       #11 0x558aa950bdfa <unknown>\nE       #12 0x558aa94f46d5 <unknown>\nE       #13 0x558aa950ca6f <unknown>\nE       #14 0x558aa94d869f <unknown>\nE       #15 0x558aa9531098 <unknown>\nE       #16 0x558aa9531262 <unknown>\nE       #17 0x558aa9542f34 <unknown>\nE       #18 0x7fd44ca94ac3 <unknown>\n\n/opt/hostedtoolcache/Python/3.12.2/x64/lib/python3.12/site-packages/selenium/webdriver/support/wait.py:95: TimeoutException",
  "flaky" : false,
  "newFailed" : false,
  "beforeStages" : [ {
    "name" : "clear_allure_results_folder",
    "time" : {
      "start" : 1707902752670,
      "stop" : 1707902752670,
      "duration" : 0
    },
    "status" : "passed",
    "steps" : [ ],
    "attachments" : [ ],
    "parameters" : [ ],
    "attachmentsCount" : 0,
    "shouldDisplayMessage" : false,
    "stepsCount" : 0,
    "hasContent" : false
  }, {
    "name" : "main_page_open",
    "time" : {
      "start" : 1707903465473,
      "stop" : 1707903469589,
      "duration" : 4116
    },
    "status" : "passed",
    "steps" : [ {
      "name" : "Open page: https://brainup.site/",
      "time" : {
        "start" : 1707903465473,
        "stop" : 1707903469589,
        "duration" : 4116
      },
      "status" : "passed",
      "steps" : [ ],
      "attachments" : [ ],
      "parameters" : [ {
        "name" : "driver",
        "value" : "<selenium.webdriver.chrome.webdriver.WebDriver (session=\"03573eec4232d1489d40205fe475178e\")>"
      } ],
      "attachmentsCount" : 0,
      "shouldDisplayMessage" : false,
      "stepsCount" : 0,
      "hasContent" : true
    } ],
    "attachments" : [ ],
    "parameters" : [ ],
    "attachmentsCount" : 0,
    "shouldDisplayMessage" : false,
    "stepsCount" : 1,
    "hasContent" : true
  }, {
    "name" : "default_user_authorized",
    "time" : {
      "start" : 1707903469589,
      "stop" : 1707903472406,
      "duration" : 2817
    },
    "status" : "passed",
    "steps" : [ {
      "name" : "DEFAULT user authorized",
      "time" : {
        "start" : 1707903469589,
        "stop" : 1707903472406,
        "duration" : 2817
      },
      "status" : "passed",
      "steps" : [ {
        "name" : "Check element is visible and clickable: ('xpath', '//a[@id=\"ember11\"]')",
        "time" : {
          "start" : 1707903469589,
          "stop" : 1707903469625,
          "duration" : 36
        },
        "status" : "passed",
        "steps" : [ {
          "name" : "Check element is clickable",
          "time" : {
            "start" : 1707903469607,
            "stop" : 1707903469625,
            "duration" : 18
          },
          "status" : "passed",
          "steps" : [ {
            "name" : "Check element is clickable: ('xpath', '//a[@id=\"ember11\"]')",
            "time" : {
              "start" : 1707903469607,
              "stop" : 1707903469625,
              "duration" : 18
            },
            "status" : "passed",
            "steps" : [ ],
            "attachments" : [ ],
            "parameters" : [ ],
            "attachmentsCount" : 0,
            "shouldDisplayMessage" : false,
            "stepsCount" : 0,
            "hasContent" : false
          } ],
          "attachments" : [ ],
          "parameters" : [ {
            "name" : "locator",
            "value" : "('xpath', '//a[@id=\"ember11\"]')"
          } ],
          "attachmentsCount" : 0,
          "shouldDisplayMessage" : false,
          "stepsCount" : 1,
          "hasContent" : true
        } ],
        "attachments" : [ ],
        "parameters" : [ ],
        "attachmentsCount" : 0,
        "shouldDisplayMessage" : false,
        "stepsCount" : 2,
        "hasContent" : true
      }, {
        "name" : "Check element is visible: ('xpath', '//input[@id=\"login\"]')",
        "time" : {
          "start" : 1707903469672,
          "stop" : 1707903469696,
          "duration" : 24
        },
        "status" : "passed",
        "steps" : [ {
          "name" : "Check element is present: ('xpath', '//input[@id=\"login\"]')",
          "time" : {
            "start" : 1707903469672,
            "stop" : 1707903469681,
            "duration" : 9
          },
          "status" : "passed",
          "steps" : [ ],
          "attachments" : [ ],
          "parameters" : [ ],
          "attachmentsCount" : 0,
          "shouldDisplayMessage" : false,
          "stepsCount" : 0,
          "hasContent" : false
        }, {
          "name" : "Go to element: <selenium.webdriver.remote.webelement.WebElement (session=\"03573eec4232d1489d40205fe475178e\", element=\"17D8242CD8B5CDB9EA40061B330843B8_element_26\")>",
          "time" : {
            "start" : 1707903469681,
            "stop" : 1707903469685,
            "duration" : 4
          },
          "status" : "passed",
          "steps" : [ ],
          "attachments" : [ ],
          "parameters" : [ ],
          "attachmentsCount" : 0,
          "shouldDisplayMessage" : false,
          "stepsCount" : 0,
          "hasContent" : false
        } ],
        "attachments" : [ ],
        "parameters" : [ ],
        "attachmentsCount" : 0,
        "shouldDisplayMessage" : false,
        "stepsCount" : 2,
        "hasContent" : true
      }, {
        "name" : "Check element is visible: ('xpath', '//input[@id=\"password\"]')",
        "time" : {
          "start" : 1707903469751,
          "stop" : 1707903469778,
          "duration" : 27
        },
        "status" : "passed",
        "steps" : [ {
          "name" : "Check element is present: ('xpath', '//input[@id=\"password\"]')",
          "time" : {
            "start" : 1707903469751,
            "stop" : 1707903469763,
            "duration" : 12
          },
          "status" : "passed",
          "steps" : [ ],
          "attachments" : [ ],
          "parameters" : [ ],
          "attachmentsCount" : 0,
          "shouldDisplayMessage" : false,
          "stepsCount" : 0,
          "hasContent" : false
        }, {
          "name" : "Go to element: <selenium.webdriver.remote.webelement.WebElement (session=\"03573eec4232d1489d40205fe475178e\", element=\"17D8242CD8B5CDB9EA40061B330843B8_element_29\")>",
          "time" : {
            "start" : 1707903469763,
            "stop" : 1707903469767,
            "duration" : 4
          },
          "status" : "passed",
          "steps" : [ ],
          "attachments" : [ ],
          "parameters" : [ ],
          "attachmentsCount" : 0,
          "shouldDisplayMessage" : false,
          "stepsCount" : 0,
          "hasContent" : false
        } ],
        "attachments" : [ ],
        "parameters" : [ ],
        "attachmentsCount" : 0,
        "shouldDisplayMessage" : false,
        "stepsCount" : 2,
        "hasContent" : true
      }, {
        "name" : "Check element is visible and clickable: ('xpath', '//*[@type=\"submit\"]')",
        "time" : {
          "start" : 1707903469819,
          "stop" : 1707903469849,
          "duration" : 30
        },
        "status" : "passed",
        "steps" : [ {
          "name" : "Check element is clickable",
          "time" : {
            "start" : 1707903469833,
            "stop" : 1707903469848,
            "duration" : 15
          },
          "status" : "passed",
          "steps" : [ {
            "name" : "Check element is clickable: ('xpath', '//*[@type=\"submit\"]')",
            "time" : {
              "start" : 1707903469833,
              "stop" : 1707903469848,
              "duration" : 15
            },
            "status" : "passed",
            "steps" : [ ],
            "attachments" : [ ],
            "parameters" : [ ],
            "attachmentsCount" : 0,
            "shouldDisplayMessage" : false,
            "stepsCount" : 0,
            "hasContent" : false
          } ],
          "attachments" : [ ],
          "parameters" : [ {
            "name" : "locator",
            "value" : "('xpath', '//*[@type=\"submit\"]')"
          } ],
          "attachmentsCount" : 0,
          "shouldDisplayMessage" : false,
          "stepsCount" : 1,
          "hasContent" : true
        } ],
        "attachments" : [ ],
        "parameters" : [ ],
        "attachmentsCount" : 0,
        "shouldDisplayMessage" : false,
        "stepsCount" : 2,
        "hasContent" : true
      }, {
        "name" : "Check url is present: https://brainup.site/groups",
        "time" : {
          "start" : 1707903469884,
          "stop" : 1707903472406,
          "duration" : 2522
        },
        "status" : "passed",
        "steps" : [ ],
        "attachments" : [ ],
        "parameters" : [ ],
        "attachmentsCount" : 0,
        "shouldDisplayMessage" : false,
        "stepsCount" : 0,
        "hasContent" : false
      } ],
      "attachments" : [ ],
      "parameters" : [ {
        "name" : "driver",
        "value" : "<selenium.webdriver.chrome.webdriver.WebDriver (session=\"03573eec4232d1489d40205fe475178e\")>"
      }, {
        "name" : "main_page_open",
        "value" : "None"
      } ],
      "attachmentsCount" : 0,
      "shouldDisplayMessage" : false,
      "stepsCount" : 13,
      "hasContent" : true
    } ],
    "attachments" : [ ],
    "parameters" : [ ],
    "attachmentsCount" : 0,
    "shouldDisplayMessage" : false,
    "stepsCount" : 14,
    "hasContent" : true
  }, {
    "name" : "driver",
    "time" : {
      "start" : 1707903464703,
      "stop" : 1707903465473,
      "duration" : 770
    },
    "status" : "passed",
    "steps" : [ ],
    "attachments" : [ ],
    "parameters" : [ ],
    "attachmentsCount" : 0,
    "shouldDisplayMessage" : false,
    "stepsCount" : 0,
    "hasContent" : false
  } ],
  "testStage" : {
    "status" : "broken",
    "statusMessage" : "selenium.common.exceptions.TimeoutException: Message: Can't find element by locator ('id', '#ember6')\nStacktrace:\n#0 0x558aa9543d93 <unknown>\n#1 0x558aa9227337 <unknown>\n#2 0x558aa9272d60 <unknown>\n#3 0x558aa9272e51 <unknown>\n#4 0x558aa92b6bc4 <unknown>\n#5 0x558aa929546d <unknown>\n#6 0x558aa92b412d <unknown>\n#7 0x558aa92951e3 <unknown>\n#8 0x558aa9265135 <unknown>\n#9 0x558aa926613e <unknown>\n#10 0x558aa9507e4b <unknown>\n#11 0x558aa950bdfa <unknown>\n#12 0x558aa94f46d5 <unknown>\n#13 0x558aa950ca6f <unknown>\n#14 0x558aa94d869f <unknown>\n#15 0x558aa9531098 <unknown>\n#16 0x558aa9531262 <unknown>\n#17 0x558aa9542f34 <unknown>\n#18 0x7fd44ca94ac3 <unknown>",
    "statusTrace" : "self = <tests.test_speech_exercises_ru.TestCardsRU object at 0x7fbad29fb830>\ndriver = <selenium.webdriver.chrome.webdriver.WebDriver (session=\"03573eec4232d1489d40205fe475178e\")>\ndefault_user_authorized = <pages.base_page.BasePage object at 0x7fbad27efd70>\n\n    @allure.suite('Слова.')\n    @allure.title('Solutions to a random task in the \"Слова\" group and comparison of statics.')\n    def test_solve_word_cards_ru(self, driver, default_user_authorized):\n        page = SpeechExercisesPageRU(driver)\n>       table = page.get_statistic_data()\n\ntests/test_speech_exercises_ru.py:122: \n_ _ _ _ _ _ _ _ _ _ _ _ _ _ _ _ _ _ _ _ _ _ _ _ _ _ _ _ _ _ _ _ _ _ _ _ _ _ _ _ \npages/speech_exercises_page_ru.py:114: in get_statistic_data\n    self.element_is_present_and_clickable(self.locators.AuthorizedUserHomePageLocators.STATISTIC_BUTTON).click()\npages/base_page.py:32: in element_is_present_and_clickable\n    return (Wait(self.driver, self.timeout).until(\n_ _ _ _ _ _ _ _ _ _ _ _ _ _ _ _ _ _ _ _ _ _ _ _ _ _ _ _ _ _ _ _ _ _ _ _ _ _ _ _ \n\nself = <selenium.webdriver.support.wait.WebDriverWait (session=\"03573eec4232d1489d40205fe475178e\")>\nmethod = <function visibility_of_element_located.<locals>._predicate at 0x7fbad27fa660>\nmessage = \"Can't find element by locator ('id', '#ember6')\"\n\n    def until(self, method, message: str = \"\"):\n        \"\"\"Calls the method provided with the driver as an argument until the \\\n        return value does not evaluate to ``False``.\n    \n        :param method: callable(WebDriver)\n        :param message: optional message for :exc:`TimeoutException`\n        :returns: the result of the last call to `method`\n        :raises: :exc:`selenium.common.exceptions.TimeoutException` if timeout occurs\n        \"\"\"\n        screen = None\n        stacktrace = None\n    \n        end_time = time.monotonic() + self._timeout\n        while True:\n            try:\n                value = method(self._driver)\n                if value:\n                    return value\n            except self._ignored_exceptions as exc:\n                screen = getattr(exc, \"screen\", None)\n                stacktrace = getattr(exc, \"stacktrace\", None)\n            time.sleep(self._poll)\n            if time.monotonic() > end_time:\n                break\n>       raise TimeoutException(message, screen, stacktrace)\nE       selenium.common.exceptions.TimeoutException: Message: Can't find element by locator ('id', '#ember6')\nE       Stacktrace:\nE       #0 0x558aa9543d93 <unknown>\nE       #1 0x558aa9227337 <unknown>\nE       #2 0x558aa9272d60 <unknown>\nE       #3 0x558aa9272e51 <unknown>\nE       #4 0x558aa92b6bc4 <unknown>\nE       #5 0x558aa929546d <unknown>\nE       #6 0x558aa92b412d <unknown>\nE       #7 0x558aa92951e3 <unknown>\nE       #8 0x558aa9265135 <unknown>\nE       #9 0x558aa926613e <unknown>\nE       #10 0x558aa9507e4b <unknown>\nE       #11 0x558aa950bdfa <unknown>\nE       #12 0x558aa94f46d5 <unknown>\nE       #13 0x558aa950ca6f <unknown>\nE       #14 0x558aa94d869f <unknown>\nE       #15 0x558aa9531098 <unknown>\nE       #16 0x558aa9531262 <unknown>\nE       #17 0x558aa9542f34 <unknown>\nE       #18 0x7fd44ca94ac3 <unknown>\n\n/opt/hostedtoolcache/Python/3.12.2/x64/lib/python3.12/site-packages/selenium/webdriver/support/wait.py:95: TimeoutException",
    "steps" : [ {
      "name" : "get_statistic_data",
      "time" : {
        "start" : 1707903472407,
        "stop" : 1707903492497,
        "duration" : 20090
      },
      "status" : "broken",
      "statusMessage" : "selenium.common.exceptions.TimeoutException: Message: Can't find element by locator ('id', '#ember6')\nStacktrace:\n#0 0x558aa9543d93 <unknown>\n#1 0x558aa9227337 <unknown>\n#2 0x558aa9272d60 <unknown>\n#3 0x558aa9272e51 <unknown>\n#4 0x558aa92b6bc4 <unknown>\n#5 0x558aa929546d <unknown>\n#6 0x558aa92b412d <unknown>\n#7 0x558aa92951e3 <unknown>\n#8 0x558aa9265135 <unknown>\n#9 0x558aa926613e <unknown>\n#10 0x558aa9507e4b <unknown>\n#11 0x558aa950bdfa <unknown>\n#12 0x558aa94f46d5 <unknown>\n#13 0x558aa950ca6f <unknown>\n#14 0x558aa94d869f <unknown>\n#15 0x558aa9531098 <unknown>\n#16 0x558aa9531262 <unknown>\n#17 0x558aa9542f34 <unknown>\n#18 0x7fd44ca94ac3 <unknown>\n\n",
      "statusTrace" : "  File \"/opt/hostedtoolcache/Python/3.12.2/x64/lib/python3.12/site-packages/allure_commons/_allure.py\", line 192, in impl\n    return func(*a, **kw)\n           ^^^^^^^^^^^^^^\n  File \"/home/runner/work/auto-tests-python/auto-tests-python/pages/speech_exercises_page_ru.py\", line 114, in get_statistic_data\n    self.element_is_present_and_clickable(self.locators.AuthorizedUserHomePageLocators.STATISTIC_BUTTON).click()\n    ^^^^^^^^^^^^^^^^^^^^^^^^^^^^^^^^^^^^^^^^^^^^^^^^^^^^^^^^^^^^^^^^^^^^^^^^^^^^^^^^^^^^^^^^^^^^^^^^^^^^\n  File \"/home/runner/work/auto-tests-python/auto-tests-python/pages/base_page.py\", line 32, in element_is_present_and_clickable\n    return (Wait(self.driver, self.timeout).until(\n            ^^^^^^^^^^^^^^^^^^^^^^^^^^^^^^^^^^^^^^\n  File \"/opt/hostedtoolcache/Python/3.12.2/x64/lib/python3.12/site-packages/selenium/webdriver/support/wait.py\", line 95, in until\n    raise TimeoutException(message, screen, stacktrace)\n",
      "steps" : [ {
        "name" : "Click button \"Статистика\"\".",
        "time" : {
          "start" : 1707903472407,
          "stop" : 1707903492497,
          "duration" : 20090
        },
        "status" : "broken",
        "statusMessage" : "selenium.common.exceptions.TimeoutException: Message: Can't find element by locator ('id', '#ember6')\nStacktrace:\n#0 0x558aa9543d93 <unknown>\n#1 0x558aa9227337 <unknown>\n#2 0x558aa9272d60 <unknown>\n#3 0x558aa9272e51 <unknown>\n#4 0x558aa92b6bc4 <unknown>\n#5 0x558aa929546d <unknown>\n#6 0x558aa92b412d <unknown>\n#7 0x558aa92951e3 <unknown>\n#8 0x558aa9265135 <unknown>\n#9 0x558aa926613e <unknown>\n#10 0x558aa9507e4b <unknown>\n#11 0x558aa950bdfa <unknown>\n#12 0x558aa94f46d5 <unknown>\n#13 0x558aa950ca6f <unknown>\n#14 0x558aa94d869f <unknown>\n#15 0x558aa9531098 <unknown>\n#16 0x558aa9531262 <unknown>\n#17 0x558aa9542f34 <unknown>\n#18 0x7fd44ca94ac3 <unknown>\n\n",
        "statusTrace" : "  File \"/home/runner/work/auto-tests-python/auto-tests-python/pages/speech_exercises_page_ru.py\", line 114, in get_statistic_data\n    self.element_is_present_and_clickable(self.locators.AuthorizedUserHomePageLocators.STATISTIC_BUTTON).click()\n    ^^^^^^^^^^^^^^^^^^^^^^^^^^^^^^^^^^^^^^^^^^^^^^^^^^^^^^^^^^^^^^^^^^^^^^^^^^^^^^^^^^^^^^^^^^^^^^^^^^^^\n  File \"/home/runner/work/auto-tests-python/auto-tests-python/pages/base_page.py\", line 32, in element_is_present_and_clickable\n    return (Wait(self.driver, self.timeout).until(\n            ^^^^^^^^^^^^^^^^^^^^^^^^^^^^^^^^^^^^^^\n  File \"/opt/hostedtoolcache/Python/3.12.2/x64/lib/python3.12/site-packages/selenium/webdriver/support/wait.py\", line 95, in until\n    raise TimeoutException(message, screen, stacktrace)\n",
        "steps" : [ {
          "name" : "Check element is visible and clickable: ('id', '#ember6')",
          "time" : {
            "start" : 1707903472407,
            "stop" : 1707903492497,
            "duration" : 20090
          },
          "status" : "broken",
          "statusMessage" : "selenium.common.exceptions.TimeoutException: Message: Can't find element by locator ('id', '#ember6')\nStacktrace:\n#0 0x558aa9543d93 <unknown>\n#1 0x558aa9227337 <unknown>\n#2 0x558aa9272d60 <unknown>\n#3 0x558aa9272e51 <unknown>\n#4 0x558aa92b6bc4 <unknown>\n#5 0x558aa929546d <unknown>\n#6 0x558aa92b412d <unknown>\n#7 0x558aa92951e3 <unknown>\n#8 0x558aa9265135 <unknown>\n#9 0x558aa926613e <unknown>\n#10 0x558aa9507e4b <unknown>\n#11 0x558aa950bdfa <unknown>\n#12 0x558aa94f46d5 <unknown>\n#13 0x558aa950ca6f <unknown>\n#14 0x558aa94d869f <unknown>\n#15 0x558aa9531098 <unknown>\n#16 0x558aa9531262 <unknown>\n#17 0x558aa9542f34 <unknown>\n#18 0x7fd44ca94ac3 <unknown>\n\n",
          "statusTrace" : "  File \"/home/runner/work/auto-tests-python/auto-tests-python/pages/base_page.py\", line 32, in element_is_present_and_clickable\n    return (Wait(self.driver, self.timeout).until(\n            ^^^^^^^^^^^^^^^^^^^^^^^^^^^^^^^^^^^^^^\n  File \"/opt/hostedtoolcache/Python/3.12.2/x64/lib/python3.12/site-packages/selenium/webdriver/support/wait.py\", line 95, in until\n    raise TimeoutException(message, screen, stacktrace)\n",
          "steps" : [ ],
          "attachments" : [ ],
          "parameters" : [ ],
          "attachmentsCount" : 0,
          "shouldDisplayMessage" : true,
          "stepsCount" : 0,
          "hasContent" : true
        } ],
        "attachments" : [ ],
        "parameters" : [ ],
        "attachmentsCount" : 0,
        "shouldDisplayMessage" : false,
        "stepsCount" : 1,
        "hasContent" : true
      } ],
      "attachments" : [ ],
      "parameters" : [ ],
      "attachmentsCount" : 0,
      "shouldDisplayMessage" : false,
      "stepsCount" : 2,
      "hasContent" : true
    } ],
    "attachments" : [ {
      "uid" : "3a609cae2ac963ff",
      "name" : "Screenshot",
      "source" : "3a609cae2ac963ff.png",
      "type" : "image/png",
      "size" : 117844
    }, {
      "uid" : "190a9971872a0256",
      "name" : "HTML source",
      "source" : "190a9971872a0256.html",
      "type" : "text/html",
      "size" : 33550
    } ],
    "parameters" : [ ],
    "attachmentsCount" : 2,
    "shouldDisplayMessage" : true,
    "stepsCount" : 3,
    "hasContent" : true
  },
  "afterStages" : [ {
    "name" : "driver::0",
    "time" : {
      "start" : 1707903492674,
      "stop" : 1707903492867,
      "duration" : 193
    },
    "status" : "passed",
    "steps" : [ ],
    "attachments" : [ {
      "uid" : "eb9400fb2605bbd0",
      "name" : "Screenshot 2024-02-14 09:38:12.808132",
      "source" : "eb9400fb2605bbd0.png",
      "type" : "image/png",
      "size" : 117844
    } ],
    "parameters" : [ ],
    "attachmentsCount" : 1,
    "shouldDisplayMessage" : false,
    "stepsCount" : 0,
    "hasContent" : true
  } ],
  "labels" : [ {
    "name" : "suite",
    "value" : "Слова."
  }, {
    "name" : "epic",
    "value" : "Речевые упражнения."
  }, {
    "name" : "parentSuite",
    "value" : "tests"
  }, {
    "name" : "subSuite",
    "value" : "TestCardsRU"
  }, {
    "name" : "host",
    "value" : "fv-az1385-71"
  }, {
    "name" : "thread",
    "value" : "1819-MainThread"
  }, {
    "name" : "framework",
    "value" : "pytest"
  }, {
    "name" : "language",
    "value" : "cpython3"
  }, {
    "name" : "package",
    "value" : "tests.test_speech_exercises_ru"
  }, {
    "name" : "resultFormat",
    "value" : "allure2"
  } ],
  "parameters" : [ ],
  "links" : [ ],
  "hidden" : false,
  "retry" : false,
  "extra" : {
    "severity" : "normal",
    "retries" : [ ],
    "categories" : [ {
      "name" : "Test defects",
      "matchedStatuses" : [ ],
      "flaky" : false
    } ],
    "history" : {
      "statistic" : {
        "failed" : 0,
        "broken" : 7,
        "skipped" : 0,
        "passed" : 5,
        "unknown" : 0,
        "total" : 12
      },
      "items" : [ {
        "uid" : "f3f302138d58003f",
        "status" : "broken",
        "statusDetails" : "selenium.common.exceptions.TimeoutException: Message: Can't find element by locator ('xpath', '//a[text()=\"Упражнения\"]')\nStacktrace:\n#0 0x55e92db5ed93 <unknown>\n#1 0x55e92d842337 <unknown>\n#2 0x55e92d88dd60 <unknown>\n#3 0x55e92d88de51 <unknown>\n#4 0x55e92d8d1bc4 <unknown>\n#5 0x55e92d8b046d <unknown>\n#6 0x55e92d8cf12d <unknown>\n#7 0x55e92d8b01e3 <unknown>\n#8 0x55e92d880135 <unknown>\n#9 0x55e92d88113e <unknown>\n#10 0x55e92db22e4b <unknown>\n#11 0x55e92db26dfa <unknown>\n#12 0x55e92db0f6d5 <unknown>\n#13 0x55e92db27a6f <unknown>\n#14 0x55e92daf369f <unknown>\n#15 0x55e92db4c098 <unknown>\n#16 0x55e92db4c262 <unknown>\n#17 0x55e92db5df34 <unknown>\n#18 0x7f9c62094ac3 <unknown>",
        "time" : {
          "start" : 1707903293977,
          "stop" : 1707903318246,
          "duration" : 24269
        }
      }, {
        "uid" : "ab1ef02bcdaf1382",
        "status" : "broken",
        "statusDetails" : "selenium.common.exceptions.TimeoutException: Message: Can't find element by locator ('id', '#ember6')\nStacktrace:\n#0 0x563b5df1fd93 <unknown>\n#1 0x563b5dc03337 <unknown>\n#2 0x563b5dc4ed60 <unknown>\n#3 0x563b5dc4ee51 <unknown>\n#4 0x563b5dc92bc4 <unknown>\n#5 0x563b5dc7146d <unknown>\n#6 0x563b5dc9012d <unknown>\n#7 0x563b5dc711e3 <unknown>\n#8 0x563b5dc41135 <unknown>\n#9 0x563b5dc4213e <unknown>\n#10 0x563b5dee3e4b <unknown>\n#11 0x563b5dee7dfa <unknown>\n#12 0x563b5ded06d5 <unknown>\n#13 0x563b5dee8a6f <unknown>\n#14 0x563b5deb469f <unknown>\n#15 0x563b5df0d098 <unknown>\n#16 0x563b5df0d262 <unknown>\n#17 0x563b5df1ef34 <unknown>\n#18 0x7f0172094ac3 <unknown>",
        "time" : {
          "start" : 1707902471737,
          "stop" : 1707902492151,
          "duration" : 20414
        }
      }, {
        "uid" : "32ce68032eb09b19",
        "status" : "broken",
        "statusDetails" : "selenium.common.exceptions.TimeoutException: Message: Can't find element by locator ('id', '#ember6')\nStacktrace:\n#0 0x56369fe8bd93 <unknown>\n#1 0x56369fb6f337 <unknown>\n#2 0x56369fbbad60 <unknown>\n#3 0x56369fbbae51 <unknown>\n#4 0x56369fbfebc4 <unknown>\n#5 0x56369fbdd46d <unknown>\n#6 0x56369fbfc12d <unknown>\n#7 0x56369fbdd1e3 <unknown>\n#8 0x56369fbad135 <unknown>\n#9 0x56369fbae13e <unknown>\n#10 0x56369fe4fe4b <unknown>\n#11 0x56369fe53dfa <unknown>\n#12 0x56369fe3c6d5 <unknown>\n#13 0x56369fe54a6f <unknown>\n#14 0x56369fe2069f <unknown>\n#15 0x56369fe79098 <unknown>\n#16 0x56369fe79262 <unknown>\n#17 0x56369fe8af34 <unknown>\n#18 0x7fcac1094ac3 <unknown>",
        "time" : {
          "start" : 1707858579605,
          "stop" : 1707858599706,
          "duration" : 20101
        }
      }, {
        "uid" : "cb7bbe604a3342e0",
        "status" : "broken",
        "statusDetails" : "AttributeError: type object 'AuthorizedUserHomePageLocators' has no attribute 'STATISTIC_RU'. Did you mean: 'STATISTIC_DATA'?",
        "time" : {
          "start" : 1707857005875,
          "stop" : 1707857005877,
          "duration" : 2
        }
      }, {
        "uid" : "b1a444db33e1246f",
        "status" : "broken",
        "statusDetails" : "selenium.common.exceptions.TimeoutException: Message: Can't find element by locator ('xpath', \"//a[text()='Статистика']\")\nStacktrace:\n#0 0x5613f58c5d93 <unknown>\n#1 0x5613f55a9337 <unknown>\n#2 0x5613f55f4d60 <unknown>\n#3 0x5613f55f4e51 <unknown>\n#4 0x5613f5638bc4 <unknown>\n#5 0x5613f561746d <unknown>\n#6 0x5613f563612d <unknown>\n#7 0x5613f56171e3 <unknown>\n#8 0x5613f55e7135 <unknown>\n#9 0x5613f55e813e <unknown>\n#10 0x5613f5889e4b <unknown>\n#11 0x5613f588ddfa <unknown>\n#12 0x5613f58766d5 <unknown>\n#13 0x5613f588ea6f <unknown>\n#14 0x5613f585a69f <unknown>\n#15 0x5613f58b3098 <unknown>\n#16 0x5613f58b3262 <unknown>\n#17 0x5613f58c4f34 <unknown>\n#18 0x7fbbe2c94ac3 <unknown>",
        "time" : {
          "start" : 1707855522046,
          "stop" : 1707855542457,
          "duration" : 20411
        }
      }, {
        "uid" : "ff34fe163a19e584",
        "status" : "passed",
        "time" : {
          "start" : 1707829189554,
          "stop" : 1707829252096,
          "duration" : 62542
        }
      }, {
        "uid" : "aea462f20814fb66",
        "status" : "passed",
        "time" : {
          "start" : 1707827831480,
          "stop" : 1707827889128,
          "duration" : 57648
        }
      }, {
        "uid" : "c25f711e845e005a",
        "status" : "passed",
        "time" : {
          "start" : 1707758895060,
          "stop" : 1707758956277,
          "duration" : 61217
        }
      }, {
        "uid" : "94a2646906539acc",
        "status" : "passed",
        "time" : {
          "start" : 1707758044946,
          "stop" : 1707758096747,
          "duration" : 51801
        }
      }, {
        "uid" : "9d2d562d2beef3ca",
        "status" : "broken",
        "statusDetails" : "selenium.common.exceptions.TimeoutException: Message: Can't find element by locator https://brainup.site/groups",
        "time" : {
          "start" : 1707756965379,
          "stop" : 1707756965379,
          "duration" : 0
        }
      }, {
        "uid" : "33de32e5f4ef3456",
        "status" : "passed",
        "time" : {
          "start" : 1707752852792,
          "stop" : 1707752896842,
          "duration" : 44050
        }
      } ]
    },
    "tags" : [ ]
  },
  "source" : "9987865623867dcc.json",
  "parameterValues" : [ ]
}