{
  "uid" : "a136e7411e26d1ff",
  "name" : "Solutions to a random task in the \"Слова\" group and comparison of statics.",
  "fullName" : "tests.test_speech_exercises_ru.TestCardsRU#test_solve_word_cards_with_statistic_ru",
  "historyId" : "0fb6881b2015244903bd7785af7503a6",
  "time" : {
    "start" : 1715513847078,
    "stop" : 1715513867713,
    "duration" : 20635
  },
  "status" : "skipped",
  "statusMessage" : "XFAIL\n\nselenium.common.exceptions.TimeoutException: Message: Can't find element by locator ('xpath', '//div[@class=\"__51e19\"]')\nStacktrace:\n#0 0x55c858666e33 <unknown>\n#1 0x55c858356567 <unknown>\n#2 0x55c8583a127d <unknown>\n#3 0x55c8583a1331 <unknown>\n#4 0x55c8583e4624 <unknown>\n#5 0x55c8583c338d <unknown>\n#6 0x55c8583e1ae2 <unknown>\n#7 0x55c8583c3103 <unknown>\n#8 0x55c8583941ba <unknown>\n#9 0x55c858394b8e <unknown>\n#10 0x55c85862b59b <unknown>\n#11 0x55c85862f34b <unknown>\n#12 0x55c858617681 <unknown>\n#13 0x55c85862feb2 <unknown>\n#14 0x55c8585fc6af <unknown>\n#15 0x55c858656428 <unknown>\n#16 0x55c858656600 <unknown>\n#17 0x55c858665f84 <unknown>\n#18 0x7fcb17e94ac3 <unknown>",
  "statusTrace" : "self = <tests.test_speech_exercises_ru.TestCardsRU object at 0x7f38d5cc4890>\ndriver = <selenium.webdriver.chrome.webdriver.WebDriver (session=\"6c91370f4077c500ddeeae12df429a43\")>\ndefault_user_authorized = None\n\n    @pytest.mark.xfail\n    @allure.suite('Слова.')\n    @allure.title('Solutions to a random task in the \"Слова\" group and comparison of statics.')\n    def test_solve_word_cards_with_statistic_ru(self, driver, default_user_authorized):\n        page = SpeechExercisesPageRU(driver)\n        page.click_button_ru()\n>       table = page.get_statistic_data()\n\ntests/test_speech_exercises_ru.py:167: \n_ _ _ _ _ _ _ _ _ _ _ _ _ _ _ _ _ _ _ _ _ _ _ _ _ _ _ _ _ _ _ _ _ _ _ _ _ _ _ _ \npages/speech_exercises_page_ru.py:116: in get_statistic_data\n    table = self.element_is_present(self.locators.AuthorizedUserHomePageLocators.STATISTIC_TABLE)\npages/base_page.py:55: in element_is_present\n    return Wait(self.driver, self.timeout).until(\n_ _ _ _ _ _ _ _ _ _ _ _ _ _ _ _ _ _ _ _ _ _ _ _ _ _ _ _ _ _ _ _ _ _ _ _ _ _ _ _ \n\nself = <selenium.webdriver.support.wait.WebDriverWait (session=\"6c91370f4077c500ddeeae12df429a43\")>\nmethod = <function presence_of_element_located.<locals>._predicate at 0x7f38d5dc40e0>\nmessage = 'Can\\'t find element by locator (\\'xpath\\', \\'//div[@class=\"__51e19\"]\\')'\n\n    def until(self, method, message: str = \"\"):\n        \"\"\"Calls the method provided with the driver as an argument until the \\\n        return value does not evaluate to ``False``.\n    \n        :param method: callable(WebDriver)\n        :param message: optional message for :exc:`TimeoutException`\n        :returns: the result of the last call to `method`\n        :raises: :exc:`selenium.common.exceptions.TimeoutException` if timeout occurs\n        \"\"\"\n        screen = None\n        stacktrace = None\n    \n        end_time = time.monotonic() + self._timeout\n        while True:\n            try:\n                value = method(self._driver)\n                if value:\n                    return value\n            except self._ignored_exceptions as exc:\n                screen = getattr(exc, \"screen\", None)\n                stacktrace = getattr(exc, \"stacktrace\", None)\n            time.sleep(self._poll)\n            if time.monotonic() > end_time:\n                break\n>       raise TimeoutException(message, screen, stacktrace)\nE       selenium.common.exceptions.TimeoutException: Message: Can't find element by locator ('xpath', '//div[@class=\"__51e19\"]')\nE       Stacktrace:\nE       #0 0x55c858666e33 <unknown>\nE       #1 0x55c858356567 <unknown>\nE       #2 0x55c8583a127d <unknown>\nE       #3 0x55c8583a1331 <unknown>\nE       #4 0x55c8583e4624 <unknown>\nE       #5 0x55c8583c338d <unknown>\nE       #6 0x55c8583e1ae2 <unknown>\nE       #7 0x55c8583c3103 <unknown>\nE       #8 0x55c8583941ba <unknown>\nE       #9 0x55c858394b8e <unknown>\nE       #10 0x55c85862b59b <unknown>\nE       #11 0x55c85862f34b <unknown>\nE       #12 0x55c858617681 <unknown>\nE       #13 0x55c85862feb2 <unknown>\nE       #14 0x55c8585fc6af <unknown>\nE       #15 0x55c858656428 <unknown>\nE       #16 0x55c858656600 <unknown>\nE       #17 0x55c858665f84 <unknown>\nE       #18 0x7fcb17e94ac3 <unknown>\n\n/opt/hostedtoolcache/Python/3.12.3/x64/lib/python3.12/site-packages/selenium/webdriver/support/wait.py:95: TimeoutException",
  "flaky" : false,
  "newFailed" : false,
  "beforeStages" : [ {
    "name" : "clear_allure_results_folder",
    "time" : {
      "start" : 1715512675718,
      "stop" : 1715512675718,
      "duration" : 0
    },
    "status" : "passed",
    "steps" : [ ],
    "attachments" : [ ],
    "parameters" : [ ],
    "stepsCount" : 0,
    "hasContent" : false,
    "attachmentsCount" : 0,
    "shouldDisplayMessage" : false
  }, {
    "name" : "driver",
    "time" : {
      "start" : 1715513839284,
      "stop" : 1715513839972,
      "duration" : 688
    },
    "status" : "passed",
    "steps" : [ ],
    "attachments" : [ ],
    "parameters" : [ ],
    "stepsCount" : 0,
    "hasContent" : false,
    "attachmentsCount" : 0,
    "shouldDisplayMessage" : false
  }, {
    "name" : "main_page_open",
    "time" : {
      "start" : 1715513839972,
      "stop" : 1715513843754,
      "duration" : 3782
    },
    "status" : "passed",
    "steps" : [ {
      "name" : "Open page: https://brainup.site/",
      "time" : {
        "start" : 1715513839972,
        "stop" : 1715513843754,
        "duration" : 3782
      },
      "status" : "passed",
      "steps" : [ ],
      "attachments" : [ ],
      "parameters" : [ {
        "name" : "driver",
        "value" : "<selenium.webdriver.chrome.webdriver.WebDriver (session=\"6c91370f4077c500ddeeae12df429a43\")>"
      } ],
      "stepsCount" : 0,
      "hasContent" : true,
      "attachmentsCount" : 0,
      "shouldDisplayMessage" : false
    } ],
    "attachments" : [ ],
    "parameters" : [ ],
    "stepsCount" : 1,
    "hasContent" : true,
    "attachmentsCount" : 0,
    "shouldDisplayMessage" : false
  }, {
    "name" : "default_user_authorized",
    "time" : {
      "start" : 1715513843754,
      "stop" : 1715513847078,
      "duration" : 3324
    },
    "status" : "passed",
    "steps" : [ {
      "name" : "DEFAULT user authorized",
      "time" : {
        "start" : 1715513843754,
        "stop" : 1715513847077,
        "duration" : 3323
      },
      "status" : "passed",
      "steps" : [ {
        "name" : "Check element is visible and clickable: ('xpath', '//a[@id=\"ember11\"]')",
        "time" : {
          "start" : 1715513843754,
          "stop" : 1715513843791,
          "duration" : 37
        },
        "status" : "passed",
        "steps" : [ {
          "name" : "Check element is clickable",
          "time" : {
            "start" : 1715513843772,
            "stop" : 1715513843791,
            "duration" : 19
          },
          "status" : "passed",
          "steps" : [ {
            "name" : "Check element is clickable: ('xpath', '//a[@id=\"ember11\"]')",
            "time" : {
              "start" : 1715513843772,
              "stop" : 1715513843791,
              "duration" : 19
            },
            "status" : "passed",
            "steps" : [ ],
            "attachments" : [ ],
            "parameters" : [ ],
            "stepsCount" : 0,
            "hasContent" : false,
            "attachmentsCount" : 0,
            "shouldDisplayMessage" : false
          } ],
          "attachments" : [ ],
          "parameters" : [ {
            "name" : "locator",
            "value" : "('xpath', '//a[@id=\"ember11\"]')"
          } ],
          "stepsCount" : 1,
          "hasContent" : true,
          "attachmentsCount" : 0,
          "shouldDisplayMessage" : false
        } ],
        "attachments" : [ ],
        "parameters" : [ ],
        "stepsCount" : 2,
        "hasContent" : true,
        "attachmentsCount" : 0,
        "shouldDisplayMessage" : false
      }, {
        "name" : "Check element is visible: ('xpath', '//input[@id=\"login\"]')",
        "time" : {
          "start" : 1715513843839,
          "stop" : 1715513843865,
          "duration" : 26
        },
        "status" : "passed",
        "steps" : [ {
          "name" : "Check element is present: ('xpath', '//input[@id=\"login\"]')",
          "time" : {
            "start" : 1715513843839,
            "stop" : 1715513843849,
            "duration" : 10
          },
          "status" : "passed",
          "steps" : [ ],
          "attachments" : [ ],
          "parameters" : [ ],
          "stepsCount" : 0,
          "hasContent" : false,
          "attachmentsCount" : 0,
          "shouldDisplayMessage" : false
        }, {
          "name" : "Go to element: <selenium.webdriver.remote.webelement.WebElement (session=\"6c91370f4077c500ddeeae12df429a43\", element=\"f.E08917E7901D0664DD29527EA4612928.d.2DF6267C672DE409FA7096DA174B2123.e.27\")>",
          "time" : {
            "start" : 1715513843849,
            "stop" : 1715513843853,
            "duration" : 4
          },
          "status" : "passed",
          "steps" : [ ],
          "attachments" : [ ],
          "parameters" : [ ],
          "stepsCount" : 0,
          "hasContent" : false,
          "attachmentsCount" : 0,
          "shouldDisplayMessage" : false
        } ],
        "attachments" : [ ],
        "parameters" : [ ],
        "stepsCount" : 2,
        "hasContent" : true,
        "attachmentsCount" : 0,
        "shouldDisplayMessage" : false
      }, {
        "name" : "Check element is visible: ('xpath', '//input[@id=\"password\"]')",
        "time" : {
          "start" : 1715513843918,
          "stop" : 1715513843946,
          "duration" : 28
        },
        "status" : "passed",
        "steps" : [ {
          "name" : "Check element is present: ('xpath', '//input[@id=\"password\"]')",
          "time" : {
            "start" : 1715513843919,
            "stop" : 1715513843929,
            "duration" : 10
          },
          "status" : "passed",
          "steps" : [ ],
          "attachments" : [ ],
          "parameters" : [ ],
          "stepsCount" : 0,
          "hasContent" : false,
          "attachmentsCount" : 0,
          "shouldDisplayMessage" : false
        }, {
          "name" : "Go to element: <selenium.webdriver.remote.webelement.WebElement (session=\"6c91370f4077c500ddeeae12df429a43\", element=\"f.E08917E7901D0664DD29527EA4612928.d.2DF6267C672DE409FA7096DA174B2123.e.30\")>",
          "time" : {
            "start" : 1715513843929,
            "stop" : 1715513843933,
            "duration" : 4
          },
          "status" : "passed",
          "steps" : [ ],
          "attachments" : [ ],
          "parameters" : [ ],
          "stepsCount" : 0,
          "hasContent" : false,
          "attachmentsCount" : 0,
          "shouldDisplayMessage" : false
        } ],
        "attachments" : [ ],
        "parameters" : [ ],
        "stepsCount" : 2,
        "hasContent" : true,
        "attachmentsCount" : 0,
        "shouldDisplayMessage" : false
      }, {
        "name" : "Check element is visible and clickable: ('xpath', '//*[@type=\"submit\"]')",
        "time" : {
          "start" : 1715513843987,
          "stop" : 1715513844017,
          "duration" : 30
        },
        "status" : "passed",
        "steps" : [ {
          "name" : "Check element is clickable",
          "time" : {
            "start" : 1715513844001,
            "stop" : 1715513844017,
            "duration" : 16
          },
          "status" : "passed",
          "steps" : [ {
            "name" : "Check element is clickable: ('xpath', '//*[@type=\"submit\"]')",
            "time" : {
              "start" : 1715513844001,
              "stop" : 1715513844017,
              "duration" : 16
            },
            "status" : "passed",
            "steps" : [ ],
            "attachments" : [ ],
            "parameters" : [ ],
            "stepsCount" : 0,
            "hasContent" : false,
            "attachmentsCount" : 0,
            "shouldDisplayMessage" : false
          } ],
          "attachments" : [ ],
          "parameters" : [ {
            "name" : "locator",
            "value" : "('xpath', '//*[@type=\"submit\"]')"
          } ],
          "stepsCount" : 1,
          "hasContent" : true,
          "attachmentsCount" : 0,
          "shouldDisplayMessage" : false
        } ],
        "attachments" : [ ],
        "parameters" : [ ],
        "stepsCount" : 2,
        "hasContent" : true,
        "attachmentsCount" : 0,
        "shouldDisplayMessage" : false
      }, {
        "name" : "Check url is present: https://brainup.site/groups",
        "time" : {
          "start" : 1715513844051,
          "stop" : 1715513847077,
          "duration" : 3026
        },
        "status" : "passed",
        "steps" : [ ],
        "attachments" : [ ],
        "parameters" : [ ],
        "stepsCount" : 0,
        "hasContent" : false,
        "attachmentsCount" : 0,
        "shouldDisplayMessage" : false
      } ],
      "attachments" : [ ],
      "parameters" : [ {
        "name" : "driver",
        "value" : "<selenium.webdriver.chrome.webdriver.WebDriver (session=\"6c91370f4077c500ddeeae12df429a43\")>"
      }, {
        "name" : "main_page_open",
        "value" : "None"
      } ],
      "stepsCount" : 13,
      "hasContent" : true,
      "attachmentsCount" : 0,
      "shouldDisplayMessage" : false
    } ],
    "attachments" : [ ],
    "parameters" : [ ],
    "stepsCount" : 14,
    "hasContent" : true,
    "attachmentsCount" : 0,
    "shouldDisplayMessage" : false
  } ],
  "testStage" : {
    "status" : "skipped",
    "statusMessage" : "XFAIL\n\nselenium.common.exceptions.TimeoutException: Message: Can't find element by locator ('xpath', '//div[@class=\"__51e19\"]')\nStacktrace:\n#0 0x55c858666e33 <unknown>\n#1 0x55c858356567 <unknown>\n#2 0x55c8583a127d <unknown>\n#3 0x55c8583a1331 <unknown>\n#4 0x55c8583e4624 <unknown>\n#5 0x55c8583c338d <unknown>\n#6 0x55c8583e1ae2 <unknown>\n#7 0x55c8583c3103 <unknown>\n#8 0x55c8583941ba <unknown>\n#9 0x55c858394b8e <unknown>\n#10 0x55c85862b59b <unknown>\n#11 0x55c85862f34b <unknown>\n#12 0x55c858617681 <unknown>\n#13 0x55c85862feb2 <unknown>\n#14 0x55c8585fc6af <unknown>\n#15 0x55c858656428 <unknown>\n#16 0x55c858656600 <unknown>\n#17 0x55c858665f84 <unknown>\n#18 0x7fcb17e94ac3 <unknown>",
    "statusTrace" : "self = <tests.test_speech_exercises_ru.TestCardsRU object at 0x7f38d5cc4890>\ndriver = <selenium.webdriver.chrome.webdriver.WebDriver (session=\"6c91370f4077c500ddeeae12df429a43\")>\ndefault_user_authorized = None\n\n    @pytest.mark.xfail\n    @allure.suite('Слова.')\n    @allure.title('Solutions to a random task in the \"Слова\" group and comparison of statics.')\n    def test_solve_word_cards_with_statistic_ru(self, driver, default_user_authorized):\n        page = SpeechExercisesPageRU(driver)\n        page.click_button_ru()\n>       table = page.get_statistic_data()\n\ntests/test_speech_exercises_ru.py:167: \n_ _ _ _ _ _ _ _ _ _ _ _ _ _ _ _ _ _ _ _ _ _ _ _ _ _ _ _ _ _ _ _ _ _ _ _ _ _ _ _ \npages/speech_exercises_page_ru.py:116: in get_statistic_data\n    table = self.element_is_present(self.locators.AuthorizedUserHomePageLocators.STATISTIC_TABLE)\npages/base_page.py:55: in element_is_present\n    return Wait(self.driver, self.timeout).until(\n_ _ _ _ _ _ _ _ _ _ _ _ _ _ _ _ _ _ _ _ _ _ _ _ _ _ _ _ _ _ _ _ _ _ _ _ _ _ _ _ \n\nself = <selenium.webdriver.support.wait.WebDriverWait (session=\"6c91370f4077c500ddeeae12df429a43\")>\nmethod = <function presence_of_element_located.<locals>._predicate at 0x7f38d5dc40e0>\nmessage = 'Can\\'t find element by locator (\\'xpath\\', \\'//div[@class=\"__51e19\"]\\')'\n\n    def until(self, method, message: str = \"\"):\n        \"\"\"Calls the method provided with the driver as an argument until the \\\n        return value does not evaluate to ``False``.\n    \n        :param method: callable(WebDriver)\n        :param message: optional message for :exc:`TimeoutException`\n        :returns: the result of the last call to `method`\n        :raises: :exc:`selenium.common.exceptions.TimeoutException` if timeout occurs\n        \"\"\"\n        screen = None\n        stacktrace = None\n    \n        end_time = time.monotonic() + self._timeout\n        while True:\n            try:\n                value = method(self._driver)\n                if value:\n                    return value\n            except self._ignored_exceptions as exc:\n                screen = getattr(exc, \"screen\", None)\n                stacktrace = getattr(exc, \"stacktrace\", None)\n            time.sleep(self._poll)\n            if time.monotonic() > end_time:\n                break\n>       raise TimeoutException(message, screen, stacktrace)\nE       selenium.common.exceptions.TimeoutException: Message: Can't find element by locator ('xpath', '//div[@class=\"__51e19\"]')\nE       Stacktrace:\nE       #0 0x55c858666e33 <unknown>\nE       #1 0x55c858356567 <unknown>\nE       #2 0x55c8583a127d <unknown>\nE       #3 0x55c8583a1331 <unknown>\nE       #4 0x55c8583e4624 <unknown>\nE       #5 0x55c8583c338d <unknown>\nE       #6 0x55c8583e1ae2 <unknown>\nE       #7 0x55c8583c3103 <unknown>\nE       #8 0x55c8583941ba <unknown>\nE       #9 0x55c858394b8e <unknown>\nE       #10 0x55c85862b59b <unknown>\nE       #11 0x55c85862f34b <unknown>\nE       #12 0x55c858617681 <unknown>\nE       #13 0x55c85862feb2 <unknown>\nE       #14 0x55c8585fc6af <unknown>\nE       #15 0x55c858656428 <unknown>\nE       #16 0x55c858656600 <unknown>\nE       #17 0x55c858665f84 <unknown>\nE       #18 0x7fcb17e94ac3 <unknown>\n\n/opt/hostedtoolcache/Python/3.12.3/x64/lib/python3.12/site-packages/selenium/webdriver/support/wait.py:95: TimeoutException",
    "steps" : [ {
      "name" : "click_button RU",
      "time" : {
        "start" : 1715513847078,
        "stop" : 1715513847144,
        "duration" : 66
      },
      "status" : "passed",
      "steps" : [ {
        "name" : "Click button \"RU\".",
        "time" : {
          "start" : 1715513847078,
          "stop" : 1715513847144,
          "duration" : 66
        },
        "status" : "passed",
        "steps" : [ {
          "name" : "Check element is visible and clickable: ('xpath', \"//*[contains(text(),'RU')]\")",
          "time" : {
            "start" : 1715513847078,
            "stop" : 1715513847109,
            "duration" : 31
          },
          "status" : "passed",
          "steps" : [ {
            "name" : "Check element is clickable",
            "time" : {
              "start" : 1715513847094,
              "stop" : 1715513847109,
              "duration" : 15
            },
            "status" : "passed",
            "steps" : [ {
              "name" : "Check element is clickable: ('xpath', \"//*[contains(text(),'RU')]\")",
              "time" : {
                "start" : 1715513847094,
                "stop" : 1715513847109,
                "duration" : 15
              },
              "status" : "passed",
              "steps" : [ ],
              "attachments" : [ ],
              "parameters" : [ ],
              "stepsCount" : 0,
              "hasContent" : false,
              "attachmentsCount" : 0,
              "shouldDisplayMessage" : false
            } ],
            "attachments" : [ ],
            "parameters" : [ {
              "name" : "locator",
              "value" : "('xpath', \"//*[contains(text(),'RU')]\")"
            } ],
            "stepsCount" : 1,
            "hasContent" : true,
            "attachmentsCount" : 0,
            "shouldDisplayMessage" : false
          } ],
          "attachments" : [ ],
          "parameters" : [ ],
          "stepsCount" : 2,
          "hasContent" : true,
          "attachmentsCount" : 0,
          "shouldDisplayMessage" : false
        } ],
        "attachments" : [ ],
        "parameters" : [ ],
        "stepsCount" : 3,
        "hasContent" : true,
        "attachmentsCount" : 0,
        "shouldDisplayMessage" : false
      } ],
      "attachments" : [ ],
      "parameters" : [ ],
      "stepsCount" : 4,
      "hasContent" : true,
      "attachmentsCount" : 0,
      "shouldDisplayMessage" : false
    }, {
      "name" : "get_statistic_data",
      "time" : {
        "start" : 1715513847144,
        "stop" : 1715513867712,
        "duration" : 20568
      },
      "status" : "broken",
      "statusMessage" : "selenium.common.exceptions.TimeoutException: Message: Can't find element by locator ('xpath', '//div[@class=\"__51e19\"]')\nStacktrace:\n#0 0x55c858666e33 <unknown>\n#1 0x55c858356567 <unknown>\n#2 0x55c8583a127d <unknown>\n#3 0x55c8583a1331 <unknown>\n#4 0x55c8583e4624 <unknown>\n#5 0x55c8583c338d <unknown>\n#6 0x55c8583e1ae2 <unknown>\n#7 0x55c8583c3103 <unknown>\n#8 0x55c8583941ba <unknown>\n#9 0x55c858394b8e <unknown>\n#10 0x55c85862b59b <unknown>\n#11 0x55c85862f34b <unknown>\n#12 0x55c858617681 <unknown>\n#13 0x55c85862feb2 <unknown>\n#14 0x55c8585fc6af <unknown>\n#15 0x55c858656428 <unknown>\n#16 0x55c858656600 <unknown>\n#17 0x55c858665f84 <unknown>\n#18 0x7fcb17e94ac3 <unknown>\n\n",
      "statusTrace" : "  File \"/opt/hostedtoolcache/Python/3.12.3/x64/lib/python3.12/site-packages/allure_commons/_allure.py\", line 192, in impl\n    return func(*a, **kw)\n           ^^^^^^^^^^^^^^\n  File \"/home/runner/work/auto-tests-python/auto-tests-python/pages/speech_exercises_page_ru.py\", line 116, in get_statistic_data\n    table = self.element_is_present(self.locators.AuthorizedUserHomePageLocators.STATISTIC_TABLE)\n            ^^^^^^^^^^^^^^^^^^^^^^^^^^^^^^^^^^^^^^^^^^^^^^^^^^^^^^^^^^^^^^^^^^^^^^^^^^^^^^^^^^^^^\n  File \"/home/runner/work/auto-tests-python/auto-tests-python/pages/base_page.py\", line 55, in element_is_present\n    return Wait(self.driver, self.timeout).until(\n           ^^^^^^^^^^^^^^^^^^^^^^^^^^^^^^^^^^^^^^\n  File \"/opt/hostedtoolcache/Python/3.12.3/x64/lib/python3.12/site-packages/selenium/webdriver/support/wait.py\", line 95, in until\n    raise TimeoutException(message, screen, stacktrace)\n",
      "steps" : [ {
        "name" : "Click button \"Статистика\"\".",
        "time" : {
          "start" : 1715513847144,
          "stop" : 1715513847224,
          "duration" : 80
        },
        "status" : "passed",
        "steps" : [ {
          "name" : "Check element is visible and clickable: ('xpath', '//a[@href=\"/profile/statistics\"]')",
          "time" : {
            "start" : 1715513847144,
            "stop" : 1715513847175,
            "duration" : 31
          },
          "status" : "passed",
          "steps" : [ {
            "name" : "Check element is clickable",
            "time" : {
              "start" : 1715513847160,
              "stop" : 1715513847175,
              "duration" : 15
            },
            "status" : "passed",
            "steps" : [ {
              "name" : "Check element is clickable: ('xpath', '//a[@href=\"/profile/statistics\"]')",
              "time" : {
                "start" : 1715513847160,
                "stop" : 1715513847175,
                "duration" : 15
              },
              "status" : "passed",
              "steps" : [ ],
              "attachments" : [ ],
              "parameters" : [ ],
              "stepsCount" : 0,
              "hasContent" : false,
              "attachmentsCount" : 0,
              "shouldDisplayMessage" : false
            } ],
            "attachments" : [ ],
            "parameters" : [ {
              "name" : "locator",
              "value" : "('xpath', '//a[@href=\"/profile/statistics\"]')"
            } ],
            "stepsCount" : 1,
            "hasContent" : true,
            "attachmentsCount" : 0,
            "shouldDisplayMessage" : false
          } ],
          "attachments" : [ ],
          "parameters" : [ ],
          "stepsCount" : 2,
          "hasContent" : true,
          "attachmentsCount" : 0,
          "shouldDisplayMessage" : false
        } ],
        "attachments" : [ ],
        "parameters" : [ ],
        "stepsCount" : 3,
        "hasContent" : true,
        "attachmentsCount" : 0,
        "shouldDisplayMessage" : false
      }, {
        "name" : "Check statistic table is present and scroll to table",
        "time" : {
          "start" : 1715513847224,
          "stop" : 1715513867712,
          "duration" : 20488
        },
        "status" : "broken",
        "statusMessage" : "selenium.common.exceptions.TimeoutException: Message: Can't find element by locator ('xpath', '//div[@class=\"__51e19\"]')\nStacktrace:\n#0 0x55c858666e33 <unknown>\n#1 0x55c858356567 <unknown>\n#2 0x55c8583a127d <unknown>\n#3 0x55c8583a1331 <unknown>\n#4 0x55c8583e4624 <unknown>\n#5 0x55c8583c338d <unknown>\n#6 0x55c8583e1ae2 <unknown>\n#7 0x55c8583c3103 <unknown>\n#8 0x55c8583941ba <unknown>\n#9 0x55c858394b8e <unknown>\n#10 0x55c85862b59b <unknown>\n#11 0x55c85862f34b <unknown>\n#12 0x55c858617681 <unknown>\n#13 0x55c85862feb2 <unknown>\n#14 0x55c8585fc6af <unknown>\n#15 0x55c858656428 <unknown>\n#16 0x55c858656600 <unknown>\n#17 0x55c858665f84 <unknown>\n#18 0x7fcb17e94ac3 <unknown>\n\n",
        "statusTrace" : "  File \"/home/runner/work/auto-tests-python/auto-tests-python/pages/speech_exercises_page_ru.py\", line 116, in get_statistic_data\n    table = self.element_is_present(self.locators.AuthorizedUserHomePageLocators.STATISTIC_TABLE)\n            ^^^^^^^^^^^^^^^^^^^^^^^^^^^^^^^^^^^^^^^^^^^^^^^^^^^^^^^^^^^^^^^^^^^^^^^^^^^^^^^^^^^^^\n  File \"/home/runner/work/auto-tests-python/auto-tests-python/pages/base_page.py\", line 55, in element_is_present\n    return Wait(self.driver, self.timeout).until(\n           ^^^^^^^^^^^^^^^^^^^^^^^^^^^^^^^^^^^^^^\n  File \"/opt/hostedtoolcache/Python/3.12.3/x64/lib/python3.12/site-packages/selenium/webdriver/support/wait.py\", line 95, in until\n    raise TimeoutException(message, screen, stacktrace)\n",
        "steps" : [ {
          "name" : "Check element is present: ('xpath', '//div[@class=\"__51e19\"]')",
          "time" : {
            "start" : 1715513847224,
            "stop" : 1715513867712,
            "duration" : 20488
          },
          "status" : "broken",
          "statusMessage" : "selenium.common.exceptions.TimeoutException: Message: Can't find element by locator ('xpath', '//div[@class=\"__51e19\"]')\nStacktrace:\n#0 0x55c858666e33 <unknown>\n#1 0x55c858356567 <unknown>\n#2 0x55c8583a127d <unknown>\n#3 0x55c8583a1331 <unknown>\n#4 0x55c8583e4624 <unknown>\n#5 0x55c8583c338d <unknown>\n#6 0x55c8583e1ae2 <unknown>\n#7 0x55c8583c3103 <unknown>\n#8 0x55c8583941ba <unknown>\n#9 0x55c858394b8e <unknown>\n#10 0x55c85862b59b <unknown>\n#11 0x55c85862f34b <unknown>\n#12 0x55c858617681 <unknown>\n#13 0x55c85862feb2 <unknown>\n#14 0x55c8585fc6af <unknown>\n#15 0x55c858656428 <unknown>\n#16 0x55c858656600 <unknown>\n#17 0x55c858665f84 <unknown>\n#18 0x7fcb17e94ac3 <unknown>\n\n",
          "statusTrace" : "  File \"/home/runner/work/auto-tests-python/auto-tests-python/pages/base_page.py\", line 55, in element_is_present\n    return Wait(self.driver, self.timeout).until(\n           ^^^^^^^^^^^^^^^^^^^^^^^^^^^^^^^^^^^^^^\n  File \"/opt/hostedtoolcache/Python/3.12.3/x64/lib/python3.12/site-packages/selenium/webdriver/support/wait.py\", line 95, in until\n    raise TimeoutException(message, screen, stacktrace)\n",
          "steps" : [ ],
          "attachments" : [ ],
          "parameters" : [ ],
          "stepsCount" : 0,
          "hasContent" : true,
          "attachmentsCount" : 0,
          "shouldDisplayMessage" : true
        } ],
        "attachments" : [ ],
        "parameters" : [ ],
        "stepsCount" : 1,
        "hasContent" : true,
        "attachmentsCount" : 0,
        "shouldDisplayMessage" : false
      } ],
      "attachments" : [ ],
      "parameters" : [ ],
      "stepsCount" : 6,
      "hasContent" : true,
      "attachmentsCount" : 0,
      "shouldDisplayMessage" : false
    } ],
    "attachments" : [ {
      "uid" : "6b9e40b96ede1714",
      "name" : "Screenshot",
      "source" : "6b9e40b96ede1714.png",
      "type" : "image/png",
      "size" : 71454
    }, {
      "uid" : "59a95cb03e2505b6",
      "name" : "HTML source",
      "source" : "59a95cb03e2505b6.html",
      "type" : "text/html",
      "size" : 38251
    } ],
    "parameters" : [ ],
    "stepsCount" : 12,
    "hasContent" : true,
    "attachmentsCount" : 2,
    "shouldDisplayMessage" : true
  },
  "afterStages" : [ {
    "name" : "driver::0",
    "time" : {
      "start" : 1715513867847,
      "stop" : 1715513868022,
      "duration" : 175
    },
    "status" : "passed",
    "steps" : [ ],
    "attachments" : [ {
      "uid" : "c750f62d03be00d9",
      "name" : "Screenshot 2024-05-12 11:37:47.960678",
      "source" : "c750f62d03be00d9.png",
      "type" : "image/png",
      "size" : 71454
    } ],
    "parameters" : [ ],
    "stepsCount" : 0,
    "hasContent" : true,
    "attachmentsCount" : 1,
    "shouldDisplayMessage" : false
  } ],
  "labels" : [ {
    "name" : "suite",
    "value" : "Слова."
  }, {
    "name" : "epic",
    "value" : "Речевые упражнения."
  }, {
    "name" : "tag",
    "value" : "@pytest.mark.xfail"
  }, {
    "name" : "parentSuite",
    "value" : "tests"
  }, {
    "name" : "subSuite",
    "value" : "TestCardsRU"
  }, {
    "name" : "host",
    "value" : "fv-az695-602"
  }, {
    "name" : "thread",
    "value" : "1809-MainThread"
  }, {
    "name" : "framework",
    "value" : "pytest"
  }, {
    "name" : "language",
    "value" : "cpython3"
  }, {
    "name" : "package",
    "value" : "tests.test_speech_exercises_ru"
  }, {
    "name" : "resultFormat",
    "value" : "allure2"
  } ],
  "parameters" : [ ],
  "links" : [ ],
  "hidden" : false,
  "retry" : false,
  "extra" : {
    "severity" : "normal",
    "retries" : [ ],
    "categories" : [ ],
    "history" : {
      "statistic" : {
        "failed" : 0,
        "broken" : 8,
        "skipped" : 135,
        "passed" : 74,
        "unknown" : 0,
        "total" : 217
      },
      "items" : [ {
        "uid" : "d415df55cbc6501",
        "status" : "skipped",
        "statusDetails" : "XFAIL\n\nselenium.common.exceptions.TimeoutException: Message: Can't find element by locator ('xpath', '//h3[@class=\"mt-6 mb-6 text-2xl font-semibold\"]')\nStacktrace:\n#0 0x5648ef601e33 <unknown>\n#1 0x5648ef2f1567 <unknown>\n#2 0x5648ef33c27d <unknown>\n#3 0x5648ef33c331 <unknown>\n#4 0x5648ef37f624 <unknown>\n#5 0x5648ef35e38d <unknown>\n#6 0x5648ef37cae2 <unknown>\n#7 0x5648ef35e103 <unknown>\n#8 0x5648ef32f1ba <unknown>\n#9 0x5648ef32fb8e <unknown>\n#10 0x5648ef5c659b <unknown>\n#11 0x5648ef5ca34b <unknown>\n#12 0x5648ef5b2681 <unknown>\n#13 0x5648ef5caeb2 <unknown>\n#14 0x5648ef5976af <unknown>\n#15 0x5648ef5f1428 <unknown>\n#16 0x5648ef5f1600 <unknown>\n#17 0x5648ef600f84 <unknown>\n#18 0x7f9217c94ac3 <unknown>",
        "time" : {
          "start" : 1715512227255,
          "stop" : 1715512301284,
          "duration" : 74029
        }
      }, {
        "uid" : "cc6e30a3527504dd",
        "status" : "skipped",
        "statusDetails" : "XFAIL\n\nselenium.common.exceptions.TimeoutException: Message: Can't find element by locator ('xpath', '//h3[@class=\"mt-6 mb-6 text-2xl font-semibold\"]')\nStacktrace:\n#0 0x563e062c4e33 <unknown>\n#1 0x563e05fb4567 <unknown>\n#2 0x563e05fff27d <unknown>\n#3 0x563e05fff331 <unknown>\n#4 0x563e06042624 <unknown>\n#5 0x563e0602138d <unknown>\n#6 0x563e0603fae2 <unknown>\n#7 0x563e06021103 <unknown>\n#8 0x563e05ff21ba <unknown>\n#9 0x563e05ff2b8e <unknown>\n#10 0x563e0628959b <unknown>\n#11 0x563e0628d34b <unknown>\n#12 0x563e06275681 <unknown>\n#13 0x563e0628deb2 <unknown>\n#14 0x563e0625a6af <unknown>\n#15 0x563e062b4428 <unknown>\n#16 0x563e062b4600 <unknown>\n#17 0x563e062c3f84 <unknown>\n#18 0x7f1db5e94ac3 <unknown>",
        "time" : {
          "start" : 1715424488946,
          "stop" : 1715424564842,
          "duration" : 75896
        }
      }, {
        "uid" : "58bd5d52b77e0a11",
        "status" : "skipped",
        "statusDetails" : "XFAIL\n\nselenium.common.exceptions.TimeoutException: Message: Can't find element by locator ('xpath', '//h3[@class=\"mt-6 mb-6 text-2xl font-semibold\"]')\nStacktrace:\n#0 0x5615d6a4ce33 <unknown>\n#1 0x5615d673c567 <unknown>\n#2 0x5615d678727d <unknown>\n#3 0x5615d6787331 <unknown>\n#4 0x5615d67ca624 <unknown>\n#5 0x5615d67a938d <unknown>\n#6 0x5615d67c7ae2 <unknown>\n#7 0x5615d67a9103 <unknown>\n#8 0x5615d677a1ba <unknown>\n#9 0x5615d677ab8e <unknown>\n#10 0x5615d6a1159b <unknown>\n#11 0x5615d6a1534b <unknown>\n#12 0x5615d69fd681 <unknown>\n#13 0x5615d6a15eb2 <unknown>\n#14 0x5615d69e26af <unknown>\n#15 0x5615d6a3c428 <unknown>\n#16 0x5615d6a3c600 <unknown>\n#17 0x5615d6a4bf84 <unknown>\n#18 0x7f39ff294ac3 <unknown>",
        "time" : {
          "start" : 1715422633853,
          "stop" : 1715422710114,
          "duration" : 76261
        }
      }, {
        "uid" : "5d64195495dbaab3",
        "status" : "skipped",
        "statusDetails" : "XFAIL\n\nselenium.common.exceptions.TimeoutException: Message: Can't find element by locator ('xpath', '//h3[@class=\"mt-6 mb-6 text-2xl font-semibold\"]')\nStacktrace:\n#0 0x55d8873d4e33 <unknown>\n#1 0x55d8870c4567 <unknown>\n#2 0x55d88710f27d <unknown>\n#3 0x55d88710f331 <unknown>\n#4 0x55d887152624 <unknown>\n#5 0x55d88713138d <unknown>\n#6 0x55d88714fae2 <unknown>\n#7 0x55d887131103 <unknown>\n#8 0x55d8871021ba <unknown>\n#9 0x55d887102b8e <unknown>\n#10 0x55d88739959b <unknown>\n#11 0x55d88739d34b <unknown>\n#12 0x55d887385681 <unknown>\n#13 0x55d88739deb2 <unknown>\n#14 0x55d88736a6af <unknown>\n#15 0x55d8873c4428 <unknown>\n#16 0x55d8873c4600 <unknown>\n#17 0x55d8873d3f84 <unknown>\n#18 0x7f42daa94ac3 <unknown>",
        "time" : {
          "start" : 1715333421943,
          "stop" : 1715333498142,
          "duration" : 76199
        }
      }, {
        "uid" : "6e44c6d7f36a3d42",
        "status" : "skipped",
        "statusDetails" : "XFAIL\n\nselenium.common.exceptions.TimeoutException: Message: Can't find element by locator ('xpath', '//h3[@class=\"mt-6 mb-6 text-2xl font-semibold\"]')\nStacktrace:\n#0 0x55b8d02f0e33 <unknown>\n#1 0x55b8cffe0567 <unknown>\n#2 0x55b8d002b27d <unknown>\n#3 0x55b8d002b331 <unknown>\n#4 0x55b8d006e624 <unknown>\n#5 0x55b8d004d38d <unknown>\n#6 0x55b8d006bae2 <unknown>\n#7 0x55b8d004d103 <unknown>\n#8 0x55b8d001e1ba <unknown>\n#9 0x55b8d001eb8e <unknown>\n#10 0x55b8d02b559b <unknown>\n#11 0x55b8d02b934b <unknown>\n#12 0x55b8d02a1681 <unknown>\n#13 0x55b8d02b9eb2 <unknown>\n#14 0x55b8d02866af <unknown>\n#15 0x55b8d02e0428 <unknown>\n#16 0x55b8d02e0600 <unknown>\n#17 0x55b8d02eff84 <unknown>\n#18 0x7ff0fbc94ac3 <unknown>",
        "time" : {
          "start" : 1715330474833,
          "stop" : 1715330549102,
          "duration" : 74269
        }
      }, {
        "uid" : "ca73a561059645bf",
        "status" : "skipped",
        "statusDetails" : "XFAIL\n\nselenium.common.exceptions.TimeoutException: Message: Can't find element by locator ('xpath', '//h3[@class=\"mt-6 mb-6 text-2xl font-semibold\"]')\nStacktrace:\n#0 0x562fe150de33 <unknown>\n#1 0x562fe11fd567 <unknown>\n#2 0x562fe124827d <unknown>\n#3 0x562fe1248331 <unknown>\n#4 0x562fe128b624 <unknown>\n#5 0x562fe126a38d <unknown>\n#6 0x562fe1288ae2 <unknown>\n#7 0x562fe126a103 <unknown>\n#8 0x562fe123b1ba <unknown>\n#9 0x562fe123bb8e <unknown>\n#10 0x562fe14d259b <unknown>\n#11 0x562fe14d634b <unknown>\n#12 0x562fe14be681 <unknown>\n#13 0x562fe14d6eb2 <unknown>\n#14 0x562fe14a36af <unknown>\n#15 0x562fe14fd428 <unknown>\n#16 0x562fe14fd600 <unknown>\n#17 0x562fe150cf84 <unknown>\n#18 0x7f2ae2e94ac3 <unknown>",
        "time" : {
          "start" : 1715248586637,
          "stop" : 1715248660598,
          "duration" : 73961
        }
      }, {
        "uid" : "bf4f86fbe1d88010",
        "status" : "skipped",
        "statusDetails" : "XFAIL\n\nselenium.common.exceptions.TimeoutException: Message: Can't find element by locator ('xpath', '//h3[@class=\"mt-6 mb-6 text-2xl font-semibold\"]')\nStacktrace:\n#0 0x562c3f595e33 <unknown>\n#1 0x562c3f285567 <unknown>\n#2 0x562c3f2d027d <unknown>\n#3 0x562c3f2d0331 <unknown>\n#4 0x562c3f313624 <unknown>\n#5 0x562c3f2f238d <unknown>\n#6 0x562c3f310ae2 <unknown>\n#7 0x562c3f2f2103 <unknown>\n#8 0x562c3f2c31ba <unknown>\n#9 0x562c3f2c3b8e <unknown>\n#10 0x562c3f55a59b <unknown>\n#11 0x562c3f55e34b <unknown>\n#12 0x562c3f546681 <unknown>\n#13 0x562c3f55eeb2 <unknown>\n#14 0x562c3f52b6af <unknown>\n#15 0x562c3f585428 <unknown>\n#16 0x562c3f585600 <unknown>\n#17 0x562c3f594f84 <unknown>\n#18 0x7f5e86494ac3 <unknown>",
        "time" : {
          "start" : 1715245768729,
          "stop" : 1715245846558,
          "duration" : 77829
        }
      }, {
        "uid" : "a0a9aa4501c40fc4",
        "status" : "skipped",
        "statusDetails" : "XFAIL\n\nselenium.common.exceptions.TimeoutException: Message: Can't find element by locator ('xpath', '//h3[@class=\"mt-6 mb-6 text-2xl font-semibold\"]')\nStacktrace:\n#0 0x5560d6c49e33 <unknown>\n#1 0x5560d6939567 <unknown>\n#2 0x5560d698427d <unknown>\n#3 0x5560d6984331 <unknown>\n#4 0x5560d69c7624 <unknown>\n#5 0x5560d69a638d <unknown>\n#6 0x5560d69c4ae2 <unknown>\n#7 0x5560d69a6103 <unknown>\n#8 0x5560d69771ba <unknown>\n#9 0x5560d6977b8e <unknown>\n#10 0x5560d6c0e59b <unknown>\n#11 0x5560d6c1234b <unknown>\n#12 0x5560d6bfa681 <unknown>\n#13 0x5560d6c12eb2 <unknown>\n#14 0x5560d6bdf6af <unknown>\n#15 0x5560d6c39428 <unknown>\n#16 0x5560d6c39600 <unknown>\n#17 0x5560d6c48f84 <unknown>\n#18 0x7f62d3894ac3 <unknown>",
        "time" : {
          "start" : 1715161981404,
          "stop" : 1715162058934,
          "duration" : 77530
        }
      }, {
        "uid" : "6a105fb2eb397ebd",
        "status" : "skipped",
        "statusDetails" : "XFAIL\n\nselenium.common.exceptions.TimeoutException: Message: Can't find element by locator ('xpath', '//div[@class=\"__51e19\"]')\nStacktrace:\n#0 0x5626cf613e33 <unknown>\n#1 0x5626cf303567 <unknown>\n#2 0x5626cf34e27d <unknown>\n#3 0x5626cf34e331 <unknown>\n#4 0x5626cf391624 <unknown>\n#5 0x5626cf37038d <unknown>\n#6 0x5626cf38eae2 <unknown>\n#7 0x5626cf370103 <unknown>\n#8 0x5626cf3411ba <unknown>\n#9 0x5626cf341b8e <unknown>\n#10 0x5626cf5d859b <unknown>\n#11 0x5626cf5dc34b <unknown>\n#12 0x5626cf5c4681 <unknown>\n#13 0x5626cf5dceb2 <unknown>\n#14 0x5626cf5a96af <unknown>\n#15 0x5626cf603428 <unknown>\n#16 0x5626cf603600 <unknown>\n#17 0x5626cf612f84 <unknown>\n#18 0x7f1a4ec94ac3 <unknown>",
        "time" : {
          "start" : 1715158460966,
          "stop" : 1715158481134,
          "duration" : 20168
        }
      }, {
        "uid" : "335697abe7aef568",
        "status" : "skipped",
        "statusDetails" : "XFAIL\n\nselenium.common.exceptions.TimeoutException: Message: Can't find element by locator ('xpath', '//h3[@class=\"mt-6 mb-6 text-2xl font-semibold\"]')\nStacktrace:\n#0 0x559b34444e33 <unknown>\n#1 0x559b34134567 <unknown>\n#2 0x559b3417f27d <unknown>\n#3 0x559b3417f331 <unknown>\n#4 0x559b341c2624 <unknown>\n#5 0x559b341a138d <unknown>\n#6 0x559b341bfae2 <unknown>\n#7 0x559b341a1103 <unknown>\n#8 0x559b341721ba <unknown>\n#9 0x559b34172b8e <unknown>\n#10 0x559b3440959b <unknown>\n#11 0x559b3440d34b <unknown>\n#12 0x559b343f5681 <unknown>\n#13 0x559b3440deb2 <unknown>\n#14 0x559b343da6af <unknown>\n#15 0x559b34434428 <unknown>\n#16 0x559b34434600 <unknown>\n#17 0x559b34443f84 <unknown>\n#18 0x7ff4dfa94ac3 <unknown>",
        "time" : {
          "start" : 1715079951507,
          "stop" : 1715080027045,
          "duration" : 75538
        }
      }, {
        "uid" : "8e88ea6724ab79d9",
        "status" : "skipped",
        "statusDetails" : "XFAIL\n\nselenium.common.exceptions.TimeoutException: Message: Can't find element by locator ('xpath', '//h3[@class=\"mt-6 mb-6 text-2xl font-semibold\"]')\nStacktrace:\n#0 0x55c7db41fe33 <unknown>\n#1 0x55c7db10f567 <unknown>\n#2 0x55c7db15a27d <unknown>\n#3 0x55c7db15a331 <unknown>\n#4 0x55c7db19d624 <unknown>\n#5 0x55c7db17c38d <unknown>\n#6 0x55c7db19aae2 <unknown>\n#7 0x55c7db17c103 <unknown>\n#8 0x55c7db14d1ba <unknown>\n#9 0x55c7db14db8e <unknown>\n#10 0x55c7db3e459b <unknown>\n#11 0x55c7db3e834b <unknown>\n#12 0x55c7db3d0681 <unknown>\n#13 0x55c7db3e8eb2 <unknown>\n#14 0x55c7db3b56af <unknown>\n#15 0x55c7db40f428 <unknown>\n#16 0x55c7db40f600 <unknown>\n#17 0x55c7db41ef84 <unknown>\n#18 0x7fd3bf494ac3 <unknown>",
        "time" : {
          "start" : 1715078256879,
          "stop" : 1715078331835,
          "duration" : 74956
        }
      }, {
        "uid" : "f18af6f8cae1ec36",
        "status" : "skipped",
        "statusDetails" : "XFAIL\n\nselenium.common.exceptions.TimeoutException: Message: Can't find element by locator ('xpath', '//h3[@class=\"mt-6 mb-6 text-2xl font-semibold\"]')\nStacktrace:\n#0 0x55f98de59e33 <unknown>\n#1 0x55f98db49567 <unknown>\n#2 0x55f98db9427d <unknown>\n#3 0x55f98db94331 <unknown>\n#4 0x55f98dbd7624 <unknown>\n#5 0x55f98dbb638d <unknown>\n#6 0x55f98dbd4ae2 <unknown>\n#7 0x55f98dbb6103 <unknown>\n#8 0x55f98db871ba <unknown>\n#9 0x55f98db87b8e <unknown>\n#10 0x55f98de1e59b <unknown>\n#11 0x55f98de2234b <unknown>\n#12 0x55f98de0a681 <unknown>\n#13 0x55f98de22eb2 <unknown>\n#14 0x55f98ddef6af <unknown>\n#15 0x55f98de49428 <unknown>\n#16 0x55f98de49600 <unknown>\n#17 0x55f98de58f84 <unknown>\n#18 0x7fe6b5094ac3 <unknown>",
        "time" : {
          "start" : 1714998865902,
          "stop" : 1714998946162,
          "duration" : 80260
        }
      }, {
        "uid" : "ba769f854542ba52",
        "status" : "skipped",
        "statusDetails" : "XFAIL\n\nselenium.common.exceptions.TimeoutException: Message: Can't find element by locator ('xpath', '//div[@class=\"__51e19\"]')\nStacktrace:\n#0 0x5567f6c5ae33 <unknown>\n#1 0x5567f694a567 <unknown>\n#2 0x5567f699527d <unknown>\n#3 0x5567f6995331 <unknown>\n#4 0x5567f69d8624 <unknown>\n#5 0x5567f69b738d <unknown>\n#6 0x5567f69d5ae2 <unknown>\n#7 0x5567f69b7103 <unknown>\n#8 0x5567f69881ba <unknown>\n#9 0x5567f6988b8e <unknown>\n#10 0x5567f6c1f59b <unknown>\n#11 0x5567f6c2334b <unknown>\n#12 0x5567f6c0b681 <unknown>\n#13 0x5567f6c23eb2 <unknown>\n#14 0x5567f6bf06af <unknown>\n#15 0x5567f6c4a428 <unknown>\n#16 0x5567f6c4a600 <unknown>\n#17 0x5567f6c59f84 <unknown>\n#18 0x7ff33d894ac3 <unknown>",
        "time" : {
          "start" : 1714996726758,
          "stop" : 1714996747410,
          "duration" : 20652
        }
      }, {
        "uid" : "f6a23453479e5fca",
        "status" : "skipped",
        "statusDetails" : "XFAIL\n\nselenium.common.exceptions.TimeoutException: Message: Can't find element by locator ('xpath', '//h3[@class=\"mt-6 mb-6 text-2xl font-semibold\"]')\nStacktrace:\n#0 0x55d8af18ae33 <unknown>\n#1 0x55d8aee7a567 <unknown>\n#2 0x55d8aeec527d <unknown>\n#3 0x55d8aeec5331 <unknown>\n#4 0x55d8aef08624 <unknown>\n#5 0x55d8aeee738d <unknown>\n#6 0x55d8aef05ae2 <unknown>\n#7 0x55d8aeee7103 <unknown>\n#8 0x55d8aeeb81ba <unknown>\n#9 0x55d8aeeb8b8e <unknown>\n#10 0x55d8af14f59b <unknown>\n#11 0x55d8af15334b <unknown>\n#12 0x55d8af13b681 <unknown>\n#13 0x55d8af153eb2 <unknown>\n#14 0x55d8af1206af <unknown>\n#15 0x55d8af17a428 <unknown>\n#16 0x55d8af17a600 <unknown>\n#17 0x55d8af189f84 <unknown>\n#18 0x7f00c9e94ac3 <unknown>",
        "time" : {
          "start" : 1714900350987,
          "stop" : 1714900427886,
          "duration" : 76899
        }
      }, {
        "uid" : "a21300b5b0bb277a",
        "status" : "skipped",
        "statusDetails" : "XFAIL\n\nselenium.common.exceptions.TimeoutException: Message: Can't find element by locator ('xpath', '//div[@class=\"__51e19\"]')\nStacktrace:\n#0 0x559816b18e33 <unknown>\n#1 0x559816808567 <unknown>\n#2 0x55981685327d <unknown>\n#3 0x559816853331 <unknown>\n#4 0x559816896624 <unknown>\n#5 0x55981687538d <unknown>\n#6 0x559816893ae2 <unknown>\n#7 0x559816875103 <unknown>\n#8 0x5598168461ba <unknown>\n#9 0x559816846b8e <unknown>\n#10 0x559816add59b <unknown>\n#11 0x559816ae134b <unknown>\n#12 0x559816ac9681 <unknown>\n#13 0x559816ae1eb2 <unknown>\n#14 0x559816aae6af <unknown>\n#15 0x559816b08428 <unknown>\n#16 0x559816b08600 <unknown>\n#17 0x559816b17f84 <unknown>\n#18 0x7fc224894ac3 <unknown>",
        "time" : {
          "start" : 1714898300799,
          "stop" : 1714898321434,
          "duration" : 20635
        }
      }, {
        "uid" : "3888472f8a48e455",
        "status" : "skipped",
        "statusDetails" : "XFAIL\n\nselenium.common.exceptions.TimeoutException: Message: Can't find element by locator ('xpath', '//div[@class=\"__51e19\"]')\nStacktrace:\n#0 0x55894f840e33 <unknown>\n#1 0x55894f530567 <unknown>\n#2 0x55894f57b27d <unknown>\n#3 0x55894f57b331 <unknown>\n#4 0x55894f5be624 <unknown>\n#5 0x55894f59d38d <unknown>\n#6 0x55894f5bbae2 <unknown>\n#7 0x55894f59d103 <unknown>\n#8 0x55894f56e1ba <unknown>\n#9 0x55894f56eb8e <unknown>\n#10 0x55894f80559b <unknown>\n#11 0x55894f80934b <unknown>\n#12 0x55894f7f1681 <unknown>\n#13 0x55894f809eb2 <unknown>\n#14 0x55894f7d66af <unknown>\n#15 0x55894f830428 <unknown>\n#16 0x55894f830600 <unknown>\n#17 0x55894f83ff84 <unknown>\n#18 0x7fb227a94ac3 <unknown>",
        "time" : {
          "start" : 1714819389944,
          "stop" : 1714819410147,
          "duration" : 20203
        }
      }, {
        "uid" : "3af50aedae19eb6c",
        "status" : "skipped",
        "statusDetails" : "XFAIL\n\nselenium.common.exceptions.TimeoutException: Message: Can't find element by locator ('xpath', '//div[@class=\"__51e19\"]')\nStacktrace:\n#0 0x564b53f87e33 <unknown>\n#1 0x564b53c77567 <unknown>\n#2 0x564b53cc227d <unknown>\n#3 0x564b53cc2331 <unknown>\n#4 0x564b53d05624 <unknown>\n#5 0x564b53ce438d <unknown>\n#6 0x564b53d02ae2 <unknown>\n#7 0x564b53ce4103 <unknown>\n#8 0x564b53cb51ba <unknown>\n#9 0x564b53cb5b8e <unknown>\n#10 0x564b53f4c59b <unknown>\n#11 0x564b53f5034b <unknown>\n#12 0x564b53f38681 <unknown>\n#13 0x564b53f50eb2 <unknown>\n#14 0x564b53f1d6af <unknown>\n#15 0x564b53f77428 <unknown>\n#16 0x564b53f77600 <unknown>\n#17 0x564b53f86f84 <unknown>\n#18 0x7f13bd694ac3 <unknown>",
        "time" : {
          "start" : 1714817894999,
          "stop" : 1714817915623,
          "duration" : 20624
        }
      }, {
        "uid" : "5a31a4219b2810eb",
        "status" : "skipped",
        "statusDetails" : "XFAIL\n\nselenium.common.exceptions.TimeoutException: Message: Can't find element by locator ('xpath', '//div[@class=\"__51e19\"]')\nStacktrace:\n#0 0x5652850f0e33 <unknown>\n#1 0x565284de0567 <unknown>\n#2 0x565284e2b27d <unknown>\n#3 0x565284e2b331 <unknown>\n#4 0x565284e6e624 <unknown>\n#5 0x565284e4d38d <unknown>\n#6 0x565284e6bae2 <unknown>\n#7 0x565284e4d103 <unknown>\n#8 0x565284e1e1ba <unknown>\n#9 0x565284e1eb8e <unknown>\n#10 0x5652850b559b <unknown>\n#11 0x5652850b934b <unknown>\n#12 0x5652850a1681 <unknown>\n#13 0x5652850b9eb2 <unknown>\n#14 0x5652850866af <unknown>\n#15 0x5652850e0428 <unknown>\n#16 0x5652850e0600 <unknown>\n#17 0x5652850eff84 <unknown>\n#18 0x7feeccc94ac3 <unknown>",
        "time" : {
          "start" : 1714733177032,
          "stop" : 1714733197676,
          "duration" : 20644
        }
      }, {
        "uid" : "1e17881de78166d4",
        "status" : "skipped",
        "statusDetails" : "XFAIL\n\nselenium.common.exceptions.TimeoutException: Message: Can't find element by locator ('xpath', '//div[@class=\"__51e19\"]')\nStacktrace:\n#0 0x55f8b0b3ee33 <unknown>\n#1 0x55f8b082e567 <unknown>\n#2 0x55f8b087927d <unknown>\n#3 0x55f8b0879331 <unknown>\n#4 0x55f8b08bc624 <unknown>\n#5 0x55f8b089b38d <unknown>\n#6 0x55f8b08b9ae2 <unknown>\n#7 0x55f8b089b103 <unknown>\n#8 0x55f8b086c1ba <unknown>\n#9 0x55f8b086cb8e <unknown>\n#10 0x55f8b0b0359b <unknown>\n#11 0x55f8b0b0734b <unknown>\n#12 0x55f8b0aef681 <unknown>\n#13 0x55f8b0b07eb2 <unknown>\n#14 0x55f8b0ad46af <unknown>\n#15 0x55f8b0b2e428 <unknown>\n#16 0x55f8b0b2e600 <unknown>\n#17 0x55f8b0b3df84 <unknown>\n#18 0x7f2965e94ac3 <unknown>",
        "time" : {
          "start" : 1714731129342,
          "stop" : 1714731149496,
          "duration" : 20154
        }
      }, {
        "uid" : "89abe4f915681f92",
        "status" : "skipped",
        "statusDetails" : "XFAIL\n\nselenium.common.exceptions.TimeoutException: Message: Can't find element by locator ('xpath', '//h3[@class=\"mt-6 mb-6 text-2xl font-semibold\"]')\nStacktrace:\n#0 0x55c7a13ade33 <unknown>\n#1 0x55c7a109d567 <unknown>\n#2 0x55c7a10e827d <unknown>\n#3 0x55c7a10e8331 <unknown>\n#4 0x55c7a112b624 <unknown>\n#5 0x55c7a110a38d <unknown>\n#6 0x55c7a1128ae2 <unknown>\n#7 0x55c7a110a103 <unknown>\n#8 0x55c7a10db1ba <unknown>\n#9 0x55c7a10dbb8e <unknown>\n#10 0x55c7a137259b <unknown>\n#11 0x55c7a137634b <unknown>\n#12 0x55c7a135e681 <unknown>\n#13 0x55c7a1376eb2 <unknown>\n#14 0x55c7a13436af <unknown>\n#15 0x55c7a139d428 <unknown>\n#16 0x55c7a139d600 <unknown>\n#17 0x55c7a13acf84 <unknown>\n#18 0x7f285f094ac3 <unknown>",
        "time" : {
          "start" : 1714642082482,
          "stop" : 1714642160339,
          "duration" : 77857
        }
      } ]
    },
    "tags" : [ "@pytest.mark.xfail" ]
  },
  "source" : "a136e7411e26d1ff.json",
  "parameterValues" : [ ]
}