{
  "uid" : "a28ce3dab635e7a8",
  "name" : "Check statistic table.",
  "fullName" : "tests.test_speech_exercises_ru.TestCardsRU#test_get_statistic_data",
  "historyId" : "15df626f86a935fbcd917f7ea4002a26",
  "time" : {
    "start" : 1707908021022,
    "stop" : 1707908041393,
    "duration" : 20371
  },
  "status" : "broken",
  "statusMessage" : "selenium.common.exceptions.TimeoutException: Message: Can't find element by locator ('id', '#ember6')\nStacktrace:\n#0 0x5639054fcd93 <unknown>\n#1 0x5639051e0337 <unknown>\n#2 0x56390522bd60 <unknown>\n#3 0x56390522be51 <unknown>\n#4 0x56390526fbc4 <unknown>\n#5 0x56390524e46d <unknown>\n#6 0x56390526d12d <unknown>\n#7 0x56390524e1e3 <unknown>\n#8 0x56390521e135 <unknown>\n#9 0x56390521f13e <unknown>\n#10 0x5639054c0e4b <unknown>\n#11 0x5639054c4dfa <unknown>\n#12 0x5639054ad6d5 <unknown>\n#13 0x5639054c5a6f <unknown>\n#14 0x56390549169f <unknown>\n#15 0x5639054ea098 <unknown>\n#16 0x5639054ea262 <unknown>\n#17 0x5639054fbf34 <unknown>\n#18 0x7f1462494ac3 <unknown>",
  "statusTrace" : "self = <tests.test_speech_exercises_ru.TestCardsRU object at 0x7fa9fb117d40>\ndriver = <selenium.webdriver.chrome.webdriver.WebDriver (session=\"9e63cfc0252b2a4f0c2d0524fbf37602\")>\ndefault_user_authorized = <pages.base_page.BasePage object at 0x7fa9faf074d0>\n\n    @allure.suite('Statistic.')\n    @allure.title('Check statistic table.')\n    def test_get_statistic_data(self, driver, default_user_authorized):\n        page = SpeechExercisesPageRU(driver)\n>       table = page.get_statistic_data()\n\ntests/test_speech_exercises_ru.py:150: \n_ _ _ _ _ _ _ _ _ _ _ _ _ _ _ _ _ _ _ _ _ _ _ _ _ _ _ _ _ _ _ _ _ _ _ _ _ _ _ _ \npages/speech_exercises_page_ru.py:114: in get_statistic_data\n    self.element_is_present_and_clickable(self.locators.AuthorizedUserHomePageLocators.STATISTIC_BUTTON).click()\npages/base_page.py:32: in element_is_present_and_clickable\n    return (Wait(self.driver, self.timeout).until(\n_ _ _ _ _ _ _ _ _ _ _ _ _ _ _ _ _ _ _ _ _ _ _ _ _ _ _ _ _ _ _ _ _ _ _ _ _ _ _ _ \n\nself = <selenium.webdriver.support.wait.WebDriverWait (session=\"9e63cfc0252b2a4f0c2d0524fbf37602\")>\nmethod = <function visibility_of_element_located.<locals>._predicate at 0x7fa9faedd580>\nmessage = \"Can't find element by locator ('id', '#ember6')\"\n\n    def until(self, method, message: str = \"\"):\n        \"\"\"Calls the method provided with the driver as an argument until the \\\n        return value does not evaluate to ``False``.\n    \n        :param method: callable(WebDriver)\n        :param message: optional message for :exc:`TimeoutException`\n        :returns: the result of the last call to `method`\n        :raises: :exc:`selenium.common.exceptions.TimeoutException` if timeout occurs\n        \"\"\"\n        screen = None\n        stacktrace = None\n    \n        end_time = time.monotonic() + self._timeout\n        while True:\n            try:\n                value = method(self._driver)\n                if value:\n                    return value\n            except self._ignored_exceptions as exc:\n                screen = getattr(exc, \"screen\", None)\n                stacktrace = getattr(exc, \"stacktrace\", None)\n            time.sleep(self._poll)\n            if time.monotonic() > end_time:\n                break\n>       raise TimeoutException(message, screen, stacktrace)\nE       selenium.common.exceptions.TimeoutException: Message: Can't find element by locator ('id', '#ember6')\nE       Stacktrace:\nE       #0 0x5639054fcd93 <unknown>\nE       #1 0x5639051e0337 <unknown>\nE       #2 0x56390522bd60 <unknown>\nE       #3 0x56390522be51 <unknown>\nE       #4 0x56390526fbc4 <unknown>\nE       #5 0x56390524e46d <unknown>\nE       #6 0x56390526d12d <unknown>\nE       #7 0x56390524e1e3 <unknown>\nE       #8 0x56390521e135 <unknown>\nE       #9 0x56390521f13e <unknown>\nE       #10 0x5639054c0e4b <unknown>\nE       #11 0x5639054c4dfa <unknown>\nE       #12 0x5639054ad6d5 <unknown>\nE       #13 0x5639054c5a6f <unknown>\nE       #14 0x56390549169f <unknown>\nE       #15 0x5639054ea098 <unknown>\nE       #16 0x5639054ea262 <unknown>\nE       #17 0x5639054fbf34 <unknown>\nE       #18 0x7f1462494ac3 <unknown>\n\n/opt/hostedtoolcache/Python/3.12.2/x64/lib/python3.12/site-packages/selenium/webdriver/support/wait.py:95: TimeoutException",
  "flaky" : false,
  "newFailed" : false,
  "beforeStages" : [ {
    "name" : "default_user_authorized",
    "time" : {
      "start" : 1707908018204,
      "stop" : 1707908021021,
      "duration" : 2817
    },
    "status" : "passed",
    "steps" : [ {
      "name" : "DEFAULT user authorized",
      "time" : {
        "start" : 1707908018204,
        "stop" : 1707908021021,
        "duration" : 2817
      },
      "status" : "passed",
      "steps" : [ {
        "name" : "Check element is visible and clickable: ('xpath', '//a[@id=\"ember11\"]')",
        "time" : {
          "start" : 1707908018204,
          "stop" : 1707908018240,
          "duration" : 36
        },
        "status" : "passed",
        "steps" : [ {
          "name" : "Check element is clickable",
          "time" : {
            "start" : 1707908018222,
            "stop" : 1707908018240,
            "duration" : 18
          },
          "status" : "passed",
          "steps" : [ {
            "name" : "Check element is clickable: ('xpath', '//a[@id=\"ember11\"]')",
            "time" : {
              "start" : 1707908018222,
              "stop" : 1707908018240,
              "duration" : 18
            },
            "status" : "passed",
            "steps" : [ ],
            "attachments" : [ ],
            "parameters" : [ ],
            "attachmentsCount" : 0,
            "shouldDisplayMessage" : false,
            "hasContent" : false,
            "stepsCount" : 0
          } ],
          "attachments" : [ ],
          "parameters" : [ {
            "name" : "locator",
            "value" : "('xpath', '//a[@id=\"ember11\"]')"
          } ],
          "attachmentsCount" : 0,
          "shouldDisplayMessage" : false,
          "hasContent" : true,
          "stepsCount" : 1
        } ],
        "attachments" : [ ],
        "parameters" : [ ],
        "attachmentsCount" : 0,
        "shouldDisplayMessage" : false,
        "hasContent" : true,
        "stepsCount" : 2
      }, {
        "name" : "Check element is visible: ('xpath', '//input[@id=\"login\"]')",
        "time" : {
          "start" : 1707908018287,
          "stop" : 1707908018314,
          "duration" : 27
        },
        "status" : "passed",
        "steps" : [ {
          "name" : "Check element is present: ('xpath', '//input[@id=\"login\"]')",
          "time" : {
            "start" : 1707908018287,
            "stop" : 1707908018299,
            "duration" : 12
          },
          "status" : "passed",
          "steps" : [ ],
          "attachments" : [ ],
          "parameters" : [ ],
          "attachmentsCount" : 0,
          "shouldDisplayMessage" : false,
          "hasContent" : false,
          "stepsCount" : 0
        }, {
          "name" : "Go to element: <selenium.webdriver.remote.webelement.WebElement (session=\"9e63cfc0252b2a4f0c2d0524fbf37602\", element=\"66518DCFE72EC70245866859DE9222FB_element_26\")>",
          "time" : {
            "start" : 1707908018299,
            "stop" : 1707908018303,
            "duration" : 4
          },
          "status" : "passed",
          "steps" : [ ],
          "attachments" : [ ],
          "parameters" : [ ],
          "attachmentsCount" : 0,
          "shouldDisplayMessage" : false,
          "hasContent" : false,
          "stepsCount" : 0
        } ],
        "attachments" : [ ],
        "parameters" : [ ],
        "attachmentsCount" : 0,
        "shouldDisplayMessage" : false,
        "hasContent" : true,
        "stepsCount" : 2
      }, {
        "name" : "Check element is visible: ('xpath', '//input[@id=\"password\"]')",
        "time" : {
          "start" : 1707908018369,
          "stop" : 1707908018395,
          "duration" : 26
        },
        "status" : "passed",
        "steps" : [ {
          "name" : "Check element is present: ('xpath', '//input[@id=\"password\"]')",
          "time" : {
            "start" : 1707908018369,
            "stop" : 1707908018378,
            "duration" : 9
          },
          "status" : "passed",
          "steps" : [ ],
          "attachments" : [ ],
          "parameters" : [ ],
          "attachmentsCount" : 0,
          "shouldDisplayMessage" : false,
          "hasContent" : false,
          "stepsCount" : 0
        }, {
          "name" : "Go to element: <selenium.webdriver.remote.webelement.WebElement (session=\"9e63cfc0252b2a4f0c2d0524fbf37602\", element=\"66518DCFE72EC70245866859DE9222FB_element_29\")>",
          "time" : {
            "start" : 1707908018378,
            "stop" : 1707908018383,
            "duration" : 5
          },
          "status" : "passed",
          "steps" : [ ],
          "attachments" : [ ],
          "parameters" : [ ],
          "attachmentsCount" : 0,
          "shouldDisplayMessage" : false,
          "hasContent" : false,
          "stepsCount" : 0
        } ],
        "attachments" : [ ],
        "parameters" : [ ],
        "attachmentsCount" : 0,
        "shouldDisplayMessage" : false,
        "hasContent" : true,
        "stepsCount" : 2
      }, {
        "name" : "Check element is visible and clickable: ('xpath', '//*[@type=\"submit\"]')",
        "time" : {
          "start" : 1707908018436,
          "stop" : 1707908018465,
          "duration" : 29
        },
        "status" : "passed",
        "steps" : [ {
          "name" : "Check element is clickable",
          "time" : {
            "start" : 1707908018450,
            "stop" : 1707908018465,
            "duration" : 15
          },
          "status" : "passed",
          "steps" : [ {
            "name" : "Check element is clickable: ('xpath', '//*[@type=\"submit\"]')",
            "time" : {
              "start" : 1707908018450,
              "stop" : 1707908018465,
              "duration" : 15
            },
            "status" : "passed",
            "steps" : [ ],
            "attachments" : [ ],
            "parameters" : [ ],
            "attachmentsCount" : 0,
            "shouldDisplayMessage" : false,
            "hasContent" : false,
            "stepsCount" : 0
          } ],
          "attachments" : [ ],
          "parameters" : [ {
            "name" : "locator",
            "value" : "('xpath', '//*[@type=\"submit\"]')"
          } ],
          "attachmentsCount" : 0,
          "shouldDisplayMessage" : false,
          "hasContent" : true,
          "stepsCount" : 1
        } ],
        "attachments" : [ ],
        "parameters" : [ ],
        "attachmentsCount" : 0,
        "shouldDisplayMessage" : false,
        "hasContent" : true,
        "stepsCount" : 2
      }, {
        "name" : "Check url is present: https://brainup.site/groups",
        "time" : {
          "start" : 1707908018501,
          "stop" : 1707908021021,
          "duration" : 2520
        },
        "status" : "passed",
        "steps" : [ ],
        "attachments" : [ ],
        "parameters" : [ ],
        "attachmentsCount" : 0,
        "shouldDisplayMessage" : false,
        "hasContent" : false,
        "stepsCount" : 0
      } ],
      "attachments" : [ ],
      "parameters" : [ {
        "name" : "driver",
        "value" : "<selenium.webdriver.chrome.webdriver.WebDriver (session=\"9e63cfc0252b2a4f0c2d0524fbf37602\")>"
      }, {
        "name" : "main_page_open",
        "value" : "None"
      } ],
      "attachmentsCount" : 0,
      "shouldDisplayMessage" : false,
      "hasContent" : true,
      "stepsCount" : 13
    } ],
    "attachments" : [ ],
    "parameters" : [ ],
    "attachmentsCount" : 0,
    "shouldDisplayMessage" : false,
    "hasContent" : true,
    "stepsCount" : 14
  }, {
    "name" : "driver",
    "time" : {
      "start" : 1707908014552,
      "stop" : 1707908015321,
      "duration" : 769
    },
    "status" : "passed",
    "steps" : [ ],
    "attachments" : [ ],
    "parameters" : [ ],
    "attachmentsCount" : 0,
    "shouldDisplayMessage" : false,
    "hasContent" : false,
    "stepsCount" : 0
  }, {
    "name" : "clear_allure_results_folder",
    "time" : {
      "start" : 1707907361808,
      "stop" : 1707907361808,
      "duration" : 0
    },
    "status" : "passed",
    "steps" : [ ],
    "attachments" : [ ],
    "parameters" : [ ],
    "attachmentsCount" : 0,
    "shouldDisplayMessage" : false,
    "hasContent" : false,
    "stepsCount" : 0
  }, {
    "name" : "main_page_open",
    "time" : {
      "start" : 1707908015322,
      "stop" : 1707908018204,
      "duration" : 2882
    },
    "status" : "passed",
    "steps" : [ {
      "name" : "Open page: https://brainup.site/",
      "time" : {
        "start" : 1707908015322,
        "stop" : 1707908018204,
        "duration" : 2882
      },
      "status" : "passed",
      "steps" : [ ],
      "attachments" : [ ],
      "parameters" : [ {
        "name" : "driver",
        "value" : "<selenium.webdriver.chrome.webdriver.WebDriver (session=\"9e63cfc0252b2a4f0c2d0524fbf37602\")>"
      } ],
      "attachmentsCount" : 0,
      "shouldDisplayMessage" : false,
      "hasContent" : true,
      "stepsCount" : 0
    } ],
    "attachments" : [ ],
    "parameters" : [ ],
    "attachmentsCount" : 0,
    "shouldDisplayMessage" : false,
    "hasContent" : true,
    "stepsCount" : 1
  } ],
  "testStage" : {
    "status" : "broken",
    "statusMessage" : "selenium.common.exceptions.TimeoutException: Message: Can't find element by locator ('id', '#ember6')\nStacktrace:\n#0 0x5639054fcd93 <unknown>\n#1 0x5639051e0337 <unknown>\n#2 0x56390522bd60 <unknown>\n#3 0x56390522be51 <unknown>\n#4 0x56390526fbc4 <unknown>\n#5 0x56390524e46d <unknown>\n#6 0x56390526d12d <unknown>\n#7 0x56390524e1e3 <unknown>\n#8 0x56390521e135 <unknown>\n#9 0x56390521f13e <unknown>\n#10 0x5639054c0e4b <unknown>\n#11 0x5639054c4dfa <unknown>\n#12 0x5639054ad6d5 <unknown>\n#13 0x5639054c5a6f <unknown>\n#14 0x56390549169f <unknown>\n#15 0x5639054ea098 <unknown>\n#16 0x5639054ea262 <unknown>\n#17 0x5639054fbf34 <unknown>\n#18 0x7f1462494ac3 <unknown>",
    "statusTrace" : "self = <tests.test_speech_exercises_ru.TestCardsRU object at 0x7fa9fb117d40>\ndriver = <selenium.webdriver.chrome.webdriver.WebDriver (session=\"9e63cfc0252b2a4f0c2d0524fbf37602\")>\ndefault_user_authorized = <pages.base_page.BasePage object at 0x7fa9faf074d0>\n\n    @allure.suite('Statistic.')\n    @allure.title('Check statistic table.')\n    def test_get_statistic_data(self, driver, default_user_authorized):\n        page = SpeechExercisesPageRU(driver)\n>       table = page.get_statistic_data()\n\ntests/test_speech_exercises_ru.py:150: \n_ _ _ _ _ _ _ _ _ _ _ _ _ _ _ _ _ _ _ _ _ _ _ _ _ _ _ _ _ _ _ _ _ _ _ _ _ _ _ _ \npages/speech_exercises_page_ru.py:114: in get_statistic_data\n    self.element_is_present_and_clickable(self.locators.AuthorizedUserHomePageLocators.STATISTIC_BUTTON).click()\npages/base_page.py:32: in element_is_present_and_clickable\n    return (Wait(self.driver, self.timeout).until(\n_ _ _ _ _ _ _ _ _ _ _ _ _ _ _ _ _ _ _ _ _ _ _ _ _ _ _ _ _ _ _ _ _ _ _ _ _ _ _ _ \n\nself = <selenium.webdriver.support.wait.WebDriverWait (session=\"9e63cfc0252b2a4f0c2d0524fbf37602\")>\nmethod = <function visibility_of_element_located.<locals>._predicate at 0x7fa9faedd580>\nmessage = \"Can't find element by locator ('id', '#ember6')\"\n\n    def until(self, method, message: str = \"\"):\n        \"\"\"Calls the method provided with the driver as an argument until the \\\n        return value does not evaluate to ``False``.\n    \n        :param method: callable(WebDriver)\n        :param message: optional message for :exc:`TimeoutException`\n        :returns: the result of the last call to `method`\n        :raises: :exc:`selenium.common.exceptions.TimeoutException` if timeout occurs\n        \"\"\"\n        screen = None\n        stacktrace = None\n    \n        end_time = time.monotonic() + self._timeout\n        while True:\n            try:\n                value = method(self._driver)\n                if value:\n                    return value\n            except self._ignored_exceptions as exc:\n                screen = getattr(exc, \"screen\", None)\n                stacktrace = getattr(exc, \"stacktrace\", None)\n            time.sleep(self._poll)\n            if time.monotonic() > end_time:\n                break\n>       raise TimeoutException(message, screen, stacktrace)\nE       selenium.common.exceptions.TimeoutException: Message: Can't find element by locator ('id', '#ember6')\nE       Stacktrace:\nE       #0 0x5639054fcd93 <unknown>\nE       #1 0x5639051e0337 <unknown>\nE       #2 0x56390522bd60 <unknown>\nE       #3 0x56390522be51 <unknown>\nE       #4 0x56390526fbc4 <unknown>\nE       #5 0x56390524e46d <unknown>\nE       #6 0x56390526d12d <unknown>\nE       #7 0x56390524e1e3 <unknown>\nE       #8 0x56390521e135 <unknown>\nE       #9 0x56390521f13e <unknown>\nE       #10 0x5639054c0e4b <unknown>\nE       #11 0x5639054c4dfa <unknown>\nE       #12 0x5639054ad6d5 <unknown>\nE       #13 0x5639054c5a6f <unknown>\nE       #14 0x56390549169f <unknown>\nE       #15 0x5639054ea098 <unknown>\nE       #16 0x5639054ea262 <unknown>\nE       #17 0x5639054fbf34 <unknown>\nE       #18 0x7f1462494ac3 <unknown>\n\n/opt/hostedtoolcache/Python/3.12.2/x64/lib/python3.12/site-packages/selenium/webdriver/support/wait.py:95: TimeoutException",
    "steps" : [ {
      "name" : "get_statistic_data",
      "time" : {
        "start" : 1707908021022,
        "stop" : 1707908041393,
        "duration" : 20371
      },
      "status" : "broken",
      "statusMessage" : "selenium.common.exceptions.TimeoutException: Message: Can't find element by locator ('id', '#ember6')\nStacktrace:\n#0 0x5639054fcd93 <unknown>\n#1 0x5639051e0337 <unknown>\n#2 0x56390522bd60 <unknown>\n#3 0x56390522be51 <unknown>\n#4 0x56390526fbc4 <unknown>\n#5 0x56390524e46d <unknown>\n#6 0x56390526d12d <unknown>\n#7 0x56390524e1e3 <unknown>\n#8 0x56390521e135 <unknown>\n#9 0x56390521f13e <unknown>\n#10 0x5639054c0e4b <unknown>\n#11 0x5639054c4dfa <unknown>\n#12 0x5639054ad6d5 <unknown>\n#13 0x5639054c5a6f <unknown>\n#14 0x56390549169f <unknown>\n#15 0x5639054ea098 <unknown>\n#16 0x5639054ea262 <unknown>\n#17 0x5639054fbf34 <unknown>\n#18 0x7f1462494ac3 <unknown>\n\n",
      "statusTrace" : "  File \"/opt/hostedtoolcache/Python/3.12.2/x64/lib/python3.12/site-packages/allure_commons/_allure.py\", line 192, in impl\n    return func(*a, **kw)\n           ^^^^^^^^^^^^^^\n  File \"/home/runner/work/auto-tests-python/auto-tests-python/pages/speech_exercises_page_ru.py\", line 114, in get_statistic_data\n    self.element_is_present_and_clickable(self.locators.AuthorizedUserHomePageLocators.STATISTIC_BUTTON).click()\n    ^^^^^^^^^^^^^^^^^^^^^^^^^^^^^^^^^^^^^^^^^^^^^^^^^^^^^^^^^^^^^^^^^^^^^^^^^^^^^^^^^^^^^^^^^^^^^^^^^^^^\n  File \"/home/runner/work/auto-tests-python/auto-tests-python/pages/base_page.py\", line 32, in element_is_present_and_clickable\n    return (Wait(self.driver, self.timeout).until(\n            ^^^^^^^^^^^^^^^^^^^^^^^^^^^^^^^^^^^^^^\n  File \"/opt/hostedtoolcache/Python/3.12.2/x64/lib/python3.12/site-packages/selenium/webdriver/support/wait.py\", line 95, in until\n    raise TimeoutException(message, screen, stacktrace)\n",
      "steps" : [ {
        "name" : "Click button \"Статистика\"\".",
        "time" : {
          "start" : 1707908021022,
          "stop" : 1707908041393,
          "duration" : 20371
        },
        "status" : "broken",
        "statusMessage" : "selenium.common.exceptions.TimeoutException: Message: Can't find element by locator ('id', '#ember6')\nStacktrace:\n#0 0x5639054fcd93 <unknown>\n#1 0x5639051e0337 <unknown>\n#2 0x56390522bd60 <unknown>\n#3 0x56390522be51 <unknown>\n#4 0x56390526fbc4 <unknown>\n#5 0x56390524e46d <unknown>\n#6 0x56390526d12d <unknown>\n#7 0x56390524e1e3 <unknown>\n#8 0x56390521e135 <unknown>\n#9 0x56390521f13e <unknown>\n#10 0x5639054c0e4b <unknown>\n#11 0x5639054c4dfa <unknown>\n#12 0x5639054ad6d5 <unknown>\n#13 0x5639054c5a6f <unknown>\n#14 0x56390549169f <unknown>\n#15 0x5639054ea098 <unknown>\n#16 0x5639054ea262 <unknown>\n#17 0x5639054fbf34 <unknown>\n#18 0x7f1462494ac3 <unknown>\n\n",
        "statusTrace" : "  File \"/home/runner/work/auto-tests-python/auto-tests-python/pages/speech_exercises_page_ru.py\", line 114, in get_statistic_data\n    self.element_is_present_and_clickable(self.locators.AuthorizedUserHomePageLocators.STATISTIC_BUTTON).click()\n    ^^^^^^^^^^^^^^^^^^^^^^^^^^^^^^^^^^^^^^^^^^^^^^^^^^^^^^^^^^^^^^^^^^^^^^^^^^^^^^^^^^^^^^^^^^^^^^^^^^^^\n  File \"/home/runner/work/auto-tests-python/auto-tests-python/pages/base_page.py\", line 32, in element_is_present_and_clickable\n    return (Wait(self.driver, self.timeout).until(\n            ^^^^^^^^^^^^^^^^^^^^^^^^^^^^^^^^^^^^^^\n  File \"/opt/hostedtoolcache/Python/3.12.2/x64/lib/python3.12/site-packages/selenium/webdriver/support/wait.py\", line 95, in until\n    raise TimeoutException(message, screen, stacktrace)\n",
        "steps" : [ {
          "name" : "Check element is visible and clickable: ('id', '#ember6')",
          "time" : {
            "start" : 1707908021022,
            "stop" : 1707908041392,
            "duration" : 20370
          },
          "status" : "broken",
          "statusMessage" : "selenium.common.exceptions.TimeoutException: Message: Can't find element by locator ('id', '#ember6')\nStacktrace:\n#0 0x5639054fcd93 <unknown>\n#1 0x5639051e0337 <unknown>\n#2 0x56390522bd60 <unknown>\n#3 0x56390522be51 <unknown>\n#4 0x56390526fbc4 <unknown>\n#5 0x56390524e46d <unknown>\n#6 0x56390526d12d <unknown>\n#7 0x56390524e1e3 <unknown>\n#8 0x56390521e135 <unknown>\n#9 0x56390521f13e <unknown>\n#10 0x5639054c0e4b <unknown>\n#11 0x5639054c4dfa <unknown>\n#12 0x5639054ad6d5 <unknown>\n#13 0x5639054c5a6f <unknown>\n#14 0x56390549169f <unknown>\n#15 0x5639054ea098 <unknown>\n#16 0x5639054ea262 <unknown>\n#17 0x5639054fbf34 <unknown>\n#18 0x7f1462494ac3 <unknown>\n\n",
          "statusTrace" : "  File \"/home/runner/work/auto-tests-python/auto-tests-python/pages/base_page.py\", line 32, in element_is_present_and_clickable\n    return (Wait(self.driver, self.timeout).until(\n            ^^^^^^^^^^^^^^^^^^^^^^^^^^^^^^^^^^^^^^\n  File \"/opt/hostedtoolcache/Python/3.12.2/x64/lib/python3.12/site-packages/selenium/webdriver/support/wait.py\", line 95, in until\n    raise TimeoutException(message, screen, stacktrace)\n",
          "steps" : [ ],
          "attachments" : [ ],
          "parameters" : [ ],
          "attachmentsCount" : 0,
          "shouldDisplayMessage" : true,
          "hasContent" : true,
          "stepsCount" : 0
        } ],
        "attachments" : [ ],
        "parameters" : [ ],
        "attachmentsCount" : 0,
        "shouldDisplayMessage" : false,
        "hasContent" : true,
        "stepsCount" : 1
      } ],
      "attachments" : [ ],
      "parameters" : [ ],
      "attachmentsCount" : 0,
      "shouldDisplayMessage" : false,
      "hasContent" : true,
      "stepsCount" : 2
    } ],
    "attachments" : [ {
      "uid" : "1fa62556eef63034",
      "name" : "Screenshot",
      "source" : "1fa62556eef63034.png",
      "type" : "image/png",
      "size" : 117844
    }, {
      "uid" : "282b54d6654d0c0c",
      "name" : "HTML source",
      "source" : "282b54d6654d0c0c.html",
      "type" : "text/html",
      "size" : 33550
    } ],
    "parameters" : [ ],
    "attachmentsCount" : 2,
    "shouldDisplayMessage" : true,
    "hasContent" : true,
    "stepsCount" : 3
  },
  "afterStages" : [ {
    "name" : "driver::0",
    "time" : {
      "start" : 1707908041537,
      "stop" : 1707908041731,
      "duration" : 194
    },
    "status" : "passed",
    "steps" : [ ],
    "attachments" : [ {
      "uid" : "2b8cd3efc03622ed",
      "name" : "Screenshot 2024-02-14 10:54:01.669766",
      "source" : "2b8cd3efc03622ed.png",
      "type" : "image/png",
      "size" : 117844
    } ],
    "parameters" : [ ],
    "attachmentsCount" : 1,
    "shouldDisplayMessage" : false,
    "hasContent" : true,
    "stepsCount" : 0
  } ],
  "labels" : [ {
    "name" : "epic",
    "value" : "Речевые упражнения."
  }, {
    "name" : "suite",
    "value" : "Statistic."
  }, {
    "name" : "parentSuite",
    "value" : "tests"
  }, {
    "name" : "subSuite",
    "value" : "TestCardsRU"
  }, {
    "name" : "host",
    "value" : "fv-az702-555"
  }, {
    "name" : "thread",
    "value" : "1810-MainThread"
  }, {
    "name" : "framework",
    "value" : "pytest"
  }, {
    "name" : "language",
    "value" : "cpython3"
  }, {
    "name" : "package",
    "value" : "tests.test_speech_exercises_ru"
  }, {
    "name" : "resultFormat",
    "value" : "allure2"
  } ],
  "parameters" : [ ],
  "links" : [ ],
  "hidden" : false,
  "retry" : false,
  "extra" : {
    "severity" : "normal",
    "retries" : [ ],
    "categories" : [ {
      "name" : "Test defects",
      "matchedStatuses" : [ ],
      "flaky" : false
    } ],
    "history" : {
      "statistic" : {
        "failed" : 0,
        "broken" : 8,
        "skipped" : 0,
        "passed" : 1,
        "unknown" : 0,
        "total" : 9
      },
      "items" : [ {
        "uid" : "a3d915355f002d8f",
        "status" : "broken",
        "statusDetails" : "selenium.common.exceptions.TimeoutException: Message: Can't find element by locator ('id', '#ember6')\nStacktrace:\n#0 0x5647c5073d93 <unknown>\n#1 0x5647c4d57337 <unknown>\n#2 0x5647c4da2d60 <unknown>\n#3 0x5647c4da2e51 <unknown>\n#4 0x5647c4de6bc4 <unknown>\n#5 0x5647c4dc546d <unknown>\n#6 0x5647c4de412d <unknown>\n#7 0x5647c4dc51e3 <unknown>\n#8 0x5647c4d95135 <unknown>\n#9 0x5647c4d9613e <unknown>\n#10 0x5647c5037e4b <unknown>\n#11 0x5647c503bdfa <unknown>\n#12 0x5647c50246d5 <unknown>\n#13 0x5647c503ca6f <unknown>\n#14 0x5647c500869f <unknown>\n#15 0x5647c5061098 <unknown>\n#16 0x5647c5061262 <unknown>\n#17 0x5647c5072f34 <unknown>\n#18 0x7f30d5a94ac3 <unknown>",
        "time" : {
          "start" : 1707905595816,
          "stop" : 1707905616172,
          "duration" : 20356
        }
      }, {
        "uid" : "5cbe70bee0eac277",
        "status" : "broken",
        "statusDetails" : "selenium.common.exceptions.TimeoutException: Message: Can't find element by locator ('id', '#ember6')\nStacktrace:\n#0 0x5642ccd5dd93 <unknown>\n#1 0x5642cca41337 <unknown>\n#2 0x5642cca8cd60 <unknown>\n#3 0x5642cca8ce51 <unknown>\n#4 0x5642ccad0bc4 <unknown>\n#5 0x5642ccaaf46d <unknown>\n#6 0x5642ccace12d <unknown>\n#7 0x5642ccaaf1e3 <unknown>\n#8 0x5642cca7f135 <unknown>\n#9 0x5642cca8013e <unknown>\n#10 0x5642ccd21e4b <unknown>\n#11 0x5642ccd25dfa <unknown>\n#12 0x5642ccd0e6d5 <unknown>\n#13 0x5642ccd26a6f <unknown>\n#14 0x5642cccf269f <unknown>\n#15 0x5642ccd4b098 <unknown>\n#16 0x5642ccd4b262 <unknown>\n#17 0x5642ccd5cf34 <unknown>\n#18 0x7fe7f4a94ac3 <unknown>",
        "time" : {
          "start" : 1707904573103,
          "stop" : 1707904593461,
          "duration" : 20358
        }
      }, {
        "uid" : "63cb7b9ab2cb3aa4",
        "status" : "broken",
        "statusDetails" : "selenium.common.exceptions.TimeoutException: Message: Can't find element by locator ('id', '#ember6')\nStacktrace:\n#0 0x556f1d065d93 <unknown>\n#1 0x556f1cd49337 <unknown>\n#2 0x556f1cd94d60 <unknown>\n#3 0x556f1cd94e51 <unknown>\n#4 0x556f1cdd8bc4 <unknown>\n#5 0x556f1cdb746d <unknown>\n#6 0x556f1cdd612d <unknown>\n#7 0x556f1cdb71e3 <unknown>\n#8 0x556f1cd87135 <unknown>\n#9 0x556f1cd8813e <unknown>\n#10 0x556f1d029e4b <unknown>\n#11 0x556f1d02ddfa <unknown>\n#12 0x556f1d0166d5 <unknown>\n#13 0x556f1d02ea6f <unknown>\n#14 0x556f1cffa69f <unknown>\n#15 0x556f1d053098 <unknown>\n#16 0x556f1d053262 <unknown>\n#17 0x556f1d064f34 <unknown>\n#18 0x7ff13bc94ac3 <unknown>",
        "time" : {
          "start" : 1707903501448,
          "stop" : 1707903521905,
          "duration" : 20457
        }
      }, {
        "uid" : "267543f71f980e36",
        "status" : "passed",
        "time" : {
          "start" : 1707903324413,
          "stop" : 1707903326297,
          "duration" : 1884
        }
      }, {
        "uid" : "127064ee4be2df5b",
        "status" : "broken",
        "statusDetails" : "selenium.common.exceptions.TimeoutException: Message: Can't find element by locator ('id', '#ember6')\nStacktrace:\n#0 0x563f0fadfd93 <unknown>\n#1 0x563f0f7c3337 <unknown>\n#2 0x563f0f80ed60 <unknown>\n#3 0x563f0f80ee51 <unknown>\n#4 0x563f0f852bc4 <unknown>\n#5 0x563f0f83146d <unknown>\n#6 0x563f0f85012d <unknown>\n#7 0x563f0f8311e3 <unknown>\n#8 0x563f0f801135 <unknown>\n#9 0x563f0f80213e <unknown>\n#10 0x563f0faa3e4b <unknown>\n#11 0x563f0faa7dfa <unknown>\n#12 0x563f0fa906d5 <unknown>\n#13 0x563f0faa8a6f <unknown>\n#14 0x563f0fa7469f <unknown>\n#15 0x563f0facd098 <unknown>\n#16 0x563f0facd262 <unknown>\n#17 0x563f0fadef34 <unknown>\n#18 0x7f449da94ac3 <unknown>",
        "time" : {
          "start" : 1707902499977,
          "stop" : 1707902520426,
          "duration" : 20449
        }
      }, {
        "uid" : "7284c900a19239c5",
        "status" : "broken",
        "statusDetails" : "selenium.common.exceptions.TimeoutException: Message: Can't find element by locator ('id', '#ember6')\nStacktrace:\n#0 0x562339aa7d93 <unknown>\n#1 0x56233978b337 <unknown>\n#2 0x5623397d6d60 <unknown>\n#3 0x5623397d6e51 <unknown>\n#4 0x56233981abc4 <unknown>\n#5 0x5623397f946d <unknown>\n#6 0x56233981812d <unknown>\n#7 0x5623397f91e3 <unknown>\n#8 0x5623397c9135 <unknown>\n#9 0x5623397ca13e <unknown>\n#10 0x562339a6be4b <unknown>\n#11 0x562339a6fdfa <unknown>\n#12 0x562339a586d5 <unknown>\n#13 0x562339a70a6f <unknown>\n#14 0x562339a3c69f <unknown>\n#15 0x562339a95098 <unknown>\n#16 0x562339a95262 <unknown>\n#17 0x562339aa6f34 <unknown>\n#18 0x7fe52ac94ac3 <unknown>",
        "time" : {
          "start" : 1707858606419,
          "stop" : 1707858626776,
          "duration" : 20357
        }
      }, {
        "uid" : "844b04373e0afa26",
        "status" : "broken",
        "statusDetails" : "AttributeError: type object 'AuthorizedUserHomePageLocators' has no attribute 'STATISTIC_RU'. Did you mean: 'STATISTIC_DATA'?",
        "time" : {
          "start" : 1707857013171,
          "stop" : 1707857013172,
          "duration" : 1
        }
      }, {
        "uid" : "95be650e2d9321b3",
        "status" : "broken",
        "statusDetails" : "selenium.common.exceptions.TimeoutException: Message: Can't find element by locator ('xpath', \"//a[text()='Статистика']\")\nStacktrace:\n#0 0x55afaf008d93 <unknown>\n#1 0x55afaecec337 <unknown>\n#2 0x55afaed37d60 <unknown>\n#3 0x55afaed37e51 <unknown>\n#4 0x55afaed7bbc4 <unknown>\n#5 0x55afaed5a46d <unknown>\n#6 0x55afaed7912d <unknown>\n#7 0x55afaed5a1e3 <unknown>\n#8 0x55afaed2a135 <unknown>\n#9 0x55afaed2b13e <unknown>\n#10 0x55afaefcce4b <unknown>\n#11 0x55afaefd0dfa <unknown>\n#12 0x55afaefb96d5 <unknown>\n#13 0x55afaefd1a6f <unknown>\n#14 0x55afaef9d69f <unknown>\n#15 0x55afaeff6098 <unknown>\n#16 0x55afaeff6262 <unknown>\n#17 0x55afaf007f34 <unknown>\n#18 0x7f63f7094ac3 <unknown>",
        "time" : {
          "start" : 1707855548523,
          "stop" : 1707855568912,
          "duration" : 20389
        }
      } ]
    },
    "tags" : [ ]
  },
  "source" : "a28ce3dab635e7a8.json",
  "parameterValues" : [ ]
}