{
  "uid" : "a44da5cc6a07c3ae",
  "name" : "Solutions to a random task in the \"Слова\" .",
  "fullName" : "tests.test_speech_exercises_ru.TestCardsRU#test_solve_word_cards_ru",
  "historyId" : "97a1dfc93de55b98f3507f18d0af26f8",
  "time" : {
    "start" : 1713525755644,
    "stop" : 1713525755644,
    "duration" : 0
  },
  "status" : "skipped",
  "statusMessage" : "XFAIL\n\nselenium.common.exceptions.TimeoutException: Message: Can't find element by locator https://brainup.site/groups",
  "statusTrace" : "self = <pages.base_page.BasePage object at 0x7ff30376c6e0>\nurl = 'https://brainup.site/groups'\n\n    def check_expected_link(self, url):\n        with allure.step(f'Check url is present: {url}'):\n            try:\n>               return Wait(self.driver, self.timeout).until(\n                    ec.url_to_be(url), message=f\"Can't find element by locator {url}\")\n\npages/base_page.py:76: \n_ _ _ _ _ _ _ _ _ _ _ _ _ _ _ _ _ _ _ _ _ _ _ _ _ _ _ _ _ _ _ _ _ _ _ _ _ _ _ _ \n\nself = <selenium.webdriver.support.wait.WebDriverWait (session=\"89d81b1d53dcf298ef28cfda48a818a9\")>\nmethod = <function url_to_be.<locals>._predicate at 0x7ff303591bc0>\nmessage = \"Can't find element by locator https://brainup.site/groups\"\n\n    def until(self, method, message: str = \"\"):\n        \"\"\"Calls the method provided with the driver as an argument until the \\\n        return value does not evaluate to ``False``.\n    \n        :param method: callable(WebDriver)\n        :param message: optional message for :exc:`TimeoutException`\n        :returns: the result of the last call to `method`\n        :raises: :exc:`selenium.common.exceptions.TimeoutException` if timeout occurs\n        \"\"\"\n        screen = None\n        stacktrace = None\n    \n        end_time = time.monotonic() + self._timeout\n        while True:\n            try:\n                value = method(self._driver)\n                if value:\n                    return value\n            except self._ignored_exceptions as exc:\n                screen = getattr(exc, \"screen\", None)\n                stacktrace = getattr(exc, \"stacktrace\", None)\n            time.sleep(self._poll)\n            if time.monotonic() > end_time:\n                break\n>       raise TimeoutException(message, screen, stacktrace)\nE       selenium.common.exceptions.TimeoutException: Message: Can't find element by locator https://brainup.site/groups\n\n/opt/hostedtoolcache/Python/3.12.3/x64/lib/python3.12/site-packages/selenium/webdriver/support/wait.py:95: TimeoutException\n\nDuring handling of the above exception, another exception occurred:\n\ndriver = <selenium.webdriver.chrome.webdriver.WebDriver (session=\"89d81b1d53dcf298ef28cfda48a818a9\")>\nmain_page_open = None\n\n    @pytest.fixture()\n    @allure.step('DEFAULT user authorized')\n    def default_user_authorized(driver, main_page_open):\n        page = BasePage(driver)\n        page.element_is_present_and_clickable(MainPageLocators.LOGIN_BUTTON).click()\n        page.element_is_visible(LoginPageLocators.INPUT_LOGIN).send_keys(os.environ[\"DEFAULT_LOGIN\"])\n        page.element_is_visible(LoginPageLocators.INPUT_PASSWORD).send_keys(os.environ[\"PASSWORD\"])\n        page.element_is_present_and_clickable(LoginPageLocators.SIGN_IN_BUTTON).click()\n>       page.check_expected_link(MainPageLinks.URL_GROUPS_PAGE)\n\ntests/conftest.py:70: \n_ _ _ _ _ _ _ _ _ _ _ _ _ _ _ _ _ _ _ _ _ _ _ _ _ _ _ _ _ _ _ _ _ _ _ _ _ _ _ _ \npages/base_page.py:80: in check_expected_link\n    return Wait(self.driver, self.timeout).until(\n_ _ _ _ _ _ _ _ _ _ _ _ _ _ _ _ _ _ _ _ _ _ _ _ _ _ _ _ _ _ _ _ _ _ _ _ _ _ _ _ \n\nself = <selenium.webdriver.support.wait.WebDriverWait (session=\"89d81b1d53dcf298ef28cfda48a818a9\")>\nmethod = <function url_to_be.<locals>._predicate at 0x7ff3035904a0>\nmessage = \"Can't find element by locator https://brainup.site/groups\"\n\n    def until(self, method, message: str = \"\"):\n        \"\"\"Calls the method provided with the driver as an argument until the \\\n        return value does not evaluate to ``False``.\n    \n        :param method: callable(WebDriver)\n        :param message: optional message for :exc:`TimeoutException`\n        :returns: the result of the last call to `method`\n        :raises: :exc:`selenium.common.exceptions.TimeoutException` if timeout occurs\n        \"\"\"\n        screen = None\n        stacktrace = None\n    \n        end_time = time.monotonic() + self._timeout\n        while True:\n            try:\n                value = method(self._driver)\n                if value:\n                    return value\n            except self._ignored_exceptions as exc:\n                screen = getattr(exc, \"screen\", None)\n                stacktrace = getattr(exc, \"stacktrace\", None)\n            time.sleep(self._poll)\n            if time.monotonic() > end_time:\n                break\n>       raise TimeoutException(message, screen, stacktrace)\nE       selenium.common.exceptions.TimeoutException: Message: Can't find element by locator https://brainup.site/groups\n\n/opt/hostedtoolcache/Python/3.12.3/x64/lib/python3.12/site-packages/selenium/webdriver/support/wait.py:95: TimeoutException",
  "flaky" : false,
  "newFailed" : false,
  "beforeStages" : [ {
    "name" : "default_user_authorized",
    "time" : {
      "start" : 1713525760656,
      "stop" : 1713525801217,
      "duration" : 40561
    },
    "status" : "broken",
    "statusMessage" : "selenium.common.exceptions.TimeoutException: Message: Can't find element by locator https://brainup.site/groups\n\n",
    "statusTrace" : "  File \"/opt/hostedtoolcache/Python/3.12.3/x64/lib/python3.12/site-packages/pluggy/_callers.py\", line 102, in _multicall\n    res = hook_impl.function(*args)\n          ^^^^^^^^^^^^^^^^^^^^^^^^^\n  File \"/opt/hostedtoolcache/Python/3.12.3/x64/lib/python3.12/site-packages/_pytest/fixtures.py\", line 1123, in pytest_fixture_setup\n    result = call_fixture_func(fixturefunc, request, kwargs)\n             ^^^^^^^^^^^^^^^^^^^^^^^^^^^^^^^^^^^^^^^^^^^^^^^\n  File \"/opt/hostedtoolcache/Python/3.12.3/x64/lib/python3.12/site-packages/_pytest/fixtures.py\", line 902, in call_fixture_func\n    fixture_result = fixturefunc(**kwargs)\n                     ^^^^^^^^^^^^^^^^^^^^^\n  File \"/opt/hostedtoolcache/Python/3.12.3/x64/lib/python3.12/site-packages/allure_commons/_allure.py\", line 192, in impl\n    return func(*a, **kw)\n           ^^^^^^^^^^^^^^\n  File \"/home/runner/work/auto-tests-python/auto-tests-python/tests/conftest.py\", line 70, in default_user_authorized\n    page.check_expected_link(MainPageLinks.URL_GROUPS_PAGE)\n  File \"/home/runner/work/auto-tests-python/auto-tests-python/pages/base_page.py\", line 80, in check_expected_link\n    return Wait(self.driver, self.timeout).until(\n           ^^^^^^^^^^^^^^^^^^^^^^^^^^^^^^^^^^^^^^\n  File \"/opt/hostedtoolcache/Python/3.12.3/x64/lib/python3.12/site-packages/selenium/webdriver/support/wait.py\", line 95, in until\n    raise TimeoutException(message, screen, stacktrace)\n",
    "steps" : [ {
      "name" : "DEFAULT user authorized",
      "time" : {
        "start" : 1713525760656,
        "stop" : 1713525801216,
        "duration" : 40560
      },
      "status" : "broken",
      "statusMessage" : "selenium.common.exceptions.TimeoutException: Message: Can't find element by locator https://brainup.site/groups\n\n",
      "statusTrace" : "  File \"/opt/hostedtoolcache/Python/3.12.3/x64/lib/python3.12/site-packages/allure_commons/_allure.py\", line 192, in impl\n    return func(*a, **kw)\n           ^^^^^^^^^^^^^^\n  File \"/home/runner/work/auto-tests-python/auto-tests-python/tests/conftest.py\", line 70, in default_user_authorized\n    page.check_expected_link(MainPageLinks.URL_GROUPS_PAGE)\n  File \"/home/runner/work/auto-tests-python/auto-tests-python/pages/base_page.py\", line 80, in check_expected_link\n    return Wait(self.driver, self.timeout).until(\n           ^^^^^^^^^^^^^^^^^^^^^^^^^^^^^^^^^^^^^^\n  File \"/opt/hostedtoolcache/Python/3.12.3/x64/lib/python3.12/site-packages/selenium/webdriver/support/wait.py\", line 95, in until\n    raise TimeoutException(message, screen, stacktrace)\n",
      "steps" : [ {
        "name" : "Check element is visible and clickable: ('xpath', '//a[@id=\"ember11\"]')",
        "time" : {
          "start" : 1713525760656,
          "stop" : 1713525760693,
          "duration" : 37
        },
        "status" : "passed",
        "steps" : [ {
          "name" : "Check element is clickable",
          "time" : {
            "start" : 1713525760674,
            "stop" : 1713525760693,
            "duration" : 19
          },
          "status" : "passed",
          "steps" : [ {
            "name" : "Check element is clickable: ('xpath', '//a[@id=\"ember11\"]')",
            "time" : {
              "start" : 1713525760674,
              "stop" : 1713525760693,
              "duration" : 19
            },
            "status" : "passed",
            "steps" : [ ],
            "attachments" : [ ],
            "parameters" : [ ],
            "attachmentsCount" : 0,
            "shouldDisplayMessage" : false,
            "stepsCount" : 0,
            "hasContent" : false
          } ],
          "attachments" : [ ],
          "parameters" : [ {
            "name" : "locator",
            "value" : "('xpath', '//a[@id=\"ember11\"]')"
          } ],
          "attachmentsCount" : 0,
          "shouldDisplayMessage" : false,
          "stepsCount" : 1,
          "hasContent" : true
        } ],
        "attachments" : [ ],
        "parameters" : [ ],
        "attachmentsCount" : 0,
        "shouldDisplayMessage" : false,
        "stepsCount" : 2,
        "hasContent" : true
      }, {
        "name" : "Check element is visible: ('xpath', '//input[@id=\"login\"]')",
        "time" : {
          "start" : 1713525760741,
          "stop" : 1713525760766,
          "duration" : 25
        },
        "status" : "passed",
        "steps" : [ {
          "name" : "Check element is present: ('xpath', '//input[@id=\"login\"]')",
          "time" : {
            "start" : 1713525760741,
            "stop" : 1713525760750,
            "duration" : 9
          },
          "status" : "passed",
          "steps" : [ ],
          "attachments" : [ ],
          "parameters" : [ ],
          "attachmentsCount" : 0,
          "shouldDisplayMessage" : false,
          "stepsCount" : 0,
          "hasContent" : false
        }, {
          "name" : "Go to element: <selenium.webdriver.remote.webelement.WebElement (session=\"89d81b1d53dcf298ef28cfda48a818a9\", element=\"f.71F5F40C326B69E46CA5F03F45DB2760.d.48B63B2ABDDB99734AD04FC4DEEDEAD7.e.27\")>",
          "time" : {
            "start" : 1713525760750,
            "stop" : 1713525760754,
            "duration" : 4
          },
          "status" : "passed",
          "steps" : [ ],
          "attachments" : [ ],
          "parameters" : [ ],
          "attachmentsCount" : 0,
          "shouldDisplayMessage" : false,
          "stepsCount" : 0,
          "hasContent" : false
        } ],
        "attachments" : [ ],
        "parameters" : [ ],
        "attachmentsCount" : 0,
        "shouldDisplayMessage" : false,
        "stepsCount" : 2,
        "hasContent" : true
      }, {
        "name" : "Check element is visible: ('xpath', '//input[@id=\"password\"]')",
        "time" : {
          "start" : 1713525760821,
          "stop" : 1713525760848,
          "duration" : 27
        },
        "status" : "passed",
        "steps" : [ {
          "name" : "Check element is present: ('xpath', '//input[@id=\"password\"]')",
          "time" : {
            "start" : 1713525760821,
            "stop" : 1713525760831,
            "duration" : 10
          },
          "status" : "passed",
          "steps" : [ ],
          "attachments" : [ ],
          "parameters" : [ ],
          "attachmentsCount" : 0,
          "shouldDisplayMessage" : false,
          "stepsCount" : 0,
          "hasContent" : false
        }, {
          "name" : "Go to element: <selenium.webdriver.remote.webelement.WebElement (session=\"89d81b1d53dcf298ef28cfda48a818a9\", element=\"f.71F5F40C326B69E46CA5F03F45DB2760.d.48B63B2ABDDB99734AD04FC4DEEDEAD7.e.30\")>",
          "time" : {
            "start" : 1713525760831,
            "stop" : 1713525760837,
            "duration" : 6
          },
          "status" : "passed",
          "steps" : [ ],
          "attachments" : [ ],
          "parameters" : [ ],
          "attachmentsCount" : 0,
          "shouldDisplayMessage" : false,
          "stepsCount" : 0,
          "hasContent" : false
        } ],
        "attachments" : [ ],
        "parameters" : [ ],
        "attachmentsCount" : 0,
        "shouldDisplayMessage" : false,
        "stepsCount" : 2,
        "hasContent" : true
      }, {
        "name" : "Check element is visible and clickable: ('xpath', '//*[@type=\"submit\"]')",
        "time" : {
          "start" : 1713525760888,
          "stop" : 1713525760919,
          "duration" : 31
        },
        "status" : "passed",
        "steps" : [ {
          "name" : "Check element is clickable",
          "time" : {
            "start" : 1713525760903,
            "stop" : 1713525760919,
            "duration" : 16
          },
          "status" : "passed",
          "steps" : [ {
            "name" : "Check element is clickable: ('xpath', '//*[@type=\"submit\"]')",
            "time" : {
              "start" : 1713525760903,
              "stop" : 1713525760919,
              "duration" : 16
            },
            "status" : "passed",
            "steps" : [ ],
            "attachments" : [ ],
            "parameters" : [ ],
            "attachmentsCount" : 0,
            "shouldDisplayMessage" : false,
            "stepsCount" : 0,
            "hasContent" : false
          } ],
          "attachments" : [ ],
          "parameters" : [ {
            "name" : "locator",
            "value" : "('xpath', '//*[@type=\"submit\"]')"
          } ],
          "attachmentsCount" : 0,
          "shouldDisplayMessage" : false,
          "stepsCount" : 1,
          "hasContent" : true
        } ],
        "attachments" : [ ],
        "parameters" : [ ],
        "attachmentsCount" : 0,
        "shouldDisplayMessage" : false,
        "stepsCount" : 2,
        "hasContent" : true
      }, {
        "name" : "Check url is present: https://brainup.site/groups",
        "time" : {
          "start" : 1713525760952,
          "stop" : 1713525801216,
          "duration" : 40264
        },
        "status" : "broken",
        "statusMessage" : "selenium.common.exceptions.TimeoutException: Message: Can't find element by locator https://brainup.site/groups\n\n",
        "statusTrace" : "  File \"/home/runner/work/auto-tests-python/auto-tests-python/pages/base_page.py\", line 80, in check_expected_link\n    return Wait(self.driver, self.timeout).until(\n           ^^^^^^^^^^^^^^^^^^^^^^^^^^^^^^^^^^^^^^\n  File \"/opt/hostedtoolcache/Python/3.12.3/x64/lib/python3.12/site-packages/selenium/webdriver/support/wait.py\", line 95, in until\n    raise TimeoutException(message, screen, stacktrace)\n",
        "steps" : [ ],
        "attachments" : [ ],
        "parameters" : [ ],
        "attachmentsCount" : 0,
        "shouldDisplayMessage" : true,
        "stepsCount" : 0,
        "hasContent" : true
      } ],
      "attachments" : [ ],
      "parameters" : [ {
        "name" : "driver",
        "value" : "<selenium.webdriver.chrome.webdriver.WebDriver (session=\"89d81b1d53dcf298ef28cfda48a818a9\")>"
      }, {
        "name" : "main_page_open",
        "value" : "None"
      } ],
      "attachmentsCount" : 0,
      "shouldDisplayMessage" : false,
      "stepsCount" : 13,
      "hasContent" : true
    } ],
    "attachments" : [ ],
    "parameters" : [ ],
    "attachmentsCount" : 0,
    "shouldDisplayMessage" : false,
    "stepsCount" : 14,
    "hasContent" : true
  }, {
    "name" : "clear_allure_results_folder",
    "time" : {
      "start" : 1713524794495,
      "stop" : 1713524794495,
      "duration" : 0
    },
    "status" : "passed",
    "steps" : [ ],
    "attachments" : [ ],
    "parameters" : [ ],
    "attachmentsCount" : 0,
    "shouldDisplayMessage" : false,
    "stepsCount" : 0,
    "hasContent" : false
  }, {
    "name" : "main_page_open",
    "time" : {
      "start" : 1713525756414,
      "stop" : 1713525760656,
      "duration" : 4242
    },
    "status" : "passed",
    "steps" : [ {
      "name" : "Open page: https://brainup.site/",
      "time" : {
        "start" : 1713525756414,
        "stop" : 1713525760656,
        "duration" : 4242
      },
      "status" : "passed",
      "steps" : [ ],
      "attachments" : [ ],
      "parameters" : [ {
        "name" : "driver",
        "value" : "<selenium.webdriver.chrome.webdriver.WebDriver (session=\"89d81b1d53dcf298ef28cfda48a818a9\")>"
      } ],
      "attachmentsCount" : 0,
      "shouldDisplayMessage" : false,
      "stepsCount" : 0,
      "hasContent" : true
    } ],
    "attachments" : [ ],
    "parameters" : [ ],
    "attachmentsCount" : 0,
    "shouldDisplayMessage" : false,
    "stepsCount" : 1,
    "hasContent" : true
  }, {
    "name" : "driver",
    "time" : {
      "start" : 1713525755644,
      "stop" : 1713525756414,
      "duration" : 770
    },
    "status" : "passed",
    "steps" : [ ],
    "attachments" : [ ],
    "parameters" : [ ],
    "attachmentsCount" : 0,
    "shouldDisplayMessage" : false,
    "stepsCount" : 0,
    "hasContent" : false
  } ],
  "afterStages" : [ {
    "name" : "driver::0",
    "time" : {
      "start" : 1713525801232,
      "stop" : 1713525801423,
      "duration" : 191
    },
    "status" : "passed",
    "steps" : [ ],
    "attachments" : [ {
      "uid" : "305c643ec6f1c29b",
      "name" : "Screenshot 2024-04-19 11:23:21.364880",
      "source" : "305c643ec6f1c29b.png",
      "type" : "image/png",
      "size" : 41929
    } ],
    "parameters" : [ ],
    "attachmentsCount" : 1,
    "shouldDisplayMessage" : false,
    "stepsCount" : 0,
    "hasContent" : true
  } ],
  "labels" : [ {
    "name" : "suite",
    "value" : "Слова."
  }, {
    "name" : "epic",
    "value" : "Речевые упражнения."
  }, {
    "name" : "tag",
    "value" : "@pytest.mark.xfail"
  }, {
    "name" : "parentSuite",
    "value" : "tests"
  }, {
    "name" : "subSuite",
    "value" : "TestCardsRU"
  }, {
    "name" : "host",
    "value" : "fv-az1144-406"
  }, {
    "name" : "thread",
    "value" : "1807-MainThread"
  }, {
    "name" : "framework",
    "value" : "pytest"
  }, {
    "name" : "language",
    "value" : "cpython3"
  }, {
    "name" : "package",
    "value" : "tests.test_speech_exercises_ru"
  }, {
    "name" : "resultFormat",
    "value" : "allure2"
  } ],
  "parameters" : [ ],
  "links" : [ ],
  "hidden" : false,
  "retry" : false,
  "extra" : {
    "severity" : "normal",
    "retries" : [ ],
    "categories" : [ ],
    "history" : {
      "statistic" : {
        "failed" : 0,
        "broken" : 29,
        "skipped" : 61,
        "passed" : 103,
        "unknown" : 0,
        "total" : 193
      },
      "items" : [ {
        "uid" : "d5f7d7f26e178574",
        "status" : "skipped",
        "statusDetails" : "XFAIL\n\nselenium.common.exceptions.TimeoutException: Message: Can't find element by locator ('xpath', '//h3[@class=\"mt-6 mb-6 text-2xl font-semibold\"]')\nStacktrace:\n#0 0x55a222524863 <unknown>\n#1 0x55a22221a8c6 <unknown>\n#2 0x55a222265618 <unknown>\n#3 0x55a2222656d1 <unknown>\n#4 0x55a2222a8744 <unknown>\n#5 0x55a2222875cd <unknown>\n#6 0x55a2222a5c19 <unknown>\n#7 0x55a222287343 <unknown>\n#8 0x55a222258593 <unknown>\n#9 0x55a222258f5e <unknown>\n#10 0x55a2224e884b <unknown>\n#11 0x55a2224ec7a5 <unknown>\n#12 0x55a2224d6571 <unknown>\n#13 0x55a2224ed332 <unknown>\n#14 0x55a2224bb87f <unknown>\n#15 0x55a222513728 <unknown>\n#16 0x55a2225138fb <unknown>\n#17 0x55a2225239b4 <unknown>\n#18 0x7fc19b294ac3 <unknown>",
        "time" : {
          "start" : 1713521328703,
          "stop" : 1713521403668,
          "duration" : 74965
        }
      }, {
        "uid" : "4c4b6f5230c1c384",
        "status" : "skipped",
        "statusDetails" : "XFAIL\n\nselenium.common.exceptions.TimeoutException: Message: Can't find element by locator ('xpath', '//h3[@class=\"mt-6 mb-6 text-2xl font-semibold\"]')\nStacktrace:\n#0 0x560f89c00863 <unknown>\n#1 0x560f898f68c6 <unknown>\n#2 0x560f89941618 <unknown>\n#3 0x560f899416d1 <unknown>\n#4 0x560f89984744 <unknown>\n#5 0x560f899635cd <unknown>\n#6 0x560f89981c19 <unknown>\n#7 0x560f89963343 <unknown>\n#8 0x560f89934593 <unknown>\n#9 0x560f89934f5e <unknown>\n#10 0x560f89bc484b <unknown>\n#11 0x560f89bc87a5 <unknown>\n#12 0x560f89bb2571 <unknown>\n#13 0x560f89bc9332 <unknown>\n#14 0x560f89b9787f <unknown>\n#15 0x560f89bef728 <unknown>\n#16 0x560f89bef8fb <unknown>\n#17 0x560f89bff9b4 <unknown>\n#18 0x7f81cda94ac3 <unknown>",
        "time" : {
          "start" : 1713519627072,
          "stop" : 1713519701285,
          "duration" : 74213
        }
      }, {
        "uid" : "6202ad795395747e",
        "status" : "skipped",
        "statusDetails" : "XFAIL\n\nselenium.common.exceptions.TimeoutException: Message: Can't find element by locator ('xpath', '//h3[@class=\"mt-6 mb-6 text-2xl font-semibold\"]')\nStacktrace:\n#0 0x56430fad9863 <unknown>\n#1 0x56430f7cf8c6 <unknown>\n#2 0x56430f81a618 <unknown>\n#3 0x56430f81a6d1 <unknown>\n#4 0x56430f85d744 <unknown>\n#5 0x56430f83c5cd <unknown>\n#6 0x56430f85ac19 <unknown>\n#7 0x56430f83c343 <unknown>\n#8 0x56430f80d593 <unknown>\n#9 0x56430f80df5e <unknown>\n#10 0x56430fa9d84b <unknown>\n#11 0x56430faa17a5 <unknown>\n#12 0x56430fa8b571 <unknown>\n#13 0x56430faa2332 <unknown>\n#14 0x56430fa7087f <unknown>\n#15 0x56430fac8728 <unknown>\n#16 0x56430fac88fb <unknown>\n#17 0x56430fad89b4 <unknown>\n#18 0x7fc908894ac3 <unknown>",
        "time" : {
          "start" : 1713519579800,
          "stop" : 1713519658420,
          "duration" : 78620
        }
      }, {
        "uid" : "c73d946d1e072d89",
        "status" : "skipped",
        "statusDetails" : "XFAIL\n\nselenium.common.exceptions.TimeoutException: Message: Can't find element by locator ('xpath', '//h3[@class=\"mt-6 mb-6 text-2xl font-semibold\"]')\nStacktrace:\n#0 0x5646e9afc863 <unknown>\n#1 0x5646e97f28c6 <unknown>\n#2 0x5646e983d618 <unknown>\n#3 0x5646e983d6d1 <unknown>\n#4 0x5646e9880744 <unknown>\n#5 0x5646e985f5cd <unknown>\n#6 0x5646e987dc19 <unknown>\n#7 0x5646e985f343 <unknown>\n#8 0x5646e9830593 <unknown>\n#9 0x5646e9830f5e <unknown>\n#10 0x5646e9ac084b <unknown>\n#11 0x5646e9ac47a5 <unknown>\n#12 0x5646e9aae571 <unknown>\n#13 0x5646e9ac5332 <unknown>\n#14 0x5646e9a9387f <unknown>\n#15 0x5646e9aeb728 <unknown>\n#16 0x5646e9aeb8fb <unknown>\n#17 0x5646e9afb9b4 <unknown>\n#18 0x7ff5efa94ac3 <unknown>",
        "time" : {
          "start" : 1713436425139,
          "stop" : 1713436497644,
          "duration" : 72505
        }
      }, {
        "uid" : "979cfd92f8a000e6",
        "status" : "skipped",
        "statusDetails" : "XFAIL\n\nselenium.common.exceptions.TimeoutException: Message: Can't find element by locator ('xpath', '//h3[@class=\"mt-6 mb-6 text-2xl font-semibold\"]')\nStacktrace:\n#0 0x5618a416d863 <unknown>\n#1 0x5618a3e638c6 <unknown>\n#2 0x5618a3eae618 <unknown>\n#3 0x5618a3eae6d1 <unknown>\n#4 0x5618a3ef1744 <unknown>\n#5 0x5618a3ed05cd <unknown>\n#6 0x5618a3eeec19 <unknown>\n#7 0x5618a3ed0343 <unknown>\n#8 0x5618a3ea1593 <unknown>\n#9 0x5618a3ea1f5e <unknown>\n#10 0x5618a413184b <unknown>\n#11 0x5618a41357a5 <unknown>\n#12 0x5618a411f571 <unknown>\n#13 0x5618a4136332 <unknown>\n#14 0x5618a410487f <unknown>\n#15 0x5618a415c728 <unknown>\n#16 0x5618a415c8fb <unknown>\n#17 0x5618a416c9b4 <unknown>\n#18 0x7f03a0c94ac3 <unknown>",
        "time" : {
          "start" : 1713433080234,
          "stop" : 1713433164483,
          "duration" : 84249
        }
      }, {
        "uid" : "6bd48bf1608bfff8",
        "status" : "skipped",
        "statusDetails" : "XFAIL\n\nselenium.common.exceptions.TimeoutException: Message: Can't find element by locator ('xpath', '//h3[@class=\"mt-6 mb-6 text-2xl font-semibold\"]')\nStacktrace:\n#0 0x55db33e21863 <unknown>\n#1 0x55db33b178c6 <unknown>\n#2 0x55db33b62618 <unknown>\n#3 0x55db33b626d1 <unknown>\n#4 0x55db33ba5744 <unknown>\n#5 0x55db33b845cd <unknown>\n#6 0x55db33ba2c19 <unknown>\n#7 0x55db33b84343 <unknown>\n#8 0x55db33b55593 <unknown>\n#9 0x55db33b55f5e <unknown>\n#10 0x55db33de584b <unknown>\n#11 0x55db33de97a5 <unknown>\n#12 0x55db33dd3571 <unknown>\n#13 0x55db33dea332 <unknown>\n#14 0x55db33db887f <unknown>\n#15 0x55db33e10728 <unknown>\n#16 0x55db33e108fb <unknown>\n#17 0x55db33e209b4 <unknown>\n#18 0x7f5aae094ac3 <unknown>",
        "time" : {
          "start" : 1713360708683,
          "stop" : 1713360783565,
          "duration" : 74882
        }
      }, {
        "uid" : "7ed051183fc65e83",
        "status" : "skipped",
        "statusDetails" : "XFAIL\n\nselenium.common.exceptions.TimeoutException: Message: Can't find element by locator ('xpath', '//h3[@class=\"mt-6 mb-6 text-2xl font-semibold\"]')\nStacktrace:\n#0 0x55d658874873 <unknown>\n#1 0x55d65856a8c6 <unknown>\n#2 0x55d6585b5618 <unknown>\n#3 0x55d6585b56d1 <unknown>\n#4 0x55d6585f8744 <unknown>\n#5 0x55d6585d75cd <unknown>\n#6 0x55d6585f5c19 <unknown>\n#7 0x55d6585d7343 <unknown>\n#8 0x55d6585a8593 <unknown>\n#9 0x55d6585a8f5e <unknown>\n#10 0x55d65883885b <unknown>\n#11 0x55d65883c7b5 <unknown>\n#12 0x55d658826581 <unknown>\n#13 0x55d65883d342 <unknown>\n#14 0x55d65880b88f <unknown>\n#15 0x55d658863738 <unknown>\n#16 0x55d65886390b <unknown>\n#17 0x55d6588739c4 <unknown>\n#18 0x7f7935094ac3 <unknown>",
        "time" : {
          "start" : 1713347558086,
          "stop" : 1713347632788,
          "duration" : 74702
        }
      }, {
        "uid" : "287e8631def12db0",
        "status" : "skipped",
        "statusDetails" : "XFAIL\n\nselenium.common.exceptions.TimeoutException: Message: Can't find element by locator ('xpath', '//h3[@class=\"mt-6 mb-6 text-2xl font-semibold\"]')\nStacktrace:\n#0 0x55ba43ad8873 <unknown>\n#1 0x55ba437ce8c6 <unknown>\n#2 0x55ba43819618 <unknown>\n#3 0x55ba438196d1 <unknown>\n#4 0x55ba4385c744 <unknown>\n#5 0x55ba4383b5cd <unknown>\n#6 0x55ba43859c19 <unknown>\n#7 0x55ba4383b343 <unknown>\n#8 0x55ba4380c593 <unknown>\n#9 0x55ba4380cf5e <unknown>\n#10 0x55ba43a9c85b <unknown>\n#11 0x55ba43aa07b5 <unknown>\n#12 0x55ba43a8a581 <unknown>\n#13 0x55ba43aa1342 <unknown>\n#14 0x55ba43a6f88f <unknown>\n#15 0x55ba43ac7738 <unknown>\n#16 0x55ba43ac790b <unknown>\n#17 0x55ba43ad79c4 <unknown>\n#18 0x7f9309694ac3 <unknown>",
        "time" : {
          "start" : 1713258163777,
          "stop" : 1713258239885,
          "duration" : 76108
        }
      }, {
        "uid" : "fa74bb94d93f3a02",
        "status" : "skipped",
        "statusDetails" : "XFAIL\n\nselenium.common.exceptions.TimeoutException: Message: Can't find element by locator ('xpath', '//h3[@class=\"mt-6 mb-6 text-2xl font-semibold\"]')\nStacktrace:\n#0 0x564a44192873 <unknown>\n#1 0x564a43e888c6 <unknown>\n#2 0x564a43ed3618 <unknown>\n#3 0x564a43ed36d1 <unknown>\n#4 0x564a43f16744 <unknown>\n#5 0x564a43ef55cd <unknown>\n#6 0x564a43f13c19 <unknown>\n#7 0x564a43ef5343 <unknown>\n#8 0x564a43ec6593 <unknown>\n#9 0x564a43ec6f5e <unknown>\n#10 0x564a4415685b <unknown>\n#11 0x564a4415a7b5 <unknown>\n#12 0x564a44144581 <unknown>\n#13 0x564a4415b342 <unknown>\n#14 0x564a4412988f <unknown>\n#15 0x564a44181738 <unknown>\n#16 0x564a4418190b <unknown>\n#17 0x564a441919c4 <unknown>\n#18 0x7fe966894ac3 <unknown>",
        "time" : {
          "start" : 1713256369006,
          "stop" : 1713256445056,
          "duration" : 76050
        }
      }, {
        "uid" : "7f931ce71ef9215b",
        "status" : "skipped",
        "statusDetails" : "XFAIL\n\nselenium.common.exceptions.TimeoutException: Message: Can't find element by locator ('xpath', '//h3[@class=\"mt-6 mb-6 text-2xl font-semibold\"]')\nStacktrace:\n#0 0x558db2615873 <unknown>\n#1 0x558db230b8c6 <unknown>\n#2 0x558db2356618 <unknown>\n#3 0x558db23566d1 <unknown>\n#4 0x558db2399744 <unknown>\n#5 0x558db23785cd <unknown>\n#6 0x558db2396c19 <unknown>\n#7 0x558db2378343 <unknown>\n#8 0x558db2349593 <unknown>\n#9 0x558db2349f5e <unknown>\n#10 0x558db25d985b <unknown>\n#11 0x558db25dd7b5 <unknown>\n#12 0x558db25c7581 <unknown>\n#13 0x558db25de342 <unknown>\n#14 0x558db25ac88f <unknown>\n#15 0x558db2604738 <unknown>\n#16 0x558db260490b <unknown>\n#17 0x558db26149c4 <unknown>\n#18 0x7f920dc94ac3 <unknown>",
        "time" : {
          "start" : 1713195230439,
          "stop" : 1713195303015,
          "duration" : 72576
        }
      }, {
        "uid" : "cd031f79f7d85bd9",
        "status" : "skipped",
        "statusDetails" : "XFAIL\n\nselenium.common.exceptions.TimeoutException: Message: Can't find element by locator ('xpath', '//h3[@class=\"mt-6 mb-6 text-2xl font-semibold\"]')\nStacktrace:\n#0 0x562a86e97873 <unknown>\n#1 0x562a86b8d8c6 <unknown>\n#2 0x562a86bd8618 <unknown>\n#3 0x562a86bd86d1 <unknown>\n#4 0x562a86c1b744 <unknown>\n#5 0x562a86bfa5cd <unknown>\n#6 0x562a86c18c19 <unknown>\n#7 0x562a86bfa343 <unknown>\n#8 0x562a86bcb593 <unknown>\n#9 0x562a86bcbf5e <unknown>\n#10 0x562a86e5b85b <unknown>\n#11 0x562a86e5f7b5 <unknown>\n#12 0x562a86e49581 <unknown>\n#13 0x562a86e60342 <unknown>\n#14 0x562a86e2e88f <unknown>\n#15 0x562a86e86738 <unknown>\n#16 0x562a86e8690b <unknown>\n#17 0x562a86e969c4 <unknown>\n#18 0x7f7245c94ac3 <unknown>",
        "time" : {
          "start" : 1713181070851,
          "stop" : 1713181145368,
          "duration" : 74517
        }
      }, {
        "uid" : "213b897d6baccd39",
        "status" : "skipped",
        "statusDetails" : "XFAIL\n\nselenium.common.exceptions.TimeoutException: Message: Can't find element by locator ('xpath', '//h3[@class=\"mt-6 mb-6 text-2xl font-semibold\"]')\nStacktrace:\n#0 0x55ab5d7e0873 <unknown>\n#1 0x55ab5d4d68c6 <unknown>\n#2 0x55ab5d521618 <unknown>\n#3 0x55ab5d5216d1 <unknown>\n#4 0x55ab5d564744 <unknown>\n#5 0x55ab5d5435cd <unknown>\n#6 0x55ab5d561c19 <unknown>\n#7 0x55ab5d543343 <unknown>\n#8 0x55ab5d514593 <unknown>\n#9 0x55ab5d514f5e <unknown>\n#10 0x55ab5d7a485b <unknown>\n#11 0x55ab5d7a87b5 <unknown>\n#12 0x55ab5d792581 <unknown>\n#13 0x55ab5d7a9342 <unknown>\n#14 0x55ab5d77788f <unknown>\n#15 0x55ab5d7cf738 <unknown>\n#16 0x55ab5d7cf90b <unknown>\n#17 0x55ab5d7df9c4 <unknown>\n#18 0x7f9e77c94ac3 <unknown>",
        "time" : {
          "start" : 1713174188649,
          "stop" : 1713174263209,
          "duration" : 74560
        }
      }, {
        "uid" : "3942028c7bb80b6f",
        "status" : "skipped",
        "statusDetails" : "XFAIL\n\nselenium.common.exceptions.TimeoutException: Message: Can't find element by locator ('xpath', '//h3[@class=\"mt-6 mb-6 text-2xl font-semibold\"]')\nStacktrace:\n#0 0x564a6a34f873 <unknown>\n#1 0x564a6a0458c6 <unknown>\n#2 0x564a6a090618 <unknown>\n#3 0x564a6a0906d1 <unknown>\n#4 0x564a6a0d3744 <unknown>\n#5 0x564a6a0b25cd <unknown>\n#6 0x564a6a0d0c19 <unknown>\n#7 0x564a6a0b2343 <unknown>\n#8 0x564a6a083593 <unknown>\n#9 0x564a6a083f5e <unknown>\n#10 0x564a6a31385b <unknown>\n#11 0x564a6a3177b5 <unknown>\n#12 0x564a6a301581 <unknown>\n#13 0x564a6a318342 <unknown>\n#14 0x564a6a2e688f <unknown>\n#15 0x564a6a33e738 <unknown>\n#16 0x564a6a33e90b <unknown>\n#17 0x564a6a34e9c4 <unknown>\n#18 0x7f34c7494ac3 <unknown>",
        "time" : {
          "start" : 1713172504096,
          "stop" : 1713172578504,
          "duration" : 74408
        }
      }, {
        "uid" : "abe7baf6e8d62817",
        "status" : "skipped",
        "statusDetails" : "XFAIL\n\nselenium.common.exceptions.TimeoutException: Message: Can't find element by locator ('xpath', '//h3[@class=\"mt-6 mb-6 text-2xl font-semibold\"]')\nStacktrace:\n#0 0x563d31a27873 <unknown>\n#1 0x563d3171d8c6 <unknown>\n#2 0x563d31768618 <unknown>\n#3 0x563d317686d1 <unknown>\n#4 0x563d317ab744 <unknown>\n#5 0x563d3178a5cd <unknown>\n#6 0x563d317a8c19 <unknown>\n#7 0x563d3178a343 <unknown>\n#8 0x563d3175b593 <unknown>\n#9 0x563d3175bf5e <unknown>\n#10 0x563d319eb85b <unknown>\n#11 0x563d319ef7b5 <unknown>\n#12 0x563d319d9581 <unknown>\n#13 0x563d319f0342 <unknown>\n#14 0x563d319be88f <unknown>\n#15 0x563d31a16738 <unknown>\n#16 0x563d31a1690b <unknown>\n#17 0x563d31a269c4 <unknown>\n#18 0x7f09f5c94ac3 <unknown>",
        "time" : {
          "start" : 1713091403565,
          "stop" : 1713091478048,
          "duration" : 74483
        }
      }, {
        "uid" : "952a4e0cb9e37d13",
        "status" : "skipped",
        "statusDetails" : "XFAIL\n\nselenium.common.exceptions.TimeoutException: Message: Can't find element by locator ('xpath', '//h3[@class=\"mt-6 mb-6 text-2xl font-semibold\"]')\nStacktrace:\n#0 0x55cfbc275873 <unknown>\n#1 0x55cfbbf6b8c6 <unknown>\n#2 0x55cfbbfb6618 <unknown>\n#3 0x55cfbbfb66d1 <unknown>\n#4 0x55cfbbff9744 <unknown>\n#5 0x55cfbbfd85cd <unknown>\n#6 0x55cfbbff6c19 <unknown>\n#7 0x55cfbbfd8343 <unknown>\n#8 0x55cfbbfa9593 <unknown>\n#9 0x55cfbbfa9f5e <unknown>\n#10 0x55cfbc23985b <unknown>\n#11 0x55cfbc23d7b5 <unknown>\n#12 0x55cfbc227581 <unknown>\n#13 0x55cfbc23e342 <unknown>\n#14 0x55cfbc20c88f <unknown>\n#15 0x55cfbc264738 <unknown>\n#16 0x55cfbc26490b <unknown>\n#17 0x55cfbc2749c4 <unknown>\n#18 0x7f0e85e94ac3 <unknown>",
        "time" : {
          "start" : 1713089406256,
          "stop" : 1713089479161,
          "duration" : 72905
        }
      }, {
        "uid" : "e9cbd2437c06a204",
        "status" : "skipped",
        "statusDetails" : "XFAIL\n\nselenium.common.exceptions.TimeoutException: Message: Can't find element by locator ('xpath', '//h3[@class=\"mt-6 mb-6 text-2xl font-semibold\"]')\nStacktrace:\n#0 0x55791a2c0873 <unknown>\n#1 0x557919fb68c6 <unknown>\n#2 0x55791a001618 <unknown>\n#3 0x55791a0016d1 <unknown>\n#4 0x55791a044744 <unknown>\n#5 0x55791a0235cd <unknown>\n#6 0x55791a041c19 <unknown>\n#7 0x55791a023343 <unknown>\n#8 0x557919ff4593 <unknown>\n#9 0x557919ff4f5e <unknown>\n#10 0x55791a28485b <unknown>\n#11 0x55791a2887b5 <unknown>\n#12 0x55791a272581 <unknown>\n#13 0x55791a289342 <unknown>\n#14 0x55791a25788f <unknown>\n#15 0x55791a2af738 <unknown>\n#16 0x55791a2af90b <unknown>\n#17 0x55791a2bf9c4 <unknown>\n#18 0x7f58b6494ac3 <unknown>",
        "time" : {
          "start" : 1713017624509,
          "stop" : 1713017698789,
          "duration" : 74280
        }
      }, {
        "uid" : "446c085c98881deb",
        "status" : "skipped",
        "statusDetails" : "XFAIL\n\nselenium.common.exceptions.TimeoutException: Message: Can't find element by locator ('xpath', '//h3[@class=\"mt-6 mb-6 text-2xl font-semibold\"]')\nStacktrace:\n#0 0x564a75dc8873 <unknown>\n#1 0x564a75abe8c6 <unknown>\n#2 0x564a75b09618 <unknown>\n#3 0x564a75b096d1 <unknown>\n#4 0x564a75b4c744 <unknown>\n#5 0x564a75b2b5cd <unknown>\n#6 0x564a75b49c19 <unknown>\n#7 0x564a75b2b343 <unknown>\n#8 0x564a75afc593 <unknown>\n#9 0x564a75afcf5e <unknown>\n#10 0x564a75d8c85b <unknown>\n#11 0x564a75d907b5 <unknown>\n#12 0x564a75d7a581 <unknown>\n#13 0x564a75d91342 <unknown>\n#14 0x564a75d5f88f <unknown>\n#15 0x564a75db7738 <unknown>\n#16 0x564a75db790b <unknown>\n#17 0x564a75dc79c4 <unknown>\n#18 0x7fca7da94ac3 <unknown>",
        "time" : {
          "start" : 1713010547432,
          "stop" : 1713010619507,
          "duration" : 72075
        }
      }, {
        "uid" : "4feec7ee6188f247",
        "status" : "skipped",
        "statusDetails" : "XFAIL\n\nselenium.common.exceptions.TimeoutException: Message: Can't find element by locator ('xpath', '//h3[@class=\"mt-6 mb-6 text-2xl font-semibold\"]')\nStacktrace:\n#0 0x5605f49c4873 <unknown>\n#1 0x5605f46ba8c6 <unknown>\n#2 0x5605f4705618 <unknown>\n#3 0x5605f47056d1 <unknown>\n#4 0x5605f4748744 <unknown>\n#5 0x5605f47275cd <unknown>\n#6 0x5605f4745c19 <unknown>\n#7 0x5605f4727343 <unknown>\n#8 0x5605f46f8593 <unknown>\n#9 0x5605f46f8f5e <unknown>\n#10 0x5605f498885b <unknown>\n#11 0x5605f498c7b5 <unknown>\n#12 0x5605f4976581 <unknown>\n#13 0x5605f498d342 <unknown>\n#14 0x5605f495b88f <unknown>\n#15 0x5605f49b3738 <unknown>\n#16 0x5605f49b390b <unknown>\n#17 0x5605f49c39c4 <unknown>\n#18 0x7f741d494ac3 <unknown>",
        "time" : {
          "start" : 1713009031160,
          "stop" : 1713009103337,
          "duration" : 72177
        }
      }, {
        "uid" : "ed9dd691b4c89166",
        "status" : "skipped",
        "statusDetails" : "XFAIL\n\nselenium.common.exceptions.TimeoutException: Message: Can't find element by locator ('xpath', '//h3[@class=\"mt-6 mb-6 text-2xl font-semibold\"]')\nStacktrace:\n#0 0x558126af8873 <unknown>\n#1 0x5581267ee8c6 <unknown>\n#2 0x558126839618 <unknown>\n#3 0x5581268396d1 <unknown>\n#4 0x55812687c744 <unknown>\n#5 0x55812685b5cd <unknown>\n#6 0x558126879c19 <unknown>\n#7 0x55812685b343 <unknown>\n#8 0x55812682c593 <unknown>\n#9 0x55812682cf5e <unknown>\n#10 0x558126abc85b <unknown>\n#11 0x558126ac07b5 <unknown>\n#12 0x558126aaa581 <unknown>\n#13 0x558126ac1342 <unknown>\n#14 0x558126a8f88f <unknown>\n#15 0x558126ae7738 <unknown>\n#16 0x558126ae790b <unknown>\n#17 0x558126af79c4 <unknown>\n#18 0x7ffb72094ac3 <unknown>",
        "time" : {
          "start" : 1713007501764,
          "stop" : 1713007574816,
          "duration" : 73052
        }
      }, {
        "uid" : "299a9738422dd7f5",
        "status" : "skipped",
        "statusDetails" : "XFAIL\n\nselenium.common.exceptions.TimeoutException: Message: Can't find element by locator ('xpath', '//h3[@class=\"mt-6 mb-6 text-2xl font-semibold\"]')\nStacktrace:\n#0 0x5589c5817873 <unknown>\n#1 0x5589c550d8c6 <unknown>\n#2 0x5589c5558618 <unknown>\n#3 0x5589c55586d1 <unknown>\n#4 0x5589c559b744 <unknown>\n#5 0x5589c557a5cd <unknown>\n#6 0x5589c5598c19 <unknown>\n#7 0x5589c557a343 <unknown>\n#8 0x5589c554b593 <unknown>\n#9 0x5589c554bf5e <unknown>\n#10 0x5589c57db85b <unknown>\n#11 0x5589c57df7b5 <unknown>\n#12 0x5589c57c9581 <unknown>\n#13 0x5589c57e0342 <unknown>\n#14 0x5589c57ae88f <unknown>\n#15 0x5589c5806738 <unknown>\n#16 0x5589c580690b <unknown>\n#17 0x5589c58169c4 <unknown>\n#18 0x7f1234094ac3 <unknown>",
        "time" : {
          "start" : 1712918079068,
          "stop" : 1712918151975,
          "duration" : 72907
        }
      } ]
    },
    "tags" : [ "@pytest.mark.xfail" ]
  },
  "source" : "a44da5cc6a07c3ae.json",
  "parameterValues" : [ ]
}