{
  "uid" : "a97c1b3778d33cb",
  "name" : "Solutions to a random task in the \"Слова\" group and comparison of statics.",
  "fullName" : "tests.test_speech_exercises_ru.TestCardsRU#test_solve_word_cards_ru",
  "historyId" : "97a1dfc93de55b98f3507f18d0af26f8",
  "time" : {
    "start" : 1707924608948,
    "stop" : 1707924630629,
    "duration" : 21681
  },
  "status" : "broken",
  "statusMessage" : "selenium.common.exceptions.TimeoutException: Message: Can't find element by locator ('xpath', '//a[text()=\"Упражнения\"]')\nStacktrace:\n#0 0x55eeb4e80d93 <unknown>\n#1 0x55eeb4b64337 <unknown>\n#2 0x55eeb4bafd60 <unknown>\n#3 0x55eeb4bafe51 <unknown>\n#4 0x55eeb4bf3bc4 <unknown>\n#5 0x55eeb4bd246d <unknown>\n#6 0x55eeb4bf112d <unknown>\n#7 0x55eeb4bd21e3 <unknown>\n#8 0x55eeb4ba2135 <unknown>\n#9 0x55eeb4ba313e <unknown>\n#10 0x55eeb4e44e4b <unknown>\n#11 0x55eeb4e48dfa <unknown>\n#12 0x55eeb4e316d5 <unknown>\n#13 0x55eeb4e49a6f <unknown>\n#14 0x55eeb4e1569f <unknown>\n#15 0x55eeb4e6e098 <unknown>\n#16 0x55eeb4e6e262 <unknown>\n#17 0x55eeb4e7ff34 <unknown>\n#18 0x7fa3f4e94ac3 <unknown>",
  "statusTrace" : "self = <tests.test_speech_exercises_ru.TestCardsRU object at 0x7f222d117ef0>\ndriver = <selenium.webdriver.chrome.webdriver.WebDriver (session=\"cba5731ce3c1d0b029bdd52bb754cfae\")>\ndefault_user_authorized = <pages.base_page.BasePage object at 0x7f222cf076e0>\n\n    @allure.suite('Слова.')\n    @allure.title('Solutions to a random task in the \"Слова\" group and comparison of statics.')\n    def test_solve_word_cards_ru(self, driver, default_user_authorized):\n        page = SpeechExercisesPageRU(driver)\n        table = page.get_statistic_data()\n        start_result = list(table[1].values())[5]\n>       page.click_button_exercises()\n\ntests/test_speech_exercises_ru.py:124: \n_ _ _ _ _ _ _ _ _ _ _ _ _ _ _ _ _ _ _ _ _ _ _ _ _ _ _ _ _ _ _ _ _ _ _ _ _ _ _ _ \npages/speech_exercises_page_ru.py:133: in click_button_exercises\n    self.element_is_present_and_clickable(self.locators.AuthorizedUserHomePageLocators.BUTTON_EXERCISES_RU).click()\npages/base_page.py:32: in element_is_present_and_clickable\n    return (Wait(self.driver, self.timeout).until(\n_ _ _ _ _ _ _ _ _ _ _ _ _ _ _ _ _ _ _ _ _ _ _ _ _ _ _ _ _ _ _ _ _ _ _ _ _ _ _ _ \n\nself = <selenium.webdriver.support.wait.WebDriverWait (session=\"cba5731ce3c1d0b029bdd52bb754cfae\")>\nmethod = <function visibility_of_element_located.<locals>._predicate at 0x7f222cee0720>\nmessage = 'Can\\'t find element by locator (\\'xpath\\', \\'//a[text()=\"Упражнения\"]\\')'\n\n    def until(self, method, message: str = \"\"):\n        \"\"\"Calls the method provided with the driver as an argument until the \\\n        return value does not evaluate to ``False``.\n    \n        :param method: callable(WebDriver)\n        :param message: optional message for :exc:`TimeoutException`\n        :returns: the result of the last call to `method`\n        :raises: :exc:`selenium.common.exceptions.TimeoutException` if timeout occurs\n        \"\"\"\n        screen = None\n        stacktrace = None\n    \n        end_time = time.monotonic() + self._timeout\n        while True:\n            try:\n                value = method(self._driver)\n                if value:\n                    return value\n            except self._ignored_exceptions as exc:\n                screen = getattr(exc, \"screen\", None)\n                stacktrace = getattr(exc, \"stacktrace\", None)\n            time.sleep(self._poll)\n            if time.monotonic() > end_time:\n                break\n>       raise TimeoutException(message, screen, stacktrace)\nE       selenium.common.exceptions.TimeoutException: Message: Can't find element by locator ('xpath', '//a[text()=\"Упражнения\"]')\nE       Stacktrace:\nE       #0 0x55eeb4e80d93 <unknown>\nE       #1 0x55eeb4b64337 <unknown>\nE       #2 0x55eeb4bafd60 <unknown>\nE       #3 0x55eeb4bafe51 <unknown>\nE       #4 0x55eeb4bf3bc4 <unknown>\nE       #5 0x55eeb4bd246d <unknown>\nE       #6 0x55eeb4bf112d <unknown>\nE       #7 0x55eeb4bd21e3 <unknown>\nE       #8 0x55eeb4ba2135 <unknown>\nE       #9 0x55eeb4ba313e <unknown>\nE       #10 0x55eeb4e44e4b <unknown>\nE       #11 0x55eeb4e48dfa <unknown>\nE       #12 0x55eeb4e316d5 <unknown>\nE       #13 0x55eeb4e49a6f <unknown>\nE       #14 0x55eeb4e1569f <unknown>\nE       #15 0x55eeb4e6e098 <unknown>\nE       #16 0x55eeb4e6e262 <unknown>\nE       #17 0x55eeb4e7ff34 <unknown>\nE       #18 0x7fa3f4e94ac3 <unknown>\n\n/opt/hostedtoolcache/Python/3.12.2/x64/lib/python3.12/site-packages/selenium/webdriver/support/wait.py:95: TimeoutException",
  "flaky" : false,
  "newFailed" : false,
  "beforeStages" : [ {
    "name" : "clear_allure_results_folder",
    "time" : {
      "start" : 1707923897854,
      "stop" : 1707923897854,
      "duration" : 0
    },
    "status" : "passed",
    "steps" : [ ],
    "attachments" : [ ],
    "parameters" : [ ],
    "attachmentsCount" : 0,
    "shouldDisplayMessage" : false,
    "stepsCount" : 0,
    "hasContent" : false
  }, {
    "name" : "main_page_open",
    "time" : {
      "start" : 1707924602450,
      "stop" : 1707924606615,
      "duration" : 4165
    },
    "status" : "passed",
    "steps" : [ {
      "name" : "Open page: https://brainup.site/",
      "time" : {
        "start" : 1707924602450,
        "stop" : 1707924606615,
        "duration" : 4165
      },
      "status" : "passed",
      "steps" : [ ],
      "attachments" : [ ],
      "parameters" : [ {
        "name" : "driver",
        "value" : "<selenium.webdriver.chrome.webdriver.WebDriver (session=\"cba5731ce3c1d0b029bdd52bb754cfae\")>"
      } ],
      "attachmentsCount" : 0,
      "shouldDisplayMessage" : false,
      "stepsCount" : 0,
      "hasContent" : true
    } ],
    "attachments" : [ ],
    "parameters" : [ ],
    "attachmentsCount" : 0,
    "shouldDisplayMessage" : false,
    "stepsCount" : 1,
    "hasContent" : true
  }, {
    "name" : "driver",
    "time" : {
      "start" : 1707924601677,
      "stop" : 1707924602449,
      "duration" : 772
    },
    "status" : "passed",
    "steps" : [ ],
    "attachments" : [ ],
    "parameters" : [ ],
    "attachmentsCount" : 0,
    "shouldDisplayMessage" : false,
    "stepsCount" : 0,
    "hasContent" : false
  }, {
    "name" : "default_user_authorized",
    "time" : {
      "start" : 1707924606615,
      "stop" : 1707924608948,
      "duration" : 2333
    },
    "status" : "passed",
    "steps" : [ {
      "name" : "DEFAULT user authorized",
      "time" : {
        "start" : 1707924606615,
        "stop" : 1707924608948,
        "duration" : 2333
      },
      "status" : "passed",
      "steps" : [ {
        "name" : "Check element is visible and clickable: ('xpath', '//a[@id=\"ember11\"]')",
        "time" : {
          "start" : 1707924606615,
          "stop" : 1707924606654,
          "duration" : 39
        },
        "status" : "passed",
        "steps" : [ {
          "name" : "Check element is clickable",
          "time" : {
            "start" : 1707924606634,
            "stop" : 1707924606654,
            "duration" : 20
          },
          "status" : "passed",
          "steps" : [ {
            "name" : "Check element is clickable: ('xpath', '//a[@id=\"ember11\"]')",
            "time" : {
              "start" : 1707924606634,
              "stop" : 1707924606654,
              "duration" : 20
            },
            "status" : "passed",
            "steps" : [ ],
            "attachments" : [ ],
            "parameters" : [ ],
            "attachmentsCount" : 0,
            "shouldDisplayMessage" : false,
            "stepsCount" : 0,
            "hasContent" : false
          } ],
          "attachments" : [ ],
          "parameters" : [ {
            "name" : "locator",
            "value" : "('xpath', '//a[@id=\"ember11\"]')"
          } ],
          "attachmentsCount" : 0,
          "shouldDisplayMessage" : false,
          "stepsCount" : 1,
          "hasContent" : true
        } ],
        "attachments" : [ ],
        "parameters" : [ ],
        "attachmentsCount" : 0,
        "shouldDisplayMessage" : false,
        "stepsCount" : 2,
        "hasContent" : true
      }, {
        "name" : "Check element is visible: ('xpath', '//input[@id=\"login\"]')",
        "time" : {
          "start" : 1707924606705,
          "stop" : 1707924606734,
          "duration" : 29
        },
        "status" : "passed",
        "steps" : [ {
          "name" : "Check element is present: ('xpath', '//input[@id=\"login\"]')",
          "time" : {
            "start" : 1707924606705,
            "stop" : 1707924606718,
            "duration" : 13
          },
          "status" : "passed",
          "steps" : [ ],
          "attachments" : [ ],
          "parameters" : [ ],
          "attachmentsCount" : 0,
          "shouldDisplayMessage" : false,
          "stepsCount" : 0,
          "hasContent" : false
        }, {
          "name" : "Go to element: <selenium.webdriver.remote.webelement.WebElement (session=\"cba5731ce3c1d0b029bdd52bb754cfae\", element=\"0D1D2DD2DDB53F7099742D328B42938A_element_26\")>",
          "time" : {
            "start" : 1707924606718,
            "stop" : 1707924606723,
            "duration" : 5
          },
          "status" : "passed",
          "steps" : [ ],
          "attachments" : [ ],
          "parameters" : [ ],
          "attachmentsCount" : 0,
          "shouldDisplayMessage" : false,
          "stepsCount" : 0,
          "hasContent" : false
        } ],
        "attachments" : [ ],
        "parameters" : [ ],
        "attachmentsCount" : 0,
        "shouldDisplayMessage" : false,
        "stepsCount" : 2,
        "hasContent" : true
      }, {
        "name" : "Check element is visible: ('xpath', '//input[@id=\"password\"]')",
        "time" : {
          "start" : 1707924606791,
          "stop" : 1707924606819,
          "duration" : 28
        },
        "status" : "passed",
        "steps" : [ {
          "name" : "Check element is present: ('xpath', '//input[@id=\"password\"]')",
          "time" : {
            "start" : 1707924606791,
            "stop" : 1707924606801,
            "duration" : 10
          },
          "status" : "passed",
          "steps" : [ ],
          "attachments" : [ ],
          "parameters" : [ ],
          "attachmentsCount" : 0,
          "shouldDisplayMessage" : false,
          "stepsCount" : 0,
          "hasContent" : false
        }, {
          "name" : "Go to element: <selenium.webdriver.remote.webelement.WebElement (session=\"cba5731ce3c1d0b029bdd52bb754cfae\", element=\"0D1D2DD2DDB53F7099742D328B42938A_element_29\")>",
          "time" : {
            "start" : 1707924606801,
            "stop" : 1707924606807,
            "duration" : 6
          },
          "status" : "passed",
          "steps" : [ ],
          "attachments" : [ ],
          "parameters" : [ ],
          "attachmentsCount" : 0,
          "shouldDisplayMessage" : false,
          "stepsCount" : 0,
          "hasContent" : false
        } ],
        "attachments" : [ ],
        "parameters" : [ ],
        "attachmentsCount" : 0,
        "shouldDisplayMessage" : false,
        "stepsCount" : 2,
        "hasContent" : true
      }, {
        "name" : "Check element is visible and clickable: ('xpath', '//*[@type=\"submit\"]')",
        "time" : {
          "start" : 1707924606861,
          "stop" : 1707924606892,
          "duration" : 31
        },
        "status" : "passed",
        "steps" : [ {
          "name" : "Check element is clickable",
          "time" : {
            "start" : 1707924606876,
            "stop" : 1707924606892,
            "duration" : 16
          },
          "status" : "passed",
          "steps" : [ {
            "name" : "Check element is clickable: ('xpath', '//*[@type=\"submit\"]')",
            "time" : {
              "start" : 1707924606876,
              "stop" : 1707924606892,
              "duration" : 16
            },
            "status" : "passed",
            "steps" : [ ],
            "attachments" : [ ],
            "parameters" : [ ],
            "attachmentsCount" : 0,
            "shouldDisplayMessage" : false,
            "stepsCount" : 0,
            "hasContent" : false
          } ],
          "attachments" : [ ],
          "parameters" : [ {
            "name" : "locator",
            "value" : "('xpath', '//*[@type=\"submit\"]')"
          } ],
          "attachmentsCount" : 0,
          "shouldDisplayMessage" : false,
          "stepsCount" : 1,
          "hasContent" : true
        } ],
        "attachments" : [ ],
        "parameters" : [ ],
        "attachmentsCount" : 0,
        "shouldDisplayMessage" : false,
        "stepsCount" : 2,
        "hasContent" : true
      }, {
        "name" : "Check url is present: https://brainup.site/groups",
        "time" : {
          "start" : 1707924606929,
          "stop" : 1707924608948,
          "duration" : 2019
        },
        "status" : "passed",
        "steps" : [ ],
        "attachments" : [ ],
        "parameters" : [ ],
        "attachmentsCount" : 0,
        "shouldDisplayMessage" : false,
        "stepsCount" : 0,
        "hasContent" : false
      } ],
      "attachments" : [ ],
      "parameters" : [ {
        "name" : "driver",
        "value" : "<selenium.webdriver.chrome.webdriver.WebDriver (session=\"cba5731ce3c1d0b029bdd52bb754cfae\")>"
      }, {
        "name" : "main_page_open",
        "value" : "None"
      } ],
      "attachmentsCount" : 0,
      "shouldDisplayMessage" : false,
      "stepsCount" : 13,
      "hasContent" : true
    } ],
    "attachments" : [ ],
    "parameters" : [ ],
    "attachmentsCount" : 0,
    "shouldDisplayMessage" : false,
    "stepsCount" : 14,
    "hasContent" : true
  } ],
  "testStage" : {
    "status" : "broken",
    "statusMessage" : "selenium.common.exceptions.TimeoutException: Message: Can't find element by locator ('xpath', '//a[text()=\"Упражнения\"]')\nStacktrace:\n#0 0x55eeb4e80d93 <unknown>\n#1 0x55eeb4b64337 <unknown>\n#2 0x55eeb4bafd60 <unknown>\n#3 0x55eeb4bafe51 <unknown>\n#4 0x55eeb4bf3bc4 <unknown>\n#5 0x55eeb4bd246d <unknown>\n#6 0x55eeb4bf112d <unknown>\n#7 0x55eeb4bd21e3 <unknown>\n#8 0x55eeb4ba2135 <unknown>\n#9 0x55eeb4ba313e <unknown>\n#10 0x55eeb4e44e4b <unknown>\n#11 0x55eeb4e48dfa <unknown>\n#12 0x55eeb4e316d5 <unknown>\n#13 0x55eeb4e49a6f <unknown>\n#14 0x55eeb4e1569f <unknown>\n#15 0x55eeb4e6e098 <unknown>\n#16 0x55eeb4e6e262 <unknown>\n#17 0x55eeb4e7ff34 <unknown>\n#18 0x7fa3f4e94ac3 <unknown>",
    "statusTrace" : "self = <tests.test_speech_exercises_ru.TestCardsRU object at 0x7f222d117ef0>\ndriver = <selenium.webdriver.chrome.webdriver.WebDriver (session=\"cba5731ce3c1d0b029bdd52bb754cfae\")>\ndefault_user_authorized = <pages.base_page.BasePage object at 0x7f222cf076e0>\n\n    @allure.suite('Слова.')\n    @allure.title('Solutions to a random task in the \"Слова\" group and comparison of statics.')\n    def test_solve_word_cards_ru(self, driver, default_user_authorized):\n        page = SpeechExercisesPageRU(driver)\n        table = page.get_statistic_data()\n        start_result = list(table[1].values())[5]\n>       page.click_button_exercises()\n\ntests/test_speech_exercises_ru.py:124: \n_ _ _ _ _ _ _ _ _ _ _ _ _ _ _ _ _ _ _ _ _ _ _ _ _ _ _ _ _ _ _ _ _ _ _ _ _ _ _ _ \npages/speech_exercises_page_ru.py:133: in click_button_exercises\n    self.element_is_present_and_clickable(self.locators.AuthorizedUserHomePageLocators.BUTTON_EXERCISES_RU).click()\npages/base_page.py:32: in element_is_present_and_clickable\n    return (Wait(self.driver, self.timeout).until(\n_ _ _ _ _ _ _ _ _ _ _ _ _ _ _ _ _ _ _ _ _ _ _ _ _ _ _ _ _ _ _ _ _ _ _ _ _ _ _ _ \n\nself = <selenium.webdriver.support.wait.WebDriverWait (session=\"cba5731ce3c1d0b029bdd52bb754cfae\")>\nmethod = <function visibility_of_element_located.<locals>._predicate at 0x7f222cee0720>\nmessage = 'Can\\'t find element by locator (\\'xpath\\', \\'//a[text()=\"Упражнения\"]\\')'\n\n    def until(self, method, message: str = \"\"):\n        \"\"\"Calls the method provided with the driver as an argument until the \\\n        return value does not evaluate to ``False``.\n    \n        :param method: callable(WebDriver)\n        :param message: optional message for :exc:`TimeoutException`\n        :returns: the result of the last call to `method`\n        :raises: :exc:`selenium.common.exceptions.TimeoutException` if timeout occurs\n        \"\"\"\n        screen = None\n        stacktrace = None\n    \n        end_time = time.monotonic() + self._timeout\n        while True:\n            try:\n                value = method(self._driver)\n                if value:\n                    return value\n            except self._ignored_exceptions as exc:\n                screen = getattr(exc, \"screen\", None)\n                stacktrace = getattr(exc, \"stacktrace\", None)\n            time.sleep(self._poll)\n            if time.monotonic() > end_time:\n                break\n>       raise TimeoutException(message, screen, stacktrace)\nE       selenium.common.exceptions.TimeoutException: Message: Can't find element by locator ('xpath', '//a[text()=\"Упражнения\"]')\nE       Stacktrace:\nE       #0 0x55eeb4e80d93 <unknown>\nE       #1 0x55eeb4b64337 <unknown>\nE       #2 0x55eeb4bafd60 <unknown>\nE       #3 0x55eeb4bafe51 <unknown>\nE       #4 0x55eeb4bf3bc4 <unknown>\nE       #5 0x55eeb4bd246d <unknown>\nE       #6 0x55eeb4bf112d <unknown>\nE       #7 0x55eeb4bd21e3 <unknown>\nE       #8 0x55eeb4ba2135 <unknown>\nE       #9 0x55eeb4ba313e <unknown>\nE       #10 0x55eeb4e44e4b <unknown>\nE       #11 0x55eeb4e48dfa <unknown>\nE       #12 0x55eeb4e316d5 <unknown>\nE       #13 0x55eeb4e49a6f <unknown>\nE       #14 0x55eeb4e1569f <unknown>\nE       #15 0x55eeb4e6e098 <unknown>\nE       #16 0x55eeb4e6e262 <unknown>\nE       #17 0x55eeb4e7ff34 <unknown>\nE       #18 0x7fa3f4e94ac3 <unknown>\n\n/opt/hostedtoolcache/Python/3.12.2/x64/lib/python3.12/site-packages/selenium/webdriver/support/wait.py:95: TimeoutException",
    "steps" : [ {
      "name" : "get_statistic_data",
      "time" : {
        "start" : 1707924608948,
        "stop" : 1707924610216,
        "duration" : 1268
      },
      "status" : "passed",
      "steps" : [ {
        "name" : "Click button \"Статистика\"\".",
        "time" : {
          "start" : 1707924608948,
          "stop" : 1707924609038,
          "duration" : 90
        },
        "status" : "passed",
        "steps" : [ {
          "name" : "Check element is visible and clickable: ('xpath', '//a[@href=\"/profile/statistics\"]')",
          "time" : {
            "start" : 1707924608948,
            "stop" : 1707924608981,
            "duration" : 33
          },
          "status" : "passed",
          "steps" : [ {
            "name" : "Check element is clickable",
            "time" : {
              "start" : 1707924608964,
              "stop" : 1707924608981,
              "duration" : 17
            },
            "status" : "passed",
            "steps" : [ {
              "name" : "Check element is clickable: ('xpath', '//a[@href=\"/profile/statistics\"]')",
              "time" : {
                "start" : 1707924608964,
                "stop" : 1707924608981,
                "duration" : 17
              },
              "status" : "passed",
              "steps" : [ ],
              "attachments" : [ ],
              "parameters" : [ ],
              "attachmentsCount" : 0,
              "shouldDisplayMessage" : false,
              "stepsCount" : 0,
              "hasContent" : false
            } ],
            "attachments" : [ ],
            "parameters" : [ {
              "name" : "locator",
              "value" : "('xpath', '//a[@href=\"/profile/statistics\"]')"
            } ],
            "attachmentsCount" : 0,
            "shouldDisplayMessage" : false,
            "stepsCount" : 1,
            "hasContent" : true
          } ],
          "attachments" : [ ],
          "parameters" : [ ],
          "attachmentsCount" : 0,
          "shouldDisplayMessage" : false,
          "stepsCount" : 2,
          "hasContent" : true
        } ],
        "attachments" : [ ],
        "parameters" : [ ],
        "attachmentsCount" : 0,
        "shouldDisplayMessage" : false,
        "stepsCount" : 3,
        "hasContent" : true
      }, {
        "name" : "Check statistic table is present and scroll to table",
        "time" : {
          "start" : 1707924609039,
          "stop" : 1707924609564,
          "duration" : 525
        },
        "status" : "passed",
        "steps" : [ {
          "name" : "Check element is present: ('xpath', '//div[@class=\"__51e19\"]')",
          "time" : {
            "start" : 1707924609039,
            "stop" : 1707924609561,
            "duration" : 522
          },
          "status" : "passed",
          "steps" : [ ],
          "attachments" : [ ],
          "parameters" : [ ],
          "attachmentsCount" : 0,
          "shouldDisplayMessage" : false,
          "stepsCount" : 0,
          "hasContent" : false
        }, {
          "name" : "Go to element: <selenium.webdriver.remote.webelement.WebElement (session=\"cba5731ce3c1d0b029bdd52bb754cfae\", element=\"0D1D2DD2DDB53F7099742D328B42938A_element_46\")>",
          "time" : {
            "start" : 1707924609561,
            "stop" : 1707924609564,
            "duration" : 3
          },
          "status" : "passed",
          "steps" : [ ],
          "attachments" : [ ],
          "parameters" : [ ],
          "attachmentsCount" : 0,
          "shouldDisplayMessage" : false,
          "stepsCount" : 0,
          "hasContent" : false
        } ],
        "attachments" : [ ],
        "parameters" : [ ],
        "attachmentsCount" : 0,
        "shouldDisplayMessage" : false,
        "stepsCount" : 2,
        "hasContent" : true
      }, {
        "name" : "Get data from the table.",
        "time" : {
          "start" : 1707924609564,
          "stop" : 1707924610216,
          "duration" : 652
        },
        "status" : "passed",
        "steps" : [ {
          "name" : "Check elements are present: ('xpath', '//tbody/tr')",
          "time" : {
            "start" : 1707924609564,
            "stop" : 1707924610080,
            "duration" : 516
          },
          "status" : "passed",
          "steps" : [ ],
          "attachments" : [ ],
          "parameters" : [ ],
          "attachmentsCount" : 0,
          "shouldDisplayMessage" : false,
          "stepsCount" : 0,
          "hasContent" : false
        }, {
          "name" : "Check elements are present: ('xpath', '//th[@class=\"px-4 py-2\"]')",
          "time" : {
            "start" : 1707924610080,
            "stop" : 1707924610089,
            "duration" : 9
          },
          "status" : "passed",
          "steps" : [ ],
          "attachments" : [ ],
          "parameters" : [ ],
          "attachmentsCount" : 0,
          "shouldDisplayMessage" : false,
          "stepsCount" : 0,
          "hasContent" : false
        }, {
          "name" : "Check element is present: ('xpath', '//tbody/tr[1]/td[1]')",
          "time" : {
            "start" : 1707924610128,
            "stop" : 1707924610137,
            "duration" : 9
          },
          "status" : "passed",
          "steps" : [ ],
          "attachments" : [ ],
          "parameters" : [ ],
          "attachmentsCount" : 0,
          "shouldDisplayMessage" : false,
          "stepsCount" : 0,
          "hasContent" : false
        }, {
          "name" : "Check element is present: ('xpath', '//tbody/tr[1]/td[2]')",
          "time" : {
            "start" : 1707924610143,
            "stop" : 1707924610152,
            "duration" : 9
          },
          "status" : "passed",
          "steps" : [ ],
          "attachments" : [ ],
          "parameters" : [ ],
          "attachmentsCount" : 0,
          "shouldDisplayMessage" : false,
          "stepsCount" : 0,
          "hasContent" : false
        }, {
          "name" : "Check element is present: ('xpath', '//tbody/tr[1]/td[3]')",
          "time" : {
            "start" : 1707924610159,
            "stop" : 1707924610167,
            "duration" : 8
          },
          "status" : "passed",
          "steps" : [ ],
          "attachments" : [ ],
          "parameters" : [ ],
          "attachmentsCount" : 0,
          "shouldDisplayMessage" : false,
          "stepsCount" : 0,
          "hasContent" : false
        }, {
          "name" : "Check element is present: ('xpath', '//tbody/tr[1]/td[4]')",
          "time" : {
            "start" : 1707924610173,
            "stop" : 1707924610182,
            "duration" : 9
          },
          "status" : "passed",
          "steps" : [ ],
          "attachments" : [ ],
          "parameters" : [ ],
          "attachmentsCount" : 0,
          "shouldDisplayMessage" : false,
          "stepsCount" : 0,
          "hasContent" : false
        }, {
          "name" : "Check element is present: ('xpath', '//tbody/tr[1]/td[5]')",
          "time" : {
            "start" : 1707924610189,
            "stop" : 1707924610196,
            "duration" : 7
          },
          "status" : "passed",
          "steps" : [ ],
          "attachments" : [ ],
          "parameters" : [ ],
          "attachmentsCount" : 0,
          "shouldDisplayMessage" : false,
          "stepsCount" : 0,
          "hasContent" : false
        }, {
          "name" : "Check element is present: ('xpath', '//tbody/tr[1]/td[6]')",
          "time" : {
            "start" : 1707924610202,
            "stop" : 1707924610211,
            "duration" : 9
          },
          "status" : "passed",
          "steps" : [ ],
          "attachments" : [ ],
          "parameters" : [ ],
          "attachmentsCount" : 0,
          "shouldDisplayMessage" : false,
          "stepsCount" : 0,
          "hasContent" : false
        } ],
        "attachments" : [ ],
        "parameters" : [ ],
        "attachmentsCount" : 0,
        "shouldDisplayMessage" : false,
        "stepsCount" : 8,
        "hasContent" : true
      }, {
        "name" : "Table data: {1: {'Series name': 'Слова', 'All done exercises': '1', 'Unique done exercises': '1', 'Repeated exercises': '0', 'Success exercises from first time': '1', 'Listen words count': '9'}}",
        "time" : {
          "start" : 1707924610216,
          "stop" : 1707924610216,
          "duration" : 0
        },
        "status" : "passed",
        "steps" : [ ],
        "attachments" : [ ],
        "parameters" : [ ],
        "attachmentsCount" : 0,
        "shouldDisplayMessage" : false,
        "stepsCount" : 0,
        "hasContent" : false
      } ],
      "attachments" : [ ],
      "parameters" : [ ],
      "attachmentsCount" : 0,
      "shouldDisplayMessage" : false,
      "stepsCount" : 17,
      "hasContent" : true
    }, {
      "name" : "Click button \"Упражнения\".",
      "time" : {
        "start" : 1707924610217,
        "stop" : 1707924630629,
        "duration" : 20412
      },
      "status" : "broken",
      "statusMessage" : "selenium.common.exceptions.TimeoutException: Message: Can't find element by locator ('xpath', '//a[text()=\"Упражнения\"]')\nStacktrace:\n#0 0x55eeb4e80d93 <unknown>\n#1 0x55eeb4b64337 <unknown>\n#2 0x55eeb4bafd60 <unknown>\n#3 0x55eeb4bafe51 <unknown>\n#4 0x55eeb4bf3bc4 <unknown>\n#5 0x55eeb4bd246d <unknown>\n#6 0x55eeb4bf112d <unknown>\n#7 0x55eeb4bd21e3 <unknown>\n#8 0x55eeb4ba2135 <unknown>\n#9 0x55eeb4ba313e <unknown>\n#10 0x55eeb4e44e4b <unknown>\n#11 0x55eeb4e48dfa <unknown>\n#12 0x55eeb4e316d5 <unknown>\n#13 0x55eeb4e49a6f <unknown>\n#14 0x55eeb4e1569f <unknown>\n#15 0x55eeb4e6e098 <unknown>\n#16 0x55eeb4e6e262 <unknown>\n#17 0x55eeb4e7ff34 <unknown>\n#18 0x7fa3f4e94ac3 <unknown>\n\n",
      "statusTrace" : "  File \"/opt/hostedtoolcache/Python/3.12.2/x64/lib/python3.12/site-packages/allure_commons/_allure.py\", line 192, in impl\n    return func(*a, **kw)\n           ^^^^^^^^^^^^^^\n  File \"/home/runner/work/auto-tests-python/auto-tests-python/pages/speech_exercises_page_ru.py\", line 133, in click_button_exercises\n    self.element_is_present_and_clickable(self.locators.AuthorizedUserHomePageLocators.BUTTON_EXERCISES_RU).click()\n    ^^^^^^^^^^^^^^^^^^^^^^^^^^^^^^^^^^^^^^^^^^^^^^^^^^^^^^^^^^^^^^^^^^^^^^^^^^^^^^^^^^^^^^^^^^^^^^^^^^^^^^^\n  File \"/home/runner/work/auto-tests-python/auto-tests-python/pages/base_page.py\", line 32, in element_is_present_and_clickable\n    return (Wait(self.driver, self.timeout).until(\n            ^^^^^^^^^^^^^^^^^^^^^^^^^^^^^^^^^^^^^^\n  File \"/opt/hostedtoolcache/Python/3.12.2/x64/lib/python3.12/site-packages/selenium/webdriver/support/wait.py\", line 95, in until\n    raise TimeoutException(message, screen, stacktrace)\n",
      "steps" : [ {
        "name" : "Check element is visible and clickable: ('xpath', '//a[text()=\"Упражнения\"]')",
        "time" : {
          "start" : 1707924610217,
          "stop" : 1707924630628,
          "duration" : 20411
        },
        "status" : "broken",
        "statusMessage" : "selenium.common.exceptions.TimeoutException: Message: Can't find element by locator ('xpath', '//a[text()=\"Упражнения\"]')\nStacktrace:\n#0 0x55eeb4e80d93 <unknown>\n#1 0x55eeb4b64337 <unknown>\n#2 0x55eeb4bafd60 <unknown>\n#3 0x55eeb4bafe51 <unknown>\n#4 0x55eeb4bf3bc4 <unknown>\n#5 0x55eeb4bd246d <unknown>\n#6 0x55eeb4bf112d <unknown>\n#7 0x55eeb4bd21e3 <unknown>\n#8 0x55eeb4ba2135 <unknown>\n#9 0x55eeb4ba313e <unknown>\n#10 0x55eeb4e44e4b <unknown>\n#11 0x55eeb4e48dfa <unknown>\n#12 0x55eeb4e316d5 <unknown>\n#13 0x55eeb4e49a6f <unknown>\n#14 0x55eeb4e1569f <unknown>\n#15 0x55eeb4e6e098 <unknown>\n#16 0x55eeb4e6e262 <unknown>\n#17 0x55eeb4e7ff34 <unknown>\n#18 0x7fa3f4e94ac3 <unknown>\n\n",
        "statusTrace" : "  File \"/home/runner/work/auto-tests-python/auto-tests-python/pages/base_page.py\", line 32, in element_is_present_and_clickable\n    return (Wait(self.driver, self.timeout).until(\n            ^^^^^^^^^^^^^^^^^^^^^^^^^^^^^^^^^^^^^^\n  File \"/opt/hostedtoolcache/Python/3.12.2/x64/lib/python3.12/site-packages/selenium/webdriver/support/wait.py\", line 95, in until\n    raise TimeoutException(message, screen, stacktrace)\n",
        "steps" : [ ],
        "attachments" : [ ],
        "parameters" : [ ],
        "attachmentsCount" : 0,
        "shouldDisplayMessage" : true,
        "stepsCount" : 0,
        "hasContent" : true
      } ],
      "attachments" : [ ],
      "parameters" : [ ],
      "attachmentsCount" : 0,
      "shouldDisplayMessage" : false,
      "stepsCount" : 1,
      "hasContent" : true
    } ],
    "attachments" : [ {
      "uid" : "387e5632a1eec6a9",
      "name" : "Screenshot",
      "source" : "387e5632a1eec6a9.png",
      "type" : "image/png",
      "size" : 79848
    }, {
      "uid" : "5e621b9403d7aa07",
      "name" : "HTML source",
      "source" : "5e621b9403d7aa07.html",
      "type" : "text/html",
      "size" : 55016
    } ],
    "parameters" : [ ],
    "attachmentsCount" : 2,
    "shouldDisplayMessage" : true,
    "stepsCount" : 20,
    "hasContent" : true
  },
  "afterStages" : [ {
    "name" : "driver::0",
    "time" : {
      "start" : 1707924630802,
      "stop" : 1707924630993,
      "duration" : 191
    },
    "status" : "passed",
    "steps" : [ ],
    "attachments" : [ {
      "uid" : "c5d2818b3cc2652b",
      "name" : "Screenshot 2024-02-14 15:30:30.931239",
      "source" : "c5d2818b3cc2652b.png",
      "type" : "image/png",
      "size" : 79848
    } ],
    "parameters" : [ ],
    "attachmentsCount" : 1,
    "shouldDisplayMessage" : false,
    "stepsCount" : 0,
    "hasContent" : true
  } ],
  "labels" : [ {
    "name" : "suite",
    "value" : "Слова."
  }, {
    "name" : "epic",
    "value" : "Речевые упражнения."
  }, {
    "name" : "parentSuite",
    "value" : "tests"
  }, {
    "name" : "subSuite",
    "value" : "TestCardsRU"
  }, {
    "name" : "host",
    "value" : "fv-az1245-822"
  }, {
    "name" : "thread",
    "value" : "1808-MainThread"
  }, {
    "name" : "framework",
    "value" : "pytest"
  }, {
    "name" : "language",
    "value" : "cpython3"
  }, {
    "name" : "package",
    "value" : "tests.test_speech_exercises_ru"
  }, {
    "name" : "resultFormat",
    "value" : "allure2"
  } ],
  "parameters" : [ ],
  "links" : [ ],
  "hidden" : false,
  "retry" : false,
  "extra" : {
    "severity" : "normal",
    "retries" : [ ],
    "categories" : [ {
      "name" : "Test defects",
      "matchedStatuses" : [ ],
      "flaky" : false
    } ],
    "history" : {
      "statistic" : {
        "failed" : 0,
        "broken" : 13,
        "skipped" : 0,
        "passed" : 5,
        "unknown" : 0,
        "total" : 18
      },
      "items" : [ {
        "uid" : "2ca62d30af427302",
        "status" : "broken",
        "statusDetails" : "selenium.common.exceptions.TimeoutException: Message: Can't find element by locator ('xpath', '//a[text()=\"Упражнения\"]')\nStacktrace:\n#0 0x5581bcdbbd93 <unknown>\n#1 0x5581bca9f337 <unknown>\n#2 0x5581bcaead60 <unknown>\n#3 0x5581bcaeae51 <unknown>\n#4 0x5581bcb2ebc4 <unknown>\n#5 0x5581bcb0d46d <unknown>\n#6 0x5581bcb2c12d <unknown>\n#7 0x5581bcb0d1e3 <unknown>\n#8 0x5581bcadd135 <unknown>\n#9 0x5581bcade13e <unknown>\n#10 0x5581bcd7fe4b <unknown>\n#11 0x5581bcd83dfa <unknown>\n#12 0x5581bcd6c6d5 <unknown>\n#13 0x5581bcd84a6f <unknown>\n#14 0x5581bcd5069f <unknown>\n#15 0x5581bcda9098 <unknown>\n#16 0x5581bcda9262 <unknown>\n#17 0x5581bcdbaf34 <unknown>\n#18 0x7f891f494ac3 <unknown>",
        "time" : {
          "start" : 1707923434343,
          "stop" : 1707923456596,
          "duration" : 22253
        }
      }, {
        "uid" : "603e741d9dd2b829",
        "status" : "broken",
        "statusDetails" : "selenium.common.exceptions.TimeoutException: Message: Can't find element by locator ('id', '#ember6')\nStacktrace:\n#0 0x555ecd536d93 <unknown>\n#1 0x555ecd21a337 <unknown>\n#2 0x555ecd265d60 <unknown>\n#3 0x555ecd265e51 <unknown>\n#4 0x555ecd2a9bc4 <unknown>\n#5 0x555ecd28846d <unknown>\n#6 0x555ecd2a712d <unknown>\n#7 0x555ecd2881e3 <unknown>\n#8 0x555ecd258135 <unknown>\n#9 0x555ecd25913e <unknown>\n#10 0x555ecd4fae4b <unknown>\n#11 0x555ecd4fedfa <unknown>\n#12 0x555ecd4e76d5 <unknown>\n#13 0x555ecd4ffa6f <unknown>\n#14 0x555ecd4cb69f <unknown>\n#15 0x555ecd524098 <unknown>\n#16 0x555ecd524262 <unknown>\n#17 0x555ecd535f34 <unknown>\n#18 0x7f3752694ac3 <unknown>",
        "time" : {
          "start" : 1707922201449,
          "stop" : 1707922221498,
          "duration" : 20049
        }
      }, {
        "uid" : "8a02f670846a5774",
        "status" : "broken",
        "statusDetails" : "selenium.common.exceptions.TimeoutException: Message: Can't find element by locator ('id', '#ember6')\nStacktrace:\n#0 0x5607499e0d93 <unknown>\n#1 0x5607496c4337 <unknown>\n#2 0x56074970fd60 <unknown>\n#3 0x56074970fe51 <unknown>\n#4 0x560749753bc4 <unknown>\n#5 0x56074973246d <unknown>\n#6 0x56074975112d <unknown>\n#7 0x5607497321e3 <unknown>\n#8 0x560749702135 <unknown>\n#9 0x56074970313e <unknown>\n#10 0x5607499a4e4b <unknown>\n#11 0x5607499a8dfa <unknown>\n#12 0x5607499916d5 <unknown>\n#13 0x5607499a9a6f <unknown>\n#14 0x56074997569f <unknown>\n#15 0x5607499ce098 <unknown>\n#16 0x5607499ce262 <unknown>\n#17 0x5607499dff34 <unknown>\n#18 0x7f8a2b694ac3 <unknown>",
        "time" : {
          "start" : 1707907993837,
          "stop" : 1707908014199,
          "duration" : 20362
        }
      }, {
        "uid" : "65cfeda0a6ffdd3e",
        "status" : "broken",
        "statusDetails" : "selenium.common.exceptions.TimeoutException: Message: Can't find element by locator ('id', '#ember6')\nStacktrace:\n#0 0x56080446cd93 <unknown>\n#1 0x560804150337 <unknown>\n#2 0x56080419bd60 <unknown>\n#3 0x56080419be51 <unknown>\n#4 0x5608041dfbc4 <unknown>\n#5 0x5608041be46d <unknown>\n#6 0x5608041dd12d <unknown>\n#7 0x5608041be1e3 <unknown>\n#8 0x56080418e135 <unknown>\n#9 0x56080418f13e <unknown>\n#10 0x560804430e4b <unknown>\n#11 0x560804434dfa <unknown>\n#12 0x56080441d6d5 <unknown>\n#13 0x560804435a6f <unknown>\n#14 0x56080440169f <unknown>\n#15 0x56080445a098 <unknown>\n#16 0x56080445a262 <unknown>\n#17 0x56080446bf34 <unknown>\n#18 0x7f8b14494ac3 <unknown>",
        "time" : {
          "start" : 1707905568772,
          "stop" : 1707905589139,
          "duration" : 20367
        }
      }, {
        "uid" : "295b240aa65cd6c7",
        "status" : "broken",
        "statusDetails" : "selenium.common.exceptions.TimeoutException: Message: Can't find element by locator ('id', '#ember6')\nStacktrace:\n#0 0x555a64498d93 <unknown>\n#1 0x555a6417c337 <unknown>\n#2 0x555a641c7d60 <unknown>\n#3 0x555a641c7e51 <unknown>\n#4 0x555a6420bbc4 <unknown>\n#5 0x555a641ea46d <unknown>\n#6 0x555a6420912d <unknown>\n#7 0x555a641ea1e3 <unknown>\n#8 0x555a641ba135 <unknown>\n#9 0x555a641bb13e <unknown>\n#10 0x555a6445ce4b <unknown>\n#11 0x555a64460dfa <unknown>\n#12 0x555a644496d5 <unknown>\n#13 0x555a64461a6f <unknown>\n#14 0x555a6442d69f <unknown>\n#15 0x555a64486098 <unknown>\n#16 0x555a64486262 <unknown>\n#17 0x555a64497f34 <unknown>\n#18 0x7f9ac5094ac3 <unknown>",
        "time" : {
          "start" : 1707904546770,
          "stop" : 1707904566818,
          "duration" : 20048
        }
      }, {
        "uid" : "9987865623867dcc",
        "status" : "broken",
        "statusDetails" : "selenium.common.exceptions.TimeoutException: Message: Can't find element by locator ('id', '#ember6')\nStacktrace:\n#0 0x558aa9543d93 <unknown>\n#1 0x558aa9227337 <unknown>\n#2 0x558aa9272d60 <unknown>\n#3 0x558aa9272e51 <unknown>\n#4 0x558aa92b6bc4 <unknown>\n#5 0x558aa929546d <unknown>\n#6 0x558aa92b412d <unknown>\n#7 0x558aa92951e3 <unknown>\n#8 0x558aa9265135 <unknown>\n#9 0x558aa926613e <unknown>\n#10 0x558aa9507e4b <unknown>\n#11 0x558aa950bdfa <unknown>\n#12 0x558aa94f46d5 <unknown>\n#13 0x558aa950ca6f <unknown>\n#14 0x558aa94d869f <unknown>\n#15 0x558aa9531098 <unknown>\n#16 0x558aa9531262 <unknown>\n#17 0x558aa9542f34 <unknown>\n#18 0x7fd44ca94ac3 <unknown>",
        "time" : {
          "start" : 1707903472407,
          "stop" : 1707903492498,
          "duration" : 20091
        }
      }, {
        "uid" : "f3f302138d58003f",
        "status" : "broken",
        "statusDetails" : "selenium.common.exceptions.TimeoutException: Message: Can't find element by locator ('xpath', '//a[text()=\"Упражнения\"]')\nStacktrace:\n#0 0x55e92db5ed93 <unknown>\n#1 0x55e92d842337 <unknown>\n#2 0x55e92d88dd60 <unknown>\n#3 0x55e92d88de51 <unknown>\n#4 0x55e92d8d1bc4 <unknown>\n#5 0x55e92d8b046d <unknown>\n#6 0x55e92d8cf12d <unknown>\n#7 0x55e92d8b01e3 <unknown>\n#8 0x55e92d880135 <unknown>\n#9 0x55e92d88113e <unknown>\n#10 0x55e92db22e4b <unknown>\n#11 0x55e92db26dfa <unknown>\n#12 0x55e92db0f6d5 <unknown>\n#13 0x55e92db27a6f <unknown>\n#14 0x55e92daf369f <unknown>\n#15 0x55e92db4c098 <unknown>\n#16 0x55e92db4c262 <unknown>\n#17 0x55e92db5df34 <unknown>\n#18 0x7f9c62094ac3 <unknown>",
        "time" : {
          "start" : 1707903293977,
          "stop" : 1707903318246,
          "duration" : 24269
        }
      }, {
        "uid" : "ab1ef02bcdaf1382",
        "status" : "broken",
        "statusDetails" : "selenium.common.exceptions.TimeoutException: Message: Can't find element by locator ('id', '#ember6')\nStacktrace:\n#0 0x563b5df1fd93 <unknown>\n#1 0x563b5dc03337 <unknown>\n#2 0x563b5dc4ed60 <unknown>\n#3 0x563b5dc4ee51 <unknown>\n#4 0x563b5dc92bc4 <unknown>\n#5 0x563b5dc7146d <unknown>\n#6 0x563b5dc9012d <unknown>\n#7 0x563b5dc711e3 <unknown>\n#8 0x563b5dc41135 <unknown>\n#9 0x563b5dc4213e <unknown>\n#10 0x563b5dee3e4b <unknown>\n#11 0x563b5dee7dfa <unknown>\n#12 0x563b5ded06d5 <unknown>\n#13 0x563b5dee8a6f <unknown>\n#14 0x563b5deb469f <unknown>\n#15 0x563b5df0d098 <unknown>\n#16 0x563b5df0d262 <unknown>\n#17 0x563b5df1ef34 <unknown>\n#18 0x7f0172094ac3 <unknown>",
        "time" : {
          "start" : 1707902471737,
          "stop" : 1707902492151,
          "duration" : 20414
        }
      }, {
        "uid" : "32ce68032eb09b19",
        "status" : "broken",
        "statusDetails" : "selenium.common.exceptions.TimeoutException: Message: Can't find element by locator ('id', '#ember6')\nStacktrace:\n#0 0x56369fe8bd93 <unknown>\n#1 0x56369fb6f337 <unknown>\n#2 0x56369fbbad60 <unknown>\n#3 0x56369fbbae51 <unknown>\n#4 0x56369fbfebc4 <unknown>\n#5 0x56369fbdd46d <unknown>\n#6 0x56369fbfc12d <unknown>\n#7 0x56369fbdd1e3 <unknown>\n#8 0x56369fbad135 <unknown>\n#9 0x56369fbae13e <unknown>\n#10 0x56369fe4fe4b <unknown>\n#11 0x56369fe53dfa <unknown>\n#12 0x56369fe3c6d5 <unknown>\n#13 0x56369fe54a6f <unknown>\n#14 0x56369fe2069f <unknown>\n#15 0x56369fe79098 <unknown>\n#16 0x56369fe79262 <unknown>\n#17 0x56369fe8af34 <unknown>\n#18 0x7fcac1094ac3 <unknown>",
        "time" : {
          "start" : 1707858579605,
          "stop" : 1707858599706,
          "duration" : 20101
        }
      }, {
        "uid" : "cb7bbe604a3342e0",
        "status" : "broken",
        "statusDetails" : "AttributeError: type object 'AuthorizedUserHomePageLocators' has no attribute 'STATISTIC_RU'. Did you mean: 'STATISTIC_DATA'?",
        "time" : {
          "start" : 1707857005875,
          "stop" : 1707857005877,
          "duration" : 2
        }
      }, {
        "uid" : "b1a444db33e1246f",
        "status" : "broken",
        "statusDetails" : "selenium.common.exceptions.TimeoutException: Message: Can't find element by locator ('xpath', \"//a[text()='Статистика']\")\nStacktrace:\n#0 0x5613f58c5d93 <unknown>\n#1 0x5613f55a9337 <unknown>\n#2 0x5613f55f4d60 <unknown>\n#3 0x5613f55f4e51 <unknown>\n#4 0x5613f5638bc4 <unknown>\n#5 0x5613f561746d <unknown>\n#6 0x5613f563612d <unknown>\n#7 0x5613f56171e3 <unknown>\n#8 0x5613f55e7135 <unknown>\n#9 0x5613f55e813e <unknown>\n#10 0x5613f5889e4b <unknown>\n#11 0x5613f588ddfa <unknown>\n#12 0x5613f58766d5 <unknown>\n#13 0x5613f588ea6f <unknown>\n#14 0x5613f585a69f <unknown>\n#15 0x5613f58b3098 <unknown>\n#16 0x5613f58b3262 <unknown>\n#17 0x5613f58c4f34 <unknown>\n#18 0x7fbbe2c94ac3 <unknown>",
        "time" : {
          "start" : 1707855522046,
          "stop" : 1707855542457,
          "duration" : 20411
        }
      }, {
        "uid" : "ff34fe163a19e584",
        "status" : "passed",
        "time" : {
          "start" : 1707829189554,
          "stop" : 1707829252096,
          "duration" : 62542
        }
      }, {
        "uid" : "aea462f20814fb66",
        "status" : "passed",
        "time" : {
          "start" : 1707827831480,
          "stop" : 1707827889128,
          "duration" : 57648
        }
      }, {
        "uid" : "c25f711e845e005a",
        "status" : "passed",
        "time" : {
          "start" : 1707758895060,
          "stop" : 1707758956277,
          "duration" : 61217
        }
      }, {
        "uid" : "94a2646906539acc",
        "status" : "passed",
        "time" : {
          "start" : 1707758044946,
          "stop" : 1707758096747,
          "duration" : 51801
        }
      }, {
        "uid" : "9d2d562d2beef3ca",
        "status" : "broken",
        "statusDetails" : "selenium.common.exceptions.TimeoutException: Message: Can't find element by locator https://brainup.site/groups",
        "time" : {
          "start" : 1707756965379,
          "stop" : 1707756965379,
          "duration" : 0
        }
      }, {
        "uid" : "33de32e5f4ef3456",
        "status" : "passed",
        "time" : {
          "start" : 1707752852792,
          "stop" : 1707752896842,
          "duration" : 44050
        }
      } ]
    },
    "tags" : [ ]
  },
  "source" : "a97c1b3778d33cb.json",
  "parameterValues" : [ ]
}