{
  "uid" : "f099d30fe448052a",
  "name" : "Verify redirection to contributors page not authorized user.",
  "fullName" : "tests.main_page_test.TestMainPage#test_mp_07_verify_redirection_to_contributors_page",
  "historyId" : "7f35157222d4ee10ae03453b93f8fb17",
  "time" : {
    "start" : 1705556333134,
    "stop" : 1705556353398,
    "duration" : 20264
  },
  "status" : "broken",
  "statusMessage" : "selenium.common.exceptions.TimeoutException: Message: Can't find element by locator https://brainup.site/contributors",
  "statusTrace" : "self = <tests.main_page_test.TestMainPage object at 0x7feaa23c8e00>\ndriver = <selenium.webdriver.chrome.webdriver.WebDriver (session=\"0bf1249e32d1b82dc60b51b0edd9bf9f\")>\nmain_page_open = None\n\n    @allure.title(\"Verify redirection to contributors page not authorized user.\")\n    def test_mp_07_verify_redirection_to_contributors_page(self, driver, main_page_open):\n        page = MainPage(driver)\n>       contributors_page_url = page.open_contributors_page()\n\ntests/main_page_test.py:51: \n_ _ _ _ _ _ _ _ _ _ _ _ _ _ _ _ _ _ _ _ _ _ _ _ _ _ _ _ _ _ _ _ _ _ _ _ _ _ _ _ \npages/main_page.py:61: in open_contributors_page\n    self.check_expected_link(MainPageLinks.URL_CONTRIBUTORS_PAGE)\npages/base_page.py:72: in check_expected_link\n    return Wait(self.driver, self.timeout).until(ec.url_to_be(url),\n_ _ _ _ _ _ _ _ _ _ _ _ _ _ _ _ _ _ _ _ _ _ _ _ _ _ _ _ _ _ _ _ _ _ _ _ _ _ _ _ \n\nself = <selenium.webdriver.support.wait.WebDriverWait (session=\"0bf1249e32d1b82dc60b51b0edd9bf9f\")>\nmethod = <function url_to_be.<locals>._predicate at 0x7feaa212a5c0>\nmessage = \"Can't find element by locator https://brainup.site/contributors\"\n\n    def until(self, method, message: str = \"\"):\n        \"\"\"Calls the method provided with the driver as an argument until the \\\n        return value does not evaluate to ``False``.\n    \n        :param method: callable(WebDriver)\n        :param message: optional message for :exc:`TimeoutException`\n        :returns: the result of the last call to `method`\n        :raises: :exc:`selenium.common.exceptions.TimeoutException` if timeout occurs\n        \"\"\"\n        screen = None\n        stacktrace = None\n    \n        end_time = time.monotonic() + self._timeout\n        while True:\n            try:\n                value = method(self._driver)\n                if value:\n                    return value\n            except self._ignored_exceptions as exc:\n                screen = getattr(exc, \"screen\", None)\n                stacktrace = getattr(exc, \"stacktrace\", None)\n            time.sleep(self._poll)\n            if time.monotonic() > end_time:\n                break\n>       raise TimeoutException(message, screen, stacktrace)\nE       selenium.common.exceptions.TimeoutException: Message: Can't find element by locator https://brainup.site/contributors\n\n/opt/hostedtoolcache/Python/3.12.1/x64/lib/python3.12/site-packages/selenium/webdriver/support/wait.py:95: TimeoutException",
  "flaky" : false,
  "newFailed" : false,
  "beforeStages" : [ {
    "name" : "driver",
    "time" : {
      "start" : 1705556329724,
      "stop" : 1705556330493,
      "duration" : 769
    },
    "status" : "passed",
    "steps" : [ ],
    "attachments" : [ ],
    "parameters" : [ ],
    "attachmentsCount" : 0,
    "shouldDisplayMessage" : false,
    "stepsCount" : 0,
    "hasContent" : false
  }, {
    "name" : "clear_allure_results_folder",
    "time" : {
      "start" : 1705556099892,
      "stop" : 1705556099892,
      "duration" : 0
    },
    "status" : "passed",
    "steps" : [ ],
    "attachments" : [ ],
    "parameters" : [ ],
    "attachmentsCount" : 0,
    "shouldDisplayMessage" : false,
    "stepsCount" : 0,
    "hasContent" : false
  }, {
    "name" : "main_page_open",
    "time" : {
      "start" : 1705556330493,
      "stop" : 1705556333134,
      "duration" : 2641
    },
    "status" : "passed",
    "steps" : [ {
      "name" : "Open page: https://brainup.site/",
      "time" : {
        "start" : 1705556330493,
        "stop" : 1705556333134,
        "duration" : 2641
      },
      "status" : "passed",
      "steps" : [ ],
      "attachments" : [ ],
      "parameters" : [ {
        "name" : "driver",
        "value" : "<selenium.webdriver.chrome.webdriver.WebDriver (session=\"0bf1249e32d1b82dc60b51b0edd9bf9f\")>"
      } ],
      "attachmentsCount" : 0,
      "shouldDisplayMessage" : false,
      "stepsCount" : 0,
      "hasContent" : true
    } ],
    "attachments" : [ ],
    "parameters" : [ ],
    "attachmentsCount" : 0,
    "shouldDisplayMessage" : false,
    "stepsCount" : 1,
    "hasContent" : true
  } ],
  "testStage" : {
    "status" : "broken",
    "statusMessage" : "selenium.common.exceptions.TimeoutException: Message: Can't find element by locator https://brainup.site/contributors",
    "statusTrace" : "self = <tests.main_page_test.TestMainPage object at 0x7feaa23c8e00>\ndriver = <selenium.webdriver.chrome.webdriver.WebDriver (session=\"0bf1249e32d1b82dc60b51b0edd9bf9f\")>\nmain_page_open = None\n\n    @allure.title(\"Verify redirection to contributors page not authorized user.\")\n    def test_mp_07_verify_redirection_to_contributors_page(self, driver, main_page_open):\n        page = MainPage(driver)\n>       contributors_page_url = page.open_contributors_page()\n\ntests/main_page_test.py:51: \n_ _ _ _ _ _ _ _ _ _ _ _ _ _ _ _ _ _ _ _ _ _ _ _ _ _ _ _ _ _ _ _ _ _ _ _ _ _ _ _ \npages/main_page.py:61: in open_contributors_page\n    self.check_expected_link(MainPageLinks.URL_CONTRIBUTORS_PAGE)\npages/base_page.py:72: in check_expected_link\n    return Wait(self.driver, self.timeout).until(ec.url_to_be(url),\n_ _ _ _ _ _ _ _ _ _ _ _ _ _ _ _ _ _ _ _ _ _ _ _ _ _ _ _ _ _ _ _ _ _ _ _ _ _ _ _ \n\nself = <selenium.webdriver.support.wait.WebDriverWait (session=\"0bf1249e32d1b82dc60b51b0edd9bf9f\")>\nmethod = <function url_to_be.<locals>._predicate at 0x7feaa212a5c0>\nmessage = \"Can't find element by locator https://brainup.site/contributors\"\n\n    def until(self, method, message: str = \"\"):\n        \"\"\"Calls the method provided with the driver as an argument until the \\\n        return value does not evaluate to ``False``.\n    \n        :param method: callable(WebDriver)\n        :param message: optional message for :exc:`TimeoutException`\n        :returns: the result of the last call to `method`\n        :raises: :exc:`selenium.common.exceptions.TimeoutException` if timeout occurs\n        \"\"\"\n        screen = None\n        stacktrace = None\n    \n        end_time = time.monotonic() + self._timeout\n        while True:\n            try:\n                value = method(self._driver)\n                if value:\n                    return value\n            except self._ignored_exceptions as exc:\n                screen = getattr(exc, \"screen\", None)\n                stacktrace = getattr(exc, \"stacktrace\", None)\n            time.sleep(self._poll)\n            if time.monotonic() > end_time:\n                break\n>       raise TimeoutException(message, screen, stacktrace)\nE       selenium.common.exceptions.TimeoutException: Message: Can't find element by locator https://brainup.site/contributors\n\n/opt/hostedtoolcache/Python/3.12.1/x64/lib/python3.12/site-packages/selenium/webdriver/support/wait.py:95: TimeoutException",
    "steps" : [ {
      "name" : "Open contributors page",
      "time" : {
        "start" : 1705556333135,
        "stop" : 1705556353398,
        "duration" : 20263
      },
      "status" : "broken",
      "statusMessage" : "selenium.common.exceptions.TimeoutException: Message: Can't find element by locator https://brainup.site/contributors\n\n",
      "statusTrace" : "  File \"/opt/hostedtoolcache/Python/3.12.1/x64/lib/python3.12/site-packages/allure_commons/_allure.py\", line 192, in impl\n    return func(*a, **kw)\n           ^^^^^^^^^^^^^^\n  File \"/home/runner/work/auto-tests-python/auto-tests-python/pages/main_page.py\", line 61, in open_contributors_page\n    self.check_expected_link(MainPageLinks.URL_CONTRIBUTORS_PAGE)\n  File \"/home/runner/work/auto-tests-python/auto-tests-python/pages/base_page.py\", line 72, in check_expected_link\n    return Wait(self.driver, self.timeout).until(ec.url_to_be(url),\n           ^^^^^^^^^^^^^^^^^^^^^^^^^^^^^^^^^^^^^^^^^^^^^^^^^^^^^^^^\n  File \"/opt/hostedtoolcache/Python/3.12.1/x64/lib/python3.12/site-packages/selenium/webdriver/support/wait.py\", line 95, in until\n    raise TimeoutException(message, screen, stacktrace)\n",
      "steps" : [ {
        "name" : "Check element is visible and clickable: ('css selector', '#other-menu')",
        "time" : {
          "start" : 1705556333135,
          "stop" : 1705556333170,
          "duration" : 35
        },
        "status" : "passed",
        "steps" : [ {
          "name" : "Check element is clickable",
          "time" : {
            "start" : 1705556333152,
            "stop" : 1705556333170,
            "duration" : 18
          },
          "status" : "passed",
          "steps" : [ {
            "name" : "Check element is clickable: ('css selector', '#other-menu')",
            "time" : {
              "start" : 1705556333152,
              "stop" : 1705556333170,
              "duration" : 18
            },
            "status" : "passed",
            "steps" : [ ],
            "attachments" : [ ],
            "parameters" : [ ],
            "attachmentsCount" : 0,
            "shouldDisplayMessage" : false,
            "stepsCount" : 0,
            "hasContent" : false
          } ],
          "attachments" : [ ],
          "parameters" : [ {
            "name" : "locator",
            "value" : "('css selector', '#other-menu')"
          } ],
          "attachmentsCount" : 0,
          "shouldDisplayMessage" : false,
          "stepsCount" : 1,
          "hasContent" : true
        } ],
        "attachments" : [ ],
        "parameters" : [ ],
        "attachmentsCount" : 0,
        "shouldDisplayMessage" : false,
        "stepsCount" : 2,
        "hasContent" : true
      }, {
        "name" : "Check element is visible and clickable: ('xpath', \"//div[@id='other-menu']//a[6]\")",
        "time" : {
          "start" : 1705556333198,
          "stop" : 1705556333228,
          "duration" : 30
        },
        "status" : "passed",
        "steps" : [ {
          "name" : "Check element is clickable",
          "time" : {
            "start" : 1705556333213,
            "stop" : 1705556333228,
            "duration" : 15
          },
          "status" : "passed",
          "steps" : [ {
            "name" : "Check element is clickable: ('xpath', \"//div[@id='other-menu']//a[6]\")",
            "time" : {
              "start" : 1705556333213,
              "stop" : 1705556333227,
              "duration" : 14
            },
            "status" : "passed",
            "steps" : [ ],
            "attachments" : [ ],
            "parameters" : [ ],
            "attachmentsCount" : 0,
            "shouldDisplayMessage" : false,
            "stepsCount" : 0,
            "hasContent" : false
          } ],
          "attachments" : [ ],
          "parameters" : [ {
            "name" : "locator",
            "value" : "('xpath', \"//div[@id='other-menu']//a[6]\")"
          } ],
          "attachmentsCount" : 0,
          "shouldDisplayMessage" : false,
          "stepsCount" : 1,
          "hasContent" : true
        } ],
        "attachments" : [ ],
        "parameters" : [ ],
        "attachmentsCount" : 0,
        "shouldDisplayMessage" : false,
        "stepsCount" : 2,
        "hasContent" : true
      }, {
        "name" : "Check url is present: https://brainup.site/contributors",
        "time" : {
          "start" : 1705556333260,
          "stop" : 1705556353397,
          "duration" : 20137
        },
        "status" : "broken",
        "statusMessage" : "selenium.common.exceptions.TimeoutException: Message: Can't find element by locator https://brainup.site/contributors\n\n",
        "statusTrace" : "  File \"/home/runner/work/auto-tests-python/auto-tests-python/pages/base_page.py\", line 72, in check_expected_link\n    return Wait(self.driver, self.timeout).until(ec.url_to_be(url),\n           ^^^^^^^^^^^^^^^^^^^^^^^^^^^^^^^^^^^^^^^^^^^^^^^^^^^^^^^^\n  File \"/opt/hostedtoolcache/Python/3.12.1/x64/lib/python3.12/site-packages/selenium/webdriver/support/wait.py\", line 95, in until\n    raise TimeoutException(message, screen, stacktrace)\n",
        "steps" : [ ],
        "attachments" : [ ],
        "parameters" : [ ],
        "attachmentsCount" : 0,
        "shouldDisplayMessage" : true,
        "stepsCount" : 0,
        "hasContent" : true
      } ],
      "attachments" : [ ],
      "parameters" : [ ],
      "attachmentsCount" : 0,
      "shouldDisplayMessage" : false,
      "stepsCount" : 7,
      "hasContent" : true
    } ],
    "attachments" : [ {
      "uid" : "9ca64627b940cf07",
      "name" : "Screenshot",
      "source" : "9ca64627b940cf07.png",
      "type" : "image/png",
      "size" : 59500
    }, {
      "uid" : "c69c22ef2c3de9f0",
      "name" : "HTML source",
      "source" : "c69c22ef2c3de9f0.html",
      "type" : "text/html",
      "size" : 28295
    } ],
    "parameters" : [ ],
    "attachmentsCount" : 2,
    "shouldDisplayMessage" : true,
    "stepsCount" : 8,
    "hasContent" : true
  },
  "afterStages" : [ {
    "name" : "driver::0",
    "time" : {
      "start" : 1705556353529,
      "stop" : 1705556353707,
      "duration" : 178
    },
    "status" : "passed",
    "steps" : [ ],
    "attachments" : [ {
      "uid" : "3671b006bb5e0f3a",
      "name" : "Screenshot 2024-01-18 05:39:13.648568",
      "source" : "3671b006bb5e0f3a.png",
      "type" : "image/png",
      "size" : 59500
    } ],
    "parameters" : [ ],
    "attachmentsCount" : 1,
    "shouldDisplayMessage" : false,
    "stepsCount" : 0,
    "hasContent" : true
  } ],
  "labels" : [ {
    "name" : "epic",
    "value" : "Main Page."
  }, {
    "name" : "parentSuite",
    "value" : "tests"
  }, {
    "name" : "suite",
    "value" : "main_page_test"
  }, {
    "name" : "subSuite",
    "value" : "TestMainPage"
  }, {
    "name" : "host",
    "value" : "fv-az1210-143"
  }, {
    "name" : "thread",
    "value" : "1805-MainThread"
  }, {
    "name" : "framework",
    "value" : "pytest"
  }, {
    "name" : "language",
    "value" : "cpython3"
  }, {
    "name" : "package",
    "value" : "tests.main_page_test"
  }, {
    "name" : "resultFormat",
    "value" : "allure2"
  } ],
  "parameters" : [ ],
  "links" : [ ],
  "hidden" : false,
  "retry" : false,
  "extra" : {
    "severity" : "normal",
    "retries" : [ ],
    "categories" : [ {
      "name" : "Test defects",
      "matchedStatuses" : [ ],
      "flaky" : false
    } ],
    "history" : {
      "statistic" : {
        "failed" : 0,
        "broken" : 1,
        "skipped" : 0,
        "passed" : 69,
        "unknown" : 0,
        "total" : 70
      },
      "items" : [ {
        "uid" : "863c78afc576e2d5",
        "status" : "passed",
        "time" : {
          "start" : 1705513964069,
          "stop" : 1705513964705,
          "duration" : 636
        }
      }, {
        "uid" : "8669a30d6fb5967c",
        "status" : "passed",
        "time" : {
          "start" : 1705512766947,
          "stop" : 1705512767639,
          "duration" : 692
        }
      }, {
        "uid" : "dc60a6cd6dfe1dc",
        "status" : "passed",
        "time" : {
          "start" : 1705407626370,
          "stop" : 1705407627004,
          "duration" : 634
        }
      }, {
        "uid" : "d426b66586daec75",
        "status" : "passed",
        "time" : {
          "start" : 1705363587570,
          "stop" : 1705363588205,
          "duration" : 635
        }
      }, {
        "uid" : "999dba639beff3c7",
        "status" : "passed",
        "time" : {
          "start" : 1705362110332,
          "stop" : 1705362110971,
          "duration" : 639
        }
      }, {
        "uid" : "86908e914da1c7f",
        "status" : "passed",
        "time" : {
          "start" : 1705361651852,
          "stop" : 1705361652498,
          "duration" : 646
        }
      }, {
        "uid" : "9eefed9526eb103f",
        "status" : "passed",
        "time" : {
          "start" : 1705325576752,
          "stop" : 1705325577388,
          "duration" : 636
        }
      }, {
        "uid" : "6c2490433df84520",
        "status" : "passed",
        "time" : {
          "start" : 1705325166920,
          "stop" : 1705325167560,
          "duration" : 640
        }
      }, {
        "uid" : "e3b86143748b73b7",
        "status" : "passed",
        "time" : {
          "start" : 1705324753289,
          "stop" : 1705324753922,
          "duration" : 633
        }
      }, {
        "uid" : "f6c5b92b6bb0956e",
        "status" : "passed",
        "time" : {
          "start" : 1705323898671,
          "stop" : 1705323899310,
          "duration" : 639
        }
      }, {
        "uid" : "4c9d21126507a975",
        "status" : "passed",
        "time" : {
          "start" : 1705270899214,
          "stop" : 1705270899847,
          "duration" : 633
        }
      }, {
        "uid" : "43acd7aa5e084dd5",
        "status" : "passed",
        "time" : {
          "start" : 1705270108216,
          "stop" : 1705270108851,
          "duration" : 635
        }
      }, {
        "uid" : "dfd775f5adc81c79",
        "status" : "passed",
        "time" : {
          "start" : 1705269562813,
          "stop" : 1705269563450,
          "duration" : 637
        }
      }, {
        "uid" : "74da75fc8954b6eb",
        "status" : "passed",
        "time" : {
          "start" : 1705268981755,
          "stop" : 1705268982390,
          "duration" : 635
        }
      }, {
        "uid" : "3bc98a145482fd5",
        "status" : "passed",
        "time" : {
          "start" : 1705268334463,
          "stop" : 1705268335103,
          "duration" : 640
        }
      }, {
        "uid" : "c903ab28308dd912",
        "status" : "passed",
        "time" : {
          "start" : 1705267702967,
          "stop" : 1705267703602,
          "duration" : 635
        }
      }, {
        "uid" : "f91868296666793c",
        "status" : "passed",
        "time" : {
          "start" : 1705264618374,
          "stop" : 1705264619014,
          "duration" : 640
        }
      }, {
        "uid" : "48b2e5f149bd65bd",
        "status" : "passed",
        "time" : {
          "start" : 1705262799722,
          "stop" : 1705262800355,
          "duration" : 633
        }
      }, {
        "uid" : "2bd0eff3d0aa553d",
        "status" : "passed",
        "time" : {
          "start" : 1705262188947,
          "stop" : 1705262189581,
          "duration" : 634
        }
      }, {
        "uid" : "9a7c4e62e90c572b",
        "status" : "passed",
        "time" : {
          "start" : 1705261684440,
          "stop" : 1705261685078,
          "duration" : 638
        }
      } ]
    },
    "tags" : [ ]
  },
  "source" : "f099d30fe448052a.json",
  "parameterValues" : [ ]
}