{
  "uid" : "f28805f3760c6c49",
  "name" : "Select a random card from \"Группа слов\" group and compare UI vs BACKEND data.",
  "fullName" : "tests.test_speech_exercises_ru.TestCardsRU#test_random_cards_in_group_words_ru",
  "historyId" : "0c99feebb7314b5ff7efb452ee6dded7",
  "time" : {
    "start" : 1713525607416,
    "stop" : 1713525607416,
    "duration" : 0
  },
  "status" : "skipped",
  "statusMessage" : "XFAIL\n\nselenium.common.exceptions.TimeoutException: Message: Can't find element by locator https://brainup.site/groups",
  "statusTrace" : "self = <pages.base_page.BasePage object at 0x7ff30376c680>\nurl = 'https://brainup.site/groups'\n\n    def check_expected_link(self, url):\n        with allure.step(f'Check url is present: {url}'):\n            try:\n>               return Wait(self.driver, self.timeout).until(\n                    ec.url_to_be(url), message=f\"Can't find element by locator {url}\")\n\npages/base_page.py:76: \n_ _ _ _ _ _ _ _ _ _ _ _ _ _ _ _ _ _ _ _ _ _ _ _ _ _ _ _ _ _ _ _ _ _ _ _ _ _ _ _ \n\nself = <selenium.webdriver.support.wait.WebDriverWait (session=\"2607e175a4d383421272f3267387e0c2\")>\nmethod = <function url_to_be.<locals>._predicate at 0x7ff3037dbba0>\nmessage = \"Can't find element by locator https://brainup.site/groups\"\n\n    def until(self, method, message: str = \"\"):\n        \"\"\"Calls the method provided with the driver as an argument until the \\\n        return value does not evaluate to ``False``.\n    \n        :param method: callable(WebDriver)\n        :param message: optional message for :exc:`TimeoutException`\n        :returns: the result of the last call to `method`\n        :raises: :exc:`selenium.common.exceptions.TimeoutException` if timeout occurs\n        \"\"\"\n        screen = None\n        stacktrace = None\n    \n        end_time = time.monotonic() + self._timeout\n        while True:\n            try:\n                value = method(self._driver)\n                if value:\n                    return value\n            except self._ignored_exceptions as exc:\n                screen = getattr(exc, \"screen\", None)\n                stacktrace = getattr(exc, \"stacktrace\", None)\n            time.sleep(self._poll)\n            if time.monotonic() > end_time:\n                break\n>       raise TimeoutException(message, screen, stacktrace)\nE       selenium.common.exceptions.TimeoutException: Message: Can't find element by locator https://brainup.site/groups\n\n/opt/hostedtoolcache/Python/3.12.3/x64/lib/python3.12/site-packages/selenium/webdriver/support/wait.py:95: TimeoutException\n\nDuring handling of the above exception, another exception occurred:\n\ndriver = <selenium.webdriver.chrome.webdriver.WebDriver (session=\"2607e175a4d383421272f3267387e0c2\")>\nmain_page_open = None\n\n    @pytest.fixture()\n    @allure.step('USER specialist authorized')\n    def specialist_user_authorized(driver, main_page_open):\n        page = BasePage(driver)\n        page.element_is_present_and_clickable(MainPageLocators.LOGIN_BUTTON).click()\n        page.element_is_visible(LoginPageLocators.INPUT_LOGIN).send_keys(os.environ[\"SPECIALIST_LOGIN\"])\n        page.element_is_visible(LoginPageLocators.INPUT_PASSWORD).send_keys(os.environ[\"PASSWORD\"])\n        page.element_is_present_and_clickable(LoginPageLocators.SIGN_IN_BUTTON).click()\n>       page.check_expected_link(MainPageLinks.URL_GROUPS_PAGE)\n\ntests/conftest.py:58: \n_ _ _ _ _ _ _ _ _ _ _ _ _ _ _ _ _ _ _ _ _ _ _ _ _ _ _ _ _ _ _ _ _ _ _ _ _ _ _ _ \npages/base_page.py:80: in check_expected_link\n    return Wait(self.driver, self.timeout).until(\n_ _ _ _ _ _ _ _ _ _ _ _ _ _ _ _ _ _ _ _ _ _ _ _ _ _ _ _ _ _ _ _ _ _ _ _ _ _ _ _ \n\nself = <selenium.webdriver.support.wait.WebDriverWait (session=\"2607e175a4d383421272f3267387e0c2\")>\nmethod = <function url_to_be.<locals>._predicate at 0x7ff3037dbe20>\nmessage = \"Can't find element by locator https://brainup.site/groups\"\n\n    def until(self, method, message: str = \"\"):\n        \"\"\"Calls the method provided with the driver as an argument until the \\\n        return value does not evaluate to ``False``.\n    \n        :param method: callable(WebDriver)\n        :param message: optional message for :exc:`TimeoutException`\n        :returns: the result of the last call to `method`\n        :raises: :exc:`selenium.common.exceptions.TimeoutException` if timeout occurs\n        \"\"\"\n        screen = None\n        stacktrace = None\n    \n        end_time = time.monotonic() + self._timeout\n        while True:\n            try:\n                value = method(self._driver)\n                if value:\n                    return value\n            except self._ignored_exceptions as exc:\n                screen = getattr(exc, \"screen\", None)\n                stacktrace = getattr(exc, \"stacktrace\", None)\n            time.sleep(self._poll)\n            if time.monotonic() > end_time:\n                break\n>       raise TimeoutException(message, screen, stacktrace)\nE       selenium.common.exceptions.TimeoutException: Message: Can't find element by locator https://brainup.site/groups\n\n/opt/hostedtoolcache/Python/3.12.3/x64/lib/python3.12/site-packages/selenium/webdriver/support/wait.py:95: TimeoutException",
  "flaky" : false,
  "newFailed" : false,
  "beforeStages" : [ {
    "name" : "clear_allure_results_folder",
    "time" : {
      "start" : 1713524794495,
      "stop" : 1713524794495,
      "duration" : 0
    },
    "status" : "passed",
    "steps" : [ ],
    "attachments" : [ ],
    "parameters" : [ ],
    "attachmentsCount" : 0,
    "shouldDisplayMessage" : false,
    "stepsCount" : 0,
    "hasContent" : false
  }, {
    "name" : "main_page_open",
    "time" : {
      "start" : 1713525608188,
      "stop" : 1713525611987,
      "duration" : 3799
    },
    "status" : "passed",
    "steps" : [ {
      "name" : "Open page: https://brainup.site/",
      "time" : {
        "start" : 1713525608188,
        "stop" : 1713525611987,
        "duration" : 3799
      },
      "status" : "passed",
      "steps" : [ ],
      "attachments" : [ ],
      "parameters" : [ {
        "name" : "driver",
        "value" : "<selenium.webdriver.chrome.webdriver.WebDriver (session=\"2607e175a4d383421272f3267387e0c2\")>"
      } ],
      "attachmentsCount" : 0,
      "shouldDisplayMessage" : false,
      "stepsCount" : 0,
      "hasContent" : true
    } ],
    "attachments" : [ ],
    "parameters" : [ ],
    "attachmentsCount" : 0,
    "shouldDisplayMessage" : false,
    "stepsCount" : 1,
    "hasContent" : true
  }, {
    "name" : "driver",
    "time" : {
      "start" : 1713525607416,
      "stop" : 1713525608188,
      "duration" : 772
    },
    "status" : "passed",
    "steps" : [ ],
    "attachments" : [ ],
    "parameters" : [ ],
    "attachmentsCount" : 0,
    "shouldDisplayMessage" : false,
    "stepsCount" : 0,
    "hasContent" : false
  }, {
    "name" : "specialist_user_authorized",
    "time" : {
      "start" : 1713525611987,
      "stop" : 1713525652564,
      "duration" : 40577
    },
    "status" : "broken",
    "statusMessage" : "selenium.common.exceptions.TimeoutException: Message: Can't find element by locator https://brainup.site/groups\n\n",
    "statusTrace" : "  File \"/opt/hostedtoolcache/Python/3.12.3/x64/lib/python3.12/site-packages/pluggy/_callers.py\", line 102, in _multicall\n    res = hook_impl.function(*args)\n          ^^^^^^^^^^^^^^^^^^^^^^^^^\n  File \"/opt/hostedtoolcache/Python/3.12.3/x64/lib/python3.12/site-packages/_pytest/fixtures.py\", line 1123, in pytest_fixture_setup\n    result = call_fixture_func(fixturefunc, request, kwargs)\n             ^^^^^^^^^^^^^^^^^^^^^^^^^^^^^^^^^^^^^^^^^^^^^^^\n  File \"/opt/hostedtoolcache/Python/3.12.3/x64/lib/python3.12/site-packages/_pytest/fixtures.py\", line 902, in call_fixture_func\n    fixture_result = fixturefunc(**kwargs)\n                     ^^^^^^^^^^^^^^^^^^^^^\n  File \"/opt/hostedtoolcache/Python/3.12.3/x64/lib/python3.12/site-packages/allure_commons/_allure.py\", line 192, in impl\n    return func(*a, **kw)\n           ^^^^^^^^^^^^^^\n  File \"/home/runner/work/auto-tests-python/auto-tests-python/tests/conftest.py\", line 58, in specialist_user_authorized\n    page.check_expected_link(MainPageLinks.URL_GROUPS_PAGE)\n  File \"/home/runner/work/auto-tests-python/auto-tests-python/pages/base_page.py\", line 80, in check_expected_link\n    return Wait(self.driver, self.timeout).until(\n           ^^^^^^^^^^^^^^^^^^^^^^^^^^^^^^^^^^^^^^\n  File \"/opt/hostedtoolcache/Python/3.12.3/x64/lib/python3.12/site-packages/selenium/webdriver/support/wait.py\", line 95, in until\n    raise TimeoutException(message, screen, stacktrace)\n",
    "steps" : [ {
      "name" : "USER specialist authorized",
      "time" : {
        "start" : 1713525611987,
        "stop" : 1713525652563,
        "duration" : 40576
      },
      "status" : "broken",
      "statusMessage" : "selenium.common.exceptions.TimeoutException: Message: Can't find element by locator https://brainup.site/groups\n\n",
      "statusTrace" : "  File \"/opt/hostedtoolcache/Python/3.12.3/x64/lib/python3.12/site-packages/allure_commons/_allure.py\", line 192, in impl\n    return func(*a, **kw)\n           ^^^^^^^^^^^^^^\n  File \"/home/runner/work/auto-tests-python/auto-tests-python/tests/conftest.py\", line 58, in specialist_user_authorized\n    page.check_expected_link(MainPageLinks.URL_GROUPS_PAGE)\n  File \"/home/runner/work/auto-tests-python/auto-tests-python/pages/base_page.py\", line 80, in check_expected_link\n    return Wait(self.driver, self.timeout).until(\n           ^^^^^^^^^^^^^^^^^^^^^^^^^^^^^^^^^^^^^^\n  File \"/opt/hostedtoolcache/Python/3.12.3/x64/lib/python3.12/site-packages/selenium/webdriver/support/wait.py\", line 95, in until\n    raise TimeoutException(message, screen, stacktrace)\n",
      "steps" : [ {
        "name" : "Check element is visible and clickable: ('xpath', '//a[@id=\"ember11\"]')",
        "time" : {
          "start" : 1713525611987,
          "stop" : 1713525612024,
          "duration" : 37
        },
        "status" : "passed",
        "steps" : [ {
          "name" : "Check element is clickable",
          "time" : {
            "start" : 1713525612005,
            "stop" : 1713525612024,
            "duration" : 19
          },
          "status" : "passed",
          "steps" : [ {
            "name" : "Check element is clickable: ('xpath', '//a[@id=\"ember11\"]')",
            "time" : {
              "start" : 1713525612005,
              "stop" : 1713525612024,
              "duration" : 19
            },
            "status" : "passed",
            "steps" : [ ],
            "attachments" : [ ],
            "parameters" : [ ],
            "attachmentsCount" : 0,
            "shouldDisplayMessage" : false,
            "stepsCount" : 0,
            "hasContent" : false
          } ],
          "attachments" : [ ],
          "parameters" : [ {
            "name" : "locator",
            "value" : "('xpath', '//a[@id=\"ember11\"]')"
          } ],
          "attachmentsCount" : 0,
          "shouldDisplayMessage" : false,
          "stepsCount" : 1,
          "hasContent" : true
        } ],
        "attachments" : [ ],
        "parameters" : [ ],
        "attachmentsCount" : 0,
        "shouldDisplayMessage" : false,
        "stepsCount" : 2,
        "hasContent" : true
      }, {
        "name" : "Check element is visible: ('xpath', '//input[@id=\"login\"]')",
        "time" : {
          "start" : 1713525612072,
          "stop" : 1713525612097,
          "duration" : 25
        },
        "status" : "passed",
        "steps" : [ {
          "name" : "Check element is present: ('xpath', '//input[@id=\"login\"]')",
          "time" : {
            "start" : 1713525612072,
            "stop" : 1713525612081,
            "duration" : 9
          },
          "status" : "passed",
          "steps" : [ ],
          "attachments" : [ ],
          "parameters" : [ ],
          "attachmentsCount" : 0,
          "shouldDisplayMessage" : false,
          "stepsCount" : 0,
          "hasContent" : false
        }, {
          "name" : "Go to element: <selenium.webdriver.remote.webelement.WebElement (session=\"2607e175a4d383421272f3267387e0c2\", element=\"f.51C966C2B972A2E37B9D340AEE8FA39C.d.421BBDC2758BA18DFFB72AFC08C8EA90.e.27\")>",
          "time" : {
            "start" : 1713525612081,
            "stop" : 1713525612085,
            "duration" : 4
          },
          "status" : "passed",
          "steps" : [ ],
          "attachments" : [ ],
          "parameters" : [ ],
          "attachmentsCount" : 0,
          "shouldDisplayMessage" : false,
          "stepsCount" : 0,
          "hasContent" : false
        } ],
        "attachments" : [ ],
        "parameters" : [ ],
        "attachmentsCount" : 0,
        "shouldDisplayMessage" : false,
        "stepsCount" : 2,
        "hasContent" : true
      }, {
        "name" : "Check element is visible: ('xpath', '//input[@id=\"password\"]')",
        "time" : {
          "start" : 1713525612164,
          "stop" : 1713525612192,
          "duration" : 28
        },
        "status" : "passed",
        "steps" : [ {
          "name" : "Check element is present: ('xpath', '//input[@id=\"password\"]')",
          "time" : {
            "start" : 1713525612164,
            "stop" : 1713525612174,
            "duration" : 10
          },
          "status" : "passed",
          "steps" : [ ],
          "attachments" : [ ],
          "parameters" : [ ],
          "attachmentsCount" : 0,
          "shouldDisplayMessage" : false,
          "stepsCount" : 0,
          "hasContent" : false
        }, {
          "name" : "Go to element: <selenium.webdriver.remote.webelement.WebElement (session=\"2607e175a4d383421272f3267387e0c2\", element=\"f.51C966C2B972A2E37B9D340AEE8FA39C.d.421BBDC2758BA18DFFB72AFC08C8EA90.e.30\")>",
          "time" : {
            "start" : 1713525612174,
            "stop" : 1713525612178,
            "duration" : 4
          },
          "status" : "passed",
          "steps" : [ ],
          "attachments" : [ ],
          "parameters" : [ ],
          "attachmentsCount" : 0,
          "shouldDisplayMessage" : false,
          "stepsCount" : 0,
          "hasContent" : false
        } ],
        "attachments" : [ ],
        "parameters" : [ ],
        "attachmentsCount" : 0,
        "shouldDisplayMessage" : false,
        "stepsCount" : 2,
        "hasContent" : true
      }, {
        "name" : "Check element is visible and clickable: ('xpath', '//*[@type=\"submit\"]')",
        "time" : {
          "start" : 1713525612231,
          "stop" : 1713525612261,
          "duration" : 30
        },
        "status" : "passed",
        "steps" : [ {
          "name" : "Check element is clickable",
          "time" : {
            "start" : 1713525612246,
            "stop" : 1713525612261,
            "duration" : 15
          },
          "status" : "passed",
          "steps" : [ {
            "name" : "Check element is clickable: ('xpath', '//*[@type=\"submit\"]')",
            "time" : {
              "start" : 1713525612246,
              "stop" : 1713525612261,
              "duration" : 15
            },
            "status" : "passed",
            "steps" : [ ],
            "attachments" : [ ],
            "parameters" : [ ],
            "attachmentsCount" : 0,
            "shouldDisplayMessage" : false,
            "stepsCount" : 0,
            "hasContent" : false
          } ],
          "attachments" : [ ],
          "parameters" : [ {
            "name" : "locator",
            "value" : "('xpath', '//*[@type=\"submit\"]')"
          } ],
          "attachmentsCount" : 0,
          "shouldDisplayMessage" : false,
          "stepsCount" : 1,
          "hasContent" : true
        } ],
        "attachments" : [ ],
        "parameters" : [ ],
        "attachmentsCount" : 0,
        "shouldDisplayMessage" : false,
        "stepsCount" : 2,
        "hasContent" : true
      }, {
        "name" : "Check url is present: https://brainup.site/groups",
        "time" : {
          "start" : 1713525612295,
          "stop" : 1713525652563,
          "duration" : 40268
        },
        "status" : "broken",
        "statusMessage" : "selenium.common.exceptions.TimeoutException: Message: Can't find element by locator https://brainup.site/groups\n\n",
        "statusTrace" : "  File \"/home/runner/work/auto-tests-python/auto-tests-python/pages/base_page.py\", line 80, in check_expected_link\n    return Wait(self.driver, self.timeout).until(\n           ^^^^^^^^^^^^^^^^^^^^^^^^^^^^^^^^^^^^^^\n  File \"/opt/hostedtoolcache/Python/3.12.3/x64/lib/python3.12/site-packages/selenium/webdriver/support/wait.py\", line 95, in until\n    raise TimeoutException(message, screen, stacktrace)\n",
        "steps" : [ ],
        "attachments" : [ ],
        "parameters" : [ ],
        "attachmentsCount" : 0,
        "shouldDisplayMessage" : true,
        "stepsCount" : 0,
        "hasContent" : true
      } ],
      "attachments" : [ ],
      "parameters" : [ {
        "name" : "driver",
        "value" : "<selenium.webdriver.chrome.webdriver.WebDriver (session=\"2607e175a4d383421272f3267387e0c2\")>"
      }, {
        "name" : "main_page_open",
        "value" : "None"
      } ],
      "attachmentsCount" : 0,
      "shouldDisplayMessage" : false,
      "stepsCount" : 13,
      "hasContent" : true
    } ],
    "attachments" : [ ],
    "parameters" : [ ],
    "attachmentsCount" : 0,
    "shouldDisplayMessage" : false,
    "stepsCount" : 14,
    "hasContent" : true
  } ],
  "afterStages" : [ {
    "name" : "driver::0",
    "time" : {
      "start" : 1713525652580,
      "stop" : 1713525652815,
      "duration" : 235
    },
    "status" : "passed",
    "steps" : [ ],
    "attachments" : [ {
      "uid" : "db7f61e9529c09af",
      "name" : "Screenshot 2024-04-19 11:20:52.754092",
      "source" : "db7f61e9529c09af.png",
      "type" : "image/png",
      "size" : 41941
    } ],
    "parameters" : [ ],
    "attachmentsCount" : 1,
    "shouldDisplayMessage" : false,
    "stepsCount" : 0,
    "hasContent" : true
  } ],
  "labels" : [ {
    "name" : "suite",
    "value" : "Группа слов"
  }, {
    "name" : "epic",
    "value" : "Речевые упражнения."
  }, {
    "name" : "tag",
    "value" : "@pytest.mark.xfail"
  }, {
    "name" : "parentSuite",
    "value" : "tests"
  }, {
    "name" : "subSuite",
    "value" : "TestCardsRU"
  }, {
    "name" : "host",
    "value" : "fv-az1144-406"
  }, {
    "name" : "thread",
    "value" : "1807-MainThread"
  }, {
    "name" : "framework",
    "value" : "pytest"
  }, {
    "name" : "language",
    "value" : "cpython3"
  }, {
    "name" : "package",
    "value" : "tests.test_speech_exercises_ru"
  }, {
    "name" : "resultFormat",
    "value" : "allure2"
  } ],
  "parameters" : [ ],
  "links" : [ ],
  "hidden" : false,
  "retry" : false,
  "extra" : {
    "severity" : "normal",
    "retries" : [ ],
    "categories" : [ ],
    "history" : {
      "statistic" : {
        "failed" : 0,
        "broken" : 7,
        "skipped" : 8,
        "passed" : 247,
        "unknown" : 0,
        "total" : 262
      },
      "items" : [ {
        "uid" : "1886abccc3ce0788",
        "status" : "passed",
        "statusDetails" : "XPASS",
        "time" : {
          "start" : 1713521268638,
          "stop" : 1713521281404,
          "duration" : 12766
        }
      }, {
        "uid" : "d357ebfafcd0f65f",
        "status" : "skipped",
        "statusDetails" : "XFAIL\n\nselenium.common.exceptions.TimeoutException: Message: Url: https://brainup.site/groups/2/series/3/exercise/1288 has not been changed!!!",
        "time" : {
          "start" : 1713519547494,
          "stop" : 1713519576318,
          "duration" : 28824
        }
      }, {
        "uid" : "c8077e0afdaf7dc8",
        "status" : "passed",
        "statusDetails" : "XPASS",
        "time" : {
          "start" : 1713519520688,
          "stop" : 1713519533737,
          "duration" : 13049
        }
      }, {
        "uid" : "d88063c9da17dd40",
        "status" : "passed",
        "statusDetails" : "XPASS",
        "time" : {
          "start" : 1713436378089,
          "stop" : 1713436388268,
          "duration" : 10179
        }
      }, {
        "uid" : "eab99bf0cb18352d",
        "status" : "skipped",
        "statusDetails" : "XFAIL\n\nselenium.common.exceptions.TimeoutException: Message: Url: https://brainup.site/groups/2/series/1/exercise/848 has not been changed!!!",
        "time" : {
          "start" : 1713432868018,
          "stop" : 1713432955916,
          "duration" : 87898
        }
      }, {
        "uid" : "a8ba9ca88a2a3346",
        "status" : "passed",
        "statusDetails" : "XPASS",
        "time" : {
          "start" : 1713360652085,
          "stop" : 1713360664764,
          "duration" : 12679
        }
      }, {
        "uid" : "9ab3415a3950706f",
        "status" : "passed",
        "statusDetails" : "XPASS",
        "time" : {
          "start" : 1713347505888,
          "stop" : 1713347515404,
          "duration" : 9516
        }
      }, {
        "uid" : "c5d4ebc90919509",
        "status" : "passed",
        "statusDetails" : "XPASS",
        "time" : {
          "start" : 1713258094128,
          "stop" : 1713258105518,
          "duration" : 11390
        }
      }, {
        "uid" : "b152f937d06f73da",
        "status" : "passed",
        "statusDetails" : "XPASS",
        "time" : {
          "start" : 1713256318866,
          "stop" : 1713256330677,
          "duration" : 11811
        }
      }, {
        "uid" : "d70cb609aa6864da",
        "status" : "passed",
        "statusDetails" : "XPASS",
        "time" : {
          "start" : 1713195178493,
          "stop" : 1713195189490,
          "duration" : 10997
        }
      }, {
        "uid" : "4bb75c0d1857ab3",
        "status" : "passed",
        "statusDetails" : "XPASS",
        "time" : {
          "start" : 1713181017166,
          "stop" : 1713181027886,
          "duration" : 10720
        }
      }, {
        "uid" : "75ef8ec41e86e313",
        "status" : "passed",
        "statusDetails" : "XPASS",
        "time" : {
          "start" : 1713174131289,
          "stop" : 1713174142632,
          "duration" : 11343
        }
      }, {
        "uid" : "ae0806f5176b164e",
        "status" : "passed",
        "statusDetails" : "XPASS",
        "time" : {
          "start" : 1713172456505,
          "stop" : 1713172466751,
          "duration" : 10246
        }
      }, {
        "uid" : "c00fb839fd420c5b",
        "status" : "skipped",
        "statusDetails" : "XFAIL\n\nselenium.common.exceptions.TimeoutException: Message: Can't find element by locator ('xpath', '//a[@title=\"Речевые упражнения\"]')\nStacktrace:\n#0 0x56218088d873 <unknown>\n#1 0x5621805838c6 <unknown>\n#2 0x5621805ce618 <unknown>\n#3 0x5621805ce6d1 <unknown>\n#4 0x562180611744 <unknown>\n#5 0x5621805f05cd <unknown>\n#6 0x56218060ec19 <unknown>\n#7 0x5621805f0343 <unknown>\n#8 0x5621805c1593 <unknown>\n#9 0x5621805c1f5e <unknown>\n#10 0x56218085185b <unknown>\n#11 0x5621808557b5 <unknown>\n#12 0x56218083f581 <unknown>\n#13 0x562180856342 <unknown>\n#14 0x56218082488f <unknown>\n#15 0x56218087c738 <unknown>\n#16 0x56218087c90b <unknown>\n#17 0x56218088c9c4 <unknown>\n#18 0x7f1be2494ac3 <unknown>",
        "time" : {
          "start" : 1713091247031,
          "stop" : 1713091267480,
          "duration" : 20449
        }
      }, {
        "uid" : "192ecf511e2953ea",
        "status" : "passed",
        "statusDetails" : "XPASS",
        "time" : {
          "start" : 1713089354620,
          "stop" : 1713089365032,
          "duration" : 10412
        }
      }, {
        "uid" : "33e369fbe2a03b80",
        "status" : "passed",
        "statusDetails" : "XPASS",
        "time" : {
          "start" : 1713017575914,
          "stop" : 1713017586852,
          "duration" : 10938
        }
      }, {
        "uid" : "6aa8b8bc95533b2c",
        "status" : "passed",
        "statusDetails" : "XPASS",
        "time" : {
          "start" : 1713010498068,
          "stop" : 1713010510166,
          "duration" : 12098
        }
      }, {
        "uid" : "21a682301380762f",
        "status" : "passed",
        "statusDetails" : "XPASS",
        "time" : {
          "start" : 1713008983715,
          "stop" : 1713008992346,
          "duration" : 8631
        }
      }, {
        "uid" : "75b9138f8138bb02",
        "status" : "passed",
        "statusDetails" : "XPASS",
        "time" : {
          "start" : 1713007455817,
          "stop" : 1713007465590,
          "duration" : 9773
        }
      }, {
        "uid" : "5d945c64e075308d",
        "status" : "passed",
        "statusDetails" : "XPASS",
        "time" : {
          "start" : 1712918029960,
          "stop" : 1712918039616,
          "duration" : 9656
        }
      } ]
    },
    "tags" : [ "@pytest.mark.xfail" ]
  },
  "source" : "f28805f3760c6c49.json",
  "parameterValues" : [ ]
}