{
  "uid" : "f3b09309b30d8ece",
  "name" : "Change the password by receiving an email link",
  "fullName" : "tests.profile_page_test.TestProfilePage#test_change_password",
  "historyId" : "9957e716460bffae2f2d96bf28fa1581",
  "time" : {
    "start" : 1715596109902,
    "stop" : 1715596130705,
    "duration" : 20803
  },
  "status" : "broken",
  "statusMessage" : "selenium.common.exceptions.TimeoutException: Message: Can't find element by locator ('xpath', '//a[@href=\"/profile\"]')\nStacktrace:\n#0 0x5584e2f43e33 <unknown>\n#1 0x5584e2c33567 <unknown>\n#2 0x5584e2c7e27d <unknown>\n#3 0x5584e2c7e331 <unknown>\n#4 0x5584e2cc1624 <unknown>\n#5 0x5584e2ca038d <unknown>\n#6 0x5584e2cbeae2 <unknown>\n#7 0x5584e2ca0103 <unknown>\n#8 0x5584e2c711ba <unknown>\n#9 0x5584e2c71b8e <unknown>\n#10 0x5584e2f0859b <unknown>\n#11 0x5584e2f0c34b <unknown>\n#12 0x5584e2ef4681 <unknown>\n#13 0x5584e2f0ceb2 <unknown>\n#14 0x5584e2ed96af <unknown>\n#15 0x5584e2f33428 <unknown>\n#16 0x5584e2f33600 <unknown>\n#17 0x5584e2f42f84 <unknown>\n#18 0x7fbc49494ac3 <unknown>",
  "statusTrace" : "self = <tests.profile_page_test.TestProfilePage object at 0x7f9224626b40>\ndriver = <selenium.webdriver.chrome.webdriver.WebDriver (session=\"9ac902e1c96a3adc17a8f2cad8a17eb7\")>\nmain_page_open = None\n\n    @allure.title(\"Change the password by receiving an email link\")\n    def test_change_password(self, driver, main_page_open):\n        page = ProfilePage(driver)\n        page.open_login_page()\n        page.user_has_authorised()\n>       page.go_to_profile_page()\n\ntests/profile_page_test.py:16: \n_ _ _ _ _ _ _ _ _ _ _ _ _ _ _ _ _ _ _ _ _ _ _ _ _ _ _ _ _ _ _ _ _ _ _ _ _ _ _ _ \npages/profile_page.py:48: in go_to_profile_page\n    self.element_is_present_and_clickable(AuthorizedUserHomePageLocators.PROFILE_USER).click()\npages/base_page.py:32: in element_is_present_and_clickable\n    return (Wait(self.driver, self.timeout).until(\n_ _ _ _ _ _ _ _ _ _ _ _ _ _ _ _ _ _ _ _ _ _ _ _ _ _ _ _ _ _ _ _ _ _ _ _ _ _ _ _ \n\nself = <selenium.webdriver.support.wait.WebDriverWait (session=\"9ac902e1c96a3adc17a8f2cad8a17eb7\")>\nmethod = <function visibility_of_element_located.<locals>._predicate at 0x7f9224527420>\nmessage = 'Can\\'t find element by locator (\\'xpath\\', \\'//a[@href=\"/profile\"]\\')'\n\n    def until(self, method, message: str = \"\"):\n        \"\"\"Calls the method provided with the driver as an argument until the \\\n        return value does not evaluate to ``False``.\n    \n        :param method: callable(WebDriver)\n        :param message: optional message for :exc:`TimeoutException`\n        :returns: the result of the last call to `method`\n        :raises: :exc:`selenium.common.exceptions.TimeoutException` if timeout occurs\n        \"\"\"\n        screen = None\n        stacktrace = None\n    \n        end_time = time.monotonic() + self._timeout\n        while True:\n            try:\n                value = method(self._driver)\n                if value:\n                    return value\n            except self._ignored_exceptions as exc:\n                screen = getattr(exc, \"screen\", None)\n                stacktrace = getattr(exc, \"stacktrace\", None)\n            time.sleep(self._poll)\n            if time.monotonic() > end_time:\n                break\n>       raise TimeoutException(message, screen, stacktrace)\nE       selenium.common.exceptions.TimeoutException: Message: Can't find element by locator ('xpath', '//a[@href=\"/profile\"]')\nE       Stacktrace:\nE       #0 0x5584e2f43e33 <unknown>\nE       #1 0x5584e2c33567 <unknown>\nE       #2 0x5584e2c7e27d <unknown>\nE       #3 0x5584e2c7e331 <unknown>\nE       #4 0x5584e2cc1624 <unknown>\nE       #5 0x5584e2ca038d <unknown>\nE       #6 0x5584e2cbeae2 <unknown>\nE       #7 0x5584e2ca0103 <unknown>\nE       #8 0x5584e2c711ba <unknown>\nE       #9 0x5584e2c71b8e <unknown>\nE       #10 0x5584e2f0859b <unknown>\nE       #11 0x5584e2f0c34b <unknown>\nE       #12 0x5584e2ef4681 <unknown>\nE       #13 0x5584e2f0ceb2 <unknown>\nE       #14 0x5584e2ed96af <unknown>\nE       #15 0x5584e2f33428 <unknown>\nE       #16 0x5584e2f33600 <unknown>\nE       #17 0x5584e2f42f84 <unknown>\nE       #18 0x7fbc49494ac3 <unknown>\n\n/opt/hostedtoolcache/Python/3.12.3/x64/lib/python3.12/site-packages/selenium/webdriver/support/wait.py:95: TimeoutException",
  "flaky" : false,
  "newFailed" : false,
  "beforeStages" : [ {
    "name" : "clear_allure_results_folder",
    "time" : {
      "start" : 1715595697670,
      "stop" : 1715595697670,
      "duration" : 0
    },
    "status" : "passed",
    "steps" : [ ],
    "attachments" : [ ],
    "parameters" : [ ],
    "attachmentsCount" : 0,
    "shouldDisplayMessage" : false,
    "stepsCount" : 0,
    "hasContent" : false
  }, {
    "name" : "main_page_open",
    "time" : {
      "start" : 1715596106865,
      "stop" : 1715596109902,
      "duration" : 3037
    },
    "status" : "passed",
    "steps" : [ {
      "name" : "Open page: https://brainup.site/",
      "time" : {
        "start" : 1715596106865,
        "stop" : 1715596109902,
        "duration" : 3037
      },
      "status" : "passed",
      "steps" : [ ],
      "attachments" : [ ],
      "parameters" : [ {
        "name" : "driver",
        "value" : "<selenium.webdriver.chrome.webdriver.WebDriver (session=\"9ac902e1c96a3adc17a8f2cad8a17eb7\")>"
      } ],
      "attachmentsCount" : 0,
      "shouldDisplayMessage" : false,
      "stepsCount" : 0,
      "hasContent" : true
    } ],
    "attachments" : [ ],
    "parameters" : [ ],
    "attachmentsCount" : 0,
    "shouldDisplayMessage" : false,
    "stepsCount" : 1,
    "hasContent" : true
  }, {
    "name" : "driver",
    "time" : {
      "start" : 1715596106176,
      "stop" : 1715596106865,
      "duration" : 689
    },
    "status" : "passed",
    "steps" : [ ],
    "attachments" : [ ],
    "parameters" : [ ],
    "attachmentsCount" : 0,
    "shouldDisplayMessage" : false,
    "stepsCount" : 0,
    "hasContent" : false
  } ],
  "testStage" : {
    "status" : "broken",
    "statusMessage" : "selenium.common.exceptions.TimeoutException: Message: Can't find element by locator ('xpath', '//a[@href=\"/profile\"]')\nStacktrace:\n#0 0x5584e2f43e33 <unknown>\n#1 0x5584e2c33567 <unknown>\n#2 0x5584e2c7e27d <unknown>\n#3 0x5584e2c7e331 <unknown>\n#4 0x5584e2cc1624 <unknown>\n#5 0x5584e2ca038d <unknown>\n#6 0x5584e2cbeae2 <unknown>\n#7 0x5584e2ca0103 <unknown>\n#8 0x5584e2c711ba <unknown>\n#9 0x5584e2c71b8e <unknown>\n#10 0x5584e2f0859b <unknown>\n#11 0x5584e2f0c34b <unknown>\n#12 0x5584e2ef4681 <unknown>\n#13 0x5584e2f0ceb2 <unknown>\n#14 0x5584e2ed96af <unknown>\n#15 0x5584e2f33428 <unknown>\n#16 0x5584e2f33600 <unknown>\n#17 0x5584e2f42f84 <unknown>\n#18 0x7fbc49494ac3 <unknown>",
    "statusTrace" : "self = <tests.profile_page_test.TestProfilePage object at 0x7f9224626b40>\ndriver = <selenium.webdriver.chrome.webdriver.WebDriver (session=\"9ac902e1c96a3adc17a8f2cad8a17eb7\")>\nmain_page_open = None\n\n    @allure.title(\"Change the password by receiving an email link\")\n    def test_change_password(self, driver, main_page_open):\n        page = ProfilePage(driver)\n        page.open_login_page()\n        page.user_has_authorised()\n>       page.go_to_profile_page()\n\ntests/profile_page_test.py:16: \n_ _ _ _ _ _ _ _ _ _ _ _ _ _ _ _ _ _ _ _ _ _ _ _ _ _ _ _ _ _ _ _ _ _ _ _ _ _ _ _ \npages/profile_page.py:48: in go_to_profile_page\n    self.element_is_present_and_clickable(AuthorizedUserHomePageLocators.PROFILE_USER).click()\npages/base_page.py:32: in element_is_present_and_clickable\n    return (Wait(self.driver, self.timeout).until(\n_ _ _ _ _ _ _ _ _ _ _ _ _ _ _ _ _ _ _ _ _ _ _ _ _ _ _ _ _ _ _ _ _ _ _ _ _ _ _ _ \n\nself = <selenium.webdriver.support.wait.WebDriverWait (session=\"9ac902e1c96a3adc17a8f2cad8a17eb7\")>\nmethod = <function visibility_of_element_located.<locals>._predicate at 0x7f9224527420>\nmessage = 'Can\\'t find element by locator (\\'xpath\\', \\'//a[@href=\"/profile\"]\\')'\n\n    def until(self, method, message: str = \"\"):\n        \"\"\"Calls the method provided with the driver as an argument until the \\\n        return value does not evaluate to ``False``.\n    \n        :param method: callable(WebDriver)\n        :param message: optional message for :exc:`TimeoutException`\n        :returns: the result of the last call to `method`\n        :raises: :exc:`selenium.common.exceptions.TimeoutException` if timeout occurs\n        \"\"\"\n        screen = None\n        stacktrace = None\n    \n        end_time = time.monotonic() + self._timeout\n        while True:\n            try:\n                value = method(self._driver)\n                if value:\n                    return value\n            except self._ignored_exceptions as exc:\n                screen = getattr(exc, \"screen\", None)\n                stacktrace = getattr(exc, \"stacktrace\", None)\n            time.sleep(self._poll)\n            if time.monotonic() > end_time:\n                break\n>       raise TimeoutException(message, screen, stacktrace)\nE       selenium.common.exceptions.TimeoutException: Message: Can't find element by locator ('xpath', '//a[@href=\"/profile\"]')\nE       Stacktrace:\nE       #0 0x5584e2f43e33 <unknown>\nE       #1 0x5584e2c33567 <unknown>\nE       #2 0x5584e2c7e27d <unknown>\nE       #3 0x5584e2c7e331 <unknown>\nE       #4 0x5584e2cc1624 <unknown>\nE       #5 0x5584e2ca038d <unknown>\nE       #6 0x5584e2cbeae2 <unknown>\nE       #7 0x5584e2ca0103 <unknown>\nE       #8 0x5584e2c711ba <unknown>\nE       #9 0x5584e2c71b8e <unknown>\nE       #10 0x5584e2f0859b <unknown>\nE       #11 0x5584e2f0c34b <unknown>\nE       #12 0x5584e2ef4681 <unknown>\nE       #13 0x5584e2f0ceb2 <unknown>\nE       #14 0x5584e2ed96af <unknown>\nE       #15 0x5584e2f33428 <unknown>\nE       #16 0x5584e2f33600 <unknown>\nE       #17 0x5584e2f42f84 <unknown>\nE       #18 0x7fbc49494ac3 <unknown>\n\n/opt/hostedtoolcache/Python/3.12.3/x64/lib/python3.12/site-packages/selenium/webdriver/support/wait.py:95: TimeoutException",
    "steps" : [ {
      "name" : "Open login page",
      "time" : {
        "start" : 1715596109903,
        "stop" : 1715596109988,
        "duration" : 85
      },
      "status" : "passed",
      "steps" : [ {
        "name" : "Check element is visible and clickable: ('xpath', '//a[@id=\"ember11\"]')",
        "time" : {
          "start" : 1715596109903,
          "stop" : 1715596109940,
          "duration" : 37
        },
        "status" : "passed",
        "steps" : [ {
          "name" : "Check element is clickable",
          "time" : {
            "start" : 1715596109921,
            "stop" : 1715596109940,
            "duration" : 19
          },
          "status" : "passed",
          "steps" : [ {
            "name" : "Check element is clickable: ('xpath', '//a[@id=\"ember11\"]')",
            "time" : {
              "start" : 1715596109921,
              "stop" : 1715596109940,
              "duration" : 19
            },
            "status" : "passed",
            "steps" : [ ],
            "attachments" : [ ],
            "parameters" : [ ],
            "attachmentsCount" : 0,
            "shouldDisplayMessage" : false,
            "stepsCount" : 0,
            "hasContent" : false
          } ],
          "attachments" : [ ],
          "parameters" : [ {
            "name" : "locator",
            "value" : "('xpath', '//a[@id=\"ember11\"]')"
          } ],
          "attachmentsCount" : 0,
          "shouldDisplayMessage" : false,
          "stepsCount" : 1,
          "hasContent" : true
        } ],
        "attachments" : [ ],
        "parameters" : [ ],
        "attachmentsCount" : 0,
        "shouldDisplayMessage" : false,
        "stepsCount" : 2,
        "hasContent" : true
      } ],
      "attachments" : [ ],
      "parameters" : [ ],
      "attachmentsCount" : 0,
      "shouldDisplayMessage" : false,
      "stepsCount" : 3,
      "hasContent" : true
    }, {
      "name" : "The user has authorised",
      "time" : {
        "start" : 1715596109988,
        "stop" : 1715596110214,
        "duration" : 226
      },
      "status" : "passed",
      "steps" : [ {
        "name" : "Check element is visible: ('xpath', '//input[@id=\"login\"]')",
        "time" : {
          "start" : 1715596109988,
          "stop" : 1715596110014,
          "duration" : 26
        },
        "status" : "passed",
        "steps" : [ {
          "name" : "Check element is present: ('xpath', '//input[@id=\"login\"]')",
          "time" : {
            "start" : 1715596109988,
            "stop" : 1715596109998,
            "duration" : 10
          },
          "status" : "passed",
          "steps" : [ ],
          "attachments" : [ ],
          "parameters" : [ ],
          "attachmentsCount" : 0,
          "shouldDisplayMessage" : false,
          "stepsCount" : 0,
          "hasContent" : false
        }, {
          "name" : "Go to element: <selenium.webdriver.remote.webelement.WebElement (session=\"9ac902e1c96a3adc17a8f2cad8a17eb7\", element=\"f.002D9EC36E7CCA35C64FEDCC3569DB05.d.6E539CB86DBB1F448AEAD2DFA703C963.e.27\")>",
          "time" : {
            "start" : 1715596109998,
            "stop" : 1715596110002,
            "duration" : 4
          },
          "status" : "passed",
          "steps" : [ ],
          "attachments" : [ ],
          "parameters" : [ ],
          "attachmentsCount" : 0,
          "shouldDisplayMessage" : false,
          "stepsCount" : 0,
          "hasContent" : false
        } ],
        "attachments" : [ ],
        "parameters" : [ ],
        "attachmentsCount" : 0,
        "shouldDisplayMessage" : false,
        "stepsCount" : 2,
        "hasContent" : true
      }, {
        "name" : "Check element is visible: ('xpath', '//input[@id=\"password\"]')",
        "time" : {
          "start" : 1715596110071,
          "stop" : 1715596110099,
          "duration" : 28
        },
        "status" : "passed",
        "steps" : [ {
          "name" : "Check element is present: ('xpath', '//input[@id=\"password\"]')",
          "time" : {
            "start" : 1715596110071,
            "stop" : 1715596110082,
            "duration" : 11
          },
          "status" : "passed",
          "steps" : [ ],
          "attachments" : [ ],
          "parameters" : [ ],
          "attachmentsCount" : 0,
          "shouldDisplayMessage" : false,
          "stepsCount" : 0,
          "hasContent" : false
        }, {
          "name" : "Go to element: <selenium.webdriver.remote.webelement.WebElement (session=\"9ac902e1c96a3adc17a8f2cad8a17eb7\", element=\"f.002D9EC36E7CCA35C64FEDCC3569DB05.d.6E539CB86DBB1F448AEAD2DFA703C963.e.30\")>",
          "time" : {
            "start" : 1715596110082,
            "stop" : 1715596110086,
            "duration" : 4
          },
          "status" : "passed",
          "steps" : [ ],
          "attachments" : [ ],
          "parameters" : [ ],
          "attachmentsCount" : 0,
          "shouldDisplayMessage" : false,
          "stepsCount" : 0,
          "hasContent" : false
        } ],
        "attachments" : [ ],
        "parameters" : [ ],
        "attachmentsCount" : 0,
        "shouldDisplayMessage" : false,
        "stepsCount" : 2,
        "hasContent" : true
      }, {
        "name" : "Check element is visible and clickable: ('xpath', '//*[@type=\"submit\"]')",
        "time" : {
          "start" : 1715596110139,
          "stop" : 1715596110171,
          "duration" : 32
        },
        "status" : "passed",
        "steps" : [ {
          "name" : "Check element is clickable",
          "time" : {
            "start" : 1715596110155,
            "stop" : 1715596110171,
            "duration" : 16
          },
          "status" : "passed",
          "steps" : [ {
            "name" : "Check element is clickable: ('xpath', '//*[@type=\"submit\"]')",
            "time" : {
              "start" : 1715596110155,
              "stop" : 1715596110171,
              "duration" : 16
            },
            "status" : "passed",
            "steps" : [ ],
            "attachments" : [ ],
            "parameters" : [ ],
            "attachmentsCount" : 0,
            "shouldDisplayMessage" : false,
            "stepsCount" : 0,
            "hasContent" : false
          } ],
          "attachments" : [ ],
          "parameters" : [ {
            "name" : "locator",
            "value" : "('xpath', '//*[@type=\"submit\"]')"
          } ],
          "attachmentsCount" : 0,
          "shouldDisplayMessage" : false,
          "stepsCount" : 1,
          "hasContent" : true
        } ],
        "attachments" : [ ],
        "parameters" : [ ],
        "attachmentsCount" : 0,
        "shouldDisplayMessage" : false,
        "stepsCount" : 2,
        "hasContent" : true
      }, {
        "name" : "Wait until url: https://brainup.site/profile will be changed.",
        "time" : {
          "start" : 1715596110205,
          "stop" : 1715596110214,
          "duration" : 9
        },
        "status" : "passed",
        "steps" : [ ],
        "attachments" : [ ],
        "parameters" : [ ],
        "attachmentsCount" : 0,
        "shouldDisplayMessage" : false,
        "stepsCount" : 0,
        "hasContent" : false
      } ],
      "attachments" : [ ],
      "parameters" : [ ],
      "attachmentsCount" : 0,
      "shouldDisplayMessage" : false,
      "stepsCount" : 10,
      "hasContent" : true
    }, {
      "name" : "Go to the Profile page",
      "time" : {
        "start" : 1715596110214,
        "stop" : 1715596130705,
        "duration" : 20491
      },
      "status" : "broken",
      "statusMessage" : "selenium.common.exceptions.TimeoutException: Message: Can't find element by locator ('xpath', '//a[@href=\"/profile\"]')\nStacktrace:\n#0 0x5584e2f43e33 <unknown>\n#1 0x5584e2c33567 <unknown>\n#2 0x5584e2c7e27d <unknown>\n#3 0x5584e2c7e331 <unknown>\n#4 0x5584e2cc1624 <unknown>\n#5 0x5584e2ca038d <unknown>\n#6 0x5584e2cbeae2 <unknown>\n#7 0x5584e2ca0103 <unknown>\n#8 0x5584e2c711ba <unknown>\n#9 0x5584e2c71b8e <unknown>\n#10 0x5584e2f0859b <unknown>\n#11 0x5584e2f0c34b <unknown>\n#12 0x5584e2ef4681 <unknown>\n#13 0x5584e2f0ceb2 <unknown>\n#14 0x5584e2ed96af <unknown>\n#15 0x5584e2f33428 <unknown>\n#16 0x5584e2f33600 <unknown>\n#17 0x5584e2f42f84 <unknown>\n#18 0x7fbc49494ac3 <unknown>\n\n",
      "statusTrace" : "  File \"/opt/hostedtoolcache/Python/3.12.3/x64/lib/python3.12/site-packages/allure_commons/_allure.py\", line 192, in impl\n    return func(*a, **kw)\n           ^^^^^^^^^^^^^^\n  File \"/home/runner/work/auto-tests-python/auto-tests-python/pages/profile_page.py\", line 48, in go_to_profile_page\n    self.element_is_present_and_clickable(AuthorizedUserHomePageLocators.PROFILE_USER).click()\n    ^^^^^^^^^^^^^^^^^^^^^^^^^^^^^^^^^^^^^^^^^^^^^^^^^^^^^^^^^^^^^^^^^^^^^^^^^^^^^^^^^^\n  File \"/home/runner/work/auto-tests-python/auto-tests-python/pages/base_page.py\", line 32, in element_is_present_and_clickable\n    return (Wait(self.driver, self.timeout).until(\n            ^^^^^^^^^^^^^^^^^^^^^^^^^^^^^^^^^^^^^^\n  File \"/opt/hostedtoolcache/Python/3.12.3/x64/lib/python3.12/site-packages/selenium/webdriver/support/wait.py\", line 95, in until\n    raise TimeoutException(message, screen, stacktrace)\n",
      "steps" : [ {
        "name" : "Check element is visible and clickable: ('xpath', '//a[@href=\"/profile\"]')",
        "time" : {
          "start" : 1715596110214,
          "stop" : 1715596130704,
          "duration" : 20490
        },
        "status" : "broken",
        "statusMessage" : "selenium.common.exceptions.TimeoutException: Message: Can't find element by locator ('xpath', '//a[@href=\"/profile\"]')\nStacktrace:\n#0 0x5584e2f43e33 <unknown>\n#1 0x5584e2c33567 <unknown>\n#2 0x5584e2c7e27d <unknown>\n#3 0x5584e2c7e331 <unknown>\n#4 0x5584e2cc1624 <unknown>\n#5 0x5584e2ca038d <unknown>\n#6 0x5584e2cbeae2 <unknown>\n#7 0x5584e2ca0103 <unknown>\n#8 0x5584e2c711ba <unknown>\n#9 0x5584e2c71b8e <unknown>\n#10 0x5584e2f0859b <unknown>\n#11 0x5584e2f0c34b <unknown>\n#12 0x5584e2ef4681 <unknown>\n#13 0x5584e2f0ceb2 <unknown>\n#14 0x5584e2ed96af <unknown>\n#15 0x5584e2f33428 <unknown>\n#16 0x5584e2f33600 <unknown>\n#17 0x5584e2f42f84 <unknown>\n#18 0x7fbc49494ac3 <unknown>\n\n",
        "statusTrace" : "  File \"/home/runner/work/auto-tests-python/auto-tests-python/pages/base_page.py\", line 32, in element_is_present_and_clickable\n    return (Wait(self.driver, self.timeout).until(\n            ^^^^^^^^^^^^^^^^^^^^^^^^^^^^^^^^^^^^^^\n  File \"/opt/hostedtoolcache/Python/3.12.3/x64/lib/python3.12/site-packages/selenium/webdriver/support/wait.py\", line 95, in until\n    raise TimeoutException(message, screen, stacktrace)\n",
        "steps" : [ ],
        "attachments" : [ ],
        "parameters" : [ ],
        "attachmentsCount" : 0,
        "shouldDisplayMessage" : true,
        "stepsCount" : 0,
        "hasContent" : true
      } ],
      "attachments" : [ ],
      "parameters" : [ ],
      "attachmentsCount" : 0,
      "shouldDisplayMessage" : false,
      "stepsCount" : 1,
      "hasContent" : true
    } ],
    "attachments" : [ {
      "uid" : "7373f7f174842251",
      "name" : "Screenshot",
      "source" : "7373f7f174842251.png",
      "type" : "image/png",
      "size" : 60789
    }, {
      "uid" : "f86572a2394c356d",
      "name" : "HTML source",
      "source" : "f86572a2394c356d.html",
      "type" : "text/html",
      "size" : 27723
    } ],
    "parameters" : [ ],
    "attachmentsCount" : 2,
    "shouldDisplayMessage" : true,
    "stepsCount" : 17,
    "hasContent" : true
  },
  "afterStages" : [ {
    "name" : "driver::0",
    "time" : {
      "start" : 1715596130871,
      "stop" : 1715596131054,
      "duration" : 183
    },
    "status" : "passed",
    "steps" : [ ],
    "attachments" : [ {
      "uid" : "38f799725c4a2c3b",
      "name" : "Screenshot 2024-05-13 10:28:50.993026",
      "source" : "38f799725c4a2c3b.png",
      "type" : "image/png",
      "size" : 60789
    } ],
    "parameters" : [ ],
    "attachmentsCount" : 1,
    "shouldDisplayMessage" : false,
    "stepsCount" : 0,
    "hasContent" : true
  } ],
  "labels" : [ {
    "name" : "epic",
    "value" : "Test Profile Page"
  }, {
    "name" : "parentSuite",
    "value" : "tests"
  }, {
    "name" : "suite",
    "value" : "profile_page_test"
  }, {
    "name" : "subSuite",
    "value" : "TestProfilePage"
  }, {
    "name" : "host",
    "value" : "fv-az566-95"
  }, {
    "name" : "thread",
    "value" : "1841-MainThread"
  }, {
    "name" : "framework",
    "value" : "pytest"
  }, {
    "name" : "language",
    "value" : "cpython3"
  }, {
    "name" : "package",
    "value" : "tests.profile_page_test"
  }, {
    "name" : "resultFormat",
    "value" : "allure2"
  } ],
  "parameters" : [ ],
  "links" : [ ],
  "hidden" : false,
  "retry" : false,
  "extra" : {
    "severity" : "normal",
    "retries" : [ ],
    "categories" : [ {
      "name" : "Test defects",
      "matchedStatuses" : [ ],
      "flaky" : false
    } ],
    "history" : {
      "statistic" : {
        "failed" : 0,
        "broken" : 43,
        "skipped" : 0,
        "passed" : 389,
        "unknown" : 0,
        "total" : 432
      },
      "items" : [ {
        "uid" : "20f97543b6b0fcb3",
        "status" : "broken",
        "statusDetails" : "selenium.common.exceptions.TimeoutException: Message: Can't find element by locator ('xpath', '//a[@id=\"ember11\"]')\nStacktrace:\n#0 0x564855eece33 <unknown>\n#1 0x564855bdc567 <unknown>\n#2 0x564855c2727d <unknown>\n#3 0x564855c27331 <unknown>\n#4 0x564855c6a624 <unknown>\n#5 0x564855c4938d <unknown>\n#6 0x564855c67ae2 <unknown>\n#7 0x564855c49103 <unknown>\n#8 0x564855c1a1ba <unknown>\n#9 0x564855c1ab8e <unknown>\n#10 0x564855eb159b <unknown>\n#11 0x564855eb534b <unknown>\n#12 0x564855e9d681 <unknown>\n#13 0x564855eb5eb2 <unknown>\n#14 0x564855e826af <unknown>\n#15 0x564855edc428 <unknown>\n#16 0x564855edc600 <unknown>\n#17 0x564855eebf84 <unknown>\n#18 0x7fb365894ac3 <unknown>",
        "time" : {
          "start" : 1715594365542,
          "stop" : 1715594401243,
          "duration" : 35701
        }
      }, {
        "uid" : "8ad27263ef9fa636",
        "status" : "passed",
        "time" : {
          "start" : 1715513163526,
          "stop" : 1715513198432,
          "duration" : 34906
        }
      }, {
        "uid" : "9034bcb535ab01f1",
        "status" : "passed",
        "time" : {
          "start" : 1715511648635,
          "stop" : 1715511679504,
          "duration" : 30869
        }
      }, {
        "uid" : "5e70335c5827c9fe",
        "status" : "passed",
        "time" : {
          "start" : 1715423910770,
          "stop" : 1715423942911,
          "duration" : 32141
        }
      }, {
        "uid" : "ab1d43d16fbef5b4",
        "status" : "passed",
        "time" : {
          "start" : 1715422021655,
          "stop" : 1715422054329,
          "duration" : 32674
        }
      }, {
        "uid" : "3f4d852e7c08b508",
        "status" : "passed",
        "time" : {
          "start" : 1715332867571,
          "stop" : 1715332897821,
          "duration" : 30250
        }
      }, {
        "uid" : "f4de266a78cfb87d",
        "status" : "passed",
        "time" : {
          "start" : 1715329902782,
          "stop" : 1715329933463,
          "duration" : 30681
        }
      }, {
        "uid" : "eb4306dc967faec7",
        "status" : "passed",
        "time" : {
          "start" : 1715248033371,
          "stop" : 1715248064497,
          "duration" : 31126
        }
      }, {
        "uid" : "971a3a74fd85f0f3",
        "status" : "passed",
        "time" : {
          "start" : 1715245131727,
          "stop" : 1715245161890,
          "duration" : 30163
        }
      }, {
        "uid" : "925fd4ae1ed23d84",
        "status" : "passed",
        "time" : {
          "start" : 1715161270712,
          "stop" : 1715161302915,
          "duration" : 32203
        }
      }, {
        "uid" : "76131fbbb68e1713",
        "status" : "passed",
        "time" : {
          "start" : 1715157822670,
          "stop" : 1715157855561,
          "duration" : 32891
        }
      }, {
        "uid" : "38d2608477c7a5c1",
        "status" : "passed",
        "time" : {
          "start" : 1715079395167,
          "stop" : 1715079425053,
          "duration" : 29886
        }
      }, {
        "uid" : "e090158797406169",
        "status" : "passed",
        "time" : {
          "start" : 1715077680568,
          "stop" : 1715077711337,
          "duration" : 30769
        }
      }, {
        "uid" : "43ddb4ab6b15300a",
        "status" : "passed",
        "time" : {
          "start" : 1714998217977,
          "stop" : 1714998250789,
          "duration" : 32812
        }
      }, {
        "uid" : "415b8ffc104e3f9",
        "status" : "passed",
        "time" : {
          "start" : 1714996164341,
          "stop" : 1714996194238,
          "duration" : 29897
        }
      }, {
        "uid" : "224b8267aef404ae",
        "status" : "passed",
        "time" : {
          "start" : 1714899777492,
          "stop" : 1714899807841,
          "duration" : 30349
        }
      }, {
        "uid" : "b4f2a4c92ab1a3d1",
        "status" : "passed",
        "time" : {
          "start" : 1714897593283,
          "stop" : 1714897623480,
          "duration" : 30197
        }
      }, {
        "uid" : "5427b6065facc012",
        "status" : "passed",
        "time" : {
          "start" : 1714818814561,
          "stop" : 1714818845175,
          "duration" : 30614
        }
      }, {
        "uid" : "7994a7a1fa040704",
        "status" : "passed",
        "time" : {
          "start" : 1714817283085,
          "stop" : 1714817315333,
          "duration" : 32248
        }
      }, {
        "uid" : "201bda959510e92",
        "status" : "passed",
        "time" : {
          "start" : 1714732546575,
          "stop" : 1714732579311,
          "duration" : 32736
        }
      } ]
    },
    "tags" : [ ]
  },
  "source" : "f3b09309b30d8ece.json",
  "parameterValues" : [ ]
}