{
  "uid" : "f5eb149cf4cef6be",
  "name" : "Check statistic table.",
  "fullName" : "tests.test_speech_exercises_ru.TestCardsRU#test_get_statistic_data",
  "historyId" : "15df626f86a935fbcd917f7ea4002a26",
  "time" : {
    "start" : 1714998953328,
    "stop" : 1714998973907,
    "duration" : 20579
  },
  "status" : "skipped",
  "statusMessage" : "XFAIL\n\nselenium.common.exceptions.TimeoutException: Message: Can't find element by locator ('xpath', '//div[@class=\"__51e19\"]')\nStacktrace:\n#0 0x55ed432f7e33 <unknown>\n#1 0x55ed42fe7567 <unknown>\n#2 0x55ed4303227d <unknown>\n#3 0x55ed43032331 <unknown>\n#4 0x55ed43075624 <unknown>\n#5 0x55ed4305438d <unknown>\n#6 0x55ed43072ae2 <unknown>\n#7 0x55ed43054103 <unknown>\n#8 0x55ed430251ba <unknown>\n#9 0x55ed43025b8e <unknown>\n#10 0x55ed432bc59b <unknown>\n#11 0x55ed432c034b <unknown>\n#12 0x55ed432a8681 <unknown>\n#13 0x55ed432c0eb2 <unknown>\n#14 0x55ed4328d6af <unknown>\n#15 0x55ed432e7428 <unknown>\n#16 0x55ed432e7600 <unknown>\n#17 0x55ed432f6f84 <unknown>\n#18 0x7fde23494ac3 <unknown>",
  "statusTrace" : "self = <tests.test_speech_exercises_ru.TestCardsRU object at 0x7f078799a420>\ndriver = <selenium.webdriver.chrome.webdriver.WebDriver (session=\"75dd606e4af4dca80fd6aedf512145d5\")>\ndefault_user_authorized = None\n\n    @pytest.mark.xfail\n    @allure.suite('Statistic.')\n    @allure.title('Check statistic table.')\n    def test_get_statistic_data(self, driver, default_user_authorized):\n        page = SpeechExercisesPageRU(driver)\n>       table = page.get_statistic_data()\n\ntests/test_speech_exercises_ru.py:195: \n_ _ _ _ _ _ _ _ _ _ _ _ _ _ _ _ _ _ _ _ _ _ _ _ _ _ _ _ _ _ _ _ _ _ _ _ _ _ _ _ \npages/speech_exercises_page_ru.py:116: in get_statistic_data\n    table = self.element_is_present(self.locators.AuthorizedUserHomePageLocators.STATISTIC_TABLE)\npages/base_page.py:55: in element_is_present\n    return Wait(self.driver, self.timeout).until(\n_ _ _ _ _ _ _ _ _ _ _ _ _ _ _ _ _ _ _ _ _ _ _ _ _ _ _ _ _ _ _ _ _ _ _ _ _ _ _ _ \n\nself = <selenium.webdriver.support.wait.WebDriverWait (session=\"75dd606e4af4dca80fd6aedf512145d5\")>\nmethod = <function presence_of_element_located.<locals>._predicate at 0x7f0787aea520>\nmessage = 'Can\\'t find element by locator (\\'xpath\\', \\'//div[@class=\"__51e19\"]\\')'\n\n    def until(self, method, message: str = \"\"):\n        \"\"\"Calls the method provided with the driver as an argument until the \\\n        return value does not evaluate to ``False``.\n    \n        :param method: callable(WebDriver)\n        :param message: optional message for :exc:`TimeoutException`\n        :returns: the result of the last call to `method`\n        :raises: :exc:`selenium.common.exceptions.TimeoutException` if timeout occurs\n        \"\"\"\n        screen = None\n        stacktrace = None\n    \n        end_time = time.monotonic() + self._timeout\n        while True:\n            try:\n                value = method(self._driver)\n                if value:\n                    return value\n            except self._ignored_exceptions as exc:\n                screen = getattr(exc, \"screen\", None)\n                stacktrace = getattr(exc, \"stacktrace\", None)\n            time.sleep(self._poll)\n            if time.monotonic() > end_time:\n                break\n>       raise TimeoutException(message, screen, stacktrace)\nE       selenium.common.exceptions.TimeoutException: Message: Can't find element by locator ('xpath', '//div[@class=\"__51e19\"]')\nE       Stacktrace:\nE       #0 0x55ed432f7e33 <unknown>\nE       #1 0x55ed42fe7567 <unknown>\nE       #2 0x55ed4303227d <unknown>\nE       #3 0x55ed43032331 <unknown>\nE       #4 0x55ed43075624 <unknown>\nE       #5 0x55ed4305438d <unknown>\nE       #6 0x55ed43072ae2 <unknown>\nE       #7 0x55ed43054103 <unknown>\nE       #8 0x55ed430251ba <unknown>\nE       #9 0x55ed43025b8e <unknown>\nE       #10 0x55ed432bc59b <unknown>\nE       #11 0x55ed432c034b <unknown>\nE       #12 0x55ed432a8681 <unknown>\nE       #13 0x55ed432c0eb2 <unknown>\nE       #14 0x55ed4328d6af <unknown>\nE       #15 0x55ed432e7428 <unknown>\nE       #16 0x55ed432e7600 <unknown>\nE       #17 0x55ed432f6f84 <unknown>\nE       #18 0x7fde23494ac3 <unknown>\n\n/opt/hostedtoolcache/Python/3.12.3/x64/lib/python3.12/site-packages/selenium/webdriver/support/wait.py:95: TimeoutException",
  "flaky" : false,
  "newFailed" : false,
  "beforeStages" : [ {
    "name" : "clear_allure_results_folder",
    "time" : {
      "start" : 1714997720352,
      "stop" : 1714997720352,
      "duration" : 0
    },
    "status" : "passed",
    "steps" : [ ],
    "attachments" : [ ],
    "parameters" : [ ],
    "attachmentsCount" : 0,
    "shouldDisplayMessage" : false,
    "stepsCount" : 0,
    "hasContent" : false
  }, {
    "name" : "driver",
    "time" : {
      "start" : 1714998946526,
      "stop" : 1714998947212,
      "duration" : 686
    },
    "status" : "passed",
    "steps" : [ ],
    "attachments" : [ ],
    "parameters" : [ ],
    "attachmentsCount" : 0,
    "shouldDisplayMessage" : false,
    "stepsCount" : 0,
    "hasContent" : false
  }, {
    "name" : "main_page_open",
    "time" : {
      "start" : 1714998947212,
      "stop" : 1714998951007,
      "duration" : 3795
    },
    "status" : "passed",
    "steps" : [ {
      "name" : "Open page: https://brainup.site/",
      "time" : {
        "start" : 1714998947212,
        "stop" : 1714998951007,
        "duration" : 3795
      },
      "status" : "passed",
      "steps" : [ ],
      "attachments" : [ ],
      "parameters" : [ {
        "name" : "driver",
        "value" : "<selenium.webdriver.chrome.webdriver.WebDriver (session=\"75dd606e4af4dca80fd6aedf512145d5\")>"
      } ],
      "attachmentsCount" : 0,
      "shouldDisplayMessage" : false,
      "stepsCount" : 0,
      "hasContent" : true
    } ],
    "attachments" : [ ],
    "parameters" : [ ],
    "attachmentsCount" : 0,
    "shouldDisplayMessage" : false,
    "stepsCount" : 1,
    "hasContent" : true
  }, {
    "name" : "default_user_authorized",
    "time" : {
      "start" : 1714998951007,
      "stop" : 1714998953328,
      "duration" : 2321
    },
    "status" : "passed",
    "steps" : [ {
      "name" : "DEFAULT user authorized",
      "time" : {
        "start" : 1714998951007,
        "stop" : 1714998953328,
        "duration" : 2321
      },
      "status" : "passed",
      "steps" : [ {
        "name" : "Check element is visible and clickable: ('xpath', '//a[@id=\"ember11\"]')",
        "time" : {
          "start" : 1714998951007,
          "stop" : 1714998951044,
          "duration" : 37
        },
        "status" : "passed",
        "steps" : [ {
          "name" : "Check element is clickable",
          "time" : {
            "start" : 1714998951025,
            "stop" : 1714998951044,
            "duration" : 19
          },
          "status" : "passed",
          "steps" : [ {
            "name" : "Check element is clickable: ('xpath', '//a[@id=\"ember11\"]')",
            "time" : {
              "start" : 1714998951025,
              "stop" : 1714998951044,
              "duration" : 19
            },
            "status" : "passed",
            "steps" : [ ],
            "attachments" : [ ],
            "parameters" : [ ],
            "attachmentsCount" : 0,
            "shouldDisplayMessage" : false,
            "stepsCount" : 0,
            "hasContent" : false
          } ],
          "attachments" : [ ],
          "parameters" : [ {
            "name" : "locator",
            "value" : "('xpath', '//a[@id=\"ember11\"]')"
          } ],
          "attachmentsCount" : 0,
          "shouldDisplayMessage" : false,
          "stepsCount" : 1,
          "hasContent" : true
        } ],
        "attachments" : [ ],
        "parameters" : [ ],
        "attachmentsCount" : 0,
        "shouldDisplayMessage" : false,
        "stepsCount" : 2,
        "hasContent" : true
      }, {
        "name" : "Check element is visible: ('xpath', '//input[@id=\"login\"]')",
        "time" : {
          "start" : 1714998951092,
          "stop" : 1714998951120,
          "duration" : 28
        },
        "status" : "passed",
        "steps" : [ {
          "name" : "Check element is present: ('xpath', '//input[@id=\"login\"]')",
          "time" : {
            "start" : 1714998951093,
            "stop" : 1714998951104,
            "duration" : 11
          },
          "status" : "passed",
          "steps" : [ ],
          "attachments" : [ ],
          "parameters" : [ ],
          "attachmentsCount" : 0,
          "shouldDisplayMessage" : false,
          "stepsCount" : 0,
          "hasContent" : false
        }, {
          "name" : "Go to element: <selenium.webdriver.remote.webelement.WebElement (session=\"75dd606e4af4dca80fd6aedf512145d5\", element=\"f.7E54ADFCBC6D76338E7119BCDA311297.d.F738C8E89BDE1834300A4FE30628A15C.e.27\")>",
          "time" : {
            "start" : 1714998951104,
            "stop" : 1714998951108,
            "duration" : 4
          },
          "status" : "passed",
          "steps" : [ ],
          "attachments" : [ ],
          "parameters" : [ ],
          "attachmentsCount" : 0,
          "shouldDisplayMessage" : false,
          "stepsCount" : 0,
          "hasContent" : false
        } ],
        "attachments" : [ ],
        "parameters" : [ ],
        "attachmentsCount" : 0,
        "shouldDisplayMessage" : false,
        "stepsCount" : 2,
        "hasContent" : true
      }, {
        "name" : "Check element is visible: ('xpath', '//input[@id=\"password\"]')",
        "time" : {
          "start" : 1714998951173,
          "stop" : 1714998951200,
          "duration" : 27
        },
        "status" : "passed",
        "steps" : [ {
          "name" : "Check element is present: ('xpath', '//input[@id=\"password\"]')",
          "time" : {
            "start" : 1714998951173,
            "stop" : 1714998951183,
            "duration" : 10
          },
          "status" : "passed",
          "steps" : [ ],
          "attachments" : [ ],
          "parameters" : [ ],
          "attachmentsCount" : 0,
          "shouldDisplayMessage" : false,
          "stepsCount" : 0,
          "hasContent" : false
        }, {
          "name" : "Go to element: <selenium.webdriver.remote.webelement.WebElement (session=\"75dd606e4af4dca80fd6aedf512145d5\", element=\"f.7E54ADFCBC6D76338E7119BCDA311297.d.F738C8E89BDE1834300A4FE30628A15C.e.30\")>",
          "time" : {
            "start" : 1714998951183,
            "stop" : 1714998951187,
            "duration" : 4
          },
          "status" : "passed",
          "steps" : [ ],
          "attachments" : [ ],
          "parameters" : [ ],
          "attachmentsCount" : 0,
          "shouldDisplayMessage" : false,
          "stepsCount" : 0,
          "hasContent" : false
        } ],
        "attachments" : [ ],
        "parameters" : [ ],
        "attachmentsCount" : 0,
        "shouldDisplayMessage" : false,
        "stepsCount" : 2,
        "hasContent" : true
      }, {
        "name" : "Check element is visible and clickable: ('xpath', '//*[@type=\"submit\"]')",
        "time" : {
          "start" : 1714998951240,
          "stop" : 1714998951271,
          "duration" : 31
        },
        "status" : "passed",
        "steps" : [ {
          "name" : "Check element is clickable",
          "time" : {
            "start" : 1714998951255,
            "stop" : 1714998951271,
            "duration" : 16
          },
          "status" : "passed",
          "steps" : [ {
            "name" : "Check element is clickable: ('xpath', '//*[@type=\"submit\"]')",
            "time" : {
              "start" : 1714998951255,
              "stop" : 1714998951270,
              "duration" : 15
            },
            "status" : "passed",
            "steps" : [ ],
            "attachments" : [ ],
            "parameters" : [ ],
            "attachmentsCount" : 0,
            "shouldDisplayMessage" : false,
            "stepsCount" : 0,
            "hasContent" : false
          } ],
          "attachments" : [ ],
          "parameters" : [ {
            "name" : "locator",
            "value" : "('xpath', '//*[@type=\"submit\"]')"
          } ],
          "attachmentsCount" : 0,
          "shouldDisplayMessage" : false,
          "stepsCount" : 1,
          "hasContent" : true
        } ],
        "attachments" : [ ],
        "parameters" : [ ],
        "attachmentsCount" : 0,
        "shouldDisplayMessage" : false,
        "stepsCount" : 2,
        "hasContent" : true
      }, {
        "name" : "Check url is present: https://brainup.site/groups",
        "time" : {
          "start" : 1714998951305,
          "stop" : 1714998953328,
          "duration" : 2023
        },
        "status" : "passed",
        "steps" : [ ],
        "attachments" : [ ],
        "parameters" : [ ],
        "attachmentsCount" : 0,
        "shouldDisplayMessage" : false,
        "stepsCount" : 0,
        "hasContent" : false
      } ],
      "attachments" : [ ],
      "parameters" : [ {
        "name" : "driver",
        "value" : "<selenium.webdriver.chrome.webdriver.WebDriver (session=\"75dd606e4af4dca80fd6aedf512145d5\")>"
      }, {
        "name" : "main_page_open",
        "value" : "None"
      } ],
      "attachmentsCount" : 0,
      "shouldDisplayMessage" : false,
      "stepsCount" : 13,
      "hasContent" : true
    } ],
    "attachments" : [ ],
    "parameters" : [ ],
    "attachmentsCount" : 0,
    "shouldDisplayMessage" : false,
    "stepsCount" : 14,
    "hasContent" : true
  } ],
  "testStage" : {
    "status" : "skipped",
    "statusMessage" : "XFAIL\n\nselenium.common.exceptions.TimeoutException: Message: Can't find element by locator ('xpath', '//div[@class=\"__51e19\"]')\nStacktrace:\n#0 0x55ed432f7e33 <unknown>\n#1 0x55ed42fe7567 <unknown>\n#2 0x55ed4303227d <unknown>\n#3 0x55ed43032331 <unknown>\n#4 0x55ed43075624 <unknown>\n#5 0x55ed4305438d <unknown>\n#6 0x55ed43072ae2 <unknown>\n#7 0x55ed43054103 <unknown>\n#8 0x55ed430251ba <unknown>\n#9 0x55ed43025b8e <unknown>\n#10 0x55ed432bc59b <unknown>\n#11 0x55ed432c034b <unknown>\n#12 0x55ed432a8681 <unknown>\n#13 0x55ed432c0eb2 <unknown>\n#14 0x55ed4328d6af <unknown>\n#15 0x55ed432e7428 <unknown>\n#16 0x55ed432e7600 <unknown>\n#17 0x55ed432f6f84 <unknown>\n#18 0x7fde23494ac3 <unknown>",
    "statusTrace" : "self = <tests.test_speech_exercises_ru.TestCardsRU object at 0x7f078799a420>\ndriver = <selenium.webdriver.chrome.webdriver.WebDriver (session=\"75dd606e4af4dca80fd6aedf512145d5\")>\ndefault_user_authorized = None\n\n    @pytest.mark.xfail\n    @allure.suite('Statistic.')\n    @allure.title('Check statistic table.')\n    def test_get_statistic_data(self, driver, default_user_authorized):\n        page = SpeechExercisesPageRU(driver)\n>       table = page.get_statistic_data()\n\ntests/test_speech_exercises_ru.py:195: \n_ _ _ _ _ _ _ _ _ _ _ _ _ _ _ _ _ _ _ _ _ _ _ _ _ _ _ _ _ _ _ _ _ _ _ _ _ _ _ _ \npages/speech_exercises_page_ru.py:116: in get_statistic_data\n    table = self.element_is_present(self.locators.AuthorizedUserHomePageLocators.STATISTIC_TABLE)\npages/base_page.py:55: in element_is_present\n    return Wait(self.driver, self.timeout).until(\n_ _ _ _ _ _ _ _ _ _ _ _ _ _ _ _ _ _ _ _ _ _ _ _ _ _ _ _ _ _ _ _ _ _ _ _ _ _ _ _ \n\nself = <selenium.webdriver.support.wait.WebDriverWait (session=\"75dd606e4af4dca80fd6aedf512145d5\")>\nmethod = <function presence_of_element_located.<locals>._predicate at 0x7f0787aea520>\nmessage = 'Can\\'t find element by locator (\\'xpath\\', \\'//div[@class=\"__51e19\"]\\')'\n\n    def until(self, method, message: str = \"\"):\n        \"\"\"Calls the method provided with the driver as an argument until the \\\n        return value does not evaluate to ``False``.\n    \n        :param method: callable(WebDriver)\n        :param message: optional message for :exc:`TimeoutException`\n        :returns: the result of the last call to `method`\n        :raises: :exc:`selenium.common.exceptions.TimeoutException` if timeout occurs\n        \"\"\"\n        screen = None\n        stacktrace = None\n    \n        end_time = time.monotonic() + self._timeout\n        while True:\n            try:\n                value = method(self._driver)\n                if value:\n                    return value\n            except self._ignored_exceptions as exc:\n                screen = getattr(exc, \"screen\", None)\n                stacktrace = getattr(exc, \"stacktrace\", None)\n            time.sleep(self._poll)\n            if time.monotonic() > end_time:\n                break\n>       raise TimeoutException(message, screen, stacktrace)\nE       selenium.common.exceptions.TimeoutException: Message: Can't find element by locator ('xpath', '//div[@class=\"__51e19\"]')\nE       Stacktrace:\nE       #0 0x55ed432f7e33 <unknown>\nE       #1 0x55ed42fe7567 <unknown>\nE       #2 0x55ed4303227d <unknown>\nE       #3 0x55ed43032331 <unknown>\nE       #4 0x55ed43075624 <unknown>\nE       #5 0x55ed4305438d <unknown>\nE       #6 0x55ed43072ae2 <unknown>\nE       #7 0x55ed43054103 <unknown>\nE       #8 0x55ed430251ba <unknown>\nE       #9 0x55ed43025b8e <unknown>\nE       #10 0x55ed432bc59b <unknown>\nE       #11 0x55ed432c034b <unknown>\nE       #12 0x55ed432a8681 <unknown>\nE       #13 0x55ed432c0eb2 <unknown>\nE       #14 0x55ed4328d6af <unknown>\nE       #15 0x55ed432e7428 <unknown>\nE       #16 0x55ed432e7600 <unknown>\nE       #17 0x55ed432f6f84 <unknown>\nE       #18 0x7fde23494ac3 <unknown>\n\n/opt/hostedtoolcache/Python/3.12.3/x64/lib/python3.12/site-packages/selenium/webdriver/support/wait.py:95: TimeoutException",
    "steps" : [ {
      "name" : "get_statistic_data",
      "time" : {
        "start" : 1714998953328,
        "stop" : 1714998973906,
        "duration" : 20578
      },
      "status" : "broken",
      "statusMessage" : "selenium.common.exceptions.TimeoutException: Message: Can't find element by locator ('xpath', '//div[@class=\"__51e19\"]')\nStacktrace:\n#0 0x55ed432f7e33 <unknown>\n#1 0x55ed42fe7567 <unknown>\n#2 0x55ed4303227d <unknown>\n#3 0x55ed43032331 <unknown>\n#4 0x55ed43075624 <unknown>\n#5 0x55ed4305438d <unknown>\n#6 0x55ed43072ae2 <unknown>\n#7 0x55ed43054103 <unknown>\n#8 0x55ed430251ba <unknown>\n#9 0x55ed43025b8e <unknown>\n#10 0x55ed432bc59b <unknown>\n#11 0x55ed432c034b <unknown>\n#12 0x55ed432a8681 <unknown>\n#13 0x55ed432c0eb2 <unknown>\n#14 0x55ed4328d6af <unknown>\n#15 0x55ed432e7428 <unknown>\n#16 0x55ed432e7600 <unknown>\n#17 0x55ed432f6f84 <unknown>\n#18 0x7fde23494ac3 <unknown>\n\n",
      "statusTrace" : "  File \"/opt/hostedtoolcache/Python/3.12.3/x64/lib/python3.12/site-packages/allure_commons/_allure.py\", line 192, in impl\n    return func(*a, **kw)\n           ^^^^^^^^^^^^^^\n  File \"/home/runner/work/auto-tests-python/auto-tests-python/pages/speech_exercises_page_ru.py\", line 116, in get_statistic_data\n    table = self.element_is_present(self.locators.AuthorizedUserHomePageLocators.STATISTIC_TABLE)\n            ^^^^^^^^^^^^^^^^^^^^^^^^^^^^^^^^^^^^^^^^^^^^^^^^^^^^^^^^^^^^^^^^^^^^^^^^^^^^^^^^^^^^^\n  File \"/home/runner/work/auto-tests-python/auto-tests-python/pages/base_page.py\", line 55, in element_is_present\n    return Wait(self.driver, self.timeout).until(\n           ^^^^^^^^^^^^^^^^^^^^^^^^^^^^^^^^^^^^^^\n  File \"/opt/hostedtoolcache/Python/3.12.3/x64/lib/python3.12/site-packages/selenium/webdriver/support/wait.py\", line 95, in until\n    raise TimeoutException(message, screen, stacktrace)\n",
      "steps" : [ {
        "name" : "Click button \"Статистика\"\".",
        "time" : {
          "start" : 1714998953328,
          "stop" : 1714998953416,
          "duration" : 88
        },
        "status" : "passed",
        "steps" : [ {
          "name" : "Check element is visible and clickable: ('xpath', '//a[@href=\"/profile/statistics\"]')",
          "time" : {
            "start" : 1714998953329,
            "stop" : 1714998953361,
            "duration" : 32
          },
          "status" : "passed",
          "steps" : [ {
            "name" : "Check element is clickable",
            "time" : {
              "start" : 1714998953344,
              "stop" : 1714998953361,
              "duration" : 17
            },
            "status" : "passed",
            "steps" : [ {
              "name" : "Check element is clickable: ('xpath', '//a[@href=\"/profile/statistics\"]')",
              "time" : {
                "start" : 1714998953344,
                "stop" : 1714998953361,
                "duration" : 17
              },
              "status" : "passed",
              "steps" : [ ],
              "attachments" : [ ],
              "parameters" : [ ],
              "attachmentsCount" : 0,
              "shouldDisplayMessage" : false,
              "stepsCount" : 0,
              "hasContent" : false
            } ],
            "attachments" : [ ],
            "parameters" : [ {
              "name" : "locator",
              "value" : "('xpath', '//a[@href=\"/profile/statistics\"]')"
            } ],
            "attachmentsCount" : 0,
            "shouldDisplayMessage" : false,
            "stepsCount" : 1,
            "hasContent" : true
          } ],
          "attachments" : [ ],
          "parameters" : [ ],
          "attachmentsCount" : 0,
          "shouldDisplayMessage" : false,
          "stepsCount" : 2,
          "hasContent" : true
        } ],
        "attachments" : [ ],
        "parameters" : [ ],
        "attachmentsCount" : 0,
        "shouldDisplayMessage" : false,
        "stepsCount" : 3,
        "hasContent" : true
      }, {
        "name" : "Check statistic table is present and scroll to table",
        "time" : {
          "start" : 1714998953416,
          "stop" : 1714998973906,
          "duration" : 20490
        },
        "status" : "broken",
        "statusMessage" : "selenium.common.exceptions.TimeoutException: Message: Can't find element by locator ('xpath', '//div[@class=\"__51e19\"]')\nStacktrace:\n#0 0x55ed432f7e33 <unknown>\n#1 0x55ed42fe7567 <unknown>\n#2 0x55ed4303227d <unknown>\n#3 0x55ed43032331 <unknown>\n#4 0x55ed43075624 <unknown>\n#5 0x55ed4305438d <unknown>\n#6 0x55ed43072ae2 <unknown>\n#7 0x55ed43054103 <unknown>\n#8 0x55ed430251ba <unknown>\n#9 0x55ed43025b8e <unknown>\n#10 0x55ed432bc59b <unknown>\n#11 0x55ed432c034b <unknown>\n#12 0x55ed432a8681 <unknown>\n#13 0x55ed432c0eb2 <unknown>\n#14 0x55ed4328d6af <unknown>\n#15 0x55ed432e7428 <unknown>\n#16 0x55ed432e7600 <unknown>\n#17 0x55ed432f6f84 <unknown>\n#18 0x7fde23494ac3 <unknown>\n\n",
        "statusTrace" : "  File \"/home/runner/work/auto-tests-python/auto-tests-python/pages/speech_exercises_page_ru.py\", line 116, in get_statistic_data\n    table = self.element_is_present(self.locators.AuthorizedUserHomePageLocators.STATISTIC_TABLE)\n            ^^^^^^^^^^^^^^^^^^^^^^^^^^^^^^^^^^^^^^^^^^^^^^^^^^^^^^^^^^^^^^^^^^^^^^^^^^^^^^^^^^^^^\n  File \"/home/runner/work/auto-tests-python/auto-tests-python/pages/base_page.py\", line 55, in element_is_present\n    return Wait(self.driver, self.timeout).until(\n           ^^^^^^^^^^^^^^^^^^^^^^^^^^^^^^^^^^^^^^\n  File \"/opt/hostedtoolcache/Python/3.12.3/x64/lib/python3.12/site-packages/selenium/webdriver/support/wait.py\", line 95, in until\n    raise TimeoutException(message, screen, stacktrace)\n",
        "steps" : [ {
          "name" : "Check element is present: ('xpath', '//div[@class=\"__51e19\"]')",
          "time" : {
            "start" : 1714998953416,
            "stop" : 1714998973906,
            "duration" : 20490
          },
          "status" : "broken",
          "statusMessage" : "selenium.common.exceptions.TimeoutException: Message: Can't find element by locator ('xpath', '//div[@class=\"__51e19\"]')\nStacktrace:\n#0 0x55ed432f7e33 <unknown>\n#1 0x55ed42fe7567 <unknown>\n#2 0x55ed4303227d <unknown>\n#3 0x55ed43032331 <unknown>\n#4 0x55ed43075624 <unknown>\n#5 0x55ed4305438d <unknown>\n#6 0x55ed43072ae2 <unknown>\n#7 0x55ed43054103 <unknown>\n#8 0x55ed430251ba <unknown>\n#9 0x55ed43025b8e <unknown>\n#10 0x55ed432bc59b <unknown>\n#11 0x55ed432c034b <unknown>\n#12 0x55ed432a8681 <unknown>\n#13 0x55ed432c0eb2 <unknown>\n#14 0x55ed4328d6af <unknown>\n#15 0x55ed432e7428 <unknown>\n#16 0x55ed432e7600 <unknown>\n#17 0x55ed432f6f84 <unknown>\n#18 0x7fde23494ac3 <unknown>\n\n",
          "statusTrace" : "  File \"/home/runner/work/auto-tests-python/auto-tests-python/pages/base_page.py\", line 55, in element_is_present\n    return Wait(self.driver, self.timeout).until(\n           ^^^^^^^^^^^^^^^^^^^^^^^^^^^^^^^^^^^^^^\n  File \"/opt/hostedtoolcache/Python/3.12.3/x64/lib/python3.12/site-packages/selenium/webdriver/support/wait.py\", line 95, in until\n    raise TimeoutException(message, screen, stacktrace)\n",
          "steps" : [ ],
          "attachments" : [ ],
          "parameters" : [ ],
          "attachmentsCount" : 0,
          "shouldDisplayMessage" : true,
          "stepsCount" : 0,
          "hasContent" : true
        } ],
        "attachments" : [ ],
        "parameters" : [ ],
        "attachmentsCount" : 0,
        "shouldDisplayMessage" : false,
        "stepsCount" : 1,
        "hasContent" : true
      } ],
      "attachments" : [ ],
      "parameters" : [ ],
      "attachmentsCount" : 0,
      "shouldDisplayMessage" : false,
      "stepsCount" : 6,
      "hasContent" : true
    } ],
    "attachments" : [ {
      "uid" : "8c04f59f1b8b3f8d",
      "name" : "Screenshot",
      "source" : "8c04f59f1b8b3f8d.png",
      "type" : "image/png",
      "size" : 67179
    }, {
      "uid" : "71314f2313d92562",
      "name" : "HTML source",
      "source" : "71314f2313d92562.html",
      "type" : "text/html",
      "size" : 37953
    } ],
    "parameters" : [ ],
    "attachmentsCount" : 2,
    "shouldDisplayMessage" : true,
    "stepsCount" : 7,
    "hasContent" : true
  },
  "afterStages" : [ {
    "name" : "driver::0",
    "time" : {
      "start" : 1714998974051,
      "stop" : 1714998974226,
      "duration" : 175
    },
    "status" : "passed",
    "steps" : [ ],
    "attachments" : [ {
      "uid" : "b3f8a99cb4d8fffc",
      "name" : "Screenshot 2024-05-06 12:36:14.164689",
      "source" : "b3f8a99cb4d8fffc.png",
      "type" : "image/png",
      "size" : 67179
    } ],
    "parameters" : [ ],
    "attachmentsCount" : 1,
    "shouldDisplayMessage" : false,
    "stepsCount" : 0,
    "hasContent" : true
  } ],
  "labels" : [ {
    "name" : "epic",
    "value" : "Речевые упражнения."
  }, {
    "name" : "suite",
    "value" : "Statistic."
  }, {
    "name" : "tag",
    "value" : "@pytest.mark.xfail"
  }, {
    "name" : "parentSuite",
    "value" : "tests"
  }, {
    "name" : "subSuite",
    "value" : "TestCardsRU"
  }, {
    "name" : "host",
    "value" : "fv-az1247-770"
  }, {
    "name" : "thread",
    "value" : "1817-MainThread"
  }, {
    "name" : "framework",
    "value" : "pytest"
  }, {
    "name" : "language",
    "value" : "cpython3"
  }, {
    "name" : "package",
    "value" : "tests.test_speech_exercises_ru"
  }, {
    "name" : "resultFormat",
    "value" : "allure2"
  } ],
  "parameters" : [ ],
  "links" : [ ],
  "hidden" : false,
  "retry" : false,
  "extra" : {
    "severity" : "normal",
    "retries" : [ ],
    "categories" : [ ],
    "history" : {
      "statistic" : {
        "failed" : 0,
        "broken" : 13,
        "skipped" : 14,
        "passed" : 205,
        "unknown" : 0,
        "total" : 232
      },
      "items" : [ {
        "uid" : "ce8336c37db72226",
        "status" : "passed",
        "statusDetails" : "XPASS",
        "time" : {
          "start" : 1714996753466,
          "stop" : 1714996755826,
          "duration" : 2360
        }
      }, {
        "uid" : "90d4aad38cba86e6",
        "status" : "passed",
        "statusDetails" : "XPASS",
        "time" : {
          "start" : 1714900434283,
          "stop" : 1714900436626,
          "duration" : 2343
        }
      }, {
        "uid" : "5b43a304e963f726",
        "status" : "passed",
        "statusDetails" : "XPASS",
        "time" : {
          "start" : 1714898327461,
          "stop" : 1714898329830,
          "duration" : 2369
        }
      }, {
        "uid" : "f90d17507c553421",
        "status" : "passed",
        "statusDetails" : "XPASS",
        "time" : {
          "start" : 1714819416856,
          "stop" : 1714819419246,
          "duration" : 2390
        }
      }, {
        "uid" : "652fc753be84f766",
        "status" : "skipped",
        "statusDetails" : "XFAIL\n\nselenium.common.exceptions.TimeoutException: Message: Can't find element by locator ('xpath', '//div[@class=\"__51e19\"]')\nStacktrace:\n#0 0x564d58a91e33 <unknown>\n#1 0x564d58781567 <unknown>\n#2 0x564d587cc27d <unknown>\n#3 0x564d587cc331 <unknown>\n#4 0x564d5880f624 <unknown>\n#5 0x564d587ee38d <unknown>\n#6 0x564d5880cae2 <unknown>\n#7 0x564d587ee103 <unknown>\n#8 0x564d587bf1ba <unknown>\n#9 0x564d587bfb8e <unknown>\n#10 0x564d58a5659b <unknown>\n#11 0x564d58a5a34b <unknown>\n#12 0x564d58a42681 <unknown>\n#13 0x564d58a5aeb2 <unknown>\n#14 0x564d58a276af <unknown>\n#15 0x564d58a81428 <unknown>\n#16 0x564d58a81600 <unknown>\n#17 0x564d58a90f84 <unknown>\n#18 0x7fefda894ac3 <unknown>",
        "time" : {
          "start" : 1714817922636,
          "stop" : 1714817943186,
          "duration" : 20550
        }
      }, {
        "uid" : "cdb820dd00ca53c3",
        "status" : "passed",
        "statusDetails" : "XPASS",
        "time" : {
          "start" : 1714733205502,
          "stop" : 1714733208365,
          "duration" : 2863
        }
      }, {
        "uid" : "86e83fd7531f3328",
        "status" : "passed",
        "statusDetails" : "XPASS",
        "time" : {
          "start" : 1714731156926,
          "stop" : 1714731159805,
          "duration" : 2879
        }
      }, {
        "uid" : "66d157528506256c",
        "status" : "skipped",
        "statusDetails" : "XFAIL\n\nselenium.common.exceptions.TimeoutException: Message: Can't find element by locator ('xpath', '//div[@class=\"__51e19\"]')\nStacktrace:\n#0 0x558719269e33 <unknown>\n#1 0x558718f59567 <unknown>\n#2 0x558718fa427d <unknown>\n#3 0x558718fa4331 <unknown>\n#4 0x558718fe7624 <unknown>\n#5 0x558718fc638d <unknown>\n#6 0x558718fe4ae2 <unknown>\n#7 0x558718fc6103 <unknown>\n#8 0x558718f971ba <unknown>\n#9 0x558718f97b8e <unknown>\n#10 0x55871922e59b <unknown>\n#11 0x55871923234b <unknown>\n#12 0x55871921a681 <unknown>\n#13 0x558719232eb2 <unknown>\n#14 0x5587191ff6af <unknown>\n#15 0x558719259428 <unknown>\n#16 0x558719259600 <unknown>\n#17 0x558719268f84 <unknown>\n#18 0x7f4bec094ac3 <unknown>",
        "time" : {
          "start" : 1714642166520,
          "stop" : 1714642187103,
          "duration" : 20583
        }
      }, {
        "uid" : "dd150f3ffd810ae7",
        "status" : "skipped",
        "statusDetails" : "XFAIL\n\nselenium.common.exceptions.TimeoutException: Message: Can't find element by locator ('xpath', '//div[@class=\"__51e19\"]')\nStacktrace:\n#0 0x557554382e33 <unknown>\n#1 0x557554072567 <unknown>\n#2 0x5575540bd27d <unknown>\n#3 0x5575540bd331 <unknown>\n#4 0x557554100624 <unknown>\n#5 0x5575540df38d <unknown>\n#6 0x5575540fdae2 <unknown>\n#7 0x5575540df103 <unknown>\n#8 0x5575540b01ba <unknown>\n#9 0x5575540b0b8e <unknown>\n#10 0x55755434759b <unknown>\n#11 0x55755434b34b <unknown>\n#12 0x557554333681 <unknown>\n#13 0x55755434beb2 <unknown>\n#14 0x5575543186af <unknown>\n#15 0x557554372428 <unknown>\n#16 0x557554372600 <unknown>\n#17 0x557554381f84 <unknown>\n#18 0x7f1417294ac3 <unknown>",
        "time" : {
          "start" : 1714640045195,
          "stop" : 1714640065762,
          "duration" : 20567
        }
      }, {
        "uid" : "bfc7bbe742c8b77a",
        "status" : "passed",
        "statusDetails" : "XPASS",
        "time" : {
          "start" : 1714561640124,
          "stop" : 1714561643002,
          "duration" : 2878
        }
      }, {
        "uid" : "65db8b219bb9a816",
        "status" : "passed",
        "statusDetails" : "XPASS",
        "time" : {
          "start" : 1714559015253,
          "stop" : 1714559018116,
          "duration" : 2863
        }
      }, {
        "uid" : "fb12d9dafa522f28",
        "status" : "passed",
        "statusDetails" : "XPASS",
        "time" : {
          "start" : 1714467961248,
          "stop" : 1714467966187,
          "duration" : 4939
        }
      }, {
        "uid" : "ceaf2969d529fa51",
        "status" : "passed",
        "statusDetails" : "XPASS",
        "time" : {
          "start" : 1714465574895,
          "stop" : 1714465577758,
          "duration" : 2863
        }
      }, {
        "uid" : "11ac6721be93caea",
        "status" : "passed",
        "statusDetails" : "XPASS",
        "time" : {
          "start" : 1714388216184,
          "stop" : 1714388218182,
          "duration" : 1998
        }
      }, {
        "uid" : "c81464112c949bfb",
        "status" : "passed",
        "statusDetails" : "XPASS",
        "time" : {
          "start" : 1714386750997,
          "stop" : 1714386754525,
          "duration" : 3528
        }
      }, {
        "uid" : "4f13eadf61cd24c4",
        "status" : "passed",
        "statusDetails" : "XPASS",
        "time" : {
          "start" : 1714296132867,
          "stop" : 1714296134694,
          "duration" : 1827
        }
      }, {
        "uid" : "4bb221396cb5bdda",
        "status" : "passed",
        "statusDetails" : "XPASS",
        "time" : {
          "start" : 1714292244816,
          "stop" : 1714292247309,
          "duration" : 2493
        }
      }, {
        "uid" : "7211062da00765b8",
        "status" : "passed",
        "statusDetails" : "XPASS",
        "time" : {
          "start" : 1714212688387,
          "stop" : 1714212690828,
          "duration" : 2441
        }
      }, {
        "uid" : "5eb7eb2723dacc89",
        "status" : "passed",
        "statusDetails" : "XPASS",
        "time" : {
          "start" : 1714211441588,
          "stop" : 1714211443559,
          "duration" : 1971
        }
      }, {
        "uid" : "5c0ae2744c86255a",
        "status" : "passed",
        "statusDetails" : "XPASS",
        "time" : {
          "start" : 1714126786828,
          "stop" : 1714126789764,
          "duration" : 2936
        }
      } ]
    },
    "tags" : [ "@pytest.mark.xfail" ]
  },
  "source" : "f5eb149cf4cef6be.json",
  "parameterValues" : [ ]
}