{
  "uid" : "fb17560606fd7c06",
  "name" : "Change the password by receiving an email link",
  "fullName" : "tests.profile_page_test.TestProfilePage#test_change_password",
  "historyId" : "9957e716460bffae2f2d96bf28fa1581",
  "time" : {
    "start" : 1705764819230,
    "stop" : 1705764839915,
    "duration" : 20685
  },
  "status" : "broken",
  "statusMessage" : "selenium.common.exceptions.TimeoutException: Message: Can't find element by locator ('xpath', '//a[@href=\"/profile\"]')\nStacktrace:\n#0 0x55b4057abf83 <unknown>\n#1 0x55b405464cf7 <unknown>\n#2 0x55b4054b499e <unknown>\n#3 0x55b4054b4aa1 <unknown>\n#4 0x55b4054ffd64 <unknown>\n#5 0x55b4054de0dd <unknown>\n#6 0x55b4054fd006 <unknown>\n#7 0x55b4054dde53 <unknown>\n#8 0x55b4054a5dd4 <unknown>\n#9 0x55b4054a71de <unknown>\n#10 0x55b405770531 <unknown>\n#11 0x55b405774455 <unknown>\n#12 0x55b40575cf55 <unknown>\n#13 0x55b4057750ef <unknown>\n#14 0x55b40574099f <unknown>\n#15 0x55b405799008 <unknown>\n#16 0x55b4057991d7 <unknown>\n#17 0x55b4057ab124 <unknown>\n#18 0x7f0e87e94ac3 <unknown>",
  "statusTrace" : "self = <tests.profile_page_test.TestProfilePage object at 0x7fa107e20d70>\ndriver = <selenium.webdriver.chrome.webdriver.WebDriver (session=\"4bd4909c3c694e1fc7570299f0790c5e\")>\nmain_page_open = None\n\n    @allure.title(\"Change the password by receiving an email link\")\n    def test_change_password(self, driver, main_page_open):\n        page = ProfilePage(driver)\n        page.open_login_page()\n        page.user_has_authorised()\n>       page.go_to_profile_page()\n\ntests/profile_page_test.py:15: \n_ _ _ _ _ _ _ _ _ _ _ _ _ _ _ _ _ _ _ _ _ _ _ _ _ _ _ _ _ _ _ _ _ _ _ _ _ _ _ _ \npages/profile_page.py:47: in go_to_profile_page\n    self.element_is_present_and_clickable(AuthorizedUserHomePageLocators.PROFILE_USER).click()\npages/base_page.py:30: in element_is_present_and_clickable\n    return (Wait(self.driver, self.timeout).until(ec.visibility_of_element_located(locator),\n_ _ _ _ _ _ _ _ _ _ _ _ _ _ _ _ _ _ _ _ _ _ _ _ _ _ _ _ _ _ _ _ _ _ _ _ _ _ _ _ \n\nself = <selenium.webdriver.support.wait.WebDriverWait (session=\"4bd4909c3c694e1fc7570299f0790c5e\")>\nmethod = <function visibility_of_element_located.<locals>._predicate at 0x7fa107b62160>\nmessage = 'Can\\'t find element by locator (\\'xpath\\', \\'//a[@href=\"/profile\"]\\')'\n\n    def until(self, method, message: str = \"\"):\n        \"\"\"Calls the method provided with the driver as an argument until the \\\n        return value does not evaluate to ``False``.\n    \n        :param method: callable(WebDriver)\n        :param message: optional message for :exc:`TimeoutException`\n        :returns: the result of the last call to `method`\n        :raises: :exc:`selenium.common.exceptions.TimeoutException` if timeout occurs\n        \"\"\"\n        screen = None\n        stacktrace = None\n    \n        end_time = time.monotonic() + self._timeout\n        while True:\n            try:\n                value = method(self._driver)\n                if value:\n                    return value\n            except self._ignored_exceptions as exc:\n                screen = getattr(exc, \"screen\", None)\n                stacktrace = getattr(exc, \"stacktrace\", None)\n            time.sleep(self._poll)\n            if time.monotonic() > end_time:\n                break\n>       raise TimeoutException(message, screen, stacktrace)\nE       selenium.common.exceptions.TimeoutException: Message: Can't find element by locator ('xpath', '//a[@href=\"/profile\"]')\nE       Stacktrace:\nE       #0 0x55b4057abf83 <unknown>\nE       #1 0x55b405464cf7 <unknown>\nE       #2 0x55b4054b499e <unknown>\nE       #3 0x55b4054b4aa1 <unknown>\nE       #4 0x55b4054ffd64 <unknown>\nE       #5 0x55b4054de0dd <unknown>\nE       #6 0x55b4054fd006 <unknown>\nE       #7 0x55b4054dde53 <unknown>\nE       #8 0x55b4054a5dd4 <unknown>\nE       #9 0x55b4054a71de <unknown>\nE       #10 0x55b405770531 <unknown>\nE       #11 0x55b405774455 <unknown>\nE       #12 0x55b40575cf55 <unknown>\nE       #13 0x55b4057750ef <unknown>\nE       #14 0x55b40574099f <unknown>\nE       #15 0x55b405799008 <unknown>\nE       #16 0x55b4057991d7 <unknown>\nE       #17 0x55b4057ab124 <unknown>\nE       #18 0x7f0e87e94ac3 <unknown>\n\n/opt/hostedtoolcache/Python/3.12.1/x64/lib/python3.12/site-packages/selenium/webdriver/support/wait.py:95: TimeoutException",
  "flaky" : false,
  "newFailed" : false,
  "beforeStages" : [ {
    "name" : "driver",
    "time" : {
      "start" : 1705764815773,
      "stop" : 1705764816538,
      "duration" : 765
    },
    "status" : "passed",
    "steps" : [ ],
    "attachments" : [ ],
    "parameters" : [ ],
    "attachmentsCount" : 0,
    "shouldDisplayMessage" : false,
    "stepsCount" : 0,
    "hasContent" : false
  }, {
    "name" : "clear_allure_results_folder",
    "time" : {
      "start" : 1705764652508,
      "stop" : 1705764652508,
      "duration" : 0
    },
    "status" : "passed",
    "steps" : [ ],
    "attachments" : [ ],
    "parameters" : [ ],
    "attachmentsCount" : 0,
    "shouldDisplayMessage" : false,
    "stepsCount" : 0,
    "hasContent" : false
  }, {
    "name" : "main_page_open",
    "time" : {
      "start" : 1705764816539,
      "stop" : 1705764819230,
      "duration" : 2691
    },
    "status" : "passed",
    "steps" : [ {
      "name" : "Open page: https://brainup.site/",
      "time" : {
        "start" : 1705764816539,
        "stop" : 1705764819230,
        "duration" : 2691
      },
      "status" : "passed",
      "steps" : [ ],
      "attachments" : [ ],
      "parameters" : [ {
        "name" : "driver",
        "value" : "<selenium.webdriver.chrome.webdriver.WebDriver (session=\"4bd4909c3c694e1fc7570299f0790c5e\")>"
      } ],
      "attachmentsCount" : 0,
      "shouldDisplayMessage" : false,
      "stepsCount" : 0,
      "hasContent" : true
    } ],
    "attachments" : [ ],
    "parameters" : [ ],
    "attachmentsCount" : 0,
    "shouldDisplayMessage" : false,
    "stepsCount" : 1,
    "hasContent" : true
  } ],
  "testStage" : {
    "status" : "broken",
    "statusMessage" : "selenium.common.exceptions.TimeoutException: Message: Can't find element by locator ('xpath', '//a[@href=\"/profile\"]')\nStacktrace:\n#0 0x55b4057abf83 <unknown>\n#1 0x55b405464cf7 <unknown>\n#2 0x55b4054b499e <unknown>\n#3 0x55b4054b4aa1 <unknown>\n#4 0x55b4054ffd64 <unknown>\n#5 0x55b4054de0dd <unknown>\n#6 0x55b4054fd006 <unknown>\n#7 0x55b4054dde53 <unknown>\n#8 0x55b4054a5dd4 <unknown>\n#9 0x55b4054a71de <unknown>\n#10 0x55b405770531 <unknown>\n#11 0x55b405774455 <unknown>\n#12 0x55b40575cf55 <unknown>\n#13 0x55b4057750ef <unknown>\n#14 0x55b40574099f <unknown>\n#15 0x55b405799008 <unknown>\n#16 0x55b4057991d7 <unknown>\n#17 0x55b4057ab124 <unknown>\n#18 0x7f0e87e94ac3 <unknown>",
    "statusTrace" : "self = <tests.profile_page_test.TestProfilePage object at 0x7fa107e20d70>\ndriver = <selenium.webdriver.chrome.webdriver.WebDriver (session=\"4bd4909c3c694e1fc7570299f0790c5e\")>\nmain_page_open = None\n\n    @allure.title(\"Change the password by receiving an email link\")\n    def test_change_password(self, driver, main_page_open):\n        page = ProfilePage(driver)\n        page.open_login_page()\n        page.user_has_authorised()\n>       page.go_to_profile_page()\n\ntests/profile_page_test.py:15: \n_ _ _ _ _ _ _ _ _ _ _ _ _ _ _ _ _ _ _ _ _ _ _ _ _ _ _ _ _ _ _ _ _ _ _ _ _ _ _ _ \npages/profile_page.py:47: in go_to_profile_page\n    self.element_is_present_and_clickable(AuthorizedUserHomePageLocators.PROFILE_USER).click()\npages/base_page.py:30: in element_is_present_and_clickable\n    return (Wait(self.driver, self.timeout).until(ec.visibility_of_element_located(locator),\n_ _ _ _ _ _ _ _ _ _ _ _ _ _ _ _ _ _ _ _ _ _ _ _ _ _ _ _ _ _ _ _ _ _ _ _ _ _ _ _ \n\nself = <selenium.webdriver.support.wait.WebDriverWait (session=\"4bd4909c3c694e1fc7570299f0790c5e\")>\nmethod = <function visibility_of_element_located.<locals>._predicate at 0x7fa107b62160>\nmessage = 'Can\\'t find element by locator (\\'xpath\\', \\'//a[@href=\"/profile\"]\\')'\n\n    def until(self, method, message: str = \"\"):\n        \"\"\"Calls the method provided with the driver as an argument until the \\\n        return value does not evaluate to ``False``.\n    \n        :param method: callable(WebDriver)\n        :param message: optional message for :exc:`TimeoutException`\n        :returns: the result of the last call to `method`\n        :raises: :exc:`selenium.common.exceptions.TimeoutException` if timeout occurs\n        \"\"\"\n        screen = None\n        stacktrace = None\n    \n        end_time = time.monotonic() + self._timeout\n        while True:\n            try:\n                value = method(self._driver)\n                if value:\n                    return value\n            except self._ignored_exceptions as exc:\n                screen = getattr(exc, \"screen\", None)\n                stacktrace = getattr(exc, \"stacktrace\", None)\n            time.sleep(self._poll)\n            if time.monotonic() > end_time:\n                break\n>       raise TimeoutException(message, screen, stacktrace)\nE       selenium.common.exceptions.TimeoutException: Message: Can't find element by locator ('xpath', '//a[@href=\"/profile\"]')\nE       Stacktrace:\nE       #0 0x55b4057abf83 <unknown>\nE       #1 0x55b405464cf7 <unknown>\nE       #2 0x55b4054b499e <unknown>\nE       #3 0x55b4054b4aa1 <unknown>\nE       #4 0x55b4054ffd64 <unknown>\nE       #5 0x55b4054de0dd <unknown>\nE       #6 0x55b4054fd006 <unknown>\nE       #7 0x55b4054dde53 <unknown>\nE       #8 0x55b4054a5dd4 <unknown>\nE       #9 0x55b4054a71de <unknown>\nE       #10 0x55b405770531 <unknown>\nE       #11 0x55b405774455 <unknown>\nE       #12 0x55b40575cf55 <unknown>\nE       #13 0x55b4057750ef <unknown>\nE       #14 0x55b40574099f <unknown>\nE       #15 0x55b405799008 <unknown>\nE       #16 0x55b4057991d7 <unknown>\nE       #17 0x55b4057ab124 <unknown>\nE       #18 0x7f0e87e94ac3 <unknown>\n\n/opt/hostedtoolcache/Python/3.12.1/x64/lib/python3.12/site-packages/selenium/webdriver/support/wait.py:95: TimeoutException",
    "steps" : [ {
      "name" : "Open login page",
      "time" : {
        "start" : 1705764819230,
        "stop" : 1705764819331,
        "duration" : 101
      },
      "status" : "passed",
      "steps" : [ {
        "name" : "Check element is visible and clickable: ('xpath', '//a[@id=\"ember11\"]')",
        "time" : {
          "start" : 1705764819230,
          "stop" : 1705764819271,
          "duration" : 41
        },
        "status" : "passed",
        "steps" : [ {
          "name" : "Check element is clickable",
          "time" : {
            "start" : 1705764819250,
            "stop" : 1705764819271,
            "duration" : 21
          },
          "status" : "passed",
          "steps" : [ {
            "name" : "Check element is clickable: ('xpath', '//a[@id=\"ember11\"]')",
            "time" : {
              "start" : 1705764819250,
              "stop" : 1705764819271,
              "duration" : 21
            },
            "status" : "passed",
            "steps" : [ ],
            "attachments" : [ ],
            "parameters" : [ ],
            "attachmentsCount" : 0,
            "shouldDisplayMessage" : false,
            "stepsCount" : 0,
            "hasContent" : false
          } ],
          "attachments" : [ ],
          "parameters" : [ {
            "name" : "locator",
            "value" : "('xpath', '//a[@id=\"ember11\"]')"
          } ],
          "attachmentsCount" : 0,
          "shouldDisplayMessage" : false,
          "stepsCount" : 1,
          "hasContent" : true
        } ],
        "attachments" : [ ],
        "parameters" : [ ],
        "attachmentsCount" : 0,
        "shouldDisplayMessage" : false,
        "stepsCount" : 2,
        "hasContent" : true
      } ],
      "attachments" : [ ],
      "parameters" : [ ],
      "attachmentsCount" : 0,
      "shouldDisplayMessage" : false,
      "stepsCount" : 3,
      "hasContent" : true
    }, {
      "name" : "The user has authorised",
      "time" : {
        "start" : 1705764819331,
        "stop" : 1705764819576,
        "duration" : 245
      },
      "status" : "passed",
      "steps" : [ {
        "name" : "Check element is visible: ('xpath', '//input[@id=\"login\"]')",
        "time" : {
          "start" : 1705764819331,
          "stop" : 1705764819366,
          "duration" : 35
        },
        "status" : "passed",
        "steps" : [ {
          "name" : "Check element is present: ('xpath', '//input[@id=\"login\"]')",
          "time" : {
            "start" : 1705764819331,
            "stop" : 1705764819348,
            "duration" : 17
          },
          "status" : "passed",
          "steps" : [ ],
          "attachments" : [ ],
          "parameters" : [ ],
          "attachmentsCount" : 0,
          "shouldDisplayMessage" : false,
          "stepsCount" : 0,
          "hasContent" : false
        }, {
          "name" : "Go to element: <selenium.webdriver.remote.webelement.WebElement (session=\"4bd4909c3c694e1fc7570299f0790c5e\", element=\"89611B9AD9CAAF746A35E1C057B5E5F1_element_23\")>",
          "time" : {
            "start" : 1705764819348,
            "stop" : 1705764819353,
            "duration" : 5
          },
          "status" : "passed",
          "steps" : [ ],
          "attachments" : [ ],
          "parameters" : [ ],
          "attachmentsCount" : 0,
          "shouldDisplayMessage" : false,
          "stepsCount" : 0,
          "hasContent" : false
        } ],
        "attachments" : [ ],
        "parameters" : [ ],
        "attachmentsCount" : 0,
        "shouldDisplayMessage" : false,
        "stepsCount" : 2,
        "hasContent" : true
      }, {
        "name" : "Check element is visible: ('xpath', '//input[@id=\"password\"]')",
        "time" : {
          "start" : 1705764819423,
          "stop" : 1705764819447,
          "duration" : 24
        },
        "status" : "passed",
        "steps" : [ {
          "name" : "Check element is present: ('xpath', '//input[@id=\"password\"]')",
          "time" : {
            "start" : 1705764819423,
            "stop" : 1705764819431,
            "duration" : 8
          },
          "status" : "passed",
          "steps" : [ ],
          "attachments" : [ ],
          "parameters" : [ ],
          "attachmentsCount" : 0,
          "shouldDisplayMessage" : false,
          "stepsCount" : 0,
          "hasContent" : false
        }, {
          "name" : "Go to element: <selenium.webdriver.remote.webelement.WebElement (session=\"4bd4909c3c694e1fc7570299f0790c5e\", element=\"89611B9AD9CAAF746A35E1C057B5E5F1_element_26\")>",
          "time" : {
            "start" : 1705764819431,
            "stop" : 1705764819435,
            "duration" : 4
          },
          "status" : "passed",
          "steps" : [ ],
          "attachments" : [ ],
          "parameters" : [ ],
          "attachmentsCount" : 0,
          "shouldDisplayMessage" : false,
          "stepsCount" : 0,
          "hasContent" : false
        } ],
        "attachments" : [ ],
        "parameters" : [ ],
        "attachmentsCount" : 0,
        "shouldDisplayMessage" : false,
        "stepsCount" : 2,
        "hasContent" : true
      }, {
        "name" : "Check element is visible and clickable: ('xpath', '//*[@type=\"submit\"]')",
        "time" : {
          "start" : 1705764819487,
          "stop" : 1705764819524,
          "duration" : 37
        },
        "status" : "passed",
        "steps" : [ {
          "name" : "Check element is clickable",
          "time" : {
            "start" : 1705764819501,
            "stop" : 1705764819524,
            "duration" : 23
          },
          "status" : "passed",
          "steps" : [ {
            "name" : "Check element is clickable: ('xpath', '//*[@type=\"submit\"]')",
            "time" : {
              "start" : 1705764819501,
              "stop" : 1705764819523,
              "duration" : 22
            },
            "status" : "passed",
            "steps" : [ ],
            "attachments" : [ ],
            "parameters" : [ ],
            "attachmentsCount" : 0,
            "shouldDisplayMessage" : false,
            "stepsCount" : 0,
            "hasContent" : false
          } ],
          "attachments" : [ ],
          "parameters" : [ {
            "name" : "locator",
            "value" : "('xpath', '//*[@type=\"submit\"]')"
          } ],
          "attachmentsCount" : 0,
          "shouldDisplayMessage" : false,
          "stepsCount" : 1,
          "hasContent" : true
        } ],
        "attachments" : [ ],
        "parameters" : [ ],
        "attachmentsCount" : 0,
        "shouldDisplayMessage" : false,
        "stepsCount" : 2,
        "hasContent" : true
      }, {
        "name" : "Wait until url: https://brainup.site/profile will be changed.",
        "time" : {
          "start" : 1705764819563,
          "stop" : 1705764819576,
          "duration" : 13
        },
        "status" : "passed",
        "steps" : [ ],
        "attachments" : [ ],
        "parameters" : [ ],
        "attachmentsCount" : 0,
        "shouldDisplayMessage" : false,
        "stepsCount" : 0,
        "hasContent" : false
      } ],
      "attachments" : [ ],
      "parameters" : [ ],
      "attachmentsCount" : 0,
      "shouldDisplayMessage" : false,
      "stepsCount" : 10,
      "hasContent" : true
    }, {
      "name" : "Go to the Profile page",
      "time" : {
        "start" : 1705764819576,
        "stop" : 1705764839914,
        "duration" : 20338
      },
      "status" : "broken",
      "statusMessage" : "selenium.common.exceptions.TimeoutException: Message: Can't find element by locator ('xpath', '//a[@href=\"/profile\"]')\nStacktrace:\n#0 0x55b4057abf83 <unknown>\n#1 0x55b405464cf7 <unknown>\n#2 0x55b4054b499e <unknown>\n#3 0x55b4054b4aa1 <unknown>\n#4 0x55b4054ffd64 <unknown>\n#5 0x55b4054de0dd <unknown>\n#6 0x55b4054fd006 <unknown>\n#7 0x55b4054dde53 <unknown>\n#8 0x55b4054a5dd4 <unknown>\n#9 0x55b4054a71de <unknown>\n#10 0x55b405770531 <unknown>\n#11 0x55b405774455 <unknown>\n#12 0x55b40575cf55 <unknown>\n#13 0x55b4057750ef <unknown>\n#14 0x55b40574099f <unknown>\n#15 0x55b405799008 <unknown>\n#16 0x55b4057991d7 <unknown>\n#17 0x55b4057ab124 <unknown>\n#18 0x7f0e87e94ac3 <unknown>\n\n",
      "statusTrace" : "  File \"/opt/hostedtoolcache/Python/3.12.1/x64/lib/python3.12/site-packages/allure_commons/_allure.py\", line 192, in impl\n    return func(*a, **kw)\n           ^^^^^^^^^^^^^^\n  File \"/home/runner/work/auto-tests-python/auto-tests-python/pages/profile_page.py\", line 47, in go_to_profile_page\n    self.element_is_present_and_clickable(AuthorizedUserHomePageLocators.PROFILE_USER).click()\n    ^^^^^^^^^^^^^^^^^^^^^^^^^^^^^^^^^^^^^^^^^^^^^^^^^^^^^^^^^^^^^^^^^^^^^^^^^^^^^^^^^^\n  File \"/home/runner/work/auto-tests-python/auto-tests-python/pages/base_page.py\", line 30, in element_is_present_and_clickable\n    return (Wait(self.driver, self.timeout).until(ec.visibility_of_element_located(locator),\n            ^^^^^^^^^^^^^^^^^^^^^^^^^^^^^^^^^^^^^^^^^^^^^^^^^^^^^^^^^^^^^^^^^^^^^^^^^^^^^^^^\n  File \"/opt/hostedtoolcache/Python/3.12.1/x64/lib/python3.12/site-packages/selenium/webdriver/support/wait.py\", line 95, in until\n    raise TimeoutException(message, screen, stacktrace)\n",
      "steps" : [ {
        "name" : "Check element is visible and clickable: ('xpath', '//a[@href=\"/profile\"]')",
        "time" : {
          "start" : 1705764819576,
          "stop" : 1705764839913,
          "duration" : 20337
        },
        "status" : "broken",
        "statusMessage" : "selenium.common.exceptions.TimeoutException: Message: Can't find element by locator ('xpath', '//a[@href=\"/profile\"]')\nStacktrace:\n#0 0x55b4057abf83 <unknown>\n#1 0x55b405464cf7 <unknown>\n#2 0x55b4054b499e <unknown>\n#3 0x55b4054b4aa1 <unknown>\n#4 0x55b4054ffd64 <unknown>\n#5 0x55b4054de0dd <unknown>\n#6 0x55b4054fd006 <unknown>\n#7 0x55b4054dde53 <unknown>\n#8 0x55b4054a5dd4 <unknown>\n#9 0x55b4054a71de <unknown>\n#10 0x55b405770531 <unknown>\n#11 0x55b405774455 <unknown>\n#12 0x55b40575cf55 <unknown>\n#13 0x55b4057750ef <unknown>\n#14 0x55b40574099f <unknown>\n#15 0x55b405799008 <unknown>\n#16 0x55b4057991d7 <unknown>\n#17 0x55b4057ab124 <unknown>\n#18 0x7f0e87e94ac3 <unknown>\n\n",
        "statusTrace" : "  File \"/home/runner/work/auto-tests-python/auto-tests-python/pages/base_page.py\", line 30, in element_is_present_and_clickable\n    return (Wait(self.driver, self.timeout).until(ec.visibility_of_element_located(locator),\n            ^^^^^^^^^^^^^^^^^^^^^^^^^^^^^^^^^^^^^^^^^^^^^^^^^^^^^^^^^^^^^^^^^^^^^^^^^^^^^^^^\n  File \"/opt/hostedtoolcache/Python/3.12.1/x64/lib/python3.12/site-packages/selenium/webdriver/support/wait.py\", line 95, in until\n    raise TimeoutException(message, screen, stacktrace)\n",
        "steps" : [ ],
        "attachments" : [ ],
        "parameters" : [ ],
        "attachmentsCount" : 0,
        "shouldDisplayMessage" : true,
        "stepsCount" : 0,
        "hasContent" : true
      } ],
      "attachments" : [ ],
      "parameters" : [ ],
      "attachmentsCount" : 0,
      "shouldDisplayMessage" : false,
      "stepsCount" : 1,
      "hasContent" : true
    } ],
    "attachments" : [ {
      "uid" : "8c1d564af00ea1ee",
      "name" : "Screenshot",
      "source" : "8c1d564af00ea1ee.png",
      "type" : "image/png",
      "size" : 60789
    }, {
      "uid" : "6934c23a50bfa633",
      "name" : "HTML source",
      "source" : "6934c23a50bfa633.html",
      "type" : "text/html",
      "size" : 28022
    } ],
    "parameters" : [ ],
    "attachmentsCount" : 2,
    "shouldDisplayMessage" : true,
    "stepsCount" : 17,
    "hasContent" : true
  },
  "afterStages" : [ {
    "name" : "driver::0",
    "time" : {
      "start" : 1705764840077,
      "stop" : 1705764840255,
      "duration" : 178
    },
    "status" : "passed",
    "steps" : [ ],
    "attachments" : [ {
      "uid" : "7acd1524a2bee4bb",
      "name" : "Screenshot 2024-01-20 15:34:00.197099",
      "source" : "7acd1524a2bee4bb.png",
      "type" : "image/png",
      "size" : 60789
    } ],
    "parameters" : [ ],
    "attachmentsCount" : 1,
    "shouldDisplayMessage" : false,
    "stepsCount" : 0,
    "hasContent" : true
  } ],
  "labels" : [ {
    "name" : "epic",
    "value" : "Test Profile Page"
  }, {
    "name" : "parentSuite",
    "value" : "tests"
  }, {
    "name" : "suite",
    "value" : "profile_page_test"
  }, {
    "name" : "subSuite",
    "value" : "TestProfilePage"
  }, {
    "name" : "host",
    "value" : "fv-az985-723"
  }, {
    "name" : "thread",
    "value" : "1841-MainThread"
  }, {
    "name" : "framework",
    "value" : "pytest"
  }, {
    "name" : "language",
    "value" : "cpython3"
  }, {
    "name" : "package",
    "value" : "tests.profile_page_test"
  }, {
    "name" : "resultFormat",
    "value" : "allure2"
  } ],
  "parameters" : [ ],
  "links" : [ ],
  "hidden" : false,
  "retry" : false,
  "extra" : {
    "severity" : "normal",
    "retries" : [ ],
    "categories" : [ {
      "name" : "Test defects",
      "matchedStatuses" : [ ],
      "flaky" : false
    } ],
    "history" : {
      "statistic" : {
        "failed" : 0,
        "broken" : 1,
        "skipped" : 0,
        "passed" : 86,
        "unknown" : 0,
        "total" : 87
      },
      "items" : [ {
        "uid" : "57d636142f30906d",
        "status" : "passed",
        "time" : {
          "start" : 1705760143994,
          "stop" : 1705760154693,
          "duration" : 10699
        }
      }, {
        "uid" : "325ca2f32e4b8e10",
        "status" : "passed",
        "time" : {
          "start" : 1705759195666,
          "stop" : 1705759206565,
          "duration" : 10899
        }
      }, {
        "uid" : "5c95ecebb28b9a1f",
        "status" : "passed",
        "time" : {
          "start" : 1705653323620,
          "stop" : 1705653334190,
          "duration" : 10570
        }
      }, {
        "uid" : "698b96c571a3231f",
        "status" : "passed",
        "time" : {
          "start" : 1705652373972,
          "stop" : 1705652383792,
          "duration" : 9820
        }
      }, {
        "uid" : "bc08c775f86aad78",
        "status" : "passed",
        "time" : {
          "start" : 1705651541304,
          "stop" : 1705651551132,
          "duration" : 9828
        }
      }, {
        "uid" : "1285357ce1e53b7a",
        "status" : "passed",
        "time" : {
          "start" : 1705650864640,
          "stop" : 1705650876198,
          "duration" : 11558
        }
      }, {
        "uid" : "66ae1b57d8617810",
        "status" : "passed",
        "time" : {
          "start" : 1705609912564,
          "stop" : 1705609922649,
          "duration" : 10085
        }
      }, {
        "uid" : "55b79d6bc1ff49b8",
        "status" : "passed",
        "time" : {
          "start" : 1705608874407,
          "stop" : 1705608884091,
          "duration" : 9684
        }
      }, {
        "uid" : "6186a462a14f4488",
        "status" : "passed",
        "time" : {
          "start" : 1705608573683,
          "stop" : 1705608584399,
          "duration" : 10716
        }
      }, {
        "uid" : "f866ad306b88cba4",
        "status" : "passed",
        "time" : {
          "start" : 1705608275221,
          "stop" : 1705608285339,
          "duration" : 10118
        }
      }, {
        "uid" : "ca7ec13ab4e4d6ee",
        "status" : "passed",
        "time" : {
          "start" : 1705607443498,
          "stop" : 1705607453111,
          "duration" : 9613
        }
      }, {
        "uid" : "cd7ce92650b8e9aa",
        "status" : "passed",
        "time" : {
          "start" : 1705606893514,
          "stop" : 1705606904257,
          "duration" : 10743
        }
      }, {
        "uid" : "831e3890428df960",
        "status" : "passed",
        "time" : {
          "start" : 1705604019489,
          "stop" : 1705604029320,
          "duration" : 9831
        }
      }, {
        "uid" : "e90d423fa071883e",
        "status" : "passed",
        "time" : {
          "start" : 1705599921639,
          "stop" : 1705599931309,
          "duration" : 9670
        }
      }, {
        "uid" : "d8f9ac2e5e5d6c86",
        "status" : "passed",
        "time" : {
          "start" : 1705571290126,
          "stop" : 1705571301249,
          "duration" : 11123
        }
      }, {
        "uid" : "1c58c152ae538bb3",
        "status" : "passed",
        "time" : {
          "start" : 1705570437657,
          "stop" : 1705570449050,
          "duration" : 11393
        }
      }, {
        "uid" : "ba8a6f56ad5e0aec",
        "status" : "passed",
        "time" : {
          "start" : 1705556385363,
          "stop" : 1705556395666,
          "duration" : 10303
        }
      }, {
        "uid" : "ca2865282cd15c56",
        "status" : "passed",
        "time" : {
          "start" : 1705513979748,
          "stop" : 1705513990094,
          "duration" : 10346
        }
      }, {
        "uid" : "a5e21386595e4a7c",
        "status" : "passed",
        "time" : {
          "start" : 1705512780374,
          "stop" : 1705512791168,
          "duration" : 10794
        }
      }, {
        "uid" : "c41579425f8bfa9b",
        "status" : "passed",
        "time" : {
          "start" : 1705407638615,
          "stop" : 1705407648728,
          "duration" : 10113
        }
      } ]
    },
    "tags" : [ ]
  },
  "source" : "fb17560606fd7c06.json",
  "parameterValues" : [ ]
}