{
  "uid" : "331d86d24d49eb7e",
  "name" : "Verify if subgroup links 1-4 lead to correct pages after clicking",
  "fullName" : "tests.exercises_ru_words_page_test.TestExRuWordsPageLinks#test_erw_03_06_verify_subgroup_links_lead_to_correct_pages",
  "historyId" : "be5252214076120520c630b3a755f745",
  "time" : {
    "start" : 1748654028081,
    "stop" : 1748654054147,
    "duration" : 26066
  },
  "status" : "broken",
  "statusMessage" : "selenium.common.exceptions.TimeoutException: Message: Can't find element by locator ('xpath', '(//div[contains(@class, \"series-page\")]//a)[2]')\nStacktrace:\n#0 0x555583a7678a <unknown>\n#1 0x5555835190a0 <unknown>\n#2 0x55558356a9b0 <unknown>\n#3 0x55558356aba1 <unknown>\n#4 0x5555835b8ea4 <unknown>\n#5 0x5555835903cd <unknown>\n#6 0x5555835b62a0 <unknown>\n#7 0x555583590173 <unknown>\n#8 0x55558355cd4b <unknown>\n#9 0x55558355d9b1 <unknown>\n#10 0x555583a3b93b <unknown>\n#11 0x555583a3f83a <unknown>\n#12 0x555583a23692 <unknown>\n#13 0x555583a403c4 <unknown>\n#14 0x555583a084cf <unknown>\n#15 0x555583a64568 <unknown>\n#16 0x555583a64746 <unknown>\n#17 0x555583a755f6 <unknown>\n#18 0x7f73d049caa4 <unknown>\n#19 0x7f73d0529c3c <unknown>",
  "statusTrace" : "self = <tests.exercises_ru_words_page_test.TestExercisesRuWordsPage.TestExRuWordsPageLinks object at 0x7fa918f50260>\ndriver = <selenium.webdriver.chrome.webdriver.WebDriver (session=\"261645048dc39e0cc92876e164da70e9\")>\nexercises_ru_words_page_open = None\n\n    @allure.title(\"Verify if subgroup links 1-4 lead to correct pages after clicking\")\n    def test_erw_03_06_verify_subgroup_links_lead_to_correct_pages(self, driver, exercises_ru_words_page_open):\n        page = erwPage(driver)\n        opened_page1 = page.click_on_subgroup_link_family()\n>       opened_pages2_4 = page.click_on_subgroup_link_beloved_home_food_clothes()\n\ntests/exercises_ru_words_page_test.py:178: \n_ _ _ _ _ _ _ _ _ _ _ _ _ _ _ _ _ _ _ _ _ _ _ _ _ _ _ _ _ _ _ _ _ _ _ _ _ _ _ _ \npages/exercises_ru_words_page.py:286: in click_on_subgroup_link_beloved_home_food_clothes\n    self.element_is_present_and_clickable(self.locators.PAGE_LIST3_2).click()\npages/base_page.py:40: in element_is_present_and_clickable\n    return (Wait(self.driver, self.timeout).until(\n_ _ _ _ _ _ _ _ _ _ _ _ _ _ _ _ _ _ _ _ _ _ _ _ _ _ _ _ _ _ _ _ _ _ _ _ _ _ _ _ \n\nself = <selenium.webdriver.support.wait.WebDriverWait (session=\"261645048dc39e0cc92876e164da70e9\")>\nmethod = <function visibility_of_element_located.<locals>._predicate at 0x7fa918bdc4a0>\nmessage = 'Can\\'t find element by locator (\\'xpath\\', \\'(//div[contains(@class, \"series-page\")]//a)[2]\\')'\n\n    def until(self, method, message: str = \"\"):\n        \"\"\"Calls the method provided with the driver as an argument until the \\\n        return value does not evaluate to ``False``.\n    \n        :param method: callable(WebDriver)\n        :param message: optional message for :exc:`TimeoutException`\n        :returns: the result of the last call to `method`\n        :raises: :exc:`selenium.common.exceptions.TimeoutException` if timeout occurs\n        \"\"\"\n        screen = None\n        stacktrace = None\n    \n        end_time = time.monotonic() + self._timeout\n        while True:\n            try:\n                value = method(self._driver)\n                if value:\n                    return value\n            except self._ignored_exceptions as exc:\n                screen = getattr(exc, \"screen\", None)\n                stacktrace = getattr(exc, \"stacktrace\", None)\n            time.sleep(self._poll)\n            if time.monotonic() > end_time:\n                break\n>       raise TimeoutException(message, screen, stacktrace)\nE       selenium.common.exceptions.TimeoutException: Message: Can't find element by locator ('xpath', '(//div[contains(@class, \"series-page\")]//a)[2]')\nE       Stacktrace:\nE       #0 0x555583a7678a <unknown>\nE       #1 0x5555835190a0 <unknown>\nE       #2 0x55558356a9b0 <unknown>\nE       #3 0x55558356aba1 <unknown>\nE       #4 0x5555835b8ea4 <unknown>\nE       #5 0x5555835903cd <unknown>\nE       #6 0x5555835b62a0 <unknown>\nE       #7 0x555583590173 <unknown>\nE       #8 0x55558355cd4b <unknown>\nE       #9 0x55558355d9b1 <unknown>\nE       #10 0x555583a3b93b <unknown>\nE       #11 0x555583a3f83a <unknown>\nE       #12 0x555583a23692 <unknown>\nE       #13 0x555583a403c4 <unknown>\nE       #14 0x555583a084cf <unknown>\nE       #15 0x555583a64568 <unknown>\nE       #16 0x555583a64746 <unknown>\nE       #17 0x555583a755f6 <unknown>\nE       #18 0x7f73d049caa4 <unknown>\nE       #19 0x7f73d0529c3c <unknown>\n\n/opt/hostedtoolcache/Python/3.12.10/x64/lib/python3.12/site-packages/selenium/webdriver/support/wait.py:95: TimeoutException",
  "flaky" : false,
  "newFailed" : false,
  "beforeStages" : [ {
    "name" : "exercises_ru_words_page_open",
    "time" : {
      "start" : 1748654024798,
      "stop" : 1748654028080,
      "duration" : 3282
    },
    "status" : "passed",
    "steps" : [ {
      "name" : "Open page: https://www.brainup.site/groups/2/series/1",
      "time" : {
        "start" : 1748654024798,
        "stop" : 1748654028080,
        "duration" : 3282
      },
      "status" : "passed",
      "steps" : [ ],
      "attachments" : [ ],
      "parameters" : [ {
        "name" : "driver",
        "value" : "<selenium.webdriver.chrome.webdriver.WebDriver (session=\"261645048dc39e0cc92876e164da70e9\")>"
      }, {
        "name" : "groups_ru_page_open",
        "value" : "None"
      } ],
      "shouldDisplayMessage" : false,
      "hasContent" : true,
      "stepsCount" : 0,
      "attachmentsCount" : 0
    } ],
    "attachments" : [ ],
    "parameters" : [ ],
    "shouldDisplayMessage" : false,
    "hasContent" : true,
    "stepsCount" : 1,
    "attachmentsCount" : 0
  }, {
    "name" : "groups_ru_page_open",
    "time" : {
      "start" : 1748654024676,
      "stop" : 1748654024797,
      "duration" : 121
    },
    "status" : "passed",
    "steps" : [ {
      "name" : "Open page: https://www.brainup.site/groups",
      "time" : {
        "start" : 1748654024677,
        "stop" : 1748654024797,
        "duration" : 120
      },
      "status" : "passed",
      "steps" : [ {
        "name" : "Check url is present: https://www.brainup.site/groups",
        "time" : {
          "start" : 1748654024783,
          "stop" : 1748654024786,
          "duration" : 3
        },
        "status" : "passed",
        "steps" : [ ],
        "attachments" : [ ],
        "parameters" : [ ],
        "shouldDisplayMessage" : false,
        "hasContent" : false,
        "stepsCount" : 0,
        "attachmentsCount" : 0
      }, {
        "name" : "Loader checking",
        "time" : {
          "start" : 1748654024787,
          "stop" : 1748654024797,
          "duration" : 10
        },
        "status" : "passed",
        "steps" : [ ],
        "attachments" : [ ],
        "parameters" : [ ],
        "shouldDisplayMessage" : false,
        "hasContent" : false,
        "stepsCount" : 0,
        "attachmentsCount" : 0
      } ],
      "attachments" : [ ],
      "parameters" : [ {
        "name" : "driver",
        "value" : "<selenium.webdriver.chrome.webdriver.WebDriver (session=\"261645048dc39e0cc92876e164da70e9\")>"
      }, {
        "name" : "auto_test_user_authorized",
        "value" : "None"
      } ],
      "shouldDisplayMessage" : false,
      "hasContent" : true,
      "stepsCount" : 2,
      "attachmentsCount" : 0
    } ],
    "attachments" : [ ],
    "parameters" : [ ],
    "shouldDisplayMessage" : false,
    "hasContent" : true,
    "stepsCount" : 3,
    "attachmentsCount" : 0
  }, {
    "name" : "main_page_open",
    "time" : {
      "start" : 1748654018468,
      "stop" : 1748654021732,
      "duration" : 3264
    },
    "status" : "passed",
    "steps" : [ {
      "name" : "Open page: https://www.brainup.site/",
      "time" : {
        "start" : 1748654018468,
        "stop" : 1748654021732,
        "duration" : 3264
      },
      "status" : "passed",
      "steps" : [ ],
      "attachments" : [ ],
      "parameters" : [ {
        "name" : "driver",
        "value" : "<selenium.webdriver.chrome.webdriver.WebDriver (session=\"261645048dc39e0cc92876e164da70e9\")>"
      } ],
      "shouldDisplayMessage" : false,
      "hasContent" : true,
      "stepsCount" : 0,
      "attachmentsCount" : 0
    } ],
    "attachments" : [ ],
    "parameters" : [ ],
    "shouldDisplayMessage" : false,
    "hasContent" : true,
    "stepsCount" : 1,
    "attachmentsCount" : 0
  }, {
    "name" : "driver",
    "time" : {
      "start" : 1748654017643,
      "stop" : 1748654018468,
      "duration" : 825
    },
    "status" : "passed",
    "steps" : [ ],
    "attachments" : [ ],
    "parameters" : [ ],
    "shouldDisplayMessage" : false,
    "hasContent" : false,
    "stepsCount" : 0,
    "attachmentsCount" : 0
  }, {
    "name" : "auto_test_user_authorized",
    "time" : {
      "start" : 1748654021732,
      "stop" : 1748654024676,
      "duration" : 2944
    },
    "status" : "passed",
    "steps" : [ {
      "name" : "Auto test user authorized",
      "time" : {
        "start" : 1748654021732,
        "stop" : 1748654024676,
        "duration" : 2944
      },
      "status" : "passed",
      "steps" : [ {
        "name" : "Check url is present: https://www.brainup.site/groups",
        "time" : {
          "start" : 1748654022116,
          "stop" : 1748654024654,
          "duration" : 2538
        },
        "status" : "passed",
        "steps" : [ ],
        "attachments" : [ ],
        "parameters" : [ ],
        "shouldDisplayMessage" : false,
        "hasContent" : false,
        "stepsCount" : 0,
        "attachmentsCount" : 0
      }, {
        "name" : "Loader checking",
        "time" : {
          "start" : 1748654024654,
          "stop" : 1748654024676,
          "duration" : 22
        },
        "status" : "passed",
        "steps" : [ ],
        "attachments" : [ ],
        "parameters" : [ ],
        "shouldDisplayMessage" : false,
        "hasContent" : false,
        "stepsCount" : 0,
        "attachmentsCount" : 0
      } ],
      "attachments" : [ ],
      "parameters" : [ {
        "name" : "driver",
        "value" : "<selenium.webdriver.chrome.webdriver.WebDriver (session=\"261645048dc39e0cc92876e164da70e9\")>"
      }, {
        "name" : "main_page_open",
        "value" : "None"
      } ],
      "shouldDisplayMessage" : false,
      "hasContent" : true,
      "stepsCount" : 2,
      "attachmentsCount" : 0
    } ],
    "attachments" : [ ],
    "parameters" : [ ],
    "shouldDisplayMessage" : false,
    "hasContent" : true,
    "stepsCount" : 3,
    "attachmentsCount" : 0
  }, {
    "name" : "clear_allure_results_folder",
    "time" : {
      "start" : 1748653463856,
      "stop" : 1748653463856,
      "duration" : 0
    },
    "status" : "passed",
    "steps" : [ ],
    "attachments" : [ ],
    "parameters" : [ ],
    "shouldDisplayMessage" : false,
    "hasContent" : false,
    "stepsCount" : 0,
    "attachmentsCount" : 0
  } ],
  "testStage" : {
    "status" : "broken",
    "statusMessage" : "selenium.common.exceptions.TimeoutException: Message: Can't find element by locator ('xpath', '(//div[contains(@class, \"series-page\")]//a)[2]')\nStacktrace:\n#0 0x555583a7678a <unknown>\n#1 0x5555835190a0 <unknown>\n#2 0x55558356a9b0 <unknown>\n#3 0x55558356aba1 <unknown>\n#4 0x5555835b8ea4 <unknown>\n#5 0x5555835903cd <unknown>\n#6 0x5555835b62a0 <unknown>\n#7 0x555583590173 <unknown>\n#8 0x55558355cd4b <unknown>\n#9 0x55558355d9b1 <unknown>\n#10 0x555583a3b93b <unknown>\n#11 0x555583a3f83a <unknown>\n#12 0x555583a23692 <unknown>\n#13 0x555583a403c4 <unknown>\n#14 0x555583a084cf <unknown>\n#15 0x555583a64568 <unknown>\n#16 0x555583a64746 <unknown>\n#17 0x555583a755f6 <unknown>\n#18 0x7f73d049caa4 <unknown>\n#19 0x7f73d0529c3c <unknown>",
    "statusTrace" : "self = <tests.exercises_ru_words_page_test.TestExercisesRuWordsPage.TestExRuWordsPageLinks object at 0x7fa918f50260>\ndriver = <selenium.webdriver.chrome.webdriver.WebDriver (session=\"261645048dc39e0cc92876e164da70e9\")>\nexercises_ru_words_page_open = None\n\n    @allure.title(\"Verify if subgroup links 1-4 lead to correct pages after clicking\")\n    def test_erw_03_06_verify_subgroup_links_lead_to_correct_pages(self, driver, exercises_ru_words_page_open):\n        page = erwPage(driver)\n        opened_page1 = page.click_on_subgroup_link_family()\n>       opened_pages2_4 = page.click_on_subgroup_link_beloved_home_food_clothes()\n\ntests/exercises_ru_words_page_test.py:178: \n_ _ _ _ _ _ _ _ _ _ _ _ _ _ _ _ _ _ _ _ _ _ _ _ _ _ _ _ _ _ _ _ _ _ _ _ _ _ _ _ \npages/exercises_ru_words_page.py:286: in click_on_subgroup_link_beloved_home_food_clothes\n    self.element_is_present_and_clickable(self.locators.PAGE_LIST3_2).click()\npages/base_page.py:40: in element_is_present_and_clickable\n    return (Wait(self.driver, self.timeout).until(\n_ _ _ _ _ _ _ _ _ _ _ _ _ _ _ _ _ _ _ _ _ _ _ _ _ _ _ _ _ _ _ _ _ _ _ _ _ _ _ _ \n\nself = <selenium.webdriver.support.wait.WebDriverWait (session=\"261645048dc39e0cc92876e164da70e9\")>\nmethod = <function visibility_of_element_located.<locals>._predicate at 0x7fa918bdc4a0>\nmessage = 'Can\\'t find element by locator (\\'xpath\\', \\'(//div[contains(@class, \"series-page\")]//a)[2]\\')'\n\n    def until(self, method, message: str = \"\"):\n        \"\"\"Calls the method provided with the driver as an argument until the \\\n        return value does not evaluate to ``False``.\n    \n        :param method: callable(WebDriver)\n        :param message: optional message for :exc:`TimeoutException`\n        :returns: the result of the last call to `method`\n        :raises: :exc:`selenium.common.exceptions.TimeoutException` if timeout occurs\n        \"\"\"\n        screen = None\n        stacktrace = None\n    \n        end_time = time.monotonic() + self._timeout\n        while True:\n            try:\n                value = method(self._driver)\n                if value:\n                    return value\n            except self._ignored_exceptions as exc:\n                screen = getattr(exc, \"screen\", None)\n                stacktrace = getattr(exc, \"stacktrace\", None)\n            time.sleep(self._poll)\n            if time.monotonic() > end_time:\n                break\n>       raise TimeoutException(message, screen, stacktrace)\nE       selenium.common.exceptions.TimeoutException: Message: Can't find element by locator ('xpath', '(//div[contains(@class, \"series-page\")]//a)[2]')\nE       Stacktrace:\nE       #0 0x555583a7678a <unknown>\nE       #1 0x5555835190a0 <unknown>\nE       #2 0x55558356a9b0 <unknown>\nE       #3 0x55558356aba1 <unknown>\nE       #4 0x5555835b8ea4 <unknown>\nE       #5 0x5555835903cd <unknown>\nE       #6 0x5555835b62a0 <unknown>\nE       #7 0x555583590173 <unknown>\nE       #8 0x55558355cd4b <unknown>\nE       #9 0x55558355d9b1 <unknown>\nE       #10 0x555583a3b93b <unknown>\nE       #11 0x555583a3f83a <unknown>\nE       #12 0x555583a23692 <unknown>\nE       #13 0x555583a403c4 <unknown>\nE       #14 0x555583a084cf <unknown>\nE       #15 0x555583a64568 <unknown>\nE       #16 0x555583a64746 <unknown>\nE       #17 0x555583a755f6 <unknown>\nE       #18 0x7f73d049caa4 <unknown>\nE       #19 0x7f73d0529c3c <unknown>\n\n/opt/hostedtoolcache/Python/3.12.10/x64/lib/python3.12/site-packages/selenium/webdriver/support/wait.py:95: TimeoutException",
    "steps" : [ {
      "name" : "Click on subgroup link 'Family' and thereby open corresponding web pages in the same tab",
      "time" : {
        "start" : 1748654028081,
        "stop" : 1748654031651,
        "duration" : 3570
      },
      "status" : "passed",
      "steps" : [ ],
      "attachments" : [ ],
      "parameters" : [ ],
      "shouldDisplayMessage" : false,
      "hasContent" : false,
      "stepsCount" : 0,
      "attachmentsCount" : 0
    }, {
      "name" : "Click on subgroup links 'Beloved Home', 'Food', 'Clothes' \n    and thereby open corresponding web pages in the same tab",
      "time" : {
        "start" : 1748654031651,
        "stop" : 1748654054147,
        "duration" : 22496
      },
      "status" : "broken",
      "statusMessage" : "selenium.common.exceptions.TimeoutException: Message: Can't find element by locator ('xpath', '(//div[contains(@class, \"series-page\")]//a)[2]')\nStacktrace:\n#0 0x555583a7678a <unknown>\n#1 0x5555835190a0 <unknown>\n#2 0x55558356a9b0 <unknown>\n#3 0x55558356aba1 <unknown>\n#4 0x5555835b8ea4 <unknown>\n#5 0x5555835903cd <unknown>\n#6 0x5555835b62a0 <unknown>\n#7 0x555583590173 <unknown>\n#8 0x55558355cd4b <unknown>\n#9 0x55558355d9b1 <unknown>\n#10 0x555583a3b93b <unknown>\n#11 0x555583a3f83a <unknown>\n#12 0x555583a23692 <unknown>\n#13 0x555583a403c4 <unknown>\n#14 0x555583a084cf <unknown>\n#15 0x555583a64568 <unknown>\n#16 0x555583a64746 <unknown>\n#17 0x555583a755f6 <unknown>\n#18 0x7f73d049caa4 <unknown>\n#19 0x7f73d0529c3c <unknown>\n\n",
      "statusTrace" : "  File \"/opt/hostedtoolcache/Python/3.12.10/x64/lib/python3.12/site-packages/allure_commons/_allure.py\", line 192, in impl\n    return func(*a, **kw)\n           ^^^^^^^^^^^^^^\n  File \"/home/runner/work/auto-tests-python/auto-tests-python/pages/exercises_ru_words_page.py\", line 286, in click_on_subgroup_link_beloved_home_food_clothes\n    self.element_is_present_and_clickable(self.locators.PAGE_LIST3_2).click()\n    ^^^^^^^^^^^^^^^^^^^^^^^^^^^^^^^^^^^^^^^^^^^^^^^^^^^^^^^^^^^^^^^^^\n  File \"/home/runner/work/auto-tests-python/auto-tests-python/pages/base_page.py\", line 40, in element_is_present_and_clickable\n    return (Wait(self.driver, self.timeout).until(\n            ^^^^^^^^^^^^^^^^^^^^^^^^^^^^^^^^^^^^^^\n  File \"/opt/hostedtoolcache/Python/3.12.10/x64/lib/python3.12/site-packages/selenium/webdriver/support/wait.py\", line 95, in until\n    raise TimeoutException(message, screen, stacktrace)\n",
      "steps" : [ ],
      "attachments" : [ ],
      "parameters" : [ ],
      "shouldDisplayMessage" : true,
      "hasContent" : true,
      "stepsCount" : 0,
      "attachmentsCount" : 0
    } ],
    "attachments" : [ {
      "uid" : "487613d1f01942b3",
      "name" : "Screenshot 2025-05-31 01:14:14.268025",
      "source" : "487613d1f01942b3.png",
      "type" : "image/png",
      "size" : 129265
    } ],
    "parameters" : [ ],
    "shouldDisplayMessage" : true,
    "hasContent" : true,
    "stepsCount" : 2,
    "attachmentsCount" : 1
  },
  "afterStages" : [ {
    "name" : "driver::0",
    "time" : {
      "start" : 1748654054270,
      "stop" : 1748654054341,
      "duration" : 71
    },
    "status" : "passed",
    "steps" : [ ],
    "attachments" : [ ],
    "parameters" : [ ],
    "shouldDisplayMessage" : false,
    "hasContent" : false,
    "stepsCount" : 0,
    "attachmentsCount" : 0
  } ],
  "labels" : [ {
    "name" : "epic",
    "value" : "The Exercises 'Words' Page on the 'ru' local"
  }, {
    "name" : "parentSuite",
    "value" : "tests"
  }, {
    "name" : "suite",
    "value" : "exercises_ru_words_page_test"
  }, {
    "name" : "subSuite",
    "value" : "TestExercisesRuWordsPage"
  }, {
    "name" : "host",
    "value" : "pkrvmf6wy0o8zjz"
  }, {
    "name" : "thread",
    "value" : "2542-MainThread"
  }, {
    "name" : "framework",
    "value" : "pytest"
  }, {
    "name" : "language",
    "value" : "cpython3"
  }, {
    "name" : "package",
    "value" : "tests.exercises_ru_words_page_test"
  }, {
    "name" : "resultFormat",
    "value" : "allure2"
  } ],
  "parameters" : [ ],
  "links" : [ ],
  "hidden" : false,
  "retry" : false,
  "extra" : {
    "severity" : "normal",
    "retries" : [ ],
    "categories" : [ {
      "name" : "Test defects",
      "matchedStatuses" : [ ],
      "flaky" : false
    } ],
    "history" : {
      "statistic" : {
        "failed" : 2,
        "broken" : 41,
        "skipped" : 0,
        "passed" : 144,
        "unknown" : 0,
        "total" : 187
      },
      "items" : [ {
        "uid" : "2a3cf669e3ea7c98",
        "reportUrl" : "https://Brain-up.github.io/auto-tests-python/585//#testresult/2a3cf669e3ea7c98",
        "status" : "passed",
        "time" : {
          "start" : 1748638016802,
          "stop" : 1748638034625,
          "duration" : 17823
        }
      }, {
        "uid" : "5e5af286b4302027",
        "reportUrl" : "https://Brain-up.github.io/auto-tests-python/380//#testresult/5e5af286b4302027",
        "status" : "passed",
        "time" : {
          "start" : 1748567492473,
          "stop" : 1748567510183,
          "duration" : 17710
        }
      }, {
        "uid" : "39d977f13527f628",
        "reportUrl" : "https://Brain-up.github.io/auto-tests-python/584//#testresult/39d977f13527f628",
        "status" : "passed",
        "time" : {
          "start" : 1748512788219,
          "stop" : 1748512805866,
          "duration" : 17647
        }
      }, {
        "uid" : "b4a53d97100c34cb",
        "reportUrl" : "https://Brain-up.github.io/auto-tests-python/379//#testresult/b4a53d97100c34cb",
        "status" : "passed",
        "time" : {
          "start" : 1748481243095,
          "stop" : 1748481261137,
          "duration" : 18042
        }
      }, {
        "uid" : "adee72d0199041a9",
        "reportUrl" : "https://Brain-up.github.io/auto-tests-python/583//#testresult/adee72d0199041a9",
        "status" : "passed",
        "time" : {
          "start" : 1748451878990,
          "stop" : 1748451897085,
          "duration" : 18095
        }
      }, {
        "uid" : "46127207dede24d7",
        "reportUrl" : "https://Brain-up.github.io/auto-tests-python/378//#testresult/46127207dede24d7",
        "status" : "passed",
        "time" : {
          "start" : 1748394826047,
          "stop" : 1748394844046,
          "duration" : 17999
        }
      }, {
        "uid" : "3cad9170e23672a9",
        "reportUrl" : "https://Brain-up.github.io/auto-tests-python/582//#testresult/3cad9170e23672a9",
        "status" : "passed",
        "time" : {
          "start" : 1748335791626,
          "stop" : 1748335809221,
          "duration" : 17595
        }
      }, {
        "uid" : "5ed7ef9296b58a11",
        "reportUrl" : "https://Brain-up.github.io/auto-tests-python/377//#testresult/5ed7ef9296b58a11",
        "status" : "broken",
        "statusDetails" : "selenium.common.exceptions.TimeoutException: Message: Can't find element by locator ('xpath', '(//div[contains(@class, \"series-page\")]//a)[2]')\nStacktrace:\n#0 0x562b98ff778a <unknown>\n#1 0x562b98a9a0a0 <unknown>\n#2 0x562b98aeb9b0 <unknown>\n#3 0x562b98aebba1 <unknown>\n#4 0x562b98b39ea4 <unknown>\n#5 0x562b98b113cd <unknown>\n#6 0x562b98b372a0 <unknown>\n#7 0x562b98b11173 <unknown>\n#8 0x562b98addd4b <unknown>\n#9 0x562b98ade9b1 <unknown>\n#10 0x562b98fbc93b <unknown>\n#11 0x562b98fc083a <unknown>\n#12 0x562b98fa4692 <unknown>\n#13 0x562b98fc13c4 <unknown>\n#14 0x562b98f894cf <unknown>\n#15 0x562b98fe5568 <unknown>\n#16 0x562b98fe5746 <unknown>\n#17 0x562b98ff65f6 <unknown>\n#18 0x7f30e7a9caa4 <unknown>\n#19 0x7f30e7b29c3c <unknown>",
        "time" : {
          "start" : 1748308371531,
          "stop" : 1748308397724,
          "duration" : 26193
        }
      }, {
        "uid" : "d54c4d7a45208c0d",
        "reportUrl" : "https://Brain-up.github.io/auto-tests-python/581//#testresult/d54c4d7a45208c0d",
        "status" : "passed",
        "time" : {
          "start" : 1748274683359,
          "stop" : 1748274701073,
          "duration" : 17714
        }
      }, {
        "uid" : "3afeb17e5c3e05c4",
        "reportUrl" : "https://Brain-up.github.io/auto-tests-python/376//#testresult/3afeb17e5c3e05c4",
        "status" : "broken",
        "statusDetails" : "selenium.common.exceptions.TimeoutException: Message: Can't find element by locator ('xpath', '(//div[contains(@class, \"series-page\")]//a)[2]')\nStacktrace:\n#0 0x56309043178a <unknown>\n#1 0x56308fed40a0 <unknown>\n#2 0x56308ff259b0 <unknown>\n#3 0x56308ff25ba1 <unknown>\n#4 0x56308ff73ea4 <unknown>\n#5 0x56308ff4b3cd <unknown>\n#6 0x56308ff712a0 <unknown>\n#7 0x56308ff4b173 <unknown>\n#8 0x56308ff17d4b <unknown>\n#9 0x56308ff189b1 <unknown>\n#10 0x5630903f693b <unknown>\n#11 0x5630903fa83a <unknown>\n#12 0x5630903de692 <unknown>\n#13 0x5630903fb3c4 <unknown>\n#14 0x5630903c34cf <unknown>\n#15 0x56309041f568 <unknown>\n#16 0x56309041f746 <unknown>\n#17 0x5630904305f6 <unknown>\n#18 0x7fad6b69caa4 <unknown>\n#19 0x7fad6b729c3c <unknown>",
        "time" : {
          "start" : 1748222164379,
          "stop" : 1748222190085,
          "duration" : 25706
        }
      }, {
        "uid" : "c6d16d88a411413a",
        "reportUrl" : "https://Brain-up.github.io/auto-tests-python/580//#testresult/c6d16d88a411413a",
        "status" : "passed",
        "time" : {
          "start" : 1748160210524,
          "stop" : 1748160228421,
          "duration" : 17897
        }
      }, {
        "uid" : "ca3e266c5beb52c8",
        "reportUrl" : "https://Brain-up.github.io/auto-tests-python/375//#testresult/ca3e266c5beb52c8",
        "status" : "passed",
        "time" : {
          "start" : 1748135899152,
          "stop" : 1748135916813,
          "duration" : 17661
        }
      }, {
        "uid" : "45bd97700e1f233a",
        "reportUrl" : "https://Brain-up.github.io/auto-tests-python/579//#testresult/45bd97700e1f233a",
        "status" : "passed",
        "time" : {
          "start" : 1748107549055,
          "stop" : 1748107566839,
          "duration" : 17784
        }
      }, {
        "uid" : "da30a20b6d69c74b",
        "reportUrl" : "https://Brain-up.github.io/auto-tests-python/374//#testresult/da30a20b6d69c74b",
        "status" : "passed",
        "time" : {
          "start" : 1748048967486,
          "stop" : 1748048985156,
          "duration" : 17670
        }
      }, {
        "uid" : "89247bc1d86b98ec",
        "reportUrl" : "https://Brain-up.github.io/auto-tests-python/578//#testresult/89247bc1d86b98ec",
        "status" : "passed",
        "time" : {
          "start" : 1747990035361,
          "stop" : 1747990053045,
          "duration" : 17684
        }
      }, {
        "uid" : "c9cbeabdb32509bc",
        "reportUrl" : "https://Brain-up.github.io/auto-tests-python/373//#testresult/c9cbeabdb32509bc",
        "status" : "passed",
        "time" : {
          "start" : 1747962784878,
          "stop" : 1747962802668,
          "duration" : 17790
        }
      }, {
        "uid" : "2815a99bc1cb8de7",
        "reportUrl" : "https://Brain-up.github.io/auto-tests-python/577//#testresult/2815a99bc1cb8de7",
        "status" : "passed",
        "time" : {
          "start" : 1747943001917,
          "stop" : 1747943019729,
          "duration" : 17812
        }
      }, {
        "uid" : "369de6bc930d19fc",
        "reportUrl" : "https://Brain-up.github.io/auto-tests-python/372//#testresult/369de6bc930d19fc",
        "status" : "broken",
        "statusDetails" : "selenium.common.exceptions.TimeoutException: Message: Can't find element by locator ('xpath', '(//div[contains(@class, \"series-page\")]//a)[2]')\nStacktrace:\n#0 0x55e86f08f78a <unknown>\n#1 0x55e86eb320a0 <unknown>\n#2 0x55e86eb839b0 <unknown>\n#3 0x55e86eb83ba1 <unknown>\n#4 0x55e86ebd1ea4 <unknown>\n#5 0x55e86eba93cd <unknown>\n#6 0x55e86ebcf2a0 <unknown>\n#7 0x55e86eba9173 <unknown>\n#8 0x55e86eb75d4b <unknown>\n#9 0x55e86eb769b1 <unknown>\n#10 0x55e86f05493b <unknown>\n#11 0x55e86f05883a <unknown>\n#12 0x55e86f03c692 <unknown>\n#13 0x55e86f0593c4 <unknown>\n#14 0x55e86f0214cf <unknown>\n#15 0x55e86f07d568 <unknown>\n#16 0x55e86f07d746 <unknown>\n#17 0x55e86f08e5f6 <unknown>\n#18 0x7f577da9caa4 <unknown>\n#19 0x7f577db29c3c <unknown>",
        "time" : {
          "start" : 1747876425892,
          "stop" : 1747876451516,
          "duration" : 25624
        }
      }, {
        "uid" : "f2dc1f3d83847668",
        "reportUrl" : "https://Brain-up.github.io/auto-tests-python/576//#testresult/f2dc1f3d83847668",
        "status" : "broken",
        "statusDetails" : "selenium.common.exceptions.TimeoutException: Message: Can't find element by locator ('xpath', '(//div[contains(@class, \"series-page\")]//a)[2]')\nStacktrace:\n#0 0x55f1e409578a <unknown>\n#1 0x55f1e3b380a0 <unknown>\n#2 0x55f1e3b899b0 <unknown>\n#3 0x55f1e3b89ba1 <unknown>\n#4 0x55f1e3bd7ea4 <unknown>\n#5 0x55f1e3baf3cd <unknown>\n#6 0x55f1e3bd52a0 <unknown>\n#7 0x55f1e3baf173 <unknown>\n#8 0x55f1e3b7bd4b <unknown>\n#9 0x55f1e3b7c9b1 <unknown>\n#10 0x55f1e405a93b <unknown>\n#11 0x55f1e405e83a <unknown>\n#12 0x55f1e4042692 <unknown>\n#13 0x55f1e405f3c4 <unknown>\n#14 0x55f1e40274cf <unknown>\n#15 0x55f1e4083568 <unknown>\n#16 0x55f1e4083746 <unknown>\n#17 0x55f1e40945f6 <unknown>\n#18 0x7f78a7e9caa4 <unknown>\n#19 0x7f78a7f29c3c <unknown>",
        "time" : {
          "start" : 1747852138520,
          "stop" : 1747852163925,
          "duration" : 25405
        }
      }, {
        "uid" : "77099ff8ef22e58d",
        "reportUrl" : "https://Brain-up.github.io/auto-tests-python/371//#testresult/77099ff8ef22e58d",
        "status" : "passed",
        "time" : {
          "start" : 1747790076272,
          "stop" : 1747790094407,
          "duration" : 18135
        }
      } ]
    },
    "tags" : [ ]
  },
  "source" : "331d86d24d49eb7e.json",
  "parameterValues" : [ ]
}