{
  "uid" : "4e9f7e3e04f75fb8",
  "name" : "Select random card from \"Word\" group and compare UI vs BACKEND data",
  "fullName" : "tests.test_speech_exercises_en.TestCardsEN#test_random_word_cards_en",
  "historyId" : "84999af5e98c6318908a9abbfe6fc3a3",
  "time" : {
    "start" : 1736895162538,
    "stop" : 1736895182811,
    "duration" : 20273
  },
  "status" : "skipped",
  "statusMessage" : "XFAIL\n\nselenium.common.exceptions.TimeoutException: Message: Can't find element by locator ('xpath', '//button[@data-test-active-link=\"Words\"]')\nStacktrace:\n#0 0x55b30fbcc8fa <unknown>\n#1 0x55b30f6ddd20 <unknown>\n#2 0x55b30f72ca66 <unknown>\n#3 0x55b30f72cd01 <unknown>\n#4 0x55b30f772184 <unknown>\n#5 0x55b30f750b1d <unknown>\n#6 0x55b30f76f560 <unknown>\n#7 0x55b30f750893 <unknown>\n#8 0x55b30f71f30d <unknown>\n#9 0x55b30f72032e <unknown>\n#10 0x55b30fb9900b <unknown>\n#11 0x55b30fb9cf97 <unknown>\n#12 0x55b30fb8571c <unknown>\n#13 0x55b30fb9db17 <unknown>\n#14 0x55b30fb6a6cf <unknown>\n#15 0x55b30fbbb6b8 <unknown>\n#16 0x55b30fbbb880 <unknown>\n#17 0x55b30fbcb776 <unknown>\n#18 0x7efcbb29ca94 <unknown>\n#19 0x7efcbb329c3c <unknown>",
  "statusTrace" : "self = <tests.test_speech_exercises_en.TestCardsEN object at 0x7f9aba0d4560>\ndriver = <selenium.webdriver.chrome.webdriver.WebDriver (session=\"2ee162ad77eb5d7bc6585813766fdb62\")>\nspecialist_user_authorized = None\n\n    @pytest.mark.xfail\n    @allure.suite(\"Speech exercises EN.\")\n    @allure.title('Select random card from \"Word\" group and compare UI vs BACKEND data')\n    def test_random_word_cards_en(self, driver, specialist_user_authorized):\n        page = SpeechExercisesPage(driver)\n>       page.select_group(SpeechExercisesPageLocators.WORDS_BUTTON_EN)\n\ntests/test_speech_exercises_en.py:16: \n_ _ _ _ _ _ _ _ _ _ _ _ _ _ _ _ _ _ _ _ _ _ _ _ _ _ _ _ _ _ _ _ _ _ _ _ _ _ _ _ \npages/speech_exercises_page_en.py:18: in select_group\n    text_of_the_button = self.element_is_present_and_clickable(selector_for_sub_group)\npages/base_page.py:32: in element_is_present_and_clickable\n    return (Wait(self.driver, self.timeout).until(\n_ _ _ _ _ _ _ _ _ _ _ _ _ _ _ _ _ _ _ _ _ _ _ _ _ _ _ _ _ _ _ _ _ _ _ _ _ _ _ _ \n\nself = <selenium.webdriver.support.wait.WebDriverWait (session=\"2ee162ad77eb5d7bc6585813766fdb62\")>\nmethod = <function visibility_of_element_located.<locals>._predicate at 0x7f9aba19ba60>\nmessage = 'Can\\'t find element by locator (\\'xpath\\', \\'//button[@data-test-active-link=\"Words\"]\\')'\n\n    def until(self, method, message: str = \"\"):\n        \"\"\"Calls the method provided with the driver as an argument until the \\\n        return value does not evaluate to ``False``.\n    \n        :param method: callable(WebDriver)\n        :param message: optional message for :exc:`TimeoutException`\n        :returns: the result of the last call to `method`\n        :raises: :exc:`selenium.common.exceptions.TimeoutException` if timeout occurs\n        \"\"\"\n        screen = None\n        stacktrace = None\n    \n        end_time = time.monotonic() + self._timeout\n        while True:\n            try:\n                value = method(self._driver)\n                if value:\n                    return value\n            except self._ignored_exceptions as exc:\n                screen = getattr(exc, \"screen\", None)\n                stacktrace = getattr(exc, \"stacktrace\", None)\n            time.sleep(self._poll)\n            if time.monotonic() > end_time:\n                break\n>       raise TimeoutException(message, screen, stacktrace)\nE       selenium.common.exceptions.TimeoutException: Message: Can't find element by locator ('xpath', '//button[@data-test-active-link=\"Words\"]')\nE       Stacktrace:\nE       #0 0x55b30fbcc8fa <unknown>\nE       #1 0x55b30f6ddd20 <unknown>\nE       #2 0x55b30f72ca66 <unknown>\nE       #3 0x55b30f72cd01 <unknown>\nE       #4 0x55b30f772184 <unknown>\nE       #5 0x55b30f750b1d <unknown>\nE       #6 0x55b30f76f560 <unknown>\nE       #7 0x55b30f750893 <unknown>\nE       #8 0x55b30f71f30d <unknown>\nE       #9 0x55b30f72032e <unknown>\nE       #10 0x55b30fb9900b <unknown>\nE       #11 0x55b30fb9cf97 <unknown>\nE       #12 0x55b30fb8571c <unknown>\nE       #13 0x55b30fb9db17 <unknown>\nE       #14 0x55b30fb6a6cf <unknown>\nE       #15 0x55b30fbbb6b8 <unknown>\nE       #16 0x55b30fbbb880 <unknown>\nE       #17 0x55b30fbcb776 <unknown>\nE       #18 0x7efcbb29ca94 <unknown>\nE       #19 0x7efcbb329c3c <unknown>\n\n/opt/hostedtoolcache/Python/3.12.8/x64/lib/python3.12/site-packages/selenium/webdriver/support/wait.py:95: TimeoutException",
  "flaky" : false,
  "newFailed" : false,
  "beforeStages" : [ {
    "name" : "driver",
    "time" : {
      "start" : 1736895156706,
      "stop" : 1736895157466,
      "duration" : 760
    },
    "status" : "passed",
    "steps" : [ ],
    "attachments" : [ ],
    "parameters" : [ ],
    "stepsCount" : 0,
    "attachmentsCount" : 0,
    "shouldDisplayMessage" : false,
    "hasContent" : false
  }, {
    "name" : "main_page_open",
    "time" : {
      "start" : 1736895157467,
      "stop" : 1736895160087,
      "duration" : 2620
    },
    "status" : "passed",
    "steps" : [ {
      "name" : "Open page: https://www.brainup.site/",
      "time" : {
        "start" : 1736895157467,
        "stop" : 1736895160087,
        "duration" : 2620
      },
      "status" : "passed",
      "steps" : [ ],
      "attachments" : [ ],
      "parameters" : [ {
        "name" : "driver",
        "value" : "<selenium.webdriver.chrome.webdriver.WebDriver (session=\"2ee162ad77eb5d7bc6585813766fdb62\")>"
      } ],
      "stepsCount" : 0,
      "attachmentsCount" : 0,
      "shouldDisplayMessage" : false,
      "hasContent" : true
    } ],
    "attachments" : [ ],
    "parameters" : [ ],
    "stepsCount" : 1,
    "attachmentsCount" : 0,
    "shouldDisplayMessage" : false,
    "hasContent" : true
  }, {
    "name" : "clear_allure_results_folder",
    "time" : {
      "start" : 1736894165907,
      "stop" : 1736894165907,
      "duration" : 0
    },
    "status" : "passed",
    "steps" : [ ],
    "attachments" : [ ],
    "parameters" : [ ],
    "stepsCount" : 0,
    "attachmentsCount" : 0,
    "shouldDisplayMessage" : false,
    "hasContent" : false
  }, {
    "name" : "specialist_user_authorized",
    "time" : {
      "start" : 1736895160087,
      "stop" : 1736895162538,
      "duration" : 2451
    },
    "status" : "passed",
    "steps" : [ {
      "name" : "USER specialist authorized",
      "time" : {
        "start" : 1736895160087,
        "stop" : 1736895162538,
        "duration" : 2451
      },
      "status" : "passed",
      "steps" : [ {
        "name" : "Check url is present: https://www.brainup.site/groups",
        "time" : {
          "start" : 1736895160496,
          "stop" : 1736895162514,
          "duration" : 2018
        },
        "status" : "passed",
        "steps" : [ ],
        "attachments" : [ ],
        "parameters" : [ ],
        "stepsCount" : 0,
        "attachmentsCount" : 0,
        "shouldDisplayMessage" : false,
        "hasContent" : false
      }, {
        "name" : "Loader checking",
        "time" : {
          "start" : 1736895162514,
          "stop" : 1736895162538,
          "duration" : 24
        },
        "status" : "passed",
        "steps" : [ ],
        "attachments" : [ ],
        "parameters" : [ ],
        "stepsCount" : 0,
        "attachmentsCount" : 0,
        "shouldDisplayMessage" : false,
        "hasContent" : false
      } ],
      "attachments" : [ ],
      "parameters" : [ {
        "name" : "driver",
        "value" : "<selenium.webdriver.chrome.webdriver.WebDriver (session=\"2ee162ad77eb5d7bc6585813766fdb62\")>"
      }, {
        "name" : "main_page_open",
        "value" : "None"
      } ],
      "stepsCount" : 2,
      "attachmentsCount" : 0,
      "shouldDisplayMessage" : false,
      "hasContent" : true
    } ],
    "attachments" : [ ],
    "parameters" : [ ],
    "stepsCount" : 3,
    "attachmentsCount" : 0,
    "shouldDisplayMessage" : false,
    "hasContent" : true
  } ],
  "testStage" : {
    "status" : "skipped",
    "statusMessage" : "XFAIL\n\nselenium.common.exceptions.TimeoutException: Message: Can't find element by locator ('xpath', '//button[@data-test-active-link=\"Words\"]')\nStacktrace:\n#0 0x55b30fbcc8fa <unknown>\n#1 0x55b30f6ddd20 <unknown>\n#2 0x55b30f72ca66 <unknown>\n#3 0x55b30f72cd01 <unknown>\n#4 0x55b30f772184 <unknown>\n#5 0x55b30f750b1d <unknown>\n#6 0x55b30f76f560 <unknown>\n#7 0x55b30f750893 <unknown>\n#8 0x55b30f71f30d <unknown>\n#9 0x55b30f72032e <unknown>\n#10 0x55b30fb9900b <unknown>\n#11 0x55b30fb9cf97 <unknown>\n#12 0x55b30fb8571c <unknown>\n#13 0x55b30fb9db17 <unknown>\n#14 0x55b30fb6a6cf <unknown>\n#15 0x55b30fbbb6b8 <unknown>\n#16 0x55b30fbbb880 <unknown>\n#17 0x55b30fbcb776 <unknown>\n#18 0x7efcbb29ca94 <unknown>\n#19 0x7efcbb329c3c <unknown>",
    "statusTrace" : "self = <tests.test_speech_exercises_en.TestCardsEN object at 0x7f9aba0d4560>\ndriver = <selenium.webdriver.chrome.webdriver.WebDriver (session=\"2ee162ad77eb5d7bc6585813766fdb62\")>\nspecialist_user_authorized = None\n\n    @pytest.mark.xfail\n    @allure.suite(\"Speech exercises EN.\")\n    @allure.title('Select random card from \"Word\" group and compare UI vs BACKEND data')\n    def test_random_word_cards_en(self, driver, specialist_user_authorized):\n        page = SpeechExercisesPage(driver)\n>       page.select_group(SpeechExercisesPageLocators.WORDS_BUTTON_EN)\n\ntests/test_speech_exercises_en.py:16: \n_ _ _ _ _ _ _ _ _ _ _ _ _ _ _ _ _ _ _ _ _ _ _ _ _ _ _ _ _ _ _ _ _ _ _ _ _ _ _ _ \npages/speech_exercises_page_en.py:18: in select_group\n    text_of_the_button = self.element_is_present_and_clickable(selector_for_sub_group)\npages/base_page.py:32: in element_is_present_and_clickable\n    return (Wait(self.driver, self.timeout).until(\n_ _ _ _ _ _ _ _ _ _ _ _ _ _ _ _ _ _ _ _ _ _ _ _ _ _ _ _ _ _ _ _ _ _ _ _ _ _ _ _ \n\nself = <selenium.webdriver.support.wait.WebDriverWait (session=\"2ee162ad77eb5d7bc6585813766fdb62\")>\nmethod = <function visibility_of_element_located.<locals>._predicate at 0x7f9aba19ba60>\nmessage = 'Can\\'t find element by locator (\\'xpath\\', \\'//button[@data-test-active-link=\"Words\"]\\')'\n\n    def until(self, method, message: str = \"\"):\n        \"\"\"Calls the method provided with the driver as an argument until the \\\n        return value does not evaluate to ``False``.\n    \n        :param method: callable(WebDriver)\n        :param message: optional message for :exc:`TimeoutException`\n        :returns: the result of the last call to `method`\n        :raises: :exc:`selenium.common.exceptions.TimeoutException` if timeout occurs\n        \"\"\"\n        screen = None\n        stacktrace = None\n    \n        end_time = time.monotonic() + self._timeout\n        while True:\n            try:\n                value = method(self._driver)\n                if value:\n                    return value\n            except self._ignored_exceptions as exc:\n                screen = getattr(exc, \"screen\", None)\n                stacktrace = getattr(exc, \"stacktrace\", None)\n            time.sleep(self._poll)\n            if time.monotonic() > end_time:\n                break\n>       raise TimeoutException(message, screen, stacktrace)\nE       selenium.common.exceptions.TimeoutException: Message: Can't find element by locator ('xpath', '//button[@data-test-active-link=\"Words\"]')\nE       Stacktrace:\nE       #0 0x55b30fbcc8fa <unknown>\nE       #1 0x55b30f6ddd20 <unknown>\nE       #2 0x55b30f72ca66 <unknown>\nE       #3 0x55b30f72cd01 <unknown>\nE       #4 0x55b30f772184 <unknown>\nE       #5 0x55b30f750b1d <unknown>\nE       #6 0x55b30f76f560 <unknown>\nE       #7 0x55b30f750893 <unknown>\nE       #8 0x55b30f71f30d <unknown>\nE       #9 0x55b30f72032e <unknown>\nE       #10 0x55b30fb9900b <unknown>\nE       #11 0x55b30fb9cf97 <unknown>\nE       #12 0x55b30fb8571c <unknown>\nE       #13 0x55b30fb9db17 <unknown>\nE       #14 0x55b30fb6a6cf <unknown>\nE       #15 0x55b30fbbb6b8 <unknown>\nE       #16 0x55b30fbbb880 <unknown>\nE       #17 0x55b30fbcb776 <unknown>\nE       #18 0x7efcbb29ca94 <unknown>\nE       #19 0x7efcbb329c3c <unknown>\n\n/opt/hostedtoolcache/Python/3.12.8/x64/lib/python3.12/site-packages/selenium/webdriver/support/wait.py:95: TimeoutException",
    "steps" : [ {
      "name" : "select_group",
      "time" : {
        "start" : 1736895162538,
        "stop" : 1736895182810,
        "duration" : 20272
      },
      "status" : "broken",
      "statusMessage" : "selenium.common.exceptions.TimeoutException: Message: Can't find element by locator ('xpath', '//button[@data-test-active-link=\"Words\"]')\nStacktrace:\n#0 0x55b30fbcc8fa <unknown>\n#1 0x55b30f6ddd20 <unknown>\n#2 0x55b30f72ca66 <unknown>\n#3 0x55b30f72cd01 <unknown>\n#4 0x55b30f772184 <unknown>\n#5 0x55b30f750b1d <unknown>\n#6 0x55b30f76f560 <unknown>\n#7 0x55b30f750893 <unknown>\n#8 0x55b30f71f30d <unknown>\n#9 0x55b30f72032e <unknown>\n#10 0x55b30fb9900b <unknown>\n#11 0x55b30fb9cf97 <unknown>\n#12 0x55b30fb8571c <unknown>\n#13 0x55b30fb9db17 <unknown>\n#14 0x55b30fb6a6cf <unknown>\n#15 0x55b30fbbb6b8 <unknown>\n#16 0x55b30fbbb880 <unknown>\n#17 0x55b30fbcb776 <unknown>\n#18 0x7efcbb29ca94 <unknown>\n#19 0x7efcbb329c3c <unknown>\n\n",
      "statusTrace" : "  File \"/opt/hostedtoolcache/Python/3.12.8/x64/lib/python3.12/site-packages/allure_commons/_allure.py\", line 192, in impl\n    return func(*a, **kw)\n           ^^^^^^^^^^^^^^\n  File \"/home/runner/work/auto-tests-python/auto-tests-python/pages/speech_exercises_page_en.py\", line 18, in select_group\n    text_of_the_button = self.element_is_present_and_clickable(selector_for_sub_group)\n                         ^^^^^^^^^^^^^^^^^^^^^^^^^^^^^^^^^^^^^^^^^^^^^^^^^^^^^^^^^^^^^\n  File \"/home/runner/work/auto-tests-python/auto-tests-python/pages/base_page.py\", line 32, in element_is_present_and_clickable\n    return (Wait(self.driver, self.timeout).until(\n            ^^^^^^^^^^^^^^^^^^^^^^^^^^^^^^^^^^^^^^\n  File \"/opt/hostedtoolcache/Python/3.12.8/x64/lib/python3.12/site-packages/selenium/webdriver/support/wait.py\", line 95, in until\n    raise TimeoutException(message, screen, stacktrace)\n",
      "steps" : [ {
        "name" : "Select Russian language. Click \"EN\" button.",
        "time" : {
          "start" : 1736895162538,
          "stop" : 1736895162610,
          "duration" : 72
        },
        "status" : "passed",
        "steps" : [ ],
        "attachments" : [ ],
        "parameters" : [ ],
        "stepsCount" : 0,
        "attachmentsCount" : 0,
        "shouldDisplayMessage" : false,
        "hasContent" : false
      }, {
        "name" : "Click button \"SPEECH EXERCISES\".",
        "time" : {
          "start" : 1736895162610,
          "stop" : 1736895162682,
          "duration" : 72
        },
        "status" : "passed",
        "steps" : [ ],
        "attachments" : [ ],
        "parameters" : [ ],
        "stepsCount" : 0,
        "attachmentsCount" : 0,
        "shouldDisplayMessage" : false,
        "hasContent" : false
      } ],
      "attachments" : [ ],
      "parameters" : [ {
        "name" : "selector_for_sub_group",
        "value" : "('xpath', '//button[@data-test-active-link=\"Words\"]')"
      } ],
      "stepsCount" : 2,
      "attachmentsCount" : 0,
      "shouldDisplayMessage" : true,
      "hasContent" : true
    } ],
    "attachments" : [ ],
    "parameters" : [ ],
    "stepsCount" : 3,
    "attachmentsCount" : 0,
    "shouldDisplayMessage" : true,
    "hasContent" : true
  },
  "afterStages" : [ {
    "name" : "driver::0",
    "time" : {
      "start" : 1736895182858,
      "stop" : 1736895182929,
      "duration" : 71
    },
    "status" : "passed",
    "steps" : [ ],
    "attachments" : [ ],
    "parameters" : [ ],
    "stepsCount" : 0,
    "attachmentsCount" : 0,
    "shouldDisplayMessage" : false,
    "hasContent" : false
  } ],
  "labels" : [ {
    "name" : "suite",
    "value" : "Speech exercises EN."
  }, {
    "name" : "epic",
    "value" : "Speech exercises."
  }, {
    "name" : "tag",
    "value" : "@pytest.mark.xfail"
  }, {
    "name" : "parentSuite",
    "value" : "tests"
  }, {
    "name" : "subSuite",
    "value" : "TestCardsEN"
  }, {
    "name" : "host",
    "value" : "fv-az1308-549"
  }, {
    "name" : "thread",
    "value" : "2376-MainThread"
  }, {
    "name" : "framework",
    "value" : "pytest"
  }, {
    "name" : "language",
    "value" : "cpython3"
  }, {
    "name" : "package",
    "value" : "tests.test_speech_exercises_en"
  }, {
    "name" : "resultFormat",
    "value" : "allure2"
  } ],
  "parameters" : [ ],
  "links" : [ ],
  "hidden" : false,
  "retry" : false,
  "extra" : {
    "severity" : "normal",
    "retries" : [ ],
    "categories" : [ ],
    "history" : {
      "statistic" : {
        "failed" : 0,
        "broken" : 0,
        "skipped" : 118,
        "passed" : 2,
        "unknown" : 0,
        "total" : 120
      },
      "items" : [ {
        "uid" : "de02920633791e33",
        "reportUrl" : "https://Brain-up.github.io/auto-tests-python/448//#testresult/de02920633791e33",
        "status" : "skipped",
        "statusDetails" : "XFAIL\n\nselenium.common.exceptions.TimeoutException: Message: Can't find element by locator ('xpath', '//button[@data-test-active-link=\"Words\"]')\nStacktrace:\n#0 0x55f29154a8fa <unknown>\n#1 0x55f29105bd20 <unknown>\n#2 0x55f2910aaa66 <unknown>\n#3 0x55f2910aad01 <unknown>\n#4 0x55f2910f0184 <unknown>\n#5 0x55f2910ceb1d <unknown>\n#6 0x55f2910ed560 <unknown>\n#7 0x55f2910ce893 <unknown>\n#8 0x55f29109d30d <unknown>\n#9 0x55f29109e32e <unknown>\n#10 0x55f29151700b <unknown>\n#11 0x55f29151af97 <unknown>\n#12 0x55f29150371c <unknown>\n#13 0x55f29151bb17 <unknown>\n#14 0x55f2914e86cf <unknown>\n#15 0x55f2915396b8 <unknown>\n#16 0x55f291539880 <unknown>\n#17 0x55f291549776 <unknown>\n#18 0x7f5ccfa9ca94 <unknown>\n#19 0x7f5ccfb29c3c <unknown>",
        "time" : {
          "start" : 1736888841925,
          "stop" : 1736888862185,
          "duration" : 20260
        }
      }, {
        "uid" : "32ed2bb3615df9c5",
        "reportUrl" : "https://Brain-up.github.io/auto-tests-python/244//#testresult/32ed2bb3615df9c5",
        "status" : "skipped",
        "statusDetails" : "XFAIL\n\nselenium.common.exceptions.TimeoutException: Message: Can't find element by locator ('xpath', '//button[@data-test-active-link=\"Words\"]')\nStacktrace:\n#0 0x55d11e4e28fa <unknown>\n#1 0x55d11dff3d20 <unknown>\n#2 0x55d11e042a66 <unknown>\n#3 0x55d11e042d01 <unknown>\n#4 0x55d11e088184 <unknown>\n#5 0x55d11e066b1d <unknown>\n#6 0x55d11e085560 <unknown>\n#7 0x55d11e066893 <unknown>\n#8 0x55d11e03530d <unknown>\n#9 0x55d11e03632e <unknown>\n#10 0x55d11e4af00b <unknown>\n#11 0x55d11e4b2f97 <unknown>\n#12 0x55d11e49b71c <unknown>\n#13 0x55d11e4b3b17 <unknown>\n#14 0x55d11e4806cf <unknown>\n#15 0x55d11e4d16b8 <unknown>\n#16 0x55d11e4d1880 <unknown>\n#17 0x55d11e4e1776 <unknown>\n#18 0x7f6c08c9ca94 <unknown>\n#19 0x7f6c08d29c3c <unknown>",
        "time" : {
          "start" : 1736817113075,
          "stop" : 1736817133302,
          "duration" : 20227
        }
      }, {
        "uid" : "df5dc4d54a765ba6",
        "reportUrl" : "https://Brain-up.github.io/auto-tests-python/243//#testresult/df5dc4d54a765ba6",
        "status" : "skipped",
        "statusDetails" : "XFAIL\n\nselenium.common.exceptions.TimeoutException: Message: Can't find element by locator ('xpath', '//button[@data-test-active-link=\"Words\"]')\nStacktrace:\n#0 0x55f9e44048fa <unknown>\n#1 0x55f9e3f15d20 <unknown>\n#2 0x55f9e3f64a66 <unknown>\n#3 0x55f9e3f64d01 <unknown>\n#4 0x55f9e3faa184 <unknown>\n#5 0x55f9e3f88b1d <unknown>\n#6 0x55f9e3fa7560 <unknown>\n#7 0x55f9e3f88893 <unknown>\n#8 0x55f9e3f5730d <unknown>\n#9 0x55f9e3f5832e <unknown>\n#10 0x55f9e43d100b <unknown>\n#11 0x55f9e43d4f97 <unknown>\n#12 0x55f9e43bd71c <unknown>\n#13 0x55f9e43d5b17 <unknown>\n#14 0x55f9e43a26cf <unknown>\n#15 0x55f9e43f36b8 <unknown>\n#16 0x55f9e43f3880 <unknown>\n#17 0x55f9e4403776 <unknown>\n#18 0x7f76b3c9ca94 <unknown>\n#19 0x7f76b3d29c3c <unknown>",
        "time" : {
          "start" : 1736731003424,
          "stop" : 1736731023771,
          "duration" : 20347
        }
      }, {
        "uid" : "317cfcbe9eea4281",
        "reportUrl" : "https://Brain-up.github.io/auto-tests-python/447//#testresult/317cfcbe9eea4281",
        "status" : "skipped",
        "statusDetails" : "XFAIL\n\nselenium.common.exceptions.TimeoutException: Message: Can't find element by locator ('xpath', '//button[@data-test-active-link=\"Words\"]')\nStacktrace:\n#0 0x55aeecace8fa <unknown>\n#1 0x55aeec5dfd20 <unknown>\n#2 0x55aeec62ea66 <unknown>\n#3 0x55aeec62ed01 <unknown>\n#4 0x55aeec674184 <unknown>\n#5 0x55aeec652b1d <unknown>\n#6 0x55aeec671560 <unknown>\n#7 0x55aeec652893 <unknown>\n#8 0x55aeec62130d <unknown>\n#9 0x55aeec62232e <unknown>\n#10 0x55aeeca9b00b <unknown>\n#11 0x55aeeca9ef97 <unknown>\n#12 0x55aeeca8771c <unknown>\n#13 0x55aeeca9fb17 <unknown>\n#14 0x55aeeca6c6cf <unknown>\n#15 0x55aeecabd6b8 <unknown>\n#16 0x55aeecabd880 <unknown>\n#17 0x55aeecacd776 <unknown>\n#18 0x7f61dfe9ca94 <unknown>\n#19 0x7f61dff29c3c <unknown>",
        "time" : {
          "start" : 1736717272187,
          "stop" : 1736717292717,
          "duration" : 20530
        }
      }, {
        "uid" : "1fc48d102f4f074f",
        "reportUrl" : "https://Brain-up.github.io/auto-tests-python/446//#testresult/1fc48d102f4f074f",
        "status" : "skipped",
        "statusDetails" : "XFAIL\n\nselenium.common.exceptions.TimeoutException: Message: Can't find element by locator ('xpath', '//button[@data-test-active-link=\"Words\"]')\nStacktrace:\n#0 0x55fdb62568fa <unknown>\n#1 0x55fdb5d67d20 <unknown>\n#2 0x55fdb5db6a66 <unknown>\n#3 0x55fdb5db6d01 <unknown>\n#4 0x55fdb5dfc184 <unknown>\n#5 0x55fdb5ddab1d <unknown>\n#6 0x55fdb5df9560 <unknown>\n#7 0x55fdb5dda893 <unknown>\n#8 0x55fdb5da930d <unknown>\n#9 0x55fdb5daa32e <unknown>\n#10 0x55fdb622300b <unknown>\n#11 0x55fdb6226f97 <unknown>\n#12 0x55fdb620f71c <unknown>\n#13 0x55fdb6227b17 <unknown>\n#14 0x55fdb61f46cf <unknown>\n#15 0x55fdb62456b8 <unknown>\n#16 0x55fdb6245880 <unknown>\n#17 0x55fdb6255776 <unknown>\n#18 0x7fbb47e9ca94 <unknown>\n#19 0x7fbb47f29c3c <unknown>",
        "time" : {
          "start" : 1736714795683,
          "stop" : 1736714815913,
          "duration" : 20230
        }
      }, {
        "uid" : "ab1bbd7640fb7c0f",
        "reportUrl" : "https://Brain-up.github.io/auto-tests-python/445//#testresult/ab1bbd7640fb7c0f",
        "status" : "skipped",
        "statusDetails" : "XFAIL\n\nselenium.common.exceptions.TimeoutException: Message: Can't find element by locator ('xpath', '//button[@data-test-active-link=\"Words\"]')\nStacktrace:\n#0 0x55f83fd8c8fa <unknown>\n#1 0x55f83f89dd20 <unknown>\n#2 0x55f83f8eca66 <unknown>\n#3 0x55f83f8ecd01 <unknown>\n#4 0x55f83f932184 <unknown>\n#5 0x55f83f910b1d <unknown>\n#6 0x55f83f92f560 <unknown>\n#7 0x55f83f910893 <unknown>\n#8 0x55f83f8df30d <unknown>\n#9 0x55f83f8e032e <unknown>\n#10 0x55f83fd5900b <unknown>\n#11 0x55f83fd5cf97 <unknown>\n#12 0x55f83fd4571c <unknown>\n#13 0x55f83fd5db17 <unknown>\n#14 0x55f83fd2a6cf <unknown>\n#15 0x55f83fd7b6b8 <unknown>\n#16 0x55f83fd7b880 <unknown>\n#17 0x55f83fd8b776 <unknown>\n#18 0x7f499249ca94 <unknown>\n#19 0x7f4992529c3c <unknown>",
        "time" : {
          "start" : 1736712142891,
          "stop" : 1736712163135,
          "duration" : 20244
        }
      }, {
        "uid" : "4ae001852dcac60c",
        "reportUrl" : "https://Brain-up.github.io/auto-tests-python/444//#testresult/4ae001852dcac60c",
        "status" : "skipped",
        "statusDetails" : "XFAIL\n\nselenium.common.exceptions.TimeoutException: Message: Can't find element by locator ('xpath', '//button[@data-test-active-link=\"Words\"]')\nStacktrace:\n#0 0x563d0f9228fa <unknown>\n#1 0x563d0f433d20 <unknown>\n#2 0x563d0f482a66 <unknown>\n#3 0x563d0f482d01 <unknown>\n#4 0x563d0f4c8184 <unknown>\n#5 0x563d0f4a6b1d <unknown>\n#6 0x563d0f4c5560 <unknown>\n#7 0x563d0f4a6893 <unknown>\n#8 0x563d0f47530d <unknown>\n#9 0x563d0f47632e <unknown>\n#10 0x563d0f8ef00b <unknown>\n#11 0x563d0f8f2f97 <unknown>\n#12 0x563d0f8db71c <unknown>\n#13 0x563d0f8f3b17 <unknown>\n#14 0x563d0f8c06cf <unknown>\n#15 0x563d0f9116b8 <unknown>\n#16 0x563d0f911880 <unknown>\n#17 0x563d0f921776 <unknown>\n#18 0x7f9f2229ca94 <unknown>\n#19 0x7f9f22329c3c <unknown>",
        "time" : {
          "start" : 1736707747600,
          "stop" : 1736707767809,
          "duration" : 20209
        }
      }, {
        "uid" : "caa1f9ac80e55353",
        "reportUrl" : "https://Brain-up.github.io/auto-tests-python/242//#testresult/caa1f9ac80e55353",
        "status" : "skipped",
        "statusDetails" : "XFAIL\n\nselenium.common.exceptions.TimeoutException: Message: Can't find element by locator ('xpath', '//button[@data-test-active-link=\"Words\"]')\nStacktrace:\n#0 0x5647eef3e8fa <unknown>\n#1 0x5647eea4fd20 <unknown>\n#2 0x5647eea9ea66 <unknown>\n#3 0x5647eea9ed01 <unknown>\n#4 0x5647eeae4184 <unknown>\n#5 0x5647eeac2b1d <unknown>\n#6 0x5647eeae1560 <unknown>\n#7 0x5647eeac2893 <unknown>\n#8 0x5647eea9130d <unknown>\n#9 0x5647eea9232e <unknown>\n#10 0x5647eef0b00b <unknown>\n#11 0x5647eef0ef97 <unknown>\n#12 0x5647eeef771c <unknown>\n#13 0x5647eef0fb17 <unknown>\n#14 0x5647eeedc6cf <unknown>\n#15 0x5647eef2d6b8 <unknown>\n#16 0x5647eef2d880 <unknown>\n#17 0x5647eef3d776 <unknown>\n#18 0x7ff78469ca94 <unknown>\n#19 0x7ff784729c3c <unknown>",
        "time" : {
          "start" : 1736644722538,
          "stop" : 1736644742794,
          "duration" : 20256
        }
      }, {
        "uid" : "9410c6df02d4b611",
        "reportUrl" : "https://Brain-up.github.io/auto-tests-python/443//#testresult/9410c6df02d4b611",
        "status" : "skipped",
        "statusDetails" : "XFAIL\n\nselenium.common.exceptions.TimeoutException: Message: Can't find element by locator ('xpath', '//button[@data-test-active-link=\"Words\"]')\nStacktrace:\n#0 0x55f7d50028fa <unknown>\n#1 0x55f7d4b13d20 <unknown>\n#2 0x55f7d4b62a66 <unknown>\n#3 0x55f7d4b62d01 <unknown>\n#4 0x55f7d4ba8184 <unknown>\n#5 0x55f7d4b86b1d <unknown>\n#6 0x55f7d4ba5560 <unknown>\n#7 0x55f7d4b86893 <unknown>\n#8 0x55f7d4b5530d <unknown>\n#9 0x55f7d4b5632e <unknown>\n#10 0x55f7d4fcf00b <unknown>\n#11 0x55f7d4fd2f97 <unknown>\n#12 0x55f7d4fbb71c <unknown>\n#13 0x55f7d4fd3b17 <unknown>\n#14 0x55f7d4fa06cf <unknown>\n#15 0x55f7d4ff16b8 <unknown>\n#16 0x55f7d4ff1880 <unknown>\n#17 0x55f7d5001776 <unknown>\n#18 0x7f7f1809ca94 <unknown>\n#19 0x7f7f18129c3c <unknown>",
        "time" : {
          "start" : 1736591460226,
          "stop" : 1736591480484,
          "duration" : 20258
        }
      }, {
        "uid" : "90301ae68f436a36",
        "reportUrl" : "https://Brain-up.github.io/auto-tests-python/241//#testresult/90301ae68f436a36",
        "status" : "skipped",
        "statusDetails" : "XFAIL\n\nselenium.common.exceptions.TimeoutException: Message: Can't find element by locator ('xpath', '//button[@data-test-active-link=\"Words\"]')\nStacktrace:\n#0 0x5598e54088fa <unknown>\n#1 0x5598e4f19d20 <unknown>\n#2 0x5598e4f68a66 <unknown>\n#3 0x5598e4f68d01 <unknown>\n#4 0x5598e4fae184 <unknown>\n#5 0x5598e4f8cb1d <unknown>\n#6 0x5598e4fab560 <unknown>\n#7 0x5598e4f8c893 <unknown>\n#8 0x5598e4f5b30d <unknown>\n#9 0x5598e4f5c32e <unknown>\n#10 0x5598e53d500b <unknown>\n#11 0x5598e53d8f97 <unknown>\n#12 0x5598e53c171c <unknown>\n#13 0x5598e53d9b17 <unknown>\n#14 0x5598e53a66cf <unknown>\n#15 0x5598e53f76b8 <unknown>\n#16 0x5598e53f7880 <unknown>\n#17 0x5598e5407776 <unknown>\n#18 0x7fefbd29ca94 <unknown>\n#19 0x7fefbd329c3c <unknown>",
        "time" : {
          "start" : 1736557943581,
          "stop" : 1736557963804,
          "duration" : 20223
        }
      }, {
        "uid" : "a71979152a320ed5",
        "reportUrl" : "https://Brain-up.github.io/auto-tests-python/442//#testresult/a71979152a320ed5",
        "status" : "skipped",
        "statusDetails" : "XFAIL\n\nselenium.common.exceptions.TimeoutException: Message: Can't find element by locator ('xpath', '//button[@data-test-active-link=\"Words\"]')\nStacktrace:\n#0 0x56127cd4e8fa <unknown>\n#1 0x56127c85fd20 <unknown>\n#2 0x56127c8aea66 <unknown>\n#3 0x56127c8aed01 <unknown>\n#4 0x56127c8f4184 <unknown>\n#5 0x56127c8d2b1d <unknown>\n#6 0x56127c8f1560 <unknown>\n#7 0x56127c8d2893 <unknown>\n#8 0x56127c8a130d <unknown>\n#9 0x56127c8a232e <unknown>\n#10 0x56127cd1b00b <unknown>\n#11 0x56127cd1ef97 <unknown>\n#12 0x56127cd0771c <unknown>\n#13 0x56127cd1fb17 <unknown>\n#14 0x56127ccec6cf <unknown>\n#15 0x56127cd3d6b8 <unknown>\n#16 0x56127cd3d880 <unknown>\n#17 0x56127cd4d776 <unknown>\n#18 0x7f5963a9ca94 <unknown>\n#19 0x7f5963b29c3c <unknown>",
        "time" : {
          "start" : 1736543427366,
          "stop" : 1736543447591,
          "duration" : 20225
        }
      }, {
        "uid" : "69bd45f7613ced08",
        "reportUrl" : "https://Brain-up.github.io/auto-tests-python/240//#testresult/69bd45f7613ced08",
        "status" : "skipped",
        "statusDetails" : "XFAIL\n\nselenium.common.exceptions.StaleElementReferenceException: Message: stale element reference: stale element not found in the current frame\n  (Session info: chrome=131.0.6778.204); For documentation on this error, please visit: https://www.selenium.dev/documentation/webdriver/troubleshooting/errors#stale-element-reference-exception\nStacktrace:\n#0 0x56056a33a8fa <unknown>\n#1 0x560569e4bd20 <unknown>\n#2 0x560569e51ae3 <unknown>\n#3 0x560569e5427e <unknown>\n#4 0x560569ede5ec <unknown>\n#5 0x560569ebeaf2 <unknown>\n#6 0x560569edd560 <unknown>\n#7 0x560569ebe893 <unknown>\n#8 0x560569e8d30d <unknown>\n#9 0x560569e8e32e <unknown>\n#10 0x56056a30700b <unknown>\n#11 0x56056a30af97 <unknown>\n#12 0x56056a2f371c <unknown>\n#13 0x56056a30bb17 <unknown>\n#14 0x56056a2d86cf <unknown>\n#15 0x56056a3296b8 <unknown>\n#16 0x56056a329880 <unknown>\n#17 0x56056a339776 <unknown>\n#18 0x7fc0a2a9ca94 <unknown>\n#19 0x7fc0a2b29c3c <unknown>",
        "time" : {
          "start" : 1736471672691,
          "stop" : 1736471673962,
          "duration" : 1271
        }
      }, {
        "uid" : "a7d4d773baea5aef",
        "reportUrl" : "https://Brain-up.github.io/auto-tests-python/441//#testresult/a7d4d773baea5aef",
        "status" : "skipped",
        "statusDetails" : "XFAIL\n\nselenium.common.exceptions.TimeoutException: Message: Can't find element by locator ('xpath', '//button[@data-test-active-link=\"Words\"]')\nStacktrace:\n#0 0x564b178e08fa <unknown>\n#1 0x564b173f1d20 <unknown>\n#2 0x564b17440a66 <unknown>\n#3 0x564b17440d01 <unknown>\n#4 0x564b17486184 <unknown>\n#5 0x564b17464b1d <unknown>\n#6 0x564b17483560 <unknown>\n#7 0x564b17464893 <unknown>\n#8 0x564b1743330d <unknown>\n#9 0x564b1743432e <unknown>\n#10 0x564b178ad00b <unknown>\n#11 0x564b178b0f97 <unknown>\n#12 0x564b1789971c <unknown>\n#13 0x564b178b1b17 <unknown>\n#14 0x564b1787e6cf <unknown>\n#15 0x564b178cf6b8 <unknown>\n#16 0x564b178cf880 <unknown>\n#17 0x564b178df776 <unknown>\n#18 0x7f68bb09ca94 <unknown>\n#19 0x7f68bb129c3c <unknown>",
        "time" : {
          "start" : 1736422269943,
          "stop" : 1736422290155,
          "duration" : 20212
        }
      }, {
        "uid" : "9ac2ee24228bf99c",
        "reportUrl" : "https://Brain-up.github.io/auto-tests-python/239//#testresult/9ac2ee24228bf99c",
        "status" : "skipped",
        "statusDetails" : "XFAIL\n\nselenium.common.exceptions.TimeoutException: Message: Can't find element by locator ('xpath', '//button[@data-test-active-link=\"Words\"]')\nStacktrace:\n#0 0x562a4e7928fa <unknown>\n#1 0x562a4e2a3d20 <unknown>\n#2 0x562a4e2f2a66 <unknown>\n#3 0x562a4e2f2d01 <unknown>\n#4 0x562a4e338184 <unknown>\n#5 0x562a4e316b1d <unknown>\n#6 0x562a4e335560 <unknown>\n#7 0x562a4e316893 <unknown>\n#8 0x562a4e2e530d <unknown>\n#9 0x562a4e2e632e <unknown>\n#10 0x562a4e75f00b <unknown>\n#11 0x562a4e762f97 <unknown>\n#12 0x562a4e74b71c <unknown>\n#13 0x562a4e763b17 <unknown>\n#14 0x562a4e7306cf <unknown>\n#15 0x562a4e7816b8 <unknown>\n#16 0x562a4e781880 <unknown>\n#17 0x562a4e791776 <unknown>\n#18 0x7fc55089ca94 <unknown>\n#19 0x7fc550929c3c <unknown>",
        "time" : {
          "start" : 1736385318784,
          "stop" : 1736385341387,
          "duration" : 22603
        }
      }, {
        "uid" : "4b11c7baadc1fa81",
        "reportUrl" : "https://Brain-up.github.io/auto-tests-python/440//#testresult/4b11c7baadc1fa81",
        "status" : "skipped",
        "statusDetails" : "XFAIL\n\nselenium.common.exceptions.TimeoutException: Message: Can't find element by locator ('xpath', '//button[@data-test-active-link=\"Words\"]')\nStacktrace:\n#0 0x55b72fa658fa <unknown>\n#1 0x55b72f576d20 <unknown>\n#2 0x55b72f5c5a66 <unknown>\n#3 0x55b72f5c5d01 <unknown>\n#4 0x55b72f60b184 <unknown>\n#5 0x55b72f5e9b1d <unknown>\n#6 0x55b72f608560 <unknown>\n#7 0x55b72f5e9893 <unknown>\n#8 0x55b72f5b830d <unknown>\n#9 0x55b72f5b932e <unknown>\n#10 0x55b72fa3200b <unknown>\n#11 0x55b72fa35f97 <unknown>\n#12 0x55b72fa1e71c <unknown>\n#13 0x55b72fa36b17 <unknown>\n#14 0x55b72fa036cf <unknown>\n#15 0x55b72fa546b8 <unknown>\n#16 0x55b72fa54880 <unknown>\n#17 0x55b72fa64776 <unknown>\n#18 0x7f9a9f29ca94 <unknown>\n#19 0x7f9a9f329c3c <unknown>",
        "time" : {
          "start" : 1736368134403,
          "stop" : 1736368154652,
          "duration" : 20249
        }
      }, {
        "uid" : "b8b324dc652509f5",
        "reportUrl" : "https://Brain-up.github.io/auto-tests-python/238//#testresult/b8b324dc652509f5",
        "status" : "skipped",
        "statusDetails" : "XFAIL\n\nselenium.common.exceptions.TimeoutException: Message: Can't find element by locator ('xpath', '//button[@data-test-active-link=\"Words\"]')\nStacktrace:\n#0 0x559c1798e31a <unknown>\n#1 0x559c174a46e0 <unknown>\n#2 0x559c174f33e6 <unknown>\n#3 0x559c174f3681 <unknown>\n#4 0x559c17538b04 <unknown>\n#5 0x559c1751748d <unknown>\n#6 0x559c17535ed7 <unknown>\n#7 0x559c17517203 <unknown>\n#8 0x559c174e5cc0 <unknown>\n#9 0x559c174e6c9e <unknown>\n#10 0x559c1795bd0b <unknown>\n#11 0x559c1795fc92 <unknown>\n#12 0x559c17948b3c <unknown>\n#13 0x559c17960807 <unknown>\n#14 0x559c1792e0df <unknown>\n#15 0x559c1797d578 <unknown>\n#16 0x559c1797d740 <unknown>\n#17 0x559c1798d196 <unknown>\n#18 0x7fd65c49ca94 <unknown>\n#19 0x7fd65c529c3c <unknown>",
        "time" : {
          "start" : 1736298727276,
          "stop" : 1736298747522,
          "duration" : 20246
        }
      }, {
        "uid" : "8ac90afce2381f7",
        "reportUrl" : "https://Brain-up.github.io/auto-tests-python/237//#testresult/8ac90afce2381f7",
        "status" : "skipped",
        "statusDetails" : "XFAIL\n\nselenium.common.exceptions.TimeoutException: Message: Can't find element by locator ('xpath', '//button[@data-test-active-link=\"Words\"]')\nStacktrace:\n#0 0x560776b3931a <unknown>\n#1 0x56077664f6e0 <unknown>\n#2 0x56077669e3e6 <unknown>\n#3 0x56077669e681 <unknown>\n#4 0x5607766e3b04 <unknown>\n#5 0x5607766c248d <unknown>\n#6 0x5607766e0ed7 <unknown>\n#7 0x5607766c2203 <unknown>\n#8 0x560776690cc0 <unknown>\n#9 0x560776691c9e <unknown>\n#10 0x560776b06d0b <unknown>\n#11 0x560776b0ac92 <unknown>\n#12 0x560776af3b3c <unknown>\n#13 0x560776b0b807 <unknown>\n#14 0x560776ad90df <unknown>\n#15 0x560776b28578 <unknown>\n#16 0x560776b28740 <unknown>\n#17 0x560776b38196 <unknown>\n#18 0x7f781789ca94 <unknown>\n#19 0x7f7817929c3c <unknown>",
        "time" : {
          "start" : 1736212581384,
          "stop" : 1736212601605,
          "duration" : 20221
        }
      }, {
        "uid" : "d67d6f1f1baffc02",
        "reportUrl" : "https://Brain-up.github.io/auto-tests-python/439//#testresult/d67d6f1f1baffc02",
        "status" : "skipped",
        "statusDetails" : "XFAIL\n\nselenium.common.exceptions.TimeoutException: Message: Can't find element by locator ('xpath', '//button[@data-test-active-link=\"Words\"]')\nStacktrace:\n#0 0x560c87acf31a <unknown>\n#1 0x560c875e56e0 <unknown>\n#2 0x560c876343e6 <unknown>\n#3 0x560c87634681 <unknown>\n#4 0x560c87679b04 <unknown>\n#5 0x560c8765848d <unknown>\n#6 0x560c87676ed7 <unknown>\n#7 0x560c87658203 <unknown>\n#8 0x560c87626cc0 <unknown>\n#9 0x560c87627c9e <unknown>\n#10 0x560c87a9cd0b <unknown>\n#11 0x560c87aa0c92 <unknown>\n#12 0x560c87a89b3c <unknown>\n#13 0x560c87aa1807 <unknown>\n#14 0x560c87a6f0df <unknown>\n#15 0x560c87abe578 <unknown>\n#16 0x560c87abe740 <unknown>\n#17 0x560c87ace196 <unknown>\n#18 0x7fe13c69ca94 <unknown>\n#19 0x7fe13c729c3c <unknown>",
        "time" : {
          "start" : 1736198776038,
          "stop" : 1736198796316,
          "duration" : 20278
        }
      }, {
        "uid" : "347332ba4d9d161c",
        "reportUrl" : "https://Brain-up.github.io/auto-tests-python/438//#testresult/347332ba4d9d161c",
        "status" : "skipped",
        "statusDetails" : "XFAIL\n\nselenium.common.exceptions.TimeoutException: Message: Can't find element by locator ('xpath', '//button[@data-test-active-link=\"Words\"]')\nStacktrace:\n#0 0x5575b0cd831a <unknown>\n#1 0x5575b07ee6e0 <unknown>\n#2 0x5575b083d3e6 <unknown>\n#3 0x5575b083d681 <unknown>\n#4 0x5575b0882b04 <unknown>\n#5 0x5575b086148d <unknown>\n#6 0x5575b087fed7 <unknown>\n#7 0x5575b0861203 <unknown>\n#8 0x5575b082fcc0 <unknown>\n#9 0x5575b0830c9e <unknown>\n#10 0x5575b0ca5d0b <unknown>\n#11 0x5575b0ca9c92 <unknown>\n#12 0x5575b0c92b3c <unknown>\n#13 0x5575b0caa807 <unknown>\n#14 0x5575b0c780df <unknown>\n#15 0x5575b0cc7578 <unknown>\n#16 0x5575b0cc7740 <unknown>\n#17 0x5575b0cd7196 <unknown>\n#18 0x7f0e45a9ca94 <unknown>\n#19 0x7f0e45b29c3c <unknown>",
        "time" : {
          "start" : 1736196048069,
          "stop" : 1736196068307,
          "duration" : 20238
        }
      }, {
        "uid" : "769a7a669af4c1e4",
        "reportUrl" : "https://Brain-up.github.io/auto-tests-python/236//#testresult/769a7a669af4c1e4",
        "status" : "skipped",
        "statusDetails" : "XFAIL\n\nselenium.common.exceptions.TimeoutException: Message: Can't find element by locator ('xpath', '//button[@data-test-active-link=\"Words\"]')\nStacktrace:\n#0 0x560438cff31a <unknown>\n#1 0x5604388156e0 <unknown>\n#2 0x5604388643e6 <unknown>\n#3 0x560438864681 <unknown>\n#4 0x5604388a9b04 <unknown>\n#5 0x56043888848d <unknown>\n#6 0x5604388a6ed7 <unknown>\n#7 0x560438888203 <unknown>\n#8 0x560438856cc0 <unknown>\n#9 0x560438857c9e <unknown>\n#10 0x560438cccd0b <unknown>\n#11 0x560438cd0c92 <unknown>\n#12 0x560438cb9b3c <unknown>\n#13 0x560438cd1807 <unknown>\n#14 0x560438c9f0df <unknown>\n#15 0x560438cee578 <unknown>\n#16 0x560438cee740 <unknown>\n#17 0x560438cfe196 <unknown>\n#18 0x7f5cbb69ca94 <unknown>\n#19 0x7f5cbb729c3c <unknown>",
        "time" : {
          "start" : 1736126186762,
          "stop" : 1736126207077,
          "duration" : 20315
        }
      } ]
    },
    "tags" : [ "@pytest.mark.xfail" ]
  },
  "source" : "4e9f7e3e04f75fb8.json",
  "parameterValues" : [ ]
}