{
  "uid" : "469c648859b32de8",
  "name" : "Check progres-bar and buttons.",
  "fullName" : "tests.test_speech_exercises_en.TestCardsEN#test_progress_bar_is_present_en",
  "historyId" : "efb827312bdd34b296637645e49b0897",
  "time" : {
    "start" : 1754289443102,
    "stop" : 1754289453535,
    "duration" : 10433
  },
  "status" : "skipped",
  "statusMessage" : "XFAIL\n\nselenium.common.exceptions.TimeoutException: Message: Can't find element by locator ('xpath', '//button[@data-test-active-link=\"Words\"]')\nStacktrace:\n#0 0x56440910087a <unknown>\n#1 0x564408ba52e0 <unknown>\n#2 0x564408bf6e00 <unknown>\n#3 0x564408bf6ff1 <unknown>\n#4 0x564408c45324 <unknown>\n#5 0x564408c1c8dd <unknown>\n#6 0x564408c4271c <unknown>\n#7 0x564408c1c683 <unknown>\n#8 0x564408be8b5b <unknown>\n#9 0x564408be9f31 <unknown>\n#10 0x5644090c57cb <unknown>\n#11 0x5644090c95d4 <unknown>\n#12 0x5644090ac2c9 <unknown>\n#13 0x5644090ca178 <unknown>\n#14 0x5644090906bf <unknown>\n#15 0x5644090ede78 <unknown>\n#16 0x5644090ee056 <unknown>\n#17 0x5644090ffb96 <unknown>\n#18 0x7efe1de9caa4 <unknown>\n#19 0x7efe1df29c3c <unknown>",
  "statusTrace" : "self = <tests.test_speech_exercises_en.TestCardsEN object at 0x7f6e890d9190>\ndriver = <selenium.webdriver.chrome.webdriver.WebDriver (session=\"143295b7b86f977e672b8b321c2d5aab\")>\nspecialist_user_authorized = None\n\n    @pytest.mark.xfail\n    @allure.suite(\"Speech exercises EN.\")\n    @allure.title('Check progres-bar and buttons.')\n    def test_progress_bar_is_present_en(self, driver, specialist_user_authorized):\n        page = SpeechExercisesPage(driver)\n>       page.select_group(SpeechExercisesPageLocators.WORDS_BUTTON_EN)\n\ntests/test_speech_exercises_en.py:34: \n_ _ _ _ _ _ _ _ _ _ _ _ _ _ _ _ _ _ _ _ _ _ _ _ _ _ _ _ _ _ _ _ _ _ _ _ _ _ _ _ \npages/speech_exercises_page_en.py:18: in select_group\n    text_of_the_button = self.element_is_present_and_clickable(selector_for_sub_group)\npages/base_page.py:40: in element_is_present_and_clickable\n    return (Wait(self.driver, self.timeout).until(\n_ _ _ _ _ _ _ _ _ _ _ _ _ _ _ _ _ _ _ _ _ _ _ _ _ _ _ _ _ _ _ _ _ _ _ _ _ _ _ _ \n\nself = <selenium.webdriver.support.wait.WebDriverWait (session=\"143295b7b86f977e672b8b321c2d5aab\")>\nmethod = <function visibility_of_element_located.<locals>._predicate at 0x7f6e88e6dee0>\nmessage = 'Can\\'t find element by locator (\\'xpath\\', \\'//button[@data-test-active-link=\"Words\"]\\')'\n\n    def until(self, method, message: str = \"\"):\n        \"\"\"Calls the method provided with the driver as an argument until the \\\n        return value does not evaluate to ``False``.\n    \n        :param method: callable(WebDriver)\n        :param message: optional message for :exc:`TimeoutException`\n        :returns: the result of the last call to `method`\n        :raises: :exc:`selenium.common.exceptions.TimeoutException` if timeout occurs\n        \"\"\"\n        screen = None\n        stacktrace = None\n    \n        end_time = time.monotonic() + self._timeout\n        while True:\n            try:\n                value = method(self._driver)\n                if value:\n                    return value\n            except self._ignored_exceptions as exc:\n                screen = getattr(exc, \"screen\", None)\n                stacktrace = getattr(exc, \"stacktrace\", None)\n            time.sleep(self._poll)\n            if time.monotonic() > end_time:\n                break\n>       raise TimeoutException(message, screen, stacktrace)\nE       selenium.common.exceptions.TimeoutException: Message: Can't find element by locator ('xpath', '//button[@data-test-active-link=\"Words\"]')\nE       Stacktrace:\nE       #0 0x56440910087a <unknown>\nE       #1 0x564408ba52e0 <unknown>\nE       #2 0x564408bf6e00 <unknown>\nE       #3 0x564408bf6ff1 <unknown>\nE       #4 0x564408c45324 <unknown>\nE       #5 0x564408c1c8dd <unknown>\nE       #6 0x564408c4271c <unknown>\nE       #7 0x564408c1c683 <unknown>\nE       #8 0x564408be8b5b <unknown>\nE       #9 0x564408be9f31 <unknown>\nE       #10 0x5644090c57cb <unknown>\nE       #11 0x5644090c95d4 <unknown>\nE       #12 0x5644090ac2c9 <unknown>\nE       #13 0x5644090ca178 <unknown>\nE       #14 0x5644090906bf <unknown>\nE       #15 0x5644090ede78 <unknown>\nE       #16 0x5644090ee056 <unknown>\nE       #17 0x5644090ffb96 <unknown>\nE       #18 0x7efe1de9caa4 <unknown>\nE       #19 0x7efe1df29c3c <unknown>\n\n/opt/hostedtoolcache/Python/3.12.11/x64/lib/python3.12/site-packages/selenium/webdriver/support/wait.py:95: TimeoutException",
  "flaky" : false,
  "newFailed" : false,
  "beforeStages" : [ {
    "name" : "clear_allure_results_folder",
    "time" : {
      "start" : 1754288183301,
      "stop" : 1754288183301,
      "duration" : 0
    },
    "status" : "passed",
    "steps" : [ ],
    "attachments" : [ ],
    "parameters" : [ ],
    "stepsCount" : 0,
    "attachmentsCount" : 0,
    "shouldDisplayMessage" : false,
    "hasContent" : false
  }, {
    "name" : "driver",
    "time" : {
      "start" : 1754289436573,
      "stop" : 1754289437412,
      "duration" : 839
    },
    "status" : "passed",
    "steps" : [ ],
    "attachments" : [ ],
    "parameters" : [ ],
    "stepsCount" : 0,
    "attachmentsCount" : 0,
    "shouldDisplayMessage" : false,
    "hasContent" : false
  }, {
    "name" : "main_page_open",
    "time" : {
      "start" : 1754289437413,
      "stop" : 1754289440670,
      "duration" : 3257
    },
    "status" : "passed",
    "steps" : [ {
      "name" : "Open page: https://www.brainup.site/",
      "time" : {
        "start" : 1754289437413,
        "stop" : 1754289440669,
        "duration" : 3256
      },
      "status" : "passed",
      "steps" : [ ],
      "attachments" : [ ],
      "parameters" : [ {
        "name" : "driver",
        "value" : "<selenium.webdriver.chrome.webdriver.WebDriver (session=\"143295b7b86f977e672b8b321c2d5aab\")>"
      } ],
      "stepsCount" : 0,
      "attachmentsCount" : 0,
      "shouldDisplayMessage" : false,
      "hasContent" : true
    } ],
    "attachments" : [ ],
    "parameters" : [ ],
    "stepsCount" : 1,
    "attachmentsCount" : 0,
    "shouldDisplayMessage" : false,
    "hasContent" : true
  }, {
    "name" : "specialist_user_authorized",
    "time" : {
      "start" : 1754289440670,
      "stop" : 1754289443101,
      "duration" : 2431
    },
    "status" : "passed",
    "steps" : [ {
      "name" : "USER specialist authorized",
      "time" : {
        "start" : 1754289440670,
        "stop" : 1754289443101,
        "duration" : 2431
      },
      "status" : "passed",
      "steps" : [ {
        "name" : "Check url is present: https://www.brainup.site/groups",
        "time" : {
          "start" : 1754289441046,
          "stop" : 1754289443078,
          "duration" : 2032
        },
        "status" : "passed",
        "steps" : [ ],
        "attachments" : [ ],
        "parameters" : [ ],
        "stepsCount" : 0,
        "attachmentsCount" : 0,
        "shouldDisplayMessage" : false,
        "hasContent" : false
      }, {
        "name" : "Loader checking",
        "time" : {
          "start" : 1754289443078,
          "stop" : 1754289443101,
          "duration" : 23
        },
        "status" : "passed",
        "steps" : [ ],
        "attachments" : [ ],
        "parameters" : [ ],
        "stepsCount" : 0,
        "attachmentsCount" : 0,
        "shouldDisplayMessage" : false,
        "hasContent" : false
      } ],
      "attachments" : [ ],
      "parameters" : [ {
        "name" : "driver",
        "value" : "<selenium.webdriver.chrome.webdriver.WebDriver (session=\"143295b7b86f977e672b8b321c2d5aab\")>"
      }, {
        "name" : "main_page_open",
        "value" : "None"
      } ],
      "stepsCount" : 2,
      "attachmentsCount" : 0,
      "shouldDisplayMessage" : false,
      "hasContent" : true
    } ],
    "attachments" : [ ],
    "parameters" : [ ],
    "stepsCount" : 3,
    "attachmentsCount" : 0,
    "shouldDisplayMessage" : false,
    "hasContent" : true
  } ],
  "testStage" : {
    "status" : "skipped",
    "statusMessage" : "XFAIL\n\nselenium.common.exceptions.TimeoutException: Message: Can't find element by locator ('xpath', '//button[@data-test-active-link=\"Words\"]')\nStacktrace:\n#0 0x56440910087a <unknown>\n#1 0x564408ba52e0 <unknown>\n#2 0x564408bf6e00 <unknown>\n#3 0x564408bf6ff1 <unknown>\n#4 0x564408c45324 <unknown>\n#5 0x564408c1c8dd <unknown>\n#6 0x564408c4271c <unknown>\n#7 0x564408c1c683 <unknown>\n#8 0x564408be8b5b <unknown>\n#9 0x564408be9f31 <unknown>\n#10 0x5644090c57cb <unknown>\n#11 0x5644090c95d4 <unknown>\n#12 0x5644090ac2c9 <unknown>\n#13 0x5644090ca178 <unknown>\n#14 0x5644090906bf <unknown>\n#15 0x5644090ede78 <unknown>\n#16 0x5644090ee056 <unknown>\n#17 0x5644090ffb96 <unknown>\n#18 0x7efe1de9caa4 <unknown>\n#19 0x7efe1df29c3c <unknown>",
    "statusTrace" : "self = <tests.test_speech_exercises_en.TestCardsEN object at 0x7f6e890d9190>\ndriver = <selenium.webdriver.chrome.webdriver.WebDriver (session=\"143295b7b86f977e672b8b321c2d5aab\")>\nspecialist_user_authorized = None\n\n    @pytest.mark.xfail\n    @allure.suite(\"Speech exercises EN.\")\n    @allure.title('Check progres-bar and buttons.')\n    def test_progress_bar_is_present_en(self, driver, specialist_user_authorized):\n        page = SpeechExercisesPage(driver)\n>       page.select_group(SpeechExercisesPageLocators.WORDS_BUTTON_EN)\n\ntests/test_speech_exercises_en.py:34: \n_ _ _ _ _ _ _ _ _ _ _ _ _ _ _ _ _ _ _ _ _ _ _ _ _ _ _ _ _ _ _ _ _ _ _ _ _ _ _ _ \npages/speech_exercises_page_en.py:18: in select_group\n    text_of_the_button = self.element_is_present_and_clickable(selector_for_sub_group)\npages/base_page.py:40: in element_is_present_and_clickable\n    return (Wait(self.driver, self.timeout).until(\n_ _ _ _ _ _ _ _ _ _ _ _ _ _ _ _ _ _ _ _ _ _ _ _ _ _ _ _ _ _ _ _ _ _ _ _ _ _ _ _ \n\nself = <selenium.webdriver.support.wait.WebDriverWait (session=\"143295b7b86f977e672b8b321c2d5aab\")>\nmethod = <function visibility_of_element_located.<locals>._predicate at 0x7f6e88e6dee0>\nmessage = 'Can\\'t find element by locator (\\'xpath\\', \\'//button[@data-test-active-link=\"Words\"]\\')'\n\n    def until(self, method, message: str = \"\"):\n        \"\"\"Calls the method provided with the driver as an argument until the \\\n        return value does not evaluate to ``False``.\n    \n        :param method: callable(WebDriver)\n        :param message: optional message for :exc:`TimeoutException`\n        :returns: the result of the last call to `method`\n        :raises: :exc:`selenium.common.exceptions.TimeoutException` if timeout occurs\n        \"\"\"\n        screen = None\n        stacktrace = None\n    \n        end_time = time.monotonic() + self._timeout\n        while True:\n            try:\n                value = method(self._driver)\n                if value:\n                    return value\n            except self._ignored_exceptions as exc:\n                screen = getattr(exc, \"screen\", None)\n                stacktrace = getattr(exc, \"stacktrace\", None)\n            time.sleep(self._poll)\n            if time.monotonic() > end_time:\n                break\n>       raise TimeoutException(message, screen, stacktrace)\nE       selenium.common.exceptions.TimeoutException: Message: Can't find element by locator ('xpath', '//button[@data-test-active-link=\"Words\"]')\nE       Stacktrace:\nE       #0 0x56440910087a <unknown>\nE       #1 0x564408ba52e0 <unknown>\nE       #2 0x564408bf6e00 <unknown>\nE       #3 0x564408bf6ff1 <unknown>\nE       #4 0x564408c45324 <unknown>\nE       #5 0x564408c1c8dd <unknown>\nE       #6 0x564408c4271c <unknown>\nE       #7 0x564408c1c683 <unknown>\nE       #8 0x564408be8b5b <unknown>\nE       #9 0x564408be9f31 <unknown>\nE       #10 0x5644090c57cb <unknown>\nE       #11 0x5644090c95d4 <unknown>\nE       #12 0x5644090ac2c9 <unknown>\nE       #13 0x5644090ca178 <unknown>\nE       #14 0x5644090906bf <unknown>\nE       #15 0x5644090ede78 <unknown>\nE       #16 0x5644090ee056 <unknown>\nE       #17 0x5644090ffb96 <unknown>\nE       #18 0x7efe1de9caa4 <unknown>\nE       #19 0x7efe1df29c3c <unknown>\n\n/opt/hostedtoolcache/Python/3.12.11/x64/lib/python3.12/site-packages/selenium/webdriver/support/wait.py:95: TimeoutException",
    "steps" : [ {
      "name" : "select_group",
      "time" : {
        "start" : 1754289443102,
        "stop" : 1754289453535,
        "duration" : 10433
      },
      "status" : "broken",
      "statusMessage" : "selenium.common.exceptions.TimeoutException: Message: Can't find element by locator ('xpath', '//button[@data-test-active-link=\"Words\"]')\nStacktrace:\n#0 0x56440910087a <unknown>\n#1 0x564408ba52e0 <unknown>\n#2 0x564408bf6e00 <unknown>\n#3 0x564408bf6ff1 <unknown>\n#4 0x564408c45324 <unknown>\n#5 0x564408c1c8dd <unknown>\n#6 0x564408c4271c <unknown>\n#7 0x564408c1c683 <unknown>\n#8 0x564408be8b5b <unknown>\n#9 0x564408be9f31 <unknown>\n#10 0x5644090c57cb <unknown>\n#11 0x5644090c95d4 <unknown>\n#12 0x5644090ac2c9 <unknown>\n#13 0x5644090ca178 <unknown>\n#14 0x5644090906bf <unknown>\n#15 0x5644090ede78 <unknown>\n#16 0x5644090ee056 <unknown>\n#17 0x5644090ffb96 <unknown>\n#18 0x7efe1de9caa4 <unknown>\n#19 0x7efe1df29c3c <unknown>\n\n",
      "statusTrace" : "  File \"/opt/hostedtoolcache/Python/3.12.11/x64/lib/python3.12/site-packages/allure_commons/_allure.py\", line 192, in impl\n    return func(*a, **kw)\n           ^^^^^^^^^^^^^^\n  File \"/home/runner/work/auto-tests-python/auto-tests-python/pages/speech_exercises_page_en.py\", line 18, in select_group\n    text_of_the_button = self.element_is_present_and_clickable(selector_for_sub_group)\n                         ^^^^^^^^^^^^^^^^^^^^^^^^^^^^^^^^^^^^^^^^^^^^^^^^^^^^^^^^^^^^^\n  File \"/home/runner/work/auto-tests-python/auto-tests-python/pages/base_page.py\", line 40, in element_is_present_and_clickable\n    return (Wait(self.driver, self.timeout).until(\n            ^^^^^^^^^^^^^^^^^^^^^^^^^^^^^^^^^^^^^^\n  File \"/opt/hostedtoolcache/Python/3.12.11/x64/lib/python3.12/site-packages/selenium/webdriver/support/wait.py\", line 95, in until\n    raise TimeoutException(message, screen, stacktrace)\n",
      "steps" : [ {
        "name" : "Select Russian language. Click \"EN\" button.",
        "time" : {
          "start" : 1754289443102,
          "stop" : 1754289443180,
          "duration" : 78
        },
        "status" : "passed",
        "steps" : [ ],
        "attachments" : [ ],
        "parameters" : [ ],
        "stepsCount" : 0,
        "attachmentsCount" : 0,
        "shouldDisplayMessage" : false,
        "hasContent" : false
      }, {
        "name" : "Click button \"SPEECH EXERCISES\".",
        "time" : {
          "start" : 1754289443180,
          "stop" : 1754289443257,
          "duration" : 77
        },
        "status" : "passed",
        "steps" : [ ],
        "attachments" : [ ],
        "parameters" : [ ],
        "stepsCount" : 0,
        "attachmentsCount" : 0,
        "shouldDisplayMessage" : false,
        "hasContent" : false
      } ],
      "attachments" : [ ],
      "parameters" : [ {
        "name" : "selector_for_sub_group",
        "value" : "('xpath', '//button[@data-test-active-link=\"Words\"]')"
      } ],
      "stepsCount" : 2,
      "attachmentsCount" : 0,
      "shouldDisplayMessage" : true,
      "hasContent" : true
    } ],
    "attachments" : [ ],
    "parameters" : [ ],
    "stepsCount" : 3,
    "attachmentsCount" : 0,
    "shouldDisplayMessage" : true,
    "hasContent" : true
  },
  "afterStages" : [ {
    "name" : "driver::0",
    "time" : {
      "start" : 1754289453546,
      "stop" : 1754289453612,
      "duration" : 66
    },
    "status" : "passed",
    "steps" : [ ],
    "attachments" : [ ],
    "parameters" : [ ],
    "stepsCount" : 0,
    "attachmentsCount" : 0,
    "shouldDisplayMessage" : false,
    "hasContent" : false
  } ],
  "labels" : [ {
    "name" : "epic",
    "value" : "Speech exercises."
  }, {
    "name" : "suite",
    "value" : "Speech exercises EN."
  }, {
    "name" : "tag",
    "value" : "@pytest.mark.xfail"
  }, {
    "name" : "parentSuite",
    "value" : "tests"
  }, {
    "name" : "subSuite",
    "value" : "TestCardsEN"
  }, {
    "name" : "host",
    "value" : "pkrvmjbmru5nbw0"
  }, {
    "name" : "thread",
    "value" : "2553-MainThread"
  }, {
    "name" : "framework",
    "value" : "pytest"
  }, {
    "name" : "language",
    "value" : "cpython3"
  }, {
    "name" : "package",
    "value" : "tests.test_speech_exercises_en"
  }, {
    "name" : "resultFormat",
    "value" : "allure2"
  } ],
  "parameters" : [ ],
  "links" : [ ],
  "hidden" : false,
  "retry" : false,
  "extra" : {
    "severity" : "normal",
    "retries" : [ ],
    "categories" : [ ],
    "history" : {
      "statistic" : {
        "failed" : 0,
        "broken" : 0,
        "skipped" : 273,
        "passed" : 6,
        "unknown" : 0,
        "total" : 279
      },
      "items" : [ {
        "uid" : "db3b4d7fc15489f4",
        "reportUrl" : "https://Brain-up.github.io/auto-tests-python/646//#testresult/db3b4d7fc15489f4",
        "status" : "skipped",
        "statusDetails" : "XFAIL\n\nselenium.common.exceptions.TimeoutException: Message: Can't find element by locator ('xpath', '//button[@data-test-active-link=\"Words\"]')\nStacktrace:\n#0 0x5589bbbd587a <unknown>\n#1 0x5589bb67a2e0 <unknown>\n#2 0x5589bb6cbe00 <unknown>\n#3 0x5589bb6cbff1 <unknown>\n#4 0x5589bb71a324 <unknown>\n#5 0x5589bb6f18dd <unknown>\n#6 0x5589bb71771c <unknown>\n#7 0x5589bb6f1683 <unknown>\n#8 0x5589bb6bdb5b <unknown>\n#9 0x5589bb6bef31 <unknown>\n#10 0x5589bbb9a7cb <unknown>\n#11 0x5589bbb9e5d4 <unknown>\n#12 0x5589bbb812c9 <unknown>\n#13 0x5589bbb9f178 <unknown>\n#14 0x5589bbb656bf <unknown>\n#15 0x5589bbbc2e78 <unknown>\n#16 0x5589bbbc3056 <unknown>\n#17 0x5589bbbd4b96 <unknown>\n#18 0x7f4b12e9caa4 <unknown>\n#19 0x7f4b12f29c3c <unknown>",
        "time" : {
          "start" : 1754225868008,
          "stop" : 1754225878530,
          "duration" : 10522
        }
      }, {
        "uid" : "b68a02cc34fffef4",
        "reportUrl" : "https://Brain-up.github.io/auto-tests-python/645//#testresult/b68a02cc34fffef4",
        "status" : "skipped",
        "statusDetails" : "XFAIL\n\nselenium.common.exceptions.TimeoutException: Message: Can't find element by locator ('xpath', '//button[@data-test-active-link=\"Words\"]')\nStacktrace:\n#0 0x55c9fd85e87a <unknown>\n#1 0x55c9fd3032e0 <unknown>\n#2 0x55c9fd354e00 <unknown>\n#3 0x55c9fd354ff1 <unknown>\n#4 0x55c9fd3a3324 <unknown>\n#5 0x55c9fd37a8dd <unknown>\n#6 0x55c9fd3a071c <unknown>\n#7 0x55c9fd37a683 <unknown>\n#8 0x55c9fd346b5b <unknown>\n#9 0x55c9fd347f31 <unknown>\n#10 0x55c9fd8237cb <unknown>\n#11 0x55c9fd8275d4 <unknown>\n#12 0x55c9fd80a2c9 <unknown>\n#13 0x55c9fd828178 <unknown>\n#14 0x55c9fd7ee6bf <unknown>\n#15 0x55c9fd84be78 <unknown>\n#16 0x55c9fd84c056 <unknown>\n#17 0x55c9fd85db96 <unknown>\n#18 0x7fa2ff89caa4 <unknown>\n#19 0x7fa2ff929c3c <unknown>",
        "time" : {
          "start" : 1754129269924,
          "stop" : 1754129280330,
          "duration" : 10406
        }
      }, {
        "uid" : "1c89c00fe3e8bd4b",
        "reportUrl" : "https://Brain-up.github.io/auto-tests-python/644//#testresult/1c89c00fe3e8bd4b",
        "status" : "skipped",
        "statusDetails" : "XFAIL\n\nselenium.common.exceptions.TimeoutException: Message: Can't find element by locator ('xpath', '//button[@data-test-active-link=\"Words\"]')\nStacktrace:\n#0 0x563d0429787a <unknown>\n#1 0x563d03d3c2e0 <unknown>\n#2 0x563d03d8de00 <unknown>\n#3 0x563d03d8dff1 <unknown>\n#4 0x563d03ddc324 <unknown>\n#5 0x563d03db38dd <unknown>\n#6 0x563d03dd971c <unknown>\n#7 0x563d03db3683 <unknown>\n#8 0x563d03d7fb5b <unknown>\n#9 0x563d03d80f31 <unknown>\n#10 0x563d0425c7cb <unknown>\n#11 0x563d042605d4 <unknown>\n#12 0x563d042432c9 <unknown>\n#13 0x563d04261178 <unknown>\n#14 0x563d042276bf <unknown>\n#15 0x563d04284e78 <unknown>\n#16 0x563d04285056 <unknown>\n#17 0x563d04296b96 <unknown>\n#18 0x7f0708c9caa4 <unknown>\n#19 0x7f0708d29c3c <unknown>",
        "time" : {
          "start" : 1754034635758,
          "stop" : 1754034646252,
          "duration" : 10494
        }
      }, {
        "uid" : "7a2841a365f9a396",
        "reportUrl" : "https://Brain-up.github.io/auto-tests-python/643//#testresult/7a2841a365f9a396",
        "status" : "skipped",
        "statusDetails" : "XFAIL\n\nselenium.common.exceptions.TimeoutException: Message: Can't find element by locator ('xpath', '//button[@data-test-active-link=\"Words\"]')\nStacktrace:\n#0 0x55dc5200487a <unknown>\n#1 0x55dc51aa92e0 <unknown>\n#2 0x55dc51afae00 <unknown>\n#3 0x55dc51afaff1 <unknown>\n#4 0x55dc51b49324 <unknown>\n#5 0x55dc51b208dd <unknown>\n#6 0x55dc51b4671c <unknown>\n#7 0x55dc51b20683 <unknown>\n#8 0x55dc51aecb5b <unknown>\n#9 0x55dc51aedf31 <unknown>\n#10 0x55dc51fc97cb <unknown>\n#11 0x55dc51fcd5d4 <unknown>\n#12 0x55dc51fb02c9 <unknown>\n#13 0x55dc51fce178 <unknown>\n#14 0x55dc51f946bf <unknown>\n#15 0x55dc51ff1e78 <unknown>\n#16 0x55dc51ff2056 <unknown>\n#17 0x55dc52003b96 <unknown>\n#18 0x7f3a0d49caa4 <unknown>\n#19 0x7f3a0d529c3c <unknown>",
        "time" : {
          "start" : 1753947955799,
          "stop" : 1753947966278,
          "duration" : 10479
        }
      }, {
        "uid" : "8946868df5502c9c",
        "reportUrl" : "https://Brain-up.github.io/auto-tests-python/642//#testresult/8946868df5502c9c",
        "status" : "skipped",
        "statusDetails" : "XFAIL\n\nselenium.common.exceptions.TimeoutException: Message: Can't find element by locator ('xpath', '//button[@data-test-active-link=\"Words\"]')\nStacktrace:\n#0 0x561157fbf87a <unknown>\n#1 0x561157a642e0 <unknown>\n#2 0x561157ab5e00 <unknown>\n#3 0x561157ab5ff1 <unknown>\n#4 0x561157b04324 <unknown>\n#5 0x561157adb8dd <unknown>\n#6 0x561157b0171c <unknown>\n#7 0x561157adb683 <unknown>\n#8 0x561157aa7b5b <unknown>\n#9 0x561157aa8f31 <unknown>\n#10 0x561157f847cb <unknown>\n#11 0x561157f885d4 <unknown>\n#12 0x561157f6b2c9 <unknown>\n#13 0x561157f89178 <unknown>\n#14 0x561157f4f6bf <unknown>\n#15 0x561157face78 <unknown>\n#16 0x561157fad056 <unknown>\n#17 0x561157fbeb96 <unknown>\n#18 0x7f2625a9caa4 <unknown>\n#19 0x7f2625b29c3c <unknown>",
        "time" : {
          "start" : 1753879396854,
          "stop" : 1753879407270,
          "duration" : 10416
        }
      }, {
        "uid" : "9862ecee01a99fec",
        "reportUrl" : "https://Brain-up.github.io/auto-tests-python/641//#testresult/9862ecee01a99fec",
        "status" : "skipped",
        "statusDetails" : "XFAIL\n\nselenium.common.exceptions.TimeoutException: Message: Can't find element by locator ('xpath', '//button[@data-test-active-link=\"Words\"]')\nStacktrace:\n#0 0x561d69d2b7da <unknown>\n#1 0x561d697d02e0 <unknown>\n#2 0x561d69821e00 <unknown>\n#3 0x561d69821ff1 <unknown>\n#4 0x561d69870324 <unknown>\n#5 0x561d698478dd <unknown>\n#6 0x561d6986d71c <unknown>\n#7 0x561d69847683 <unknown>\n#8 0x561d69813b5b <unknown>\n#9 0x561d69814f31 <unknown>\n#10 0x561d69cf072b <unknown>\n#11 0x561d69cf4534 <unknown>\n#12 0x561d69cd7229 <unknown>\n#13 0x561d69cf50d8 <unknown>\n#14 0x561d69cbb61f <unknown>\n#15 0x561d69d18dd8 <unknown>\n#16 0x561d69d18fb6 <unknown>\n#17 0x561d69d2aaf6 <unknown>\n#18 0x7f971a89caa4 <unknown>\n#19 0x7f971a929c3c <unknown>",
        "time" : {
          "start" : 1753777738939,
          "stop" : 1753777749343,
          "duration" : 10404
        }
      }, {
        "uid" : "29a687893d27650c",
        "reportUrl" : "https://Brain-up.github.io/auto-tests-python/640//#testresult/29a687893d27650c",
        "status" : "skipped",
        "statusDetails" : "XFAIL\n\nselenium.common.exceptions.TimeoutException: Message: Can't find element by locator ('xpath', '//button[@data-test-active-link=\"Words\"]')\nStacktrace:\n#0 0x5619a267c7da <unknown>\n#1 0x5619a21212e0 <unknown>\n#2 0x5619a2172e00 <unknown>\n#3 0x5619a2172ff1 <unknown>\n#4 0x5619a21c1324 <unknown>\n#5 0x5619a21988dd <unknown>\n#6 0x5619a21be71c <unknown>\n#7 0x5619a2198683 <unknown>\n#8 0x5619a2164b5b <unknown>\n#9 0x5619a2165f31 <unknown>\n#10 0x5619a264172b <unknown>\n#11 0x5619a2645534 <unknown>\n#12 0x5619a2628229 <unknown>\n#13 0x5619a26460d8 <unknown>\n#14 0x5619a260c61f <unknown>\n#15 0x5619a2669dd8 <unknown>\n#16 0x5619a2669fb6 <unknown>\n#17 0x5619a267baf6 <unknown>\n#18 0x7f3f2509caa4 <unknown>\n#19 0x7f3f25129c3c <unknown>",
        "time" : {
          "start" : 1753687654953,
          "stop" : 1753687665354,
          "duration" : 10401
        }
      }, {
        "uid" : "e616211e1a93f238",
        "reportUrl" : "https://Brain-up.github.io/auto-tests-python/639//#testresult/e616211e1a93f238",
        "status" : "skipped",
        "statusDetails" : "XFAIL\n\nselenium.common.exceptions.TimeoutException: Message: Can't find element by locator ('xpath', '//button[@data-test-active-link=\"Words\"]')\nStacktrace:\n#0 0x55a1219567da <unknown>\n#1 0x55a1213fb2e0 <unknown>\n#2 0x55a12144ce00 <unknown>\n#3 0x55a12144cff1 <unknown>\n#4 0x55a12149b324 <unknown>\n#5 0x55a1214728dd <unknown>\n#6 0x55a12149871c <unknown>\n#7 0x55a121472683 <unknown>\n#8 0x55a12143eb5b <unknown>\n#9 0x55a12143ff31 <unknown>\n#10 0x55a12191b72b <unknown>\n#11 0x55a12191f534 <unknown>\n#12 0x55a121902229 <unknown>\n#13 0x55a1219200d8 <unknown>\n#14 0x55a1218e661f <unknown>\n#15 0x55a121943dd8 <unknown>\n#16 0x55a121943fb6 <unknown>\n#17 0x55a121955af6 <unknown>\n#18 0x7f64d429caa4 <unknown>\n#19 0x7f64d4329c3c <unknown>",
        "time" : {
          "start" : 1753563648794,
          "stop" : 1753563659447,
          "duration" : 10653
        }
      }, {
        "uid" : "437f5d641b92f3fb",
        "reportUrl" : "https://Brain-up.github.io/auto-tests-python/638//#testresult/437f5d641b92f3fb",
        "status" : "skipped",
        "statusDetails" : "XFAIL\n\nselenium.common.exceptions.TimeoutException: Message: Can't find element by locator ('xpath', '//button[@data-test-active-link=\"Words\"]')\nStacktrace:\n#0 0x55c65151a7da <unknown>\n#1 0x55c650fbf2e0 <unknown>\n#2 0x55c651010e00 <unknown>\n#3 0x55c651010ff1 <unknown>\n#4 0x55c65105f324 <unknown>\n#5 0x55c6510368dd <unknown>\n#6 0x55c65105c71c <unknown>\n#7 0x55c651036683 <unknown>\n#8 0x55c651002b5b <unknown>\n#9 0x55c651003f31 <unknown>\n#10 0x55c6514df72b <unknown>\n#11 0x55c6514e3534 <unknown>\n#12 0x55c6514c6229 <unknown>\n#13 0x55c6514e40d8 <unknown>\n#14 0x55c6514aa61f <unknown>\n#15 0x55c651507dd8 <unknown>\n#16 0x55c651507fb6 <unknown>\n#17 0x55c651519af6 <unknown>\n#18 0x7f427e69caa4 <unknown>\n#19 0x7f427e729c3c <unknown>",
        "time" : {
          "start" : 1753439618530,
          "stop" : 1753439629035,
          "duration" : 10505
        }
      }, {
        "uid" : "d22034104a6b865b",
        "reportUrl" : "https://Brain-up.github.io/auto-tests-python/637//#testresult/d22034104a6b865b",
        "status" : "skipped",
        "statusDetails" : "XFAIL\n\nselenium.common.exceptions.TimeoutException: Message: Can't find element by locator ('xpath', '//button[@data-test-active-link=\"Words\"]')\nStacktrace:\n#0 0x55c33e0b17da <unknown>\n#1 0x55c33db562e0 <unknown>\n#2 0x55c33dba7e00 <unknown>\n#3 0x55c33dba7ff1 <unknown>\n#4 0x55c33dbf6324 <unknown>\n#5 0x55c33dbcd8dd <unknown>\n#6 0x55c33dbf371c <unknown>\n#7 0x55c33dbcd683 <unknown>\n#8 0x55c33db99b5b <unknown>\n#9 0x55c33db9af31 <unknown>\n#10 0x55c33e07672b <unknown>\n#11 0x55c33e07a534 <unknown>\n#12 0x55c33e05d229 <unknown>\n#13 0x55c33e07b0d8 <unknown>\n#14 0x55c33e04161f <unknown>\n#15 0x55c33e09edd8 <unknown>\n#16 0x55c33e09efb6 <unknown>\n#17 0x55c33e0b0af6 <unknown>\n#18 0x7f1c7ea9caa4 <unknown>\n#19 0x7f1c7eb29c3c <unknown>",
        "time" : {
          "start" : 1753357854802,
          "stop" : 1753357865216,
          "duration" : 10414
        }
      }, {
        "uid" : "a8dd9de57b992485",
        "reportUrl" : "https://Brain-up.github.io/auto-tests-python/636//#testresult/a8dd9de57b992485",
        "status" : "skipped",
        "statusDetails" : "XFAIL\n\nselenium.common.exceptions.TimeoutException: Message: Can't find element by locator ('xpath', '//button[@data-test-active-link=\"Words\"]')\nStacktrace:\n#0 0x564ff6e017da <unknown>\n#1 0x564ff68a62e0 <unknown>\n#2 0x564ff68f7e00 <unknown>\n#3 0x564ff68f7ff1 <unknown>\n#4 0x564ff6946324 <unknown>\n#5 0x564ff691d8dd <unknown>\n#6 0x564ff694371c <unknown>\n#7 0x564ff691d683 <unknown>\n#8 0x564ff68e9b5b <unknown>\n#9 0x564ff68eaf31 <unknown>\n#10 0x564ff6dc672b <unknown>\n#11 0x564ff6dca534 <unknown>\n#12 0x564ff6dad229 <unknown>\n#13 0x564ff6dcb0d8 <unknown>\n#14 0x564ff6d9161f <unknown>\n#15 0x564ff6deedd8 <unknown>\n#16 0x564ff6deefb6 <unknown>\n#17 0x564ff6e00af6 <unknown>\n#18 0x7f655dc9caa4 <unknown>\n#19 0x7f655dd29c3c <unknown>",
        "time" : {
          "start" : 1753262935230,
          "stop" : 1753262945724,
          "duration" : 10494
        }
      }, {
        "uid" : "3bf56beb49229bd7",
        "reportUrl" : "https://Brain-up.github.io/auto-tests-python/635//#testresult/3bf56beb49229bd7",
        "status" : "skipped",
        "statusDetails" : "XFAIL\n\nselenium.common.exceptions.TimeoutException: Message: Can't find element by locator ('xpath', '//button[@data-test-active-link=\"Words\"]')\nStacktrace:\n#0 0x558a897aa23a <unknown>\n#1 0x558a89254ab0 <unknown>\n#2 0x558a892a66f0 <unknown>\n#3 0x558a892a68e1 <unknown>\n#4 0x558a892f4b94 <unknown>\n#5 0x558a892cc1cd <unknown>\n#6 0x558a892f1fee <unknown>\n#7 0x558a892cbf73 <unknown>\n#8 0x558a89298aeb <unknown>\n#9 0x558a89299751 <unknown>\n#10 0x558a8976eb4b <unknown>\n#11 0x558a89772929 <unknown>\n#12 0x558a89755929 <unknown>\n#13 0x558a897734e8 <unknown>\n#14 0x558a8973a0df <unknown>\n#15 0x558a897978e8 <unknown>\n#16 0x558a89797ac6 <unknown>\n#17 0x558a897a9556 <unknown>\n#18 0x7fdee189caa4 <unknown>\n#19 0x7fdee1929c3c <unknown>",
        "time" : {
          "start" : 1753180122807,
          "stop" : 1753180133222,
          "duration" : 10415
        }
      }, {
        "uid" : "ebba57d4df71d2a1",
        "reportUrl" : "https://Brain-up.github.io/auto-tests-python/633//#testresult/ebba57d4df71d2a1",
        "status" : "skipped",
        "statusDetails" : "XFAIL\n\nselenium.common.exceptions.TimeoutException: Message: Can't find element by locator ('xpath', '//button[@data-test-active-link=\"Words\"]')\nStacktrace:\n#0 0x55f207c1323a <unknown>\n#1 0x55f2076bdab0 <unknown>\n#2 0x55f20770f6f0 <unknown>\n#3 0x55f20770f8e1 <unknown>\n#4 0x55f20775db94 <unknown>\n#5 0x55f2077351cd <unknown>\n#6 0x55f20775afee <unknown>\n#7 0x55f207734f73 <unknown>\n#8 0x55f207701aeb <unknown>\n#9 0x55f207702751 <unknown>\n#10 0x55f207bd7b4b <unknown>\n#11 0x55f207bdb929 <unknown>\n#12 0x55f207bbe929 <unknown>\n#13 0x55f207bdc4e8 <unknown>\n#14 0x55f207ba30df <unknown>\n#15 0x55f207c008e8 <unknown>\n#16 0x55f207c00ac6 <unknown>\n#17 0x55f207c12556 <unknown>\n#18 0x7f92c329caa4 <unknown>\n#19 0x7f92c3329c3c <unknown>",
        "time" : {
          "start" : 1753176147520,
          "stop" : 1753176157936,
          "duration" : 10416
        }
      }, {
        "uid" : "a35dea2cd1417b6d",
        "reportUrl" : "https://Brain-up.github.io/auto-tests-python/634//#testresult/a35dea2cd1417b6d",
        "status" : "passed",
        "statusDetails" : "XPASS",
        "time" : {
          "start" : 1753174141156,
          "stop" : 1753174149399,
          "duration" : 8243
        }
      }, {
        "uid" : "bb0b84a4d821a2cb",
        "reportUrl" : "https://Brain-up.github.io/auto-tests-python/632//#testresult/bb0b84a4d821a2cb",
        "status" : "skipped",
        "statusDetails" : "XFAIL\n\nselenium.common.exceptions.TimeoutException: Message: Can't find element by locator ('xpath', '//button[@data-test-active-link=\"Words\"]')\nStacktrace:\n#0 0x55c96d35c23a <unknown>\n#1 0x55c96ce06ab0 <unknown>\n#2 0x55c96ce586f0 <unknown>\n#3 0x55c96ce588e1 <unknown>\n#4 0x55c96cea6b94 <unknown>\n#5 0x55c96ce7e1cd <unknown>\n#6 0x55c96cea3fee <unknown>\n#7 0x55c96ce7df73 <unknown>\n#8 0x55c96ce4aaeb <unknown>\n#9 0x55c96ce4b751 <unknown>\n#10 0x55c96d320b4b <unknown>\n#11 0x55c96d324929 <unknown>\n#12 0x55c96d307929 <unknown>\n#13 0x55c96d3254e8 <unknown>\n#14 0x55c96d2ec0df <unknown>\n#15 0x55c96d3498e8 <unknown>\n#16 0x55c96d349ac6 <unknown>\n#17 0x55c96d35b556 <unknown>\n#18 0x7f5e4569caa4 <unknown>\n#19 0x7f5e45729c3c <unknown>",
        "time" : {
          "start" : 1752870903184,
          "stop" : 1752870913689,
          "duration" : 10505
        }
      }, {
        "uid" : "778299af415c3076",
        "reportUrl" : "https://Brain-up.github.io/auto-tests-python/631//#testresult/778299af415c3076",
        "status" : "skipped",
        "statusDetails" : "XFAIL\n\nselenium.common.exceptions.TimeoutException: Message: Can't find element by locator ('xpath', '//button[@data-test-active-link=\"Words\"]')\nStacktrace:\n#0 0x5564a415b23a <unknown>\n#1 0x5564a3c05ab0 <unknown>\n#2 0x5564a3c576f0 <unknown>\n#3 0x5564a3c578e1 <unknown>\n#4 0x5564a3ca5b94 <unknown>\n#5 0x5564a3c7d1cd <unknown>\n#6 0x5564a3ca2fee <unknown>\n#7 0x5564a3c7cf73 <unknown>\n#8 0x5564a3c49aeb <unknown>\n#9 0x5564a3c4a751 <unknown>\n#10 0x5564a411fb4b <unknown>\n#11 0x5564a4123929 <unknown>\n#12 0x5564a4106929 <unknown>\n#13 0x5564a41244e8 <unknown>\n#14 0x5564a40eb0df <unknown>\n#15 0x5564a41488e8 <unknown>\n#16 0x5564a4148ac6 <unknown>\n#17 0x5564a415a556 <unknown>\n#18 0x7ff05c49caa4 <unknown>\n#19 0x7ff05c529c3c <unknown>",
        "time" : {
          "start" : 1752734707355,
          "stop" : 1752734717759,
          "duration" : 10404
        }
      }, {
        "uid" : "8fe021be9c96c078",
        "reportUrl" : "https://Brain-up.github.io/auto-tests-python/630//#testresult/8fe021be9c96c078",
        "status" : "skipped",
        "statusDetails" : "XFAIL\n\nselenium.common.exceptions.TimeoutException: Message: Can't find element by locator ('xpath', '//button[@data-test-active-link=\"Words\"]')\nStacktrace:\n#0 0x55ba8c54f23a <unknown>\n#1 0x55ba8bff9ab0 <unknown>\n#2 0x55ba8c04b6f0 <unknown>\n#3 0x55ba8c04b8e1 <unknown>\n#4 0x55ba8c099b94 <unknown>\n#5 0x55ba8c0711cd <unknown>\n#6 0x55ba8c096fee <unknown>\n#7 0x55ba8c070f73 <unknown>\n#8 0x55ba8c03daeb <unknown>\n#9 0x55ba8c03e751 <unknown>\n#10 0x55ba8c513b4b <unknown>\n#11 0x55ba8c517929 <unknown>\n#12 0x55ba8c4fa929 <unknown>\n#13 0x55ba8c5184e8 <unknown>\n#14 0x55ba8c4df0df <unknown>\n#15 0x55ba8c53c8e8 <unknown>\n#16 0x55ba8c53cac6 <unknown>\n#17 0x55ba8c54e556 <unknown>\n#18 0x7f353349caa4 <unknown>\n#19 0x7f3533529c3c <unknown>",
        "time" : {
          "start" : 1752675193082,
          "stop" : 1752675203504,
          "duration" : 10422
        }
      }, {
        "uid" : "ed7bdb185b6a7474",
        "reportUrl" : "https://Brain-up.github.io/auto-tests-python/629//#testresult/ed7bdb185b6a7474",
        "status" : "skipped",
        "statusDetails" : "XFAIL\n\nselenium.common.exceptions.TimeoutException: Message: Can't find element by locator ('xpath', '//button[@data-test-active-link=\"Words\"]')\nStacktrace:\n#0 0x560ff9a7923a <unknown>\n#1 0x560ff9523ab0 <unknown>\n#2 0x560ff95756f0 <unknown>\n#3 0x560ff95758e1 <unknown>\n#4 0x560ff95c3b94 <unknown>\n#5 0x560ff959b1cd <unknown>\n#6 0x560ff95c0fee <unknown>\n#7 0x560ff959af73 <unknown>\n#8 0x560ff9567aeb <unknown>\n#9 0x560ff9568751 <unknown>\n#10 0x560ff9a3db4b <unknown>\n#11 0x560ff9a41929 <unknown>\n#12 0x560ff9a24929 <unknown>\n#13 0x560ff9a424e8 <unknown>\n#14 0x560ff9a090df <unknown>\n#15 0x560ff9a668e8 <unknown>\n#16 0x560ff9a66ac6 <unknown>\n#17 0x560ff9a78556 <unknown>\n#18 0x7fba2189caa4 <unknown>\n#19 0x7fba21929c3c <unknown>",
        "time" : {
          "start" : 1752571856678,
          "stop" : 1752571867087,
          "duration" : 10409
        }
      }, {
        "uid" : "e79d5de9bcedb2df",
        "reportUrl" : "https://Brain-up.github.io/auto-tests-python/628//#testresult/e79d5de9bcedb2df",
        "status" : "skipped",
        "statusDetails" : "XFAIL\n\nselenium.common.exceptions.TimeoutException: Message: Can't find element by locator ('xpath', '//button[@data-test-active-link=\"Words\"]')\nStacktrace:\n#0 0x5607743a023a <unknown>\n#1 0x560773e4aab0 <unknown>\n#2 0x560773e9c6f0 <unknown>\n#3 0x560773e9c8e1 <unknown>\n#4 0x560773eeab94 <unknown>\n#5 0x560773ec21cd <unknown>\n#6 0x560773ee7fee <unknown>\n#7 0x560773ec1f73 <unknown>\n#8 0x560773e8eaeb <unknown>\n#9 0x560773e8f751 <unknown>\n#10 0x560774364b4b <unknown>\n#11 0x560774368929 <unknown>\n#12 0x56077434b929 <unknown>\n#13 0x5607743694e8 <unknown>\n#14 0x5607743300df <unknown>\n#15 0x56077438d8e8 <unknown>\n#16 0x56077438dac6 <unknown>\n#17 0x56077439f556 <unknown>\n#18 0x7f7db1a9caa4 <unknown>\n#19 0x7f7db1b29c3c <unknown>",
        "time" : {
          "start" : 1752485409582,
          "stop" : 1752485420064,
          "duration" : 10482
        }
      }, {
        "uid" : "c06801abe3a3cbff",
        "reportUrl" : "https://Brain-up.github.io/auto-tests-python/627//#testresult/c06801abe3a3cbff",
        "status" : "skipped",
        "statusDetails" : "XFAIL\n\nselenium.common.exceptions.TimeoutException: Message: Can't find element by locator ('xpath', '//button[@data-test-active-link=\"Words\"]')\nStacktrace:\n#0 0x557d1751123a <unknown>\n#1 0x557d16fbbab0 <unknown>\n#2 0x557d1700d6f0 <unknown>\n#3 0x557d1700d8e1 <unknown>\n#4 0x557d1705bb94 <unknown>\n#5 0x557d170331cd <unknown>\n#6 0x557d17058fee <unknown>\n#7 0x557d17032f73 <unknown>\n#8 0x557d16fffaeb <unknown>\n#9 0x557d17000751 <unknown>\n#10 0x557d174d5b4b <unknown>\n#11 0x557d174d9929 <unknown>\n#12 0x557d174bc929 <unknown>\n#13 0x557d174da4e8 <unknown>\n#14 0x557d174a10df <unknown>\n#15 0x557d174fe8e8 <unknown>\n#16 0x557d174feac6 <unknown>\n#17 0x557d17510556 <unknown>\n#18 0x7fb0df69caa4 <unknown>\n#19 0x7fb0df729c3c <unknown>",
        "time" : {
          "start" : 1752402496203,
          "stop" : 1752402506617,
          "duration" : 10414
        }
      } ]
    },
    "tags" : [ "@pytest.mark.xfail" ]
  },
  "source" : "469c648859b32de8.json",
  "parameterValues" : [ ]
}