{
  "uid" : "a5e7c56b98ac7824",
  "name" : "Check statistic table.",
  "fullName" : "tests.test_speech_exercises_ru.TestCardsRU#test_get_statistic_data",
  "historyId" : "15df626f86a935fbcd917f7ea4002a26",
  "time" : {
    "start" : 1737924422202,
    "stop" : 1737924423510,
    "duration" : 1308
  },
  "status" : "skipped",
  "statusMessage" : "XFAIL\n\nselenium.common.exceptions.StaleElementReferenceException: Message: stale element reference: stale element not found in the current frame\n  (Session info: chrome=132.0.6834.83); For documentation on this error, please visit: https://www.selenium.dev/documentation/webdriver/troubleshooting/errors#stale-element-reference-exception\nStacktrace:\n#0 0x55def0c447ca <unknown>\n#1 0x55def073c2f0 <unknown>\n#2 0x55def07422f1 <unknown>\n#3 0x55def0744988 <unknown>\n#4 0x55def0744a13 <unknown>\n#5 0x55def0786608 <unknown>\n#6 0x55def07b09b2 <unknown>\n#7 0x55def077fb78 <unknown>\n#8 0x55def07b0b7e <unknown>\n#9 0x55def07cf3b3 <unknown>\n#10 0x55def07b0753 <unknown>\n#11 0x55def077dbaa <unknown>\n#12 0x55def077edfe <unknown>\n#13 0x55def0c0f38b <unknown>\n#14 0x55def0c13307 <unknown>\n#15 0x55def0bfbe7c <unknown>\n#16 0x55def0c13ec7 <unknown>\n#17 0x55def0be024f <unknown>\n#18 0x55def0c332f8 <unknown>\n#19 0x55def0c334c0 <unknown>\n#20 0x55def0c43646 <unknown>\n#21 0x7fb21b49ca94 <unknown>\n#22 0x7fb21b529c3c <unknown>",
  "statusTrace" : "self = <tests.test_speech_exercises_ru.TestCardsRU object at 0x7f1011968c20>\ndriver = <selenium.webdriver.chrome.webdriver.WebDriver (session=\"62b1c2fa0ad1f2f12d7c43eacf2cd80b\")>\ndefault_user_authorized = None\n\n    @pytest.mark.xfail\n    @allure.suite('Statistic.')\n    @allure.title('Check statistic table.')\n    def test_get_statistic_data(self, driver, default_user_authorized):\n        page = SpeechExercisesPageRU(driver)\n>       table = page.get_statistic_data()\n\ntests/test_speech_exercises_ru.py:192: \n_ _ _ _ _ _ _ _ _ _ _ _ _ _ _ _ _ _ _ _ _ _ _ _ _ _ _ _ _ _ _ _ _ _ _ _ _ _ _ _ \npages/speech_exercises_page_ru.py:179: in get_statistic_data\n    title = [i.text for i in titles]\n/opt/hostedtoolcache/Python/3.12.8/x64/lib/python3.12/site-packages/selenium/webdriver/remote/webelement.py:89: in text\n    return self._execute(Command.GET_ELEMENT_TEXT)[\"value\"]\n/opt/hostedtoolcache/Python/3.12.8/x64/lib/python3.12/site-packages/selenium/webdriver/remote/webelement.py:394: in _execute\n    return self._parent.execute(command, params)\n/opt/hostedtoolcache/Python/3.12.8/x64/lib/python3.12/site-packages/selenium/webdriver/remote/webdriver.py:344: in execute\n    self.error_handler.check_response(response)\n_ _ _ _ _ _ _ _ _ _ _ _ _ _ _ _ _ _ _ _ _ _ _ _ _ _ _ _ _ _ _ _ _ _ _ _ _ _ _ _ \n\nself = <selenium.webdriver.remote.errorhandler.ErrorHandler object at 0x7f1011ae63f0>\nresponse = {'status': 404, 'value': '{\"value\":{\"error\":\"stale element reference\",\"message\":\"stale element reference: stale elemen...\\\\n#20 0x55def0c43646 \\\\u003Cunknown>\\\\n#21 0x7fb21b49ca94 \\\\u003Cunknown>\\\\n#22 0x7fb21b529c3c \\\\u003Cunknown>\\\\n\"}}'}\n\n    def check_response(self, response: Dict[str, Any]) -> None:\n        \"\"\"Checks that a JSON response from the WebDriver does not have an\n        error.\n    \n        :Args:\n         - response - The JSON response from the WebDriver server as a dictionary\n           object.\n    \n        :Raises: If the response contains an error message.\n        \"\"\"\n        status = response.get(\"status\", None)\n        if not status or status == ErrorCode.SUCCESS:\n            return\n        value = None\n        message = response.get(\"message\", \"\")\n        screen: str = response.get(\"screen\", \"\")\n        stacktrace = None\n        if isinstance(status, int):\n            value_json = response.get(\"value\", None)\n            if value_json and isinstance(value_json, str):\n                import json\n    \n                try:\n                    value = json.loads(value_json)\n                    if len(value) == 1:\n                        value = value[\"value\"]\n                    status = value.get(\"error\", None)\n                    if not status:\n                        status = value.get(\"status\", ErrorCode.UNKNOWN_ERROR)\n                        message = value.get(\"value\") or value.get(\"message\")\n                        if not isinstance(message, str):\n                            value = message\n                            message = message.get(\"message\")\n                    else:\n                        message = value.get(\"message\", None)\n                except ValueError:\n                    pass\n    \n        exception_class: Type[WebDriverException]\n        e = ErrorCode()\n        error_codes = [item for item in dir(e) if not item.startswith(\"__\")]\n        for error_code in error_codes:\n            error_info = getattr(ErrorCode, error_code)\n            if isinstance(error_info, list) and status in error_info:\n                exception_class = getattr(ExceptionMapping, error_code, WebDriverException)\n                break\n        else:\n            exception_class = WebDriverException\n    \n        if not value:\n            value = response[\"value\"]\n        if isinstance(value, str):\n            raise exception_class(value)\n        if message == \"\" and \"message\" in value:\n            message = value[\"message\"]\n    \n        screen = None  # type: ignore[assignment]\n        if \"screen\" in value:\n            screen = value[\"screen\"]\n    \n        stacktrace = None\n        st_value = value.get(\"stackTrace\") or value.get(\"stacktrace\")\n        if st_value:\n            if isinstance(st_value, str):\n                stacktrace = st_value.split(\"\\n\")\n            else:\n                stacktrace = []\n                try:\n                    for frame in st_value:\n                        line = frame.get(\"lineNumber\", \"\")\n                        file = frame.get(\"fileName\", \"<anonymous>\")\n                        if line:\n                            file = f\"{file}:{line}\"\n                        meth = frame.get(\"methodName\", \"<anonymous>\")\n                        if \"className\" in frame:\n                            meth = f\"{frame['className']}.{meth}\"\n                        msg = \"    at %s (%s)\"\n                        msg = msg % (meth, file)\n                        stacktrace.append(msg)\n                except TypeError:\n                    pass\n        if exception_class == UnexpectedAlertPresentException:\n            alert_text = None\n            if \"data\" in value:\n                alert_text = value[\"data\"].get(\"text\")\n            elif \"alert\" in value:\n                alert_text = value[\"alert\"].get(\"text\")\n            raise exception_class(message, screen, stacktrace, alert_text)  # type: ignore[call-arg]  # mypy is not smart enough here\n>       raise exception_class(message, screen, stacktrace)\nE       selenium.common.exceptions.StaleElementReferenceException: Message: stale element reference: stale element not found in the current frame\nE         (Session info: chrome=132.0.6834.83); For documentation on this error, please visit: https://www.selenium.dev/documentation/webdriver/troubleshooting/errors#stale-element-reference-exception\nE       Stacktrace:\nE       #0 0x55def0c447ca <unknown>\nE       #1 0x55def073c2f0 <unknown>\nE       #2 0x55def07422f1 <unknown>\nE       #3 0x55def0744988 <unknown>\nE       #4 0x55def0744a13 <unknown>\nE       #5 0x55def0786608 <unknown>\nE       #6 0x55def07b09b2 <unknown>\nE       #7 0x55def077fb78 <unknown>\nE       #8 0x55def07b0b7e <unknown>\nE       #9 0x55def07cf3b3 <unknown>\nE       #10 0x55def07b0753 <unknown>\nE       #11 0x55def077dbaa <unknown>\nE       #12 0x55def077edfe <unknown>\nE       #13 0x55def0c0f38b <unknown>\nE       #14 0x55def0c13307 <unknown>\nE       #15 0x55def0bfbe7c <unknown>\nE       #16 0x55def0c13ec7 <unknown>\nE       #17 0x55def0be024f <unknown>\nE       #18 0x55def0c332f8 <unknown>\nE       #19 0x55def0c334c0 <unknown>\nE       #20 0x55def0c43646 <unknown>\nE       #21 0x7fb21b49ca94 <unknown>\nE       #22 0x7fb21b529c3c <unknown>\n\n/opt/hostedtoolcache/Python/3.12.8/x64/lib/python3.12/site-packages/selenium/webdriver/remote/errorhandler.py:229: StaleElementReferenceException",
  "flaky" : false,
  "newFailed" : false,
  "beforeStages" : [ {
    "name" : "clear_allure_results_folder",
    "time" : {
      "start" : 1737922975368,
      "stop" : 1737922975368,
      "duration" : 0
    },
    "status" : "passed",
    "steps" : [ ],
    "attachments" : [ ],
    "parameters" : [ ],
    "stepsCount" : 0,
    "attachmentsCount" : 0,
    "shouldDisplayMessage" : false,
    "hasContent" : false
  }, {
    "name" : "main_page_open",
    "time" : {
      "start" : 1737924416910,
      "stop" : 1737924419774,
      "duration" : 2864
    },
    "status" : "passed",
    "steps" : [ {
      "name" : "Open page: https://www.brainup.site/",
      "time" : {
        "start" : 1737924416910,
        "stop" : 1737924419774,
        "duration" : 2864
      },
      "status" : "passed",
      "steps" : [ ],
      "attachments" : [ ],
      "parameters" : [ {
        "name" : "driver",
        "value" : "<selenium.webdriver.chrome.webdriver.WebDriver (session=\"62b1c2fa0ad1f2f12d7c43eacf2cd80b\")>"
      } ],
      "stepsCount" : 0,
      "attachmentsCount" : 0,
      "shouldDisplayMessage" : false,
      "hasContent" : true
    } ],
    "attachments" : [ ],
    "parameters" : [ ],
    "stepsCount" : 1,
    "attachmentsCount" : 0,
    "shouldDisplayMessage" : false,
    "hasContent" : true
  }, {
    "name" : "driver",
    "time" : {
      "start" : 1737924416167,
      "stop" : 1737924416910,
      "duration" : 743
    },
    "status" : "passed",
    "steps" : [ ],
    "attachments" : [ ],
    "parameters" : [ ],
    "stepsCount" : 0,
    "attachmentsCount" : 0,
    "shouldDisplayMessage" : false,
    "hasContent" : false
  }, {
    "name" : "default_user_authorized",
    "time" : {
      "start" : 1737924419774,
      "stop" : 1737924422202,
      "duration" : 2428
    },
    "status" : "passed",
    "steps" : [ {
      "name" : "DEFAULT user authorized",
      "time" : {
        "start" : 1737924419774,
        "stop" : 1737924422202,
        "duration" : 2428
      },
      "status" : "passed",
      "steps" : [ {
        "name" : "Check url is present: https://www.brainup.site/groups",
        "time" : {
          "start" : 1737924420164,
          "stop" : 1737924422180,
          "duration" : 2016
        },
        "status" : "passed",
        "steps" : [ ],
        "attachments" : [ ],
        "parameters" : [ ],
        "stepsCount" : 0,
        "attachmentsCount" : 0,
        "shouldDisplayMessage" : false,
        "hasContent" : false
      }, {
        "name" : "Loader checking",
        "time" : {
          "start" : 1737924422181,
          "stop" : 1737924422202,
          "duration" : 21
        },
        "status" : "passed",
        "steps" : [ ],
        "attachments" : [ ],
        "parameters" : [ ],
        "stepsCount" : 0,
        "attachmentsCount" : 0,
        "shouldDisplayMessage" : false,
        "hasContent" : false
      } ],
      "attachments" : [ ],
      "parameters" : [ {
        "name" : "driver",
        "value" : "<selenium.webdriver.chrome.webdriver.WebDriver (session=\"62b1c2fa0ad1f2f12d7c43eacf2cd80b\")>"
      }, {
        "name" : "main_page_open",
        "value" : "None"
      } ],
      "stepsCount" : 2,
      "attachmentsCount" : 0,
      "shouldDisplayMessage" : false,
      "hasContent" : true
    } ],
    "attachments" : [ ],
    "parameters" : [ ],
    "stepsCount" : 3,
    "attachmentsCount" : 0,
    "shouldDisplayMessage" : false,
    "hasContent" : true
  } ],
  "testStage" : {
    "status" : "skipped",
    "statusMessage" : "XFAIL\n\nselenium.common.exceptions.StaleElementReferenceException: Message: stale element reference: stale element not found in the current frame\n  (Session info: chrome=132.0.6834.83); For documentation on this error, please visit: https://www.selenium.dev/documentation/webdriver/troubleshooting/errors#stale-element-reference-exception\nStacktrace:\n#0 0x55def0c447ca <unknown>\n#1 0x55def073c2f0 <unknown>\n#2 0x55def07422f1 <unknown>\n#3 0x55def0744988 <unknown>\n#4 0x55def0744a13 <unknown>\n#5 0x55def0786608 <unknown>\n#6 0x55def07b09b2 <unknown>\n#7 0x55def077fb78 <unknown>\n#8 0x55def07b0b7e <unknown>\n#9 0x55def07cf3b3 <unknown>\n#10 0x55def07b0753 <unknown>\n#11 0x55def077dbaa <unknown>\n#12 0x55def077edfe <unknown>\n#13 0x55def0c0f38b <unknown>\n#14 0x55def0c13307 <unknown>\n#15 0x55def0bfbe7c <unknown>\n#16 0x55def0c13ec7 <unknown>\n#17 0x55def0be024f <unknown>\n#18 0x55def0c332f8 <unknown>\n#19 0x55def0c334c0 <unknown>\n#20 0x55def0c43646 <unknown>\n#21 0x7fb21b49ca94 <unknown>\n#22 0x7fb21b529c3c <unknown>",
    "statusTrace" : "self = <tests.test_speech_exercises_ru.TestCardsRU object at 0x7f1011968c20>\ndriver = <selenium.webdriver.chrome.webdriver.WebDriver (session=\"62b1c2fa0ad1f2f12d7c43eacf2cd80b\")>\ndefault_user_authorized = None\n\n    @pytest.mark.xfail\n    @allure.suite('Statistic.')\n    @allure.title('Check statistic table.')\n    def test_get_statistic_data(self, driver, default_user_authorized):\n        page = SpeechExercisesPageRU(driver)\n>       table = page.get_statistic_data()\n\ntests/test_speech_exercises_ru.py:192: \n_ _ _ _ _ _ _ _ _ _ _ _ _ _ _ _ _ _ _ _ _ _ _ _ _ _ _ _ _ _ _ _ _ _ _ _ _ _ _ _ \npages/speech_exercises_page_ru.py:179: in get_statistic_data\n    title = [i.text for i in titles]\n/opt/hostedtoolcache/Python/3.12.8/x64/lib/python3.12/site-packages/selenium/webdriver/remote/webelement.py:89: in text\n    return self._execute(Command.GET_ELEMENT_TEXT)[\"value\"]\n/opt/hostedtoolcache/Python/3.12.8/x64/lib/python3.12/site-packages/selenium/webdriver/remote/webelement.py:394: in _execute\n    return self._parent.execute(command, params)\n/opt/hostedtoolcache/Python/3.12.8/x64/lib/python3.12/site-packages/selenium/webdriver/remote/webdriver.py:344: in execute\n    self.error_handler.check_response(response)\n_ _ _ _ _ _ _ _ _ _ _ _ _ _ _ _ _ _ _ _ _ _ _ _ _ _ _ _ _ _ _ _ _ _ _ _ _ _ _ _ \n\nself = <selenium.webdriver.remote.errorhandler.ErrorHandler object at 0x7f1011ae63f0>\nresponse = {'status': 404, 'value': '{\"value\":{\"error\":\"stale element reference\",\"message\":\"stale element reference: stale elemen...\\\\n#20 0x55def0c43646 \\\\u003Cunknown>\\\\n#21 0x7fb21b49ca94 \\\\u003Cunknown>\\\\n#22 0x7fb21b529c3c \\\\u003Cunknown>\\\\n\"}}'}\n\n    def check_response(self, response: Dict[str, Any]) -> None:\n        \"\"\"Checks that a JSON response from the WebDriver does not have an\n        error.\n    \n        :Args:\n         - response - The JSON response from the WebDriver server as a dictionary\n           object.\n    \n        :Raises: If the response contains an error message.\n        \"\"\"\n        status = response.get(\"status\", None)\n        if not status or status == ErrorCode.SUCCESS:\n            return\n        value = None\n        message = response.get(\"message\", \"\")\n        screen: str = response.get(\"screen\", \"\")\n        stacktrace = None\n        if isinstance(status, int):\n            value_json = response.get(\"value\", None)\n            if value_json and isinstance(value_json, str):\n                import json\n    \n                try:\n                    value = json.loads(value_json)\n                    if len(value) == 1:\n                        value = value[\"value\"]\n                    status = value.get(\"error\", None)\n                    if not status:\n                        status = value.get(\"status\", ErrorCode.UNKNOWN_ERROR)\n                        message = value.get(\"value\") or value.get(\"message\")\n                        if not isinstance(message, str):\n                            value = message\n                            message = message.get(\"message\")\n                    else:\n                        message = value.get(\"message\", None)\n                except ValueError:\n                    pass\n    \n        exception_class: Type[WebDriverException]\n        e = ErrorCode()\n        error_codes = [item for item in dir(e) if not item.startswith(\"__\")]\n        for error_code in error_codes:\n            error_info = getattr(ErrorCode, error_code)\n            if isinstance(error_info, list) and status in error_info:\n                exception_class = getattr(ExceptionMapping, error_code, WebDriverException)\n                break\n        else:\n            exception_class = WebDriverException\n    \n        if not value:\n            value = response[\"value\"]\n        if isinstance(value, str):\n            raise exception_class(value)\n        if message == \"\" and \"message\" in value:\n            message = value[\"message\"]\n    \n        screen = None  # type: ignore[assignment]\n        if \"screen\" in value:\n            screen = value[\"screen\"]\n    \n        stacktrace = None\n        st_value = value.get(\"stackTrace\") or value.get(\"stacktrace\")\n        if st_value:\n            if isinstance(st_value, str):\n                stacktrace = st_value.split(\"\\n\")\n            else:\n                stacktrace = []\n                try:\n                    for frame in st_value:\n                        line = frame.get(\"lineNumber\", \"\")\n                        file = frame.get(\"fileName\", \"<anonymous>\")\n                        if line:\n                            file = f\"{file}:{line}\"\n                        meth = frame.get(\"methodName\", \"<anonymous>\")\n                        if \"className\" in frame:\n                            meth = f\"{frame['className']}.{meth}\"\n                        msg = \"    at %s (%s)\"\n                        msg = msg % (meth, file)\n                        stacktrace.append(msg)\n                except TypeError:\n                    pass\n        if exception_class == UnexpectedAlertPresentException:\n            alert_text = None\n            if \"data\" in value:\n                alert_text = value[\"data\"].get(\"text\")\n            elif \"alert\" in value:\n                alert_text = value[\"alert\"].get(\"text\")\n            raise exception_class(message, screen, stacktrace, alert_text)  # type: ignore[call-arg]  # mypy is not smart enough here\n>       raise exception_class(message, screen, stacktrace)\nE       selenium.common.exceptions.StaleElementReferenceException: Message: stale element reference: stale element not found in the current frame\nE         (Session info: chrome=132.0.6834.83); For documentation on this error, please visit: https://www.selenium.dev/documentation/webdriver/troubleshooting/errors#stale-element-reference-exception\nE       Stacktrace:\nE       #0 0x55def0c447ca <unknown>\nE       #1 0x55def073c2f0 <unknown>\nE       #2 0x55def07422f1 <unknown>\nE       #3 0x55def0744988 <unknown>\nE       #4 0x55def0744a13 <unknown>\nE       #5 0x55def0786608 <unknown>\nE       #6 0x55def07b09b2 <unknown>\nE       #7 0x55def077fb78 <unknown>\nE       #8 0x55def07b0b7e <unknown>\nE       #9 0x55def07cf3b3 <unknown>\nE       #10 0x55def07b0753 <unknown>\nE       #11 0x55def077dbaa <unknown>\nE       #12 0x55def077edfe <unknown>\nE       #13 0x55def0c0f38b <unknown>\nE       #14 0x55def0c13307 <unknown>\nE       #15 0x55def0bfbe7c <unknown>\nE       #16 0x55def0c13ec7 <unknown>\nE       #17 0x55def0be024f <unknown>\nE       #18 0x55def0c332f8 <unknown>\nE       #19 0x55def0c334c0 <unknown>\nE       #20 0x55def0c43646 <unknown>\nE       #21 0x7fb21b49ca94 <unknown>\nE       #22 0x7fb21b529c3c <unknown>\n\n/opt/hostedtoolcache/Python/3.12.8/x64/lib/python3.12/site-packages/selenium/webdriver/remote/errorhandler.py:229: StaleElementReferenceException",
    "steps" : [ {
      "name" : "get_statistic_data",
      "time" : {
        "start" : 1737924422203,
        "stop" : 1737924423510,
        "duration" : 1307
      },
      "status" : "broken",
      "statusMessage" : "selenium.common.exceptions.StaleElementReferenceException: Message: stale element reference: stale element not found in the current frame\n  (Session info: chrome=132.0.6834.83); For documentation on this error, please visit: https://www.selenium.dev/documentation/webdriver/troubleshooting/errors#stale-element-reference-exception\nStacktrace:\n#0 0x55def0c447ca <unknown>\n#1 0x55def073c2f0 <unknown>\n#2 0x55def07422f1 <unknown>\n#3 0x55def0744988 <unknown>\n#4 0x55def0744a13 <unknown>\n#5 0x55def0786608 <unknown>\n#6 0x55def07b09b2 <unknown>\n#7 0x55def077fb78 <unknown>\n#8 0x55def07b0b7e <unknown>\n#9 0x55def07cf3b3 <unknown>\n#10 0x55def07b0753 <unknown>\n#11 0x55def077dbaa <unknown>\n#12 0x55def077edfe <unknown>\n#13 0x55def0c0f38b <unknown>\n#14 0x55def0c13307 <unknown>\n#15 0x55def0bfbe7c <unknown>\n#16 0x55def0c13ec7 <unknown>\n#17 0x55def0be024f <unknown>\n#18 0x55def0c332f8 <unknown>\n#19 0x55def0c334c0 <unknown>\n#20 0x55def0c43646 <unknown>\n#21 0x7fb21b49ca94 <unknown>\n#22 0x7fb21b529c3c <unknown>\n\n",
      "statusTrace" : "  File \"/opt/hostedtoolcache/Python/3.12.8/x64/lib/python3.12/site-packages/allure_commons/_allure.py\", line 192, in impl\n    return func(*a, **kw)\n           ^^^^^^^^^^^^^^\n  File \"/home/runner/work/auto-tests-python/auto-tests-python/pages/speech_exercises_page_ru.py\", line 179, in get_statistic_data\n    title = [i.text for i in titles]\n             ^^^^^^\n  File \"/opt/hostedtoolcache/Python/3.12.8/x64/lib/python3.12/site-packages/selenium/webdriver/remote/webelement.py\", line 89, in text\n    return self._execute(Command.GET_ELEMENT_TEXT)[\"value\"]\n           ^^^^^^^^^^^^^^^^^^^^^^^^^^^^^^^^^^^^^^^\n  File \"/opt/hostedtoolcache/Python/3.12.8/x64/lib/python3.12/site-packages/selenium/webdriver/remote/webelement.py\", line 394, in _execute\n    return self._parent.execute(command, params)\n           ^^^^^^^^^^^^^^^^^^^^^^^^^^^^^^^^^^^^^\n  File \"/opt/hostedtoolcache/Python/3.12.8/x64/lib/python3.12/site-packages/selenium/webdriver/remote/webdriver.py\", line 344, in execute\n    self.error_handler.check_response(response)\n  File \"/opt/hostedtoolcache/Python/3.12.8/x64/lib/python3.12/site-packages/selenium/webdriver/remote/errorhandler.py\", line 229, in check_response\n    raise exception_class(message, screen, stacktrace)\n",
      "steps" : [ {
        "name" : "Click button \"Статистика\"\".",
        "time" : {
          "start" : 1737924422203,
          "stop" : 1737924422302,
          "duration" : 99
        },
        "status" : "passed",
        "steps" : [ ],
        "attachments" : [ ],
        "parameters" : [ ],
        "stepsCount" : 0,
        "attachmentsCount" : 0,
        "shouldDisplayMessage" : false,
        "hasContent" : false
      }, {
        "name" : "Check statistic table is present and scroll to table",
        "time" : {
          "start" : 1737924422302,
          "stop" : 1737924422832,
          "duration" : 530
        },
        "status" : "passed",
        "steps" : [ ],
        "attachments" : [ ],
        "parameters" : [ ],
        "stepsCount" : 0,
        "attachmentsCount" : 0,
        "shouldDisplayMessage" : false,
        "hasContent" : false
      }, {
        "name" : "Get data from the table.",
        "time" : {
          "start" : 1737924422832,
          "stop" : 1737924423509,
          "duration" : 677
        },
        "status" : "broken",
        "statusMessage" : "selenium.common.exceptions.StaleElementReferenceException: Message: stale element reference: stale element not found in the current frame\n  (Session info: chrome=132.0.6834.83); For documentation on this error, please visit: https://www.selenium.dev/documentation/webdriver/troubleshooting/errors#stale-element-reference-exception\nStacktrace:\n#0 0x55def0c447ca <unknown>\n#1 0x55def073c2f0 <unknown>\n#2 0x55def07422f1 <unknown>\n#3 0x55def0744988 <unknown>\n#4 0x55def0744a13 <unknown>\n#5 0x55def0786608 <unknown>\n#6 0x55def07b09b2 <unknown>\n#7 0x55def077fb78 <unknown>\n#8 0x55def07b0b7e <unknown>\n#9 0x55def07cf3b3 <unknown>\n#10 0x55def07b0753 <unknown>\n#11 0x55def077dbaa <unknown>\n#12 0x55def077edfe <unknown>\n#13 0x55def0c0f38b <unknown>\n#14 0x55def0c13307 <unknown>\n#15 0x55def0bfbe7c <unknown>\n#16 0x55def0c13ec7 <unknown>\n#17 0x55def0be024f <unknown>\n#18 0x55def0c332f8 <unknown>\n#19 0x55def0c334c0 <unknown>\n#20 0x55def0c43646 <unknown>\n#21 0x7fb21b49ca94 <unknown>\n#22 0x7fb21b529c3c <unknown>\n\n",
        "statusTrace" : "  File \"/home/runner/work/auto-tests-python/auto-tests-python/pages/speech_exercises_page_ru.py\", line 179, in get_statistic_data\n    title = [i.text for i in titles]\n             ^^^^^^\n  File \"/opt/hostedtoolcache/Python/3.12.8/x64/lib/python3.12/site-packages/selenium/webdriver/remote/webelement.py\", line 89, in text\n    return self._execute(Command.GET_ELEMENT_TEXT)[\"value\"]\n           ^^^^^^^^^^^^^^^^^^^^^^^^^^^^^^^^^^^^^^^\n  File \"/opt/hostedtoolcache/Python/3.12.8/x64/lib/python3.12/site-packages/selenium/webdriver/remote/webelement.py\", line 394, in _execute\n    return self._parent.execute(command, params)\n           ^^^^^^^^^^^^^^^^^^^^^^^^^^^^^^^^^^^^^\n  File \"/opt/hostedtoolcache/Python/3.12.8/x64/lib/python3.12/site-packages/selenium/webdriver/remote/webdriver.py\", line 344, in execute\n    self.error_handler.check_response(response)\n  File \"/opt/hostedtoolcache/Python/3.12.8/x64/lib/python3.12/site-packages/selenium/webdriver/remote/errorhandler.py\", line 229, in check_response\n    raise exception_class(message, screen, stacktrace)\n",
        "steps" : [ ],
        "attachments" : [ ],
        "parameters" : [ ],
        "stepsCount" : 0,
        "attachmentsCount" : 0,
        "shouldDisplayMessage" : true,
        "hasContent" : true
      } ],
      "attachments" : [ ],
      "parameters" : [ ],
      "stepsCount" : 3,
      "attachmentsCount" : 0,
      "shouldDisplayMessage" : false,
      "hasContent" : true
    } ],
    "attachments" : [ ],
    "parameters" : [ ],
    "stepsCount" : 4,
    "attachmentsCount" : 0,
    "shouldDisplayMessage" : true,
    "hasContent" : true
  },
  "afterStages" : [ {
    "name" : "driver::0",
    "time" : {
      "start" : 1737924423542,
      "stop" : 1737924423608,
      "duration" : 66
    },
    "status" : "passed",
    "steps" : [ ],
    "attachments" : [ ],
    "parameters" : [ ],
    "stepsCount" : 0,
    "attachmentsCount" : 0,
    "shouldDisplayMessage" : false,
    "hasContent" : false
  } ],
  "labels" : [ {
    "name" : "suite",
    "value" : "Statistic."
  }, {
    "name" : "epic",
    "value" : "Speech exercises."
  }, {
    "name" : "tag",
    "value" : "@pytest.mark.xfail"
  }, {
    "name" : "parentSuite",
    "value" : "tests"
  }, {
    "name" : "subSuite",
    "value" : "TestCardsRU"
  }, {
    "name" : "host",
    "value" : "fv-az1692-775"
  }, {
    "name" : "thread",
    "value" : "2414-MainThread"
  }, {
    "name" : "framework",
    "value" : "pytest"
  }, {
    "name" : "language",
    "value" : "cpython3"
  }, {
    "name" : "package",
    "value" : "tests.test_speech_exercises_ru"
  }, {
    "name" : "resultFormat",
    "value" : "allure2"
  } ],
  "parameters" : [ ],
  "links" : [ ],
  "hidden" : false,
  "retry" : false,
  "extra" : {
    "severity" : "normal",
    "retries" : [ ],
    "categories" : [ ],
    "history" : {
      "statistic" : {
        "failed" : 0,
        "broken" : 0,
        "skipped" : 6,
        "passed" : 137,
        "unknown" : 0,
        "total" : 143
      },
      "items" : [ {
        "uid" : "dd9dc8e3a250f4f9",
        "reportUrl" : "https://Brain-up.github.io/auto-tests-python/256//#testresult/dd9dc8e3a250f4f9",
        "status" : "passed",
        "statusDetails" : "XPASS",
        "time" : {
          "start" : 1737854286485,
          "stop" : 1737854288417,
          "duration" : 1932
        }
      }, {
        "uid" : "e76af31c41bcb564",
        "reportUrl" : "https://Brain-up.github.io/auto-tests-python/459//#testresult/e76af31c41bcb564",
        "status" : "passed",
        "statusDetails" : "XPASS",
        "time" : {
          "start" : 1737797798787,
          "stop" : 1737797801152,
          "duration" : 2365
        }
      }, {
        "uid" : "e04d8a198be7ff12",
        "reportUrl" : "https://Brain-up.github.io/auto-tests-python/255//#testresult/e04d8a198be7ff12",
        "status" : "passed",
        "statusDetails" : "XPASS",
        "time" : {
          "start" : 1737767650630,
          "stop" : 1737767652977,
          "duration" : 2347
        }
      }, {
        "uid" : "bb12414d4a9aa025",
        "reportUrl" : "https://Brain-up.github.io/auto-tests-python/458//#testresult/bb12414d4a9aa025",
        "status" : "passed",
        "statusDetails" : "XPASS",
        "time" : {
          "start" : 1737753456353,
          "stop" : 1737753458727,
          "duration" : 2374
        }
      }, {
        "uid" : "ab4114d95b16115a",
        "reportUrl" : "https://Brain-up.github.io/auto-tests-python/254//#testresult/ab4114d95b16115a",
        "status" : "passed",
        "statusDetails" : "XPASS",
        "time" : {
          "start" : 1737681399940,
          "stop" : 1737681401876,
          "duration" : 1936
        }
      }, {
        "uid" : "3c3f24ea7b258f2e",
        "reportUrl" : "https://Brain-up.github.io/auto-tests-python/253//#testresult/3c3f24ea7b258f2e",
        "status" : "passed",
        "statusDetails" : "XPASS",
        "time" : {
          "start" : 1737595052680,
          "stop" : 1737595054558,
          "duration" : 1878
        }
      }, {
        "uid" : "9e41e17de50b6e31",
        "reportUrl" : "https://Brain-up.github.io/auto-tests-python/457//#testresult/9e41e17de50b6e31",
        "status" : "passed",
        "statusDetails" : "XPASS",
        "time" : {
          "start" : 1737535335541,
          "stop" : 1737535337425,
          "duration" : 1884
        }
      }, {
        "uid" : "c7c4608f425d3449",
        "reportUrl" : "https://Brain-up.github.io/auto-tests-python/252//#testresult/c7c4608f425d3449",
        "status" : "skipped",
        "statusDetails" : "XFAIL\n\nselenium.common.exceptions.StaleElementReferenceException: Message: stale element reference: stale element not found in the current frame\n  (Session info: chrome=131.0.6778.204); For documentation on this error, please visit: https://www.selenium.dev/documentation/webdriver/troubleshooting/errors#stale-element-reference-exception\nStacktrace:\n#0 0x55a9488008fa <unknown>\n#1 0x55a948311d20 <unknown>\n#2 0x55a948317ae3 <unknown>\n#3 0x55a948319fa8 <unknown>\n#4 0x55a94831a033 <unknown>\n#5 0x55a94835b232 <unknown>\n#6 0x55a948384af2 <unknown>\n#7 0x55a9483550a8 <unknown>\n#8 0x55a948384cbe <unknown>\n#9 0x55a9483a3560 <unknown>\n#10 0x55a948384893 <unknown>\n#11 0x55a94835330d <unknown>\n#12 0x55a94835432e <unknown>\n#13 0x55a9487cd00b <unknown>\n#14 0x55a9487d0f97 <unknown>\n#15 0x55a9487b971c <unknown>\n#16 0x55a9487d1b17 <unknown>\n#17 0x55a94879e6cf <unknown>\n#18 0x55a9487ef6b8 <unknown>\n#19 0x55a9487ef880 <unknown>\n#20 0x55a9487ff776 <unknown>\n#21 0x7ffa2989ca94 <unknown>\n#22 0x7ffa29929c3c <unknown>",
        "time" : {
          "start" : 1737508925024,
          "stop" : 1737508926463,
          "duration" : 1439
        }
      }, {
        "uid" : "645be8ba36fae1ba",
        "reportUrl" : "https://Brain-up.github.io/auto-tests-python/456//#testresult/645be8ba36fae1ba",
        "status" : "passed",
        "statusDetails" : "XPASS",
        "time" : {
          "start" : 1737492126906,
          "stop" : 1737492128763,
          "duration" : 1857
        }
      }, {
        "uid" : "541f6eb766bcdf12",
        "reportUrl" : "https://Brain-up.github.io/auto-tests-python/251//#testresult/541f6eb766bcdf12",
        "status" : "passed",
        "statusDetails" : "XPASS",
        "time" : {
          "start" : 1737422186831,
          "stop" : 1737422189309,
          "duration" : 2478
        }
      }, {
        "uid" : "894f1dae23995fe2",
        "reportUrl" : "https://Brain-up.github.io/auto-tests-python/455//#testresult/894f1dae23995fe2",
        "status" : "passed",
        "statusDetails" : "XPASS",
        "time" : {
          "start" : 1737407833017,
          "stop" : 1737407835370,
          "duration" : 2353
        }
      }, {
        "uid" : "edd948dac08291c0",
        "reportUrl" : "https://Brain-up.github.io/auto-tests-python/454//#testresult/edd948dac08291c0",
        "status" : "passed",
        "statusDetails" : "XPASS",
        "time" : {
          "start" : 1737405966407,
          "stop" : 1737405968786,
          "duration" : 2379
        }
      }, {
        "uid" : "ced276d9d4f41c0a",
        "reportUrl" : "https://Brain-up.github.io/auto-tests-python/250//#testresult/ced276d9d4f41c0a",
        "status" : "passed",
        "statusDetails" : "XPASS",
        "time" : {
          "start" : 1737336089611,
          "stop" : 1737336091474,
          "duration" : 1863
        }
      }, {
        "uid" : "47ad2909a90d239f",
        "reportUrl" : "https://Brain-up.github.io/auto-tests-python/249//#testresult/47ad2909a90d239f",
        "status" : "passed",
        "statusDetails" : "XPASS",
        "time" : {
          "start" : 1737249907895,
          "stop" : 1737249909751,
          "duration" : 1856
        }
      }, {
        "uid" : "f7047d14daead60c",
        "reportUrl" : "https://Brain-up.github.io/auto-tests-python/453//#testresult/f7047d14daead60c",
        "status" : "passed",
        "statusDetails" : "XPASS",
        "time" : {
          "start" : 1737240254966,
          "stop" : 1737240256819,
          "duration" : 1853
        }
      }, {
        "uid" : "d55496c335590d77",
        "reportUrl" : "https://Brain-up.github.io/auto-tests-python/452//#testresult/d55496c335590d77",
        "status" : "passed",
        "statusDetails" : "XPASS",
        "time" : {
          "start" : 1737233817722,
          "stop" : 1737233819621,
          "duration" : 1899
        }
      }, {
        "uid" : "facc5abe2abc5b27",
        "reportUrl" : "https://Brain-up.github.io/auto-tests-python/248//#testresult/facc5abe2abc5b27",
        "status" : "passed",
        "statusDetails" : "XPASS",
        "time" : {
          "start" : 1737163178135,
          "stop" : 1737163179909,
          "duration" : 1774
        }
      }, {
        "uid" : "d31047d520875cb1",
        "reportUrl" : "https://Brain-up.github.io/auto-tests-python/451//#testresult/d31047d520875cb1",
        "status" : "passed",
        "statusDetails" : "XPASS",
        "time" : {
          "start" : 1737110094154,
          "stop" : 1737110096039,
          "duration" : 1885
        }
      }, {
        "uid" : "e0ceff1d7ef05e14",
        "reportUrl" : "https://Brain-up.github.io/auto-tests-python/247//#testresult/e0ceff1d7ef05e14",
        "status" : "skipped",
        "statusDetails" : "XFAIL\n\nselenium.common.exceptions.StaleElementReferenceException: Message: stale element reference: stale element not found in the current frame\n  (Session info: chrome=131.0.6778.204); For documentation on this error, please visit: https://www.selenium.dev/documentation/webdriver/troubleshooting/errors#stale-element-reference-exception\nStacktrace:\n#0 0x55e1e2acd8fa <unknown>\n#1 0x55e1e25ded20 <unknown>\n#2 0x55e1e25e4ae3 <unknown>\n#3 0x55e1e25e6fa8 <unknown>\n#4 0x55e1e25e7033 <unknown>\n#5 0x55e1e2628232 <unknown>\n#6 0x55e1e2651af2 <unknown>\n#7 0x55e1e26220a8 <unknown>\n#8 0x55e1e2651cbe <unknown>\n#9 0x55e1e2670560 <unknown>\n#10 0x55e1e2651893 <unknown>\n#11 0x55e1e262030d <unknown>\n#12 0x55e1e262132e <unknown>\n#13 0x55e1e2a9a00b <unknown>\n#14 0x55e1e2a9df97 <unknown>\n#15 0x55e1e2a8671c <unknown>\n#16 0x55e1e2a9eb17 <unknown>\n#17 0x55e1e2a6b6cf <unknown>\n#18 0x55e1e2abc6b8 <unknown>\n#19 0x55e1e2abc880 <unknown>\n#20 0x55e1e2acc776 <unknown>\n#21 0x7fdde049ca94 <unknown>\n#22 0x7fdde0529c3c <unknown>",
        "time" : {
          "start" : 1737076768149,
          "stop" : 1737076769380,
          "duration" : 1231
        }
      }, {
        "uid" : "6cd89e5291fdc953",
        "reportUrl" : "https://Brain-up.github.io/auto-tests-python/450//#testresult/6cd89e5291fdc953",
        "status" : "passed",
        "statusDetails" : "XPASS",
        "time" : {
          "start" : 1737059594806,
          "stop" : 1737059597169,
          "duration" : 2363
        }
      } ]
    },
    "tags" : [ "@pytest.mark.xfail" ]
  },
  "source" : "a5e7c56b98ac7824.json",
  "parameterValues" : [ ]
}