{
  "uid" : "7d8ac8aa15ffbaf",
  "name" : "Solutions to a random task in the \"Слова\" .",
  "fullName" : "tests.test_speech_exercises_ru.TestCardsRU#test_solve_word_cards_ru",
  "historyId" : "97a1dfc93de55b98f3507f18d0af26f8",
  "time" : {
    "start" : 1749020940757,
    "stop" : 1749020960833,
    "duration" : 20076
  },
  "status" : "skipped",
  "statusMessage" : "XFAIL\n\nselenium.common.exceptions.TimeoutException: Message: Can't find element by locator ('xpath', '//a[text()=\"Упражнения\"]')\nStacktrace:\n#0 0x55dde89f778a <unknown>\n#1 0x55dde849a0a0 <unknown>\n#2 0x55dde84eb9b0 <unknown>\n#3 0x55dde84ebba1 <unknown>\n#4 0x55dde8539ea4 <unknown>\n#5 0x55dde85113cd <unknown>\n#6 0x55dde85372a0 <unknown>\n#7 0x55dde8511173 <unknown>\n#8 0x55dde84ddd4b <unknown>\n#9 0x55dde84de9b1 <unknown>\n#10 0x55dde89bc93b <unknown>\n#11 0x55dde89c083a <unknown>\n#12 0x55dde89a4692 <unknown>\n#13 0x55dde89c13c4 <unknown>\n#14 0x55dde89894cf <unknown>\n#15 0x55dde89e5568 <unknown>\n#16 0x55dde89e5746 <unknown>\n#17 0x55dde89f65f6 <unknown>\n#18 0x7f02ef49caa4 <unknown>\n#19 0x7f02ef529c3c <unknown>",
  "statusTrace" : "self = <tests.test_speech_exercises_ru.TestCardsRU object at 0x7f482bcb79b0>\ndriver = <selenium.webdriver.chrome.webdriver.WebDriver (session=\"f55cf8df9eca5ff7eeb7e508323489c6\")>\ndefault_user_authorized = None\n\n    @pytest.mark.xfail\n    @allure.suite(\"Речевые упражнения.\")\n    @allure.title('Solutions to a random task in the \"Слова\" .')\n    def test_solve_word_cards_ru(self, driver, default_user_authorized):\n        page = SpeechExercisesPageRU(driver)\n>       page.click_button_exercises()\n\ntests/test_speech_exercises_ru.py:124: \n_ _ _ _ _ _ _ _ _ _ _ _ _ _ _ _ _ _ _ _ _ _ _ _ _ _ _ _ _ _ _ _ _ _ _ _ _ _ _ _ \npages/speech_exercises_page_ru.py:199: in click_button_exercises\n    button = self.element_is_present_and_clickable(self.locators.AuthorizedUserHomePageLocators.BUTTON_EXERCISES_RU)\npages/base_page.py:40: in element_is_present_and_clickable\n    return (Wait(self.driver, self.timeout).until(\n_ _ _ _ _ _ _ _ _ _ _ _ _ _ _ _ _ _ _ _ _ _ _ _ _ _ _ _ _ _ _ _ _ _ _ _ _ _ _ _ \n\nself = <selenium.webdriver.support.wait.WebDriverWait (session=\"f55cf8df9eca5ff7eeb7e508323489c6\")>\nmethod = <function visibility_of_element_located.<locals>._predicate at 0x7f482baaf880>\nmessage = 'Can\\'t find element by locator (\\'xpath\\', \\'//a[text()=\"Упражнения\"]\\')'\n\n    def until(self, method, message: str = \"\"):\n        \"\"\"Calls the method provided with the driver as an argument until the \\\n        return value does not evaluate to ``False``.\n    \n        :param method: callable(WebDriver)\n        :param message: optional message for :exc:`TimeoutException`\n        :returns: the result of the last call to `method`\n        :raises: :exc:`selenium.common.exceptions.TimeoutException` if timeout occurs\n        \"\"\"\n        screen = None\n        stacktrace = None\n    \n        end_time = time.monotonic() + self._timeout\n        while True:\n            try:\n                value = method(self._driver)\n                if value:\n                    return value\n            except self._ignored_exceptions as exc:\n                screen = getattr(exc, \"screen\", None)\n                stacktrace = getattr(exc, \"stacktrace\", None)\n            time.sleep(self._poll)\n            if time.monotonic() > end_time:\n                break\n>       raise TimeoutException(message, screen, stacktrace)\nE       selenium.common.exceptions.TimeoutException: Message: Can't find element by locator ('xpath', '//a[text()=\"Упражнения\"]')\nE       Stacktrace:\nE       #0 0x55dde89f778a <unknown>\nE       #1 0x55dde849a0a0 <unknown>\nE       #2 0x55dde84eb9b0 <unknown>\nE       #3 0x55dde84ebba1 <unknown>\nE       #4 0x55dde8539ea4 <unknown>\nE       #5 0x55dde85113cd <unknown>\nE       #6 0x55dde85372a0 <unknown>\nE       #7 0x55dde8511173 <unknown>\nE       #8 0x55dde84ddd4b <unknown>\nE       #9 0x55dde84de9b1 <unknown>\nE       #10 0x55dde89bc93b <unknown>\nE       #11 0x55dde89c083a <unknown>\nE       #12 0x55dde89a4692 <unknown>\nE       #13 0x55dde89c13c4 <unknown>\nE       #14 0x55dde89894cf <unknown>\nE       #15 0x55dde89e5568 <unknown>\nE       #16 0x55dde89e5746 <unknown>\nE       #17 0x55dde89f65f6 <unknown>\nE       #18 0x7f02ef49caa4 <unknown>\nE       #19 0x7f02ef529c3c <unknown>\n\n/opt/hostedtoolcache/Python/3.12.10/x64/lib/python3.12/site-packages/selenium/webdriver/support/wait.py:95: TimeoutException",
  "flaky" : false,
  "newFailed" : false,
  "beforeStages" : [ {
    "name" : "default_user_authorized",
    "time" : {
      "start" : 1749020936296,
      "stop" : 1749020940757,
      "duration" : 4461
    },
    "status" : "passed",
    "steps" : [ {
      "name" : "DEFAULT user authorized",
      "time" : {
        "start" : 1749020936296,
        "stop" : 1749020940757,
        "duration" : 4461
      },
      "status" : "passed",
      "steps" : [ {
        "name" : "Check url is present: https://www.brainup.site/groups",
        "time" : {
          "start" : 1749020936702,
          "stop" : 1749020940734,
          "duration" : 4032
        },
        "status" : "passed",
        "steps" : [ ],
        "attachments" : [ ],
        "parameters" : [ ],
        "stepsCount" : 0,
        "attachmentsCount" : 0,
        "shouldDisplayMessage" : false,
        "hasContent" : false
      }, {
        "name" : "Loader checking",
        "time" : {
          "start" : 1749020940734,
          "stop" : 1749020940757,
          "duration" : 23
        },
        "status" : "passed",
        "steps" : [ ],
        "attachments" : [ ],
        "parameters" : [ ],
        "stepsCount" : 0,
        "attachmentsCount" : 0,
        "shouldDisplayMessage" : false,
        "hasContent" : false
      } ],
      "attachments" : [ ],
      "parameters" : [ {
        "name" : "driver",
        "value" : "<selenium.webdriver.chrome.webdriver.WebDriver (session=\"f55cf8df9eca5ff7eeb7e508323489c6\")>"
      }, {
        "name" : "main_page_open",
        "value" : "None"
      } ],
      "stepsCount" : 2,
      "attachmentsCount" : 0,
      "shouldDisplayMessage" : false,
      "hasContent" : true
    } ],
    "attachments" : [ ],
    "parameters" : [ ],
    "stepsCount" : 3,
    "attachmentsCount" : 0,
    "shouldDisplayMessage" : false,
    "hasContent" : true
  }, {
    "name" : "main_page_open",
    "time" : {
      "start" : 1749020932531,
      "stop" : 1749020936296,
      "duration" : 3765
    },
    "status" : "passed",
    "steps" : [ {
      "name" : "Open page: https://www.brainup.site/",
      "time" : {
        "start" : 1749020932531,
        "stop" : 1749020936296,
        "duration" : 3765
      },
      "status" : "passed",
      "steps" : [ ],
      "attachments" : [ ],
      "parameters" : [ {
        "name" : "driver",
        "value" : "<selenium.webdriver.chrome.webdriver.WebDriver (session=\"f55cf8df9eca5ff7eeb7e508323489c6\")>"
      } ],
      "stepsCount" : 0,
      "attachmentsCount" : 0,
      "shouldDisplayMessage" : false,
      "hasContent" : true
    } ],
    "attachments" : [ ],
    "parameters" : [ ],
    "stepsCount" : 1,
    "attachmentsCount" : 0,
    "shouldDisplayMessage" : false,
    "hasContent" : true
  }, {
    "name" : "clear_allure_results_folder",
    "time" : {
      "start" : 1749019376576,
      "stop" : 1749019376576,
      "duration" : 0
    },
    "status" : "passed",
    "steps" : [ ],
    "attachments" : [ ],
    "parameters" : [ ],
    "stepsCount" : 0,
    "attachmentsCount" : 0,
    "shouldDisplayMessage" : false,
    "hasContent" : false
  }, {
    "name" : "driver",
    "time" : {
      "start" : 1749020931705,
      "stop" : 1749020932531,
      "duration" : 826
    },
    "status" : "passed",
    "steps" : [ ],
    "attachments" : [ ],
    "parameters" : [ ],
    "stepsCount" : 0,
    "attachmentsCount" : 0,
    "shouldDisplayMessage" : false,
    "hasContent" : false
  } ],
  "testStage" : {
    "status" : "skipped",
    "statusMessage" : "XFAIL\n\nselenium.common.exceptions.TimeoutException: Message: Can't find element by locator ('xpath', '//a[text()=\"Упражнения\"]')\nStacktrace:\n#0 0x55dde89f778a <unknown>\n#1 0x55dde849a0a0 <unknown>\n#2 0x55dde84eb9b0 <unknown>\n#3 0x55dde84ebba1 <unknown>\n#4 0x55dde8539ea4 <unknown>\n#5 0x55dde85113cd <unknown>\n#6 0x55dde85372a0 <unknown>\n#7 0x55dde8511173 <unknown>\n#8 0x55dde84ddd4b <unknown>\n#9 0x55dde84de9b1 <unknown>\n#10 0x55dde89bc93b <unknown>\n#11 0x55dde89c083a <unknown>\n#12 0x55dde89a4692 <unknown>\n#13 0x55dde89c13c4 <unknown>\n#14 0x55dde89894cf <unknown>\n#15 0x55dde89e5568 <unknown>\n#16 0x55dde89e5746 <unknown>\n#17 0x55dde89f65f6 <unknown>\n#18 0x7f02ef49caa4 <unknown>\n#19 0x7f02ef529c3c <unknown>",
    "statusTrace" : "self = <tests.test_speech_exercises_ru.TestCardsRU object at 0x7f482bcb79b0>\ndriver = <selenium.webdriver.chrome.webdriver.WebDriver (session=\"f55cf8df9eca5ff7eeb7e508323489c6\")>\ndefault_user_authorized = None\n\n    @pytest.mark.xfail\n    @allure.suite(\"Речевые упражнения.\")\n    @allure.title('Solutions to a random task in the \"Слова\" .')\n    def test_solve_word_cards_ru(self, driver, default_user_authorized):\n        page = SpeechExercisesPageRU(driver)\n>       page.click_button_exercises()\n\ntests/test_speech_exercises_ru.py:124: \n_ _ _ _ _ _ _ _ _ _ _ _ _ _ _ _ _ _ _ _ _ _ _ _ _ _ _ _ _ _ _ _ _ _ _ _ _ _ _ _ \npages/speech_exercises_page_ru.py:199: in click_button_exercises\n    button = self.element_is_present_and_clickable(self.locators.AuthorizedUserHomePageLocators.BUTTON_EXERCISES_RU)\npages/base_page.py:40: in element_is_present_and_clickable\n    return (Wait(self.driver, self.timeout).until(\n_ _ _ _ _ _ _ _ _ _ _ _ _ _ _ _ _ _ _ _ _ _ _ _ _ _ _ _ _ _ _ _ _ _ _ _ _ _ _ _ \n\nself = <selenium.webdriver.support.wait.WebDriverWait (session=\"f55cf8df9eca5ff7eeb7e508323489c6\")>\nmethod = <function visibility_of_element_located.<locals>._predicate at 0x7f482baaf880>\nmessage = 'Can\\'t find element by locator (\\'xpath\\', \\'//a[text()=\"Упражнения\"]\\')'\n\n    def until(self, method, message: str = \"\"):\n        \"\"\"Calls the method provided with the driver as an argument until the \\\n        return value does not evaluate to ``False``.\n    \n        :param method: callable(WebDriver)\n        :param message: optional message for :exc:`TimeoutException`\n        :returns: the result of the last call to `method`\n        :raises: :exc:`selenium.common.exceptions.TimeoutException` if timeout occurs\n        \"\"\"\n        screen = None\n        stacktrace = None\n    \n        end_time = time.monotonic() + self._timeout\n        while True:\n            try:\n                value = method(self._driver)\n                if value:\n                    return value\n            except self._ignored_exceptions as exc:\n                screen = getattr(exc, \"screen\", None)\n                stacktrace = getattr(exc, \"stacktrace\", None)\n            time.sleep(self._poll)\n            if time.monotonic() > end_time:\n                break\n>       raise TimeoutException(message, screen, stacktrace)\nE       selenium.common.exceptions.TimeoutException: Message: Can't find element by locator ('xpath', '//a[text()=\"Упражнения\"]')\nE       Stacktrace:\nE       #0 0x55dde89f778a <unknown>\nE       #1 0x55dde849a0a0 <unknown>\nE       #2 0x55dde84eb9b0 <unknown>\nE       #3 0x55dde84ebba1 <unknown>\nE       #4 0x55dde8539ea4 <unknown>\nE       #5 0x55dde85113cd <unknown>\nE       #6 0x55dde85372a0 <unknown>\nE       #7 0x55dde8511173 <unknown>\nE       #8 0x55dde84ddd4b <unknown>\nE       #9 0x55dde84de9b1 <unknown>\nE       #10 0x55dde89bc93b <unknown>\nE       #11 0x55dde89c083a <unknown>\nE       #12 0x55dde89a4692 <unknown>\nE       #13 0x55dde89c13c4 <unknown>\nE       #14 0x55dde89894cf <unknown>\nE       #15 0x55dde89e5568 <unknown>\nE       #16 0x55dde89e5746 <unknown>\nE       #17 0x55dde89f65f6 <unknown>\nE       #18 0x7f02ef49caa4 <unknown>\nE       #19 0x7f02ef529c3c <unknown>\n\n/opt/hostedtoolcache/Python/3.12.10/x64/lib/python3.12/site-packages/selenium/webdriver/support/wait.py:95: TimeoutException",
    "steps" : [ {
      "name" : "Click button \"Упражнения\".",
      "time" : {
        "start" : 1749020940758,
        "stop" : 1749020960832,
        "duration" : 20074
      },
      "status" : "broken",
      "statusMessage" : "selenium.common.exceptions.TimeoutException: Message: Can't find element by locator ('xpath', '//a[text()=\"Упражнения\"]')\nStacktrace:\n#0 0x55dde89f778a <unknown>\n#1 0x55dde849a0a0 <unknown>\n#2 0x55dde84eb9b0 <unknown>\n#3 0x55dde84ebba1 <unknown>\n#4 0x55dde8539ea4 <unknown>\n#5 0x55dde85113cd <unknown>\n#6 0x55dde85372a0 <unknown>\n#7 0x55dde8511173 <unknown>\n#8 0x55dde84ddd4b <unknown>\n#9 0x55dde84de9b1 <unknown>\n#10 0x55dde89bc93b <unknown>\n#11 0x55dde89c083a <unknown>\n#12 0x55dde89a4692 <unknown>\n#13 0x55dde89c13c4 <unknown>\n#14 0x55dde89894cf <unknown>\n#15 0x55dde89e5568 <unknown>\n#16 0x55dde89e5746 <unknown>\n#17 0x55dde89f65f6 <unknown>\n#18 0x7f02ef49caa4 <unknown>\n#19 0x7f02ef529c3c <unknown>\n\n",
      "statusTrace" : "  File \"/opt/hostedtoolcache/Python/3.12.10/x64/lib/python3.12/site-packages/allure_commons/_allure.py\", line 192, in impl\n    return func(*a, **kw)\n           ^^^^^^^^^^^^^^\n  File \"/home/runner/work/auto-tests-python/auto-tests-python/pages/speech_exercises_page_ru.py\", line 199, in click_button_exercises\n    button = self.element_is_present_and_clickable(self.locators.AuthorizedUserHomePageLocators.BUTTON_EXERCISES_RU)\n             ^^^^^^^^^^^^^^^^^^^^^^^^^^^^^^^^^^^^^^^^^^^^^^^^^^^^^^^^^^^^^^^^^^^^^^^^^^^^^^^^^^^^^^^^^^^^^^^^^^^^^^^\n  File \"/home/runner/work/auto-tests-python/auto-tests-python/pages/base_page.py\", line 40, in element_is_present_and_clickable\n    return (Wait(self.driver, self.timeout).until(\n            ^^^^^^^^^^^^^^^^^^^^^^^^^^^^^^^^^^^^^^\n  File \"/opt/hostedtoolcache/Python/3.12.10/x64/lib/python3.12/site-packages/selenium/webdriver/support/wait.py\", line 95, in until\n    raise TimeoutException(message, screen, stacktrace)\n",
      "steps" : [ {
        "name" : "Click button \"RU\".",
        "time" : {
          "start" : 1749020940758,
          "stop" : 1749020940827,
          "duration" : 69
        },
        "status" : "passed",
        "steps" : [ ],
        "attachments" : [ ],
        "parameters" : [ ],
        "stepsCount" : 0,
        "attachmentsCount" : 0,
        "shouldDisplayMessage" : false,
        "hasContent" : false
      } ],
      "attachments" : [ ],
      "parameters" : [ ],
      "stepsCount" : 1,
      "attachmentsCount" : 0,
      "shouldDisplayMessage" : true,
      "hasContent" : true
    } ],
    "attachments" : [ ],
    "parameters" : [ ],
    "stepsCount" : 2,
    "attachmentsCount" : 0,
    "shouldDisplayMessage" : true,
    "hasContent" : true
  },
  "afterStages" : [ {
    "name" : "driver::0",
    "time" : {
      "start" : 1749020960849,
      "stop" : 1749020960914,
      "duration" : 65
    },
    "status" : "passed",
    "steps" : [ ],
    "attachments" : [ ],
    "parameters" : [ ],
    "stepsCount" : 0,
    "attachmentsCount" : 0,
    "shouldDisplayMessage" : false,
    "hasContent" : false
  } ],
  "labels" : [ {
    "name" : "epic",
    "value" : "Speech exercises."
  }, {
    "name" : "suite",
    "value" : "Речевые упражнения."
  }, {
    "name" : "tag",
    "value" : "@pytest.mark.xfail"
  }, {
    "name" : "parentSuite",
    "value" : "tests"
  }, {
    "name" : "subSuite",
    "value" : "TestCardsRU"
  }, {
    "name" : "host",
    "value" : "pkrvmf6wy0o8zjz"
  }, {
    "name" : "thread",
    "value" : "2563-MainThread"
  }, {
    "name" : "framework",
    "value" : "pytest"
  }, {
    "name" : "language",
    "value" : "cpython3"
  }, {
    "name" : "package",
    "value" : "tests.test_speech_exercises_ru"
  }, {
    "name" : "resultFormat",
    "value" : "allure2"
  } ],
  "parameters" : [ ],
  "links" : [ ],
  "hidden" : false,
  "retry" : false,
  "extra" : {
    "severity" : "normal",
    "retries" : [ ],
    "categories" : [ ],
    "history" : {
      "statistic" : {
        "failed" : 0,
        "broken" : 0,
        "skipped" : 101,
        "passed" : 92,
        "unknown" : 0,
        "total" : 193
      },
      "items" : [ {
        "uid" : "9d67cccaaa53cc82",
        "reportUrl" : "https://Brain-up.github.io/auto-tests-python/385//#testresult/9d67cccaaa53cc82",
        "status" : "skipped",
        "statusDetails" : "XFAIL\n\nselenium.common.exceptions.TimeoutException: Message: Can't find element by locator ('xpath', '//a[text()=\"Упражнения\"]')\nStacktrace:\n#0 0x5615b890678a <unknown>\n#1 0x5615b83a90a0 <unknown>\n#2 0x5615b83fa9b0 <unknown>\n#3 0x5615b83faba1 <unknown>\n#4 0x5615b8448ea4 <unknown>\n#5 0x5615b84203cd <unknown>\n#6 0x5615b84462a0 <unknown>\n#7 0x5615b8420173 <unknown>\n#8 0x5615b83ecd4b <unknown>\n#9 0x5615b83ed9b1 <unknown>\n#10 0x5615b88cb93b <unknown>\n#11 0x5615b88cf83a <unknown>\n#12 0x5615b88b3692 <unknown>\n#13 0x5615b88d03c4 <unknown>\n#14 0x5615b88984cf <unknown>\n#15 0x5615b88f4568 <unknown>\n#16 0x5615b88f4746 <unknown>\n#17 0x5615b89055f6 <unknown>\n#18 0x7f7206c9caa4 <unknown>\n#19 0x7f7206d29c3c <unknown>",
        "time" : {
          "start" : 1749000802091,
          "stop" : 1749000822172,
          "duration" : 20081
        }
      }, {
        "uid" : "d5f9111a8cbb0780",
        "reportUrl" : "https://Brain-up.github.io/auto-tests-python/587//#testresult/d5f9111a8cbb0780",
        "status" : "skipped",
        "statusDetails" : "XFAIL\n\nselenium.common.exceptions.TimeoutException: Message: Can't find element by locator ('xpath', '//a[text()=\"Упражнения\"]')\nStacktrace:\n#0 0x55f311e1478a <unknown>\n#1 0x55f3118b70a0 <unknown>\n#2 0x55f3119089b0 <unknown>\n#3 0x55f311908ba1 <unknown>\n#4 0x55f311956ea4 <unknown>\n#5 0x55f31192e3cd <unknown>\n#6 0x55f3119542a0 <unknown>\n#7 0x55f31192e173 <unknown>\n#8 0x55f3118fad4b <unknown>\n#9 0x55f3118fb9b1 <unknown>\n#10 0x55f311dd993b <unknown>\n#11 0x55f311ddd83a <unknown>\n#12 0x55f311dc1692 <unknown>\n#13 0x55f311dde3c4 <unknown>\n#14 0x55f311da64cf <unknown>\n#15 0x55f311e02568 <unknown>\n#16 0x55f311e02746 <unknown>\n#17 0x55f311e135f6 <unknown>\n#18 0x7f3ced29caa4 <unknown>\n#19 0x7f3ced329c3c <unknown>",
        "time" : {
          "start" : 1748946539110,
          "stop" : 1748946559676,
          "duration" : 20566
        }
      }, {
        "uid" : "c1a418e63848b6df",
        "reportUrl" : "https://Brain-up.github.io/auto-tests-python/384//#testresult/c1a418e63848b6df",
        "status" : "skipped",
        "statusDetails" : "XFAIL\n\nselenium.common.exceptions.TimeoutException: Message: Can't find element by locator ('xpath', '//a[text()=\"Упражнения\"]')\nStacktrace:\n#0 0x55b905be278a <unknown>\n#1 0x55b9056850a0 <unknown>\n#2 0x55b9056d69b0 <unknown>\n#3 0x55b9056d6ba1 <unknown>\n#4 0x55b905724ea4 <unknown>\n#5 0x55b9056fc3cd <unknown>\n#6 0x55b9057222a0 <unknown>\n#7 0x55b9056fc173 <unknown>\n#8 0x55b9056c8d4b <unknown>\n#9 0x55b9056c99b1 <unknown>\n#10 0x55b905ba793b <unknown>\n#11 0x55b905bab83a <unknown>\n#12 0x55b905b8f692 <unknown>\n#13 0x55b905bac3c4 <unknown>\n#14 0x55b905b744cf <unknown>\n#15 0x55b905bd0568 <unknown>\n#16 0x55b905bd0746 <unknown>\n#17 0x55b905be15f6 <unknown>\n#18 0x7f47be29caa4 <unknown>\n#19 0x7f47be329c3c <unknown>",
        "time" : {
          "start" : 1748914308473,
          "stop" : 1748914329045,
          "duration" : 20572
        }
      }, {
        "uid" : "621e5e37ced93bd0",
        "reportUrl" : "https://Brain-up.github.io/auto-tests-python/383//#testresult/621e5e37ced93bd0",
        "status" : "skipped",
        "statusDetails" : "XFAIL\n\nselenium.common.exceptions.TimeoutException: Message: Can't find element by locator ('xpath', '//a[text()=\"Упражнения\"]')\nStacktrace:\n#0 0x55f05632a78a <unknown>\n#1 0x55f055dcd0a0 <unknown>\n#2 0x55f055e1e9b0 <unknown>\n#3 0x55f055e1eba1 <unknown>\n#4 0x55f055e6cea4 <unknown>\n#5 0x55f055e443cd <unknown>\n#6 0x55f055e6a2a0 <unknown>\n#7 0x55f055e44173 <unknown>\n#8 0x55f055e10d4b <unknown>\n#9 0x55f055e119b1 <unknown>\n#10 0x55f0562ef93b <unknown>\n#11 0x55f0562f383a <unknown>\n#12 0x55f0562d7692 <unknown>\n#13 0x55f0562f43c4 <unknown>\n#14 0x55f0562bc4cf <unknown>\n#15 0x55f056318568 <unknown>\n#16 0x55f056318746 <unknown>\n#17 0x55f0563295f6 <unknown>\n#18 0x7f986809caa4 <unknown>\n#19 0x7f9868129c3c <unknown>",
        "time" : {
          "start" : 1748827929651,
          "stop" : 1748827949725,
          "duration" : 20074
        }
      }, {
        "uid" : "d76c0151c643a284",
        "reportUrl" : "https://Brain-up.github.io/auto-tests-python/382//#testresult/d76c0151c643a284",
        "status" : "skipped",
        "statusDetails" : "XFAIL\n\nselenium.common.exceptions.TimeoutException: Message: Can't find element by locator ('xpath', '//a[text()=\"Упражнения\"]')\nStacktrace:\n#0 0x560e9e27a78a <unknown>\n#1 0x560e9dd1d0a0 <unknown>\n#2 0x560e9dd6e9b0 <unknown>\n#3 0x560e9dd6eba1 <unknown>\n#4 0x560e9ddbcea4 <unknown>\n#5 0x560e9dd943cd <unknown>\n#6 0x560e9ddba2a0 <unknown>\n#7 0x560e9dd94173 <unknown>\n#8 0x560e9dd60d4b <unknown>\n#9 0x560e9dd619b1 <unknown>\n#10 0x560e9e23f93b <unknown>\n#11 0x560e9e24383a <unknown>\n#12 0x560e9e227692 <unknown>\n#13 0x560e9e2443c4 <unknown>\n#14 0x560e9e20c4cf <unknown>\n#15 0x560e9e268568 <unknown>\n#16 0x560e9e268746 <unknown>\n#17 0x560e9e2795f6 <unknown>\n#18 0x7f76eca9caa4 <unknown>\n#19 0x7f76ecb29c3c <unknown>",
        "time" : {
          "start" : 1748742093323,
          "stop" : 1748742113422,
          "duration" : 20099
        }
      }, {
        "uid" : "20ca9df3093e2dfb",
        "reportUrl" : "https://Brain-up.github.io/auto-tests-python/586//#testresult/20ca9df3093e2dfb",
        "status" : "skipped",
        "statusDetails" : "XFAIL\n\nselenium.common.exceptions.TimeoutException: Message: Can't find element by locator ('xpath', '//a[text()=\"Упражнения\"]')\nStacktrace:\n#0 0x557315a0c78a <unknown>\n#1 0x5573154af0a0 <unknown>\n#2 0x5573155009b0 <unknown>\n#3 0x557315500ba1 <unknown>\n#4 0x55731554eea4 <unknown>\n#5 0x5573155263cd <unknown>\n#6 0x55731554c2a0 <unknown>\n#7 0x557315526173 <unknown>\n#8 0x5573154f2d4b <unknown>\n#9 0x5573154f39b1 <unknown>\n#10 0x5573159d193b <unknown>\n#11 0x5573159d583a <unknown>\n#12 0x5573159b9692 <unknown>\n#13 0x5573159d63c4 <unknown>\n#14 0x55731599e4cf <unknown>\n#15 0x5573159fa568 <unknown>\n#16 0x5573159fa746 <unknown>\n#17 0x557315a0b5f6 <unknown>\n#18 0x7fa6bc69caa4 <unknown>\n#19 0x7fa6bc729c3c <unknown>",
        "time" : {
          "start" : 1748683162064,
          "stop" : 1748683182136,
          "duration" : 20072
        }
      }, {
        "uid" : "ec46e5fd6bab20ce",
        "reportUrl" : "https://Brain-up.github.io/auto-tests-python/381//#testresult/ec46e5fd6bab20ce",
        "status" : "skipped",
        "statusDetails" : "XFAIL\n\nselenium.common.exceptions.TimeoutException: Message: Can't find element by locator ('xpath', '//a[text()=\"Упражнения\"]')\nStacktrace:\n#0 0x562e10c2478a <unknown>\n#1 0x562e106c70a0 <unknown>\n#2 0x562e107189b0 <unknown>\n#3 0x562e10718ba1 <unknown>\n#4 0x562e10766ea4 <unknown>\n#5 0x562e1073e3cd <unknown>\n#6 0x562e107642a0 <unknown>\n#7 0x562e1073e173 <unknown>\n#8 0x562e1070ad4b <unknown>\n#9 0x562e1070b9b1 <unknown>\n#10 0x562e10be993b <unknown>\n#11 0x562e10bed83a <unknown>\n#12 0x562e10bd1692 <unknown>\n#13 0x562e10bee3c4 <unknown>\n#14 0x562e10bb64cf <unknown>\n#15 0x562e10c12568 <unknown>\n#16 0x562e10c12746 <unknown>\n#17 0x562e10c235f6 <unknown>\n#18 0x7f480b09caa4 <unknown>\n#19 0x7f480b129c3c <unknown>",
        "time" : {
          "start" : 1748655077804,
          "stop" : 1748655097896,
          "duration" : 20092
        }
      }, {
        "uid" : "64d0bc8084d83189",
        "reportUrl" : "https://Brain-up.github.io/auto-tests-python/585//#testresult/64d0bc8084d83189",
        "status" : "skipped",
        "statusDetails" : "XFAIL\n\nselenium.common.exceptions.TimeoutException: Message: Can't find element by locator ('xpath', '//a[text()=\"Упражнения\"]')\nStacktrace:\n#0 0x559b3dc5878a <unknown>\n#1 0x559b3d6fb0a0 <unknown>\n#2 0x559b3d74c9b0 <unknown>\n#3 0x559b3d74cba1 <unknown>\n#4 0x559b3d79aea4 <unknown>\n#5 0x559b3d7723cd <unknown>\n#6 0x559b3d7982a0 <unknown>\n#7 0x559b3d772173 <unknown>\n#8 0x559b3d73ed4b <unknown>\n#9 0x559b3d73f9b1 <unknown>\n#10 0x559b3dc1d93b <unknown>\n#11 0x559b3dc2183a <unknown>\n#12 0x559b3dc05692 <unknown>\n#13 0x559b3dc223c4 <unknown>\n#14 0x559b3dbea4cf <unknown>\n#15 0x559b3dc46568 <unknown>\n#16 0x559b3dc46746 <unknown>\n#17 0x559b3dc575f6 <unknown>\n#18 0x7f2bc9a9caa4 <unknown>\n#19 0x7f2bc9b29c3c <unknown>",
        "time" : {
          "start" : 1748639150573,
          "stop" : 1748639170690,
          "duration" : 20117
        }
      }, {
        "uid" : "27016174d8d3f792",
        "reportUrl" : "https://Brain-up.github.io/auto-tests-python/380//#testresult/27016174d8d3f792",
        "status" : "skipped",
        "statusDetails" : "XFAIL\n\nselenium.common.exceptions.TimeoutException: Message: Can't find element by locator ('xpath', '//a[text()=\"Упражнения\"]')\nStacktrace:\n#0 0x556490edf78a <unknown>\n#1 0x5564909820a0 <unknown>\n#2 0x5564909d39b0 <unknown>\n#3 0x5564909d3ba1 <unknown>\n#4 0x556490a21ea4 <unknown>\n#5 0x5564909f93cd <unknown>\n#6 0x556490a1f2a0 <unknown>\n#7 0x5564909f9173 <unknown>\n#8 0x5564909c5d4b <unknown>\n#9 0x5564909c69b1 <unknown>\n#10 0x556490ea493b <unknown>\n#11 0x556490ea883a <unknown>\n#12 0x556490e8c692 <unknown>\n#13 0x556490ea93c4 <unknown>\n#14 0x556490e714cf <unknown>\n#15 0x556490ecd568 <unknown>\n#16 0x556490ecd746 <unknown>\n#17 0x556490ede5f6 <unknown>\n#18 0x7f983de9caa4 <unknown>\n#19 0x7f983df29c3c <unknown>",
        "time" : {
          "start" : 1748568385196,
          "stop" : 1748568405769,
          "duration" : 20573
        }
      }, {
        "uid" : "11df806782606e65",
        "reportUrl" : "https://Brain-up.github.io/auto-tests-python/584//#testresult/11df806782606e65",
        "status" : "skipped",
        "statusDetails" : "XFAIL\n\nselenium.common.exceptions.TimeoutException: Message: Can't find element by locator ('xpath', '//a[text()=\"Упражнения\"]')\nStacktrace:\n#0 0x562c99fc478a <unknown>\n#1 0x562c99a670a0 <unknown>\n#2 0x562c99ab89b0 <unknown>\n#3 0x562c99ab8ba1 <unknown>\n#4 0x562c99b06ea4 <unknown>\n#5 0x562c99ade3cd <unknown>\n#6 0x562c99b042a0 <unknown>\n#7 0x562c99ade173 <unknown>\n#8 0x562c99aaad4b <unknown>\n#9 0x562c99aab9b1 <unknown>\n#10 0x562c99f8993b <unknown>\n#11 0x562c99f8d83a <unknown>\n#12 0x562c99f71692 <unknown>\n#13 0x562c99f8e3c4 <unknown>\n#14 0x562c99f564cf <unknown>\n#15 0x562c99fb2568 <unknown>\n#16 0x562c99fb2746 <unknown>\n#17 0x562c99fc35f6 <unknown>\n#18 0x7f92c209caa4 <unknown>\n#19 0x7f92c2129c3c <unknown>",
        "time" : {
          "start" : 1748513873354,
          "stop" : 1748513893433,
          "duration" : 20079
        }
      }, {
        "uid" : "e3832ff61d72dc74",
        "reportUrl" : "https://Brain-up.github.io/auto-tests-python/379//#testresult/e3832ff61d72dc74",
        "status" : "skipped",
        "statusDetails" : "XFAIL\n\nselenium.common.exceptions.TimeoutException: Message: Can't find element by locator ('xpath', '//a[text()=\"Упражнения\"]')\nStacktrace:\n#0 0x55a7255f978a <unknown>\n#1 0x55a72509c0a0 <unknown>\n#2 0x55a7250ed9b0 <unknown>\n#3 0x55a7250edba1 <unknown>\n#4 0x55a72513bea4 <unknown>\n#5 0x55a7251133cd <unknown>\n#6 0x55a7251392a0 <unknown>\n#7 0x55a725113173 <unknown>\n#8 0x55a7250dfd4b <unknown>\n#9 0x55a7250e09b1 <unknown>\n#10 0x55a7255be93b <unknown>\n#11 0x55a7255c283a <unknown>\n#12 0x55a7255a6692 <unknown>\n#13 0x55a7255c33c4 <unknown>\n#14 0x55a72558b4cf <unknown>\n#15 0x55a7255e7568 <unknown>\n#16 0x55a7255e7746 <unknown>\n#17 0x55a7255f85f6 <unknown>\n#18 0x7f333a29caa4 <unknown>\n#19 0x7f333a329c3c <unknown>",
        "time" : {
          "start" : 1748482184699,
          "stop" : 1748482204803,
          "duration" : 20104
        }
      }, {
        "uid" : "8d885e7f8910de1a",
        "reportUrl" : "https://Brain-up.github.io/auto-tests-python/583//#testresult/8d885e7f8910de1a",
        "status" : "skipped",
        "statusDetails" : "XFAIL\n\nselenium.common.exceptions.TimeoutException: Message: Can't find element by locator ('xpath', '//a[text()=\"Упражнения\"]')\nStacktrace:\n#0 0x5606095a978a <unknown>\n#1 0x56060904c0a0 <unknown>\n#2 0x56060909d9b0 <unknown>\n#3 0x56060909dba1 <unknown>\n#4 0x5606090ebea4 <unknown>\n#5 0x5606090c33cd <unknown>\n#6 0x5606090e92a0 <unknown>\n#7 0x5606090c3173 <unknown>\n#8 0x56060908fd4b <unknown>\n#9 0x5606090909b1 <unknown>\n#10 0x56060956e93b <unknown>\n#11 0x56060957283a <unknown>\n#12 0x560609556692 <unknown>\n#13 0x5606095733c4 <unknown>\n#14 0x56060953b4cf <unknown>\n#15 0x560609597568 <unknown>\n#16 0x560609597746 <unknown>\n#17 0x5606095a85f6 <unknown>\n#18 0x7f639509caa4 <unknown>\n#19 0x7f6395129c3c <unknown>",
        "time" : {
          "start" : 1748452824397,
          "stop" : 1748452844971,
          "duration" : 20574
        }
      }, {
        "uid" : "5dd4edcf15abc8d0",
        "reportUrl" : "https://Brain-up.github.io/auto-tests-python/378//#testresult/5dd4edcf15abc8d0",
        "status" : "skipped",
        "statusDetails" : "XFAIL\n\nselenium.common.exceptions.TimeoutException: Message: Can't find element by locator ('xpath', '//a[text()=\"Упражнения\"]')\nStacktrace:\n#0 0x556b74a1f78a <unknown>\n#1 0x556b744c20a0 <unknown>\n#2 0x556b745139b0 <unknown>\n#3 0x556b74513ba1 <unknown>\n#4 0x556b74561ea4 <unknown>\n#5 0x556b745393cd <unknown>\n#6 0x556b7455f2a0 <unknown>\n#7 0x556b74539173 <unknown>\n#8 0x556b74505d4b <unknown>\n#9 0x556b745069b1 <unknown>\n#10 0x556b749e493b <unknown>\n#11 0x556b749e883a <unknown>\n#12 0x556b749cc692 <unknown>\n#13 0x556b749e93c4 <unknown>\n#14 0x556b749b14cf <unknown>\n#15 0x556b74a0d568 <unknown>\n#16 0x556b74a0d746 <unknown>\n#17 0x556b74a1e5f6 <unknown>\n#18 0x7f043169caa4 <unknown>\n#19 0x7f0431729c3c <unknown>",
        "time" : {
          "start" : 1748395758367,
          "stop" : 1748395778457,
          "duration" : 20090
        }
      }, {
        "uid" : "2d5864332f9980ff",
        "reportUrl" : "https://Brain-up.github.io/auto-tests-python/582//#testresult/2d5864332f9980ff",
        "status" : "skipped",
        "statusDetails" : "XFAIL\n\nselenium.common.exceptions.TimeoutException: Message: Can't find element by locator ('xpath', '//a[text()=\"Упражнения\"]')\nStacktrace:\n#0 0x559ab792d78a <unknown>\n#1 0x559ab73d00a0 <unknown>\n#2 0x559ab74219b0 <unknown>\n#3 0x559ab7421ba1 <unknown>\n#4 0x559ab746fea4 <unknown>\n#5 0x559ab74473cd <unknown>\n#6 0x559ab746d2a0 <unknown>\n#7 0x559ab7447173 <unknown>\n#8 0x559ab7413d4b <unknown>\n#9 0x559ab74149b1 <unknown>\n#10 0x559ab78f293b <unknown>\n#11 0x559ab78f683a <unknown>\n#12 0x559ab78da692 <unknown>\n#13 0x559ab78f73c4 <unknown>\n#14 0x559ab78bf4cf <unknown>\n#15 0x559ab791b568 <unknown>\n#16 0x559ab791b746 <unknown>\n#17 0x559ab792c5f6 <unknown>\n#18 0x7f24ef49caa4 <unknown>\n#19 0x7f24ef529c3c <unknown>",
        "time" : {
          "start" : 1748336765731,
          "stop" : 1748336785810,
          "duration" : 20079
        }
      }, {
        "uid" : "6357b58611b17672",
        "reportUrl" : "https://Brain-up.github.io/auto-tests-python/377//#testresult/6357b58611b17672",
        "status" : "skipped",
        "statusDetails" : "XFAIL\n\nselenium.common.exceptions.TimeoutException: Message: Can't find element by locator ('xpath', '//a[text()=\"Упражнения\"]')\nStacktrace:\n#0 0x55dc1338278a <unknown>\n#1 0x55dc12e250a0 <unknown>\n#2 0x55dc12e769b0 <unknown>\n#3 0x55dc12e76ba1 <unknown>\n#4 0x55dc12ec4ea4 <unknown>\n#5 0x55dc12e9c3cd <unknown>\n#6 0x55dc12ec22a0 <unknown>\n#7 0x55dc12e9c173 <unknown>\n#8 0x55dc12e68d4b <unknown>\n#9 0x55dc12e699b1 <unknown>\n#10 0x55dc1334793b <unknown>\n#11 0x55dc1334b83a <unknown>\n#12 0x55dc1332f692 <unknown>\n#13 0x55dc1334c3c4 <unknown>\n#14 0x55dc133144cf <unknown>\n#15 0x55dc13370568 <unknown>\n#16 0x55dc13370746 <unknown>\n#17 0x55dc133815f6 <unknown>\n#18 0x7fec7fc9caa4 <unknown>\n#19 0x7fec7fd29c3c <unknown>",
        "time" : {
          "start" : 1748309338384,
          "stop" : 1748309358943,
          "duration" : 20559
        }
      }, {
        "uid" : "589aabfec17eae76",
        "reportUrl" : "https://Brain-up.github.io/auto-tests-python/581//#testresult/589aabfec17eae76",
        "status" : "skipped",
        "statusDetails" : "XFAIL\n\nselenium.common.exceptions.TimeoutException: Message: Can't find element by locator ('xpath', '//a[text()=\"Упражнения\"]')\nStacktrace:\n#0 0x5631c8c6a78a <unknown>\n#1 0x5631c870d0a0 <unknown>\n#2 0x5631c875e9b0 <unknown>\n#3 0x5631c875eba1 <unknown>\n#4 0x5631c87acea4 <unknown>\n#5 0x5631c87843cd <unknown>\n#6 0x5631c87aa2a0 <unknown>\n#7 0x5631c8784173 <unknown>\n#8 0x5631c8750d4b <unknown>\n#9 0x5631c87519b1 <unknown>\n#10 0x5631c8c2f93b <unknown>\n#11 0x5631c8c3383a <unknown>\n#12 0x5631c8c17692 <unknown>\n#13 0x5631c8c343c4 <unknown>\n#14 0x5631c8bfc4cf <unknown>\n#15 0x5631c8c58568 <unknown>\n#16 0x5631c8c58746 <unknown>\n#17 0x5631c8c695f6 <unknown>\n#18 0x7f40bf69caa4 <unknown>\n#19 0x7f40bf729c3c <unknown>",
        "time" : {
          "start" : 1748275618766,
          "stop" : 1748275638854,
          "duration" : 20088
        }
      }, {
        "uid" : "6a5205edc3e5e2b0",
        "reportUrl" : "https://Brain-up.github.io/auto-tests-python/376//#testresult/6a5205edc3e5e2b0",
        "status" : "skipped",
        "statusDetails" : "XFAIL\n\nselenium.common.exceptions.TimeoutException: Message: Can't find element by locator ('xpath', '//a[text()=\"Упражнения\"]')\nStacktrace:\n#0 0x55631eef578a <unknown>\n#1 0x55631e9980a0 <unknown>\n#2 0x55631e9e99b0 <unknown>\n#3 0x55631e9e9ba1 <unknown>\n#4 0x55631ea37ea4 <unknown>\n#5 0x55631ea0f3cd <unknown>\n#6 0x55631ea352a0 <unknown>\n#7 0x55631ea0f173 <unknown>\n#8 0x55631e9dbd4b <unknown>\n#9 0x55631e9dc9b1 <unknown>\n#10 0x55631eeba93b <unknown>\n#11 0x55631eebe83a <unknown>\n#12 0x55631eea2692 <unknown>\n#13 0x55631eebf3c4 <unknown>\n#14 0x55631ee874cf <unknown>\n#15 0x55631eee3568 <unknown>\n#16 0x55631eee3746 <unknown>\n#17 0x55631eef45f6 <unknown>\n#18 0x7f67f2a9caa4 <unknown>\n#19 0x7f67f2b29c3c <unknown>",
        "time" : {
          "start" : 1748223166645,
          "stop" : 1748223186761,
          "duration" : 20116
        }
      }, {
        "uid" : "763591cb9d715b7e",
        "reportUrl" : "https://Brain-up.github.io/auto-tests-python/580//#testresult/763591cb9d715b7e",
        "status" : "skipped",
        "statusDetails" : "XFAIL\n\nselenium.common.exceptions.TimeoutException: Message: Can't find element by locator ('xpath', '//a[text()=\"Упражнения\"]')\nStacktrace:\n#0 0x55ee1eb9078a <unknown>\n#1 0x55ee1e6330a0 <unknown>\n#2 0x55ee1e6849b0 <unknown>\n#3 0x55ee1e684ba1 <unknown>\n#4 0x55ee1e6d2ea4 <unknown>\n#5 0x55ee1e6aa3cd <unknown>\n#6 0x55ee1e6d02a0 <unknown>\n#7 0x55ee1e6aa173 <unknown>\n#8 0x55ee1e676d4b <unknown>\n#9 0x55ee1e6779b1 <unknown>\n#10 0x55ee1eb5593b <unknown>\n#11 0x55ee1eb5983a <unknown>\n#12 0x55ee1eb3d692 <unknown>\n#13 0x55ee1eb5a3c4 <unknown>\n#14 0x55ee1eb224cf <unknown>\n#15 0x55ee1eb7e568 <unknown>\n#16 0x55ee1eb7e746 <unknown>\n#17 0x55ee1eb8f5f6 <unknown>\n#18 0x7fa951a9caa4 <unknown>\n#19 0x7fa951b29c3c <unknown>",
        "time" : {
          "start" : 1748161176523,
          "stop" : 1748161196606,
          "duration" : 20083
        }
      }, {
        "uid" : "e1cbaf7ed8c41fe8",
        "reportUrl" : "https://Brain-up.github.io/auto-tests-python/375//#testresult/e1cbaf7ed8c41fe8",
        "status" : "skipped",
        "statusDetails" : "XFAIL\n\nselenium.common.exceptions.TimeoutException: Message: Can't find element by locator ('xpath', '//a[text()=\"Упражнения\"]')\nStacktrace:\n#0 0x5629471d478a <unknown>\n#1 0x562946c770a0 <unknown>\n#2 0x562946cc89b0 <unknown>\n#3 0x562946cc8ba1 <unknown>\n#4 0x562946d16ea4 <unknown>\n#5 0x562946cee3cd <unknown>\n#6 0x562946d142a0 <unknown>\n#7 0x562946cee173 <unknown>\n#8 0x562946cbad4b <unknown>\n#9 0x562946cbb9b1 <unknown>\n#10 0x56294719993b <unknown>\n#11 0x56294719d83a <unknown>\n#12 0x562947181692 <unknown>\n#13 0x56294719e3c4 <unknown>\n#14 0x5629471664cf <unknown>\n#15 0x5629471c2568 <unknown>\n#16 0x5629471c2746 <unknown>\n#17 0x5629471d35f6 <unknown>\n#18 0x7fc74b29caa4 <unknown>\n#19 0x7fc74b329c3c <unknown>",
        "time" : {
          "start" : 1748136817486,
          "stop" : 1748136837569,
          "duration" : 20083
        }
      }, {
        "uid" : "b298a6092d9e3641",
        "reportUrl" : "https://Brain-up.github.io/auto-tests-python/579//#testresult/b298a6092d9e3641",
        "status" : "skipped",
        "statusDetails" : "XFAIL\n\nselenium.common.exceptions.TimeoutException: Message: Can't find element by locator ('xpath', '//a[text()=\"Упражнения\"]')\nStacktrace:\n#0 0x560ee71a478a <unknown>\n#1 0x560ee6c470a0 <unknown>\n#2 0x560ee6c989b0 <unknown>\n#3 0x560ee6c98ba1 <unknown>\n#4 0x560ee6ce6ea4 <unknown>\n#5 0x560ee6cbe3cd <unknown>\n#6 0x560ee6ce42a0 <unknown>\n#7 0x560ee6cbe173 <unknown>\n#8 0x560ee6c8ad4b <unknown>\n#9 0x560ee6c8b9b1 <unknown>\n#10 0x560ee716993b <unknown>\n#11 0x560ee716d83a <unknown>\n#12 0x560ee7151692 <unknown>\n#13 0x560ee716e3c4 <unknown>\n#14 0x560ee71364cf <unknown>\n#15 0x560ee7192568 <unknown>\n#16 0x560ee7192746 <unknown>\n#17 0x560ee71a35f6 <unknown>\n#18 0x7f3a1749caa4 <unknown>\n#19 0x7f3a17529c3c <unknown>",
        "time" : {
          "start" : 1748108518874,
          "stop" : 1748108539453,
          "duration" : 20579
        }
      } ]
    },
    "tags" : [ "@pytest.mark.xfail" ]
  },
  "source" : "7d8ac8aa15ffbaf.json",
  "parameterValues" : [ ]
}