{
  "uid" : "512ba9caa010f356",
  "name" : "Solutions to a random task in the \"Слова\" group and comparison of statics.",
  "fullName" : "tests.test_speech_exercises_ru.TestCardsRU#test_solve_word_cards_with_statistic_ru",
  "historyId" : "0fb6881b2015244903bd7785af7503a6",
  "time" : {
    "start" : 1727865585022,
    "stop" : 1727865625490,
    "duration" : 40468
  },
  "status" : "skipped",
  "statusMessage" : "XFAIL\n\nselenium.common.exceptions.TimeoutException: Message: Can't find element by locator ('xpath', '//a[@title=\"Речевые упражнения\"]')\nStacktrace:\n#0 0x5650c684d13a <unknown>\n#1 0x5650c65335e0 <unknown>\n#2 0x5650c6582be8 <unknown>\n#3 0x5650c6582e81 <unknown>\n#4 0x5650c65c98c4 <unknown>\n#5 0x5650c65a7b4d <unknown>\n#6 0x5650c65c6d7d <unknown>\n#7 0x5650c65a78c3 <unknown>\n#8 0x5650c65756b3 <unknown>\n#9 0x5650c657668e <unknown>\n#10 0x5650c6817b3b <unknown>\n#11 0x5650c681bac1 <unknown>\n#12 0x5650c6804335 <unknown>\n#13 0x5650c681c642 <unknown>\n#14 0x5650c67e949f <unknown>\n#15 0x5650c683c038 <unknown>\n#16 0x5650c683c203 <unknown>\n#17 0x5650c684bf8c <unknown>\n#18 0x7f7532c94ac3 <unknown>",
  "statusTrace" : "self = <tests.test_speech_exercises_ru.TestCardsRU object at 0x7f304b698fb0>\ndriver = <selenium.webdriver.chrome.webdriver.WebDriver (session=\"36e6183a28a668806e44de8f47450d46\")>\ndefault_user_authorized = None\n\n    @pytest.mark.xfail\n    @allure.suite(\"Речевые упражнения.\")\n    @allure.title('Solutions to a random task in the \"Слова\" group and comparison of statics.')\n    def test_solve_word_cards_with_statistic_ru(self, driver, default_user_authorized):\n        page = SpeechExercisesPageRU(driver)\n        page.click_button_ru()\n        table = page.get_statistic_data()\n        start_result = list(table[1].values())[5]\n        page.click_button_exercises()\n>       seria_id = page.select_group(SpeechExercisesPageLocators.WORDS_BUTTON_RU)\n\ntests/test_speech_exercises_ru.py:168: \n_ _ _ _ _ _ _ _ _ _ _ _ _ _ _ _ _ _ _ _ _ _ _ _ _ _ _ _ _ _ _ _ _ _ _ _ _ _ _ _ \npages/speech_exercises_page_ru.py:23: in select_group\n    self.element_is_present_and_clickable(\npages/base_page.py:32: in element_is_present_and_clickable\n    return (Wait(self.driver, self.timeout).until(\n_ _ _ _ _ _ _ _ _ _ _ _ _ _ _ _ _ _ _ _ _ _ _ _ _ _ _ _ _ _ _ _ _ _ _ _ _ _ _ _ \n\nself = <selenium.webdriver.support.wait.WebDriverWait (session=\"36e6183a28a668806e44de8f47450d46\")>\nmethod = <function visibility_of_element_located.<locals>._predicate at 0x7f304b4bd300>\nmessage = 'Can\\'t find element by locator (\\'xpath\\', \\'//a[@title=\"Речевые упражнения\"]\\')'\n\n    def until(self, method, message: str = \"\"):\n        \"\"\"Calls the method provided with the driver as an argument until the \\\n        return value does not evaluate to ``False``.\n    \n        :param method: callable(WebDriver)\n        :param message: optional message for :exc:`TimeoutException`\n        :returns: the result of the last call to `method`\n        :raises: :exc:`selenium.common.exceptions.TimeoutException` if timeout occurs\n        \"\"\"\n        screen = None\n        stacktrace = None\n    \n        end_time = time.monotonic() + self._timeout\n        while True:\n            try:\n                value = method(self._driver)\n                if value:\n                    return value\n            except self._ignored_exceptions as exc:\n                screen = getattr(exc, \"screen\", None)\n                stacktrace = getattr(exc, \"stacktrace\", None)\n            time.sleep(self._poll)\n            if time.monotonic() > end_time:\n                break\n>       raise TimeoutException(message, screen, stacktrace)\nE       selenium.common.exceptions.TimeoutException: Message: Can't find element by locator ('xpath', '//a[@title=\"Речевые упражнения\"]')\nE       Stacktrace:\nE       #0 0x5650c684d13a <unknown>\nE       #1 0x5650c65335e0 <unknown>\nE       #2 0x5650c6582be8 <unknown>\nE       #3 0x5650c6582e81 <unknown>\nE       #4 0x5650c65c98c4 <unknown>\nE       #5 0x5650c65a7b4d <unknown>\nE       #6 0x5650c65c6d7d <unknown>\nE       #7 0x5650c65a78c3 <unknown>\nE       #8 0x5650c65756b3 <unknown>\nE       #9 0x5650c657668e <unknown>\nE       #10 0x5650c6817b3b <unknown>\nE       #11 0x5650c681bac1 <unknown>\nE       #12 0x5650c6804335 <unknown>\nE       #13 0x5650c681c642 <unknown>\nE       #14 0x5650c67e949f <unknown>\nE       #15 0x5650c683c038 <unknown>\nE       #16 0x5650c683c203 <unknown>\nE       #17 0x5650c684bf8c <unknown>\nE       #18 0x7f7532c94ac3 <unknown>\n\n/opt/hostedtoolcache/Python/3.12.6/x64/lib/python3.12/site-packages/selenium/webdriver/support/wait.py:95: TimeoutException",
  "flaky" : false,
  "newFailed" : false,
  "beforeStages" : [ {
    "name" : "clear_allure_results_folder",
    "time" : {
      "start" : 1727864264357,
      "stop" : 1727864264357,
      "duration" : 0
    },
    "status" : "passed",
    "steps" : [ ],
    "attachments" : [ ],
    "parameters" : [ ],
    "stepsCount" : 0,
    "attachmentsCount" : 0,
    "shouldDisplayMessage" : false,
    "hasContent" : false
  }, {
    "name" : "main_page_open",
    "time" : {
      "start" : 1727865578018,
      "stop" : 1727865582148,
      "duration" : 4130
    },
    "status" : "passed",
    "steps" : [ {
      "name" : "Open page: https://brainup.site/",
      "time" : {
        "start" : 1727865578019,
        "stop" : 1727865582148,
        "duration" : 4129
      },
      "status" : "passed",
      "steps" : [ ],
      "attachments" : [ ],
      "parameters" : [ {
        "name" : "driver",
        "value" : "<selenium.webdriver.chrome.webdriver.WebDriver (session=\"36e6183a28a668806e44de8f47450d46\")>"
      } ],
      "stepsCount" : 0,
      "attachmentsCount" : 0,
      "shouldDisplayMessage" : false,
      "hasContent" : true
    } ],
    "attachments" : [ ],
    "parameters" : [ ],
    "stepsCount" : 1,
    "attachmentsCount" : 0,
    "shouldDisplayMessage" : false,
    "hasContent" : true
  }, {
    "name" : "default_user_authorized",
    "time" : {
      "start" : 1727865582148,
      "stop" : 1727865585022,
      "duration" : 2874
    },
    "status" : "passed",
    "steps" : [ {
      "name" : "DEFAULT user authorized",
      "time" : {
        "start" : 1727865582148,
        "stop" : 1727865585022,
        "duration" : 2874
      },
      "status" : "passed",
      "steps" : [ {
        "name" : "Check url is present: https://brainup.site/groups",
        "time" : {
          "start" : 1727865582477,
          "stop" : 1727865584999,
          "duration" : 2522
        },
        "status" : "passed",
        "steps" : [ ],
        "attachments" : [ ],
        "parameters" : [ ],
        "stepsCount" : 0,
        "attachmentsCount" : 0,
        "shouldDisplayMessage" : false,
        "hasContent" : false
      }, {
        "name" : "Loader checking",
        "time" : {
          "start" : 1727865584999,
          "stop" : 1727865585022,
          "duration" : 23
        },
        "status" : "passed",
        "steps" : [ ],
        "attachments" : [ ],
        "parameters" : [ ],
        "stepsCount" : 0,
        "attachmentsCount" : 0,
        "shouldDisplayMessage" : false,
        "hasContent" : false
      } ],
      "attachments" : [ ],
      "parameters" : [ {
        "name" : "driver",
        "value" : "<selenium.webdriver.chrome.webdriver.WebDriver (session=\"36e6183a28a668806e44de8f47450d46\")>"
      }, {
        "name" : "main_page_open",
        "value" : "None"
      } ],
      "stepsCount" : 2,
      "attachmentsCount" : 0,
      "shouldDisplayMessage" : false,
      "hasContent" : true
    } ],
    "attachments" : [ ],
    "parameters" : [ ],
    "stepsCount" : 3,
    "attachmentsCount" : 0,
    "shouldDisplayMessage" : false,
    "hasContent" : true
  }, {
    "name" : "driver",
    "time" : {
      "start" : 1727865577252,
      "stop" : 1727865578018,
      "duration" : 766
    },
    "status" : "passed",
    "steps" : [ ],
    "attachments" : [ ],
    "parameters" : [ ],
    "stepsCount" : 0,
    "attachmentsCount" : 0,
    "shouldDisplayMessage" : false,
    "hasContent" : false
  } ],
  "testStage" : {
    "status" : "skipped",
    "statusMessage" : "XFAIL\n\nselenium.common.exceptions.TimeoutException: Message: Can't find element by locator ('xpath', '//a[@title=\"Речевые упражнения\"]')\nStacktrace:\n#0 0x5650c684d13a <unknown>\n#1 0x5650c65335e0 <unknown>\n#2 0x5650c6582be8 <unknown>\n#3 0x5650c6582e81 <unknown>\n#4 0x5650c65c98c4 <unknown>\n#5 0x5650c65a7b4d <unknown>\n#6 0x5650c65c6d7d <unknown>\n#7 0x5650c65a78c3 <unknown>\n#8 0x5650c65756b3 <unknown>\n#9 0x5650c657668e <unknown>\n#10 0x5650c6817b3b <unknown>\n#11 0x5650c681bac1 <unknown>\n#12 0x5650c6804335 <unknown>\n#13 0x5650c681c642 <unknown>\n#14 0x5650c67e949f <unknown>\n#15 0x5650c683c038 <unknown>\n#16 0x5650c683c203 <unknown>\n#17 0x5650c684bf8c <unknown>\n#18 0x7f7532c94ac3 <unknown>",
    "statusTrace" : "self = <tests.test_speech_exercises_ru.TestCardsRU object at 0x7f304b698fb0>\ndriver = <selenium.webdriver.chrome.webdriver.WebDriver (session=\"36e6183a28a668806e44de8f47450d46\")>\ndefault_user_authorized = None\n\n    @pytest.mark.xfail\n    @allure.suite(\"Речевые упражнения.\")\n    @allure.title('Solutions to a random task in the \"Слова\" group and comparison of statics.')\n    def test_solve_word_cards_with_statistic_ru(self, driver, default_user_authorized):\n        page = SpeechExercisesPageRU(driver)\n        page.click_button_ru()\n        table = page.get_statistic_data()\n        start_result = list(table[1].values())[5]\n        page.click_button_exercises()\n>       seria_id = page.select_group(SpeechExercisesPageLocators.WORDS_BUTTON_RU)\n\ntests/test_speech_exercises_ru.py:168: \n_ _ _ _ _ _ _ _ _ _ _ _ _ _ _ _ _ _ _ _ _ _ _ _ _ _ _ _ _ _ _ _ _ _ _ _ _ _ _ _ \npages/speech_exercises_page_ru.py:23: in select_group\n    self.element_is_present_and_clickable(\npages/base_page.py:32: in element_is_present_and_clickable\n    return (Wait(self.driver, self.timeout).until(\n_ _ _ _ _ _ _ _ _ _ _ _ _ _ _ _ _ _ _ _ _ _ _ _ _ _ _ _ _ _ _ _ _ _ _ _ _ _ _ _ \n\nself = <selenium.webdriver.support.wait.WebDriverWait (session=\"36e6183a28a668806e44de8f47450d46\")>\nmethod = <function visibility_of_element_located.<locals>._predicate at 0x7f304b4bd300>\nmessage = 'Can\\'t find element by locator (\\'xpath\\', \\'//a[@title=\"Речевые упражнения\"]\\')'\n\n    def until(self, method, message: str = \"\"):\n        \"\"\"Calls the method provided with the driver as an argument until the \\\n        return value does not evaluate to ``False``.\n    \n        :param method: callable(WebDriver)\n        :param message: optional message for :exc:`TimeoutException`\n        :returns: the result of the last call to `method`\n        :raises: :exc:`selenium.common.exceptions.TimeoutException` if timeout occurs\n        \"\"\"\n        screen = None\n        stacktrace = None\n    \n        end_time = time.monotonic() + self._timeout\n        while True:\n            try:\n                value = method(self._driver)\n                if value:\n                    return value\n            except self._ignored_exceptions as exc:\n                screen = getattr(exc, \"screen\", None)\n                stacktrace = getattr(exc, \"stacktrace\", None)\n            time.sleep(self._poll)\n            if time.monotonic() > end_time:\n                break\n>       raise TimeoutException(message, screen, stacktrace)\nE       selenium.common.exceptions.TimeoutException: Message: Can't find element by locator ('xpath', '//a[@title=\"Речевые упражнения\"]')\nE       Stacktrace:\nE       #0 0x5650c684d13a <unknown>\nE       #1 0x5650c65335e0 <unknown>\nE       #2 0x5650c6582be8 <unknown>\nE       #3 0x5650c6582e81 <unknown>\nE       #4 0x5650c65c98c4 <unknown>\nE       #5 0x5650c65a7b4d <unknown>\nE       #6 0x5650c65c6d7d <unknown>\nE       #7 0x5650c65a78c3 <unknown>\nE       #8 0x5650c65756b3 <unknown>\nE       #9 0x5650c657668e <unknown>\nE       #10 0x5650c6817b3b <unknown>\nE       #11 0x5650c681bac1 <unknown>\nE       #12 0x5650c6804335 <unknown>\nE       #13 0x5650c681c642 <unknown>\nE       #14 0x5650c67e949f <unknown>\nE       #15 0x5650c683c038 <unknown>\nE       #16 0x5650c683c203 <unknown>\nE       #17 0x5650c684bf8c <unknown>\nE       #18 0x7f7532c94ac3 <unknown>\n\n/opt/hostedtoolcache/Python/3.12.6/x64/lib/python3.12/site-packages/selenium/webdriver/support/wait.py:95: TimeoutException",
    "steps" : [ {
      "name" : "click_button RU",
      "time" : {
        "start" : 1727865585022,
        "stop" : 1727865585089,
        "duration" : 67
      },
      "status" : "passed",
      "steps" : [ {
        "name" : "Click button \"RU\".",
        "time" : {
          "start" : 1727865585022,
          "stop" : 1727865585089,
          "duration" : 67
        },
        "status" : "passed",
        "steps" : [ ],
        "attachments" : [ ],
        "parameters" : [ ],
        "stepsCount" : 0,
        "attachmentsCount" : 0,
        "shouldDisplayMessage" : false,
        "hasContent" : false
      } ],
      "attachments" : [ ],
      "parameters" : [ ],
      "stepsCount" : 1,
      "attachmentsCount" : 0,
      "shouldDisplayMessage" : false,
      "hasContent" : true
    }, {
      "name" : "get_statistic_data",
      "time" : {
        "start" : 1727865585089,
        "stop" : 1727865605243,
        "duration" : 20154
      },
      "status" : "passed",
      "steps" : [ {
        "name" : "Click button \"Статистика\"\".",
        "time" : {
          "start" : 1727865585089,
          "stop" : 1727865585178,
          "duration" : 89
        },
        "status" : "passed",
        "steps" : [ ],
        "attachments" : [ ],
        "parameters" : [ ],
        "stepsCount" : 0,
        "attachmentsCount" : 0,
        "shouldDisplayMessage" : false,
        "hasContent" : false
      }, {
        "name" : "Check statistic table is present and scroll to table",
        "time" : {
          "start" : 1727865585179,
          "stop" : 1727865586223,
          "duration" : 1044
        },
        "status" : "passed",
        "steps" : [ ],
        "attachments" : [ ],
        "parameters" : [ ],
        "stepsCount" : 0,
        "attachmentsCount" : 0,
        "shouldDisplayMessage" : false,
        "hasContent" : false
      }, {
        "name" : "Get data from the table.",
        "time" : {
          "start" : 1727865586223,
          "stop" : 1727865605243,
          "duration" : 19020
        },
        "status" : "passed",
        "steps" : [ ],
        "attachments" : [ ],
        "parameters" : [ ],
        "stepsCount" : 0,
        "attachmentsCount" : 0,
        "shouldDisplayMessage" : false,
        "hasContent" : false
      }, {
        "name" : "Table data: {1: {'Имя серии': 'Слова', 'Сделано всего упражнений': '5', 'Сделано уникальных упражнений': '5', 'Повторы упражнений': '0', 'Успешно с первого раза': '5', 'Количество прослушанных слов': '72'}, 2: {'Имя серии': 'Слова Королёвой', 'Сделано всего упражнений': '5', 'Сделано уникальных упражнений': '5', 'Повторы упражнений': '0', 'Успешно с первого раза': '5', 'Количество прослушанных слов': '48'}}",
        "time" : {
          "start" : 1727865605243,
          "stop" : 1727865605243,
          "duration" : 0
        },
        "status" : "passed",
        "steps" : [ ],
        "attachments" : [ ],
        "parameters" : [ ],
        "stepsCount" : 0,
        "attachmentsCount" : 0,
        "shouldDisplayMessage" : false,
        "hasContent" : false
      } ],
      "attachments" : [ ],
      "parameters" : [ ],
      "stepsCount" : 4,
      "attachmentsCount" : 0,
      "shouldDisplayMessage" : false,
      "hasContent" : true
    }, {
      "name" : "Click button \"Упражнения\".",
      "time" : {
        "start" : 1727865605243,
        "stop" : 1727865605414,
        "duration" : 171
      },
      "status" : "passed",
      "steps" : [ {
        "name" : "Click button \"RU\".",
        "time" : {
          "start" : 1727865605243,
          "stop" : 1727865605299,
          "duration" : 56
        },
        "status" : "passed",
        "steps" : [ ],
        "attachments" : [ ],
        "parameters" : [ ],
        "stepsCount" : 0,
        "attachmentsCount" : 0,
        "shouldDisplayMessage" : false,
        "hasContent" : false
      } ],
      "attachments" : [ ],
      "parameters" : [ ],
      "stepsCount" : 1,
      "attachmentsCount" : 0,
      "shouldDisplayMessage" : false,
      "hasContent" : true
    }, {
      "name" : "select_group",
      "time" : {
        "start" : 1727865605414,
        "stop" : 1727865625490,
        "duration" : 20076
      },
      "status" : "broken",
      "statusMessage" : "selenium.common.exceptions.TimeoutException: Message: Can't find element by locator ('xpath', '//a[@title=\"Речевые упражнения\"]')\nStacktrace:\n#0 0x5650c684d13a <unknown>\n#1 0x5650c65335e0 <unknown>\n#2 0x5650c6582be8 <unknown>\n#3 0x5650c6582e81 <unknown>\n#4 0x5650c65c98c4 <unknown>\n#5 0x5650c65a7b4d <unknown>\n#6 0x5650c65c6d7d <unknown>\n#7 0x5650c65a78c3 <unknown>\n#8 0x5650c65756b3 <unknown>\n#9 0x5650c657668e <unknown>\n#10 0x5650c6817b3b <unknown>\n#11 0x5650c681bac1 <unknown>\n#12 0x5650c6804335 <unknown>\n#13 0x5650c681c642 <unknown>\n#14 0x5650c67e949f <unknown>\n#15 0x5650c683c038 <unknown>\n#16 0x5650c683c203 <unknown>\n#17 0x5650c684bf8c <unknown>\n#18 0x7f7532c94ac3 <unknown>\n\n",
      "statusTrace" : "  File \"/opt/hostedtoolcache/Python/3.12.6/x64/lib/python3.12/site-packages/allure_commons/_allure.py\", line 192, in impl\n    return func(*a, **kw)\n           ^^^^^^^^^^^^^^\n  File \"/home/runner/work/auto-tests-python/auto-tests-python/pages/speech_exercises_page_ru.py\", line 23, in select_group\n    self.element_is_present_and_clickable(\n  File \"/home/runner/work/auto-tests-python/auto-tests-python/pages/base_page.py\", line 32, in element_is_present_and_clickable\n    return (Wait(self.driver, self.timeout).until(\n            ^^^^^^^^^^^^^^^^^^^^^^^^^^^^^^^^^^^^^^\n  File \"/opt/hostedtoolcache/Python/3.12.6/x64/lib/python3.12/site-packages/selenium/webdriver/support/wait.py\", line 95, in until\n    raise TimeoutException(message, screen, stacktrace)\n",
      "steps" : [ {
        "name" : "Select Russian language. Click \"RU\" button.",
        "time" : {
          "start" : 1727865605414,
          "stop" : 1727865605474,
          "duration" : 60
        },
        "status" : "passed",
        "steps" : [ ],
        "attachments" : [ ],
        "parameters" : [ ],
        "stepsCount" : 0,
        "attachmentsCount" : 0,
        "shouldDisplayMessage" : false,
        "hasContent" : false
      }, {
        "name" : "Click button \"Речевые упражнения\".",
        "time" : {
          "start" : 1727865605474,
          "stop" : 1727865625489,
          "duration" : 20015
        },
        "status" : "broken",
        "statusMessage" : "selenium.common.exceptions.TimeoutException: Message: Can't find element by locator ('xpath', '//a[@title=\"Речевые упражнения\"]')\nStacktrace:\n#0 0x5650c684d13a <unknown>\n#1 0x5650c65335e0 <unknown>\n#2 0x5650c6582be8 <unknown>\n#3 0x5650c6582e81 <unknown>\n#4 0x5650c65c98c4 <unknown>\n#5 0x5650c65a7b4d <unknown>\n#6 0x5650c65c6d7d <unknown>\n#7 0x5650c65a78c3 <unknown>\n#8 0x5650c65756b3 <unknown>\n#9 0x5650c657668e <unknown>\n#10 0x5650c6817b3b <unknown>\n#11 0x5650c681bac1 <unknown>\n#12 0x5650c6804335 <unknown>\n#13 0x5650c681c642 <unknown>\n#14 0x5650c67e949f <unknown>\n#15 0x5650c683c038 <unknown>\n#16 0x5650c683c203 <unknown>\n#17 0x5650c684bf8c <unknown>\n#18 0x7f7532c94ac3 <unknown>\n\n",
        "statusTrace" : "  File \"/home/runner/work/auto-tests-python/auto-tests-python/pages/speech_exercises_page_ru.py\", line 23, in select_group\n    self.element_is_present_and_clickable(\n  File \"/home/runner/work/auto-tests-python/auto-tests-python/pages/base_page.py\", line 32, in element_is_present_and_clickable\n    return (Wait(self.driver, self.timeout).until(\n            ^^^^^^^^^^^^^^^^^^^^^^^^^^^^^^^^^^^^^^\n  File \"/opt/hostedtoolcache/Python/3.12.6/x64/lib/python3.12/site-packages/selenium/webdriver/support/wait.py\", line 95, in until\n    raise TimeoutException(message, screen, stacktrace)\n",
        "steps" : [ ],
        "attachments" : [ ],
        "parameters" : [ ],
        "stepsCount" : 0,
        "attachmentsCount" : 0,
        "shouldDisplayMessage" : true,
        "hasContent" : true
      } ],
      "attachments" : [ ],
      "parameters" : [ {
        "name" : "selector_for_sub_group",
        "value" : "('xpath', '//button[@data-test-active-link=\"Слова\"]')"
      } ],
      "stepsCount" : 2,
      "attachmentsCount" : 0,
      "shouldDisplayMessage" : false,
      "hasContent" : true
    } ],
    "attachments" : [ ],
    "parameters" : [ ],
    "stepsCount" : 12,
    "attachmentsCount" : 0,
    "shouldDisplayMessage" : true,
    "hasContent" : true
  },
  "afterStages" : [ {
    "name" : "driver::0",
    "time" : {
      "start" : 1727865625508,
      "stop" : 1727865625594,
      "duration" : 86
    },
    "status" : "passed",
    "steps" : [ ],
    "attachments" : [ ],
    "parameters" : [ ],
    "stepsCount" : 0,
    "attachmentsCount" : 0,
    "shouldDisplayMessage" : false,
    "hasContent" : false
  } ],
  "labels" : [ {
    "name" : "suite",
    "value" : "Речевые упражнения."
  }, {
    "name" : "epic",
    "value" : "Speech exercises."
  }, {
    "name" : "tag",
    "value" : "@pytest.mark.xfail"
  }, {
    "name" : "parentSuite",
    "value" : "tests"
  }, {
    "name" : "subSuite",
    "value" : "TestCardsRU"
  }, {
    "name" : "host",
    "value" : "fv-az711-56"
  }, {
    "name" : "thread",
    "value" : "2253-MainThread"
  }, {
    "name" : "framework",
    "value" : "pytest"
  }, {
    "name" : "language",
    "value" : "cpython3"
  }, {
    "name" : "package",
    "value" : "tests.test_speech_exercises_ru"
  }, {
    "name" : "resultFormat",
    "value" : "allure2"
  } ],
  "parameters" : [ ],
  "links" : [ ],
  "hidden" : false,
  "retry" : false,
  "extra" : {
    "severity" : "normal",
    "retries" : [ ],
    "categories" : [ ],
    "history" : {
      "statistic" : {
        "failed" : 0,
        "broken" : 0,
        "skipped" : 473,
        "passed" : 0,
        "unknown" : 0,
        "total" : 473
      },
      "items" : [ {
        "uid" : "378af5fa8f64ecbe",
        "reportUrl" : "https://Brain-up.github.io/auto-tests-python/306//#testresult/378af5fa8f64ecbe",
        "status" : "skipped",
        "statusDetails" : "XFAIL\n\nselenium.common.exceptions.TimeoutException: Message: Can't find elements by locator ('xpath', '//tbody/tr')",
        "time" : {
          "start" : 1727863670828,
          "stop" : 1727863692414,
          "duration" : 21586
        }
      }, {
        "uid" : "5ba7f10d225a2b3b",
        "reportUrl" : "https://Brain-up.github.io/auto-tests-python/306//#testresult/5ba7f10d225a2b3b",
        "status" : "skipped",
        "statusDetails" : "XFAIL\n\nselenium.common.exceptions.TimeoutException: Message: Can't find elements by locator ('xpath', '//tbody/tr')",
        "time" : {
          "start" : 1727861891142,
          "stop" : 1727861912624,
          "duration" : 21482
        }
      }, {
        "uid" : "1f82cf0fa692eb58",
        "reportUrl" : "https://Brain-up.github.io/auto-tests-python/140//#testresult/1f82cf0fa692eb58",
        "status" : "skipped",
        "statusDetails" : "XFAIL\n\nselenium.common.exceptions.TimeoutException: Message: Can't find elements by locator ('xpath', '//tbody/tr')",
        "time" : {
          "start" : 1727831639975,
          "stop" : 1727831661472,
          "duration" : 21497
        }
      }, {
        "uid" : "50bb5a61b8050402",
        "reportUrl" : "https://Brain-up.github.io/auto-tests-python/305//#testresult/50bb5a61b8050402",
        "status" : "skipped",
        "statusDetails" : "XFAIL\n\nselenium.common.exceptions.TimeoutException: Message: Can't find element by locator ('xpath', '//div[@class=\"__51e19\"]')\nStacktrace:\n#0 0x55dbce7e413a <unknown>\n#1 0x55dbce4ca5e0 <unknown>\n#2 0x55dbce519be8 <unknown>\n#3 0x55dbce519e81 <unknown>\n#4 0x55dbce5608c4 <unknown>\n#5 0x55dbce53eb4d <unknown>\n#6 0x55dbce55dd7d <unknown>\n#7 0x55dbce53e8c3 <unknown>\n#8 0x55dbce50c6b3 <unknown>\n#9 0x55dbce50d68e <unknown>\n#10 0x55dbce7aeb3b <unknown>\n#11 0x55dbce7b2ac1 <unknown>\n#12 0x55dbce79b335 <unknown>\n#13 0x55dbce7b3642 <unknown>\n#14 0x55dbce78049f <unknown>\n#15 0x55dbce7d3038 <unknown>\n#16 0x55dbce7d3203 <unknown>\n#17 0x55dbce7e2f8c <unknown>\n#18 0x7f2c67294ac3 <unknown>",
        "time" : {
          "start" : 1727776685387,
          "stop" : 1727776705608,
          "duration" : 20221
        }
      }, {
        "uid" : "36108f632462c8fc",
        "reportUrl" : "https://Brain-up.github.io/auto-tests-python/304//#testresult/36108f632462c8fc",
        "status" : "skipped",
        "statusDetails" : "XFAIL\n\nKeyError: 26",
        "time" : {
          "start" : 1727773380963,
          "stop" : 1727773398179,
          "duration" : 17216
        }
      }, {
        "uid" : "693cca1f956c50be",
        "reportUrl" : "https://Brain-up.github.io/auto-tests-python/139//#testresult/693cca1f956c50be",
        "status" : "skipped",
        "statusDetails" : "XFAIL\n\nselenium.common.exceptions.TimeoutException: Message: Can't find elements by locator ('xpath', '//tbody/tr')",
        "time" : {
          "start" : 1727745687527,
          "stop" : 1727745708968,
          "duration" : 21441
        }
      }, {
        "uid" : "4f0d4f5e0668ef53",
        "reportUrl" : "https://Brain-up.github.io/auto-tests-python/303//#testresult/4f0d4f5e0668ef53",
        "status" : "skipped",
        "statusDetails" : "XFAIL\n\nselenium.common.exceptions.TimeoutException: Message: Can't find elements by locator ('xpath', '//tbody/tr')",
        "time" : {
          "start" : 1727687252664,
          "stop" : 1727687275167,
          "duration" : 22503
        }
      }, {
        "uid" : "7d4b683526642a8a",
        "reportUrl" : "https://Brain-up.github.io/auto-tests-python/302//#testresult/7d4b683526642a8a",
        "status" : "skipped",
        "statusDetails" : "XFAIL\n\nselenium.common.exceptions.TimeoutException: Message: Can't find element by locator ('xpath', '//div[@class=\"__51e19\"]')\nStacktrace:\n#0 0x55a06753913a <unknown>\n#1 0x55a06721f5e0 <unknown>\n#2 0x55a06726ebe8 <unknown>\n#3 0x55a06726ee81 <unknown>\n#4 0x55a0672b58c4 <unknown>\n#5 0x55a067293b4d <unknown>\n#6 0x55a0672b2d7d <unknown>\n#7 0x55a0672938c3 <unknown>\n#8 0x55a0672616b3 <unknown>\n#9 0x55a06726268e <unknown>\n#10 0x55a067503b3b <unknown>\n#11 0x55a067507ac1 <unknown>\n#12 0x55a0674f0335 <unknown>\n#13 0x55a067508642 <unknown>\n#14 0x55a0674d549f <unknown>\n#15 0x55a067528038 <unknown>\n#16 0x55a067528203 <unknown>\n#17 0x55a067537f8c <unknown>\n#18 0x7fa56ee94ac3 <unknown>",
        "time" : {
          "start" : 1727684821635,
          "stop" : 1727684841811,
          "duration" : 20176
        }
      }, {
        "uid" : "c9304194a4812293",
        "reportUrl" : "https://Brain-up.github.io/auto-tests-python/302//#testresult/c9304194a4812293",
        "status" : "skipped",
        "statusDetails" : "XFAIL\n\nselenium.common.exceptions.TimeoutException: Message: Can't find element by locator ('xpath', '//div[@class=\"__51e19\"]')\nStacktrace:\n#0 0x55ee5907413a <unknown>\n#1 0x55ee58d5a5e0 <unknown>\n#2 0x55ee58da9be8 <unknown>\n#3 0x55ee58da9e81 <unknown>\n#4 0x55ee58df08c4 <unknown>\n#5 0x55ee58dceb4d <unknown>\n#6 0x55ee58dedd7d <unknown>\n#7 0x55ee58dce8c3 <unknown>\n#8 0x55ee58d9c6b3 <unknown>\n#9 0x55ee58d9d68e <unknown>\n#10 0x55ee5903eb3b <unknown>\n#11 0x55ee59042ac1 <unknown>\n#12 0x55ee5902b335 <unknown>\n#13 0x55ee59043642 <unknown>\n#14 0x55ee5901049f <unknown>\n#15 0x55ee59063038 <unknown>\n#16 0x55ee59063203 <unknown>\n#17 0x55ee59072f8c <unknown>\n#18 0x7f8005694ac3 <unknown>",
        "time" : {
          "start" : 1727683128783,
          "stop" : 1727683148962,
          "duration" : 20179
        }
      }, {
        "uid" : "3ed1ee82cd29c023",
        "reportUrl" : "https://Brain-up.github.io/auto-tests-python/138//#testresult/3ed1ee82cd29c023",
        "status" : "skipped",
        "statusDetails" : "XFAIL\n\nselenium.common.exceptions.TimeoutException: Message: Can't find element by locator ('xpath', '//a[@title=\"Речевые упражнения\"]')\nStacktrace:\n#0 0x5613aef9013a <unknown>\n#1 0x5613aec765e0 <unknown>\n#2 0x5613aecc5be8 <unknown>\n#3 0x5613aecc5e81 <unknown>\n#4 0x5613aed0c8c4 <unknown>\n#5 0x5613aeceab4d <unknown>\n#6 0x5613aed09d7d <unknown>\n#7 0x5613aecea8c3 <unknown>\n#8 0x5613aecb86b3 <unknown>\n#9 0x5613aecb968e <unknown>\n#10 0x5613aef5ab3b <unknown>\n#11 0x5613aef5eac1 <unknown>\n#12 0x5613aef47335 <unknown>\n#13 0x5613aef5f642 <unknown>\n#14 0x5613aef2c49f <unknown>\n#15 0x5613aef7f038 <unknown>\n#16 0x5613aef7f203 <unknown>\n#17 0x5613aef8ef8c <unknown>\n#18 0x7f5bfd294ac3 <unknown>",
        "time" : {
          "start" : 1727658934338,
          "stop" : 1727658974273,
          "duration" : 39935
        }
      }, {
        "uid" : "815abf4d2b6ef927",
        "reportUrl" : "https://Brain-up.github.io/auto-tests-python/301//#testresult/815abf4d2b6ef927",
        "status" : "skipped",
        "statusDetails" : "XFAIL\n\nselenium.common.exceptions.TimeoutException: Message: Can't find element by locator ('xpath', '//a[@title=\"Речевые упражнения\"]')\nStacktrace:\n#0 0x55c1313e413a <unknown>\n#1 0x55c1310ca5e0 <unknown>\n#2 0x55c131119be8 <unknown>\n#3 0x55c131119e81 <unknown>\n#4 0x55c1311608c4 <unknown>\n#5 0x55c13113eb4d <unknown>\n#6 0x55c13115dd7d <unknown>\n#7 0x55c13113e8c3 <unknown>\n#8 0x55c13110c6b3 <unknown>\n#9 0x55c13110d68e <unknown>\n#10 0x55c1313aeb3b <unknown>\n#11 0x55c1313b2ac1 <unknown>\n#12 0x55c13139b335 <unknown>\n#13 0x55c1313b3642 <unknown>\n#14 0x55c13138049f <unknown>\n#15 0x55c1313d3038 <unknown>\n#16 0x55c1313d3203 <unknown>\n#17 0x55c1313e2f8c <unknown>\n#18 0x7f55a5a94ac3 <unknown>",
        "time" : {
          "start" : 1727599065362,
          "stop" : 1727599097334,
          "duration" : 31972
        }
      }, {
        "uid" : "4573d82d4e254cce",
        "reportUrl" : "https://Brain-up.github.io/auto-tests-python/300//#testresult/4573d82d4e254cce",
        "status" : "skipped",
        "statusDetails" : "XFAIL\n\nselenium.common.exceptions.TimeoutException: Message: Can't find elements by locator ('xpath', '//tbody/tr')",
        "time" : {
          "start" : 1727596882238,
          "stop" : 1727596903694,
          "duration" : 21456
        }
      }, {
        "uid" : "d34e466c1a86c2a3",
        "reportUrl" : "https://Brain-up.github.io/auto-tests-python/137//#testresult/d34e466c1a86c2a3",
        "status" : "skipped",
        "statusDetails" : "XFAIL\n\nselenium.common.exceptions.TimeoutException: Message: Can't find elements by locator ('xpath', '//tbody/tr')",
        "time" : {
          "start" : 1727572665817,
          "stop" : 1727572687767,
          "duration" : 21950
        }
      }, {
        "uid" : "d48a178a6f49e436",
        "reportUrl" : "https://Brain-up.github.io/auto-tests-python/299//#testresult/d48a178a6f49e436",
        "status" : "skipped",
        "statusDetails" : "XFAIL\n\nKeyError: 0",
        "time" : {
          "start" : 1727515011007,
          "stop" : 1727515023427,
          "duration" : 12420
        }
      }, {
        "uid" : "f969b02909f136b8",
        "reportUrl" : "https://Brain-up.github.io/auto-tests-python/298//#testresult/f969b02909f136b8",
        "status" : "skipped",
        "statusDetails" : "XFAIL\n\nselenium.common.exceptions.TimeoutException: Message: Can't find element by locator ('xpath', '//a[@title=\"Речевые упражнения\"]')\nStacktrace:\n#0 0x563e2d92013a <unknown>\n#1 0x563e2d6065e0 <unknown>\n#2 0x563e2d655be8 <unknown>\n#3 0x563e2d655e81 <unknown>\n#4 0x563e2d69c8c4 <unknown>\n#5 0x563e2d67ab4d <unknown>\n#6 0x563e2d699d7d <unknown>\n#7 0x563e2d67a8c3 <unknown>\n#8 0x563e2d6486b3 <unknown>\n#9 0x563e2d64968e <unknown>\n#10 0x563e2d8eab3b <unknown>\n#11 0x563e2d8eeac1 <unknown>\n#12 0x563e2d8d7335 <unknown>\n#13 0x563e2d8ef642 <unknown>\n#14 0x563e2d8bc49f <unknown>\n#15 0x563e2d90f038 <unknown>\n#16 0x563e2d90f203 <unknown>\n#17 0x563e2d91ef8c <unknown>\n#18 0x7f1b07e94ac3 <unknown>",
        "time" : {
          "start" : 1727511408738,
          "stop" : 1727511450529,
          "duration" : 41791
        }
      }, {
        "uid" : "14dbc0798996ae58",
        "reportUrl" : "https://Brain-up.github.io/auto-tests-python/136//#testresult/14dbc0798996ae58",
        "status" : "skipped",
        "statusDetails" : "XFAIL\n\nselenium.common.exceptions.TimeoutException: Message: Can't find elements by locator ('xpath', '//tbody/tr')",
        "time" : {
          "start" : 1727485997959,
          "stop" : 1727486019453,
          "duration" : 21494
        }
      }, {
        "uid" : "4e532d3c144606be",
        "reportUrl" : "https://Brain-up.github.io/auto-tests-python/297//#testresult/4e532d3c144606be",
        "status" : "skipped",
        "statusDetails" : "XFAIL\n\nselenium.common.exceptions.TimeoutException: Message: Can't find elements by locator ('xpath', '//tbody/tr')",
        "time" : {
          "start" : 1727428923714,
          "stop" : 1727428959535,
          "duration" : 35821
        }
      }, {
        "uid" : "245d87c3baee4b4d",
        "reportUrl" : "https://Brain-up.github.io/auto-tests-python/296//#testresult/245d87c3baee4b4d",
        "status" : "skipped",
        "statusDetails" : "XFAIL\n\nselenium.common.exceptions.TimeoutException: Message: Can't find elements by locator ('xpath', '//tbody/tr')",
        "time" : {
          "start" : 1727426067571,
          "stop" : 1727426089074,
          "duration" : 21503
        }
      }, {
        "uid" : "28869fa0f19c6cea",
        "reportUrl" : "https://Brain-up.github.io/auto-tests-python/135//#testresult/28869fa0f19c6cea",
        "status" : "skipped",
        "statusDetails" : "XFAIL\n\nKeyError: 8",
        "time" : {
          "start" : 1727400121928,
          "stop" : 1727400134636,
          "duration" : 12708
        }
      }, {
        "uid" : "ddb75edada60e36c",
        "reportUrl" : "https://Brain-up.github.io/auto-tests-python/295//#testresult/ddb75edada60e36c",
        "status" : "skipped",
        "statusDetails" : "XFAIL\n\nselenium.common.exceptions.TimeoutException: Message: Can't find element by locator ('xpath', '//div[@class=\"__51e19\"]')\nStacktrace:\n#0 0x55ccd796013a <unknown>\n#1 0x55ccd76465e0 <unknown>\n#2 0x55ccd7695be8 <unknown>\n#3 0x55ccd7695e81 <unknown>\n#4 0x55ccd76dc8c4 <unknown>\n#5 0x55ccd76bab4d <unknown>\n#6 0x55ccd76d9d7d <unknown>\n#7 0x55ccd76ba8c3 <unknown>\n#8 0x55ccd76886b3 <unknown>\n#9 0x55ccd768968e <unknown>\n#10 0x55ccd792ab3b <unknown>\n#11 0x55ccd792eac1 <unknown>\n#12 0x55ccd7917335 <unknown>\n#13 0x55ccd792f642 <unknown>\n#14 0x55ccd78fc49f <unknown>\n#15 0x55ccd794f038 <unknown>\n#16 0x55ccd794f203 <unknown>\n#17 0x55ccd795ef8c <unknown>\n#18 0x7fb6b3a94ac3 <unknown>",
        "time" : {
          "start" : 1727347763542,
          "stop" : 1727347784216,
          "duration" : 20674
        }
      } ]
    },
    "tags" : [ "@pytest.mark.xfail" ]
  },
  "source" : "512ba9caa010f356.json",
  "parameterValues" : [ ]
}