{
  "uid" : "ebba57d4df71d2a1",
  "name" : "Check progres-bar and buttons.",
  "fullName" : "tests.test_speech_exercises_en.TestCardsEN#test_progress_bar_is_present_en",
  "historyId" : "efb827312bdd34b296637645e49b0897",
  "time" : {
    "start" : 1753176147520,
    "stop" : 1753176157936,
    "duration" : 10416
  },
  "status" : "skipped",
  "statusMessage" : "XFAIL\n\nselenium.common.exceptions.TimeoutException: Message: Can't find element by locator ('xpath', '//button[@data-test-active-link=\"Words\"]')\nStacktrace:\n#0 0x55f207c1323a <unknown>\n#1 0x55f2076bdab0 <unknown>\n#2 0x55f20770f6f0 <unknown>\n#3 0x55f20770f8e1 <unknown>\n#4 0x55f20775db94 <unknown>\n#5 0x55f2077351cd <unknown>\n#6 0x55f20775afee <unknown>\n#7 0x55f207734f73 <unknown>\n#8 0x55f207701aeb <unknown>\n#9 0x55f207702751 <unknown>\n#10 0x55f207bd7b4b <unknown>\n#11 0x55f207bdb929 <unknown>\n#12 0x55f207bbe929 <unknown>\n#13 0x55f207bdc4e8 <unknown>\n#14 0x55f207ba30df <unknown>\n#15 0x55f207c008e8 <unknown>\n#16 0x55f207c00ac6 <unknown>\n#17 0x55f207c12556 <unknown>\n#18 0x7f92c329caa4 <unknown>\n#19 0x7f92c3329c3c <unknown>",
  "statusTrace" : "self = <tests.test_speech_exercises_en.TestCardsEN object at 0x7fc38a9dcd70>\ndriver = <selenium.webdriver.chrome.webdriver.WebDriver (session=\"9aaab6d4c36a74cab85424ba98aa0284\")>\nspecialist_user_authorized = None\n\n    @pytest.mark.xfail\n    @allure.suite(\"Speech exercises EN.\")\n    @allure.title('Check progres-bar and buttons.')\n    def test_progress_bar_is_present_en(self, driver, specialist_user_authorized):\n        page = SpeechExercisesPage(driver)\n>       page.select_group(SpeechExercisesPageLocators.WORDS_BUTTON_EN)\n\ntests/test_speech_exercises_en.py:34: \n_ _ _ _ _ _ _ _ _ _ _ _ _ _ _ _ _ _ _ _ _ _ _ _ _ _ _ _ _ _ _ _ _ _ _ _ _ _ _ _ \npages/speech_exercises_page_en.py:18: in select_group\n    text_of_the_button = self.element_is_present_and_clickable(selector_for_sub_group)\npages/base_page.py:40: in element_is_present_and_clickable\n    return (Wait(self.driver, self.timeout).until(\n_ _ _ _ _ _ _ _ _ _ _ _ _ _ _ _ _ _ _ _ _ _ _ _ _ _ _ _ _ _ _ _ _ _ _ _ _ _ _ _ \n\nself = <selenium.webdriver.support.wait.WebDriverWait (session=\"9aaab6d4c36a74cab85424ba98aa0284\")>\nmethod = <function visibility_of_element_located.<locals>._predicate at 0x7fc38a8bfa60>\nmessage = 'Can\\'t find element by locator (\\'xpath\\', \\'//button[@data-test-active-link=\"Words\"]\\')'\n\n    def until(self, method, message: str = \"\"):\n        \"\"\"Calls the method provided with the driver as an argument until the \\\n        return value does not evaluate to ``False``.\n    \n        :param method: callable(WebDriver)\n        :param message: optional message for :exc:`TimeoutException`\n        :returns: the result of the last call to `method`\n        :raises: :exc:`selenium.common.exceptions.TimeoutException` if timeout occurs\n        \"\"\"\n        screen = None\n        stacktrace = None\n    \n        end_time = time.monotonic() + self._timeout\n        while True:\n            try:\n                value = method(self._driver)\n                if value:\n                    return value\n            except self._ignored_exceptions as exc:\n                screen = getattr(exc, \"screen\", None)\n                stacktrace = getattr(exc, \"stacktrace\", None)\n            time.sleep(self._poll)\n            if time.monotonic() > end_time:\n                break\n>       raise TimeoutException(message, screen, stacktrace)\nE       selenium.common.exceptions.TimeoutException: Message: Can't find element by locator ('xpath', '//button[@data-test-active-link=\"Words\"]')\nE       Stacktrace:\nE       #0 0x55f207c1323a <unknown>\nE       #1 0x55f2076bdab0 <unknown>\nE       #2 0x55f20770f6f0 <unknown>\nE       #3 0x55f20770f8e1 <unknown>\nE       #4 0x55f20775db94 <unknown>\nE       #5 0x55f2077351cd <unknown>\nE       #6 0x55f20775afee <unknown>\nE       #7 0x55f207734f73 <unknown>\nE       #8 0x55f207701aeb <unknown>\nE       #9 0x55f207702751 <unknown>\nE       #10 0x55f207bd7b4b <unknown>\nE       #11 0x55f207bdb929 <unknown>\nE       #12 0x55f207bbe929 <unknown>\nE       #13 0x55f207bdc4e8 <unknown>\nE       #14 0x55f207ba30df <unknown>\nE       #15 0x55f207c008e8 <unknown>\nE       #16 0x55f207c00ac6 <unknown>\nE       #17 0x55f207c12556 <unknown>\nE       #18 0x7f92c329caa4 <unknown>\nE       #19 0x7f92c3329c3c <unknown>\n\n/opt/hostedtoolcache/Python/3.12.11/x64/lib/python3.12/site-packages/selenium/webdriver/support/wait.py:95: TimeoutException",
  "flaky" : false,
  "newFailed" : false,
  "beforeStages" : [ {
    "name" : "specialist_user_authorized",
    "time" : {
      "start" : 1753176145069,
      "stop" : 1753176147520,
      "duration" : 2451
    },
    "status" : "passed",
    "steps" : [ {
      "name" : "USER specialist authorized",
      "time" : {
        "start" : 1753176145069,
        "stop" : 1753176147520,
        "duration" : 2451
      },
      "status" : "passed",
      "steps" : [ {
        "name" : "Check url is present: https://www.brainup.site/groups",
        "time" : {
          "start" : 1753176145479,
          "stop" : 1753176147497,
          "duration" : 2018
        },
        "status" : "passed",
        "steps" : [ ],
        "attachments" : [ ],
        "parameters" : [ ],
        "stepsCount" : 0,
        "attachmentsCount" : 0,
        "shouldDisplayMessage" : false,
        "hasContent" : false
      }, {
        "name" : "Loader checking",
        "time" : {
          "start" : 1753176147498,
          "stop" : 1753176147520,
          "duration" : 22
        },
        "status" : "passed",
        "steps" : [ ],
        "attachments" : [ ],
        "parameters" : [ ],
        "stepsCount" : 0,
        "attachmentsCount" : 0,
        "shouldDisplayMessage" : false,
        "hasContent" : false
      } ],
      "attachments" : [ ],
      "parameters" : [ {
        "name" : "driver",
        "value" : "<selenium.webdriver.chrome.webdriver.WebDriver (session=\"9aaab6d4c36a74cab85424ba98aa0284\")>"
      }, {
        "name" : "main_page_open",
        "value" : "None"
      } ],
      "stepsCount" : 2,
      "attachmentsCount" : 0,
      "shouldDisplayMessage" : false,
      "hasContent" : true
    } ],
    "attachments" : [ ],
    "parameters" : [ ],
    "stepsCount" : 3,
    "attachmentsCount" : 0,
    "shouldDisplayMessage" : false,
    "hasContent" : true
  }, {
    "name" : "clear_allure_results_folder",
    "time" : {
      "start" : 1753174934153,
      "stop" : 1753174934154,
      "duration" : 1
    },
    "status" : "passed",
    "steps" : [ ],
    "attachments" : [ ],
    "parameters" : [ ],
    "stepsCount" : 0,
    "attachmentsCount" : 0,
    "shouldDisplayMessage" : false,
    "hasContent" : false
  }, {
    "name" : "main_page_open",
    "time" : {
      "start" : 1753176141465,
      "stop" : 1753176145069,
      "duration" : 3604
    },
    "status" : "passed",
    "steps" : [ {
      "name" : "Open page: https://www.brainup.site/",
      "time" : {
        "start" : 1753176141465,
        "stop" : 1753176145069,
        "duration" : 3604
      },
      "status" : "passed",
      "steps" : [ ],
      "attachments" : [ ],
      "parameters" : [ {
        "name" : "driver",
        "value" : "<selenium.webdriver.chrome.webdriver.WebDriver (session=\"9aaab6d4c36a74cab85424ba98aa0284\")>"
      } ],
      "stepsCount" : 0,
      "attachmentsCount" : 0,
      "shouldDisplayMessage" : false,
      "hasContent" : true
    } ],
    "attachments" : [ ],
    "parameters" : [ ],
    "stepsCount" : 1,
    "attachmentsCount" : 0,
    "shouldDisplayMessage" : false,
    "hasContent" : true
  }, {
    "name" : "driver",
    "time" : {
      "start" : 1753176140647,
      "stop" : 1753176141464,
      "duration" : 817
    },
    "status" : "passed",
    "steps" : [ ],
    "attachments" : [ ],
    "parameters" : [ ],
    "stepsCount" : 0,
    "attachmentsCount" : 0,
    "shouldDisplayMessage" : false,
    "hasContent" : false
  } ],
  "testStage" : {
    "status" : "skipped",
    "statusMessage" : "XFAIL\n\nselenium.common.exceptions.TimeoutException: Message: Can't find element by locator ('xpath', '//button[@data-test-active-link=\"Words\"]')\nStacktrace:\n#0 0x55f207c1323a <unknown>\n#1 0x55f2076bdab0 <unknown>\n#2 0x55f20770f6f0 <unknown>\n#3 0x55f20770f8e1 <unknown>\n#4 0x55f20775db94 <unknown>\n#5 0x55f2077351cd <unknown>\n#6 0x55f20775afee <unknown>\n#7 0x55f207734f73 <unknown>\n#8 0x55f207701aeb <unknown>\n#9 0x55f207702751 <unknown>\n#10 0x55f207bd7b4b <unknown>\n#11 0x55f207bdb929 <unknown>\n#12 0x55f207bbe929 <unknown>\n#13 0x55f207bdc4e8 <unknown>\n#14 0x55f207ba30df <unknown>\n#15 0x55f207c008e8 <unknown>\n#16 0x55f207c00ac6 <unknown>\n#17 0x55f207c12556 <unknown>\n#18 0x7f92c329caa4 <unknown>\n#19 0x7f92c3329c3c <unknown>",
    "statusTrace" : "self = <tests.test_speech_exercises_en.TestCardsEN object at 0x7fc38a9dcd70>\ndriver = <selenium.webdriver.chrome.webdriver.WebDriver (session=\"9aaab6d4c36a74cab85424ba98aa0284\")>\nspecialist_user_authorized = None\n\n    @pytest.mark.xfail\n    @allure.suite(\"Speech exercises EN.\")\n    @allure.title('Check progres-bar and buttons.')\n    def test_progress_bar_is_present_en(self, driver, specialist_user_authorized):\n        page = SpeechExercisesPage(driver)\n>       page.select_group(SpeechExercisesPageLocators.WORDS_BUTTON_EN)\n\ntests/test_speech_exercises_en.py:34: \n_ _ _ _ _ _ _ _ _ _ _ _ _ _ _ _ _ _ _ _ _ _ _ _ _ _ _ _ _ _ _ _ _ _ _ _ _ _ _ _ \npages/speech_exercises_page_en.py:18: in select_group\n    text_of_the_button = self.element_is_present_and_clickable(selector_for_sub_group)\npages/base_page.py:40: in element_is_present_and_clickable\n    return (Wait(self.driver, self.timeout).until(\n_ _ _ _ _ _ _ _ _ _ _ _ _ _ _ _ _ _ _ _ _ _ _ _ _ _ _ _ _ _ _ _ _ _ _ _ _ _ _ _ \n\nself = <selenium.webdriver.support.wait.WebDriverWait (session=\"9aaab6d4c36a74cab85424ba98aa0284\")>\nmethod = <function visibility_of_element_located.<locals>._predicate at 0x7fc38a8bfa60>\nmessage = 'Can\\'t find element by locator (\\'xpath\\', \\'//button[@data-test-active-link=\"Words\"]\\')'\n\n    def until(self, method, message: str = \"\"):\n        \"\"\"Calls the method provided with the driver as an argument until the \\\n        return value does not evaluate to ``False``.\n    \n        :param method: callable(WebDriver)\n        :param message: optional message for :exc:`TimeoutException`\n        :returns: the result of the last call to `method`\n        :raises: :exc:`selenium.common.exceptions.TimeoutException` if timeout occurs\n        \"\"\"\n        screen = None\n        stacktrace = None\n    \n        end_time = time.monotonic() + self._timeout\n        while True:\n            try:\n                value = method(self._driver)\n                if value:\n                    return value\n            except self._ignored_exceptions as exc:\n                screen = getattr(exc, \"screen\", None)\n                stacktrace = getattr(exc, \"stacktrace\", None)\n            time.sleep(self._poll)\n            if time.monotonic() > end_time:\n                break\n>       raise TimeoutException(message, screen, stacktrace)\nE       selenium.common.exceptions.TimeoutException: Message: Can't find element by locator ('xpath', '//button[@data-test-active-link=\"Words\"]')\nE       Stacktrace:\nE       #0 0x55f207c1323a <unknown>\nE       #1 0x55f2076bdab0 <unknown>\nE       #2 0x55f20770f6f0 <unknown>\nE       #3 0x55f20770f8e1 <unknown>\nE       #4 0x55f20775db94 <unknown>\nE       #5 0x55f2077351cd <unknown>\nE       #6 0x55f20775afee <unknown>\nE       #7 0x55f207734f73 <unknown>\nE       #8 0x55f207701aeb <unknown>\nE       #9 0x55f207702751 <unknown>\nE       #10 0x55f207bd7b4b <unknown>\nE       #11 0x55f207bdb929 <unknown>\nE       #12 0x55f207bbe929 <unknown>\nE       #13 0x55f207bdc4e8 <unknown>\nE       #14 0x55f207ba30df <unknown>\nE       #15 0x55f207c008e8 <unknown>\nE       #16 0x55f207c00ac6 <unknown>\nE       #17 0x55f207c12556 <unknown>\nE       #18 0x7f92c329caa4 <unknown>\nE       #19 0x7f92c3329c3c <unknown>\n\n/opt/hostedtoolcache/Python/3.12.11/x64/lib/python3.12/site-packages/selenium/webdriver/support/wait.py:95: TimeoutException",
    "steps" : [ {
      "name" : "select_group",
      "time" : {
        "start" : 1753176147520,
        "stop" : 1753176157936,
        "duration" : 10416
      },
      "status" : "broken",
      "statusMessage" : "selenium.common.exceptions.TimeoutException: Message: Can't find element by locator ('xpath', '//button[@data-test-active-link=\"Words\"]')\nStacktrace:\n#0 0x55f207c1323a <unknown>\n#1 0x55f2076bdab0 <unknown>\n#2 0x55f20770f6f0 <unknown>\n#3 0x55f20770f8e1 <unknown>\n#4 0x55f20775db94 <unknown>\n#5 0x55f2077351cd <unknown>\n#6 0x55f20775afee <unknown>\n#7 0x55f207734f73 <unknown>\n#8 0x55f207701aeb <unknown>\n#9 0x55f207702751 <unknown>\n#10 0x55f207bd7b4b <unknown>\n#11 0x55f207bdb929 <unknown>\n#12 0x55f207bbe929 <unknown>\n#13 0x55f207bdc4e8 <unknown>\n#14 0x55f207ba30df <unknown>\n#15 0x55f207c008e8 <unknown>\n#16 0x55f207c00ac6 <unknown>\n#17 0x55f207c12556 <unknown>\n#18 0x7f92c329caa4 <unknown>\n#19 0x7f92c3329c3c <unknown>\n\n",
      "statusTrace" : "  File \"/opt/hostedtoolcache/Python/3.12.11/x64/lib/python3.12/site-packages/allure_commons/_allure.py\", line 192, in impl\n    return func(*a, **kw)\n           ^^^^^^^^^^^^^^\n  File \"/home/runner/work/auto-tests-python/auto-tests-python/pages/speech_exercises_page_en.py\", line 18, in select_group\n    text_of_the_button = self.element_is_present_and_clickable(selector_for_sub_group)\n                         ^^^^^^^^^^^^^^^^^^^^^^^^^^^^^^^^^^^^^^^^^^^^^^^^^^^^^^^^^^^^^\n  File \"/home/runner/work/auto-tests-python/auto-tests-python/pages/base_page.py\", line 40, in element_is_present_and_clickable\n    return (Wait(self.driver, self.timeout).until(\n            ^^^^^^^^^^^^^^^^^^^^^^^^^^^^^^^^^^^^^^\n  File \"/opt/hostedtoolcache/Python/3.12.11/x64/lib/python3.12/site-packages/selenium/webdriver/support/wait.py\", line 95, in until\n    raise TimeoutException(message, screen, stacktrace)\n",
      "steps" : [ {
        "name" : "Select Russian language. Click \"EN\" button.",
        "time" : {
          "start" : 1753176147520,
          "stop" : 1753176147611,
          "duration" : 91
        },
        "status" : "passed",
        "steps" : [ ],
        "attachments" : [ ],
        "parameters" : [ ],
        "stepsCount" : 0,
        "attachmentsCount" : 0,
        "shouldDisplayMessage" : false,
        "hasContent" : false
      }, {
        "name" : "Click button \"SPEECH EXERCISES\".",
        "time" : {
          "start" : 1753176147611,
          "stop" : 1753176147686,
          "duration" : 75
        },
        "status" : "passed",
        "steps" : [ ],
        "attachments" : [ ],
        "parameters" : [ ],
        "stepsCount" : 0,
        "attachmentsCount" : 0,
        "shouldDisplayMessage" : false,
        "hasContent" : false
      } ],
      "attachments" : [ ],
      "parameters" : [ {
        "name" : "selector_for_sub_group",
        "value" : "('xpath', '//button[@data-test-active-link=\"Words\"]')"
      } ],
      "stepsCount" : 2,
      "attachmentsCount" : 0,
      "shouldDisplayMessage" : true,
      "hasContent" : true
    } ],
    "attachments" : [ ],
    "parameters" : [ ],
    "stepsCount" : 3,
    "attachmentsCount" : 0,
    "shouldDisplayMessage" : true,
    "hasContent" : true
  },
  "afterStages" : [ {
    "name" : "driver::0",
    "time" : {
      "start" : 1753176157946,
      "stop" : 1753176158015,
      "duration" : 69
    },
    "status" : "passed",
    "steps" : [ ],
    "attachments" : [ ],
    "parameters" : [ ],
    "stepsCount" : 0,
    "attachmentsCount" : 0,
    "shouldDisplayMessage" : false,
    "hasContent" : false
  } ],
  "labels" : [ {
    "name" : "suite",
    "value" : "Speech exercises EN."
  }, {
    "name" : "epic",
    "value" : "Speech exercises."
  }, {
    "name" : "tag",
    "value" : "@pytest.mark.xfail"
  }, {
    "name" : "parentSuite",
    "value" : "tests"
  }, {
    "name" : "subSuite",
    "value" : "TestCardsEN"
  }, {
    "name" : "host",
    "value" : "pkrvmq0rgcvqdmg"
  }, {
    "name" : "thread",
    "value" : "2547-MainThread"
  }, {
    "name" : "framework",
    "value" : "pytest"
  }, {
    "name" : "language",
    "value" : "cpython3"
  }, {
    "name" : "package",
    "value" : "tests.test_speech_exercises_en"
  }, {
    "name" : "resultFormat",
    "value" : "allure2"
  } ],
  "parameters" : [ ],
  "links" : [ ],
  "hidden" : false,
  "retry" : false,
  "extra" : {
    "severity" : "normal",
    "retries" : [ ],
    "categories" : [ ],
    "history" : {
      "statistic" : {
        "failed" : 0,
        "broken" : 0,
        "skipped" : 260,
        "passed" : 6,
        "unknown" : 0,
        "total" : 266
      },
      "items" : [ {
        "uid" : "a35dea2cd1417b6d",
        "reportUrl" : "https://Brain-up.github.io/auto-tests-python/634//#testresult/a35dea2cd1417b6d",
        "status" : "passed",
        "statusDetails" : "XPASS",
        "time" : {
          "start" : 1753174141156,
          "stop" : 1753174149399,
          "duration" : 8243
        }
      }, {
        "uid" : "bb0b84a4d821a2cb",
        "reportUrl" : "https://Brain-up.github.io/auto-tests-python/632//#testresult/bb0b84a4d821a2cb",
        "status" : "skipped",
        "statusDetails" : "XFAIL\n\nselenium.common.exceptions.TimeoutException: Message: Can't find element by locator ('xpath', '//button[@data-test-active-link=\"Words\"]')\nStacktrace:\n#0 0x55c96d35c23a <unknown>\n#1 0x55c96ce06ab0 <unknown>\n#2 0x55c96ce586f0 <unknown>\n#3 0x55c96ce588e1 <unknown>\n#4 0x55c96cea6b94 <unknown>\n#5 0x55c96ce7e1cd <unknown>\n#6 0x55c96cea3fee <unknown>\n#7 0x55c96ce7df73 <unknown>\n#8 0x55c96ce4aaeb <unknown>\n#9 0x55c96ce4b751 <unknown>\n#10 0x55c96d320b4b <unknown>\n#11 0x55c96d324929 <unknown>\n#12 0x55c96d307929 <unknown>\n#13 0x55c96d3254e8 <unknown>\n#14 0x55c96d2ec0df <unknown>\n#15 0x55c96d3498e8 <unknown>\n#16 0x55c96d349ac6 <unknown>\n#17 0x55c96d35b556 <unknown>\n#18 0x7f5e4569caa4 <unknown>\n#19 0x7f5e45729c3c <unknown>",
        "time" : {
          "start" : 1752870903184,
          "stop" : 1752870913689,
          "duration" : 10505
        }
      }, {
        "uid" : "778299af415c3076",
        "reportUrl" : "https://Brain-up.github.io/auto-tests-python/631//#testresult/778299af415c3076",
        "status" : "skipped",
        "statusDetails" : "XFAIL\n\nselenium.common.exceptions.TimeoutException: Message: Can't find element by locator ('xpath', '//button[@data-test-active-link=\"Words\"]')\nStacktrace:\n#0 0x5564a415b23a <unknown>\n#1 0x5564a3c05ab0 <unknown>\n#2 0x5564a3c576f0 <unknown>\n#3 0x5564a3c578e1 <unknown>\n#4 0x5564a3ca5b94 <unknown>\n#5 0x5564a3c7d1cd <unknown>\n#6 0x5564a3ca2fee <unknown>\n#7 0x5564a3c7cf73 <unknown>\n#8 0x5564a3c49aeb <unknown>\n#9 0x5564a3c4a751 <unknown>\n#10 0x5564a411fb4b <unknown>\n#11 0x5564a4123929 <unknown>\n#12 0x5564a4106929 <unknown>\n#13 0x5564a41244e8 <unknown>\n#14 0x5564a40eb0df <unknown>\n#15 0x5564a41488e8 <unknown>\n#16 0x5564a4148ac6 <unknown>\n#17 0x5564a415a556 <unknown>\n#18 0x7ff05c49caa4 <unknown>\n#19 0x7ff05c529c3c <unknown>",
        "time" : {
          "start" : 1752734707355,
          "stop" : 1752734717759,
          "duration" : 10404
        }
      }, {
        "uid" : "8fe021be9c96c078",
        "reportUrl" : "https://Brain-up.github.io/auto-tests-python/630//#testresult/8fe021be9c96c078",
        "status" : "skipped",
        "statusDetails" : "XFAIL\n\nselenium.common.exceptions.TimeoutException: Message: Can't find element by locator ('xpath', '//button[@data-test-active-link=\"Words\"]')\nStacktrace:\n#0 0x55ba8c54f23a <unknown>\n#1 0x55ba8bff9ab0 <unknown>\n#2 0x55ba8c04b6f0 <unknown>\n#3 0x55ba8c04b8e1 <unknown>\n#4 0x55ba8c099b94 <unknown>\n#5 0x55ba8c0711cd <unknown>\n#6 0x55ba8c096fee <unknown>\n#7 0x55ba8c070f73 <unknown>\n#8 0x55ba8c03daeb <unknown>\n#9 0x55ba8c03e751 <unknown>\n#10 0x55ba8c513b4b <unknown>\n#11 0x55ba8c517929 <unknown>\n#12 0x55ba8c4fa929 <unknown>\n#13 0x55ba8c5184e8 <unknown>\n#14 0x55ba8c4df0df <unknown>\n#15 0x55ba8c53c8e8 <unknown>\n#16 0x55ba8c53cac6 <unknown>\n#17 0x55ba8c54e556 <unknown>\n#18 0x7f353349caa4 <unknown>\n#19 0x7f3533529c3c <unknown>",
        "time" : {
          "start" : 1752675193082,
          "stop" : 1752675203504,
          "duration" : 10422
        }
      }, {
        "uid" : "ed7bdb185b6a7474",
        "reportUrl" : "https://Brain-up.github.io/auto-tests-python/629//#testresult/ed7bdb185b6a7474",
        "status" : "skipped",
        "statusDetails" : "XFAIL\n\nselenium.common.exceptions.TimeoutException: Message: Can't find element by locator ('xpath', '//button[@data-test-active-link=\"Words\"]')\nStacktrace:\n#0 0x560ff9a7923a <unknown>\n#1 0x560ff9523ab0 <unknown>\n#2 0x560ff95756f0 <unknown>\n#3 0x560ff95758e1 <unknown>\n#4 0x560ff95c3b94 <unknown>\n#5 0x560ff959b1cd <unknown>\n#6 0x560ff95c0fee <unknown>\n#7 0x560ff959af73 <unknown>\n#8 0x560ff9567aeb <unknown>\n#9 0x560ff9568751 <unknown>\n#10 0x560ff9a3db4b <unknown>\n#11 0x560ff9a41929 <unknown>\n#12 0x560ff9a24929 <unknown>\n#13 0x560ff9a424e8 <unknown>\n#14 0x560ff9a090df <unknown>\n#15 0x560ff9a668e8 <unknown>\n#16 0x560ff9a66ac6 <unknown>\n#17 0x560ff9a78556 <unknown>\n#18 0x7fba2189caa4 <unknown>\n#19 0x7fba21929c3c <unknown>",
        "time" : {
          "start" : 1752571856678,
          "stop" : 1752571867087,
          "duration" : 10409
        }
      }, {
        "uid" : "e79d5de9bcedb2df",
        "reportUrl" : "https://Brain-up.github.io/auto-tests-python/628//#testresult/e79d5de9bcedb2df",
        "status" : "skipped",
        "statusDetails" : "XFAIL\n\nselenium.common.exceptions.TimeoutException: Message: Can't find element by locator ('xpath', '//button[@data-test-active-link=\"Words\"]')\nStacktrace:\n#0 0x5607743a023a <unknown>\n#1 0x560773e4aab0 <unknown>\n#2 0x560773e9c6f0 <unknown>\n#3 0x560773e9c8e1 <unknown>\n#4 0x560773eeab94 <unknown>\n#5 0x560773ec21cd <unknown>\n#6 0x560773ee7fee <unknown>\n#7 0x560773ec1f73 <unknown>\n#8 0x560773e8eaeb <unknown>\n#9 0x560773e8f751 <unknown>\n#10 0x560774364b4b <unknown>\n#11 0x560774368929 <unknown>\n#12 0x56077434b929 <unknown>\n#13 0x5607743694e8 <unknown>\n#14 0x5607743300df <unknown>\n#15 0x56077438d8e8 <unknown>\n#16 0x56077438dac6 <unknown>\n#17 0x56077439f556 <unknown>\n#18 0x7f7db1a9caa4 <unknown>\n#19 0x7f7db1b29c3c <unknown>",
        "time" : {
          "start" : 1752485409582,
          "stop" : 1752485420064,
          "duration" : 10482
        }
      }, {
        "uid" : "c06801abe3a3cbff",
        "reportUrl" : "https://Brain-up.github.io/auto-tests-python/627//#testresult/c06801abe3a3cbff",
        "status" : "skipped",
        "statusDetails" : "XFAIL\n\nselenium.common.exceptions.TimeoutException: Message: Can't find element by locator ('xpath', '//button[@data-test-active-link=\"Words\"]')\nStacktrace:\n#0 0x557d1751123a <unknown>\n#1 0x557d16fbbab0 <unknown>\n#2 0x557d1700d6f0 <unknown>\n#3 0x557d1700d8e1 <unknown>\n#4 0x557d1705bb94 <unknown>\n#5 0x557d170331cd <unknown>\n#6 0x557d17058fee <unknown>\n#7 0x557d17032f73 <unknown>\n#8 0x557d16fffaeb <unknown>\n#9 0x557d17000751 <unknown>\n#10 0x557d174d5b4b <unknown>\n#11 0x557d174d9929 <unknown>\n#12 0x557d174bc929 <unknown>\n#13 0x557d174da4e8 <unknown>\n#14 0x557d174a10df <unknown>\n#15 0x557d174fe8e8 <unknown>\n#16 0x557d174feac6 <unknown>\n#17 0x557d17510556 <unknown>\n#18 0x7fb0df69caa4 <unknown>\n#19 0x7fb0df729c3c <unknown>",
        "time" : {
          "start" : 1752402496203,
          "stop" : 1752402506617,
          "duration" : 10414
        }
      }, {
        "uid" : "9601afc4d38af2d4",
        "reportUrl" : "https://Brain-up.github.io/auto-tests-python/626//#testresult/9601afc4d38af2d4",
        "status" : "skipped",
        "statusDetails" : "XFAIL\n\nselenium.common.exceptions.TimeoutException: Message: Can't find element by locator ('xpath', '//button[@data-test-active-link=\"Words\"]')\nStacktrace:\n#0 0x55eb06f4123a <unknown>\n#1 0x55eb069ebab0 <unknown>\n#2 0x55eb06a3d6f0 <unknown>\n#3 0x55eb06a3d8e1 <unknown>\n#4 0x55eb06a8bb94 <unknown>\n#5 0x55eb06a631cd <unknown>\n#6 0x55eb06a88fee <unknown>\n#7 0x55eb06a62f73 <unknown>\n#8 0x55eb06a2faeb <unknown>\n#9 0x55eb06a30751 <unknown>\n#10 0x55eb06f05b4b <unknown>\n#11 0x55eb06f09929 <unknown>\n#12 0x55eb06eec929 <unknown>\n#13 0x55eb06f0a4e8 <unknown>\n#14 0x55eb06ed10df <unknown>\n#15 0x55eb06f2e8e8 <unknown>\n#16 0x55eb06f2eac6 <unknown>\n#17 0x55eb06f40556 <unknown>\n#18 0x7fe09ac9caa4 <unknown>\n#19 0x7fe09ad29c3c <unknown>",
        "time" : {
          "start" : 1752301387288,
          "stop" : 1752301397693,
          "duration" : 10405
        }
      }, {
        "uid" : "7f0f3876f91973d5",
        "reportUrl" : "https://Brain-up.github.io/auto-tests-python/625//#testresult/7f0f3876f91973d5",
        "status" : "skipped",
        "statusDetails" : "XFAIL\n\nselenium.common.exceptions.TimeoutException: Message: Can't find element by locator ('xpath', '//button[@data-test-active-link=\"Words\"]')\nStacktrace:\n#0 0x563b4b07126a <unknown>\n#1 0x563b4ab1bab0 <unknown>\n#2 0x563b4ab6d6f0 <unknown>\n#3 0x563b4ab6d8e1 <unknown>\n#4 0x563b4abbbb94 <unknown>\n#5 0x563b4ab931cd <unknown>\n#6 0x563b4abb8fee <unknown>\n#7 0x563b4ab92f73 <unknown>\n#8 0x563b4ab5faeb <unknown>\n#9 0x563b4ab60751 <unknown>\n#10 0x563b4b035b7b <unknown>\n#11 0x563b4b039959 <unknown>\n#12 0x563b4b01c959 <unknown>\n#13 0x563b4b03a518 <unknown>\n#14 0x563b4b00110f <unknown>\n#15 0x563b4b05e918 <unknown>\n#16 0x563b4b05eaf6 <unknown>\n#17 0x563b4b070586 <unknown>\n#18 0x7fa52e69caa4 <unknown>\n#19 0x7fa52e729c3c <unknown>",
        "time" : {
          "start" : 1752216658370,
          "stop" : 1752216668779,
          "duration" : 10409
        }
      }, {
        "uid" : "90e9bc4bacba1f3b",
        "reportUrl" : "https://Brain-up.github.io/auto-tests-python/624//#testresult/90e9bc4bacba1f3b",
        "status" : "skipped",
        "statusDetails" : "XFAIL\n\nselenium.common.exceptions.TimeoutException: Message: Can't find element by locator ('xpath', '//button[@data-test-active-link=\"Words\"]')\nStacktrace:\n#0 0x55657ffae26a <unknown>\n#1 0x55657fa58ab0 <unknown>\n#2 0x55657faaa6f0 <unknown>\n#3 0x55657faaa8e1 <unknown>\n#4 0x55657faf8b94 <unknown>\n#5 0x55657fad01cd <unknown>\n#6 0x55657faf5fee <unknown>\n#7 0x55657facff73 <unknown>\n#8 0x55657fa9caeb <unknown>\n#9 0x55657fa9d751 <unknown>\n#10 0x55657ff72b7b <unknown>\n#11 0x55657ff76959 <unknown>\n#12 0x55657ff59959 <unknown>\n#13 0x55657ff77518 <unknown>\n#14 0x55657ff3e10f <unknown>\n#15 0x55657ff9b918 <unknown>\n#16 0x55657ff9baf6 <unknown>\n#17 0x55657ffad586 <unknown>\n#18 0x7fbd26c9caa4 <unknown>\n#19 0x7fbd26d29c3c <unknown>",
        "time" : {
          "start" : 1752173524009,
          "stop" : 1752173534443,
          "duration" : 10434
        }
      }, {
        "uid" : "c603e69a143c820",
        "reportUrl" : "https://Brain-up.github.io/auto-tests-python/623//#testresult/c603e69a143c820",
        "status" : "skipped",
        "statusDetails" : "XFAIL\n\nselenium.common.exceptions.TimeoutException: Message: Can't find element by locator ('xpath', '//button[@data-test-active-link=\"Words\"]')\nStacktrace:\n#0 0x55e82e49f26a <unknown>\n#1 0x55e82df49ab0 <unknown>\n#2 0x55e82df9b6f0 <unknown>\n#3 0x55e82df9b8e1 <unknown>\n#4 0x55e82dfe9b94 <unknown>\n#5 0x55e82dfc11cd <unknown>\n#6 0x55e82dfe6fee <unknown>\n#7 0x55e82dfc0f73 <unknown>\n#8 0x55e82df8daeb <unknown>\n#9 0x55e82df8e751 <unknown>\n#10 0x55e82e463b7b <unknown>\n#11 0x55e82e467959 <unknown>\n#12 0x55e82e44a959 <unknown>\n#13 0x55e82e468518 <unknown>\n#14 0x55e82e42f10f <unknown>\n#15 0x55e82e48c918 <unknown>\n#16 0x55e82e48caf6 <unknown>\n#17 0x55e82e49e586 <unknown>\n#18 0x7f18c409caa4 <unknown>\n#19 0x7f18c4129c3c <unknown>",
        "time" : {
          "start" : 1752035862119,
          "stop" : 1752035872543,
          "duration" : 10424
        }
      }, {
        "uid" : "b5d32a6cc57bf202",
        "reportUrl" : "https://Brain-up.github.io/auto-tests-python/622//#testresult/b5d32a6cc57bf202",
        "status" : "skipped",
        "statusDetails" : "XFAIL\n\nselenium.common.exceptions.TimeoutException: Message: Can't find element by locator ('xpath', '//button[@data-test-active-link=\"Words\"]')\nStacktrace:\n#0 0x557b19e4645a <unknown>\n#1 0x557b198eb760 <unknown>\n#2 0x557b1993d127 <unknown>\n#3 0x557b1993d321 <unknown>\n#4 0x557b1998be94 <unknown>\n#5 0x557b19962e7d <unknown>\n#6 0x557b1998930b <unknown>\n#7 0x557b19962c23 <unknown>\n#8 0x557b1992f4a5 <unknown>\n#9 0x557b19930111 <unknown>\n#10 0x557b19e0af1b <unknown>\n#11 0x557b19e0ee19 <unknown>\n#12 0x557b19df1ac9 <unknown>\n#13 0x557b19e0f9c8 <unknown>\n#14 0x557b19dd634f <unknown>\n#15 0x557b19e33a28 <unknown>\n#16 0x557b19e33c06 <unknown>\n#17 0x557b19e45336 <unknown>\n#18 0x7f9ecba9caa4 <unknown>\n#19 0x7f9ecbb29c3c <unknown>",
        "time" : {
          "start" : 1752002759177,
          "stop" : 1752002769624,
          "duration" : 10447
        }
      }, {
        "uid" : "f2244a941b7545d9",
        "reportUrl" : "https://Brain-up.github.io/auto-tests-python/621//#testresult/f2244a941b7545d9",
        "status" : "skipped",
        "statusDetails" : "XFAIL\n\nselenium.common.exceptions.TimeoutException: Message: Can't find element by locator ('xpath', '//button[@data-test-active-link=\"Words\"]')\nStacktrace:\n#0 0x56015344645a <unknown>\n#1 0x560152eeb760 <unknown>\n#2 0x560152f3d127 <unknown>\n#3 0x560152f3d321 <unknown>\n#4 0x560152f8be94 <unknown>\n#5 0x560152f62e7d <unknown>\n#6 0x560152f8930b <unknown>\n#7 0x560152f62c23 <unknown>\n#8 0x560152f2f4a5 <unknown>\n#9 0x560152f30111 <unknown>\n#10 0x56015340af1b <unknown>\n#11 0x56015340ee19 <unknown>\n#12 0x5601533f1ac9 <unknown>\n#13 0x56015340f9c8 <unknown>\n#14 0x5601533d634f <unknown>\n#15 0x560153433a28 <unknown>\n#16 0x560153433c06 <unknown>\n#17 0x560153445336 <unknown>\n#18 0x7f7cf5c9caa4 <unknown>\n#19 0x7f7cf5d29c3c <unknown>",
        "time" : {
          "start" : 1751905965461,
          "stop" : 1751905975854,
          "duration" : 10393
        }
      }, {
        "uid" : "bc3fe3fae233ebbc",
        "reportUrl" : "https://Brain-up.github.io/auto-tests-python/620//#testresult/bc3fe3fae233ebbc",
        "status" : "skipped",
        "statusDetails" : "XFAIL\n\nselenium.common.exceptions.TimeoutException: Message: Can't find element by locator ('xpath', '//button[@data-test-active-link=\"Words\"]')\nStacktrace:\n#0 0x555b4f91545a <unknown>\n#1 0x555b4f3ba760 <unknown>\n#2 0x555b4f40c127 <unknown>\n#3 0x555b4f40c321 <unknown>\n#4 0x555b4f45ae94 <unknown>\n#5 0x555b4f431e7d <unknown>\n#6 0x555b4f45830b <unknown>\n#7 0x555b4f431c23 <unknown>\n#8 0x555b4f3fe4a5 <unknown>\n#9 0x555b4f3ff111 <unknown>\n#10 0x555b4f8d9f1b <unknown>\n#11 0x555b4f8dde19 <unknown>\n#12 0x555b4f8c0ac9 <unknown>\n#13 0x555b4f8de9c8 <unknown>\n#14 0x555b4f8a534f <unknown>\n#15 0x555b4f902a28 <unknown>\n#16 0x555b4f902c06 <unknown>\n#17 0x555b4f914336 <unknown>\n#18 0x7f2b12a9caa4 <unknown>\n#19 0x7f2b12b29c3c <unknown>",
        "time" : {
          "start" : 1751783973604,
          "stop" : 1751783984010,
          "duration" : 10406
        }
      }, {
        "uid" : "d2e005ff236c2bdb",
        "reportUrl" : "https://Brain-up.github.io/auto-tests-python/619//#testresult/d2e005ff236c2bdb",
        "status" : "skipped",
        "statusDetails" : "XFAIL\n\nselenium.common.exceptions.TimeoutException: Message: Can't find element by locator ('xpath', '//button[@data-test-active-link=\"Words\"]')\nStacktrace:\n#0 0x56220eeea45a <unknown>\n#1 0x56220e98f760 <unknown>\n#2 0x56220e9e1127 <unknown>\n#3 0x56220e9e1321 <unknown>\n#4 0x56220ea2fe94 <unknown>\n#5 0x56220ea06e7d <unknown>\n#6 0x56220ea2d30b <unknown>\n#7 0x56220ea06c23 <unknown>\n#8 0x56220e9d34a5 <unknown>\n#9 0x56220e9d4111 <unknown>\n#10 0x56220eeaef1b <unknown>\n#11 0x56220eeb2e19 <unknown>\n#12 0x56220ee95ac9 <unknown>\n#13 0x56220eeb39c8 <unknown>\n#14 0x56220ee7a34f <unknown>\n#15 0x56220eed7a28 <unknown>\n#16 0x56220eed7c06 <unknown>\n#17 0x56220eee9336 <unknown>\n#18 0x7f0fa629caa4 <unknown>\n#19 0x7f0fa6329c3c <unknown>",
        "time" : {
          "start" : 1751625627117,
          "stop" : 1751625637538,
          "duration" : 10421
        }
      }, {
        "uid" : "2dc276c248e93327",
        "reportUrl" : "https://Brain-up.github.io/auto-tests-python/618//#testresult/2dc276c248e93327",
        "status" : "skipped",
        "statusDetails" : "XFAIL\n\nselenium.common.exceptions.TimeoutException: Message: Can't find element by locator ('xpath', '//button[@data-test-active-link=\"Words\"]')\nStacktrace:\n#0 0x55b0dea1f45a <unknown>\n#1 0x55b0de4c4760 <unknown>\n#2 0x55b0de516127 <unknown>\n#3 0x55b0de516321 <unknown>\n#4 0x55b0de564e94 <unknown>\n#5 0x55b0de53be7d <unknown>\n#6 0x55b0de56230b <unknown>\n#7 0x55b0de53bc23 <unknown>\n#8 0x55b0de5084a5 <unknown>\n#9 0x55b0de509111 <unknown>\n#10 0x55b0de9e3f1b <unknown>\n#11 0x55b0de9e7e19 <unknown>\n#12 0x55b0de9caac9 <unknown>\n#13 0x55b0de9e89c8 <unknown>\n#14 0x55b0de9af34f <unknown>\n#15 0x55b0dea0ca28 <unknown>\n#16 0x55b0dea0cc06 <unknown>\n#17 0x55b0dea1e336 <unknown>\n#18 0x7f8eda89caa4 <unknown>\n#19 0x7f8eda929c3c <unknown>",
        "time" : {
          "start" : 1751521504569,
          "stop" : 1751521515184,
          "duration" : 10615
        }
      }, {
        "uid" : "98d8f93be0455b75",
        "reportUrl" : "https://Brain-up.github.io/auto-tests-python/617//#testresult/98d8f93be0455b75",
        "status" : "skipped",
        "statusDetails" : "XFAIL\n\nselenium.common.exceptions.TimeoutException: Message: Can't find element by locator ('xpath', '//button[@data-test-active-link=\"Words\"]')\nStacktrace:\n#0 0x55a7c4dd945a <unknown>\n#1 0x55a7c487e760 <unknown>\n#2 0x55a7c48d0127 <unknown>\n#3 0x55a7c48d0321 <unknown>\n#4 0x55a7c491ee94 <unknown>\n#5 0x55a7c48f5e7d <unknown>\n#6 0x55a7c491c30b <unknown>\n#7 0x55a7c48f5c23 <unknown>\n#8 0x55a7c48c24a5 <unknown>\n#9 0x55a7c48c3111 <unknown>\n#10 0x55a7c4d9df1b <unknown>\n#11 0x55a7c4da1e19 <unknown>\n#12 0x55a7c4d84ac9 <unknown>\n#13 0x55a7c4da29c8 <unknown>\n#14 0x55a7c4d6934f <unknown>\n#15 0x55a7c4dc6a28 <unknown>\n#16 0x55a7c4dc6c06 <unknown>\n#17 0x55a7c4dd8336 <unknown>\n#18 0x7ffad569caa4 <unknown>\n#19 0x7ffad5729c3c <unknown>",
        "time" : {
          "start" : 1751458940865,
          "stop" : 1751458951356,
          "duration" : 10491
        }
      }, {
        "uid" : "5157303e639572a0",
        "reportUrl" : "https://Brain-up.github.io/auto-tests-python/616//#testresult/5157303e639572a0",
        "status" : "passed",
        "statusDetails" : "XPASS",
        "time" : {
          "start" : 1751382003865,
          "stop" : 1751382012212,
          "duration" : 8347
        }
      }, {
        "uid" : "b28174d1a0e22dd0",
        "reportUrl" : "https://Brain-up.github.io/auto-tests-python/615//#testresult/b28174d1a0e22dd0",
        "status" : "skipped",
        "statusDetails" : "XFAIL\n\nselenium.common.exceptions.TimeoutException: Message: Can't find element by locator ('xpath', '//button[@data-test-active-link=\"Words\"]')\nStacktrace:\n#0 0x5555a029945a <unknown>\n#1 0x55559fd3e760 <unknown>\n#2 0x55559fd90127 <unknown>\n#3 0x55559fd90321 <unknown>\n#4 0x55559fddee94 <unknown>\n#5 0x55559fdb5e7d <unknown>\n#6 0x55559fddc30b <unknown>\n#7 0x55559fdb5c23 <unknown>\n#8 0x55559fd824a5 <unknown>\n#9 0x55559fd83111 <unknown>\n#10 0x5555a025df1b <unknown>\n#11 0x5555a0261e19 <unknown>\n#12 0x5555a0244ac9 <unknown>\n#13 0x5555a02629c8 <unknown>\n#14 0x5555a022934f <unknown>\n#15 0x5555a0286a28 <unknown>\n#16 0x5555a0286c06 <unknown>\n#17 0x5555a0298336 <unknown>\n#18 0x7f7e0ca9caa4 <unknown>\n#19 0x7f7e0cb29c3c <unknown>",
        "time" : {
          "start" : 1751369353229,
          "stop" : 1751369363636,
          "duration" : 10407
        }
      }, {
        "uid" : "f85c5ffe4f62a38b",
        "reportUrl" : "https://Brain-up.github.io/auto-tests-python/412//#testresult/f85c5ffe4f62a38b",
        "status" : "skipped",
        "statusDetails" : "XFAIL\n\nselenium.common.exceptions.TimeoutException: Message: Can't find element by locator ('xpath', '//button[@data-test-active-link=\"Words\"]')\nStacktrace:\n#0 0x561826a1845a <unknown>\n#1 0x5618264bd760 <unknown>\n#2 0x56182650f127 <unknown>\n#3 0x56182650f321 <unknown>\n#4 0x56182655de94 <unknown>\n#5 0x561826534e7d <unknown>\n#6 0x56182655b30b <unknown>\n#7 0x561826534c23 <unknown>\n#8 0x5618265014a5 <unknown>\n#9 0x561826502111 <unknown>\n#10 0x5618269dcf1b <unknown>\n#11 0x5618269e0e19 <unknown>\n#12 0x5618269c3ac9 <unknown>\n#13 0x5618269e19c8 <unknown>\n#14 0x5618269a834f <unknown>\n#15 0x561826a05a28 <unknown>\n#16 0x561826a05c06 <unknown>\n#17 0x561826a17336 <unknown>\n#18 0x7fe33f49caa4 <unknown>\n#19 0x7fe33f529c3c <unknown>",
        "time" : {
          "start" : 1751333803224,
          "stop" : 1751333823878,
          "duration" : 20654
        }
      } ]
    },
    "tags" : [ "@pytest.mark.xfail" ]
  },
  "source" : "ebba57d4df71d2a1.json",
  "parameterValues" : [ ]
}