{
  "uid" : "4fab00d569ab1332",
  "name" : "Solutions to a random task in the \"Слова Королёвой\" .",
  "fullName" : "tests.test_speech_exercises_ru.TestCardsRU#test_solve_koroleva_cards_ru",
  "historyId" : "c9fe4fbd9394e2fb5a6898be66ba433b",
  "time" : {
    "start" : 1750504891261,
    "stop" : 1750504911346,
    "duration" : 20085
  },
  "status" : "skipped",
  "statusMessage" : "XFAIL\n\nselenium.common.exceptions.TimeoutException: Message: Can't find element by locator ('xpath', '//a[text()=\"Упражнения\"]')\nStacktrace:\n#0 0x55d95b39c29a <unknown>\n#1 0x55d95ae08040 <unknown>\n#2 0x55d95ae59990 <unknown>\n#3 0x55d95ae59b81 <unknown>\n#4 0x55d95aea8664 <unknown>\n#5 0x55d95ae7f6bd <unknown>\n#6 0x55d95aea5ace <unknown>\n#7 0x55d95ae7f463 <unknown>\n#8 0x55d95ae4bc55 <unknown>\n#9 0x55d95ae4c8c1 <unknown>\n#10 0x55d95b3611bb <unknown>\n#11 0x55d95b3650c9 <unknown>\n#12 0x55d95b349a39 <unknown>\n#13 0x55d95b365c78 <unknown>\n#14 0x55d95b32e6bf <unknown>\n#15 0x55d95b389948 <unknown>\n#16 0x55d95b389b26 <unknown>\n#17 0x55d95b39b176 <unknown>\n#18 0x7fbee349caa4 <unknown>\n#19 0x7fbee3529c3c <unknown>",
  "statusTrace" : "self = <tests.test_speech_exercises_ru.TestCardsRU object at 0x7f45f609f9e0>\ndriver = <selenium.webdriver.chrome.webdriver.WebDriver (session=\"783affc22568b3e2013cdde544a558dc\")>\ndefault_user_authorized = None\n\n    @pytest.mark.xfail\n    @allure.suite(\"Речевые упражнения.\")\n    @allure.title('Solutions to a random task in the \"Слова Королёвой\" .')\n    def test_solve_koroleva_cards_ru(self, driver, default_user_authorized):\n        page = SpeechExercisesPageRU(driver)\n>       page.click_button_exercises()\n\ntests/test_speech_exercises_ru.py:144: \n_ _ _ _ _ _ _ _ _ _ _ _ _ _ _ _ _ _ _ _ _ _ _ _ _ _ _ _ _ _ _ _ _ _ _ _ _ _ _ _ \npages/speech_exercises_page_ru.py:199: in click_button_exercises\n    button = self.element_is_present_and_clickable(self.locators.AuthorizedUserHomePageLocators.BUTTON_EXERCISES_RU)\npages/base_page.py:40: in element_is_present_and_clickable\n    return (Wait(self.driver, self.timeout).until(\n_ _ _ _ _ _ _ _ _ _ _ _ _ _ _ _ _ _ _ _ _ _ _ _ _ _ _ _ _ _ _ _ _ _ _ _ _ _ _ _ \n\nself = <selenium.webdriver.support.wait.WebDriverWait (session=\"783affc22568b3e2013cdde544a558dc\")>\nmethod = <function visibility_of_element_located.<locals>._predicate at 0x7f45f5d3e160>\nmessage = 'Can\\'t find element by locator (\\'xpath\\', \\'//a[text()=\"Упражнения\"]\\')'\n\n    def until(self, method, message: str = \"\"):\n        \"\"\"Calls the method provided with the driver as an argument until the \\\n        return value does not evaluate to ``False``.\n    \n        :param method: callable(WebDriver)\n        :param message: optional message for :exc:`TimeoutException`\n        :returns: the result of the last call to `method`\n        :raises: :exc:`selenium.common.exceptions.TimeoutException` if timeout occurs\n        \"\"\"\n        screen = None\n        stacktrace = None\n    \n        end_time = time.monotonic() + self._timeout\n        while True:\n            try:\n                value = method(self._driver)\n                if value:\n                    return value\n            except self._ignored_exceptions as exc:\n                screen = getattr(exc, \"screen\", None)\n                stacktrace = getattr(exc, \"stacktrace\", None)\n            time.sleep(self._poll)\n            if time.monotonic() > end_time:\n                break\n>       raise TimeoutException(message, screen, stacktrace)\nE       selenium.common.exceptions.TimeoutException: Message: Can't find element by locator ('xpath', '//a[text()=\"Упражнения\"]')\nE       Stacktrace:\nE       #0 0x55d95b39c29a <unknown>\nE       #1 0x55d95ae08040 <unknown>\nE       #2 0x55d95ae59990 <unknown>\nE       #3 0x55d95ae59b81 <unknown>\nE       #4 0x55d95aea8664 <unknown>\nE       #5 0x55d95ae7f6bd <unknown>\nE       #6 0x55d95aea5ace <unknown>\nE       #7 0x55d95ae7f463 <unknown>\nE       #8 0x55d95ae4bc55 <unknown>\nE       #9 0x55d95ae4c8c1 <unknown>\nE       #10 0x55d95b3611bb <unknown>\nE       #11 0x55d95b3650c9 <unknown>\nE       #12 0x55d95b349a39 <unknown>\nE       #13 0x55d95b365c78 <unknown>\nE       #14 0x55d95b32e6bf <unknown>\nE       #15 0x55d95b389948 <unknown>\nE       #16 0x55d95b389b26 <unknown>\nE       #17 0x55d95b39b176 <unknown>\nE       #18 0x7fbee349caa4 <unknown>\nE       #19 0x7fbee3529c3c <unknown>\n\n/opt/hostedtoolcache/Python/3.12.10/x64/lib/python3.12/site-packages/selenium/webdriver/support/wait.py:95: TimeoutException",
  "flaky" : false,
  "newFailed" : false,
  "beforeStages" : [ {
    "name" : "main_page_open",
    "time" : {
      "start" : 1750504885523,
      "stop" : 1750504888324,
      "duration" : 2801
    },
    "status" : "passed",
    "steps" : [ {
      "name" : "Open page: https://www.brainup.site/",
      "time" : {
        "start" : 1750504885523,
        "stop" : 1750504888324,
        "duration" : 2801
      },
      "status" : "passed",
      "steps" : [ ],
      "attachments" : [ ],
      "parameters" : [ {
        "name" : "driver",
        "value" : "<selenium.webdriver.chrome.webdriver.WebDriver (session=\"783affc22568b3e2013cdde544a558dc\")>"
      } ],
      "stepsCount" : 0,
      "attachmentsCount" : 0,
      "shouldDisplayMessage" : false,
      "hasContent" : true
    } ],
    "attachments" : [ ],
    "parameters" : [ ],
    "stepsCount" : 1,
    "attachmentsCount" : 0,
    "shouldDisplayMessage" : false,
    "hasContent" : true
  }, {
    "name" : "default_user_authorized",
    "time" : {
      "start" : 1750504888324,
      "stop" : 1750504891260,
      "duration" : 2936
    },
    "status" : "passed",
    "steps" : [ {
      "name" : "DEFAULT user authorized",
      "time" : {
        "start" : 1750504888324,
        "stop" : 1750504891260,
        "duration" : 2936
      },
      "status" : "passed",
      "steps" : [ {
        "name" : "Check url is present: https://www.brainup.site/groups",
        "time" : {
          "start" : 1750504888717,
          "stop" : 1750504891238,
          "duration" : 2521
        },
        "status" : "passed",
        "steps" : [ ],
        "attachments" : [ ],
        "parameters" : [ ],
        "stepsCount" : 0,
        "attachmentsCount" : 0,
        "shouldDisplayMessage" : false,
        "hasContent" : false
      }, {
        "name" : "Loader checking",
        "time" : {
          "start" : 1750504891238,
          "stop" : 1750504891260,
          "duration" : 22
        },
        "status" : "passed",
        "steps" : [ ],
        "attachments" : [ ],
        "parameters" : [ ],
        "stepsCount" : 0,
        "attachmentsCount" : 0,
        "shouldDisplayMessage" : false,
        "hasContent" : false
      } ],
      "attachments" : [ ],
      "parameters" : [ {
        "name" : "driver",
        "value" : "<selenium.webdriver.chrome.webdriver.WebDriver (session=\"783affc22568b3e2013cdde544a558dc\")>"
      }, {
        "name" : "main_page_open",
        "value" : "None"
      } ],
      "stepsCount" : 2,
      "attachmentsCount" : 0,
      "shouldDisplayMessage" : false,
      "hasContent" : true
    } ],
    "attachments" : [ ],
    "parameters" : [ ],
    "stepsCount" : 3,
    "attachmentsCount" : 0,
    "shouldDisplayMessage" : false,
    "hasContent" : true
  }, {
    "name" : "clear_allure_results_folder",
    "time" : {
      "start" : 1750503314713,
      "stop" : 1750503314713,
      "duration" : 0
    },
    "status" : "passed",
    "steps" : [ ],
    "attachments" : [ ],
    "parameters" : [ ],
    "stepsCount" : 0,
    "attachmentsCount" : 0,
    "shouldDisplayMessage" : false,
    "hasContent" : false
  }, {
    "name" : "driver",
    "time" : {
      "start" : 1750504884689,
      "stop" : 1750504885523,
      "duration" : 834
    },
    "status" : "passed",
    "steps" : [ ],
    "attachments" : [ ],
    "parameters" : [ ],
    "stepsCount" : 0,
    "attachmentsCount" : 0,
    "shouldDisplayMessage" : false,
    "hasContent" : false
  } ],
  "testStage" : {
    "status" : "skipped",
    "statusMessage" : "XFAIL\n\nselenium.common.exceptions.TimeoutException: Message: Can't find element by locator ('xpath', '//a[text()=\"Упражнения\"]')\nStacktrace:\n#0 0x55d95b39c29a <unknown>\n#1 0x55d95ae08040 <unknown>\n#2 0x55d95ae59990 <unknown>\n#3 0x55d95ae59b81 <unknown>\n#4 0x55d95aea8664 <unknown>\n#5 0x55d95ae7f6bd <unknown>\n#6 0x55d95aea5ace <unknown>\n#7 0x55d95ae7f463 <unknown>\n#8 0x55d95ae4bc55 <unknown>\n#9 0x55d95ae4c8c1 <unknown>\n#10 0x55d95b3611bb <unknown>\n#11 0x55d95b3650c9 <unknown>\n#12 0x55d95b349a39 <unknown>\n#13 0x55d95b365c78 <unknown>\n#14 0x55d95b32e6bf <unknown>\n#15 0x55d95b389948 <unknown>\n#16 0x55d95b389b26 <unknown>\n#17 0x55d95b39b176 <unknown>\n#18 0x7fbee349caa4 <unknown>\n#19 0x7fbee3529c3c <unknown>",
    "statusTrace" : "self = <tests.test_speech_exercises_ru.TestCardsRU object at 0x7f45f609f9e0>\ndriver = <selenium.webdriver.chrome.webdriver.WebDriver (session=\"783affc22568b3e2013cdde544a558dc\")>\ndefault_user_authorized = None\n\n    @pytest.mark.xfail\n    @allure.suite(\"Речевые упражнения.\")\n    @allure.title('Solutions to a random task in the \"Слова Королёвой\" .')\n    def test_solve_koroleva_cards_ru(self, driver, default_user_authorized):\n        page = SpeechExercisesPageRU(driver)\n>       page.click_button_exercises()\n\ntests/test_speech_exercises_ru.py:144: \n_ _ _ _ _ _ _ _ _ _ _ _ _ _ _ _ _ _ _ _ _ _ _ _ _ _ _ _ _ _ _ _ _ _ _ _ _ _ _ _ \npages/speech_exercises_page_ru.py:199: in click_button_exercises\n    button = self.element_is_present_and_clickable(self.locators.AuthorizedUserHomePageLocators.BUTTON_EXERCISES_RU)\npages/base_page.py:40: in element_is_present_and_clickable\n    return (Wait(self.driver, self.timeout).until(\n_ _ _ _ _ _ _ _ _ _ _ _ _ _ _ _ _ _ _ _ _ _ _ _ _ _ _ _ _ _ _ _ _ _ _ _ _ _ _ _ \n\nself = <selenium.webdriver.support.wait.WebDriverWait (session=\"783affc22568b3e2013cdde544a558dc\")>\nmethod = <function visibility_of_element_located.<locals>._predicate at 0x7f45f5d3e160>\nmessage = 'Can\\'t find element by locator (\\'xpath\\', \\'//a[text()=\"Упражнения\"]\\')'\n\n    def until(self, method, message: str = \"\"):\n        \"\"\"Calls the method provided with the driver as an argument until the \\\n        return value does not evaluate to ``False``.\n    \n        :param method: callable(WebDriver)\n        :param message: optional message for :exc:`TimeoutException`\n        :returns: the result of the last call to `method`\n        :raises: :exc:`selenium.common.exceptions.TimeoutException` if timeout occurs\n        \"\"\"\n        screen = None\n        stacktrace = None\n    \n        end_time = time.monotonic() + self._timeout\n        while True:\n            try:\n                value = method(self._driver)\n                if value:\n                    return value\n            except self._ignored_exceptions as exc:\n                screen = getattr(exc, \"screen\", None)\n                stacktrace = getattr(exc, \"stacktrace\", None)\n            time.sleep(self._poll)\n            if time.monotonic() > end_time:\n                break\n>       raise TimeoutException(message, screen, stacktrace)\nE       selenium.common.exceptions.TimeoutException: Message: Can't find element by locator ('xpath', '//a[text()=\"Упражнения\"]')\nE       Stacktrace:\nE       #0 0x55d95b39c29a <unknown>\nE       #1 0x55d95ae08040 <unknown>\nE       #2 0x55d95ae59990 <unknown>\nE       #3 0x55d95ae59b81 <unknown>\nE       #4 0x55d95aea8664 <unknown>\nE       #5 0x55d95ae7f6bd <unknown>\nE       #6 0x55d95aea5ace <unknown>\nE       #7 0x55d95ae7f463 <unknown>\nE       #8 0x55d95ae4bc55 <unknown>\nE       #9 0x55d95ae4c8c1 <unknown>\nE       #10 0x55d95b3611bb <unknown>\nE       #11 0x55d95b3650c9 <unknown>\nE       #12 0x55d95b349a39 <unknown>\nE       #13 0x55d95b365c78 <unknown>\nE       #14 0x55d95b32e6bf <unknown>\nE       #15 0x55d95b389948 <unknown>\nE       #16 0x55d95b389b26 <unknown>\nE       #17 0x55d95b39b176 <unknown>\nE       #18 0x7fbee349caa4 <unknown>\nE       #19 0x7fbee3529c3c <unknown>\n\n/opt/hostedtoolcache/Python/3.12.10/x64/lib/python3.12/site-packages/selenium/webdriver/support/wait.py:95: TimeoutException",
    "steps" : [ {
      "name" : "Click button \"Упражнения\".",
      "time" : {
        "start" : 1750504891261,
        "stop" : 1750504911345,
        "duration" : 20084
      },
      "status" : "broken",
      "statusMessage" : "selenium.common.exceptions.TimeoutException: Message: Can't find element by locator ('xpath', '//a[text()=\"Упражнения\"]')\nStacktrace:\n#0 0x55d95b39c29a <unknown>\n#1 0x55d95ae08040 <unknown>\n#2 0x55d95ae59990 <unknown>\n#3 0x55d95ae59b81 <unknown>\n#4 0x55d95aea8664 <unknown>\n#5 0x55d95ae7f6bd <unknown>\n#6 0x55d95aea5ace <unknown>\n#7 0x55d95ae7f463 <unknown>\n#8 0x55d95ae4bc55 <unknown>\n#9 0x55d95ae4c8c1 <unknown>\n#10 0x55d95b3611bb <unknown>\n#11 0x55d95b3650c9 <unknown>\n#12 0x55d95b349a39 <unknown>\n#13 0x55d95b365c78 <unknown>\n#14 0x55d95b32e6bf <unknown>\n#15 0x55d95b389948 <unknown>\n#16 0x55d95b389b26 <unknown>\n#17 0x55d95b39b176 <unknown>\n#18 0x7fbee349caa4 <unknown>\n#19 0x7fbee3529c3c <unknown>\n\n",
      "statusTrace" : "  File \"/opt/hostedtoolcache/Python/3.12.10/x64/lib/python3.12/site-packages/allure_commons/_allure.py\", line 192, in impl\n    return func(*a, **kw)\n           ^^^^^^^^^^^^^^\n  File \"/home/runner/work/auto-tests-python/auto-tests-python/pages/speech_exercises_page_ru.py\", line 199, in click_button_exercises\n    button = self.element_is_present_and_clickable(self.locators.AuthorizedUserHomePageLocators.BUTTON_EXERCISES_RU)\n             ^^^^^^^^^^^^^^^^^^^^^^^^^^^^^^^^^^^^^^^^^^^^^^^^^^^^^^^^^^^^^^^^^^^^^^^^^^^^^^^^^^^^^^^^^^^^^^^^^^^^^^^\n  File \"/home/runner/work/auto-tests-python/auto-tests-python/pages/base_page.py\", line 40, in element_is_present_and_clickable\n    return (Wait(self.driver, self.timeout).until(\n            ^^^^^^^^^^^^^^^^^^^^^^^^^^^^^^^^^^^^^^\n  File \"/opt/hostedtoolcache/Python/3.12.10/x64/lib/python3.12/site-packages/selenium/webdriver/support/wait.py\", line 95, in until\n    raise TimeoutException(message, screen, stacktrace)\n",
      "steps" : [ {
        "name" : "Click button \"RU\".",
        "time" : {
          "start" : 1750504891261,
          "stop" : 1750504891328,
          "duration" : 67
        },
        "status" : "passed",
        "steps" : [ ],
        "attachments" : [ ],
        "parameters" : [ ],
        "stepsCount" : 0,
        "attachmentsCount" : 0,
        "shouldDisplayMessage" : false,
        "hasContent" : false
      } ],
      "attachments" : [ ],
      "parameters" : [ ],
      "stepsCount" : 1,
      "attachmentsCount" : 0,
      "shouldDisplayMessage" : true,
      "hasContent" : true
    } ],
    "attachments" : [ ],
    "parameters" : [ ],
    "stepsCount" : 2,
    "attachmentsCount" : 0,
    "shouldDisplayMessage" : true,
    "hasContent" : true
  },
  "afterStages" : [ {
    "name" : "driver::0",
    "time" : {
      "start" : 1750504911361,
      "stop" : 1750504911427,
      "duration" : 66
    },
    "status" : "passed",
    "steps" : [ ],
    "attachments" : [ ],
    "parameters" : [ ],
    "stepsCount" : 0,
    "attachmentsCount" : 0,
    "shouldDisplayMessage" : false,
    "hasContent" : false
  } ],
  "labels" : [ {
    "name" : "suite",
    "value" : "Речевые упражнения."
  }, {
    "name" : "epic",
    "value" : "Speech exercises."
  }, {
    "name" : "tag",
    "value" : "@pytest.mark.xfail"
  }, {
    "name" : "parentSuite",
    "value" : "tests"
  }, {
    "name" : "subSuite",
    "value" : "TestCardsRU"
  }, {
    "name" : "host",
    "value" : "pkrvmxyh4eaekms"
  }, {
    "name" : "thread",
    "value" : "2554-MainThread"
  }, {
    "name" : "framework",
    "value" : "pytest"
  }, {
    "name" : "language",
    "value" : "cpython3"
  }, {
    "name" : "package",
    "value" : "tests.test_speech_exercises_ru"
  }, {
    "name" : "resultFormat",
    "value" : "allure2"
  } ],
  "parameters" : [ ],
  "links" : [ ],
  "hidden" : false,
  "retry" : false,
  "extra" : {
    "severity" : "normal",
    "retries" : [ ],
    "categories" : [ ],
    "history" : {
      "statistic" : {
        "failed" : 0,
        "broken" : 0,
        "skipped" : 130,
        "passed" : 97,
        "unknown" : 0,
        "total" : 227
      },
      "items" : [ {
        "uid" : "9527ba50c1dd2432",
        "reportUrl" : "https://Brain-up.github.io/auto-tests-python/402//#testresult/9527ba50c1dd2432",
        "status" : "skipped",
        "statusDetails" : "XFAIL\n\nselenium.common.exceptions.TimeoutException: Message: Can't find element by locator ('xpath', '//a[text()=\"Упражнения\"]')\nStacktrace:\n#0 0x55e247f8829a <unknown>\n#1 0x55e2479f4040 <unknown>\n#2 0x55e247a45990 <unknown>\n#3 0x55e247a45b81 <unknown>\n#4 0x55e247a94664 <unknown>\n#5 0x55e247a6b6bd <unknown>\n#6 0x55e247a91ace <unknown>\n#7 0x55e247a6b463 <unknown>\n#8 0x55e247a37c55 <unknown>\n#9 0x55e247a388c1 <unknown>\n#10 0x55e247f4d1bb <unknown>\n#11 0x55e247f510c9 <unknown>\n#12 0x55e247f35a39 <unknown>\n#13 0x55e247f51c78 <unknown>\n#14 0x55e247f1a6bf <unknown>\n#15 0x55e247f75948 <unknown>\n#16 0x55e247f75b26 <unknown>\n#17 0x55e247f87176 <unknown>\n#18 0x7f071ec9caa4 <unknown>\n#19 0x7f071ed29c3c <unknown>",
        "time" : {
          "start" : 1750469321625,
          "stop" : 1750469341707,
          "duration" : 20082
        }
      }, {
        "uid" : "a4297a0ef6007a88",
        "reportUrl" : "https://Brain-up.github.io/auto-tests-python/604//#testresult/a4297a0ef6007a88",
        "status" : "skipped",
        "statusDetails" : "XFAIL\n\nselenium.common.exceptions.TimeoutException: Message: Can't find element by locator ('xpath', '//a[text()=\"Упражнения\"]')\nStacktrace:\n#0 0x561a2d3db29a <unknown>\n#1 0x561a2ce47040 <unknown>\n#2 0x561a2ce98990 <unknown>\n#3 0x561a2ce98b81 <unknown>\n#4 0x561a2cee7664 <unknown>\n#5 0x561a2cebe6bd <unknown>\n#6 0x561a2cee4ace <unknown>\n#7 0x561a2cebe463 <unknown>\n#8 0x561a2ce8ac55 <unknown>\n#9 0x561a2ce8b8c1 <unknown>\n#10 0x561a2d3a01bb <unknown>\n#11 0x561a2d3a40c9 <unknown>\n#12 0x561a2d388a39 <unknown>\n#13 0x561a2d3a4c78 <unknown>\n#14 0x561a2d36d6bf <unknown>\n#15 0x561a2d3c8948 <unknown>\n#16 0x561a2d3c8b26 <unknown>\n#17 0x561a2d3da176 <unknown>\n#18 0x7f979529caa4 <unknown>\n#19 0x7f9795329c3c <unknown>",
        "time" : {
          "start" : 1750412341221,
          "stop" : 1750412361298,
          "duration" : 20077
        }
      }, {
        "uid" : "f0168d526b7cbf6c",
        "reportUrl" : "https://Brain-up.github.io/auto-tests-python/401//#testresult/f0168d526b7cbf6c",
        "status" : "skipped",
        "statusDetails" : "XFAIL\n\nselenium.common.exceptions.TimeoutException: Message: Can't find element by locator ('xpath', '//a[text()=\"Упражнения\"]')\nStacktrace:\n#0 0x55c556db729a <unknown>\n#1 0x55c556823040 <unknown>\n#2 0x55c556874990 <unknown>\n#3 0x55c556874b81 <unknown>\n#4 0x55c5568c3664 <unknown>\n#5 0x55c55689a6bd <unknown>\n#6 0x55c5568c0ace <unknown>\n#7 0x55c55689a463 <unknown>\n#8 0x55c556866c55 <unknown>\n#9 0x55c5568678c1 <unknown>\n#10 0x55c556d7c1bb <unknown>\n#11 0x55c556d800c9 <unknown>\n#12 0x55c556d64a39 <unknown>\n#13 0x55c556d80c78 <unknown>\n#14 0x55c556d496bf <unknown>\n#15 0x55c556da4948 <unknown>\n#16 0x55c556da4b26 <unknown>\n#17 0x55c556db6176 <unknown>\n#18 0x7f948a69caa4 <unknown>\n#19 0x7f948a729c3c <unknown>",
        "time" : {
          "start" : 1750383192815,
          "stop" : 1750383213400,
          "duration" : 20585
        }
      }, {
        "uid" : "ff7189a05c71a104",
        "reportUrl" : "https://Brain-up.github.io/auto-tests-python/603//#testresult/ff7189a05c71a104",
        "status" : "skipped",
        "statusDetails" : "XFAIL\n\nselenium.common.exceptions.TimeoutException: Message: Can't find element by locator ('xpath', '//a[text()=\"Упражнения\"]')\nStacktrace:\n#0 0x56102795229a <unknown>\n#1 0x5610273be040 <unknown>\n#2 0x56102740f990 <unknown>\n#3 0x56102740fb81 <unknown>\n#4 0x56102745e664 <unknown>\n#5 0x5610274356bd <unknown>\n#6 0x56102745bace <unknown>\n#7 0x561027435463 <unknown>\n#8 0x561027401c55 <unknown>\n#9 0x5610274028c1 <unknown>\n#10 0x5610279171bb <unknown>\n#11 0x56102791b0c9 <unknown>\n#12 0x5610278ffa39 <unknown>\n#13 0x56102791bc78 <unknown>\n#14 0x5610278e46bf <unknown>\n#15 0x56102793f948 <unknown>\n#16 0x56102793fb26 <unknown>\n#17 0x561027951176 <unknown>\n#18 0x7f0b7da9caa4 <unknown>\n#19 0x7f0b7db29c3c <unknown>",
        "time" : {
          "start" : 1750359769110,
          "stop" : 1750359789212,
          "duration" : 20102
        }
      }, {
        "uid" : "f9fdd3da4f796861",
        "reportUrl" : "https://Brain-up.github.io/auto-tests-python/400//#testresult/f9fdd3da4f796861",
        "status" : "skipped",
        "statusDetails" : "XFAIL\n\nselenium.common.exceptions.TimeoutException: Message: Can't find element by locator ('xpath', '//a[text()=\"Упражнения\"]')\nStacktrace:\n#0 0x5572bf43029a <unknown>\n#1 0x5572bee9c040 <unknown>\n#2 0x5572beeed990 <unknown>\n#3 0x5572beeedb81 <unknown>\n#4 0x5572bef3c664 <unknown>\n#5 0x5572bef136bd <unknown>\n#6 0x5572bef39ace <unknown>\n#7 0x5572bef13463 <unknown>\n#8 0x5572beedfc55 <unknown>\n#9 0x5572beee08c1 <unknown>\n#10 0x5572bf3f51bb <unknown>\n#11 0x5572bf3f90c9 <unknown>\n#12 0x5572bf3dda39 <unknown>\n#13 0x5572bf3f9c78 <unknown>\n#14 0x5572bf3c26bf <unknown>\n#15 0x5572bf41d948 <unknown>\n#16 0x5572bf41db26 <unknown>\n#17 0x5572bf42f176 <unknown>\n#18 0x7f3f6d09caa4 <unknown>\n#19 0x7f3f6d129c3c <unknown>",
        "time" : {
          "start" : 1750296848150,
          "stop" : 1750296868330,
          "duration" : 20180
        }
      }, {
        "uid" : "995ebe7e67ba099",
        "reportUrl" : "https://Brain-up.github.io/auto-tests-python/602//#testresult/995ebe7e67ba099",
        "status" : "passed",
        "statusDetails" : "XPASS",
        "time" : {
          "start" : 1750236209318,
          "stop" : 1750236331058,
          "duration" : 121740
        }
      }, {
        "uid" : "76f08686ee2be943",
        "reportUrl" : "https://Brain-up.github.io/auto-tests-python/399//#testresult/76f08686ee2be943",
        "status" : "skipped",
        "statusDetails" : "XFAIL\n\nselenium.common.exceptions.TimeoutException: Message: Can't find element by locator ('xpath', '//a[text()=\"Упражнения\"]')\nStacktrace:\n#0 0x556c77c2f29a <unknown>\n#1 0x556c7769b040 <unknown>\n#2 0x556c776ec990 <unknown>\n#3 0x556c776ecb81 <unknown>\n#4 0x556c7773b664 <unknown>\n#5 0x556c777126bd <unknown>\n#6 0x556c77738ace <unknown>\n#7 0x556c77712463 <unknown>\n#8 0x556c776dec55 <unknown>\n#9 0x556c776df8c1 <unknown>\n#10 0x556c77bf41bb <unknown>\n#11 0x556c77bf80c9 <unknown>\n#12 0x556c77bdca39 <unknown>\n#13 0x556c77bf8c78 <unknown>\n#14 0x556c77bc16bf <unknown>\n#15 0x556c77c1c948 <unknown>\n#16 0x556c77c1cb26 <unknown>\n#17 0x556c77c2e176 <unknown>\n#18 0x7f4a6789caa4 <unknown>\n#19 0x7f4a67929c3c <unknown>",
        "time" : {
          "start" : 1750210251259,
          "stop" : 1750210271337,
          "duration" : 20078
        }
      }, {
        "uid" : "9ad817329c7d02e9",
        "reportUrl" : "https://Brain-up.github.io/auto-tests-python/601//#testresult/9ad817329c7d02e9",
        "status" : "skipped",
        "statusDetails" : "XFAIL\n\nselenium.common.exceptions.TimeoutException: Message: Can't find element by locator ('xpath', '//a[text()=\"Упражнения\"]')\nStacktrace:\n#0 0x56349511229a <unknown>\n#1 0x563494b7e040 <unknown>\n#2 0x563494bcf990 <unknown>\n#3 0x563494bcfb81 <unknown>\n#4 0x563494c1e664 <unknown>\n#5 0x563494bf56bd <unknown>\n#6 0x563494c1bace <unknown>\n#7 0x563494bf5463 <unknown>\n#8 0x563494bc1c55 <unknown>\n#9 0x563494bc28c1 <unknown>\n#10 0x5634950d71bb <unknown>\n#11 0x5634950db0c9 <unknown>\n#12 0x5634950bfa39 <unknown>\n#13 0x5634950dbc78 <unknown>\n#14 0x5634950a46bf <unknown>\n#15 0x5634950ff948 <unknown>\n#16 0x5634950ffb26 <unknown>\n#17 0x563495111176 <unknown>\n#18 0x7f70df09caa4 <unknown>\n#19 0x7f70df129c3c <unknown>",
        "time" : {
          "start" : 1750183735817,
          "stop" : 1750183755961,
          "duration" : 20144
        }
      }, {
        "uid" : "3294dce758700553",
        "reportUrl" : "https://Brain-up.github.io/auto-tests-python/398//#testresult/3294dce758700553",
        "status" : "skipped",
        "statusDetails" : "XFAIL\n\nselenium.common.exceptions.TimeoutException: Message: Can't find element by locator ('xpath', '//a[text()=\"Упражнения\"]')\nStacktrace:\n#0 0x5561d673629a <unknown>\n#1 0x5561d61a2040 <unknown>\n#2 0x5561d61f3990 <unknown>\n#3 0x5561d61f3b81 <unknown>\n#4 0x5561d6242664 <unknown>\n#5 0x5561d62196bd <unknown>\n#6 0x5561d623face <unknown>\n#7 0x5561d6219463 <unknown>\n#8 0x5561d61e5c55 <unknown>\n#9 0x5561d61e68c1 <unknown>\n#10 0x5561d66fb1bb <unknown>\n#11 0x5561d66ff0c9 <unknown>\n#12 0x5561d66e3a39 <unknown>\n#13 0x5561d66ffc78 <unknown>\n#14 0x5561d66c86bf <unknown>\n#15 0x5561d6723948 <unknown>\n#16 0x5561d6723b26 <unknown>\n#17 0x5561d6735176 <unknown>\n#18 0x7f436149caa4 <unknown>\n#19 0x7f4361529c3c <unknown>",
        "time" : {
          "start" : 1750124111351,
          "stop" : 1750124131425,
          "duration" : 20074
        }
      }, {
        "uid" : "abd8bc9cb074bfec",
        "reportUrl" : "https://Brain-up.github.io/auto-tests-python/600//#testresult/abd8bc9cb074bfec",
        "status" : "skipped",
        "statusDetails" : "XFAIL\n\nselenium.common.exceptions.TimeoutException: Message: Can't find element by locator ('xpath', '//a[text()=\"Упражнения\"]')\nStacktrace:\n#0 0x55ae3693329a <unknown>\n#1 0x55ae3639f040 <unknown>\n#2 0x55ae363f0990 <unknown>\n#3 0x55ae363f0b81 <unknown>\n#4 0x55ae3643f664 <unknown>\n#5 0x55ae364166bd <unknown>\n#6 0x55ae3643cace <unknown>\n#7 0x55ae36416463 <unknown>\n#8 0x55ae363e2c55 <unknown>\n#9 0x55ae363e38c1 <unknown>\n#10 0x55ae368f81bb <unknown>\n#11 0x55ae368fc0c9 <unknown>\n#12 0x55ae368e0a39 <unknown>\n#13 0x55ae368fcc78 <unknown>\n#14 0x55ae368c56bf <unknown>\n#15 0x55ae36920948 <unknown>\n#16 0x55ae36920b26 <unknown>\n#17 0x55ae36932176 <unknown>\n#18 0x7fe58589caa4 <unknown>\n#19 0x7fe585929c3c <unknown>",
        "time" : {
          "start" : 1750066232397,
          "stop" : 1750066252552,
          "duration" : 20155
        }
      }, {
        "uid" : "fb8eb3ae5c8cd759",
        "reportUrl" : "https://Brain-up.github.io/auto-tests-python/397//#testresult/fb8eb3ae5c8cd759",
        "status" : "skipped",
        "statusDetails" : "XFAIL\n\nselenium.common.exceptions.TimeoutException: Message: Can't find element by locator ('xpath', '//a[text()=\"Упражнения\"]')\nStacktrace:\n#0 0x55f1c687d29a <unknown>\n#1 0x55f1c62e9040 <unknown>\n#2 0x55f1c633a990 <unknown>\n#3 0x55f1c633ab81 <unknown>\n#4 0x55f1c6389664 <unknown>\n#5 0x55f1c63606bd <unknown>\n#6 0x55f1c6386ace <unknown>\n#7 0x55f1c6360463 <unknown>\n#8 0x55f1c632cc55 <unknown>\n#9 0x55f1c632d8c1 <unknown>\n#10 0x55f1c68421bb <unknown>\n#11 0x55f1c68460c9 <unknown>\n#12 0x55f1c682aa39 <unknown>\n#13 0x55f1c6846c78 <unknown>\n#14 0x55f1c680f6bf <unknown>\n#15 0x55f1c686a948 <unknown>\n#16 0x55f1c686ab26 <unknown>\n#17 0x55f1c687c176 <unknown>\n#18 0x7f199149caa4 <unknown>\n#19 0x7f1991529c3c <unknown>",
        "time" : {
          "start" : 1750037582239,
          "stop" : 1750037602311,
          "duration" : 20072
        }
      }, {
        "uid" : "193083c160ed41b7",
        "reportUrl" : "https://Brain-up.github.io/auto-tests-python/599//#testresult/193083c160ed41b7",
        "status" : "skipped",
        "statusDetails" : "XFAIL\n\nselenium.common.exceptions.TimeoutException: Message: Can't find element by locator ('xpath', '//a[text()=\"Упражнения\"]')\nStacktrace:\n#0 0x55c58155529a <unknown>\n#1 0x55c580fc1040 <unknown>\n#2 0x55c581012990 <unknown>\n#3 0x55c581012b81 <unknown>\n#4 0x55c581061664 <unknown>\n#5 0x55c5810386bd <unknown>\n#6 0x55c58105eace <unknown>\n#7 0x55c581038463 <unknown>\n#8 0x55c581004c55 <unknown>\n#9 0x55c5810058c1 <unknown>\n#10 0x55c58151a1bb <unknown>\n#11 0x55c58151e0c9 <unknown>\n#12 0x55c581502a39 <unknown>\n#13 0x55c58151ec78 <unknown>\n#14 0x55c5814e76bf <unknown>\n#15 0x55c581542948 <unknown>\n#16 0x55c581542b26 <unknown>\n#17 0x55c581554176 <unknown>\n#18 0x7fb31729caa4 <unknown>\n#19 0x7fb317329c3c <unknown>",
        "time" : {
          "start" : 1749986073220,
          "stop" : 1749986093295,
          "duration" : 20075
        }
      }, {
        "uid" : "b90aff62ea3114f5",
        "reportUrl" : "https://Brain-up.github.io/auto-tests-python/396//#testresult/b90aff62ea3114f5",
        "status" : "skipped",
        "statusDetails" : "XFAIL\n\nselenium.common.exceptions.TimeoutException: Message: Can't find element by locator ('xpath', '//a[text()=\"Упражнения\"]')\nStacktrace:\n#0 0x55c8fabe429a <unknown>\n#1 0x55c8fa650040 <unknown>\n#2 0x55c8fa6a1990 <unknown>\n#3 0x55c8fa6a1b81 <unknown>\n#4 0x55c8fa6f0664 <unknown>\n#5 0x55c8fa6c76bd <unknown>\n#6 0x55c8fa6edace <unknown>\n#7 0x55c8fa6c7463 <unknown>\n#8 0x55c8fa693c55 <unknown>\n#9 0x55c8fa6948c1 <unknown>\n#10 0x55c8faba91bb <unknown>\n#11 0x55c8fabad0c9 <unknown>\n#12 0x55c8fab91a39 <unknown>\n#13 0x55c8fabadc78 <unknown>\n#14 0x55c8fab766bf <unknown>\n#15 0x55c8fabd1948 <unknown>\n#16 0x55c8fabd1b26 <unknown>\n#17 0x55c8fabe3176 <unknown>\n#18 0x7f736ee9caa4 <unknown>\n#19 0x7f736ef29c3c <unknown>",
        "time" : {
          "start" : 1749951576805,
          "stop" : 1749951596926,
          "duration" : 20121
        }
      }, {
        "uid" : "6a8e9736fed4dea3",
        "reportUrl" : "https://Brain-up.github.io/auto-tests-python/598//#testresult/6a8e9736fed4dea3",
        "status" : "skipped",
        "statusDetails" : "XFAIL\n\nselenium.common.exceptions.TimeoutException: Message: Can't find element by locator ('xpath', '//a[text()=\"Упражнения\"]')\nStacktrace:\n#0 0x559199f4429a <unknown>\n#1 0x5591999b0040 <unknown>\n#2 0x559199a01990 <unknown>\n#3 0x559199a01b81 <unknown>\n#4 0x559199a50664 <unknown>\n#5 0x559199a276bd <unknown>\n#6 0x559199a4dace <unknown>\n#7 0x559199a27463 <unknown>\n#8 0x5591999f3c55 <unknown>\n#9 0x5591999f48c1 <unknown>\n#10 0x559199f091bb <unknown>\n#11 0x559199f0d0c9 <unknown>\n#12 0x559199ef1a39 <unknown>\n#13 0x559199f0dc78 <unknown>\n#14 0x559199ed66bf <unknown>\n#15 0x559199f31948 <unknown>\n#16 0x559199f31b26 <unknown>\n#17 0x559199f43176 <unknown>\n#18 0x7fbfdb49caa4 <unknown>\n#19 0x7fbfdb529c3c <unknown>",
        "time" : {
          "start" : 1749890423081,
          "stop" : 1749890443660,
          "duration" : 20579
        }
      }, {
        "uid" : "20ef87b9bbaa55eb",
        "reportUrl" : "https://Brain-up.github.io/auto-tests-python/395//#testresult/20ef87b9bbaa55eb",
        "status" : "skipped",
        "statusDetails" : "XFAIL\n\nselenium.common.exceptions.TimeoutException: Message: Can't find element by locator ('xpath', '//a[text()=\"Упражнения\"]')\nStacktrace:\n#0 0x5618a0e9229a <unknown>\n#1 0x5618a08fe040 <unknown>\n#2 0x5618a094f990 <unknown>\n#3 0x5618a094fb81 <unknown>\n#4 0x5618a099e664 <unknown>\n#5 0x5618a09756bd <unknown>\n#6 0x5618a099bace <unknown>\n#7 0x5618a0975463 <unknown>\n#8 0x5618a0941c55 <unknown>\n#9 0x5618a09428c1 <unknown>\n#10 0x5618a0e571bb <unknown>\n#11 0x5618a0e5b0c9 <unknown>\n#12 0x5618a0e3fa39 <unknown>\n#13 0x5618a0e5bc78 <unknown>\n#14 0x5618a0e246bf <unknown>\n#15 0x5618a0e7f948 <unknown>\n#16 0x5618a0e7fb26 <unknown>\n#17 0x5618a0e91176 <unknown>\n#18 0x7f804189caa4 <unknown>\n#19 0x7f8041929c3c <unknown>",
        "time" : {
          "start" : 1749864903136,
          "stop" : 1749864923235,
          "duration" : 20099
        }
      }, {
        "uid" : "cdce5b0e3db0619f",
        "reportUrl" : "https://Brain-up.github.io/auto-tests-python/597//#testresult/cdce5b0e3db0619f",
        "status" : "passed",
        "statusDetails" : "XPASS",
        "time" : {
          "start" : 1749816093648,
          "stop" : 1749816143730,
          "duration" : 50082
        }
      }, {
        "uid" : "b8eb0386e0973def",
        "reportUrl" : "https://Brain-up.github.io/auto-tests-python/394//#testresult/b8eb0386e0973def",
        "status" : "skipped",
        "statusDetails" : "XFAIL\n\nselenium.common.exceptions.TimeoutException: Message: Can't find element by locator ('xpath', '//a[text()=\"Упражнения\"]')\nStacktrace:\n#0 0x562bad59829a <unknown>\n#1 0x562bad004040 <unknown>\n#2 0x562bad055990 <unknown>\n#3 0x562bad055b81 <unknown>\n#4 0x562bad0a4664 <unknown>\n#5 0x562bad07b6bd <unknown>\n#6 0x562bad0a1ace <unknown>\n#7 0x562bad07b463 <unknown>\n#8 0x562bad047c55 <unknown>\n#9 0x562bad0488c1 <unknown>\n#10 0x562bad55d1bb <unknown>\n#11 0x562bad5610c9 <unknown>\n#12 0x562bad545a39 <unknown>\n#13 0x562bad561c78 <unknown>\n#14 0x562bad52a6bf <unknown>\n#15 0x562bad585948 <unknown>\n#16 0x562bad585b26 <unknown>\n#17 0x562bad597176 <unknown>\n#18 0x7f5ef069caa4 <unknown>\n#19 0x7f5ef0729c3c <unknown>",
        "time" : {
          "start" : 1749778670203,
          "stop" : 1749778690302,
          "duration" : 20099
        }
      }, {
        "uid" : "eb4050d06ed3ae24",
        "reportUrl" : "https://Brain-up.github.io/auto-tests-python/596//#testresult/eb4050d06ed3ae24",
        "status" : "skipped",
        "statusDetails" : "XFAIL\n\nselenium.common.exceptions.TimeoutException: Message: Can't find element by locator ('xpath', '//a[text()=\"Упражнения\"]')\nStacktrace:\n#0 0x55697a14c29a <unknown>\n#1 0x556979bb8040 <unknown>\n#2 0x556979c09990 <unknown>\n#3 0x556979c09b81 <unknown>\n#4 0x556979c58664 <unknown>\n#5 0x556979c2f6bd <unknown>\n#6 0x556979c55ace <unknown>\n#7 0x556979c2f463 <unknown>\n#8 0x556979bfbc55 <unknown>\n#9 0x556979bfc8c1 <unknown>\n#10 0x55697a1111bb <unknown>\n#11 0x55697a1150c9 <unknown>\n#12 0x55697a0f9a39 <unknown>\n#13 0x55697a115c78 <unknown>\n#14 0x55697a0de6bf <unknown>\n#15 0x55697a139948 <unknown>\n#16 0x55697a139b26 <unknown>\n#17 0x55697a14b176 <unknown>\n#18 0x7f21f529caa4 <unknown>\n#19 0x7f21f5329c3c <unknown>",
        "time" : {
          "start" : 1749709834527,
          "stop" : 1749709854635,
          "duration" : 20108
        }
      }, {
        "uid" : "7ed126b517b9b807",
        "reportUrl" : "https://Brain-up.github.io/auto-tests-python/393//#testresult/7ed126b517b9b807",
        "status" : "skipped",
        "statusDetails" : "XFAIL\n\nselenium.common.exceptions.TimeoutException: Message: Can't find element by locator ('xpath', '//a[text()=\"Упражнения\"]')\nStacktrace:\n#0 0x55972280929a <unknown>\n#1 0x559722275040 <unknown>\n#2 0x5597222c6990 <unknown>\n#3 0x5597222c6b81 <unknown>\n#4 0x559722315664 <unknown>\n#5 0x5597222ec6bd <unknown>\n#6 0x559722312ace <unknown>\n#7 0x5597222ec463 <unknown>\n#8 0x5597222b8c55 <unknown>\n#9 0x5597222b98c1 <unknown>\n#10 0x5597227ce1bb <unknown>\n#11 0x5597227d20c9 <unknown>\n#12 0x5597227b6a39 <unknown>\n#13 0x5597227d2c78 <unknown>\n#14 0x55972279b6bf <unknown>\n#15 0x5597227f6948 <unknown>\n#16 0x5597227f6b26 <unknown>\n#17 0x559722808176 <unknown>\n#18 0x7fee20c9caa4 <unknown>\n#19 0x7fee20d29c3c <unknown>",
        "time" : {
          "start" : 1749691972929,
          "stop" : 1749691993024,
          "duration" : 20095
        }
      }, {
        "uid" : "fdb268e6bba826c6",
        "reportUrl" : "https://Brain-up.github.io/auto-tests-python/595//#testresult/fdb268e6bba826c6",
        "status" : "passed",
        "statusDetails" : "XPASS",
        "time" : {
          "start" : 1749666873057,
          "stop" : 1749666924580,
          "duration" : 51523
        }
      } ]
    },
    "tags" : [ "@pytest.mark.xfail" ]
  },
  "source" : "4fab00d569ab1332.json",
  "parameterValues" : [ ]
}