{
  "uid" : "576105f7333cfc52",
  "name" : "Solutions to a random task in the \"Слова Королёвой\" .",
  "fullName" : "tests.test_speech_exercises_ru.TestCardsRU#test_solve_koroleva_cards_ru",
  "historyId" : "c9fe4fbd9394e2fb5a6898be66ba433b",
  "time" : {
    "start" : 1723669026144,
    "stop" : 1723669026144,
    "duration" : 0
  },
  "status" : "skipped",
  "statusMessage" : "XFAIL\n\nselenium.common.exceptions.TimeoutException: Message: Can't find element by locator https://brainup.site/groups",
  "statusTrace" : "self = <pages.base_page.BasePage object at 0x7f681a171700>\nurl = 'https://brainup.site/groups'\n\n    def check_expected_link(self, url):\n        with allure.step(f'Check url is present: {url}'):\n            try:\n>               return Wait(self.driver, self.timeout).until(\n                    ec.url_to_be(url), message=f\"Can't find element by locator {url}\")\n\npages/base_page.py:77: \n_ _ _ _ _ _ _ _ _ _ _ _ _ _ _ _ _ _ _ _ _ _ _ _ _ _ _ _ _ _ _ _ _ _ _ _ _ _ _ _ \n\nself = <selenium.webdriver.support.wait.WebDriverWait (session=\"336243d4369bc2fb83416150f4fb2126\")>\nmethod = <function url_to_be.<locals>._predicate at 0x7f681a36e340>\nmessage = \"Can't find element by locator https://brainup.site/groups\"\n\n    def until(self, method, message: str = \"\"):\n        \"\"\"Calls the method provided with the driver as an argument until the \\\n        return value does not evaluate to ``False``.\n    \n        :param method: callable(WebDriver)\n        :param message: optional message for :exc:`TimeoutException`\n        :returns: the result of the last call to `method`\n        :raises: :exc:`selenium.common.exceptions.TimeoutException` if timeout occurs\n        \"\"\"\n        screen = None\n        stacktrace = None\n    \n        end_time = time.monotonic() + self._timeout\n        while True:\n            try:\n                value = method(self._driver)\n                if value:\n                    return value\n            except self._ignored_exceptions as exc:\n                screen = getattr(exc, \"screen\", None)\n                stacktrace = getattr(exc, \"stacktrace\", None)\n            time.sleep(self._poll)\n            if time.monotonic() > end_time:\n                break\n>       raise TimeoutException(message, screen, stacktrace)\nE       selenium.common.exceptions.TimeoutException: Message: Can't find element by locator https://brainup.site/groups\n\n/opt/hostedtoolcache/Python/3.12.4/x64/lib/python3.12/site-packages/selenium/webdriver/support/wait.py:95: TimeoutException\n\nDuring handling of the above exception, another exception occurred:\n\ndriver = <selenium.webdriver.chrome.webdriver.WebDriver (session=\"336243d4369bc2fb83416150f4fb2126\")>\nmain_page_open = None\n\n    @pytest.fixture()\n    @allure.step('DEFAULT user authorized')\n    def default_user_authorized(driver, main_page_open):\n        page = BasePage(driver)\n        page.element_is_present_and_clickable(MainPageLocators.LOGIN_BUTTON).click()\n        page.element_is_visible(LoginPageLocators.INPUT_LOGIN).send_keys(os.environ[\"DEFAULT_LOGIN\"])\n        page.element_is_visible(LoginPageLocators.INPUT_PASSWORD).send_keys(os.environ[\"PASSWORD\"])\n        page.element_is_present_and_clickable(LoginPageLocators.SIGN_IN_BUTTON).click()\n>       page.check_expected_link(MainPageLinks.URL_GROUPS_PAGE)\n\ntests/conftest.py:94: \n_ _ _ _ _ _ _ _ _ _ _ _ _ _ _ _ _ _ _ _ _ _ _ _ _ _ _ _ _ _ _ _ _ _ _ _ _ _ _ _ \npages/base_page.py:81: in check_expected_link\n    return Wait(self.driver, self.timeout).until(\n_ _ _ _ _ _ _ _ _ _ _ _ _ _ _ _ _ _ _ _ _ _ _ _ _ _ _ _ _ _ _ _ _ _ _ _ _ _ _ _ \n\nself = <selenium.webdriver.support.wait.WebDriverWait (session=\"336243d4369bc2fb83416150f4fb2126\")>\nmethod = <function url_to_be.<locals>._predicate at 0x7f681a36cea0>\nmessage = \"Can't find element by locator https://brainup.site/groups\"\n\n    def until(self, method, message: str = \"\"):\n        \"\"\"Calls the method provided with the driver as an argument until the \\\n        return value does not evaluate to ``False``.\n    \n        :param method: callable(WebDriver)\n        :param message: optional message for :exc:`TimeoutException`\n        :returns: the result of the last call to `method`\n        :raises: :exc:`selenium.common.exceptions.TimeoutException` if timeout occurs\n        \"\"\"\n        screen = None\n        stacktrace = None\n    \n        end_time = time.monotonic() + self._timeout\n        while True:\n            try:\n                value = method(self._driver)\n                if value:\n                    return value\n            except self._ignored_exceptions as exc:\n                screen = getattr(exc, \"screen\", None)\n                stacktrace = getattr(exc, \"stacktrace\", None)\n            time.sleep(self._poll)\n            if time.monotonic() > end_time:\n                break\n>       raise TimeoutException(message, screen, stacktrace)\nE       selenium.common.exceptions.TimeoutException: Message: Can't find element by locator https://brainup.site/groups\n\n/opt/hostedtoolcache/Python/3.12.4/x64/lib/python3.12/site-packages/selenium/webdriver/support/wait.py:95: TimeoutException",
  "flaky" : false,
  "newFailed" : false,
  "beforeStages" : [ {
    "name" : "driver",
    "time" : {
      "start" : 1723669026144,
      "stop" : 1723669026841,
      "duration" : 697
    },
    "status" : "passed",
    "steps" : [ ],
    "attachments" : [ ],
    "parameters" : [ ],
    "stepsCount" : 0,
    "attachmentsCount" : 0,
    "shouldDisplayMessage" : false,
    "hasContent" : false
  }, {
    "name" : "clear_allure_results_folder",
    "time" : {
      "start" : 1723668139903,
      "stop" : 1723668139903,
      "duration" : 0
    },
    "status" : "passed",
    "steps" : [ ],
    "attachments" : [ ],
    "parameters" : [ ],
    "stepsCount" : 0,
    "attachmentsCount" : 0,
    "shouldDisplayMessage" : false,
    "hasContent" : false
  }, {
    "name" : "main_page_open",
    "time" : {
      "start" : 1723669026841,
      "stop" : 1723669029476,
      "duration" : 2635
    },
    "status" : "passed",
    "steps" : [ {
      "name" : "Open page: https://brainup.site/",
      "time" : {
        "start" : 1723669026841,
        "stop" : 1723669029476,
        "duration" : 2635
      },
      "status" : "passed",
      "steps" : [ ],
      "attachments" : [ ],
      "parameters" : [ {
        "name" : "driver",
        "value" : "<selenium.webdriver.chrome.webdriver.WebDriver (session=\"336243d4369bc2fb83416150f4fb2126\")>"
      } ],
      "stepsCount" : 0,
      "attachmentsCount" : 0,
      "shouldDisplayMessage" : false,
      "hasContent" : true
    } ],
    "attachments" : [ ],
    "parameters" : [ ],
    "stepsCount" : 1,
    "attachmentsCount" : 0,
    "shouldDisplayMessage" : false,
    "hasContent" : true
  }, {
    "name" : "default_user_authorized",
    "time" : {
      "start" : 1723669029476,
      "stop" : 1723669070100,
      "duration" : 40624
    },
    "status" : "broken",
    "statusMessage" : "selenium.common.exceptions.TimeoutException: Message: Can't find element by locator https://brainup.site/groups\n\n",
    "statusTrace" : "  File \"/opt/hostedtoolcache/Python/3.12.4/x64/lib/python3.12/site-packages/pluggy/_callers.py\", line 103, in _multicall\n    res = hook_impl.function(*args)\n          ^^^^^^^^^^^^^^^^^^^^^^^^^\n  File \"/opt/hostedtoolcache/Python/3.12.4/x64/lib/python3.12/site-packages/_pytest/fixtures.py\", line 1123, in pytest_fixture_setup\n    result = call_fixture_func(fixturefunc, request, kwargs)\n             ^^^^^^^^^^^^^^^^^^^^^^^^^^^^^^^^^^^^^^^^^^^^^^^\n  File \"/opt/hostedtoolcache/Python/3.12.4/x64/lib/python3.12/site-packages/_pytest/fixtures.py\", line 902, in call_fixture_func\n    fixture_result = fixturefunc(**kwargs)\n                     ^^^^^^^^^^^^^^^^^^^^^\n  File \"/opt/hostedtoolcache/Python/3.12.4/x64/lib/python3.12/site-packages/allure_commons/_allure.py\", line 192, in impl\n    return func(*a, **kw)\n           ^^^^^^^^^^^^^^\n  File \"/home/runner/work/auto-tests-python/auto-tests-python/tests/conftest.py\", line 94, in default_user_authorized\n    page.check_expected_link(MainPageLinks.URL_GROUPS_PAGE)\n  File \"/home/runner/work/auto-tests-python/auto-tests-python/pages/base_page.py\", line 81, in check_expected_link\n    return Wait(self.driver, self.timeout).until(\n           ^^^^^^^^^^^^^^^^^^^^^^^^^^^^^^^^^^^^^^\n  File \"/opt/hostedtoolcache/Python/3.12.4/x64/lib/python3.12/site-packages/selenium/webdriver/support/wait.py\", line 95, in until\n    raise TimeoutException(message, screen, stacktrace)\n",
    "steps" : [ {
      "name" : "DEFAULT user authorized",
      "time" : {
        "start" : 1723669029476,
        "stop" : 1723669070099,
        "duration" : 40623
      },
      "status" : "broken",
      "statusMessage" : "selenium.common.exceptions.TimeoutException: Message: Can't find element by locator https://brainup.site/groups\n\n",
      "statusTrace" : "  File \"/opt/hostedtoolcache/Python/3.12.4/x64/lib/python3.12/site-packages/allure_commons/_allure.py\", line 192, in impl\n    return func(*a, **kw)\n           ^^^^^^^^^^^^^^\n  File \"/home/runner/work/auto-tests-python/auto-tests-python/tests/conftest.py\", line 94, in default_user_authorized\n    page.check_expected_link(MainPageLinks.URL_GROUPS_PAGE)\n  File \"/home/runner/work/auto-tests-python/auto-tests-python/pages/base_page.py\", line 81, in check_expected_link\n    return Wait(self.driver, self.timeout).until(\n           ^^^^^^^^^^^^^^^^^^^^^^^^^^^^^^^^^^^^^^\n  File \"/opt/hostedtoolcache/Python/3.12.4/x64/lib/python3.12/site-packages/selenium/webdriver/support/wait.py\", line 95, in until\n    raise TimeoutException(message, screen, stacktrace)\n",
      "steps" : [ {
        "name" : "Check element is visible and clickable: ('xpath', '//a[@id=\"ember11\"]')",
        "time" : {
          "start" : 1723669029476,
          "stop" : 1723669029517,
          "duration" : 41
        },
        "status" : "passed",
        "steps" : [ {
          "name" : "Check element is clickable",
          "time" : {
            "start" : 1723669029496,
            "stop" : 1723669029517,
            "duration" : 21
          },
          "status" : "passed",
          "steps" : [ {
            "name" : "Check element is clickable: ('xpath', '//a[@id=\"ember11\"]')",
            "time" : {
              "start" : 1723669029496,
              "stop" : 1723669029517,
              "duration" : 21
            },
            "status" : "passed",
            "steps" : [ ],
            "attachments" : [ ],
            "parameters" : [ ],
            "stepsCount" : 0,
            "attachmentsCount" : 0,
            "shouldDisplayMessage" : false,
            "hasContent" : false
          } ],
          "attachments" : [ ],
          "parameters" : [ {
            "name" : "locator",
            "value" : "('xpath', '//a[@id=\"ember11\"]')"
          } ],
          "stepsCount" : 1,
          "attachmentsCount" : 0,
          "shouldDisplayMessage" : false,
          "hasContent" : true
        } ],
        "attachments" : [ ],
        "parameters" : [ ],
        "stepsCount" : 2,
        "attachmentsCount" : 0,
        "shouldDisplayMessage" : false,
        "hasContent" : true
      }, {
        "name" : "Check element is visible: ('xpath', '//input[@id=\"login\"]')",
        "time" : {
          "start" : 1723669029570,
          "stop" : 1723669029599,
          "duration" : 29
        },
        "status" : "passed",
        "steps" : [ {
          "name" : "Check element is present: ('xpath', '//input[@id=\"login\"]')",
          "time" : {
            "start" : 1723669029570,
            "stop" : 1723669029582,
            "duration" : 12
          },
          "status" : "passed",
          "steps" : [ ],
          "attachments" : [ ],
          "parameters" : [ ],
          "stepsCount" : 0,
          "attachmentsCount" : 0,
          "shouldDisplayMessage" : false,
          "hasContent" : false
        }, {
          "name" : "Go to element: <selenium.webdriver.remote.webelement.WebElement (session=\"336243d4369bc2fb83416150f4fb2126\", element=\"f.DD59D19A08D88A90BDC8497C889EBD75.d.96B4446AACAF8D80B451D18ED9971352.e.27\")>",
          "time" : {
            "start" : 1723669029582,
            "stop" : 1723669029586,
            "duration" : 4
          },
          "status" : "passed",
          "steps" : [ ],
          "attachments" : [ ],
          "parameters" : [ ],
          "stepsCount" : 0,
          "attachmentsCount" : 0,
          "shouldDisplayMessage" : false,
          "hasContent" : false
        } ],
        "attachments" : [ ],
        "parameters" : [ ],
        "stepsCount" : 2,
        "attachmentsCount" : 0,
        "shouldDisplayMessage" : false,
        "hasContent" : true
      }, {
        "name" : "Check element is visible: ('xpath', '//input[@id=\"password\"]')",
        "time" : {
          "start" : 1723669029656,
          "stop" : 1723669029685,
          "duration" : 29
        },
        "status" : "passed",
        "steps" : [ {
          "name" : "Check element is present: ('xpath', '//input[@id=\"password\"]')",
          "time" : {
            "start" : 1723669029656,
            "stop" : 1723669029666,
            "duration" : 10
          },
          "status" : "passed",
          "steps" : [ ],
          "attachments" : [ ],
          "parameters" : [ ],
          "stepsCount" : 0,
          "attachmentsCount" : 0,
          "shouldDisplayMessage" : false,
          "hasContent" : false
        }, {
          "name" : "Go to element: <selenium.webdriver.remote.webelement.WebElement (session=\"336243d4369bc2fb83416150f4fb2126\", element=\"f.DD59D19A08D88A90BDC8497C889EBD75.d.96B4446AACAF8D80B451D18ED9971352.e.30\")>",
          "time" : {
            "start" : 1723669029666,
            "stop" : 1723669029673,
            "duration" : 7
          },
          "status" : "passed",
          "steps" : [ ],
          "attachments" : [ ],
          "parameters" : [ ],
          "stepsCount" : 0,
          "attachmentsCount" : 0,
          "shouldDisplayMessage" : false,
          "hasContent" : false
        } ],
        "attachments" : [ ],
        "parameters" : [ ],
        "stepsCount" : 2,
        "attachmentsCount" : 0,
        "shouldDisplayMessage" : false,
        "hasContent" : true
      }, {
        "name" : "Check element is visible and clickable: ('xpath', '//*[@type=\"submit\"]')",
        "time" : {
          "start" : 1723669029728,
          "stop" : 1723669029760,
          "duration" : 32
        },
        "status" : "passed",
        "steps" : [ {
          "name" : "Check element is clickable",
          "time" : {
            "start" : 1723669029743,
            "stop" : 1723669029760,
            "duration" : 17
          },
          "status" : "passed",
          "steps" : [ {
            "name" : "Check element is clickable: ('xpath', '//*[@type=\"submit\"]')",
            "time" : {
              "start" : 1723669029743,
              "stop" : 1723669029760,
              "duration" : 17
            },
            "status" : "passed",
            "steps" : [ ],
            "attachments" : [ ],
            "parameters" : [ ],
            "stepsCount" : 0,
            "attachmentsCount" : 0,
            "shouldDisplayMessage" : false,
            "hasContent" : false
          } ],
          "attachments" : [ ],
          "parameters" : [ {
            "name" : "locator",
            "value" : "('xpath', '//*[@type=\"submit\"]')"
          } ],
          "stepsCount" : 1,
          "attachmentsCount" : 0,
          "shouldDisplayMessage" : false,
          "hasContent" : true
        } ],
        "attachments" : [ ],
        "parameters" : [ ],
        "stepsCount" : 2,
        "attachmentsCount" : 0,
        "shouldDisplayMessage" : false,
        "hasContent" : true
      }, {
        "name" : "Check url is present: https://brainup.site/groups",
        "time" : {
          "start" : 1723669029814,
          "stop" : 1723669070099,
          "duration" : 40285
        },
        "status" : "broken",
        "statusMessage" : "selenium.common.exceptions.TimeoutException: Message: Can't find element by locator https://brainup.site/groups\n\n",
        "statusTrace" : "  File \"/home/runner/work/auto-tests-python/auto-tests-python/pages/base_page.py\", line 81, in check_expected_link\n    return Wait(self.driver, self.timeout).until(\n           ^^^^^^^^^^^^^^^^^^^^^^^^^^^^^^^^^^^^^^\n  File \"/opt/hostedtoolcache/Python/3.12.4/x64/lib/python3.12/site-packages/selenium/webdriver/support/wait.py\", line 95, in until\n    raise TimeoutException(message, screen, stacktrace)\n",
        "steps" : [ ],
        "attachments" : [ ],
        "parameters" : [ ],
        "stepsCount" : 0,
        "attachmentsCount" : 0,
        "shouldDisplayMessage" : true,
        "hasContent" : true
      } ],
      "attachments" : [ ],
      "parameters" : [ {
        "name" : "driver",
        "value" : "<selenium.webdriver.chrome.webdriver.WebDriver (session=\"336243d4369bc2fb83416150f4fb2126\")>"
      }, {
        "name" : "main_page_open",
        "value" : "None"
      } ],
      "stepsCount" : 13,
      "attachmentsCount" : 0,
      "shouldDisplayMessage" : false,
      "hasContent" : true
    } ],
    "attachments" : [ ],
    "parameters" : [ ],
    "stepsCount" : 14,
    "attachmentsCount" : 0,
    "shouldDisplayMessage" : false,
    "hasContent" : true
  } ],
  "afterStages" : [ {
    "name" : "driver::0",
    "time" : {
      "start" : 1723669070117,
      "stop" : 1723669070273,
      "duration" : 156
    },
    "status" : "passed",
    "steps" : [ ],
    "attachments" : [ {
      "uid" : "966f1d2847a6cc6b",
      "name" : "Screenshot 2024-08-14 20:57:50.211065",
      "source" : "966f1d2847a6cc6b.png",
      "type" : "image/png",
      "size" : 50262
    } ],
    "parameters" : [ ],
    "stepsCount" : 0,
    "attachmentsCount" : 1,
    "shouldDisplayMessage" : false,
    "hasContent" : true
  } ],
  "labels" : [ {
    "name" : "epic",
    "value" : "Speech exercises."
  }, {
    "name" : "suite",
    "value" : "Речевые упражнения."
  }, {
    "name" : "tag",
    "value" : "@pytest.mark.xfail"
  }, {
    "name" : "parentSuite",
    "value" : "tests"
  }, {
    "name" : "subSuite",
    "value" : "TestCardsRU"
  }, {
    "name" : "host",
    "value" : "fv-az1759-604"
  }, {
    "name" : "thread",
    "value" : "2284-MainThread"
  }, {
    "name" : "framework",
    "value" : "pytest"
  }, {
    "name" : "language",
    "value" : "cpython3"
  }, {
    "name" : "package",
    "value" : "tests.test_speech_exercises_ru"
  }, {
    "name" : "resultFormat",
    "value" : "allure2"
  } ],
  "parameters" : [ ],
  "links" : [ ],
  "hidden" : false,
  "retry" : false,
  "extra" : {
    "severity" : "normal",
    "retries" : [ ],
    "categories" : [ ],
    "history" : {
      "statistic" : {
        "failed" : 0,
        "broken" : 0,
        "skipped" : 64,
        "passed" : 232,
        "unknown" : 0,
        "total" : 296
      },
      "items" : [ {
        "uid" : "9d64e041f8311729",
        "reportUrl" : "https://Brain-up.github.io/auto-tests-python/195//#testresult/9d64e041f8311729",
        "status" : "passed",
        "statusDetails" : "XPASS",
        "time" : {
          "start" : 1723667727023,
          "stop" : 1723667770272,
          "duration" : 43249
        }
      }, {
        "uid" : "6649b00117b64790",
        "reportUrl" : "https://Brain-up.github.io/auto-tests-python/91//#testresult/6649b00117b64790",
        "status" : "skipped",
        "statusDetails" : "XFAIL\n\nselenium.common.exceptions.TimeoutException: Message: Can't find element by locator ('xpath', '//a[@id=\"ember11\"]')\nStacktrace:\n#0 0x56490a8c771a <unknown>\n#1 0x56490a598640 <unknown>\n#2 0x56490a5e7c0b <unknown>\n#3 0x56490a5e7ef1 <unknown>\n#4 0x56490a62bb64 <unknown>\n#5 0x56490a60a90d <unknown>\n#6 0x56490a62908a <unknown>\n#7 0x56490a60a683 <unknown>\n#8 0x56490a5dad71 <unknown>\n#9 0x56490a5db7de <unknown>\n#10 0x56490a88f2ab <unknown>\n#11 0x56490a893242 <unknown>\n#12 0x56490a87c665 <unknown>\n#13 0x56490a893dd2 <unknown>\n#14 0x56490a8612af <unknown>\n#15 0x56490a8b6eb8 <unknown>\n#16 0x56490a8b7090 <unknown>\n#17 0x56490a8c64ec <unknown>\n#18 0x7f1b3b694ac3 <unknown>",
        "time" : {
          "start" : 1723599017799,
          "stop" : 1723599017799,
          "duration" : 0
        }
      }, {
        "uid" : "e2b364b56ffcf61",
        "reportUrl" : "https://Brain-up.github.io/auto-tests-python/90//#testresult/e2b364b56ffcf61",
        "status" : "skipped",
        "statusDetails" : "XFAIL\n\nselenium.common.exceptions.TimeoutException: Message: Can't find element by locator ('xpath', '//a[@id=\"ember11\"]')\nStacktrace:\n#0 0x55d43b69971a <unknown>\n#1 0x55d43b36a640 <unknown>\n#2 0x55d43b3b9c0b <unknown>\n#3 0x55d43b3b9ef1 <unknown>\n#4 0x55d43b3fdb64 <unknown>\n#5 0x55d43b3dc90d <unknown>\n#6 0x55d43b3fb08a <unknown>\n#7 0x55d43b3dc683 <unknown>\n#8 0x55d43b3acd71 <unknown>\n#9 0x55d43b3ad7de <unknown>\n#10 0x55d43b6612ab <unknown>\n#11 0x55d43b665242 <unknown>\n#12 0x55d43b64e665 <unknown>\n#13 0x55d43b665dd2 <unknown>\n#14 0x55d43b6332af <unknown>\n#15 0x55d43b688eb8 <unknown>\n#16 0x55d43b689090 <unknown>\n#17 0x55d43b6984ec <unknown>\n#18 0x7f823d494ac3 <unknown>",
        "time" : {
          "start" : 1723512701722,
          "stop" : 1723512701722,
          "duration" : 0
        }
      }, {
        "uid" : "b4e6cf24b2545b2a",
        "reportUrl" : "https://Brain-up.github.io/auto-tests-python/194//#testresult/b4e6cf24b2545b2a",
        "status" : "passed",
        "statusDetails" : "XPASS",
        "time" : {
          "start" : 1723448116874,
          "stop" : 1723448143733,
          "duration" : 26859
        }
      }, {
        "uid" : "b0a3d22da0298854",
        "reportUrl" : "https://Brain-up.github.io/auto-tests-python/193//#testresult/b0a3d22da0298854",
        "status" : "passed",
        "statusDetails" : "XPASS",
        "time" : {
          "start" : 1723446587559,
          "stop" : 1723446627258,
          "duration" : 39699
        }
      }, {
        "uid" : "9b96a85753f09615",
        "reportUrl" : "https://Brain-up.github.io/auto-tests-python/89//#testresult/9b96a85753f09615",
        "status" : "passed",
        "statusDetails" : "XPASS",
        "time" : {
          "start" : 1723424852874,
          "stop" : 1723424877606,
          "duration" : 24732
        }
      }, {
        "uid" : "2f5d11503bcefae7",
        "reportUrl" : "https://Brain-up.github.io/auto-tests-python/192//#testresult/2f5d11503bcefae7",
        "status" : "passed",
        "statusDetails" : "XPASS",
        "time" : {
          "start" : 1723361821278,
          "stop" : 1723361845491,
          "duration" : 24213
        }
      }, {
        "uid" : "cf5786177ac663e9",
        "reportUrl" : "https://Brain-up.github.io/auto-tests-python/191//#testresult/cf5786177ac663e9",
        "status" : "passed",
        "statusDetails" : "XPASS",
        "time" : {
          "start" : 1723359854102,
          "stop" : 1723359977711,
          "duration" : 123609
        }
      }, {
        "uid" : "cb03efbf0040e305",
        "reportUrl" : "https://Brain-up.github.io/auto-tests-python/191//#testresult/cb03efbf0040e305",
        "status" : "passed",
        "statusDetails" : "XPASS",
        "time" : {
          "start" : 1723358227203,
          "stop" : 1723358413290,
          "duration" : 186087
        }
      }, {
        "uid" : "e4988fc68a1cbafb",
        "reportUrl" : "https://Brain-up.github.io/auto-tests-python/88//#testresult/e4988fc68a1cbafb",
        "status" : "passed",
        "statusDetails" : "XPASS",
        "time" : {
          "start" : 1723338380699,
          "stop" : 1723338404497,
          "duration" : 23798
        }
      }, {
        "uid" : "dbbd62391e424a0d",
        "reportUrl" : "https://Brain-up.github.io/auto-tests-python/190//#testresult/dbbd62391e424a0d",
        "status" : "passed",
        "statusDetails" : "XPASS",
        "time" : {
          "start" : 1723305091664,
          "stop" : 1723305115122,
          "duration" : 23458
        }
      }, {
        "uid" : "7069be72cc0aa6e2",
        "reportUrl" : "https://Brain-up.github.io/auto-tests-python/189//#testresult/7069be72cc0aa6e2",
        "status" : "passed",
        "statusDetails" : "XPASS",
        "time" : {
          "start" : 1723303557100,
          "stop" : 1723303580631,
          "duration" : 23531
        }
      }, {
        "uid" : "c99ea1555141783a",
        "reportUrl" : "https://Brain-up.github.io/auto-tests-python/87//#testresult/c99ea1555141783a",
        "status" : "passed",
        "statusDetails" : "XPASS",
        "time" : {
          "start" : 1723251859394,
          "stop" : 1723252089159,
          "duration" : 229765
        }
      }, {
        "uid" : "1e152c7176adecff",
        "reportUrl" : "https://Brain-up.github.io/auto-tests-python/188//#testresult/1e152c7176adecff",
        "status" : "skipped",
        "statusDetails" : "XFAIL\n\nselenium.common.exceptions.TimeoutException: Message: Can't find element by locator ('xpath', '//a[@title=\"Речевые упражнения\"]')\nStacktrace:\n#0 0x55656ff2171a <unknown>\n#1 0x55656fbf2640 <unknown>\n#2 0x55656fc41c0b <unknown>\n#3 0x55656fc41ef1 <unknown>\n#4 0x55656fc85b64 <unknown>\n#5 0x55656fc6490d <unknown>\n#6 0x55656fc8308a <unknown>\n#7 0x55656fc64683 <unknown>\n#8 0x55656fc34d71 <unknown>\n#9 0x55656fc357de <unknown>\n#10 0x55656fee92ab <unknown>\n#11 0x55656feed242 <unknown>\n#12 0x55656fed6665 <unknown>\n#13 0x55656feeddd2 <unknown>\n#14 0x55656febb2af <unknown>\n#15 0x55656ff10eb8 <unknown>\n#16 0x55656ff11090 <unknown>\n#17 0x55656ff204ec <unknown>\n#18 0x7f39cd294ac3 <unknown>",
        "time" : {
          "start" : 1723189026639,
          "stop" : 1723189046865,
          "duration" : 20226
        }
      }, {
        "uid" : "25a1dc8a1c412cba",
        "reportUrl" : "https://Brain-up.github.io/auto-tests-python/187//#testresult/25a1dc8a1c412cba",
        "status" : "passed",
        "statusDetails" : "XPASS",
        "time" : {
          "start" : 1723187692693,
          "stop" : 1723187728681,
          "duration" : 35988
        }
      }, {
        "uid" : "40a6684ee92f9687",
        "reportUrl" : "https://Brain-up.github.io/auto-tests-python/86//#testresult/40a6684ee92f9687",
        "status" : "passed",
        "statusDetails" : "XPASS",
        "time" : {
          "start" : 1723165442098,
          "stop" : 1723165562695,
          "duration" : 120597
        }
      }, {
        "uid" : "39241fb3855f9657",
        "reportUrl" : "https://Brain-up.github.io/auto-tests-python/186//#testresult/39241fb3855f9657",
        "status" : "passed",
        "statusDetails" : "XPASS",
        "time" : {
          "start" : 1723103721456,
          "stop" : 1723103951184,
          "duration" : 229728
        }
      }, {
        "uid" : "390fa332be4134f7",
        "reportUrl" : "https://Brain-up.github.io/auto-tests-python/185//#testresult/390fa332be4134f7",
        "status" : "passed",
        "statusDetails" : "XPASS",
        "time" : {
          "start" : 1723101928820,
          "stop" : 1723102166876,
          "duration" : 238056
        }
      }, {
        "uid" : "bca93cc914953592",
        "reportUrl" : "https://Brain-up.github.io/auto-tests-python/85//#testresult/bca93cc914953592",
        "status" : "passed",
        "statusDetails" : "XPASS",
        "time" : {
          "start" : 1723079249035,
          "stop" : 1723079274636,
          "duration" : 25601
        }
      }, {
        "uid" : "1f9d93ef0d5a9260",
        "reportUrl" : "https://Brain-up.github.io/auto-tests-python/184//#testresult/1f9d93ef0d5a9260",
        "status" : "passed",
        "statusDetails" : "XPASS",
        "time" : {
          "start" : 1723019961757,
          "stop" : 1723019985929,
          "duration" : 24172
        }
      } ]
    },
    "tags" : [ "@pytest.mark.xfail" ]
  },
  "source" : "576105f7333cfc52.json",
  "parameterValues" : [ ]
}