{
  "uid" : "b1d56c25dbb76aac",
  "name" : "Check progres-bar and buttons.",
  "fullName" : "tests.test_speech_exercises_en.TestCardsEN#test_progress_bar_is_present_en",
  "historyId" : "efb827312bdd34b296637645e49b0897",
  "time" : {
    "start" : 1732670224121,
    "stop" : 1732670244412,
    "duration" : 20291
  },
  "status" : "skipped",
  "statusMessage" : "XFAIL\n\nselenium.common.exceptions.TimeoutException: Message: Can't find element by locator ('xpath', '//button[@data-test-active-link=\"Words\"]')\nStacktrace:\n#0 0x55e9a3b7b31a <unknown>\n#1 0x55e9a36916e0 <unknown>\n#2 0x55e9a36e03e6 <unknown>\n#3 0x55e9a36e0681 <unknown>\n#4 0x55e9a3725b04 <unknown>\n#5 0x55e9a370448d <unknown>\n#6 0x55e9a3722ed7 <unknown>\n#7 0x55e9a3704203 <unknown>\n#8 0x55e9a36d2cc0 <unknown>\n#9 0x55e9a36d3c9e <unknown>\n#10 0x55e9a3b48d0b <unknown>\n#11 0x55e9a3b4cc92 <unknown>\n#12 0x55e9a3b35b3c <unknown>\n#13 0x55e9a3b4d807 <unknown>\n#14 0x55e9a3b1b0df <unknown>\n#15 0x55e9a3b6a578 <unknown>\n#16 0x55e9a3b6a740 <unknown>\n#17 0x55e9a3b7a196 <unknown>\n#18 0x7f7869494ac3 <unknown>",
  "statusTrace" : "self = <tests.test_speech_exercises_en.TestCardsEN object at 0x7fc0b7bea870>\ndriver = <selenium.webdriver.chrome.webdriver.WebDriver (session=\"a0f0e6fd25e3f7c8b7997b666b125b06\")>\nspecialist_user_authorized = None\n\n    @pytest.mark.xfail\n    @allure.suite(\"Speech exercises EN.\")\n    @allure.title('Check progres-bar and buttons.')\n    def test_progress_bar_is_present_en(self, driver, specialist_user_authorized):\n        page = SpeechExercisesPage(driver)\n>       page.select_group(SpeechExercisesPageLocators.WORDS_BUTTON_EN)\n\ntests/test_speech_exercises_en.py:34: \n_ _ _ _ _ _ _ _ _ _ _ _ _ _ _ _ _ _ _ _ _ _ _ _ _ _ _ _ _ _ _ _ _ _ _ _ _ _ _ _ \npages/speech_exercises_page_en.py:18: in select_group\n    text_of_the_button = self.element_is_present_and_clickable(selector_for_sub_group)\npages/base_page.py:32: in element_is_present_and_clickable\n    return (Wait(self.driver, self.timeout).until(\n_ _ _ _ _ _ _ _ _ _ _ _ _ _ _ _ _ _ _ _ _ _ _ _ _ _ _ _ _ _ _ _ _ _ _ _ _ _ _ _ \n\nself = <selenium.webdriver.support.wait.WebDriverWait (session=\"a0f0e6fd25e3f7c8b7997b666b125b06\")>\nmethod = <function visibility_of_element_located.<locals>._predicate at 0x7fc0b7c91440>\nmessage = 'Can\\'t find element by locator (\\'xpath\\', \\'//button[@data-test-active-link=\"Words\"]\\')'\n\n    def until(self, method, message: str = \"\"):\n        \"\"\"Calls the method provided with the driver as an argument until the \\\n        return value does not evaluate to ``False``.\n    \n        :param method: callable(WebDriver)\n        :param message: optional message for :exc:`TimeoutException`\n        :returns: the result of the last call to `method`\n        :raises: :exc:`selenium.common.exceptions.TimeoutException` if timeout occurs\n        \"\"\"\n        screen = None\n        stacktrace = None\n    \n        end_time = time.monotonic() + self._timeout\n        while True:\n            try:\n                value = method(self._driver)\n                if value:\n                    return value\n            except self._ignored_exceptions as exc:\n                screen = getattr(exc, \"screen\", None)\n                stacktrace = getattr(exc, \"stacktrace\", None)\n            time.sleep(self._poll)\n            if time.monotonic() > end_time:\n                break\n>       raise TimeoutException(message, screen, stacktrace)\nE       selenium.common.exceptions.TimeoutException: Message: Can't find element by locator ('xpath', '//button[@data-test-active-link=\"Words\"]')\nE       Stacktrace:\nE       #0 0x55e9a3b7b31a <unknown>\nE       #1 0x55e9a36916e0 <unknown>\nE       #2 0x55e9a36e03e6 <unknown>\nE       #3 0x55e9a36e0681 <unknown>\nE       #4 0x55e9a3725b04 <unknown>\nE       #5 0x55e9a370448d <unknown>\nE       #6 0x55e9a3722ed7 <unknown>\nE       #7 0x55e9a3704203 <unknown>\nE       #8 0x55e9a36d2cc0 <unknown>\nE       #9 0x55e9a36d3c9e <unknown>\nE       #10 0x55e9a3b48d0b <unknown>\nE       #11 0x55e9a3b4cc92 <unknown>\nE       #12 0x55e9a3b35b3c <unknown>\nE       #13 0x55e9a3b4d807 <unknown>\nE       #14 0x55e9a3b1b0df <unknown>\nE       #15 0x55e9a3b6a578 <unknown>\nE       #16 0x55e9a3b6a740 <unknown>\nE       #17 0x55e9a3b7a196 <unknown>\nE       #18 0x7f7869494ac3 <unknown>\n\n/opt/hostedtoolcache/Python/3.12.7/x64/lib/python3.12/site-packages/selenium/webdriver/support/wait.py:95: TimeoutException",
  "flaky" : false,
  "newFailed" : false,
  "beforeStages" : [ {
    "name" : "main_page_open",
    "time" : {
      "start" : 1732670215913,
      "stop" : 1732670218650,
      "duration" : 2737
    },
    "status" : "passed",
    "steps" : [ {
      "name" : "Open page: https://www.brainup.site/",
      "time" : {
        "start" : 1732670215913,
        "stop" : 1732670218650,
        "duration" : 2737
      },
      "status" : "passed",
      "steps" : [ ],
      "attachments" : [ ],
      "parameters" : [ {
        "name" : "driver",
        "value" : "<selenium.webdriver.chrome.webdriver.WebDriver (session=\"a0f0e6fd25e3f7c8b7997b666b125b06\")>"
      } ],
      "stepsCount" : 0,
      "attachmentsCount" : 0,
      "shouldDisplayMessage" : false,
      "hasContent" : true
    } ],
    "attachments" : [ ],
    "parameters" : [ ],
    "stepsCount" : 1,
    "attachmentsCount" : 0,
    "shouldDisplayMessage" : false,
    "hasContent" : true
  }, {
    "name" : "driver",
    "time" : {
      "start" : 1732670215142,
      "stop" : 1732670215913,
      "duration" : 771
    },
    "status" : "passed",
    "steps" : [ ],
    "attachments" : [ ],
    "parameters" : [ ],
    "stepsCount" : 0,
    "attachmentsCount" : 0,
    "shouldDisplayMessage" : false,
    "hasContent" : false
  }, {
    "name" : "clear_allure_results_folder",
    "time" : {
      "start" : 1732669195966,
      "stop" : 1732669195966,
      "duration" : 0
    },
    "status" : "passed",
    "steps" : [ ],
    "attachments" : [ ],
    "parameters" : [ ],
    "stepsCount" : 0,
    "attachmentsCount" : 0,
    "shouldDisplayMessage" : false,
    "hasContent" : false
  }, {
    "name" : "specialist_user_authorized",
    "time" : {
      "start" : 1732670218650,
      "stop" : 1732670224121,
      "duration" : 5471
    },
    "status" : "passed",
    "steps" : [ {
      "name" : "USER specialist authorized",
      "time" : {
        "start" : 1732670218650,
        "stop" : 1732670224121,
        "duration" : 5471
      },
      "status" : "passed",
      "steps" : [ {
        "name" : "Check url is present: https://www.brainup.site/groups",
        "time" : {
          "start" : 1732670219058,
          "stop" : 1732670224097,
          "duration" : 5039
        },
        "status" : "passed",
        "steps" : [ ],
        "attachments" : [ ],
        "parameters" : [ ],
        "stepsCount" : 0,
        "attachmentsCount" : 0,
        "shouldDisplayMessage" : false,
        "hasContent" : false
      }, {
        "name" : "Loader checking",
        "time" : {
          "start" : 1732670224097,
          "stop" : 1732670224121,
          "duration" : 24
        },
        "status" : "passed",
        "steps" : [ ],
        "attachments" : [ ],
        "parameters" : [ ],
        "stepsCount" : 0,
        "attachmentsCount" : 0,
        "shouldDisplayMessage" : false,
        "hasContent" : false
      } ],
      "attachments" : [ ],
      "parameters" : [ {
        "name" : "driver",
        "value" : "<selenium.webdriver.chrome.webdriver.WebDriver (session=\"a0f0e6fd25e3f7c8b7997b666b125b06\")>"
      }, {
        "name" : "main_page_open",
        "value" : "None"
      } ],
      "stepsCount" : 2,
      "attachmentsCount" : 0,
      "shouldDisplayMessage" : false,
      "hasContent" : true
    } ],
    "attachments" : [ ],
    "parameters" : [ ],
    "stepsCount" : 3,
    "attachmentsCount" : 0,
    "shouldDisplayMessage" : false,
    "hasContent" : true
  } ],
  "testStage" : {
    "status" : "skipped",
    "statusMessage" : "XFAIL\n\nselenium.common.exceptions.TimeoutException: Message: Can't find element by locator ('xpath', '//button[@data-test-active-link=\"Words\"]')\nStacktrace:\n#0 0x55e9a3b7b31a <unknown>\n#1 0x55e9a36916e0 <unknown>\n#2 0x55e9a36e03e6 <unknown>\n#3 0x55e9a36e0681 <unknown>\n#4 0x55e9a3725b04 <unknown>\n#5 0x55e9a370448d <unknown>\n#6 0x55e9a3722ed7 <unknown>\n#7 0x55e9a3704203 <unknown>\n#8 0x55e9a36d2cc0 <unknown>\n#9 0x55e9a36d3c9e <unknown>\n#10 0x55e9a3b48d0b <unknown>\n#11 0x55e9a3b4cc92 <unknown>\n#12 0x55e9a3b35b3c <unknown>\n#13 0x55e9a3b4d807 <unknown>\n#14 0x55e9a3b1b0df <unknown>\n#15 0x55e9a3b6a578 <unknown>\n#16 0x55e9a3b6a740 <unknown>\n#17 0x55e9a3b7a196 <unknown>\n#18 0x7f7869494ac3 <unknown>",
    "statusTrace" : "self = <tests.test_speech_exercises_en.TestCardsEN object at 0x7fc0b7bea870>\ndriver = <selenium.webdriver.chrome.webdriver.WebDriver (session=\"a0f0e6fd25e3f7c8b7997b666b125b06\")>\nspecialist_user_authorized = None\n\n    @pytest.mark.xfail\n    @allure.suite(\"Speech exercises EN.\")\n    @allure.title('Check progres-bar and buttons.')\n    def test_progress_bar_is_present_en(self, driver, specialist_user_authorized):\n        page = SpeechExercisesPage(driver)\n>       page.select_group(SpeechExercisesPageLocators.WORDS_BUTTON_EN)\n\ntests/test_speech_exercises_en.py:34: \n_ _ _ _ _ _ _ _ _ _ _ _ _ _ _ _ _ _ _ _ _ _ _ _ _ _ _ _ _ _ _ _ _ _ _ _ _ _ _ _ \npages/speech_exercises_page_en.py:18: in select_group\n    text_of_the_button = self.element_is_present_and_clickable(selector_for_sub_group)\npages/base_page.py:32: in element_is_present_and_clickable\n    return (Wait(self.driver, self.timeout).until(\n_ _ _ _ _ _ _ _ _ _ _ _ _ _ _ _ _ _ _ _ _ _ _ _ _ _ _ _ _ _ _ _ _ _ _ _ _ _ _ _ \n\nself = <selenium.webdriver.support.wait.WebDriverWait (session=\"a0f0e6fd25e3f7c8b7997b666b125b06\")>\nmethod = <function visibility_of_element_located.<locals>._predicate at 0x7fc0b7c91440>\nmessage = 'Can\\'t find element by locator (\\'xpath\\', \\'//button[@data-test-active-link=\"Words\"]\\')'\n\n    def until(self, method, message: str = \"\"):\n        \"\"\"Calls the method provided with the driver as an argument until the \\\n        return value does not evaluate to ``False``.\n    \n        :param method: callable(WebDriver)\n        :param message: optional message for :exc:`TimeoutException`\n        :returns: the result of the last call to `method`\n        :raises: :exc:`selenium.common.exceptions.TimeoutException` if timeout occurs\n        \"\"\"\n        screen = None\n        stacktrace = None\n    \n        end_time = time.monotonic() + self._timeout\n        while True:\n            try:\n                value = method(self._driver)\n                if value:\n                    return value\n            except self._ignored_exceptions as exc:\n                screen = getattr(exc, \"screen\", None)\n                stacktrace = getattr(exc, \"stacktrace\", None)\n            time.sleep(self._poll)\n            if time.monotonic() > end_time:\n                break\n>       raise TimeoutException(message, screen, stacktrace)\nE       selenium.common.exceptions.TimeoutException: Message: Can't find element by locator ('xpath', '//button[@data-test-active-link=\"Words\"]')\nE       Stacktrace:\nE       #0 0x55e9a3b7b31a <unknown>\nE       #1 0x55e9a36916e0 <unknown>\nE       #2 0x55e9a36e03e6 <unknown>\nE       #3 0x55e9a36e0681 <unknown>\nE       #4 0x55e9a3725b04 <unknown>\nE       #5 0x55e9a370448d <unknown>\nE       #6 0x55e9a3722ed7 <unknown>\nE       #7 0x55e9a3704203 <unknown>\nE       #8 0x55e9a36d2cc0 <unknown>\nE       #9 0x55e9a36d3c9e <unknown>\nE       #10 0x55e9a3b48d0b <unknown>\nE       #11 0x55e9a3b4cc92 <unknown>\nE       #12 0x55e9a3b35b3c <unknown>\nE       #13 0x55e9a3b4d807 <unknown>\nE       #14 0x55e9a3b1b0df <unknown>\nE       #15 0x55e9a3b6a578 <unknown>\nE       #16 0x55e9a3b6a740 <unknown>\nE       #17 0x55e9a3b7a196 <unknown>\nE       #18 0x7f7869494ac3 <unknown>\n\n/opt/hostedtoolcache/Python/3.12.7/x64/lib/python3.12/site-packages/selenium/webdriver/support/wait.py:95: TimeoutException",
    "steps" : [ {
      "name" : "select_group",
      "time" : {
        "start" : 1732670224121,
        "stop" : 1732670244411,
        "duration" : 20290
      },
      "status" : "broken",
      "statusMessage" : "selenium.common.exceptions.TimeoutException: Message: Can't find element by locator ('xpath', '//button[@data-test-active-link=\"Words\"]')\nStacktrace:\n#0 0x55e9a3b7b31a <unknown>\n#1 0x55e9a36916e0 <unknown>\n#2 0x55e9a36e03e6 <unknown>\n#3 0x55e9a36e0681 <unknown>\n#4 0x55e9a3725b04 <unknown>\n#5 0x55e9a370448d <unknown>\n#6 0x55e9a3722ed7 <unknown>\n#7 0x55e9a3704203 <unknown>\n#8 0x55e9a36d2cc0 <unknown>\n#9 0x55e9a36d3c9e <unknown>\n#10 0x55e9a3b48d0b <unknown>\n#11 0x55e9a3b4cc92 <unknown>\n#12 0x55e9a3b35b3c <unknown>\n#13 0x55e9a3b4d807 <unknown>\n#14 0x55e9a3b1b0df <unknown>\n#15 0x55e9a3b6a578 <unknown>\n#16 0x55e9a3b6a740 <unknown>\n#17 0x55e9a3b7a196 <unknown>\n#18 0x7f7869494ac3 <unknown>\n\n",
      "statusTrace" : "  File \"/opt/hostedtoolcache/Python/3.12.7/x64/lib/python3.12/site-packages/allure_commons/_allure.py\", line 192, in impl\n    return func(*a, **kw)\n           ^^^^^^^^^^^^^^\n  File \"/home/runner/work/auto-tests-python/auto-tests-python/pages/speech_exercises_page_en.py\", line 18, in select_group\n    text_of_the_button = self.element_is_present_and_clickable(selector_for_sub_group)\n                         ^^^^^^^^^^^^^^^^^^^^^^^^^^^^^^^^^^^^^^^^^^^^^^^^^^^^^^^^^^^^^\n  File \"/home/runner/work/auto-tests-python/auto-tests-python/pages/base_page.py\", line 32, in element_is_present_and_clickable\n    return (Wait(self.driver, self.timeout).until(\n            ^^^^^^^^^^^^^^^^^^^^^^^^^^^^^^^^^^^^^^\n  File \"/opt/hostedtoolcache/Python/3.12.7/x64/lib/python3.12/site-packages/selenium/webdriver/support/wait.py\", line 95, in until\n    raise TimeoutException(message, screen, stacktrace)\n",
      "steps" : [ {
        "name" : "Select Russian language. Click \"EN\" button.",
        "time" : {
          "start" : 1732670224121,
          "stop" : 1732670224195,
          "duration" : 74
        },
        "status" : "passed",
        "steps" : [ ],
        "attachments" : [ ],
        "parameters" : [ ],
        "stepsCount" : 0,
        "attachmentsCount" : 0,
        "shouldDisplayMessage" : false,
        "hasContent" : false
      }, {
        "name" : "Click button \"SPEECH EXERCISES\".",
        "time" : {
          "start" : 1732670224195,
          "stop" : 1732670224268,
          "duration" : 73
        },
        "status" : "passed",
        "steps" : [ ],
        "attachments" : [ ],
        "parameters" : [ ],
        "stepsCount" : 0,
        "attachmentsCount" : 0,
        "shouldDisplayMessage" : false,
        "hasContent" : false
      } ],
      "attachments" : [ ],
      "parameters" : [ {
        "name" : "selector_for_sub_group",
        "value" : "('xpath', '//button[@data-test-active-link=\"Words\"]')"
      } ],
      "stepsCount" : 2,
      "attachmentsCount" : 0,
      "shouldDisplayMessage" : true,
      "hasContent" : true
    } ],
    "attachments" : [ ],
    "parameters" : [ ],
    "stepsCount" : 3,
    "attachmentsCount" : 0,
    "shouldDisplayMessage" : true,
    "hasContent" : true
  },
  "afterStages" : [ {
    "name" : "driver::0",
    "time" : {
      "start" : 1732670244424,
      "stop" : 1732670244500,
      "duration" : 76
    },
    "status" : "passed",
    "steps" : [ ],
    "attachments" : [ ],
    "parameters" : [ ],
    "stepsCount" : 0,
    "attachmentsCount" : 0,
    "shouldDisplayMessage" : false,
    "hasContent" : false
  } ],
  "labels" : [ {
    "name" : "suite",
    "value" : "Speech exercises EN."
  }, {
    "name" : "epic",
    "value" : "Speech exercises."
  }, {
    "name" : "tag",
    "value" : "@pytest.mark.xfail"
  }, {
    "name" : "parentSuite",
    "value" : "tests"
  }, {
    "name" : "subSuite",
    "value" : "TestCardsEN"
  }, {
    "name" : "host",
    "value" : "fv-az775-226"
  }, {
    "name" : "thread",
    "value" : "2246-MainThread"
  }, {
    "name" : "framework",
    "value" : "pytest"
  }, {
    "name" : "language",
    "value" : "cpython3"
  }, {
    "name" : "package",
    "value" : "tests.test_speech_exercises_en"
  }, {
    "name" : "resultFormat",
    "value" : "allure2"
  } ],
  "parameters" : [ ],
  "links" : [ ],
  "hidden" : false,
  "retry" : false,
  "extra" : {
    "severity" : "normal",
    "retries" : [ ],
    "categories" : [ ],
    "history" : {
      "statistic" : {
        "failed" : 0,
        "broken" : 0,
        "skipped" : 25,
        "passed" : 0,
        "unknown" : 0,
        "total" : 25
      },
      "items" : [ {
        "uid" : "e2ec529a55c3a025",
        "reportUrl" : "https://Brain-up.github.io/auto-tests-python/195//#testresult/e2ec529a55c3a025",
        "status" : "skipped",
        "statusDetails" : "XFAIL\n\nselenium.common.exceptions.TimeoutException: Message: Can't find element by locator ('xpath', '//button[@data-test-active-link=\"Words\"]')\nStacktrace:\n#0 0x55d2c4ccc4ca <unknown>\n#1 0x55d2c47df620 <unknown>\n#2 0x55d2c482e306 <unknown>\n#3 0x55d2c482e5a1 <unknown>\n#4 0x55d2c4873a04 <unknown>\n#5 0x55d2c485239d <unknown>\n#6 0x55d2c4870de0 <unknown>\n#7 0x55d2c4852113 <unknown>\n#8 0x55d2c4820be0 <unknown>\n#9 0x55d2c4821bbe <unknown>\n#10 0x55d2c4c98e4b <unknown>\n#11 0x55d2c4c9cde2 <unknown>\n#12 0x55d2c4c85d2c <unknown>\n#13 0x55d2c4c9d957 <unknown>\n#14 0x55d2c4c6b4bf <unknown>\n#15 0x55d2c4cbb348 <unknown>\n#16 0x55d2c4cbb510 <unknown>\n#17 0x55d2c4ccb346 <unknown>\n#18 0x7f1fce294ac3 <unknown>",
        "time" : {
          "start" : 1732583816575,
          "stop" : 1732583836800,
          "duration" : 20225
        }
      }, {
        "uid" : "993f38346eb8fa3c",
        "reportUrl" : "https://Brain-up.github.io/auto-tests-python/401//#testresult/993f38346eb8fa3c",
        "status" : "skipped",
        "statusDetails" : "XFAIL\n\nselenium.common.exceptions.TimeoutException: Message: Can't find element by locator ('xpath', '//button[@data-test-active-link=\"Words\"]')\nStacktrace:\n#0 0x560f362624ca <unknown>\n#1 0x560f35d75620 <unknown>\n#2 0x560f35dc4306 <unknown>\n#3 0x560f35dc45a1 <unknown>\n#4 0x560f35e09a04 <unknown>\n#5 0x560f35de839d <unknown>\n#6 0x560f35e06de0 <unknown>\n#7 0x560f35de8113 <unknown>\n#8 0x560f35db6be0 <unknown>\n#9 0x560f35db7bbe <unknown>\n#10 0x560f3622ee4b <unknown>\n#11 0x560f36232de2 <unknown>\n#12 0x560f3621bd2c <unknown>\n#13 0x560f36233957 <unknown>\n#14 0x560f362014bf <unknown>\n#15 0x560f36251348 <unknown>\n#16 0x560f36251510 <unknown>\n#17 0x560f36261346 <unknown>\n#18 0x7f3c62094ac3 <unknown>",
        "time" : {
          "start" : 1732573814864,
          "stop" : 1732573835121,
          "duration" : 20257
        }
      }, {
        "uid" : "26c1ac6744bab368",
        "reportUrl" : "https://Brain-up.github.io/auto-tests-python/400//#testresult/26c1ac6744bab368",
        "status" : "skipped",
        "statusDetails" : "XFAIL\n\nselenium.common.exceptions.TimeoutException: Message: Can't find element by locator ('xpath', '//button[@data-test-active-link=\"Words\"]')\nStacktrace:\n#0 0x55aefdef64ca <unknown>\n#1 0x55aefda09620 <unknown>\n#2 0x55aefda58306 <unknown>\n#3 0x55aefda585a1 <unknown>\n#4 0x55aefda9da04 <unknown>\n#5 0x55aefda7c39d <unknown>\n#6 0x55aefda9ade0 <unknown>\n#7 0x55aefda7c113 <unknown>\n#8 0x55aefda4abe0 <unknown>\n#9 0x55aefda4bbbe <unknown>\n#10 0x55aefdec2e4b <unknown>\n#11 0x55aefdec6de2 <unknown>\n#12 0x55aefdeafd2c <unknown>\n#13 0x55aefdec7957 <unknown>\n#14 0x55aefde954bf <unknown>\n#15 0x55aefdee5348 <unknown>\n#16 0x55aefdee5510 <unknown>\n#17 0x55aefdef5346 <unknown>\n#18 0x7f119d094ac3 <unknown>",
        "time" : {
          "start" : 1732568103246,
          "stop" : 1732568123493,
          "duration" : 20247
        }
      }, {
        "uid" : "2dec7241d3b98a66",
        "reportUrl" : "https://Brain-up.github.io/auto-tests-python/194//#testresult/2dec7241d3b98a66",
        "status" : "skipped",
        "statusDetails" : "XFAIL\n\nselenium.common.exceptions.TimeoutException: Message: Can't find element by locator https://www.brainup.site/groups",
        "time" : {
          "start" : 1732499024528,
          "stop" : 1732499024528,
          "duration" : 0
        }
      }, {
        "uid" : "918d848fb9d79cfd",
        "reportUrl" : "https://Brain-up.github.io/auto-tests-python/193//#testresult/918d848fb9d79cfd",
        "status" : "skipped",
        "statusDetails" : "XFAIL\n\nselenium.common.exceptions.TimeoutException: Message: Can't find element by locator https://www.brainup.site/groups",
        "time" : {
          "start" : 1732412819817,
          "stop" : 1732412819817,
          "duration" : 0
        }
      }, {
        "uid" : "b3c7ea9bd1669f57",
        "reportUrl" : "https://Brain-up.github.io/auto-tests-python/192//#testresult/b3c7ea9bd1669f57",
        "status" : "skipped",
        "statusDetails" : "XFAIL\n\nselenium.common.exceptions.TimeoutException: Message: Can't find element by locator ('xpath', '//button[@data-test-active-link=\"Words\"]')\nStacktrace:\n#0 0x55a2a865b4ca <unknown>\n#1 0x55a2a816e620 <unknown>\n#2 0x55a2a81bd306 <unknown>\n#3 0x55a2a81bd5a1 <unknown>\n#4 0x55a2a8202a04 <unknown>\n#5 0x55a2a81e139d <unknown>\n#6 0x55a2a81ffde0 <unknown>\n#7 0x55a2a81e1113 <unknown>\n#8 0x55a2a81afbe0 <unknown>\n#9 0x55a2a81b0bbe <unknown>\n#10 0x55a2a8627e4b <unknown>\n#11 0x55a2a862bde2 <unknown>\n#12 0x55a2a8614d2c <unknown>\n#13 0x55a2a862c957 <unknown>\n#14 0x55a2a85fa4bf <unknown>\n#15 0x55a2a864a348 <unknown>\n#16 0x55a2a864a510 <unknown>\n#17 0x55a2a865a346 <unknown>\n#18 0x7f598e494ac3 <unknown>",
        "time" : {
          "start" : 1732324607202,
          "stop" : 1732324627407,
          "duration" : 20205
        }
      }, {
        "uid" : "586a30a9c0274b6a",
        "reportUrl" : "https://Brain-up.github.io/auto-tests-python/399//#testresult/586a30a9c0274b6a",
        "status" : "skipped",
        "statusDetails" : "XFAIL\n\nselenium.common.exceptions.TimeoutException: Message: Can't find element by locator ('xpath', '//button[@data-test-active-link=\"Words\"]')\nStacktrace:\n#0 0x5568985134ca <unknown>\n#1 0x556898026620 <unknown>\n#2 0x556898075306 <unknown>\n#3 0x5568980755a1 <unknown>\n#4 0x5568980baa04 <unknown>\n#5 0x55689809939d <unknown>\n#6 0x5568980b7de0 <unknown>\n#7 0x556898099113 <unknown>\n#8 0x556898067be0 <unknown>\n#9 0x556898068bbe <unknown>\n#10 0x5568984dfe4b <unknown>\n#11 0x5568984e3de2 <unknown>\n#12 0x5568984ccd2c <unknown>\n#13 0x5568984e4957 <unknown>\n#14 0x5568984b24bf <unknown>\n#15 0x556898502348 <unknown>\n#16 0x556898502510 <unknown>\n#17 0x556898512346 <unknown>\n#18 0x7fce4cc94ac3 <unknown>",
        "time" : {
          "start" : 1732315065019,
          "stop" : 1732315085224,
          "duration" : 20205
        }
      }, {
        "uid" : "577e72aa3a881417",
        "reportUrl" : "https://Brain-up.github.io/auto-tests-python/398//#testresult/577e72aa3a881417",
        "status" : "skipped",
        "statusDetails" : "XFAIL\n\nselenium.common.exceptions.TimeoutException: Message: Can't find element by locator ('xpath', '//button[@data-test-active-link=\"Words\"]')\nStacktrace:\n#0 0x5582308b14ca <unknown>\n#1 0x5582303c4620 <unknown>\n#2 0x558230413306 <unknown>\n#3 0x5582304135a1 <unknown>\n#4 0x558230458a04 <unknown>\n#5 0x55823043739d <unknown>\n#6 0x558230455de0 <unknown>\n#7 0x558230437113 <unknown>\n#8 0x558230405be0 <unknown>\n#9 0x558230406bbe <unknown>\n#10 0x55823087de4b <unknown>\n#11 0x558230881de2 <unknown>\n#12 0x55823086ad2c <unknown>\n#13 0x558230882957 <unknown>\n#14 0x5582308504bf <unknown>\n#15 0x5582308a0348 <unknown>\n#16 0x5582308a0510 <unknown>\n#17 0x5582308b0346 <unknown>\n#18 0x7f3284094ac3 <unknown>",
        "time" : {
          "start" : 1732310571420,
          "stop" : 1732310591693,
          "duration" : 20273
        }
      }, {
        "uid" : "65257dd7442c415",
        "reportUrl" : "https://Brain-up.github.io/auto-tests-python/398//#testresult/65257dd7442c415",
        "status" : "skipped",
        "statusDetails" : "XFAIL\n\nselenium.common.exceptions.TimeoutException: Message: Can't find element by locator ('xpath', '//button[@data-test-active-link=\"Words\"]')\nStacktrace:\n#0 0x55f5f64b54ca <unknown>\n#1 0x55f5f5fc8620 <unknown>\n#2 0x55f5f6017306 <unknown>\n#3 0x55f5f60175a1 <unknown>\n#4 0x55f5f605ca04 <unknown>\n#5 0x55f5f603b39d <unknown>\n#6 0x55f5f6059de0 <unknown>\n#7 0x55f5f603b113 <unknown>\n#8 0x55f5f6009be0 <unknown>\n#9 0x55f5f600abbe <unknown>\n#10 0x55f5f6481e4b <unknown>\n#11 0x55f5f6485de2 <unknown>\n#12 0x55f5f646ed2c <unknown>\n#13 0x55f5f6486957 <unknown>\n#14 0x55f5f64544bf <unknown>\n#15 0x55f5f64a4348 <unknown>\n#16 0x55f5f64a4510 <unknown>\n#17 0x55f5f64b4346 <unknown>\n#18 0x7fd32fe94ac3 <unknown>",
        "time" : {
          "start" : 1732308712301,
          "stop" : 1732308732512,
          "duration" : 20211
        }
      }, {
        "uid" : "dc757e904a2bf2c6",
        "reportUrl" : "https://Brain-up.github.io/auto-tests-python/191//#testresult/dc757e904a2bf2c6",
        "status" : "skipped",
        "statusDetails" : "XFAIL\n\nselenium.common.exceptions.TimeoutException: Message: Can't find element by locator ('xpath', '//button[@data-test-active-link=\"Words\"]')\nStacktrace:\n#0 0x55ba542024ca <unknown>\n#1 0x55ba53d15620 <unknown>\n#2 0x55ba53d64306 <unknown>\n#3 0x55ba53d645a1 <unknown>\n#4 0x55ba53da9a04 <unknown>\n#5 0x55ba53d8839d <unknown>\n#6 0x55ba53da6de0 <unknown>\n#7 0x55ba53d88113 <unknown>\n#8 0x55ba53d56be0 <unknown>\n#9 0x55ba53d57bbe <unknown>\n#10 0x55ba541cee4b <unknown>\n#11 0x55ba541d2de2 <unknown>\n#12 0x55ba541bbd2c <unknown>\n#13 0x55ba541d3957 <unknown>\n#14 0x55ba541a14bf <unknown>\n#15 0x55ba541f1348 <unknown>\n#16 0x55ba541f1510 <unknown>\n#17 0x55ba54201346 <unknown>\n#18 0x7f39d7e94ac3 <unknown>",
        "time" : {
          "start" : 1732238144173,
          "stop" : 1732238164387,
          "duration" : 20214
        }
      }, {
        "uid" : "9d29fcce2e2dd17b",
        "reportUrl" : "https://Brain-up.github.io/auto-tests-python/190//#testresult/9d29fcce2e2dd17b",
        "status" : "skipped",
        "statusDetails" : "XFAIL\n\nselenium.common.exceptions.TimeoutException: Message: Can't find element by locator ('xpath', '//button[@data-test-active-link=\"Words\"]')\nStacktrace:\n#0 0x56120c2034ca <unknown>\n#1 0x56120bd16620 <unknown>\n#2 0x56120bd65306 <unknown>\n#3 0x56120bd655a1 <unknown>\n#4 0x56120bdaaa04 <unknown>\n#5 0x56120bd8939d <unknown>\n#6 0x56120bda7de0 <unknown>\n#7 0x56120bd89113 <unknown>\n#8 0x56120bd57be0 <unknown>\n#9 0x56120bd58bbe <unknown>\n#10 0x56120c1cfe4b <unknown>\n#11 0x56120c1d3de2 <unknown>\n#12 0x56120c1bcd2c <unknown>\n#13 0x56120c1d4957 <unknown>\n#14 0x56120c1a24bf <unknown>\n#15 0x56120c1f2348 <unknown>\n#16 0x56120c1f2510 <unknown>\n#17 0x56120c202346 <unknown>\n#18 0x7f37c4e94ac3 <unknown>",
        "time" : {
          "start" : 1732151718278,
          "stop" : 1732151738480,
          "duration" : 20202
        }
      }, {
        "uid" : "f6d2b612c978940d",
        "reportUrl" : "https://Brain-up.github.io/auto-tests-python/397//#testresult/f6d2b612c978940d",
        "status" : "skipped",
        "statusDetails" : "XFAIL\n\nselenium.common.exceptions.TimeoutException: Message: Can't find element by locator ('xpath', '//button[@data-test-active-link=\"Words\"]')\nStacktrace:\n#0 0x564f7403b4ca <unknown>\n#1 0x564f73b4e620 <unknown>\n#2 0x564f73b9d306 <unknown>\n#3 0x564f73b9d5a1 <unknown>\n#4 0x564f73be2a04 <unknown>\n#5 0x564f73bc139d <unknown>\n#6 0x564f73bdfde0 <unknown>\n#7 0x564f73bc1113 <unknown>\n#8 0x564f73b8fbe0 <unknown>\n#9 0x564f73b90bbe <unknown>\n#10 0x564f74007e4b <unknown>\n#11 0x564f7400bde2 <unknown>\n#12 0x564f73ff4d2c <unknown>\n#13 0x564f7400c957 <unknown>\n#14 0x564f73fda4bf <unknown>\n#15 0x564f7402a348 <unknown>\n#16 0x564f7402a510 <unknown>\n#17 0x564f7403a346 <unknown>\n#18 0x7facd6c94ac3 <unknown>",
        "time" : {
          "start" : 1732140459145,
          "stop" : 1732140479357,
          "duration" : 20212
        }
      }, {
        "uid" : "e89bd9e2c7b51def",
        "reportUrl" : "https://Brain-up.github.io/auto-tests-python/396//#testresult/e89bd9e2c7b51def",
        "status" : "skipped",
        "statusDetails" : "XFAIL\n\nselenium.common.exceptions.TimeoutException: Message: Can't find element by locator ('xpath', '//button[@data-test-active-link=\"Words\"]')\nStacktrace:\n#0 0x5636fe07c4ca <unknown>\n#1 0x5636fdb8f620 <unknown>\n#2 0x5636fdbde306 <unknown>\n#3 0x5636fdbde5a1 <unknown>\n#4 0x5636fdc23a04 <unknown>\n#5 0x5636fdc0239d <unknown>\n#6 0x5636fdc20de0 <unknown>\n#7 0x5636fdc02113 <unknown>\n#8 0x5636fdbd0be0 <unknown>\n#9 0x5636fdbd1bbe <unknown>\n#10 0x5636fe048e4b <unknown>\n#11 0x5636fe04cde2 <unknown>\n#12 0x5636fe035d2c <unknown>\n#13 0x5636fe04d957 <unknown>\n#14 0x5636fe01b4bf <unknown>\n#15 0x5636fe06b348 <unknown>\n#16 0x5636fe06b510 <unknown>\n#17 0x5636fe07b346 <unknown>\n#18 0x7faf79494ac3 <unknown>",
        "time" : {
          "start" : 1732138173155,
          "stop" : 1732138198366,
          "duration" : 25211
        }
      }, {
        "uid" : "f1a95b4623c26f82",
        "reportUrl" : "https://Brain-up.github.io/auto-tests-python/396//#testresult/f1a95b4623c26f82",
        "status" : "skipped",
        "statusDetails" : "XFAIL\n\nselenium.common.exceptions.TimeoutException: Message: Can't find element by locator ('xpath', '//button[@data-test-active-link=\"Words\"]')\nStacktrace:\n#0 0x56071dbe94ca <unknown>\n#1 0x56071d6fc620 <unknown>\n#2 0x56071d74b306 <unknown>\n#3 0x56071d74b5a1 <unknown>\n#4 0x56071d790a04 <unknown>\n#5 0x56071d76f39d <unknown>\n#6 0x56071d78dde0 <unknown>\n#7 0x56071d76f113 <unknown>\n#8 0x56071d73dbe0 <unknown>\n#9 0x56071d73ebbe <unknown>\n#10 0x56071dbb5e4b <unknown>\n#11 0x56071dbb9de2 <unknown>\n#12 0x56071dba2d2c <unknown>\n#13 0x56071dbba957 <unknown>\n#14 0x56071db884bf <unknown>\n#15 0x56071dbd8348 <unknown>\n#16 0x56071dbd8510 <unknown>\n#17 0x56071dbe8346 <unknown>\n#18 0x7fd38d894ac3 <unknown>",
        "time" : {
          "start" : 1732135057287,
          "stop" : 1732135077563,
          "duration" : 20276
        }
      }, {
        "uid" : "55cca8b70ec6a273",
        "reportUrl" : "https://Brain-up.github.io/auto-tests-python/189//#testresult/55cca8b70ec6a273",
        "status" : "skipped",
        "statusDetails" : "XFAIL\n\nselenium.common.exceptions.TimeoutException: Message: Can't find element by locator ('xpath', '//button[@data-test-active-link=\"Words\"]')\nStacktrace:\n#0 0x563dc6e9c4ca <unknown>\n#1 0x563dc69af620 <unknown>\n#2 0x563dc69fe306 <unknown>\n#3 0x563dc69fe5a1 <unknown>\n#4 0x563dc6a43a04 <unknown>\n#5 0x563dc6a2239d <unknown>\n#6 0x563dc6a40de0 <unknown>\n#7 0x563dc6a22113 <unknown>\n#8 0x563dc69f0be0 <unknown>\n#9 0x563dc69f1bbe <unknown>\n#10 0x563dc6e68e4b <unknown>\n#11 0x563dc6e6cde2 <unknown>\n#12 0x563dc6e55d2c <unknown>\n#13 0x563dc6e6d957 <unknown>\n#14 0x563dc6e3b4bf <unknown>\n#15 0x563dc6e8b348 <unknown>\n#16 0x563dc6e8b510 <unknown>\n#17 0x563dc6e9b346 <unknown>\n#18 0x7fee3c894ac3 <unknown>",
        "time" : {
          "start" : 1732065511381,
          "stop" : 1732065531611,
          "duration" : 20230
        }
      }, {
        "uid" : "bd596e91b74647e4",
        "reportUrl" : "https://Brain-up.github.io/auto-tests-python/395//#testresult/bd596e91b74647e4",
        "status" : "skipped",
        "statusDetails" : "XFAIL\n\nselenium.common.exceptions.TimeoutException: Message: Can't find element by locator ('xpath', '//button[@data-test-active-link=\"Words\"]')\nStacktrace:\n#0 0x55a0725c44ca <unknown>\n#1 0x55a0720d7620 <unknown>\n#2 0x55a072126306 <unknown>\n#3 0x55a0721265a1 <unknown>\n#4 0x55a07216ba04 <unknown>\n#5 0x55a07214a39d <unknown>\n#6 0x55a072168de0 <unknown>\n#7 0x55a07214a113 <unknown>\n#8 0x55a072118be0 <unknown>\n#9 0x55a072119bbe <unknown>\n#10 0x55a072590e4b <unknown>\n#11 0x55a072594de2 <unknown>\n#12 0x55a07257dd2c <unknown>\n#13 0x55a072595957 <unknown>\n#14 0x55a0725634bf <unknown>\n#15 0x55a0725b3348 <unknown>\n#16 0x55a0725b3510 <unknown>\n#17 0x55a0725c3346 <unknown>\n#18 0x7ffa03a94ac3 <unknown>",
        "time" : {
          "start" : 1732009017014,
          "stop" : 1732009037267,
          "duration" : 20253
        }
      }, {
        "uid" : "1959a7b18d6a3b59",
        "reportUrl" : "https://Brain-up.github.io/auto-tests-python/394//#testresult/1959a7b18d6a3b59",
        "status" : "skipped",
        "statusDetails" : "XFAIL\n\nselenium.common.exceptions.TimeoutException: Message: Can't find element by locator ('xpath', '//button[@data-test-active-link=\"Words\"]')\nStacktrace:\n#0 0x556fcbe8b4ca <unknown>\n#1 0x556fcb99e620 <unknown>\n#2 0x556fcb9ed306 <unknown>\n#3 0x556fcb9ed5a1 <unknown>\n#4 0x556fcba32a04 <unknown>\n#5 0x556fcba1139d <unknown>\n#6 0x556fcba2fde0 <unknown>\n#7 0x556fcba11113 <unknown>\n#8 0x556fcb9dfbe0 <unknown>\n#9 0x556fcb9e0bbe <unknown>\n#10 0x556fcbe57e4b <unknown>\n#11 0x556fcbe5bde2 <unknown>\n#12 0x556fcbe44d2c <unknown>\n#13 0x556fcbe5c957 <unknown>\n#14 0x556fcbe2a4bf <unknown>\n#15 0x556fcbe7a348 <unknown>\n#16 0x556fcbe7a510 <unknown>\n#17 0x556fcbe8a346 <unknown>\n#18 0x7f3705494ac3 <unknown>",
        "time" : {
          "start" : 1732006949695,
          "stop" : 1732006969896,
          "duration" : 20201
        }
      }, {
        "uid" : "a26c8dc76614bb68",
        "reportUrl" : "https://Brain-up.github.io/auto-tests-python/188//#testresult/a26c8dc76614bb68",
        "status" : "skipped",
        "statusDetails" : "XFAIL\n\nselenium.common.exceptions.TimeoutException: Message: Can't find element by locator ('xpath', '//button[@data-test-active-link=\"Words\"]')\nStacktrace:\n#0 0x556f948804ca <unknown>\n#1 0x556f94393620 <unknown>\n#2 0x556f943e2306 <unknown>\n#3 0x556f943e25a1 <unknown>\n#4 0x556f94427a04 <unknown>\n#5 0x556f9440639d <unknown>\n#6 0x556f94424de0 <unknown>\n#7 0x556f94406113 <unknown>\n#8 0x556f943d4be0 <unknown>\n#9 0x556f943d5bbe <unknown>\n#10 0x556f9484ce4b <unknown>\n#11 0x556f94850de2 <unknown>\n#12 0x556f94839d2c <unknown>\n#13 0x556f94851957 <unknown>\n#14 0x556f9481f4bf <unknown>\n#15 0x556f9486f348 <unknown>\n#16 0x556f9486f510 <unknown>\n#17 0x556f9487f346 <unknown>\n#18 0x7fc773294ac3 <unknown>",
        "time" : {
          "start" : 1731978933794,
          "stop" : 1731978954082,
          "duration" : 20288
        }
      }, {
        "uid" : "893a953dda077df4",
        "reportUrl" : "https://Brain-up.github.io/auto-tests-python/393//#testresult/893a953dda077df4",
        "status" : "skipped",
        "statusDetails" : "XFAIL\n\nselenium.common.exceptions.TimeoutException: Message: Can't find element by locator ('xpath', '//button[@data-test-active-link=\"Words\"]')\nStacktrace:\n#0 0x5650a51b04ca <unknown>\n#1 0x5650a4cc3620 <unknown>\n#2 0x5650a4d12306 <unknown>\n#3 0x5650a4d125a1 <unknown>\n#4 0x5650a4d57a04 <unknown>\n#5 0x5650a4d3639d <unknown>\n#6 0x5650a4d54de0 <unknown>\n#7 0x5650a4d36113 <unknown>\n#8 0x5650a4d04be0 <unknown>\n#9 0x5650a4d05bbe <unknown>\n#10 0x5650a517ce4b <unknown>\n#11 0x5650a5180de2 <unknown>\n#12 0x5650a5169d2c <unknown>\n#13 0x5650a5181957 <unknown>\n#14 0x5650a514f4bf <unknown>\n#15 0x5650a519f348 <unknown>\n#16 0x5650a519f510 <unknown>\n#17 0x5650a51af346 <unknown>\n#18 0x7fdfd4094ac3 <unknown>",
        "time" : {
          "start" : 1731963861105,
          "stop" : 1731963881414,
          "duration" : 20309
        }
      }, {
        "uid" : "ffdca3b46db65aba",
        "reportUrl" : "https://Brain-up.github.io/auto-tests-python/392//#testresult/ffdca3b46db65aba",
        "status" : "skipped",
        "statusDetails" : "XFAIL\n\nselenium.common.exceptions.TimeoutException: Message: Can't find element by locator ('xpath', '//button[@data-test-active-link=\"Words\"]')\nStacktrace:\n#0 0x55d3c13c24ca <unknown>\n#1 0x55d3c0ed5620 <unknown>\n#2 0x55d3c0f24306 <unknown>\n#3 0x55d3c0f245a1 <unknown>\n#4 0x55d3c0f69a04 <unknown>\n#5 0x55d3c0f4839d <unknown>\n#6 0x55d3c0f66de0 <unknown>\n#7 0x55d3c0f48113 <unknown>\n#8 0x55d3c0f16be0 <unknown>\n#9 0x55d3c0f17bbe <unknown>\n#10 0x55d3c138ee4b <unknown>\n#11 0x55d3c1392de2 <unknown>\n#12 0x55d3c137bd2c <unknown>\n#13 0x55d3c1393957 <unknown>\n#14 0x55d3c13614bf <unknown>\n#15 0x55d3c13b1348 <unknown>\n#16 0x55d3c13b1510 <unknown>\n#17 0x55d3c13c1346 <unknown>\n#18 0x7f6bcb494ac3 <unknown>",
        "time" : {
          "start" : 1731956509486,
          "stop" : 1731956529895,
          "duration" : 20409
        }
      } ]
    },
    "tags" : [ "@pytest.mark.xfail" ]
  },
  "source" : "b1d56c25dbb76aac.json",
  "parameterValues" : [ ]
}