{
  "uid" : "51a208120398bd81",
  "name" : "Select random card from \"Word\" group and compare UI vs BACKEND data",
  "fullName" : "tests.test_speech_exercises_en.TestCardsEN#test_random_word_cards_en",
  "historyId" : "84999af5e98c6318908a9abbfe6fc3a3",
  "time" : {
    "start" : 1746035529596,
    "stop" : 1746035549796,
    "duration" : 20200
  },
  "status" : "skipped",
  "statusMessage" : "XFAIL\n\nselenium.common.exceptions.TimeoutException: Message: Can't find element by locator ('xpath', '//button[@data-test-active-link=\"Words\"]')\nStacktrace:\n#0 0x5576c99d275a <unknown>\n#1 0x5576c94854b0 <unknown>\n#2 0x5576c94d69b3 <unknown>\n#3 0x5576c94d6ba1 <unknown>\n#4 0x5576c95251f4 <unknown>\n#5 0x5576c94fc5bd <unknown>\n#6 0x5576c95225e0 <unknown>\n#7 0x5576c94fc363 <unknown>\n#8 0x5576c94c8d63 <unknown>\n#9 0x5576c94c99c1 <unknown>\n#10 0x5576c9997a6b <unknown>\n#11 0x5576c999b951 <unknown>\n#12 0x5576c997fb62 <unknown>\n#13 0x5576c999c4c4 <unknown>\n#14 0x5576c996413f <unknown>\n#15 0x5576c99c06f8 <unknown>\n#16 0x5576c99c08d6 <unknown>\n#17 0x5576c99d15a6 <unknown>\n#18 0x7fec9589caa4 <unknown>\n#19 0x7fec95929c3c <unknown>",
  "statusTrace" : "self = <tests.test_speech_exercises_en.TestCardsEN object at 0x7f9096f444a0>\ndriver = <selenium.webdriver.chrome.webdriver.WebDriver (session=\"d05079a6d7acd2f3fcce60154343b605\")>\nspecialist_user_authorized = None\n\n    @pytest.mark.xfail\n    @allure.suite(\"Speech exercises EN.\")\n    @allure.title('Select random card from \"Word\" group and compare UI vs BACKEND data')\n    def test_random_word_cards_en(self, driver, specialist_user_authorized):\n        page = SpeechExercisesPage(driver)\n>       page.select_group(SpeechExercisesPageLocators.WORDS_BUTTON_EN)\n\ntests/test_speech_exercises_en.py:16: \n_ _ _ _ _ _ _ _ _ _ _ _ _ _ _ _ _ _ _ _ _ _ _ _ _ _ _ _ _ _ _ _ _ _ _ _ _ _ _ _ \npages/speech_exercises_page_en.py:18: in select_group\n    text_of_the_button = self.element_is_present_and_clickable(selector_for_sub_group)\npages/base_page.py:40: in element_is_present_and_clickable\n    return (Wait(self.driver, self.timeout).until(\n_ _ _ _ _ _ _ _ _ _ _ _ _ _ _ _ _ _ _ _ _ _ _ _ _ _ _ _ _ _ _ _ _ _ _ _ _ _ _ _ \n\nself = <selenium.webdriver.support.wait.WebDriverWait (session=\"d05079a6d7acd2f3fcce60154343b605\")>\nmethod = <function visibility_of_element_located.<locals>._predicate at 0x7f9097080f40>\nmessage = 'Can\\'t find element by locator (\\'xpath\\', \\'//button[@data-test-active-link=\"Words\"]\\')'\n\n    def until(self, method, message: str = \"\"):\n        \"\"\"Calls the method provided with the driver as an argument until the \\\n        return value does not evaluate to ``False``.\n    \n        :param method: callable(WebDriver)\n        :param message: optional message for :exc:`TimeoutException`\n        :returns: the result of the last call to `method`\n        :raises: :exc:`selenium.common.exceptions.TimeoutException` if timeout occurs\n        \"\"\"\n        screen = None\n        stacktrace = None\n    \n        end_time = time.monotonic() + self._timeout\n        while True:\n            try:\n                value = method(self._driver)\n                if value:\n                    return value\n            except self._ignored_exceptions as exc:\n                screen = getattr(exc, \"screen\", None)\n                stacktrace = getattr(exc, \"stacktrace\", None)\n            time.sleep(self._poll)\n            if time.monotonic() > end_time:\n                break\n>       raise TimeoutException(message, screen, stacktrace)\nE       selenium.common.exceptions.TimeoutException: Message: Can't find element by locator ('xpath', '//button[@data-test-active-link=\"Words\"]')\nE       Stacktrace:\nE       #0 0x5576c99d275a <unknown>\nE       #1 0x5576c94854b0 <unknown>\nE       #2 0x5576c94d69b3 <unknown>\nE       #3 0x5576c94d6ba1 <unknown>\nE       #4 0x5576c95251f4 <unknown>\nE       #5 0x5576c94fc5bd <unknown>\nE       #6 0x5576c95225e0 <unknown>\nE       #7 0x5576c94fc363 <unknown>\nE       #8 0x5576c94c8d63 <unknown>\nE       #9 0x5576c94c99c1 <unknown>\nE       #10 0x5576c9997a6b <unknown>\nE       #11 0x5576c999b951 <unknown>\nE       #12 0x5576c997fb62 <unknown>\nE       #13 0x5576c999c4c4 <unknown>\nE       #14 0x5576c996413f <unknown>\nE       #15 0x5576c99c06f8 <unknown>\nE       #16 0x5576c99c08d6 <unknown>\nE       #17 0x5576c99d15a6 <unknown>\nE       #18 0x7fec9589caa4 <unknown>\nE       #19 0x7fec95929c3c <unknown>\n\n/opt/hostedtoolcache/Python/3.12.10/x64/lib/python3.12/site-packages/selenium/webdriver/support/wait.py:95: TimeoutException",
  "flaky" : false,
  "newFailed" : false,
  "beforeStages" : [ {
    "name" : "specialist_user_authorized",
    "time" : {
      "start" : 1746035526631,
      "stop" : 1746035529595,
      "duration" : 2964
    },
    "status" : "passed",
    "steps" : [ {
      "name" : "USER specialist authorized",
      "time" : {
        "start" : 1746035526631,
        "stop" : 1746035529595,
        "duration" : 2964
      },
      "status" : "passed",
      "steps" : [ {
        "name" : "Check url is present: https://www.brainup.site/groups",
        "time" : {
          "start" : 1746035527051,
          "stop" : 1746035529573,
          "duration" : 2522
        },
        "status" : "passed",
        "steps" : [ ],
        "attachments" : [ ],
        "parameters" : [ ],
        "stepsCount" : 0,
        "attachmentsCount" : 0,
        "shouldDisplayMessage" : false,
        "hasContent" : false
      }, {
        "name" : "Loader checking",
        "time" : {
          "start" : 1746035529573,
          "stop" : 1746035529595,
          "duration" : 22
        },
        "status" : "passed",
        "steps" : [ ],
        "attachments" : [ ],
        "parameters" : [ ],
        "stepsCount" : 0,
        "attachmentsCount" : 0,
        "shouldDisplayMessage" : false,
        "hasContent" : false
      } ],
      "attachments" : [ ],
      "parameters" : [ {
        "name" : "driver",
        "value" : "<selenium.webdriver.chrome.webdriver.WebDriver (session=\"d05079a6d7acd2f3fcce60154343b605\")>"
      }, {
        "name" : "main_page_open",
        "value" : "None"
      } ],
      "stepsCount" : 2,
      "attachmentsCount" : 0,
      "shouldDisplayMessage" : false,
      "hasContent" : true
    } ],
    "attachments" : [ ],
    "parameters" : [ ],
    "stepsCount" : 3,
    "attachmentsCount" : 0,
    "shouldDisplayMessage" : false,
    "hasContent" : true
  }, {
    "name" : "clear_allure_results_folder",
    "time" : {
      "start" : 1746034192776,
      "stop" : 1746034192776,
      "duration" : 0
    },
    "status" : "passed",
    "steps" : [ ],
    "attachments" : [ ],
    "parameters" : [ ],
    "stepsCount" : 0,
    "attachmentsCount" : 0,
    "shouldDisplayMessage" : false,
    "hasContent" : false
  }, {
    "name" : "main_page_open",
    "time" : {
      "start" : 1746035523975,
      "stop" : 1746035526630,
      "duration" : 2655
    },
    "status" : "passed",
    "steps" : [ {
      "name" : "Open page: https://www.brainup.site/",
      "time" : {
        "start" : 1746035523975,
        "stop" : 1746035526630,
        "duration" : 2655
      },
      "status" : "passed",
      "steps" : [ ],
      "attachments" : [ ],
      "parameters" : [ {
        "name" : "driver",
        "value" : "<selenium.webdriver.chrome.webdriver.WebDriver (session=\"d05079a6d7acd2f3fcce60154343b605\")>"
      } ],
      "stepsCount" : 0,
      "attachmentsCount" : 0,
      "shouldDisplayMessage" : false,
      "hasContent" : true
    } ],
    "attachments" : [ ],
    "parameters" : [ ],
    "stepsCount" : 1,
    "attachmentsCount" : 0,
    "shouldDisplayMessage" : false,
    "hasContent" : true
  }, {
    "name" : "driver",
    "time" : {
      "start" : 1746035523148,
      "stop" : 1746035523974,
      "duration" : 826
    },
    "status" : "passed",
    "steps" : [ ],
    "attachments" : [ ],
    "parameters" : [ ],
    "stepsCount" : 0,
    "attachmentsCount" : 0,
    "shouldDisplayMessage" : false,
    "hasContent" : false
  } ],
  "testStage" : {
    "status" : "skipped",
    "statusMessage" : "XFAIL\n\nselenium.common.exceptions.TimeoutException: Message: Can't find element by locator ('xpath', '//button[@data-test-active-link=\"Words\"]')\nStacktrace:\n#0 0x5576c99d275a <unknown>\n#1 0x5576c94854b0 <unknown>\n#2 0x5576c94d69b3 <unknown>\n#3 0x5576c94d6ba1 <unknown>\n#4 0x5576c95251f4 <unknown>\n#5 0x5576c94fc5bd <unknown>\n#6 0x5576c95225e0 <unknown>\n#7 0x5576c94fc363 <unknown>\n#8 0x5576c94c8d63 <unknown>\n#9 0x5576c94c99c1 <unknown>\n#10 0x5576c9997a6b <unknown>\n#11 0x5576c999b951 <unknown>\n#12 0x5576c997fb62 <unknown>\n#13 0x5576c999c4c4 <unknown>\n#14 0x5576c996413f <unknown>\n#15 0x5576c99c06f8 <unknown>\n#16 0x5576c99c08d6 <unknown>\n#17 0x5576c99d15a6 <unknown>\n#18 0x7fec9589caa4 <unknown>\n#19 0x7fec95929c3c <unknown>",
    "statusTrace" : "self = <tests.test_speech_exercises_en.TestCardsEN object at 0x7f9096f444a0>\ndriver = <selenium.webdriver.chrome.webdriver.WebDriver (session=\"d05079a6d7acd2f3fcce60154343b605\")>\nspecialist_user_authorized = None\n\n    @pytest.mark.xfail\n    @allure.suite(\"Speech exercises EN.\")\n    @allure.title('Select random card from \"Word\" group and compare UI vs BACKEND data')\n    def test_random_word_cards_en(self, driver, specialist_user_authorized):\n        page = SpeechExercisesPage(driver)\n>       page.select_group(SpeechExercisesPageLocators.WORDS_BUTTON_EN)\n\ntests/test_speech_exercises_en.py:16: \n_ _ _ _ _ _ _ _ _ _ _ _ _ _ _ _ _ _ _ _ _ _ _ _ _ _ _ _ _ _ _ _ _ _ _ _ _ _ _ _ \npages/speech_exercises_page_en.py:18: in select_group\n    text_of_the_button = self.element_is_present_and_clickable(selector_for_sub_group)\npages/base_page.py:40: in element_is_present_and_clickable\n    return (Wait(self.driver, self.timeout).until(\n_ _ _ _ _ _ _ _ _ _ _ _ _ _ _ _ _ _ _ _ _ _ _ _ _ _ _ _ _ _ _ _ _ _ _ _ _ _ _ _ \n\nself = <selenium.webdriver.support.wait.WebDriverWait (session=\"d05079a6d7acd2f3fcce60154343b605\")>\nmethod = <function visibility_of_element_located.<locals>._predicate at 0x7f9097080f40>\nmessage = 'Can\\'t find element by locator (\\'xpath\\', \\'//button[@data-test-active-link=\"Words\"]\\')'\n\n    def until(self, method, message: str = \"\"):\n        \"\"\"Calls the method provided with the driver as an argument until the \\\n        return value does not evaluate to ``False``.\n    \n        :param method: callable(WebDriver)\n        :param message: optional message for :exc:`TimeoutException`\n        :returns: the result of the last call to `method`\n        :raises: :exc:`selenium.common.exceptions.TimeoutException` if timeout occurs\n        \"\"\"\n        screen = None\n        stacktrace = None\n    \n        end_time = time.monotonic() + self._timeout\n        while True:\n            try:\n                value = method(self._driver)\n                if value:\n                    return value\n            except self._ignored_exceptions as exc:\n                screen = getattr(exc, \"screen\", None)\n                stacktrace = getattr(exc, \"stacktrace\", None)\n            time.sleep(self._poll)\n            if time.monotonic() > end_time:\n                break\n>       raise TimeoutException(message, screen, stacktrace)\nE       selenium.common.exceptions.TimeoutException: Message: Can't find element by locator ('xpath', '//button[@data-test-active-link=\"Words\"]')\nE       Stacktrace:\nE       #0 0x5576c99d275a <unknown>\nE       #1 0x5576c94854b0 <unknown>\nE       #2 0x5576c94d69b3 <unknown>\nE       #3 0x5576c94d6ba1 <unknown>\nE       #4 0x5576c95251f4 <unknown>\nE       #5 0x5576c94fc5bd <unknown>\nE       #6 0x5576c95225e0 <unknown>\nE       #7 0x5576c94fc363 <unknown>\nE       #8 0x5576c94c8d63 <unknown>\nE       #9 0x5576c94c99c1 <unknown>\nE       #10 0x5576c9997a6b <unknown>\nE       #11 0x5576c999b951 <unknown>\nE       #12 0x5576c997fb62 <unknown>\nE       #13 0x5576c999c4c4 <unknown>\nE       #14 0x5576c996413f <unknown>\nE       #15 0x5576c99c06f8 <unknown>\nE       #16 0x5576c99c08d6 <unknown>\nE       #17 0x5576c99d15a6 <unknown>\nE       #18 0x7fec9589caa4 <unknown>\nE       #19 0x7fec95929c3c <unknown>\n\n/opt/hostedtoolcache/Python/3.12.10/x64/lib/python3.12/site-packages/selenium/webdriver/support/wait.py:95: TimeoutException",
    "steps" : [ {
      "name" : "select_group",
      "time" : {
        "start" : 1746035529596,
        "stop" : 1746035549795,
        "duration" : 20199
      },
      "status" : "broken",
      "statusMessage" : "selenium.common.exceptions.TimeoutException: Message: Can't find element by locator ('xpath', '//button[@data-test-active-link=\"Words\"]')\nStacktrace:\n#0 0x5576c99d275a <unknown>\n#1 0x5576c94854b0 <unknown>\n#2 0x5576c94d69b3 <unknown>\n#3 0x5576c94d6ba1 <unknown>\n#4 0x5576c95251f4 <unknown>\n#5 0x5576c94fc5bd <unknown>\n#6 0x5576c95225e0 <unknown>\n#7 0x5576c94fc363 <unknown>\n#8 0x5576c94c8d63 <unknown>\n#9 0x5576c94c99c1 <unknown>\n#10 0x5576c9997a6b <unknown>\n#11 0x5576c999b951 <unknown>\n#12 0x5576c997fb62 <unknown>\n#13 0x5576c999c4c4 <unknown>\n#14 0x5576c996413f <unknown>\n#15 0x5576c99c06f8 <unknown>\n#16 0x5576c99c08d6 <unknown>\n#17 0x5576c99d15a6 <unknown>\n#18 0x7fec9589caa4 <unknown>\n#19 0x7fec95929c3c <unknown>\n\n",
      "statusTrace" : "  File \"/opt/hostedtoolcache/Python/3.12.10/x64/lib/python3.12/site-packages/allure_commons/_allure.py\", line 192, in impl\n    return func(*a, **kw)\n           ^^^^^^^^^^^^^^\n  File \"/home/runner/work/auto-tests-python/auto-tests-python/pages/speech_exercises_page_en.py\", line 18, in select_group\n    text_of_the_button = self.element_is_present_and_clickable(selector_for_sub_group)\n                         ^^^^^^^^^^^^^^^^^^^^^^^^^^^^^^^^^^^^^^^^^^^^^^^^^^^^^^^^^^^^^\n  File \"/home/runner/work/auto-tests-python/auto-tests-python/pages/base_page.py\", line 40, in element_is_present_and_clickable\n    return (Wait(self.driver, self.timeout).until(\n            ^^^^^^^^^^^^^^^^^^^^^^^^^^^^^^^^^^^^^^\n  File \"/opt/hostedtoolcache/Python/3.12.10/x64/lib/python3.12/site-packages/selenium/webdriver/support/wait.py\", line 95, in until\n    raise TimeoutException(message, screen, stacktrace)\n",
      "steps" : [ {
        "name" : "Select Russian language. Click \"EN\" button.",
        "time" : {
          "start" : 1746035529596,
          "stop" : 1746035529672,
          "duration" : 76
        },
        "status" : "passed",
        "steps" : [ ],
        "attachments" : [ ],
        "parameters" : [ ],
        "stepsCount" : 0,
        "attachmentsCount" : 0,
        "shouldDisplayMessage" : false,
        "hasContent" : false
      }, {
        "name" : "Click button \"SPEECH EXERCISES\".",
        "time" : {
          "start" : 1746035529672,
          "stop" : 1746035529745,
          "duration" : 73
        },
        "status" : "passed",
        "steps" : [ ],
        "attachments" : [ ],
        "parameters" : [ ],
        "stepsCount" : 0,
        "attachmentsCount" : 0,
        "shouldDisplayMessage" : false,
        "hasContent" : false
      } ],
      "attachments" : [ ],
      "parameters" : [ {
        "name" : "selector_for_sub_group",
        "value" : "('xpath', '//button[@data-test-active-link=\"Words\"]')"
      } ],
      "stepsCount" : 2,
      "attachmentsCount" : 0,
      "shouldDisplayMessage" : true,
      "hasContent" : true
    } ],
    "attachments" : [ ],
    "parameters" : [ ],
    "stepsCount" : 3,
    "attachmentsCount" : 0,
    "shouldDisplayMessage" : true,
    "hasContent" : true
  },
  "afterStages" : [ {
    "name" : "driver::0",
    "time" : {
      "start" : 1746035549833,
      "stop" : 1746035549899,
      "duration" : 66
    },
    "status" : "passed",
    "steps" : [ ],
    "attachments" : [ ],
    "parameters" : [ ],
    "stepsCount" : 0,
    "attachmentsCount" : 0,
    "shouldDisplayMessage" : false,
    "hasContent" : false
  } ],
  "labels" : [ {
    "name" : "epic",
    "value" : "Speech exercises."
  }, {
    "name" : "suite",
    "value" : "Speech exercises EN."
  }, {
    "name" : "tag",
    "value" : "@pytest.mark.xfail"
  }, {
    "name" : "parentSuite",
    "value" : "tests"
  }, {
    "name" : "subSuite",
    "value" : "TestCardsEN"
  }, {
    "name" : "host",
    "value" : "fv-az2246-474"
  }, {
    "name" : "thread",
    "value" : "2409-MainThread"
  }, {
    "name" : "framework",
    "value" : "pytest"
  }, {
    "name" : "language",
    "value" : "cpython3"
  }, {
    "name" : "package",
    "value" : "tests.test_speech_exercises_en"
  }, {
    "name" : "resultFormat",
    "value" : "allure2"
  } ],
  "parameters" : [ ],
  "links" : [ ],
  "hidden" : false,
  "retry" : false,
  "extra" : {
    "severity" : "normal",
    "retries" : [ ],
    "categories" : [ ],
    "history" : {
      "statistic" : {
        "failed" : 0,
        "broken" : 0,
        "skipped" : 124,
        "passed" : 1,
        "unknown" : 0,
        "total" : 125
      },
      "items" : [ {
        "uid" : "757a9d7d548f03b0",
        "reportUrl" : "https://Brain-up.github.io/auto-tests-python/350//#testresult/757a9d7d548f03b0",
        "status" : "skipped",
        "statusDetails" : "XFAIL\n\nselenium.common.exceptions.TimeoutException: Message: Can't find element by locator ('xpath', '//button[@data-test-active-link=\"Words\"]')\nStacktrace:\n#0 0x5619c1025cea <unknown>\n#1 0x5619c0ad65f0 <unknown>\n#2 0x5619c0b27a33 <unknown>\n#3 0x5619c0b27c21 <unknown>\n#4 0x5619c0b76274 <unknown>\n#5 0x5619c0b4d68d <unknown>\n#6 0x5619c0b73660 <unknown>\n#7 0x5619c0b4d433 <unknown>\n#8 0x5619c0b19ea3 <unknown>\n#9 0x5619c0b1ab01 <unknown>\n#10 0x5619c0feab3b <unknown>\n#11 0x5619c0feea21 <unknown>\n#12 0x5619c0fd1c32 <unknown>\n#13 0x5619c0fef594 <unknown>\n#14 0x5619c0fb5eef <unknown>\n#15 0x5619c1013d98 <unknown>\n#16 0x5619c1013f76 <unknown>\n#17 0x5619c1024b36 <unknown>\n#18 0x7fd527e9caa4 <unknown>\n#19 0x7fd527f29c3c <unknown>",
        "time" : {
          "start" : 1745976608914,
          "stop" : 1745976629181,
          "duration" : 20267
        }
      }, {
        "uid" : "544cbc597968cf36",
        "reportUrl" : "https://Brain-up.github.io/auto-tests-python/349//#testresult/544cbc597968cf36",
        "status" : "skipped",
        "statusDetails" : "XFAIL\n\nselenium.common.exceptions.TimeoutException: Message: Can't find element by locator ('xpath', '//button[@data-test-active-link=\"Words\"]')\nStacktrace:\n#0 0x5570f7d35cea <unknown>\n#1 0x5570f77e65f0 <unknown>\n#2 0x5570f7837a33 <unknown>\n#3 0x5570f7837c21 <unknown>\n#4 0x5570f7886274 <unknown>\n#5 0x5570f785d68d <unknown>\n#6 0x5570f7883660 <unknown>\n#7 0x5570f785d433 <unknown>\n#8 0x5570f7829ea3 <unknown>\n#9 0x5570f782ab01 <unknown>\n#10 0x5570f7cfab3b <unknown>\n#11 0x5570f7cfea21 <unknown>\n#12 0x5570f7ce1c32 <unknown>\n#13 0x5570f7cff594 <unknown>\n#14 0x5570f7cc5eef <unknown>\n#15 0x5570f7d23d98 <unknown>\n#16 0x5570f7d23f76 <unknown>\n#17 0x5570f7d34b36 <unknown>\n#18 0x7f1f3e29caa4 <unknown>\n#19 0x7f1f3e329c3c <unknown>",
        "time" : {
          "start" : 1745889957980,
          "stop" : 1745889978187,
          "duration" : 20207
        }
      }, {
        "uid" : "7669fc1f5821c5f1",
        "reportUrl" : "https://Brain-up.github.io/auto-tests-python/554//#testresult/7669fc1f5821c5f1",
        "status" : "skipped",
        "statusDetails" : "XFAIL\n\nselenium.common.exceptions.TimeoutException: Message: Can't find element by locator ('xpath', '//button[@data-test-active-link=\"Words\"]')\nStacktrace:\n#0 0x5602f8f7575a <unknown>\n#1 0x5602f8a284b0 <unknown>\n#2 0x5602f8a799b3 <unknown>\n#3 0x5602f8a79ba1 <unknown>\n#4 0x5602f8ac81f4 <unknown>\n#5 0x5602f8a9f5bd <unknown>\n#6 0x5602f8ac55e0 <unknown>\n#7 0x5602f8a9f363 <unknown>\n#8 0x5602f8a6bd63 <unknown>\n#9 0x5602f8a6c9c1 <unknown>\n#10 0x5602f8f3aa6b <unknown>\n#11 0x5602f8f3e951 <unknown>\n#12 0x5602f8f22b62 <unknown>\n#13 0x5602f8f3f4c4 <unknown>\n#14 0x5602f8f0713f <unknown>\n#15 0x5602f8f636f8 <unknown>\n#16 0x5602f8f638d6 <unknown>\n#17 0x5602f8f745a6 <unknown>\n#18 0x7f547289caa4 <unknown>\n#19 0x7f5472929c3c <unknown>",
        "time" : {
          "start" : 1745877567822,
          "stop" : 1745877588050,
          "duration" : 20228
        }
      }, {
        "uid" : "a7bb1e312e7ad55c",
        "reportUrl" : "https://Brain-up.github.io/auto-tests-python/553//#testresult/a7bb1e312e7ad55c",
        "status" : "skipped",
        "statusDetails" : "XFAIL\n\nselenium.common.exceptions.TimeoutException: Message: Can't find element by locator ('xpath', '//button[@data-test-active-link=\"Words\"]')\nStacktrace:\n#0 0x56278a2adcea <unknown>\n#1 0x562789d5e5f0 <unknown>\n#2 0x562789dafa33 <unknown>\n#3 0x562789dafc21 <unknown>\n#4 0x562789dfe274 <unknown>\n#5 0x562789dd568d <unknown>\n#6 0x562789dfb660 <unknown>\n#7 0x562789dd5433 <unknown>\n#8 0x562789da1ea3 <unknown>\n#9 0x562789da2b01 <unknown>\n#10 0x56278a272b3b <unknown>\n#11 0x56278a276a21 <unknown>\n#12 0x56278a259c32 <unknown>\n#13 0x56278a277594 <unknown>\n#14 0x56278a23deef <unknown>\n#15 0x56278a29bd98 <unknown>\n#16 0x56278a29bf76 <unknown>\n#17 0x56278a2acb36 <unknown>\n#18 0x7fb95929caa4 <unknown>\n#19 0x7fb959329c3c <unknown>",
        "time" : {
          "start" : 1745866403130,
          "stop" : 1745866423305,
          "duration" : 20175
        }
      }, {
        "uid" : "8aad7907b596e024",
        "reportUrl" : "https://Brain-up.github.io/auto-tests-python/348//#testresult/8aad7907b596e024",
        "status" : "skipped",
        "statusDetails" : "XFAIL\n\nselenium.common.exceptions.TimeoutException: Message: Can't find element by locator ('xpath', '//button[@data-test-active-link=\"Words\"]')\nStacktrace:\n#0 0x55e0c4f6bcea <unknown>\n#1 0x55e0c4a1c5f0 <unknown>\n#2 0x55e0c4a6da33 <unknown>\n#3 0x55e0c4a6dc21 <unknown>\n#4 0x55e0c4abc274 <unknown>\n#5 0x55e0c4a9368d <unknown>\n#6 0x55e0c4ab9660 <unknown>\n#7 0x55e0c4a93433 <unknown>\n#8 0x55e0c4a5fea3 <unknown>\n#9 0x55e0c4a60b01 <unknown>\n#10 0x55e0c4f30b3b <unknown>\n#11 0x55e0c4f34a21 <unknown>\n#12 0x55e0c4f17c32 <unknown>\n#13 0x55e0c4f35594 <unknown>\n#14 0x55e0c4efbeef <unknown>\n#15 0x55e0c4f59d98 <unknown>\n#16 0x55e0c4f59f76 <unknown>\n#17 0x55e0c4f6ab36 <unknown>\n#18 0x7fd81369caa4 <unknown>\n#19 0x7fd813729c3c <unknown>",
        "time" : {
          "start" : 1745804006783,
          "stop" : 1745804027441,
          "duration" : 20658
        }
      }, {
        "uid" : "1c81c852d24d07cc",
        "reportUrl" : "https://Brain-up.github.io/auto-tests-python/552//#testresult/1c81c852d24d07cc",
        "status" : "skipped",
        "statusDetails" : "XFAIL\n\nselenium.common.exceptions.TimeoutException: Message: Can't find element by locator ('xpath', '//button[@data-test-active-link=\"Words\"]')\nStacktrace:\n#0 0x55ae9c963cea <unknown>\n#1 0x55ae9c4145f0 <unknown>\n#2 0x55ae9c465a33 <unknown>\n#3 0x55ae9c465c21 <unknown>\n#4 0x55ae9c4b4274 <unknown>\n#5 0x55ae9c48b68d <unknown>\n#6 0x55ae9c4b1660 <unknown>\n#7 0x55ae9c48b433 <unknown>\n#8 0x55ae9c457ea3 <unknown>\n#9 0x55ae9c458b01 <unknown>\n#10 0x55ae9c928b3b <unknown>\n#11 0x55ae9c92ca21 <unknown>\n#12 0x55ae9c90fc32 <unknown>\n#13 0x55ae9c92d594 <unknown>\n#14 0x55ae9c8f3eef <unknown>\n#15 0x55ae9c951d98 <unknown>\n#16 0x55ae9c951f76 <unknown>\n#17 0x55ae9c962b36 <unknown>\n#18 0x7f6787c9caa4 <unknown>\n#19 0x7f6787d29c3c <unknown>",
        "time" : {
          "start" : 1745773648465,
          "stop" : 1745773669114,
          "duration" : 20649
        }
      }, {
        "uid" : "bd63243bb04cb2ee",
        "reportUrl" : "https://Brain-up.github.io/auto-tests-python/347//#testresult/bd63243bb04cb2ee",
        "status" : "skipped",
        "statusDetails" : "XFAIL\n\nselenium.common.exceptions.TimeoutException: Message: Can't find element by locator ('xpath', '//button[@data-test-active-link=\"Words\"]')\nStacktrace:\n#0 0x559a1ec8ecea <unknown>\n#1 0x559a1e73f5f0 <unknown>\n#2 0x559a1e790a33 <unknown>\n#3 0x559a1e790c21 <unknown>\n#4 0x559a1e7df274 <unknown>\n#5 0x559a1e7b668d <unknown>\n#6 0x559a1e7dc660 <unknown>\n#7 0x559a1e7b6433 <unknown>\n#8 0x559a1e782ea3 <unknown>\n#9 0x559a1e783b01 <unknown>\n#10 0x559a1ec53b3b <unknown>\n#11 0x559a1ec57a21 <unknown>\n#12 0x559a1ec3ac32 <unknown>\n#13 0x559a1ec58594 <unknown>\n#14 0x559a1ec1eeef <unknown>\n#15 0x559a1ec7cd98 <unknown>\n#16 0x559a1ec7cf76 <unknown>\n#17 0x559a1ec8db36 <unknown>\n#18 0x7fdd1cc9caa4 <unknown>\n#19 0x7fdd1cd29c3c <unknown>",
        "time" : {
          "start" : 1745717480394,
          "stop" : 1745717501051,
          "duration" : 20657
        }
      }, {
        "uid" : "b453ba3fb09406d0",
        "reportUrl" : "https://Brain-up.github.io/auto-tests-python/551//#testresult/b453ba3fb09406d0",
        "status" : "skipped",
        "statusDetails" : "XFAIL\n\nselenium.common.exceptions.TimeoutException: Message: Can't find element by locator ('xpath', '//button[@data-test-active-link=\"Words\"]')\nStacktrace:\n#0 0x5573c7a63cea <unknown>\n#1 0x5573c75145f0 <unknown>\n#2 0x5573c7565a33 <unknown>\n#3 0x5573c7565c21 <unknown>\n#4 0x5573c75b4274 <unknown>\n#5 0x5573c758b68d <unknown>\n#6 0x5573c75b1660 <unknown>\n#7 0x5573c758b433 <unknown>\n#8 0x5573c7557ea3 <unknown>\n#9 0x5573c7558b01 <unknown>\n#10 0x5573c7a28b3b <unknown>\n#11 0x5573c7a2ca21 <unknown>\n#12 0x5573c7a0fc32 <unknown>\n#13 0x5573c7a2d594 <unknown>\n#14 0x5573c79f3eef <unknown>\n#15 0x5573c7a51d98 <unknown>\n#16 0x5573c7a51f76 <unknown>\n#17 0x5573c7a62b36 <unknown>\n#18 0x7f0fc489caa4 <unknown>\n#19 0x7f0fc4929c3c <unknown>",
        "time" : {
          "start" : 1745701603905,
          "stop" : 1745701624560,
          "duration" : 20655
        }
      }, {
        "uid" : "d4f8f3b24fd39e26",
        "reportUrl" : "https://Brain-up.github.io/auto-tests-python/346//#testresult/d4f8f3b24fd39e26",
        "status" : "skipped",
        "statusDetails" : "XFAIL\n\nselenium.common.exceptions.TimeoutException: Message: Can't find element by locator ('xpath', '//button[@data-test-active-link=\"Words\"]')\nStacktrace:\n#0 0x55ee99293cea <unknown>\n#1 0x55ee98d445f0 <unknown>\n#2 0x55ee98d95a33 <unknown>\n#3 0x55ee98d95c21 <unknown>\n#4 0x55ee98de4274 <unknown>\n#5 0x55ee98dbb68d <unknown>\n#6 0x55ee98de1660 <unknown>\n#7 0x55ee98dbb433 <unknown>\n#8 0x55ee98d87ea3 <unknown>\n#9 0x55ee98d88b01 <unknown>\n#10 0x55ee99258b3b <unknown>\n#11 0x55ee9925ca21 <unknown>\n#12 0x55ee9923fc32 <unknown>\n#13 0x55ee9925d594 <unknown>\n#14 0x55ee99223eef <unknown>\n#15 0x55ee99281d98 <unknown>\n#16 0x55ee99281f76 <unknown>\n#17 0x55ee99292b36 <unknown>\n#18 0x7fa07729caa4 <unknown>\n#19 0x7fa077329c3c <unknown>",
        "time" : {
          "start" : 1745630500774,
          "stop" : 1745630521404,
          "duration" : 20630
        }
      }, {
        "uid" : "14141d3f946c41b5",
        "reportUrl" : "https://Brain-up.github.io/auto-tests-python/550//#testresult/14141d3f946c41b5",
        "status" : "skipped",
        "statusDetails" : "XFAIL\n\nselenium.common.exceptions.TimeoutException: Message: Can't find element by locator ('xpath', '//button[@data-test-active-link=\"Words\"]')\nStacktrace:\n#0 0x559f1e15ecea <unknown>\n#1 0x559f1dc0f5f0 <unknown>\n#2 0x559f1dc60a33 <unknown>\n#3 0x559f1dc60c21 <unknown>\n#4 0x559f1dcaf274 <unknown>\n#5 0x559f1dc8668d <unknown>\n#6 0x559f1dcac660 <unknown>\n#7 0x559f1dc86433 <unknown>\n#8 0x559f1dc52ea3 <unknown>\n#9 0x559f1dc53b01 <unknown>\n#10 0x559f1e123b3b <unknown>\n#11 0x559f1e127a21 <unknown>\n#12 0x559f1e10ac32 <unknown>\n#13 0x559f1e128594 <unknown>\n#14 0x559f1e0eeeef <unknown>\n#15 0x559f1e14cd98 <unknown>\n#16 0x559f1e14cf76 <unknown>\n#17 0x559f1e15db36 <unknown>\n#18 0x7f75efc9caa4 <unknown>\n#19 0x7f75efd29c3c <unknown>",
        "time" : {
          "start" : 1745565164564,
          "stop" : 1745565185207,
          "duration" : 20643
        }
      }, {
        "uid" : "fe981fac4a910a79",
        "reportUrl" : "https://Brain-up.github.io/auto-tests-python/345//#testresult/fe981fac4a910a79",
        "status" : "skipped",
        "statusDetails" : "XFAIL\n\nselenium.common.exceptions.TimeoutException: Message: Can't find element by locator ('xpath', '//button[@data-test-active-link=\"Words\"]')\nStacktrace:\n#0 0x563cb95ffcea <unknown>\n#1 0x563cb90b05f0 <unknown>\n#2 0x563cb9101a33 <unknown>\n#3 0x563cb9101c21 <unknown>\n#4 0x563cb9150274 <unknown>\n#5 0x563cb912768d <unknown>\n#6 0x563cb914d660 <unknown>\n#7 0x563cb9127433 <unknown>\n#8 0x563cb90f3ea3 <unknown>\n#9 0x563cb90f4b01 <unknown>\n#10 0x563cb95c4b3b <unknown>\n#11 0x563cb95c8a21 <unknown>\n#12 0x563cb95abc32 <unknown>\n#13 0x563cb95c9594 <unknown>\n#14 0x563cb958feef <unknown>\n#15 0x563cb95edd98 <unknown>\n#16 0x563cb95edf76 <unknown>\n#17 0x563cb95feb36 <unknown>\n#18 0x7f0b2949caa4 <unknown>\n#19 0x7f0b29529c3c <unknown>",
        "time" : {
          "start" : 1745544374984,
          "stop" : 1745544395159,
          "duration" : 20175
        }
      }, {
        "uid" : "ee5093c1f1c09424",
        "reportUrl" : "https://Brain-up.github.io/auto-tests-python/549//#testresult/ee5093c1f1c09424",
        "status" : "skipped",
        "statusDetails" : "XFAIL\n\nselenium.common.exceptions.TimeoutException: Message: Can't find element by locator ('xpath', '//button[@data-test-active-link=\"Words\"]')\nStacktrace:\n#0 0x5576db4e2cea <unknown>\n#1 0x5576daf935f0 <unknown>\n#2 0x5576dafe4a33 <unknown>\n#3 0x5576dafe4c21 <unknown>\n#4 0x5576db033274 <unknown>\n#5 0x5576db00a68d <unknown>\n#6 0x5576db030660 <unknown>\n#7 0x5576db00a433 <unknown>\n#8 0x5576dafd6ea3 <unknown>\n#9 0x5576dafd7b01 <unknown>\n#10 0x5576db4a7b3b <unknown>\n#11 0x5576db4aba21 <unknown>\n#12 0x5576db48ec32 <unknown>\n#13 0x5576db4ac594 <unknown>\n#14 0x5576db472eef <unknown>\n#15 0x5576db4d0d98 <unknown>\n#16 0x5576db4d0f76 <unknown>\n#17 0x5576db4e1b36 <unknown>\n#18 0x7f68c069caa4 <unknown>\n#19 0x7f68c0729c3c <unknown>",
        "time" : {
          "start" : 1745519324915,
          "stop" : 1745519345093,
          "duration" : 20178
        }
      }, {
        "uid" : "1f750edeca645d5c",
        "reportUrl" : "https://Brain-up.github.io/auto-tests-python/344//#testresult/1f750edeca645d5c",
        "status" : "skipped",
        "statusDetails" : "XFAIL\n\nselenium.common.exceptions.TimeoutException: Message: Can't find element by locator ('xpath', '//button[@data-test-active-link=\"Words\"]')\nStacktrace:\n#0 0x55cd0ab95cea <unknown>\n#1 0x55cd0a6465f0 <unknown>\n#2 0x55cd0a697a33 <unknown>\n#3 0x55cd0a697c21 <unknown>\n#4 0x55cd0a6e6274 <unknown>\n#5 0x55cd0a6bd68d <unknown>\n#6 0x55cd0a6e3660 <unknown>\n#7 0x55cd0a6bd433 <unknown>\n#8 0x55cd0a689ea3 <unknown>\n#9 0x55cd0a68ab01 <unknown>\n#10 0x55cd0ab5ab3b <unknown>\n#11 0x55cd0ab5ea21 <unknown>\n#12 0x55cd0ab41c32 <unknown>\n#13 0x55cd0ab5f594 <unknown>\n#14 0x55cd0ab25eef <unknown>\n#15 0x55cd0ab83d98 <unknown>\n#16 0x55cd0ab83f76 <unknown>\n#17 0x55cd0ab94b36 <unknown>\n#18 0x7f369289caa4 <unknown>\n#19 0x7f3692929c3c <unknown>",
        "time" : {
          "start" : 1745457915142,
          "stop" : 1745457935789,
          "duration" : 20647
        }
      }, {
        "uid" : "a42c8342367a9fe6",
        "reportUrl" : "https://Brain-up.github.io/auto-tests-python/548//#testresult/a42c8342367a9fe6",
        "status" : "skipped",
        "statusDetails" : "XFAIL\n\nselenium.common.exceptions.TimeoutException: Message: Can't find element by locator ('xpath', '//button[@data-test-active-link=\"Words\"]')\nStacktrace:\n#0 0x5565db3dacea <unknown>\n#1 0x5565dae8b5f0 <unknown>\n#2 0x5565daedca33 <unknown>\n#3 0x5565daedcc21 <unknown>\n#4 0x5565daf2b274 <unknown>\n#5 0x5565daf0268d <unknown>\n#6 0x5565daf28660 <unknown>\n#7 0x5565daf02433 <unknown>\n#8 0x5565daeceea3 <unknown>\n#9 0x5565daecfb01 <unknown>\n#10 0x5565db39fb3b <unknown>\n#11 0x5565db3a3a21 <unknown>\n#12 0x5565db386c32 <unknown>\n#13 0x5565db3a4594 <unknown>\n#14 0x5565db36aeef <unknown>\n#15 0x5565db3c8d98 <unknown>\n#16 0x5565db3c8f76 <unknown>\n#17 0x5565db3d9b36 <unknown>\n#18 0x7f1c99a9caa4 <unknown>\n#19 0x7f1c99b29c3c <unknown>",
        "time" : {
          "start" : 1745427456328,
          "stop" : 1745427476685,
          "duration" : 20357
        }
      }, {
        "uid" : "acef8a6cc52dee23",
        "reportUrl" : "https://Brain-up.github.io/auto-tests-python/343//#testresult/acef8a6cc52dee23",
        "status" : "skipped",
        "statusDetails" : "XFAIL\n\nselenium.common.exceptions.TimeoutException: Message: Can't find element by locator ('xpath', '//button[@data-test-active-link=\"Words\"]')\nStacktrace:\n#0 0x563db1e19d0a <unknown>\n#1 0x563db18ca5f0 <unknown>\n#2 0x563db191ba33 <unknown>\n#3 0x563db191bc21 <unknown>\n#4 0x563db196a274 <unknown>\n#5 0x563db194168d <unknown>\n#6 0x563db1967660 <unknown>\n#7 0x563db1941433 <unknown>\n#8 0x563db190dea3 <unknown>\n#9 0x563db190eb01 <unknown>\n#10 0x563db1ddeb5b <unknown>\n#11 0x563db1de2a41 <unknown>\n#12 0x563db1dc5c52 <unknown>\n#13 0x563db1de35b4 <unknown>\n#14 0x563db1da9f0f <unknown>\n#15 0x563db1e07db8 <unknown>\n#16 0x563db1e07f96 <unknown>\n#17 0x563db1e18b56 <unknown>\n#18 0x7f7779c9caa4 <unknown>\n#19 0x7f7779d29c3c <unknown>",
        "time" : {
          "start" : 1745371711667,
          "stop" : 1745371731812,
          "duration" : 20145
        }
      }, {
        "uid" : "1b4eb04a8243b71e",
        "reportUrl" : "https://Brain-up.github.io/auto-tests-python/547//#testresult/1b4eb04a8243b71e",
        "status" : "skipped",
        "statusDetails" : "XFAIL\n\nselenium.common.exceptions.TimeoutException: Message: Can't find element by locator ('xpath', '//button[@data-test-active-link=\"Words\"]')\nStacktrace:\n#0 0x561439dfed0a <unknown>\n#1 0x5614398af5f0 <unknown>\n#2 0x561439900a33 <unknown>\n#3 0x561439900c21 <unknown>\n#4 0x56143994f274 <unknown>\n#5 0x56143992668d <unknown>\n#6 0x56143994c660 <unknown>\n#7 0x561439926433 <unknown>\n#8 0x5614398f2ea3 <unknown>\n#9 0x5614398f3b01 <unknown>\n#10 0x561439dc3b5b <unknown>\n#11 0x561439dc7a41 <unknown>\n#12 0x561439daac52 <unknown>\n#13 0x561439dc85b4 <unknown>\n#14 0x561439d8ef0f <unknown>\n#15 0x561439decdb8 <unknown>\n#16 0x561439decf96 <unknown>\n#17 0x561439dfdb56 <unknown>\n#18 0x7fb41429caa4 <unknown>\n#19 0x7fb414329c3c <unknown>",
        "time" : {
          "start" : 1745349108689,
          "stop" : 1745349128918,
          "duration" : 20229
        }
      }, {
        "uid" : "8d0b809b8f6536af",
        "reportUrl" : "https://Brain-up.github.io/auto-tests-python/342//#testresult/8d0b809b8f6536af",
        "status" : "skipped",
        "statusDetails" : "XFAIL\n\nselenium.common.exceptions.TimeoutException: Message: Can't find element by locator ('xpath', '//button[@data-test-active-link=\"Words\"]')\nStacktrace:\n#0 0x5615e17edd0a <unknown>\n#1 0x5615e129e5f0 <unknown>\n#2 0x5615e12efa33 <unknown>\n#3 0x5615e12efc21 <unknown>\n#4 0x5615e133e274 <unknown>\n#5 0x5615e131568d <unknown>\n#6 0x5615e133b660 <unknown>\n#7 0x5615e1315433 <unknown>\n#8 0x5615e12e1ea3 <unknown>\n#9 0x5615e12e2b01 <unknown>\n#10 0x5615e17b2b5b <unknown>\n#11 0x5615e17b6a41 <unknown>\n#12 0x5615e1799c52 <unknown>\n#13 0x5615e17b75b4 <unknown>\n#14 0x5615e177df0f <unknown>\n#15 0x5615e17dbdb8 <unknown>\n#16 0x5615e17dbf96 <unknown>\n#17 0x5615e17ecb56 <unknown>\n#18 0x7f649089caa4 <unknown>\n#19 0x7f6490929c3c <unknown>",
        "time" : {
          "start" : 1745285310636,
          "stop" : 1745285330965,
          "duration" : 20329
        }
      }, {
        "uid" : "721aff38155da712",
        "reportUrl" : "https://Brain-up.github.io/auto-tests-python/546//#testresult/721aff38155da712",
        "status" : "skipped",
        "statusDetails" : "XFAIL\n\nselenium.common.exceptions.TimeoutException: Message: Can't find element by locator ('xpath', '//button[@data-test-active-link=\"Words\"]')\nStacktrace:\n#0 0x55adf925cd0a <unknown>\n#1 0x55adf8d0d5f0 <unknown>\n#2 0x55adf8d5ea33 <unknown>\n#3 0x55adf8d5ec21 <unknown>\n#4 0x55adf8dad274 <unknown>\n#5 0x55adf8d8468d <unknown>\n#6 0x55adf8daa660 <unknown>\n#7 0x55adf8d84433 <unknown>\n#8 0x55adf8d50ea3 <unknown>\n#9 0x55adf8d51b01 <unknown>\n#10 0x55adf9221b5b <unknown>\n#11 0x55adf9225a41 <unknown>\n#12 0x55adf9208c52 <unknown>\n#13 0x55adf92265b4 <unknown>\n#14 0x55adf91ecf0f <unknown>\n#15 0x55adf924adb8 <unknown>\n#16 0x55adf924af96 <unknown>\n#17 0x55adf925bb56 <unknown>\n#18 0x7f1acc89caa4 <unknown>\n#19 0x7f1acc929c3c <unknown>",
        "time" : {
          "start" : 1745260174308,
          "stop" : 1745260194956,
          "duration" : 20648
        }
      }, {
        "uid" : "810d8a0a4d910aeb",
        "reportUrl" : "https://Brain-up.github.io/auto-tests-python/545//#testresult/810d8a0a4d910aeb",
        "status" : "skipped",
        "statusDetails" : "XFAIL\n\nselenium.common.exceptions.TimeoutException: Message: Can't find element by locator ('xpath', '//button[@data-test-active-link=\"Words\"]')\nStacktrace:\n#0 0x55a592fffd0a <unknown>\n#1 0x55a592ab05f0 <unknown>\n#2 0x55a592b01a33 <unknown>\n#3 0x55a592b01c21 <unknown>\n#4 0x55a592b50274 <unknown>\n#5 0x55a592b2768d <unknown>\n#6 0x55a592b4d660 <unknown>\n#7 0x55a592b27433 <unknown>\n#8 0x55a592af3ea3 <unknown>\n#9 0x55a592af4b01 <unknown>\n#10 0x55a592fc4b5b <unknown>\n#11 0x55a592fc8a41 <unknown>\n#12 0x55a592fabc52 <unknown>\n#13 0x55a592fc95b4 <unknown>\n#14 0x55a592f8ff0f <unknown>\n#15 0x55a592feddb8 <unknown>\n#16 0x55a592fedf96 <unknown>\n#17 0x55a592ffeb56 <unknown>\n#18 0x7f6486c9caa4 <unknown>\n#19 0x7f6486d29c3c <unknown>",
        "time" : {
          "start" : 1745190836275,
          "stop" : 1745190856446,
          "duration" : 20171
        }
      }, {
        "uid" : "2d82c16e9c04c944",
        "reportUrl" : "https://Brain-up.github.io/auto-tests-python/340//#testresult/2d82c16e9c04c944",
        "status" : "skipped",
        "statusDetails" : "XFAIL\n\nselenium.common.exceptions.TimeoutException: Message: Can't find element by locator ('xpath', '//button[@data-test-active-link=\"Words\"]')\nStacktrace:\n#0 0x562877ff0d0a <unknown>\n#1 0x562877aa15f0 <unknown>\n#2 0x562877af2a33 <unknown>\n#3 0x562877af2c21 <unknown>\n#4 0x562877b41274 <unknown>\n#5 0x562877b1868d <unknown>\n#6 0x562877b3e660 <unknown>\n#7 0x562877b18433 <unknown>\n#8 0x562877ae4ea3 <unknown>\n#9 0x562877ae5b01 <unknown>\n#10 0x562877fb5b5b <unknown>\n#11 0x562877fb9a41 <unknown>\n#12 0x562877f9cc52 <unknown>\n#13 0x562877fba5b4 <unknown>\n#14 0x562877f80f0f <unknown>\n#15 0x562877fdedb8 <unknown>\n#16 0x562877fdef96 <unknown>\n#17 0x562877fefb56 <unknown>\n#18 0x7f463709caa4 <unknown>\n#19 0x7f4637129c3c <unknown>",
        "time" : {
          "start" : 1745112512577,
          "stop" : 1745112532765,
          "duration" : 20188
        }
      } ]
    },
    "tags" : [ "@pytest.mark.xfail" ]
  },
  "source" : "51a208120398bd81.json",
  "parameterValues" : [ ]
}