{
  "uid" : "a0ac71f226b5f055",
  "name" : "Solutions to a random task in the \"Слова\" .",
  "fullName" : "tests.test_speech_exercises_ru.TestCardsRU#test_solve_word_cards_ru",
  "historyId" : "97a1dfc93de55b98f3507f18d0af26f8",
  "time" : {
    "start" : 1746035740938,
    "stop" : 1746035761015,
    "duration" : 20077
  },
  "status" : "skipped",
  "statusMessage" : "XFAIL\n\nselenium.common.exceptions.TimeoutException: Message: Can't find element by locator ('xpath', '//a[text()=\"Упражнения\"]')\nStacktrace:\n#0 0x55e1b41c375a <unknown>\n#1 0x55e1b3c764b0 <unknown>\n#2 0x55e1b3cc79b3 <unknown>\n#3 0x55e1b3cc7ba1 <unknown>\n#4 0x55e1b3d161f4 <unknown>\n#5 0x55e1b3ced5bd <unknown>\n#6 0x55e1b3d135e0 <unknown>\n#7 0x55e1b3ced363 <unknown>\n#8 0x55e1b3cb9d63 <unknown>\n#9 0x55e1b3cba9c1 <unknown>\n#10 0x55e1b4188a6b <unknown>\n#11 0x55e1b418c951 <unknown>\n#12 0x55e1b4170b62 <unknown>\n#13 0x55e1b418d4c4 <unknown>\n#14 0x55e1b415513f <unknown>\n#15 0x55e1b41b16f8 <unknown>\n#16 0x55e1b41b18d6 <unknown>\n#17 0x55e1b41c25a6 <unknown>\n#18 0x7f218129caa4 <unknown>\n#19 0x7f2181329c3c <unknown>",
  "statusTrace" : "self = <tests.test_speech_exercises_ru.TestCardsRU object at 0x7f9096f46e10>\ndriver = <selenium.webdriver.chrome.webdriver.WebDriver (session=\"5f4cb3c47fe0a1a911b40cbdbedb66bf\")>\ndefault_user_authorized = None\n\n    @pytest.mark.xfail\n    @allure.suite(\"Речевые упражнения.\")\n    @allure.title('Solutions to a random task in the \"Слова\" .')\n    def test_solve_word_cards_ru(self, driver, default_user_authorized):\n        page = SpeechExercisesPageRU(driver)\n>       page.click_button_exercises()\n\ntests/test_speech_exercises_ru.py:124: \n_ _ _ _ _ _ _ _ _ _ _ _ _ _ _ _ _ _ _ _ _ _ _ _ _ _ _ _ _ _ _ _ _ _ _ _ _ _ _ _ \npages/speech_exercises_page_ru.py:199: in click_button_exercises\n    button = self.element_is_present_and_clickable(self.locators.AuthorizedUserHomePageLocators.BUTTON_EXERCISES_RU)\npages/base_page.py:40: in element_is_present_and_clickable\n    return (Wait(self.driver, self.timeout).until(\n_ _ _ _ _ _ _ _ _ _ _ _ _ _ _ _ _ _ _ _ _ _ _ _ _ _ _ _ _ _ _ _ _ _ _ _ _ _ _ _ \n\nself = <selenium.webdriver.support.wait.WebDriverWait (session=\"5f4cb3c47fe0a1a911b40cbdbedb66bf\")>\nmethod = <function visibility_of_element_located.<locals>._predicate at 0x7f9097081940>\nmessage = 'Can\\'t find element by locator (\\'xpath\\', \\'//a[text()=\"Упражнения\"]\\')'\n\n    def until(self, method, message: str = \"\"):\n        \"\"\"Calls the method provided with the driver as an argument until the \\\n        return value does not evaluate to ``False``.\n    \n        :param method: callable(WebDriver)\n        :param message: optional message for :exc:`TimeoutException`\n        :returns: the result of the last call to `method`\n        :raises: :exc:`selenium.common.exceptions.TimeoutException` if timeout occurs\n        \"\"\"\n        screen = None\n        stacktrace = None\n    \n        end_time = time.monotonic() + self._timeout\n        while True:\n            try:\n                value = method(self._driver)\n                if value:\n                    return value\n            except self._ignored_exceptions as exc:\n                screen = getattr(exc, \"screen\", None)\n                stacktrace = getattr(exc, \"stacktrace\", None)\n            time.sleep(self._poll)\n            if time.monotonic() > end_time:\n                break\n>       raise TimeoutException(message, screen, stacktrace)\nE       selenium.common.exceptions.TimeoutException: Message: Can't find element by locator ('xpath', '//a[text()=\"Упражнения\"]')\nE       Stacktrace:\nE       #0 0x55e1b41c375a <unknown>\nE       #1 0x55e1b3c764b0 <unknown>\nE       #2 0x55e1b3cc79b3 <unknown>\nE       #3 0x55e1b3cc7ba1 <unknown>\nE       #4 0x55e1b3d161f4 <unknown>\nE       #5 0x55e1b3ced5bd <unknown>\nE       #6 0x55e1b3d135e0 <unknown>\nE       #7 0x55e1b3ced363 <unknown>\nE       #8 0x55e1b3cb9d63 <unknown>\nE       #9 0x55e1b3cba9c1 <unknown>\nE       #10 0x55e1b4188a6b <unknown>\nE       #11 0x55e1b418c951 <unknown>\nE       #12 0x55e1b4170b62 <unknown>\nE       #13 0x55e1b418d4c4 <unknown>\nE       #14 0x55e1b415513f <unknown>\nE       #15 0x55e1b41b16f8 <unknown>\nE       #16 0x55e1b41b18d6 <unknown>\nE       #17 0x55e1b41c25a6 <unknown>\nE       #18 0x7f218129caa4 <unknown>\nE       #19 0x7f2181329c3c <unknown>\n\n/opt/hostedtoolcache/Python/3.12.10/x64/lib/python3.12/site-packages/selenium/webdriver/support/wait.py:95: TimeoutException",
  "flaky" : false,
  "newFailed" : false,
  "beforeStages" : [ {
    "name" : "main_page_open",
    "time" : {
      "start" : 1746035735390,
      "stop" : 1746035737972,
      "duration" : 2582
    },
    "status" : "passed",
    "steps" : [ {
      "name" : "Open page: https://www.brainup.site/",
      "time" : {
        "start" : 1746035735390,
        "stop" : 1746035737972,
        "duration" : 2582
      },
      "status" : "passed",
      "steps" : [ ],
      "attachments" : [ ],
      "parameters" : [ {
        "name" : "driver",
        "value" : "<selenium.webdriver.chrome.webdriver.WebDriver (session=\"5f4cb3c47fe0a1a911b40cbdbedb66bf\")>"
      } ],
      "stepsCount" : 0,
      "attachmentsCount" : 0,
      "shouldDisplayMessage" : false,
      "hasContent" : true
    } ],
    "attachments" : [ ],
    "parameters" : [ ],
    "stepsCount" : 1,
    "attachmentsCount" : 0,
    "shouldDisplayMessage" : false,
    "hasContent" : true
  }, {
    "name" : "clear_allure_results_folder",
    "time" : {
      "start" : 1746034192776,
      "stop" : 1746034192776,
      "duration" : 0
    },
    "status" : "passed",
    "steps" : [ ],
    "attachments" : [ ],
    "parameters" : [ ],
    "stepsCount" : 0,
    "attachmentsCount" : 0,
    "shouldDisplayMessage" : false,
    "hasContent" : false
  }, {
    "name" : "default_user_authorized",
    "time" : {
      "start" : 1746035737972,
      "stop" : 1746035740938,
      "duration" : 2966
    },
    "status" : "passed",
    "steps" : [ {
      "name" : "DEFAULT user authorized",
      "time" : {
        "start" : 1746035737972,
        "stop" : 1746035740938,
        "duration" : 2966
      },
      "status" : "passed",
      "steps" : [ {
        "name" : "Check url is present: https://www.brainup.site/groups",
        "time" : {
          "start" : 1746035738394,
          "stop" : 1746035740916,
          "duration" : 2522
        },
        "status" : "passed",
        "steps" : [ ],
        "attachments" : [ ],
        "parameters" : [ ],
        "stepsCount" : 0,
        "attachmentsCount" : 0,
        "shouldDisplayMessage" : false,
        "hasContent" : false
      }, {
        "name" : "Loader checking",
        "time" : {
          "start" : 1746035740916,
          "stop" : 1746035740938,
          "duration" : 22
        },
        "status" : "passed",
        "steps" : [ ],
        "attachments" : [ ],
        "parameters" : [ ],
        "stepsCount" : 0,
        "attachmentsCount" : 0,
        "shouldDisplayMessage" : false,
        "hasContent" : false
      } ],
      "attachments" : [ ],
      "parameters" : [ {
        "name" : "driver",
        "value" : "<selenium.webdriver.chrome.webdriver.WebDriver (session=\"5f4cb3c47fe0a1a911b40cbdbedb66bf\")>"
      }, {
        "name" : "main_page_open",
        "value" : "None"
      } ],
      "stepsCount" : 2,
      "attachmentsCount" : 0,
      "shouldDisplayMessage" : false,
      "hasContent" : true
    } ],
    "attachments" : [ ],
    "parameters" : [ ],
    "stepsCount" : 3,
    "attachmentsCount" : 0,
    "shouldDisplayMessage" : false,
    "hasContent" : true
  }, {
    "name" : "driver",
    "time" : {
      "start" : 1746035734566,
      "stop" : 1746035735389,
      "duration" : 823
    },
    "status" : "passed",
    "steps" : [ ],
    "attachments" : [ ],
    "parameters" : [ ],
    "stepsCount" : 0,
    "attachmentsCount" : 0,
    "shouldDisplayMessage" : false,
    "hasContent" : false
  } ],
  "testStage" : {
    "status" : "skipped",
    "statusMessage" : "XFAIL\n\nselenium.common.exceptions.TimeoutException: Message: Can't find element by locator ('xpath', '//a[text()=\"Упражнения\"]')\nStacktrace:\n#0 0x55e1b41c375a <unknown>\n#1 0x55e1b3c764b0 <unknown>\n#2 0x55e1b3cc79b3 <unknown>\n#3 0x55e1b3cc7ba1 <unknown>\n#4 0x55e1b3d161f4 <unknown>\n#5 0x55e1b3ced5bd <unknown>\n#6 0x55e1b3d135e0 <unknown>\n#7 0x55e1b3ced363 <unknown>\n#8 0x55e1b3cb9d63 <unknown>\n#9 0x55e1b3cba9c1 <unknown>\n#10 0x55e1b4188a6b <unknown>\n#11 0x55e1b418c951 <unknown>\n#12 0x55e1b4170b62 <unknown>\n#13 0x55e1b418d4c4 <unknown>\n#14 0x55e1b415513f <unknown>\n#15 0x55e1b41b16f8 <unknown>\n#16 0x55e1b41b18d6 <unknown>\n#17 0x55e1b41c25a6 <unknown>\n#18 0x7f218129caa4 <unknown>\n#19 0x7f2181329c3c <unknown>",
    "statusTrace" : "self = <tests.test_speech_exercises_ru.TestCardsRU object at 0x7f9096f46e10>\ndriver = <selenium.webdriver.chrome.webdriver.WebDriver (session=\"5f4cb3c47fe0a1a911b40cbdbedb66bf\")>\ndefault_user_authorized = None\n\n    @pytest.mark.xfail\n    @allure.suite(\"Речевые упражнения.\")\n    @allure.title('Solutions to a random task in the \"Слова\" .')\n    def test_solve_word_cards_ru(self, driver, default_user_authorized):\n        page = SpeechExercisesPageRU(driver)\n>       page.click_button_exercises()\n\ntests/test_speech_exercises_ru.py:124: \n_ _ _ _ _ _ _ _ _ _ _ _ _ _ _ _ _ _ _ _ _ _ _ _ _ _ _ _ _ _ _ _ _ _ _ _ _ _ _ _ \npages/speech_exercises_page_ru.py:199: in click_button_exercises\n    button = self.element_is_present_and_clickable(self.locators.AuthorizedUserHomePageLocators.BUTTON_EXERCISES_RU)\npages/base_page.py:40: in element_is_present_and_clickable\n    return (Wait(self.driver, self.timeout).until(\n_ _ _ _ _ _ _ _ _ _ _ _ _ _ _ _ _ _ _ _ _ _ _ _ _ _ _ _ _ _ _ _ _ _ _ _ _ _ _ _ \n\nself = <selenium.webdriver.support.wait.WebDriverWait (session=\"5f4cb3c47fe0a1a911b40cbdbedb66bf\")>\nmethod = <function visibility_of_element_located.<locals>._predicate at 0x7f9097081940>\nmessage = 'Can\\'t find element by locator (\\'xpath\\', \\'//a[text()=\"Упражнения\"]\\')'\n\n    def until(self, method, message: str = \"\"):\n        \"\"\"Calls the method provided with the driver as an argument until the \\\n        return value does not evaluate to ``False``.\n    \n        :param method: callable(WebDriver)\n        :param message: optional message for :exc:`TimeoutException`\n        :returns: the result of the last call to `method`\n        :raises: :exc:`selenium.common.exceptions.TimeoutException` if timeout occurs\n        \"\"\"\n        screen = None\n        stacktrace = None\n    \n        end_time = time.monotonic() + self._timeout\n        while True:\n            try:\n                value = method(self._driver)\n                if value:\n                    return value\n            except self._ignored_exceptions as exc:\n                screen = getattr(exc, \"screen\", None)\n                stacktrace = getattr(exc, \"stacktrace\", None)\n            time.sleep(self._poll)\n            if time.monotonic() > end_time:\n                break\n>       raise TimeoutException(message, screen, stacktrace)\nE       selenium.common.exceptions.TimeoutException: Message: Can't find element by locator ('xpath', '//a[text()=\"Упражнения\"]')\nE       Stacktrace:\nE       #0 0x55e1b41c375a <unknown>\nE       #1 0x55e1b3c764b0 <unknown>\nE       #2 0x55e1b3cc79b3 <unknown>\nE       #3 0x55e1b3cc7ba1 <unknown>\nE       #4 0x55e1b3d161f4 <unknown>\nE       #5 0x55e1b3ced5bd <unknown>\nE       #6 0x55e1b3d135e0 <unknown>\nE       #7 0x55e1b3ced363 <unknown>\nE       #8 0x55e1b3cb9d63 <unknown>\nE       #9 0x55e1b3cba9c1 <unknown>\nE       #10 0x55e1b4188a6b <unknown>\nE       #11 0x55e1b418c951 <unknown>\nE       #12 0x55e1b4170b62 <unknown>\nE       #13 0x55e1b418d4c4 <unknown>\nE       #14 0x55e1b415513f <unknown>\nE       #15 0x55e1b41b16f8 <unknown>\nE       #16 0x55e1b41b18d6 <unknown>\nE       #17 0x55e1b41c25a6 <unknown>\nE       #18 0x7f218129caa4 <unknown>\nE       #19 0x7f2181329c3c <unknown>\n\n/opt/hostedtoolcache/Python/3.12.10/x64/lib/python3.12/site-packages/selenium/webdriver/support/wait.py:95: TimeoutException",
    "steps" : [ {
      "name" : "Click button \"Упражнения\".",
      "time" : {
        "start" : 1746035740939,
        "stop" : 1746035761014,
        "duration" : 20075
      },
      "status" : "broken",
      "statusMessage" : "selenium.common.exceptions.TimeoutException: Message: Can't find element by locator ('xpath', '//a[text()=\"Упражнения\"]')\nStacktrace:\n#0 0x55e1b41c375a <unknown>\n#1 0x55e1b3c764b0 <unknown>\n#2 0x55e1b3cc79b3 <unknown>\n#3 0x55e1b3cc7ba1 <unknown>\n#4 0x55e1b3d161f4 <unknown>\n#5 0x55e1b3ced5bd <unknown>\n#6 0x55e1b3d135e0 <unknown>\n#7 0x55e1b3ced363 <unknown>\n#8 0x55e1b3cb9d63 <unknown>\n#9 0x55e1b3cba9c1 <unknown>\n#10 0x55e1b4188a6b <unknown>\n#11 0x55e1b418c951 <unknown>\n#12 0x55e1b4170b62 <unknown>\n#13 0x55e1b418d4c4 <unknown>\n#14 0x55e1b415513f <unknown>\n#15 0x55e1b41b16f8 <unknown>\n#16 0x55e1b41b18d6 <unknown>\n#17 0x55e1b41c25a6 <unknown>\n#18 0x7f218129caa4 <unknown>\n#19 0x7f2181329c3c <unknown>\n\n",
      "statusTrace" : "  File \"/opt/hostedtoolcache/Python/3.12.10/x64/lib/python3.12/site-packages/allure_commons/_allure.py\", line 192, in impl\n    return func(*a, **kw)\n           ^^^^^^^^^^^^^^\n  File \"/home/runner/work/auto-tests-python/auto-tests-python/pages/speech_exercises_page_ru.py\", line 199, in click_button_exercises\n    button = self.element_is_present_and_clickable(self.locators.AuthorizedUserHomePageLocators.BUTTON_EXERCISES_RU)\n             ^^^^^^^^^^^^^^^^^^^^^^^^^^^^^^^^^^^^^^^^^^^^^^^^^^^^^^^^^^^^^^^^^^^^^^^^^^^^^^^^^^^^^^^^^^^^^^^^^^^^^^^\n  File \"/home/runner/work/auto-tests-python/auto-tests-python/pages/base_page.py\", line 40, in element_is_present_and_clickable\n    return (Wait(self.driver, self.timeout).until(\n            ^^^^^^^^^^^^^^^^^^^^^^^^^^^^^^^^^^^^^^\n  File \"/opt/hostedtoolcache/Python/3.12.10/x64/lib/python3.12/site-packages/selenium/webdriver/support/wait.py\", line 95, in until\n    raise TimeoutException(message, screen, stacktrace)\n",
      "steps" : [ {
        "name" : "Click button \"RU\".",
        "time" : {
          "start" : 1746035740939,
          "stop" : 1746035741008,
          "duration" : 69
        },
        "status" : "passed",
        "steps" : [ ],
        "attachments" : [ ],
        "parameters" : [ ],
        "stepsCount" : 0,
        "attachmentsCount" : 0,
        "shouldDisplayMessage" : false,
        "hasContent" : false
      } ],
      "attachments" : [ ],
      "parameters" : [ ],
      "stepsCount" : 1,
      "attachmentsCount" : 0,
      "shouldDisplayMessage" : true,
      "hasContent" : true
    } ],
    "attachments" : [ ],
    "parameters" : [ ],
    "stepsCount" : 2,
    "attachmentsCount" : 0,
    "shouldDisplayMessage" : true,
    "hasContent" : true
  },
  "afterStages" : [ {
    "name" : "driver::0",
    "time" : {
      "start" : 1746035761030,
      "stop" : 1746035761095,
      "duration" : 65
    },
    "status" : "passed",
    "steps" : [ ],
    "attachments" : [ ],
    "parameters" : [ ],
    "stepsCount" : 0,
    "attachmentsCount" : 0,
    "shouldDisplayMessage" : false,
    "hasContent" : false
  } ],
  "labels" : [ {
    "name" : "epic",
    "value" : "Speech exercises."
  }, {
    "name" : "suite",
    "value" : "Речевые упражнения."
  }, {
    "name" : "tag",
    "value" : "@pytest.mark.xfail"
  }, {
    "name" : "parentSuite",
    "value" : "tests"
  }, {
    "name" : "subSuite",
    "value" : "TestCardsRU"
  }, {
    "name" : "host",
    "value" : "fv-az2246-474"
  }, {
    "name" : "thread",
    "value" : "2409-MainThread"
  }, {
    "name" : "framework",
    "value" : "pytest"
  }, {
    "name" : "language",
    "value" : "cpython3"
  }, {
    "name" : "package",
    "value" : "tests.test_speech_exercises_ru"
  }, {
    "name" : "resultFormat",
    "value" : "allure2"
  } ],
  "parameters" : [ ],
  "links" : [ ],
  "hidden" : false,
  "retry" : false,
  "extra" : {
    "severity" : "normal",
    "retries" : [ ],
    "categories" : [ ],
    "history" : {
      "statistic" : {
        "failed" : 0,
        "broken" : 0,
        "skipped" : 38,
        "passed" : 87,
        "unknown" : 0,
        "total" : 125
      },
      "items" : [ {
        "uid" : "c64835da12aa8ca1",
        "reportUrl" : "https://Brain-up.github.io/auto-tests-python/350//#testresult/c64835da12aa8ca1",
        "status" : "skipped",
        "statusDetails" : "XFAIL\n\nselenium.common.exceptions.TimeoutException: Message: Can't find element by locator ('xpath', '//a[text()=\"Упражнения\"]')\nStacktrace:\n#0 0x56403b04ccea <unknown>\n#1 0x56403aafd5f0 <unknown>\n#2 0x56403ab4ea33 <unknown>\n#3 0x56403ab4ec21 <unknown>\n#4 0x56403ab9d274 <unknown>\n#5 0x56403ab7468d <unknown>\n#6 0x56403ab9a660 <unknown>\n#7 0x56403ab74433 <unknown>\n#8 0x56403ab40ea3 <unknown>\n#9 0x56403ab41b01 <unknown>\n#10 0x56403b011b3b <unknown>\n#11 0x56403b015a21 <unknown>\n#12 0x56403aff8c32 <unknown>\n#13 0x56403b016594 <unknown>\n#14 0x56403afdceef <unknown>\n#15 0x56403b03ad98 <unknown>\n#16 0x56403b03af76 <unknown>\n#17 0x56403b04bb36 <unknown>\n#18 0x7f932fa9caa4 <unknown>\n#19 0x7f932fb29c3c <unknown>",
        "time" : {
          "start" : 1745976851303,
          "stop" : 1745976871407,
          "duration" : 20104
        }
      }, {
        "uid" : "65a2022470f5a2e2",
        "reportUrl" : "https://Brain-up.github.io/auto-tests-python/349//#testresult/65a2022470f5a2e2",
        "status" : "skipped",
        "statusDetails" : "XFAIL\n\nselenium.common.exceptions.TimeoutException: Message: Can't find element by locator ('xpath', '//a[text()=\"Упражнения\"]')\nStacktrace:\n#0 0x56221a078cea <unknown>\n#1 0x562219b295f0 <unknown>\n#2 0x562219b7aa33 <unknown>\n#3 0x562219b7ac21 <unknown>\n#4 0x562219bc9274 <unknown>\n#5 0x562219ba068d <unknown>\n#6 0x562219bc6660 <unknown>\n#7 0x562219ba0433 <unknown>\n#8 0x562219b6cea3 <unknown>\n#9 0x562219b6db01 <unknown>\n#10 0x56221a03db3b <unknown>\n#11 0x56221a041a21 <unknown>\n#12 0x56221a024c32 <unknown>\n#13 0x56221a042594 <unknown>\n#14 0x56221a008eef <unknown>\n#15 0x56221a066d98 <unknown>\n#16 0x56221a066f76 <unknown>\n#17 0x56221a077b36 <unknown>\n#18 0x7fad44e9caa4 <unknown>\n#19 0x7fad44f29c3c <unknown>",
        "time" : {
          "start" : 1745890168932,
          "stop" : 1745890189003,
          "duration" : 20071
        }
      }, {
        "uid" : "3e4b165f316743ce",
        "reportUrl" : "https://Brain-up.github.io/auto-tests-python/554//#testresult/3e4b165f316743ce",
        "status" : "skipped",
        "statusDetails" : "XFAIL\n\nselenium.common.exceptions.TimeoutException: Message: Can't find element by locator ('xpath', '//a[text()=\"Упражнения\"]')\nStacktrace:\n#0 0x561b15edf75a <unknown>\n#1 0x561b159924b0 <unknown>\n#2 0x561b159e39b3 <unknown>\n#3 0x561b159e3ba1 <unknown>\n#4 0x561b15a321f4 <unknown>\n#5 0x561b15a095bd <unknown>\n#6 0x561b15a2f5e0 <unknown>\n#7 0x561b15a09363 <unknown>\n#8 0x561b159d5d63 <unknown>\n#9 0x561b159d69c1 <unknown>\n#10 0x561b15ea4a6b <unknown>\n#11 0x561b15ea8951 <unknown>\n#12 0x561b15e8cb62 <unknown>\n#13 0x561b15ea94c4 <unknown>\n#14 0x561b15e7113f <unknown>\n#15 0x561b15ecd6f8 <unknown>\n#16 0x561b15ecd8d6 <unknown>\n#17 0x561b15ede5a6 <unknown>\n#18 0x7f871789caa4 <unknown>\n#19 0x7f8717929c3c <unknown>",
        "time" : {
          "start" : 1745877779832,
          "stop" : 1745877799911,
          "duration" : 20079
        }
      }, {
        "uid" : "32630b2ad4f318e",
        "reportUrl" : "https://Brain-up.github.io/auto-tests-python/553//#testresult/32630b2ad4f318e",
        "status" : "skipped",
        "statusDetails" : "XFAIL\n\nselenium.common.exceptions.TimeoutException: Message: Can't find element by locator ('xpath', '//a[text()=\"Упражнения\"]')\nStacktrace:\n#0 0x55ebaab95cea <unknown>\n#1 0x55ebaa6465f0 <unknown>\n#2 0x55ebaa697a33 <unknown>\n#3 0x55ebaa697c21 <unknown>\n#4 0x55ebaa6e6274 <unknown>\n#5 0x55ebaa6bd68d <unknown>\n#6 0x55ebaa6e3660 <unknown>\n#7 0x55ebaa6bd433 <unknown>\n#8 0x55ebaa689ea3 <unknown>\n#9 0x55ebaa68ab01 <unknown>\n#10 0x55ebaab5ab3b <unknown>\n#11 0x55ebaab5ea21 <unknown>\n#12 0x55ebaab41c32 <unknown>\n#13 0x55ebaab5f594 <unknown>\n#14 0x55ebaab25eef <unknown>\n#15 0x55ebaab83d98 <unknown>\n#16 0x55ebaab83f76 <unknown>\n#17 0x55ebaab94b36 <unknown>\n#18 0x7fee1809caa4 <unknown>\n#19 0x7fee18129c3c <unknown>",
        "time" : {
          "start" : 1745866671515,
          "stop" : 1745866691615,
          "duration" : 20100
        }
      }, {
        "uid" : "7104c5a0d0f98c73",
        "reportUrl" : "https://Brain-up.github.io/auto-tests-python/348//#testresult/7104c5a0d0f98c73",
        "status" : "skipped",
        "statusDetails" : "XFAIL\n\nselenium.common.exceptions.TimeoutException: Message: Can't find element by locator ('xpath', '//a[text()=\"Упражнения\"]')\nStacktrace:\n#0 0x562ba9695cea <unknown>\n#1 0x562ba91465f0 <unknown>\n#2 0x562ba9197a33 <unknown>\n#3 0x562ba9197c21 <unknown>\n#4 0x562ba91e6274 <unknown>\n#5 0x562ba91bd68d <unknown>\n#6 0x562ba91e3660 <unknown>\n#7 0x562ba91bd433 <unknown>\n#8 0x562ba9189ea3 <unknown>\n#9 0x562ba918ab01 <unknown>\n#10 0x562ba965ab3b <unknown>\n#11 0x562ba965ea21 <unknown>\n#12 0x562ba9641c32 <unknown>\n#13 0x562ba965f594 <unknown>\n#14 0x562ba9625eef <unknown>\n#15 0x562ba9683d98 <unknown>\n#16 0x562ba9683f76 <unknown>\n#17 0x562ba9694b36 <unknown>\n#18 0x7f7519a9caa4 <unknown>\n#19 0x7f7519b29c3c <unknown>",
        "time" : {
          "start" : 1745804222586,
          "stop" : 1745804242679,
          "duration" : 20093
        }
      }, {
        "uid" : "92a0edd5ab231831",
        "reportUrl" : "https://Brain-up.github.io/auto-tests-python/552//#testresult/92a0edd5ab231831",
        "status" : "skipped",
        "statusDetails" : "XFAIL\n\nselenium.common.exceptions.TimeoutException: Message: Can't find element by locator ('xpath', '//a[text()=\"Упражнения\"]')\nStacktrace:\n#0 0x55dd71a8dcea <unknown>\n#1 0x55dd7153e5f0 <unknown>\n#2 0x55dd7158fa33 <unknown>\n#3 0x55dd7158fc21 <unknown>\n#4 0x55dd715de274 <unknown>\n#5 0x55dd715b568d <unknown>\n#6 0x55dd715db660 <unknown>\n#7 0x55dd715b5433 <unknown>\n#8 0x55dd71581ea3 <unknown>\n#9 0x55dd71582b01 <unknown>\n#10 0x55dd71a52b3b <unknown>\n#11 0x55dd71a56a21 <unknown>\n#12 0x55dd71a39c32 <unknown>\n#13 0x55dd71a57594 <unknown>\n#14 0x55dd71a1deef <unknown>\n#15 0x55dd71a7bd98 <unknown>\n#16 0x55dd71a7bf76 <unknown>\n#17 0x55dd71a8cb36 <unknown>\n#18 0x7f9bb329caa4 <unknown>\n#19 0x7f9bb3329c3c <unknown>",
        "time" : {
          "start" : 1745773919817,
          "stop" : 1745773939895,
          "duration" : 20078
        }
      }, {
        "uid" : "18f669152bb919f0",
        "reportUrl" : "https://Brain-up.github.io/auto-tests-python/347//#testresult/18f669152bb919f0",
        "status" : "skipped",
        "statusDetails" : "XFAIL\n\nselenium.common.exceptions.TimeoutException: Message: Can't find element by locator ('xpath', '//a[text()=\"Упражнения\"]')\nStacktrace:\n#0 0x55f09e5b8cea <unknown>\n#1 0x55f09e0695f0 <unknown>\n#2 0x55f09e0baa33 <unknown>\n#3 0x55f09e0bac21 <unknown>\n#4 0x55f09e109274 <unknown>\n#5 0x55f09e0e068d <unknown>\n#6 0x55f09e106660 <unknown>\n#7 0x55f09e0e0433 <unknown>\n#8 0x55f09e0acea3 <unknown>\n#9 0x55f09e0adb01 <unknown>\n#10 0x55f09e57db3b <unknown>\n#11 0x55f09e581a21 <unknown>\n#12 0x55f09e564c32 <unknown>\n#13 0x55f09e582594 <unknown>\n#14 0x55f09e548eef <unknown>\n#15 0x55f09e5a6d98 <unknown>\n#16 0x55f09e5a6f76 <unknown>\n#17 0x55f09e5b7b36 <unknown>\n#18 0x7f78b3c9caa4 <unknown>\n#19 0x7f78b3d29c3c <unknown>",
        "time" : {
          "start" : 1745717714709,
          "stop" : 1745717734810,
          "duration" : 20101
        }
      }, {
        "uid" : "e3b304ff3326e3dd",
        "reportUrl" : "https://Brain-up.github.io/auto-tests-python/551//#testresult/e3b304ff3326e3dd",
        "status" : "skipped",
        "statusDetails" : "XFAIL\n\nselenium.common.exceptions.TimeoutException: Message: Can't find element by locator ('xpath', '//a[text()=\"Упражнения\"]')\nStacktrace:\n#0 0x558f8c343cea <unknown>\n#1 0x558f8bdf45f0 <unknown>\n#2 0x558f8be45a33 <unknown>\n#3 0x558f8be45c21 <unknown>\n#4 0x558f8be94274 <unknown>\n#5 0x558f8be6b68d <unknown>\n#6 0x558f8be91660 <unknown>\n#7 0x558f8be6b433 <unknown>\n#8 0x558f8be37ea3 <unknown>\n#9 0x558f8be38b01 <unknown>\n#10 0x558f8c308b3b <unknown>\n#11 0x558f8c30ca21 <unknown>\n#12 0x558f8c2efc32 <unknown>\n#13 0x558f8c30d594 <unknown>\n#14 0x558f8c2d3eef <unknown>\n#15 0x558f8c331d98 <unknown>\n#16 0x558f8c331f76 <unknown>\n#17 0x558f8c342b36 <unknown>\n#18 0x7fcc70e9caa4 <unknown>\n#19 0x7fcc70f29c3c <unknown>",
        "time" : {
          "start" : 1745701834637,
          "stop" : 1745701854808,
          "duration" : 20171
        }
      }, {
        "uid" : "1508b9057e6d1338",
        "reportUrl" : "https://Brain-up.github.io/auto-tests-python/346//#testresult/1508b9057e6d1338",
        "status" : "skipped",
        "statusDetails" : "XFAIL\n\nselenium.common.exceptions.TimeoutException: Message: Can't find element by locator ('xpath', '//a[text()=\"Упражнения\"]')\nStacktrace:\n#0 0x561374311cea <unknown>\n#1 0x561373dc25f0 <unknown>\n#2 0x561373e13a33 <unknown>\n#3 0x561373e13c21 <unknown>\n#4 0x561373e62274 <unknown>\n#5 0x561373e3968d <unknown>\n#6 0x561373e5f660 <unknown>\n#7 0x561373e39433 <unknown>\n#8 0x561373e05ea3 <unknown>\n#9 0x561373e06b01 <unknown>\n#10 0x5613742d6b3b <unknown>\n#11 0x5613742daa21 <unknown>\n#12 0x5613742bdc32 <unknown>\n#13 0x5613742db594 <unknown>\n#14 0x5613742a1eef <unknown>\n#15 0x5613742ffd98 <unknown>\n#16 0x5613742fff76 <unknown>\n#17 0x561374310b36 <unknown>\n#18 0x7f5ec769caa4 <unknown>\n#19 0x7f5ec7729c3c <unknown>",
        "time" : {
          "start" : 1745630710828,
          "stop" : 1745630731397,
          "duration" : 20569
        }
      }, {
        "uid" : "e1e8e89ae8e45e00",
        "reportUrl" : "https://Brain-up.github.io/auto-tests-python/550//#testresult/e1e8e89ae8e45e00",
        "status" : "skipped",
        "statusDetails" : "XFAIL\n\nselenium.common.exceptions.TimeoutException: Message: Can't find element by locator ('xpath', '//a[text()=\"Упражнения\"]')\nStacktrace:\n#0 0x55db32b98cea <unknown>\n#1 0x55db326495f0 <unknown>\n#2 0x55db3269aa33 <unknown>\n#3 0x55db3269ac21 <unknown>\n#4 0x55db326e9274 <unknown>\n#5 0x55db326c068d <unknown>\n#6 0x55db326e6660 <unknown>\n#7 0x55db326c0433 <unknown>\n#8 0x55db3268cea3 <unknown>\n#9 0x55db3268db01 <unknown>\n#10 0x55db32b5db3b <unknown>\n#11 0x55db32b61a21 <unknown>\n#12 0x55db32b44c32 <unknown>\n#13 0x55db32b62594 <unknown>\n#14 0x55db32b28eef <unknown>\n#15 0x55db32b86d98 <unknown>\n#16 0x55db32b86f76 <unknown>\n#17 0x55db32b97b36 <unknown>\n#18 0x7fd847c9caa4 <unknown>\n#19 0x7fd847d29c3c <unknown>",
        "time" : {
          "start" : 1745565395990,
          "stop" : 1745565416086,
          "duration" : 20096
        }
      }, {
        "uid" : "dedfac463580862a",
        "reportUrl" : "https://Brain-up.github.io/auto-tests-python/345//#testresult/dedfac463580862a",
        "status" : "skipped",
        "statusDetails" : "XFAIL\n\nselenium.common.exceptions.TimeoutException: Message: Can't find element by locator ('xpath', '//a[text()=\"Упражнения\"]')\nStacktrace:\n#0 0x55d65b342cea <unknown>\n#1 0x55d65adf35f0 <unknown>\n#2 0x55d65ae44a33 <unknown>\n#3 0x55d65ae44c21 <unknown>\n#4 0x55d65ae93274 <unknown>\n#5 0x55d65ae6a68d <unknown>\n#6 0x55d65ae90660 <unknown>\n#7 0x55d65ae6a433 <unknown>\n#8 0x55d65ae36ea3 <unknown>\n#9 0x55d65ae37b01 <unknown>\n#10 0x55d65b307b3b <unknown>\n#11 0x55d65b30ba21 <unknown>\n#12 0x55d65b2eec32 <unknown>\n#13 0x55d65b30c594 <unknown>\n#14 0x55d65b2d2eef <unknown>\n#15 0x55d65b330d98 <unknown>\n#16 0x55d65b330f76 <unknown>\n#17 0x55d65b341b36 <unknown>\n#18 0x7fcdc8e9caa4 <unknown>\n#19 0x7fcdc8f29c3c <unknown>",
        "time" : {
          "start" : 1745544577120,
          "stop" : 1745544597190,
          "duration" : 20070
        }
      }, {
        "uid" : "a7da88eb6cfe3efa",
        "reportUrl" : "https://Brain-up.github.io/auto-tests-python/549//#testresult/a7da88eb6cfe3efa",
        "status" : "skipped",
        "statusDetails" : "XFAIL\n\nselenium.common.exceptions.TimeoutException: Message: Can't find element by locator ('xpath', '//a[text()=\"Упражнения\"]')\nStacktrace:\n#0 0x564cde7e0cea <unknown>\n#1 0x564cde2915f0 <unknown>\n#2 0x564cde2e2a33 <unknown>\n#3 0x564cde2e2c21 <unknown>\n#4 0x564cde331274 <unknown>\n#5 0x564cde30868d <unknown>\n#6 0x564cde32e660 <unknown>\n#7 0x564cde308433 <unknown>\n#8 0x564cde2d4ea3 <unknown>\n#9 0x564cde2d5b01 <unknown>\n#10 0x564cde7a5b3b <unknown>\n#11 0x564cde7a9a21 <unknown>\n#12 0x564cde78cc32 <unknown>\n#13 0x564cde7aa594 <unknown>\n#14 0x564cde770eef <unknown>\n#15 0x564cde7ced98 <unknown>\n#16 0x564cde7cef76 <unknown>\n#17 0x564cde7dfb36 <unknown>\n#18 0x7f8e5769caa4 <unknown>\n#19 0x7f8e57729c3c <unknown>",
        "time" : {
          "start" : 1745519540012,
          "stop" : 1745519560122,
          "duration" : 20110
        }
      }, {
        "uid" : "76ba1436a990a1c1",
        "reportUrl" : "https://Brain-up.github.io/auto-tests-python/344//#testresult/76ba1436a990a1c1",
        "status" : "skipped",
        "statusDetails" : "XFAIL\n\nselenium.common.exceptions.TimeoutException: Message: Can't find element by locator ('xpath', '//a[text()=\"Упражнения\"]')\nStacktrace:\n#0 0x5629761d6cea <unknown>\n#1 0x562975c875f0 <unknown>\n#2 0x562975cd8a33 <unknown>\n#3 0x562975cd8c21 <unknown>\n#4 0x562975d27274 <unknown>\n#5 0x562975cfe68d <unknown>\n#6 0x562975d24660 <unknown>\n#7 0x562975cfe433 <unknown>\n#8 0x562975ccaea3 <unknown>\n#9 0x562975ccbb01 <unknown>\n#10 0x56297619bb3b <unknown>\n#11 0x56297619fa21 <unknown>\n#12 0x562976182c32 <unknown>\n#13 0x5629761a0594 <unknown>\n#14 0x562976166eef <unknown>\n#15 0x5629761c4d98 <unknown>\n#16 0x5629761c4f76 <unknown>\n#17 0x5629761d5b36 <unknown>\n#18 0x7fa00749caa4 <unknown>\n#19 0x7fa007529c3c <unknown>",
        "time" : {
          "start" : 1745458114820,
          "stop" : 1745458134939,
          "duration" : 20119
        }
      }, {
        "uid" : "d7d011dc8a2def27",
        "reportUrl" : "https://Brain-up.github.io/auto-tests-python/548//#testresult/d7d011dc8a2def27",
        "status" : "passed",
        "statusDetails" : "XPASS",
        "time" : {
          "start" : 1745427724380,
          "stop" : 1745427778102,
          "duration" : 53722
        }
      }, {
        "uid" : "26cef7b2a74e1628",
        "reportUrl" : "https://Brain-up.github.io/auto-tests-python/343//#testresult/26cef7b2a74e1628",
        "status" : "skipped",
        "statusDetails" : "XFAIL\n\nselenium.common.exceptions.TimeoutException: Message: Can't find element by locator ('xpath', '//a[text()=\"Упражнения\"]')\nStacktrace:\n#0 0x5583045bcd0a <unknown>\n#1 0x55830406d5f0 <unknown>\n#2 0x5583040bea33 <unknown>\n#3 0x5583040bec21 <unknown>\n#4 0x55830410d274 <unknown>\n#5 0x5583040e468d <unknown>\n#6 0x55830410a660 <unknown>\n#7 0x5583040e4433 <unknown>\n#8 0x5583040b0ea3 <unknown>\n#9 0x5583040b1b01 <unknown>\n#10 0x558304581b5b <unknown>\n#11 0x558304585a41 <unknown>\n#12 0x558304568c52 <unknown>\n#13 0x5583045865b4 <unknown>\n#14 0x55830454cf0f <unknown>\n#15 0x5583045aadb8 <unknown>\n#16 0x5583045aaf96 <unknown>\n#17 0x5583045bbb56 <unknown>\n#18 0x7fb477c9caa4 <unknown>\n#19 0x7fb477d29c3c <unknown>",
        "time" : {
          "start" : 1745371924634,
          "stop" : 1745371944733,
          "duration" : 20099
        }
      }, {
        "uid" : "1e67d58f8b3373",
        "reportUrl" : "https://Brain-up.github.io/auto-tests-python/547//#testresult/1e67d58f8b3373",
        "status" : "skipped",
        "statusDetails" : "XFAIL\n\nselenium.common.exceptions.TimeoutException: Message: Can't find element by locator ('xpath', '//a[text()=\"Упражнения\"]')\nStacktrace:\n#0 0x562946784d0a <unknown>\n#1 0x5629462355f0 <unknown>\n#2 0x562946286a33 <unknown>\n#3 0x562946286c21 <unknown>\n#4 0x5629462d5274 <unknown>\n#5 0x5629462ac68d <unknown>\n#6 0x5629462d2660 <unknown>\n#7 0x5629462ac433 <unknown>\n#8 0x562946278ea3 <unknown>\n#9 0x562946279b01 <unknown>\n#10 0x562946749b5b <unknown>\n#11 0x56294674da41 <unknown>\n#12 0x562946730c52 <unknown>\n#13 0x56294674e5b4 <unknown>\n#14 0x562946714f0f <unknown>\n#15 0x562946772db8 <unknown>\n#16 0x562946772f96 <unknown>\n#17 0x562946783b56 <unknown>\n#18 0x7f122ae9caa4 <unknown>\n#19 0x7f122af29c3c <unknown>",
        "time" : {
          "start" : 1745349314189,
          "stop" : 1745349334331,
          "duration" : 20142
        }
      }, {
        "uid" : "5f2eb9f9942ed490",
        "reportUrl" : "https://Brain-up.github.io/auto-tests-python/342//#testresult/5f2eb9f9942ed490",
        "status" : "skipped",
        "statusDetails" : "XFAIL\n\nselenium.common.exceptions.TimeoutException: Message: Can't find element by locator ('xpath', '//a[text()=\"Упражнения\"]')\nStacktrace:\n#0 0x55647dfccd0a <unknown>\n#1 0x55647da7d5f0 <unknown>\n#2 0x55647dacea33 <unknown>\n#3 0x55647dacec21 <unknown>\n#4 0x55647db1d274 <unknown>\n#5 0x55647daf468d <unknown>\n#6 0x55647db1a660 <unknown>\n#7 0x55647daf4433 <unknown>\n#8 0x55647dac0ea3 <unknown>\n#9 0x55647dac1b01 <unknown>\n#10 0x55647df91b5b <unknown>\n#11 0x55647df95a41 <unknown>\n#12 0x55647df78c52 <unknown>\n#13 0x55647df965b4 <unknown>\n#14 0x55647df5cf0f <unknown>\n#15 0x55647dfbadb8 <unknown>\n#16 0x55647dfbaf96 <unknown>\n#17 0x55647dfcbb56 <unknown>\n#18 0x7fa25869caa4 <unknown>\n#19 0x7fa258729c3c <unknown>",
        "time" : {
          "start" : 1745285525985,
          "stop" : 1745285546053,
          "duration" : 20068
        }
      }, {
        "uid" : "a6d3d7d6f78b9615",
        "reportUrl" : "https://Brain-up.github.io/auto-tests-python/546//#testresult/a6d3d7d6f78b9615",
        "status" : "skipped",
        "statusDetails" : "XFAIL\n\nselenium.common.exceptions.TimeoutException: Message: Can't find element by locator ('xpath', '//a[text()=\"Упражнения\"]')\nStacktrace:\n#0 0x55b6766c7d0a <unknown>\n#1 0x55b6761785f0 <unknown>\n#2 0x55b6761c9a33 <unknown>\n#3 0x55b6761c9c21 <unknown>\n#4 0x55b676218274 <unknown>\n#5 0x55b6761ef68d <unknown>\n#6 0x55b676215660 <unknown>\n#7 0x55b6761ef433 <unknown>\n#8 0x55b6761bbea3 <unknown>\n#9 0x55b6761bcb01 <unknown>\n#10 0x55b67668cb5b <unknown>\n#11 0x55b676690a41 <unknown>\n#12 0x55b676673c52 <unknown>\n#13 0x55b6766915b4 <unknown>\n#14 0x55b676657f0f <unknown>\n#15 0x55b6766b5db8 <unknown>\n#16 0x55b6766b5f96 <unknown>\n#17 0x55b6766c6b56 <unknown>\n#18 0x7f5a23a9caa4 <unknown>\n#19 0x7f5a23b29c3c <unknown>",
        "time" : {
          "start" : 1745260386383,
          "stop" : 1745260406481,
          "duration" : 20098
        }
      }, {
        "uid" : "b1e8910995c8798e",
        "reportUrl" : "https://Brain-up.github.io/auto-tests-python/545//#testresult/b1e8910995c8798e",
        "status" : "skipped",
        "statusDetails" : "XFAIL\n\nselenium.common.exceptions.TimeoutException: Message: Can't find element by locator ('xpath', '//a[text()=\"Упражнения\"]')\nStacktrace:\n#0 0x561976905d0a <unknown>\n#1 0x5619763b65f0 <unknown>\n#2 0x561976407a33 <unknown>\n#3 0x561976407c21 <unknown>\n#4 0x561976456274 <unknown>\n#5 0x56197642d68d <unknown>\n#6 0x561976453660 <unknown>\n#7 0x56197642d433 <unknown>\n#8 0x5619763f9ea3 <unknown>\n#9 0x5619763fab01 <unknown>\n#10 0x5619768cab5b <unknown>\n#11 0x5619768cea41 <unknown>\n#12 0x5619768b1c52 <unknown>\n#13 0x5619768cf5b4 <unknown>\n#14 0x561976895f0f <unknown>\n#15 0x5619768f3db8 <unknown>\n#16 0x5619768f3f96 <unknown>\n#17 0x561976904b56 <unknown>\n#18 0x7f494ee9caa4 <unknown>\n#19 0x7f494ef29c3c <unknown>",
        "time" : {
          "start" : 1745191013697,
          "stop" : 1745191033848,
          "duration" : 20151
        }
      }, {
        "uid" : "55068ea10d10d83d",
        "reportUrl" : "https://Brain-up.github.io/auto-tests-python/340//#testresult/55068ea10d10d83d",
        "status" : "skipped",
        "statusDetails" : "XFAIL\n\nselenium.common.exceptions.TimeoutException: Message: Can't find element by locator ('xpath', '//a[text()=\"Упражнения\"]')\nStacktrace:\n#0 0x556d6f373d0a <unknown>\n#1 0x556d6ee245f0 <unknown>\n#2 0x556d6ee75a33 <unknown>\n#3 0x556d6ee75c21 <unknown>\n#4 0x556d6eec4274 <unknown>\n#5 0x556d6ee9b68d <unknown>\n#6 0x556d6eec1660 <unknown>\n#7 0x556d6ee9b433 <unknown>\n#8 0x556d6ee67ea3 <unknown>\n#9 0x556d6ee68b01 <unknown>\n#10 0x556d6f338b5b <unknown>\n#11 0x556d6f33ca41 <unknown>\n#12 0x556d6f31fc52 <unknown>\n#13 0x556d6f33d5b4 <unknown>\n#14 0x556d6f303f0f <unknown>\n#15 0x556d6f361db8 <unknown>\n#16 0x556d6f361f96 <unknown>\n#17 0x556d6f372b56 <unknown>\n#18 0x7fcc0ec9caa4 <unknown>\n#19 0x7fcc0ed29c3c <unknown>",
        "time" : {
          "start" : 1745112710060,
          "stop" : 1745112730143,
          "duration" : 20083
        }
      } ]
    },
    "tags" : [ "@pytest.mark.xfail" ]
  },
  "source" : "a0ac71f226b5f055.json",
  "parameterValues" : [ ]
}