{
  "uid" : "6575243913c4467b",
  "name" : "Solutions to a random task in the \"Слова\" group and comparison of statics.",
  "fullName" : "tests.test_speech_exercises_ru.TestCardsRU#test_solve_word_cards_with_statistic_ru",
  "historyId" : "0fb6881b2015244903bd7785af7503a6",
  "time" : {
    "start" : 1750383220041,
    "stop" : 1750383240236,
    "duration" : 20195
  },
  "status" : "skipped",
  "statusMessage" : "XFAIL\n\nselenium.common.exceptions.TimeoutException: Message: Can't find element by locator ('xpath', '//div[@class=\"__51e19\"]')\nStacktrace:\n#0 0x55f939b2229a <unknown>\n#1 0x55f93958e040 <unknown>\n#2 0x55f9395df990 <unknown>\n#3 0x55f9395dfb81 <unknown>\n#4 0x55f93962e664 <unknown>\n#5 0x55f9396056bd <unknown>\n#6 0x55f93962bace <unknown>\n#7 0x55f939605463 <unknown>\n#8 0x55f9395d1c55 <unknown>\n#9 0x55f9395d28c1 <unknown>\n#10 0x55f939ae71bb <unknown>\n#11 0x55f939aeb0c9 <unknown>\n#12 0x55f939acfa39 <unknown>\n#13 0x55f939aebc78 <unknown>\n#14 0x55f939ab46bf <unknown>\n#15 0x55f939b0f948 <unknown>\n#16 0x55f939b0fb26 <unknown>\n#17 0x55f939b21176 <unknown>\n#18 0x7f404709caa4 <unknown>\n#19 0x7f4047129c3c <unknown>",
  "statusTrace" : "self = <tests.test_speech_exercises_ru.TestCardsRU object at 0x7fdf184239e0>\ndriver = <selenium.webdriver.chrome.webdriver.WebDriver (session=\"8ad186f4c21c930770708e35394aeb72\")>\ndefault_user_authorized = None\n\n    @pytest.mark.xfail\n    @allure.suite(\"Речевые упражнения.\")\n    @allure.title('Solutions to a random task in the \"Слова\" group and comparison of statics.')\n    def test_solve_word_cards_with_statistic_ru(self, driver, default_user_authorized):\n        page = SpeechExercisesPageRU(driver)\n        page.click_button_ru()\n>       table = page.get_statistic_data()\n\ntests/test_speech_exercises_ru.py:165: \n_ _ _ _ _ _ _ _ _ _ _ _ _ _ _ _ _ _ _ _ _ _ _ _ _ _ _ _ _ _ _ _ _ _ _ _ _ _ _ _ \npages/speech_exercises_page_ru.py:174: in get_statistic_data\n    table = self.element_is_present(self.locators.AuthorizedUserHomePageLocators.STATISTIC_TABLE)\npages/base_page.py:32: in element_is_present\n    return Wait(self.driver, self.timeout).until(\n_ _ _ _ _ _ _ _ _ _ _ _ _ _ _ _ _ _ _ _ _ _ _ _ _ _ _ _ _ _ _ _ _ _ _ _ _ _ _ _ \n\nself = <selenium.webdriver.support.wait.WebDriverWait (session=\"8ad186f4c21c930770708e35394aeb72\")>\nmethod = <function presence_of_element_located.<locals>._predicate at 0x7fdf1836fba0>\nmessage = 'Can\\'t find element by locator (\\'xpath\\', \\'//div[@class=\"__51e19\"]\\')'\n\n    def until(self, method, message: str = \"\"):\n        \"\"\"Calls the method provided with the driver as an argument until the \\\n        return value does not evaluate to ``False``.\n    \n        :param method: callable(WebDriver)\n        :param message: optional message for :exc:`TimeoutException`\n        :returns: the result of the last call to `method`\n        :raises: :exc:`selenium.common.exceptions.TimeoutException` if timeout occurs\n        \"\"\"\n        screen = None\n        stacktrace = None\n    \n        end_time = time.monotonic() + self._timeout\n        while True:\n            try:\n                value = method(self._driver)\n                if value:\n                    return value\n            except self._ignored_exceptions as exc:\n                screen = getattr(exc, \"screen\", None)\n                stacktrace = getattr(exc, \"stacktrace\", None)\n            time.sleep(self._poll)\n            if time.monotonic() > end_time:\n                break\n>       raise TimeoutException(message, screen, stacktrace)\nE       selenium.common.exceptions.TimeoutException: Message: Can't find element by locator ('xpath', '//div[@class=\"__51e19\"]')\nE       Stacktrace:\nE       #0 0x55f939b2229a <unknown>\nE       #1 0x55f93958e040 <unknown>\nE       #2 0x55f9395df990 <unknown>\nE       #3 0x55f9395dfb81 <unknown>\nE       #4 0x55f93962e664 <unknown>\nE       #5 0x55f9396056bd <unknown>\nE       #6 0x55f93962bace <unknown>\nE       #7 0x55f939605463 <unknown>\nE       #8 0x55f9395d1c55 <unknown>\nE       #9 0x55f9395d28c1 <unknown>\nE       #10 0x55f939ae71bb <unknown>\nE       #11 0x55f939aeb0c9 <unknown>\nE       #12 0x55f939acfa39 <unknown>\nE       #13 0x55f939aebc78 <unknown>\nE       #14 0x55f939ab46bf <unknown>\nE       #15 0x55f939b0f948 <unknown>\nE       #16 0x55f939b0fb26 <unknown>\nE       #17 0x55f939b21176 <unknown>\nE       #18 0x7f404709caa4 <unknown>\nE       #19 0x7f4047129c3c <unknown>\n\n/opt/hostedtoolcache/Python/3.12.10/x64/lib/python3.12/site-packages/selenium/webdriver/support/wait.py:95: TimeoutException",
  "flaky" : false,
  "newFailed" : false,
  "beforeStages" : [ {
    "name" : "clear_allure_results_folder",
    "time" : {
      "start" : 1750381592261,
      "stop" : 1750381592261,
      "duration" : 0
    },
    "status" : "passed",
    "steps" : [ ],
    "attachments" : [ ],
    "parameters" : [ ],
    "stepsCount" : 0,
    "attachmentsCount" : 0,
    "shouldDisplayMessage" : false,
    "hasContent" : false
  }, {
    "name" : "driver",
    "time" : {
      "start" : 1750383213483,
      "stop" : 1750383214294,
      "duration" : 811
    },
    "status" : "passed",
    "steps" : [ ],
    "attachments" : [ ],
    "parameters" : [ ],
    "stepsCount" : 0,
    "attachmentsCount" : 0,
    "shouldDisplayMessage" : false,
    "hasContent" : false
  }, {
    "name" : "default_user_authorized",
    "time" : {
      "start" : 1750383217626,
      "stop" : 1750383220041,
      "duration" : 2415
    },
    "status" : "passed",
    "steps" : [ {
      "name" : "DEFAULT user authorized",
      "time" : {
        "start" : 1750383217626,
        "stop" : 1750383220041,
        "duration" : 2415
      },
      "status" : "passed",
      "steps" : [ {
        "name" : "Check url is present: https://www.brainup.site/groups",
        "time" : {
          "start" : 1750383217991,
          "stop" : 1750383220019,
          "duration" : 2028
        },
        "status" : "passed",
        "steps" : [ ],
        "attachments" : [ ],
        "parameters" : [ ],
        "stepsCount" : 0,
        "attachmentsCount" : 0,
        "shouldDisplayMessage" : false,
        "hasContent" : false
      }, {
        "name" : "Loader checking",
        "time" : {
          "start" : 1750383220019,
          "stop" : 1750383220041,
          "duration" : 22
        },
        "status" : "passed",
        "steps" : [ ],
        "attachments" : [ ],
        "parameters" : [ ],
        "stepsCount" : 0,
        "attachmentsCount" : 0,
        "shouldDisplayMessage" : false,
        "hasContent" : false
      } ],
      "attachments" : [ ],
      "parameters" : [ {
        "name" : "driver",
        "value" : "<selenium.webdriver.chrome.webdriver.WebDriver (session=\"8ad186f4c21c930770708e35394aeb72\")>"
      }, {
        "name" : "main_page_open",
        "value" : "None"
      } ],
      "stepsCount" : 2,
      "attachmentsCount" : 0,
      "shouldDisplayMessage" : false,
      "hasContent" : true
    } ],
    "attachments" : [ ],
    "parameters" : [ ],
    "stepsCount" : 3,
    "attachmentsCount" : 0,
    "shouldDisplayMessage" : false,
    "hasContent" : true
  }, {
    "name" : "main_page_open",
    "time" : {
      "start" : 1750383214294,
      "stop" : 1750383217626,
      "duration" : 3332
    },
    "status" : "passed",
    "steps" : [ {
      "name" : "Open page: https://www.brainup.site/",
      "time" : {
        "start" : 1750383214294,
        "stop" : 1750383217626,
        "duration" : 3332
      },
      "status" : "passed",
      "steps" : [ ],
      "attachments" : [ ],
      "parameters" : [ {
        "name" : "driver",
        "value" : "<selenium.webdriver.chrome.webdriver.WebDriver (session=\"8ad186f4c21c930770708e35394aeb72\")>"
      } ],
      "stepsCount" : 0,
      "attachmentsCount" : 0,
      "shouldDisplayMessage" : false,
      "hasContent" : true
    } ],
    "attachments" : [ ],
    "parameters" : [ ],
    "stepsCount" : 1,
    "attachmentsCount" : 0,
    "shouldDisplayMessage" : false,
    "hasContent" : true
  } ],
  "testStage" : {
    "status" : "skipped",
    "statusMessage" : "XFAIL\n\nselenium.common.exceptions.TimeoutException: Message: Can't find element by locator ('xpath', '//div[@class=\"__51e19\"]')\nStacktrace:\n#0 0x55f939b2229a <unknown>\n#1 0x55f93958e040 <unknown>\n#2 0x55f9395df990 <unknown>\n#3 0x55f9395dfb81 <unknown>\n#4 0x55f93962e664 <unknown>\n#5 0x55f9396056bd <unknown>\n#6 0x55f93962bace <unknown>\n#7 0x55f939605463 <unknown>\n#8 0x55f9395d1c55 <unknown>\n#9 0x55f9395d28c1 <unknown>\n#10 0x55f939ae71bb <unknown>\n#11 0x55f939aeb0c9 <unknown>\n#12 0x55f939acfa39 <unknown>\n#13 0x55f939aebc78 <unknown>\n#14 0x55f939ab46bf <unknown>\n#15 0x55f939b0f948 <unknown>\n#16 0x55f939b0fb26 <unknown>\n#17 0x55f939b21176 <unknown>\n#18 0x7f404709caa4 <unknown>\n#19 0x7f4047129c3c <unknown>",
    "statusTrace" : "self = <tests.test_speech_exercises_ru.TestCardsRU object at 0x7fdf184239e0>\ndriver = <selenium.webdriver.chrome.webdriver.WebDriver (session=\"8ad186f4c21c930770708e35394aeb72\")>\ndefault_user_authorized = None\n\n    @pytest.mark.xfail\n    @allure.suite(\"Речевые упражнения.\")\n    @allure.title('Solutions to a random task in the \"Слова\" group and comparison of statics.')\n    def test_solve_word_cards_with_statistic_ru(self, driver, default_user_authorized):\n        page = SpeechExercisesPageRU(driver)\n        page.click_button_ru()\n>       table = page.get_statistic_data()\n\ntests/test_speech_exercises_ru.py:165: \n_ _ _ _ _ _ _ _ _ _ _ _ _ _ _ _ _ _ _ _ _ _ _ _ _ _ _ _ _ _ _ _ _ _ _ _ _ _ _ _ \npages/speech_exercises_page_ru.py:174: in get_statistic_data\n    table = self.element_is_present(self.locators.AuthorizedUserHomePageLocators.STATISTIC_TABLE)\npages/base_page.py:32: in element_is_present\n    return Wait(self.driver, self.timeout).until(\n_ _ _ _ _ _ _ _ _ _ _ _ _ _ _ _ _ _ _ _ _ _ _ _ _ _ _ _ _ _ _ _ _ _ _ _ _ _ _ _ \n\nself = <selenium.webdriver.support.wait.WebDriverWait (session=\"8ad186f4c21c930770708e35394aeb72\")>\nmethod = <function presence_of_element_located.<locals>._predicate at 0x7fdf1836fba0>\nmessage = 'Can\\'t find element by locator (\\'xpath\\', \\'//div[@class=\"__51e19\"]\\')'\n\n    def until(self, method, message: str = \"\"):\n        \"\"\"Calls the method provided with the driver as an argument until the \\\n        return value does not evaluate to ``False``.\n    \n        :param method: callable(WebDriver)\n        :param message: optional message for :exc:`TimeoutException`\n        :returns: the result of the last call to `method`\n        :raises: :exc:`selenium.common.exceptions.TimeoutException` if timeout occurs\n        \"\"\"\n        screen = None\n        stacktrace = None\n    \n        end_time = time.monotonic() + self._timeout\n        while True:\n            try:\n                value = method(self._driver)\n                if value:\n                    return value\n            except self._ignored_exceptions as exc:\n                screen = getattr(exc, \"screen\", None)\n                stacktrace = getattr(exc, \"stacktrace\", None)\n            time.sleep(self._poll)\n            if time.monotonic() > end_time:\n                break\n>       raise TimeoutException(message, screen, stacktrace)\nE       selenium.common.exceptions.TimeoutException: Message: Can't find element by locator ('xpath', '//div[@class=\"__51e19\"]')\nE       Stacktrace:\nE       #0 0x55f939b2229a <unknown>\nE       #1 0x55f93958e040 <unknown>\nE       #2 0x55f9395df990 <unknown>\nE       #3 0x55f9395dfb81 <unknown>\nE       #4 0x55f93962e664 <unknown>\nE       #5 0x55f9396056bd <unknown>\nE       #6 0x55f93962bace <unknown>\nE       #7 0x55f939605463 <unknown>\nE       #8 0x55f9395d1c55 <unknown>\nE       #9 0x55f9395d28c1 <unknown>\nE       #10 0x55f939ae71bb <unknown>\nE       #11 0x55f939aeb0c9 <unknown>\nE       #12 0x55f939acfa39 <unknown>\nE       #13 0x55f939aebc78 <unknown>\nE       #14 0x55f939ab46bf <unknown>\nE       #15 0x55f939b0f948 <unknown>\nE       #16 0x55f939b0fb26 <unknown>\nE       #17 0x55f939b21176 <unknown>\nE       #18 0x7f404709caa4 <unknown>\nE       #19 0x7f4047129c3c <unknown>\n\n/opt/hostedtoolcache/Python/3.12.10/x64/lib/python3.12/site-packages/selenium/webdriver/support/wait.py:95: TimeoutException",
    "steps" : [ {
      "name" : "click_button RU",
      "time" : {
        "start" : 1750383220041,
        "stop" : 1750383220117,
        "duration" : 76
      },
      "status" : "passed",
      "steps" : [ {
        "name" : "Click button \"RU\".",
        "time" : {
          "start" : 1750383220041,
          "stop" : 1750383220117,
          "duration" : 76
        },
        "status" : "passed",
        "steps" : [ ],
        "attachments" : [ ],
        "parameters" : [ ],
        "stepsCount" : 0,
        "attachmentsCount" : 0,
        "shouldDisplayMessage" : false,
        "hasContent" : false
      } ],
      "attachments" : [ ],
      "parameters" : [ ],
      "stepsCount" : 1,
      "attachmentsCount" : 0,
      "shouldDisplayMessage" : false,
      "hasContent" : true
    }, {
      "name" : "get_statistic_data",
      "time" : {
        "start" : 1750383220117,
        "stop" : 1750383240235,
        "duration" : 20118
      },
      "status" : "broken",
      "statusMessage" : "selenium.common.exceptions.TimeoutException: Message: Can't find element by locator ('xpath', '//div[@class=\"__51e19\"]')\nStacktrace:\n#0 0x55f939b2229a <unknown>\n#1 0x55f93958e040 <unknown>\n#2 0x55f9395df990 <unknown>\n#3 0x55f9395dfb81 <unknown>\n#4 0x55f93962e664 <unknown>\n#5 0x55f9396056bd <unknown>\n#6 0x55f93962bace <unknown>\n#7 0x55f939605463 <unknown>\n#8 0x55f9395d1c55 <unknown>\n#9 0x55f9395d28c1 <unknown>\n#10 0x55f939ae71bb <unknown>\n#11 0x55f939aeb0c9 <unknown>\n#12 0x55f939acfa39 <unknown>\n#13 0x55f939aebc78 <unknown>\n#14 0x55f939ab46bf <unknown>\n#15 0x55f939b0f948 <unknown>\n#16 0x55f939b0fb26 <unknown>\n#17 0x55f939b21176 <unknown>\n#18 0x7f404709caa4 <unknown>\n#19 0x7f4047129c3c <unknown>\n\n",
      "statusTrace" : "  File \"/opt/hostedtoolcache/Python/3.12.10/x64/lib/python3.12/site-packages/allure_commons/_allure.py\", line 192, in impl\n    return func(*a, **kw)\n           ^^^^^^^^^^^^^^\n  File \"/home/runner/work/auto-tests-python/auto-tests-python/pages/speech_exercises_page_ru.py\", line 174, in get_statistic_data\n    table = self.element_is_present(self.locators.AuthorizedUserHomePageLocators.STATISTIC_TABLE)\n            ^^^^^^^^^^^^^^^^^^^^^^^^^^^^^^^^^^^^^^^^^^^^^^^^^^^^^^^^^^^^^^^^^^^^^^^^^^^^^^^^^^^^^\n  File \"/home/runner/work/auto-tests-python/auto-tests-python/pages/base_page.py\", line 32, in element_is_present\n    return Wait(self.driver, self.timeout).until(\n           ^^^^^^^^^^^^^^^^^^^^^^^^^^^^^^^^^^^^^^\n  File \"/opt/hostedtoolcache/Python/3.12.10/x64/lib/python3.12/site-packages/selenium/webdriver/support/wait.py\", line 95, in until\n    raise TimeoutException(message, screen, stacktrace)\n",
      "steps" : [ {
        "name" : "Click button \"Статистика\"\".",
        "time" : {
          "start" : 1750383220117,
          "stop" : 1750383220190,
          "duration" : 73
        },
        "status" : "passed",
        "steps" : [ ],
        "attachments" : [ ],
        "parameters" : [ ],
        "stepsCount" : 0,
        "attachmentsCount" : 0,
        "shouldDisplayMessage" : false,
        "hasContent" : false
      }, {
        "name" : "Check statistic table is present and scroll to table",
        "time" : {
          "start" : 1750383220190,
          "stop" : 1750383240235,
          "duration" : 20045
        },
        "status" : "broken",
        "statusMessage" : "selenium.common.exceptions.TimeoutException: Message: Can't find element by locator ('xpath', '//div[@class=\"__51e19\"]')\nStacktrace:\n#0 0x55f939b2229a <unknown>\n#1 0x55f93958e040 <unknown>\n#2 0x55f9395df990 <unknown>\n#3 0x55f9395dfb81 <unknown>\n#4 0x55f93962e664 <unknown>\n#5 0x55f9396056bd <unknown>\n#6 0x55f93962bace <unknown>\n#7 0x55f939605463 <unknown>\n#8 0x55f9395d1c55 <unknown>\n#9 0x55f9395d28c1 <unknown>\n#10 0x55f939ae71bb <unknown>\n#11 0x55f939aeb0c9 <unknown>\n#12 0x55f939acfa39 <unknown>\n#13 0x55f939aebc78 <unknown>\n#14 0x55f939ab46bf <unknown>\n#15 0x55f939b0f948 <unknown>\n#16 0x55f939b0fb26 <unknown>\n#17 0x55f939b21176 <unknown>\n#18 0x7f404709caa4 <unknown>\n#19 0x7f4047129c3c <unknown>\n\n",
        "statusTrace" : "  File \"/home/runner/work/auto-tests-python/auto-tests-python/pages/speech_exercises_page_ru.py\", line 174, in get_statistic_data\n    table = self.element_is_present(self.locators.AuthorizedUserHomePageLocators.STATISTIC_TABLE)\n            ^^^^^^^^^^^^^^^^^^^^^^^^^^^^^^^^^^^^^^^^^^^^^^^^^^^^^^^^^^^^^^^^^^^^^^^^^^^^^^^^^^^^^\n  File \"/home/runner/work/auto-tests-python/auto-tests-python/pages/base_page.py\", line 32, in element_is_present\n    return Wait(self.driver, self.timeout).until(\n           ^^^^^^^^^^^^^^^^^^^^^^^^^^^^^^^^^^^^^^\n  File \"/opt/hostedtoolcache/Python/3.12.10/x64/lib/python3.12/site-packages/selenium/webdriver/support/wait.py\", line 95, in until\n    raise TimeoutException(message, screen, stacktrace)\n",
        "steps" : [ ],
        "attachments" : [ ],
        "parameters" : [ ],
        "stepsCount" : 0,
        "attachmentsCount" : 0,
        "shouldDisplayMessage" : true,
        "hasContent" : true
      } ],
      "attachments" : [ ],
      "parameters" : [ ],
      "stepsCount" : 2,
      "attachmentsCount" : 0,
      "shouldDisplayMessage" : false,
      "hasContent" : true
    } ],
    "attachments" : [ ],
    "parameters" : [ ],
    "stepsCount" : 5,
    "attachmentsCount" : 0,
    "shouldDisplayMessage" : true,
    "hasContent" : true
  },
  "afterStages" : [ {
    "name" : "driver::0",
    "time" : {
      "start" : 1750383240249,
      "stop" : 1750383240315,
      "duration" : 66
    },
    "status" : "passed",
    "steps" : [ ],
    "attachments" : [ ],
    "parameters" : [ ],
    "stepsCount" : 0,
    "attachmentsCount" : 0,
    "shouldDisplayMessage" : false,
    "hasContent" : false
  } ],
  "labels" : [ {
    "name" : "suite",
    "value" : "Речевые упражнения."
  }, {
    "name" : "epic",
    "value" : "Speech exercises."
  }, {
    "name" : "tag",
    "value" : "@pytest.mark.xfail"
  }, {
    "name" : "parentSuite",
    "value" : "tests"
  }, {
    "name" : "subSuite",
    "value" : "TestCardsRU"
  }, {
    "name" : "host",
    "value" : "pkrvmxyh4eaekms"
  }, {
    "name" : "thread",
    "value" : "2547-MainThread"
  }, {
    "name" : "framework",
    "value" : "pytest"
  }, {
    "name" : "language",
    "value" : "cpython3"
  }, {
    "name" : "package",
    "value" : "tests.test_speech_exercises_ru"
  }, {
    "name" : "resultFormat",
    "value" : "allure2"
  } ],
  "parameters" : [ ],
  "links" : [ ],
  "hidden" : false,
  "retry" : false,
  "extra" : {
    "severity" : "normal",
    "retries" : [ ],
    "categories" : [ ],
    "history" : {
      "statistic" : {
        "failed" : 0,
        "broken" : 0,
        "skipped" : 224,
        "passed" : 0,
        "unknown" : 0,
        "total" : 224
      },
      "items" : [ {
        "uid" : "d704787f6de9d660",
        "reportUrl" : "https://Brain-up.github.io/auto-tests-python/603//#testresult/d704787f6de9d660",
        "status" : "skipped",
        "statusDetails" : "XFAIL\n\nselenium.common.exceptions.TimeoutException: Message: Can't find element by locator ('xpath', '//div[@class=\"__51e19\"]')\nStacktrace:\n#0 0x55f6517e429a <unknown>\n#1 0x55f651250040 <unknown>\n#2 0x55f6512a1990 <unknown>\n#3 0x55f6512a1b81 <unknown>\n#4 0x55f6512f0664 <unknown>\n#5 0x55f6512c76bd <unknown>\n#6 0x55f6512edace <unknown>\n#7 0x55f6512c7463 <unknown>\n#8 0x55f651293c55 <unknown>\n#9 0x55f6512948c1 <unknown>\n#10 0x55f6517a91bb <unknown>\n#11 0x55f6517ad0c9 <unknown>\n#12 0x55f651791a39 <unknown>\n#13 0x55f6517adc78 <unknown>\n#14 0x55f6517766bf <unknown>\n#15 0x55f6517d1948 <unknown>\n#16 0x55f6517d1b26 <unknown>\n#17 0x55f6517e3176 <unknown>\n#18 0x7ff42f09caa4 <unknown>\n#19 0x7ff42f129c3c <unknown>",
        "time" : {
          "start" : 1750359795307,
          "stop" : 1750359815947,
          "duration" : 20640
        }
      }, {
        "uid" : "8c786f5a26d9b78b",
        "reportUrl" : "https://Brain-up.github.io/auto-tests-python/400//#testresult/8c786f5a26d9b78b",
        "status" : "skipped",
        "statusDetails" : "XFAIL\n\nselenium.common.exceptions.TimeoutException: Message: Can't find element by locator ('xpath', '//div[@class=\"__51e19\"]')\nStacktrace:\n#0 0x5627009c529a <unknown>\n#1 0x562700431040 <unknown>\n#2 0x562700482990 <unknown>\n#3 0x562700482b81 <unknown>\n#4 0x5627004d1664 <unknown>\n#5 0x5627004a86bd <unknown>\n#6 0x5627004ceace <unknown>\n#7 0x5627004a8463 <unknown>\n#8 0x562700474c55 <unknown>\n#9 0x5627004758c1 <unknown>\n#10 0x56270098a1bb <unknown>\n#11 0x56270098e0c9 <unknown>\n#12 0x562700972a39 <unknown>\n#13 0x56270098ec78 <unknown>\n#14 0x5627009576bf <unknown>\n#15 0x5627009b2948 <unknown>\n#16 0x5627009b2b26 <unknown>\n#17 0x5627009c4176 <unknown>\n#18 0x7fdbd4e9caa4 <unknown>\n#19 0x7fdbd4f29c3c <unknown>",
        "time" : {
          "start" : 1750296875513,
          "stop" : 1750296896150,
          "duration" : 20637
        }
      }, {
        "uid" : "a8d7a09ec94494a6",
        "reportUrl" : "https://Brain-up.github.io/auto-tests-python/602//#testresult/a8d7a09ec94494a6",
        "status" : "skipped",
        "statusDetails" : "XFAIL\n\nselenium.common.exceptions.TimeoutException: Message: Can't find element by locator ('xpath', '//div[@class=\"__51e19\"]')\nStacktrace:\n#0 0x55a3a98c829a <unknown>\n#1 0x55a3a9334040 <unknown>\n#2 0x55a3a9385990 <unknown>\n#3 0x55a3a9385b81 <unknown>\n#4 0x55a3a93d4664 <unknown>\n#5 0x55a3a93ab6bd <unknown>\n#6 0x55a3a93d1ace <unknown>\n#7 0x55a3a93ab463 <unknown>\n#8 0x55a3a9377c55 <unknown>\n#9 0x55a3a93788c1 <unknown>\n#10 0x55a3a988d1bb <unknown>\n#11 0x55a3a98910c9 <unknown>\n#12 0x55a3a9875a39 <unknown>\n#13 0x55a3a9891c78 <unknown>\n#14 0x55a3a985a6bf <unknown>\n#15 0x55a3a98b5948 <unknown>\n#16 0x55a3a98b5b26 <unknown>\n#17 0x55a3a98c7176 <unknown>\n#18 0x7f009e29caa4 <unknown>\n#19 0x7f009e329c3c <unknown>",
        "time" : {
          "start" : 1750236349594,
          "stop" : 1750236369750,
          "duration" : 20156
        }
      }, {
        "uid" : "5511a1d12371dfe2",
        "reportUrl" : "https://Brain-up.github.io/auto-tests-python/399//#testresult/5511a1d12371dfe2",
        "status" : "skipped",
        "statusDetails" : "XFAIL\n\nselenium.common.exceptions.TimeoutException: Message: Can't find element by locator ('xpath', '//div[@class=\"__51e19\"]')\nStacktrace:\n#0 0x55579e2c629a <unknown>\n#1 0x55579dd32040 <unknown>\n#2 0x55579dd83990 <unknown>\n#3 0x55579dd83b81 <unknown>\n#4 0x55579ddd2664 <unknown>\n#5 0x55579dda96bd <unknown>\n#6 0x55579ddcface <unknown>\n#7 0x55579dda9463 <unknown>\n#8 0x55579dd75c55 <unknown>\n#9 0x55579dd768c1 <unknown>\n#10 0x55579e28b1bb <unknown>\n#11 0x55579e28f0c9 <unknown>\n#12 0x55579e273a39 <unknown>\n#13 0x55579e28fc78 <unknown>\n#14 0x55579e2586bf <unknown>\n#15 0x55579e2b3948 <unknown>\n#16 0x55579e2b3b26 <unknown>\n#17 0x55579e2c5176 <unknown>\n#18 0x7ff7e669caa4 <unknown>\n#19 0x7ff7e6729c3c <unknown>",
        "time" : {
          "start" : 1750210277417,
          "stop" : 1750210298073,
          "duration" : 20656
        }
      }, {
        "uid" : "e9ed3bff0f189732",
        "reportUrl" : "https://Brain-up.github.io/auto-tests-python/601//#testresult/e9ed3bff0f189732",
        "status" : "skipped",
        "statusDetails" : "XFAIL\n\nselenium.common.exceptions.TimeoutException: Message: Can't find element by locator ('xpath', '//div[@class=\"__51e19\"]')\nStacktrace:\n#0 0x55c1691c329a <unknown>\n#1 0x55c168c2f040 <unknown>\n#2 0x55c168c80990 <unknown>\n#3 0x55c168c80b81 <unknown>\n#4 0x55c168ccf664 <unknown>\n#5 0x55c168ca66bd <unknown>\n#6 0x55c168cccace <unknown>\n#7 0x55c168ca6463 <unknown>\n#8 0x55c168c72c55 <unknown>\n#9 0x55c168c738c1 <unknown>\n#10 0x55c1691881bb <unknown>\n#11 0x55c16918c0c9 <unknown>\n#12 0x55c169170a39 <unknown>\n#13 0x55c16918cc78 <unknown>\n#14 0x55c1691556bf <unknown>\n#15 0x55c1691b0948 <unknown>\n#16 0x55c1691b0b26 <unknown>\n#17 0x55c1691c2176 <unknown>\n#18 0x7f1e0469caa4 <unknown>\n#19 0x7f1e04729c3c <unknown>",
        "time" : {
          "start" : 1750183763294,
          "stop" : 1750183783932,
          "duration" : 20638
        }
      }, {
        "uid" : "6c47e0eab99f64af",
        "reportUrl" : "https://Brain-up.github.io/auto-tests-python/398//#testresult/6c47e0eab99f64af",
        "status" : "skipped",
        "statusDetails" : "XFAIL\n\nselenium.common.exceptions.TimeoutException: Message: Can't find element by locator ('xpath', '//div[@class=\"__51e19\"]')\nStacktrace:\n#0 0x55f30c43929a <unknown>\n#1 0x55f30bea5040 <unknown>\n#2 0x55f30bef6990 <unknown>\n#3 0x55f30bef6b81 <unknown>\n#4 0x55f30bf45664 <unknown>\n#5 0x55f30bf1c6bd <unknown>\n#6 0x55f30bf42ace <unknown>\n#7 0x55f30bf1c463 <unknown>\n#8 0x55f30bee8c55 <unknown>\n#9 0x55f30bee98c1 <unknown>\n#10 0x55f30c3fe1bb <unknown>\n#11 0x55f30c4020c9 <unknown>\n#12 0x55f30c3e6a39 <unknown>\n#13 0x55f30c402c78 <unknown>\n#14 0x55f30c3cb6bf <unknown>\n#15 0x55f30c426948 <unknown>\n#16 0x55f30c426b26 <unknown>\n#17 0x55f30c438176 <unknown>\n#18 0x7f835269caa4 <unknown>\n#19 0x7f8352729c3c <unknown>",
        "time" : {
          "start" : 1750124138644,
          "stop" : 1750124158862,
          "duration" : 20218
        }
      }, {
        "uid" : "d4ea3c60925899e7",
        "reportUrl" : "https://Brain-up.github.io/auto-tests-python/600//#testresult/d4ea3c60925899e7",
        "status" : "skipped",
        "statusDetails" : "XFAIL\n\nselenium.common.exceptions.TimeoutException: Message: Can't find element by locator ('xpath', '//div[@class=\"__51e19\"]')\nStacktrace:\n#0 0x55b92c8ef29a <unknown>\n#1 0x55b92c35b040 <unknown>\n#2 0x55b92c3ac990 <unknown>\n#3 0x55b92c3acb81 <unknown>\n#4 0x55b92c3fb664 <unknown>\n#5 0x55b92c3d26bd <unknown>\n#6 0x55b92c3f8ace <unknown>\n#7 0x55b92c3d2463 <unknown>\n#8 0x55b92c39ec55 <unknown>\n#9 0x55b92c39f8c1 <unknown>\n#10 0x55b92c8b41bb <unknown>\n#11 0x55b92c8b80c9 <unknown>\n#12 0x55b92c89ca39 <unknown>\n#13 0x55b92c8b8c78 <unknown>\n#14 0x55b92c8816bf <unknown>\n#15 0x55b92c8dc948 <unknown>\n#16 0x55b92c8dcb26 <unknown>\n#17 0x55b92c8ee176 <unknown>\n#18 0x7fb13f69caa4 <unknown>\n#19 0x7fb13f729c3c <unknown>",
        "time" : {
          "start" : 1750066259020,
          "stop" : 1750066279166,
          "duration" : 20146
        }
      }, {
        "uid" : "320fb54cb973c250",
        "reportUrl" : "https://Brain-up.github.io/auto-tests-python/397//#testresult/320fb54cb973c250",
        "status" : "skipped",
        "statusDetails" : "XFAIL\n\nselenium.common.exceptions.TimeoutException: Message: Can't find element by locator ('xpath', '//div[@class=\"__51e19\"]')\nStacktrace:\n#0 0x55bfd8e3f29a <unknown>\n#1 0x55bfd88ab040 <unknown>\n#2 0x55bfd88fc990 <unknown>\n#3 0x55bfd88fcb81 <unknown>\n#4 0x55bfd894b664 <unknown>\n#5 0x55bfd89226bd <unknown>\n#6 0x55bfd8948ace <unknown>\n#7 0x55bfd8922463 <unknown>\n#8 0x55bfd88eec55 <unknown>\n#9 0x55bfd88ef8c1 <unknown>\n#10 0x55bfd8e041bb <unknown>\n#11 0x55bfd8e080c9 <unknown>\n#12 0x55bfd8deca39 <unknown>\n#13 0x55bfd8e08c78 <unknown>\n#14 0x55bfd8dd16bf <unknown>\n#15 0x55bfd8e2c948 <unknown>\n#16 0x55bfd8e2cb26 <unknown>\n#17 0x55bfd8e3e176 <unknown>\n#18 0x7fd1aca9caa4 <unknown>\n#19 0x7fd1acb29c3c <unknown>",
        "time" : {
          "start" : 1750037608988,
          "stop" : 1750037629201,
          "duration" : 20213
        }
      }, {
        "uid" : "16aee1584d8ed7d3",
        "reportUrl" : "https://Brain-up.github.io/auto-tests-python/599//#testresult/16aee1584d8ed7d3",
        "status" : "skipped",
        "statusDetails" : "XFAIL\n\nselenium.common.exceptions.TimeoutException: Message: Can't find element by locator ('xpath', '//div[@class=\"__51e19\"]')\nStacktrace:\n#0 0x556a7137429a <unknown>\n#1 0x556a70de0040 <unknown>\n#2 0x556a70e31990 <unknown>\n#3 0x556a70e31b81 <unknown>\n#4 0x556a70e80664 <unknown>\n#5 0x556a70e576bd <unknown>\n#6 0x556a70e7dace <unknown>\n#7 0x556a70e57463 <unknown>\n#8 0x556a70e23c55 <unknown>\n#9 0x556a70e248c1 <unknown>\n#10 0x556a713391bb <unknown>\n#11 0x556a7133d0c9 <unknown>\n#12 0x556a71321a39 <unknown>\n#13 0x556a7133dc78 <unknown>\n#14 0x556a713066bf <unknown>\n#15 0x556a71361948 <unknown>\n#16 0x556a71361b26 <unknown>\n#17 0x556a71373176 <unknown>\n#18 0x7fe4a569caa4 <unknown>\n#19 0x7fe4a5729c3c <unknown>",
        "time" : {
          "start" : 1749986100704,
          "stop" : 1749986120848,
          "duration" : 20144
        }
      }, {
        "uid" : "5d78863efa475b8",
        "reportUrl" : "https://Brain-up.github.io/auto-tests-python/396//#testresult/5d78863efa475b8",
        "status" : "skipped",
        "statusDetails" : "XFAIL\n\nselenium.common.exceptions.TimeoutException: Message: Can't find element by locator ('xpath', '//div[@class=\"__51e19\"]')\nStacktrace:\n#0 0x55cae39bc29a <unknown>\n#1 0x55cae3428040 <unknown>\n#2 0x55cae3479990 <unknown>\n#3 0x55cae3479b81 <unknown>\n#4 0x55cae34c8664 <unknown>\n#5 0x55cae349f6bd <unknown>\n#6 0x55cae34c5ace <unknown>\n#7 0x55cae349f463 <unknown>\n#8 0x55cae346bc55 <unknown>\n#9 0x55cae346c8c1 <unknown>\n#10 0x55cae39811bb <unknown>\n#11 0x55cae39850c9 <unknown>\n#12 0x55cae3969a39 <unknown>\n#13 0x55cae3985c78 <unknown>\n#14 0x55cae394e6bf <unknown>\n#15 0x55cae39a9948 <unknown>\n#16 0x55cae39a9b26 <unknown>\n#17 0x55cae39bb176 <unknown>\n#18 0x7f784a09caa4 <unknown>\n#19 0x7f784a129c3c <unknown>",
        "time" : {
          "start" : 1749951603531,
          "stop" : 1749951623707,
          "duration" : 20176
        }
      }, {
        "uid" : "9400afd7009dc0c3",
        "reportUrl" : "https://Brain-up.github.io/auto-tests-python/598//#testresult/9400afd7009dc0c3",
        "status" : "skipped",
        "statusDetails" : "XFAIL\n\nselenium.common.exceptions.TimeoutException: Message: Can't find element by locator ('xpath', '//div[@class=\"__51e19\"]')\nStacktrace:\n#0 0x55cd5266329a <unknown>\n#1 0x55cd520cf040 <unknown>\n#2 0x55cd52120990 <unknown>\n#3 0x55cd52120b81 <unknown>\n#4 0x55cd5216f664 <unknown>\n#5 0x55cd521466bd <unknown>\n#6 0x55cd5216cace <unknown>\n#7 0x55cd52146463 <unknown>\n#8 0x55cd52112c55 <unknown>\n#9 0x55cd521138c1 <unknown>\n#10 0x55cd526281bb <unknown>\n#11 0x55cd5262c0c9 <unknown>\n#12 0x55cd52610a39 <unknown>\n#13 0x55cd5262cc78 <unknown>\n#14 0x55cd525f56bf <unknown>\n#15 0x55cd52650948 <unknown>\n#16 0x55cd52650b26 <unknown>\n#17 0x55cd52662176 <unknown>\n#18 0x7f16e4a9caa4 <unknown>\n#19 0x7f16e4b29c3c <unknown>",
        "time" : {
          "start" : 1749890450540,
          "stop" : 1749890471151,
          "duration" : 20611
        }
      }, {
        "uid" : "132215d643217598",
        "reportUrl" : "https://Brain-up.github.io/auto-tests-python/395//#testresult/132215d643217598",
        "status" : "skipped",
        "statusDetails" : "XFAIL\n\nselenium.common.exceptions.TimeoutException: Message: Can't find element by locator ('xpath', '//div[@class=\"__51e19\"]')\nStacktrace:\n#0 0x55be216f829a <unknown>\n#1 0x55be21164040 <unknown>\n#2 0x55be211b5990 <unknown>\n#3 0x55be211b5b81 <unknown>\n#4 0x55be21204664 <unknown>\n#5 0x55be211db6bd <unknown>\n#6 0x55be21201ace <unknown>\n#7 0x55be211db463 <unknown>\n#8 0x55be211a7c55 <unknown>\n#9 0x55be211a88c1 <unknown>\n#10 0x55be216bd1bb <unknown>\n#11 0x55be216c10c9 <unknown>\n#12 0x55be216a5a39 <unknown>\n#13 0x55be216c1c78 <unknown>\n#14 0x55be2168a6bf <unknown>\n#15 0x55be216e5948 <unknown>\n#16 0x55be216e5b26 <unknown>\n#17 0x55be216f7176 <unknown>\n#18 0x7f2bc189caa4 <unknown>\n#19 0x7f2bc1929c3c <unknown>",
        "time" : {
          "start" : 1749864935867,
          "stop" : 1749864956517,
          "duration" : 20650
        }
      }, {
        "uid" : "9c5303aa1575cb14",
        "reportUrl" : "https://Brain-up.github.io/auto-tests-python/597//#testresult/9c5303aa1575cb14",
        "status" : "skipped",
        "statusDetails" : "XFAIL\n\nselenium.common.exceptions.TimeoutException: Message: Can't find element by locator ('xpath', '//div[@class=\"__51e19\"]')\nStacktrace:\n#0 0x55a87f72529a <unknown>\n#1 0x55a87f191040 <unknown>\n#2 0x55a87f1e2990 <unknown>\n#3 0x55a87f1e2b81 <unknown>\n#4 0x55a87f231664 <unknown>\n#5 0x55a87f2086bd <unknown>\n#6 0x55a87f22eace <unknown>\n#7 0x55a87f208463 <unknown>\n#8 0x55a87f1d4c55 <unknown>\n#9 0x55a87f1d58c1 <unknown>\n#10 0x55a87f6ea1bb <unknown>\n#11 0x55a87f6ee0c9 <unknown>\n#12 0x55a87f6d2a39 <unknown>\n#13 0x55a87f6eec78 <unknown>\n#14 0x55a87f6b76bf <unknown>\n#15 0x55a87f712948 <unknown>\n#16 0x55a87f712b26 <unknown>\n#17 0x55a87f724176 <unknown>\n#18 0x7f68b869caa4 <unknown>\n#19 0x7f68b8729c3c <unknown>",
        "time" : {
          "start" : 1749816150415,
          "stop" : 1749816171046,
          "duration" : 20631
        }
      }, {
        "uid" : "48a515341e27b435",
        "reportUrl" : "https://Brain-up.github.io/auto-tests-python/394//#testresult/48a515341e27b435",
        "status" : "skipped",
        "statusDetails" : "XFAIL\n\nselenium.common.exceptions.TimeoutException: Message: Can't find element by locator ('xpath', '//div[@class=\"__51e19\"]')\nStacktrace:\n#0 0x56501401b29a <unknown>\n#1 0x565013a87040 <unknown>\n#2 0x565013ad8990 <unknown>\n#3 0x565013ad8b81 <unknown>\n#4 0x565013b27664 <unknown>\n#5 0x565013afe6bd <unknown>\n#6 0x565013b24ace <unknown>\n#7 0x565013afe463 <unknown>\n#8 0x565013acac55 <unknown>\n#9 0x565013acb8c1 <unknown>\n#10 0x565013fe01bb <unknown>\n#11 0x565013fe40c9 <unknown>\n#12 0x565013fc8a39 <unknown>\n#13 0x565013fe4c78 <unknown>\n#14 0x565013fad6bf <unknown>\n#15 0x565014008948 <unknown>\n#16 0x565014008b26 <unknown>\n#17 0x56501401a176 <unknown>\n#18 0x7f5e9da9caa4 <unknown>\n#19 0x7f5e9db29c3c <unknown>",
        "time" : {
          "start" : 1749778698796,
          "stop" : 1749778718947,
          "duration" : 20151
        }
      }, {
        "uid" : "7b84219dbd8e7e56",
        "reportUrl" : "https://Brain-up.github.io/auto-tests-python/596//#testresult/7b84219dbd8e7e56",
        "status" : "skipped",
        "statusDetails" : "XFAIL\n\nselenium.common.exceptions.TimeoutException: Message: Can't find element by locator ('xpath', '//div[@class=\"__51e19\"]')\nStacktrace:\n#0 0x56438f6d929a <unknown>\n#1 0x56438f145040 <unknown>\n#2 0x56438f196990 <unknown>\n#3 0x56438f196b81 <unknown>\n#4 0x56438f1e5664 <unknown>\n#5 0x56438f1bc6bd <unknown>\n#6 0x56438f1e2ace <unknown>\n#7 0x56438f1bc463 <unknown>\n#8 0x56438f188c55 <unknown>\n#9 0x56438f1898c1 <unknown>\n#10 0x56438f69e1bb <unknown>\n#11 0x56438f6a20c9 <unknown>\n#12 0x56438f686a39 <unknown>\n#13 0x56438f6a2c78 <unknown>\n#14 0x56438f66b6bf <unknown>\n#15 0x56438f6c6948 <unknown>\n#16 0x56438f6c6b26 <unknown>\n#17 0x56438f6d8176 <unknown>\n#18 0x7fed3de9caa4 <unknown>\n#19 0x7fed3df29c3c <unknown>",
        "time" : {
          "start" : 1749709861930,
          "stop" : 1749709882074,
          "duration" : 20144
        }
      }, {
        "uid" : "5449bf6bf2a4123b",
        "reportUrl" : "https://Brain-up.github.io/auto-tests-python/393//#testresult/5449bf6bf2a4123b",
        "status" : "skipped",
        "statusDetails" : "XFAIL\n\nselenium.common.exceptions.TimeoutException: Message: Can't find element by locator ('xpath', '//div[@class=\"__51e19\"]')\nStacktrace:\n#0 0x56323f50a29a <unknown>\n#1 0x56323ef76040 <unknown>\n#2 0x56323efc7990 <unknown>\n#3 0x56323efc7b81 <unknown>\n#4 0x56323f016664 <unknown>\n#5 0x56323efed6bd <unknown>\n#6 0x56323f013ace <unknown>\n#7 0x56323efed463 <unknown>\n#8 0x56323efb9c55 <unknown>\n#9 0x56323efba8c1 <unknown>\n#10 0x56323f4cf1bb <unknown>\n#11 0x56323f4d30c9 <unknown>\n#12 0x56323f4b7a39 <unknown>\n#13 0x56323f4d3c78 <unknown>\n#14 0x56323f49c6bf <unknown>\n#15 0x56323f4f7948 <unknown>\n#16 0x56323f4f7b26 <unknown>\n#17 0x56323f509176 <unknown>\n#18 0x7f525889caa4 <unknown>\n#19 0x7f5258929c3c <unknown>",
        "time" : {
          "start" : 1749692000301,
          "stop" : 1749692020956,
          "duration" : 20655
        }
      }, {
        "uid" : "98983c4866f34e78",
        "reportUrl" : "https://Brain-up.github.io/auto-tests-python/595//#testresult/98983c4866f34e78",
        "status" : "skipped",
        "statusDetails" : "XFAIL\n\nKeyError: 14",
        "time" : {
          "start" : 1749666931937,
          "stop" : 1749666939719,
          "duration" : 7782
        }
      }, {
        "uid" : "6226f533a0b6675d",
        "reportUrl" : "https://Brain-up.github.io/auto-tests-python/392//#testresult/6226f533a0b6675d",
        "status" : "skipped",
        "statusDetails" : "XFAIL\n\nselenium.common.exceptions.TimeoutException: Message: Can't find element by locator ('xpath', '//div[@class=\"__51e19\"]')\nStacktrace:\n#0 0x55fc9050a29a <unknown>\n#1 0x55fc8ff76040 <unknown>\n#2 0x55fc8ffc7990 <unknown>\n#3 0x55fc8ffc7b81 <unknown>\n#4 0x55fc90016664 <unknown>\n#5 0x55fc8ffed6bd <unknown>\n#6 0x55fc90013ace <unknown>\n#7 0x55fc8ffed463 <unknown>\n#8 0x55fc8ffb9c55 <unknown>\n#9 0x55fc8ffba8c1 <unknown>\n#10 0x55fc904cf1bb <unknown>\n#11 0x55fc904d30c9 <unknown>\n#12 0x55fc904b7a39 <unknown>\n#13 0x55fc904d3c78 <unknown>\n#14 0x55fc9049c6bf <unknown>\n#15 0x55fc904f7948 <unknown>\n#16 0x55fc904f7b26 <unknown>\n#17 0x55fc90509176 <unknown>\n#18 0x7f2b9289caa4 <unknown>\n#19 0x7f2b92929c3c <unknown>",
        "time" : {
          "start" : 1749605578989,
          "stop" : 1749605599132,
          "duration" : 20143
        }
      }, {
        "uid" : "bbcd1a1071fdcc86",
        "reportUrl" : "https://Brain-up.github.io/auto-tests-python/594//#testresult/bbcd1a1071fdcc86",
        "status" : "skipped",
        "statusDetails" : "XFAIL\n\nselenium.common.exceptions.TimeoutException: Message: Can't find element by locator ('xpath', '//div[@class=\"__51e19\"]')\nStacktrace:\n#0 0x561b0a76029a <unknown>\n#1 0x561b0a1cc040 <unknown>\n#2 0x561b0a21d990 <unknown>\n#3 0x561b0a21db81 <unknown>\n#4 0x561b0a26c664 <unknown>\n#5 0x561b0a2436bd <unknown>\n#6 0x561b0a269ace <unknown>\n#7 0x561b0a243463 <unknown>\n#8 0x561b0a20fc55 <unknown>\n#9 0x561b0a2108c1 <unknown>\n#10 0x561b0a7251bb <unknown>\n#11 0x561b0a7290c9 <unknown>\n#12 0x561b0a70da39 <unknown>\n#13 0x561b0a729c78 <unknown>\n#14 0x561b0a6f26bf <unknown>\n#15 0x561b0a74d948 <unknown>\n#16 0x561b0a74db26 <unknown>\n#17 0x561b0a75f176 <unknown>\n#18 0x7f058bc9caa4 <unknown>\n#19 0x7f058bd29c3c <unknown>",
        "time" : {
          "start" : 1749581889851,
          "stop" : 1749581910492,
          "duration" : 20641
        }
      }, {
        "uid" : "46f5b24f5de91540",
        "reportUrl" : "https://Brain-up.github.io/auto-tests-python/391//#testresult/46f5b24f5de91540",
        "status" : "skipped",
        "statusDetails" : "XFAIL\n\nselenium.common.exceptions.TimeoutException: Message: Can't find element by locator ('xpath', '//div[@class=\"__51e19\"]')\nStacktrace:\n#0 0x55ee61fa878a <unknown>\n#1 0x55ee61a4b0a0 <unknown>\n#2 0x55ee61a9c9b0 <unknown>\n#3 0x55ee61a9cba1 <unknown>\n#4 0x55ee61aeaea4 <unknown>\n#5 0x55ee61ac23cd <unknown>\n#6 0x55ee61ae82a0 <unknown>\n#7 0x55ee61ac2173 <unknown>\n#8 0x55ee61a8ed4b <unknown>\n#9 0x55ee61a8f9b1 <unknown>\n#10 0x55ee61f6d93b <unknown>\n#11 0x55ee61f7183a <unknown>\n#12 0x55ee61f55692 <unknown>\n#13 0x55ee61f723c4 <unknown>\n#14 0x55ee61f3a4cf <unknown>\n#15 0x55ee61f96568 <unknown>\n#16 0x55ee61f96746 <unknown>\n#17 0x55ee61fa75f6 <unknown>\n#18 0x7f37f929caa4 <unknown>\n#19 0x7f37f9329c3c <unknown>",
        "time" : {
          "start" : 1749519320109,
          "stop" : 1749519340726,
          "duration" : 20617
        }
      } ]
    },
    "tags" : [ "@pytest.mark.xfail" ]
  },
  "source" : "6575243913c4467b.json",
  "parameterValues" : [ ]
}