{
  "uid" : "ba2b7e207ac63608",
  "name" : "Select a random card from \"Группа слов\" group and compare UI vs BACKEND data.",
  "fullName" : "tests.test_speech_exercises_ru.TestCardsRU#test_random_cards_in_group_words_ru",
  "historyId" : "0c99feebb7314b5ff7efb452ee6dded7",
  "time" : {
    "start" : 1752173599191,
    "stop" : 1752173599191,
    "duration" : 0
  },
  "status" : "skipped",
  "statusMessage" : "XFAIL\n\nselenium.common.exceptions.TimeoutException: Message: Can't find element by locator https://www.brainup.site/groups",
  "statusTrace" : "self = <pages.base_page.BasePage object at 0x7f056cccf770>\nurl = 'https://www.brainup.site/groups'\n\n    def check_expected_link(self, url):\n        with allure.step(f'Check url is present: {url}'):\n            try:\n>               return Wait(self.driver, self.timeout).until(\n                    EC.url_to_be(url), message=f\"Can't find element by locator {url}\")\n\npages/base_page.py:80: \n_ _ _ _ _ _ _ _ _ _ _ _ _ _ _ _ _ _ _ _ _ _ _ _ _ _ _ _ _ _ _ _ _ _ _ _ _ _ _ _ \n\nself = <selenium.webdriver.support.wait.WebDriverWait (session=\"ac678387f36f133aa800b9540f5e7c9e\")>\nmethod = <function url_to_be.<locals>._predicate at 0x7f056ccd9620>\nmessage = \"Can't find element by locator https://www.brainup.site/groups\"\n\n    def until(self, method, message: str = \"\"):\n        \"\"\"Calls the method provided with the driver as an argument until the \\\n        return value does not evaluate to ``False``.\n    \n        :param method: callable(WebDriver)\n        :param message: optional message for :exc:`TimeoutException`\n        :returns: the result of the last call to `method`\n        :raises: :exc:`selenium.common.exceptions.TimeoutException` if timeout occurs\n        \"\"\"\n        screen = None\n        stacktrace = None\n    \n        end_time = time.monotonic() + self._timeout\n        while True:\n            try:\n                value = method(self._driver)\n                if value:\n                    return value\n            except self._ignored_exceptions as exc:\n                screen = getattr(exc, \"screen\", None)\n                stacktrace = getattr(exc, \"stacktrace\", None)\n            time.sleep(self._poll)\n            if time.monotonic() > end_time:\n                break\n>       raise TimeoutException(message, screen, stacktrace)\nE       selenium.common.exceptions.TimeoutException: Message: Can't find element by locator https://www.brainup.site/groups\n\n/opt/hostedtoolcache/Python/3.12.11/x64/lib/python3.12/site-packages/selenium/webdriver/support/wait.py:95: TimeoutException\n\nDuring handling of the above exception, another exception occurred:\n\ndriver = <selenium.webdriver.chrome.webdriver.WebDriver (session=\"ac678387f36f133aa800b9540f5e7c9e\")>\nmain_page_open = None\n\n    @pytest.fixture()\n    @allure.step('USER specialist authorized')\n    def specialist_user_authorized(driver, main_page_open):\n        page = BasePage(driver)\n        page.element_is_present_and_clickable(MainPageLocators.LOGIN_BUTTON).click()\n        page.element_is_visible(LoginPageLocators.INPUT_LOGIN).send_keys(os.environ[\"SPECIALIST_LOGIN\"])\n        page.element_is_visible(LoginPageLocators.INPUT_PASSWORD).send_keys(os.environ[\"PASSWORD\"])\n        page.element_is_present_and_clickable(LoginPageLocators.SIGN_IN_BUTTON).click()\n>       page.check_expected_link(MainPageLinks.URL_GROUPS_PAGE)\n\ntests/conftest.py:170: \n_ _ _ _ _ _ _ _ _ _ _ _ _ _ _ _ _ _ _ _ _ _ _ _ _ _ _ _ _ _ _ _ _ _ _ _ _ _ _ _ \npages/base_page.py:84: in check_expected_link\n    return Wait(self.driver, self.timeout).until(\n_ _ _ _ _ _ _ _ _ _ _ _ _ _ _ _ _ _ _ _ _ _ _ _ _ _ _ _ _ _ _ _ _ _ _ _ _ _ _ _ \n\nself = <selenium.webdriver.support.wait.WebDriverWait (session=\"ac678387f36f133aa800b9540f5e7c9e\")>\nmethod = <function url_to_be.<locals>._predicate at 0x7f056ccd94e0>\nmessage = \"Can't find element by locator https://www.brainup.site/groups\"\n\n    def until(self, method, message: str = \"\"):\n        \"\"\"Calls the method provided with the driver as an argument until the \\\n        return value does not evaluate to ``False``.\n    \n        :param method: callable(WebDriver)\n        :param message: optional message for :exc:`TimeoutException`\n        :returns: the result of the last call to `method`\n        :raises: :exc:`selenium.common.exceptions.TimeoutException` if timeout occurs\n        \"\"\"\n        screen = None\n        stacktrace = None\n    \n        end_time = time.monotonic() + self._timeout\n        while True:\n            try:\n                value = method(self._driver)\n                if value:\n                    return value\n            except self._ignored_exceptions as exc:\n                screen = getattr(exc, \"screen\", None)\n                stacktrace = getattr(exc, \"stacktrace\", None)\n            time.sleep(self._poll)\n            if time.monotonic() > end_time:\n                break\n>       raise TimeoutException(message, screen, stacktrace)\nE       selenium.common.exceptions.TimeoutException: Message: Can't find element by locator https://www.brainup.site/groups\n\n/opt/hostedtoolcache/Python/3.12.11/x64/lib/python3.12/site-packages/selenium/webdriver/support/wait.py:95: TimeoutException",
  "flaky" : false,
  "newFailed" : false,
  "beforeStages" : [ {
    "name" : "main_page_open",
    "time" : {
      "start" : 1752173600018,
      "stop" : 1752173602837,
      "duration" : 2819
    },
    "status" : "passed",
    "steps" : [ {
      "name" : "Open page: https://www.brainup.site/",
      "time" : {
        "start" : 1752173600018,
        "stop" : 1752173602836,
        "duration" : 2818
      },
      "status" : "passed",
      "steps" : [ ],
      "attachments" : [ ],
      "parameters" : [ {
        "name" : "driver",
        "value" : "<selenium.webdriver.chrome.webdriver.WebDriver (session=\"ac678387f36f133aa800b9540f5e7c9e\")>"
      } ],
      "attachmentsCount" : 0,
      "shouldDisplayMessage" : false,
      "hasContent" : true,
      "stepsCount" : 0
    } ],
    "attachments" : [ ],
    "parameters" : [ ],
    "attachmentsCount" : 0,
    "shouldDisplayMessage" : false,
    "hasContent" : true,
    "stepsCount" : 1
  }, {
    "name" : "clear_allure_results_folder",
    "time" : {
      "start" : 1752172225783,
      "stop" : 1752172225783,
      "duration" : 0
    },
    "status" : "passed",
    "steps" : [ ],
    "attachments" : [ ],
    "parameters" : [ ],
    "attachmentsCount" : 0,
    "shouldDisplayMessage" : false,
    "hasContent" : false,
    "stepsCount" : 0
  }, {
    "name" : "driver",
    "time" : {
      "start" : 1752173599192,
      "stop" : 1752173600018,
      "duration" : 826
    },
    "status" : "passed",
    "steps" : [ ],
    "attachments" : [ ],
    "parameters" : [ ],
    "attachmentsCount" : 0,
    "shouldDisplayMessage" : false,
    "hasContent" : false,
    "stepsCount" : 0
  }, {
    "name" : "specialist_user_authorized",
    "time" : {
      "start" : 1752173602837,
      "stop" : 1752173623352,
      "duration" : 20515
    },
    "status" : "broken",
    "statusMessage" : "selenium.common.exceptions.TimeoutException: Message: Can't find element by locator https://www.brainup.site/groups\n\n",
    "statusTrace" : "  File \"/opt/hostedtoolcache/Python/3.12.11/x64/lib/python3.12/site-packages/pluggy/_callers.py\", line 38, in run_old_style_hookwrapper\n    res = yield\n          ^^^^^\n  File \"/opt/hostedtoolcache/Python/3.12.11/x64/lib/python3.12/site-packages/pluggy/_callers.py\", line 139, in _multicall\n    teardown.throw(exception)\n  File \"/opt/hostedtoolcache/Python/3.12.11/x64/lib/python3.12/site-packages/pluggy/_callers.py\", line 53, in run_old_style_hookwrapper\n    return result.get_result()\n           ^^^^^^^^^^^^^^^^^^^\n  File \"/opt/hostedtoolcache/Python/3.12.11/x64/lib/python3.12/site-packages/pluggy/_result.py\", line 103, in get_result\n    raise exc.with_traceback(tb)\n  File \"/opt/hostedtoolcache/Python/3.12.11/x64/lib/python3.12/site-packages/pluggy/_callers.py\", line 38, in run_old_style_hookwrapper\n    res = yield\n          ^^^^^\n  File \"/opt/hostedtoolcache/Python/3.12.11/x64/lib/python3.12/site-packages/pluggy/_callers.py\", line 121, in _multicall\n    res = hook_impl.function(*args)\n          ^^^^^^^^^^^^^^^^^^^^^^^^^\n  File \"/opt/hostedtoolcache/Python/3.12.11/x64/lib/python3.12/site-packages/_pytest/fixtures.py\", line 1123, in pytest_fixture_setup\n    result = call_fixture_func(fixturefunc, request, kwargs)\n             ^^^^^^^^^^^^^^^^^^^^^^^^^^^^^^^^^^^^^^^^^^^^^^^\n  File \"/opt/hostedtoolcache/Python/3.12.11/x64/lib/python3.12/site-packages/_pytest/fixtures.py\", line 902, in call_fixture_func\n    fixture_result = fixturefunc(**kwargs)\n                     ^^^^^^^^^^^^^^^^^^^^^\n  File \"/opt/hostedtoolcache/Python/3.12.11/x64/lib/python3.12/site-packages/allure_commons/_allure.py\", line 192, in impl\n    return func(*a, **kw)\n           ^^^^^^^^^^^^^^\n  File \"/home/runner/work/auto-tests-python/auto-tests-python/tests/conftest.py\", line 170, in specialist_user_authorized\n    page.check_expected_link(MainPageLinks.URL_GROUPS_PAGE)\n  File \"/home/runner/work/auto-tests-python/auto-tests-python/pages/base_page.py\", line 84, in check_expected_link\n    return Wait(self.driver, self.timeout).until(\n           ^^^^^^^^^^^^^^^^^^^^^^^^^^^^^^^^^^^^^^\n  File \"/opt/hostedtoolcache/Python/3.12.11/x64/lib/python3.12/site-packages/selenium/webdriver/support/wait.py\", line 95, in until\n    raise TimeoutException(message, screen, stacktrace)\n",
    "steps" : [ {
      "name" : "USER specialist authorized",
      "time" : {
        "start" : 1752173602837,
        "stop" : 1752173623352,
        "duration" : 20515
      },
      "status" : "broken",
      "statusMessage" : "selenium.common.exceptions.TimeoutException: Message: Can't find element by locator https://www.brainup.site/groups\n\n",
      "statusTrace" : "  File \"/opt/hostedtoolcache/Python/3.12.11/x64/lib/python3.12/site-packages/allure_commons/_allure.py\", line 192, in impl\n    return func(*a, **kw)\n           ^^^^^^^^^^^^^^\n  File \"/home/runner/work/auto-tests-python/auto-tests-python/tests/conftest.py\", line 170, in specialist_user_authorized\n    page.check_expected_link(MainPageLinks.URL_GROUPS_PAGE)\n  File \"/home/runner/work/auto-tests-python/auto-tests-python/pages/base_page.py\", line 84, in check_expected_link\n    return Wait(self.driver, self.timeout).until(\n           ^^^^^^^^^^^^^^^^^^^^^^^^^^^^^^^^^^^^^^\n  File \"/opt/hostedtoolcache/Python/3.12.11/x64/lib/python3.12/site-packages/selenium/webdriver/support/wait.py\", line 95, in until\n    raise TimeoutException(message, screen, stacktrace)\n",
      "steps" : [ {
        "name" : "Check url is present: https://www.brainup.site/groups",
        "time" : {
          "start" : 1752173603210,
          "stop" : 1752173623351,
          "duration" : 20141
        },
        "status" : "broken",
        "statusMessage" : "selenium.common.exceptions.TimeoutException: Message: Can't find element by locator https://www.brainup.site/groups\n\n",
        "statusTrace" : "  File \"/home/runner/work/auto-tests-python/auto-tests-python/pages/base_page.py\", line 84, in check_expected_link\n    return Wait(self.driver, self.timeout).until(\n           ^^^^^^^^^^^^^^^^^^^^^^^^^^^^^^^^^^^^^^\n  File \"/opt/hostedtoolcache/Python/3.12.11/x64/lib/python3.12/site-packages/selenium/webdriver/support/wait.py\", line 95, in until\n    raise TimeoutException(message, screen, stacktrace)\n",
        "steps" : [ ],
        "attachments" : [ ],
        "parameters" : [ ],
        "attachmentsCount" : 0,
        "shouldDisplayMessage" : true,
        "hasContent" : true,
        "stepsCount" : 0
      } ],
      "attachments" : [ ],
      "parameters" : [ {
        "name" : "driver",
        "value" : "<selenium.webdriver.chrome.webdriver.WebDriver (session=\"ac678387f36f133aa800b9540f5e7c9e\")>"
      }, {
        "name" : "main_page_open",
        "value" : "None"
      } ],
      "attachmentsCount" : 0,
      "shouldDisplayMessage" : false,
      "hasContent" : true,
      "stepsCount" : 1
    } ],
    "attachments" : [ ],
    "parameters" : [ ],
    "attachmentsCount" : 0,
    "shouldDisplayMessage" : false,
    "hasContent" : true,
    "stepsCount" : 2
  } ],
  "afterStages" : [ {
    "name" : "driver::0",
    "time" : {
      "start" : 1752173623370,
      "stop" : 1752173623438,
      "duration" : 68
    },
    "status" : "passed",
    "steps" : [ ],
    "attachments" : [ ],
    "parameters" : [ ],
    "attachmentsCount" : 0,
    "shouldDisplayMessage" : false,
    "hasContent" : false,
    "stepsCount" : 0
  } ],
  "labels" : [ {
    "name" : "epic",
    "value" : "Speech exercises."
  }, {
    "name" : "suite",
    "value" : "Речевые упражнения."
  }, {
    "name" : "tag",
    "value" : "@pytest.mark.xfail"
  }, {
    "name" : "parentSuite",
    "value" : "tests"
  }, {
    "name" : "subSuite",
    "value" : "TestCardsRU"
  }, {
    "name" : "host",
    "value" : "pkrvmfkh1xnbeme"
  }, {
    "name" : "thread",
    "value" : "2530-MainThread"
  }, {
    "name" : "framework",
    "value" : "pytest"
  }, {
    "name" : "language",
    "value" : "cpython3"
  }, {
    "name" : "package",
    "value" : "tests.test_speech_exercises_ru"
  }, {
    "name" : "resultFormat",
    "value" : "allure2"
  } ],
  "parameters" : [ ],
  "links" : [ ],
  "hidden" : false,
  "retry" : false,
  "extra" : {
    "severity" : "normal",
    "retries" : [ ],
    "categories" : [ ],
    "history" : {
      "statistic" : {
        "failed" : 0,
        "broken" : 0,
        "skipped" : 19,
        "passed" : 237,
        "unknown" : 0,
        "total" : 256
      },
      "items" : [ {
        "uid" : "66f11bc42f865bc",
        "reportUrl" : "https://Brain-up.github.io/auto-tests-python/623//#testresult/66f11bc42f865bc",
        "status" : "passed",
        "statusDetails" : "XPASS",
        "time" : {
          "start" : 1752035938102,
          "stop" : 1752035946001,
          "duration" : 7899
        }
      }, {
        "uid" : "426f9b5f89e3796f",
        "reportUrl" : "https://Brain-up.github.io/auto-tests-python/622//#testresult/426f9b5f89e3796f",
        "status" : "passed",
        "statusDetails" : "XPASS",
        "time" : {
          "start" : 1752002835141,
          "stop" : 1752002843102,
          "duration" : 7961
        }
      }, {
        "uid" : "756e7fa557028f3b",
        "reportUrl" : "https://Brain-up.github.io/auto-tests-python/621//#testresult/756e7fa557028f3b",
        "status" : "passed",
        "statusDetails" : "XPASS",
        "time" : {
          "start" : 1751906087641,
          "stop" : 1751906097907,
          "duration" : 10266
        }
      }, {
        "uid" : "d8380367cb52c334",
        "reportUrl" : "https://Brain-up.github.io/auto-tests-python/620//#testresult/d8380367cb52c334",
        "status" : "passed",
        "statusDetails" : "XPASS",
        "time" : {
          "start" : 1751784056357,
          "stop" : 1751784064981,
          "duration" : 8624
        }
      }, {
        "uid" : "d966aaad5b2cac1",
        "reportUrl" : "https://Brain-up.github.io/auto-tests-python/619//#testresult/d966aaad5b2cac1",
        "status" : "skipped",
        "statusDetails" : "XFAIL\n\nselenium.common.exceptions.TimeoutException: Message: Url: https://www.brainup.site/groups/2/series/3/subgroup/47/exercise/1117 has not been changed!!!",
        "time" : {
          "start" : 1751625745574,
          "stop" : 1751625760506,
          "duration" : 14932
        }
      }, {
        "uid" : "d8098f3f1055160c",
        "reportUrl" : "https://Brain-up.github.io/auto-tests-python/618//#testresult/d8098f3f1055160c",
        "status" : "skipped",
        "statusDetails" : "XFAIL\n\nselenium.common.exceptions.TimeoutException: Message: Url: https://www.brainup.site/groups/2/series/3/subgroup/47/exercise/1109 has not been changed!!!",
        "time" : {
          "start" : 1751521647841,
          "stop" : 1751521662220,
          "duration" : 14379
        }
      }, {
        "uid" : "7a1bac02094b5100",
        "reportUrl" : "https://Brain-up.github.io/auto-tests-python/617//#testresult/7a1bac02094b5100",
        "status" : "passed",
        "statusDetails" : "XPASS",
        "time" : {
          "start" : 1751459030979,
          "stop" : 1751459039786,
          "duration" : 8807
        }
      }, {
        "uid" : "853f4a703c92a465",
        "reportUrl" : "https://Brain-up.github.io/auto-tests-python/616//#testresult/853f4a703c92a465",
        "status" : "passed",
        "statusDetails" : "XPASS",
        "time" : {
          "start" : 1751382096869,
          "stop" : 1751382105680,
          "duration" : 8811
        }
      }, {
        "uid" : "f1273e3baded8cc2",
        "reportUrl" : "https://Brain-up.github.io/auto-tests-python/615//#testresult/f1273e3baded8cc2",
        "status" : "passed",
        "statusDetails" : "XPASS",
        "time" : {
          "start" : 1751369433947,
          "stop" : 1751369441919,
          "duration" : 7972
        }
      }, {
        "uid" : "e111db47063d50ba",
        "reportUrl" : "https://Brain-up.github.io/auto-tests-python/412//#testresult/e111db47063d50ba",
        "status" : "passed",
        "statusDetails" : "XPASS",
        "time" : {
          "start" : 1751333900991,
          "stop" : 1751333908983,
          "duration" : 7992
        }
      }, {
        "uid" : "449cd03df3a56f24",
        "reportUrl" : "https://Brain-up.github.io/auto-tests-python/614//#testresult/449cd03df3a56f24",
        "status" : "passed",
        "statusDetails" : "XPASS",
        "time" : {
          "start" : 1751276041582,
          "stop" : 1751276049388,
          "duration" : 7806
        }
      }, {
        "uid" : "cf916094799fe9a6",
        "reportUrl" : "https://Brain-up.github.io/auto-tests-python/411//#testresult/cf916094799fe9a6",
        "status" : "passed",
        "statusDetails" : "XPASS",
        "time" : {
          "start" : 1751247301156,
          "stop" : 1751247309042,
          "duration" : 7886
        }
      }, {
        "uid" : "65276e63b568f0e6",
        "reportUrl" : "https://Brain-up.github.io/auto-tests-python/613//#testresult/65276e63b568f0e6",
        "status" : "passed",
        "statusDetails" : "XPASS",
        "time" : {
          "start" : 1751201380848,
          "stop" : 1751201395860,
          "duration" : 15012
        }
      }, {
        "uid" : "672e91dd7b29ebc7",
        "reportUrl" : "https://Brain-up.github.io/auto-tests-python/410//#testresult/672e91dd7b29ebc7",
        "status" : "passed",
        "statusDetails" : "XPASS",
        "time" : {
          "start" : 1751161114019,
          "stop" : 1751161121723,
          "duration" : 7704
        }
      }, {
        "uid" : "3db6c4f57af1d232",
        "reportUrl" : "https://Brain-up.github.io/auto-tests-python/612//#testresult/3db6c4f57af1d232",
        "status" : "passed",
        "statusDetails" : "XPASS",
        "time" : {
          "start" : 1751090434315,
          "stop" : 1751090442178,
          "duration" : 7863
        }
      }, {
        "uid" : "ac875a03b12c8e2a",
        "reportUrl" : "https://Brain-up.github.io/auto-tests-python/409//#testresult/ac875a03b12c8e2a",
        "status" : "passed",
        "statusDetails" : "XPASS",
        "time" : {
          "start" : 1751074174870,
          "stop" : 1751074182631,
          "duration" : 7761
        }
      }, {
        "uid" : "6e455410898ff173",
        "reportUrl" : "https://Brain-up.github.io/auto-tests-python/611//#testresult/6e455410898ff173",
        "status" : "passed",
        "statusDetails" : "XPASS",
        "time" : {
          "start" : 1751023512718,
          "stop" : 1751023529322,
          "duration" : 16604
        }
      }, {
        "uid" : "7a790cd4b2362553",
        "reportUrl" : "https://Brain-up.github.io/auto-tests-python/408//#testresult/7a790cd4b2362553",
        "status" : "passed",
        "statusDetails" : "XPASS",
        "time" : {
          "start" : 1750988108804,
          "stop" : 1750988116797,
          "duration" : 7993
        }
      }, {
        "uid" : "77490b606ca7937d",
        "reportUrl" : "https://Brain-up.github.io/auto-tests-python/610//#testresult/77490b606ca7937d",
        "status" : "passed",
        "statusDetails" : "XPASS",
        "time" : {
          "start" : 1750932824122,
          "stop" : 1750932831704,
          "duration" : 7582
        }
      }, {
        "uid" : "e6e482a5b5236a7b",
        "reportUrl" : "https://Brain-up.github.io/auto-tests-python/407//#testresult/e6e482a5b5236a7b",
        "status" : "passed",
        "statusDetails" : "XPASS",
        "time" : {
          "start" : 1750901387536,
          "stop" : 1750901397342,
          "duration" : 9806
        }
      } ]
    },
    "tags" : [ "@pytest.mark.xfail" ]
  },
  "source" : "ba2b7e207ac63608.json",
  "parameterValues" : [ ]
}